<?xml version="1.0" encoding="UTF-8"?>
<testsuite name="advanced_Selenium.phantomjsTest" tests="1" skipped="0" failures="0" errors="0" timestamp="2017-02-19T12:28:22" hostname="tastypotinc.private" time="46.552">
  <properties/>
  <testcase name="testPhantomJSDriver" classname="advanced_Selenium.phantomjsTest" time="46.552"/>
  <system-out><![CDATA[04:28:32.142 [Forwarding newSession on session null to remote] DEBUG org.apache.http.client.protocol.RequestAddCookies - CookieSpec selected: default
04:28:32.302 [Forwarding newSession on session null to remote] DEBUG org.apache.http.client.protocol.RequestAuthCache - Auth cache not set in the context
04:28:32.317 [Forwarding newSession on session null to remote] DEBUG org.apache.http.impl.conn.PoolingHttpClientConnectionManager - Connection request: [route: {}->http://localhost:27950][total kept alive: 0; route allocated: 0 of 2000; total allocated: 0 of 2000]
04:28:32.532 [Forwarding newSession on session null to remote] DEBUG org.apache.http.impl.conn.PoolingHttpClientConnectionManager - Connection leased: [id: 0][route: {}->http://localhost:27950][total kept alive: 0; route allocated: 1 of 2000; total allocated: 1 of 2000]
04:28:32.539 [Forwarding newSession on session null to remote] DEBUG org.apache.http.impl.execchain.MainClientExec - Opening connection {}->http://localhost:27950
04:28:32.544 [Forwarding newSession on session null to remote] DEBUG org.apache.http.impl.conn.DefaultHttpClientConnectionOperator - Connecting to localhost/127.0.0.1:27950
04:28:32.550 [Forwarding newSession on session null to remote] DEBUG org.apache.http.impl.conn.DefaultHttpClientConnectionOperator - Connection established 127.0.0.1:50808<->127.0.0.1:27950
04:28:32.550 [Forwarding newSession on session null to remote] DEBUG org.apache.http.impl.conn.DefaultManagedHttpClientConnection - http-outgoing-0: set socket timeout to 10800000
04:28:32.551 [Forwarding newSession on session null to remote] DEBUG org.apache.http.impl.execchain.MainClientExec - Executing request POST /session HTTP/1.1
04:28:32.551 [Forwarding newSession on session null to remote] DEBUG org.apache.http.impl.execchain.MainClientExec - Target auth state: UNCHALLENGED
04:28:32.555 [Forwarding newSession on session null to remote] DEBUG org.apache.http.impl.execchain.MainClientExec - Proxy auth state: UNCHALLENGED
04:28:32.559 [Forwarding newSession on session null to remote] DEBUG org.apache.http.headers - http-outgoing-0 >> POST /session HTTP/1.1
04:28:32.560 [Forwarding newSession on session null to remote] DEBUG org.apache.http.headers - http-outgoing-0 >> Content-Type: application/json; charset=utf-8
04:28:32.560 [Forwarding newSession on session null to remote] DEBUG org.apache.http.headers - http-outgoing-0 >> Content-Length: 234
04:28:32.561 [Forwarding newSession on session null to remote] DEBUG org.apache.http.headers - http-outgoing-0 >> Host: localhost:27950
04:28:32.561 [Forwarding newSession on session null to remote] DEBUG org.apache.http.headers - http-outgoing-0 >> Connection: Keep-Alive
04:28:32.562 [Forwarding newSession on session null to remote] DEBUG org.apache.http.headers - http-outgoing-0 >> User-Agent: Apache-HttpClient/4.5.2 (Java/1.8.0_121)
04:28:32.562 [Forwarding newSession on session null to remote] DEBUG org.apache.http.headers - http-outgoing-0 >> Accept-Encoding: gzip,deflate
04:28:32.563 [Forwarding newSession on session null to remote] DEBUG org.apache.http.wire - http-outgoing-0 >> "POST /session HTTP/1.1[\r][\n]"
04:28:32.564 [Forwarding newSession on session null to remote] DEBUG org.apache.http.wire - http-outgoing-0 >> "Content-Type: application/json; charset=utf-8[\r][\n]"
04:28:32.571 [Forwarding newSession on session null to remote] DEBUG org.apache.http.wire - http-outgoing-0 >> "Content-Length: 234[\r][\n]"
04:28:32.572 [Forwarding newSession on session null to remote] DEBUG org.apache.http.wire - http-outgoing-0 >> "Host: localhost:27950[\r][\n]"
04:28:32.573 [Forwarding newSession on session null to remote] DEBUG org.apache.http.wire - http-outgoing-0 >> "Connection: Keep-Alive[\r][\n]"
04:28:32.573 [Forwarding newSession on session null to remote] DEBUG org.apache.http.wire - http-outgoing-0 >> "User-Agent: Apache-HttpClient/4.5.2 (Java/1.8.0_121)[\r][\n]"
04:28:32.574 [Forwarding newSession on session null to remote] DEBUG org.apache.http.wire - http-outgoing-0 >> "Accept-Encoding: gzip,deflate[\r][\n]"
04:28:32.575 [Forwarding newSession on session null to remote] DEBUG org.apache.http.wire - http-outgoing-0 >> "[\r][\n]"
04:28:32.575 [Forwarding newSession on session null to remote] DEBUG org.apache.http.wire - http-outgoing-0 >> "{"capabilities":{"desiredCapabilities":{"browserName":"phantomjs","version":"","platform":"ANY"},"requiredCapabilities":null},"desiredCapabilities":{"browserName":"phantomjs","version":"","platform":"ANY"},"requiredCapabilities":null}"
04:28:32.591 [Forwarding newSession on session null to remote] DEBUG org.apache.http.wire - http-outgoing-0 << "HTTP/1.1 200 OK[\r][\n]"
04:28:32.605 [Forwarding newSession on session null to remote] DEBUG org.apache.http.wire - http-outgoing-0 << "Cache: no-cache[\r][\n]"
04:28:32.606 [Forwarding newSession on session null to remote] DEBUG org.apache.http.wire - http-outgoing-0 << "Content-Length: 534[\r][\n]"
04:28:32.606 [Forwarding newSession on session null to remote] DEBUG org.apache.http.wire - http-outgoing-0 << "Content-Type: application/json;charset=UTF-8[\r][\n]"
04:28:32.606 [Forwarding newSession on session null to remote] DEBUG org.apache.http.wire - http-outgoing-0 << "[\r][\n]"
04:28:32.606 [Forwarding newSession on session null to remote] DEBUG org.apache.http.wire - http-outgoing-0 << "{"sessionId":"ed2d6660-f69e-11e6-a414-872b36aae4a5","status":0,"value":{"browserName":"phantomjs","version":"2.1.1","driverName":"ghostdriver","driverVersion":"1.2.0","platform":"mac-unknown-64bit","javascriptEnabled":true,"takesScreenshot":true,"handlesAlerts":false,"databaseEnabled":false,"locationContextEnabled":false,"applicationCacheEnabled":false,"browserConnectionEnabled":false,"cssSelectorsEnabled":true,"webStorageEnabled":false,"rotatable":false,"acceptSslCerts":false,"nativeEvents":true,"proxy":{"proxyType":"direct"}}}"
04:28:32.608 [Forwarding newSession on session null to remote] DEBUG org.apache.http.headers - http-outgoing-0 << HTTP/1.1 200 OK
04:28:32.608 [Forwarding newSession on session null to remote] DEBUG org.apache.http.headers - http-outgoing-0 << Cache: no-cache
04:28:32.608 [Forwarding newSession on session null to remote] DEBUG org.apache.http.headers - http-outgoing-0 << Content-Length: 534
04:28:32.609 [Forwarding newSession on session null to remote] DEBUG org.apache.http.headers - http-outgoing-0 << Content-Type: application/json;charset=UTF-8
04:28:32.686 [Forwarding newSession on session null to remote] DEBUG org.apache.http.impl.execchain.MainClientExec - Connection can be kept alive indefinitely
04:28:32.731 [Forwarding newSession on session null to remote] DEBUG org.apache.http.impl.conn.PoolingHttpClientConnectionManager - Connection [id: 0][route: {}->http://localhost:27950] can be kept alive indefinitely
04:28:32.732 [Forwarding newSession on session null to remote] DEBUG org.apache.http.impl.conn.PoolingHttpClientConnectionManager - Connection released: [id: 0][route: {}->http://localhost:27950][total kept alive: 1; route allocated: 1 of 2000; total allocated: 1 of 2000]
04:28:32.889 [Forwarding get on session ed2d6660-f69e-11e6-a414-872b36aae4a5 to remote] DEBUG org.apache.http.client.protocol.RequestAddCookies - CookieSpec selected: default
04:28:32.890 [Forwarding get on session ed2d6660-f69e-11e6-a414-872b36aae4a5 to remote] DEBUG org.apache.http.client.protocol.RequestAuthCache - Auth cache not set in the context
04:28:32.891 [Forwarding get on session ed2d6660-f69e-11e6-a414-872b36aae4a5 to remote] DEBUG org.apache.http.impl.conn.PoolingHttpClientConnectionManager - Connection request: [route: {}->http://localhost:27950][total kept alive: 1; route allocated: 1 of 2000; total allocated: 1 of 2000]
04:28:32.892 [Forwarding get on session ed2d6660-f69e-11e6-a414-872b36aae4a5 to remote] DEBUG org.apache.http.impl.conn.PoolingHttpClientConnectionManager - Connection leased: [id: 0][route: {}->http://localhost:27950][total kept alive: 0; route allocated: 1 of 2000; total allocated: 1 of 2000]
04:28:32.900 [Forwarding get on session ed2d6660-f69e-11e6-a414-872b36aae4a5 to remote] DEBUG org.apache.http.impl.execchain.MainClientExec - Stale connection check
04:28:32.902 [Forwarding get on session ed2d6660-f69e-11e6-a414-872b36aae4a5 to remote] DEBUG org.apache.http.wire - http-outgoing-0 << "[read] I/O error: Read timed out"
04:28:32.903 [Forwarding get on session ed2d6660-f69e-11e6-a414-872b36aae4a5 to remote] DEBUG org.apache.http.impl.conn.DefaultManagedHttpClientConnection - http-outgoing-0: set socket timeout to 10800000
04:28:32.904 [Forwarding get on session ed2d6660-f69e-11e6-a414-872b36aae4a5 to remote] DEBUG org.apache.http.impl.execchain.MainClientExec - Executing request POST /session/ed2d6660-f69e-11e6-a414-872b36aae4a5/url HTTP/1.1
04:28:32.904 [Forwarding get on session ed2d6660-f69e-11e6-a414-872b36aae4a5 to remote] DEBUG org.apache.http.impl.execchain.MainClientExec - Target auth state: UNCHALLENGED
04:28:32.904 [Forwarding get on session ed2d6660-f69e-11e6-a414-872b36aae4a5 to remote] DEBUG org.apache.http.impl.execchain.MainClientExec - Proxy auth state: UNCHALLENGED
04:28:32.905 [Forwarding get on session ed2d6660-f69e-11e6-a414-872b36aae4a5 to remote] DEBUG org.apache.http.headers - http-outgoing-0 >> POST /session/ed2d6660-f69e-11e6-a414-872b36aae4a5/url HTTP/1.1
04:28:32.905 [Forwarding get on session ed2d6660-f69e-11e6-a414-872b36aae4a5 to remote] DEBUG org.apache.http.headers - http-outgoing-0 >> Content-Type: application/json; charset=utf-8
04:28:32.905 [Forwarding get on session ed2d6660-f69e-11e6-a414-872b36aae4a5 to remote] DEBUG org.apache.http.headers - http-outgoing-0 >> Content-Length: 32
04:28:32.905 [Forwarding get on session ed2d6660-f69e-11e6-a414-872b36aae4a5 to remote] DEBUG org.apache.http.headers - http-outgoing-0 >> Host: localhost:27950
04:28:32.905 [Forwarding get on session ed2d6660-f69e-11e6-a414-872b36aae4a5 to remote] DEBUG org.apache.http.headers - http-outgoing-0 >> Connection: Keep-Alive
04:28:32.906 [Forwarding get on session ed2d6660-f69e-11e6-a414-872b36aae4a5 to remote] DEBUG org.apache.http.headers - http-outgoing-0 >> User-Agent: Apache-HttpClient/4.5.2 (Java/1.8.0_121)
04:28:32.906 [Forwarding get on session ed2d6660-f69e-11e6-a414-872b36aae4a5 to remote] DEBUG org.apache.http.headers - http-outgoing-0 >> Accept-Encoding: gzip,deflate
04:28:32.906 [Forwarding get on session ed2d6660-f69e-11e6-a414-872b36aae4a5 to remote] DEBUG org.apache.http.wire - http-outgoing-0 >> "POST /session/ed2d6660-f69e-11e6-a414-872b36aae4a5/url HTTP/1.1[\r][\n]"
04:28:32.906 [Forwarding get on session ed2d6660-f69e-11e6-a414-872b36aae4a5 to remote] DEBUG org.apache.http.wire - http-outgoing-0 >> "Content-Type: application/json; charset=utf-8[\r][\n]"
04:28:32.906 [Forwarding get on session ed2d6660-f69e-11e6-a414-872b36aae4a5 to remote] DEBUG org.apache.http.wire - http-outgoing-0 >> "Content-Length: 32[\r][\n]"
04:28:32.906 [Forwarding get on session ed2d6660-f69e-11e6-a414-872b36aae4a5 to remote] DEBUG org.apache.http.wire - http-outgoing-0 >> "Host: localhost:27950[\r][\n]"
04:28:32.907 [Forwarding get on session ed2d6660-f69e-11e6-a414-872b36aae4a5 to remote] DEBUG org.apache.http.wire - http-outgoing-0 >> "Connection: Keep-Alive[\r][\n]"
04:28:32.907 [Forwarding get on session ed2d6660-f69e-11e6-a414-872b36aae4a5 to remote] DEBUG org.apache.http.wire - http-outgoing-0 >> "User-Agent: Apache-HttpClient/4.5.2 (Java/1.8.0_121)[\r][\n]"
04:28:32.907 [Forwarding get on session ed2d6660-f69e-11e6-a414-872b36aae4a5 to remote] DEBUG org.apache.http.wire - http-outgoing-0 >> "Accept-Encoding: gzip,deflate[\r][\n]"
04:28:32.907 [Forwarding get on session ed2d6660-f69e-11e6-a414-872b36aae4a5 to remote] DEBUG org.apache.http.wire - http-outgoing-0 >> "[\r][\n]"
04:28:32.907 [Forwarding get on session ed2d6660-f69e-11e6-a414-872b36aae4a5 to remote] DEBUG org.apache.http.wire - http-outgoing-0 >> "{"url":"http://www.nthu.edu.tw"}"
04:29:00.410 [Forwarding get on session ed2d6660-f69e-11e6-a414-872b36aae4a5 to remote] DEBUG org.apache.http.wire - http-outgoing-0 << "HTTP/1.1 200 OK[\r][\n]"
04:29:00.410 [Forwarding get on session ed2d6660-f69e-11e6-a414-872b36aae4a5 to remote] DEBUG org.apache.http.wire - http-outgoing-0 << "Cache: no-cache[\r][\n]"
04:29:00.410 [Forwarding get on session ed2d6660-f69e-11e6-a414-872b36aae4a5 to remote] DEBUG org.apache.http.wire - http-outgoing-0 << "Content-Length: 74[\r][\n]"
04:29:00.410 [Forwarding get on session ed2d6660-f69e-11e6-a414-872b36aae4a5 to remote] DEBUG org.apache.http.wire - http-outgoing-0 << "Content-Type: application/json;charset=UTF-8[\r][\n]"
04:29:00.410 [Forwarding get on session ed2d6660-f69e-11e6-a414-872b36aae4a5 to remote] DEBUG org.apache.http.wire - http-outgoing-0 << "[\r][\n]"
04:29:00.411 [Forwarding get on session ed2d6660-f69e-11e6-a414-872b36aae4a5 to remote] DEBUG org.apache.http.wire - http-outgoing-0 << "{"sessionId":"ed2d6660-f69e-11e6-a414-872b36aae4a5","status":0,"value":{}}"
04:29:00.411 [Forwarding get on session ed2d6660-f69e-11e6-a414-872b36aae4a5 to remote] DEBUG org.apache.http.headers - http-outgoing-0 << HTTP/1.1 200 OK
04:29:00.411 [Forwarding get on session ed2d6660-f69e-11e6-a414-872b36aae4a5 to remote] DEBUG org.apache.http.headers - http-outgoing-0 << Cache: no-cache
04:29:00.411 [Forwarding get on session ed2d6660-f69e-11e6-a414-872b36aae4a5 to remote] DEBUG org.apache.http.headers - http-outgoing-0 << Content-Length: 74
04:29:00.411 [Forwarding get on session ed2d6660-f69e-11e6-a414-872b36aae4a5 to remote] DEBUG org.apache.http.headers - http-outgoing-0 << Content-Type: application/json;charset=UTF-8
04:29:00.411 [Forwarding get on session ed2d6660-f69e-11e6-a414-872b36aae4a5 to remote] DEBUG org.apache.http.impl.execchain.MainClientExec - Connection can be kept alive indefinitely
04:29:00.412 [Forwarding get on session ed2d6660-f69e-11e6-a414-872b36aae4a5 to remote] DEBUG org.apache.http.impl.conn.PoolingHttpClientConnectionManager - Connection [id: 0][route: {}->http://localhost:27950] can be kept alive indefinitely
04:29:00.412 [Forwarding get on session ed2d6660-f69e-11e6-a414-872b36aae4a5 to remote] DEBUG org.apache.http.impl.conn.PoolingHttpClientConnectionManager - Connection released: [id: 0][route: {}->http://localhost:27950][total kept alive: 1; route allocated: 1 of 2000; total allocated: 1 of 2000]
04:29:00.416 [Forwarding getPageSource on session ed2d6660-f69e-11e6-a414-872b36aae4a5 to remote] DEBUG org.apache.http.client.protocol.RequestAddCookies - CookieSpec selected: default
04:29:00.416 [Forwarding getPageSource on session ed2d6660-f69e-11e6-a414-872b36aae4a5 to remote] DEBUG org.apache.http.client.protocol.RequestAuthCache - Auth cache not set in the context
04:29:00.417 [Forwarding getPageSource on session ed2d6660-f69e-11e6-a414-872b36aae4a5 to remote] DEBUG org.apache.http.impl.conn.PoolingHttpClientConnectionManager - Connection request: [route: {}->http://localhost:27950][total kept alive: 1; route allocated: 1 of 2000; total allocated: 1 of 2000]
04:29:00.417 [Forwarding getPageSource on session ed2d6660-f69e-11e6-a414-872b36aae4a5 to remote] DEBUG org.apache.http.impl.conn.PoolingHttpClientConnectionManager - Connection leased: [id: 0][route: {}->http://localhost:27950][total kept alive: 0; route allocated: 1 of 2000; total allocated: 1 of 2000]
04:29:00.417 [Forwarding getPageSource on session ed2d6660-f69e-11e6-a414-872b36aae4a5 to remote] DEBUG org.apache.http.impl.execchain.MainClientExec - Stale connection check
04:29:00.419 [Forwarding getPageSource on session ed2d6660-f69e-11e6-a414-872b36aae4a5 to remote] DEBUG org.apache.http.wire - http-outgoing-0 << "[read] I/O error: Read timed out"
04:29:00.419 [Forwarding getPageSource on session ed2d6660-f69e-11e6-a414-872b36aae4a5 to remote] DEBUG org.apache.http.impl.conn.DefaultManagedHttpClientConnection - http-outgoing-0: set socket timeout to 10800000
04:29:00.419 [Forwarding getPageSource on session ed2d6660-f69e-11e6-a414-872b36aae4a5 to remote] DEBUG org.apache.http.impl.execchain.MainClientExec - Executing request GET /session/ed2d6660-f69e-11e6-a414-872b36aae4a5/source HTTP/1.1
04:29:00.419 [Forwarding getPageSource on session ed2d6660-f69e-11e6-a414-872b36aae4a5 to remote] DEBUG org.apache.http.impl.execchain.MainClientExec - Target auth state: UNCHALLENGED
04:29:00.420 [Forwarding getPageSource on session ed2d6660-f69e-11e6-a414-872b36aae4a5 to remote] DEBUG org.apache.http.impl.execchain.MainClientExec - Proxy auth state: UNCHALLENGED
04:29:00.420 [Forwarding getPageSource on session ed2d6660-f69e-11e6-a414-872b36aae4a5 to remote] DEBUG org.apache.http.headers - http-outgoing-0 >> GET /session/ed2d6660-f69e-11e6-a414-872b36aae4a5/source HTTP/1.1
04:29:00.420 [Forwarding getPageSource on session ed2d6660-f69e-11e6-a414-872b36aae4a5 to remote] DEBUG org.apache.http.headers - http-outgoing-0 >> Cache-Control: no-cache
04:29:00.420 [Forwarding getPageSource on session ed2d6660-f69e-11e6-a414-872b36aae4a5 to remote] DEBUG org.apache.http.headers - http-outgoing-0 >> Host: localhost:27950
04:29:00.420 [Forwarding getPageSource on session ed2d6660-f69e-11e6-a414-872b36aae4a5 to remote] DEBUG org.apache.http.headers - http-outgoing-0 >> Connection: Keep-Alive
04:29:00.420 [Forwarding getPageSource on session ed2d6660-f69e-11e6-a414-872b36aae4a5 to remote] DEBUG org.apache.http.headers - http-outgoing-0 >> User-Agent: Apache-HttpClient/4.5.2 (Java/1.8.0_121)
04:29:00.420 [Forwarding getPageSource on session ed2d6660-f69e-11e6-a414-872b36aae4a5 to remote] DEBUG org.apache.http.headers - http-outgoing-0 >> Accept-Encoding: gzip,deflate
04:29:00.420 [Forwarding getPageSource on session ed2d6660-f69e-11e6-a414-872b36aae4a5 to remote] DEBUG org.apache.http.wire - http-outgoing-0 >> "GET /session/ed2d6660-f69e-11e6-a414-872b36aae4a5/source HTTP/1.1[\r][\n]"
04:29:00.420 [Forwarding getPageSource on session ed2d6660-f69e-11e6-a414-872b36aae4a5 to remote] DEBUG org.apache.http.wire - http-outgoing-0 >> "Cache-Control: no-cache[\r][\n]"
04:29:00.420 [Forwarding getPageSource on session ed2d6660-f69e-11e6-a414-872b36aae4a5 to remote] DEBUG org.apache.http.wire - http-outgoing-0 >> "Host: localhost:27950[\r][\n]"
04:29:00.420 [Forwarding getPageSource on session ed2d6660-f69e-11e6-a414-872b36aae4a5 to remote] DEBUG org.apache.http.wire - http-outgoing-0 >> "Connection: Keep-Alive[\r][\n]"
04:29:00.421 [Forwarding getPageSource on session ed2d6660-f69e-11e6-a414-872b36aae4a5 to remote] DEBUG org.apache.http.wire - http-outgoing-0 >> "User-Agent: Apache-HttpClient/4.5.2 (Java/1.8.0_121)[\r][\n]"
04:29:00.421 [Forwarding getPageSource on session ed2d6660-f69e-11e6-a414-872b36aae4a5 to remote] DEBUG org.apache.http.wire - http-outgoing-0 >> "Accept-Encoding: gzip,deflate[\r][\n]"
04:29:00.421 [Forwarding getPageSource on session ed2d6660-f69e-11e6-a414-872b36aae4a5 to remote] DEBUG org.apache.http.wire - http-outgoing-0 >> "[\r][\n]"
04:29:00.437 [Forwarding getPageSource on session ed2d6660-f69e-11e6-a414-872b36aae4a5 to remote] DEBUG org.apache.http.wire - http-outgoing-0 << "HTTP/1.1 200 OK[\r][\n]"
04:29:00.437 [Forwarding getPageSource on session ed2d6660-f69e-11e6-a414-872b36aae4a5 to remote] DEBUG org.apache.http.wire - http-outgoing-0 << "Cache: no-cache[\r][\n]"
04:29:00.437 [Forwarding getPageSource on session ed2d6660-f69e-11e6-a414-872b36aae4a5 to remote] DEBUG org.apache.http.wire - http-outgoing-0 << "Content-Length: 46004[\r][\n]"
04:29:00.438 [Forwarding getPageSource on session ed2d6660-f69e-11e6-a414-872b36aae4a5 to remote] DEBUG org.apache.http.wire - http-outgoing-0 << "Content-Type: application/json;charset=UTF-8[\r][\n]"
04:29:00.438 [Forwarding getPageSource on session ed2d6660-f69e-11e6-a414-872b36aae4a5 to remote] DEBUG org.apache.http.wire - http-outgoing-0 << "[\r][\n]"
04:29:00.441 [Forwarding getPageSource on session ed2d6660-f69e-11e6-a414-872b36aae4a5 to remote] DEBUG org.apache.http.wire - http-outgoing-0 << "{"sessionId":"ed2d6660-f69e-11e6-a414-872b36aae4a5","status":0,"value":"<!DOCTYPE html><html class=\" js csstransitions\"><head>\n        <meta charset=\"utf-8\">\n        <title>[0xe5][0x9c][0x8b][0xe7][0xab][0x8b][0xe6][0xb8][0x85][0xe8][0x8f][0xaf][0xe5][0xa4][0xa7][0xe5][0xad][0xb8]</title>\n\n        <meta property=\"og:title\" content=\"[0xe5][0x9c][0x8b][0xe7][0xab][0x8b][0xe6][0xb8][0x85][0xe8][0x8f][0xaf][0xe5][0xa4][0xa7][0xe5][0xad][0xb8]\">\n        <meta property=\"og:url\" content=\"http://www.nthu.edu.tw/\">\n        <meta property=\"og:description\" content=\"[0xe5][0x9c][0x8b][0xe7][0xab][0x8b][0xe6][0xb8][0x85][0xe8][0x8f][0xaf][0xe5][0xa4][0xa7][0xe5][0xad][0xb8]-1909[0xe5][0xb9][0xb4][0xe4][0xbb][0xa5][0xe7][0xbe][0x8e][0xe5][0x9c][0x8b][0xe9][0x80][0x80][0xe9][0x82][0x84][0xe5][0xba][0x9a][0xe5][0xad][0x90][0xe8][0xb3][0xa0][0xe6][0xac][0xbe][0xef][0xbc][0x8c][0xe6][0x88][0x90][0xe7][0xab][0x8b][0xe6][0xb8][0xb8][0xe7][0xbe][0x8e][0xe5][0xad][0xb8][0xe5][0x8b][0x99][0xe8][0x99][0x95][0xe9][0x81][0xb8][0xe6][0xb4][0xbe][0xe5][0xad][0xb8][0xe7][0x94][0x9f][0xe7][0x95][0x99][0xe7][0xbe][0x8e][0xe3][0x80][0x82]1911[0xe5][0xb9][0xb4][0xe8][0xa8][0xad][0xe6][0xa0][0xa1][0xe7][0xa8][0xb1][0xe6][0xb8][0x85][0xe8][0x8f][0xaf][0xe5][0xad][0xb8][0xe5][0xa0][0x82][0xe3][0x80][0x82][0xe5][0xb9][0xbe][0xe7][0xb6][0x93][0xe6][0x88][0xb0][0xe4][0xba][0x82][0xef][0xbc][0x8c]1955[0xe5][0xb9][0xb4][0xe5][0xbe][0xa9][0xe6][0xa0][0xa1][0xe6][0x96][0xbc][0xe6][0x96][0xb0][0xe7][0xab][0xb9][0xe3][0x80][0x82][0xe6][0xb8][0x85][0xe8][0x8f][0xaf][0xe5][0xa4][0xa7][0xe5][0xad][0xb8][0xe5][0xbe][0xa9][0xe6][0xa0][0xa1][0xe5][0x88][0x9d][0xe6][0x9c][0x9f][0xe9][0x87][0x8d][0xe9][0xbb][0x9e][0xe7][0x82][0xba][0xe5][0x8e][0x9f][0xe5][0xad][0x90][0xe7][0xa7][0x91][0xe5][0xad][0xb8][0xef][0xbc][0x8c][0xe5][0x85][0xb6][0xe5][0xbe][0x8c][0xe5][0x89][0x87][0xe6][0x93][0xb4][0xe5][0xb1][0x95][0xe8][0x87][0xb3][0xe7][0x90][0x86][0xe5][0xb7][0xa5][0xe6][0x96][0xb9][0xe9][0x9d][0xa2][0xef][0xbc][0x8c][0xe8][0xbf][0x91][0xe5][0x8d][0x81][0xe5][0xb9][0xbe][0xe5][0xb9][0xb4][0xe4][0xbe][0x86][0xe6][0x9b][0xb4][0xe7][0xa9][0x8d][0xe6][0xa5][0xb5][0xe7][0x99][0xbc][0xe5][0xb1][0x95][0xe4][0xba][0xba][0xe6][0x96][0x87][0xe7][0xa4][0xbe][0xe6][0x9c][0x83][0xe3][0x80][0x81][0xe7][0x94][0x9f][0xe5][0x91][0xbd][0xe7][0xa7][0x91][0xe5][0xad][0xb8][0xe3][0x80][0x81][0xe9][0x9b][0xbb][0xe6][0xa9][0x9f][0xe8][0xb3][0x87][0xe8][0xa8][0x8a][0xe8][0x88][0x87][0xe7][0xa7][0x91][0xe6][0x8a][0x80][0xe7][0xae][0xa1][0xe7][0x90][0x86][0xef][0xbc][0x9b][0xe6][0xbc][0xb8][0xe6][0xbc][0xb8][0xe5][0x9c][0xb0][0xef][0xbc][0x8c][0xe6][0xb8][0x85][0xe8][0x8f][0xaf][0xe5][0xb7][0xb2][0xe6][0x88][0x90][0xe7][0x82][0xba][0xe4][0xb8][0x80][0xe6][0x96][0x87][0xe3][0x80][0x81][0xe7][0x90][0x86][0xe3][0x80][0x81][0xe5][0xb7][0xa5][0xe5][0x9d][0x87][0xe8][0xa1][0xa1][0xe7][0x99][0xbc][0xe5][0xb1][0x95][0xe7][0x9a][0x84][0xe5][0xad][0xb8][0xe5][0xba][0x9c][0xe3][0x80][0x82][0xe7][0xa7][0x89][0xe6][0x8c][0x81][0xe3][0x80][0x8c][0xe8][0x87][0xaa][0xe5][0xbc][0xb7][0xe4][0xb8][0x8d][0xe6][0x81][0xaf][0xef][0xbc][0x8c][0xe5][0x8e][0x9a][0xe5][0xbe][0xb7][0xe8][0xbc][0x89][0xe7][0x89][0xa9][0xe3][0x80][0x8d][0xe6][0xa0][0xa1][0xe8][0xa8][0x93][0xef][0xbc][0x8c][0xe8][0x87][0xb4][0xe5][0x8a][0x9b][0xe5][0x9f][0xb9][0xe8][0x82][0xb2][0xe5][0xbe][0xb7][0xe3][0x80][0x81][0xe6][0x99][0xba][0xe3][0x80][0x81][0xe9][0xab][0x94][0xe3][0x80][0x81][0xe7][0xbe][0xa4][0xe3][0x80][0x81][0xe7][0xbe][0x8e][0xe4][0xba][0x94][0xe8][0x82][0xb2][0xe5][0x85][0xbc][0xe5][0x84][0xaa][0xef][0xbc][0x8c][0xe5][0x85][0xbc][0xe5][0x85][0xb7][0xe7][0xa7][0x91][0xe5][0xad][0xb8][0xe8][0x88][0x87][0xe4][0xba][0xba][0xe6][0x96][0x87][0xe7][0xb4][0xa0][0xe9][0xa4][0x8a][0xe7][0x9a][0x84][0xe9][0xa0][0x98][0xe5][0xb0][0x8e][0xe8][0x80][0x85][0xe5][0x92][0x8c][0xe7][0xa4][0xbe][0xe6][0x9c][0x83][0xe5][0x85][0xac][0xe6][0xb0][0x91][0xe3][0x80][0x82]\">\n        <meta property=\"og:image\" content=\"http://www.nthu.edu.tw/_img/NTHU-logo.png\">\n        <meta name=\"keywords\" content=\"National Tsing Hua University,[0xe5][0x9c][0x8b][0xe7][0xab][0x8b][0xe6][0xb8][0x85][0xe8][0x8f][0xaf][0xe5][0xa4][0xa7][0xe5][0xad][0xb8],[0xe6][0xb8][0x85][0xe8][0x8f][0xaf],[0xe6][0xb8][0x85][0xe5][0xa4][0xa7]\">\n        <meta name=\"description\" content=\"[0xe5][0x9c][0x8b][0xe7][0xab][0x8b][0xe6][0xb8][0x85][0xe8][0x8f][0xaf][0xe5][0xa4][0xa7][0xe5][0xad][0xb8]-1909[0xe5][0xb9][0xb4][0xe4][0xbb][0xa5][0xe7][0xbe][0x8e][0xe5][0x9c][0x8b][0xe9][0x80][0x80][0xe9][0x82][0x84][0xe5][0xba][0x9a][0xe5][0xad][0x90][0xe8][0xb3][0xa0][0xe6][0xac][0xbe][0xef][0xbc][0x8c][0xe6][0x88][0x90][0xe7][0xab][0x8b][0xe6][0xb8][0xb8][0xe7][0xbe][0x8e][0xe5][0xad][0xb8][0xe5][0x8b][0x99][0xe8][0x99][0x95][0xe9][0x81][0xb8][0xe6][0xb4][0xbe][0xe5][0xad][0xb8][0xe7][0x94][0x9f][0xe7][0x95][0x99][0xe7][0xbe][0x8e][0xe3][0x80][0x82]1911[0xe5][0xb9][0xb4][0xe8][0xa8][0xad][0xe6][0xa0][0xa1][0xe7][0xa8][0xb1][0xe6][0xb8][0x85][0xe8][0x8f][0xaf][0xe5][0xad][0xb8][0xe5][0xa0][0x82][0xe3][0x80][0x82][0xe5][0xb9][0xbe][0xe7][0xb6][0x93][0xe6][0x88][0xb0][0xe4][0xba][0x82][0xef][0xbc][0x8c]1955[0xe5][0xb9][0xb4][0xe5][0xbe][0xa9][0xe6][0xa0][0xa1][0xe6][0x96][0xbc][0xe6][0x96][0xb0][0xe7][0xab][0xb9][0xe3][0x80][0x82][0xe6][0xb8][0x85][0xe8][0x8f][0xaf][0xe5][0xa4][0xa7][0xe5][0xad][0xb8][0xe5][0xbe][0xa9][0xe6][0xa0][0xa1][0xe5][0x88][0x9d][0xe6][0x9c][0x9f][0xe9][0x87][0x8d][0xe9][0xbb][0x9e][0xe7][0x82][0xba][0xe5][0x8e][0x9f][0xe5][0xad][0x90][0xe7][0xa7][0x91][0xe5][0xad][0xb8][0xef][0xbc][0x8c][0xe5][0x85][0xb6][0xe5][0xbe][0x8c][0xe5][0x89][0x87][0xe6][0x93][0xb4][0xe5][0xb1][0x95][0xe8][0x87][0xb3][0xe7][0x90][0x86][0xe5][0xb7][0xa5][0xe6][0x96][0xb9][0xe9][0x9d][0xa2][0xef][0xbc][0x8c][0xe8][0xbf][0x91][0xe5][0x8d][0x81][0xe5][0xb9][0xbe][0xe5][0xb9][0xb4][0xe4][0xbe][0x86][0xe6][0x9b][0xb4][0xe7][0xa9][0x8d][0xe6][0xa5][0xb5][0xe7][0x99][0xbc][0xe5][0xb1][0x95][0xe4][0xba][0xba][0xe6][0x96][0x87][0xe7][0xa4][0xbe][0xe6][0x9c][0x83][0xe3][0x80][0x81][0xe7][0x94][0x9f][0xe5][0x91][0xbd][0xe7][0xa7][0x91][0xe5][0xad][0xb8][0xe3][0x80][0x81][0xe9][0x9b][0xbb][0xe6][0xa9][0x9f][0xe8][0xb3][0x87][0xe8][0xa8][0x8a][0xe8][0x88][0x87][0xe7][0xa7][0x91][0xe6][0x8a][0x80][0xe7][0xae][0xa1][0xe7][0x90][0x86][0xef][0xbc][0x9b][0xe6][0xbc][0xb8][0xe6][0xbc][0xb8][0xe5][0x9c][0xb0][0xef][0xbc][0x8c][0xe6][0xb8][0x85][0xe8][0x8f][0xaf][0xe5][0xb7][0xb2][0xe6][0x88][0x90][0xe7][0x82][0xba][0xe4][0xb8][0x80][0xe6][0x96][0x87][0xe3][0x80][0x81][0xe7][0x90][0x86][0xe3][0x80][0x81][0xe5][0xb7][0xa5][0xe5][0x9d][0x87][0xe8][0xa1][0xa1][0xe7][0x99][0xbc][0xe5][0xb1][0x95][0xe7][0x9a][0x84][0xe5][0xad][0xb8][0xe5][0xba][0x9c][0xe3][0x80][0x82][0xe7][0xa7][0x89][0xe6][0x8c][0x81][0xe3][0x80][0x8c][0xe8][0x87][0xaa][0xe5][0xbc][0xb7][0xe4][0xb8][0x8d][0xe6][0x81][0xaf][0xef][0xbc][0x8c][0xe5][0x8e][0x9a][0xe5][0xbe][0xb7][0xe8][0xbc][0x89][0xe7][0x89][0xa9][0xe3][0x80][0x8d][0xe6][0xa0][0xa1][0xe8][0xa8][0x93][0xef][0xbc][0x8c][0xe8][0x87][0xb4][0xe5][0x8a][0x9b][0xe5][0x9f][0xb9][0xe8][0x82][0xb2][0xe5][0xbe][0xb7][0xe3][0x80][0x81][0xe6][0x99][0xba][0xe3][0x80][0x81][0xe9][0xab][0x94][0xe3][0x80][0x81][0xe7][0xbe][0xa4][0xe3][0x80][0x81][0xe7][0xbe][0x8e][0xe4][0xba][0x94][0xe8][0x82][0xb2][0xe5][0x85][0xbc][0xe5][0x84][0xaa][0xef][0xbc][0x8c][0xe5][0x85][0xbc][0xe5][0x85][0xb7][0xe7][0xa7][0x91][0xe5][0xad][0xb8][0xe8][0x88][0x87][0xe4][0xba][0xba][0xe6][0x96][0x87][0xe7][0xb4][0xa0][0xe9][0xa4][0x8a][0xe7][0x9a][0x84][0xe9][0xa0][0x98][0xe5][0xb0][0x8e][0xe8][0x80][0x85][0xe5][0x92][0x8c][0xe7][0xa4][0xbe][0xe6][0x9c][0x83][0xe5][0x85][0xac][0xe6][0xb0][0x91][0xe3][0x80][0x82]\">\n\n        <meta name=\"viewport\" content=\"width=device-width, initial-scale=1.0\">\n<meta http-equiv=\"X-UA-Compatible\" content=\"IE=edge,Chrome=1\">\n<base href=\"http://www.nthu.edu.tw//public/\">\n<link rel=\"shortcut icon\" type=\"image/x-icon\" href=\"http://www.nthu.edu.tw/favicon-nthu.ico\"> <!--favicon.ico-->\n<!--GA-->\n<script async=\"\" src=\"https://www.google-analytics.com/analytics.js\"></script><script>\n  (function(i,s,o,g,r,a,m){i['GoogleAnalyticsObject']=r;i[r]=i[r]||function(){\n  (i[r].q=i[r].q||[]).push(arguments)},i[r].l=1*new Date();a=s.createElement(o),\n  m=s.getElementsByTagName(o)[0];a.async=1;a.src=g;m.parentNode.insertBefore(a,m)\n  })(window,document,'script','https://www.google-analytics.com/analytics.js','ga');\n\n  ga('create', 'UA-1517626-6', 'auto');\n  ga('send', 'pageview');\n\n</script>\n<!--GA-->\n\n\n<link href=\"style/reset.css\" rel=\"stylesheet\" type=\"text/css\">\n<link href=\"style/header.css\" rel=\"stylesheet\" type=\"text/css\">\n<link href=\"style/footer.css\" rel=\"stylesheet\" type=\"text/css\">\n\n<!--js-->\n\n<script src=\"js/jquery-1.8.2.min.js\" type=\"text/javascript\"></script>\n<script src=\"js/CreateHTML5Elements.js\" type=\"text/javascript\"></script>\n<script src=\"js/jquery.easing.1.3.js\" type=\"text/javascript\"></script>\n<script src=\"js/modernizr.custom.js\" type=\"text/javascript\"></script>\n<script src=\"js/jquery-ui-1.10.1.custom.min.js\" type=\"text/javascript\"></script>\n<script src=\"js/custom.js\" type=\"text/javascript\"></script>\n<noscript>[0xe4][0xbb][0xa5][0xe4][0xb8][0x8a][0xe5][0x85][0xad][0xe5][0x80][0x8b]Script[0xe5][0x8a][0x9f][0xe8][0x83][0xbd][0xe6][0x8f][0x90][0xe4][0xbe][0x9b][0xe5][0x9f][0xba][0xe6][0x9c][0xac][0xe9][0x81][0x8b][0xe4][0xbd][0x9c][0xe5][0x8a][0x9f][0xe8][0x83][0xbd][0xef][0xbc][0x8c][0xe8][0x8b][0xa5][0xe6][0x82][0xa8][0xe7][0x9a][0x84][0xe7][0x80][0x8f][0xe8][0xa6][0xbd][0xe5][0x99][0xa8][0xe4][0xb8][0x8d][0xe6][0x94][0xaf][0xe6][0x8f][0xb4][0xe6][0xad][0xa4][0xe9][0xa0][0x85][0xe5][0x8a][0x9f][0xe8][0x83][0xbd][0xef][0xbc][0x8c][0xe4][0xb9][0x9f][0xe4][0xb8][0x8d][0xe5][0xbd][0xb1][0xe9][0x9f][0xbf][0xe4][0xbd][0xa0][0xe9][0x96][0xb1][0xe8][0xae][0x80][0xe6][0x9c][0xac][0xe7][0xb6][0xb2][0xe7][0xab][0x99][0xe8][0xb3][0x87][0xe8][0xa8][0x8a][0xe3][0x80][0x82]</noscript>\n\n<!-- Menu -->\n\n<script src=\"js/jquery.meanmenu.js\"></script>\n<script>\n    jQuery(document).ready(function () {\n        jQuery('nav').meanmenu();\n    });\n</script>\n\n<!-- SEARCH -->\n\n<script type=\"text/javascript\">\n$(document).ready(function(){\n\t// search\n\t$('#searchBtn').click(function () {\n\t\t$('#searchForm').attr('action', '/searchUrl/index');\n\n\t\t$('#searchForm').attr('method', 'get');\n\t\t$('#searchForm').attr('target', '_blank');\n\t\t$('#searchForm').submit();\n\t})\n});\n</script>\n\n<noscript>[0xe6][0x9c][0xac]Script[0xe5][0x8a][0x9f][0xe8][0x83][0xbd][0xe6][0x8f][0x90][0xe4][0xbe][0x9b][0xe9][0x81][0xb8][0xe5][0x96][0xae][0xe5][0x8a][0x9f][0xe8][0x83][0xbd][0xef][0xbc][0x8c][0xe8][0x8b][0xa5][0xe6][0x82][0xa8][0xe7][0x9a][0x84][0xe7][0x80][0x8f][0xe8][0xa6][0xbd][0xe5][0x99][0xa8][0xe4][0xb8][0x8d][0xe6][0x94][0xaf][0xe6][0x8f][0xb4][0xe6][0xad][0xa4][0xe9][0xa0][0x85][0xe5][0x8a][0x9f][0xe8][0x83][0xbd][0xef][0xbc][0x8c][0xe4][0xb9][0x9f][0xe4][0xb8][0x8d][0xe5][0xbd][0xb1][0xe9][0x9f][0xbf][0xe4][0xbd][0xa0][0xe9][0x96][0xb1][0xe8][0xae][0x80][0xe6][0x9c][0xac][0xe7][0xb6][0xb2][0xe7][0xab][0x99][0xe8][0xb3][0x87][0xe8][0xa8][0x8a][0xe3][0x80][0x82]</noscript>\n\n<!--[0xe6][0x94][0xb6][0xe5][0x90][0x88]-->\n<script type=\"text/javascript\">\n    function carrousel_show_cover(id) {\n        $(\"#hide_text_\" + id).slideToggle(100);\n    }\n\n    function carrousel_hide_cover(id) {\n        $(\"#hide_text_\" + id).hide(10);\n    }\n</script>\n\n<script src=\"js/nthu.js\"></script>        <link href=\"style/index.css\" rel=\"stylesheet\" type=\"text/css\">\n\n        <!-- FlexSlider -->\n        <script defer=\"\" src=\"js/jquery.flexslider.js\"></script>\n        <script type=\"text/javascript\">\n            $(window).load(function () {\n                $('.flexslider').flexslider({\n                    animation: \"slide\"\n                });\n            });\n        </script>\n        <noscript>[0xe6][0x9c][0xac]Script[0xe5][0x8a][0x9f][0xe8][0x83][0xbd][0xe6][0x8f][0x90][0xe4][0xbe][0x9b][0xe5][0xbb][0xa3][0xe5][0x91][0x8a][0xe8][0xbc][0xaa][0xe6][0x92][0xad][0xe5][0x8a][0x9f][0xe8][0x83][0xbd][0xef][0xbc][0x8c][0xe8][0x8b][0xa5][0xe6][0x82][0xa8][0xe7][0x9a][0x84][0xe7][0x80][0x8f][0xe8][0xa6][0xbd][0xe5][0x99][0xa8][0xe4][0xb8][0x8d][0xe6][0x94][0xaf][0xe6][0x8f][0xb4][0xe6][0xad][0xa4][0xe9][0xa0][0x85][0xe5][0x8a][0x9f][0xe8][0x83][0xbd][0xef][0xbc][0x8c][0xe4][0xb9][0x9f][0xe4][0xb8][0x8d][0xe5][0xbd][0xb1][0xe9][0x9f][0xbf][0xe4][0xbd][0xa0][0xe9][0x96][0xb1][0xe8][0xae][0x80][0xe6][0x9c][0xac][0xe7][0xb6][0xb2][0xe7][0xab][0x99][0xe8][0xb3][0x87][0xe8][0xa8][0x8a][0xe3][0x80][0x82]</noscript>\n\n        <!-- Flexisel -->\n        <script src=\"js/jquery.flexisel.js\"></script>\n        <noscript>[0xe6][0x9c][0xac]Script[0xe5][0x8a][0x9f][0xe8][0x83][0xbd][0xe6][0x8f][0x90][0xe4][0xbe][0x9b][0xe5][0xb0][0x8f][0xe5][0xbb][0xa3][0xe5][0x91][0x8a][0xe8][0xbc][0xaa][0xe6][0x92][0xad][0xe5][0x8a][0x9f][0xe8][0x83][0xbd][0xef][0xbc][0x8c][0xe8][0x8b][0xa5][0xe6][0x82][0xa8][0xe7][0x9a][0x84][0xe7][0x80][0x8f][0xe8][0xa6][0xbd][0xe5][0x99][0xa8][0xe4][0xb8][0x8d][0xe6][0x94][0xaf][0xe6][0x8f][0xb4][0xe6][0xad][0xa4][0xe9][0xa0][0x85][0xe5][0x8a][0x9f][0xe8][0x83][0xbd][0xef][0xbc][0x8c][0xe4][0xb9][0x9f][0xe4][0xb8][0x8d][0xe5][0xbd][0xb1][0xe9][0x9f][0xbf][0xe4][0xbd][0xa0][0xe9][0x96][0xb1][0xe8][0xae][0x80][0xe6][0x9c][0xac][0xe7][0xb6][0xb2][0xe7][0xab][0x99][0xe8][0xb3][0x87][0xe8][0xa8][0x8a][0xe3][0x80][0x82]</noscript>\n\n    </head>\n\n    <body class=\"mean-container\"><div class=\"mean-bar\"><a href=\"#nav\" class=\"meanmenu-reveal\" style=\"background:;color:;right:0;left:auto;\"><span></span><span></span><span></span></a><nav class=\"mean-nav\">\n\t<ul style=\"display: none;\">\n    \t<li><a href=\"/about\">[0xe8][0xaa][0x8d][0xe8][0xad][0x98][0xe6][0xb8][0x85][0xe8][0x8f][0xaf]</a></li><!--<i class=\"fa fa-angle-down\" aria-hidden=\"true\"></i>-->\n        <li><a href=\"/units/administrative\">[0xe8][0xa1][0x8c][0xe6][0x94][0xbf][0xe5][0x96][0xae][0xe4][0xbd][0x8d]</a></li><!--<i class=\"fa fa-angle-down\" aria-hidden=\"true\"></i>-->\n        <li><a href=\"/units/education\">[0xe6][0x95][0x99][0xe5][0xad][0xb8][0xe5][0x96][0xae][0xe4][0xbd][0x8d]</a></li><!--<i class=\"fa fa-angle-down\" aria-hidden=\"true\"></i>-->\n        <li><a href=\"/units/researchCenter\">[0xe7][0xa0][0x94][0xe7][0xa9][0xb6][0xe4][0xb8][0xad][0xe5][0xbf][0x83]</a></li><!--<i class=\"fa fa-angle-down\" aria-hidden=\"true\"></i>-->\n        <li><a href=\"http://www.lib.nthu.edu.tw/\" target=\"_blank\">[0xe5][0x9c][0x96][0xe6][0x9b][0xb8][0xe9][0xa4][0xa8]</a></li><!--<i class=\"fa fa-angle-down\" aria-hidden=\"true\"></i>-->\n        <li><a href=\"http://www.cc.nthu.edu.tw/bin/home.php\" target=\"_blank\">[0xe8][0xa8][0x88][0xe7][0xae][0x97][0xe6][0xa9][0x9f][0xe8][0x88][0x87][0xe9][0x80][0x9a][0xe8][0xa8][0x8a][0xe4][0xb8][0xad][0xe5][0xbf][0x83]</a></li><!--<i class=\"fa fa-angle-down\" aria-hidden=\"true\"></i>-->\n        <li><a href=\"http://admission.nthu.edu.tw/\" target=\"_blank\">[0xe6][0x8b][0x9b][0xe7][0x94][0x9f][0xe5][0xb0][0x88][0xe5][0x8d][0x80]</a></li>\n        <li><a href=\"https://www.ccxp.nthu.edu.tw/ccxp/INQUIRE/\" target=\"_blank\">[0xe6][0xa0][0xa1][0xe5][0x8b][0x99][0xe8][0xb3][0x87][0xe8][0xa8][0x8a][0xe7][0xb3][0xbb][0xe7][0xb5][0xb1]</a></li>\n        <li class=\"mean-last\"><a href=\"http://www.nhcue.edu.tw\" target=\"_blank\">[0xe5][0x8d][0x97][0xe5][0xa4][0xa7][0xe6][0xa0][0xa1][0xe5][0x8d][0x80]</a></li>\n    </ul>\n</nav></div>\n        <div class=\"weapper\">\n<header>\n\t<div class=\"container\">\n        <div class=\"logo\"><a href=\"/\"><img src=\"images/logo.png\" alt=\"[0xe5][0x9c][0x8b][0xe7][0xab][0x8b][0xe6][0xb8][0x85][0xe8][0x8f][0xaf][0xe5][0xa4][0xa7][0xe5][0xad][0xb8]logo\"></a></div>\n        <div class=\"top\">\n\t\t\n        \t<ul>\n\t\t\t\t<a href=\"/sitemap\" accesskey=\"U\" class=\"tab\" title=\"[0xe4][0xb8][0x8a][0xe6][0x96][0xb9][0xe9][0x81][0xb8][0xe5][0x96][0xae][0xe5][0x8d][0x80]\">:::</a>\n            \t<li>\n                \t<!-- -------------------------- { [0xe6][0x90][0x9c][0xe5][0xb0][0x8b][0xe5][0x8d][0x80] } -------------------------- -->\n                    <form name=\"searchForm\" id=\"searchForm\" method=\"get\" accept-charset=\"utf-8\">\n                        <div class=\"width-25\">\n                        \t<select id=\"type\" name=\"type\">\n                        \t  <option>Web</option>\n                              <option value=\"1\">People</option>\n                              <option value=\"2\">Offices</option>\n                        \t</select>\n                        </div>\n                        <div class=\"width-75 input\">\n                            <input name=\"q\" id=\"q\" type=\"text\" placeholder=\"search\"><input name=\"searchBtn\" id=\"searchBtn\" type=\"button\">\n                        </div>\n                    </form>\n                    <!-- -------------------------- { [0xe6][0x90][0x9c][0xe5][0xb0][0x8b][0xe5][0x8d][0x80] end } -------------------------- -->\n\n                    <div class=\"width-100 pull-right text\">\n                        <a href=\"/sitemap\">[0xe7][0xb6][0xb2][0xe7][0xab][0x99][0xe5][0xb0][0x8e][0xe8]"
04:29:00.445 [Forwarding getPageSource on session ed2d6660-f69e-11e6-a414-872b36aae4a5 to remote] DEBUG org.apache.http.headers - http-outgoing-0 << HTTP/1.1 200 OK
04:29:00.445 [Forwarding getPageSource on session ed2d6660-f69e-11e6-a414-872b36aae4a5 to remote] DEBUG org.apache.http.headers - http-outgoing-0 << Cache: no-cache
04:29:00.445 [Forwarding getPageSource on session ed2d6660-f69e-11e6-a414-872b36aae4a5 to remote] DEBUG org.apache.http.headers - http-outgoing-0 << Content-Length: 46004
04:29:00.445 [Forwarding getPageSource on session ed2d6660-f69e-11e6-a414-872b36aae4a5 to remote] DEBUG org.apache.http.headers - http-outgoing-0 << Content-Type: application/json;charset=UTF-8
04:29:00.446 [Forwarding getPageSource on session ed2d6660-f69e-11e6-a414-872b36aae4a5 to remote] DEBUG org.apache.http.impl.execchain.MainClientExec - Connection can be kept alive indefinitely
04:29:00.446 [Forwarding getPageSource on session ed2d6660-f69e-11e6-a414-872b36aae4a5 to remote] DEBUG org.apache.http.wire - http-outgoing-0 << "[0xa6][0xbd]</a> | \n                        <a href=\"http://ccc-nthudss.vm.nthu.edu.tw/\" target=\"_blank\">[0xe9][0x80][0x9a][0xe8][0xa8][0x8a][0xe9][0x8c][0x84]</a> | \n                        <a href=\"http://dgaa.web.nthu.edu.tw/files/11-1074-2942.php\" target=\"_blank\">[0xe8][0xa1][0x8c][0xe4][0xba][0x8b][0xe6][0x9b][0x86]</a> | \n                        <a href=\"http://dud.web.nthu.edu.tw/files/11-1675-9374.php?Lang=zh-tw\" target=\"_blank\">[0xe6][0x8d][0x90][0xe6][0xac][0xbe]</a> | \n                        <a href=\"http://nthu-en.web.nthu.edu.tw/bin/home.php\" target=\"_blank\">English</a>\n                    </div>\n                </li>\n                <li>\n                    <a href=\"/entrance/student\">[0xe5][0x9c][0xa8][0xe6][0xa0][0xa1][0xe7][0x94][0x9f]</a> | \n                    <a href=\"http://oga.nthu.edu.tw/\" target=\"_blank\">International Students</a> | \n                    <a href=\"http://gsa.web.nthu.edu.tw/files/11-1146-3222.php\" target=\"_blank\">[0xe5][0x83][0x91] [0xe7][0x94][0x9f]</a> | \n                    <a href=\"http://oga.nthu.edu.tw/cont.php?id=398&amp;m=m141&amp;mm=mm142&amp;tc=8&amp;lang=big5\" target=\"_blank\">[0xe9][0x99][0xb8]  [0xe7][0x94][0x9f]</a><span>|</span>\n                </li>\n\n                <li>\n                    <a href=\"/entrance/teacher\">[0xe6][0x95][0x99][0xe8][0x81][0xb7][0xe5][0x93][0xa1]</a> | \n                    <a href=\"http://alumni.web.nthu.edu.tw/bin/home.php\" target=\"_blank\">[0xe6][0xa0][0xa1][0xe5][0x8f][0x8b]</a> | \n                    <a href=\"http://admission.nthu.edu.tw/\" target=\"_blank\">[0xe6][0x9c][0xaa][0xe4][0xbe][0x86][0xe5][0xad][0xb8][0xe7][0x94][0x9f]</a> | \n                    <a href=\"/entrance/visitor\">[0xe8][0xa8][0xaa] [0xe5][0xae][0xa2]</a> | \n                    <a href=\"http://www1.nthu.edu.tw/\" target=\"_blank\">[0xe8][0x88][0x8a][0xe7][0x89][0x88][0xe9][0xa6][0x96][0xe9][0xa0][0x81]</a>\n                </li>\n\n                <li>\n                    <a href=\"/hotNews\">[0xe9][0xa6][0x96][0xe9][0xa0][0x81][0xe6][0x95][0x85][0xe4][0xba][0x8b]</a> | \n                    <a href=\"/periodical\">[0xe6][0xb8][0x85][0xe8][0x8f][0xaf][0xe7][0xb0][0xa1][0xe8][0xa8][0x8a]</a> | \n                    <a href=\"/newsLetter\">NTHU Newsletter</a>\n                </li>\n\n                \n\n            </ul>\n        </div>\n    </div>\n</header>\n\n<section>\n<div class=\"container\">\n    <div class=\"mean-push\"></div><nav class=\"main_menu\" style=\"display: none;\">\n\t<ul>\n    \t<li><a href=\"/about\">[0xe8][0xaa][0x8d][0xe8][0xad][0x98][0xe6][0xb8][0x85][0xe8][0x8f][0xaf]</a></li><!--<i class=\"fa fa-angle-down\" aria-hidden=\"true\"></i>-->\n        <li><a href=\"/units/administrative\">[0xe8][0xa1][0x8c][0xe6][0x94][0xbf][0xe5][0x96][0xae][0xe4][0xbd][0x8d]</a></li><!--<i class=\"fa fa-angle-down\" aria-hidden=\"true\"></i>-->\n        <li><a href=\"/units/education\">[0xe6][0x95][0x99][0xe5][0xad][0xb8][0xe5][0x96][0xae][0xe4][0xbd][0x8d]</a></li><!--<i class=\"fa fa-angle-down\" aria-hidden=\"true\"></i>-->\n        <li><a href=\"/units/researchCenter\">[0xe7][0xa0][0x94][0xe7][0xa9][0xb6][0xe4][0xb8][0xad][0xe5][0xbf][0x83]</a></li><!--<i class=\"fa fa-angle-down\" aria-hidden=\"true\"></i>-->\n        <li><a href=\"http://www.lib.nthu.edu.tw/\" target=\"_blank\">[0xe5][0x9c][0x96][0xe6][0x9b][0xb8][0xe9][0xa4][0xa8]</a></li><!--<i class=\"fa fa-angle-down\" aria-hidden=\"true\"></i>-->\n        <li><a href=\"http://www.cc.nthu.edu.tw/bin/home.php\" target=\"_blank\">[0xe8][0xa8][0x88][0xe7][0xae][0x97][0xe6][0xa9][0x9f][0xe8][0x88][0x87][0xe9][0x80][0x9a][0xe8][0xa8][0x8a][0xe4][0xb8][0xad][0xe5][0xbf][0x83]</a></li><!--<i class=\"fa fa-angle-down\" aria-hidden=\"true\"></i>-->\n        <li><a href=\"http://admission.nthu.edu.tw/\" target=\"_blank\">[0xe6][0x8b][0x9b][0xe7][0x94][0x9f][0xe5][0xb0][0x88][0xe5][0x8d][0x80]</a></li>\n        <li><a href=\"https://www.ccxp.nthu.edu.tw/ccxp/INQUIRE/\" target=\"_blank\">[0xe6][0xa0][0xa1][0xe5][0x8b][0x99][0xe8][0xb3][0x87][0xe8][0xa8][0x8a][0xe7][0xb3][0xbb][0xe7][0xb5][0xb1]</a></li>\n        <li><a href=\"http://www.nhcue.edu.tw\" target=\"_blank\">[0xe5][0x8d][0x97][0xe5][0xa4][0xa7][0xe6][0xa0][0xa1][0xe5][0x8d][0x80]</a></li>\n    </ul>\n</nav>\n        <a href=\"\" accesskey=\"L\" class=\"tab\" title=\"[0xe4][0xb8][0xad][0xe9][0x96][0x93][0xe5][0x85][0xa7][0xe5][0xae][0xb9][0xe5][0x8d][0x80]\">:::</a>\n\n                    <!-- [0xe9][0xa6][0x96][0xe9][0xa0][0x81][0xe6][0x95][0x85][0xe4][0xba][0x8b] -->\n            <div class=\"slider\">\n                <div class=\"flexslider\">\n                    \n                <div class=\"flex-viewport\" style=\"overflow: hidden; position: relative;\"><ul class=\"slides\" style=\"width: 1400%; -webkit-transition: 0s; transition: 0s; -webkit-transform: translate3d(-380px, 0, 0);\"><li class=\"clone\" aria-hidden=\"true\" style=\"width: 380px; float: left; display: block;\"><a href=\"/hotNews/content/284\"><img src=\"/images/hnMain_148541201827.jpg\" alt=\"[0xe6][0x9c][0xac][0xe6][0xa0][0xa1][0xe3][0x80][0x8c][0xe9][0x81][0x8b][0xe5][0x8b][0x95][0xe7][0xb8][0xbe][0xe5][0x84][0xaa][0xe3][0x80][0x8d][0xe6][0x8b][0x9b][0xe7][0x94][0x9f] [0xe5][0x90][0x8d][0xe9][0xa1][0x8d][0xe5][0xa2][0x9e]6[0xe6][0x88][0x90]\" draggable=\"false\"><div>[0xe6][0x9c][0xac][0xe6][0xa0][0xa1][0xe3][0x80][0x8c][0xe9][0x81][0x8b][0xe5][0x8b][0x95][0xe7][0xb8][0xbe][0xe5][0x84][0xaa][0xe3][0x80][0x8d][0xe6][0x8b][0x9b][0xe7][0x94][0x9f] [0xe5][0x90][0x8d][0xe9][0xa1][0x8d][0xe5][0xa2][0x9e]6[0xe6][0x88][0x90]</div></a></li>\n<li style=\"width: 380px; float: left; display: block;\" class=\"flex-active-slide\"><a href=\"http://admission.nthu.edu.tw/\" target=\"_blank\"><img src=\"/images/hnMain_148541547087.JPG\" alt=\"[0xe7][0xab][0x99][0xe5][0x9c][0xa8][0xe6][0xb8][0x85][0xe8][0x8f][0xaf][0xe7][0x9a][0x84]"
04:29:00.450 [Forwarding getPageSource on session ed2d6660-f69e-11e6-a414-872b36aae4a5 to remote] DEBUG org.apache.http.wire - http-outgoing-0 << "[0xe8][0x82][0xa9][0xe8][0x86][0x80][0xe4][0xb8][0x8a][0xe5][0x9c][0x93][0xe5][0xa4][0xa2]    [0xe6][0xad][0xa1][0xe8][0xbf][0x8e][0xe9][0xab][0x98][0xe4][0xb8][0x89][0xe7][0x94][0x9f][0xe9][0x81][0xb8][0xe6][0x93][0x87][0xe6][0xb8][0x85][0xe8][0x8f][0xaf]\" draggable=\"false\"><div>[0xe7][0xab][0x99][0xe5][0x9c][0xa8][0xe6][0xb8][0x85][0xe8][0x8f][0xaf][0xe7][0x9a][0x84][0xe8][0x82][0xa9][0xe8][0x86][0x80][0xe4][0xb8][0x8a][0xe5][0x9c][0x93][0xe5][0xa4][0xa2]    [0xe6][0xad][0xa1][0xe8][0xbf][0x8e][0xe9][0xab][0x98][0xe4][0xb8][0x89][0xe7][0x94][0x9f][0xe9][0x81][0xb8][0xe6][0x93][0x87][0xe6][0xb8][0x85][0xe8][0x8f][0xaf]</div></a></li>\n                                                    <li style=\"width: 380px; float: left; display: block;\"><a href=\"/hotNews/content/325\"><img src=\"/images/hnMain_148723636049.jpg\" alt=\"[0xe7][0xa7][0x91][0xe6][0x8a][0x80][0xe5][0x8a][0xa0][0xe4][0xba][0xba][0xe6][0x96][0x87] [0xe6][0xb8][0x85][0xe8][0x8f][0xaf][0xe7][0xab][0xb9][0xe5][0xa4][0xa7][0xe5][0x90][0x88][0xe6][0xa0][0xa1][0xe6][0x8b][0x9b][0xe7][0x94][0x9f][0xe6][0x9b][0xb4][0xe5][0x8a][0xa0][0xe5][0x88][0x86]\" draggable=\"false\"><div>[0xe7][0xa7][0x91][0xe6][0x8a][0x80][0xe5][0x8a][0xa0][0xe4][0xba][0xba][0xe6][0x96][0x87] [0xe6][0xb8][0x85][0xe8][0x8f][0xaf][0xe7][0xab][0xb9][0xe5][0xa4][0xa7][0xe5][0x90][0x88][0xe6][0xa0][0xa1][0xe6][0x8b][0x9b][0xe7][0x94][0x9f][0xe6][0x9b][0xb4][0xe5][0x8a][0xa0][0xe5][0x88][0x86]</div></a></li>\n                                                    <li style=\"width: 380px; float: left; display: block;\"><a href=\"/hotNews/content/287\"><img src=\"/images/hnMain_148696890179.jpg\" alt=\"[0xe9][0xab][0x98][0xe4][0xb8][0x89][0xe5][0xad][0xb8][0xe7][0xbf][0x92][0xe4][0xb8][0x8d][0xe6][0x89][0x93][0xe7][0x83][0x8a] [0xe6][0x9c][0xac][0xe6][0xa0][0xa1][0xe3][0x80][0x8c][0xe6][0x94][0xbe][0xe5][0xbf][0x83][0xe5][0xad][0xb8][0xe9][0x9b][0xb2][0xe7][0xab][0xaf][0xe6][0x95][0x99][0xe5][0xae][0xa4][0xe3][0x80][0x8d][0xe5][0xb0][0x87][0xe9][0x96][0x8b][0xe7][0x9b][0xb4][0xe6][0x92][0xad]\" draggable=\"false\"><div>[0xe9][0xab][0x98][0xe4][0xb8][0x89][0xe5][0xad][0xb8][0xe7][0xbf][0x92][0xe4][0xb8][0x8d][0xe6][0x89][0x93][0xe7][0x83][0x8a] [0xe6][0x9c][0xac][0xe6][0xa0][0xa1][0xe3][0x80][0x8c][0xe6][0x94][0xbe][0xe5][0xbf][0x83][0xe5][0xad][0xb8][0xe9][0x9b][0xb2][0xe7][0xab][0xaf][0xe6][0x95][0x99][0xe5][0xae][0xa4][0xe3][0x80][0x8d][0xe5][0xb0][0x87][0xe9][0x96][0x8b][0xe7][0x9b][0xb4][0xe6][0x92][0xad]</div></a></li>\n                                                    <li style=\"width: 380px; float: left; display: block;\"><a href=\"/hotNews/content/285\"><img src=\"/images/hnMain_148541260958.jpg\" alt=\"[0xe9][0xab][0x98][0xe4][0xb8][0xad][0xe6][0x95][0x99][0xe5][0xb8][0xab][0xe6][0xb8][0x85][0xe8][0x8f][0xaf][0xe7][0x87][0x9f] [0xe9][0xa6][0x96][0xe5][0xba][0xa6][0xe5][0x8f][0x83][0xe8][0xa8][0xaa][0xe5][0x8d][0x97][0xe5][0xa4][0xa7][0xe6][0xa0][0xa1][0xe5][0x8d][0x80]\" draggable=\"false\"><div>[0xe9][0xab][0x98][0xe4][0xb8][0xad][0xe6][0x95][0x99][0xe5][0xb8][0xab][0xe6][0xb8][0x85][0xe8][0x8f][0xaf][0xe7][0x87][0x9f] [0xe9][0xa6][0x96][0xe5][0xba][0xa6][0xe5][0x8f][0x83][0xe8][0xa8][0xaa][0xe5][0x8d][0x97][0xe5][0xa4][0xa7][0xe6][0xa0][0xa1][0xe5][0x8d][0x80]</div></a></li>\n                                                    <li style=\"width: 380px; float: left; display: block;\"><a href=\"/hotNews/content/284\"><img src=\"/images/hnMain_148541201827.jpg\" alt=\"[0xe6][0x9c][0xac][0xe6][0xa0][0xa1][0xe3][0x80][0x8c][0xe9][0x81][0x8b][0xe5][0x8b][0x95][0xe7][0xb8][0xbe][0xe5][0x84][0xaa][0xe3][0x80][0x8d][0xe6][0x8b][0x9b][0xe7][0x94][0x9f] [0xe5][0x90][0x8d][0xe9][0xa1][0x8d][0xe5][0xa2][0x9e]6[0xe6][0x88][0x90]\" draggable=\"false\"><div>[0xe6][0x9c][0xac][0xe6][0xa0][0xa1][0xe3][0x80][0x8c][0xe9][0x81][0x8b][0xe5][0x8b][0x95][0xe7][0xb8][0xbe][0xe5][0x84][0xaa][0xe3][0x80][0x8d][0xe6][0x8b][0x9b][0xe7][0x94][0x9f] [0xe5][0x90][0x8d][0xe9][0xa1][0x8d][0xe5][0xa2][0x9e]6[0xe6][0x88][0x90]</div></a></li>\n                                            <li style=\"width: 380px; float: left; display: block;\" class=\"clone\" aria-hidden=\"true\"><a href=\"http://admission.nthu.edu.tw/\" target=\"_blank\"><img src=\"/images/hnMain_148541547087.JPG\" alt=\"[0xe7][0xab][0x99][0xe5][0x9c][0xa8][0xe6][0xb8][0x85][0xe8][0x8f][0xaf][0xe7][0x9a][0x84][0xe8][0x82][0xa9][0xe8][0x86][0x80][0xe4][0xb8][0x8a][0xe5][0x9c][0x93][0xe5][0xa4][0xa2]    [0xe6][0xad][0xa1][0xe8][0xbf][0x8e][0xe9][0xab][0x98][0xe4][0xb8][0x89][0xe7][0x94][0x9f][0xe9][0x81][0xb8][0xe6][0x93][0x87][0xe6][0xb8][0x85][0xe8][0x8f][0xaf]\" draggable=\"false\"><div>[0xe7][0xab][0x99][0xe5][0x9c][0xa8][0xe6][0xb8][0x85][0xe8][0x8f][0xaf][0xe7][0x9a][0x84][0xe8][0x82][0xa9][0xe8][0x86][0x80][0xe4][0xb8][0x8a][0xe5][0x9c][0x93][0xe5][0xa4][0xa2]    [0xe6][0xad][0xa1][0xe8][0xbf][0x8e][0xe9][0xab][0x98][0xe4][0xb8][0x89][0xe7][0x94][0x9f][0xe9][0x81][0xb8][0xe6][0x93][0x87][0xe6][0xb8][0x85][0xe8][0x8f][0xaf]</div></a></li></ul></div><ol class=\"flex-control-nav flex-control-paging\"><li><a class=\"flex-active\">1</a></li><li><a>2</a></li><li><a>3</a></li><li><a>4</a></li><li><a>5</a></li></ol><ul class=\"flex-direction-nav\"><li class=\"flex-nav-prev\"><a class=\"flex-prev\" href=\"#\">Previous</a></li><li class=\"flex-nav-next\"><a class=\"flex-next\" href=\"#\">Next</a></li></ul></div>\n            </div>\n            <!-- [0xe9][0xa6][0x96][0xe9][0xa0][0x81][0xe6][0x95][0x85][0xe4][0xba][0x8b] end -->\n        \n        <div class=\"width-100 main\">\n\n            \n                            <!-- [0xe5][0x8d][0x93][0xe8][0xb6][0x8a][0xe7][0x8d][0x8e][0xe9][0xa0][0x85] -->\n                <div>\n                    <h1>[0xe5][0x8d][0x93] [0xe8][0xb6][0x8a] [0xe7][0x8d][0x8e] [0xe9][0xa0][0x85]</h1>\n                    <ul>\n                                                    <li><a href=\"/award/content/109\">[0xe7][0x89][0xa9][0xe7][0x90][0x86][0xe7][0xb3][0xbb][0xe6][0x9e][0x9c][0xe5][0xb0][0x9a][0xe5][0xbf][0x97][0xe6][0x95][0x99][0xe6][0x8e][0x88][0xe6][0xa6][0xae][0xe7][0x8d][0xb2][0xe4][0xbe][0xaf][0xe9][0x87][0x91][0xe5][0xa0][0x86][0xe5][0x82][0x91][0xe5][0x87][0xba][0xe6][0xa6][0xae][0xe8][0xad][0xbd][0xe7][0x8d][0x8e]</a></li>\n                                                    <li><a href=\"/award/content/108\">[0xe5][0xb7][0xa5][0xe5][0xb7][0xa5][0xe7][0xb3][0xbb][0xe7][0xb0][0xa1][0xe7][0xa6][0x8e][0xe5][0xaf][0x8c][0xe6][0x95][0x99][0xe6][0x8e][0x88][0xe6][0xa6][0xae][0xe7][0x8d][0xb2][0xe8][0xa1][0x8c][0xe6][0x94][0xbf][0xe9][0x99][0xa2][0xe5][0x82][0x91][0xe5][0x87][0xba][0xe7][0xa7][0x91][0xe6][0x8a][0x80][0xe8][0xb2][0xa2][0xe7][0x8d][0xbb][0xe7][0x8d][0x8e]</a></li>\n                                                    <li><a href=\"/award/content/107\">[0xe5][0x8c][0x96][0xe5][0xb7][0xa5][0xe7][0xb3][0xbb][0xe9][0x99][0xb3][0xe4][0xbf][0xa1][0xe6][0x96][0x87][0xe6][0x95][0x99][0xe6][0x8e][0x88][0xe6][0xa6][0xae][0xe7][0x8d][0xb2][0xe7][0xbe][0x8e][0xe5][0x9c][0x8b]TMS[0xe5][0xad][0xb8][0xe6][0x9c][0x83][0xef][0xbd][0xa2]2017[0xe5][0xb9][0xb4][0xe5][0x8a][0x9f][0xe8][0x83][0xbd][0xe6][0x80][0xa7][0xe6][0x9d][0x90][0xe6][0x96][0x99][0xe5][0x82][0x91][0xe5][0x87][0xba][0xe7][0xa7][0x91][0xe5][0xad][0xb8][0xe5][0xae][0xb6]/[0xe5][0xb7][0xa5][0xe7][0xa8][0x8b][0xe5][0xb8][0xab][0xe7][0x8d][0x8e][0xef][0xbd][0xa3]</a></li>\n                                                    <li><a href=\"/award/content/106\">[0xe5][0x8c][0x96][0xe5][0xb7][0xa5][0xe7][0xb3][0xbb][0xe9][0xbb][0x83][0xe6][0x8c][0xaf][0xe7][0x85][0x8c][0xe5][0x8a][0xa9][0xe7][0x90][0x86][0xe6][0x95][0x99][0xe6][0x8e][0x88][0xe6][0xa6][0xae][0xe7][0x8d][0xb2]2016[0xe5][0xb9][0xb4][0xe7][0x99][0xbe][0xe5][0xa4][0xa7][0xe7][0xa7][0x91][0xe6][0x8a][0x80][0xe7][0xa0][0x94][0xe7][0x99][0xbc][0xe7][0x8d][0x8e](R&amp;D 100 Awards)</a></li>\n                                                    <li><a href=\"/award/content/105\">[0xe7][0x94][0x9f][0xe7][0xa7][0x91][0xe9][0x99][0xa2][0xe6][0xb1][0x9f][0xe5][0xae][0x89][0xe4][0xb8][0x96][0xe9][0x99][0xa2][0xe9][0x95][0xb7][0xe7][0x95][0xb6][0xe9][0x81][0xb8]TWAS[0xe6][0x96][0xb0][0xe4][0xbb][0xbb][0xe9][0x99][0xa2][0xe5][0xa3][0xab]</a></li>\n                                                    <li><a href=\"/award/content/104\">[0xe5][0x8c][0x96][0xe5][0xad][0xb8][0xe7][0xb3][0xbb][0xe7][0x8e][0x8b][0xe7][0xb4][0xa0][0xe8][0x98][0xad][0xe6][0x95][0x99][0xe6][0x8e][0x88][0xe3][0x80][0x81][0xe7][0x89][0xa9][0xe7][0x90][0x86][0xe7][0xb3][0xbb][0xe9][0x83][0xad][0xe7][0x91][0x9e][0xe5][0xb9][0xb4][0xe6][0x95][0x99][0xe6][0x8e][0x88][0xe5][0x8f][0x8a][0xe9][0x9b][0xbb][0xe6][0xa9][0x9f][0xe7][0xb3][0xbb][0xe5][0xbc][0xb5][0xe6][0xad][0xa3][0xe5][0xb0][0x9a][0xe6][0x95][0x99][0xe6][0x8e][0x88][0xe6][0xa6][0xae][0xe7][0x8d][0xb2][0xe6][0x95][0x99][0xe8][0x82][0xb2][0xe9][0x83][0xa8][0xe7][0xac][0xac]20[0xe5][0xb1][0x86][0xe5][0x9c][0x8b][0xe5][0xae][0xb6][0xe8][0xac][0x9b][0xe5][0xba][0xa7]</a></li>\n                                                <a href=\"/award\">Read more</a>\n                    </ul>\n                </div>\n                <!-- [0xe5][0x8d][0x93][0xe8][0xb6][0x8a][0xe7][0x8d][0x8e][0xe9][0xa0][0x85] end -->\n            \n                            <!-- [0xe6][0xb8][0x85][0xe8][0x8f][0xaf][0xe6][0x96][0xb0][0xe8][0x81][0x9e] -->\n                <div>\n                    <h1>[0xe6][0xb8][0x85] [0xe8][0x8f][0xaf] [0xe6][0x96][0xb0] [0xe8][0x81][0x9e]</h1>\n                                            <div>\n                            <div class=\"width-28\"><img src=\"/images/news_148643185054.jpg\" alt=\"[0xe6][0xb8][0x85][0xe8][0x8f][0xaf][0xe3][0x80][0x8c][0xe9][0x81][0x8b][0xe5]"
04:29:00.451 [Forwarding getPageSource on session ed2d6660-f69e-11e6-a414-872b36aae4a5 to remote] DEBUG org.apache.http.wire - http-outgoing-0 << "[0x8b][0x95][0xe7][0xb8][0xbe][0xe5][0x84][0xaa][0xe3][0x80][0x8d][0xe6][0x8b][0x9b][0xe7][0x94][0x9f] [0xe5][0x90][0x8d][0xe9][0xa1][0x8d][0xe5][0xa2][0x9e]6[0xe6][0x88][0x90] \"></div>\n                            <div class=\"width-72\">\n                                <p class=\"fontsize18\">[0xe6][0xb8][0x85][0xe8][0x8f][0xaf][0xe3][0x80][0x8c][0xe9][0x81][0x8b][0xe5][0x8b][0x95][0xe7][0xb8][0xbe][0xe5][0x84][0xaa][0xe3][0x80][0x8d][0xe6][0x8b][0x9b][0xe7][0x94][0x9f] [0xe5][0x90][0x8d][0xe9][0xa1][0x8d][0xe5][0xa2][0x9e]6[0xe6][0x88][0x90] </p>\n                                <p>&nbsp;[0xe5][0x9c][0x8b][0xe7][0xab][0x8b][0xe6][0xb8][0x85][0xe8][0x8f][0xaf][0xe5][0xa4][0xa7][0xe5][0xad][0xb8]106[0xe5][0xad][0xb8][0xe5][0xb9][0xb4][0xe5][0xba][0xa6][0xe6][0x93][0xb4][0xe5][0xa4][0xa7][0xe3][0x80][0x8c][0xe9][0x81][0x8b][0xe5][0x8b][0x95][0xe7][0xb8][0xbe][0xe5][0x84][0xaa][0xe3][0x80][0x8d][0xe6][0x8b][0x9b][0xe7][0x94][0x9f][0xef][0xbc][0x8c][0xe5][0x90][0x8d][0xe9][0xa1][0x8d][0xe7][0x94][0xb1][0xe5][0x89][0x8d][0xe4][0xb8][0x80][0xe5][0xad][0xb8][0xe5][0xb9][0xb4][0xe7][0x9a][0x84]18[0xe5][0x90][0x8d][0xe5][0xa2][0x9e][0xe5][0x8a][0xa0][0xe5][0x88][0xb0]31...<a href=\"http://secretary.web.nthu.edu.tw/files/15-1160-113523,c8330-1.php?Lang=zh-tw\" target=\"_blank\">Read more</a></p>\n                            </div>\n                        </div>\n                                            <div>\n                            <div class=\"width-28\"><img src=\"/images/news_148472791538.jpg\" alt=\"[0xe6][0xb8][0x85][0xe8][0x8f][0xaf][0xe9][0xa6][0x96][0xe6][0x8b][0x9b][0xe5][0xa4][0xa9][0xe6][0x96][0x87][0xe7][0x89][0xa9][0xe7][0x90][0x86][0xe7][0xb5][0x84] [0xe8][0x99][0x9f][0xe5][0x8f][0xac][0xe9][0xab][0x98][0xe4][0xb8][0xad][0xe7][0x94][0x9f][0xe6][0x8e][0xa2][0xe7][0xb4][0xa2][0xe5][0xae][0x87][0xe5][0xae][0x99]\"></div>\n                            <div class=\"width-72\">\n                                <p class=\"fontsize18\">[0xe6][0xb8][0x85][0xe8][0x8f][0xaf][0xe9][0xa6][0x96][0xe6][0x8b][0x9b][0xe5][0xa4][0xa9][0xe6][0x96][0x87][0xe7][0x89][0xa9][0xe7][0x90][0x86][0xe7][0xb5][0x84] [0xe8][0x99][0x9f][0xe5][0x8f][0xac][0xe9][0xab][0x98][0xe4][0xb8][0xad][0xe7][0x94][0x9f][0xe6][0x8e][0xa2][0xe7][0xb4][0xa2][0xe5][0xae][0x87][0xe5][0xae][0x99]</p>\n                                <p>&nbsp;[0xe6][0x9c][0x89][0xe4][0xba][0x9b][0xe5][0xad][0xb8][0xe7][0x94][0x9f][0xe5][0xbe][0x9e][0xe5][0xb0][0x8f][0xe5][0xb0][0xb1][0xe5][0xb0][0x8d][0xe5][0xa4][0xa9][0xe6][0x96][0x87][0xe8][0x91][0x97][0xe8][0xbf][0xb7][0xef][0xbc][0x8c][0xe7][0xab][0x8b][0xe5][0xbf][0x97][0xe8][0xa6][0x81][0xe6][0x8e][0xa2][0xe7][0xb4][0xa2][0xe5][0xae][0x87][0xe5][0xae][0x99][0xef][0xbc][0x8c][0xe4][0xbd][0x86][0xe5][0x9c][0x8b][0xe5][0x85][0xa7][0xe5][0xa4][0xa7][0xe5][0xad][0xb8][0xe5][0x8d][0xbb][0xe6][0xb2][0x92][0xe6][0x9c][0x89][0xe5][0xb0][0x88][0xe9][0x96][0x80][0xe7][0x9a][0x84][0xe5][0xa4][0xa9][0xe6][0x96][0x87][0xe7][0xb3][0xbb][0xef][0xbc][0x8c]...<a href=\"http://secretary.web.nthu.edu.tw/files/15-1160-113147,c8330-1.php?Lang=zh-tw\" target=\"_blank\">Read more</a></p>\n                            </div>\n                        </div>\n                                            <div>\n                            <div class=\"width-28\"><img src=\"/images/news_148472787696.jpg\" alt=\"[0xe5][0xbe][0xa9][0xe5][0x81][0xa5][0xe7][0xa5][0x9e][0xe5][0x99][0xa8][0xef][0xbc][0x81][0xe6][0xb8][0x85][0xe8][0x8f][0xaf][0xe7][0xa9][0xbf][0xe6][0x88][0xb4][0xe5][0xbc][0x8f][0xe6][0xa9][0x9f][0xe5][0x99][0xa8][0xe4][0xba][0xba][0xe8][0xbc][0x94][0xe5][0x85][0xb7][0xe5][0xb9][0xab][0xe4][0xb8][0xad][0xe9][0xa2][0xa8][0xe6][0x82][0xa3][0xe8][0x80][0x85][0xe7][0x8d][0xb2]...\"></div>\n                            <div class=\"width-72\">\n                                <p class=\"fontsize18\">[0xe5][0xbe][0xa9][0xe5][0x81][0xa5][0xe7][0xa5][0x9e][0xe5][0x99][0xa8][0xef][0xbc][0x81][0xe6][0xb8][0x85][0xe8][0x8f][0xaf][0xe7][0xa9][0xbf][0xe6][0x88][0xb4][0xe5][0xbc][0x8f][0xe6][0xa9][0x9f][0xe5][0x99][0xa8][0xe4][0xba][0xba][0xe8][0xbc][0x94][0xe5][0x85][0xb7][0xe5][0xb9][0xab][0xe4][0xb8][0xad][0xe9][0xa2][0xa8][0xe6][0x82][0xa3][0xe8][0x80][0x85][0xe7][0x8d][0xb2]...</p>\n                                <p>&nbsp;[0xe5][0xb0][0x87]5[0xe6][0xa0][0xb9][0xe6][0x89][0x8b][0xe6][0x8c][0x87][0xe5][0xa5][0x97][0xe4][0xb8][0x8a][0xe7][0x89][0xb9][0xe8][0xa3][0xbd][0xe7][0x9a][0x84][0xe6][0xa9][0x9f][0xe6][0xa2][0xb0][0xe6][0x89][0x8b][0xef][0xbc][0x8c][0xe5][0x9c][0xa8][0xe6][0xa9][0x9f][0xe5][0x99][0xa8][0xe5][0xbc][0x95][0xe5][0xb0][0x8e][0xe4][0xb8][0x8b][0xef][0xbc][0x8c][0xe6][0x89][0x8b][0xe5][0x8f][0xaf][0xe9][0x9d][0x88][0xe6][0xb4][0xbb][0xe7][0x9a][0x84][0xe5][0x81][0x9a][0xe5][0x87][0xba][0xe9][0x96][0x8b][0xe5][0x90][0x88][0xe3][0x80][0x81][0xe6][0x8f][0xa1][0xe6][0x8b][0xb3][0xe3][0x80][0x81][0xe6][0xaf][0x94][0xe5][0x8a][0x83]...<a href=\"http://secretary.web.nthu.edu.tw/files/15-1160-112362,c8330-1.php?Lang=zh-tw\" target=\"_blank\">Read more</a></p>\n                            </div>\n                        </div>\n                                            <div>\n                            <div class=\"width-28\"><img src=\"/images/news_148152726063.jpg\" alt=\"[0xe3][0x80][0x8c][0xe6][0xa2][0x85][0xe3][0x80][0x8d][0xe4][0xb8][0x8d][0xe5][0x8b][0x9d][0xe6][0x94][0xb6] [0xe6][0xb8][0x85][0xe8][0x8f][0xaf][0xe6][0xa2][0x85][0xe5][0x9c][0x92][0xe5][0x86][0x8d][0xe6][0xa4][0x8d][0xe7][0x99][0xbe][0xe6][0xa3][0xb5][0xe6][0x96][0xb0][0xe6][0xa2][0x85]\"></div>\n                            <div class=\"width-72\">\n                                <p class=\"fontsize18\">[0xe3][0x80][0x8c][0xe6][0xa2][0x85][0xe3][0x80][0x8d][0xe4][0xb8][0x8d][0xe5][0x8b][0x9d][0xe6][0x94][0xb6] [0xe6][0xb8][0x85][0xe8][0x8f][0xaf][0xe6][0xa2][0x85][0xe5][0x9c][0x92][0xe5][0x86][0x8d][0xe6][0xa4][0x8d][0xe7][0x99][0xbe][0xe6][0xa3][0xb5][0xe6][0x96][0xb0][0xe6][0xa2][0x85]</p>\n                                <p>[0xe5][0x9c][0x8b][0xe7][0xab][0x8b][0xe6][0xb8][0x85][0xe8][0x8f][0xaf][0xe5][0xa4][0xa7][0xe5][0xad][0xb8][0xe3][0x80][0x8c][0xe6][0xa2][0x85][0xe5][0x9c][0x92][0xe3][0x80][0x8d][0xe7][0x82][0xba][0xe5][0x89][0x8d][0xe6][0xa0][0xa1][0xe9][0x95][0xb7][0xe6][0xa2][0x85][0xe8][0xb2][0xbd][0xe7][0x90][0xa6][0xe9][0x95][0xb7][0xe7][0x9c][0xa0][0xe4][0xb9][0x8b][0xe5][0x9c][0xb0][0xef][0xbc][0x8c][0xe5][0x9c][0x92][0xe5][0x85][0xa7][0xe9][0x81][0x8d][0xe6][0xa4][0x8d][0xe6][0xa2][0x85][0xe6][0xa8][0xb9][0xef][0xbc][0x8c][0xe6][0xaf][0x8f][0xe5][0xb9][0xb4][0xe6][0xa2][0x85][0xe8][0x8a][0xb1][0xe7][0x9b][0x9b][0xe9][0x96][0x8b][0xe5][0xad][0xa3][0xe7][0xaf][0x80][0xe5][0xb8][0xb8][0xe5][0x90][0xb8]...<a href=\"http://secretary.web.nthu.edu.tw/files/15-1160-111204,c8330-1.php?Lang=zh-tw\" target=\"_blank\">Read more</a></p>\n                            </div>\n                        </div>\n                                    </div>\n                <!-- [0xe6][0xb8][0x85][0xe8][0x8f][0xaf][0xe6][0x96][0xb0][0xe8][0x81][0x9e] end -->\n            \n                            <!-- [0xe5][0xbd][0xb1][0xe9][0x9f][0xb3][0xe6][0x96][0xb0][0xe8][0x81][0x9e] -->\n                <div>\n                    <h1>[0xe5][0xbd][0xb1] [0xe9][0x9f][0xb3] [0xe6][0x96][0xb0] [0xe8][0x81][0x9e]</h1>\n                                            <div class=\"width-100 video\">\n                            <div class=\"width-65\"><iframe width=\"560\" height=\"315\" src=\"https://www.youtube.com/embed/o36XuPef--c\" frameborder=\"0\" allowfullscreen=\"\" title=\"[0xe7][0xa7][0x91][0xe6][0x8a][0x80][0xe5][0x8a][0xa0][0xe4][0xba][0xba][0xe6][0x96][0x87] [0xe6][0xb8][0x85][0xe8][0x8f][0xaf][0xe7][0xab][0xb9][0xe5][0xa4][0xa7][0xe5][0x90][0x88][0xe6][0xa0][0xa1][0xe6][0x8b][0x9b][0xe7][0x94][0x9f][0xe6][0x9b][0xb4][0xe5][0x8a][0xa0][0xe5][0x88][0x86]\"></iframe></div>\n                            <div class=\"width-35\">\n                                <p class=\"fontsize18\">[0xe5][0x9c][0x8b][0xe7][0xab][0x8b][0xe6][0xb8][0x85][0xe8][0x8f][0xaf][0xe5][0xa4][0xa7][0xe5][0xad][0xb8][0xe8][0x88][0x87][0xe6][0x96][0xb0][0xe7][0xab][0xb9][0xe6][0x95][0x99][0xe8][0x82][0xb2][0xe5][0xa4][0xa7][0xe5][0xad][0xb8][0xe5][0x90][0x88][0xe6][0xa0][0xa1][0xe5][0xbe][0x8c][0xe6][0x96][0xbc][0xe4][0xbb][0x8a][0xe5][0xb9][0xb4][0xe9][0xa6][0x96][0xe5][0xba][0xa6][0xe6][0x8b][0x9b][0xe7][0x94][0x9f][0xef][0xbc][0x8c][0xe6][0xb8][0x85][0xe8][0x8f][0xaf][0xe5][0xbc][0xb7][0xe8][0xaa][0xbf][0xe7][0x9a][0x84][0xe8][0xb7][0xa8][0xe9][0xa0][0x98][0xe5][0x9f][0x9f][0xe9][0x9b][0x99][0xe5][0xb0][0x88][0xe9][0x95][0xb7][0xe7][0xb5][0x84][0xe5][0x90][0x88][0xef][0xbc][0x8c][0xe5][0xb0][0x87][0xe7][0x94][0xb1][0xe5][0x8e][0x9f][0xe4][0xbe][0x86][0xe7][0xb4][0x84]150[0xe7][0xa8][0xae][0xe5][0xa2][0x9e][0xe5][0x8a][0xa0][0xe5][0x88][0xb0]350[0xe7][0xa8][0xae][0xe4][0xbb][0xa5][0xe4][0xb8][0x8a][0xef][0xbc][0x8c][0xe6][0xb8][0x85][0xe8][0x8f][0xaf][0xe9][0x81][0x8e][0xe5][0x8e][0xbb][0xe5][0x85][0xa9][0xe5][0xb9][0xb4][0xe7][0x9a][0x84][0xe5][0xa4][0xa7][0xe5][0xad][0xb8][0xe9][0x83][0xa8][0xe7][0x95][0xa2][0xe6][0xa5][0xad][0xe7][0x94][0x9f][0xe5][0xb7][0xb2][0xe6][0x9c][0x89]2[0xe6][0x88][0x90][0xe5][0x85][0xb7][0xe9][0x9b][0x99][0xe5][0xb0][0x88][0xe9][0x95][0xb7][0xef][0xbc][0x8c][0xe7][0xa7][0x91][0xe6][0x8a][0x80][0xe5][0x8a][0xa0][0xe4][0xb8][0x8a][0xe8][0x97][0x9d][0xe8][0xa1][0x93][0xe4][0xba][0xba][0xe6][0x96][0x87][0xe7][0x9a][0x84][0xe6][0x96][0xb0][0xe5][0xb0][0x88][0xe9][0x95][0xb7][0xe7][0xb5][0x84][0xe5][0x90][0x88][0xef][0xbc][0x8c][0xe5][0xb0][0x87][0xe7][0x82][0xba][0xe6][0xb8][0x85][0xe8][0x8f][0xaf][0xe5][0xad][0xb8][0xe7][0x94][0x9f][0xe6][0x9c][0xaa][0xe4][0xbe][0x86][0xe5][0xb0][0xb1][0xe6][0xa5][0xad][0xe5][0x89][0xb5][0xe6][0xa5][0xad][0xe5][0x8a][0xa0][0xe5][0x80][0xbc][0xef][0xbc][0x9b][0xe6][0x9c][0x89][0xe4][0xbc][0x81][0xe6][0xa5][0xad][0xe5][0xae][0xb6][0xe5][0x8d][0x81][0xe5][0x88][0x86][0xe8][0xb4][0x8a][0xe5][0x90][0x8c][0xe6][0xb8][0x85][0xe8][0x8f][0xaf][0xe5][0x9f][0xb9][0xe8][0x82][0xb2]...</p>\n                            </div>\n                            <a href=\"http://nthunews.media.nthu.edu.tw/\" target=\"_blank\">Read more</a>\n                        </div>\n                                    </div>\n                <!-- [0xe5][0xbd][0xb1][0xe9][0x9f][0xb3][0xe6][0x96][0xb0][0xe8][0x81][0x9e] end -->\n            \n                            <!-- [0xe5][0xaa][0x92][0xe9]"
04:29:00.454 [Forwarding getPageSource on session ed2d6660-f69e-11e6-a414-872b36aae4a5 to remote] DEBUG org.apache.http.wire - http-outgoing-0 << "[0xab][0x94][0xe5][0xa0][0xb1][0xe5][0xb0][0x8e] -->\n                <div>\n                    <h1>[0xe5][0xaa][0x92] [0xe9][0xab][0x94] [0xe5][0xa0][0xb1] [0xe5][0xb0][0x8e]</h1>\n                    <ul>\n                                                    <li><a href=\"/mediaReport/content/151\">[0xe6][0xb8][0x85][0xe5][0xa4][0xa7][0xe3][0x80][0x81][0xe7][0xab][0xb9][0xe6][0x95][0x99][0xe5][0xa4][0xa7][0xe5][0x90][0x88][0xe4][0xbd][0xb5][0xe5][0xbe][0x8c] [0xe9][0x9b][0x99][0xe5][0xb0][0x88][0xe9][0x95][0xb7][0xe9][0x81][0xb8][0xe6][0x93][0x87][0xe6][0x9a][0xb4][0xe5][0xa2][0x9e][0xe8][0x87][0xb3]300[0xe5][0xa4][0x9a][0xe7][0xa8][0xae]</a></li>\n                                                    <li><a href=\"/mediaReport/content/150\">[0xe9][0xa0][0x82][0xe5][0xa4][0xa7][0xe5][0x94][0xaf][0xe4][0xb8][0x80][0xef][0xbc][0x81][0xe6][0xb8][0x85][0xe5][0xa4][0xa7][0xe3][0x80][0x8c][0xe7][0xab][0xb9][0xe5][0xb8][0xab][0xe6][0x95][0x99][0xe8][0x82][0xb2][0xe5][0xad][0xb8][0xe9][0x99][0xa2][0xe3][0x80][0x8d] [0xe5][0xb9][0xbc][0xe6][0x95][0x99][0xe5][0x88][0xb0][0xe4][0xb8][0xad][0xe5][0xad][0xb8][0xe5][0xae][0x8c][0xe6][0x95][0xb4][0xe5][0xb8][0xab][0xe5][0x9f][0xb9]</a></li>\n                                                    <li><a href=\"/mediaReport/content/149\">[0xe9][0xa0][0x82][0xe5][0xa4][0xa7][0xe5][0x94][0xaf][0xe4][0xb8][0x80][0xe5][0xae][0x8c][0xe6][0x95][0xb4][0xe5][0xb8][0xab][0xe5][0x9f][0xb9] [0xe6][0xb8][0x85][0xe5][0xa4][0xa7][0xe7][0xa5][0xad][0xe7][0x8d][0x8e][0xe5][0xad][0xb8][0xe9][0x87][0x91][0xe8][0x82][0xb2][0xe6][0x89][0x8d]</a></li>\n                                                    <li><a href=\"/mediaReport/content/148\">[0xe6][0xb8][0x85][0xe8][0x8f][0xaf][0xe7][0xab][0xb9][0xe6][0x95][0x99][0xe5][0xa4][0xa7][0xe5][0x90][0x88][0xe4][0xbd][0xb5][0xe9][0xa6][0x96][0xe6][0x8b][0x9b][0xe7][0x94][0x9f] [0xe5][0xb9][0xbc][0xe6][0x95][0x99][0xe5][0x8a][0xa0][0xe7][0xa7][0x91][0xe6][0x8a][0x80][0xe5][0x89][0xb5][0xe9][0x80][0xa0][0xe9][0x9b][0x99][0xe5][0xb0][0x88][0xe9][0x95][0xb7]</a></li>\n                                                    <li><a href=\"/mediaReport/content/147\">[0xe7][0xa7][0x91][0xe6][0x8a][0x80][0xe5][0x8a][0xa0][0xe4][0xba][0xba][0xe6][0x96][0x87] [0xe6][0xb8][0x85][0xe5][0xa4][0xa7][0xe3][0x80][0x81][0xe7][0xab][0xb9][0xe6][0x95][0x99][0xe4][0xbd][0xb5][0xe6][0xa0][0xa1][0xe5][0xbe][0x8c][0xe9][0xa6][0x96][0xe5][0xba][0xa6][0xe6][0x8b][0x9b][0xe7][0x94][0x9f]</a></li>\n                                                    <li><a href=\"/mediaReport/content/146\">[0xe9][0xa0][0x82][0xe6][0xa8][0x99][0xe7][0x94][0x9f][0xe5][0xbf][0xab][0xe6][0x8c][0x91][0xe6][0x88][0xb0][0xef][0xbc][0x81] [0xe7][0xab][0xb9][0xe5][0xb8][0xab][0xe6][0x95][0x99][0xe8][0x82][0xb2][0xe7][0x8d][0x8e][0xe5][0xad][0xb8][0xe9][0x87][0x91] 4[0xe5][0xb9][0xb4][0xe9][0xa0][0x98]40[0xe8][0x90][0xac]</a></li>\n                                                    <li><a href=\"/mediaReport/content/145\">[0xe5][0x90][0x88][0xe4][0xbd][0xb5][0xe5][0xbe][0x8c][0xe9][0xa6][0x96][0xe6][0x8b][0x9b][0xe7][0x94][0x9f][0xe3][0x80][0x80][0xe6][0xb8][0x85][0xe5][0xa4][0xa7][0xe4][0xb8][0xbb][0xe6][0x89][0x93][0xe8][0xb6][0x85][0xe9][0x81][0x8e]350[0xe7][0xa8][0xae][0xe9][0x9b][0x99][0xe5][0xb0][0x88][0xe9][0x95][0xb7][0xe7][0xb5][0x84][0xe5][0x90][0x88][0xe5][0x8f][0xaf][0xe9][0x81][0xb8][0xe6][0x93][0x87]</a></li>\n                                                    <li><a href=\"/mediaReport/content/144\">[0xe6][0xb8][0x85][0xe5][0xa4][0xa7][0xe4][0xbd][0xb5][0xe7][0xab][0xb9][0xe6][0x95][0x99][0xe5][0xa4][0xa7][0xe5][0xbe][0x8c][0xe5][0x88][0xa9][0xe5][0xa4][0x9a][0xef][0xbc][0x81][0xe9][0xa0][0x82][0xe6][0xa8][0x99][0xe9][0x8c][0x84][0xe5][0x8f][0x96][0xe6][0x95][0x99][0xe8][0x82][0xb2][0xe5][0xad][0xb8][0xe9][0x99][0xa2][0xe6][0x9c][0x80][0xe9][0xab][0x98][0xe9][0xa0][0x98]40[0xe8][0x90][0xac][0xe5][0x85][0x83]</a></li>\n                                                    <li><a href=\"/mediaReport/content/143\">[0xe5][0xb7][0xa5][0xe7][0xa8][0x8b][0xe9][0xa0][0x98][0xe5][0x9f][0x9f][0xe6][0xa2][0x81][0xe6][0xad][0xa3][0xe5][0xae][0x8f][0xe8][0xb7][0xa8][0xe8][0xb6][0xb3][0xe6][0x96][0x87][0xe5][0xad][0xb8][0xe3][0x80][0x80][0xe7][0x99][0xbc][0xe8][0xa1][0xa8][0xe5][0xa4][0xa2][0xe6][0x95][0xa3][0xe6][0x96][0x87][0xe9][0x9b][0x86]</a></li>\n                                                    <li><a href=\"/mediaReport/content/142\">[0xe5][0xa6][0x82][0xe6][0x9e][0x9c][0xe7][0xa8][0xae][0xe5][0xad][0x90][0xe6][0x9c][0x89][0xe5][0xa4][0xa2] [0xe5][0x8d][0x8a][0xe7][0x94][0x9f][0xe6][0x97][0xa5][0xe8][0xa8][0x98][0xe8][0xad][0x9c][0xe4][0xb8][0x80][0xe7][0x89][0x87][0xe5][0xa4][0xa2][0xe7][0x94][0xb0]</a></li>\n                                                <a href=\"/mediaReport\">Read more</a>\n                    </ul>\n                </div>\n                <!-- [0xe5][0xaa][0x92][0xe9][0xab][0x94][0xe5][0xa0][0xb1][0xe5][0xb0][0x8e] end -->\n            \n        </div>\n\n                    <!-- [0xe6][0xa0][0xa1][0xe5][0x85][0xa7][0xe6][0xb4][0xbb][0xe5][0x8b][0x95] -->\n            <div class=\"width-100\">\n                <h1>[0xe6][0xa0][0xa1] [0xe5][0x85][0xa7] [0xe6][0xb4][0xbb] [0xe5][0x8b][0x95]</h1>\n                <div class=\"nbs-flexisel-container\"><div class=\"nbs-flexisel-inner\"><ul id=\"flexiselDemo2\" class=\"nbs-flexisel-ul\" style=\"left: -350px; display: block;\">\n                                            <li class=\"nbs-flexisel-item\" style=\"width: 350px;\">\n                            <div>\n                                <a href=\"http://bulletin.web.nthu.edu.tw/files/14-1912-112336,r5085-1.php?Lang=zh-tw\" target=\"_blank\"><img src=\"/images/event_148299488974.jpg\" alt=\"[0xe3][0x80][0x90][0xe6][0xb8][0x85][0xe4][0xb8][0x80][0xe4][0xb8][0x8b][0xe3][0x80][0x91][0xe6][0xb8][0x85][0xe8][0x8f][0xaf][0xe5][0xbd][0xb1][0xe9][0x9f][0xb3][0xe6][0x96][0xb0][0xe8][0x81][0x9e][0xe5][0xb9][0xb3][0xe5][0x8f][0xb0][0xe5][0xbe][0xb5][0xe6][0xb1][0x82][0xe6][0xa0][0xa1][0xe5][0x9c][0x92][0xe8][0xa8][0x98][0xe8][0x80][0x85]\"></a>\n                                <p>\n                                    <span>[0xe3][0x80][0x90][0xe6][0xb8][0x85][0xe4][0xb8][0x80][0xe4][0xb8][0x8b][0xe3][0x80][0x91][0xe6][0xb8][0x85][0xe8][0x8f][0xaf][0xe5][0xbd][0xb1][0xe9][0x9f][0xb3][0xe6][0x96][0xb0][0xe8][0x81][0x9e][0xe5][0xb9][0xb3][0xe5][0x8f][0xb0][0xe5][0xbe][0xb5][0xe6][0xb1][0x82][0xe6][0xa0][0xa1][0xe5][0x9c][0x92][0xe8][0xa8][0x98][0xe8][0x80][0x85]</span>\n                                    <br><br>[0xe6][0xad][0xa1][0xe8][0xbf][0x8e][0xe6][0xa0][0xa1][0xe5][0x85][0xa7][0xe5][0xb0][0x8d][0xe6][0x96][0xb0][0xe8][0x81][0x9e][0xe5][0xbd][0xb1][0xe9][0x9f][0xb3][0xe8][0xa3][0xbd][0xe4][0xbd][0x9c][0xe6][0x9c][0x89][0xe8][0x88][0x88][0xe8][0xb6][0xa3][0xe7][0x9a][0x84][0xe5][0x90][0x8c][0xe5][0xad][0xb8][0xe5][0xa0][0xb1][0xe5][0x90][0x8d]<br><br>\n                                    <span>[0xe8][0x81][0xaf][0xe7][0xb5][0xa1][0xe8][0xb3][0x87][0xe8][0xa8][0x8a][0xef][0xbc][0x9a][0xe5][0x85][0xac][0xe5][0x85][0xb1][0xe4][0xba][0x8b][0xe5][0x8b][0x99][0xe7][0xb5][0x84][0xe6][0x9b][0xbe][0xe5][0xb0][0x8f][0xe5][0xa7][0x90]</span>\n                                    <a href=\"http://bulletin.web.nthu.edu.tw/files/14-1912-112336,r5085-1.php?Lang=zh-tw\" target=\"_blank\">Read more</a>\n                                </p>\n                            </div>\n                        </li><li class=\"nbs-flexisel-item\" style=\"width: 350px;\">\n                            <div>\n                                <a href=\"https://www.facebook.com/[0xe6][0xa2][0x85][0xe7][0xab][0xb9][0xe7][0xb1][0x8c][0xe5][0x82][0x99][0xe5][0xa7][0x94][0xe5][0x93][0xa1][0xe6][0x9c][0x83]-158800937594805/\" target=\"_blank\"><img src=\"/images/event_148637082798.png\" alt=\"[0xe3][0x80][0x8c][0xe6][0xb8][0x85][0xe4][0xba][0xa4][0xe5][0x8f][0x8b][0xe7][0xab][0x8b][0xe5][0x9b][0x9b][0xe4][0xb9][0x9d][0xe8][0xbc][0x89][0xef][0xbc][0x8c][0xe4][0xb8][0x81][0xe9][0x85][0x89][0xe6][0xa2][0x85][0xe7][0xab][0xb9][0xe8][0xb3][0xbd][0xe6][0x98][0xa5][0xe8][0x8a][0xb3][0xe3][0x80][0x8d]\"></a>\n                                <p>\n                                    <span>[0xe3][0x80][0x8c][0xe6][0xb8][0x85][0xe4][0xba][0xa4][0xe5][0x8f][0x8b][0xe7][0xab][0x8b][0xe5][0x9b][0x9b][0xe4][0xb9][0x9d][0xe8][0xbc][0x89][0xef][0xbc][0x8c][0xe4][0xb8][0x81][0xe9][0x85][0x89][0xe6][0xa2][0x85][0xe7][0xab][0xb9][0xe8][0xb3][0xbd][0xe6][0x98][0xa5][0xe8][0x8a][0xb3][0xe3][0x80][0x8d]</span>\n                                    <br><br>[0xe4][0xb8][0x81][0xe9][0x85][0x89][0xe6][0xa2][0x85][0xe7][0xab][0xb9][0xe5][0xb0][0x87][0xe6][0x96][0xbc]2/24~2/26[0xe8][0x88][0x89][0xe8][0xa1][0x8c]<br><br>\n                                    <span>[0xe9][0x82][0x80][0xe8][0xab][0x8b][0xe5][0xa4][0xa7][0xe5][0xae][0xb6][0xe4][0xb8][0x80][0xe5][0x90][0x8c][0xe4][0xbe][0x86][0xe7][0x82][0xba][0xe6][0xa2][0x85][0xe7][0xab][0xb9][0xe8][0xb3][0xbd][0xe9][0x81][0xb8][0xe6][0x89][0x8b][0xe5][0x8a][0xa0][0xe6][0xb2][0xb9]</span>\n                                    <a href=\"https://www.facebook.com/[0xe6][0xa2][0x85][0xe7][0xab][0xb9][0xe7][0xb1][0x8c][0xe5][0x82][0x99][0xe5][0xa7][0x94][0xe5][0x93][0xa1][0xe6][0x9c][0x83]-158800937594805/\" target=\"_blank\">Read more</a>\n                                </p>\n     "
04:29:00.455 [Forwarding getPageSource on session ed2d6660-f69e-11e6-a414-872b36aae4a5 to remote] DEBUG org.apache.http.wire - http-outgoing-0 << "                       </div>\n                        </li>\n                                            <li class=\"nbs-flexisel-item\" style=\"width: 350px;\">\n                            <div>\n                                <a href=\"http://artscenter.web.nthu.edu.tw/files/14-1898-113677,r11-1.php?Lang=zh-tw\" target=\"_blank\"><img src=\"/images/event_148635391477.jpg\" alt=\"[0xe3][0x80][0x90][0xe5][0x9c][0xa8][0xe4][0xb8][0x80][0xe5][0xa6][0x82][0xe5][0xbe][0x80][0xe5][0xb8][0xb8][0xe7][0x9a][0x84][0xe6][0x97][0xa5][0xe5][0xad][0x90][0xe8][0xa3][0xa1][0xe3][0x80][0x91]-[0xe9][0x99][0xb3][0xe7][0xb4][0xb9][0xe4][0xba][0x88][0xe7][0x9a][0x84][0xe8][0x97][0x9d][0xe8][0xa1][0x93][0xe5][0xb7][0xa5][0xe5][0x9d][0x8a][0xe5][0xb1][0x95][0xe8][0xa6][0xbd]\"></a>\n                                <p>\n                                    <span>[0xe3][0x80][0x90][0xe5][0x9c][0xa8][0xe4][0xb8][0x80][0xe5][0xa6][0x82][0xe5][0xbe][0x80][0xe5][0xb8][0xb8][0xe7][0x9a][0x84][0xe6][0x97][0xa5][0xe5][0xad][0x90][0xe8][0xa3][0xa1][0xe3][0x80][0x91]-[0xe9][0x99][0xb3][0xe7][0xb4][0xb9][0xe4][0xba][0x88][0xe7][0x9a][0x84][0xe8][0x97][0x9d][0xe8][0xa1][0x93][0xe5][0xb7][0xa5][0xe5][0x9d][0x8a][0xe5][0xb1][0x95][0xe8][0xa6][0xbd]</span>\n                                    <br><br>2/15([0xe4][0xb8][0x89])~3/29([0xe4][0xb8][0x89])[0xe5][0x9c][0xa8][0xe8][0x97][0x9d][0xe8][0xa1][0x93][0xe5][0xb7][0xa5][0xe5][0x9d][0x8a][0xe5][0xb1][0x95][0xe5][0x87][0xba]<br><br>\n                                    <span>[0xe6][0xad][0xa1][0xe8][0xbf][0x8e][0xe5][0x89][0x8d][0xe5][0xbe][0x80][0xe8][0xa7][0x80][0xe8][0xb3][0x9e]</span>\n                                    <a href=\"http://artscenter.web.nthu.edu.tw/files/14-1898-113677,r11-1.php?Lang=zh-tw\" target=\"_blank\">Read more</a>\n                                </p>\n                            </div>\n                        </li>\n                                            <li class=\"nbs-flexisel-item\" style=\"width: 350px;\">\n                            <div>\n                                <a href=\"http://artscenter.web.nthu.edu.tw/files/14-1898-113667,r11-1.php?Lang=zh-tw\" target=\"_blank\"><img src=\"/images/event_148635385989.jpg\" alt=\"[0xe5][0xbe][0xae][0xe6][0xab][0xa5][0xe7][0xaa][0x97][0xe3][0x80][0x90][0xe5][0x88][0x9d][0xe8][0xad][0x98][0xe4][0xb9][0x8b][0xe7][0x84][0xa1][0xe3][0x80][0x91][0xe9][0x99][0xb3][0xe4][0xbb][0xa4][0xe6][0xb4][0x8b][0xe6][0x9b][0xb8][0xe6][0xb3][0x95][0xe5][0xb1][0x95]\"></a>\n                                <p>\n                                    <span>[0xe5][0xbe][0xae][0xe6][0xab][0xa5][0xe7][0xaa][0x97][0xe3][0x80][0x90][0xe5][0x88][0x9d][0xe8][0xad][0x98][0xe4][0xb9][0x8b][0xe7][0x84][0xa1][0xe3][0x80][0x91][0xe9][0x99][0xb3][0xe4][0xbb][0xa4][0xe6][0xb4][0x8b][0xe6][0x9b][0xb8][0xe6][0xb3][0x95][0xe5][0xb1][0x95]</span>\n                                    <br><br>2/8([0xe4][0xb8][0x89])~3/29([0xe4][0xb8][0x89])[0xe5][0x9c][0xa8][0xe8][0x97][0x9d][0xe8][0xa1][0x93][0xe5][0x89][0xb5][0xe6][0x84][0x8f][0xe7][0xa9][0xba][0xe9][0x96][0x93][0xe5][0xb1][0x95][0xe5][0x87][0xba]<br><br>\n                                    <span>[0xe6][0xad][0xa1][0xe8][0xbf][0x8e][0xe5][0x89][0x8d][0xe5][0xbe][0x80][0xe8][0xa7][0x80][0xe8][0xb3][0x9e]</span>\n                                    <a href=\"http://artscenter.web.nthu.edu.tw/files/14-1898-113667,r11-1.php?Lang=zh-tw\" target=\"_blank\">Read more</a>\n                                </p>\n                            </div>\n                        </li>\n                                            <li class=\"nbs-flexisel-item\" style=\"width: 350px;\">\n                            <div>\n                                <a href=\"http://artscenter.web.nthu.edu.tw/files/14-1898-113639,r11-1.php?Lang=zh-tw\" target=\"_blank\"><img src=\"/images/event_148635380526.jpg\" alt=\"[0xe6][0x84][0x8f] [0xe8][0xb1][0xa1] [0xe8][0xa9][0xa9] [0xe5][0xa2][0x83] [0xe5][0x90][0xb3][0xe5][0xbb][0xba][0xe6][0x9d][0xbe][0xe5][0x89][0xb5][0xe4][0xbd][0x9c][0xe5][0x80][0x8b][0xe5][0xb1][0x95]\"></a>\n                                <p>\n                                    <span>[0xe6][0x84][0x8f] [0xe8][0xb1][0xa1] [0xe8][0xa9][0xa9] [0xe5][0xa2][0x83] [0xe5][0x90][0xb3][0xe5][0xbb][0xba][0xe6][0x9d][0xbe][0xe5][0x89][0xb5][0xe4][0xbd][0x9c][0xe5][0x80][0x8b][0xe5][0xb1][0x95]</span>\n                                    <br><br>[0xe5][0xb1][0x95][0xe8][0xa6][0xbd][0xe6][0x97][0xa5][0xe6][0x9c][0x9f][0xef][0xbc][0x9a] 2/20([0xe4][0xb8][0x80])[0xe8][0x87][0xb3] 3/19([0xe6][0x97][0xa5])<br><br>\n                                    <span>[0xe9][0x96][0x8b][0xe5][0xb9][0x95][0xe8][0x8c][0xb6][0xe6][0x9c][0x83]&amp;[0xe9][0x9d][0xa2][0xe5][0xb0][0x8d][0xe9][0x9d][0xa2][0xe8][0x97][0x9d][0xe8][0xa1][0x93][0xe5][0xb0][0x8e][0xe8][0xa6][0xbd][0xef][0xbc][0x9a] 2/20([0xe4][0xb8][0x80])[0xe4][0xb8][0x8a][0xe5][0x8d][0x88]10:15</span>\n                                    <a href=\"http://artscenter.web.nthu.edu.tw/files/14-1898-113639,r11-1.php?Lang=zh-tw\" target=\"_blank\">Read more</a>\n                                </p>\n                            </div>\n                        </li>\n                                            <li class=\"nbs-flexisel-item\" style=\"width: 350px;\">\n                            <div>\n                                <a href=\"http://artscenter.web.nthu.edu.tw/files/14-1898-107874,r11-1.php?Lang=zh-tw\" target=\"_blank\"><img src=\"/images/event_148367138868.jpg\" alt=\"[0xe3][0x80][0x8c][0xe4][0xba][0xba][0xe9][0xa1][0x9e][0xe6][0x99][0x82][0xe4][0xbb][0xa3][0xef][0xbc][0x8e][0xe7][0x94][0x9f][0xe6][0xb4][0xbb][0xe9][0x9b][0xbb][0xe5][0xbd][0xb1][0xe3][0x80][0x8d] [0xe6][0xa1][0x83][0xe7][0xab][0xb9][0xe8][0x8b][0x97][0xe5][0x8d][0x81][0xe4][0xb8][0x89][0xe6][0xa0][0xa1][0xe8][0xb7][0xa8][0xe6][0xa0][0xa1][0xe8][0x81][0xaf][0xe5][0xb1][0x95][0xe5][0xbe][0xb5][0xe4][0xbb][0xb6]\"></a>\n                                <p>\n                                    <span>[0xe3][0x80][0x8c][0xe4][0xba][0xba][0xe9][0xa1][0x9e][0xe6][0x99][0x82][0xe4][0xbb][0xa3][0xef][0xbc][0x8e][0xe7][0x94][0x9f][0xe6][0xb4][0xbb][0xe9][0x9b][0xbb][0xe5][0xbd][0xb1][0xe3][0x80][0x8d] [0xe6][0xa1][0x83][0xe7][0xab][0xb9][0xe8][0x8b][0x97][0xe5][0x8d][0x81][0xe4][0xb8][0x89][0xe6][0xa0][0xa1][0xe8][0xb7][0xa8][0xe6][0xa0][0xa1][0xe8][0x81][0xaf][0xe5][0xb1][0x95][0xe5][0xbe][0xb5][0xe4][0xbb][0xb6]</span>\n                                    <br><br>[0xe5][0xbe][0xb5][0xe4][0xbb][0xb6][0xe6][0x99][0x82][0xe9][0x96][0x93][0xef][0xbc][0x9a][0xe5][0x8d][0xb3][0xe6][0x97][0xa5][0xe8][0xb5][0xb7][0xe8][0x87][0xb3]2/28[0xe6][0x88][0xaa][0xe6][0xad][0xa2][0xe5][0xa0][0xb1][0xe5][0x90][0x8d][0xe8][0x88][0x87][0xe6][0x94][0xb6][0xe4][0xbb][0xb6]<br><br>\n                                    <span>[0xe5][0xbe][0xb5][0xe4][0xbb][0xb6][0xe5][0xb0][0x8d][0xe8][0xb1][0xa1][0xef][0xbc][0x9a][0xe6][0xb8][0x85][0xe5][0xa4][0xa7][0xe5][0x93][0xa1][0xe5][0xb7][0xa5][0xe7][0x94][0x9f][0xe3][0x80][0x81][0xe7][0xa4][0xbe][0xe5][0x8d][0x80][0xe6][0xb0][0x91][0xe7][0x9c][0xbe][0xe7][0x9a][0x86][0xe5][0x8f][0xaf][0xe5][0xa0][0xb1][0xe5][0x90][0x8d]</span>\n                                    <a href=\"http://artscenter.web.nthu.edu.tw/files/14-1898-107874,r11-1.php?Lang=zh-tw\" target=\"_blank\">Read more</a>\n                                </p>\n                            </div>\n                        </li>\n                                            <li class=\"nbs-flexisel-item\" style=\"width: 350px;\">\n              "
04:29:00.456 [Forwarding getPageSource on session ed2d6660-f69e-11e6-a414-872b36aae4a5 to remote] DEBUG org.apache.http.wire - http-outgoing-0 << "              <div>\n                                <a href=\"http://bulletin.web.nthu.edu.tw/files/14-1912-112336,r5085-1.php?Lang=zh-tw\" target=\"_blank\"><img src=\"/images/event_148299488974.jpg\" alt=\"[0xe3][0x80][0x90][0xe6][0xb8][0x85][0xe4][0xb8][0x80][0xe4][0xb8][0x8b][0xe3][0x80][0x91][0xe6][0xb8][0x85][0xe8][0x8f][0xaf][0xe5][0xbd][0xb1][0xe9][0x9f][0xb3][0xe6][0x96][0xb0][0xe8][0x81][0x9e][0xe5][0xb9][0xb3][0xe5][0x8f][0xb0][0xe5][0xbe][0xb5][0xe6][0xb1][0x82][0xe6][0xa0][0xa1][0xe5][0x9c][0x92][0xe8][0xa8][0x98][0xe8][0x80][0x85]\"></a>\n                                <p>\n                                    <span>[0xe3][0x80][0x90][0xe6][0xb8][0x85][0xe4][0xb8][0x80][0xe4][0xb8][0x8b][0xe3][0x80][0x91][0xe6][0xb8][0x85][0xe8][0x8f][0xaf][0xe5][0xbd][0xb1][0xe9][0x9f][0xb3][0xe6][0x96][0xb0][0xe8][0x81][0x9e][0xe5][0xb9][0xb3][0xe5][0x8f][0xb0][0xe5][0xbe][0xb5][0xe6][0xb1][0x82][0xe6][0xa0][0xa1][0xe5][0x9c][0x92][0xe8][0xa8][0x98][0xe8][0x80][0x85]</span>\n                                    <br><br>[0xe6][0xad][0xa1][0xe8][0xbf][0x8e][0xe6][0xa0][0xa1][0xe5][0x85][0xa7][0xe5][0xb0][0x8d][0xe6][0x96][0xb0][0xe8][0x81][0x9e][0xe5][0xbd][0xb1][0xe9][0x9f][0xb3][0xe8][0xa3][0xbd][0xe4][0xbd][0x9c][0xe6][0x9c][0x89][0xe8][0x88][0x88][0xe8][0xb6][0xa3][0xe7][0x9a][0x84][0xe5][0x90][0x8c][0xe5][0xad][0xb8][0xe5][0xa0][0xb1][0xe5][0x90][0x8d]<br><br>\n                                    <span>[0xe8][0x81][0xaf][0xe7][0xb5][0xa1][0xe8][0xb3][0x87][0xe8][0xa8][0x8a][0xef][0xbc][0x9a][0xe5][0x85][0xac][0xe5][0x85][0xb1][0xe4][0xba][0x8b][0xe5][0x8b][0x99][0xe7][0xb5][0x84][0xe6][0x9b][0xbe][0xe5][0xb0][0x8f][0xe5][0xa7][0x90]</span>\n                                    <a href=\"http://bulletin.web.nthu.edu.tw/files/14-1912-112336,r5085-1.php?Lang=zh-tw\" target=\"_blank\">Read more</a>\n                                </p>\n                            </div>\n                        </li>\n                                    <li class=\"nbs-flexisel-item\" style=\"width: 350px;\">\n                            <div>\n                                <a href=\"https://www.facebook.com/[0xe6][0xa2][0x85][0xe7][0xab][0xb9][0xe7][0xb1][0x8c][0xe5][0x82][0x99][0xe5][0xa7][0x94][0xe5][0x93][0xa1][0xe6][0x9c][0x83]-158800937594805/\" target=\"_blank\"><img src=\"/images/event_148637082798.png\" alt=\"[0xe3][0x80][0x8c][0xe6][0xb8][0x85][0xe4][0xba][0xa4][0xe5][0x8f][0x8b][0xe7][0xab][0x8b][0xe5][0x9b][0x9b][0xe4][0xb9][0x9d][0xe8][0xbc][0x89][0xef][0xbc][0x8c][0xe4][0xb8][0x81][0xe9][0x85][0x89][0xe6][0xa2][0x85][0xe7][0xab][0xb9][0xe8][0xb3][0xbd][0xe6][0x98][0xa5][0xe8][0x8a][0xb3][0xe3][0x80][0x8d]\"></a>\n                                <p>\n                                    <span>[0xe3][0x80][0x8c][0xe6][0xb8][0x85][0xe4][0xba][0xa4][0xe5][0x8f][0x8b][0xe7][0xab][0x8b][0xe5][0x9b][0x9b][0xe4][0xb9][0x9d][0xe8][0xbc][0x89][0xef][0xbc][0x8c][0xe4][0xb8][0x81][0xe9][0x85][0x89][0xe6][0xa2][0x85][0xe7][0xab][0xb9][0xe8][0xb3][0xbd][0xe6][0x98][0xa5][0xe8][0x8a][0xb3][0xe3][0x80][0x8d]</span>\n                                    <br><br>[0xe4][0xb8][0x81][0xe9][0x85][0x89][0xe6][0xa2][0x85][0xe7][0xab][0xb9][0xe5][0xb0][0x87][0xe6][0x96][0xbc]2/24~2/26[0xe8][0x88][0x89][0xe8][0xa1][0x8c]<br><br>\n                                    <span>[0xe9][0x82][0x80][0xe8][0xab][0x8b][0xe5][0xa4][0xa7][0xe5][0xae][0xb6][0xe4][0xb8][0x80][0xe5][0x90][0x8c][0xe4][0xbe][0x86][0xe7][0x82][0xba][0xe6][0xa2][0x85][0xe7][0xab][0xb9][0xe8][0xb3][0xbd][0xe9][0x81][0xb8][0xe6][0x89][0x8b][0xe5][0x8a][0xa0][0xe6][0xb2][0xb9]</span>\n                                    <a href=\"https://www.facebook.com/[0xe6][0xa2][0x85][0xe7][0xab][0xb9][0xe7][0xb1][0x8c][0xe5][0x82][0x99][0xe5][0xa7][0x94][0xe5][0x93][0xa1][0xe6][0x9c][0x83]-158800937594805/\" target=\"_blank\">Read more</a>\n                                </p>\n                            </div>\n                        </li><li class=\"nbs-flexisel-item\" style=\"width: 350px;\">\n                            <div>\n                                <a href=\"http://artscenter.web.nthu.edu.tw/files/14-1898-113677,r11-1.php?Lang=zh-tw\" target=\"_blank\"><img src=\"/images/event_148635391477.jpg\" alt=\"[0xe3][0x80][0x90][0xe5][0x9c][0xa8][0xe4][0xb8][0x80][0xe5][0xa6][0x82][0xe5][0xbe][0x80][0xe5][0xb8][0xb8][0xe7][0x9a][0x84][0xe6][0x97][0xa5][0xe5][0xad][0x90][0xe8][0xa3][0xa1][0xe3][0x80][0x91]-[0xe9][0x99][0xb3][0xe7][0xb4][0xb9][0xe4][0xba][0x88][0xe7][0x9a][0x84][0xe8][0x97][0x9d][0xe8][0xa1][0x93][0xe5][0xb7][0xa5][0xe5][0x9d][0x8a][0xe5][0xb1][0x95][0xe8][0xa6][0xbd]\"></a>\n                                <p>\n                                    <span>[0xe3][0x80][0x90][0xe5][0x9c][0xa8][0xe4][0xb8][0x80][0xe5][0xa6][0x82][0xe5][0xbe][0x80][0xe5][0xb8][0xb8][0xe7][0x9a][0x84][0xe6][0x97][0xa5][0xe5][0xad][0x90][0xe8][0xa3][0xa1][0xe3][0x80][0x91]-[0xe9][0x99][0xb3][0xe7][0xb4][0xb9][0xe4][0xba][0x88][0xe7][0x9a][0x84][0xe8][0x97][0x9d][0xe8][0xa1][0x93][0xe5][0xb7][0xa5][0xe5][0x9d][0x8a][0xe5][0xb1][0x95][0xe8][0xa6][0xbd]</span>\n                                    <br><br>2/15([0xe4][0xb8][0x89])~3/29([0xe4][0xb8][0x89])[0xe5][0x9c][0xa8][0xe8][0x97][0x9d][0xe8][0xa1][0x93][0xe5][0xb7][0xa5][0xe5][0x9d][0x8a][0xe5][0xb1][0x95][0xe5][0x87][0xba]<br><br>\n                                    <span>[0xe6][0xad][0xa1][0xe8][0xbf][0x8e][0xe5][0x89][0x8d][0xe5][0xbe][0x80][0xe8][0xa7][0x80][0xe8][0xb3][0x9e]</span>\n                                    <a href=\"http://artscenter.web.nthu.edu.tw/files/14-1898-113677,r11-1.php?Lang=zh-tw\" target=\"_blank\">Read more</a>\n                                </p>\n                            </div>\n                        </li><li class=\"nbs-flexisel-item\" style=\"width: 350px;\">\n                            <div>\n                                <a href=\"http://artscenter.web.nthu.edu.tw/files/14-1898-113667,r11-1.php?Lang=zh-tw\" target=\"_blank\"><img src=\"/images/event_148635385989.jpg\" alt=\"[0xe5][0xbe][0xae][0xe6][0xab][0xa5][0xe7][0xaa][0x97][0xe3][0x80][0x90][0xe5][0x88][0x9d][0xe8][0xad][0x98][0xe4][0xb9][0x8b][0xe7][0x84][0xa1][0xe3][0x80][0x91][0xe9][0x99][0xb3][0xe4][0xbb][0xa4][0xe6][0xb4][0x8b][0xe6][0x9b][0xb8][0xe6][0xb3][0x95][0xe5][0xb1][0x95]\"></a>\n                                <p>\n                                    <span>[0xe5][0xbe][0xae][0xe6][0xab][0xa5][0xe7][0xaa][0x97][0xe3][0x80][0x90][0xe5][0x88][0x9d][0xe8][0xad][0x98][0xe4][0xb9][0x8b][0xe7][0x84][0xa1][0xe3][0x80][0x91][0xe9][0x99][0xb3][0xe4][0xbb][0xa4][0xe6][0xb4][0x8b][0xe6][0x9b][0xb8][0xe6][0xb3][0x95][0xe5][0xb1][0x95]</span>\n                                    <br><br>2/8([0xe4][0xb8][0x89])~3/29([0xe4][0xb8][0x89])[0xe5][0x9c][0xa8][0xe8][0x97][0x9d][0xe8][0xa1][0x93][0xe5][0x89][0xb5][0xe6][0x84][0x8f][0xe7][0xa9][0xba][0xe9][0x96][0x93][0xe5][0xb1][0x95][0xe5][0x87][0xba]<br><br>\n                                    <span>[0xe6][0xad][0xa1][0xe8][0xbf][0x8e][0xe5][0x89][0x8d][0xe5][0xbe][0x80][0xe8][0xa7][0x80][0xe8][0xb3][0x9e]</span>\n                                    <a href=\"http://artscenter.web.nthu.edu.tw/files/14-1898-113667,r11-1.php?Lang=zh-tw\" target=\"_blank\">Read more</a>\n                                </p>\n                            </div>\n                        </li><li class=\"nbs-flexisel-item\" style=\"width: 350px;\">\n                            <div>\n                                <a href=\"http://artscenter.web.nthu.edu.tw/files/14-1898-113639,r11-1.php?Lang=zh-tw\" target=\"_blank\"><img src=\"/images/event_148635380526.jpg\" alt=\"[0xe6][0x84][0x8f] [0xe8][0xb1][0xa1] [0xe8][0xa9][0xa9] [0xe5][0xa2][0x83] [0xe5][0x90][0xb3][0xe5][0xbb][0xba][0xe6][0x9d][0xbe][0xe5][0x89][0xb5][0xe4][0xbd][0x9c][0xe5][0x80][0x8b][0xe5][0xb1][0x95]\"></a>\n                                <p>\n                                    <span>[0xe6][0x84][0x8f] [0xe8][0xb1][0xa1] [0xe8][0xa9][0xa9] [0xe5][0xa2][0x83] [0xe5][0x90][0xb3][0xe5][0xbb][0xba][0xe6][0x9d][0xbe][0xe5][0x89][0xb5][0xe4][0xbd][0x9c][0xe5][0x80][0x8b][0xe5][0xb1][0x95]</span>\n "
04:29:00.460 [Forwarding getPageSource on session ed2d6660-f69e-11e6-a414-872b36aae4a5 to remote] DEBUG org.apache.http.wire - http-outgoing-0 << "                                   <br><br>[0xe5][0xb1][0x95][0xe8][0xa6][0xbd][0xe6][0x97][0xa5][0xe6][0x9c][0x9f][0xef][0xbc][0x9a] 2/20([0xe4][0xb8][0x80])[0xe8][0x87][0xb3] 3/19([0xe6][0x97][0xa5])<br><br>\n                                    <span>[0xe9][0x96][0x8b][0xe5][0xb9][0x95][0xe8][0x8c][0xb6][0xe6][0x9c][0x83]&amp;[0xe9][0x9d][0xa2][0xe5][0xb0][0x8d][0xe9][0x9d][0xa2][0xe8][0x97][0x9d][0xe8][0xa1][0x93][0xe5][0xb0][0x8e][0xe8][0xa6][0xbd][0xef][0xbc][0x9a] 2/20([0xe4][0xb8][0x80])[0xe4][0xb8][0x8a][0xe5][0x8d][0x88]10:15</span>\n                                    <a href=\"http://artscenter.web.nthu.edu.tw/files/14-1898-113639,r11-1.php?Lang=zh-tw\" target=\"_blank\">Read more</a>\n                                </p>\n                            </div>\n                        </li><li class=\"nbs-flexisel-item\" style=\"width: 350px;\">\n                            <div>\n                                <a href=\"http://artscenter.web.nthu.edu.tw/files/14-1898-107874,r11-1.php?Lang=zh-tw\" target=\"_blank\"><img src=\"/images/event_148367138868.jpg\" alt=\"[0xe3][0x80][0x8c][0xe4][0xba][0xba][0xe9][0xa1][0x9e][0xe6][0x99][0x82][0xe4][0xbb][0xa3][0xef][0xbc][0x8e][0xe7][0x94][0x9f][0xe6][0xb4][0xbb][0xe9][0x9b][0xbb][0xe5][0xbd][0xb1][0xe3][0x80][0x8d] [0xe6][0xa1][0x83][0xe7][0xab][0xb9][0xe8][0x8b][0x97][0xe5][0x8d][0x81][0xe4][0xb8][0x89][0xe6][0xa0][0xa1][0xe8][0xb7][0xa8][0xe6][0xa0][0xa1][0xe8][0x81][0xaf][0xe5][0xb1][0x95][0xe5][0xbe][0xb5][0xe4][0xbb][0xb6]\"></a>\n                                <p>\n                                    <span>[0xe3][0x80][0x8c][0xe4][0xba][0xba][0xe9][0xa1][0x9e][0xe6][0x99][0x82][0xe4][0xbb][0xa3][0xef][0xbc][0x8e][0xe7][0x94][0x9f][0xe6][0xb4][0xbb][0xe9][0x9b][0xbb][0xe5][0xbd][0xb1][0xe3][0x80][0x8d] [0xe6][0xa1][0x83][0xe7][0xab][0xb9][0xe8][0x8b][0x97][0xe5][0x8d][0x81][0xe4][0xb8][0x89][0xe6][0xa0][0xa1][0xe8][0xb7][0xa8][0xe6][0xa0][0xa1][0xe8][0x81][0xaf][0xe5][0xb1][0x95][0xe5][0xbe][0xb5][0xe4][0xbb][0xb6]</span>\n                                    <br><br>[0xe5][0xbe][0xb5][0xe4][0xbb][0xb6][0xe6][0x99][0x82][0xe9][0x96][0x93][0xef][0xbc][0x9a][0xe5][0x8d][0xb3][0xe6][0x97][0xa5][0xe8][0xb5][0xb7][0xe8][0x87][0xb3]2/28[0xe6][0x88][0xaa][0xe6][0xad][0xa2][0xe5][0xa0][0xb1][0xe5][0x90][0x8d][0xe8][0x88][0x87][0xe6][0x94][0xb6][0xe4][0xbb][0xb6]<br><br>\n                                    <span>[0xe5][0xbe][0xb5][0xe4][0xbb][0xb6][0xe5][0xb0][0x8d][0xe8][0xb1][0xa1][0xef][0xbc][0x9a][0xe6][0xb8][0x85][0xe5][0xa4][0xa7][0xe5][0x93][0xa1][0xe5][0xb7][0xa5][0xe7][0x94][0x9f][0xe3][0x80][0x81][0xe7][0xa4][0xbe][0xe5][0x8d][0x80][0xe6][0xb0][0x91][0xe7][0x9c][0xbe][0xe7][0x9a][0x86][0xe5][0x8f][0xaf][0xe5][0xa0][0xb1][0xe5][0x90][0x8d]</span>\n                                    <a href=\"http://artscenter.web.nthu.edu.tw/files/14-1898-107874,r11-1.php?Lang=zh-tw\" target=\"_blank\">Read more</a>\n                                </p>\n                            </div>\n                        </li></ul><div class=\"nbs-flexisel-nav-left\" style=\"top: 219px;\"></div><div class=\"nbs-flexisel-nav-right\" style=\"top: 219px;\"></div></div></div>\n                <div class=\"clearout\"></div>\n            </div>\n            <!-- -[0xe6][0xa0][0xa1][0xe5][0x85][0xa7][0xe6][0xb4][0xbb][0xe5][0x8b][0x95] end -->\n        \n                    <!-- [0xe4][0xb8][0x8b][0xe6][0x96][0xb9][0xe6][0xa9][0xab][0xe5][0xb9][0x85][0xe8][0xbc][0xaa][0xe6][0x92][0xad] -->\n            <div class=\"width-100 link\">\n                <div class=\"nbs-flexisel-container\"><div class=\"nbs-flexisel-inner\"><ul id=\"flexiselDemo1\" class=\"nbs-flexisel-ul\" style=\"left: -175px; display: block;\">\n                                            <li class=\"nbs-flexisel-item\" style=\"width: 175px;\"><a href=\"http://www.ust.edu.tw/\" target=\"_blank\"><img src=\"/images/a6.jpg\" alt=\"[0xe5][0x8f][0xb0][0xe7][0x81][0xa3][0xe8][0x81][0xaf][0xe5][0x90][0x88][0xe5][0xa4][0xa7][0xe5][0xad][0xb8][0xe7][0xb3][0xbb][0xe7][0xb5][0xb1]\"></a></li><li class=\"nbs-flexisel-item\" style=\"width: 175px;\"><a href=\"http://pims.web.nthu.edu.tw\" target=\"_blank\"><img src=\"/images/activity_148067125998.jpg\" alt=\"[0xe5][0x80][0x8b][0xe8][0xb3][0x87][0xe4][0xbf][0x9d][0xe8][0xad][0xb7][0xe5][0xb0][0x88][0xe5][0x8d][0x80]\"></a></li>\n                                            <li class=\"nbs-flexisel-item\" style=\"width: 175px;\"><a href=\"http://top100.web.nthu.edu.tw\" target=\"_blank\"><img src=\"/images/activity_147756056815.jpg\" alt=\"[0xe9][0x82][0x81][0xe5][0x90][0x91][0xe9][0xa0][0x82][0xe5][0xb0][0x96][0xe5][0xa4][0xa7][0xe5][0xad][0xb8]\"></a></li>\n                                            <li class=\"nbs-flexisel-item\" style=\"width: 175px;\"><a href=\"http://info.web.nthu.edu.tw/bin/home.php\" target=\"_blank\"><img src=\"/images/activity_147756052156.jpg\" alt=\"[0xe6][0xa0][0xa1][0xe5][0x8b][0x99][0xe8][0xb3][0x87][0xe8][0xa8][0x8a][0xe5][0x85][0xac][0xe9][0x96][0x8b]\"></a></li>\n                                            <li class=\"nbs-flexisel-item\" style=\"width: 175px;\"><a href=\"http://college.nthu.edu.tw\" target=\"_blank\"><img src=\"/images/activity_147756049127.jpg\" alt=\"[0xe4][0xbd][0x8f][0xe5][0xae][0xbf][0xe6][0x9b][0xb8][0xe9][0x99][0xa2]\"></a></li>\n                                            <li class=\"nbs-flexisel-item\" style=\"width: 175px;\"><a href=\"http://st.web.nthu.edu.tw/files/11-1884-11079.php\" target=\"_blank\"><img src=\"/images/activity_147756046892.jpg\" alt=\"[0xe8][0xb7][0xa8][0xe9][0xa0][0x98][0xe5][0x9f][0x9f][0xe5][0xad][0xb8][0xe7][0xbf][0x92]\"></a></li>\n                                            <li class=\"nbs-flexisel-item\" style=\"width: 175px;\"><a href=\"http://gencom.web.nthu.edu.tw\" target=\"_blank\"><img src=\"/images/activity_147756032748.jpg\" alt=\"[0xe6][0x80][0xa7][0xe5][0xb9][0xb3][0xe6][0x95][0x99][0xe8][0x82][0xb2][0xe8][0xb3][0x87][0xe8][0xa8][0x8a]\"></a></li>\n                                            <li class=\"nbs-flexisel-item\" style=\"width: 175px;\"><a href=\"http://www1.nthu.edu.tw/nobel/index.php\" target=\"_blank\"><img src=\"/images/a2.jpg\" alt=\"[0xe8][0xab][0xbe][0xe8][0xb2][0x9d][0xe7][0x88][0xbe][0xe5][0xa4][0xa7][0xe5][0xb8][0xab][0xe5][0x9c][0xa8][0xe6][0xb8][0x85][0xe8][0x8f][0xaf]\"></a></li>\n                                            <li class=\"nbs-flexisel-item\" style=\"width: 175px;\"><a href=\"http://www.nthu.edu.tw/about/CIS\" target=\"_blank\"><img src=\"/images/a10.jpg\"
04:29:00.464 [Forwarding getPageSource on session ed2d6660-f69e-11e6-a414-872b36aae4a5 to remote] DEBUG org.apache.http.wire - http-outgoing-0 << "" alt=\"[0xe6][0xb8][0x85][0xe8][0x8f][0xaf][0xe5][0x93][0x81][0xe7][0x89][0x8c][0xe7][0xae][0xa1][0xe7][0x90][0x86]\"></a></li>\n                                            <li class=\"nbs-flexisel-item\" style=\"width: 175px;\"><a href=\"http://ocic.nthu.edu.tw/ocic/Content02.aspx?c=menu02\" target=\"_blank\"><img src=\"/images/a12.jpg\" alt=\"[0xe7][0x94][0xa2][0xe5][0xad][0xb8][0xe5][0x90][0x88][0xe4][0xbd][0x9c][0xe8][0xb3][0x87][0xe8][0xa8][0x8a][0xe5][0xb9][0xb3][0xe5][0x8f][0xb0]\"></a></li>\n                                            <li class=\"nbs-flexisel-item\" style=\"width: 175px;\"><a href=\"http://nesh.web.nthu.edu.tw/files/11-1021-9390.php\" target=\"_blank\"><img src=\"/images/a13.jpg\" alt=\"[0xe5][0x9e][0x83][0xe5][0x9c][0xbe][0xe4][0xb8][0x8d][0xe8][0x90][0xbd][0xe5][0x9c][0xb0][0xe5][0xb0][0x88][0xe5][0x8d][0x80]\"></a></li>\n                                            <li class=\"nbs-flexisel-item\" style=\"width: 175px;\"><a href=\"http://www.ust.edu.tw/\" target=\"_blank\"><img src=\"/images/a6.jpg\" alt=\"[0xe5][0x8f][0xb0][0xe7][0x81][0xa3][0xe8][0x81][0xaf][0xe5][0x90][0x88][0xe5][0xa4][0xa7][0xe5][0xad][0xb8][0xe7][0xb3][0xbb][0xe7][0xb5][0xb1]\"></a></li>\n                                    <li class=\"nbs-flexisel-item\" style=\"width: 175px;\"><a href=\"http://pims.web.nthu.edu.tw\" target=\"_blank\"><img src=\"/images/activity_148067125998.jpg\" alt=\"[0xe5][0x80][0x8b][0xe8][0xb3][0x87][0xe4][0xbf][0x9d][0xe8][0xad][0xb7][0xe5][0xb0][0x88][0xe5][0x8d][0x80]\"></a></li><li class=\"nbs-flexisel-item\" style=\"width: 175px;\"><a href=\"http://top100.web.nthu.edu.tw\" target=\"_blank\"><img src=\"/images/activity_147756056815.jpg\" alt=\"[0xe9][0x82][0x81][0xe5][0x90][0x91][0xe9][0xa0][0x82][0xe5][0xb0][0x96][0xe5][0xa4][0xa7][0xe5][0xad][0xb8]\"></a></li><li class=\"nbs-flexisel-item\" style=\"width: 175px;\"><a href=\"http://info.web.nthu.edu.tw/bin/home.php\" target=\"_blank\"><img src=\"/images/activity_147756052156.jpg\" alt=\"[0xe6][0xa0][0xa1][0xe5][0x8b][0x99][0xe8][0xb3][0x87][0xe8][0xa8][0x8a][0xe5][0x85][0xac][0xe9][0x96][0x8b]\"></a></li><li class=\"nbs-flexisel-item\" style=\"width: 175px;\"><a href=\"http://college.nthu.edu.tw\" target=\"_blank\"><img src=\"/images/activity_147756049127.jpg\" alt=\"[0xe4][0xbd][0x8f][0xe5][0xae][0xbf][0xe6][0x9b][0xb8][0xe9][0x99][0xa2]\"></a></li><li class=\"nbs-flexisel-item\" style=\"width: 175px;\"><a href=\"http://st.web.nthu.edu.tw/files/11-1884-11079.php\" target=\"_blank\"><img src=\"/images/activity_147756046892.jpg\" alt=\"[0xe8][0xb7][0xa8][0xe9][0xa0][0x98][0xe5][0x9f][0x9f][0xe5][0xad][0xb8][0xe7][0xbf][0x92]\"></a></li><li class=\"nbs-flexisel-item\" style=\"width: 175px;\"><a href=\"http://gencom.web.nthu.edu.tw\" target=\"_blank\"><img src=\"/images/activity_147756032748.jpg\" alt=\"[0xe6][0x80][0xa7][0xe5][0xb9][0xb3][0xe6][0x95][0x99][0xe8][0x82][0xb2][0xe8][0xb3][0x87][0xe8][0xa8][0x8a]\"></a></li><li class=\"nbs-flexisel-item\" style=\"width: 175px;\"><a href=\"http://www1.nthu.edu.tw/nobel/index.php\" target=\"_blank\"><img src=\"/images/a2.jpg\" alt=\"[0xe8][0xab][0xbe][0xe8][0xb2][0x9d][0xe7][0x88][0xbe][0xe5][0xa4][0xa7][0xe5][0xb8][0xab][0xe5][0x9c][0xa8][0xe6][0xb8][0x85][0xe8][0x8f][0xaf]\"></a></li><li class=\"nbs-flexisel-item\" style=\"width: 175px;\"><a href=\"http://www.nthu.edu.tw/about/CIS\" target=\"_blank\"><img src=\"/images/a10.jpg\" alt=\"[0xe6][0xb8][0x85][0xe8][0x8f][0xaf][0xe5][0x93][0x81][0xe7][0x89][0x8c][0xe7][0xae][0xa1][0xe7][0x90][0x86]\"></a></li><li class=\"nbs-flexisel-item\" style=\"width: 175px;\"><a href=\"http://ocic.nthu.edu.tw/ocic/Content02.aspx?c=menu02\" target=\"_blank\"><img src=\"/images/a12.jpg\" alt=\"[0xe7][0x94][0xa2][0xe5][0xad][0xb8][0xe5][0x90][0x88][0xe4][0xbd][0x9c][0xe8][0xb3][0x87][0xe8][0xa8][0x8a][0xe5][0xb9][0xb3][0xe5][0x8f][0xb0]\"></a></li><li class=\"nbs-flexisel-item\" style=\"width: 175px;\"><a href=\"http://nesh.web.nthu.edu.tw/files/11-1021-9390.php\" target=\"_blank\"><img src=\"/images/a13.jpg\" alt=\"[0xe5][0x9e][0x83][0xe5][0x9c][0xbe][0xe4][0xb8][0x8d][0xe8][0x90][0xbd][0xe5][0x9c][0xb0][0xe5][0xb0][0x88][0xe5][0x8d][0x80]\"></a></li></ul><div class=\"nbs-flexisel-nav-left\" style=\"top: 25.5px;\"></div><div class=\"nbs-flexisel-nav-right\" style=\"top: 25.5px;\"></div></div></div>\n                <div class=\"clearout\"></div>\n            </div>\n            <!-- [0xe4][0xb8][0x8b][0xe6][0x96][0xb9][0xe6][0xa9][0xab][0xe5][0xb9][0x85][0xe8][0xbc][0xaa][0xe6][0x92][0xad] end -->\n        \n        <!-- [0xe4][0xb8][0x8b][0xe6][0x96][0xb9][0xe5][0xa4][0xa7][0xe9][0xa0][0x85] -->\n        <div class=\"width-100 icon\">\n            <div><a href=\"http://nthu-president.vm.nthu.edu.tw/\" target=\"_blank\"><img src=\"images/icon01.png\" alt=\"[0xe6][0xa0][0xa1][0xe9][0x95][0xb7][0xe4][0xbf][0xa1][0xe7][0xae][0xb1]\"><p>[0xe6][0xa0][0xa1][0xe9][0x95][0xb7][0xe4][0xbf][0xa1][0xe7][0xae][0xb1]</p></a></div>\n            <div><a href=\"https://www.ccxp.nthu.edu.tw/ccxp/INQUIRE/OT/QA/\" target=\"_blank\"><img src=\"images/icon03.png\" alt=\"[0xe5][0x90][0x88][0xe6][0xa0][0xa1]Q &amp; A\"><p>[0xe5][0x90][0x88][0xe6][0xa0][0xa1]Q &amp; A</p></a></div>\n            <div><a href=\"http://www1.nthu.edu.tw/reporting.php\" target=\"_blank\"><img src=\"images/icon02.png\" alt=\"[0xe6][0x84][0x8f][0xe8][0xa6][0x8b][0xe5][0x8f][0x8d][0xe6][0x87][0x89][0xe9][0x80][0x9a][0xe5][0xa0][0xb1]\"><p>[0xe6][0x84][0x8f][0xe8][0xa6][0x8b][0xe5][0x8f][0x8d][0xe6][0x87][0x89][0xe9][0x80][0x9a][0xe5][0xa0][0xb1]</p></a></div>\n            <div><a href=\"http://bulletin.web.nthu.edu.tw/\" target=\"_blank\"><img src=\"images/icon05.png\" alt=\"[0xe5][0x85][0xac][0xe5][0x91][0x8a][0xe8][0x88][0x87][0xe6][0xb4][0xbb][0xe5][0x8b][0x95]\"><p>[0xe5][0x85][0xac][0xe5][0x91][0x8a][0xe8][0x88][0x87][0xe6][0xb4][0xbb][0xe5][0x8b][0x95]</p></a></div>\n            <div><a href=\"http://www1.nthu.edu.tw/focuson.php\" target=\"_blank\"><img src=\"images/icon04.png\" alt=\"[0xe6][0xb8][0x85][0xe8][0x8f][0xaf][0xe7][0x84][0xa6][0xe9][0xbb][0x9e]\"><p>[0xe6][0xb8][0x85][0xe8][0x8f][0xaf][0xe7][0x84][0xa6][0xe9][0xbb][0x9e]</p></a></div>\n        </div>\n        <!-- [0xe4][0xb8][0x8b][0xe6][0x96][0xb9][0xe5][0xa4][0xa7][0xe9][0xa0][0x85] -->\n\n        </div>\n</s"
04:29:00.466 [Forwarding getPageSource on session ed2d6660-f69e-11e6-a414-872b36aae4a5 to remote] DEBUG org.apache.http.wire - http-outgoing-0 << "ection>\n<footer>\n\t<div class=\"container\">\n    \t<div><a href=\"/sitemap\" accesskey=\"B\" class=\"tab\" title=\"[0xe4][0xb8][0x8b][0xe6][0x96][0xb9][0xe5][0x85][0xa7][0xe5][0xae][0xb9][0xe5][0x8d][0x80]\">:::</a><a href=\"/\"><img src=\"images/footer-logo.png\" alt=\"[0xe5][0x9c][0x8b][0xe7][0xab][0x8b][0xe6][0xb8][0x85][0xe8][0x8f][0xaf][0xe5][0xa4][0xa7][0xe5][0xad][0xb8]logo\"></a></div>\n        <div>\n        \t<ul>\n            \t<li>Copyright[0xc2][0xa9]2017<br>National Tsing Hua<br>University ALL<br>RIGHTS RESERVED.</li>\n                <li><a href=\"mailto:web@cc.nthu.edu.tw\" target=\"_blank\"><i class=\"fa fa-chevron-right\" aria-hidden=\"true\"></i> [0xe8][0x81][0xaf][0xe7][0xb5][0xa1][0xe6][0x88][0x91][0xe5][0x80][0x91]</a></li>\n                <li><a href=\"http://campusmap.cc.nthu.edu.tw/\" target=\"_blank\"><i class=\"fa fa-chevron-right\" aria-hidden=\"true\"></i> [0xe6][0xa0][0xa1][0xe5][0x9c][0x92][0xe5][0x9c][0xb0][0xe5][0x9c][0x96]</a></li>\n                <li><a href=\"http://my.nthu.edu.tw/~maps3d/\" target=\"_blank\"><i class=\"fa fa-chevron-right\" aria-hidden=\"true\"></i> 3D[0xe6][0xa0][0xa1][0xe5][0x9c][0x92][0xe5][0xb0][0x8e][0xe8][0xa6][0xbd]</a></li>\n                <li><a href=\"http://campusmap.cc.nthu.edu.tw/graphics/nthu_campus_map.jpg\" target=\"_blank\"><i class=\"fa fa-chevron-right\" aria-hidden=\"true\"></i> [0xe6][0xa0][0xa1][0xe5][0x9c][0x92][0xe5][0xb0][0x8e][0xe8][0xa6][0xbd][0xe5][0x9c][0x96]</a></li>\n            </ul>\n        </div>\n        <div>\n        \t<ul>\n            \t<li>QUICK LINK</li>\n                <li><a href=\"http://www1.nthu.edu.tw/elearning2.php\"><i class=\"fa fa-chevron-right\" aria-hidden=\"true\"></i> [0xe6][0x95][0xb8][0xe4][0xbd][0x8d][0xe5][0xad][0xb8][0xe7][0xbf][0x92] / [0xe7][0xb7][0x9a][0xe4][0xb8][0x8a][0xe8][0xaa][0xb2][0xe7][0xa8][0x8b]</a></li>\n                <li><a href=\"http://academic.web.nthu.edu.tw/files/90-1009-6.php\" target=\"_blank\"><i class=\"fa fa-chevron-right\" aria-hidden=\"true\"></i> [0xe7][0x8d][0x8e][0xe5][0xad][0xb8][0xe9][0x87][0x91]</a></li>\n                <li><a href=\"http://eas.web.nthu.edu.tw/files/11-1161-3647.php\" target=\"_blank\"><i class=\"fa fa-chevron-right\" aria-hidden=\"true\"></i> [0xe7][0xa4][0xbe][0xe5][0x9c][0x98][0xe8][0xb3][0x87][0xe8][0xa8][0x8a]</a></li>\n                <li><a href=\"http://www.media.nthu.edu.tw/channel/show/id/90\" target=\"_blank\"><i class=\"fa fa-chevron-right\" aria-hidden=\"true\"></i> [0xe6][0xb8][0x85][0xe8][0x8f][0xaf][0xe7][0xb0][0xa1][0xe4][0xbb][0x8b]</a></li>\n                <li><a href=\"http://livecam.web.nthu.edu.tw/files/14-1931-97850.php\" target=\"_blank\"><i class=\"fa fa-chevron-right\" aria-hidden=\"true\"></i> [0xe6][0xa0][0xa1][0xe6][0x99][0xaf][0xe5][0x8d][0xb3][0xe6][0x99][0x82][0xe7][0x9c][0x8b]</a></li>\n                <li><a href=\"http://www.facebook.com/nthu.tw\" target=\"_blank\"><i class=\"fa fa-chevron-right\" aria-hidden=\"true\"></i> NTHU FB</a></li>\n            </ul>\n        </div>\n         <div>\n        \t<ul>\n            \t<li>CONTACT</li>\n                <li><img src=\"images/footer-icon01.png\" alt=\" \">30013 [0xe6][0x96][0xb0][0xe7][0xab][0xb9][0xe5][0xb8][0x82][0xe5][0x85][0x89][0xe5][0xbe][0xa9][0xe8][0xb7][0xaf][0xe4][0xba][0x8c][0xe6][0xae][0xb5]101[0xe8][0x99][0x9f] </li>\n                <li><img src=\"images/footer-icon02.png\" alt=\" \">[0xe7][0xb8][0xbd][0xe6][0xa9][0x9f][0xef][0xbc][0x9a]03-5715131 </li>\n                <li><img src=\"images/footer-icon03.png\" alt=\" \">[0xe7][0xb5][0xb1][0xe4][0xb8][0x80][0xe7][0xb7][0xa8][0xe8][0x99][0x9f][0xef][0xbc][0x9a]46804804 </li>\n                <li><img src=\"images/footer-icon04.png\" alt=\" \"><p>VoIP [0xe7][0xb8][0xbd][0xe6][0xa9][0x9f][0xe4][0xbb][0xa3][0xe8][0xa1][0xa8][0xe8][0x99][0x9f][0xef][0xbc][0x9a]930-50000<br>[0xe8][0xbd][0x89][0xe6][0x8e][0xa5][0xe6][0x88][0x96][0xe7][0x9b][0xb4][0xe6][0x92][0xa5] 930+[0xe5][0x88][0x86][0xe6][0xa9][0x9f][0xe8][0x99][0x9f]</p></li>\n            </ul>\n        </div>   \n    </div>\n</footer>\n</div>\n\n                <noscript>[0xe6][0x9c][0xac]Script[0xe5][0x8a][0x9f][0xe8][0x83][0xbd][0xe6][0x8f][0x90][0xe4][0xbe][0x9b][0xe8][0xb7][0x91][0xe9][0xa6][0xac][0xe7][0x87][0x88][0xe6][0x92][0xad][0xe5][0x8a][0x9f][0xe8][0x83][0xbd][0xef][0xbc][0x8c][0xe8][0x8b][0xa5][0xe6][0x82][0xa8][0xe7][0x9a][0x84][0xe7][0x80][0x8f][0xe8][0xa6][0xbd][0xe5][0x99][0xa8][0xe4][0xb8][0x8d][0xe6][0x94][0xaf][0xe6][0x8f][0xb4][0xe6][0xad][0xa4][0xe9][0xa0][0x85][0xe5][0x8a][0x9f][0xe8][0x83][0xbd][0xef][0xbc][0x8c][0xe4][0xb9][0x9f][0xe4][0xb8][0x8d][0xe5][0xbd][0xb1][0xe9][0x9f][0xbf][0xe4][0xbd][0xa0][0xe9][0x96][0xb1][0xe8][0xae][0x80][0xe6][0x9c][0xac][0xe7][0xb6][0xb2][0xe7][0xab][0x99][0xe8][0xb3][0x87][0xe8][0xa8][0x8a][0xe3][0x80][0x82]</noscript>\n\n        <script type=\"text/javascript\">\n\n            $(window).load(function () {\n                $(\"#flexiselDemo2\").flexisel({\n                    visibleItems: 4,\n                    animationSpeed: 1000,\n                    autoPlay: false,\n                    autoPlaySpeed: 3000,\n                    pauseOnHover: true,\n                    enableResponsiveBreakpoints: true,\n                    responsiveBreakpoints: {\n                        portrait: {\n                            changePoint: 480,\n                            visibleItems: 1\n                        },\n                        landscape: {\n                            changePoint: 640,\n                            visibleItems: 2\n                        },\n                        tablet: {\n                            changePoint: 768,\n                            visibleItems: 3\n                        }\n                    }\n                });\n            });\n\n            $(window).load(function () {\n\n                $(\"#flexiselDemo1\").flexisel({\n                    visibleIte"
04:29:00.467 [Forwarding getPageSource on session ed2d6660-f69e-11e6-a414-872b36aae4a5 to remote] DEBUG org.apache.http.wire - http-outgoing-0 << "ms: 6,\n                    animationSpeed: 1000,\n                    autoPlay: true,\n                    autoPlaySpeed: 6000,\n                    pauseOnHover: true,\n                    enableResponsiveBreakpoints: true,\n                    responsiveBreakpoints: {\n                        portrait: {\n                            changePoint: 480,\n                            visibleItems: 2\n                        },\n                        landscape: {\n                            changePoint: 640,\n                            visibleItems: 3\n                        },\n                        tablet: {\n                            changePoint: 768,\n                            visibleItems: 4\n                        }\n                    }\n                });\n\n            })\n        </script>\n        <noscript>[0xe6][0x9c][0xac]Script[0xe5][0x8a][0x9f][0xe8][0x83][0xbd][0xe6][0x8f][0x90][0xe4][0xbe][0x9b][0xe5][0xb0][0x8f][0xe5][0xbb][0xa3][0xe5][0x91][0x8a][0xe8][0xbc][0xaa][0xe6][0x92][0xad][0xe5][0x8a][0x9f][0xe8][0x83][0xbd][0xef][0xbc][0x8c][0xe8][0x8b][0xa5][0xe6][0x82][0xa8][0xe7][0x9a][0x84][0xe7][0x80][0x8f][0xe8][0xa6][0xbd][0xe5][0x99][0xa8][0xe4][0xb8][0x8d][0xe6][0x94][0xaf][0xe6][0x8f][0xb4][0xe6][0xad][0xa4][0xe9][0xa0][0x85][0xe5][0x8a][0x9f][0xe8][0x83][0xbd][0xef][0xbc][0x8c][0xe4][0xb9][0x9f][0xe4][0xb8][0x8d][0xe5][0xbd][0xb1][0xe9][0x9f][0xbf][0xe4][0xbd][0xa0][0xe9][0x96][0xb1][0xe8][0xae][0x80][0xe6][0x9c][0xac][0xe7][0xb6][0xb2][0xe7][0xab][0x99][0xe8][0xb3][0x87][0xe8][0xa8][0x8a][0xe3][0x80][0x82]</noscript>\n\n    \n\n\n<div class=\"btn-up\"></div></body></html>"}"
04:29:00.467 [Forwarding getPageSource on session ed2d6660-f69e-11e6-a414-872b36aae4a5 to remote] DEBUG org.apache.http.impl.conn.PoolingHttpClientConnectionManager - Connection [id: 0][route: {}->http://localhost:27950] can be kept alive indefinitely
04:29:00.467 [Forwarding getPageSource on session ed2d6660-f69e-11e6-a414-872b36aae4a5 to remote] DEBUG org.apache.http.impl.conn.PoolingHttpClientConnectionManager - Connection released: [id: 0][route: {}->http://localhost:27950][total kept alive: 1; route allocated: 1 of 2000; total allocated: 1 of 2000]
<!DOCTYPE html><html class=" js csstransitions"><head>
        <meta charset="utf-8">
        <title>國立清華大學</title>

        <meta property="og:title" content="國立清華大學">
        <meta property="og:url" content="http://www.nthu.edu.tw/">
        <meta property="og:description" content="國立清華大學-1909年以美國退還庚子賠款，成立游美學務處選派學生留美。1911年設校稱清華學堂。幾經戰亂，1955年復校於新竹。清華大學復校初期重點為原子科學，其後則擴展至理工方面，近十幾年來更積極發展人文社會、生命科學、電機資訊與科技管理；漸漸地，清華已成為一文、理、工均衡發展的學府。秉持「自強不息，厚德載物」校訓，致力培育德、智、體、群、美五育兼優，兼具科學與人文素養的領導者和社會公民。">
        <meta property="og:image" content="http://www.nthu.edu.tw/_img/NTHU-logo.png">
        <meta name="keywords" content="National Tsing Hua University,國立清華大學,清華,清大">
        <meta name="description" content="國立清華大學-1909年以美國退還庚子賠款，成立游美學務處選派學生留美。1911年設校稱清華學堂。幾經戰亂，1955年復校於新竹。清華大學復校初期重點為原子科學，其後則擴展至理工方面，近十幾年來更積極發展人文社會、生命科學、電機資訊與科技管理；漸漸地，清華已成為一文、理、工均衡發展的學府。秉持「自強不息，厚德載物」校訓，致力培育德、智、體、群、美五育兼優，兼具科學與人文素養的領導者和社會公民。">

        <meta name="viewport" content="width=device-width, initial-scale=1.0">
<meta http-equiv="X-UA-Compatible" content="IE=edge,Chrome=1">
<base href="http://www.nthu.edu.tw//public/">
<link rel="shortcut icon" type="image/x-icon" href="http://www.nthu.edu.tw/favicon-nthu.ico"> <!--favicon.ico-->
<!--GA-->
<script async="" src="https://www.google-analytics.com/analytics.js"></script><script>
  (function(i,s,o,g,r,a,m){i['GoogleAnalyticsObject']=r;i[r]=i[r]||function(){
  (i[r].q=i[r].q||[]).push(arguments)},i[r].l=1*new Date();a=s.createElement(o),
  m=s.getElementsByTagName(o)[0];a.async=1;a.src=g;m.parentNode.insertBefore(a,m)
  })(window,document,'script','https://www.google-analytics.com/analytics.js','ga');

  ga('create', 'UA-1517626-6', 'auto');
  ga('send', 'pageview');

</script>
<!--GA-->


<link href="style/reset.css" rel="stylesheet" type="text/css">
<link href="style/header.css" rel="stylesheet" type="text/css">
<link href="style/footer.css" rel="stylesheet" type="text/css">

<!--js-->

<script src="js/jquery-1.8.2.min.js" type="text/javascript"></script>
<script src="js/CreateHTML5Elements.js" type="text/javascript"></script>
<script src="js/jquery.easing.1.3.js" type="text/javascript"></script>
<script src="js/modernizr.custom.js" type="text/javascript"></script>
<script src="js/jquery-ui-1.10.1.custom.min.js" type="text/javascript"></script>
<script src="js/custom.js" type="text/javascript"></script>
<noscript>以上六個Script功能提供基本運作功能，若您的瀏覽器不支援此項功能，也不影響你閱讀本網站資訊。</noscript>

<!-- Menu -->

<script src="js/jquery.meanmenu.js"></script>
<script>
    jQuery(document).ready(function () {
        jQuery('nav').meanmenu();
    });
</script>

<!-- SEARCH -->

<script type="text/javascript">
$(document).ready(function(){
	// search
	$('#searchBtn').click(function () {
		$('#searchForm').attr('action', '/searchUrl/index');

		$('#searchForm').attr('method', 'get');
		$('#searchForm').attr('target', '_blank');
		$('#searchForm').submit();
	})
});
</script>

<noscript>本Script功能提供選單功能，若您的瀏覽器不支援此項功能，也不影響你閱讀本網站資訊。</noscript>

<!--收合-->
<script type="text/javascript">
    function carrousel_show_cover(id) {
        $("#hide_text_" + id).slideToggle(100);
    }

    function carrousel_hide_cover(id) {
        $("#hide_text_" + id).hide(10);
    }
</script>

<script src="js/nthu.js"></script>        <link href="style/index.css" rel="stylesheet" type="text/css">

        <!-- FlexSlider -->
        <script defer="" src="js/jquery.flexslider.js"></script>
        <script type="text/javascript">
            $(window).load(function () {
                $('.flexslider').flexslider({
                    animation: "slide"
                });
            });
        </script>
        <noscript>本Script功能提供廣告輪播功能，若您的瀏覽器不支援此項功能，也不影響你閱讀本網站資訊。</noscript>

        <!-- Flexisel -->
        <script src="js/jquery.flexisel.js"></script>
        <noscript>本Script功能提供小廣告輪播功能，若您的瀏覽器不支援此項功能，也不影響你閱讀本網站資訊。</noscript>

    </head>

    <body class="mean-container"><div class="mean-bar"><a href="#nav" class="meanmenu-reveal" style="background:;color:;right:0;left:auto;"><span></span><span></span><span></span></a><nav class="mean-nav">
	<ul style="display: none;">
    	<li><a href="/about">認識清華</a></li><!--<i class="fa fa-angle-down" aria-hidden="true"></i>-->
        <li><a href="/units/administrative">行政單位</a></li><!--<i class="fa fa-angle-down" aria-hidden="true"></i>-->
        <li><a href="/units/education">教學單位</a></li><!--<i class="fa fa-angle-down" aria-hidden="true"></i>-->
        <li><a href="/units/researchCenter">研究中心</a></li><!--<i class="fa fa-angle-down" aria-hidden="true"></i>-->
        <li><a href="http://www.lib.nthu.edu.tw/" target="_blank">圖書館</a></li><!--<i class="fa fa-angle-down" aria-hidden="true"></i>-->
        <li><a href="http://www.cc.nthu.edu.tw/bin/home.php" target="_blank">計算機與通訊中心</a></li><!--<i class="fa fa-angle-down" aria-hidden="true"></i>-->
        <li><a href="http://admission.nthu.edu.tw/" target="_blank">招生專區</a></li>
        <li><a href="https://www.ccxp.nthu.edu.tw/ccxp/INQUIRE/" target="_blank">校務資訊系統</a></li>
        <li class="mean-last"><a href="http://www.nhcue.edu.tw" target="_blank">南大校區</a></li>
    </ul>
</nav></div>
        <div class="weapper">
<header>
	<div class="container">
        <div class="logo"><a href="/"><img src="images/logo.png" alt="國立清華大學logo"></a></div>
        <div class="top">
		
        	<ul>
				<a href="/sitemap" accesskey="U" class="tab" title="上方選單區">:::</a>
            	<li>
                	<!-- -------------------------- { 搜尋區 } -------------------------- -->
                    <form name="searchForm" id="searchForm" method="get" accept-charset="utf-8">
                        <div class="width-25">
                        	<select id="type" name="type">
                        	  <option>Web</option>
                              <option value="1">People</option>
                              <option value="2">Offices</option>
                        	</select>
                        </div>
                        <div class="width-75 input">
                            <input name="q" id="q" type="text" placeholder="search"><input name="searchBtn" id="searchBtn" type="button">
                        </div>
                    </form>
                    <!-- -------------------------- { 搜尋區 end } -------------------------- -->

                    <div class="width-100 pull-right text">
                        <a href="/sitemap">網站導覽</a> | 
                        <a href="http://ccc-nthudss.vm.nthu.edu.tw/" target="_blank">通訊錄</a> | 
                        <a href="http://dgaa.web.nthu.edu.tw/files/11-1074-2942.php" target="_blank">行事曆</a> | 
                        <a href="http://dud.web.nthu.edu.tw/files/11-1675-9374.php?Lang=zh-tw" target="_blank">捐款</a> | 
                        <a href="http://nthu-en.web.nthu.edu.tw/bin/home.php" target="_blank">English</a>
                    </div>
                </li>
                <li>
                    <a href="/entrance/student">在校生</a> | 
                    <a href="http://oga.nthu.edu.tw/" target="_blank">International Students</a> | 
                    <a href="http://gsa.web.nthu.edu.tw/files/11-1146-3222.php" target="_blank">僑 生</a> | 
                    <a href="http://oga.nthu.edu.tw/cont.php?id=398&amp;m=m141&amp;mm=mm142&amp;tc=8&amp;lang=big5" target="_blank">陸  生</a><span>|</span>
                </li>

                <li>
                    <a href="/entrance/teacher">教職員</a> | 
                    <a href="http://alumni.web.nthu.edu.tw/bin/home.php" target="_blank">校友</a> | 
                    <a href="http://admission.nthu.edu.tw/" target="_blank">未來學生</a> | 
                    <a href="/entrance/visitor">訪 客</a> | 
                    <a href="http://www1.nthu.edu.tw/" target="_blank">舊版首頁</a>
                </li>

                <li>
                    <a href="/hotNews">首頁故事</a> | 
                    <a href="/periodical">清華簡訊</a> | 
                    <a href="/newsLetter">NTHU Newsletter</a>
                </li>

                

            </ul>
        </div>
    </div>
</header>

<section>
<div class="container">
    <div class="mean-push"></div><nav class="main_menu" style="display: none;">
	<ul>
    	<li><a href="/about">認識清華</a></li><!--<i class="fa fa-angle-down" aria-hidden="true"></i>-->
        <li><a href="/units/administrative">行政單位</a></li><!--<i class="fa fa-angle-down" aria-hidden="true"></i>-->
        <li><a href="/units/education">教學單位</a></li><!--<i class="fa fa-angle-down" aria-hidden="true"></i>-->
        <li><a href="/units/researchCenter">研究中心</a></li><!--<i class="fa fa-angle-down" aria-hidden="true"></i>-->
        <li><a href="http://www.lib.nthu.edu.tw/" target="_blank">圖書館</a></li><!--<i class="fa fa-angle-down" aria-hidden="true"></i>-->
        <li><a href="http://www.cc.nthu.edu.tw/bin/home.php" target="_blank">計算機與通訊中心</a></li><!--<i class="fa fa-angle-down" aria-hidden="true"></i>-->
        <li><a href="http://admission.nthu.edu.tw/" target="_blank">招生專區</a></li>
        <li><a href="https://www.ccxp.nthu.edu.tw/ccxp/INQUIRE/" target="_blank">校務資訊系統</a></li>
        <li><a href="http://www.nhcue.edu.tw" target="_blank">南大校區</a></li>
    </ul>
</nav>
        <a href="" accesskey="L" class="tab" title="中間內容區">:::</a>

                    <!-- 首頁故事 -->
            <div class="slider">
                <div class="flexslider">
                    
                <div class="flex-viewport" style="overflow: hidden; position: relative;"><ul class="slides" style="width: 1400%; -webkit-transition: 0s; transition: 0s; -webkit-transform: translate3d(-380px, 0, 0);"><li class="clone" aria-hidden="true" style="width: 380px; float: left; display: block;"><a href="/hotNews/content/284"><img src="/images/hnMain_148541201827.jpg" alt="本校「運動績優」招生 名額增6成" draggable="false"><div>本校「運動績優」招生 名額增6成</div></a></li>
<li style="width: 380px; float: left; display: block;" class="flex-active-slide"><a href="http://admission.nthu.edu.tw/" target="_blank"><img src="/images/hnMain_148541547087.JPG" alt="站在清華的肩膀上圓夢    歡迎高三生選擇清華" draggable="false"><div>站在清華的肩膀上圓夢    歡迎高三生選擇清華</div></a></li>
                                                    <li style="width: 380px; float: left; display: block;"><a href="/hotNews/content/325"><img src="/images/hnMain_148723636049.jpg" alt="科技加人文 清華竹大合校招生更加分" draggable="false"><div>科技加人文 清華竹大合校招生更加分</div></a></li>
                                                    <li style="width: 380px; float: left; display: block;"><a href="/hotNews/content/287"><img src="/images/hnMain_148696890179.jpg" alt="高三學習不打烊 本校「放心學雲端教室」將開直播" draggable="false"><div>高三學習不打烊 本校「放心學雲端教室」將開直播</div></a></li>
                                                    <li style="width: 380px; float: left; display: block;"><a href="/hotNews/content/285"><img src="/images/hnMain_148541260958.jpg" alt="高中教師清華營 首度參訪南大校區" draggable="false"><div>高中教師清華營 首度參訪南大校區</div></a></li>
                                                    <li style="width: 380px; float: left; display: block;"><a href="/hotNews/content/284"><img src="/images/hnMain_148541201827.jpg" alt="本校「運動績優」招生 名額增6成" draggable="false"><div>本校「運動績優」招生 名額增6成</div></a></li>
                                            <li style="width: 380px; float: left; display: block;" class="clone" aria-hidden="true"><a href="http://admission.nthu.edu.tw/" target="_blank"><img src="/images/hnMain_148541547087.JPG" alt="站在清華的肩膀上圓夢    歡迎高三生選擇清華" draggable="false"><div>站在清華的肩膀上圓夢    歡迎高三生選擇清華</div></a></li></ul></div><ol class="flex-control-nav flex-control-paging"><li><a class="flex-active">1</a></li><li><a>2</a></li><li><a>3</a></li><li><a>4</a></li><li><a>5</a></li></ol><ul class="flex-direction-nav"><li class="flex-nav-prev"><a class="flex-prev" href="#">Previous</a></li><li class="flex-nav-next"><a class="flex-next" href="#">Next</a></li></ul></div>
            </div>
            <!-- 首頁故事 end -->
        
        <div class="width-100 main">

            
                            <!-- 卓越獎項 -->
                <div>
                    <h1>卓 越 獎 項</h1>
                    <ul>
                                                    <li><a href="/award/content/109">物理系果尚志教授榮獲侯金堆傑出榮譽獎</a></li>
                                                    <li><a href="/award/content/108">工工系簡禎富教授榮獲行政院傑出科技貢獻獎</a></li>
                                                    <li><a href="/award/content/107">化工系陳信文教授榮獲美國TMS學會｢2017年功能性材料傑出科學家/工程師獎｣</a></li>
                                                    <li><a href="/award/content/106">化工系黃振煌助理教授榮獲2016年百大科技研發獎(R&amp;D 100 Awards)</a></li>
                                                    <li><a href="/award/content/105">生科院江安世院長當選TWAS新任院士</a></li>
                                                    <li><a href="/award/content/104">化學系王素蘭教授、物理系郭瑞年教授及電機系張正尚教授榮獲教育部第20屆國家講座</a></li>
                                                <a href="/award">Read more</a>
                    </ul>
                </div>
                <!-- 卓越獎項 end -->
            
                            <!-- 清華新聞 -->
                <div>
                    <h1>清 華 新 聞</h1>
                                            <div>
                            <div class="width-28"><img src="/images/news_148643185054.jpg" alt="清華「運動績優」招生 名額增6成 "></div>
                            <div class="width-72">
                                <p class="fontsize18">清華「運動績優」招生 名額增6成 </p>
                                <p>&nbsp;國立清華大學106學年度擴大「運動績優」招生，名額由前一學年的18名增加到31...<a href="http://secretary.web.nthu.edu.tw/files/15-1160-113523,c8330-1.php?Lang=zh-tw" target="_blank">Read more</a></p>
                            </div>
                        </div>
                                            <div>
                            <div class="width-28"><img src="/images/news_148472791538.jpg" alt="清華首招天文物理組 號召高中生探索宇宙"></div>
                            <div class="width-72">
                                <p class="fontsize18">清華首招天文物理組 號召高中生探索宇宙</p>
                                <p>&nbsp;有些學生從小就對天文著迷，立志要探索宇宙，但國內大學卻沒有專門的天文系，...<a href="http://secretary.web.nthu.edu.tw/files/15-1160-113147,c8330-1.php?Lang=zh-tw" target="_blank">Read more</a></p>
                            </div>
                        </div>
                                            <div>
                            <div class="width-28"><img src="/images/news_148472787696.jpg" alt="復健神器！清華穿戴式機器人輔具幫中風患者獲..."></div>
                            <div class="width-72">
                                <p class="fontsize18">復健神器！清華穿戴式機器人輔具幫中風患者獲...</p>
                                <p>&nbsp;將5根手指套上特製的機械手，在機器引導下，手可靈活的做出開合、握拳、比劃...<a href="http://secretary.web.nthu.edu.tw/files/15-1160-112362,c8330-1.php?Lang=zh-tw" target="_blank">Read more</a></p>
                            </div>
                        </div>
                                            <div>
                            <div class="width-28"><img src="/images/news_148152726063.jpg" alt="「梅」不勝收 清華梅園再植百棵新梅"></div>
                            <div class="width-72">
                                <p class="fontsize18">「梅」不勝收 清華梅園再植百棵新梅</p>
                                <p>國立清華大學「梅園」為前校長梅貽琦長眠之地，園內遍植梅樹，每年梅花盛開季節常吸...<a href="http://secretary.web.nthu.edu.tw/files/15-1160-111204,c8330-1.php?Lang=zh-tw" target="_blank">Read more</a></p>
                            </div>
                        </div>
                                    </div>
                <!-- 清華新聞 end -->
            
                            <!-- 影音新聞 -->
                <div>
                    <h1>影 音 新 聞</h1>
                                            <div class="width-100 video">
                            <div class="width-65"><iframe width="560" height="315" src="https://www.youtube.com/embed/o36XuPef--c" frameborder="0" allowfullscreen="" title="科技加人文 清華竹大合校招生更加分"></iframe></div>
                            <div class="width-35">
                                <p class="fontsize18">國立清華大學與新竹教育大學合校後於今年首度招生，清華強調的跨領域雙專長組合，將由原來約150種增加到350種以上，清華過去兩年的大學部畢業生已有2成具雙專長，科技加上藝術人文的新專長組合，將為清華學生未來就業創業加值；有企業家十分贊同清華培育...</p>
                            </div>
                            <a href="http://nthunews.media.nthu.edu.tw/" target="_blank">Read more</a>
                        </div>
                                    </div>
                <!-- 影音新聞 end -->
            
                            <!-- 媒體報導 -->
                <div>
                    <h1>媒 體 報 導</h1>
                    <ul>
                                                    <li><a href="/mediaReport/content/151">清大、竹教大合併後 雙專長選擇暴增至300多種</a></li>
                                                    <li><a href="/mediaReport/content/150">頂大唯一！清大「竹師教育學院」 幼教到中學完整師培</a></li>
                                                    <li><a href="/mediaReport/content/149">頂大唯一完整師培 清大祭獎學金育才</a></li>
                                                    <li><a href="/mediaReport/content/148">清華竹教大合併首招生 幼教加科技創造雙專長</a></li>
                                                    <li><a href="/mediaReport/content/147">科技加人文 清大、竹教併校後首度招生</a></li>
                                                    <li><a href="/mediaReport/content/146">頂標生快挑戰！ 竹師教育獎學金 4年領40萬</a></li>
                                                    <li><a href="/mediaReport/content/145">合併後首招生　清大主打超過350種雙專長組合可選擇</a></li>
                                                    <li><a href="/mediaReport/content/144">清大併竹教大後利多！頂標錄取教育學院最高領40萬元</a></li>
                                                    <li><a href="/mediaReport/content/143">工程領域梁正宏跨足文學　發表夢散文集</a></li>
                                                    <li><a href="/mediaReport/content/142">如果種子有夢 半生日記譜一片夢田</a></li>
                                                <a href="/mediaReport">Read more</a>
                    </ul>
                </div>
                <!-- 媒體報導 end -->
            
        </div>

                    <!-- 校內活動 -->
            <div class="width-100">
                <h1>校 內 活 動</h1>
                <div class="nbs-flexisel-container"><div class="nbs-flexisel-inner"><ul id="flexiselDemo2" class="nbs-flexisel-ul" style="left: -350px; display: block;">
                                            <li class="nbs-flexisel-item" style="width: 350px;">
                            <div>
                                <a href="http://bulletin.web.nthu.edu.tw/files/14-1912-112336,r5085-1.php?Lang=zh-tw" target="_blank"><img src="/images/event_148299488974.jpg" alt="【清一下】清華影音新聞平台徵求校園記者"></a>
                                <p>
                                    <span>【清一下】清華影音新聞平台徵求校園記者</span>
                                    <br><br>歡迎校內對新聞影音製作有興趣的同學報名<br><br>
                                    <span>聯絡資訊：公共事務組曾小姐</span>
                                    <a href="http://bulletin.web.nthu.edu.tw/files/14-1912-112336,r5085-1.php?Lang=zh-tw" target="_blank">Read more</a>
                                </p>
                            </div>
                        </li><li class="nbs-flexisel-item" style="width: 350px;">
                            <div>
                                <a href="https://www.facebook.com/梅竹籌備委員會-158800937594805/" target="_blank"><img src="/images/event_148637082798.png" alt="「清交友立四九載，丁酉梅竹賽春芳」"></a>
                                <p>
                                    <span>「清交友立四九載，丁酉梅竹賽春芳」</span>
                                    <br><br>丁酉梅竹將於2/24~2/26舉行<br><br>
                                    <span>邀請大家一同來為梅竹賽選手加油</span>
                                    <a href="https://www.facebook.com/梅竹籌備委員會-158800937594805/" target="_blank">Read more</a>
                                </p>
                            </div>
                        </li>
                                            <li class="nbs-flexisel-item" style="width: 350px;">
                            <div>
                                <a href="http://artscenter.web.nthu.edu.tw/files/14-1898-113677,r11-1.php?Lang=zh-tw" target="_blank"><img src="/images/event_148635391477.jpg" alt="【在一如往常的日子裡】-陳紹予的藝術工坊展覽"></a>
                                <p>
                                    <span>【在一如往常的日子裡】-陳紹予的藝術工坊展覽</span>
                                    <br><br>2/15(三)~3/29(三)在藝術工坊展出<br><br>
                                    <span>歡迎前往觀賞</span>
                                    <a href="http://artscenter.web.nthu.edu.tw/files/14-1898-113677,r11-1.php?Lang=zh-tw" target="_blank">Read more</a>
                                </p>
                            </div>
                        </li>
                                            <li class="nbs-flexisel-item" style="width: 350px;">
                            <div>
                                <a href="http://artscenter.web.nthu.edu.tw/files/14-1898-113667,r11-1.php?Lang=zh-tw" target="_blank"><img src="/images/event_148635385989.jpg" alt="微櫥窗【初識之無】陳令洋書法展"></a>
                                <p>
                                    <span>微櫥窗【初識之無】陳令洋書法展</span>
                                    <br><br>2/8(三)~3/29(三)在藝術創意空間展出<br><br>
                                    <span>歡迎前往觀賞</span>
                                    <a href="http://artscenter.web.nthu.edu.tw/files/14-1898-113667,r11-1.php?Lang=zh-tw" target="_blank">Read more</a>
                                </p>
                            </div>
                        </li>
                                            <li class="nbs-flexisel-item" style="width: 350px;">
                            <div>
                                <a href="http://artscenter.web.nthu.edu.tw/files/14-1898-113639,r11-1.php?Lang=zh-tw" target="_blank"><img src="/images/event_148635380526.jpg" alt="意 象 詩 境 吳建松創作個展"></a>
                                <p>
                                    <span>意 象 詩 境 吳建松創作個展</span>
                                    <br><br>展覽日期： 2/20(一)至 3/19(日)<br><br>
                                    <span>開幕茶會&amp;面對面藝術導覽： 2/20(一)上午10:15</span>
                                    <a href="http://artscenter.web.nthu.edu.tw/files/14-1898-113639,r11-1.php?Lang=zh-tw" target="_blank">Read more</a>
                                </p>
                            </div>
                        </li>
                                            <li class="nbs-flexisel-item" style="width: 350px;">
                            <div>
                                <a href="http://artscenter.web.nthu.edu.tw/files/14-1898-107874,r11-1.php?Lang=zh-tw" target="_blank"><img src="/images/event_148367138868.jpg" alt="「人類時代．生活電影」 桃竹苗十三校跨校聯展徵件"></a>
                                <p>
                                    <span>「人類時代．生活電影」 桃竹苗十三校跨校聯展徵件</span>
                                    <br><br>徵件時間：即日起至2/28截止報名與收件<br><br>
                                    <span>徵件對象：清大員工生、社區民眾皆可報名</span>
                                    <a href="http://artscenter.web.nthu.edu.tw/files/14-1898-107874,r11-1.php?Lang=zh-tw" target="_blank">Read more</a>
                                </p>
                            </div>
                        </li>
                                            <li class="nbs-flexisel-item" style="width: 350px;">
                            <div>
                                <a href="http://bulletin.web.nthu.edu.tw/files/14-1912-112336,r5085-1.php?Lang=zh-tw" target="_blank"><img src="/images/event_148299488974.jpg" alt="【清一下】清華影音新聞平台徵求校園記者"></a>
                                <p>
                                    <span>【清一下】清華影音新聞平台徵求校園記者</span>
                                    <br><br>歡迎校內對新聞影音製作有興趣的同學報名<br><br>
                                    <span>聯絡資訊：公共事務組曾小姐</span>
                                    <a href="http://bulletin.web.nthu.edu.tw/files/14-1912-112336,r5085-1.php?Lang=zh-tw" target="_blank">Read more</a>
                                </p>
                            </div>
                        </li>
                                    <li class="nbs-flexisel-item" style="width: 350px;">
                            <div>
                                <a href="https://www.facebook.com/梅竹籌備委員會-158800937594805/" target="_blank"><img src="/images/event_148637082798.png" alt="「清交友立四九載，丁酉梅竹賽春芳」"></a>
                                <p>
                                    <span>「清交友立四九載，丁酉梅竹賽春芳」</span>
                                    <br><br>丁酉梅竹將於2/24~2/26舉行<br><br>
                                    <span>邀請大家一同來為梅竹賽選手加油</span>
                                    <a href="https://www.facebook.com/梅竹籌備委員會-158800937594805/" target="_blank">Read more</a>
                                </p>
                            </div>
                        </li><li class="nbs-flexisel-item" style="width: 350px;">
                            <div>
                                <a href="http://artscenter.web.nthu.edu.tw/files/14-1898-113677,r11-1.php?Lang=zh-tw" target="_blank"><img src="/images/event_148635391477.jpg" alt="【在一如往常的日子裡】-陳紹予的藝術工坊展覽"></a>
                                <p>
                                    <span>【在一如往常的日子裡】-陳紹予的藝術工坊展覽</span>
                                    <br><br>2/15(三)~3/29(三)在藝術工坊展出<br><br>
                                    <span>歡迎前往觀賞</span>
                                    <a href="http://artscenter.web.nthu.edu.tw/files/14-1898-113677,r11-1.php?Lang=zh-tw" target="_blank">Read more</a>
                                </p>
                            </div>
                        </li><li class="nbs-flexisel-item" style="width: 350px;">
                            <div>
                                <a href="http://artscenter.web.nthu.edu.tw/files/14-1898-113667,r11-1.php?Lang=zh-tw" target="_blank"><img src="/images/event_148635385989.jpg" alt="微櫥窗【初識之無】陳令洋書法展"></a>
                                <p>
                                    <span>微櫥窗【初識之無】陳令洋書法展</span>
                                    <br><br>2/8(三)~3/29(三)在藝術創意空間展出<br><br>
                                    <span>歡迎前往觀賞</span>
                                    <a href="http://artscenter.web.nthu.edu.tw/files/14-1898-113667,r11-1.php?Lang=zh-tw" target="_blank">Read more</a>
                                </p>
                            </div>
                        </li><li class="nbs-flexisel-item" style="width: 350px;">
                            <div>
                                <a href="http://artscenter.web.nthu.edu.tw/files/14-1898-113639,r11-1.php?Lang=zh-tw" target="_blank"><img src="/images/event_148635380526.jpg" alt="意 象 詩 境 吳建松創作個展"></a>
                                <p>
                                    <span>意 象 詩 境 吳建松創作個展</span>
                                    <br><br>展覽日期： 2/20(一)至 3/19(日)<br><br>
                                    <span>開幕茶會&amp;面對面藝術導覽： 2/20(一)上午10:15</span>
                                    <a href="http://artscenter.web.nthu.edu.tw/files/14-1898-113639,r11-1.php?Lang=zh-tw" target="_blank">Read more</a>
                                </p>
                            </div>
                        </li><li class="nbs-flexisel-item" style="width: 350px;">
                            <div>
                                <a href="http://artscenter.web.nthu.edu.tw/files/14-1898-107874,r11-1.php?Lang=zh-tw" target="_blank"><img src="/images/event_148367138868.jpg" alt="「人類時代．生活電影」 桃竹苗十三校跨校聯展徵件"></a>
                                <p>
                                    <span>「人類時代．生活電影」 桃竹苗十三校跨校聯展徵件</span>
                                    <br><br>徵件時間：即日起至2/28截止報名與收件<br><br>
                                    <span>徵件對象：清大員工生、社區民眾皆可報名</span>
                                    <a href="http://artscenter.web.nthu.edu.tw/files/14-1898-107874,r11-1.php?Lang=zh-tw" target="_blank">Read more</a>
                                </p>
                            </div>
                        </li></ul><div class="nbs-flexisel-nav-left" style="top: 219px;"></div><div class="nbs-flexisel-nav-right" style="top: 219px;"></div></div></div>
                <div class="clearout"></div>
            </div>
            <!-- -校內活動 end -->
        
                    <!-- 下方橫幅輪播 -->
            <div class="width-100 link">
                <div class="nbs-flexisel-container"><div class="nbs-flexisel-inner"><ul id="flexiselDemo1" class="nbs-flexisel-ul" style="left: -175px; display: block;">
                                            <li class="nbs-flexisel-item" style="width: 175px;"><a href="http://www.ust.edu.tw/" target="_blank"><img src="/images/a6.jpg" alt="台灣聯合大學系統"></a></li><li class="nbs-flexisel-item" style="width: 175px;"><a href="http://pims.web.nthu.edu.tw" target="_blank"><img src="/images/activity_148067125998.jpg" alt="個資保護專區"></a></li>
                                            <li class="nbs-flexisel-item" style="width: 175px;"><a href="http://top100.web.nthu.edu.tw" target="_blank"><img src="/images/activity_147756056815.jpg" alt="邁向頂尖大學"></a></li>
                                            <li class="nbs-flexisel-item" style="width: 175px;"><a href="http://info.web.nthu.edu.tw/bin/home.php" target="_blank"><img src="/images/activity_147756052156.jpg" alt="校務資訊公開"></a></li>
                                            <li class="nbs-flexisel-item" style="width: 175px;"><a href="http://college.nthu.edu.tw" target="_blank"><img src="/images/activity_147756049127.jpg" alt="住宿書院"></a></li>
                                            <li class="nbs-flexisel-item" style="width: 175px;"><a href="http://st.web.nthu.edu.tw/files/11-1884-11079.php" target="_blank"><img src="/images/activity_147756046892.jpg" alt="跨領域學習"></a></li>
                                            <li class="nbs-flexisel-item" style="width: 175px;"><a href="http://gencom.web.nthu.edu.tw" target="_blank"><img src="/images/activity_147756032748.jpg" alt="性平教育資訊"></a></li>
                                            <li class="nbs-flexisel-item" style="width: 175px;"><a href="http://www1.nthu.edu.tw/nobel/index.php" target="_blank"><img src="/images/a2.jpg" alt="諾貝爾大師在清華"></a></li>
                                            <li class="nbs-flexisel-item" style="width: 175px;"><a href="http://www.nthu.edu.tw/about/CIS" target="_blank"><img src="/images/a10.jpg" alt="清華品牌管理"></a></li>
                                            <li class="nbs-flexisel-item" style="width: 175px;"><a href="http://ocic.nthu.edu.tw/ocic/Content02.aspx?c=menu02" target="_blank"><img src="/images/a12.jpg" alt="產學合作資訊平台"></a></li>
                                            <li class="nbs-flexisel-item" style="width: 175px;"><a href="http://nesh.web.nthu.edu.tw/files/11-1021-9390.php" target="_blank"><img src="/images/a13.jpg" alt="垃圾不落地專區"></a></li>
                                            <li class="nbs-flexisel-item" style="width: 175px;"><a href="http://www.ust.edu.tw/" target="_blank"><img src="/images/a6.jpg" alt="台灣聯合大學系統"></a></li>
                                    <li class="nbs-flexisel-item" style="width: 175px;"><a href="http://pims.web.nthu.edu.tw" target="_blank"><img src="/images/activity_148067125998.jpg" alt="個資保護專區"></a></li><li class="nbs-flexisel-item" style="width: 175px;"><a href="http://top100.web.nthu.edu.tw" target="_blank"><img src="/images/activity_147756056815.jpg" alt="邁向頂尖大學"></a></li><li class="nbs-flexisel-item" style="width: 175px;"><a href="http://info.web.nthu.edu.tw/bin/home.php" target="_blank"><img src="/images/activity_147756052156.jpg" alt="校務資訊公開"></a></li><li class="nbs-flexisel-item" style="width: 175px;"><a href="http://college.nthu.edu.tw" target="_blank"><img src="/images/activity_147756049127.jpg" alt="住宿書院"></a></li><li class="nbs-flexisel-item" style="width: 175px;"><a href="http://st.web.nthu.edu.tw/files/11-1884-11079.php" target="_blank"><img src="/images/activity_147756046892.jpg" alt="跨領域學習"></a></li><li class="nbs-flexisel-item" style="width: 175px;"><a href="http://gencom.web.nthu.edu.tw" target="_blank"><img src="/images/activity_147756032748.jpg" alt="性平教育資訊"></a></li><li class="nbs-flexisel-item" style="width: 175px;"><a href="http://www1.nthu.edu.tw/nobel/index.php" target="_blank"><img src="/images/a2.jpg" alt="諾貝爾大師在清華"></a></li><li class="nbs-flexisel-item" style="width: 175px;"><a href="http://www.nthu.edu.tw/about/CIS" target="_blank"><img src="/images/a10.jpg" alt="清華品牌管理"></a></li><li class="nbs-flexisel-item" style="width: 175px;"><a href="http://ocic.nthu.edu.tw/ocic/Content02.aspx?c=menu02" target="_blank"><img src="/images/a12.jpg" alt="產學合作資訊平台"></a></li><li class="nbs-flexisel-item" style="width: 175px;"><a href="http://nesh.web.nthu.edu.tw/files/11-1021-9390.php" target="_blank"><img src="/images/a13.jpg" alt="垃圾不落地專區"></a></li></ul><div class="nbs-flexisel-nav-left" style="top: 25.5px;"></div><div class="nbs-flexisel-nav-right" style="top: 25.5px;"></div></div></div>
                <div class="clearout"></div>
            </div>
            <!-- 下方橫幅輪播 end -->
        
        <!-- 下方大項 -->
        <div class="width-100 icon">
            <div><a href="http://nthu-president.vm.nthu.edu.tw/" target="_blank"><img src="images/icon01.png" alt="校長信箱"><p>校長信箱</p></a></div>
            <div><a href="https://www.ccxp.nthu.edu.tw/ccxp/INQUIRE/OT/QA/" target="_blank"><img src="images/icon03.png" alt="合校Q &amp; A"><p>合校Q &amp; A</p></a></div>
            <div><a href="http://www1.nthu.edu.tw/reporting.php" target="_blank"><img src="images/icon02.png" alt="意見反應通報"><p>意見反應通報</p></a></div>
            <div><a href="http://bulletin.web.nthu.edu.tw/" target="_blank"><img src="images/icon05.png" alt="公告與活動"><p>公告與活動</p></a></div>
            <div><a href="http://www1.nthu.edu.tw/focuson.php" target="_blank"><img src="images/icon04.png" alt="清華焦點"><p>清華焦點</p></a></div>
        </div>
        <!-- 下方大項 -->

        </div>
</section>
<footer>
	<div class="container">
    	<div><a href="/sitemap" accesskey="B" class="tab" title="下方內容區">:::</a><a href="/"><img src="images/footer-logo.png" alt="國立清華大學logo"></a></div>
        <div>
        	<ul>
            	<li>Copyright©2017<br>National Tsing Hua<br>University ALL<br>RIGHTS RESERVED.</li>
                <li><a href="mailto:web@cc.nthu.edu.tw" target="_blank"><i class="fa fa-chevron-right" aria-hidden="true"></i> 聯絡我們</a></li>
                <li><a href="http://campusmap.cc.nthu.edu.tw/" target="_blank"><i class="fa fa-chevron-right" aria-hidden="true"></i> 校園地圖</a></li>
                <li><a href="http://my.nthu.edu.tw/~maps3d/" target="_blank"><i class="fa fa-chevron-right" aria-hidden="true"></i> 3D校園導覽</a></li>
                <li><a href="http://campusmap.cc.nthu.edu.tw/graphics/nthu_campus_map.jpg" target="_blank"><i class="fa fa-chevron-right" aria-hidden="true"></i> 校園導覽圖</a></li>
            </ul>
        </div>
        <div>
        	<ul>
            	<li>QUICK LINK</li>
                <li><a href="http://www1.nthu.edu.tw/elearning2.php"><i class="fa fa-chevron-right" aria-hidden="true"></i> 數位學習 / 線上課程</a></li>
                <li><a href="http://academic.web.nthu.edu.tw/files/90-1009-6.php" target="_blank"><i class="fa fa-chevron-right" aria-hidden="true"></i> 獎學金</a></li>
                <li><a href="http://eas.web.nthu.edu.tw/files/11-1161-3647.php" target="_blank"><i class="fa fa-chevron-right" aria-hidden="true"></i> 社團資訊</a></li>
                <li><a href="http://www.media.nthu.edu.tw/channel/show/id/90" target="_blank"><i class="fa fa-chevron-right" aria-hidden="true"></i> 清華簡介</a></li>
                <li><a href="http://livecam.web.nthu.edu.tw/files/14-1931-97850.php" target="_blank"><i class="fa fa-chevron-right" aria-hidden="true"></i> 校景即時看</a></li>
                <li><a href="http://www.facebook.com/nthu.tw" target="_blank"><i class="fa fa-chevron-right" aria-hidden="true"></i> NTHU FB</a></li>
            </ul>
        </div>
         <div>
        	<ul>
            	<li>CONTACT</li>
                <li><img src="images/footer-icon01.png" alt=" ">30013 新竹市光復路二段101號 </li>
                <li><img src="images/footer-icon02.png" alt=" ">總機：03-5715131 </li>
                <li><img src="images/footer-icon03.png" alt=" ">統一編號：46804804 </li>
                <li><img src="images/footer-icon04.png" alt=" "><p>VoIP 總機代表號：930-50000<br>轉接或直撥 930+分機號</p></li>
            </ul>
        </div>   
    </div>
</footer>
</div>

                <noscript>本Script功能提供跑馬燈播功能，若您的瀏覽器不支援此項功能，也不影響你閱讀本網站資訊。</noscript>

        <script type="text/javascript">

            $(window).load(function () {
                $("#flexiselDemo2").flexisel({
                    visibleItems: 4,
                    animationSpeed: 1000,
                    autoPlay: false,
                    autoPlaySpeed: 3000,
                    pauseOnHover: true,
                    enableResponsiveBreakpoints: true,
                    responsiveBreakpoints: {
                        portrait: {
                            changePoint: 480,
                            visibleItems: 1
                        },
                        landscape: {
                            changePoint: 640,
                            visibleItems: 2
                        },
                        tablet: {
                            changePoint: 768,
                            visibleItems: 3
                        }
                    }
                });
            });

            $(window).load(function () {

                $("#flexiselDemo1").flexisel({
                    visibleItems: 6,
                    animationSpeed: 1000,
                    autoPlay: true,
                    autoPlaySpeed: 6000,
                    pauseOnHover: true,
                    enableResponsiveBreakpoints: true,
                    responsiveBreakpoints: {
                        portrait: {
                            changePoint: 480,
                            visibleItems: 2
                        },
                        landscape: {
                            changePoint: 640,
                            visibleItems: 3
                        },
                        tablet: {
                            changePoint: 768,
                            visibleItems: 4
                        }
                    }
                });

            })
        </script>
        <noscript>本Script功能提供小廣告輪播功能，若您的瀏覽器不支援此項功能，也不影響你閱讀本網站資訊。</noscript>

    


<div class="btn-up"></div></body></html>

04:29:00.488 [Forwarding get on session ed2d6660-f69e-11e6-a414-872b36aae4a5 to remote] DEBUG org.apache.http.client.protocol.RequestAddCookies - CookieSpec selected: default
04:29:00.488 [Forwarding get on session ed2d6660-f69e-11e6-a414-872b36aae4a5 to remote] DEBUG org.apache.http.client.protocol.RequestAuthCache - Auth cache not set in the context
04:29:00.488 [Forwarding get on session ed2d6660-f69e-11e6-a414-872b36aae4a5 to remote] DEBUG org.apache.http.impl.conn.PoolingHttpClientConnectionManager - Connection request: [route: {}->http://localhost:27950][total kept alive: 1; route allocated: 1 of 2000; total allocated: 1 of 2000]
04:29:00.488 [Forwarding get on session ed2d6660-f69e-11e6-a414-872b36aae4a5 to remote] DEBUG org.apache.http.impl.conn.PoolingHttpClientConnectionManager - Connection leased: [id: 0][route: {}->http://localhost:27950][total kept alive: 0; route allocated: 1 of 2000; total allocated: 1 of 2000]
04:29:00.489 [Forwarding get on session ed2d6660-f69e-11e6-a414-872b36aae4a5 to remote] DEBUG org.apache.http.impl.execchain.MainClientExec - Stale connection check
04:29:00.491 [Forwarding get on session ed2d6660-f69e-11e6-a414-872b36aae4a5 to remote] DEBUG org.apache.http.wire - http-outgoing-0 << "[read] I/O error: Read timed out"
04:29:00.491 [Forwarding get on session ed2d6660-f69e-11e6-a414-872b36aae4a5 to remote] DEBUG org.apache.http.impl.conn.DefaultManagedHttpClientConnection - http-outgoing-0: set socket timeout to 10800000
04:29:00.491 [Forwarding get on session ed2d6660-f69e-11e6-a414-872b36aae4a5 to remote] DEBUG org.apache.http.impl.execchain.MainClientExec - Executing request POST /session/ed2d6660-f69e-11e6-a414-872b36aae4a5/url HTTP/1.1
04:29:00.491 [Forwarding get on session ed2d6660-f69e-11e6-a414-872b36aae4a5 to remote] DEBUG org.apache.http.impl.execchain.MainClientExec - Target auth state: UNCHALLENGED
04:29:00.499 [Forwarding get on session ed2d6660-f69e-11e6-a414-872b36aae4a5 to remote] DEBUG org.apache.http.impl.execchain.MainClientExec - Proxy auth state: UNCHALLENGED
04:29:00.503 [Forwarding get on session ed2d6660-f69e-11e6-a414-872b36aae4a5 to remote] DEBUG org.apache.http.headers - http-outgoing-0 >> POST /session/ed2d6660-f69e-11e6-a414-872b36aae4a5/url HTTP/1.1
04:29:00.504 [Forwarding get on session ed2d6660-f69e-11e6-a414-872b36aae4a5 to remote] DEBUG org.apache.http.headers - http-outgoing-0 >> Content-Type: application/json; charset=utf-8
04:29:00.504 [Forwarding get on session ed2d6660-f69e-11e6-a414-872b36aae4a5 to remote] DEBUG org.apache.http.headers - http-outgoing-0 >> Content-Length: 32
04:29:00.504 [Forwarding get on session ed2d6660-f69e-11e6-a414-872b36aae4a5 to remote] DEBUG org.apache.http.headers - http-outgoing-0 >> Host: localhost:27950
04:29:00.504 [Forwarding get on session ed2d6660-f69e-11e6-a414-872b36aae4a5 to remote] DEBUG org.apache.http.headers - http-outgoing-0 >> Connection: Keep-Alive
04:29:00.504 [Forwarding get on session ed2d6660-f69e-11e6-a414-872b36aae4a5 to remote] DEBUG org.apache.http.headers - http-outgoing-0 >> User-Agent: Apache-HttpClient/4.5.2 (Java/1.8.0_121)
04:29:00.504 [Forwarding get on session ed2d6660-f69e-11e6-a414-872b36aae4a5 to remote] DEBUG org.apache.http.headers - http-outgoing-0 >> Accept-Encoding: gzip,deflate
04:29:00.504 [Forwarding get on session ed2d6660-f69e-11e6-a414-872b36aae4a5 to remote] DEBUG org.apache.http.wire - http-outgoing-0 >> "POST /session/ed2d6660-f69e-11e6-a414-872b36aae4a5/url HTTP/1.1[\r][\n]"
04:29:00.507 [Forwarding get on session ed2d6660-f69e-11e6-a414-872b36aae4a5 to remote] DEBUG org.apache.http.wire - http-outgoing-0 >> "Content-Type: application/json; charset=utf-8[\r][\n]"
04:29:00.507 [Forwarding get on session ed2d6660-f69e-11e6-a414-872b36aae4a5 to remote] DEBUG org.apache.http.wire - http-outgoing-0 >> "Content-Length: 32[\r][\n]"
04:29:00.507 [Forwarding get on session ed2d6660-f69e-11e6-a414-872b36aae4a5 to remote] DEBUG org.apache.http.wire - http-outgoing-0 >> "Host: localhost:27950[\r][\n]"
04:29:00.507 [Forwarding get on session ed2d6660-f69e-11e6-a414-872b36aae4a5 to remote] DEBUG org.apache.http.wire - http-outgoing-0 >> "Connection: Keep-Alive[\r][\n]"
04:29:00.507 [Forwarding get on session ed2d6660-f69e-11e6-a414-872b36aae4a5 to remote] DEBUG org.apache.http.wire - http-outgoing-0 >> "User-Agent: Apache-HttpClient/4.5.2 (Java/1.8.0_121)[\r][\n]"
04:29:00.509 [Forwarding get on session ed2d6660-f69e-11e6-a414-872b36aae4a5 to remote] DEBUG org.apache.http.wire - http-outgoing-0 >> "Accept-Encoding: gzip,deflate[\r][\n]"
04:29:00.513 [Forwarding get on session ed2d6660-f69e-11e6-a414-872b36aae4a5 to remote] DEBUG org.apache.http.wire - http-outgoing-0 >> "[\r][\n]"
04:29:00.513 [Forwarding get on session ed2d6660-f69e-11e6-a414-872b36aae4a5 to remote] DEBUG org.apache.http.wire - http-outgoing-0 >> "{"url":"https://www.google.com"}"
04:29:03.151 [Forwarding get on session ed2d6660-f69e-11e6-a414-872b36aae4a5 to remote] DEBUG org.apache.http.wire - http-outgoing-0 << "HTTP/1.1 200 OK[\r][\n]"
04:29:03.152 [Forwarding get on session ed2d6660-f69e-11e6-a414-872b36aae4a5 to remote] DEBUG org.apache.http.wire - http-outgoing-0 << "Cache: no-cache[\r][\n]"
04:29:03.152 [Forwarding get on session ed2d6660-f69e-11e6-a414-872b36aae4a5 to remote] DEBUG org.apache.http.wire - http-outgoing-0 << "Content-Length: 74[\r][\n]"
04:29:03.153 [Forwarding get on session ed2d6660-f69e-11e6-a414-872b36aae4a5 to remote] DEBUG org.apache.http.wire - http-outgoing-0 << "Content-Type: application/json;charset=UTF-8[\r][\n]"
04:29:03.153 [Forwarding get on session ed2d6660-f69e-11e6-a414-872b36aae4a5 to remote] DEBUG org.apache.http.wire - http-outgoing-0 << "[\r][\n]"
04:29:03.153 [Forwarding get on session ed2d6660-f69e-11e6-a414-872b36aae4a5 to remote] DEBUG org.apache.http.wire - http-outgoing-0 << "{"sessionId":"ed2d6660-f69e-11e6-a414-872b36aae4a5","status":0,"value":{}}"
04:29:03.153 [Forwarding get on session ed2d6660-f69e-11e6-a414-872b36aae4a5 to remote] DEBUG org.apache.http.headers - http-outgoing-0 << HTTP/1.1 200 OK
04:29:03.153 [Forwarding get on session ed2d6660-f69e-11e6-a414-872b36aae4a5 to remote] DEBUG org.apache.http.headers - http-outgoing-0 << Cache: no-cache
04:29:03.153 [Forwarding get on session ed2d6660-f69e-11e6-a414-872b36aae4a5 to remote] DEBUG org.apache.http.headers - http-outgoing-0 << Content-Length: 74
04:29:03.153 [Forwarding get on session ed2d6660-f69e-11e6-a414-872b36aae4a5 to remote] DEBUG org.apache.http.headers - http-outgoing-0 << Content-Type: application/json;charset=UTF-8
04:29:03.154 [Forwarding get on session ed2d6660-f69e-11e6-a414-872b36aae4a5 to remote] DEBUG org.apache.http.impl.execchain.MainClientExec - Connection can be kept alive indefinitely
04:29:03.154 [Forwarding get on session ed2d6660-f69e-11e6-a414-872b36aae4a5 to remote] DEBUG org.apache.http.impl.conn.PoolingHttpClientConnectionManager - Connection [id: 0][route: {}->http://localhost:27950] can be kept alive indefinitely
04:29:03.154 [Forwarding get on session ed2d6660-f69e-11e6-a414-872b36aae4a5 to remote] DEBUG org.apache.http.impl.conn.PoolingHttpClientConnectionManager - Connection released: [id: 0][route: {}->http://localhost:27950][total kept alive: 1; route allocated: 1 of 2000; total allocated: 1 of 2000]
04:29:03.159 [Forwarding setTimeout on session ed2d6660-f69e-11e6-a414-872b36aae4a5 to remote] DEBUG org.apache.http.client.protocol.RequestAddCookies - CookieSpec selected: default
04:29:03.160 [Forwarding setTimeout on session ed2d6660-f69e-11e6-a414-872b36aae4a5 to remote] DEBUG org.apache.http.client.protocol.RequestAuthCache - Auth cache not set in the context
04:29:03.160 [Forwarding setTimeout on session ed2d6660-f69e-11e6-a414-872b36aae4a5 to remote] DEBUG org.apache.http.impl.conn.PoolingHttpClientConnectionManager - Connection request: [route: {}->http://localhost:27950][total kept alive: 1; route allocated: 1 of 2000; total allocated: 1 of 2000]
04:29:03.160 [Forwarding setTimeout on session ed2d6660-f69e-11e6-a414-872b36aae4a5 to remote] DEBUG org.apache.http.impl.conn.PoolingHttpClientConnectionManager - Connection leased: [id: 0][route: {}->http://localhost:27950][total kept alive: 0; route allocated: 1 of 2000; total allocated: 1 of 2000]
04:29:03.160 [Forwarding setTimeout on session ed2d6660-f69e-11e6-a414-872b36aae4a5 to remote] DEBUG org.apache.http.impl.execchain.MainClientExec - Stale connection check
04:29:03.161 [Forwarding setTimeout on session ed2d6660-f69e-11e6-a414-872b36aae4a5 to remote] DEBUG org.apache.http.wire - http-outgoing-0 << "[read] I/O error: Read timed out"
04:29:03.162 [Forwarding setTimeout on session ed2d6660-f69e-11e6-a414-872b36aae4a5 to remote] DEBUG org.apache.http.impl.conn.DefaultManagedHttpClientConnection - http-outgoing-0: set socket timeout to 10800000
04:29:03.162 [Forwarding setTimeout on session ed2d6660-f69e-11e6-a414-872b36aae4a5 to remote] DEBUG org.apache.http.impl.execchain.MainClientExec - Executing request POST /session/ed2d6660-f69e-11e6-a414-872b36aae4a5/timeouts HTTP/1.1
04:29:03.162 [Forwarding setTimeout on session ed2d6660-f69e-11e6-a414-872b36aae4a5 to remote] DEBUG org.apache.http.impl.execchain.MainClientExec - Target auth state: UNCHALLENGED
04:29:03.162 [Forwarding setTimeout on session ed2d6660-f69e-11e6-a414-872b36aae4a5 to remote] DEBUG org.apache.http.impl.execchain.MainClientExec - Proxy auth state: UNCHALLENGED
04:29:03.162 [Forwarding setTimeout on session ed2d6660-f69e-11e6-a414-872b36aae4a5 to remote] DEBUG org.apache.http.headers - http-outgoing-0 >> POST /session/ed2d6660-f69e-11e6-a414-872b36aae4a5/timeouts HTTP/1.1
04:29:03.162 [Forwarding setTimeout on session ed2d6660-f69e-11e6-a414-872b36aae4a5 to remote] DEBUG org.apache.http.headers - http-outgoing-0 >> Content-Type: application/json; charset=utf-8
04:29:03.162 [Forwarding setTimeout on session ed2d6660-f69e-11e6-a414-872b36aae4a5 to remote] DEBUG org.apache.http.headers - http-outgoing-0 >> Content-Length: 30
04:29:03.162 [Forwarding setTimeout on session ed2d6660-f69e-11e6-a414-872b36aae4a5 to remote] DEBUG org.apache.http.headers - http-outgoing-0 >> Host: localhost:27950
04:29:03.162 [Forwarding setTimeout on session ed2d6660-f69e-11e6-a414-872b36aae4a5 to remote] DEBUG org.apache.http.headers - http-outgoing-0 >> Connection: Keep-Alive
04:29:03.162 [Forwarding setTimeout on session ed2d6660-f69e-11e6-a414-872b36aae4a5 to remote] DEBUG org.apache.http.headers - http-outgoing-0 >> User-Agent: Apache-HttpClient/4.5.2 (Java/1.8.0_121)
04:29:03.162 [Forwarding setTimeout on session ed2d6660-f69e-11e6-a414-872b36aae4a5 to remote] DEBUG org.apache.http.headers - http-outgoing-0 >> Accept-Encoding: gzip,deflate
04:29:03.162 [Forwarding setTimeout on session ed2d6660-f69e-11e6-a414-872b36aae4a5 to remote] DEBUG org.apache.http.wire - http-outgoing-0 >> "POST /session/ed2d6660-f69e-11e6-a414-872b36aae4a5/timeouts HTTP/1.1[\r][\n]"
04:29:03.163 [Forwarding setTimeout on session ed2d6660-f69e-11e6-a414-872b36aae4a5 to remote] DEBUG org.apache.http.wire - http-outgoing-0 >> "Content-Type: application/json; charset=utf-8[\r][\n]"
04:29:03.163 [Forwarding setTimeout on session ed2d6660-f69e-11e6-a414-872b36aae4a5 to remote] DEBUG org.apache.http.wire - http-outgoing-0 >> "Content-Length: 30[\r][\n]"
04:29:03.163 [Forwarding setTimeout on session ed2d6660-f69e-11e6-a414-872b36aae4a5 to remote] DEBUG org.apache.http.wire - http-outgoing-0 >> "Host: localhost:27950[\r][\n]"
04:29:03.163 [Forwarding setTimeout on session ed2d6660-f69e-11e6-a414-872b36aae4a5 to remote] DEBUG org.apache.http.wire - http-outgoing-0 >> "Connection: Keep-Alive[\r][\n]"
04:29:03.163 [Forwarding setTimeout on session ed2d6660-f69e-11e6-a414-872b36aae4a5 to remote] DEBUG org.apache.http.wire - http-outgoing-0 >> "User-Agent: Apache-HttpClient/4.5.2 (Java/1.8.0_121)[\r][\n]"
04:29:03.163 [Forwarding setTimeout on session ed2d6660-f69e-11e6-a414-872b36aae4a5 to remote] DEBUG org.apache.http.wire - http-outgoing-0 >> "Accept-Encoding: gzip,deflate[\r][\n]"
04:29:03.163 [Forwarding setTimeout on session ed2d6660-f69e-11e6-a414-872b36aae4a5 to remote] DEBUG org.apache.http.wire - http-outgoing-0 >> "[\r][\n]"
04:29:03.163 [Forwarding setTimeout on session ed2d6660-f69e-11e6-a414-872b36aae4a5 to remote] DEBUG org.apache.http.wire - http-outgoing-0 >> "{"type":"implicit","ms":30000}"
04:29:03.166 [Forwarding setTimeout on session ed2d6660-f69e-11e6-a414-872b36aae4a5 to remote] DEBUG org.apache.http.wire - http-outgoing-0 << "HTTP/1.1 200 OK[\r][\n]"
04:29:03.166 [Forwarding setTimeout on session ed2d6660-f69e-11e6-a414-872b36aae4a5 to remote] DEBUG org.apache.http.wire - http-outgoing-0 << "Cache: no-cache[\r][\n]"
04:29:03.166 [Forwarding setTimeout on session ed2d6660-f69e-11e6-a414-872b36aae4a5 to remote] DEBUG org.apache.http.wire - http-outgoing-0 << "Content-Length: 74[\r][\n]"
04:29:03.166 [Forwarding setTimeout on session ed2d6660-f69e-11e6-a414-872b36aae4a5 to remote] DEBUG org.apache.http.wire - http-outgoing-0 << "Content-Type: application/json;charset=UTF-8[\r][\n]"
04:29:03.166 [Forwarding setTimeout on session ed2d6660-f69e-11e6-a414-872b36aae4a5 to remote] DEBUG org.apache.http.wire - http-outgoing-0 << "[\r][\n]"
04:29:03.166 [Forwarding setTimeout on session ed2d6660-f69e-11e6-a414-872b36aae4a5 to remote] DEBUG org.apache.http.wire - http-outgoing-0 << "{"sessionId":"ed2d6660-f69e-11e6-a414-872b36aae4a5","status":0,"value":{}}"
04:29:03.166 [Forwarding setTimeout on session ed2d6660-f69e-11e6-a414-872b36aae4a5 to remote] DEBUG org.apache.http.headers - http-outgoing-0 << HTTP/1.1 200 OK
04:29:03.166 [Forwarding setTimeout on session ed2d6660-f69e-11e6-a414-872b36aae4a5 to remote] DEBUG org.apache.http.headers - http-outgoing-0 << Cache: no-cache
04:29:03.166 [Forwarding setTimeout on session ed2d6660-f69e-11e6-a414-872b36aae4a5 to remote] DEBUG org.apache.http.headers - http-outgoing-0 << Content-Length: 74
04:29:03.166 [Forwarding setTimeout on session ed2d6660-f69e-11e6-a414-872b36aae4a5 to remote] DEBUG org.apache.http.headers - http-outgoing-0 << Content-Type: application/json;charset=UTF-8
04:29:03.166 [Forwarding setTimeout on session ed2d6660-f69e-11e6-a414-872b36aae4a5 to remote] DEBUG org.apache.http.impl.execchain.MainClientExec - Connection can be kept alive indefinitely
04:29:03.167 [Forwarding setTimeout on session ed2d6660-f69e-11e6-a414-872b36aae4a5 to remote] DEBUG org.apache.http.impl.conn.PoolingHttpClientConnectionManager - Connection [id: 0][route: {}->http://localhost:27950] can be kept alive indefinitely
04:29:03.167 [Forwarding setTimeout on session ed2d6660-f69e-11e6-a414-872b36aae4a5 to remote] DEBUG org.apache.http.impl.conn.PoolingHttpClientConnectionManager - Connection released: [id: 0][route: {}->http://localhost:27950][total kept alive: 1; route allocated: 1 of 2000; total allocated: 1 of 2000]
04:29:03.168 [Forwarding getPageSource on session ed2d6660-f69e-11e6-a414-872b36aae4a5 to remote] DEBUG org.apache.http.client.protocol.RequestAddCookies - CookieSpec selected: default
04:29:03.168 [Forwarding getPageSource on session ed2d6660-f69e-11e6-a414-872b36aae4a5 to remote] DEBUG org.apache.http.client.protocol.RequestAuthCache - Auth cache not set in the context
04:29:03.169 [Forwarding getPageSource on session ed2d6660-f69e-11e6-a414-872b36aae4a5 to remote] DEBUG org.apache.http.impl.conn.PoolingHttpClientConnectionManager - Connection request: [route: {}->http://localhost:27950][total kept alive: 1; route allocated: 1 of 2000; total allocated: 1 of 2000]
04:29:03.169 [Forwarding getPageSource on session ed2d6660-f69e-11e6-a414-872b36aae4a5 to remote] DEBUG org.apache.http.impl.conn.PoolingHttpClientConnectionManager - Connection leased: [id: 0][route: {}->http://localhost:27950][total kept alive: 0; route allocated: 1 of 2000; total allocated: 1 of 2000]
04:29:03.169 [Forwarding getPageSource on session ed2d6660-f69e-11e6-a414-872b36aae4a5 to remote] DEBUG org.apache.http.impl.execchain.MainClientExec - Stale connection check
04:29:03.177 [Forwarding getPageSource on session ed2d6660-f69e-11e6-a414-872b36aae4a5 to remote] DEBUG org.apache.http.wire - http-outgoing-0 << "[read] I/O error: Read timed out"
04:29:03.177 [Forwarding getPageSource on session ed2d6660-f69e-11e6-a414-872b36aae4a5 to remote] DEBUG org.apache.http.impl.conn.DefaultManagedHttpClientConnection - http-outgoing-0: set socket timeout to 10800000
04:29:03.177 [Forwarding getPageSource on session ed2d6660-f69e-11e6-a414-872b36aae4a5 to remote] DEBUG org.apache.http.impl.execchain.MainClientExec - Executing request GET /session/ed2d6660-f69e-11e6-a414-872b36aae4a5/source HTTP/1.1
04:29:03.177 [Forwarding getPageSource on session ed2d6660-f69e-11e6-a414-872b36aae4a5 to remote] DEBUG org.apache.http.impl.execchain.MainClientExec - Target auth state: UNCHALLENGED
04:29:03.177 [Forwarding getPageSource on session ed2d6660-f69e-11e6-a414-872b36aae4a5 to remote] DEBUG org.apache.http.impl.execchain.MainClientExec - Proxy auth state: UNCHALLENGED
04:29:03.177 [Forwarding getPageSource on session ed2d6660-f69e-11e6-a414-872b36aae4a5 to remote] DEBUG org.apache.http.headers - http-outgoing-0 >> GET /session/ed2d6660-f69e-11e6-a414-872b36aae4a5/source HTTP/1.1
04:29:03.177 [Forwarding getPageSource on session ed2d6660-f69e-11e6-a414-872b36aae4a5 to remote] DEBUG org.apache.http.headers - http-outgoing-0 >> Cache-Control: no-cache
04:29:03.177 [Forwarding getPageSource on session ed2d6660-f69e-11e6-a414-872b36aae4a5 to remote] DEBUG org.apache.http.headers - http-outgoing-0 >> Host: localhost:27950
04:29:03.177 [Forwarding getPageSource on session ed2d6660-f69e-11e6-a414-872b36aae4a5 to remote] DEBUG org.apache.http.headers - http-outgoing-0 >> Connection: Keep-Alive
04:29:03.177 [Forwarding getPageSource on session ed2d6660-f69e-11e6-a414-872b36aae4a5 to remote] DEBUG org.apache.http.headers - http-outgoing-0 >> User-Agent: Apache-HttpClient/4.5.2 (Java/1.8.0_121)
04:29:03.177 [Forwarding getPageSource on session ed2d6660-f69e-11e6-a414-872b36aae4a5 to remote] DEBUG org.apache.http.headers - http-outgoing-0 >> Accept-Encoding: gzip,deflate
04:29:03.177 [Forwarding getPageSource on session ed2d6660-f69e-11e6-a414-872b36aae4a5 to remote] DEBUG org.apache.http.wire - http-outgoing-0 >> "GET /session/ed2d6660-f69e-11e6-a414-872b36aae4a5/source HTTP/1.1[\r][\n]"
04:29:03.177 [Forwarding getPageSource on session ed2d6660-f69e-11e6-a414-872b36aae4a5 to remote] DEBUG org.apache.http.wire - http-outgoing-0 >> "Cache-Control: no-cache[\r][\n]"
04:29:03.177 [Forwarding getPageSource on session ed2d6660-f69e-11e6-a414-872b36aae4a5 to remote] DEBUG org.apache.http.wire - http-outgoing-0 >> "Host: localhost:27950[\r][\n]"
04:29:03.177 [Forwarding getPageSource on session ed2d6660-f69e-11e6-a414-872b36aae4a5 to remote] DEBUG org.apache.http.wire - http-outgoing-0 >> "Connection: Keep-Alive[\r][\n]"
04:29:03.177 [Forwarding getPageSource on session ed2d6660-f69e-11e6-a414-872b36aae4a5 to remote] DEBUG org.apache.http.wire - http-outgoing-0 >> "User-Agent: Apache-HttpClient/4.5.2 (Java/1.8.0_121)[\r][\n]"
04:29:03.177 [Forwarding getPageSource on session ed2d6660-f69e-11e6-a414-872b36aae4a5 to remote] DEBUG org.apache.http.wire - http-outgoing-0 >> "Accept-Encoding: gzip,deflate[\r][\n]"
04:29:03.177 [Forwarding getPageSource on session ed2d6660-f69e-11e6-a414-872b36aae4a5 to remote] DEBUG org.apache.http.wire - http-outgoing-0 >> "[\r][\n]"
04:29:03.200 [Forwarding getPageSource on session ed2d6660-f69e-11e6-a414-872b36aae4a5 to remote] DEBUG org.apache.http.wire - http-outgoing-0 << "HTTP/1.1 200 OK[\r][\n]"
04:29:03.200 [Forwarding getPageSource on session ed2d6660-f69e-11e6-a414-872b36aae4a5 to remote] DEBUG org.apache.http.wire - http-outgoing-0 << "Cache: no-cache[\r][\n]"
04:29:03.200 [Forwarding getPageSource on session ed2d6660-f69e-11e6-a414-872b36aae4a5 to remote] DEBUG org.apache.http.wire - http-outgoing-0 << "Content-Length: 55911[\r][\n]"
04:29:03.200 [Forwarding getPageSource on session ed2d6660-f69e-11e6-a414-872b36aae4a5 to remote] DEBUG org.apache.http.wire - http-outgoing-0 << "Content-Type: application/json;charset=UTF-8[\r][\n]"
04:29:03.200 [Forwarding getPageSource on session ed2d6660-f69e-11e6-a414-872b36aae4a5 to remote] DEBUG org.apache.http.wire - http-outgoing-0 << "[\r][\n]"
04:29:03.202 [Forwarding getPageSource on session ed2d6660-f69e-11e6-a414-872b36aae4a5 to remote] DEBUG org.apache.http.wire - http-outgoing-0 << "{"sessionId":"ed2d6660-f69e-11e6-a414-872b36aae4a5","status":0,"value":"<!DOCTYPE html><html itemscope=\"\" itemtype=\"http://schema.org/WebPage\" lang=\"en\"><head><meta content=\"Search the world's information, including webpages, images, videos and more. Google has many special features to help you find exactly what you're looking for.\" name=\"description\"><meta content=\"noodp\" name=\"robots\"><meta content=\"text/html; charset=UTF-8\" http-equiv=\"Content-Type\"><meta content=\"/images/branding/googleg/1x/googleg_standard_color_128dp.png\" itemprop=\"image\"><title>Google</title><script>(function(){window.google={kEI:'jI-pWNODJ6eX0gLA8auwDA',kEXPI:'18168,750721,1351828,1351903,1352241,1352381,1352624,1352690,1352700,3700244,3700347,4028875,4029815,4032678,4038012,4043492,4045841,4048347,4062666,4063220,4065787,4067860,4067926,4072773,4073405,4073726,4073914,4073959,4076096,4076998,4078430,4078438,4079105,4079894,4081039,4081165,4082664,4083476,4084030,4084559,4085627,4086011,4086202,4086699,4088641,4089003,4089117,4089183,4090352,4090550,4090657,4090731,4090806,4090894,4091028,4091030,4092220,4092475,4092479,4092897,4092934,4093499,4093912,4093948,4094103,4094544,4095381,4095906,4095997,4096323,4096463,4096742,4096828,4096983,4097082,4097123,4097153,4097202,4097655,4097922,4097929,4098733,4098740,4098752,4099097,8300273,8507380,8508624,8509177,8509871,10200083,10202230',authuser:0,kscs:'c9c918f0_24'};google.kHL='en';})();(function(){google.lc=[];google.li=0;google.getEI=function(a){for(var b;a&&(!a.getAttribute||!(b=a.getAttribute(\"eid\")));)a=a.parentNode;return b||google.kEI};google.getLEI=function(a){for(var b=null;a&&(!a.getAttribute||!(b=a.getAttribute(\"leid\")));)a=a.parentNode;return b};google.https=function(){return\"https:\"==window.location.protocol};google.ml=function(){return null};google.wl=function(a,b){try{google.ml(Error(a),!1,b)}catch(c){}};google.time=function(){return(new Date).getTime()};google.log=function(a,b,c,d,g){a=google.logUrl(a,b,c,d,g);if(\"\"!=a){b=new Image;var e=google.lc,f=google.li;e[f]=b;b.onerror=b.onload=b.onabort=function(){delete e[f]};window.google&&window.google.vel&&window.google.vel.lu&&window.google.vel.lu(a);b.src=a;google.li=f+1}};google.logUrl=function(a,b,c,d,g){var e=\"\",f=google.ls||\"\";c||-1!=b.search(\"&ei=\")||(e=\"&ei=\"+google.getEI(d),-1==b.search(\"&lei=\")&&(d=google.getLEI(d))&&(e+=\"&lei=\"+d));a=c||\"/\"+(g||\"gen_204\")+\"?atyp=i&ct=\"+a+\"&cad=\"+b+e+f+\"&zx=\"+google.time();/^http:/i.test(a)&&google.https()&&(google.ml(Error(\"a\"),!1,{src:a,glmm:1}),a=\"\");return a};google.y={};google.x=function(a,b){google.y[a.id]=[a,b];return!1};google.lq=[];google.load=function(a,b,c){google.lq.push([[a],b,c])};google.loadAll=function(a,b){google.lq.push([a,b])};}).call(this);var a=window.location,b=a.href.indexOf(\"#\");if(0<=b){var c=a.href.substring(b+1);/(^|&)q=/.test(c)&&-1==c.indexOf(\"#\")&&a.replace(\"/search?\"+c.replace(/(^|&)fp=[^&]*/g,\"\")+\"&cad=h\")};</script><style>#gb{font:13px/27px Arial,sans-serif;height:30px}#gbz,#gbg{position:absolute;white-space:nowrap;top:0;height:30px;z-index:1000}#gbz{left:0;padding-left:4px}#gbg{right:0;padding-right:5px}#gbs{background:transparent;position:absolute;top:-999px;visibility:hidden;z-index:998;right:0}.gbto #gbs{background:#fff}#gbx3,#gbx4{background-color:#2d2d2d;background-image:none;_background-image:none;background-position:0 -138px;background-repeat:repeat-x;border-bottom:1px solid #000;font-size:24px;height:29px;_height:30px;opacity:1;filter:alpha(opacity=100);position:absolute;top:0;width:100%;z-index:990}#gbx3{left:0}#gbx4{right:0}#gbb{position:relative}#gbbw{left:0;position:absolute;top:30px;width:100%}.gbtcb{position:absolute;visibility:hidden}#gbz .gbtcb{right:0}#gbg .gbtcb{left:0}.gbxx{display:none !important}.gbxo{opacity:0 !important;filter:alpha(opacity=0) !important}.gbm{position:absolute;z-index:999;top:-999px;visibility:hidden;text-align:left;border:1px solid #bebebe;background:#fff;-moz-box-shadow:-1px 1px 1px rgba(0,0,0,.2);-webkit-box-shadow:0 2px 4px rgba(0,0,0,.2);box-shadow:0 2px 4px rgba(0,0,0,.2)}.gbrtl .gbm{-moz-box-shadow:1px 1px 1px rgba(0,0,0,.2)}.gbto .gbm,.gbto #gbs{top:29px;visibility:visible}#gbz .gbm{left:0}#gbg .gbm{right:0}.gbxms{background-color:#ccc;display:block;position:absolute;z-index:1;top:-1px;left:-2px;right:-2px;bottom:-2px;opacity:.4;-moz-border-radius:3px;filter:progid:DXImageTransform.Microsoft.Blur(pixelradius=5);*opacity:1;*top:-2px;*left:-5px;*right:5px;*bottom:4px;-ms-filter:\"progid:DXImageTransform.Microsoft.Blur(pixelradius=5)\";opacity:1\\0/;top:-4px\\0/;left:-6px\\0/;right:5px\\0/;bottom:4px\\0/}.gbma{position:relative;top:-1px;border-style:solid dashed dashed;border-color:transparent;border-top-color:#c0c0c0;display:-moz-inline-box;display:inline-block;font-size:0;height:0;line-height:0;width:0;border-width:3px 3px 0;padding-top:1px;left:4px}#gbztms1,#gbi4m1,#gbi4s,#gbi4t{zoom:1}.gbtc,.gbmc,.gbmcc{display:block;list-style:none;margin:0;padding:0}.gbmc{background:#fff;padding:10px 0;position:relative;z-index:2;zoom:1}.gbt{position:relative;display:-moz-inline-box;display:inline-block;line-height:27px;padding:0;vertical-align:top}.gbt{*display:inline}.gbto{box-shadow:0 2px 4px rgba(0,0,0,.2);-moz-box-shadow:0 2px 4px rgba(0,0,0,.2);-webkit-box-shadow:0 2px 4px rgba(0,0,0,.2)}.gbzt,.gbgt{cursor:pointer;display:block;text-decoration:none !important}span#gbg6,span#gbg4{cursor:default}.gbts{border-left:1px solid transparent;border-right:1px solid transparent;display:block;*display:inline-block;padding:0 5px;position:relative;z-index:1000}.gbts{*display:inline}.gbzt .gbts{display:inline;zoom:1}.gbto .gbts{background:#fff;border-color:#bebebe;color:#36c;padding-bottom:1px;padding-top:2px}.gbz0l .gbts{color:#fff;font-weight:bold}.gbtsa{padding-right:9px}#gbz .gbzt,#gbz .gbgt,#gbg .gbgt{color:#ccc!important}.gbtb2{display:block;border-top:2px solid transparent}.gbto .gbzt .gbtb2,.gbto .gbgt .gbtb2{border-top-width:0}.gbtb .gbts{background:url(//ssl.gstatic.com/gb/images/b_8d5afc09.png);_background:url(//ssl.gstatic.com/gb/images/b8_3615d64d.png);background-position:-27px -22px;border:0;font-size:0;padding:29px 0 0;*padding:27px 0 0;width:1px}.gbzt:hover,.gbzt:focus,.gbgt-hvr,.gbgt:focus{background-color:#4c4c4c;background-image:none;_background-image:none;background-position:0 -102px;background-repeat:repeat-x;outline:none;text-decoration:none !important}.gbpdjs .gbto .gbm{min-width:99%}.gbz0l .gbtb2{border-top-color:#dd4b39!important}#gbi4s,#gbi4s1{font-weight:bold}#gbg6.gbgt-hvr,#gbg6.gbgt:focus{background-color:transparent;background-image:none}.gbg4a{font-size:0;line-height:0}.gbg4a .gbts{padding:27px 5px 0;*padding:25px 5px 0}.gbto .gbg4a .gbts{padding:29px 5px 1px;*padding:27px 5px 1px}#gbi4i,#gbi4id{left:5px;border:0;height:24px;position:absolute;top:1px;width:24px}.gbto #gbi4i,.gbto #gbi4id{top:3px}.gbi4p{display:block;width:24px}#gbi4id{background-position:-44px -101px}#gbmpid{background-position:0 0}#gbmpi,#gbmpid{border:none;display:inline-block;height:48px;width:48px}#gbmpiw{display:inline-block;line-height:9px;padding-left:20px;margin-top:10px;position:relative}#gbmpi,#gbmpid,#gbmpiw{*display:inline}#gbg5{font-size:0}#gbgs5{padding:5px !important}.gbto #gbgs5{padding:7px 5px 6px !important}#gbi5{background:url(//ssl.gstatic.com/gb/images/b_8d5afc09.png);_background:url(//ssl.gstatic.com/gb/images/b8_3615d64d.png);background-position:0 0;display:block;font-size:0;height:17px;width:16px}.gbto #gbi5{background-position:-6px -22px}.gbn .gbmt,.gbn .gbmt:visited,.gbnd .gbmt,.gbnd .gbmt:visited{color:#dd8e27 !important}.gbf .gbmt,.gbf .gbmt:visited{color:#900 !important}.gbmt,.gbml1,.gbmlb,.gbmt:visited,.gbml1:visited,.gbmlb:visited{color:#36c !important;text-decoration:none !important}.gbmt,.gbmt:visited{display:block}.gbml1,.gbmlb,.gbml1:visited,.gbmlb:visited{display:inline-block;margin:0 10px}.gbml1,.gbmlb,.gbml1:visited,.gbmlb:visited{*display:inline}.gbml1,.gbml1:visited{padding:0 10px}.gbml1-hvr,.gbml1:focus{outline:none;text-decoration:underline !important}#gbpm .gbml1{"
04:29:03.202 [Forwarding getPageSource on session ed2d6660-f69e-11e6-a414-872b36aae4a5 to remote] DEBUG org.apache.http.headers - http-outgoing-0 << HTTP/1.1 200 OK
04:29:03.202 [Forwarding getPageSource on session ed2d6660-f69e-11e6-a414-872b36aae4a5 to remote] DEBUG org.apache.http.headers - http-outgoing-0 << Cache: no-cache
04:29:03.202 [Forwarding getPageSource on session ed2d6660-f69e-11e6-a414-872b36aae4a5 to remote] DEBUG org.apache.http.headers - http-outgoing-0 << Content-Length: 55911
04:29:03.202 [Forwarding getPageSource on session ed2d6660-f69e-11e6-a414-872b36aae4a5 to remote] DEBUG org.apache.http.headers - http-outgoing-0 << Content-Type: application/json;charset=UTF-8
04:29:03.203 [Forwarding getPageSource on session ed2d6660-f69e-11e6-a414-872b36aae4a5 to remote] DEBUG org.apache.http.impl.execchain.MainClientExec - Connection can be kept alive indefinitely
04:29:03.205 [Forwarding getPageSource on session ed2d6660-f69e-11e6-a414-872b36aae4a5 to remote] DEBUG org.apache.http.wire - http-outgoing-0 << "display:inline;margin:0;padding:0;white-space:nowrap}.gbmlb,.gbmlb:visited{line-height:27px}.gbmlb-hvr,.gbmlb:focus{outline:none;text-decoration:underline !important}.gbmlbw{color:#ccc;margin:0 10px}.gbmt{padding:0 20px}.gbmt:hover,.gbmt:focus{background:#eee;cursor:pointer;outline:0 solid black;text-decoration:none !important}.gbm0l,.gbm0l:visited{color:#000 !important;font-weight:bold}.gbmh{border-top:1px solid #bebebe;font-size:0;margin:10px 0}#gbd4 .gbmc{background:#f5f5f5;padding-top:0}#gbd4 .gbsbic::-webkit-scrollbar-track:vertical{background-color:#f5f5f5;margin-top:2px}#gbmpdv{background:#fff;border-bottom:1px solid #bebebe;-moz-box-shadow:0 2px 4px rgba(0,0,0,.12);-o-box-shadow:0 2px 4px rgba(0,0,0,.12);-webkit-box-shadow:0 2px 4px rgba(0,0,0,.12);box-shadow:0 2px 4px rgba(0,0,0,.12);position:relative;z-index:1}#gbd4 .gbmh{margin:0}.gbmtc{padding:0;margin:0;line-height:27px}.GBMCC:last-child:after,#GBMPAL:last-child:after{content:'\\0A\\0A';white-space:pre;position:absolute}#gbmps{*zoom:1}#gbd4 .gbpc,#gbmpas .gbmt{line-height:17px}#gbd4 .gbpgs .gbmtc{line-height:27px}#gbd4 .gbmtc{border-bottom:1px solid #bebebe}#gbd4 .gbpc{display:inline-block;margin:16px 0 10px;padding-right:50px;vertical-align:top}#gbd4 .gbpc{*display:inline}.gbpc .gbps,.gbpc .gbps2{display:block;margin:0 20px}#gbmplp.gbps{margin:0 10px}.gbpc .gbps{color:#000;font-weight:bold}.gbpc .gbpd{margin-bottom:5px}.gbpd .gbmt,.gbpd .gbps{color:#666 !important}.gbpd .gbmt{opacity:.4;filter:alpha(opacity=40)}.gbps2{color:#666;display:block}.gbp0{display:none}.gbp0 .gbps2{font-weight:bold}#gbd4 .gbmcc{margin-top:5px}.gbpmc{background:#fef9db}.gbpmc .gbpmtc{padding:10px 20px}#gbpm{border:0;*border-collapse:collapse;border-spacing:0;margin:0;white-space:normal}#gbpm .gbpmtc{border-top:none;color:#000 !important;font:11px Arial,sans-serif}#gbpms{*white-space:nowrap}.gbpms2{font-weight:bold;white-space:nowrap}#gbmpal{*border-collapse:collapse;border-spacing:0;border:0;margin:0;white-space:nowrap;width:100%}.gbmpala,.gbmpalb{font:13px Arial,sans-serif;line-height:27px;padding:10px 20px 0;white-space:nowrap}.gbmpala{padding-left:0;text-align:left}.gbmpalb{padding-right:0;text-align:right}#gbmpasb .gbps{color:#000}#gbmpal .gbqfbb{margin:0 20px}.gbp0 .gbps{*display:inline}a.gbiba{margin:8px 20px 10px}.gbmpiaw{display:inline-block;padding-right:10px;margin-bottom:6px;margin-top:10px}.gbxv{visibility:hidden}.gbmpiaa{display:block;margin-top:10px}.gbmpia{border:none;display:block;height:48px;width:48px}.gbmpnw{display:inline-block;height:auto;margin:10px 0;vertical-align:top}\n.gbqfb,.gbqfba,.gbqfbb{-moz-border-radius:2px;-webkit-border-radius:2px;border-radius:2px;cursor:default !important;display:inline-block;font-weight:bold;height:29px;line-height:29px;min-width:54px;*min-width:70px;padding:0 8px;text-align:center;text-decoration:none !important;-moz-user-select:none;-webkit-user-select:none}.gbqfb:focus,.gbqfba:focus,.gbqfbb:focus{border:1px solid #4d90fe;-moz-box-shadow:inset 0 0 0 1px rgba(255, 255, 255, 0.5);-webkit-box-shadow:inset 0 0 0 1px rgba(255, 255, 255, 0.5);box-shadow:inset 0 0 0 1px rgba(255, 255, 255, 0.5);outline:none}.gbqfb-hvr:focus,.gbqfba-hvr:focus,.gbqfbb-hvr:focus{-webkit-box-shadow:inset 0 0 0 1px #fff,0 1px 1px rgba(0,0,0,.1);-moz-box-shadow:inset 0 0 0 1px #fff,0 1px 1px rgba(0,0,0,.1);box-shadow:inset 0 0 0 1px #fff,0 1px 1px rgba(0,0,0,.1)}.gbqfb-no-focus:focus{border:1px solid #3079ed;-moz-box-shadow:none;-webkit-box-shadow:none;box-shadow:none}.gbqfb-hvr,.gbqfba-hvr,.gbqfbb-hvr{-webkit-box-shadow:0 1px 1px rgba(0,0,0,.1);-moz-box-shadow:0 1px 1px rgba(0,0,0,.1);box-shadow:0 1px 1px rgba(0,0,0,.1)}.gbqfb::-moz-focus-inner,.gbqfba::-moz-focus-inner,.gbqfbb::-moz-focus-inner{border:0}.gbqfba,.gbqfbb{border:1px solid #dcdcdc;border-color:rgba(0,0,0,.1);color:#444 !important;font-size:11px}.gbqfb{background-color:#4d90fe;background-image:-webkit-gradient(linear,left top,left bottom,from(#4d90fe),to(#4787ed));background-image:-webkit-linear-gradient(top,#4d90fe,#4787ed);background-image:-moz-linear-gradient(top,#4d90fe,#4787ed);background"
04:29:03.206 [Forwarding getPageSource on session ed2d6660-f69e-11e6-a414-872b36aae4a5 to remote] DEBUG org.apache.http.wire - http-outgoing-0 << "-image:-ms-linear-gradient(top,#4d90fe,#4787ed);background-image:-o-linear-gradient(top,#4d90fe,#4787ed);background-image:linear-gradient(top,#4d90fe,#4787ed);filter:progid:DXImageTransform.Microsoft.gradient(startColorStr='#4d90fe',EndColorStr='#4787ed');border:1px solid #3079ed;color:#fff!important;margin:0 0}.gbqfb-hvr{border-color:#2f5bb7}.gbqfb-hvr:focus{border-color:#2f5bb7}.gbqfb-hvr,.gbqfb-hvr:focus{background-color:#357ae8;background-image:-webkit-gradient(linear,left top,left bottom,from(#4d90fe),to(#357ae8));background-image:-webkit-linear-gradient(top,#4d90fe,#357ae8);background-image:-moz-linear-gradient(top,#4d90fe,#357ae8);background-image:-ms-linear-gradient(top,#4d90fe,#357ae8);background-image:-o-linear-gradient(top,#4d90fe,#357ae8);background-image:linear-gradient(top,#4d90fe,#357ae8)}.gbqfb:active{background-color:inherit;-webkit-box-shadow:inset 0 1px 2px rgba(0, 0, 0, 0.3);-moz-box-shadow:inset 0 1px 2px rgba(0, 0, 0, 0.3);box-shadow:inset 0 1px 2px rgba(0, 0, 0, 0.3)}.gbqfba{background-color:#f5f5f5;background-image:-webkit-gradient(linear,left top,left bottom,from(#f5f5f5),to(#f1f1f1));background-image:-webkit-linear-gradient(top,#f5f5f5,#f1f1f1);background-image:-moz-linear-gradient(top,#f5f5f5,#f1f1f1);background-image:-ms-linear-gradient(top,#f5f5f5,#f1f1f1);background-image:-o-linear-gradient(top,#f5f5f5,#f1f1f1);background-image:linear-gradient(top,#f5f5f5,#f1f1f1);filter:progid:DXImageTransform.Microsoft.gradient(startColorStr='#f5f5f5',EndColorStr='#f1f1f1')}.gbqfba-hvr,.gbqfba-hvr:active{background-color:#f8f8f8;background-image:-webkit-gradient(linear,left top,left bottom,from(#f8f8f8),to(#f1f1f1));background-image:-webkit-linear-gradient(top,#f8f8f8,#f1f1f1);background-image:-moz-linear-gradient(top,#f8f8f8,#f1f1f1);background-image:-ms-linear-gradient(top,#f8f8f8,#f1f1f1);background-image:-o-linear-gradient(top,#f8f8f8,#f1f1f1);background-image:linear-gradient(top,#f8f8f8,#f1f1f1);filter:progid:DXImageTransform.Microsoft.gradient(startColorStr='#f8f8f8',EndColorStr='#f1f1f1')}.gbqfbb{background-color:#fff;background-image:-webkit-gradient(linear,left top,left bottom,from(#fff),to(#fbfbfb));background-image:-webkit-linear-gradient(top,#fff,#fbfbfb);background-image:-moz-linear-gradient(top,#fff,#fbfbfb);background-image:-ms-linear-gradient(top,#fff,#fbfbfb);background-image:-o-linear-gradient(top,#fff,#fbfbfb);background-image:linear-gradient(top,#fff,#fbfbfb);filter:progid:DXImageTransform.Microsoft.gradient(startColorStr='#ffffff',EndColorStr='#fbfbfb')}.gbqfbb-hvr,.gbqfbb-hvr:active{background-color:#fff;background-image:-webkit-gradient(linear,left top,left bottom,from(#fff),to(#f8f8f8));background-image:-webkit-linear-gradient(top,#fff,#f8f8f8);background-image:-moz-linear-gradient(top,#fff,#f8f8f8);background-image:-ms-linear-gradient(top,#fff,#f8f8f8);background-image:-o-linear-gradient(top,#fff,#f8f8f8);background-image:linear-gradient(top,#fff,#f8f8f8);filter:progid:DXImageTransform.Microsoft.gradient(startColorStr='#ffffff',EndColorStr='#f8f8f8')}.gbqfba-hvr,.gbqfba-hvr:active,.gbqfbb-hvr,.gbqfbb-hvr:active{border-color:#c6c6c6;-webkit-box-shadow:0 1px 1px rgba(0,0,0,.1);-moz-box-shadow:0 1px 1px rgba(0,0,0,.1);box-shadow:0 1px 1px rgba(0,0,0,.1);color:#222 !important}.gbqfba:active,.gbqfbb:active{-webkit-box-shadow:inset 0 1px 2px rgba(0,0,0,.1);-moz-box-shadow:inset 0 1px 2px rgba(0,0,0,.1);box-shadow:inset 0 1px 2px rgba(0,0,0,.1)}\n.gbprcd{padding:0;width:258px;white-space:normal}.gbprcb{display:inline-block;height:27px;padding:0 15px;text-decoration:none}#gbprc .gbprcbc{background-color:;background-image:none;border-color:;color:!important}#gbprc .gbprcbc:hover{color:!important}#gbprc .gbprcbc:active,#gbprc .gbprcbc:focus{color:!important}.gbprct{color:#666;line-height:17px;margin:0;margin-bottom:20px}.gbprci{color:#333;font-size:16px;line-height:20px;margin:0;margin-bottom:16px}#gbprc .gbmc{padding:26px;padding-bottom:22px;border:1px solid #bebebe}#gbprc .gbm{border:0}#gbprc .gbprcx,#gbprc .gbprcx.gbgt-hvr,#gbprc .gbprcx:focus,#gbprc .gbprcx:active{right:12px;background:u"
04:29:03.207 [Forwarding getPageSource on session ed2d6660-f69e-11e6-a414-872b36aae4a5 to remote] DEBUG org.apache.http.wire - http-outgoing-0 << "rl(//ssl.gstatic.com/s2/oz/images/stars/x.png);display:block;height:9px;opacity:.8;filter:alpha(opacity=80);position:absolute;top:12px;width:9px}#gbprc .gbprcx.gbgt-hvr,#gbprc .gbprcx:focus,#gbprc .gbprcx:active{opacity:1;filter:alpha(opacity=100)}.gbgs .gbmab,.gbgs .gbmab{left:10px;margin:40px 0 0}.gbgs .gbmac,.gbgs .gbmac{left:10px;margin:41px 0 0}.gbemi .gbgs .gbmab,.gbem .gbgs .gbmab{left:10px;margin:40px 0 0}.gbemi .gbgs .gbmac,.gbem .gbgs .gbmac{left:10px;margin:41px 0 0}.gbesi .gbgs .gbmab,.gbes .gbgs .gbmab{left:10px;margin:40px 0 0}.gbesi .gbgs .gbmac,.gbes .gbgs .gbmac{left:10px;margin:41px 0 0}#gbprca .gbmab{z-index:999}#gbprca .gbmac{border-bottom-color:#fff;z-index:999}#gbprcs{position:absolute;background:transparent;top:-999px;z-index:-1;visibility:hidden;margin-top:1px;margin-left:1px}\n#gb #gbprc{right:-28px;top:15px;z-index:997}#gbprca{left:-63px;position:relative;top:-22px}.gbmab,.gbmac{left:5px;border-style:dashed dashed solid;border-color:transparent;border-bottom-color:#bebebe;border-width:0 10px 10px;display:-moz-inline-box;display:inline-block;font-size:0;height:0;line-height:0;position:absolute;top:0;width:0;z-index:1000}.gbmab,.gbmac{visibility:hidden}.gbmac{border-bottom-color:#fff}.gbto .gbmab,.gbto .gbmac{visibility:visible}#gbqfqw,#gbqfb{vertical-align:top}#gbqfbw{right:0;margin:0 15px;position:absolute;top:0}.gbqfb{background-color:#4d90fe;background-image:-webkit-gradient(linear,left top,left bottom,from(#4d90fe),to(#4787ed));background-image:-webkit-linear-gradient(top,#4d90fe,#4787ed);background-image:-moz-linear-gradient(top,#4d90fe,#4787ed);background-image:-ms-linear-gradient(top,#4d90fe,#4787ed);background-image:-o-linear-gradient(top,#4d90fe,#4787ed);background-image:linear-gradient(top,#4d90fe,#4787ed);filter:progid:DXImageTransform.Microsoft.gradient(startColorStr='#4d90fe',EndColorStr='#4787ed');border:1px solid #3079ed;-moz-border-radius:2px;-webkit-border-radius:2px;border-radius:2px;-moz-user-select:none;-webkit-user-select:none;color:#fff;cursor:default;font-size:11px;font-weight:bold;height:29px;min-width:54px;*min-width:70px;text-align:center;padding:0 8px}.gbqfb-hvr{border:1px solid #2f5bb7;background-color:#357ae8;background-image:-webkit-gradient(linear,left top,left bottom,from(#4d90fe),to(#357ae8));background-image:-webkit-linear-gradient(top,#4d90fe,#357ae8);background-image:-moz-linear-gradient(top,#4d90fe,#357ae8);background-image:-ms-linear-gradient(top,#4d90fe,#357ae8);background-image:-o-linear-gradient(top,#4d90fe,#357ae8);background-image:linear-gradient(top,#4d90fe,#357ae8);-webkit-box-shadow:0 1px 1px rgba(0,0,0,.1);-moz-box-shadow:0 1px 1px rgba(0,0,0,.1);box-shadow:0 1px 1px rgba(0,0,0,.1)}.gbqfb:focus{-moz-box-shadow:inset 0 0 0 1px #fff;-webkit-box-shadow:inset 0 0 0 1px #fff;box-shadow:inset 0 0 0 1px #fff;outline:none}.gbqfb::-moz-focus-inner{border:0}.gbqfb-hvr:focus{-moz-box-shadow:inset 0 0 0 1px #fff,0 1px 1px rgba(0,0,0,.1);-webkit-box-shadow:inset 0 0 0 1px #fff,0 1px 1px rgba(0,0,0,.1);box-shadow:inset 0 0 0 1px #fff,0 1px 1px rgba(0,0,0,.1)}.gbqfb:active{-moz-box-shadow:inset 0 1px 2px rgba(0,0,0,.3);-webkit-box-shadow:inset 0 1px 2px rgba(0,0,0,.3);box-shadow:inset 0 1px 2px rgba(0,0,0,.3)}\n#gbmpas{max-height:220px}#gbmm{max-height:530px}.gbsb{-webkit-box-sizing:border-box;display:block;position:relative;*zoom:1}.gbsbic{overflow:auto}.gbsbis .gbsbt,.gbsbis .gbsbb{-webkit-mask-box-image:-webkit-gradient(linear,left top,right top,color-stop(0,rgba(0,0,0,.1)),color-stop(.5,rgba(0,0,0,.8)),color-stop(1,rgba(0,0,0,.1)));left:0;margin-right:0;opacity:0;position:absolute;width:100%}.gbsb .gbsbt:after,.gbsb .gbsbb:after{content:\"\";display:block;height:0;left:0;position:absolute;width:100%}.gbsbis .gbsbt{background:-webkit-gradient(linear,left top,left bottom,from(rgba(0,0,0,.2)),to(rgba(0,0,0,0)));background-image:-webkit-linear-gradient(top,rgba(0,0,0,.2),rgba(0,0,0,0));background-image:-moz-linear-gradient(top,rgba(0,0,0,.2),rgba(0,0,0,0));background-image:-ms-linear-gradient(top,rgba(0,0,0,.2),rgba(0,0,0,0));background-image:-o-linear-gradient(top"
04:29:03.208 [Forwarding getPageSource on session ed2d6660-f69e-11e6-a414-872b36aae4a5 to remote] DEBUG org.apache.http.wire - http-outgoing-0 << ",rgba(0,0,0,.2),rgba(0,0,0,0));background-image:linear-gradient(top,rgba(0,0,0,.2),rgba(0,0,0,0));height:6px;top:0}.gbsb .gbsbt:after{border-top:1px solid #ebebeb;border-color:rgba(0,0,0,.3);top:0}.gbsb .gbsbb{-webkit-mask-box-image:-webkit-gradient(linear,left top,right top,color-stop(0,rgba(0,0,0,.1)),color-stop(.5,rgba(0,0,0,.8)),color-stop(1,rgba(0,0,0,.1)));background:-webkit-gradient(linear,left bottom,left top,from(rgba(0,0,0,.2)),to(rgba(0,0,0,0)));background-image:-webkit-linear-gradient(bottom,rgba(0,0,0,.2),rgba(0,0,0,0));background-image:-moz-linear-gradient(bottom,rgba(0,0,0,.2),rgba(0,0,0,0));background-image:-ms-linear-gradient(bottom,rgba(0,0,0,.2),rgba(0,0,0,0));background-image:-o-linear-gradient(bottom,rgba(0,0,0,.2),rgba(0,0,0,0));background-image:linear-gradient(bottom,rgba(0,0,0,.2),rgba(0,0,0,0));bottom:0;height:4px}.gbsb .gbsbb:after{border-bottom:1px solid #ebebeb;border-color:rgba(0,0,0,.3);bottom:0}\n.gbsbic::-webkit-scrollbar{height:16px;width:16px}.gbsbic::-webkit-scrollbar-button{height:0;width:0}.gbsbic::-webkit-scrollbar-button:start:decrement,.gbsbic::-webkit-scrollbar-button:end:increment{display:block}.gbsbic::-webkit-scrollbar-button:vertical:start:increment,.gbsbic::-webkit-scrollbar-button:vertical:end:decrement{display:none}.gbsbic::-webkit-scrollbar-track:vertical,.gbsbic::-webkit-scrollbar-track:horizontal,.gbsbic::-webkit-scrollbar-thumb:vertical,.gbsbic::-webkit-scrollbar-thumb:horizontal,.gbsbis .gbsbic::-webkit-scrollbar-track:vertical,.gbsbis .gbsbic::-webkit-scrollbar-track:horizontal,.gbsbis .gbsbic::-webkit-scrollbar-thumb:vertical,.gbsbis .gbsbic::-webkit-scrollbar-thumb:horizontal{border-style:solid;border-color:transparent}.gbsbic::-webkit-scrollbar-track:vertical{background-clip:padding-box;background-color:#fff;border-left-width:5px;border-right-width:0}.gbsbic::-webkit-scrollbar-track:horizontal{background-clip:padding-box;background-color:#fff;border-bottom-width:0;border-top-width:5px}.gbsbic::-webkit-scrollbar-thumb{-webkit-box-shadow:inset 1px 1px 0 rgba(0,0,0,.1),inset 0 -1px 0 rgba(0,0,0,.07);background-clip:padding-box;background-color:rgba(0,0,0,.2);min-height:28px;padding-top:100px}.gbsbic::-webkit-scrollbar-thumb:hover{-webkit-box-shadow:inset 1px 1px 1px rgba(0,0,0,.25);background-color:rgba(0,0,0,.4)}.gbsbic::-webkit-scrollbar-thumb:active{-webkit-box-shadow:inset 1px 1px 3px rgba(0,0,0,.35);background-color:rgba(0,0,0,.5)}.gbsbic::-webkit-scrollbar-thumb:vertical{border-width:0;border-left-width:5px}.gbsbic::-webkit-scrollbar-thumb:horizontal{border-width:0;border-top-width:5px}.gbsbis .gbsbic::-webkit-scrollbar-track:vertical{border-left-width:6px;border-right-width:1px}.gbsbis .gbsbic::-webkit-scrollbar-track:horizontal{border-bottom:1px;border-top:6px}.gbsbis .gbsbic::-webkit-scrollbar-thumb:vertical{border-width:0;border-left-width:6px;border-right-width:1px}.gbsbis .gbsbic::-webkit-scrollbar-thumb:horizontal{border-width:0;border-bottom:1px;border-top:6px}.gbsbic::-webkit-scrollbar-track:hover{-webkit-box-shadow:inset 1px 0 0 rgba(0,0,0,.1);background-color:rgba(0,0,0,.05)}.gbsbic::-webkit-scrollbar-track:active{-webkit-box-shadow:inset 1px 0 0 rgba(0,0,0,.14),inset -1px -1px 0 rgba(0,0,0,.07);background-color:rgba(0,0,0,.05)}\n</style><style>body,td,a,p,.h{font-family:arial,sans-serif}body{margin:0;overflow-y:scroll}#gog{padding:3px 8px 0}td{line-height:.8em}.gac_m td{line-height:17px}form{margin-bottom:20px}.h{color:#36c}.q{color:#00c}.ts td{padding:0}.ts{border-collapse:collapse}em{font-weight:bold;font-style:normal}.lst{height:25px;width:496px}.gsfi,.lst{font:18px arial,sans-serif}.gsfs{font:17px arial,sans-serif}.ds{display:-webkit-inline-box;display:inline-block;margin:3px 0 4px;margin-left:4px}input{font-family:inherit}a.gb1,a.gb2,a.gb3,a.gb4{color:#11c !important}body{background:#fff;color:black}a{color:#11c;text-decoration:none}a:hover,a:active{text-decoration:underline}.fl a{color:#36c}a:visited{color:#551a8b}a.gb1,a.gb4{text-decoration:underline}a.gb3:hover{text-decoration:none}#ghead a.gb2:hover{color:#fff !important}.sblc{padding-top:5p"
04:29:03.208 [Forwarding getPageSource on session ed2d6660-f69e-11e6-a414-872b36aae4a5 to remote] DEBUG org.apache.http.wire - http-outgoing-0 << "x}.sblc a{display:block;margin:2px 0;margin-left:13px;font-size:11px}.lsbb{background:#eee;border:solid 1px;border-color:#ccc #999 #999 #ccc;height:30px}.lsbb{display:block}.ftl,#fll a{display:inline-block;margin:0 12px}.lsb{background:url(/images/nav_logo229.png) 0 -261px repeat-x;border:none;color:#000;cursor:pointer;height:30px;margin:0;outline:0;font:15px arial,sans-serif;vertical-align:top}.lsb:active{background:#ccc}.lst:focus{outline:none}</style><script>(function(){try{var e=this;var aa=function(a,b,c,d){d=d||{};d._sn=[\"cfg\",b,c].join(\".\");window.gbar.logger.ml(a,d)};var g=window.gbar=window.gbar||{},h=window.gbar.i=window.gbar.i||{},ba;function _tvn(a,b){a=parseInt(a,10);return isNaN(a)?b:a}function _tvf(a,b){a=parseFloat(a);return isNaN(a)?b:a}function _tvv(a){return!!a}function p(a,b,c){(c||g)[a]=b}g.bv={n:_tvn(\"2\",0),r:\"\",f:\".66.41.\",e:\"1300102,3700244,3700347\",m:_tvn(\"1\",1)};\nfunction ca(a,b,c){var d=\"on\"+b;if(a.addEventListener)a.addEventListener(b,c,!1);else if(a.attachEvent)a.attachEvent(d,c);else{var f=a[d];a[d]=function(){var a=f.apply(this,arguments),b=c.apply(this,arguments);return void 0==a?b:void 0==b?a:b&&a}}}var da=function(a){return function(){return g.bv.m==a}},ea=da(1),fa=da(2);p(\"sb\",ea);p(\"kn\",fa);h.a=_tvv;h.b=_tvf;h.c=_tvn;h.i=aa;var q=window.gbar.i.i;var r=function(){},u=function(){},ia=function(a){var b=new Image,c=ga;b.onerror=b.onload=b.onabort=function(){try{delete ha[c]}catch(d){}};ha[c]=b;b.src=a;ga=c+1},ha=[],ga=0;p(\"logger\",{il:u,ml:r,log:ia});var v=window.gbar.logger;var y={},ja={},z=[],ka=h.b(\"0.1\",.1),la=h.a(\"1\",!0),ma=function(a,b){z.push([a,b])},na=function(a,b){y[a]=b},oa=function(a){return a in y},A={},B=function(a,b){A[a]||(A[a]=[]);A[a].push(b)},D=function(a){B(\"m\",a)},pa=function(a,b){var c=document.createElement(\"script\");c.src=a;c.async=la;Math.random()<ka&&(c.onerror=function(){c.onerror=null;r(Error(\"Bundle load failed: name=\"+(b||\"UNK\")+\" url=\"+a))});(document.getElementById(\"xjsc\")||document.getElementsByTagName(\"body\")[0]||\ndocument.getElementsByTagName(\"head\")[0]).appendChild(c)},F=function(a){for(var b=0,c;(c=z[b])&&c[0]!=a;++b);!c||c[1].l||c[1].s||(c[1].s=!0,qa(2,a),c[1].url&&pa(c[1].url,a),c[1].libs&&E&&E(c[1].libs))},ra=function(a){B(\"gc\",a)},sa=null,ta=function(a){sa=a},qa=function(a,b,c){if(sa){a={t:a,b:b};if(c)for(var d in c)a[d]=c[d];try{sa(a)}catch(f){}}};p(\"mdc\",y);p(\"mdi\",ja);p(\"bnc\",z);p(\"qGC\",ra);p(\"qm\",D);p(\"qd\",A);p(\"lb\",F);p(\"mcf\",na);p(\"bcf\",ma);p(\"aq\",B);p(\"mdd\",\"\");\np(\"has\",oa);p(\"trh\",ta);p(\"tev\",qa);if(h.a(\"1\")){var ua=h.a(\"1\"),va=h.a(\"\"),wa=h.a(\"\"),xa=window.gapi={},ya=function(a,b){var c=function(){g.dgl(a,b)};ua?D(c):(B(\"gl\",c),F(\"gl\"))},za={},Aa=function(a){a=a.split(\":\");for(var b;(b=a.pop())&&za[b];);return!b},E=function(a){function b(){for(var b=a.split(\":\"),d=0,f;f=b[d];++d)za[f]=1;for(b=0;d=z[b];++b)d=d[1],(f=d.libs)&&!d.l&&d.i&&Aa(f)&&d.i()}g.dgl(a,b)},H=window.___jsl={};H.h=\"m;/_/scs/abc-static/_/js/k=gapi.gapi.en.uNkvfNpse-M.O/m=__features__/rt=j/d=1/rs=AHpOoo-YYbqGPKhcjqbluyEsnEa5V9AYjQ\";H.ms=\"https://apis.google.com\";\nH.m=\"\";H.l=[];ua||z.push([\"gl\",{url:\"//ssl.gstatic.com/gb/js/abc/glm_e7bb39a7e1a24581ff4f8d199678b1b9.js\"}]);var Ba={pu:va,sh:\"\",si:wa,hl:\"en\"};y.gl=Ba;p(\"load\",ya,xa);p(\"dgl\",ya);p(\"agl\",Aa);h.o=ua};var Ca=h.b(\"0.1\",.001),Da=0;\nfunction _mlToken(a,b){try{if(1>Da){Da++;var c,d=a;b=b||{};var f=encodeURIComponent,k=[\"//www.google.com/gen_204?atyp=i&zx=\",(new Date).getTime(),\"&jexpid=\",f(\"28834\"),\"&srcpg=\",f(\"prop=1\"),\"&jsr=\",Math.round(1/Ca),\"&ogev=\",f(\"jI-pWMblJ-Op0gKdppSoCQ\"),\"&ogf=\",g.bv.f,\"&ogrp=\",f(\"\"),\"&ogv=\",f(\"1487302445.0\"),\"&oggv=\"+f(\"es_plusone_gc_20170210.0_p0\"),\"&ogd=\",f(\"com\"),\"&ogc=\",f(\"USA\"),\"&ogl=\",f(\"en\")];b._sn&&(b._sn=\n\"og.\"+b._sn);for(var m in b)k.push(\"&\"),k.push(f(m)),k.push(\"=\"),k.push(f(b[m]));k.push(\"&emsg=\");k.push(f(d.name+\":\"+d.message));var n=k.join(\"\");Ea(n)&&(n=n.substr(0,2E3));c=n;var l=window.gbar.logger._aem(a,c);ia"
04:29:03.209 [Forwarding getPageSource on session ed2d6660-f69e-11e6-a414-872b36aae4a5 to remote] DEBUG org.apache.http.wire - http-outgoing-0 << "(l)}}catch(t){}}var Ea=function(a){return 2E3<=a.length},Fa=function(a,b){return b};function Ga(a){r=a;p(\"_itl\",Ea,v);p(\"_aem\",Fa,v);p(\"ml\",r,v);a={};y.er=a}h.a(\"\")?Ga(function(a){throw a;}):h.a(\"1\")&&Math.random()<Ca&&Ga(_mlToken);var _E=\"left\",Ha=h.a(\"\"),J=function(a,b){var c=a.className;I(a,b)||(a.className+=(\"\"!=c?\" \":\"\")+b)},K=function(a,b){var c=a.className;b=new RegExp(\"\\\\s?\\\\b\"+b+\"\\\\b\");c&&c.match(b)&&(a.className=c.replace(b,\"\"))},I=function(a,b){b=new RegExp(\"\\\\b\"+b+\"\\\\b\");a=a.className;return!(!a||!a.match(b))},Ia=function(a,b){I(a,b)?K(a,b):J(a,b)},Ja=function(a,b){a[b]=function(c){var d=arguments;g.qm(function(){a[b].apply(this,d)})}},Ka=function(a){a=[\"//www.gstatic.com\",\"/og/_/js/d=1/k=\",\n\"og.og2.en_US.jHd_YoE_ivk.O\",\"/rt=j/m=\",a,\"/rs=\",\"AA2YrTvdmOIexWdSrR0yEpCgbNSW_JKJsQ\"];Ha&&a.push(\"?host=www.gstatic.com&bust=og.og2.en_US.tRzDb2x3PRs.DU\");a=a.join(\"\");pa(a)};p(\"ca\",J);p(\"cr\",K);p(\"cc\",I);h.k=J;h.l=K;h.m=I;h.n=Ia;h.p=Ka;h.q=Ja;var La=[\"gb_71\",\"gb_155\"],Ma;function Na(a){Ma=a}function Oa(a){var b=Ma&&!a.href.match(/.*\\/accounts\\/ClearSID[?]/)&&encodeURIComponent(Ma());b&&(a.href=a.href.replace(/([?&]continue=)[^&]*/,\"$1\"+b))}function Pa(a){window.gApplication&&(a.href=window.gApplication.getTabUrl(a.href))}function Qa(a){try{var b=(document.forms[0].q||\"\").value;b&&(a.href=a.href.replace(/([?&])q=[^&]*|$/,function(a,d){return(d||\"&\")+\"q=\"+encodeURIComponent(b)}))}catch(c){q(c,\"sb\",\"pq\")}}\nvar Ra=function(){for(var a=[],b=0,c;c=La[b];++b)(c=document.getElementById(c))&&a.push(c);return a},Sa=function(){var a=Ra();return 0<a.length?a[0]:null},Ta=function(){return document.getElementById(\"gb_70\")},L={},M={},Ua={},N={},O=void 0,Za=function(a,b){try{var c=document.getElementById(\"gb\");J(c,\"gbpdjs\");P();Va(document.getElementById(\"gb\"))&&J(c,\"gbrtl\");if(b&&b.getAttribute){var d=b.getAttribute(\"aria-owns\");if(d.length){var f=document.getElementById(d);if(f){var k=b.parentNode;if(O==d)O=void 0,\nK(k,\"gbto\");else{if(O){var m=document.getElementById(O);if(m&&m.getAttribute){var n=m.getAttribute(\"aria-owner\");if(n.length){var l=document.getElementById(n);l&&l.parentNode&&K(l.parentNode,\"gbto\")}}}Wa(f)&&Xa(f);O=d;J(k,\"gbto\")}}}}D(function(){g.tg(a,b,!0)});Ya(a)}catch(t){q(t,\"sb\",\"tg\")}},$a=function(a){D(function(){g.close(a)})},ab=function(a){D(function(){g.rdd(a)})},Va=function(a){var b,c=document.defaultView;c&&c.getComputedStyle?(a=c.getComputedStyle(a,\"\"))&&(b=a.direction):b=a.currentStyle?\na.currentStyle.direction:a.style.direction;return\"rtl\"==b},cb=function(a,b,c){if(a)try{var d=document.getElementById(\"gbd5\");if(d){var f=d.firstChild,k=f.firstChild,m=document.createElement(\"li\");m.className=b+\" gbmtc\";m.id=c;a.className=\"gbmt\";m.appendChild(a);if(k.hasChildNodes()){c=[[\"gbkc\"],[\"gbf\",\"gbe\",\"gbn\"],[\"gbkp\"],[\"gbnd\"]];for(var d=0,n=k.childNodes.length,f=!1,l=-1,t=0,C;C=c[t];t++){for(var T=0,G;G=C[T];T++){for(;d<n&&I(k.childNodes[d],G);)d++;if(G==b){k.insertBefore(m,k.childNodes[d]||\nnull);f=!0;break}}if(f){if(d+1<k.childNodes.length){var U=k.childNodes[d+1];I(U.firstChild,\"gbmh\")||bb(U,C)||(l=d+1)}else if(0<=d-1){var V=k.childNodes[d-1];I(V.firstChild,\"gbmh\")||bb(V,C)||(l=d)}break}0<d&&d+1<n&&d++}if(0<=l){var w=document.createElement(\"li\"),x=document.createElement(\"div\");w.className=\"gbmtc\";x.className=\"gbmt gbmh\";w.appendChild(x);k.insertBefore(w,k.childNodes[l])}g.addHover&&g.addHover(a)}else k.appendChild(m)}}catch(Ab){q(Ab,\"sb\",\"al\")}},bb=function(a,b){for(var c=b.length,\nd=0;d<c;d++)if(I(a,b[d]))return!0;return!1},db=function(a,b,c){cb(a,b,c)},eb=function(a,b){cb(a,\"gbe\",b)},fb=function(){D(function(){g.pcm&&g.pcm()})},gb=function(){D(function(){g.pca&&g.pca()})},hb=function(a,b,c,d,f,k,m,n,l,t){D(function(){g.paa&&g.paa(a,b,c,d,f,k,m,n,l,t)})},ib=function(a,b){L[a]||(L[a]=[]);L[a].push(b)},jb=function(a,b){M[a]||(M[a]=[]);M[a].push(b)},kb=function(a,b){Ua[a]=b},lb=function(a,b){N[a]||(N[a]=[]);N[a].push(b)},Ya=function(a){a.preventDefault&&a.preventDefault()"
04:29:03.210 [Forwarding getPageSource on session ed2d6660-f69e-11e6-a414-872b36aae4a5 to remote] DEBUG org.apache.http.wire - http-outgoing-0 << ";a.returnValue=\n!1;a.cancelBubble=!0},mb=null,Xa=function(a,b){P();if(a){nb(a,\"Opening&hellip;\");Q(a,!0);b=\"undefined\"!=typeof b?b:1E4;var c=function(){ob(a)};mb=window.setTimeout(c,b)}},pb=function(a){P();a&&(Q(a,!1),nb(a,\"\"))},ob=function(a){try{P();var b=a||document.getElementById(O);b&&(nb(b,\"This service is currently unavailable.%1$sPlease try again later.\",\"%1$s\"),Q(b,!0))}catch(c){q(c,\"sb\",\"sdhe\")}},nb=function(a,b,c){if(a&&b){var d=Wa(a);if(d){if(c){d.innerHTML=\"\";b=b.split(c);c=0;for(var f;f=b[c];c++){var k=document.createElement(\"div\");\nk.innerHTML=f;d.appendChild(k)}}else d.innerHTML=b;Q(a,!0)}}},Q=function(a,b){(b=void 0!==b?b:!0)?J(a,\"gbmsgo\"):K(a,\"gbmsgo\")},Wa=function(a){for(var b=0,c;c=a.childNodes[b];b++)if(I(c,\"gbmsg\"))return c},P=function(){mb&&window.clearTimeout(mb)},qb=function(a){var b=\"inner\"+a;a=\"offset\"+a;return window[b]?window[b]:document.documentElement&&document.documentElement[a]?document.documentElement[a]:0},rb=function(){return!1},sb=function(){return!!O};p(\"so\",Sa);p(\"sos\",Ra);p(\"si\",Ta);p(\"tg\",Za);\np(\"close\",$a);p(\"rdd\",ab);p(\"addLink\",db);p(\"addExtraLink\",eb);p(\"pcm\",fb);p(\"pca\",gb);p(\"paa\",hb);p(\"ddld\",Xa);p(\"ddrd\",pb);p(\"dderr\",ob);p(\"rtl\",Va);p(\"op\",sb);p(\"bh\",L);p(\"abh\",ib);p(\"dh\",M);p(\"adh\",jb);p(\"ch\",N);p(\"ach\",lb);p(\"eh\",Ua);p(\"aeh\",kb);ba=h.a(\"\")?Pa:Qa;p(\"qs\",ba);p(\"setContinueCb\",Na);p(\"pc\",Oa);p(\"bsy\",rb);h.d=Ya;h.j=qb;var tb={};y.base=tb;z.push([\"m\",{url:\"//ssl.gstatic.com/gb/js/sem_c94e5a7d20825d1b6c1f4055342bd471.js\"}]);g.sg={c:\"1\"};p(\"wg\",{rg:{}});var ub={tiw:h.c(\"15000\",0),tie:h.c(\"30000\",0)};y.wg=ub;var vb={thi:h.c(\"10000\",0),thp:h.c(\"180000\",0),tho:h.c(\"5000\",0),tet:h.b(\"0.5\",0)};y.wm=vb;if(h.a(\"1\")){var wb=h.a(\"\");z.push([\"gc\",{auto:wb,url:\"//ssl.gstatic.com/gb/js/abc/gci_91f30755d6a6b787dcc2a4062e6e9824.js\",libs:\"googleapis.client:plusone:gapi.iframes\"}]);var xb={version:\"gci_91f30755d6a6b787dcc2a4062e6e9824.js\",index:\"\",lang:\"en\"};y.gc=xb;var yb=function(a){window.googleapis&&window.iframes?a&&a():(a&&ra(a),F(\"gc\"))};p(\"lGC\",yb);h.a(\"1\")&&p(\"lPWF\",yb)};window.__PVT=\"\";if(h.a(\"1\")&&h.a(\"1\")){var zb=function(a){yb(function(){B(\"pw\",a);F(\"pw\")})};p(\"lPW\",zb);z.push([\"pw\",{url:\"//ssl.gstatic.com/gb/js/abc/pwm_45f73e4df07a0e388b0fa1f3d30e7280.js\"}]);var Bb=[],Cb=function(a){Bb[0]=a},Db=function(a,b){b=b||{};b._sn=\"pw\";r(a,b)},Eb={signed:Bb,elog:Db,base:\"https://plusone.google.com/u/0\",loadTime:(new Date).getTime()};y.pw=Eb;var Fb=function(a,b){var c=b.split(\".\");b=function(){var b=arguments;a(function(){for(var a=g,d=0,f=c.length-1;d<f;++d)a=a[c[d]];a[c[d]].apply(a,b)})};for(var d=g,f=0,k=c.length-1;f<\nk;++f)d=d[c[f]]=d[c[f]]||{};return d[c[f]]=b};Fb(zb,\"pw.clk\");Fb(zb,\"pw.hvr\");p(\"su\",Cb,g.pw)};var Gb=[1,2,3,4,5,6,9,10,11,13,14,28,29,30,34,35,37,38,39,40,41,42,43,48,49,500];var Hb=h.b(\"0.001\",1E-4),Ib=h.b(\"1\",1),Jb=!1,Kb=!1;if(h.a(\"1\")){var Lb=Math.random();Lb<Hb&&(Jb=!0);Lb<Ib&&(Kb=!0)}var R=null;\nfunction Mb(a,b){var c=Hb,d=Jb,f;f=a;if(!R){R={};for(var k=0;k<Gb.length;k++){var m=Gb[k];R[m]=!0}}if(f=!!R[f])c=Ib,d=Kb;if(d){var d=encodeURIComponent,n=\"es_plusone_gc_20170210.0_p0\",l;g.rp?(l=g.rp(),l=\"-1\"!=l?l:\"\"):l=\"\";f=(new Date).getTime();var k=d(\"28834\"),m=d(\"jI-pWMblJ-Op0gKdppSoCQ\"),t=g.bv.f,C=d(\"1\");l=d(l);var c=Math.round(1/c),T=d(\"1487302445.0\"),n=n?\"&oggv=\"+d(n):\"\",G=d(\"com\"),U=d(\"en\"),\nV=d(\"USA\"),w;w=0;h.a(\"\")&&(w|=1);h.a(\"\")&&(w|=2);h.a(\"\")&&(w|=4);a=[\"//www.google.com/gen_204?atyp=i&zx=\",f,\"&oge=\",a,\"&ogex=\",k,\"&ogev=\",m,\"&ogf=\",t,\"&ogp=\",C,\"&ogrp=\",l,\"&ogsr=\",c,\"&ogv=\",T,n,\"&ogd=\",G,\"&ogl=\",U,\"&ogc=\",V,\"&ogus=\",w];if(b){\"ogw\"in b&&(a.push(\"&ogw=\"+b.ogw),delete b.ogw);var x;f=[];for(x in b)0!=f.length&&f.push(\",\"),f.push(Nb(x)),f.push(\".\"),f.push(Nb(b[x]));x=f.join(\"\");\"\"!=x&&(a.push(\"&ogad=\"),a.push(d(x)))}ia(a.join(\"\"))}}\nfunction Nb(a){\"number\"==typeof a&&(a+=\"\");return\"string\"==typeof a?a.replace(\".\",\"%2E\""
04:29:03.211 [Forwarding getPageSource on session ed2d6660-f69e-11e6-a414-872b36aae4a5 to remote] DEBUG org.apache.http.wire - http-outgoing-0 << ").replace(\",\",\"%2C\"):a}u=Mb;p(\"il\",u,v);var Ob={};y.il=Ob;var Pb=function(a,b,c,d,f,k,m,n,l,t){D(function(){g.paa(a,b,c,d,f,k,m,n,l,t)})},Qb=function(){D(function(){g.prm()})},Rb=function(a){D(function(){g.spn(a)})},Sb=function(a){D(function(){g.sps(a)})},Tb=function(a){D(function(){g.spp(a)})},Ub={\"27\":\"//ssl.gstatic.com/gb/images/silhouette_24.png\",\"27\":\"//ssl.gstatic.com/gb/images/silhouette_24.png\",\"27\":\"//ssl.gstatic.com/gb/images/silhouette_24.png\"},Vb=function(a){return(a=Ub[a])||\"//ssl.gstatic.com/gb/images/silhouette_24.png\"},\nWb=function(){D(function(){g.spd()})};p(\"spn\",Rb);p(\"spp\",Tb);p(\"sps\",Sb);p(\"spd\",Wb);p(\"paa\",Pb);p(\"prm\",Qb);ib(\"gbd4\",Qb);\nif(h.a(\"\")){var Xb={d:h.a(\"\"),e:\"\",sanw:h.a(\"\"),p:\"//ssl.gstatic.com/gb/images/silhouette_96.png\",cp:\"1\",xp:h.a(\"1\"),mg:\"%1$s (delegated)\",md:\"%1$s (default)\",mh:\"220\",s:\"1\",pp:Vb,ppl:h.a(\"\"),ppa:h.a(\"\"),\nppm:\"Google+ page\"};y.prf=Xb};var S,Yb,W,Zb,X=0,$b=function(a,b,c){if(a.indexOf)return a.indexOf(b,c);if(Array.indexOf)return Array.indexOf(a,b,c);for(c=null==c?0:0>c?Math.max(0,a.length+c):c;c<a.length;c++)if(c in a&&a[c]===b)return c;return-1},Y=function(a,b){return-1==$b(a,X)?(q(Error(X+\"_\"+b),\"up\",\"caa\"),!1):!0},bc=function(a,b){Y([1,2],\"r\")&&(S[a]=S[a]||[],S[a].push(b),2==X&&window.setTimeout(function(){b(ac(a))},0))},cc=function(a,b,c){if(Y([1],\"nap\")&&c){for(var d=0;d<c.length;d++)Yb[c[d]]=!0;g.up.spl(a,b,\"nap\",c)}},dc=\nfunction(a,b,c){if(Y([1],\"aop\")&&c){if(W)for(var d in W)W[d]=W[d]&&-1!=$b(c,d);else for(W={},d=0;d<c.length;d++)W[c[d]]=!0;g.up.spl(a,b,\"aop\",c)}},ec=function(){try{if(X=2,!Zb){Zb=!0;for(var a in S)for(var b=S[a],c=0;c<b.length;c++)try{b[c](ac(a))}catch(d){q(d,\"up\",\"tp\")}}}catch(d){q(d,\"up\",\"mtp\")}},ac=function(a){if(Y([2],\"ssp\")){var b=!Yb[a];W&&(b=b&&!!W[a]);return b}};Zb=!1;S={};Yb={};W=null;\nvar X=1,fc=function(a){var b=!1;try{b=a.cookie&&a.cookie.match(\"PREF\")}catch(c){}return!b},gc=function(){try{return!!e.localStorage&&\"object\"==typeof e.localStorage}catch(a){return!1}},hc=function(a){return a&&a.style&&a.style.behavior&&\"undefined\"!=typeof a.load},ic=function(a,b,c,d){try{fc(document)||(d||(b=\"og-up-\"+b),gc()?e.localStorage.setItem(b,c):hc(a)&&(a.setAttribute(b,c),a.save(a.id)))}catch(f){f.code!=DOMException.QUOTA_EXCEEDED_ERR&&q(f,\"up\",\"spd\")}},jc=function(a,b,c){try{if(fc(document))return\"\";\nc||(b=\"og-up-\"+b);if(gc())return e.localStorage.getItem(b);if(hc(a))return a.load(a.id),a.getAttribute(b)}catch(d){d.code!=DOMException.QUOTA_EXCEEDED_ERR&&q(d,\"up\",\"gpd\")}return\"\"},kc=function(a,b,c){a.addEventListener?a.addEventListener(b,c,!1):a.attachEvent&&a.attachEvent(\"on\"+b,c)},lc=function(a){for(var b=0,c;c=a[b];b++){var d=g.up;c=c in d&&d[c];if(!c)return!1}return!0},mc=function(a,b){try{if(fc(a))return-1;var c=a.cookie.match(/OGPC=([^;]*)/);if(c&&c[1]){var d=c[1].match(new RegExp(\"\\\\b\"+\nb+\"-([0-9]+):\"));if(d&&d[1])return parseInt(d[1],10)}}catch(f){f.code!=DOMException.QUOTA_EXCEEDED_ERR&&q(f,\"up\",\"gcc\")}return-1};p(\"up\",{r:bc,nap:cc,aop:dc,tp:ec,ssp:ac,spd:ic,gpd:jc,aeh:kc,aal:lc,gcc:mc});var Z=function(a,b){a[b]=function(c){var d=arguments;g.qm(function(){a[b].apply(this,d)})}};Z(g.up,\"sl\");Z(g.up,\"si\");Z(g.up,\"spl\");Z(g.up,\"dpc\");Z(g.up,\"iic\");g.mcf(\"up\",{sp:h.b(\"0.01\",1),tld:\"com\",prid:\"1\"});function nc(){function a(){for(var b;(b=k[m++])&&\"m\"!=b[0]&&!b[1].auto;);b&&(qa(2,b[0]),b[1].url&&pa(b[1].url,b[0]),b[1].libs&&E&&E(b[1].libs));m<k.length&&setTimeout(a,0)}function b(){0<f--?setTimeout(b,0):a()}var c=h.a(\"1\"),d=h.a(\"\"),f=3,k=z,m=0,n=window.gbarOnReady;if(n)try{n()}catch(l){q(l,\"ml\",\"or\")}d?p(\"ldb\",a):c?ca(window,\"load\",b):b()}p(\"rdl\",nc);}catch(e){window.gbar&&gbar.logger&&gbar.logger.ml(e,{\"_sn\":\"cfg.init\"});}})();\n(function(){try{var b=window.gbar;var d=function(a,c){b[a]=function(){return window.navigator&&window.navigator.userAgent?c(window.navigator.userAgent):!1}},e=function(a){return!(/AppleWebKit\\/.+(?:Version\\/[35]\\.|Chrome\\/[01]\\.)/.test(a)||-1!=a"
04:29:03.212 [Forwarding getPageSource on session ed2d6660-f69e-11e6-a414-872b36aae4a5 to remote] DEBUG org.apache.http.wire - http-outgoing-0 << ".indexOf(\"Firefox/3.5.\"))};d(\"bs_w\",e);}catch(e){window.gbar&&gbar.logger&&gbar.logger.ml(e,{\"_sn\":\"cfg.init\"});}})();\n(function(){try{var a=window.gbar;a.mcf(\"pm\",{p:\"19000096,8QJ,7,,\"});}catch(e){window.gbar&&gbar.logger&&gbar.logger.ml(e,{\"_sn\":\"cfg.init\"});}})();\n(function(){try{var a=window.gbar;a.mcf(\"mm\",{s:\"1\"});}catch(e){window.gbar&&gbar.logger&&gbar.logger.ml(e,{\"_sn\":\"cfg.init\"});}})();\n(function(){try{var d=window.gbar.i.i;var e=window.gbar;var f=e.i;var g=f.c(\"1\",0),h=/\\bgbmt\\b/,k=function(a){try{var b=document.getElementById(\"gb_\"+g),c=document.getElementById(\"gb_\"+a);b&&f.l(b,h.test(b.className)?\"gbm0l\":\"gbz0l\");c&&f.k(c,h.test(c.className)?\"gbm0l\":\"gbz0l\")}catch(l){d(l,\"sj\",\"ssp\")}g=a},m=e.qs,n=function(a){var b;b=a.href;var c=window.location.href.match(/.*?:\\/\\/[^\\/]*/)[0],c=new RegExp(\"^\"+c+\"/search\\\\?\");(b=c.test(b))&&!/(^|\\\\?|&)ei=/.test(a.href)&&(b=window.google)&&b.kEXPI&&(a.href+=\"&ei=\"+b.kEI)},p=function(a){m(a);\nn(a)},q=function(){if(window.google&&window.google.sn){var a=/.*hp$/;return a.test(window.google.sn)?\"\":\"1\"}return\"-1\"};e.rp=q;e.slp=k;e.qs=p;e.qsi=n;}catch(e){window.gbar&&gbar.logger&&gbar.logger.ml(e,{\"_sn\":\"cfg.init\"});}})();\n(function(){try{var a=this;var b=window.gbar;var c=b.i;var d=c.a,e=c.c,f={cty:\"USA\",cv:\"1487302445\",dbg:d(\"\"),ecv:\"0\",ei:e(\"jI-pWMblJ-Op0gKdppSoCQ\"),ele:d(\"1\"),esr:e(\"0.1\"),evts:[\"mousedown\",\"touchstart\",\"touchmove\",\"wheel\",\"keydown\"],gbl:\"es_plusone_gc_20170210.0_p0\",hd:\"com\",hl:\"en\",irp:d(\"\"),pid:e(\"1\"),\nsnid:e(\"28834\"),to:e(\"300000\"),u:e(\"\"),vf:\".66.41.\"},g=f,h=[\"bndcfg\"],k=a;h[0]in k||!k.execScript||k.execScript(\"var \"+h[0]);for(var l;h.length&&(l=h.shift());)h.length||void 0===g?k=k[l]&&Object.prototype.hasOwnProperty.call(k,l)?k[l]:k[l]={}:k[l]=g;}catch(e){window.gbar&&gbar.logger&&gbar.logger.ml(e,{\"_sn\":\"cfg.init\"});}})();\n(function(){try{window.gbar.rdl();}catch(e){window.gbar&&gbar.logger&&gbar.logger.ml(e,{\"_sn\":\"cfg.init\"});}})();\n</script><link href=\"/images/branding/product/ico/googleg_lodp.ico\" rel=\"shortcut icon\"><style type=\"text/css\">.gsib_a{width:100%;padding:4px 6px 0}.gsib_a,.gsib_b{vertical-align:top}.gssb_c{border:0;position:absolute;z-index:989}.gssb_e{border:1px solid #ccc;border-top-color:#d9d9d9;box-shadow:0 2px 4px rgba(0,0,0,0.2);-webkit-box-shadow:0 2px 4px rgba(0,0,0,0.2);cursor:default}.gssb_f{visibility:hidden;white-space:nowrap}.gssb_k{border:0;display:block;position:absolute;top:0;z-index:988}.gsdd_a{border:none!important}.gsmq_a{padding:0}a.gspqs_a{padding:0 3px 0 8px}.gspqs_b{color:#666;line-height:22px}.gsls_a{color:red}.gsn_a{padding-top:4px;padding-bottom:1px}.gsn_b{display:block;line-height:16px}.gsn_c{color:green;font-size:13px}.gsq_a{padding:0}.gssb_a{padding:0 7px}.gssb_a,.gssb_a td{white-space:nowrap;overflow:hidden;line-height:22px}#gssb_b{font-size:11px;color:#36c;text-decoration:none}#gssb_b:hover{font-size:11px;color:#36c;text-decoration:underline}.gssb_g{text-align:center;padding:8px 0 7px;position:relative}.gssb_h{font-size:15px;height:28px;margin:0.2em;-webkit-appearance:button}.gssb_i{background:#eee}.gss_ifl{visibility:hidden;padding-left:5px}.gssb_i .gss_ifl{visibility:visible}a.gssb_j{font-size:13px;color:#36c;text-decoration:none;line-height:100%}a.gssb_j:hover{text-decoration:underline}.gssb_l{height:1px;background-color:#e5e5e5}.gssb_m{color:#000;background:#fff}a.gspqs_a{padding-left:0}.gssb_e{border-top:1px solid #a2bff0;border-right:1px solid #558be3;border-bottom:1px solid #558be3;border-left:1px solid #a2bff0;}.gssb_i{background:#d5e2ff}</style></head><body bgcolor=\"#fff\"><script>(function(){var src='/images/nav_logo229.png';var iesg=false;document.body.onload = function(){window.n && window.n();if (document.images){new Image().src=src;}\nif (!iesg){document.f&&document.f.q.focus();document.gbqf&&document.gbqf.q.focus();}\n}\n})();</script><div id=\"mngb\"> <div id=\"gb\"><script>window.gbar&&gbar.eli&&gbar.eli()</script><div id=\"gbw\"><div id=\"gbz\"><span class="
04:29:03.213 [Forwarding getPageSource on session ed2d6660-f69e-11e6-a414-872b36aae4a5 to remote] DEBUG org.apache.http.wire - http-outgoing-0 << "\"gbtcb\"></span><ol id=\"gbzc\" class=\"gbtc\"><li class=\"gbt\"><a onclick=\"gbar.logger.il(1,{t:119});\" class=\"gbzt\" id=\"gb_119\" href=\"https://plus.google.com/?gpsrc=ogpy0&amp;tab=wX\"><span class=\"gbtb2\"></span><span class=\"gbts\">Google+</span></a></li><li class=\"gbt\"><a onclick=\"gbar.logger.il(1,{t:1});\" class=\"gbzt gbz0l gbp1\" id=\"gb_1\" href=\"https://www.google.com/webhp?tab=ww\"><span class=\"gbtb2\"></span><span class=\"gbts\">Search</span></a></li><li class=\"gbt\"><a onclick=\"gbar.logger.il(1,{t:2});\" class=\"gbzt\" id=\"gb_2\" href=\"https://www.google.com/imghp?hl=en&amp;tab=wi\"><span class=\"gbtb2\"></span><span class=\"gbts\">Images</span></a></li><li class=\"gbt\"><a onclick=\"gbar.logger.il(1,{t:8});\" class=\"gbzt\" id=\"gb_8\" href=\"https://maps.google.com/maps?hl=en&amp;tab=wl\"><span class=\"gbtb2\"></span><span class=\"gbts\">Maps</span></a></li><li class=\"gbt\"><a onclick=\"gbar.logger.il(1,{t:78});\" class=\"gbzt\" id=\"gb_78\" href=\"https://play.google.com/?hl=en&amp;tab=w8\"><span class=\"gbtb2\"></span><span class=\"gbts\">Play</span></a></li><li class=\"gbt\"><a onclick=\"gbar.logger.il(1,{t:36});\" class=\"gbzt\" id=\"gb_36\" href=\"https://www.youtube.com/?tab=w1\"><span class=\"gbtb2\"></span><span class=\"gbts\">YouTube</span></a></li><li class=\"gbt\"><a onclick=\"gbar.logger.il(1,{t:5});\" class=\"gbzt\" id=\"gb_5\" href=\"https://news.google.com/nwshp?hl=en&amp;tab=wn\"><span class=\"gbtb2\"></span><span class=\"gbts\">News</span></a></li><li class=\"gbt\"><a onclick=\"gbar.logger.il(1,{t:23});\" class=\"gbzt\" id=\"gb_23\" href=\"https://mail.google.com/mail/?tab=wm\"><span class=\"gbtb2\"></span><span class=\"gbts\">Gmail</span></a></li><li class=\"gbt\"><a class=\"gbgt\" id=\"gbztm\" href=\"https://www.google.com/intl/en/options/\" onclick=\"gbar.tg(event,this)\" aria-haspopup=\"true\" aria-owns=\"gbd\"><span class=\"gbtb2\"></span><span id=\"gbztms\" class=\"gbts gbtsa\"><span id=\"gbztms1\">More</span><span class=\"gbma\"></span></span></a><div class=\"gbm\" id=\"gbd\" aria-owner=\"gbztm\"><div id=\"gbmmb\" class=\"gbmc gbsb gbsbis\"><ol id=\"gbmm\" class=\"gbmcc gbsbic\"><li class=\"gbmtc\"><a onclick=\"gbar.logger.il(1,{t:49});\" class=\"gbmt\" id=\"gb_49\" href=\"https://drive.google.com/?tab=wo\">Drive</a></li><li class=\"gbmtc\"><a onclick=\"gbar.logger.il(1,{t:24});\" class=\"gbmt\" id=\"gb_24\" href=\"https://www.google.com/calendar?tab=wc\">Calendar</a></li><li class=\"gbmtc\"><a onclick=\"gbar.logger.il(1,{t:51});\" class=\"gbmt\" id=\"gb_51\" href=\"https://translate.google.com/?hl=en&amp;tab=wT\">Translate</a></li><li class=\"gbmtc\"><a onclick=\"gbar.logger.il(1,{t:17});\" class=\"gbmt\" id=\"gb_17\" href=\"http://www.google.com/mobile/?hl=en&amp;tab=wD\">Mobile</a></li><li class=\"gbmtc\"><a onclick=\"gbar.logger.il(1,{t:10});\" class=\"gbmt\" id=\"gb_10\" href=\"https://books.google.com/bkshp?hl=en&amp;tab=wp\">Books</a></li><li class=\"gbmtc\"><a onclick=\"gbar.logger.il(1,{t:212});\" class=\"gbmt\" id=\"gb_212\" href=\"https://wallet.google.com/?tab=wa\">Wallet</a></li><li class=\"gbmtc\"><a onclick=\"gbar.logger.il(1,{t:6});\" class=\"gbmt\" id=\"gb_6\" href=\"http://www.google.com/shopping?hl=en&amp;tab=wf\">Shopping</a></li><li class=\"gbmtc\"><a onclick=\"gbar.logger.il(1,{t:30});\" class=\"gbmt\" id=\"gb_30\" href=\"https://www.blogger.com/?tab=wj\">Blogger</a></li><li class=\"gbmtc\"><a onclick=\"gbar.logger.il(1,{t:27});\" class=\"gbmt\" id=\"gb_27\" href=\"https://www.google.com/finance?tab=we\">Finance</a></li><li class=\"gbmtc\"><a onclick=\"gbar.logger.il(1,{t:31});\" class=\"gbmt\" id=\"gb_31\" href=\"https://photos.google.com/?tab=wq&amp;pageId=none\">Photos</a></li><li class=\"gbmtc\"><a onclick=\"gbar.logger.il(1,{t:12});\" class=\"gbmt\" id=\"gb_12\" href=\"http://video.google.com/?hl=en&amp;tab=wv\">Videos</a></li><li class=\"gbmtc\"><a onclick=\"gbar.logger.il(1,{t:25});\" class=\"gbmt\" id=\"gb_25\" href=\"https://docs.google.com/document/?usp=docs_alc\">Docs</a></li><li class=\"gbmtc\"><div class=\"gbmt gbmh\"></div></li><"
04:29:03.214 [Forwarding getPageSource on session ed2d6660-f69e-11e6-a414-872b36aae4a5 to remote] DEBUG org.apache.http.wire - http-outgoing-0 << "li class=\"gbmtc\"><a onclick=\"gbar.logger.il(1,{t:66});\" href=\"https://www.google.com/intl/en/options/\" class=\"gbmt\">Even more [0xc2][0xbb]</a></li></ol><div class=\"gbsbt\"></div><div class=\"gbsbb\"></div></div></div></li></ol></div><div id=\"gbg\"><h2 class=\"gbxx\">Account Options</h2><span class=\"gbtcb\"></span><ol class=\"gbtc\"><li class=\"gbt\"><a target=\"_top\" href=\"https://accounts.google.com/ServiceLogin?hl=en&amp;passive=true&amp;continue=https://www.google.com/\" onclick=\"gbar.logger.il(9,{l:'i'})\" id=\"gb_70\" class=\"gbgt\"><span class=\"gbtb2\"></span><span id=\"gbgs4\" class=\"gbts\"><span id=\"gbi4s1\">Sign in</span></span></a></li><li class=\"gbt gbtb\"><span class=\"gbts\"></span></li><li class=\"gbt\"><a class=\"gbgt\" id=\"gbg5\" href=\"http://www.google.com/preferences?hl=en\" title=\"Options\" onclick=\"gbar.tg(event,this)\" aria-haspopup=\"true\" aria-owns=\"gbd5\"><span class=\"gbtb2\"></span><span id=\"gbgs5\" class=\"gbts\"><span id=\"gbi5\"></span></span></a><div class=\"gbm\" id=\"gbd5\" aria-owner=\"gbg5\"><div class=\"gbmc\"><ol id=\"gbom\" class=\"gbmcc\"><li class=\"gbkc gbmtc\"><a class=\"gbmt\" href=\"/preferences?hl=en\">Search settings</a></li><li class=\"gbmtc\"><div class=\"gbmt gbmh\"></div></li><li class=\"gbkp gbmtc\"><a class=\"gbmt\" href=\"http://www.google.com/history/optout?hl=en\">Web History</a></li></ol></div></div></li></ol></div></div><div id=\"gbx3\"></div><div id=\"gbx4\"></div><script>window.gbar&&gbar.elp&&gbar.elp()</script></div> </div><center><br clear=\"all\" id=\"lgpd\"><div id=\"lga\"><img alt=\"Google\" height=\"92\" src=\"/images/branding/googlelogo/1x/googlelogo_white_background_color_272x92dp.png\" style=\"padding:28px 0 14px\" width=\"272\" id=\"hplogo\" onload=\"window.lol&amp;&amp;lol()\"><br><br></div><form action=\"/search\" name=\"f\"><table cellpadding=\"0\" cellspacing=\"0\"><tbody><tr valign=\"top\"><td width=\"25%\">&nbsp;</td><td align=\"center\" nowrap=\"\"><input value=\"en\" name=\"hl\" type=\"hidden\"><input name=\"source\" type=\"hidden\" value=\"hp\"><input name=\"biw\" type=\"hidden\"><input name=\"bih\" type=\"hidden\"><div class=\"ds\" style=\"height:32px;margin:4px 0\"><input style=\"color: rgb(0, 0, 0); margin: 0px; padding: 5px 8px 0px 6px; vertical-align: top; outline: none;\" autocomplete=\"off\" class=\"lst\" value=\"\" title=\"Google Search\" maxlength=\"2048\" name=\"q\" size=\"57\" dir=\"ltr\" spellcheck=\"false\"></div><br style=\"line-height:0\"><span class=\"ds\"><span class=\"lsbb\"><input class=\"lsb\" value=\"Google Search\" name=\"btnG\" type=\"submit\"></span></span><span class=\"ds\"><span class=\"lsbb\"><input class=\"lsb\" value=\"I'm Feeling Lucky\" name=\"btnI\" onclick=\"if(this.form.q.value)this.checked=1; else top.location='/doodles/'\" type=\"submit\"></span></span></td><td class=\"fl sblc\" align=\"left\" nowrap=\"\" width=\"25%\"><a href=\"/advanced_search?hl=en&amp;authuser=0\">Advanced search</a><a href=\"/language_tools?hl=en&amp;authuser=0\">Language tools</a></td></tr></tbody></table><input id=\"gbv\" name=\"gbv\" type=\"hidden\" value=\"2\"><script>(function(){var a,b=\"1\";if(document&&document.getElementById)if(\"undefined\"!=typeof XMLHttpRequest)b=\"2\";else if(\"undefined\"!=typeof ActiveXObject){var c,d,e=[\"MSXML2.XMLHTTP.6.0\",\"MSXML2.XMLHTTP.3.0\",\"MSXML2.XMLHTTP\",\"Microsoft.XMLHTTP\"];for(c=0;d=e[c++];)try{new ActiveXObject(d),b=\"2\"}catch(h){}}a=b;if(\"2\"==a&&-1==location.search.indexOf(\"&gbv=2\")){var f=google.gbvu,g=document.getElementById(\"gbv\");g&&(g.value=a);f&&window.setTimeout(function(){location.href=f},0)};}).call(this);</script><input type=\"hidden\" name=\"oq\"><input type=\"hidden\" name=\"gs_l\"></form><div id=\"gac_scont\"></div><div style=\"font-size:83%;min-height:3.5em\"><br></div><span id=\"footer\"><div style=\"font-size:10pt\"><div style=\"margin:19px auto;text-align:center\" id=\"fll\"><a href=\"/intl/en/ads/\">Advertising&nbsp;Programs</a><a href=\"/services/\">Business Solutions</a><a href=\"https://plus.google.com/116899029375914044550\" rel=\"publisher\">"
04:29:03.215 [Forwarding getPageSource on session ed2d6660-f69e-11e6-a414-872b36aae4a5 to remote] DEBUG org.apache.http.wire - http-outgoing-0 << "+Google</a><a href=\"/intl/en/about.html\">About Google</a></div></div><p style=\"color:#767676;font-size:8pt\">[0xc2][0xa9] 2017 - <a href=\"/intl/en/policies/privacy/\">Privacy</a> - <a href=\"/intl/en/policies/terms/\">Terms</a></p></span></center><script>(function(){window.google.cdo={height:0,width:0};(function(){var a=window.innerWidth,b=window.innerHeight;if(!a||!b)var c=window.document,d=\"CSS1Compat\"==c.compatMode?c.documentElement:c.body,a=d.clientWidth,b=d.clientHeight;a&&b&&(a!=google.cdo.width||b!=google.cdo.height)&&google.log(\"\",\"\",\"/client_204?&atyp=i&biw=\"+a+\"&bih=\"+b+\"&ei=\"+google.kEI);}).call(this);})();</script><div id=\"xjsd\"><script src=\"/xjs/_/js/k=xjs.hp.en_US.D5guv20f5vI.O/m=sb_he,d/am=Bg/rt=j/d=1/t=zcms/rs=ACT90oF4oNJRXMDhusFfZ4_49RZ81cc71Q\"></script></div><div id=\"xjsi\"><script>(function(){function c(b){window.setTimeout(function(){var a=document.createElement(\"script\");a.src=b;document.getElementById(\"xjsd\").appendChild(a)},0)}google.dljp=function(b,a){google.xjsu=b;c(a)};google.dlj=c;}).call(this);(function(){window.google.xjsrm=[];})();if(google.y)google.y.first=[];if(!google.xjs){window._=window._||{};window._._DumpException=function(e){throw e};if(google.timers&&google.timers.load.t){google.timers.load.t.xjsls=new Date().getTime();}google.dljp('/xjs/_/js/k\\x3dxjs.hp.en_US.D5guv20f5vI.O/m\\x3dsb_he,d/am\\x3dBg/rt\\x3dj/d\\x3d1/t\\x3dzcms/rs\\x3dACT90oF4oNJRXMDhusFfZ4_49RZ81cc71Q','/xjs/_/js/k\\x3dxjs.hp.en_US.D5guv20f5vI.O/m\\x3dsb_he,d/am\\x3dBg/rt\\x3dj/d\\x3d1/t\\x3dzcms/rs\\x3dACT90oF4oNJRXMDhusFfZ4_49RZ81cc71Q');google.xjs=1;}google.pmc={\"sb_he\":{\"agen\":true,\"cgen\":true,\"client\":\"heirloom-hp\",\"dh\":true,\"dhqt\":true,\"ds\":\"\",\"fl\":true,\"host\":\"google.com\",\"isbh\":28,\"jam\":0,\"jsonp\":true,\"msgs\":{\"cibl\":\"Clear Search\",\"dym\":\"Did you mean:\",\"lcky\":\"I\\u0026#39;m Feeling Lucky\",\"lml\":\"Learn more\",\"oskt\":\"Input tools\",\"psrc\":\"This search was removed from your \\u003Ca href=\\\"/history\\\"\\u003EWeb History\\u003C/a\\u003E\",\"psrl\":\"Remove\",\"sbit\":\"Search by image\",\"srch\":\"Google Search\"},\"nds\":true,\"ovr\":{},\"pq\":\"\",\"refpd\":true,\"rfs\":[],\"scd\":10,\"sce\":5,\"stok\":\"wIneaLB2AVTPkqxRyVgVxNdTPck\"},\"d\":{},\"B0OV6w\":{}};google.y.first.push(function(){if(google.med){google.med('init');google.initHistory();google.med('history');}});if(google.j&&google.j.en&&google.j.xi){window.setTimeout(google.j.xi,0);}\n</script></div><table cellspacing=\"0\" cellpadding=\"0\" class=\"gstl_0 gssb_c\" style=\"width: 510px; display: none; top: 240px; left: 5px; position: absolute;\"><tbody><tr><td class=\"gssb_f\"></td><td class=\"gssb_e\" style=\"width: 100%;\"></td></tr></tbody></table></body></html>"}"
04:29:03.215 [Forwarding getPageSource on session ed2d6660-f69e-11e6-a414-872b36aae4a5 to remote] DEBUG org.apache.http.impl.conn.PoolingHttpClientConnectionManager - Connection [id: 0][route: {}->http://localhost:27950] can be kept alive indefinitely
04:29:03.215 [Forwarding getPageSource on session ed2d6660-f69e-11e6-a414-872b36aae4a5 to remote] DEBUG org.apache.http.impl.conn.PoolingHttpClientConnectionManager - Connection released: [id: 0][route: {}->http://localhost:27950][total kept alive: 1; route allocated: 1 of 2000; total allocated: 1 of 2000]
<!DOCTYPE html><html itemscope="" itemtype="http://schema.org/WebPage" lang="en"><head><meta content="Search the world's information, including webpages, images, videos and more. Google has many special features to help you find exactly what you're looking for." name="description"><meta content="noodp" name="robots"><meta content="text/html; charset=UTF-8" http-equiv="Content-Type"><meta content="/images/branding/googleg/1x/googleg_standard_color_128dp.png" itemprop="image"><title>Google</title><script>(function(){window.google={kEI:'jI-pWNODJ6eX0gLA8auwDA',kEXPI:'18168,750721,1351828,1351903,1352241,1352381,1352624,1352690,1352700,3700244,3700347,4028875,4029815,4032678,4038012,4043492,4045841,4048347,4062666,4063220,4065787,4067860,4067926,4072773,4073405,4073726,4073914,4073959,4076096,4076998,4078430,4078438,4079105,4079894,4081039,4081165,4082664,4083476,4084030,4084559,4085627,4086011,4086202,4086699,4088641,4089003,4089117,4089183,4090352,4090550,4090657,4090731,4090806,4090894,4091028,4091030,4092220,4092475,4092479,4092897,4092934,4093499,4093912,4093948,4094103,4094544,4095381,4095906,4095997,4096323,4096463,4096742,4096828,4096983,4097082,4097123,4097153,4097202,4097655,4097922,4097929,4098733,4098740,4098752,4099097,8300273,8507380,8508624,8509177,8509871,10200083,10202230',authuser:0,kscs:'c9c918f0_24'};google.kHL='en';})();(function(){google.lc=[];google.li=0;google.getEI=function(a){for(var b;a&&(!a.getAttribute||!(b=a.getAttribute("eid")));)a=a.parentNode;return b||google.kEI};google.getLEI=function(a){for(var b=null;a&&(!a.getAttribute||!(b=a.getAttribute("leid")));)a=a.parentNode;return b};google.https=function(){return"https:"==window.location.protocol};google.ml=function(){return null};google.wl=function(a,b){try{google.ml(Error(a),!1,b)}catch(c){}};google.time=function(){return(new Date).getTime()};google.log=function(a,b,c,d,g){a=google.logUrl(a,b,c,d,g);if(""!=a){b=new Image;var e=google.lc,f=google.li;e[f]=b;b.onerror=b.onload=b.onabort=function(){delete e[f]};window.google&&window.google.vel&&window.google.vel.lu&&window.google.vel.lu(a);b.src=a;google.li=f+1}};google.logUrl=function(a,b,c,d,g){var e="",f=google.ls||"";c||-1!=b.search("&ei=")||(e="&ei="+google.getEI(d),-1==b.search("&lei=")&&(d=google.getLEI(d))&&(e+="&lei="+d));a=c||"/"+(g||"gen_204")+"?atyp=i&ct="+a+"&cad="+b+e+f+"&zx="+google.time();/^http:/i.test(a)&&google.https()&&(google.ml(Error("a"),!1,{src:a,glmm:1}),a="");return a};google.y={};google.x=function(a,b){google.y[a.id]=[a,b];return!1};google.lq=[];google.load=function(a,b,c){google.lq.push([[a],b,c])};google.loadAll=function(a,b){google.lq.push([a,b])};}).call(this);var a=window.location,b=a.href.indexOf("#");if(0<=b){var c=a.href.substring(b+1);/(^|&)q=/.test(c)&&-1==c.indexOf("#")&&a.replace("/search?"+c.replace(/(^|&)fp=[^&]*/g,"")+"&cad=h")};</script><style>#gb{font:13px/27px Arial,sans-serif;height:30px}#gbz,#gbg{position:absolute;white-space:nowrap;top:0;height:30px;z-index:1000}#gbz{left:0;padding-left:4px}#gbg{right:0;padding-right:5px}#gbs{background:transparent;position:absolute;top:-999px;visibility:hidden;z-index:998;right:0}.gbto #gbs{background:#fff}#gbx3,#gbx4{background-color:#2d2d2d;background-image:none;_background-image:none;background-position:0 -138px;background-repeat:repeat-x;border-bottom:1px solid #000;font-size:24px;height:29px;_height:30px;opacity:1;filter:alpha(opacity=100);position:absolute;top:0;width:100%;z-index:990}#gbx3{left:0}#gbx4{right:0}#gbb{position:relative}#gbbw{left:0;position:absolute;top:30px;width:100%}.gbtcb{position:absolute;visibility:hidden}#gbz .gbtcb{right:0}#gbg .gbtcb{left:0}.gbxx{display:none !important}.gbxo{opacity:0 !important;filter:alpha(opacity=0) !important}.gbm{position:absolute;z-index:999;top:-999px;visibility:hidden;text-align:left;border:1px solid #bebebe;background:#fff;-moz-box-shadow:-1px 1px 1px rgba(0,0,0,.2);-webkit-box-shadow:0 2px 4px rgba(0,0,0,.2);box-shadow:0 2px 4px rgba(0,0,0,.2)}.gbrtl .gbm{-moz-box-shadow:1px 1px 1px rgba(0,0,0,.2)}.gbto .gbm,.gbto #gbs{top:29px;visibility:visible}#gbz .gbm{left:0}#gbg .gbm{right:0}.gbxms{background-color:#ccc;display:block;position:absolute;z-index:1;top:-1px;left:-2px;right:-2px;bottom:-2px;opacity:.4;-moz-border-radius:3px;filter:progid:DXImageTransform.Microsoft.Blur(pixelradius=5);*opacity:1;*top:-2px;*left:-5px;*right:5px;*bottom:4px;-ms-filter:"progid:DXImageTransform.Microsoft.Blur(pixelradius=5)";opacity:1\0/;top:-4px\0/;left:-6px\0/;right:5px\0/;bottom:4px\0/}.gbma{position:relative;top:-1px;border-style:solid dashed dashed;border-color:transparent;border-top-color:#c0c0c0;display:-moz-inline-box;display:inline-block;font-size:0;height:0;line-height:0;width:0;border-width:3px 3px 0;padding-top:1px;left:4px}#gbztms1,#gbi4m1,#gbi4s,#gbi4t{zoom:1}.gbtc,.gbmc,.gbmcc{display:block;list-style:none;margin:0;padding:0}.gbmc{background:#fff;padding:10px 0;position:relative;z-index:2;zoom:1}.gbt{position:relative;display:-moz-inline-box;display:inline-block;line-height:27px;padding:0;vertical-align:top}.gbt{*display:inline}.gbto{box-shadow:0 2px 4px rgba(0,0,0,.2);-moz-box-shadow:0 2px 4px rgba(0,0,0,.2);-webkit-box-shadow:0 2px 4px rgba(0,0,0,.2)}.gbzt,.gbgt{cursor:pointer;display:block;text-decoration:none !important}span#gbg6,span#gbg4{cursor:default}.gbts{border-left:1px solid transparent;border-right:1px solid transparent;display:block;*display:inline-block;padding:0 5px;position:relative;z-index:1000}.gbts{*display:inline}.gbzt .gbts{display:inline;zoom:1}.gbto .gbts{background:#fff;border-color:#bebebe;color:#36c;padding-bottom:1px;padding-top:2px}.gbz0l .gbts{color:#fff;font-weight:bold}.gbtsa{padding-right:9px}#gbz .gbzt,#gbz .gbgt,#gbg .gbgt{color:#ccc!important}.gbtb2{display:block;border-top:2px solid transparent}.gbto .gbzt .gbtb2,.gbto .gbgt .gbtb2{border-top-width:0}.gbtb .gbts{background:url(//ssl.gstatic.com/gb/images/b_8d5afc09.png);_background:url(//ssl.gstatic.com/gb/images/b8_3615d64d.png);background-position:-27px -22px;border:0;font-size:0;padding:29px 0 0;*padding:27px 0 0;width:1px}.gbzt:hover,.gbzt:focus,.gbgt-hvr,.gbgt:focus{background-color:#4c4c4c;background-image:none;_background-image:none;background-position:0 -102px;background-repeat:repeat-x;outline:none;text-decoration:none !important}.gbpdjs .gbto .gbm{min-width:99%}.gbz0l .gbtb2{border-top-color:#dd4b39!important}#gbi4s,#gbi4s1{font-weight:bold}#gbg6.gbgt-hvr,#gbg6.gbgt:focus{background-color:transparent;background-image:none}.gbg4a{font-size:0;line-height:0}.gbg4a .gbts{padding:27px 5px 0;*padding:25px 5px 0}.gbto .gbg4a .gbts{padding:29px 5px 1px;*padding:27px 5px 1px}#gbi4i,#gbi4id{left:5px;border:0;height:24px;position:absolute;top:1px;width:24px}.gbto #gbi4i,.gbto #gbi4id{top:3px}.gbi4p{display:block;width:24px}#gbi4id{background-position:-44px -101px}#gbmpid{background-position:0 0}#gbmpi,#gbmpid{border:none;display:inline-block;height:48px;width:48px}#gbmpiw{display:inline-block;line-height:9px;padding-left:20px;margin-top:10px;position:relative}#gbmpi,#gbmpid,#gbmpiw{*display:inline}#gbg5{font-size:0}#gbgs5{padding:5px !important}.gbto #gbgs5{padding:7px 5px 6px !important}#gbi5{background:url(//ssl.gstatic.com/gb/images/b_8d5afc09.png);_background:url(//ssl.gstatic.com/gb/images/b8_3615d64d.png);background-position:0 0;display:block;font-size:0;height:17px;width:16px}.gbto #gbi5{background-position:-6px -22px}.gbn .gbmt,.gbn .gbmt:visited,.gbnd .gbmt,.gbnd .gbmt:visited{color:#dd8e27 !important}.gbf .gbmt,.gbf .gbmt:visited{color:#900 !important}.gbmt,.gbml1,.gbmlb,.gbmt:visited,.gbml1:visited,.gbmlb:visited{color:#36c !important;text-decoration:none !important}.gbmt,.gbmt:visited{display:block}.gbml1,.gbmlb,.gbml1:visited,.gbmlb:visited{display:inline-block;margin:0 10px}.gbml1,.gbmlb,.gbml1:visited,.gbmlb:visited{*display:inline}.gbml1,.gbml1:visited{padding:0 10px}.gbml1-hvr,.gbml1:focus{outline:none;text-decoration:underline !important}#gbpm .gbml1{display:inline;margin:0;padding:0;white-space:nowrap}.gbmlb,.gbmlb:visited{line-height:27px}.gbmlb-hvr,.gbmlb:focus{outline:none;text-decoration:underline !important}.gbmlbw{color:#ccc;margin:0 10px}.gbmt{padding:0 20px}.gbmt:hover,.gbmt:focus{background:#eee;cursor:pointer;outline:0 solid black;text-decoration:none !important}.gbm0l,.gbm0l:visited{color:#000 !important;font-weight:bold}.gbmh{border-top:1px solid #bebebe;font-size:0;margin:10px 0}#gbd4 .gbmc{background:#f5f5f5;padding-top:0}#gbd4 .gbsbic::-webkit-scrollbar-track:vertical{background-color:#f5f5f5;margin-top:2px}#gbmpdv{background:#fff;border-bottom:1px solid #bebebe;-moz-box-shadow:0 2px 4px rgba(0,0,0,.12);-o-box-shadow:0 2px 4px rgba(0,0,0,.12);-webkit-box-shadow:0 2px 4px rgba(0,0,0,.12);box-shadow:0 2px 4px rgba(0,0,0,.12);position:relative;z-index:1}#gbd4 .gbmh{margin:0}.gbmtc{padding:0;margin:0;line-height:27px}.GBMCC:last-child:after,#GBMPAL:last-child:after{content:'\0A\0A';white-space:pre;position:absolute}#gbmps{*zoom:1}#gbd4 .gbpc,#gbmpas .gbmt{line-height:17px}#gbd4 .gbpgs .gbmtc{line-height:27px}#gbd4 .gbmtc{border-bottom:1px solid #bebebe}#gbd4 .gbpc{display:inline-block;margin:16px 0 10px;padding-right:50px;vertical-align:top}#gbd4 .gbpc{*display:inline}.gbpc .gbps,.gbpc .gbps2{display:block;margin:0 20px}#gbmplp.gbps{margin:0 10px}.gbpc .gbps{color:#000;font-weight:bold}.gbpc .gbpd{margin-bottom:5px}.gbpd .gbmt,.gbpd .gbps{color:#666 !important}.gbpd .gbmt{opacity:.4;filter:alpha(opacity=40)}.gbps2{color:#666;display:block}.gbp0{display:none}.gbp0 .gbps2{font-weight:bold}#gbd4 .gbmcc{margin-top:5px}.gbpmc{background:#fef9db}.gbpmc .gbpmtc{padding:10px 20px}#gbpm{border:0;*border-collapse:collapse;border-spacing:0;margin:0;white-space:normal}#gbpm .gbpmtc{border-top:none;color:#000 !important;font:11px Arial,sans-serif}#gbpms{*white-space:nowrap}.gbpms2{font-weight:bold;white-space:nowrap}#gbmpal{*border-collapse:collapse;border-spacing:0;border:0;margin:0;white-space:nowrap;width:100%}.gbmpala,.gbmpalb{font:13px Arial,sans-serif;line-height:27px;padding:10px 20px 0;white-space:nowrap}.gbmpala{padding-left:0;text-align:left}.gbmpalb{padding-right:0;text-align:right}#gbmpasb .gbps{color:#000}#gbmpal .gbqfbb{margin:0 20px}.gbp0 .gbps{*display:inline}a.gbiba{margin:8px 20px 10px}.gbmpiaw{display:inline-block;padding-right:10px;margin-bottom:6px;margin-top:10px}.gbxv{visibility:hidden}.gbmpiaa{display:block;margin-top:10px}.gbmpia{border:none;display:block;height:48px;width:48px}.gbmpnw{display:inline-block;height:auto;margin:10px 0;vertical-align:top}
.gbqfb,.gbqfba,.gbqfbb{-moz-border-radius:2px;-webkit-border-radius:2px;border-radius:2px;cursor:default !important;display:inline-block;font-weight:bold;height:29px;line-height:29px;min-width:54px;*min-width:70px;padding:0 8px;text-align:center;text-decoration:none !important;-moz-user-select:none;-webkit-user-select:none}.gbqfb:focus,.gbqfba:focus,.gbqfbb:focus{border:1px solid #4d90fe;-moz-box-shadow:inset 0 0 0 1px rgba(255, 255, 255, 0.5);-webkit-box-shadow:inset 0 0 0 1px rgba(255, 255, 255, 0.5);box-shadow:inset 0 0 0 1px rgba(255, 255, 255, 0.5);outline:none}.gbqfb-hvr:focus,.gbqfba-hvr:focus,.gbqfbb-hvr:focus{-webkit-box-shadow:inset 0 0 0 1px #fff,0 1px 1px rgba(0,0,0,.1);-moz-box-shadow:inset 0 0 0 1px #fff,0 1px 1px rgba(0,0,0,.1);box-shadow:inset 0 0 0 1px #fff,0 1px 1px rgba(0,0,0,.1)}.gbqfb-no-focus:focus{border:1px solid #3079ed;-moz-box-shadow:none;-webkit-box-shadow:none;box-shadow:none}.gbqfb-hvr,.gbqfba-hvr,.gbqfbb-hvr{-webkit-box-shadow:0 1px 1px rgba(0,0,0,.1);-moz-box-shadow:0 1px 1px rgba(0,0,0,.1);box-shadow:0 1px 1px rgba(0,0,0,.1)}.gbqfb::-moz-focus-inner,.gbqfba::-moz-focus-inner,.gbqfbb::-moz-focus-inner{border:0}.gbqfba,.gbqfbb{border:1px solid #dcdcdc;border-color:rgba(0,0,0,.1);color:#444 !important;font-size:11px}.gbqfb{background-color:#4d90fe;background-image:-webkit-gradient(linear,left top,left bottom,from(#4d90fe),to(#4787ed));background-image:-webkit-linear-gradient(top,#4d90fe,#4787ed);background-image:-moz-linear-gradient(top,#4d90fe,#4787ed);background-image:-ms-linear-gradient(top,#4d90fe,#4787ed);background-image:-o-linear-gradient(top,#4d90fe,#4787ed);background-image:linear-gradient(top,#4d90fe,#4787ed);filter:progid:DXImageTransform.Microsoft.gradient(startColorStr='#4d90fe',EndColorStr='#4787ed');border:1px solid #3079ed;color:#fff!important;margin:0 0}.gbqfb-hvr{border-color:#2f5bb7}.gbqfb-hvr:focus{border-color:#2f5bb7}.gbqfb-hvr,.gbqfb-hvr:focus{background-color:#357ae8;background-image:-webkit-gradient(linear,left top,left bottom,from(#4d90fe),to(#357ae8));background-image:-webkit-linear-gradient(top,#4d90fe,#357ae8);background-image:-moz-linear-gradient(top,#4d90fe,#357ae8);background-image:-ms-linear-gradient(top,#4d90fe,#357ae8);background-image:-o-linear-gradient(top,#4d90fe,#357ae8);background-image:linear-gradient(top,#4d90fe,#357ae8)}.gbqfb:active{background-color:inherit;-webkit-box-shadow:inset 0 1px 2px rgba(0, 0, 0, 0.3);-moz-box-shadow:inset 0 1px 2px rgba(0, 0, 0, 0.3);box-shadow:inset 0 1px 2px rgba(0, 0, 0, 0.3)}.gbqfba{background-color:#f5f5f5;background-image:-webkit-gradient(linear,left top,left bottom,from(#f5f5f5),to(#f1f1f1));background-image:-webkit-linear-gradient(top,#f5f5f5,#f1f1f1);background-image:-moz-linear-gradient(top,#f5f5f5,#f1f1f1);background-image:-ms-linear-gradient(top,#f5f5f5,#f1f1f1);background-image:-o-linear-gradient(top,#f5f5f5,#f1f1f1);background-image:linear-gradient(top,#f5f5f5,#f1f1f1);filter:progid:DXImageTransform.Microsoft.gradient(startColorStr='#f5f5f5',EndColorStr='#f1f1f1')}.gbqfba-hvr,.gbqfba-hvr:active{background-color:#f8f8f8;background-image:-webkit-gradient(linear,left top,left bottom,from(#f8f8f8),to(#f1f1f1));background-image:-webkit-linear-gradient(top,#f8f8f8,#f1f1f1);background-image:-moz-linear-gradient(top,#f8f8f8,#f1f1f1);background-image:-ms-linear-gradient(top,#f8f8f8,#f1f1f1);background-image:-o-linear-gradient(top,#f8f8f8,#f1f1f1);background-image:linear-gradient(top,#f8f8f8,#f1f1f1);filter:progid:DXImageTransform.Microsoft.gradient(startColorStr='#f8f8f8',EndColorStr='#f1f1f1')}.gbqfbb{background-color:#fff;background-image:-webkit-gradient(linear,left top,left bottom,from(#fff),to(#fbfbfb));background-image:-webkit-linear-gradient(top,#fff,#fbfbfb);background-image:-moz-linear-gradient(top,#fff,#fbfbfb);background-image:-ms-linear-gradient(top,#fff,#fbfbfb);background-image:-o-linear-gradient(top,#fff,#fbfbfb);background-image:linear-gradient(top,#fff,#fbfbfb);filter:progid:DXImageTransform.Microsoft.gradient(startColorStr='#ffffff',EndColorStr='#fbfbfb')}.gbqfbb-hvr,.gbqfbb-hvr:active{background-color:#fff;background-image:-webkit-gradient(linear,left top,left bottom,from(#fff),to(#f8f8f8));background-image:-webkit-linear-gradient(top,#fff,#f8f8f8);background-image:-moz-linear-gradient(top,#fff,#f8f8f8);background-image:-ms-linear-gradient(top,#fff,#f8f8f8);background-image:-o-linear-gradient(top,#fff,#f8f8f8);background-image:linear-gradient(top,#fff,#f8f8f8);filter:progid:DXImageTransform.Microsoft.gradient(startColorStr='#ffffff',EndColorStr='#f8f8f8')}.gbqfba-hvr,.gbqfba-hvr:active,.gbqfbb-hvr,.gbqfbb-hvr:active{border-color:#c6c6c6;-webkit-box-shadow:0 1px 1px rgba(0,0,0,.1);-moz-box-shadow:0 1px 1px rgba(0,0,0,.1);box-shadow:0 1px 1px rgba(0,0,0,.1);color:#222 !important}.gbqfba:active,.gbqfbb:active{-webkit-box-shadow:inset 0 1px 2px rgba(0,0,0,.1);-moz-box-shadow:inset 0 1px 2px rgba(0,0,0,.1);box-shadow:inset 0 1px 2px rgba(0,0,0,.1)}
.gbprcd{padding:0;width:258px;white-space:normal}.gbprcb{display:inline-block;height:27px;padding:0 15px;text-decoration:none}#gbprc .gbprcbc{background-color:;background-image:none;border-color:;color:!important}#gbprc .gbprcbc:hover{color:!important}#gbprc .gbprcbc:active,#gbprc .gbprcbc:focus{color:!important}.gbprct{color:#666;line-height:17px;margin:0;margin-bottom:20px}.gbprci{color:#333;font-size:16px;line-height:20px;margin:0;margin-bottom:16px}#gbprc .gbmc{padding:26px;padding-bottom:22px;border:1px solid #bebebe}#gbprc .gbm{border:0}#gbprc .gbprcx,#gbprc .gbprcx.gbgt-hvr,#gbprc .gbprcx:focus,#gbprc .gbprcx:active{right:12px;background:url(//ssl.gstatic.com/s2/oz/images/stars/x.png);display:block;height:9px;opacity:.8;filter:alpha(opacity=80);position:absolute;top:12px;width:9px}#gbprc .gbprcx.gbgt-hvr,#gbprc .gbprcx:focus,#gbprc .gbprcx:active{opacity:1;filter:alpha(opacity=100)}.gbgs .gbmab,.gbgs .gbmab{left:10px;margin:40px 0 0}.gbgs .gbmac,.gbgs .gbmac{left:10px;margin:41px 0 0}.gbemi .gbgs .gbmab,.gbem .gbgs .gbmab{left:10px;margin:40px 0 0}.gbemi .gbgs .gbmac,.gbem .gbgs .gbmac{left:10px;margin:41px 0 0}.gbesi .gbgs .gbmab,.gbes .gbgs .gbmab{left:10px;margin:40px 0 0}.gbesi .gbgs .gbmac,.gbes .gbgs .gbmac{left:10px;margin:41px 0 0}#gbprca .gbmab{z-index:999}#gbprca .gbmac{border-bottom-color:#fff;z-index:999}#gbprcs{position:absolute;background:transparent;top:-999px;z-index:-1;visibility:hidden;margin-top:1px;margin-left:1px}
#gb #gbprc{right:-28px;top:15px;z-index:997}#gbprca{left:-63px;position:relative;top:-22px}.gbmab,.gbmac{left:5px;border-style:dashed dashed solid;border-color:transparent;border-bottom-color:#bebebe;border-width:0 10px 10px;display:-moz-inline-box;display:inline-block;font-size:0;height:0;line-height:0;position:absolute;top:0;width:0;z-index:1000}.gbmab,.gbmac{visibility:hidden}.gbmac{border-bottom-color:#fff}.gbto .gbmab,.gbto .gbmac{visibility:visible}#gbqfqw,#gbqfb{vertical-align:top}#gbqfbw{right:0;margin:0 15px;position:absolute;top:0}.gbqfb{background-color:#4d90fe;background-image:-webkit-gradient(linear,left top,left bottom,from(#4d90fe),to(#4787ed));background-image:-webkit-linear-gradient(top,#4d90fe,#4787ed);background-image:-moz-linear-gradient(top,#4d90fe,#4787ed);background-image:-ms-linear-gradient(top,#4d90fe,#4787ed);background-image:-o-linear-gradient(top,#4d90fe,#4787ed);background-image:linear-gradient(top,#4d90fe,#4787ed);filter:progid:DXImageTransform.Microsoft.gradient(startColorStr='#4d90fe',EndColorStr='#4787ed');border:1px solid #3079ed;-moz-border-radius:2px;-webkit-border-radius:2px;border-radius:2px;-moz-user-select:none;-webkit-user-select:none;color:#fff;cursor:default;font-size:11px;font-weight:bold;height:29px;min-width:54px;*min-width:70px;text-align:center;padding:0 8px}.gbqfb-hvr{border:1px solid #2f5bb7;background-color:#357ae8;background-image:-webkit-gradient(linear,left top,left bottom,from(#4d90fe),to(#357ae8));background-image:-webkit-linear-gradient(top,#4d90fe,#357ae8);background-image:-moz-linear-gradient(top,#4d90fe,#357ae8);background-image:-ms-linear-gradient(top,#4d90fe,#357ae8);background-image:-o-linear-gradient(top,#4d90fe,#357ae8);background-image:linear-gradient(top,#4d90fe,#357ae8);-webkit-box-shadow:0 1px 1px rgba(0,0,0,.1);-moz-box-shadow:0 1px 1px rgba(0,0,0,.1);box-shadow:0 1px 1px rgba(0,0,0,.1)}.gbqfb:focus{-moz-box-shadow:inset 0 0 0 1px #fff;-webkit-box-shadow:inset 0 0 0 1px #fff;box-shadow:inset 0 0 0 1px #fff;outline:none}.gbqfb::-moz-focus-inner{border:0}.gbqfb-hvr:focus{-moz-box-shadow:inset 0 0 0 1px #fff,0 1px 1px rgba(0,0,0,.1);-webkit-box-shadow:inset 0 0 0 1px #fff,0 1px 1px rgba(0,0,0,.1);box-shadow:inset 0 0 0 1px #fff,0 1px 1px rgba(0,0,0,.1)}.gbqfb:active{-moz-box-shadow:inset 0 1px 2px rgba(0,0,0,.3);-webkit-box-shadow:inset 0 1px 2px rgba(0,0,0,.3);box-shadow:inset 0 1px 2px rgba(0,0,0,.3)}
#gbmpas{max-height:220px}#gbmm{max-height:530px}.gbsb{-webkit-box-sizing:border-box;display:block;position:relative;*zoom:1}.gbsbic{overflow:auto}.gbsbis .gbsbt,.gbsbis .gbsbb{-webkit-mask-box-image:-webkit-gradient(linear,left top,right top,color-stop(0,rgba(0,0,0,.1)),color-stop(.5,rgba(0,0,0,.8)),color-stop(1,rgba(0,0,0,.1)));left:0;margin-right:0;opacity:0;position:absolute;width:100%}.gbsb .gbsbt:after,.gbsb .gbsbb:after{content:"";display:block;height:0;left:0;position:absolute;width:100%}.gbsbis .gbsbt{background:-webkit-gradient(linear,left top,left bottom,from(rgba(0,0,0,.2)),to(rgba(0,0,0,0)));background-image:-webkit-linear-gradient(top,rgba(0,0,0,.2),rgba(0,0,0,0));background-image:-moz-linear-gradient(top,rgba(0,0,0,.2),rgba(0,0,0,0));background-image:-ms-linear-gradient(top,rgba(0,0,0,.2),rgba(0,0,0,0));background-image:-o-linear-gradient(top,rgba(0,0,0,.2),rgba(0,0,0,0));background-image:linear-gradient(top,rgba(0,0,0,.2),rgba(0,0,0,0));height:6px;top:0}.gbsb .gbsbt:after{border-top:1px solid #ebebeb;border-color:rgba(0,0,0,.3);top:0}.gbsb .gbsbb{-webkit-mask-box-image:-webkit-gradient(linear,left top,right top,color-stop(0,rgba(0,0,0,.1)),color-stop(.5,rgba(0,0,0,.8)),color-stop(1,rgba(0,0,0,.1)));background:-webkit-gradient(linear,left bottom,left top,from(rgba(0,0,0,.2)),to(rgba(0,0,0,0)));background-image:-webkit-linear-gradient(bottom,rgba(0,0,0,.2),rgba(0,0,0,0));background-image:-moz-linear-gradient(bottom,rgba(0,0,0,.2),rgba(0,0,0,0));background-image:-ms-linear-gradient(bottom,rgba(0,0,0,.2),rgba(0,0,0,0));background-image:-o-linear-gradient(bottom,rgba(0,0,0,.2),rgba(0,0,0,0));background-image:linear-gradient(bottom,rgba(0,0,0,.2),rgba(0,0,0,0));bottom:0;height:4px}.gbsb .gbsbb:after{border-bottom:1px solid #ebebeb;border-color:rgba(0,0,0,.3);bottom:0}
.gbsbic::-webkit-scrollbar{height:16px;width:16px}.gbsbic::-webkit-scrollbar-button{height:0;width:0}.gbsbic::-webkit-scrollbar-button:start:decrement,.gbsbic::-webkit-scrollbar-button:end:increment{display:block}.gbsbic::-webkit-scrollbar-button:vertical:start:increment,.gbsbic::-webkit-scrollbar-button:vertical:end:decrement{display:none}.gbsbic::-webkit-scrollbar-track:vertical,.gbsbic::-webkit-scrollbar-track:horizontal,.gbsbic::-webkit-scrollbar-thumb:vertical,.gbsbic::-webkit-scrollbar-thumb:horizontal,.gbsbis .gbsbic::-webkit-scrollbar-track:vertical,.gbsbis .gbsbic::-webkit-scrollbar-track:horizontal,.gbsbis .gbsbic::-webkit-scrollbar-thumb:vertical,.gbsbis .gbsbic::-webkit-scrollbar-thumb:horizontal{border-style:solid;border-color:transparent}.gbsbic::-webkit-scrollbar-track:vertical{background-clip:padding-box;background-color:#fff;border-left-width:5px;border-right-width:0}.gbsbic::-webkit-scrollbar-track:horizontal{background-clip:padding-box;background-color:#fff;border-bottom-width:0;border-top-width:5px}.gbsbic::-webkit-scrollbar-thumb{-webkit-box-shadow:inset 1px 1px 0 rgba(0,0,0,.1),inset 0 -1px 0 rgba(0,0,0,.07);background-clip:padding-box;background-color:rgba(0,0,0,.2);min-height:28px;padding-top:100px}.gbsbic::-webkit-scrollbar-thumb:hover{-webkit-box-shadow:inset 1px 1px 1px rgba(0,0,0,.25);background-color:rgba(0,0,0,.4)}.gbsbic::-webkit-scrollbar-thumb:active{-webkit-box-shadow:inset 1px 1px 3px rgba(0,0,0,.35);background-color:rgba(0,0,0,.5)}.gbsbic::-webkit-scrollbar-thumb:vertical{border-width:0;border-left-width:5px}.gbsbic::-webkit-scrollbar-thumb:horizontal{border-width:0;border-top-width:5px}.gbsbis .gbsbic::-webkit-scrollbar-track:vertical{border-left-width:6px;border-right-width:1px}.gbsbis .gbsbic::-webkit-scrollbar-track:horizontal{border-bottom:1px;border-top:6px}.gbsbis .gbsbic::-webkit-scrollbar-thumb:vertical{border-width:0;border-left-width:6px;border-right-width:1px}.gbsbis .gbsbic::-webkit-scrollbar-thumb:horizontal{border-width:0;border-bottom:1px;border-top:6px}.gbsbic::-webkit-scrollbar-track:hover{-webkit-box-shadow:inset 1px 0 0 rgba(0,0,0,.1);background-color:rgba(0,0,0,.05)}.gbsbic::-webkit-scrollbar-track:active{-webkit-box-shadow:inset 1px 0 0 rgba(0,0,0,.14),inset -1px -1px 0 rgba(0,0,0,.07);background-color:rgba(0,0,0,.05)}
</style><style>body,td,a,p,.h{font-family:arial,sans-serif}body{margin:0;overflow-y:scroll}#gog{padding:3px 8px 0}td{line-height:.8em}.gac_m td{line-height:17px}form{margin-bottom:20px}.h{color:#36c}.q{color:#00c}.ts td{padding:0}.ts{border-collapse:collapse}em{font-weight:bold;font-style:normal}.lst{height:25px;width:496px}.gsfi,.lst{font:18px arial,sans-serif}.gsfs{font:17px arial,sans-serif}.ds{display:-webkit-inline-box;display:inline-block;margin:3px 0 4px;margin-left:4px}input{font-family:inherit}a.gb1,a.gb2,a.gb3,a.gb4{color:#11c !important}body{background:#fff;color:black}a{color:#11c;text-decoration:none}a:hover,a:active{text-decoration:underline}.fl a{color:#36c}a:visited{color:#551a8b}a.gb1,a.gb4{text-decoration:underline}a.gb3:hover{text-decoration:none}#ghead a.gb2:hover{color:#fff !important}.sblc{padding-top:5px}.sblc a{display:block;margin:2px 0;margin-left:13px;font-size:11px}.lsbb{background:#eee;border:solid 1px;border-color:#ccc #999 #999 #ccc;height:30px}.lsbb{display:block}.ftl,#fll a{display:inline-block;margin:0 12px}.lsb{background:url(/images/nav_logo229.png) 0 -261px repeat-x;border:none;color:#000;cursor:pointer;height:30px;margin:0;outline:0;font:15px arial,sans-serif;vertical-align:top}.lsb:active{background:#ccc}.lst:focus{outline:none}</style><script>(function(){try{var e=this;var aa=function(a,b,c,d){d=d||{};d._sn=["cfg",b,c].join(".");window.gbar.logger.ml(a,d)};var g=window.gbar=window.gbar||{},h=window.gbar.i=window.gbar.i||{},ba;function _tvn(a,b){a=parseInt(a,10);return isNaN(a)?b:a}function _tvf(a,b){a=parseFloat(a);return isNaN(a)?b:a}function _tvv(a){return!!a}function p(a,b,c){(c||g)[a]=b}g.bv={n:_tvn("2",0),r:"",f:".66.41.",e:"1300102,3700244,3700347",m:_tvn("1",1)};
function ca(a,b,c){var d="on"+b;if(a.addEventListener)a.addEventListener(b,c,!1);else if(a.attachEvent)a.attachEvent(d,c);else{var f=a[d];a[d]=function(){var a=f.apply(this,arguments),b=c.apply(this,arguments);return void 0==a?b:void 0==b?a:b&&a}}}var da=function(a){return function(){return g.bv.m==a}},ea=da(1),fa=da(2);p("sb",ea);p("kn",fa);h.a=_tvv;h.b=_tvf;h.c=_tvn;h.i=aa;var q=window.gbar.i.i;var r=function(){},u=function(){},ia=function(a){var b=new Image,c=ga;b.onerror=b.onload=b.onabort=function(){try{delete ha[c]}catch(d){}};ha[c]=b;b.src=a;ga=c+1},ha=[],ga=0;p("logger",{il:u,ml:r,log:ia});var v=window.gbar.logger;var y={},ja={},z=[],ka=h.b("0.1",.1),la=h.a("1",!0),ma=function(a,b){z.push([a,b])},na=function(a,b){y[a]=b},oa=function(a){return a in y},A={},B=function(a,b){A[a]||(A[a]=[]);A[a].push(b)},D=function(a){B("m",a)},pa=function(a,b){var c=document.createElement("script");c.src=a;c.async=la;Math.random()<ka&&(c.onerror=function(){c.onerror=null;r(Error("Bundle load failed: name="+(b||"UNK")+" url="+a))});(document.getElementById("xjsc")||document.getElementsByTagName("body")[0]||
document.getElementsByTagName("head")[0]).appendChild(c)},F=function(a){for(var b=0,c;(c=z[b])&&c[0]!=a;++b);!c||c[1].l||c[1].s||(c[1].s=!0,qa(2,a),c[1].url&&pa(c[1].url,a),c[1].libs&&E&&E(c[1].libs))},ra=function(a){B("gc",a)},sa=null,ta=function(a){sa=a},qa=function(a,b,c){if(sa){a={t:a,b:b};if(c)for(var d in c)a[d]=c[d];try{sa(a)}catch(f){}}};p("mdc",y);p("mdi",ja);p("bnc",z);p("qGC",ra);p("qm",D);p("qd",A);p("lb",F);p("mcf",na);p("bcf",ma);p("aq",B);p("mdd","");
p("has",oa);p("trh",ta);p("tev",qa);if(h.a("1")){var ua=h.a("1"),va=h.a(""),wa=h.a(""),xa=window.gapi={},ya=function(a,b){var c=function(){g.dgl(a,b)};ua?D(c):(B("gl",c),F("gl"))},za={},Aa=function(a){a=a.split(":");for(var b;(b=a.pop())&&za[b];);return!b},E=function(a){function b(){for(var b=a.split(":"),d=0,f;f=b[d];++d)za[f]=1;for(b=0;d=z[b];++b)d=d[1],(f=d.libs)&&!d.l&&d.i&&Aa(f)&&d.i()}g.dgl(a,b)},H=window.___jsl={};H.h="m;/_/scs/abc-static/_/js/k=gapi.gapi.en.uNkvfNpse-M.O/m=__features__/rt=j/d=1/rs=AHpOoo-YYbqGPKhcjqbluyEsnEa5V9AYjQ";H.ms="https://apis.google.com";
H.m="";H.l=[];ua||z.push(["gl",{url:"//ssl.gstatic.com/gb/js/abc/glm_e7bb39a7e1a24581ff4f8d199678b1b9.js"}]);var Ba={pu:va,sh:"",si:wa,hl:"en"};y.gl=Ba;p("load",ya,xa);p("dgl",ya);p("agl",Aa);h.o=ua};var Ca=h.b("0.1",.001),Da=0;
function _mlToken(a,b){try{if(1>Da){Da++;var c,d=a;b=b||{};var f=encodeURIComponent,k=["//www.google.com/gen_204?atyp=i&zx=",(new Date).getTime(),"&jexpid=",f("28834"),"&srcpg=",f("prop=1"),"&jsr=",Math.round(1/Ca),"&ogev=",f("jI-pWMblJ-Op0gKdppSoCQ"),"&ogf=",g.bv.f,"&ogrp=",f(""),"&ogv=",f("1487302445.0"),"&oggv="+f("es_plusone_gc_20170210.0_p0"),"&ogd=",f("com"),"&ogc=",f("USA"),"&ogl=",f("en")];b._sn&&(b._sn=
"og."+b._sn);for(var m in b)k.push("&"),k.push(f(m)),k.push("="),k.push(f(b[m]));k.push("&emsg=");k.push(f(d.name+":"+d.message));var n=k.join("");Ea(n)&&(n=n.substr(0,2E3));c=n;var l=window.gbar.logger._aem(a,c);ia(l)}}catch(t){}}var Ea=function(a){return 2E3<=a.length},Fa=function(a,b){return b};function Ga(a){r=a;p("_itl",Ea,v);p("_aem",Fa,v);p("ml",r,v);a={};y.er=a}h.a("")?Ga(function(a){throw a;}):h.a("1")&&Math.random()<Ca&&Ga(_mlToken);var _E="left",Ha=h.a(""),J=function(a,b){var c=a.className;I(a,b)||(a.className+=(""!=c?" ":"")+b)},K=function(a,b){var c=a.className;b=new RegExp("\\s?\\b"+b+"\\b");c&&c.match(b)&&(a.className=c.replace(b,""))},I=function(a,b){b=new RegExp("\\b"+b+"\\b");a=a.className;return!(!a||!a.match(b))},Ia=function(a,b){I(a,b)?K(a,b):J(a,b)},Ja=function(a,b){a[b]=function(c){var d=arguments;g.qm(function(){a[b].apply(this,d)})}},Ka=function(a){a=["//www.gstatic.com","/og/_/js/d=1/k=",
"og.og2.en_US.jHd_YoE_ivk.O","/rt=j/m=",a,"/rs=","AA2YrTvdmOIexWdSrR0yEpCgbNSW_JKJsQ"];Ha&&a.push("?host=www.gstatic.com&bust=og.og2.en_US.tRzDb2x3PRs.DU");a=a.join("");pa(a)};p("ca",J);p("cr",K);p("cc",I);h.k=J;h.l=K;h.m=I;h.n=Ia;h.p=Ka;h.q=Ja;var La=["gb_71","gb_155"],Ma;function Na(a){Ma=a}function Oa(a){var b=Ma&&!a.href.match(/.*\/accounts\/ClearSID[?]/)&&encodeURIComponent(Ma());b&&(a.href=a.href.replace(/([?&]continue=)[^&]*/,"$1"+b))}function Pa(a){window.gApplication&&(a.href=window.gApplication.getTabUrl(a.href))}function Qa(a){try{var b=(document.forms[0].q||"").value;b&&(a.href=a.href.replace(/([?&])q=[^&]*|$/,function(a,d){return(d||"&")+"q="+encodeURIComponent(b)}))}catch(c){q(c,"sb","pq")}}
var Ra=function(){for(var a=[],b=0,c;c=La[b];++b)(c=document.getElementById(c))&&a.push(c);return a},Sa=function(){var a=Ra();return 0<a.length?a[0]:null},Ta=function(){return document.getElementById("gb_70")},L={},M={},Ua={},N={},O=void 0,Za=function(a,b){try{var c=document.getElementById("gb");J(c,"gbpdjs");P();Va(document.getElementById("gb"))&&J(c,"gbrtl");if(b&&b.getAttribute){var d=b.getAttribute("aria-owns");if(d.length){var f=document.getElementById(d);if(f){var k=b.parentNode;if(O==d)O=void 0,
K(k,"gbto");else{if(O){var m=document.getElementById(O);if(m&&m.getAttribute){var n=m.getAttribute("aria-owner");if(n.length){var l=document.getElementById(n);l&&l.parentNode&&K(l.parentNode,"gbto")}}}Wa(f)&&Xa(f);O=d;J(k,"gbto")}}}}D(function(){g.tg(a,b,!0)});Ya(a)}catch(t){q(t,"sb","tg")}},$a=function(a){D(function(){g.close(a)})},ab=function(a){D(function(){g.rdd(a)})},Va=function(a){var b,c=document.defaultView;c&&c.getComputedStyle?(a=c.getComputedStyle(a,""))&&(b=a.direction):b=a.currentStyle?
a.currentStyle.direction:a.style.direction;return"rtl"==b},cb=function(a,b,c){if(a)try{var d=document.getElementById("gbd5");if(d){var f=d.firstChild,k=f.firstChild,m=document.createElement("li");m.className=b+" gbmtc";m.id=c;a.className="gbmt";m.appendChild(a);if(k.hasChildNodes()){c=[["gbkc"],["gbf","gbe","gbn"],["gbkp"],["gbnd"]];for(var d=0,n=k.childNodes.length,f=!1,l=-1,t=0,C;C=c[t];t++){for(var T=0,G;G=C[T];T++){for(;d<n&&I(k.childNodes[d],G);)d++;if(G==b){k.insertBefore(m,k.childNodes[d]||
null);f=!0;break}}if(f){if(d+1<k.childNodes.length){var U=k.childNodes[d+1];I(U.firstChild,"gbmh")||bb(U,C)||(l=d+1)}else if(0<=d-1){var V=k.childNodes[d-1];I(V.firstChild,"gbmh")||bb(V,C)||(l=d)}break}0<d&&d+1<n&&d++}if(0<=l){var w=document.createElement("li"),x=document.createElement("div");w.className="gbmtc";x.className="gbmt gbmh";w.appendChild(x);k.insertBefore(w,k.childNodes[l])}g.addHover&&g.addHover(a)}else k.appendChild(m)}}catch(Ab){q(Ab,"sb","al")}},bb=function(a,b){for(var c=b.length,
d=0;d<c;d++)if(I(a,b[d]))return!0;return!1},db=function(a,b,c){cb(a,b,c)},eb=function(a,b){cb(a,"gbe",b)},fb=function(){D(function(){g.pcm&&g.pcm()})},gb=function(){D(function(){g.pca&&g.pca()})},hb=function(a,b,c,d,f,k,m,n,l,t){D(function(){g.paa&&g.paa(a,b,c,d,f,k,m,n,l,t)})},ib=function(a,b){L[a]||(L[a]=[]);L[a].push(b)},jb=function(a,b){M[a]||(M[a]=[]);M[a].push(b)},kb=function(a,b){Ua[a]=b},lb=function(a,b){N[a]||(N[a]=[]);N[a].push(b)},Ya=function(a){a.preventDefault&&a.preventDefault();a.returnValue=
!1;a.cancelBubble=!0},mb=null,Xa=function(a,b){P();if(a){nb(a,"Opening&hellip;");Q(a,!0);b="undefined"!=typeof b?b:1E4;var c=function(){ob(a)};mb=window.setTimeout(c,b)}},pb=function(a){P();a&&(Q(a,!1),nb(a,""))},ob=function(a){try{P();var b=a||document.getElementById(O);b&&(nb(b,"This service is currently unavailable.%1$sPlease try again later.","%1$s"),Q(b,!0))}catch(c){q(c,"sb","sdhe")}},nb=function(a,b,c){if(a&&b){var d=Wa(a);if(d){if(c){d.innerHTML="";b=b.split(c);c=0;for(var f;f=b[c];c++){var k=document.createElement("div");
k.innerHTML=f;d.appendChild(k)}}else d.innerHTML=b;Q(a,!0)}}},Q=function(a,b){(b=void 0!==b?b:!0)?J(a,"gbmsgo"):K(a,"gbmsgo")},Wa=function(a){for(var b=0,c;c=a.childNodes[b];b++)if(I(c,"gbmsg"))return c},P=function(){mb&&window.clearTimeout(mb)},qb=function(a){var b="inner"+a;a="offset"+a;return window[b]?window[b]:document.documentElement&&document.documentElement[a]?document.documentElement[a]:0},rb=function(){return!1},sb=function(){return!!O};p("so",Sa);p("sos",Ra);p("si",Ta);p("tg",Za);
p("close",$a);p("rdd",ab);p("addLink",db);p("addExtraLink",eb);p("pcm",fb);p("pca",gb);p("paa",hb);p("ddld",Xa);p("ddrd",pb);p("dderr",ob);p("rtl",Va);p("op",sb);p("bh",L);p("abh",ib);p("dh",M);p("adh",jb);p("ch",N);p("ach",lb);p("eh",Ua);p("aeh",kb);ba=h.a("")?Pa:Qa;p("qs",ba);p("setContinueCb",Na);p("pc",Oa);p("bsy",rb);h.d=Ya;h.j=qb;var tb={};y.base=tb;z.push(["m",{url:"//ssl.gstatic.com/gb/js/sem_c94e5a7d20825d1b6c1f4055342bd471.js"}]);g.sg={c:"1"};p("wg",{rg:{}});var ub={tiw:h.c("15000",0),tie:h.c("30000",0)};y.wg=ub;var vb={thi:h.c("10000",0),thp:h.c("180000",0),tho:h.c("5000",0),tet:h.b("0.5",0)};y.wm=vb;if(h.a("1")){var wb=h.a("");z.push(["gc",{auto:wb,url:"//ssl.gstatic.com/gb/js/abc/gci_91f30755d6a6b787dcc2a4062e6e9824.js",libs:"googleapis.client:plusone:gapi.iframes"}]);var xb={version:"gci_91f30755d6a6b787dcc2a4062e6e9824.js",index:"",lang:"en"};y.gc=xb;var yb=function(a){window.googleapis&&window.iframes?a&&a():(a&&ra(a),F("gc"))};p("lGC",yb);h.a("1")&&p("lPWF",yb)};window.__PVT="";if(h.a("1")&&h.a("1")){var zb=function(a){yb(function(){B("pw",a);F("pw")})};p("lPW",zb);z.push(["pw",{url:"//ssl.gstatic.com/gb/js/abc/pwm_45f73e4df07a0e388b0fa1f3d30e7280.js"}]);var Bb=[],Cb=function(a){Bb[0]=a},Db=function(a,b){b=b||{};b._sn="pw";r(a,b)},Eb={signed:Bb,elog:Db,base:"https://plusone.google.com/u/0",loadTime:(new Date).getTime()};y.pw=Eb;var Fb=function(a,b){var c=b.split(".");b=function(){var b=arguments;a(function(){for(var a=g,d=0,f=c.length-1;d<f;++d)a=a[c[d]];a[c[d]].apply(a,b)})};for(var d=g,f=0,k=c.length-1;f<
k;++f)d=d[c[f]]=d[c[f]]||{};return d[c[f]]=b};Fb(zb,"pw.clk");Fb(zb,"pw.hvr");p("su",Cb,g.pw)};var Gb=[1,2,3,4,5,6,9,10,11,13,14,28,29,30,34,35,37,38,39,40,41,42,43,48,49,500];var Hb=h.b("0.001",1E-4),Ib=h.b("1",1),Jb=!1,Kb=!1;if(h.a("1")){var Lb=Math.random();Lb<Hb&&(Jb=!0);Lb<Ib&&(Kb=!0)}var R=null;
function Mb(a,b){var c=Hb,d=Jb,f;f=a;if(!R){R={};for(var k=0;k<Gb.length;k++){var m=Gb[k];R[m]=!0}}if(f=!!R[f])c=Ib,d=Kb;if(d){var d=encodeURIComponent,n="es_plusone_gc_20170210.0_p0",l;g.rp?(l=g.rp(),l="-1"!=l?l:""):l="";f=(new Date).getTime();var k=d("28834"),m=d("jI-pWMblJ-Op0gKdppSoCQ"),t=g.bv.f,C=d("1");l=d(l);var c=Math.round(1/c),T=d("1487302445.0"),n=n?"&oggv="+d(n):"",G=d("com"),U=d("en"),
V=d("USA"),w;w=0;h.a("")&&(w|=1);h.a("")&&(w|=2);h.a("")&&(w|=4);a=["//www.google.com/gen_204?atyp=i&zx=",f,"&oge=",a,"&ogex=",k,"&ogev=",m,"&ogf=",t,"&ogp=",C,"&ogrp=",l,"&ogsr=",c,"&ogv=",T,n,"&ogd=",G,"&ogl=",U,"&ogc=",V,"&ogus=",w];if(b){"ogw"in b&&(a.push("&ogw="+b.ogw),delete b.ogw);var x;f=[];for(x in b)0!=f.length&&f.push(","),f.push(Nb(x)),f.push("."),f.push(Nb(b[x]));x=f.join("");""!=x&&(a.push("&ogad="),a.push(d(x)))}ia(a.join(""))}}
function Nb(a){"number"==typeof a&&(a+="");return"string"==typeof a?a.replace(".","%2E").replace(",","%2C"):a}u=Mb;p("il",u,v);var Ob={};y.il=Ob;var Pb=function(a,b,c,d,f,k,m,n,l,t){D(function(){g.paa(a,b,c,d,f,k,m,n,l,t)})},Qb=function(){D(function(){g.prm()})},Rb=function(a){D(function(){g.spn(a)})},Sb=function(a){D(function(){g.sps(a)})},Tb=function(a){D(function(){g.spp(a)})},Ub={"27":"//ssl.gstatic.com/gb/images/silhouette_24.png","27":"//ssl.gstatic.com/gb/images/silhouette_24.png","27":"//ssl.gstatic.com/gb/images/silhouette_24.png"},Vb=function(a){return(a=Ub[a])||"//ssl.gstatic.com/gb/images/silhouette_24.png"},
Wb=function(){D(function(){g.spd()})};p("spn",Rb);p("spp",Tb);p("sps",Sb);p("spd",Wb);p("paa",Pb);p("prm",Qb);ib("gbd4",Qb);
if(h.a("")){var Xb={d:h.a(""),e:"",sanw:h.a(""),p:"//ssl.gstatic.com/gb/images/silhouette_96.png",cp:"1",xp:h.a("1"),mg:"%1$s (delegated)",md:"%1$s (default)",mh:"220",s:"1",pp:Vb,ppl:h.a(""),ppa:h.a(""),
ppm:"Google+ page"};y.prf=Xb};var S,Yb,W,Zb,X=0,$b=function(a,b,c){if(a.indexOf)return a.indexOf(b,c);if(Array.indexOf)return Array.indexOf(a,b,c);for(c=null==c?0:0>c?Math.max(0,a.length+c):c;c<a.length;c++)if(c in a&&a[c]===b)return c;return-1},Y=function(a,b){return-1==$b(a,X)?(q(Error(X+"_"+b),"up","caa"),!1):!0},bc=function(a,b){Y([1,2],"r")&&(S[a]=S[a]||[],S[a].push(b),2==X&&window.setTimeout(function(){b(ac(a))},0))},cc=function(a,b,c){if(Y([1],"nap")&&c){for(var d=0;d<c.length;d++)Yb[c[d]]=!0;g.up.spl(a,b,"nap",c)}},dc=
function(a,b,c){if(Y([1],"aop")&&c){if(W)for(var d in W)W[d]=W[d]&&-1!=$b(c,d);else for(W={},d=0;d<c.length;d++)W[c[d]]=!0;g.up.spl(a,b,"aop",c)}},ec=function(){try{if(X=2,!Zb){Zb=!0;for(var a in S)for(var b=S[a],c=0;c<b.length;c++)try{b[c](ac(a))}catch(d){q(d,"up","tp")}}}catch(d){q(d,"up","mtp")}},ac=function(a){if(Y([2],"ssp")){var b=!Yb[a];W&&(b=b&&!!W[a]);return b}};Zb=!1;S={};Yb={};W=null;
var X=1,fc=function(a){var b=!1;try{b=a.cookie&&a.cookie.match("PREF")}catch(c){}return!b},gc=function(){try{return!!e.localStorage&&"object"==typeof e.localStorage}catch(a){return!1}},hc=function(a){return a&&a.style&&a.style.behavior&&"undefined"!=typeof a.load},ic=function(a,b,c,d){try{fc(document)||(d||(b="og-up-"+b),gc()?e.localStorage.setItem(b,c):hc(a)&&(a.setAttribute(b,c),a.save(a.id)))}catch(f){f.code!=DOMException.QUOTA_EXCEEDED_ERR&&q(f,"up","spd")}},jc=function(a,b,c){try{if(fc(document))return"";
c||(b="og-up-"+b);if(gc())return e.localStorage.getItem(b);if(hc(a))return a.load(a.id),a.getAttribute(b)}catch(d){d.code!=DOMException.QUOTA_EXCEEDED_ERR&&q(d,"up","gpd")}return""},kc=function(a,b,c){a.addEventListener?a.addEventListener(b,c,!1):a.attachEvent&&a.attachEvent("on"+b,c)},lc=function(a){for(var b=0,c;c=a[b];b++){var d=g.up;c=c in d&&d[c];if(!c)return!1}return!0},mc=function(a,b){try{if(fc(a))return-1;var c=a.cookie.match(/OGPC=([^;]*)/);if(c&&c[1]){var d=c[1].match(new RegExp("\\b"+
b+"-([0-9]+):"));if(d&&d[1])return parseInt(d[1],10)}}catch(f){f.code!=DOMException.QUOTA_EXCEEDED_ERR&&q(f,"up","gcc")}return-1};p("up",{r:bc,nap:cc,aop:dc,tp:ec,ssp:ac,spd:ic,gpd:jc,aeh:kc,aal:lc,gcc:mc});var Z=function(a,b){a[b]=function(c){var d=arguments;g.qm(function(){a[b].apply(this,d)})}};Z(g.up,"sl");Z(g.up,"si");Z(g.up,"spl");Z(g.up,"dpc");Z(g.up,"iic");g.mcf("up",{sp:h.b("0.01",1),tld:"com",prid:"1"});function nc(){function a(){for(var b;(b=k[m++])&&"m"!=b[0]&&!b[1].auto;);b&&(qa(2,b[0]),b[1].url&&pa(b[1].url,b[0]),b[1].libs&&E&&E(b[1].libs));m<k.length&&setTimeout(a,0)}function b(){0<f--?setTimeout(b,0):a()}var c=h.a("1"),d=h.a(""),f=3,k=z,m=0,n=window.gbarOnReady;if(n)try{n()}catch(l){q(l,"ml","or")}d?p("ldb",a):c?ca(window,"load",b):b()}p("rdl",nc);}catch(e){window.gbar&&gbar.logger&&gbar.logger.ml(e,{"_sn":"cfg.init"});}})();
(function(){try{var b=window.gbar;var d=function(a,c){b[a]=function(){return window.navigator&&window.navigator.userAgent?c(window.navigator.userAgent):!1}},e=function(a){return!(/AppleWebKit\/.+(?:Version\/[35]\.|Chrome\/[01]\.)/.test(a)||-1!=a.indexOf("Firefox/3.5."))};d("bs_w",e);}catch(e){window.gbar&&gbar.logger&&gbar.logger.ml(e,{"_sn":"cfg.init"});}})();
(function(){try{var a=window.gbar;a.mcf("pm",{p:"19000096,8QJ,7,,"});}catch(e){window.gbar&&gbar.logger&&gbar.logger.ml(e,{"_sn":"cfg.init"});}})();
(function(){try{var a=window.gbar;a.mcf("mm",{s:"1"});}catch(e){window.gbar&&gbar.logger&&gbar.logger.ml(e,{"_sn":"cfg.init"});}})();
(function(){try{var d=window.gbar.i.i;var e=window.gbar;var f=e.i;var g=f.c("1",0),h=/\bgbmt\b/,k=function(a){try{var b=document.getElementById("gb_"+g),c=document.getElementById("gb_"+a);b&&f.l(b,h.test(b.className)?"gbm0l":"gbz0l");c&&f.k(c,h.test(c.className)?"gbm0l":"gbz0l")}catch(l){d(l,"sj","ssp")}g=a},m=e.qs,n=function(a){var b;b=a.href;var c=window.location.href.match(/.*?:\/\/[^\/]*/)[0],c=new RegExp("^"+c+"/search\\?");(b=c.test(b))&&!/(^|\\?|&)ei=/.test(a.href)&&(b=window.google)&&b.kEXPI&&(a.href+="&ei="+b.kEI)},p=function(a){m(a);
n(a)},q=function(){if(window.google&&window.google.sn){var a=/.*hp$/;return a.test(window.google.sn)?"":"1"}return"-1"};e.rp=q;e.slp=k;e.qs=p;e.qsi=n;}catch(e){window.gbar&&gbar.logger&&gbar.logger.ml(e,{"_sn":"cfg.init"});}})();
(function(){try{var a=this;var b=window.gbar;var c=b.i;var d=c.a,e=c.c,f={cty:"USA",cv:"1487302445",dbg:d(""),ecv:"0",ei:e("jI-pWMblJ-Op0gKdppSoCQ"),ele:d("1"),esr:e("0.1"),evts:["mousedown","touchstart","touchmove","wheel","keydown"],gbl:"es_plusone_gc_20170210.0_p0",hd:"com",hl:"en",irp:d(""),pid:e("1"),
snid:e("28834"),to:e("300000"),u:e(""),vf:".66.41."},g=f,h=["bndcfg"],k=a;h[0]in k||!k.execScript||k.execScript("var "+h[0]);for(var l;h.length&&(l=h.shift());)h.length||void 0===g?k=k[l]&&Object.prototype.hasOwnProperty.call(k,l)?k[l]:k[l]={}:k[l]=g;}catch(e){window.gbar&&gbar.logger&&gbar.logger.ml(e,{"_sn":"cfg.init"});}})();
(function(){try{window.gbar.rdl();}catch(e){window.gbar&&gbar.logger&&gbar.logger.ml(e,{"_sn":"cfg.init"});}})();
</script><link href="/images/branding/product/ico/googleg_lodp.ico" rel="shortcut icon"><style type="text/css">.gsib_a{width:100%;padding:4px 6px 0}.gsib_a,.gsib_b{vertical-align:top}.gssb_c{border:0;position:absolute;z-index:989}.gssb_e{border:1px solid #ccc;border-top-color:#d9d9d9;box-shadow:0 2px 4px rgba(0,0,0,0.2);-webkit-box-shadow:0 2px 4px rgba(0,0,0,0.2);cursor:default}.gssb_f{visibility:hidden;white-space:nowrap}.gssb_k{border:0;display:block;position:absolute;top:0;z-index:988}.gsdd_a{border:none!important}.gsmq_a{padding:0}a.gspqs_a{padding:0 3px 0 8px}.gspqs_b{color:#666;line-height:22px}.gsls_a{color:red}.gsn_a{padding-top:4px;padding-bottom:1px}.gsn_b{display:block;line-height:16px}.gsn_c{color:green;font-size:13px}.gsq_a{padding:0}.gssb_a{padding:0 7px}.gssb_a,.gssb_a td{white-space:nowrap;overflow:hidden;line-height:22px}#gssb_b{font-size:11px;color:#36c;text-decoration:none}#gssb_b:hover{font-size:11px;color:#36c;text-decoration:underline}.gssb_g{text-align:center;padding:8px 0 7px;position:relative}.gssb_h{font-size:15px;height:28px;margin:0.2em;-webkit-appearance:button}.gssb_i{background:#eee}.gss_ifl{visibility:hidden;padding-left:5px}.gssb_i .gss_ifl{visibility:visible}a.gssb_j{font-size:13px;color:#36c;text-decoration:none;line-height:100%}a.gssb_j:hover{text-decoration:underline}.gssb_l{height:1px;background-color:#e5e5e5}.gssb_m{color:#000;background:#fff}a.gspqs_a{padding-left:0}.gssb_e{border-top:1px solid #a2bff0;border-right:1px solid #558be3;border-bottom:1px solid #558be3;border-left:1px solid #a2bff0;}.gssb_i{background:#d5e2ff}</style></head><body bgcolor="#fff"><script>(function(){var src='/images/nav_logo229.png';var iesg=false;document.body.onload = function(){window.n && window.n();if (document.images){new Image().src=src;}
if (!iesg){document.f&&document.f.q.focus();document.gbqf&&document.gbqf.q.focus();}
}
})();</script><div id="mngb"> <div id="gb"><script>window.gbar&&gbar.eli&&gbar.eli()</script><div id="gbw"><div id="gbz"><span class="gbtcb"></span><ol id="gbzc" class="gbtc"><li class="gbt"><a onclick="gbar.logger.il(1,{t:119});" class="gbzt" id="gb_119" href="https://plus.google.com/?gpsrc=ogpy0&amp;tab=wX"><span class="gbtb2"></span><span class="gbts">Google+</span></a></li><li class="gbt"><a onclick="gbar.logger.il(1,{t:1});" class="gbzt gbz0l gbp1" id="gb_1" href="https://www.google.com/webhp?tab=ww"><span class="gbtb2"></span><span class="gbts">Search</span></a></li><li class="gbt"><a onclick="gbar.logger.il(1,{t:2});" class="gbzt" id="gb_2" href="https://www.google.com/imghp?hl=en&amp;tab=wi"><span class="gbtb2"></span><span class="gbts">Images</span></a></li><li class="gbt"><a onclick="gbar.logger.il(1,{t:8});" class="gbzt" id="gb_8" href="https://maps.google.com/maps?hl=en&amp;tab=wl"><span class="gbtb2"></span><span class="gbts">Maps</span></a></li><li class="gbt"><a onclick="gbar.logger.il(1,{t:78});" class="gbzt" id="gb_78" href="https://play.google.com/?hl=en&amp;tab=w8"><span class="gbtb2"></span><span class="gbts">Play</span></a></li><li class="gbt"><a onclick="gbar.logger.il(1,{t:36});" class="gbzt" id="gb_36" href="https://www.youtube.com/?tab=w1"><span class="gbtb2"></span><span class="gbts">YouTube</span></a></li><li class="gbt"><a onclick="gbar.logger.il(1,{t:5});" class="gbzt" id="gb_5" href="https://news.google.com/nwshp?hl=en&amp;tab=wn"><span class="gbtb2"></span><span class="gbts">News</span></a></li><li class="gbt"><a onclick="gbar.logger.il(1,{t:23});" class="gbzt" id="gb_23" href="https://mail.google.com/mail/?tab=wm"><span class="gbtb2"></span><span class="gbts">Gmail</span></a></li><li class="gbt"><a class="gbgt" id="gbztm" href="https://www.google.com/intl/en/options/" onclick="gbar.tg(event,this)" aria-haspopup="true" aria-owns="gbd"><span class="gbtb2"></span><span id="gbztms" class="gbts gbtsa"><span id="gbztms1">More</span><span class="gbma"></span></span></a><div class="gbm" id="gbd" aria-owner="gbztm"><div id="gbmmb" class="gbmc gbsb gbsbis"><ol id="gbmm" class="gbmcc gbsbic"><li class="gbmtc"><a onclick="gbar.logger.il(1,{t:49});" class="gbmt" id="gb_49" href="https://drive.google.com/?tab=wo">Drive</a></li><li class="gbmtc"><a onclick="gbar.logger.il(1,{t:24});" class="gbmt" id="gb_24" href="https://www.google.com/calendar?tab=wc">Calendar</a></li><li class="gbmtc"><a onclick="gbar.logger.il(1,{t:51});" class="gbmt" id="gb_51" href="https://translate.google.com/?hl=en&amp;tab=wT">Translate</a></li><li class="gbmtc"><a onclick="gbar.logger.il(1,{t:17});" class="gbmt" id="gb_17" href="http://www.google.com/mobile/?hl=en&amp;tab=wD">Mobile</a></li><li class="gbmtc"><a onclick="gbar.logger.il(1,{t:10});" class="gbmt" id="gb_10" href="https://books.google.com/bkshp?hl=en&amp;tab=wp">Books</a></li><li class="gbmtc"><a onclick="gbar.logger.il(1,{t:212});" class="gbmt" id="gb_212" href="https://wallet.google.com/?tab=wa">Wallet</a></li><li class="gbmtc"><a onclick="gbar.logger.il(1,{t:6});" class="gbmt" id="gb_6" href="http://www.google.com/shopping?hl=en&amp;tab=wf">Shopping</a></li><li class="gbmtc"><a onclick="gbar.logger.il(1,{t:30});" class="gbmt" id="gb_30" href="https://www.blogger.com/?tab=wj">Blogger</a></li><li class="gbmtc"><a onclick="gbar.logger.il(1,{t:27});" class="gbmt" id="gb_27" href="https://www.google.com/finance?tab=we">Finance</a></li><li class="gbmtc"><a onclick="gbar.logger.il(1,{t:31});" class="gbmt" id="gb_31" href="https://photos.google.com/?tab=wq&amp;pageId=none">Photos</a></li><li class="gbmtc"><a onclick="gbar.logger.il(1,{t:12});" class="gbmt" id="gb_12" href="http://video.google.com/?hl=en&amp;tab=wv">Videos</a></li><li class="gbmtc"><a onclick="gbar.logger.il(1,{t:25});" class="gbmt" id="gb_25" href="https://docs.google.com/document/?usp=docs_alc">Docs</a></li><li class="gbmtc"><div class="gbmt gbmh"></div></li><li class="gbmtc"><a onclick="gbar.logger.il(1,{t:66});" href="https://www.google.com/intl/en/options/" class="gbmt">Even more »</a></li></ol><div class="gbsbt"></div><div class="gbsbb"></div></div></div></li></ol></div><div id="gbg"><h2 class="gbxx">Account Options</h2><span class="gbtcb"></span><ol class="gbtc"><li class="gbt"><a target="_top" href="https://accounts.google.com/ServiceLogin?hl=en&amp;passive=true&amp;continue=https://www.google.com/" onclick="gbar.logger.il(9,{l:'i'})" id="gb_70" class="gbgt"><span class="gbtb2"></span><span id="gbgs4" class="gbts"><span id="gbi4s1">Sign in</span></span></a></li><li class="gbt gbtb"><span class="gbts"></span></li><li class="gbt"><a class="gbgt" id="gbg5" href="http://www.google.com/preferences?hl=en" title="Options" onclick="gbar.tg(event,this)" aria-haspopup="true" aria-owns="gbd5"><span class="gbtb2"></span><span id="gbgs5" class="gbts"><span id="gbi5"></span></span></a><div class="gbm" id="gbd5" aria-owner="gbg5"><div class="gbmc"><ol id="gbom" class="gbmcc"><li class="gbkc gbmtc"><a class="gbmt" href="/preferences?hl=en">Search settings</a></li><li class="gbmtc"><div class="gbmt gbmh"></div></li><li class="gbkp gbmtc"><a class="gbmt" href="http://www.google.com/history/optout?hl=en">Web History</a></li></ol></div></div></li></ol></div></div><div id="gbx3"></div><div id="gbx4"></div><script>window.gbar&&gbar.elp&&gbar.elp()</script></div> </div><center><br clear="all" id="lgpd"><div id="lga"><img alt="Google" height="92" src="/images/branding/googlelogo/1x/googlelogo_white_background_color_272x92dp.png" style="padding:28px 0 14px" width="272" id="hplogo" onload="window.lol&amp;&amp;lol()"><br><br></div><form action="/search" name="f"><table cellpadding="0" cellspacing="0"><tbody><tr valign="top"><td width="25%">&nbsp;</td><td align="center" nowrap=""><input value="en" name="hl" type="hidden"><input name="source" type="hidden" value="hp"><input name="biw" type="hidden"><input name="bih" type="hidden"><div class="ds" style="height:32px;margin:4px 0"><input style="color: rgb(0, 0, 0); margin: 0px; padding: 5px 8px 0px 6px; vertical-align: top; outline: none;" autocomplete="off" class="lst" value="" title="Google Search" maxlength="2048" name="q" size="57" dir="ltr" spellcheck="false"></div><br style="line-height:0"><span class="ds"><span class="lsbb"><input class="lsb" value="Google Search" name="btnG" type="submit"></span></span><span class="ds"><span class="lsbb"><input class="lsb" value="I'm Feeling Lucky" name="btnI" onclick="if(this.form.q.value)this.checked=1; else top.location='/doodles/'" type="submit"></span></span></td><td class="fl sblc" align="left" nowrap="" width="25%"><a href="/advanced_search?hl=en&amp;authuser=0">Advanced search</a><a href="/language_tools?hl=en&amp;authuser=0">Language tools</a></td></tr></tbody></table><input id="gbv" name="gbv" type="hidden" value="2"><script>(function(){var a,b="1";if(document&&document.getElementById)if("undefined"!=typeof XMLHttpRequest)b="2";else if("undefined"!=typeof ActiveXObject){var c,d,e=["MSXML2.XMLHTTP.6.0","MSXML2.XMLHTTP.3.0","MSXML2.XMLHTTP","Microsoft.XMLHTTP"];for(c=0;d=e[c++];)try{new ActiveXObject(d),b="2"}catch(h){}}a=b;if("2"==a&&-1==location.search.indexOf("&gbv=2")){var f=google.gbvu,g=document.getElementById("gbv");g&&(g.value=a);f&&window.setTimeout(function(){location.href=f},0)};}).call(this);</script><input type="hidden" name="oq"><input type="hidden" name="gs_l"></form><div id="gac_scont"></div><div style="font-size:83%;min-height:3.5em"><br></div><span id="footer"><div style="font-size:10pt"><div style="margin:19px auto;text-align:center" id="fll"><a href="/intl/en/ads/">Advertising&nbsp;Programs</a><a href="/services/">Business Solutions</a><a href="https://plus.google.com/116899029375914044550" rel="publisher">+Google</a><a href="/intl/en/about.html">About Google</a></div></div><p style="color:#767676;font-size:8pt">© 2017 - <a href="/intl/en/policies/privacy/">Privacy</a> - <a href="/intl/en/policies/terms/">Terms</a></p></span></center><script>(function(){window.google.cdo={height:0,width:0};(function(){var a=window.innerWidth,b=window.innerHeight;if(!a||!b)var c=window.document,d="CSS1Compat"==c.compatMode?c.documentElement:c.body,a=d.clientWidth,b=d.clientHeight;a&&b&&(a!=google.cdo.width||b!=google.cdo.height)&&google.log("","","/client_204?&atyp=i&biw="+a+"&bih="+b+"&ei="+google.kEI);}).call(this);})();</script><div id="xjsd"><script src="/xjs/_/js/k=xjs.hp.en_US.D5guv20f5vI.O/m=sb_he,d/am=Bg/rt=j/d=1/t=zcms/rs=ACT90oF4oNJRXMDhusFfZ4_49RZ81cc71Q"></script></div><div id="xjsi"><script>(function(){function c(b){window.setTimeout(function(){var a=document.createElement("script");a.src=b;document.getElementById("xjsd").appendChild(a)},0)}google.dljp=function(b,a){google.xjsu=b;c(a)};google.dlj=c;}).call(this);(function(){window.google.xjsrm=[];})();if(google.y)google.y.first=[];if(!google.xjs){window._=window._||{};window._._DumpException=function(e){throw e};if(google.timers&&google.timers.load.t){google.timers.load.t.xjsls=new Date().getTime();}google.dljp('/xjs/_/js/k\x3dxjs.hp.en_US.D5guv20f5vI.O/m\x3dsb_he,d/am\x3dBg/rt\x3dj/d\x3d1/t\x3dzcms/rs\x3dACT90oF4oNJRXMDhusFfZ4_49RZ81cc71Q','/xjs/_/js/k\x3dxjs.hp.en_US.D5guv20f5vI.O/m\x3dsb_he,d/am\x3dBg/rt\x3dj/d\x3d1/t\x3dzcms/rs\x3dACT90oF4oNJRXMDhusFfZ4_49RZ81cc71Q');google.xjs=1;}google.pmc={"sb_he":{"agen":true,"cgen":true,"client":"heirloom-hp","dh":true,"dhqt":true,"ds":"","fl":true,"host":"google.com","isbh":28,"jam":0,"jsonp":true,"msgs":{"cibl":"Clear Search","dym":"Did you mean:","lcky":"I\u0026#39;m Feeling Lucky","lml":"Learn more","oskt":"Input tools","psrc":"This search was removed from your \u003Ca href=\"/history\"\u003EWeb History\u003C/a\u003E","psrl":"Remove","sbit":"Search by image","srch":"Google Search"},"nds":true,"ovr":{},"pq":"","refpd":true,"rfs":[],"scd":10,"sce":5,"stok":"wIneaLB2AVTPkqxRyVgVxNdTPck"},"d":{},"B0OV6w":{}};google.y.first.push(function(){if(google.med){google.med('init');google.initHistory();google.med('history');}});if(google.j&&google.j.en&&google.j.xi){window.setTimeout(google.j.xi,0);}
</script></div><table cellspacing="0" cellpadding="0" class="gstl_0 gssb_c" style="width: 510px; display: none; top: 240px; left: 5px; position: absolute;"><tbody><tr><td class="gssb_f"></td><td class="gssb_e" style="width: 100%;"></td></tr></tbody></table></body></html>

04:29:03.235 [Forwarding findElements on session ed2d6660-f69e-11e6-a414-872b36aae4a5 to remote] DEBUG org.apache.http.client.protocol.RequestAddCookies - CookieSpec selected: default
04:29:03.235 [Forwarding findElements on session ed2d6660-f69e-11e6-a414-872b36aae4a5 to remote] DEBUG org.apache.http.client.protocol.RequestAuthCache - Auth cache not set in the context
04:29:03.235 [Forwarding findElements on session ed2d6660-f69e-11e6-a414-872b36aae4a5 to remote] DEBUG org.apache.http.impl.conn.PoolingHttpClientConnectionManager - Connection request: [route: {}->http://localhost:27950][total kept alive: 1; route allocated: 1 of 2000; total allocated: 1 of 2000]
04:29:03.236 [Forwarding findElements on session ed2d6660-f69e-11e6-a414-872b36aae4a5 to remote] DEBUG org.apache.http.impl.conn.PoolingHttpClientConnectionManager - Connection leased: [id: 0][route: {}->http://localhost:27950][total kept alive: 0; route allocated: 1 of 2000; total allocated: 1 of 2000]
04:29:03.236 [Forwarding findElements on session ed2d6660-f69e-11e6-a414-872b36aae4a5 to remote] DEBUG org.apache.http.impl.execchain.MainClientExec - Stale connection check
04:29:03.238 [Forwarding findElements on session ed2d6660-f69e-11e6-a414-872b36aae4a5 to remote] DEBUG org.apache.http.wire - http-outgoing-0 << "[read] I/O error: Read timed out"
04:29:03.238 [Forwarding findElements on session ed2d6660-f69e-11e6-a414-872b36aae4a5 to remote] DEBUG org.apache.http.impl.conn.DefaultManagedHttpClientConnection - http-outgoing-0: set socket timeout to 10800000
04:29:03.238 [Forwarding findElements on session ed2d6660-f69e-11e6-a414-872b36aae4a5 to remote] DEBUG org.apache.http.impl.execchain.MainClientExec - Executing request POST /session/ed2d6660-f69e-11e6-a414-872b36aae4a5/elements HTTP/1.1
04:29:03.238 [Forwarding findElements on session ed2d6660-f69e-11e6-a414-872b36aae4a5 to remote] DEBUG org.apache.http.impl.execchain.MainClientExec - Target auth state: UNCHALLENGED
04:29:03.238 [Forwarding findElements on session ed2d6660-f69e-11e6-a414-872b36aae4a5 to remote] DEBUG org.apache.http.impl.execchain.MainClientExec - Proxy auth state: UNCHALLENGED
04:29:03.239 [Forwarding findElements on session ed2d6660-f69e-11e6-a414-872b36aae4a5 to remote] DEBUG org.apache.http.headers - http-outgoing-0 >> POST /session/ed2d6660-f69e-11e6-a414-872b36aae4a5/elements HTTP/1.1
04:29:03.239 [Forwarding findElements on session ed2d6660-f69e-11e6-a414-872b36aae4a5 to remote] DEBUG org.apache.http.headers - http-outgoing-0 >> Content-Type: application/json; charset=utf-8
04:29:03.239 [Forwarding findElements on session ed2d6660-f69e-11e6-a414-872b36aae4a5 to remote] DEBUG org.apache.http.headers - http-outgoing-0 >> Content-Length: 39
04:29:03.239 [Forwarding findElements on session ed2d6660-f69e-11e6-a414-872b36aae4a5 to remote] DEBUG org.apache.http.headers - http-outgoing-0 >> Host: localhost:27950
04:29:03.239 [Forwarding findElements on session ed2d6660-f69e-11e6-a414-872b36aae4a5 to remote] DEBUG org.apache.http.headers - http-outgoing-0 >> Connection: Keep-Alive
04:29:03.239 [Forwarding findElements on session ed2d6660-f69e-11e6-a414-872b36aae4a5 to remote] DEBUG org.apache.http.headers - http-outgoing-0 >> User-Agent: Apache-HttpClient/4.5.2 (Java/1.8.0_121)
04:29:03.239 [Forwarding findElements on session ed2d6660-f69e-11e6-a414-872b36aae4a5 to remote] DEBUG org.apache.http.headers - http-outgoing-0 >> Accept-Encoding: gzip,deflate
04:29:03.239 [Forwarding findElements on session ed2d6660-f69e-11e6-a414-872b36aae4a5 to remote] DEBUG org.apache.http.wire - http-outgoing-0 >> "POST /session/ed2d6660-f69e-11e6-a414-872b36aae4a5/elements HTTP/1.1[\r][\n]"
04:29:03.239 [Forwarding findElements on session ed2d6660-f69e-11e6-a414-872b36aae4a5 to remote] DEBUG org.apache.http.wire - http-outgoing-0 >> "Content-Type: application/json; charset=utf-8[\r][\n]"
04:29:03.239 [Forwarding findElements on session ed2d6660-f69e-11e6-a414-872b36aae4a5 to remote] DEBUG org.apache.http.wire - http-outgoing-0 >> "Content-Length: 39[\r][\n]"
04:29:03.239 [Forwarding findElements on session ed2d6660-f69e-11e6-a414-872b36aae4a5 to remote] DEBUG org.apache.http.wire - http-outgoing-0 >> "Host: localhost:27950[\r][\n]"
04:29:03.239 [Forwarding findElements on session ed2d6660-f69e-11e6-a414-872b36aae4a5 to remote] DEBUG org.apache.http.wire - http-outgoing-0 >> "Connection: Keep-Alive[\r][\n]"
04:29:03.239 [Forwarding findElements on session ed2d6660-f69e-11e6-a414-872b36aae4a5 to remote] DEBUG org.apache.http.wire - http-outgoing-0 >> "User-Agent: Apache-HttpClient/4.5.2 (Java/1.8.0_121)[\r][\n]"
04:29:03.239 [Forwarding findElements on session ed2d6660-f69e-11e6-a414-872b36aae4a5 to remote] DEBUG org.apache.http.wire - http-outgoing-0 >> "Accept-Encoding: gzip,deflate[\r][\n]"
04:29:03.239 [Forwarding findElements on session ed2d6660-f69e-11e6-a414-872b36aae4a5 to remote] DEBUG org.apache.http.wire - http-outgoing-0 >> "[\r][\n]"
04:29:03.240 [Forwarding findElements on session ed2d6660-f69e-11e6-a414-872b36aae4a5 to remote] DEBUG org.apache.http.wire - http-outgoing-0 >> "{"using":"css selector","value":"body"}"
04:29:03.260 [Forwarding findElements on session ed2d6660-f69e-11e6-a414-872b36aae4a5 to remote] DEBUG org.apache.http.wire - http-outgoing-0 << "HTTP/1.1 200 OK[\r][\n]"
04:29:03.260 [Forwarding findElements on session ed2d6660-f69e-11e6-a414-872b36aae4a5 to remote] DEBUG org.apache.http.wire - http-outgoing-0 << "Cache: no-cache[\r][\n]"
04:29:03.260 [Forwarding findElements on session ed2d6660-f69e-11e6-a414-872b36aae4a5 to remote] DEBUG org.apache.http.wire - http-outgoing-0 << "Content-Length: 106[\r][\n]"
04:29:03.260 [Forwarding findElements on session ed2d6660-f69e-11e6-a414-872b36aae4a5 to remote] DEBUG org.apache.http.wire - http-outgoing-0 << "Content-Type: application/json;charset=UTF-8[\r][\n]"
04:29:03.260 [Forwarding findElements on session ed2d6660-f69e-11e6-a414-872b36aae4a5 to remote] DEBUG org.apache.http.wire - http-outgoing-0 << "[\r][\n]"
04:29:03.260 [Forwarding findElements on session ed2d6660-f69e-11e6-a414-872b36aae4a5 to remote] DEBUG org.apache.http.wire - http-outgoing-0 << "{"sessionId":"ed2d6660-f69e-11e6-a414-872b36aae4a5","status":0,"value":[{"ELEMENT":":wdc:1487507343258"}]}"
04:29:03.261 [Forwarding findElements on session ed2d6660-f69e-11e6-a414-872b36aae4a5 to remote] DEBUG org.apache.http.headers - http-outgoing-0 << HTTP/1.1 200 OK
04:29:03.261 [Forwarding findElements on session ed2d6660-f69e-11e6-a414-872b36aae4a5 to remote] DEBUG org.apache.http.headers - http-outgoing-0 << Cache: no-cache
04:29:03.261 [Forwarding findElements on session ed2d6660-f69e-11e6-a414-872b36aae4a5 to remote] DEBUG org.apache.http.headers - http-outgoing-0 << Content-Length: 106
04:29:03.261 [Forwarding findElements on session ed2d6660-f69e-11e6-a414-872b36aae4a5 to remote] DEBUG org.apache.http.headers - http-outgoing-0 << Content-Type: application/json;charset=UTF-8
04:29:03.261 [Forwarding findElements on session ed2d6660-f69e-11e6-a414-872b36aae4a5 to remote] DEBUG org.apache.http.impl.execchain.MainClientExec - Connection can be kept alive indefinitely
04:29:03.261 [Forwarding findElements on session ed2d6660-f69e-11e6-a414-872b36aae4a5 to remote] DEBUG org.apache.http.impl.conn.PoolingHttpClientConnectionManager - Connection [id: 0][route: {}->http://localhost:27950] can be kept alive indefinitely
04:29:03.261 [Forwarding findElements on session ed2d6660-f69e-11e6-a414-872b36aae4a5 to remote] DEBUG org.apache.http.impl.conn.PoolingHttpClientConnectionManager - Connection released: [id: 0][route: {}->http://localhost:27950][total kept alive: 1; route allocated: 1 of 2000; total allocated: 1 of 2000]
[[[PhantomJSDriver: phantomjs on MAC (ed2d6660-f69e-11e6-a414-872b36aae4a5)] -> css selector: body]]
04:29:03.275 [Forwarding screenshot on session ed2d6660-f69e-11e6-a414-872b36aae4a5 to remote] DEBUG org.apache.http.client.protocol.RequestAddCookies - CookieSpec selected: default
04:29:03.275 [Forwarding screenshot on session ed2d6660-f69e-11e6-a414-872b36aae4a5 to remote] DEBUG org.apache.http.client.protocol.RequestAuthCache - Auth cache not set in the context
04:29:03.275 [Forwarding screenshot on session ed2d6660-f69e-11e6-a414-872b36aae4a5 to remote] DEBUG org.apache.http.impl.conn.PoolingHttpClientConnectionManager - Connection request: [route: {}->http://localhost:27950][total kept alive: 1; route allocated: 1 of 2000; total allocated: 1 of 2000]
04:29:03.275 [Forwarding screenshot on session ed2d6660-f69e-11e6-a414-872b36aae4a5 to remote] DEBUG org.apache.http.impl.conn.PoolingHttpClientConnectionManager - Connection leased: [id: 0][route: {}->http://localhost:27950][total kept alive: 0; route allocated: 1 of 2000; total allocated: 1 of 2000]
04:29:03.276 [Forwarding screenshot on session ed2d6660-f69e-11e6-a414-872b36aae4a5 to remote] DEBUG org.apache.http.impl.execchain.MainClientExec - Stale connection check
04:29:03.277 [Forwarding screenshot on session ed2d6660-f69e-11e6-a414-872b36aae4a5 to remote] DEBUG org.apache.http.wire - http-outgoing-0 << "[read] I/O error: Read timed out"
04:29:03.278 [Forwarding screenshot on session ed2d6660-f69e-11e6-a414-872b36aae4a5 to remote] DEBUG org.apache.http.impl.conn.DefaultManagedHttpClientConnection - http-outgoing-0: set socket timeout to 10800000
04:29:03.278 [Forwarding screenshot on session ed2d6660-f69e-11e6-a414-872b36aae4a5 to remote] DEBUG org.apache.http.impl.execchain.MainClientExec - Executing request GET /session/ed2d6660-f69e-11e6-a414-872b36aae4a5/screenshot HTTP/1.1
04:29:03.278 [Forwarding screenshot on session ed2d6660-f69e-11e6-a414-872b36aae4a5 to remote] DEBUG org.apache.http.impl.execchain.MainClientExec - Target auth state: UNCHALLENGED
04:29:03.278 [Forwarding screenshot on session ed2d6660-f69e-11e6-a414-872b36aae4a5 to remote] DEBUG org.apache.http.impl.execchain.MainClientExec - Proxy auth state: UNCHALLENGED
04:29:03.278 [Forwarding screenshot on session ed2d6660-f69e-11e6-a414-872b36aae4a5 to remote] DEBUG org.apache.http.headers - http-outgoing-0 >> GET /session/ed2d6660-f69e-11e6-a414-872b36aae4a5/screenshot HTTP/1.1
04:29:03.278 [Forwarding screenshot on session ed2d6660-f69e-11e6-a414-872b36aae4a5 to remote] DEBUG org.apache.http.headers - http-outgoing-0 >> Cache-Control: no-cache
04:29:03.278 [Forwarding screenshot on session ed2d6660-f69e-11e6-a414-872b36aae4a5 to remote] DEBUG org.apache.http.headers - http-outgoing-0 >> Host: localhost:27950
04:29:03.278 [Forwarding screenshot on session ed2d6660-f69e-11e6-a414-872b36aae4a5 to remote] DEBUG org.apache.http.headers - http-outgoing-0 >> Connection: Keep-Alive
04:29:03.278 [Forwarding screenshot on session ed2d6660-f69e-11e6-a414-872b36aae4a5 to remote] DEBUG org.apache.http.headers - http-outgoing-0 >> User-Agent: Apache-HttpClient/4.5.2 (Java/1.8.0_121)
04:29:03.278 [Forwarding screenshot on session ed2d6660-f69e-11e6-a414-872b36aae4a5 to remote] DEBUG org.apache.http.headers - http-outgoing-0 >> Accept-Encoding: gzip,deflate
04:29:03.278 [Forwarding screenshot on session ed2d6660-f69e-11e6-a414-872b36aae4a5 to remote] DEBUG org.apache.http.wire - http-outgoing-0 >> "GET /session/ed2d6660-f69e-11e6-a414-872b36aae4a5/screenshot HTTP/1.1[\r][\n]"
04:29:03.278 [Forwarding screenshot on session ed2d6660-f69e-11e6-a414-872b36aae4a5 to remote] DEBUG org.apache.http.wire - http-outgoing-0 >> "Cache-Control: no-cache[\r][\n]"
04:29:03.278 [Forwarding screenshot on session ed2d6660-f69e-11e6-a414-872b36aae4a5 to remote] DEBUG org.apache.http.wire - http-outgoing-0 >> "Host: localhost:27950[\r][\n]"
04:29:03.279 [Forwarding screenshot on session ed2d6660-f69e-11e6-a414-872b36aae4a5 to remote] DEBUG org.apache.http.wire - http-outgoing-0 >> "Connection: Keep-Alive[\r][\n]"
04:29:03.279 [Forwarding screenshot on session ed2d6660-f69e-11e6-a414-872b36aae4a5 to remote] DEBUG org.apache.http.wire - http-outgoing-0 >> "User-Agent: Apache-HttpClient/4.5.2 (Java/1.8.0_121)[\r][\n]"
04:29:03.279 [Forwarding screenshot on session ed2d6660-f69e-11e6-a414-872b36aae4a5 to remote] DEBUG org.apache.http.wire - http-outgoing-0 >> "Accept-Encoding: gzip,deflate[\r][\n]"
04:29:03.279 [Forwarding screenshot on session ed2d6660-f69e-11e6-a414-872b36aae4a5 to remote] DEBUG org.apache.http.wire - http-outgoing-0 >> "[\r][\n]"
04:29:03.802 [Forwarding screenshot on session ed2d6660-f69e-11e6-a414-872b36aae4a5 to remote] DEBUG org.apache.http.wire - http-outgoing-0 << "HTTP/1.1 200 OK[\r][\n]"
04:29:03.802 [Forwarding screenshot on session ed2d6660-f69e-11e6-a414-872b36aae4a5 to remote] DEBUG org.apache.http.wire - http-outgoing-0 << "Cache: no-cache[\r][\n]"
04:29:03.802 [Forwarding screenshot on session ed2d6660-f69e-11e6-a414-872b36aae4a5 to remote] DEBUG org.apache.http.wire - http-outgoing-0 << "Content-Length: 46806[\r][\n]"
04:29:03.802 [Forwarding screenshot on session ed2d6660-f69e-11e6-a414-872b36aae4a5 to remote] DEBUG org.apache.http.wire - http-outgoing-0 << "Content-Type: application/json;charset=UTF-8[\r][\n]"
04:29:03.802 [Forwarding screenshot on session ed2d6660-f69e-11e6-a414-872b36aae4a5 to remote] DEBUG org.apache.http.wire - http-outgoing-0 << "[\r][\n]"
04:29:03.803 [Forwarding screenshot on session ed2d6660-f69e-11e6-a414-872b36aae4a5 to remote] DEBUG org.apache.http.wire - http-outgoing-0 << "{"sessionId":"ed2d6660-f69e-11e6-a414-872b36aae4a5","status":0,"value":"iVBORw0KGgoAAAANSUhEUgAAAmUAAAG5CAYAAADPm0PuAAAACXBIWXMAAAsTAAALEwEAmpwYAAAgAElEQVR4nOzdeVzUdf7A8dd3ZpgZBrkURQexgFDUSHQ1jQzNq9QOS7PD6pdtq23tWlZ2udqm2VrbYZdbdtillrotZlp5bVqZLuaZZJqQB3ihgFxzf39/jJggx3dggEHfz8ejRzLz+X6+n+/M93jP51SSk5NVznPpHVo0dREa1Ij9xU1dBCGEECJg6XQ6PB5PUxcDXVMXQAghhBCiKen1+qYuAgCGpi5AIJCaJCGEEOL8pdfrcTqdTV0MqSkTQgghxPnNYAiMOioJyoQQQghxXguU5ksJyoQQQghxXpOgTAghhBAiAEhQJoQQQggRAIKCgnzeZvDgwaxevZrVq1czdOhQv5RDgjIhhBBCnNd0utrDoeDgYAYOHHj67/Dw8NP/jo6OPv3vgQMHYjKZ6lSOwBhuIIQQQgjRRGobfRkcHMzMmTO5+OKL6datGy+99BItW7Y8/X55gPbAAw9w3XXX8dNPP/Hoo49it9t9Kofi64z+anwa424aROeYVoSYDNhL8vhtx3e8+95yChXFp537Iu1PU7k29hAvT5lDbgPupzI18SZenno73S6IwqwHty2PTcve4aGXljZaGQBUNZHpH79A75Yn+fjB2/loT/0/A1W1cvdTE4g9sJxpc9f5oZSBQbUOYvKEQYS581n+/EzWFf7+WanhaTz+6DAiOUr68y+yobDxzqXqlJc3xO0+/Zrbbafg8B6+emM+mYrSqOe/Gp7G409cS+TJTF6d8V6F/anx1/PUn/tB9nKmzV7le96qlbsn30+nEHCf9a4eSn7hjUr7PFN4nzt4YmQcq15+mlW5Dfw5WAcxeeJVkLmUZ8+4PtTwPjz+xAiKVs1h9qqsBi1DXTXWffrM7yOjw908MTLW5++muV2vomqqNY3777qKi9pGYNKD217ArvVLmb14AwDdb32Im3u04+Tur3n2bd/vHTXxR94JCQns3bu32vfT0tJ46qmnTv9dWFhYoaasqtf+/ve/8+233/pUDp+aL9XudzB7ylhSk2IJcRWQk5MHYVaS00bz7FO3+bRjX7VpF0NUbDsiGnQvFanqTXz+7ykM6hZH64hQQkNDiWgdx6C7ZrBk2rWNWBKAEOKS4mgXm4Q1xF95mmnXIZoOcW38lWFgMEcQEx1NtDWJ/oMTKryV0L8vSdZooq2diGvVROWr7FR5rdFRREV5/7PGxpHcawiTXnuYeFVt1PNfKVzH3pMmohPTuOe2rhXeu3vctcRFhXFoc0YdczcTFll+nNFYrVasVivRUeWvRWKuYetW7eOIjupA65oS+Ys5gpioKBLTxjC2+xm/XVu1JzE6mrYRjVEI3zXmfbpVdBzRUXG0NkOr9rF1+26a2/UqzqKqaTw7Yyy9Eq1EhlqwWCyERlrpNXw8M8b2ASChcxeio6KIj23t9/37I+/aaspWr17NkiVLTv9dOSCr/NqSJUtYs2aN7+XQmlBV43l47AAsuNmR/hIvLck8/fqDLzxJSlx/bo2fz4Kshvkl43QBbhc2reW1jmL2jCv57/T7WFzHMnW8ZyBxABxj+Suz+GJfG8ZPfYBuERB3zW30nfI53zVirZ3TAZgcFOd6/26jqhyt7/7d4HbVu2gBp7wWJuaSy2Hx77UZl196wal/uWj6uZtPsXkvxOylzzFtibesqmrl7umTSYvtRO8EKPXx/K+vRTPmcsm7E4gbcidp8x9jnaJgHfoQadF68jLm8faGwjrlqyhZvDJpPOA9xsdnzyDJsIep42b8XjtW0zntdAF2So+DqoajKHUrhya28vPISNo9j7P2vplkKcrp1wPxsmns+3TWkmk8mBFOYa5CfLILcNfpumpW16s4S8ywnlgByGf9woV8fziSEWNHkxgK1suH0OW9H8j8YTVtDrcgZ/Nav+/fH3nXNvoyKCiImTNn0r9//9PBV15eHl999RUAV199NVFRUYC3xmzmzJlYLBafy6G9T1mPfnQJhdI9S09f6OC9yc6a/z2v3ZuMuX0MZOXSZ9QD3HZ1CqF6AAfZ69OZ9vaXAIR3uZ4Hxg4jLsoIQFHuVuY/P4sNhQrh3Ufx6D1XY7XowV1Kvt1ESGkmzz3yYoWiqNY0Hp94M0lRltN5zH1yFlsq3cwNGKjPUyykPOp1uSh15PPdqqV8SxT//msqHP+ZI3ibFZ+aO4sRPWMxAK6ibD6d+QjPLd2DmngTc2f9lZ6xp+o3XEXs/OY9bn3oXRLveIn3J16B+1guzpZxtDa5WP/K3bx48kZmPXgNsaHer6bgwHr+OXY8nx8pL5WRK1/8N3d164gJKMhexYTrJrK1nsGZqsbz8AsP067sOKbYWEKB0iM7+O82GDwkGSPgyNvF3GdmsqFQwdrnVu69rT+xod7v0V2Uy+r5z7NgQyGq2oVx0+8hNTYSgLwDuViijax4+hHScyK46cFHGZ7ivYRxHGHN3Ff5aEMuqhrPuOl/Ob2duzSX1e88z4ItPj54baAH3A43xthLGBSusqpQQQ0fRHerkfzcfCKtplPH3Z1xT91Gapz3YsJdyp7v/8Ozc1dhHXQfk2/pSmm+m6ioUACO7FjGP15cRAEJ/inrmYJ+r2JQlFw+W7eftDFJtIuP4cxK9eo++/knh/HypIHkLXuJZxd7r9H46x/jyRHRLJ0+kSU+PIgVZQsvfrKVWWNSGPX4MNbO3Me9I5OhdBf/emMlKAqqGs+dj49jQNKpDq6OPNbN+xdz12Ux9KF/MrL9IZ6d+CJZioJ10H08dUsc6VMf4cvTTVtmym+DEUBu+fENeoCnbmnP8qmPsCTX+7099+JN5C99jkUAWOj3t9cYERUKuMnd8RXPv7iIQkXRfG/Q6vRt2pLEnx8czKRXVlG5Kq+6fSY99Rr9Q3fx9CNvkEMM9z83mR7GvTw78UX2EsHd05+lu+s7pix1/n7fA/IPZPDOlDfIrEuZNd6nrfEjmHxLV4qO2Im2RgJuDmSsZk9oLwYkef/O3bqUya8sqeUaOfVdPfsIO3wvrZdP12v155z3eu2GuxRCQ43k71jIxE9K/Ho+iKqZQ1p4/+F2Y3OeJHPLBnYSwfRRF8PJbAqADm0TSeoaTQfzQZZsyKX7qIe45+pkLHpw5GWTVRZKotXCjk9mMCuzF889dS36nB0cMnUk2WrBG0ssYloVzZNhZ+Sd/oOZB194mC6WUvbtdxCfZEWP97t/88lZ1V5XNXXM79u3LxEREbRp0+Z0QFZQUMDo0aMpKioC4L333uOzzz4jIiKC8PBw/vKXv3D06FEKCgr47rvvNH+WmpsvExJi0eNm05fpZ72nbJnLhPEPMXddLuFpDzB+eAqW/F2kz53H+j0niUsdzcw/paGqfXh00gjiouxkLJvHwjU7MFlTGD/9YaxqHx6dMByrIY81C+exIrOISIseY5i50j2wK5OfGktSlJ316fOYt2wremsKE164n3BVxdq9D4MGpdGvVxv06Inp1Y+0QYNI627V/KGU27J0FYcADO0YNWk227dv5tuJKWSueIdRd09jj6Lwl4/fZVTPWAyuIg4cKsAQGseYGW9yf6LK9NeneAOyokPszj6EyxBK10H38liKSkhYa0INJiLaxdHaBFDM7uKrmD9lBLGhBuwFhyhwQURsKjMWvMzv4zpMdOzWkZOHjuECIuIG8fT063w+tqoEWSxExcZyeN0yVmTkYolOZviQLuxbt4w1O3IxRiUxbHBXVHUQj4wfQqz+CMvmzWXesgxKQ60Mue0urKrKTU/dT2psJNnrlzFvWQaWWCsWo4UgMwx+8CmGp1jJ3bqCuXPTybZHM2D841wfr9Lvwb+QGhtCRvpc3pq3hnyLlSH330+86lO3x9P2b8vEQRSX9vc2iSQMTiWSPLb8dITy3yN3PjuB1LhIdqxZyNy56ezKM5CYdgOjrCrmkAgsegtRkaWsmDeXZVtziU4ezqN39/B7WV2AIciEqoYTHh6ONT6NPw5KBErZm5lzRsrB1X72MTt3UeDWk5jan3BVRVXDGdg3CX3pEXZU31WiWoWrXmHZnlJCk0bywgv3E6t3sOaNU7VFwIjJDzMgKdr7Xc5bwQFXFGljH+bWLipGcxj6sBan8zKHRGHUh1G5xa+8huTM307mkHCM+jAs5WlbRRCpN2I6I2iNjLSzZuE81uzKw3rqO1HVLjXeG+rCAOxKn8eOIohKucnbjHlGYWva56FDpRijutIrBojpRVK0BX1kAr0TgIhUusdasB8q5N57h2N1Z7HwrVdZuC6byNhe3Pvg4DqVV+t9uvzcjrY6WJOeztZcO7G9hjCgQxlr0pexK8+NNWUg11vVWq6RU99VnUpbkZbrtaZzzntMRkJDT7JrzwH27Xf6/XwQVdu7PoM8AH0UA8ZMYu7cd3jt5kSy/7eUqc99RK6i0L5dNKEWC6EtQlD7/In7h58KyPKPYI+MIyk2Cr3eQnhEBBBEqFFPVFwKydFu8ovcgJG4VO95V9mZeQOEWCwYLVEkJlk5mVeEGwi1pnDnuMuqPQa3++xeruWefvppJk6cyJgxY06/9umnn6KqKmFhYYSFhaGqKp9++unp98eMGcPEiRN5+umnffostdeUnWo2KDpVY6Oq8UyePYXE01ejm13pz7Kra0cgl3cemckGRUFdm4Hl5Vmk9O5Lr2wbVmDHvJnMXpULrGIf05g0oBNX3W7GCmyd9xgfrVPgy1UYZrzDgKiKN2zL4MEkGiFv60pW78jFTBb/TUhgeFI3hiUkEHf/eBLPqIVMGTGWFIDcFazbssCnD0fZ8y5D7nQwd8afSImNwICBiNiujBg/g2uGXc7Nw35kWDdvLdimj59i7Is2Xl/zKv1at6bvtd154/XplPTqTF7GGo52uIYH/9iO1gZHpWr4Y7x/5wBeLOnIPU+8iwmwZ6fT6/qpqH0f4t9P9ONkpSfq7sUPMWraKh5a8D13dQ3Fmpjo03FVR28A94EVPDt3Map6kIvfH09U9len/t5L0vsTvAkjclm/bh3OrV+TngVd4438lteL5MhwIriM7nEWHNnLmPb2YgCymMqU4TFAApd2iYSiXSxduhF7OCz98kImjE6hW48EMvQGQE/bhARarN/I3Lf2EWU/eDoI8IUBsOds4peuySRfejksyaJfzzjIXcH3xzowwHsg7NuyhjX/28OH6T+T0DWevYfySYoOPbPSiox3HmPBBgV15TZiXptFSvcrafOb/8oK3uAkdsgE3h9S8fXcjP+wJFfh+vIXavzsN7NiYx7jU7sxLAHmM5ieUZC7bkWdy7Voxqd0f3cs1igLR9bP5aNMbz6q2odLEy24D6xg8ive62ptppM5M4bTo/9gvL8Lz2zg8/5bWxNUpbRV1HZnvPMIH21QUJdn0Pq1WST3HELyAVsN9wZYUMc++SYymfnmOuZMSiNt7MN8PeXn00cWUcP9qN1n3+BIHUK3XjF840jCW9dqIbFHAhEl3QnFwQ+rdxHXE7BE0jGxA+vWfsxbe9tjP/hr3Qqr8T696NRfGW89xkcbFMIdScwancTWT5/no3WFhDs6Mmv0BVjMtV0jvnyv1dN2vV5W4zm38dRvl4y5zzB7XSHhgx5glg/nw9ChQxk2bFiF15YvX86XX35Zz6M79ym5X/LIdCePj7uOxOhQ9OgJjY4jbcR4Lr8smamPzcF5xtCeEQOS0QOO3HWMnzwXVR3Ec++OIfqMZ7c3dR4LH36E5QU9mD5nArHGCg0KpzkrDRsq/+vAin8ydUEmo6a+wfA4C5Ht2ld7DDUFZVWxWCwVptHQ6XR1aq6szMcpMSx06BIDubnAcf733XoKWoDTEktqSmyFX7Llg0AVpZDdR0pJCYOgEDPg5lBWDuC9uRec9N5xvbGvm6MHf9/byRI7Z1QRARAa4Y2Eo1JGMyXlzHeKcLKXN6ZOJoQSSqKv4/kJffnu1af5/AiElPy+T61Srr2Dq7pY+f7lUYxdGc7g0UMYduN1DOraDkPsQG4ckX+643XPu15ix12/bxtz8R8w04vhQ1OJGDGq+p0U7WPNFlCUPZhPzV3nOOm9oyrfvcSo4S+d+nzKD7aIjM9XAgp2l/ckcvh0VDXQQ/7h8lqZo5S4gezygLCQEre35UYpzKTAMIqbJsxgxJnbl7qwJcQRBeRk/t50sjfzAO7hMQS17ESkETAmMX7KlAq7jkhIZvnMuXR8diwpyWmMSU7D24TyFds2763TiDG941dWbM0jObUrfayDSI6GPQuXczzo/lMpCvj1KAy7eTzvVzyQCg+ZopPe/ytKIbtzSklJbEHmi3OJ8WdZgbwda1jz80mMxiCCKGHvjvVsyarUHFqws/rPHti57DvuSB1Bj4GXke3qjZEivvtsM76e++UUZR3f7RnF6CQ9m5at/T2fmGhCgf3bt/2eOCeTfY7hxLdtXa9uA1Wp3H/rzO/k55xSkhNNtIrw3tGrvjfUQ1AESuZc5mV0YmyvZCbcG3T6pt+qpvvRkY1klQ4hvls/hrk6wJEd7NAn06nL5QxzXQClv7B2717WzlvDxJsHkDJgBCkDRoAjn/WLXmdLnQd2arhPOwEcHD166jiMeqCUnF8LAIVW3pZxnBqvEX+o9XptWcs5l+Mt19HyY6jxWXG28uCrPDCTgEy7+D6D6B3Xmu2fTmHm5hB69OvFZf370isuCn10T/olzKH0jPRBpzoGGPXlV3YmR0shOrRSxqX5/FIAUEiJCzD68gOglO0bdwIKzlPPypr6gbpc1b87Y8YMOnbsSHh4OEOGeH85Dxs2jM8//5wTJ04A0LJlywpB/VdffUVRURG7d+/WXGLwISjbu2M3pSMSSR52C/ErXyRLKWTVgrdZBajh19NzViwAQVWMYGgbaQEMGIMA9ES2j4BTDxvzqTYKPWe/FxZiOmvcvLPE+8Ke9Ok8e6pTtLX79QzvaSHzOBQW5lIIqLgwYsRVmENhrkJhHR5Kl4++lzHdQuG6i/ll5e2sWrSHlXtasenDUZhwwL5M8lwQaoBN70/mH2vyGXLjzSRH5vP9p04mzk4lAheb5j3F2Jn5fLJpNl0rN1sbz55F2BjmHWakJj7EivkjIfcX3vnTq79/Bj4fiTYGoOyMqNgAuMvsFf4GsA59jDGpceTvWceb6WvZkpnFrdPeYUg0sDeHk0B0QiLgDcwSusSiB5wn9lHkhqgjaxg7+SPvMYZ3587RKeRtyiChXypH/zeXu9KzuGzwYFKvvJLklMEMS1hUp1oOQwhsXr0ZR+oQRt4/jEjySF9eQMjph0sP7h07gOjSA6S/9QkZP+yEEZOZMeKCM3KpeAK2j7KAvRhLvwT/lhUo2vs9X35Z88Ythz1e/WcPKLlL2JR7LWk9RzKSKNwH1vBlPacRMJZ3gD3zF2pOPqVAh0u6wan+a0RcQJQR8g7kwKlBUOWxmc2X339Bhooblzgrbe2g7NR7qhpOxxgL2O2UlHhfq+7eUF9r33iVni9PIzkpCYDD2LDVeD/ay9GdeST1GshA9OSu+S//NbQhOW0AQ4Aj6zeRQwLDYuDrNx5kZUE8w/pdxuCBvUi96SZWr5zpcw2n1vt01Qxn9ZfTdo34R63X64lazjniKhxDzd9N1WU4MwiTgEy75AE3MCTRAn3j2HffDLasy2XzwTDmTBmAsYpQ6GhBKWDBTSjhqkpBQi/aVw7IGllNQdkXX3yBy+VCURR69+5NeHg4rVq14q233uLrr78GvLP7t2rlfXYXFhYydepUVFXFYDD4VIOm+U6pZC3m0/XdGZuazJTZz5GxYRO7D5XQLu4SuvdOwgi4nDY2b9vH8LhExj51N3y8lrYD7yItGop2ZPDNSifXDI+j15hHub7oXfa06sc9Q2LBfYCdH68hflAive78G2NDvsbWeRADrHoqhNcYKF2+hiOjk0gcNo5b8z9ko6ML4+4ZTrQ+j1/mzP+9QqAkm4wdGWTX42b8+sJvGd9tGIR2Y/aW9Rw6ZqN1u9beD811iMwtn0PWVOI6mug58l4e7ljG"
04:29:03.803 [Forwarding screenshot on session ed2d6660-f69e-11e6-a414-872b36aae4a5 to remote] DEBUG org.apache.http.headers - http-outgoing-0 << HTTP/1.1 200 OK
04:29:03.803 [Forwarding screenshot on session ed2d6660-f69e-11e6-a414-872b36aae4a5 to remote] DEBUG org.apache.http.headers - http-outgoing-0 << Cache: no-cache
04:29:03.803 [Forwarding screenshot on session ed2d6660-f69e-11e6-a414-872b36aae4a5 to remote] DEBUG org.apache.http.headers - http-outgoing-0 << Content-Length: 46806
04:29:03.803 [Forwarding screenshot on session ed2d6660-f69e-11e6-a414-872b36aae4a5 to remote] DEBUG org.apache.http.headers - http-outgoing-0 << Content-Type: application/json;charset=UTF-8
04:29:03.803 [Forwarding screenshot on session ed2d6660-f69e-11e6-a414-872b36aae4a5 to remote] DEBUG org.apache.http.impl.execchain.MainClientExec - Connection can be kept alive indefinitely
04:29:03.804 [Forwarding screenshot on session ed2d6660-f69e-11e6-a414-872b36aae4a5 to remote] DEBUG org.apache.http.wire - http-outgoing-0 << "pakdve//74VTp6KB6E5X8vq/u50KyIJpH1ux+q/F6f2t54/dhmGKG8X3X/fG1qIdrU0GiHSw9Qj4ZxGH2mgfz1527ABZOTaGjp3KkNjy72otG/fczPCkEUz9UxDr89tww/A4vG/uZM9+B3Fx/XjyjkN88v1xBt5+D6lxFnZlf40xdTBD4q6mDe+wKCOTxEvTAHDWudbFDHvX8kvREJKtkTiyV7BOUYg/9W4QoRgBSo+z5+ccIvrdydgR3n5cv4fKevqNfZxDc5cSdPktpEbBkfXriek/1s9lpep6+QoMlNfRVP3Ze33930zSxiQTBWxd9Xk9ClSpeGf8W1HWsTP3TgbEDuSxW4+xdJeDwTePIBLY+suv0NIF+gu46abLWHc0kduuLT8HKipvrTjzyI8fLQTiSL3rTvam7+GyMcMwVtjKyPAHH+fom0sJuXwUKaFwZP1aMpaj7d5QR4qSy4uvr2b2lCF4f2aayVm+tsZ9rv1mO3f2GoAeN7/+uJnNpp6406LR42Dn92uBy+g3ZADRfeMIeuNjtm3Lpu/AXkSWFFGXW5fW+7R2Wq4Rf6ntel1b8zkX2bdCbrV9N9WdDxKM+S59zVZGJKaCJZFJ784mL99OZFSk9/p2Hyd7b8VGr20/ZUOvKPTRvXhx9mu4LaGVrvFTGnF6+5qaL8uDqkcffbTCtBctW7bk1ltvPSt9eHg406dP5/nnn/e5HD4d8rq3J+MofoDR/VPoNWA4vU697i49QsaKdGYvyQKeZWHMNEb3SmPCFO+DqujAema9uBxFUXh5biyP3JnGiAmnmq9Kc1n2xhQ2KAo/TI5k+uMjSRs9Bhz55Dsg0mA4dcN2gb2YAn7gH2/F8bexQxgydhJDANz5rJv7MuvO+FWpFG5g9ksbqM+dWFn6OJMTQ3jw9n60NoTSrp03lHcVZPPxkyNZqih8PvIJ4pY/TWpsLKmp3nJmr3qDez/6kDu6j2TSoDhiew4iliKOFdhpHWGi2/BrKck4Vd9V5qT4jP091aUNU8f0JLSddwSkqyCbd58cz266n6q0+f3EOVlSBkRgK6vntACu3/9nqPRyVX/nLF/KjgHxJKeOYVYqQBG5uUVYrW1JjoFFM54kePJTDEgdThxuirw/igCY//QrtHn2flIGjGGKt6MIuRnpPLcqFzVzEd0ev4WUEeNJGeE91ux1H7K4DpOEugCX0/sgXb8ll+Q0K5nrzxwubafUtpa1GVcxulcKk2bNArwjRd2xVhJ7dGVjeZVkWBJjJnlrR/Kz1/HqnB/IiWnht7KWl7fWFPZi9i3/qsbPPisXclb+l9wxyVgde1i5tqDmKSY0cJy6WZVWepZ/+OQbtH7uHpKHjCFpCICDXSve4pV1uagHV3DZYyNIGT6eFCA/9whua+hZD3LbqXP6zKwL1i5i3aAE0hIHMGHSACjKw4F35J/Ncer8tyQxtvw72bOGf8z5AUVRNN0bfOE9j34vnZK1gHfWJDJhgHeyHEXZUPM+d37PntIBJBn2s3UnwA5y3anElv7C6p3e7T9M7839I1IYPWkKowEcR1j20bw6T/Kq5T5tHVpxUg/v51rV3zVfI2tLztyu7hOFaLteIb2Gc67yMdX63Qi/UTa8zVvtLYy+OoVIvYWoU6Nd3UW5fPWm9/le3i/WXlxC4brZTA+5j79c041ISyiluQcoiY4lUg/FBQW/Z+w6I1Cq9Pyrir245Iy/fk9bYrMDobhd1bcz1danrF+/flx11VWn/y4uLqZFixYV0pz52lVXXcXGjRtZu9a3aTp8ntG/nDU+3hss2Y6TlXt2UKCGW+kaE4GtYCdZlR5UqhpOQtcYzLYCMrO8A+FV6yCmP34V2fOfYe6GQlQ1nAdfnkUKGTw48Y0qb1DxXbpgttnIzGr4WbVT+valBVB8ZDdb9xw96/3ElL5Et4Aju79lz9EzZqROTOGKaNj97RbNc4qpaiJXXBENxUf4busefx2C31njuxBBxc9fVa2Me/YRYn9LZ+rb3lnQu4+dwYS0KFZMH3d6fqTw+HhizGYKcnaSW6l5zRofT4QZcnbWrX+Wr1RrPF0jzi5L/PVPMmVEDOmT7+Mbc1da2c4+lxu7rL/v9+zPvpwaPpSXZ42GjLk8NLvhV2rwfpdVfwbeazSHzMp947Tka40nJgIyM6u+vuO7dIGCnCrvP415b/DHPqu6J/pDbfdpzeWr5hppKjWdc1VpivPhfBXfpQtmwFbNtQkQP/QhHhtxISfz8/juw6dJLxjGc9NGE60vZVk95hatD6vVSm5u9deewWDghRdeIDk5mSVLljB16lQmTZrE7bffDsBnn33G008/zbRp07j++uvZtm0bjz76aI3NolWpc1Dmb2r4IF6YNYYoSjmwJwdj23iiQ/Vkr3iVaQu2NHXxhA/umPEOA6x68nOzySOCRGsk5GUw+ZE3GnWJrPqKHzWVKcM7sGL6HxtsUmR/UtVw7p4+nbTYUKCI9Ml/ZUkDL0UkhBC+UrvcwZxJA85usnTs4Z/jZtRtjr56atOmDUePnl3hUk5VVRwOB1dccQVr1qyhRYsW3Hjjjdx/v3cgygcffMCHH35IcXExAwYMYO3atZjNZhQfj0UfHR399/ociL8o9ixW7CnhQms72rQMB9sRtq76iJcXS0DW3Gxb/RNBMVaio1sSqnNwcOd6Zs94j/3NKCAD8Jhak9CmjJ3/28C+osAvu6LYibqoF7EtytiydC7zt+Q1dZGEEOIsyrHtZOZbiI4w4nY4sZUUcSR7Mx89/yo77E1zrzWbzZSVlVX7vqIo6PV69u7dS0iId2Rv69at6d+/P+Dti5iVlYXRaOTXX3+tU0AGAVRTJoQQQgjRFMLDwyks9K2Jv6ys7PQ2YWFhTTFPmRBCCCHEucXXyWMBgoODCQ4O9ms5NC+zJIQQQghxLvK1Q35DkaBMCCGEEOe1utSUNQQJyoQQQghxXnM6G2qtHN9IUCaEEEIIEW8cvJwAACAASURBVAAUytcCF0IIIYQQTcagqhKTCSGEEEI0NWm+FEIIIYQIABKUCSGEEEIEAAnKhBBCCCECgARlQgghhBABQIIyIYQQQogAIEGZEEIIIUQAkKBMCCGEECIASFAmhBBCCBEAJCgTQgghhAgAEpQJIYQQQgQACcqEEEIIIQKABGVCCCGEEAFAgjIhhBBCiAAgQZkQQgghRACQoEwIIYQQIgBIUCaEEEIIEQAkKBNCCCGECAASlAkhhBBCBAAJyoQQQgghAoAEZUIIIYQQAUCCMiGEEEKIACBBmRBCCCFEAJCgTAghhBAiAEhQJoQQQggRACQoE0IIIYQIABKUCSGEEEIEAAnKhBBCCCECgARlQgghhBABQIIyIYQQQogAIEGZEEIIIUQAkKBMCCGEECIASFAmhBBCCBEAJCgTQgghhAgAEpQJIYQQQgQACcqEEEIIIQKABGVCCCGEEAFAgjIhhBBCiAAgQZkQQgghRACQoEwIIYQQIgBIUCaEEEIIEQAkKBNCCCGECAASlAkhhBBCBAAJyoQQQgghAoAEZUIIIYQQAUCCMiGEEEKIAGBo6gIIEchK7SoHTqgcKfSQX6JSZAOHS8XjAYMeTEEKYcEKrVooRIcrxETqMMpVJYQQog7k8SHEGQ4XqmTsdbP9gJvMHDeHC1Sfttcp0CFKR5cYHd066OkVryfcojRQaYUQQpxLFFVVfXvqCHGOOVaksnKHi/9musg66vFr3grQ7QI9gy42cGUXA+Ygv2YvhBDiHCJBmThv7TjgZtFGJ+v3uGmMqyDEpHBNdwMjLw2iVQupPROBY85PC3l758Ja02XcvLgRSiPE+UuaL8V5Z+dBN+9+42Tbfnej7rfErvLpBifpm5zc0CuIMalBWEwSnAkhhPCSoEycN44Xq8xe6eCbn11NWg67Cz75wcmK7S7+epWRtCS5DIUQQkhQJs4DKrBiu4s3VjoosQdOa/2JEpWnP7PTv7ObiUONtDBLrZkQQpzPJCgT57RSu8oLyx2sbeLasZp887OLXblunh5l5qJomTpQCCHOV/IEEOesnBMe7nvfFtABWbnDhSoTPijj218Cv6xCCCEahgRl4py086Cb+9+3ceC4"
04:29:03.804 [Forwarding screenshot on session ed2d6660-f69e-11e6-a414-872b36aae4a5 to remote] DEBUG org.apache.http.wire - http-outgoing-0 << "f6e4MBkgIkShdZhCZIhCkN5/edtd8PS/7SzdLIGZEEKcj6T5UpxzNv/m5m+LbNid9csnrrWO7hfq6RKjo0OUjvaROkyV5hlTgWKbSs4Jlb1HPew86ObHbDd5RXXsu6ZAsLF+5RZCCNE8SVAmzinb9rn520Ib9jpWNrWNULj6kiAGJxtoG157x3sFCDUrJFkVkqw6hqcYUIGfczys2OFk5Q4XNo3BoaLA49eaGHSxXJZCCHE+kru/OGdkHfXwt8X2OgVkF0TpuP3yIPp1NqCvZ6O+AnSJ0dElxsQf+xv5LMPJoo0uyhzV155JQCaEEEKeAOKcUFCi8uRCG6U+TnkRbFQYmxbEiJ5B9Q7GqhJqVvi/K4xc0z2o2jnSJCATQggBEpSJc4BHhWnpdo6d9C0g6xKjY8oNZtqENfz8YK1aKEy5wcQVnfS8uNxB6alaMwnIhBBClJMngWj2Fqx3sm2fb0smjegZxJ8HGTE08vjj/l0MXNRWx+SFdnLyPRKQCSGEOE2eBqJZyzrq4cNvHT5t88f+Rm5NDaKp5s9v31LHq3ea+TnXQ5+L/DinhhBCiGZNgjLRbKkqvPylHZcPU5GNG2Dk5j5BtSdsYOEWRQIyIYQQFcjksaLZWvmTi8wc7RHZyEuDGB0AAZkQQghRFQnKRLPkdMP767Q3W6ZcoOfegcYma7IUQgghaiNBmWiWVu5wcaRQ22jLsGCFJ683oZOITAghRACToEw0O6oKCzdqX0Ppz4OMtGohEZkQQojAJkGZaHa27HNrXmi8S4yOwTLlhBBCiGZAgjLR7Hy1Tfs6Svf0N6JIJZkQQohmQIIy0azYnfDdbm1BWZJVxyUXyLQTQjQbqsf7nxDnKWnXEc3Kln1u7Bq7k93Qs+kmiG1W3G5ce3bh2L4Z155fcOccwHPsCGppKarDjmI0oVgs6FpHo2/fAcNFnTB264Hhok6gD4CgV3WhFm1BzV+HWrQFyvai2g6CuwjcpaAYwBCBYrJCSEeU0O4oEVeghPX0vtfECktVNmW7+emAh71HPRwu8FBYquLygEEPkRaFmJY6OrXT0StezyUd9A2yTmtjUm1lOLf+iLP8nMs9iCf/OKrDO6JaMZnQtYzynm8dO2Ps0Yugi1MC43wTogEpqqr6tmCgEE3otRUO0jfVHpWZguDfD1gINkpYVh3Xr79g+/Jz7N+swlOY7/P2uohITP0HYx56HYaEjg1QwpqpRdtQc+fiOboYHEd9zyCoFbo2N6LE3IMS2t3/BayBqsKGX918vtnJpiw3Hh/uwi1DFK77QxA39DTQwvz7+f1Npotvd9e83NiFUTru6Hv2XH1zflrI2zsX1rrvjJsXay9oZaqKM3M7ZUsW4/j+G1S73afNdRGRmK+6huAbbkEX1bru5RAigElQJpqVce+Usfdo7c0b/TsbmHKDqRFK1Pw4d26n9IM5ODb/z295Gv/QG8td4wnqfLHf8qyOWrgBT9Y01BOr/JanEtkPXfzTKBGpfsuzKiqw8Vc3b//XwW/H6tdMFxqscO9AI1ddYkAB3lvrYN73Nf9g6dZBz0u3m896vaGDMufPP1Hy9ms4t2+p0/ZnUoKMBI+8Bcvtf0QxB9c7PyECSdPX3Quhkd0JWRofZN0vlGaOyjyFBZT862Vsq770e96OHzfi+HEj5sHDCPnzRHRh4X7fB8483LsnoR6e5/es1fy1uH/sjxJ9M/qOL4HR/zUxJ0pUXl5uZ/2emmuztCoqU/nnF3Z+zHYzaXhg/gBR7TZK5rxG2ZJF/svT6aD0kw+xf7OK0MnPNMoPASEaSzPvmSDOJ7/ledBar3tJBzm1z+Tcson8P93WIAHZmWwrl5M/7jac2zf7NV81fy2ujX9okICswn6OfIprYw/U/G/8mu/WfW7+9HaZ3wKyM63Z6WLKIpvmvpaNxZ1zgIL77/JrQFYh/8O5FEwch+3rLxokfyGagjy5RLNx8IS2WjKjAWJbyqldzrZ8CQWP/QXPibxG2Z8n7xgFj9yH7aul/skv933cW64G+yG/5FcrxxHcW4biyXnbL9mt2OHi0QU2CkobrqfIpmw3i/8XOFGZ69dfKJjwR1y/ZTXwjlwU/XMaZf+e37D7EaKRyJNLNBtHT2p7qMW01MncZKeULZpH0UszwNPI0wx4PBS9MJ2yfy+oXzb7X8Hz8zhQ/V/DVCPVjWfX/Xj2v1yvbL7c5uK5pXbc59EsD67f9lIw6T48hQWNts/if83Ctjy90fYnREORPmWi2dBa0xAd1vAR2eOf2MjIauRA4Qz/ftBChKXm47R9+TnFb73SSCWqWvG/XkYJDcM8ZLjP23oOfYBnz6QGKJUPZdjzGBgi0Vnv8nnb73e7eXGZbyMMmzvPieMUPvEAalFRo++7aNZM9NZYglL+0Oj7FsJfJCgTzUaJTVtQFmI+96vJcvPVGoMy588/UTTrH3XOXxfZEl10OxSTGdVuw3M4F0+B79NmABS9NAPDBXEYOnXRvI168n94fr6vTvsDwNQOxdwBdBbwlKKW7QPH4Tpl5dl1P0pIJ5TwyzRv89sxD88usVHXBsvWYQptwnQE6aHUrnIwX6XUHuAD5VUPJ/8xBc8x36cnUUwmDJ26om8f6z3nSopxH9iHc88ucGlcwcPj4eSMyUS+swBdeKTPZRAiEEhQJpoNl8aKqeCzp2E65+QVeaiu94FaWsLJ6U+C27eaPENCR8zDR2Dq0xddm7Znve8+cgjHhu+wLfsPrqxftWfscnFy+hNEzlmAYrFoSH8S947bQPWtj5QS2gMl5o/oooaDyXp2AnsOnmNfoOa+g1q0TXvGqhP3T3dg6L0ZDGG1Jne64Zkldmw+dvHq1E7HtT2C6HORnsiQigG3qsLeox5W/+Ri2VYXJQEYoJV9/m+cWzb5tI0hqSuWUbdhvCwNxXT2CFK1tAT7NyspXfAB7kM5tebnyT9B8avPEzal7j9IhGhKEpSJZkNrPzFfJuJsrk6WVf9eydw38RzVXiukax1Ni788gik1rcYPWR/djuDrbyL4ulHYv/svxW+8iCfvmKZ9uA8fouTDObS498Fa03qypoFtv+byY45F3+lVlKhhUNMaDqYYdO3HQ/txqMc+x/3Lg2Cv/UEPgG0/nqyn0HWsvY/ZJz84ydYwl165NmEKD1xtovdF+mpLryhwUbSOi6KN3JYaxJz/Oli+VfsasA3NU1hAybuzNadXQsMI/eskTFcOqfGcUywhmIeNwDRoGCVvvaJpJKd97WocQzdi7Nlbc3mECBTS0V80G0Eapx4rczRsOQKBzVF15One/xtl6dqnIDD2uoyWc+Zjuryf9qhXUTBdMYDIOfMx9rhU877KPvsE94F9NaZRS3bhOfi65jyVqGEYem9GiRpOjQFZxa1QWl+PofePKC0Ha96X5+CbqCW/1Jgmr0hlwXrtJ2CveD1v3xNMnxoCsspCgxUeHmbiietMAbPcUtmnH6KWlmhKq78gjsg3P8I04CrN55xiNNLir5OwjL5DU/qSOa/IGpqiWQqQS1qI2rXQ2FesWGPfs+bMVc3zpnTB+5ofRqa+/Qmf/iJKaGidyqALCyf82ZcxpqZp28DjofSTD2pOsu95zeVX2tyI/pLFYKjjRLVBLdGnpKO0vk5betWN57dna0yy4Acndo0VWH0u0vPMTWbN53Vlgy428LcRpiZf31UtLaFs6Wea0upjLyDipbfQR7er075C/nifpiW9XFm/Yl//bZ32IURTkqBMNBuV+9lUJ7fg3A/KdFVcuZ7jx7Ct/krT9oaOSYQ++QwY6tmDwRBE2ORnMCQkakpuW/UlnhPHq37Tfgj1sLYpNJSwXui7flD/BcWVIPQXf4QSmqIpuXpkYbXzpRXZVL7cqq0jWXwbHVNuMGOo58ITaUkGbq9iLcvGZF/zNWpZaa3pFHMw4dNfRBceUbcdeTw4Mn7QXLtW9tkndduPEE1IgjLRbESHa7sZHy7wVFuTdK4wVRGL2FZ/rW0+MkMQYU8+g2I0+qUsislM6BPTQa8hwnC7sf93RZVveY58om0+Mp0JXdcPQOenpYV0wd78FA3BjerGc7jqiUrX7HRpqiXTKfDkdSbMfoqlbu9r5MLW"
04:29:03.804 [Forwarding screenshot on session ed2d6660-f69e-11e6-a414-872b36aae4a5 to remote] DEBUG org.apache.http.wire - http-outgoing-0 << "TXcr1/pDIOSu8ejbd/A5f09hPqWffMiJO2+g8G8P4fq15ibkcs5tP9baXC5EoJGgTDQbsa20na5uD2T50NG6OQoxnR2g2tdqW6A7+IbRdXo41sRwYTzB147UlNb+zcoqX1ePaFvsWhf7FxTLRZrLpoUS0hld+3Ga0qpHq26qW5OpbbTr8O4G4tr479Zr0MHd/fwTYPtKLSrC+dP2WtPpWkZhvn6UDxmr3mldnvs7x2++hpJ3Xsd92PcVHcqW/cfnbYRoSjL6UjQbsa288zY5NTz7tu1z07Ftw/3mGNEziL6dtF8+1bW4VH45+5iHzzJqbwKLqDxlQnERrt27ai+IXo9l1G21p6uD4JvGULZkca19wpy/ZKKWllacHsNViFr0Y+07UQzoYifUs6RV03V4CM/Bf9VafvXkJnDlg+H3ubCKbSo7D9Z+YirALX38H0ClJuppF6FwqJGb7p0/bdXUB9A87HqUoNqPW7XbsK9ZQdmSRZprxGrijzyEaEwSlIlmw6CDTu30/KTh4bcpy81NvRuur02fi+rZGagan2/W1iepTaVVC5yZOzQ9HI09LkXXqnWdylYbfXQ7grp1x7m1luDK48GZuR1jzz6nX1ILf9BUfqXVEDDVrZN4rcyxKJFXop5YXUtCFbXwfyitrjr9SmaOB1VDPHTJBXraRvi/a76iwJVdDMxf37jrXzp3/6wpnenyfjW+7z64n7Kln2H7eilqcT1XAzAEYeo3kODrRhHUJbl+eQnRyCQoE83KJR10moKyzb+5KShRz6pRCnS/HtYQmCjQNrxiLaB7X7am/I29L69TubQyXppae1DGqfKeGZSVaKjlgwqBUENQWg3REJSBWryjQll+PaKtubyhgnmAnnH6Rg/KtJx3islU9YhJtxv7xu+wLVmM48eN9S6LProd5mtvxHz1degiZEZ/0TxJUCaalUsTtD14PCqsyXRxY6/mNb1/Zk7tD/eYSB3GSleuK+eApvx9WeqoLoKSLtaUzn2w0uSwpXs0baeE9fS1SD5RwnppS1hWMRjJOaEtKEtq13BN6okNmHd13Idza02jbxdTYbiwJ/8Eti+XULb0MzzHjtSvAIqCsddlBF83CuOlqVUPSxaiGZGgTDQrXWL0RIQoFJTU3lb0WYaT6/8QFDATbNbmeLFK9rHaH+4dq3j4qoUFmvaht7b3uVy+0Jq/p1J5VWeepu2U4ASfy+QLrfmrjorBxPFibX25Ylo23MloMSqarw1/UU/Wft4poWHejvuZ2ylbshj7utXa17OsIc/goddjvuaGBj+nhWhMEpSJZkWvgys7G/jPptpryw4VqKz92cWArs3jNP9+t7YHVdeYKoIyDfNEAehCa1+7sT4UjfmfVV63ttngMdRxjiutglppS1epvFpXkQivYRF5fwgzN3JQVmarNY37UA7548f4tl5qNYI6X4z5ulGY0gZWuVamEM1d83haCXGGoSnagjKAd9c66NvJcFZzXyBauUNbUNb9wir6JWldfLyBu9gpWuYqg7NrSlQtx66A0sDVnorG8leaT82jpZc/oG/gz7/xa4VrP25P3jHNa6RWRTEaMQ24muDrRmHomFTnfIRoDprBo0qIihLa6EiO1bPjQO2ByOEClU83OLmjiWc9r82uXI+m/mRtwxU6RJ395FWCLVWkPptaZqs4FYWfeTSuf3hWGfQhGrZSvTVUmtLWkfuktnS64Ap/Bhk0zjLvULFUMcecv5RVsyZqg/HTBMRV0cfEEnzdSMxDrq3zUmBCNDfNpLeNEBXdcpn2IOvj7x2aR8c1lffXaWv/6tfZUGVllxKiLVBxHz3sQ6l85zmibYJPpUWlh6zG9StVm7YBDXWllu2vPRGAsWIzZ3iwtkDr6MmGC5pUVXvfNn/Rhfm5OVnRYbq8H+HPvUbL9xcRPPI2CcjEeUWCMtEs9b5ITyeNo81cbpj2HzuljV2LoNH3u91kZGlrfhx8cdWV21o7Ozf0ZJquX3drSle5vEpwvLYdFG/ztUg+UTXmr5gvqPC31iXAGnKliZx8j6aJlf1JF93WP/lEtsQy5m5azV9C2NP/xPiH3g3fVC1EAJKzXjRLCjB+gPamk5wTHqZ9Zg+4NTGPF6u89KVdU9qL2+urXZ5H67JJzq2bNJetLhxbMjSlq1xexVLFPFZVUE+s8blMvtAyRxl4l2U6k9a1Jzf/1nBR07b9jX9yGzrE1Wv7oEu6E/a3GbRasJSQsfeiax3tp5IJ0TxJUCaarW4X6OnfWXu3yIwsNy98YccTIBVmZQ6VKYtsmkfLje5TfZOtobO2mcvt33+D6tA4VNBHqq0Mxw/fakp71kzr4b01bec5tgQ8tY/4qxN3CeqxL7SlDbu0wp+drdpupd/tdjdYbdZ3v9Rvmom6MCT5Pu+dEmwh+LpRRL6zgIiX3sLUfzAYArvPpxCNRYIy0azdP8RIqFl7x+mVP7l4Jt3e6M08lZXaVZ5caOeXQ9pqNy6K1pGaWP3IQH3bdujb1r78kFpUhH3lMs3l9IXty881Tc2hj4k9q0ZEMV9wVpNglZwn8ByeX9ci1siT+z64a1/iRzFfgBJcsawdonREhdZ+HhaVqaze6f/g6XCBqrkJ3J+CLulR/cKulehjL6DFA4/R6tPltJjwKIYLG3bOOSGaIwnKRLPWMkThwaG+jQBb+7OLxxbYONGI8zmd6dhJlYkf29i+X/tDdPwAY63PPuPl/TXlVfLhO5rnNdNKLSmm9OP3NKWtbh1EpfX1mrb3ZE0Hd7HmsmniKsTz20xNSb3lrPhlKMDlHbXV2n74rQO7n1dD+vh7h6a1N/1NFxZOUNdumtIaLkwg+NqRfh396zlx3LvuqxDnCAnKRLPXv7OBa7r7NrvLtv1uxr9Txubsxq1d2JTt5t73ynwaDXplFwM94mqfP8s8aKim/DzHj1H85iua969F8esv4CnM15TWNLDqcirtxmjbmT0Hz69PaC2aJp7dD4ND25I/1ZXzqku0nYNHClXe+cZ/Tcg7Drj5alvjN12WMw+6WlM6+7drcGz83n87drs5+Y8pFDzwJ0rmvIpq19Y3U4hAJkGZOCf8ZYiJLlXMdF+TEyUqkxbYePZze4PXmp0sU3n5SzuPLbBRUKp9X61aKPx1iLaaQMNFnQjqrG3tSduy/1C29DPN5ahJ2WefYFu5XFPaoK7dMCQkVvmeEpqCorVv2cG38OS8q7mMNeZ14A08hz7UlFYJ740S2r3K9zq102k+Bz/LcLJC42TBNTlerDIj3a5hCteGYxpwNYpF25QsRc9Pw+OPaVlUlaJXnsO5ZROoHkoXfkz+vbfj/Pmn+uctRBOSoEycE4L0MP0mMzGRvp/Sq39ycfvsUv612uH3eZ6KbSrz1zu5819lfLHFt4ewToHJ15u0L82jKFjG3K29bK8+R1n6Qurc7qWqlC2eT/HslzRvYrm9pvIp6C58XHNenl334Tn4lub0Z1Px7H8Fz+6JmrfQxT1Z4/u399XelP7PL+z1CsyOF6s8usDGsaKmHbmiWCwEjxitKa2nMJ+CxybgOV73Gf5xuSh6aQa25ekVXnYf2EfBhHsomfNagw1mEaKh6f/+97//vakLIYQ/mIMULks08O0uF6U+3pPdHsjM8fBZhpM9hz3oddAmTCGoDuviuNyweZ+bed87+ecyOxlZbhx1ePY+cLWJNB9Gl4K3E71zxxY8h7VN4ur433o8h3IIuqQHismseT+ewnyKXniGssXaO90be1xKyP+Nq7FjuGJJRC34Dmy/acpTPf4lqi0bXWTaWbPs18iZh/vne1H3v6x5EyXySnQJf6emtapiWurYccDD4YLaAyUV7xx1haVwSQedT+fatn1uHv/URm6+bwFZ23Bdlc2sPx7dyeZjO2vdftzFVQdfQYlJ2JYv0dSEqJ4swL52FUGduqD3cZ4zd+5BTk6dhGP9uupyx7lzO/Z1azB06oy+dRuf8heiqSmq2hTdQ4VoODn5HibNt3GksH6ntl4Hna16urbXEdtKR2xLhTCLgsWoYDSA0+0dRVlQqnKoQGV/nodfDnvYedBd747cY/sZuf3yuk0T4D7wGyf+NAZc2guhhIZiGXkb5qHX"
04:29:03.805 [Forwarding screenshot on session ed2d6660-f69e-11e6-a414-872b36aae4a5 to remote] DEBUG org.apache.http.wire - http-outgoing-0 << "oWvVutp0nrxj2JanU/rZJ6jFtY9UPJ1/kJHIt+drmk9NLfkF9//+AB4fIuuglug6PIDOOhaMNTzo7Yfw5L6LZ/+r4CrQnr/OiP7SH1FCOtWa9MBxD396p8ynEb6tWijc3CeIIZcYqh1NrAK/HvbwyQYn32TWrYatWwc9L91+dvA956eFvL1zYa3bZ9y8uNr3bF9/QdE/p/lUHtOAq7DcNAbDRZ1qDNbdB36jbMliyr74j/bzWtER9vRzmFKrHlgiRCCSoEyck44VqTzxqY3sBpxBvaHclWas91qdZekLKX79Bd83VBQMHTsT1Pli9NHtwBwMtjLch3Nx/vwTrj276tTcGfrg45ivuVFzes/B2Xh+edDn/aDoUEJ7ooT3AvMF3nUy3SVQ9hvqyQzUk5vQsoh2ZbqOL6OLvV9z+vRNTl5b4XsTmkEHXWP1dGyro02YgtGgUGxTOXjCw/YDHnJO1O98bsigDFXl5FOPYl+/1udy6dvFEHRxN/TtO6CEhQMKakkR7pwDODN34N6X7XOehriLiHj9PZ9qgIVoahKUiXNWqUPlH0vsrN/TxJOSaaTgnXfthp5+mEhTVTk58ynsq7+qf171ZB4ynNBJUzXPZ+Wl4t55F+rhBQ1WLq2UtmPQd32PmpotK1OB5z63s/KnphsVWZUGDcrwzoOX/5e7cOc07BqltdGFRxLxxlz0ba1NWg4hfCUd/cU5y2JUmDbKzLgBRgwBfqZbTArPjDb7JyADUBTCJk3B2LOPf/KrI2Pvywl9aLKPARmAgr7z2yithjRIuTSXouVg9J3fxJeAjFOpHx5u4g8apjI5lyihoYT/4xV0LVvVnrihymAJIfwfsyQgE81SgD+qhKgfRYGb+wTx+l3BJFSzbmRT69ROx1t3m+lzkZ8f4IYgwp5+vsn61Jj69ids6kww+DZY4TSdEX3yQpTW1/q3YBopUcPRd1sMOlOdtg/Sw/RRZnrFn1+Bmd7anogX30TXBJ3sdeGRRLzwLwwdO9eeWIgAFJhPKSH8LLGtjtl3B/PngUZCTL6PqGwIJgP86Uojr/1fMNY6TOWhhWIyE/b35wgeeVuD5F8dy+g7CJs6E8VUt4DmNL0FffJCdB0e8E/BNNJ1mIj+kkW+jeisgikInhltZnhKHQNTjdqEKVzRqWH34Qt97AVEvjYXQyff18asK8OFCUS8/h6GjkmNtk8h/E2CMnHeMOhgVO8gPvpzMDf3CcLURM8wRYEhyQY+uNfCLZcFoW/oq1Cno8WfHyR8xssN3qykaxlF+LOzCBn3V9D56cAUPbrEf6Lvll7zyEp/MLZF3+0/6BKfA8U/J4hBBw8NM/HYtSYsDfCDoF2EwotjzHSICowfG+V0Ua2JmDUHy+g7QGnYkzz42pHePmTtYhp0P0I0tMD5aSVEIwm3KIwbYOTmPkEs3eLiiy1Ojp1s+PEuJgMMTjYw6tIgYls1/u8hY+/Lafn+Yko/fpey/yxEdfpvgk3FaCT4hpuxjPmjX9c2rLCPqGEYLvsJT/azeA6+AR4/LqujM6Frf593clhDuP/yPcOQZAM9LtQzZ43Db4uSX9HJwEPDjIQFawvIfO7aV09KkJGQcX/FdOVgiv81C+f2zX7N39CpwdYNWQAAIABJREFUCy3+/CBBF6f4NV8hmoqMvhTnPY8Km39z802mi/V73BT6sAxSbQw66H6hnrQkA/066wOm6dRz4jhl//kU29dL8Zw4Xud8dC2jMA+9luAbbkEXEenHEtbCcdi7PFLuB+Cox7I9xmh01v9D1/5+MLXzX/lq8esRDws3OFn7swtXHWa5SGij4+7+RnpfpD89BOHdbxzMX1/zHF494/Q8d2vDjb6skari3L6Zsn9/gn3Dt+Cp+/Qexu69CB55K8belzd+pClEA5KgTIgzqCrsPuxhx343O3M8ZB/zzg3l0XiVRIcrdGilI8mqo0uMnuRYHcHGAH5oeDw4tm7CsXE9zu2bcWXtAXcNU4jo9RgSEgm6pAfG3pdj7PYH/zVT1oXqRs3/BvX4V6j561CLd4BaQy2UokdpcTFKRBpK1FCUyH6g+GnEax2cLFP59hc3G391seOAh5Nl1Z9o7SIUesUbGNBVz8Wx+rPGg7652sGijTUHZWlJBp66sZ79/PzAU5CPY/06HD9uwJm5A8+xozWm14VHYEjqirHHpZiuuBJdmwZuxhaiiUhQJkQtXB7IO6lyokSlyKbicKm4PWDQKZiCoIVZIcKiEBWqENTcB9q5XLiPHMJz9AieshKw2cBsRhccgq5NtHeaAX0AH6TqRLXtB9t+cBV7J47VBYEhAkztUYLjQKd9fcrGpALHi1QOF3goLAOnS8UY5D232rdUam2ifP4LO19vr7lZ9JruBiYObfqgrDK1uAj34Vw8+SdQy0pBVVFMZpTwCPTR7dBFtpQaMXFekD5lQtTCoIO2EQptI86Dh4LBgD4mFn1MbFOXpG6UIJTgBAhOaOqS+EwBokIVokLrFvRqWVYsKjQwx3YpLUK9Sy0JcZ4LzCtUCCGEZiqQfaz2PlrtzocfFkI0YxKUCSFEI7A7YV9ew6zFuj/Po2mASlyATqAshPCS5kshhGhAOSc8fL7FxdfbXISY4IN7LRj83C1v3a7a13c1GeCCKAnKhAhkEpQJIYSfeVTY8Kubz390kpH1e8BUZIP0TU5G9fbfiE+XG77YUvOoS/h/9u47PopqYeP4Lwu7GyAFUmgJNUAoImBEDBaEK4pEvUhTBCwUAbk0pSiCStErRTCXK01EVBAEBK5esIt4VYoGpEgPPRBIIQ2ym8Du+8duegUDjL7P9/OBwOzsmXPmnJl9ds5kF5oFlzP8d8CK/H+nUCYiUkaSLjrZ8NslPtueybkiPpB48aYMbgspR+0yumq1LiqT+NSSpy5vCzHwb82KCKB7ykREysyYj2y8+31GkYEMwH4JJqy2k1QGH1J8NM7B4u9L980MdzfWe3ARo1MoExEpI91uK920ZEyig9HLbKW6wlVcGS9+bMNeim9sal2/HNV89ZuXIkanUCYiUkY63lSeuoGlO60ejXMwaHE6Ww6XfJN+bk7gh/2XGLrEVurvbO1Rhvewici1o0/0FxEpQ7tPXmbkh7Yrek5YvXL0aGPmlrrlKFdEprNfgq2HL/HJL5fYc7L0Qe7m2uWY1cezwNcyiYjxKJSJiJSxBd9msLKE76EsjLenB02DTAT5mahocX3FV9IFJycTnRw8c5nMK7uohskD5vevQIg+n0zkT0GhTESkjF1ywNiPbOw8cYUpqow93c5Cnzs0dSnyZ6G3TyIiZay8CSZ1t1KvlPeXXQvhDcvRu60CmcifiUKZiMg14O3pwczHPW/I1GHzWuWY0MUTD91IJvKnoulLEZFr6ILdyZS19jyf7H8ttW3oCmRWXSQT+dNRKBMRucacTlixJZMlP2Rw6Rpls/ImeKqdhcduN+sKmciflEKZiMh1ciLBwfxvMtgaXbbJ7LaQcgz+m0VfOC7yJ6dQJiJyne2NcfDJL5n8eODSVV85s5aHuxqXp2trM6E1FMZE/goUykREbpBUm5Nthy8Tdewy+087OJXo4LKj8HUrWjyoG+hB45rlaFmnHGH1yuGp+8ZE/lIUykREDOKyAxLTnKTYnGRcgnImqGCGypU88PL00Kfyi/zFKZSJiIiIGIBuRBARERExAIUyEREREQNQKBMRERExAIUyEREREQNQKBMRERExAIUyEREREQNQKBMRERExAIUyEREREQNQKBMRERExAIUyEREREQNQKBMRERExAIUyEREREQNQKBMRERExAIUyEREREQNQKBMRERExAIUyEREREQNQKBMRERExAIUyEREREQNQKBMRERExAIUyEREREQNQKBMRERExAIUyEREREQNQKBMRERExAIUyEREREQNQKBMRERExAIUyEREREQNQKBMRERExAIUyEREREQNQKBMRERExAIUyEREREQNQKBMRERExAIUyEREREQNQKBMRERExAIUyEREREQNQKBMRERExAIUyEREREQNQKBMRERExAIUyEREREQNQKBMRERExAIUyEREREQNQKBMRERExgPKFLVyy+J3rXQ8R"
04:29:03.805 [Forwarding screenshot on session ed2d6660-f69e-11e6-a414-872b36aae4a5 to remote] DEBUG org.apache.http.wire - http-outgoing-0 << "ERG5AZ7qN/BGV0HcCg1lAPv27b+e9RAREZHr7MVxY250FSSXIkMZwLQZb16veoiIiMh1lhQfe6OrILnonjIRERERA1AoExERETEAhTIRERG5ain7T3DroCie+zKtyHV+fn8n7efFXcdaFSMtge6DdvD1+RtXhZ/f3UGndwvuD4UyERERuWr/+zre9fPLWE4XsY4Zx/WrUEnMUHR8vD4yAHshEazYG/1FREREipQWx5w9Tp4dEMQ3i2JYtSeTETeZAfjty4OMWpNKGh44cRJwG/z80R5mpVdldf+qAPz8/m7+TXU+6mzilTknWH/WFd5a3laTWf1rkLHjOMO/slM9KZUfEiGgVmXmjAmhoTWT9e8f4pWf0/Osbzkdx/iZJ/jhAnhYrYx5tiE9G1vh/HlemX2U9WedeFshjfKY8zUlfs8phs85y0HAo1IFXh3akIgQM8d/Oc7zi+I5BnhX82X22Aa09ILTe07x8sKz/GYHD0w88mgI4ztYWTDtILuArUcy6Dv4JjqnnmbYskTicdV/1sgQLOVNpP18gk47jxFvz6m/rpSJiIjIVTm0KY4Eqy+Pt67O0zd5sHT9OQBs0ScYsCaVxwaE8u0rdbjb6lq/UZMKHN92ll/sACks+zmDm5pWYtmcY2yoFMgXC8L4blQ1dm47w9bzAJc4eCSVOg815NPxQXidTGLpLhuHvjzMqz9nMmHsTXw3vibR207z7x3neXXSCWJvrcWPC8J4J8LMjNmH+M3uYNnbR9hg8Wf5mzfzWoeKAGTmaYmdhQvPQsf6/LqgFS/VszHn+yQ4fYZui+K5/clQfl1wE0MCUxg4/QQ2knh5zlms94fw64Iw3nnYytqPXVcKU89msC3JyoTetWhXPo5eyxJp82gIP77ZkDbnkhj6cda0pZlhI27ik8EB2e3VlTIRERG5Cjb+8206VLbwxQ+xnMUDjpzj67ggmsWk44Ev3Vp74YMXT9x9ilFxTgJa1eBv7OOTXXaalz/HNiryUeuKNGzShHq7UvhydTS7o9OAcu4rWU48rL483dYHH3zoWf80v2dCzJF0vFrWokuIFajBf6ZWgfKp9AS8YpOYNS8Fe7oNJ5fYdCiFxJPQeUB1GnqZadilOg0/P5avLWYa1PVgzddHeDzam4jwOixu40/8rsMAnN4Zyys7IfW0ExLPsz2tNrNeacjWw6kseD+eXfvToVJlLEDGJejcqw5dWluJ/+UgHvgyrENlPIEXX2/GMDzZ8/EpvFrWJCLECgTyN+L55bBdoUxERESunC36HCsuQMvgy/zw63ksZk/8uch7X5/nn9UdgEf2upUqlHP/qyKPdbQw8MvT1DMnU6ddfRriYOXC/cw44MHfbvPj9pZefHskhez5RbvrHiyAqj7l2J5VqCXXZF9mBqfiXVOfDep707SCA8wVaFTfSZA3fAG5Lo2Vo0qB1pjoObQpjXad55st51m07BhvfZ7Cyp7gQXluCq2EV6YDS/0K3JRuItCZwquTDvG/SlYebVuFds3T2bYld3nOnH9aPbC4/+mJg/1nL+bbdjkCrJCKU9OXIiIicuW+3RCPR7VAFj0XyqznmvDGsCa88YCFQ5tiOVezIpDGl/vtwEU2/GgHiyuktfxbNfxPJrLoiAdPd6wCZPD7ASd39Q7ljf51aFXBCTg5l1D0LwdUrW0hbdtZfjkPpJ1n8KRDvH3Sg2Ag1exJl/uDuLNKBm99HscFcyXq+cHWLfHEA8d/iWNbgRLTeG7473yQ6s3oYU1Z8mhFSMwEHwtOLkFNP3reH0TVhETmfZ6K5ZKNHcBLL97E6O5BVEp3gD2Dc/lK9fLzxGlPYvUeG2Bn8fR9DFydXGDrWaFTV8pERETkytjPs2yPk85PVs2zuOUd1fD//CSb0usT2fECw2fvYTbgbQX/rJWqBNCv/klmZAZwVyCAJ+3bWRm9bB+3LgNvPwv+ONl+3EYHb8DqkWcbVqBpRAOGHNjHkBeiAAgIDWTmfVWx1LTRZ84Rbv3Ute7dD9QnoqYZnqvNrikn6DQoFg88oMBt/l4MeNSXJz4+wK0fu5Z0fbQh9UJ8mPdAOkNm72Eurhv6hwxrRJ0ql+lSy4OpE6KYCtStZQFsHDyN+6qYq86eIbWZ98AFhsz53fX8ShWJHFUD1sRiteRs3QJQ3gMPp9OZ6xqby5LF77Bv3359zZKIiMhfWFJ8LJUDql+7DaTZic80E1Cl5Ik5W5qdNMwEeJV+Eq/w5ziIP5+JpaIVH2ve9ePP2/GqYsWzqALtmcRfdBRcp4jlKeftUMh2Ci8XAqrkD4N56UqZiIiIXBteVgJKuaqnVzFh6YqeYyKgSuEpqajl2axmAgpbpYjlPiWVV1K5+eieMhEREREDUCgTERERMQCFMhEREREDUCgTERERMQCFMhEREbli8TsO03r4YeJvdEXKSlwcC9afv6qnuvZF9B/eFwplIiIicuUuAfYbXYmyk3IskRVHLl19AfYCnzB2xfSRGCIiInLlikwQNpbNO8zs31yJLaCWL7NGNqDqoeMM/8pO9aRUfkiEgFqVmTMmhIZW+O3Lg4xak0oaHrSoVY5T5iqsHFqJ58afpd/rTWnrBb+t3sv0C9X46El/Tu85xcsLz/Kb3fWBro88GsL4Dj7E749h+OxYDgJ1a1lJSyzHlMlNaG2+yIK3D/HOgUt44MEjXesz/v7KOVVOS+C5RWmkksbj75v46OFyzFx4lBVHHHjgQeeu9Zh0fxXAzrr3o5n6czoAjVpW519DgvK0/pf1Bxn7aSqpQEB9P2YNrUdTr9LtUl0pExERkTKzd90h3vqtHIveDOPXN0NoejKZD3bZgEscPJJKnYca8un4ILxOJrF0lw1b9AkGrEnlsQGhfDu1DgGJl0g4m0kaDk7ZbVxwf2dlUrKNMxcdQBIvzzmL9f4Qfl0QxjsPW1n7cSynSeGV2bFU7FibL95swiO+mSRcyCApE9a9vY9FST588q8wPh9bja/XRLM4OtfXOHn581zXigSEVmPmY1VYuTCaj5N8+OCNm1k9OID1a44wc4edQ19G89rPl5k09ia+e6U21X+LZfBHCTnlpMUx9tNUHht2E7/+qyFtYhJZt89W6n2nUCYiIiJlpmmXxrw/2J+D3xzn9fdO8wPgYwZw4mH15em2PtSsU52e9T0gE04eTsPDWplerb3wCfRnyIMV4ZIzz9cVkefflZn1SkO6eF9gwfuHeefHdKhUDufxFLZhok+nQAK8KtK7W1XAAdg5fArItLFs6UEWfp9CKrBha977x6r6lQOzhZrWNDYdgc5dg2laxUydVrUZWwvWb0lhx2/peLWsTkSIFZ+agQzpWoHjm84Tm1WI2UorYNGc3xm6OIHbnm7Ic61L/5G4CmUiIiJSZvZ+eZgn5p/kq5OZNGjmQ0sgO1DZc758u6pPuVLdkmZ2fzORJWu61J7Cq5MOMX7deVIrVaBdc4vr/jY88j0zV8S5BP61K9GiXiUa1KvM2IcD6dOwkI/YL+8BmPDOt9hizvmZlme5h+vLOLNYfXh9aigzHg0gICWFV+Yfok/uK2klUCgTERGRq3SZo6dtHD9+kUPH0zh02s65I+l4hAaxaFgDejYuTxIQn5hZZAm1GnjhtCexfEcaKXHnWfz1RSifFd4cHDhmB3sKX0Y5XF/ifdHGDuClF29idPcgKqU7wJ5BcvVKtMDBqm/iiE+zsfI/59xbMONXFRJSTLTpEETPVha++jSOLekFI1DCvvMcsltpVA02/C+OeCDleCxLj0DHW32oW9sCvyXyy3kgLY1V/72IVwtfsr899PQZ7pxwgKTGtZk0rgUTQuF4wuVS703d6C8iIiJXoRxOkhky6ffsJR5WXxb2rYLXohhuHRSDh7U8DSvBjoNpUBWw5r2aZQU8Q2rzwaMZPDH/AIvwwN8KXkEV8PPyZ3DL00yds4d3gLp+HngBVPGiSy0Ppk6IYipQt5YFsHEwoTKzxtZk8PQTdPocAvw8gAoEVTTRcWhdDk45RqdBZwEICK3GG3dXzFMXL7+KeNnP8viYE3w+sTZ7ppzIXr/RbUH8o7UVn9YhDIg+wJAXolztrebL+30CYW+yq201A5hwWzxT"
04:29:03.806 [Forwarding screenshot on session ed2d6660-f69e-11e6-a414-872b36aae4a5 to remote] DEBUG org.apache.http.wire - http-outgoing-0 << "J7nq5oGFl8ZWKfUe9XA6nQV+h3PJ4nfYt28/02a8WeqCRERE5M8lKT6WygHVS17xStkzib8IAVXMJa6asv8Uz/3nMpPH1aEmsG5WFK9VqM0vQwIBsKXZScNMgFfeK1sp5+1Q0YpP1vShPYkXXjtDp2FNuCcQjn+3j+4fm/l8QYPsL0VPOW8nw1ywrCLrln8bbrbzdtKKKceWZict01Sq9uemK2UiIiJStqxmAgq5ZaswPvV8CDhyiL8PSsAfJwmYGDM25+MqPL2sFHarvE+VfBuw+nBL5SOMnhBFQCWIvwD3dm2YHcgKfU5JdStifc8qhdeppDqXRKFMREREbhyrD28suJm9+9O4cKkcQQ19qHll2cnNRM/nbqFNdBLn0p1UruZLw8A/163zRU5fdnn4oRtRHxEREbmOrsn0pVyVQkOZiIiIiFxff67reiIiIiJ/UQplIiIiIgagUCYiIiJiAAplIiIiIgagUCYiIiJiAAplIiIiIgagUCYiIiJiAPpEfymVqKioG10FKQNhYWF5/q9+FSg4LkTkxlAok1Jr2LDhja6C/AErVqwo9MVX/fr/W1HjQkSuP01fioiIiBiAQpmIiIiIASiUiYiIiBiAQpmIiIiIASiUiYiIiBiAQpmIiIiIASiUiYiIiBiAPqdMroEUTp8+T2ammUpV/Ajw8bzRFfoDbMSfTuRCJn+BtoiIiJHpSpmUnZTfWTS+D818a9Gkyc3cfHMTQmpVI7zPeDYet13HisQzq5Mvvn0WkfIHStm2YjLhvtUIadIkV1sm8+PpMqvoVXC3rcvcP9S20m5rbhdffH378GMKbJvbB19fX974Mb5MSrftWEQzX198i/gzeWNZ7Oi8Y+H3D/rj69uJjWXThIJb+3GWax+VSd0LkbKRTmW2b0TEaHSlTMqGbQdDa93DUoDg9jzf/0Hq+qSwdfW7LP3sbbp8tpf10eu4M+A61ik6njTA5yqeevyz8XQc9DYQTJ/n+9OqJuxY/S5LP3uTiM+S+Tn5TZqVcXWvyNmUq27blUixAcRzIQMy411JJiMzo0zKTkuK5xQQHN6eVgFeeR9Ls9I82K9MtgNkj4Vzx/YCvmVXbgEZuf6+NpKvYdkicmMplEmZ+HL6iywFgru/yaZ3B5CVvZ4Y8BydJnehz5sbmblyG3c+e9t1rZflKp+3f/NGIJg5v0bxREP3lOWAZ7lraBiDli7isx9fpNl1TZj5+FpwxRgbcO2mVC25flZtFAJsxmK+2r2aj9n1o++ED3jhzmsdL11taP/yZpJfvuabEhG5Kpq+lD8u5UfmvbkZ6M57b+cEsiwPjR1Pd8Ar/ixZk5iHNn5A/07NsqequgydxY5c83G209uYNbRL9uPNOvVnxbacKRvboS8Z3yfc/Xgzhk4eT59O4Tz/wY5Cqxi/Yy1D82xvLr8XOf9n4+xZ14OWPIHHk85PjuOh8O7UrZSz7o8fTCY8e9otnPEf/EjuydptK96gS3jOtsM79eeDrLakbGNop04MHf88ndzPX7QjBeLztb/LUNbuyDXntvkr3ni+D76+1bL33+/XeIa4VnA1AFo1DnDVO7wT42fNYmi4u+3NuvDBj7+zcdHz2fXu1H8Wh0qqVwlX3krsu5Tfmft80WMlt+OfvUF4+FB+TCG7DZMXzc3VhnDGL/ox1zNOs2Jy/+xp1vChbzB3ch869V/EVc2ApmxjaLNw5m6LL2ZZCl/OHU+nZll16sTkfGMqZ+f8yPNdOtEsvD/vzBtPeLMufJD7QOI0c/uH02noB9dhultE/ihdKZNSu3z5cqHL7ccPcwhoOupxwsyXKbCaOYyFiYlZhXDyqync+thsoD0vR76E57H/Mn72JDYujea7M/+ipf0n+jV5iPVAt1EzuLduPB+MmMagjquJ+ewgI5sfpd+tPVkP9H85kpvtvzBi2tsAhN+eyOXLNXEC4ODy5cuc/+1dQjqMAcIZF/kSAae/Ycy0F2n7/Um27ZpKgwItMtPqb/fA6qUMutWXT/uP4762rWje/CZahvXm/fW9s/fH99O60HXaZoLb9yeyz60cW/Mas4dFsP3UGtaPu4fDa8fQcdC7EN6HGfPugGM/ETltKcM6ptPszIe0TE8lZvNmNm7eTNP27Wl6CIK8D/Fcu468eyqn/XNGTOOpjdH4HHzf3bbNvL2oPeNmzCBjy3vMXjqJAYEt+HHiPWXWr3DZvS1wXL5MpVueZs0Hd9Co4mUup6YSvXczmydtpmm3UbzePYW5k99lWERbIJhnX5+BNWoNs1dPYljTW1k/8o6CpTscAJw7vpcjB6pwIVc2s1QOpkFNH1JK7LvDjAlvm72vOjdKZemQyQzquJqU747Rv+XlPGPhcNT37N0LqemXuYyrDUuf30xwxLPMeNqbDZHTePv5CPxvOsbI1lY+Ht6RIUtPEd5nHC+1trJyxGReBGjalPTLl8m/57La5HBcLny/Xk5l+6m9BKam5zyeb9lXU3ry2OzNBLd/lnmTQvl10QjeHBZBku8OZtztLr9cZS6f/Za+jbqyHnh5xQ56B//A6BfeZtqHG+l984MA2H9by4ur9xLxeiMqFVJfETEWhTL5w1LPneYU0P+m4FxLU/jv/Ei2xIEVADsE3s2Iwbfz+YezgXBW7PmE+2oCPMrtdYfTYcRS3l7Zj3Fe61yBa942ZjzqikyP3t2MiFZPMPn1pbR8KIr1wKgVe5h4X02gL+F1rdw25N1CapfCR1NcL+orDq7nvgDX9u5tVJlW/eey/PuRTLyn4DRk00f/xZcE8epr01j/7jTWZxcdzqh5rzLx0dZg/4k50zZDxAx++bC/q52PdKHuwBqMmDaHn4bcQ6VEaBr+LEvWZ4W/RwnJiKbr7ETOpQIW1wRkcLcZbHinPz5A/PdTeOwUdIv8jnf6tgTgrmoZ3PTYKvYfSHDXoxufHXuHO3yA/vdi39qKuV9u5fTEe6h55V1YOtaa3POgu3S760dwt0i+facvVqC5fS8PTdvMuDVfMO6emkAYBz/pwNHUzGKLfXfEQxTouf4rSJxxe4l91+v8At49BX3mbeNf7rHyyAMtiajblTFvrqLHh3/PU2zWzKsl+y9XG35xt6FPmC81Oown9UIanP6BOUtPEdxnHmv+9ShW4NEHmtKt0WNs5OqnxouV8j2RszdD+5f57pORBACPdm5MUuv72btpO/a7q+ALpOxfysCHxrCecCK/e5++LQOAB3i5/Qgmv/sxv0x9kNZW+Hr1UiCcvt1bX4vaikgZUyiTUnM6nYUvd4+iPQdjcTpD3Evt/P6f2czdmmvFYCv9BgXx23qg26PcVcNJVpEtHu5CmxFL+f1YIicse4DG3NshJGebtdtwbxvYfN5OcnI8EEzLVjWyHw/p9Hfa8C7nceB0OnE6AAc4nXaSLwJs5rGH29I4qy779wPw+f92MaFd+0LbdWvPsfy351jiTx/iwPbt/LRpPdMWr2f2kPs55/wfUxvvYyPA+jG0f+Bd1x3YvrB/K8AZ0uxO2vabzsdhG/l02ktEHj5B1Nb17D8F0IbyTidOpwMH0PCW5ng7nTiB/Vt/BtrQq1OL7PbV6DiBhIQJQDxvOYDGDWjknbX/KuIfBCSD2V3GlSiqX8G9H3HgcOb0leshV72DGtTD4t6mEwfQhtbZ/RLELY0h2t0nBbfr+tl7+nL631yFtIycS2VVQ8NwOtNK7Ls72APA0iFd+TUy65cF0tgPsPM0qXnGgtNdR9ztydr3odltsNS7iTauFYjb/zt7gSERd2Y/jn8r7mwDG5Ozyiu8TTiche9X9zbzPO4sj3fWstRUzgPd/t4R/6zyLbeycKc7jKdsxBN4d8wY1/8jHqVPC393Wf50eaofkzcu5uOvYrj1wRjem7sXus3lLv98/ScihqRQJqVW1Iu3f6PWtAG2Ht5PsrOt+zcC/RmzPh7XS0c8kRGNmZJsxuyshE8w4OmFNfeLmtN93cEJFidAGhl5goAz+2c5J4CX64XSWeDhXPV0vfBlXdHo93APAtyXeKw9+mC12vEKCS7YrpRfmdh/JOf+9hYLBt+Kf40GtI1oQNuIngx/eilBd40k6uBZ7MGue4CC2/ejx51B2O2u"
04:29:03.806 [Forwarding screenshot on session ed2d6660-f69e-11e6-a414-872b36aae4a5 to remote] DEBUG org.apache.http.wire - http-outgoing-0 << "svs81Afwo56Xk43TetB9+kYA2kd0o9Pg6bT/dizzNgLu+icD4c3rZtcjw30VCnPeF9KU+BSs3nnb5szX+MKCQkmKC2W5VsoXylz17tS6bq5w4X7MnrWu07W3nYVvI6umQY1bcfOtBa9WOp2pJfadxX0LYcSQx7nFO+sCnpU+fazg1ZhK+cZCzq4qfN/jzCDZXbes+llx5hlTucsrEMqye6SoUOb+YTFnP24/tZ+tQDhObEnn2Q+EeZnzPN+ekoLd6oOPEy4CtOlG74DfWbY3u+8yAAAgAElEQVR+JGM+vp3pPV1XCWvf25MIFrP402/pbTnGRmDskx3yHmsiYli60V9Kzel0Fv7H/yYeugf4ZCz/eOv7go/HH+BIjKuMDKf7qs6yNfySnrPO6R8+ZyvQtG4gTksF4BS/7zmdU0byAaLcV90q+vgD+9m65Vj244e+W8dWXB92kPu1l+x/d6bXmOGMGTOGMWPGMPze6uz7+Xfi7YW0x+zk+Mb9fDJhId/H533MkvU2xp6Bf7PbXFdVarZl+PCcssPMMfy8/RipttNs+3QjBPdjc1wcK5fM56VBT9OmXuPsymW/7mZkZG8j6KZmwFa+/SGn/ek75lO/cX0GLt2Tq21Z9aKQZQX/XHG/5i6Xgo8VeH6BdYvfRtYTMnK1vfDtF913Ffz9AWj4t34Mdz8+Zszfse37mX2nkwrumzx1LLjvc9fZv24jgoHV//2O9OyxvIf/bc1VXhFtspgrFd6mDNcYPbjvbPayM9FHs7dpqVmPNsCyDVtyPe8YE+vXp37Xt4h3lz9y/HTeWjKHrsDiZ5/iv8fc61rCeHpkG/hkJE/2eguC+/FIuH8xfayoJmIkulImpVb0CdyPZxatZXuDR1gztTuBqzszotvd1A3I5Ni2b4lc/r1rta41qOj0o/OAp5m69T0e6D6WJS90p9Lprxg1dB7QhofvaEK4eSBtpn7P9O49cb49hXtqJrH0xYFsAJ5+vgt339+OzhM28NZTt5L80huEZuzkhRnLAUh2uqalXFdMnDicfvx9yCCmbl1Ax7sG8faU/tS8sJ03nprIVoJ5Z1JQwXZZwxj4Umc2vLaG7o230WvEk9zWKID4g9t4P9K1nW73tcTpbeGxrjBq2QAetJzhhcdv4fT37zL0tTXQeAyve5fH7Avs/5n/rvuRjnVhy0dv8MJ7+4HGpKU6cVZxX1lx5kzxhdzzEJ1ZzLyneuL1zhTuqXyOd0dNABrT8/6m/L4mq21ZISOnvbYyvVKWVS7YHfmvlBWstyPrKlD2ug5XXYp48Xc4CpaRV8l91+LOgdwzbgNvdb+X9NnTeLgRfPX2OCI3nKLzG6PwzjMWnPnqWMj2cy+rfR+v9Apm4LKRdEw/yqC7vPjPqNf4HsA39/4v2KZN70/F/p0FW9avTGZk4NP2cca0L0cFYMO4scz3G06ttG1MGDUPALPTgdO7FU/0Cmbr8pE8WcvJ0Afrsn3xGywGuj52L37OONeVvIxUnM4WTF01hjU9ZvDU0On89tkYagK39XyM4Le2cgq4Z1A3QnSVTORPQ6FMSq3Yd9XebZl3+CfunPNvFkYuJ/K1DdkPBbfpyqDBg3mycwusTifeD7/B+lQLg55bwFOPvOdaqXFXFs6fzgO1nTi5l2XfL2Ts4GeYMbQHM1ylMGjWHCY/HIITeO/wel4f/jyRr70ANGbQmEGsn7GA8JZ1cTrBUgHX3JTTSe0HJvPVvz0Z/o9IhvZY465VG6YsncXDta2Ftqvt8PdY6/86b8yKZHnkayzPeqBxZ96YPImn2/rjdMLj837B7juGF96bSFZTgu8ZxJy3RlPDCT2en8I3PSfy2sBHeA0guCtjxvRixozlbNpxiAc6OF0fZZp7is+7Lf/6/j08Bz/NjIFZ7XfV94EacDJX21zPsOBTAajgk3Pv0xUorl99KgD4U9GS/56kgvW2WCq4Hym4bnHbsBQxvQmU3He0ZdFP7zGx/9MsGNWbBe41uo5ZyPSnb8bpTMgzFqACkJ49PVlg3+dZZuXht36mfPBInp4Ryag1cE+vp7ln+Xt8n5zhml4vok1b17zH1nzL2vg8wOiH2/HqwhH0eSaSiQNdv8Xb9ele8N5yMtzb7P7WWlI9/8ELkaPYEJnTnqmPN8GZei5Pnf3vHs17g37g6QUzmLw0gnm9m2ANuZ8n28BrWxvz5EO36mqYyJ+Ih1NHrJRCVFQUwcHBJa8IgI34M+e5mAkVK1cp+vsibSmcOZcEFStTI6DwDw+NP3OGTKBSjRrZn16fsm8VL8zYTd/pkwl334pk27mQuve/zPCPdzC+XY0i6pXCmRNJYK5IlRoBpf7I1ZT4MyRdzMRcTD1t8Wc4V+Q6KZw5cwEwU6PGlX3gbPyZE1zETNUaNf7wR8T+5z//4Zlnnsmz7Mr69UYque/iz5zhIlCxSg0CyuLzdG37mPncDCxdX2X4vbXdC/cxqnp7lveaw7HZPa6+T2wpnDmfBOaq1Ciisq4xBRUr16CIYVcEdx07/5Nji58usY6FjQsRuTF0pUxKzeH+DKaSWfCrVo2sL8kp8nkWL6oFexW7jl+1almFkLWGI/UYazYsZE28nX/94wEqJ+3k38P/CQTTINC3mHrmbC93eSXx8quGl1/xbbH4VSO4yHW8qFat+HYWxa9asGs/XkF9r9SV1unGKLnvcsacgzJpksPOnjUb+GLNEewzx9A2OJMv509lOfBIWDMsf6RPLCWPiZwxVdr2nGD1nGX8vGMtK4BhT9z3x+ooItedQpmUmlEuqnqHPcvyV+Po9er7DH/ifdfC4Lt5/a1ZdAstfDpSiqb9VQRrc6Z/OgOeHcObo/vzpnvxIy8uYmavUAPutwx+/eccVgCNn4jk2buqG7COIlIchTIpNeOc4K3cNeB1TvV5gdiki2CuSHV/1/yOcer456F9VjS/W3qxaEsvEhJiycw0U7GyPz6e5PtNTqOoz8t7dzI80+w6HgxZRxEpjkKZlJrhXryt3lSr5g0YsG5/Itp3JfPzc0+jF/glBmOxevtRDfWpyJ+VQpmUmk70f03qVxERY1Aok1LTi/dfk/pVRMQYFMqk1PTi/dekfhURMQaFMik1vXj/NalfRUSMQd99KSIiImIAulImpfbVV1/d6CrINaB+FRExBn3NkoiIiIgBaPpSRERExAAUykREREQMQKFMRERExAAUykREREQMQKFMRERExAAUykREREQMQKFMRERExAAUykREREQMQKFMRERExAAUykREREQMQKFMRERExAAUykREREQMQKFMRERExAAUykREREQMQKFMRERExAAUykREREQMQKFMRERExAAUykREREQMQKFMRERExAAUykREREQMQKFMRERExAAUykREREQMQKFMRERExAAUykREREQMQKFMRERExAAUykREREQMQKFMRERExAAUykREREQMQKFMRERExAAUykREREQMQKFMRERExAAUykREREQMQKFMRERExAAUykREREQMQKFMRERExAAUykREREQMQKFMRERExAAUykREREQMQKFMRERExAAUykREREQMQKFMRERExAAUykREREQMQKFMRERExAAUykREREQMQKFMRERExAAUykREREQMQKFMRERExAAUykREREQMQKFMRERExAAUykREREQMQKFMRERExAAUykREREQMQKFMRERExAAUykREREQMQKFMRERExAAUykREREQMQKFMRERExAAUykREREQMQKFMRERExAAUykREREQMQKFMRERExAAUykREREQMQKFMRERExAAUykREREQMQKFMRERExAAUykREREQMQKFMRERExAAUykREREQMQKFMRERExAAUykREREQMQKFMRERExAAUykREREQMQKFMRERExAAUykREREQMQKFMRERExAAUykREREQMQKFMRERExAAUykREREQMQKFMRERExAAUykREREQMQKFMRERExAAUykREREQMQKFMRERExAAUykREREQMQKFMRERExAAUykREREQMQKFMRERExAAUykREREQMQKFMRERExAAUykREREQMQKHsOtuy+DB9Bx5mS1zx69kOxDKsbzS7"
04:29:03.806 [Forwarding screenshot on session ed2d6660-f69e-11e6-a414-872b36aae4a5 to remote] DEBUG org.apache.http.wire - http-outgoing-0 << "bWW7/QOb4jiQDJDJstH7WBxlL3b93aui6Ts6huQyrEPy7hiGDdzHsGEHsv+MnhDNsm/SynArf2HJSUwpsP+Osi7qjw6W0o2J68J2kVXTDtKjw07CwnbSY+BBlm26WLqnHjjDwL6HiSrFoE0+mkRUjAO4NmPdeDLZtOo4A3vsJixsBx0i9jB6WgwHyvg8U9h2DTO23Io6F1+rcZB7rBXuxvTNlRwvcu0plF1PtvO8OTaZ9Z8k8+bqpGJXTT2ZxvLPkzmZWnabT94UzR3dThKdAeBgx5KLbD7rLPY5Z7cm8fmSdDLKrhpknLWx7JOLLP/qIj//7PqzeG4Sw3oeYOCylDLc0l9URiYb115k+fIL7v13gcVzE+nX8Xcit/yRF73SjYlrz8a0bvsYNC2VI/4W2re3cGRtKsMe2cfodSUHs9STF1j7eQpnSxq0yQk80jqaJTtdK16LsW4sdiIjdvHIoHjWHoH2D3gTUjGTxdNiuaPFgTJ/A5iXg31LLrLjho8tt2LOxWd3pvD5knTK9C1ivrFW0I3rm1IfL3JdKJRdR0e/iONb9xuljW+d42gx63p7lQM8sJRlBawAHlSyuP4z9dTNzOnsWexT7p3ailPxDQgsy3qYwWQysWJbK6KiXH8SD9QlwgRrZ50jpiy39VdkgWRg8CfN3PvvFk5H1SLcBB+s/iNvd0s3Jq65uBRWboWImSFErWrCzJlNiIquT4QJlrwTV/IVDLMHpTp2rK796FupHHCNxvoNYWdaWBQTvskb0A8sO8KkzRD+bC1ORTVn5tQGvLOqFZvmeOOIS2P6J9f4SrU/WMv0hHb1ijsXm61AnXJ4AZRVGMo31vK7oX1T2uNFrguFsusmk0/fScVUrzJrF/viiEtl6abcJ00by0bvwc8vioCA7XQbnwiYyDh8hg4BO5gXlZm9ZsyGaEID9rIpGUhOYVrfnfj5ReHnF0XEsBPuE4ydeX13EtF3D6EBUQTc+Tu3PpiEw+GgW8gevomzs6DvXiLdddi9LpqwgCj39ncyZZXr3WPUewdo0eM4ccCWyL1EDDvKhB7b3evtYMq6nJPF7lU5ZYT12EePDjsYOK+YK4K535kF+vPkUx643p7mq3vEceKws27avux2BoTtZdXunP1X1LaTo07RIXQHERE78POLokfkeZIPnGO0+/9+flGERhxgwwHXGXpL5F4iBkYzOquNYXtZtukcEzq4txu6h1VRxe+z68Wa6/D1rFeF2+uQ/e5+S+ReQt39BpAcdYqw0L1sSQbb0TiGddie3f4eo0+5g3DOmHDtt90MG7Y313ox2eUVPe6KLz9rjPv5RRHa4QAbjhY9neNpzfUf3yqMjKxMr7uzFhY/HrKrGXWCsFD3sQJgS2Jg6A6mbUolstsxjjpg7iO76Bt5Ps9YL6784o+DK2vjtZKRlj9P2Fk56yKmer78e2pVcsfu5r1rM+5v5anGpex1i963V3cc5he3JYYeoVnHznYmLLuex05J52ITHD/P4x2241fTdcwv21Jy+69krOVV+r6xxSQwoe+OPMddzvTmX6FvRKHsejkaz9yt0H5AIO26BPA3E0Quiss+cW6YcIBhi+08O6cuX64IIHaXa7mlgS+34GDi/Hj3mpmsfjuJhDaVaOlrY0qHQ8z4vBxz1obw9cpA0pfH0brvKWxAyt5LbF5v56ExlRn8UBVmTKwAwFORNWgRCHG7LhGX6YTkOJ4akET9MUFsjmrI9F4OZg+KZkMcpMXbSNjlCoT2lEw2L0vk8+r+rN1Qi8FtHEQOOMYWGyRvOU67QUn49gpkw9d16UI63/7mIDomk6KkpTnA5sBmcxATdYYFS5zQwIxX/rrfXYGdU/bTb9pFer9Wi01f1+Ip33SGtN/Phpjit52RZue3OAdbt1oZN8qbDs0uMeCOkyxJr8TKrxvy9cpqNNiaxhPPnSI5q42fJLG9egBr11anfVo6wx45yY621Vi5tBptEuwMmZ9Y7D67HnyBjatPMG/ecSIjjzKsxx5mH4WRvaoAYE+xZ/cbQEaajeMJdhIz7ER2P8HyCr5s2NyEDQt8+XbxWZ5xn5yzxoRrv2WwfDksWFufBeMq8O3iWOZvsgPFjbuiy9897xAjlmQyc21DNn8dxG270nii01EK7LJAL3q2gU+GRRMQupthE46ybEMC1buFMGdcdXyBTcWMh9wy0jI4nmDnQtYbgNRMtic4SM0002moHwAR42oy8mGvPGO9uPKLOw5K3cZrIfkiUVEpHNidxjkg+UQKB3anELX7IrbkNLYch5u7VKFegSd6Mm5VC2b2rlxi24t7rLTnANuBGO58MJYjt/mxYVNDFo2pwNxh0YzeULp7Bv+wEs7FYMLhcBLbLICvN9VlcAM7Ix7czzdxxbf/SsZaHqXumzTGtDjG/M/LM3NlCBsWBxC7PI47uh0nmb9I3wjlb3QF/r/YsjKeBDzo2cl1QPZ+ysTGJXF8ERNMlyAbP6+6ROCztZna2x/w59NFNloMuABUpNcUK0smxrNpTg3anXGdUJ76oBrWqHPMPgoRrwVxX1NPMqjA+DHJPDYjju/iAskAAvvVYua4qgAkb0nHZMrkoQf9CSTXO0P3SeTI4QtEn/XioZdDaf0MNAyErQB4ZK9qMnmzek4d6gEtJ6Yy/8EUElPhl/8mYgr05cM5tQkCbl9lYlfAEY4UsT8cDgf9wnbQL9cyk8nCon/XwpfMfHVPY1jAJQL71WLOEFdbZq71YGPICZZ/mYTlSMnbnr6xMf2am8Bmo+G8mvzj1gDa1YCYMw7ue+AsW7dlZF9lMpm8s8uiTzwbIyuwcGowQYDXiDgeXHqBmAzfIvfZ9VAB2Lo8meQ6HqSlOYmLc92rE73/AoRVdq/lkesZrn9bcHf3YTs79qXT6Z5abN5UFUv1CkDBKzqRPzWlRyjQzsynMw6QnOnEVopxV1j5Zz9yAk72/naBFp2q8MZPFRlrsRYyXViRcetv5vZVp1m9MollcxNZNjcROMazi0OZ2gVWRxY9HlqH5C4rp915/wGhHXxoaUqkzu0BhNUzsyl7/bRiyx9A0ccBGaVtY9mL++UUHXvmugl19Ak+AUwmDz74Xy1igVvqm3PW3xRN6CM5V0HqdavGd+9ULqbtsVQuZr+U5jgE2LoyngRMTB1bg1peDkL61aDfymiWvB3HxM518L02uydb8ediAAcmkzefutsR9pGDz0NO8MUvidiLHXelH2t5ZDhK1TfrBl9mmQNe+box/cLMQGU+xU6LAYn8FOfP53+BvhGFsuskjWWLM3A4YFDYDgbleuSdpefp0u8SnyfA3U1y5mssud5MhXWvSp2JJ1n9nQ2/4/EkUIEnO3uS+o3rXc76l46w/qWc9U0mi+t8kAZ3t6mYvTzDDuAgM/8NnYGBvB2ZzNARSfT5xHUiaNnNj8iZ+d+3OcDffa9Fdnmuc4/ZaoKEzFwzkl7cWgd2FbNXRi2oS8eqYM90gJeVlrf75Bz0ueuebOcI0KOTT86Tfb3pUgeW7s1ggG/x2zaZylO7tvuisKcnVTIu8Ezr0+SeVTK1zLqnwtXGnPNp3v+7muyBpZh91vw6nLlicd1TNrVdznTevL6/M3HESR56sHIxz7QyfEkQB0fE8FK/Y7wEmOpZiVzYkHr5koPJZKKaX9b/zDTyd90Xk3q+uHFXdPm9R4Qw5XA0L006zeJJpzGZPOg1pRYzhgTmmbKxxaTx20lo16MO7XrUYQ4Oju6O5+0XTjJ/wFE6htUsdjyQJ5QVlN09dofr/rTMy0CuF8oSx1vRx8HtpWzjtRB4bwOOHr2MrzWTCS32kTwtlDmdrCTby+FrTWE5sH1fzpsx79qVmTnTitXbg30rY5n/g4204tr+WzoNinqsFMdhDhMOxyUGtfs971LfS6TBNX7hL+FcPK4K4ICbzTnnAGt56gPbf0qlAlc27kocawDeZppSct+c7+OByeRBw9o5z/eq4rpHzZLyx86ROW5k3who+vK6iNt0lmVx0HtOXTZvasjXXzdk8+a6PNsSts6IZXdgJdr7w/Z9OZeSLeZcN4QGBvDcA7B85hEmv5XBzSMCaQ5YvFzdN2rtTSQmhpGYGMbRqLpE"
04:29:03.807 [Forwarding screenshot on session ed2d6660-f69e-11e6-a414-872b36aae4a5 to remote] DEBUG org.apache.http.wire - http-outgoing-0 << "RlajibcrQPhWyXcCAPLf0WmLSyG2ki+fxodxIKohi1+pyG+fJPL+T6W/yzXT7gBy38R6gT3HwauI9U2m8oTf58/t7fxpd28g7XIHMvLV3ddMTWDVF7l+M9OWzq7jcHcrz1Js25F9NTB5y1E6Dkum/oiaRO127bel/Ty40t9/L4t99sflPnyttLrJDFzKmT4hp6stZP3Wm519J2Hkh61IPNqEDUur0T7NzohnTpc4xZb1klH8uCu6/H27L1CnewiJia3Y/HVtJvYqx/KJp/gu34YPfXqMzp0PsC57KtJEveZVmTrW19U+z+LHQx6Zzrw7wmoq2NXmfDdflzDeihNXyjZeGyZ8fc3gWQ4SAEt58DTj62sCz0q0bQPH58eyzn3zn2c9f/r1C6Z3jyDuCXWPpeLa3qbCHzwOXTLtlzCZKvC1e+wkJoaxaWUQ80b741/WuySfEs/FWSvGOHJOk/ZLHAFuae9V/Li4mrEGpe+bTKdrWjU2591kxoXLrp8+f/Qc6d7EDewbcVEou+YcfLU0CZOpAs/09ie0uQ9hYT6EhvrTf4gXDsdFPt4Abe7z4Pj8E8z7JoWYA3FMeC6JnO4x8eAAPxy/pbMxwYP+fVyXNHxvD6SbCSKfO8KG3TbiDsQxutMxRoyIJzH7tSPXr6BnOnE4HERtTMp7E/CJ8/Trd4KR086R4edFk4bus4olp4yc13lnoR8Z0PoRfxyOVLoPO8GWqASm9DjCekdx76wcZJT4K9hZdfchopcHCUtOMW1DEjFHU5g37BjfOuCWmytcxbahev0K1PA3sWXVYfosduZbufA25n48s8R9dm35Aju+PsuGdbGsW3eGxdMO0HlaBtTxoUUgYDFBQgoffZPG0d2x/OOZZFzjKZN3n4jh/r5H2JJWjiYtKlEdoL4Z79Juu9hxV3T5MR+f4olu+5m36SLVG3hTp6oJMGHJt8+ad/KnngkGtNhN5KpzREUlsWHZUTp3S4Y63rQILH485OZdzYLD4WDBv2I5GpPG4jEncq6QZrjG14EfzrH7aFbkdJJRwnjLWa+gvaVs47Vl5p7pgTwQUi7PsiELa3EzGQxovYMJ886waUsSmzacYULfHfSc63Dfz1lc2/3L5Dhs8WBlHI50Xh4dw4EYO1EbjtKuZwxDvsu4xlcTS3MutgHlccQlMXpeHDExKcwbfYrjmOjQpPj2X/lYu7K+qXNnABEmGPvUITYdtRMTdYZnn0gF/0qElHBMGL9vJIumL6+15PN8tBZuHuy6upVbvYeqEjEkjfnLE4n/sDFHkg7wUs9DZM0ImUw5mdm3XTX6BSay5OYAHsyeVfRizk+1sD1+kj7uy82mQCvzNjakOQ7Wkfc3sAJDvAg3JTOtXzSpXo2wuh/3DKvF0nEX6DPtJM2nnQSgZe9qjLrXk8ObTRCUNX2X+99ZXHX0DavN7pVOHn4sjs7L4mgZ4UW4KY2aLfK+SOYo7/5ojsJl1S1LlzmNOW47xKQ+0Uxz75txS0MZ0twMFL1tizWN3O89fG+vwSsRSUwaFs2yYa4pt969LSxffpG9yYW10ZTv7aTrce9i9tn1UAHYPPcsm3MtC+9WmYmvhxAEBPUL5pGVx3ip5wFeAv7WuyL+yzPIwItXPwkkulscnZu73seb6lVkxfSaeJKZvd8tVleYyC2nT4obd+Yiy7/Xz4vBO47w0iOuOplMHgye14B7878y1KvBF186ePaZWCYNOpm9ODDcl/8uaeBqXzHjIW5TTt09m9dgQb9kBs2OIWw2mMIrUM+U7i7Qi57tPZg2O5ZdyWYW+ub0fXHjbdO6oo+DdmPqla6N15SJe/vVLrg4qCobfinHjJdPMful08zNWttUnn6vBTFuSFV8KeFYu8rjEHLGT+Dt9fh6zmUeHxFL+OJYAOpFBPDR1KrXdreU6lwcT8dGDkz1rERPPEHzl1xtnLgilM5BlND+0o+1AzPztbWUffPvjTUZ0P00j4TtcT3e0osVHzYiFAi96r7JOUfesL6RbB5Op9Mgn+YnAMlxNtIoR1BgIdOOxYiLsZFh8SAo0FryykWxZRKTcBmLl4VA3yu7iBqz6Tgjl3ow953arpuak+PoEHKCW1Y0Y2YZBhVbnJ2EDPAPsma/c7uabbv28x/cX/CH9tn14BoXFoIC89fNQVxMBhmWKx9rBcsvbD8WXX5ynJ20fH1YlOQ4u+uKlMVc6P4tbDwUxpZsJyENgoKurL9LW35h9S5tG28IWyZxdiADAovo/+LaXibHocGPnaz6eQV5FriiVOy+ucqxlnu7xfdN8cfu/4u++QtTKJMykRx1nHod4zGFV2TE7eXYGJnKLix8sLO56x3mX3TbIuKi49C41Dd/HgplUmaObjrD20vPczzJQfWbfejdL5jbg67Pu6wbuW0RcdFxaFzqmz8HhTIRERERA1BMFhERETEAhTIRERERA1AoExERETEAhTIRERERA1AoExERETEAhTIRERERA1AoExERETEAhTIRERERA1AoExERETEAhTIRERERA1AoExERETEAhTIRERERA1AoExERETEAhTIRERERA1AoExERETEAhTIRERERA1AoExERETEAhTIRERERA1AoExERETEAhTKRv7ILF0hKSiLjRtdDRERKVP5GV0BEroGkfXy0cBk7EzIxVzCTmZ5JrTZdeLprOJUKrLqRhcu+ICEToDJ3du/LQ62DIWk37761lIPpgLkW3f/xDK2rW7Kfd2jDWyyLu4NXn2wNJLFm+j/ZmuB+0GzGTCYBt/RhZNfmpaiwnciIPUzanHdpt3G1mDmuKr751h0dsAf7B82Y09nzinZLWftmwg56znUUWG4K9GXngQYE3YA6icifl0KZyF/NhX289c8leHfqw7C65YlLuoRXoCf7Vy9i8nwbUwa3JydaxbJiyRdcDuvOi12acvKbD1m6ejUNWgzk6MKlHAy4lzHPtGb3hzNZPf+/NHy1K5VJYvPKJayLOkPlsKxTSEVue6gPDS9BeU9PYn9exhd7oUWr+qWudrm5z7MAAAhpSURBVEosmLpV46fxlSEDYned5ZFBJ6l9uy8T21lzrWnmyRW1oYWlyLKul9ZDGrLpUROWC4k8/OBZ7p5el/HtraRllFcgE5ErpulLkb+YHf/5mIw7n6IDPzFn/mfsO/QTi+Yso3qfUYTFfsF/913IWTkjnaAWbege0ZrKlko0bxeGmXiSYg+yLQE6de9IgKUy7bv9HXP6Lg4lQdIv/2HdXk8aVQb7payCLAQ3aU7z5s1pUgd27k2nXqfBtK+X/7pc8erUrkBoPS9CQ71o16MeowIh+YKTuC3HiYjYS0RoFAEdjvDF+7F8F32BaRHbmbDhovvZNqZ12M6Ub2zEbDlFj9Ao/PyiCAjYwYRVKa41DsTSN8y9PHQPq3ZfIDJiO8NWpbnLyGRejx2MXnex0Prl5xvkRfPmFQltUoEgoFqIF/XqedE81BNw8E3kPvz8XNuLmHCGOIDkBP6vnfuPjbq+4zj+7NG74yh4B70r/QGSEyuiVEa6Tro1I611Y7TddAjrAAdhLLZGByRoY6BqqMmCXYaN0TYRsUNQA5KRreg2fjQSEQYrXVEEZHJxpT/oXXstpfZ6vfX2x2FbbBG7ufilvh5/9b6fz+fb9/eSS175fL6fz4NZH/Bgzgmczvcp33iaRY+eJctZg9N5gnXlF9iQExmTusiDB8DrZ13Wif7nKdlzaUTfq4jcGBTKREaVdk5/ZOXerASOHGgm77HHWbK4gCfXriLZGU9aagItzf6B7hY3eUt+SnJMZOxbr7xJr+0ukmMBbIz/bHXQHN0/re6Y/XM2PV3Ad6fbCPUOraD2zR002VLJz5wy4uo/+egyR2vaOXrUz45NZ9jsBdekMdAT4siRbmYWJbLtqVg6jgWpv2xm7vfHUPFbLx0AZ32UnowifXaANbkXGVs0nba2VP7yrJWKwmYauMSj32vgw8xEzjbOYktekMLMZu78gZnXN1yMBCaPj+LqMBlp40ZYeV+kht5w/xXPrnPkl4TYXjOHNs90btnVyIrydqCPhpM9NMx0sm1bIklRQapfD7Lu8CyqSmxsXX+RwIrpvP9OIvbq"
04:29:03.807 [Forwarding screenshot on session ed2d6660-f69e-11e6-a414-872b36aae4a5 to remote] DEBUG org.apache.http.wire - http-outgoing-0 << "NnYe7WF/mYdKWyxn21I5XD6OsqKWSL0iMqpo+VJklIoGxlz5hXd66/GPncK138Bq5k/PbebdpgTyH1uMk1ogNHxXS2TZMDBcc/A0++q6uSM/C8fQRmr3VXGuEwiFmJqWQ/qgmTSLHfr2+sg91kqfN4zLbeWprdNZPdeM950wJpOd4pUJ2OnhvStj5i2Lg9ImDndMI+ZVL/wonmyXg7TjyRyu66SsxMffq7thmgOLN8AhTLxQnIBrLNz3TAppRZCEn9iSev7aALfvbIHMOOYPXnsMNrOv6hCdRBMKjSUtZwFfZgLw47pPARMHXz7PQfo43wp/2+WnY8l4OjCxqfhmsu2w/71/EbsikQUzrHQ0WzCZwixf5CCJGDJjG/G2hZk800bfiz4ysrpYuWwS1e/G4bp+CSJyg1EoExlVHKTc1sPbB5u4f56TLb95Ds/saOrqfNy3dir1NU3ELZ149ZCu01RsrMRju4OCkuW4LUB7pGlgeTJE6FohbRBf3TFamcqiOc5hWnvp8rbQ0gaEQkz83DRbsANcD9/M2WeuHTeG7CJNclJydyOvVFzAUdHH6ionBC6xLu0cf5hmZfUvJjL/h928vXWYm42FtlPdWFKdFGXW8/LWC9y5PUTBC67PhddO/I0ttERDKDSJwHW/hUGm2bj72zEEu2BO2TgWYgMiGwOCw2yJDRKGWAvxAPTRA2CBlKUzOHJ7Kwff8rNrUwOlj3vZ/XEK8+xD7yEiNy6FMpFRJuUnP+PAxkoOZOezakU07ZdDpKWP58wbz1MTn8em5MHTPD5eK63Eg5tlBTlMaGvmQggmTnFzl62XP+89QsbydGr37qcXNwlDp7+uUn/uHLhzcA/bGkPGkgIyvrpHBcz8eK2d9YsvYnJN4PhcM3j9HALK/ziLRUmwZ4MPWoM0uyx8hz5+/5qf7MKJHC0/Q25xNMd9M8l7xMG6+y9y0jSO6mzr1f/CksziR5JHXNnkJDN88m+mZiYw1x6gLOcUL96SxMrcMdce1Au0Dr2861e1FJKI76XbKFzWhDOtCb/OOREZdRTKREabmJmseWIVOyt3sGV/CJsNurvBnfEAT+alXdU16Knlw24AD9s3l165auOBJ54md1Ue/3x+D0VFewAb2avyGfyWWHS0NRIiBgn1gu2m/+6YCosdkqxf8JprbFT/n5HYFPmclB3HQlMH7WviImHQNZ6VmVE8lFLDQ8C37rEAAc54HPyuysX83PNMWg8mk4mSquTImHmTWWpq59TqOL7MAR5DmbADVvNAjSmFt/LsidMscNdEerjHs7syHvACpv4dsGbof3fPYo6C2IH30j57zrxfJ1KZ2cik3Y0ApD+cSKbWL0VGnahwOBy+fjcRuSEFu+jqhZiYke2CHHQD2n2fMs7p4Os/gGJkOrw9MMGKfUhG7MPr7WWCyzqwTNnQQtbsen55OJWlM77aOgIdPXQGTbhc5v/xTpG6LRYrdi1bioxKCmUi8o1WU/4B967vwbQwngsvJX3BZggRkf8vhTIR+WYLBKj5R5Bb596EJqBE5OukUCYiIiJiADo8VkRERMQAFMpEREREDEChTERERMQAFMpEREREDEChTERERMQAFMpEREREDEChTERERMQAFMpEREREDEChTERERMQAFMpEREREDEChTERERMQAFMpEREREDEChTERERMQAFMpEREREDEChTERERMQAFMpEREREDEChTERERMQAFMpEREREDEChTERERMQAFMpEREREDEChTERERMQAFMpEREREDEChTERERMQAFMpEREREDEChTERERMQA/gM+3WY+mBhx+gAAAABJRU5ErkJggg=="}"
04:29:03.807 [Forwarding screenshot on session ed2d6660-f69e-11e6-a414-872b36aae4a5 to remote] DEBUG org.apache.http.impl.conn.PoolingHttpClientConnectionManager - Connection [id: 0][route: {}->http://localhost:27950] can be kept alive indefinitely
04:29:03.808 [Forwarding screenshot on session ed2d6660-f69e-11e6-a414-872b36aae4a5 to remote] DEBUG org.apache.http.impl.conn.PoolingHttpClientConnectionManager - Connection released: [id: 0][route: {}->http://localhost:27950][total kept alive: 1; route allocated: 1 of 2000; total allocated: 1 of 2000]
04:29:03.852 [Forwarding screenshot on session ed2d6660-f69e-11e6-a414-872b36aae4a5 to remote] DEBUG org.apache.http.client.protocol.RequestAddCookies - CookieSpec selected: default
04:29:03.852 [Forwarding screenshot on session ed2d6660-f69e-11e6-a414-872b36aae4a5 to remote] DEBUG org.apache.http.client.protocol.RequestAuthCache - Auth cache not set in the context
04:29:03.852 [Forwarding screenshot on session ed2d6660-f69e-11e6-a414-872b36aae4a5 to remote] DEBUG org.apache.http.impl.conn.PoolingHttpClientConnectionManager - Connection request: [route: {}->http://localhost:27950][total kept alive: 1; route allocated: 1 of 2000; total allocated: 1 of 2000]
04:29:03.852 [Forwarding screenshot on session ed2d6660-f69e-11e6-a414-872b36aae4a5 to remote] DEBUG org.apache.http.impl.conn.PoolingHttpClientConnectionManager - Connection leased: [id: 0][route: {}->http://localhost:27950][total kept alive: 0; route allocated: 1 of 2000; total allocated: 1 of 2000]
04:29:03.852 [Forwarding screenshot on session ed2d6660-f69e-11e6-a414-872b36aae4a5 to remote] DEBUG org.apache.http.impl.execchain.MainClientExec - Stale connection check
04:29:03.855 [Forwarding screenshot on session ed2d6660-f69e-11e6-a414-872b36aae4a5 to remote] DEBUG org.apache.http.wire - http-outgoing-0 << "[read] I/O error: Read timed out"
04:29:03.855 [Forwarding screenshot on session ed2d6660-f69e-11e6-a414-872b36aae4a5 to remote] DEBUG org.apache.http.impl.conn.DefaultManagedHttpClientConnection - http-outgoing-0: set socket timeout to 10800000
04:29:03.856 [Forwarding screenshot on session ed2d6660-f69e-11e6-a414-872b36aae4a5 to remote] DEBUG org.apache.http.impl.execchain.MainClientExec - Executing request GET /session/ed2d6660-f69e-11e6-a414-872b36aae4a5/screenshot HTTP/1.1
04:29:03.856 [Forwarding screenshot on session ed2d6660-f69e-11e6-a414-872b36aae4a5 to remote] DEBUG org.apache.http.impl.execchain.MainClientExec - Target auth state: UNCHALLENGED
04:29:03.856 [Forwarding screenshot on session ed2d6660-f69e-11e6-a414-872b36aae4a5 to remote] DEBUG org.apache.http.impl.execchain.MainClientExec - Proxy auth state: UNCHALLENGED
04:29:03.856 [Forwarding screenshot on session ed2d6660-f69e-11e6-a414-872b36aae4a5 to remote] DEBUG org.apache.http.headers - http-outgoing-0 >> GET /session/ed2d6660-f69e-11e6-a414-872b36aae4a5/screenshot HTTP/1.1
04:29:03.856 [Forwarding screenshot on session ed2d6660-f69e-11e6-a414-872b36aae4a5 to remote] DEBUG org.apache.http.headers - http-outgoing-0 >> Cache-Control: no-cache
04:29:03.856 [Forwarding screenshot on session ed2d6660-f69e-11e6-a414-872b36aae4a5 to remote] DEBUG org.apache.http.headers - http-outgoing-0 >> Host: localhost:27950
04:29:03.856 [Forwarding screenshot on session ed2d6660-f69e-11e6-a414-872b36aae4a5 to remote] DEBUG org.apache.http.headers - http-outgoing-0 >> Connection: Keep-Alive
04:29:03.856 [Forwarding screenshot on session ed2d6660-f69e-11e6-a414-872b36aae4a5 to remote] DEBUG org.apache.http.headers - http-outgoing-0 >> User-Agent: Apache-HttpClient/4.5.2 (Java/1.8.0_121)
04:29:03.856 [Forwarding screenshot on session ed2d6660-f69e-11e6-a414-872b36aae4a5 to remote] DEBUG org.apache.http.headers - http-outgoing-0 >> Accept-Encoding: gzip,deflate
04:29:03.856 [Forwarding screenshot on session ed2d6660-f69e-11e6-a414-872b36aae4a5 to remote] DEBUG org.apache.http.wire - http-outgoing-0 >> "GET /session/ed2d6660-f69e-11e6-a414-872b36aae4a5/screenshot HTTP/1.1[\r][\n]"
04:29:03.856 [Forwarding screenshot on session ed2d6660-f69e-11e6-a414-872b36aae4a5 to remote] DEBUG org.apache.http.wire - http-outgoing-0 >> "Cache-Control: no-cache[\r][\n]"
04:29:03.856 [Forwarding screenshot on session ed2d6660-f69e-11e6-a414-872b36aae4a5 to remote] DEBUG org.apache.http.wire - http-outgoing-0 >> "Host: localhost:27950[\r][\n]"
04:29:03.856 [Forwarding screenshot on session ed2d6660-f69e-11e6-a414-872b36aae4a5 to remote] DEBUG org.apache.http.wire - http-outgoing-0 >> "Connection: Keep-Alive[\r][\n]"
04:29:03.857 [Forwarding screenshot on session ed2d6660-f69e-11e6-a414-872b36aae4a5 to remote] DEBUG org.apache.http.wire - http-outgoing-0 >> "User-Agent: Apache-HttpClient/4.5.2 (Java/1.8.0_121)[\r][\n]"
04:29:03.857 [Forwarding screenshot on session ed2d6660-f69e-11e6-a414-872b36aae4a5 to remote] DEBUG org.apache.http.wire - http-outgoing-0 >> "Accept-Encoding: gzip,deflate[\r][\n]"
04:29:03.857 [Forwarding screenshot on session ed2d6660-f69e-11e6-a414-872b36aae4a5 to remote] DEBUG org.apache.http.wire - http-outgoing-0 >> "[\r][\n]"
04:29:04.005 [Forwarding screenshot on session ed2d6660-f69e-11e6-a414-872b36aae4a5 to remote] DEBUG org.apache.http.wire - http-outgoing-0 << "HTTP/1.1 200 OK[\r][\n]"
04:29:04.006 [Forwarding screenshot on session ed2d6660-f69e-11e6-a414-872b36aae4a5 to remote] DEBUG org.apache.http.wire - http-outgoing-0 << "Cache: no-cache[\r][\n]"
04:29:04.007 [Forwarding screenshot on session ed2d6660-f69e-11e6-a414-872b36aae4a5 to remote] DEBUG org.apache.http.wire - http-outgoing-0 << "Content-Length: 46806[\r][\n]"
04:29:04.007 [Forwarding screenshot on session ed2d6660-f69e-11e6-a414-872b36aae4a5 to remote] DEBUG org.apache.http.wire - http-outgoing-0 << "Content-Type: application/json;charset=UTF-8[\r][\n]"
04:29:04.007 [Forwarding screenshot on session ed2d6660-f69e-11e6-a414-872b36aae4a5 to remote] DEBUG org.apache.http.wire - http-outgoing-0 << "[\r][\n]"
04:29:04.008 [Forwarding screenshot on session ed2d6660-f69e-11e6-a414-872b36aae4a5 to remote] DEBUG org.apache.http.wire - http-outgoing-0 << "{"sessionId":"ed2d6660-f69e-11e6-a414-872b36aae4a5","status":0,"value":"iVBORw0KGgoAAAANSUhEUgAAAmUAAAG5CAYAAADPm0PuAAAACXBIWXMAAAsTAAALEwEAmpwYAAAgAElEQVR4nOzdeVzUdf7A8dd3ZpgZBrkURQexgFDUSHQ1jQzNq9QOS7PD6pdtq23tWlZ2udqm2VrbYZdbdtillrotZlp5bVqZLuaZZJqQB3ihgFxzf39/jJggx3dggEHfz8ejRzLz+X6+n+/M93jP51SSk5NVznPpHVo0dREa1Ij9xU1dBCGEECJg6XQ6PB5PUxcDXVMXQAghhBCiKen1+qYuAgCGpi5AIJCaJCGEEOL8pdfrcTqdTV0MqSkTQgghxPnNYAiMOioJyoQQQghxXguU5ksJyoQQQghxXpOgTAghhBAiAEhQJoQQQggRAIKCgnzeZvDgwaxevZrVq1czdOhQv5RDgjIhhBBCnNd0utrDoeDgYAYOHHj67/Dw8NP/jo6OPv3vgQMHYjKZ6lSOwBhuIIQQQgjRRGobfRkcHMzMmTO5+OKL6datGy+99BItW7Y8/X55gPbAAw9w3XXX8dNPP/Hoo49it9t9Kofi64z+anwa424aROeYVoSYDNhL8vhtx3e8+95yChXFp537Iu1PU7k29hAvT5lDbgPupzI18SZenno73S6IwqwHty2PTcve4aGXljZaGQBUNZHpH79A75Yn+fjB2/loT/0/A1W1cvdTE4g9sJxpc9f5oZSBQbUOYvKEQYS581n+/EzWFf7+WanhaTz+6DAiOUr68y+yobDxzqXqlJc3xO0+/Zrbbafg8B6+emM+mYrSqOe/Gp7G409cS+TJTF6d8V6F/anx1/PUn/tB9nKmzV7le96qlbsn30+nEHCf9a4eSn7hjUr7PFN4nzt4YmQcq15+mlW5Dfw5WAcxeeJVkLmUZ8+4PtTwPjz+xAiKVs1h9qqsBi1DXTXWffrM7yOjw908MTLW5++muV2vomqqNY3777qKi9pGYNKD217ArvVLmb14AwDdb32Im3u04+Tur3n2bd/vHTXxR94JCQns3bu32vfT0tJ46qmnTv9dWFhYoaasqtf+/ve/8+233/pUDp+aL9XudzB7ylhSk2IJcRWQk5MHYVaS00bz7FO3+bRjX7VpF0NUbDsiGnQvFanqTXz+7ykM6hZH64hQQkNDiWgdx6C7ZrBk2rWNWBKAEOKS4mgXm4Q1xF95mmnXIZoOcW38lWFgMEcQEx1NtDWJ/oMTKryV0L8vSdZooq2diGvVROWr7FR5rdFRREV5/7PGxpHcawiTXnuYeFVt1PNfKVzH3pMmohPTuOe2rhXeu3vctcRFhXFoc0YdczcTFll+nNFYrVasVivRUeWvRWKuYetW7eOIjupA65oS+Ys5gpioKBLTxjC2+xm/XVu1JzE6mrYRjVEI3zXmfbpVdBzRUXG0NkOr9rF1+26a2/UqzqKqaTw7Yyy9Eq1EhlqwWCyERlrpNXw8M8b2ASChcxeio6KIj23t9/37I+/aaspWr17NkiVLTv9dOSCr/NqSJUtYs2aN7+XQmlBV43l47AAsuNmR/hIvLck8/fqDLzxJSlx/bo2fz4Kshvkl43QBbhc2reW1jmL2jCv57/T7WFzHMnW8ZyBxABxj+Suz+GJfG8ZPfYBuERB3zW30nfI53zVirZ3TAZgcFOd6/26jqhyt7/7d4HbVu2gBp7wWJuaSy2Hx77UZl196wal/uWj6uZtPsXkvxOylzzFtibesqmrl7umTSYvtRO8EKPXx/K+vRTPmcsm7E4gbcidp8x9jnaJgHfoQadF68jLm8faGwjrlqyhZvDJpPOA9xsdnzyDJsIep42b8XjtW0zntdAF2So+DqoajKHUrhya28vPISNo9j7P2vplkKcrp1wPxsmns+3TWkmk8mBFOYa5CfLILcNfpumpW16s4S8ywnlgByGf9woV8fziSEWNHkxgK1suH0OW9H8j8YTVtDrcgZ/Nav+/fH3nXNvoyKCiImTNn0r9//9PBV15eHl999RUAV199NVFRUYC3xmzmzJlYLBafy6G9T1mPfnQJhdI9S09f6OC9yc6a/z2v3ZuMuX0MZOXSZ9QD3HZ1CqF6AAfZ69OZ9vaXAIR3uZ4Hxg4jLsoIQFHuVuY/P4sNhQrh3Ufx6D1XY7XowV1Kvt1ESGkmzz3yYoWiqNY0Hp94M0lRltN5zH1yFlsq3cwNGKjPUyykPOp1uSh15PPdqqV8SxT//msqHP+ZI3ibFZ+aO4sRPWMxAK6ibD6d+QjPLd2DmngTc2f9lZ6xp+o3XEXs/OY9bn3oXRLveIn3J16B+1guzpZxtDa5WP/K3bx48kZmPXgNsaHer6bgwHr+OXY8nx8pL5WRK1/8N3d164gJKMhexYTrJrK1nsGZqsbz8AsP067sOKbYWEKB0iM7+O82GDwkGSPgyNvF3GdmsqFQwdrnVu69rT+xod7v0V2Uy+r5z7NgQyGq2oVx0+8hNTYSgLwDuViijax4+hHScyK46cFHGZ7ivYRxHGHN3Ff5aEMuqhrPuOl/Ob2duzSX1e88z4ItPj54baAH3A43xthLGBSusqpQQQ0fRHerkfzcfCKtplPH3Z1xT91Gapz3YsJdyp7v/8Ozc1dhHXQfk2/pSmm+m6ioUACO7FjGP15cRAEJ/inrmYJ+r2JQlFw+W7eftDFJtIuP4cxK9eo++/knh/HypIHkLXuJZxd7r9H46x/jyRHRLJ0+kSU+PIgVZQsvfrKVWWNSGPX4MNbO3Me9I5OhdBf/emMlKAqqGs+dj49jQNKpDq6OPNbN+xdz12Ux9KF/MrL9IZ6d+CJZioJ10H08dUsc6VMf4cvTTVtmym+DEUBu+fENeoCnbmnP8qmPsCTX+7099+JN5C99jkUAWOj3t9cYERUKuMnd8RXPv7iIQkXRfG/Q6vRt2pLEnx8czKRXVlG5Kq+6fSY99Rr9Q3fx9CNvkEMM9z83mR7GvTw78UX2EsHd05+lu+s7pix1/n7fA/IPZPDOlDfIrEuZNd6nrfEjmHxLV4qO2Im2RgJuDmSsZk9oLwYkef/O3bqUya8sqeUaOfVdPfsIO3wvrZdP12v155z3eu2GuxRCQ43k71jIxE9K/Ho+iKqZQ1p4/+F2Y3OeJHPLBnYSwfRRF8PJbAqADm0TSeoaTQfzQZZsyKX7qIe45+pkLHpw5GWTVRZKotXCjk9mMCuzF889dS36nB0cMnUk2WrBG0ssYloVzZNhZ+Sd/oOZB194mC6WUvbtdxCfZEWP97t/88lZ1V5XNXXM79u3LxEREbRp0+Z0QFZQUMDo0aMpKioC4L333uOzzz4jIiKC8PBw/vKXv3D06FEKCgr47rvvNH+WmpsvExJi0eNm05fpZ72nbJnLhPEPMXddLuFpDzB+eAqW/F2kz53H+j0niUsdzcw/paGqfXh00gjiouxkLJvHwjU7MFlTGD/9YaxqHx6dMByrIY81C+exIrOISIseY5i50j2wK5OfGktSlJ316fOYt2wremsKE164n3BVxdq9D4MGpdGvVxv06Inp1Y+0QYNI627V/KGU27J0FYcADO0YNWk227dv5tuJKWSueIdRd09jj6Lwl4/fZVTPWAyuIg4cKsAQGseYGW9yf6LK9NeneAOyokPszj6EyxBK10H38liKSkhYa0INJiLaxdHaBFDM7uKrmD9lBLGhBuwFhyhwQURsKjMWvMzv4zpMdOzWkZOHjuECIuIG8fT063w+tqoEWSxExcZyeN0yVmTkYolOZviQLuxbt4w1O3IxRiUxbHBXVHUQj4wfQqz+CMvmzWXesgxKQ60Mue0urKrKTU/dT2psJNnrlzFvWQaWWCsWo4UgMwx+8CmGp1jJ3bqCuXPTybZHM2D841wfr9Lvwb+QGhtCRvpc3pq3hnyLlSH330+86lO3x9P2b8vEQRSX9vc2iSQMTiWSPLb8dITy3yN3PjuB1LhIdqxZyNy56ezKM5CYdgOjrCrmkAgsegtRkaWsmDeXZVtziU4ezqN39/B7WV2AIciEqoYTHh6ONT6NPw5KBErZm5lzRsrB1X72MTt3UeDWk5jan3BVRVXDGdg3CX3pEXZU31WiWoWrXmHZnlJCk0bywgv3E6t3sOaNU7VFwIjJDzMgKdr7Xc5bwQFXFGljH+bWLipGcxj6sBan8zKHRGHUh1G5xa+8huTM307mkHCM+jAs5WlbRRCpN2I6I2iNjLSzZuE81uzKw3rqO1HVLjXeG+rCAOxKn8eOIohKucnbjHlGYWva56FDpRijutIrBojpRVK0BX1kAr0TgIhUusdasB8q5N57h2N1Z7HwrVdZuC6byNhe3Pvg4DqVV+t9uvzcjrY6WJOeztZcO7G9hjCgQxlr0pexK8+NNWUg11vVWq6RU99VnUpbkZbrtaZzzntMRkJDT7JrzwH27Xf6/XwQVdu7PoM8AH0UA8ZMYu7cd3jt5kSy/7eUqc99RK6i0L5dNKEWC6EtQlD7/In7h58KyPKPYI+MIyk2Cr3eQnhEBBBEqFFPVFwKydFu8ovcgJG4VO95V9mZeQOEWCwYLVEkJlk5mVeEGwi1pnDnuMuqPQa3++xeruWefvppJk6cyJgxY06/9umnn6KqKmFhYYSFhaGqKp9++unp98eMGcPEiRN5+umnffostdeUnWo2KDpVY6Oq8UyePYXE01ejm13pz7Kra0cgl3cemckGRUFdm4Hl5Vmk9O5Lr2wbVmDHvJnMXpULrGIf05g0oBNX3W7GCmyd9xgfrVPgy1UYZrzDgKiKN2zL4MEkGiFv60pW78jFTBb/TUhgeFI3hiUkEHf/eBLPqIVMGTGWFIDcFazbssCnD0fZ8y5D7nQwd8afSImNwICBiNiujBg/g2uGXc7Nw35kWDdvLdimj59i7Is2Xl/zKv1at6bvtd154/XplPTqTF7GGo52uIYH/9iO1gZHpWr4Y7x/5wBeLOnIPU+8iwmwZ6fT6/qpqH0f4t9P9ONkpSfq7sUPMWraKh5a8D13dQ3Fmpjo03FVR28A94EVPDt3Map6kIvfH09U9len/t5L0vsTvAkjclm/bh3OrV+TngVd4438lteL5MhwIriM7nEWHNnLmPb2YgCymMqU4TFAApd2iYSiXSxduhF7OCz98kImjE6hW48EMvQGQE/bhARarN/I3Lf2EWU/eDoI8IUBsOds4peuySRfejksyaJfzzjIXcH3xzowwHsg7NuyhjX/28OH6T+T0DWevYfySYoOPbPSiox3HmPBBgV15TZiXptFSvcrafOb/8oK3uAkdsgE3h9S8fXcjP+wJFfh+vIXavzsN7NiYx7jU7sxLAHmM5ieUZC7bkWdy7Voxqd0f3cs1igLR9bP5aNMbz6q2odLEy24D6xg8ive62ptppM5M4bTo/9gvL8Lz2zg8/5bWxNUpbRV1HZnvPMIH21QUJdn0Pq1WST3HELyAVsN9wZYUMc++SYymfnmOuZMSiNt7MN8PeXn00cWUcP9qN1n3+BIHUK3XjF840jCW9dqIbFHAhEl3QnFwQ+rdxHXE7BE0jGxA+vWfsxbe9tjP/hr3Qqr8T696NRfGW89xkcbFMIdScwancTWT5/no3WFhDs6Mmv0BVjMtV0jvnyv1dN2vV5W4zm38dRvl4y5zzB7XSHhgx5glg/nw9ChQxk2bFiF15YvX86XX35Zz6M79ym5X/LIdCePj7uOxOhQ9OgJjY4jbcR4Lr8smamPzcF5xtCeEQOS0QOO3HWMnzwXVR3Ec++OIfqMZ7c3dR4LH36E5QU9mD5nArHGCg0KpzkrDRsq/+vAin8ydUEmo6a+wfA4C5Ht2ld7DDUFZVWxWCwVptHQ6XR1aq6szMcpMSx06BIDubnAcf733XoKWoDTEktqSmyFX7Llg0AVpZDdR0pJCYOgEDPg5lBWDuC9uRec9N5xvbGvm6MHf9/byRI7Z1QRARAa4Y2Eo1JGMyXlzHeKcLKXN6ZOJoQSSqKv4/kJffnu1af5/AiElPy+T61Srr2Dq7pY+f7lUYxdGc7g0UMYduN1DOraDkPsQG4ckX+643XPu15ix12/bxtz8R8w04vhQ1OJGDGq+p0U7WPNFlCUPZhPzV3nOOm9oyrfvcSo4S+d+nzKD7aIjM9XAgp2l/ckcvh0VDXQQ/7h8lqZo5S4gezygLCQEre35UYpzKTAMIqbJsxgxJnbl7qwJcQRBeRk/t50sjfzAO7hMQS17ESkETAmMX7KlAq7jkhIZvnMuXR8diwpyWmMSU7D24TyFds2763TiDG941dWbM0jObUrfayDSI6GPQuXczzo/lMpCvj1KAy7eTzvVzyQCg+ZopPe/ytKIbtzSklJbEHmi3OJ8WdZgbwda1jz80mMxiCCKGHvjvVsyarUHFqws/rPHti57DvuSB1Bj4GXke3qjZEivvtsM76e++UUZR3f7RnF6CQ9m5at/T2fmGhCgf3bt/2eOCeTfY7hxLdtXa9uA1Wp3H/rzO/k55xSkhNNtIrw3tGrvjfUQ1AESuZc5mV0YmyvZCbcG3T6pt+qpvvRkY1klQ4hvls/hrk6wJEd7NAn06nL5QxzXQClv7B2717WzlvDxJsHkDJgBCkDRoAjn/WLXmdLnQd2arhPOwEcHD166jiMeqCUnF8LAIVW3pZxnBqvEX+o9XptWcs5l+Mt19HyY6jxWXG28uCrPDCTgEy7+D6D6B3Xmu2fTmHm5hB69OvFZf370isuCn10T/olzKH0jPRBpzoGGPXlV3YmR0shOrRSxqX5/FIAUEiJCzD68gOglO0bdwIKzlPPypr6gbpc1b87Y8YMOnbsSHh4OEOGeH85Dxs2jM8//5wTJ04A0LJlywpB/VdffUVRURG7d+/WXGLwISjbu2M3pSMSSR52C/ErXyRLKWTVgrdZBajh19NzViwAQVWMYGgbaQEMGIMA9ES2j4BTDxvzqTYKPWe/FxZiOmvcvLPE+8Ke9Ok8e6pTtLX79QzvaSHzOBQW5lIIqLgwYsRVmENhrkJhHR5Kl4++lzHdQuG6i/ll5e2sWrSHlXtasenDUZhwwL5M8lwQaoBN70/mH2vyGXLjzSRH5vP9p04mzk4lAheb5j3F2Jn5fLJpNl0rN1sbz55F2BjmHWakJj7EivkjIfcX3vnTq79/Bj4fiTYGoOyMqNgAuMvsFf4GsA59jDGpceTvWceb6WvZkpnFrdPeYUg0sDeHk0B0QiLgDcwSusSiB5wn9lHkhqgjaxg7+SPvMYZ3587RKeRtyiChXypH/zeXu9KzuGzwYFKvvJLklMEMS1hUp1oOQwhsXr0ZR+oQRt4/jEjySF9eQMjph0sP7h07gOjSA6S/9QkZP+yEEZOZMeKCM3KpeAK2j7KAvRhLvwT/lhUo2vs9X35Z88Ythz1e/WcPKLlL2JR7LWk9RzKSKNwH1vBlPacRMJZ3gD3zF2pOPqVAh0u6wan+a0RcQJQR8g7kwKlBUOWxmc2X339Bhooblzgrbe2g7NR7qhpOxxgL2O2UlHhfq+7eUF9r33iVni9PIzkpCYDD2LDVeD/ay9GdeST1GshA9OSu+S//NbQhOW0AQ4Aj6zeRQwLDYuDrNx5kZUE8w/pdxuCBvUi96SZWr5zpcw2n1vt01Qxn9ZfTdo34R63X64lazjniKhxDzd9N1WU4MwiTgEy75AE3MCTRAn3j2HffDLasy2XzwTDmTBmAsYpQ6GhBKWDBTSjhqkpBQi/aVw7IGllNQdkXX3yBy+VCURR69+5NeHg4rVq14q233uLrr78GvLP7t2rlfXYXFhYydepUVFXFYDD4VIOm+U6pZC3m0/XdGZuazJTZz5GxYRO7D5XQLu4SuvdOwgi4nDY2b9vH8LhExj51N3y8lrYD7yItGop2ZPDNSifXDI+j15hHub7oXfa06sc9Q2LBfYCdH68hflAive78G2NDvsbWeRADrHoqhNcYKF2+hiOjk0gcNo5b8z9ko6ML4+4ZTrQ+j1/mzP+9QqAkm4wdGWTX42b8+sJvGd9tGIR2Y/aW9Rw6ZqN1u9beD811iMwtn0PWVOI6mug58l4e7ljGpakdve//74VTp6KB6E5X8vq/u50KyIJpH1ux+q/F"
04:29:04.008 [Forwarding screenshot on session ed2d6660-f69e-11e6-a414-872b36aae4a5 to remote] DEBUG org.apache.http.headers - http-outgoing-0 << HTTP/1.1 200 OK
04:29:04.008 [Forwarding screenshot on session ed2d6660-f69e-11e6-a414-872b36aae4a5 to remote] DEBUG org.apache.http.headers - http-outgoing-0 << Cache: no-cache
04:29:04.008 [Forwarding screenshot on session ed2d6660-f69e-11e6-a414-872b36aae4a5 to remote] DEBUG org.apache.http.headers - http-outgoing-0 << Content-Length: 46806
04:29:04.008 [Forwarding screenshot on session ed2d6660-f69e-11e6-a414-872b36aae4a5 to remote] DEBUG org.apache.http.headers - http-outgoing-0 << Content-Type: application/json;charset=UTF-8
04:29:04.008 [Forwarding screenshot on session ed2d6660-f69e-11e6-a414-872b36aae4a5 to remote] DEBUG org.apache.http.impl.execchain.MainClientExec - Connection can be kept alive indefinitely
04:29:04.009 [Forwarding screenshot on session ed2d6660-f69e-11e6-a414-872b36aae4a5 to remote] DEBUG org.apache.http.wire - http-outgoing-0 << "6f2t54/dhmGKG8X3X/fG1qIdrU0GiHSw9Qj4ZxGH2mgfz1527ABZOTaGjp3KkNjy72otG/fczPCkEUz9UxDr89tww/A4vG/uZM9+B3Fx/XjyjkN88v1xBt5+D6lxFnZlf40xdTBD4q6mDe+wKCOTxEvTAHDWudbFDHvX8kvREJKtkTiyV7BOUYg/9W4QoRgBSo+z5+ccIvrdydgR3n5cv4fKevqNfZxDc5cSdPktpEbBkfXriek/1s9lpep6+QoMlNfRVP3Ze33930zSxiQTBWxd9Xk9ClSpeGf8W1HWsTP3TgbEDuSxW4+xdJeDwTePIBLY+suv0NIF+gu46abLWHc0kduuLT8HKipvrTjzyI8fLQTiSL3rTvam7+GyMcMwVtjKyPAHH+fom0sJuXwUKaFwZP1aMpaj7d5QR4qSy4uvr2b2lCF4f2aayVm+tsZ9rv1mO3f2GoAeN7/+uJnNpp6406LR42Dn92uBy+g3ZADRfeMIeuNjtm3Lpu/AXkSWFFGXW5fW+7R2Wq4Rf6ntel1b8zkX2bdCbrV9N9WdDxKM+S59zVZGJKaCJZFJ784mL99OZFSk9/p2Hyd7b8VGr20/ZUOvKPTRvXhx9mu4LaGVrvFTGnF6+5qaL8uDqkcffbTCtBctW7bk1ltvPSt9eHg406dP5/nnn/e5HD4d8rq3J+MofoDR/VPoNWA4vU697i49QsaKdGYvyQKeZWHMNEb3SmPCFO+DqujAema9uBxFUXh5biyP3JnGiAmnmq9Kc1n2xhQ2KAo/TI5k+uMjSRs9Bhz55Dsg0mA4dcN2gb2YAn7gH2/F8bexQxgydhJDANz5rJv7MuvO+FWpFG5g9ksbqM+dWFn6OJMTQ3jw9n60NoTSrp03lHcVZPPxkyNZqih8PvIJ4pY/TWpsLKmp3nJmr3qDez/6kDu6j2TSoDhiew4iliKOFdhpHWGi2/BrKck4Vd9V5qT4jP091aUNU8f0JLSddwSkqyCbd58cz266n6q0+f3EOVlSBkRgK6vntACu3/9nqPRyVX/nLF/KjgHxJKeOYVYqQBG5uUVYrW1JjoFFM54kePJTDEgdThxuirw/igCY//QrtHn2flIGjGGKt6MIuRnpPLcqFzVzEd0ev4WUEeNJGeE91ux1H7K4DpOEugCX0/sgXb8ll+Q0K5nrzxwubafUtpa1GVcxulcKk2bNArwjRd2xVhJ7dGVjeZVkWBJjJnlrR/Kz1/HqnB/IiWnht7KWl7fWFPZi9i3/qsbPPisXclb+l9wxyVgde1i5tqDmKSY0cJy6WZVWepZ/+OQbtH7uHpKHjCFpCICDXSve4pV1uagHV3DZYyNIGT6eFCA/9whua+hZD3LbqXP6zKwL1i5i3aAE0hIHMGHSACjKw4F35J/Ncer8tyQxtvw72bOGf8z5AUVRNN0bfOE9j34vnZK1gHfWJDJhgHeyHEXZUPM+d37PntIBJBn2s3UnwA5y3anElv7C6p3e7T9M7839I1IYPWkKowEcR1j20bw6T/Kq5T5tHVpxUg/v51rV3zVfI2tLztyu7hOFaLteIb2Gc67yMdX63Qi/UTa8zVvtLYy+OoVIvYWoU6Nd3UW5fPWm9/le3i/WXlxC4brZTA+5j79c041ISyiluQcoiY4lUg/FBQW/Z+w6I1Cq9Pyrir245Iy/fk9bYrMDobhd1bcz1danrF+/flx11VWn/y4uLqZFixYV0pz52lVXXcXGjRtZu9a3aTp8ntG/nDU+3hss2Y6TlXt2UKCGW+kaE4GtYCdZlR5UqhpOQtcYzLYCMrO8A+FV6yCmP34V2fOfYe6GQlQ1nAdfnkUKGTw48Y0qb1DxXbpgttnIzGr4WbVT+valBVB8ZDdb9xw96/3ElL5Et4Aju79lz9EzZqROTOGKaNj97RbNc4qpaiJXXBENxUf4busefx2C31njuxBBxc9fVa2Me/YRYn9LZ+rb3lnQu4+dwYS0KFZMH3d6fqTw+HhizGYKcnaSW6l5zRofT4QZcnbWrX+Wr1RrPF0jzi5L/PVPMmVEDOmT7+Mbc1da2c4+lxu7rL/v9+zPvpwaPpSXZ42GjLk8NLvhV2rwfpdVfwbeazSHzMp947Tka40nJgIyM6u+vuO7dIGCnCrvP415b/DHPqu6J/pDbfdpzeWr5hppKjWdc1VpivPhfBXfpQtmwFbNtQkQP/QhHhtxISfz8/juw6dJLxjGc9NGE60vZVk95hatD6vVSm5u9deewWDghRdeIDk5mSVLljB16lQmTZrE7bffDsBnn33G008/zbRp07j++uvZtm0bjz76aI3NolWpc1Dmb2r4IF6YNYYoSjmwJwdj23iiQ/Vkr3iVaQu2NHXxhA/umPEOA6x68nOzySOCRGsk5GUw+ZE3GnWJrPqKHzWVKcM7sGL6HxtsUmR/UtVw7p4+nbTYUKCI9Ml/ZUkDL0UkhBC+UrvcwZxJA85usnTs4Z/jZtRtjr56atOmDUePnl3hUk5VVRwOB1dccQVr1qyhRYsW3Hjjjdx/v3cgygcffMCHH35IcXExAwYMYO3atZjNZhQfj0UfHR399/ociL8o9ixW7CnhQms72rQMB9sRtq76iJcXS0DW3Gxb/RNBMVaio1sSqnNwcOd6Zs94j/3NKCAD8Jhak9CmjJ3/28C+osAvu6LYibqoF7EtytiydC7zt+Q1dZGEEOIsyrHtZOZbiI4w4nY4sZUUcSR7Mx89/yo77E1zrzWbzZSVlVX7vqIo6PV69u7dS0iId2Rv69at6d+/P+Dti5iVlYXRaOTXX3+tU0AGAVRTJoQQQgjRFMLDwyks9K2Jv6ys7PQ2YWFhTTFPmRBCCCHEucXXyWMBgoODCQ4O9ms5NC+zJIQQQghxLvK1Q35DkaBMCCGEEOe1utSUNQQJyoQQQghxXnM6G2qtHN9IUCaEEEIIEW8cvJwAACAASURBVAAUytcCF0IIIYQQTcagqhKTCSGEEEI0NWm+FEIIIYQIABKUCSGEEEIEAAnKhBBCCCECgARlQgghhBABQIIyIYQQQogAIEGZEEIIIUQAkKBMCCGEECIASFAmhBBCCBEAJCgTQgghhAgAEpQJIYQQQgQACcqEEEIIIQKABGVCCCGEEAFAgjIhhBBCiAAgQZkQQgghRACQoEwIIYQQIgBIUCaEEEIIEQAkKBNCCCGECAASlAkhhBBCBAAJyoQQQgghAoAEZUIIIYQQAUCCMiGEEEKIACBBmRBCCCFEAJCgTAghhBAiAEhQJoQQQggRACQoE0IIIYQIABKUCSGEEEIEAAnKhBBCCCECgARlQgghhBABQIIyIYQQQogAIEGZEEIIIUQAkKBMCCGEECIASFAmhBBCCBEAJCgTQgghhAgAEpQJIYQQQgQACcqEEEIIIQKABGVCCCGEEAFAgjIhhBBCiAAgQZkQQgghRACQoEwIIYQQIgBIUCaEEEIIEQAkKBNCCCGECAASlAkhhBBCBAAJyoQQQgghAoAEZUIIIYQQAUCCMiGEEEKIAGBo6gIIEchK7SoHTqgcKfSQX6JSZAOHS8XjAYMeTEEKYcEKrVooRIcrxETqMMpVJYQQog7k8SHEGQ4XqmTsdbP9gJvMHDeHC1Sfttcp0CFKR5cYHd066OkVryfcojRQaYUQQpxLFFVVfXvqCHGOOVaksnKHi/9musg66vFr3grQ7QI9gy42cGUXA+Ygv2YvhBDiHCJBmThv7TjgZtFGJ+v3uGmMqyDEpHBNdwMjLw2iVQupPROBY85PC3l758Ja02XcvLgRSiPE+UuaL8V5Z+dBN+9+42Tbfnej7rfErvLpBifpm5zc0CuIMalBWEwSnAkhhPCSoEycN44Xq8xe6eCbn11NWg67Cz75wcmK7S7+epWRtCS5DIUQQkhQJs4DKrBiu4s3VjoosQdOa/2JEpWnP7PTv7ObiUONtDBLrZkQQpzPJCgT57RSu8oLyx2sbeLasZp887OLXblunh5l5qJomTpQCCHOV/IEEOesnBMe7nvfFtABWbnDhSoTPijj218Cv6xCCCEahgRl4py086Cb+9+3ceC4f6e4MBkgIkShdZhCZIhCkN5/edtd8PS/7SzdLIGZ"
04:29:04.010 [Forwarding screenshot on session ed2d6660-f69e-11e6-a414-872b36aae4a5 to remote] DEBUG org.apache.http.wire - http-outgoing-0 << "EEKcj6T5UpxzNv/m5m+LbNid9csnrrWO7hfq6RKjo0OUjvaROkyV5hlTgWKbSs4Jlb1HPew86ObHbDd5RXXsu6ZAsLF+5RZCCNE8SVAmzinb9rn520Ib9jpWNrWNULj6kiAGJxtoG157x3sFCDUrJFkVkqw6hqcYUIGfczys2OFk5Q4XNo3BoaLA49eaGHSxXJZCCHE+kru/OGdkHfXwt8X2OgVkF0TpuP3yIPp1NqCvZ6O+AnSJ0dElxsQf+xv5LMPJoo0uyhzV155JQCaEEEKeAOKcUFCi8uRCG6U+TnkRbFQYmxbEiJ5B9Q7GqhJqVvi/K4xc0z2o2jnSJCATQggBEpSJc4BHhWnpdo6d9C0g6xKjY8oNZtqENfz8YK1aKEy5wcQVnfS8uNxB6alaMwnIhBBClJMngWj2Fqx3sm2fb0smjegZxJ8HGTE08vjj/l0MXNRWx+SFdnLyPRKQCSGEOE2eBqJZyzrq4cNvHT5t88f+Rm5NDaKp5s9v31LHq3ea+TnXQ5+L/DinhhBCiGZNgjLRbKkqvPylHZcPU5GNG2Dk5j5BtSdsYOEWRQIyIYQQFcjksaLZWvmTi8wc7RHZyEuDGB0AAZkQQghRFQnKRLPkdMP767Q3W6ZcoOfegcYma7IUQgghaiNBmWiWVu5wcaRQ22jLsGCFJ683oZOITAghRACToEw0O6oKCzdqX0Ppz4OMtGohEZkQQojAJkGZaHa27HNrXmi8S4yOwTLlhBBCiGZAgjLR7Hy1Tfs6Svf0N6JIJZkQQohmQIIy0azYnfDdbm1BWZJVxyUXyLQTQjQbqsf7nxDnKWnXEc3Kln1u7Bq7k93Qs+kmiG1W3G5ce3bh2L4Z155fcOccwHPsCGppKarDjmI0oVgs6FpHo2/fAcNFnTB264Hhok6gD4CgV3WhFm1BzV+HWrQFyvai2g6CuwjcpaAYwBCBYrJCSEeU0O4oEVeghPX0vtfECktVNmW7+emAh71HPRwu8FBYquLygEEPkRaFmJY6OrXT0StezyUd9A2yTmtjUm1lOLf+iLP8nMs9iCf/OKrDO6JaMZnQtYzynm8dO2Ps0Yugi1MC43wTogEpqqr6tmCgEE3otRUO0jfVHpWZguDfD1gINkpYVh3Xr79g+/Jz7N+swlOY7/P2uohITP0HYx56HYaEjg1QwpqpRdtQc+fiOboYHEd9zyCoFbo2N6LE3IMS2t3/BayBqsKGX918vtnJpiw3Hh/uwi1DFK77QxA39DTQwvz7+f1Npotvd9e83NiFUTru6Hv2XH1zflrI2zsX1rrvjJsXay9oZaqKM3M7ZUsW4/j+G1S73afNdRGRmK+6huAbbkEX1bru5RAigElQJpqVce+Usfdo7c0b/TsbmHKDqRFK1Pw4d26n9IM5ODb/z295Gv/QG8td4wnqfLHf8qyOWrgBT9Y01BOr/JanEtkPXfzTKBGpfsuzKiqw8Vc3b//XwW/H6tdMFxqscO9AI1ddYkAB3lvrYN73Nf9g6dZBz0u3m896vaGDMufPP1Hy9ms4t2+p0/ZnUoKMBI+8Bcvtf0QxB9c7PyECSdPX3Quhkd0JWRofZN0vlGaOyjyFBZT862Vsq770e96OHzfi+HEj5sHDCPnzRHRh4X7fB8483LsnoR6e5/es1fy1uH/sjxJ9M/qOL4HR/zUxJ0pUXl5uZ/2emmuztCoqU/nnF3Z+zHYzaXhg/gBR7TZK5rxG2ZJF/svT6aD0kw+xf7OK0MnPNMoPASEaSzPvmSDOJ7/ledBar3tJBzm1z+Tcson8P93WIAHZmWwrl5M/7jac2zf7NV81fy2ujX9okICswn6OfIprYw/U/G/8mu/WfW7+9HaZ3wKyM63Z6WLKIpvmvpaNxZ1zgIL77/JrQFYh/8O5FEwch+3rLxokfyGagjy5RLNx8IS2WjKjAWJbyqldzrZ8CQWP/QXPibxG2Z8n7xgFj9yH7aul/skv933cW64G+yG/5FcrxxHcW4biyXnbL9mt2OHi0QU2CkobrqfIpmw3i/8XOFGZ69dfKJjwR1y/ZTXwjlwU/XMaZf+e37D7EaKRyJNLNBtHT2p7qMW01MncZKeULZpH0UszwNPI0wx4PBS9MJ2yfy+oXzb7X8Hz8zhQ/V/DVCPVjWfX/Xj2v1yvbL7c5uK5pXbc59EsD67f9lIw6T48hQWNts/if83Ctjy90fYnREORPmWi2dBa0xAd1vAR2eOf2MjIauRA4Qz/ftBChKXm47R9+TnFb73SSCWqWvG/XkYJDcM8ZLjP23oOfYBnz6QGKJUPZdjzGBgi0Vnv8nnb73e7eXGZbyMMmzvPieMUPvEAalFRo++7aNZM9NZYglL+0Oj7FsJfJCgTzUaJTVtQFmI+96vJcvPVGoMy588/UTTrH3XOXxfZEl10OxSTGdVuw3M4F0+B79NmABS9NAPDBXEYOnXRvI168n94fr6vTvsDwNQOxdwBdBbwlKKW7QPH4Tpl5dl1P0pIJ5TwyzRv89sxD88usVHXBsvWYQptwnQE6aHUrnIwX6XUHuAD5VUPJ/8xBc8x36cnUUwmDJ26om8f6z3nSopxH9iHc88ucGlcwcPj4eSMyUS+swBdeKTPZRAiEEhQJpoNl8aKqeCzp2E65+QVeaiu94FaWsLJ6U+C27eaPENCR8zDR2Dq0xddm7Znve8+cgjHhu+wLfsPrqxftWfscnFy+hNEzlmAYrFoSH8S947bQPWtj5QS2gMl5o/oooaDyXp2AnsOnmNfoOa+g1q0TXvGqhP3T3dg6L0ZDGG1Jne64Zkldmw+dvHq1E7HtT2C6HORnsiQigG3qsLeox5W/+Ri2VYXJQEYoJV9/m+cWzb5tI0hqSuWUbdhvCwNxXT2CFK1tAT7NyspXfAB7kM5tebnyT9B8avPEzal7j9IhGhKEpSJZkNrPzFfJuJsrk6WVf9eydw38RzVXiukax1Ni788gik1rcYPWR/djuDrbyL4ulHYv/svxW+8iCfvmKZ9uA8fouTDObS498Fa03qypoFtv+byY45F3+lVlKhhUNMaDqYYdO3HQ/txqMc+x/3Lg2Cv/UEPgG0/nqyn0HWsvY/ZJz84ydYwl165NmEKD1xtovdF+mpLryhwUbSOi6KN3JYaxJz/Oli+VfsasA3NU1hAybuzNadXQsMI/eskTFcOqfGcUywhmIeNwDRoGCVvvaJpJKd97WocQzdi7Nlbc3mECBTS0V80G0Eapx4rczRsOQKBzVF15One/xtl6dqnIDD2uoyWc+Zjuryf9qhXUTBdMYDIOfMx9rhU877KPvsE94F9NaZRS3bhOfi65jyVqGEYem9GiRpOjQFZxa1QWl+PofePKC0Ha96X5+CbqCW/1Jgmr0hlwXrtJ2CveD1v3xNMnxoCsspCgxUeHmbiietMAbPcUtmnH6KWlmhKq78gjsg3P8I04CrN55xiNNLir5OwjL5DU/qSOa/IGpqiWQqQS1qI2rXQ2FesWGPfs+bMVc3zpnTB+5ofRqa+/Qmf/iJKaGidyqALCyf82ZcxpqZp28DjofSTD2pOsu95zeVX2tyI/pLFYKjjRLVBLdGnpKO0vk5betWN57dna0yy4Acndo0VWH0u0vPMTWbN53Vlgy428LcRpiZf31UtLaFs6Wea0upjLyDipbfQR7er075C/nifpiW9XFm/Yl//bZ32IURTkqBMNBuV+9lUJ7fg3A/KdFVcuZ7jx7Ct/krT9oaOSYQ++QwY6tmDwRBE2ORnMCQkakpuW/UlnhPHq37Tfgj1sLYpNJSwXui7flD/BcWVIPQXf4QSmqIpuXpkYbXzpRXZVL7cqq0jWXwbHVNuMGOo58ITaUkGbq9iLcvGZF/zNWpZaa3pFHMw4dNfRBceUbcdeTw4Mn7QXLtW9tkndduPEE1IgjLRbESHa7sZHy7wVFuTdK4wVRGL2FZ/rW0+MkMQYU8+g2I0+qUsislM6BPTQa8hwnC7sf93RZVveY58om0+Mp0JXdcPQOenpYV0wd78FA3BjerGc7jqiUrX7HRpqiXTKfDkdSbMfoqlbu9r5MLWTXcr1/pDIOSu8ejbd/A5f09hPqWffMiJO2+g8G8P"
04:29:04.013 [Forwarding screenshot on session ed2d6660-f69e-11e6-a414-872b36aae4a5 to remote] DEBUG org.apache.http.wire - http-outgoing-0 << "4fq15ibkcs5tP9baXC5EoJGgTDQbsa20na5uD2T50NG6OQoxnR2g2tdqW6A7+IbRdXo41sRwYTzB147UlNb+zcoqX1ePaFvsWhf7FxTLRZrLpoUS0hld+3Ga0qpHq26qW5OpbbTr8O4G4tr479Zr0MHd/fwTYPtKLSrC+dP2WtPpWkZhvn6UDxmr3mldnvs7x2++hpJ3Xsd92PcVHcqW/cfnbYRoSjL6UjQbsa288zY5NTz7tu1z07Ftw/3mGNEziL6dtF8+1bW4VH45+5iHzzJqbwKLqDxlQnERrt27ai+IXo9l1G21p6uD4JvGULZkca19wpy/ZKKWllacHsNViFr0Y+07UQzoYifUs6RV03V4CM/Bf9VafvXkJnDlg+H3ubCKbSo7D9Z+YirALX38H0ClJuppF6FwqJGb7p0/bdXUB9A87HqUoNqPW7XbsK9ZQdmSRZprxGrijzyEaEwSlIlmw6CDTu30/KTh4bcpy81NvRuur02fi+rZGagan2/W1iepTaVVC5yZOzQ9HI09LkXXqnWdylYbfXQ7grp1x7m1luDK48GZuR1jzz6nX1ILf9BUfqXVEDDVrZN4rcyxKJFXop5YXUtCFbXwfyitrjr9SmaOB1VDPHTJBXraRvi/a76iwJVdDMxf37jrXzp3/6wpnenyfjW+7z64n7Kln2H7eilqcT1XAzAEYeo3kODrRhHUJbl+eQnRyCQoE83KJR10moKyzb+5KShRz6pRCnS/HtYQmCjQNrxiLaB7X7am/I29L69TubQyXppae1DGqfKeGZSVaKjlgwqBUENQWg3REJSBWryjQll+PaKtubyhgnmAnnH6Rg/KtJx3islU9YhJtxv7xu+wLVmM48eN9S6LProd5mtvxHz1degiZEZ/0TxJUCaalUsTtD14PCqsyXRxY6/mNb1/Zk7tD/eYSB3GSleuK+eApvx9WeqoLoKSLtaUzn2w0uSwpXs0baeE9fS1SD5RwnppS1hWMRjJOaEtKEtq13BN6okNmHd13Idza02jbxdTYbiwJ/8Eti+XULb0MzzHjtSvAIqCsddlBF83CuOlqVUPSxaiGZGgTDQrXWL0RIQoFJTU3lb0WYaT6/8QFDATbNbmeLFK9rHaH+4dq3j4qoUFmvaht7b3uVy+0Jq/p1J5VWeepu2U4ASfy+QLrfmrjorBxPFibX25Ylo23MloMSqarw1/UU/Wft4poWHejvuZ2ylbshj7utXa17OsIc/goddjvuaGBj+nhWhMEpSJZkWvgys7G/jPptpryw4VqKz92cWArs3jNP9+t7YHVdeYKoIyDfNEAehCa1+7sT4UjfmfVV63ttngMdRxjiutglppS1epvFpXkQivYRF5fwgzN3JQVmarNY37UA7548f4tl5qNYI6X4z5ulGY0gZWuVamEM1d83haCXGGoSnagjKAd9c66NvJcFZzXyBauUNbUNb9wir6JWldfLyBu9gpWuYqg7NrSlQtx66A0sDVnorG8leaT82jpZc/oG/gz7/xa4VrP25P3jHNa6RWRTEaMQ24muDrRmHomFTnfIRoDprBo0qIihLa6EiO1bPjQO2ByOEClU83OLmjiWc9r82uXI+m/mRtwxU6RJ395FWCLVWkPptaZqs4FYWfeTSuf3hWGfQhGrZSvTVUmtLWkfuktnS64Ap/Bhk0zjLvULFUMcecv5RVsyZqg/HTBMRV0cfEEnzdSMxDrq3zUmBCNDfNpLeNEBXdcpn2IOvj7x2aR8c1lffXaWv/6tfZUGVllxKiLVBxHz3sQ6l85zmibYJPpUWlh6zG9StVm7YBDXWllu2vPRGAsWIzZ3iwtkDr6MmGC5pUVXvfNn/Rhfm5OVnRYbq8H+HPvUbL9xcRPPI2CcjEeUWCMtEs9b5ITyeNo81cbpj2HzuljV2LoNH3u91kZGlrfhx8cdWV21o7Ozf0ZJquX3drSle5vEpwvLYdFG/ztUg+UTXmr5gvqPC31iXAGnKliZx8j6aJlf1JF93WP/lEtsQy5m5azV9C2NP/xPiH3g3fVC1EAJKzXjRLCjB+gPamk5wTHqZ9Zg+4NTGPF6u89KVdU9qL2+urXZ5H67JJzq2bNJetLhxbMjSlq1xexVLFPFZVUE+s8blMvtAyRxl4l2U6k9a1Jzf/1nBR07b9jX9yGzrE1Wv7oEu6E/a3GbRasJSQsfeiax3tp5IJ0TxJUCaarW4X6OnfWXu3yIwsNy98YccTIBVmZQ6VKYtsmkfLje5TfZOtobO2mcvt33+D6tA4VNBHqq0Mxw/fakp71kzr4b01bec5tgQ8tY/4qxN3CeqxL7SlDbu0wp+drdpupd/tdjdYbdZ3v9Rvmom6MCT5Pu+dEmwh+LpRRL6zgIiX3sLUfzAYArvPpxCNRYIy0azdP8RIqFl7x+mVP7l4Jt3e6M08lZXaVZ5caOeXQ9pqNy6K1pGaWP3IQH3bdujb1r78kFpUhH3lMs3l9IXty881Tc2hj4k9q0ZEMV9wVpNglZwn8ByeX9ci1siT+z64a1/iRzFfgBJcsawdonREhdZ+HhaVqaze6f/g6XCBqrkJ3J+CLulR/cKulehjL6DFA4/R6tPltJjwKIYLG3bOOSGaIwnKRLPWMkThwaG+jQBb+7OLxxbYONGI8zmd6dhJlYkf29i+X/tDdPwAY63PPuPl/TXlVfLhO5rnNdNKLSmm9OP3NKWtbh1EpfX1mrb3ZE0Hd7HmsmniKsTz20xNSb3lrPhlKMDlHbXV2n74rQO7n1dD+vh7h6a1N/1NFxZOUNdumtIaLkwg+NqRfh396zlx3LvuqxDnCAnKRLPXv7OBa7r7NrvLtv1uxr9Txubsxq1d2JTt5t73ynwaDXplFwM94mqfP8s8aKim/DzHj1H85iua969F8esv4CnM15TWNLDqcirtxmjbmT0Hz69PaC2aJp7dD4ND25I/1ZXzqku0nYNHClXe+cZ/Tcg7Drj5alvjN12WMw+6WlM6+7drcGz83n87drs5+Y8pFDzwJ0rmvIpq19Y3U4hAJkGZOCf8ZYiJLlXMdF+TEyUqkxbYePZze4PXmp0sU3n5SzuPLbBRUKp9X61aKPx1iLaaQMNFnQjqrG3tSduy/1C29DPN5ahJ2WefYFu5XFPaoK7dMCQkVvmeEpqCorVv2cG38OS8q7mMNeZ14A08hz7UlFYJ740S2r3K9zq102k+Bz/LcLJC42TBNTlerDIj3a5hCteGYxpwNYpF25QsRc9Pw+OPaVlUlaJXnsO5ZROoHkoXfkz+vbfj/Pmn+uctRBOSoEycE4L0MP0mMzGRvp/Sq39ycfvsUv612uH3eZ6KbSrz1zu5819lfLHFt4ewToHJ15u0L82jKFjG3K29bK8+R1n6Qurc7qWqlC2eT/HslzRvYrm9pvIp6C58XHNenl334Tn4lub0Z1Px7H8Fz+6JmrfQxT1Z4/u399XelP7PL+z1CsyOF6s8usDGsaKmHbmiWCwEjxitKa2nMJ+CxybgOV73Gf5xuSh6aQa25ekVXnYf2EfBhHsomfNagw1mEaKh6f/+97//vakLIYQ/mIMULks08O0uF6U+3pPdHsjM8fBZhpM9hz3oddAmTCGoDuviuNyweZ+bed87+ecyOxlZbhx1ePY+cLWJNB9Gl4K3E71zxxY8h7VN4ur433o8h3IIuqQHismseT+ewnyKXniGssXaO90be1xKyP+Nq7FjuGJJRC34Dmy/acpTPf4lqi0bXWTaWbPs18iZh/vne1H3v6x5EyXySnQJf6emtapiWurYccDD4YLaAyUV7xx1haVwSQedT+fatn1uHv/URm6+bwFZ23Bdlc2sPx7dyeZjO2vdftzFVQdfQYlJ2JYv0dSEqJ4swL52FUGduqD3cZ4zd+5BTk6dhGP9uupyx7lzO/Z1azB06oy+dRuf8heiqSmq2hTdQ4VoODn5HibNt3GksH6ntl4Hna16urbXEdtKR2xLhTCLgsWoYDSA0+0dRVlQqnKoQGV/nodfDnvYedBd747cY/sZuf3yuk0T4D7wGyf+NAZc2guhhIZiGXkb5qHXoWvVutp0nrxj2JanU/rZJ6jFtY9UPJ1/kJHIt+dr"
04:29:04.014 [Forwarding screenshot on session ed2d6660-f69e-11e6-a414-872b36aae4a5 to remote] DEBUG org.apache.http.wire - http-outgoing-0 << "mk9NLfkF9//+AB4fIuuglug6PIDOOhaMNTzo7Yfw5L6LZ/+r4CrQnr/OiP7SH1FCOtWa9MBxD396p8ynEb6tWijc3CeIIZcYqh1NrAK/HvbwyQYn32TWrYatWwc9L91+dvA956eFvL1zYa3bZ9y8uNr3bF9/QdE/p/lUHtOAq7DcNAbDRZ1qDNbdB36jbMliyr74j/bzWtER9vRzmFKrHlgiRCCSoEyck44VqTzxqY3sBpxBvaHclWas91qdZekLKX79Bd83VBQMHTsT1Pli9NHtwBwMtjLch3Nx/vwTrj276tTcGfrg45ivuVFzes/B2Xh+edDn/aDoUEJ7ooT3AvMF3nUy3SVQ9hvqyQzUk5vQsoh2ZbqOL6OLvV9z+vRNTl5b4XsTmkEHXWP1dGyro02YgtGgUGxTOXjCw/YDHnJO1O98bsigDFXl5FOPYl+/1udy6dvFEHRxN/TtO6CEhQMKakkR7pwDODN34N6X7XOehriLiHj9PZ9qgIVoahKUiXNWqUPlH0vsrN/TxJOSaaTgnXfthp5+mEhTVTk58ynsq7+qf171ZB4ynNBJUzXPZ+Wl4t55F+rhBQ1WLq2UtmPQd32PmpotK1OB5z63s/KnphsVWZUGDcrwzoOX/5e7cOc07BqltdGFRxLxxlz0ba1NWg4hfCUd/cU5y2JUmDbKzLgBRgwBfqZbTArPjDb7JyADUBTCJk3B2LOPf/KrI2Pvywl9aLKPARmAgr7z2yithjRIuTSXouVg9J3fxJeAjFOpHx5u4g8apjI5lyihoYT/4xV0LVvVnrihymAJIfwfsyQgE81SgD+qhKgfRYGb+wTx+l3BJFSzbmRT69ROx1t3m+lzkZ8f4IYgwp5+vsn61Jj69ids6kww+DZY4TSdEX3yQpTW1/q3YBopUcPRd1sMOlOdtg/Sw/RRZnrFn1+Bmd7anogX30TXBJ3sdeGRRLzwLwwdO9eeWIgAFJhPKSH8LLGtjtl3B/PngUZCTL6PqGwIJgP86Uojr/1fMNY6TOWhhWIyE/b35wgeeVuD5F8dy+g7CJs6E8VUt4DmNL0FffJCdB0e8E/BNNJ1mIj+kkW+jeisgikInhltZnhKHQNTjdqEKVzRqWH34Qt97AVEvjYXQyff18asK8OFCUS8/h6GjkmNtk8h/E2CMnHeMOhgVO8gPvpzMDf3CcLURM8wRYEhyQY+uNfCLZcFoW/oq1Cno8WfHyR8xssN3qykaxlF+LOzCBn3V9D56cAUPbrEf6Lvll7zyEp/MLZF3+0/6BKfA8U/J4hBBw8NM/HYtSYsDfCDoF2EwotjzHSICowfG+V0Ua2JmDUHy+g7QGnYkzz42pHePmTtYhp0P0I0tMD5aSVEIwm3KIwbYOTmPkEs3eLiiy1Ojp1s+PEuJgMMTjYw6tIgYls1/u8hY+/Lafn+Yko/fpey/yxEdfpvgk3FaCT4hpuxjPmjX9c2rLCPqGEYLvsJT/azeA6+AR4/LqujM6Frf593clhDuP/yPcOQZAM9LtQzZ43Db4uSX9HJwEPDjIQFawvIfO7aV09KkJGQcX/FdOVgiv81C+f2zX7N39CpwdYNWQAAIABJREFUCy3+/CBBF6f4NV8hmoqMvhTnPY8Km39z802mi/V73BT6sAxSbQw66H6hnrQkA/066wOm6dRz4jhl//kU29dL8Zw4Xud8dC2jMA+9luAbbkEXEenHEtbCcdi7PFLuB+Cox7I9xmh01v9D1/5+MLXzX/lq8esRDws3OFn7swtXHWa5SGij4+7+RnpfpD89BOHdbxzMX1/zHF494/Q8d2vDjb6skari3L6Zsn9/gn3Dt+Cp+/Qexu69CB55K8belzd+pClEA5KgTIgzqCrsPuxhx343O3M8ZB/zzg3l0XiVRIcrdGilI8mqo0uMnuRYHcHGAH5oeDw4tm7CsXE9zu2bcWXtAXcNU4jo9RgSEgm6pAfG3pdj7PYH/zVT1oXqRs3/BvX4V6j561CLd4BaQy2UokdpcTFKRBpK1FCUyH6g+GnEax2cLFP59hc3G391seOAh5Nl1Z9o7SIUesUbGNBVz8Wx+rPGg7652sGijTUHZWlJBp66sZ79/PzAU5CPY/06HD9uwJm5A8+xozWm14VHYEjqirHHpZiuuBJdmwZuxhaiiUhQJkQtXB7IO6lyokSlyKbicKm4PWDQKZiCoIVZIcKiEBWqENTcB9q5XLiPHMJz9AieshKw2cBsRhccgq5NtHeaAX0AH6TqRLXtB9t+cBV7J47VBYEhAkztUYLjQKd9fcrGpALHi1QOF3goLAOnS8UY5D232rdUam2ifP4LO19vr7lZ9JruBiYObfqgrDK1uAj34Vw8+SdQy0pBVVFMZpTwCPTR7dBFtpQaMXFekD5lQtTCoIO2EQptI86Dh4LBgD4mFn1MbFOXpG6UIJTgBAhOaOqS+EwBokIVokLrFvRqWVYsKjQwx3YpLUK9Sy0JcZ4LzCtUCCGEZiqQfaz2PlrtzocfFkI0YxKUCSFEI7A7YV9ew6zFuj/Po2mASlyATqAshPCS5kshhGhAOSc8fL7FxdfbXISY4IN7LRj83C1v3a7a13c1GeCCKAnKhAhkEpQJIYSfeVTY8Kubz390kpH1e8BUZIP0TU5G9fbfiE+XG77YUvOoS/h/9u47PopqYeP4Lwu7GyAFUmgJNUAoImBEDBaEK4pEvUhTBCwUAbk0pSiCStErRTCXK01EVBAEBK5esIt4VYoGpEgPPRBIIQ2ym8Du+8duegUDjL7P9/OBwOzsmXPmnJl9ds5kF5oFlzP8d8CK/H+nUCYiUkaSLjrZ8NslPtueybkiPpB48aYMbgspR+0yumq1LiqT+NSSpy5vCzHwb82KCKB7ykREysyYj2y8+31GkYEMwH4JJqy2k1QGH1J8NM7B4u9L980MdzfWe3ARo1MoExEpI91uK920ZEyig9HLbKW6wlVcGS9+bMNeim9sal2/HNV89ZuXIkanUCYiUkY63lSeuoGlO60ejXMwaHE6Ww6XfJN+bk7gh/2XGLrEVurvbO1Rhvewici1o0/0FxEpQ7tPXmbkh7Yrek5YvXL0aGPmlrrlKFdEprNfgq2HL/HJL5fYc7L0Qe7m2uWY1cezwNcyiYjxKJSJiJSxBd9msLKE76EsjLenB02DTAT5mahocX3FV9IFJycTnRw8c5nMK7uohskD5vevQIg+n0zkT0GhTESkjF1ywNiPbOw8cYUpqow93c5Cnzs0dSnyZ6G3TyIiZay8CSZ1t1KvlPeXXQvhDcvRu60CmcifiUKZiMg14O3pwczHPW/I1GHzWuWY0MUTD91IJvKnoulLEZFr6ILdyZS19jyf7H8ttW3oCmRWXSQT+dNRKBMRucacTlixJZMlP2Rw6Rpls/ImeKqdhcduN+sKmciflEKZiMh1ciLBwfxvMtgaXbbJ7LaQcgz+m0VfOC7yJ6dQJiJyne2NcfDJL5n8eODSVV85s5aHuxqXp2trM6E1FMZE/goUykREbpBUm5Nthy8Tdewy+087OJXo4LKj8HUrWjyoG+hB45rlaFmnHGH1yuGp+8ZE/lIUykREDOKyAxLTnKTYnGRcgnImqGCGypU88PL00Kfyi/zFKZSJiIiIGIBuRBARERExAIUyEREREQNQKBMRERExAIUyEREREQNQKBMRERExAIUyEREREQNQKBMRERExAIUyEREREQNQKBMRERExAIUyEREREQNQKBMRERExAIUyEREREQNQKBMRERExAIUyEREREQNQKBMRERExAIUyEREREQNQKBMRERExAIUyEREREQNQKBMRERExAIUyEREREQNQKBMRERExAIUyEREREQNQKBMRERExAIUyEREREQNQKBMRERExAIUyEREREQNQKBMRERExAIUyEREREQNQKBMRERExAIUyEREREQNQKBMRERExAIUyEREREQNQKBMRERExAIUyEREREQNQKBMRERExAIUyEREREQNQKBMRERExAIUyEREREQNQKBMRERExAIUyEREREQNQKBMRERExgPKFLVyy+J3rXQ8RERG5AZ7qN/BGV0HcCg1lAPv27b+e9RAREZHr7MVx"
04:29:04.015 [Forwarding screenshot on session ed2d6660-f69e-11e6-a414-872b36aae4a5 to remote] DEBUG org.apache.http.wire - http-outgoing-0 << "Y250FSSXIkMZwLQZb16veoiIiMh1lhQfe6OrILnonjIRERERA1AoExERETEAhTIRERG5ain7T3DroCie+zKtyHV+fn8n7efFXcdaFSMtge6DdvD1+RtXhZ/f3UGndwvuD4UyERERuWr/+zre9fPLWE4XsY4Zx/WrUEnMUHR8vD4yAHshEazYG/1FREREipQWx5w9Tp4dEMQ3i2JYtSeTETeZAfjty4OMWpNKGh44cRJwG/z80R5mpVdldf+qAPz8/m7+TXU+6mzilTknWH/WFd5a3laTWf1rkLHjOMO/slM9KZUfEiGgVmXmjAmhoTWT9e8f4pWf0/Osbzkdx/iZJ/jhAnhYrYx5tiE9G1vh/HlemX2U9WedeFshjfKY8zUlfs8phs85y0HAo1IFXh3akIgQM8d/Oc7zi+I5BnhX82X22Aa09ILTe07x8sKz/GYHD0w88mgI4ztYWTDtILuArUcy6Dv4JjqnnmbYskTicdV/1sgQLOVNpP18gk47jxFvz6m/rpSJiIjIVTm0KY4Eqy+Pt67O0zd5sHT9OQBs0ScYsCaVxwaE8u0rdbjb6lq/UZMKHN92ll/sACks+zmDm5pWYtmcY2yoFMgXC8L4blQ1dm47w9bzAJc4eCSVOg815NPxQXidTGLpLhuHvjzMqz9nMmHsTXw3vibR207z7x3neXXSCWJvrcWPC8J4J8LMjNmH+M3uYNnbR9hg8Wf5mzfzWoeKAGTmaYmdhQvPQsf6/LqgFS/VszHn+yQ4fYZui+K5/clQfl1wE0MCUxg4/QQ2knh5zlms94fw64Iw3nnYytqPXVcKU89msC3JyoTetWhXPo5eyxJp82gIP77ZkDbnkhj6cda0pZlhI27ik8EB2e3VlTIRERG5Cjb+8206VLbwxQ+xnMUDjpzj67ggmsWk44Ev3Vp74YMXT9x9ilFxTgJa1eBv7OOTXXaalz/HNiryUeuKNGzShHq7UvhydTS7o9OAcu4rWU48rL483dYHH3zoWf80v2dCzJF0vFrWokuIFajBf6ZWgfKp9AS8YpOYNS8Fe7oNJ5fYdCiFxJPQeUB1GnqZadilOg0/P5avLWYa1PVgzddHeDzam4jwOixu40/8rsMAnN4Zyys7IfW0ExLPsz2tNrNeacjWw6kseD+eXfvToVJlLEDGJejcqw5dWluJ/+UgHvgyrENlPIEXX2/GMDzZ8/EpvFrWJCLECgTyN+L55bBdoUxERESunC36HCsuQMvgy/zw63ksZk/8uch7X5/nn9UdgEf2upUqlHP/qyKPdbQw8MvT1DMnU6ddfRriYOXC/cw44MHfbvPj9pZefHskhez5RbvrHiyAqj7l2J5VqCXXZF9mBqfiXVOfDep707SCA8wVaFTfSZA3fAG5Lo2Vo0qB1pjoObQpjXad55st51m07BhvfZ7Cyp7gQXluCq2EV6YDS/0K3JRuItCZwquTDvG/SlYebVuFds3T2bYld3nOnH9aPbC4/+mJg/1nL+bbdjkCrJCKU9OXIiIicuW+3RCPR7VAFj0XyqznmvDGsCa88YCFQ5tiOVezIpDGl/vtwEU2/GgHiyuktfxbNfxPJrLoiAdPd6wCZPD7ASd39Q7ljf51aFXBCTg5l1D0LwdUrW0hbdtZfjkPpJ1n8KRDvH3Sg2Ag1exJl/uDuLNKBm99HscFcyXq+cHWLfHEA8d/iWNbgRLTeG7473yQ6s3oYU1Z8mhFSMwEHwtOLkFNP3reH0TVhETmfZ6K5ZKNHcBLL97E6O5BVEp3gD2Dc/lK9fLzxGlPYvUeG2Bn8fR9DFydXGDrWaFTV8pERETkytjPs2yPk85PVs2zuOUd1fD//CSb0usT2fECw2fvYTbgbQX/rJWqBNCv/klmZAZwVyCAJ+3bWRm9bB+3LgNvPwv+ONl+3EYHb8DqkWcbVqBpRAOGHNjHkBeiAAgIDWTmfVWx1LTRZ84Rbv3Ute7dD9QnoqYZnqvNrikn6DQoFg88oMBt/l4MeNSXJz4+wK0fu5Z0fbQh9UJ8mPdAOkNm72Eurhv6hwxrRJ0ql+lSy4OpE6KYCtStZQFsHDyN+6qYq86eIbWZ98AFhsz53fX8ShWJHFUD1sRiteRs3QJQ3gMPp9OZ6xqby5LF77Bv3359zZKIiMhfWFJ8LJUDql+7DaTZic80E1Cl5Ik5W5qdNMwEeJV+Eq/w5ziIP5+JpaIVH2ve9ePP2/GqYsWzqALtmcRfdBRcp4jlKeftUMh2Ci8XAqrkD4N56UqZiIiIXBteVgJKuaqnVzFh6YqeYyKgSuEpqajl2axmAgpbpYjlPiWVV1K5+eieMhEREREDUCgTERERMQCFMhEREREDUCgTERERMQCFMhEREbli8TsO03r4YeJvdEXKSlwcC9afv6qnuvZF9B/eFwplIiIicuUuAfYbXYmyk3IskRVHLl19AfYCnzB2xfSRGCIiInLlikwQNpbNO8zs31yJLaCWL7NGNqDqoeMM/8pO9aRUfkiEgFqVmTMmhIZW+O3Lg4xak0oaHrSoVY5T5iqsHFqJ58afpd/rTWnrBb+t3sv0C9X46El/Tu85xcsLz/Kb3fWBro88GsL4Dj7E749h+OxYDgJ1a1lJSyzHlMlNaG2+yIK3D/HOgUt44MEjXesz/v7KOVVOS+C5RWmkksbj75v46OFyzFx4lBVHHHjgQeeu9Zh0fxXAzrr3o5n6czoAjVpW519DgvK0/pf1Bxn7aSqpQEB9P2YNrUdTr9LtUl0pExERkTKzd90h3vqtHIveDOPXN0NoejKZD3bZgEscPJJKnYca8un4ILxOJrF0lw1b9AkGrEnlsQGhfDu1DgGJl0g4m0kaDk7ZbVxwf2dlUrKNMxcdQBIvzzmL9f4Qfl0QxjsPW1n7cSynSeGV2bFU7FibL95swiO+mSRcyCApE9a9vY9FST588q8wPh9bja/XRLM4OtfXOHn581zXigSEVmPmY1VYuTCaj5N8+OCNm1k9OID1a44wc4edQ19G89rPl5k09ia+e6U21X+LZfBHCTnlpMUx9tNUHht2E7/+qyFtYhJZt89W6n2nUCYiIiJlpmmXxrw/2J+D3xzn9fdO8wPgYwZw4mH15em2PtSsU52e9T0gE04eTsPDWplerb3wCfRnyIMV4ZIzz9cVkefflZn1SkO6eF9gwfuHeefHdKhUDufxFLZhok+nQAK8KtK7W1XAAdg5fArItLFs6UEWfp9CKrBha977x6r6lQOzhZrWNDYdgc5dg2laxUydVrUZWwvWb0lhx2/peLWsTkSIFZ+agQzpWoHjm84Tm1WI2UorYNGc3xm6OIHbnm7Ic61L/5G4CmUiIiJSZvZ+eZgn5p/kq5OZNGjmQ0sgO1DZc758u6pPuVLdkmZ2fzORJWu61J7Cq5MOMX7deVIrVaBdc4vr/jY88j0zV8S5BP61K9GiXiUa1KvM2IcD6dOwkI/YL+8BmPDOt9hizvmZlme5h+vLOLNYfXh9aigzHg0gICWFV+Yfok/uK2klUCgTERGRq3SZo6dtHD9+kUPH0zh02s65I+l4hAaxaFgDejYuTxIQn5hZZAm1GnjhtCexfEcaKXHnWfz1RSifFd4cHDhmB3sKX0Y5XF/ifdHGDuClF29idPcgKqU7wJ5BcvVKtMDBqm/iiE+zsfI/59xbMONXFRJSTLTpEETPVha++jSOLekFI1DCvvMcsltpVA02/C+OeCDleCxLj0DHW32oW9sCvyXyy3kgLY1V/72IVwtfsr899PQZ7pxwgKTGtZk0rgUTQuF4wuVS703d6C8iIiJXoRxOkhky6ffsJR5WXxb2rYLXohhuHRSDh7U8DSvBjoNpUBWw5r2aZQU8Q2rzwaMZPDH/AIvwwN8KXkEV8PPyZ3DL00yds4d3gLp+HngBVPGiSy0Ppk6IYipQt5YFsHEwoTKzxtZk8PQTdPocAvw8gAoEVTTRcWhdDk45RqdBZwEICK3GG3dXzFMXL7+KeNnP8viYE3w+sTZ7ppzIXr/RbUH8o7UVn9YhDIg+wJAXolztrebL+30CYW+yq201A5hwWzxTJ7nq5oGFl8ZWKfUe9XA6nQV+h3PJ4nfYt28/02a8"
04:29:04.015 [Forwarding screenshot on session ed2d6660-f69e-11e6-a414-872b36aae4a5 to remote] DEBUG org.apache.http.wire - http-outgoing-0 << "WeqCRERE5M8lKT6WygHVS17xStkzib8IAVXMJa6asv8Uz/3nMpPH1aEmsG5WFK9VqM0vQwIBsKXZScNMgFfeK1sp5+1Q0YpP1vShPYkXXjtDp2FNuCcQjn+3j+4fm/l8QYPsL0VPOW8nw1ywrCLrln8bbrbzdtKKKceWZict01Sq9uemK2UiIiJStqxmAgq5ZaswPvV8CDhyiL8PSsAfJwmYGDM25+MqPL2sFHarvE+VfBuw+nBL5SOMnhBFQCWIvwD3dm2YHcgKfU5JdStifc8qhdeppDqXRKFMREREbhyrD28suJm9+9O4cKkcQQ19qHll2cnNRM/nbqFNdBLn0p1UruZLw8A/163zRU5fdnn4oRtRHxEREbmOrsn0pVyVQkOZiIiIiFxff67reiIiIiJ/UQplIiIiIgagUCYiIiJiAAplIiIiIgagUCYiIiJiAAplIiIiIgagUCYiIiJiAPpEfymVqKioG10FKQNhYWF5/q9+FSg4LkTkxlAok1Jr2LDhja6C/AErVqwo9MVX/fr/W1HjQkSuP01fioiIiBiAQpmIiIiIASiUiYiIiBiAQpmIiIiIASiUiYiIiBiAQpmIiIiIASiUiYiIiBiAPqdMroEUTp8+T2ammUpV/Ajw8bzRFfoDbMSfTuRCJn+BtoiIiJHpSpmUnZTfWTS+D818a9Gkyc3cfHMTQmpVI7zPeDYet13HisQzq5Mvvn0WkfIHStm2YjLhvtUIadIkV1sm8+PpMqvoVXC3rcvcP9S20m5rbhdffH378GMKbJvbB19fX974Mb5MSrftWEQzX198i/gzeWNZ7Oi8Y+H3D/rj69uJjWXThIJb+3GWax+VSd0LkbKRTmW2b0TEaHSlTMqGbQdDa93DUoDg9jzf/0Hq+qSwdfW7LP3sbbp8tpf10eu4M+A61ik6njTA5yqeevyz8XQc9DYQTJ/n+9OqJuxY/S5LP3uTiM+S+Tn5TZqVcXWvyNmUq27blUixAcRzIQMy411JJiMzo0zKTkuK5xQQHN6eVgFeeR9Ls9I82K9MtgNkj4Vzx/YCvmVXbgEZuf6+NpKvYdkicmMplEmZ+HL6iywFgru/yaZ3B5CVvZ4Y8BydJnehz5sbmblyG3c+e9t1rZflKp+3f/NGIJg5v0bxREP3lOWAZ7lraBiDli7isx9fpNl1TZj5+FpwxRgbcO2mVC25flZtFAJsxmK+2r2aj9n1o++ED3jhzmsdL11taP/yZpJfvuabEhG5Kpq+lD8u5UfmvbkZ6M57b+cEsiwPjR1Pd8Ar/ixZk5iHNn5A/07NsqequgydxY5c83G209uYNbRL9uPNOvVnxbacKRvboS8Z3yfc/Xgzhk4eT59O4Tz/wY5Cqxi/Yy1D82xvLr8XOf9n4+xZ14OWPIHHk85PjuOh8O7UrZSz7o8fTCY8e9otnPEf/EjuydptK96gS3jOtsM79eeDrLakbGNop04MHf88ndzPX7QjBeLztb/LUNbuyDXntvkr3ni+D76+1bL33+/XeIa4VnA1AFo1DnDVO7wT42fNYmi4u+3NuvDBj7+zcdHz2fXu1H8Wh0qqVwlX3krsu5Tfmft80WMlt+OfvUF4+FB+TCG7DZMXzc3VhnDGL/ox1zNOs2Jy/+xp1vChbzB3ch869V/EVc2ApmxjaLNw5m6LL2ZZCl/OHU+nZll16sTkfGMqZ+f8yPNdOtEsvD/vzBtPeLMufJD7QOI0c/uH02noB9dhultE/ihdKZNSu3z5cqHL7ccPcwhoOupxwsyXKbCaOYyFiYlZhXDyqync+thsoD0vR76E57H/Mn72JDYujea7M/+ipf0n+jV5iPVAt1EzuLduPB+MmMagjquJ+ewgI5sfpd+tPVkP9H85kpvtvzBi2tsAhN+eyOXLNXEC4ODy5cuc/+1dQjqMAcIZF/kSAae/Ycy0F2n7/Um27ZpKgwItMtPqb/fA6qUMutWXT/uP4762rWje/CZahvXm/fW9s/fH99O60HXaZoLb9yeyz60cW/Mas4dFsP3UGtaPu4fDa8fQcdC7EN6HGfPugGM/ETltKcM6ptPszIe0TE8lZvNmNm7eTNP27Wl6CIK8D/Fcu468eyqn/XNGTOOpjdH4HHzf3bbNvL2oPeNmzCBjy3vMXjqJAYEt+HHiPWXWr3DZvS1wXL5MpVueZs0Hd9Co4mUup6YSvXczmydtpmm3UbzePYW5k99lWERbIJhnX5+BNWoNs1dPYljTW1k/8o6CpTscAJw7vpcjB6pwIVc2s1QOpkFNH1JK7LvDjAlvm72vOjdKZemQyQzquJqU747Rv+XlPGPhcNT37N0LqemXuYyrDUuf30xwxLPMeNqbDZHTePv5CPxvOsbI1lY+Ht6RIUtPEd5nHC+1trJyxGReBGjalPTLl8m/57La5HBcLny/Xk5l+6m9BKam5zyeb9lXU3ry2OzNBLd/lnmTQvl10QjeHBZBku8OZtztLr9cZS6f/Za+jbqyHnh5xQ56B//A6BfeZtqHG+l984MA2H9by4ur9xLxeiMqFVJfETEWhTL5w1LPneYU0P+m4FxLU/jv/Ei2xIEVADsE3s2Iwbfz+YezgXBW7PmE+2oCPMrtdYfTYcRS3l7Zj3Fe61yBa942ZjzqikyP3t2MiFZPMPn1pbR8KIr1wKgVe5h4X02gL+F1rdw25N1CapfCR1NcL+orDq7nvgDX9u5tVJlW/eey/PuRTLyn4DRk00f/xZcE8epr01j/7jTWZxcdzqh5rzLx0dZg/4k50zZDxAx++bC/q52PdKHuwBqMmDaHn4bcQ6VEaBr+LEvWZ4W/RwnJiKbr7ETOpQIW1wRkcLcZbHinPz5A/PdTeOwUdIv8jnf6tgTgrmoZ3PTYKvYfSHDXoxufHXuHO3yA/vdi39qKuV9u5fTEe6h55V1YOtaa3POgu3S760dwt0i+facvVqC5fS8PTdvMuDVfMO6emkAYBz/pwNHUzGKLfXfEQxTouf4rSJxxe4l91+v8At49BX3mbeNf7rHyyAMtiajblTFvrqLHh3/PU2zWzKsl+y9XG35xt6FPmC81Oown9UIanP6BOUtPEdxnHmv+9ShW4NEHmtKt0WNs5OqnxouV8j2RszdD+5f57pORBACPdm5MUuv72btpO/a7q+ALpOxfysCHxrCecCK/e5++LQOAB3i5/Qgmv/sxv0x9kNZW+Hr1UiCcvt1bX4vaikgZUyiTUnM6nYUvd4+iPQdjcTpD3Evt/P6f2czdmmvFYCv9BgXx23qg26PcVcNJVpEtHu5CmxFL+f1YIicse4DG3NshJGebtdtwbxvYfN5OcnI8EEzLVjWyHw/p9Hfa8C7nceB0OnE6AAc4nXaSLwJs5rGH29I4qy779wPw+f92MaFd+0LbdWvPsfy351jiTx/iwPbt/LRpPdMWr2f2kPs55/wfUxvvYyPA+jG0f+Bd1x3YvrB/K8AZ0uxO2vabzsdhG/l02ktEHj5B1Nb17D8F0IbyTidOpwMH0PCW5ng7nTiB/Vt/BtrQq1OL7PbV6DiBhIQJQDxvOYDGDWjknbX/KuIfBCSD2V3GlSiqX8G9H3HgcOb0leshV72DGtTD4t6mEwfQhtbZ/RLELY0h2t0nBbfr+tl7+nL631yFtIycS2VVQ8NwOtNK7Ls72APA0iFd+TUy65cF0tgPsPM0qXnGgtNdR9ztydr3odltsNS7iTauFYjb/zt7gSERd2Y/jn8r7mwDG5Ozyiu8TTiche9X9zbzPO4sj3fWstRUzgPd/t4R/6zyLbeycKc7jKdsxBN4d8wY1/8jHqVPC393Wf50eaofkzcu5uOvYrj1wRjem7sXus3lLv98/ScihqRQJqVW1Iu3f6PWtAG2Ht5PsrOt+zcC/RmzPh7XS0c8kRGNmZJsxuyshE8w4OmFNfeLmtN93cEJFidAGhl5goAz+2c5J4CX64XSWeDhXPV0vfBlXdHo93APAtyXeKw9+mC12vEKCS7YrpRfmdh/JOf+9hYLBt+Kf40GtI1oQNuIngx/eilBd40k6uBZ7MGue4CC2/ejx51B2O2usvs81Afwo56Xk43TetB9+kYA2kd0o9Pg6bT/dizz"
04:29:04.016 [Forwarding screenshot on session ed2d6660-f69e-11e6-a414-872b36aae4a5 to remote] DEBUG org.apache.http.wire - http-outgoing-0 << "NgLu+icD4c3rZtcjw30VCnPeF9KU+BSs3nnb5szX+MKCQkmKC2W5VsoXylz17tS6bq5w4X7MnrWu07W3nYVvI6umQY1bcfOtBa9WOp2pJfadxX0LYcSQx7nFO+sCnpU+fazg1ZhK+cZCzq4qfN/jzCDZXbes+llx5hlTucsrEMqye6SoUOb+YTFnP24/tZ+tQDhObEnn2Q+EeZnzPN+ekoLd6oOPEy4CtOlG74DfWbY3u+8yAAAgAElEQVR+JGM+vp3pPV1XCWvf25MIFrP402/pbTnGRmDskx3yHmsiYli60V9Kzel0Fv7H/yYeugf4ZCz/eOv7go/HH+BIjKuMDKf7qs6yNfySnrPO6R8+ZyvQtG4gTksF4BS/7zmdU0byAaLcV90q+vgD+9m65Vj244e+W8dWXB92kPu1l+x/d6bXmOGMGTOGMWPGMPze6uz7+Xfi7YW0x+zk+Mb9fDJhId/H533MkvU2xp6Bf7PbXFdVarZl+PCcssPMMfy8/RipttNs+3QjBPdjc1wcK5fM56VBT9OmXuPsymW/7mZkZG8j6KZmwFa+/SGn/ek75lO/cX0GLt2Tq21Z9aKQZQX/XHG/5i6Xgo8VeH6BdYvfRtYTMnK1vfDtF913Ffz9AWj4t34Mdz8+Zszfse37mX2nkwrumzx1LLjvc9fZv24jgoHV//2O9OyxvIf/bc1VXhFtspgrFd6mDNcYPbjvbPayM9FHs7dpqVmPNsCyDVtyPe8YE+vXp37Xt4h3lz9y/HTeWjKHrsDiZ5/iv8fc61rCeHpkG/hkJE/2eguC+/FIuH8xfayoJmIkulImpVb0CdyPZxatZXuDR1gztTuBqzszotvd1A3I5Ni2b4lc/r1rta41qOj0o/OAp5m69T0e6D6WJS90p9Lprxg1dB7QhofvaEK4eSBtpn7P9O49cb49hXtqJrH0xYFsAJ5+vgt339+OzhM28NZTt5L80huEZuzkhRnLAUh2uqalXFdMnDicfvx9yCCmbl1Ax7sG8faU/tS8sJ03nprIVoJ5Z1JQwXZZwxj4Umc2vLaG7o230WvEk9zWKID4g9t4P9K1nW73tcTpbeGxrjBq2QAetJzhhcdv4fT37zL0tTXQeAyve5fH7Avs/5n/rvuRjnVhy0dv8MJ7+4HGpKU6cVZxX1lx5kzxhdzzEJ1ZzLyneuL1zhTuqXyOd0dNABrT8/6m/L4mq21ZISOnvbYyvVKWVS7YHfmvlBWstyPrKlD2ug5XXYp48Xc4CpaRV8l91+LOgdwzbgNvdb+X9NnTeLgRfPX2OCI3nKLzG6PwzjMWnPnqWMj2cy+rfR+v9Apm4LKRdEw/yqC7vPjPqNf4HsA39/4v2KZN70/F/p0FW9avTGZk4NP2cca0L0cFYMO4scz3G06ttG1MGDUPALPTgdO7FU/0Cmbr8pE8WcvJ0Afrsn3xGywGuj52L37OONeVvIxUnM4WTF01hjU9ZvDU0On89tkYagK39XyM4Le2cgq4Z1A3QnSVTORPQ6FMSq3Yd9XebZl3+CfunPNvFkYuJ/K1DdkPBbfpyqDBg3mycwusTifeD7/B+lQLg55bwFOPvOdaqXFXFs6fzgO1nTi5l2XfL2Ts4GeYMbQHM1ylMGjWHCY/HIITeO/wel4f/jyRr70ANGbQmEGsn7GA8JZ1cTrBUgHX3JTTSe0HJvPVvz0Z/o9IhvZY465VG6YsncXDta2Ftqvt8PdY6/86b8yKZHnkayzPeqBxZ96YPImn2/rjdMLj837B7juGF96bSFZTgu8ZxJy3RlPDCT2en8I3PSfy2sBHeA0guCtjxvRixozlbNpxiAc6OF0fZZp7is+7Lf/6/j08Bz/NjIFZ7XfV94EacDJX21zPsOBTAajgk3Pv0xUorl99KgD4U9GS/56kgvW2WCq4Hym4bnHbsBQxvQmU3He0ZdFP7zGx/9MsGNWbBe41uo5ZyPSnb8bpTMgzFqACkJ49PVlg3+dZZuXht36mfPBInp4Ryag1cE+vp7ln+Xt8n5zhml4vok1b17zH1nzL2vg8wOiH2/HqwhH0eSaSiQNdv8Xb9ele8N5yMtzb7P7WWlI9/8ELkaPYEJnTnqmPN8GZei5Pnf3vHs17g37g6QUzmLw0gnm9m2ANuZ8n28BrWxvz5EO36mqYyJ+Ih1NHrJRCVFQUwcHBJa8IgI34M+e5mAkVK1cp+vsibSmcOZcEFStTI6DwDw+NP3OGTKBSjRrZn16fsm8VL8zYTd/pkwl334pk27mQuve/zPCPdzC+XY0i6pXCmRNJYK5IlRoBpf7I1ZT4MyRdzMRcTD1t8Wc4V+Q6KZw5cwEwU6PGlX3gbPyZE1zETNUaNf7wR8T+5z//4Zlnnsmz7Mr69UYque/iz5zhIlCxSg0CyuLzdG37mPncDCxdX2X4vbXdC/cxqnp7lveaw7HZPa6+T2wpnDmfBOaq1Ciisq4xBRUr16CIYVcEdx07/5Nji58usY6FjQsRuTF0pUxKzeH+DKaSWfCrVo2sL8kp8nkWL6oFexW7jl+1almFkLWGI/UYazYsZE28nX/94wEqJ+3k38P/CQTTINC3mHrmbC93eSXx8quGl1/xbbH4VSO4yHW8qFat+HYWxa9asGs/XkF9r9SV1unGKLnvcsacgzJpksPOnjUb+GLNEewzx9A2OJMv509lOfBIWDMsf6RPLCWPiZwxVdr2nGD1nGX8vGMtK4BhT9z3x+ooItedQpmUmlEuqnqHPcvyV+Po9er7DH/ifdfC4Lt5/a1ZdAstfDpSiqb9VQRrc6Z/OgOeHcObo/vzpnvxIy8uYmavUAPutwx+/eccVgCNn4jk2buqG7COIlIchTIpNeOc4K3cNeB1TvV5gdiki2CuSHV/1/yOcer456F9VjS/W3qxaEsvEhJiycw0U7GyPz6e5PtNTqOoz8t7dzI80+w6HgxZRxEpjkKZlJrhXryt3lSr5g0YsG5/Itp3JfPzc0+jF/glBmOxevtRDfWpyJ+VQpmUmk70f03qVxERY1Aok1LTi/dfk/pVRMQYFMqk1PTi/dekfhURMQaFMik1vXj/NalfRUSMQd99KSIiImIAulImpfbVV1/d6CrINaB+FRExBn3NkoiIiIgBaPpSRERExAAUykREREQMQKFMRERExAAUykREREQMQKFMRERExAAUykREREQMQKFMRERExAAUykREREQMQKFMRERExAAUykREREQMQKFMRERExAAUykREREQMQKFMRERExAAUykREREQMQKFMRERExAAUykREREQMQKFMRERExAAUykREREQMQKFMRERExAAUykREREQMQKFMRERExAAUykREREQMQKFMRERExAAUykREREQMQKFMRERExAAUykREREQMQKFMRERExAAUykREREQMQKFMRERExAAUykREREQMQKFMRERExAAUykREREQMQKFMRERExAAUykREREQMQKFMRERExAAUykREREQMQKFMRERExAAUykREREQMQKFMRERExAAUykREREQMQKFMRERExAAUykREREQMQKFMRERExAAUykREREQMQKFMRERExAAUykREREQMQKFMRERExAAUykREREQMQKFMRERExAAUykREREQMQKFMRERExAAUykREREQMQKFMRERExAAUykREREQMQKFMRERExAAUykREREQMQKFMRERExAAUykREREQMQKFMRERExAAUykREREQMQKFMRERExAAUykREREQMQKFMRERExAAUykREREQMQKFMRERExAAUykREREQMQKFMRERExAAUykREREQMQKFMRERExAAUykREREQMQKFMRERExAAUykREREQMQKFMRERExAAUykREREQMQKFMRERExAAUykREREQMQKFMRERExAAUykREREQMQKFMRERExAAUykREREQMQKFMRERExAAUykREREQMQKFMRERExAAUykREREQMQKFMRERExAAUykREREQMQKFMRERExAAUykREREQMQKFMRERExAAUykREREQMQKHsOtuy+DB9Bx5mS1zx69kOxDKsbzS7bWW7/QOb4jiQDJDJstH7WBxlL3b93aui6Ts6huQy"
04:29:04.016 [Forwarding screenshot on session ed2d6660-f69e-11e6-a414-872b36aae4a5 to remote] DEBUG org.apache.http.wire - http-outgoing-0 << "rEPy7hiGDdzHsGEHsv+MnhDNsm/SynArf2HJSUwpsP+Osi7qjw6W0o2J68J2kVXTDtKjw07CwnbSY+BBlm26WLqnHjjDwL6HiSrFoE0+mkRUjAO4NmPdeDLZtOo4A3vsJixsBx0i9jB6WgwHyvg8U9h2DTO23Io6F1+rcZB7rBXuxvTNlRwvcu0plF1PtvO8OTaZ9Z8k8+bqpGJXTT2ZxvLPkzmZWnabT94UzR3dThKdAeBgx5KLbD7rLPY5Z7cm8fmSdDLKrhpknLWx7JOLLP/qIj//7PqzeG4Sw3oeYOCylDLc0l9URiYb115k+fIL7v13gcVzE+nX8Xcit/yRF73SjYlrz8a0bvsYNC2VI/4W2re3cGRtKsMe2cfodSUHs9STF1j7eQpnSxq0yQk80jqaJTtdK16LsW4sdiIjdvHIoHjWHoH2D3gTUjGTxdNiuaPFgTJ/A5iXg31LLrLjho8tt2LOxWd3pvD5knTK9C1ivrFW0I3rm1IfL3JdKJRdR0e/iONb9xuljW+d42gx63p7lQM8sJRlBawAHlSyuP4z9dTNzOnsWexT7p3ailPxDQgsy3qYwWQysWJbK6KiXH8SD9QlwgRrZ50jpiy39VdkgWRg8CfN3PvvFk5H1SLcBB+s/iNvd0s3Jq65uBRWboWImSFErWrCzJlNiIquT4QJlrwTV/IVDLMHpTp2rK796FupHHCNxvoNYWdaWBQTvskb0A8sO8KkzRD+bC1ORTVn5tQGvLOqFZvmeOOIS2P6J9f4SrU/WMv0hHb1ijsXm61AnXJ4AZRVGMo31vK7oX1T2uNFrguFsusmk0/fScVUrzJrF/viiEtl6abcJ00by0bvwc8vioCA7XQbnwiYyDh8hg4BO5gXlZm9ZsyGaEID9rIpGUhOYVrfnfj5ReHnF0XEsBPuE4ydeX13EtF3D6EBUQTc+Tu3PpiEw+GgW8gevomzs6DvXiLdddi9LpqwgCj39ncyZZXr3WPUewdo0eM4ccCWyL1EDDvKhB7b3evtYMq6nJPF7lU5ZYT12EePDjsYOK+YK4K535kF+vPkUx643p7mq3vEceKws27avux2BoTtZdXunP1X1LaTo07RIXQHERE78POLokfkeZIPnGO0+/9+flGERhxgwwHXGXpL5F4iBkYzOquNYXtZtukcEzq4txu6h1VRxe+z68Wa6/D1rFeF2+uQ/e5+S+ReQt39BpAcdYqw0L1sSQbb0TiGddie3f4eo0+5g3DOmHDtt90MG7Y313ox2eUVPe6KLz9rjPv5RRHa4QAbjhY9neNpzfUf3yqMjKxMr7uzFhY/HrKrGXWCsFD3sQJgS2Jg6A6mbUolstsxjjpg7iO76Bt5Ps9YL6784o+DK2vjtZKRlj9P2Fk56yKmer78e2pVcsfu5r1rM+5v5anGpex1i963V3cc5he3JYYeoVnHznYmLLuex05J52ITHD/P4x2241fTdcwv21Jy+69krOVV+r6xxSQwoe+OPMddzvTmX6FvRKHsejkaz9yt0H5AIO26BPA3E0Quiss+cW6YcIBhi+08O6cuX64IIHaXa7mlgS+34GDi/Hj3mpmsfjuJhDaVaOlrY0qHQ8z4vBxz1obw9cpA0pfH0brvKWxAyt5LbF5v56ExlRn8UBVmTKwAwFORNWgRCHG7LhGX6YTkOJ4akET9MUFsjmrI9F4OZg+KZkMcpMXbSNjlCoT2lEw2L0vk8+r+rN1Qi8FtHEQOOMYWGyRvOU67QUn49gpkw9d16UI63/7mIDomk6KkpTnA5sBmcxATdYYFS5zQwIxX/rrfXYGdU/bTb9pFer9Wi01f1+Ip33SGtN/Phpjit52RZue3OAdbt1oZN8qbDs0uMeCOkyxJr8TKrxvy9cpqNNiaxhPPnSI5q42fJLG9egBr11anfVo6wx45yY621Vi5tBptEuwMmZ9Y7D67HnyBjatPMG/ecSIjjzKsxx5mH4WRvaoAYE+xZ/cbQEaajeMJdhIz7ER2P8HyCr5s2NyEDQt8+XbxWZ5xn5yzxoRrv2WwfDksWFufBeMq8O3iWOZvsgPFjbuiy9897xAjlmQyc21DNn8dxG270nii01EK7LJAL3q2gU+GRRMQupthE46ybEMC1buFMGdcdXyBTcWMh9wy0jI4nmDnQtYbgNRMtic4SM0002moHwAR42oy8mGvPGO9uPKLOw5K3cZrIfkiUVEpHNidxjkg+UQKB3anELX7IrbkNLYch5u7VKFegSd6Mm5VC2b2rlxi24t7rLTnANuBGO58MJYjt/mxYVNDFo2pwNxh0YzeULp7Bv+wEs7FYMLhcBLbLICvN9VlcAM7Ix7czzdxxbf/SsZaHqXumzTGtDjG/M/LM3NlCBsWBxC7PI47uh0nmb9I3wjlb3QF/r/YsjKeBDzo2cl1QPZ+ysTGJXF8ERNMlyAbP6+6ROCztZna2x/w59NFNloMuABUpNcUK0smxrNpTg3anXGdUJ76oBrWqHPMPgoRrwVxX1NPMqjA+DHJPDYjju/iAskAAvvVYua4qgAkb0nHZMrkoQf9CSTXO0P3SeTI4QtEn/XioZdDaf0MNAyErQB4ZK9qMnmzek4d6gEtJ6Yy/8EUElPhl/8mYgr05cM5tQkCbl9lYlfAEY4UsT8cDgf9wnbQL9cyk8nCon/XwpfMfHVPY1jAJQL71WLOEFdbZq71YGPICZZ/mYTlSMnbnr6xMf2am8Bmo+G8mvzj1gDa1YCYMw7ue+AsW7dlZF9lMpm8s8uiTzwbIyuwcGowQYDXiDgeXHqBmAzfIvfZ9VAB2Lo8meQ6HqSlOYmLc92rE73/AoRVdq/lkesZrn9bcHf3YTs79qXT6Z5abN5UFUv1CkDBKzqRPzWlRyjQzsynMw6QnOnEVopxV1j5Zz9yAk72/naBFp2q8MZPFRlrsRYyXViRcetv5vZVp1m9MollcxNZNjcROMazi0OZ2gVWRxY9HlqH5C4rp915/wGhHXxoaUqkzu0BhNUzsyl7/bRiyx9A0ccBGaVtY9mL++UUHXvmugl19Ak+AUwmDz74Xy1igVvqm3PW3xRN6CM5V0HqdavGd+9ULqbtsVQuZr+U5jgE2LoyngRMTB1bg1peDkL61aDfymiWvB3HxM518L02uydb8ediAAcmkzefutsR9pGDz0NO8MUvidiLHXelH2t5ZDhK1TfrBl9mmQNe+box/cLMQGU+xU6LAYn8FOfP53+BvhGFsuskjWWLM3A4YFDYDgbleuSdpefp0u8SnyfA3U1y5mssud5MhXWvSp2JJ1n9nQ2/4/EkUIEnO3uS+o3rXc76l46w/qWc9U0mi+t8kAZ3t6mYvTzDDuAgM/8NnYGBvB2ZzNARSfT5xHUiaNnNj8iZ+d+3OcDffa9Fdnmuc4/ZaoKEzFwzkl7cWgd2FbNXRi2oS8eqYM90gJeVlrf75Bz0ueuebOcI0KOTT86Tfb3pUgeW7s1ggG/x2zaZylO7tvuisKcnVTIu8Ezr0+SeVTK1zLqnwtXGnPNp3v+7muyBpZh91vw6nLlicd1TNrVdznTevL6/M3HESR56sHIxz7QyfEkQB0fE8FK/Y7wEmOpZiVzYkHr5koPJZKKaX9b/zDTyd90Xk3q+uHFXdPm9R4Qw5XA0L006zeJJpzGZPOg1pRYzhgTmmbKxxaTx20lo16MO7XrUYQ4Oju6O5+0XTjJ/wFE6htUsdjyQJ5QVlN09dofr/rTMy0CuF8oSx1vRx8HtpWzjtRB4bwOOHr2MrzWTCS32kTwtlDmdrCTby+FrTWE5sH1fzpsx79qVmTnTitXbg30rY5n/g4204tr+WzoNinqsFMdhDhMOxyUGtfs971LfS6TBNX7hL+FcPK4K4ICbzTnnAGt56gPbf0qlAlc27kocawDeZppSct+c7+OByeRBw9o5z/eq4rpHzZLyx86ROW5k3who+vK6iNt0lmVx0HtOXTZvasjXXzdk8+a6PNsSts6IZXdgJdr7w/Z9OZeSLeZcN4QGBvDcA7B85hEmv5XBzSMCaQ5YvFzdN2rtTSQmhpGYGMbRqLpERlajibcrQPhWyXcCAPLf0WmLSyG2ki+fxodxIKoh"
04:29:04.017 [Forwarding screenshot on session ed2d6660-f69e-11e6-a414-872b36aae4a5 to remote] DEBUG org.apache.http.wire - http-outgoing-0 << "i1+pyG+fJPL+T6W/yzXT7gBy38R6gT3HwauI9U2m8oTf58/t7fxpd28g7XIHMvLV3ddMTWDVF7l+M9OWzq7jcHcrz1Js25F9NTB5y1E6Dkum/oiaRO127bel/Ty40t9/L4t99sflPnyttLrJDFzKmT4hp6stZP3Wm519J2Hkh61IPNqEDUur0T7NzohnTpc4xZb1klH8uCu6/H27L1CnewiJia3Y/HVtJvYqx/KJp/gu34YPfXqMzp0PsC57KtJEveZVmTrW19U+z+LHQx6Zzrw7wmoq2NXmfDdflzDeihNXyjZeGyZ8fc3gWQ4SAEt58DTj62sCz0q0bQPH58eyzn3zn2c9f/r1C6Z3jyDuCXWPpeLa3qbCHzwOXTLtlzCZKvC1e+wkJoaxaWUQ80b741/WuySfEs/FWSvGOHJOk/ZLHAFuae9V/Li4mrEGpe+bTKdrWjU2591kxoXLrp8+f/Qc6d7EDewbcVEou+YcfLU0CZOpAs/09ie0uQ9hYT6EhvrTf4gXDsdFPt4Abe7z4Pj8E8z7JoWYA3FMeC6JnO4x8eAAPxy/pbMxwYP+fVyXNHxvD6SbCSKfO8KG3TbiDsQxutMxRoyIJzH7tSPXr6BnOnE4HERtTMp7E/CJ8/Trd4KR086R4edFk4bus4olp4yc13lnoR8Z0PoRfxyOVLoPO8GWqASm9DjCekdx76wcZJT4K9hZdfchopcHCUtOMW1DEjFHU5g37BjfOuCWmytcxbahev0K1PA3sWXVYfosduZbufA25n48s8R9dm35Aju+PsuGdbGsW3eGxdMO0HlaBtTxoUUgYDFBQgoffZPG0d2x/OOZZFzjKZN3n4jh/r5H2JJWjiYtKlEdoL4Z79Juu9hxV3T5MR+f4olu+5m36SLVG3hTp6oJMGHJt8+ad/KnngkGtNhN5KpzREUlsWHZUTp3S4Y63rQILH485OZdzYLD4WDBv2I5GpPG4jEncq6QZrjG14EfzrH7aFbkdJJRwnjLWa+gvaVs47Vl5p7pgTwQUi7PsiELa3EzGQxovYMJ886waUsSmzacYULfHfSc63Dfz1lc2/3L5Dhs8WBlHI50Xh4dw4EYO1EbjtKuZwxDvsu4xlcTS3MutgHlccQlMXpeHDExKcwbfYrjmOjQpPj2X/lYu7K+qXNnABEmGPvUITYdtRMTdYZnn0gF/0qElHBMGL9vJIumL6+15PN8tBZuHuy6upVbvYeqEjEkjfnLE4n/sDFHkg7wUs9DZM0ImUw5mdm3XTX6BSay5OYAHsyeVfRizk+1sD1+kj7uy82mQCvzNjakOQ7Wkfc3sAJDvAg3JTOtXzSpXo2wuh/3DKvF0nEX6DPtJM2nnQSgZe9qjLrXk8ObTRCUNX2X+99ZXHX0DavN7pVOHn4sjs7L4mgZ4UW4KY2aLfK+SOYo7/5ojsJl1S1LlzmNOW47xKQ+0Uxz75txS0MZ0twMFL1tizWN3O89fG+vwSsRSUwaFs2yYa4pt969LSxffpG9yYW10ZTv7aTrce9i9tn1UAHYPPcsm3MtC+9WmYmvhxAEBPUL5pGVx3ip5wFeAv7WuyL+yzPIwItXPwkkulscnZu73seb6lVkxfSaeJKZvd8tVleYyC2nT4obd+Yiy7/Xz4vBO47w0iOuOplMHgye14B7878y1KvBF186ePaZWCYNOpm9ODDcl/8uaeBqXzHjIW5TTt09m9dgQb9kBs2OIWw2mMIrUM+U7i7Qi57tPZg2O5ZdyWYW+ub0fXHjbdO6oo+DdmPqla6N15SJe/vVLrg4qCobfinHjJdPMful08zNWttUnn6vBTFuSFV8KeFYu8rjEHLGT+Dt9fh6zmUeHxFL+OJYAOpFBPDR1KrXdreU6lwcT8dGDkz1rERPPEHzl1xtnLgilM5BlND+0o+1AzPztbWUffPvjTUZ0P00j4TtcT3e0osVHzYiFAi96r7JOUfesL6RbB5Op9Mgn+YnAMlxNtIoR1BgIdOOxYiLsZFh8SAo0FryykWxZRKTcBmLl4VA3yu7iBqz6Tgjl3ow953arpuak+PoEHKCW1Y0Y2YZBhVbnJ2EDPAPsma/c7uabbv28x/cX/CH9tn14BoXFoIC89fNQVxMBhmWKx9rBcsvbD8WXX5ynJ20fH1YlOQ4u+uKlMVc6P4tbDwUxpZsJyENgoKurL9LW35h9S5tG28IWyZxdiADAovo/+LaXibHocGPnaz6eQV5FriiVOy+ucqxlnu7xfdN8cfu/4u++QtTKJMykRx1nHod4zGFV2TE7eXYGJnKLix8sLO56x3mX3TbIuKi49C41Dd/HgplUmaObjrD20vPczzJQfWbfejdL5jbg67Pu6wbuW0RcdFxaFzqmz8HhTIRERERA1BMFhERETEAhTIRERERA1AoExERETEAhTIRERERA1AoExERETEAhTIRERERA1AoExERETEAhTIRERERA1AoExERETEAhTIRERERA1AoExERETEAhTIRERERA1AoExERETEAhTIRERERA1AoExERETEAhTIRERERA1AoExERETEAhTIRERERA1AoExERETEAhTKRv7ILF0hKSiLjRtdDRERKVP5GV0BEroGkfXy0cBk7EzIxVzCTmZ5JrTZdeLprOJUKrLqRhcu+ICEToDJ3du/LQ62DIWk37761lIPpgLkW3f/xDK2rW7Kfd2jDWyyLu4NXn2wNJLFm+j/ZmuB+0GzGTCYBt/RhZNfmpaiwnciIPUzanHdpt3G1mDmuKr751h0dsAf7B82Y09nzinZLWftmwg56znUUWG4K9GXngQYE3YA6icifl0KZyF/NhX289c8leHfqw7C65YlLuoRXoCf7Vy9i8nwbUwa3JydaxbJiyRdcDuvOi12acvKbD1m6ejUNWgzk6MKlHAy4lzHPtGb3hzNZPf+/NHy1K5VJYvPKJayLOkPlsKxTSEVue6gPDS9BeU9PYn9exhd7oUWr+qWudrm5z7MAAAhpSURBVEosmLpV46fxlSEDYned5ZFBJ6l9uy8T21lzrWnmyRW1oYWlyLKul9ZDGrLpUROWC4k8/OBZ7p5el/HtraRllFcgE5ErpulLkb+YHf/5mIw7n6IDPzFn/mfsO/QTi+Yso3qfUYTFfsF/913IWTkjnaAWbege0ZrKlko0bxeGmXiSYg+yLQE6de9IgKUy7bv9HXP6Lg4lQdIv/2HdXk8aVQb7payCLAQ3aU7z5s1pUgd27k2nXqfBtK+X/7pc8erUrkBoPS9CQ71o16MeowIh+YKTuC3HiYjYS0RoFAEdjvDF+7F8F32BaRHbmbDhovvZNqZ12M6Ub2zEbDlFj9Ao/PyiCAjYwYRVKa41DsTSN8y9PHQPq3ZfIDJiO8NWpbnLyGRejx2MXnex0Prl5xvkRfPmFQltUoEgoFqIF/XqedE81BNw8E3kPvz8XNuLmHCGOIDkBP6vnfuPjbq+4zj+7NG74yh4B70r/QGSEyuiVEa6Tro1I611Y7TddAjrAAdhLLZGByRoY6BqqMmCXYaN0TYRsUNQA5KRreg2fjQSEQYrXVEEZHJxpT/oXXstpfZ6vfX2x2FbbBG7ufilvh5/9b6fz+fb9/eSS175fL6fz4NZH/Bgzgmczvcp33iaRY+eJctZg9N5gnXlF9iQExmTusiDB8DrZ13Wif7nKdlzaUTfq4jcGBTKREaVdk5/ZOXerASOHGgm77HHWbK4gCfXriLZGU9aagItzf6B7hY3eUt+SnJMZOxbr7xJr+0ukmMBbIz/bHXQHN0/re6Y/XM2PV3Ad6fbCPUOraD2zR002VLJz5wy4uo/+egyR2vaOXrUz45NZ9jsBdekMdAT4siRbmYWJbLtqVg6jgWpv2xm7vfHUPFbLx0AZ32UnowifXaANbkXGVs0nba2VP7yrJWKwmYauMSj32vgw8xEzjbOYktekMLMZu78gZnXN1yMBCaPj+LqMBlp40ZYeV+kht5w/xXPrnPkl4TYXjOHNs90btnVyIrydqCPhpM9NMx0sm1bIklRQapfD7Lu8CyqSmxsXX+RwIrpvP9OIvbqNnYe7WF/mYdKWyxn21I5XD6OsqKWSL0iMqpo+VJk"
04:29:04.017 [Forwarding screenshot on session ed2d6660-f69e-11e6-a414-872b36aae4a5 to remote] DEBUG org.apache.http.wire - http-outgoing-0 << "lIoGxlz5hXd66/GPncK138Bq5k/PbebdpgTyH1uMk1ogNHxXS2TZMDBcc/A0++q6uSM/C8fQRmr3VXGuEwiFmJqWQ/qgmTSLHfr2+sg91kqfN4zLbeWprdNZPdeM950wJpOd4pUJ2OnhvStj5i2Lg9ImDndMI+ZVL/wonmyXg7TjyRyu66SsxMffq7thmgOLN8AhTLxQnIBrLNz3TAppRZCEn9iSev7aALfvbIHMOOYPXnsMNrOv6hCdRBMKjSUtZwFfZgLw47pPARMHXz7PQfo43wp/2+WnY8l4OjCxqfhmsu2w/71/EbsikQUzrHQ0WzCZwixf5CCJGDJjG/G2hZk800bfiz4ysrpYuWwS1e/G4bp+CSJyg1EoExlVHKTc1sPbB5u4f56TLb95Ds/saOrqfNy3dir1NU3ELZ149ZCu01RsrMRju4OCkuW4LUB7pGlgeTJE6FohbRBf3TFamcqiOc5hWnvp8rbQ0gaEQkz83DRbsANcD9/M2WeuHTeG7CJNclJydyOvVFzAUdHH6ionBC6xLu0cf5hmZfUvJjL/h928vXWYm42FtlPdWFKdFGXW8/LWC9y5PUTBC67PhddO/I0ttERDKDSJwHW/hUGm2bj72zEEu2BO2TgWYgMiGwOCw2yJDRKGWAvxAPTRA2CBlKUzOHJ7Kwff8rNrUwOlj3vZ/XEK8+xD7yEiNy6FMpFRJuUnP+PAxkoOZOezakU07ZdDpKWP58wbz1MTn8em5MHTPD5eK63Eg5tlBTlMaGvmQggmTnFzl62XP+89QsbydGr37qcXNwlDp7+uUn/uHLhzcA/bGkPGkgIyvrpHBcz8eK2d9YsvYnJN4PhcM3j9HALK/ziLRUmwZ4MPWoM0uyx8hz5+/5qf7MKJHC0/Q25xNMd9M8l7xMG6+y9y0jSO6mzr1f/CksziR5JHXNnkJDN88m+mZiYw1x6gLOcUL96SxMrcMdce1Au0Dr2861e1FJKI76XbKFzWhDOtCb/OOREZdRTKREabmJmseWIVOyt3sGV/CJsNurvBnfEAT+alXdU16Knlw24AD9s3l165auOBJ54md1Ue/3x+D0VFewAb2avyGfyWWHS0NRIiBgn1gu2m/+6YCosdkqxf8JprbFT/n5HYFPmclB3HQlMH7WviImHQNZ6VmVE8lFLDQ8C37rEAAc54HPyuysX83PNMWg8mk4mSquTImHmTWWpq59TqOL7MAR5DmbADVvNAjSmFt/LsidMscNdEerjHs7syHvACpv4dsGbof3fPYo6C2IH30j57zrxfJ1KZ2cik3Y0ApD+cSKbWL0VGnahwOBy+fjcRuSEFu+jqhZiYke2CHHQD2n2fMs7p4Os/gGJkOrw9MMGKfUhG7MPr7WWCyzqwTNnQQtbsen55OJWlM77aOgIdPXQGTbhc5v/xTpG6LRYrdi1bioxKCmUi8o1WU/4B967vwbQwngsvJX3BZggRkf8vhTIR+WYLBKj5R5Bb596EJqBE5OukUCYiIiJiADo8VkRERMQAFMpEREREDEChTERERMQAFMpEREREDEChTERERMQAFMpEREREDEChTERERMQAFMpEREREDEChTERERMQAFMpEREREDEChTERERMQAFMpEREREDEChTERERMQAFMpEREREDEChTERERMQAFMpEREREDEChTERERMQAFMpEREREDEChTERERMQAFMpEREREDEChTERERMQAFMpEREREDEChTERERMQAFMpEREREDEChTERERMQA/gM+3WY+mBhx+gAAAABJRU5ErkJggg=="}"
04:29:04.017 [Forwarding screenshot on session ed2d6660-f69e-11e6-a414-872b36aae4a5 to remote] DEBUG org.apache.http.impl.conn.PoolingHttpClientConnectionManager - Connection [id: 0][route: {}->http://localhost:27950] can be kept alive indefinitely
04:29:04.017 [Forwarding screenshot on session ed2d6660-f69e-11e6-a414-872b36aae4a5 to remote] DEBUG org.apache.http.impl.conn.PoolingHttpClientConnectionManager - Connection released: [id: 0][route: {}->http://localhost:27950][total kept alive: 1; route allocated: 1 of 2000; total allocated: 1 of 2000]
Base 64 String Length46732
04:29:04.028 [Forwarding findElements on session ed2d6660-f69e-11e6-a414-872b36aae4a5 to remote] DEBUG org.apache.http.client.protocol.RequestAddCookies - CookieSpec selected: default
04:29:04.028 [Forwarding findElements on session ed2d6660-f69e-11e6-a414-872b36aae4a5 to remote] DEBUG org.apache.http.client.protocol.RequestAuthCache - Auth cache not set in the context
04:29:04.031 [Forwarding findElements on session ed2d6660-f69e-11e6-a414-872b36aae4a5 to remote] DEBUG org.apache.http.impl.conn.PoolingHttpClientConnectionManager - Connection request: [route: {}->http://localhost:27950][total kept alive: 1; route allocated: 1 of 2000; total allocated: 1 of 2000]
04:29:04.032 [Forwarding findElements on session ed2d6660-f69e-11e6-a414-872b36aae4a5 to remote] DEBUG org.apache.http.impl.conn.PoolingHttpClientConnectionManager - Connection leased: [id: 0][route: {}->http://localhost:27950][total kept alive: 0; route allocated: 1 of 2000; total allocated: 1 of 2000]
04:29:04.032 [Forwarding findElements on session ed2d6660-f69e-11e6-a414-872b36aae4a5 to remote] DEBUG org.apache.http.impl.execchain.MainClientExec - Stale connection check
04:29:04.034 [Forwarding findElements on session ed2d6660-f69e-11e6-a414-872b36aae4a5 to remote] DEBUG org.apache.http.wire - http-outgoing-0 << "[read] I/O error: Read timed out"
04:29:04.034 [Forwarding findElements on session ed2d6660-f69e-11e6-a414-872b36aae4a5 to remote] DEBUG org.apache.http.impl.conn.DefaultManagedHttpClientConnection - http-outgoing-0: set socket timeout to 10800000
04:29:04.034 [Forwarding findElements on session ed2d6660-f69e-11e6-a414-872b36aae4a5 to remote] DEBUG org.apache.http.impl.execchain.MainClientExec - Executing request POST /session/ed2d6660-f69e-11e6-a414-872b36aae4a5/elements HTTP/1.1
04:29:04.035 [Forwarding findElements on session ed2d6660-f69e-11e6-a414-872b36aae4a5 to remote] DEBUG org.apache.http.impl.execchain.MainClientExec - Target auth state: UNCHALLENGED
04:29:04.035 [Forwarding findElements on session ed2d6660-f69e-11e6-a414-872b36aae4a5 to remote] DEBUG org.apache.http.impl.execchain.MainClientExec - Proxy auth state: UNCHALLENGED
04:29:04.035 [Forwarding findElements on session ed2d6660-f69e-11e6-a414-872b36aae4a5 to remote] DEBUG org.apache.http.headers - http-outgoing-0 >> POST /session/ed2d6660-f69e-11e6-a414-872b36aae4a5/elements HTTP/1.1
04:29:04.035 [Forwarding findElements on session ed2d6660-f69e-11e6-a414-872b36aae4a5 to remote] DEBUG org.apache.http.headers - http-outgoing-0 >> Content-Type: application/json; charset=utf-8
04:29:04.035 [Forwarding findElements on session ed2d6660-f69e-11e6-a414-872b36aae4a5 to remote] DEBUG org.apache.http.headers - http-outgoing-0 >> Content-Length: 36
04:29:04.036 [Forwarding findElements on session ed2d6660-f69e-11e6-a414-872b36aae4a5 to remote] DEBUG org.apache.http.headers - http-outgoing-0 >> Host: localhost:27950
04:29:04.036 [Forwarding findElements on session ed2d6660-f69e-11e6-a414-872b36aae4a5 to remote] DEBUG org.apache.http.headers - http-outgoing-0 >> Connection: Keep-Alive
04:29:04.037 [Forwarding findElements on session ed2d6660-f69e-11e6-a414-872b36aae4a5 to remote] DEBUG org.apache.http.headers - http-outgoing-0 >> User-Agent: Apache-HttpClient/4.5.2 (Java/1.8.0_121)
04:29:04.038 [Forwarding findElements on session ed2d6660-f69e-11e6-a414-872b36aae4a5 to remote] DEBUG org.apache.http.headers - http-outgoing-0 >> Accept-Encoding: gzip,deflate
04:29:04.039 [Forwarding findElements on session ed2d6660-f69e-11e6-a414-872b36aae4a5 to remote] DEBUG org.apache.http.wire - http-outgoing-0 >> "POST /session/ed2d6660-f69e-11e6-a414-872b36aae4a5/elements HTTP/1.1[\r][\n]"
04:29:04.039 [Forwarding findElements on session ed2d6660-f69e-11e6-a414-872b36aae4a5 to remote] DEBUG org.apache.http.wire - http-outgoing-0 >> "Content-Type: application/json; charset=utf-8[\r][\n]"
04:29:04.039 [Forwarding findElements on session ed2d6660-f69e-11e6-a414-872b36aae4a5 to remote] DEBUG org.apache.http.wire - http-outgoing-0 >> "Content-Length: 36[\r][\n]"
04:29:04.039 [Forwarding findElements on session ed2d6660-f69e-11e6-a414-872b36aae4a5 to remote] DEBUG org.apache.http.wire - http-outgoing-0 >> "Host: localhost:27950[\r][\n]"
04:29:04.039 [Forwarding findElements on session ed2d6660-f69e-11e6-a414-872b36aae4a5 to remote] DEBUG org.apache.http.wire - http-outgoing-0 >> "Connection: Keep-Alive[\r][\n]"
04:29:04.039 [Forwarding findElements on session ed2d6660-f69e-11e6-a414-872b36aae4a5 to remote] DEBUG org.apache.http.wire - http-outgoing-0 >> "User-Agent: Apache-HttpClient/4.5.2 (Java/1.8.0_121)[\r][\n]"
04:29:04.039 [Forwarding findElements on session ed2d6660-f69e-11e6-a414-872b36aae4a5 to remote] DEBUG org.apache.http.wire - http-outgoing-0 >> "Accept-Encoding: gzip,deflate[\r][\n]"
04:29:04.039 [Forwarding findElements on session ed2d6660-f69e-11e6-a414-872b36aae4a5 to remote] DEBUG org.apache.http.wire - http-outgoing-0 >> "[\r][\n]"
04:29:04.039 [Forwarding findElements on session ed2d6660-f69e-11e6-a414-872b36aae4a5 to remote] DEBUG org.apache.http.wire - http-outgoing-0 >> "{"using":"class name","value":"lst"}"
04:29:04.079 [Forwarding findElements on session ed2d6660-f69e-11e6-a414-872b36aae4a5 to remote] DEBUG org.apache.http.wire - http-outgoing-0 << "HTTP/1.1 200 OK[\r][\n]"
04:29:04.080 [Forwarding findElements on session ed2d6660-f69e-11e6-a414-872b36aae4a5 to remote] DEBUG org.apache.http.wire - http-outgoing-0 << "Cache: no-cache[\r][\n]"
04:29:04.080 [Forwarding findElements on session ed2d6660-f69e-11e6-a414-872b36aae4a5 to remote] DEBUG org.apache.http.wire - http-outgoing-0 << "Content-Length: 106[\r][\n]"
04:29:04.081 [Forwarding findElements on session ed2d6660-f69e-11e6-a414-872b36aae4a5 to remote] DEBUG org.apache.http.wire - http-outgoing-0 << "Content-Type: application/json;charset=UTF-8[\r][\n]"
04:29:04.081 [Forwarding findElements on session ed2d6660-f69e-11e6-a414-872b36aae4a5 to remote] DEBUG org.apache.http.wire - http-outgoing-0 << "[\r][\n]"
04:29:04.081 [Forwarding findElements on session ed2d6660-f69e-11e6-a414-872b36aae4a5 to remote] DEBUG org.apache.http.wire - http-outgoing-0 << "{"sessionId":"ed2d6660-f69e-11e6-a414-872b36aae4a5","status":0,"value":[{"ELEMENT":":wdc:1487507343259"}]}"
04:29:04.081 [Forwarding findElements on session ed2d6660-f69e-11e6-a414-872b36aae4a5 to remote] DEBUG org.apache.http.headers - http-outgoing-0 << HTTP/1.1 200 OK
04:29:04.081 [Forwarding findElements on session ed2d6660-f69e-11e6-a414-872b36aae4a5 to remote] DEBUG org.apache.http.headers - http-outgoing-0 << Cache: no-cache
04:29:04.081 [Forwarding findElements on session ed2d6660-f69e-11e6-a414-872b36aae4a5 to remote] DEBUG org.apache.http.headers - http-outgoing-0 << Content-Length: 106
04:29:04.081 [Forwarding findElements on session ed2d6660-f69e-11e6-a414-872b36aae4a5 to remote] DEBUG org.apache.http.headers - http-outgoing-0 << Content-Type: application/json;charset=UTF-8
04:29:04.081 [Forwarding findElements on session ed2d6660-f69e-11e6-a414-872b36aae4a5 to remote] DEBUG org.apache.http.impl.execchain.MainClientExec - Connection can be kept alive indefinitely
04:29:04.082 [Forwarding findElements on session ed2d6660-f69e-11e6-a414-872b36aae4a5 to remote] DEBUG org.apache.http.impl.conn.PoolingHttpClientConnectionManager - Connection [id: 0][route: {}->http://localhost:27950] can be kept alive indefinitely
04:29:04.082 [Forwarding findElements on session ed2d6660-f69e-11e6-a414-872b36aae4a5 to remote] DEBUG org.apache.http.impl.conn.PoolingHttpClientConnectionManager - Connection released: [id: 0][route: {}->http://localhost:27950][total kept alive: 1; route allocated: 1 of 2000; total allocated: 1 of 2000]
04:29:04.086 [Forwarding sendKeysToElement on session ed2d6660-f69e-11e6-a414-872b36aae4a5 to remote] DEBUG org.apache.http.client.protocol.RequestAddCookies - CookieSpec selected: default
04:29:04.086 [Forwarding sendKeysToElement on session ed2d6660-f69e-11e6-a414-872b36aae4a5 to remote] DEBUG org.apache.http.client.protocol.RequestAuthCache - Auth cache not set in the context
04:29:04.087 [Forwarding sendKeysToElement on session ed2d6660-f69e-11e6-a414-872b36aae4a5 to remote] DEBUG org.apache.http.impl.conn.PoolingHttpClientConnectionManager - Connection request: [route: {}->http://localhost:27950][total kept alive: 1; route allocated: 1 of 2000; total allocated: 1 of 2000]
04:29:04.087 [Forwarding sendKeysToElement on session ed2d6660-f69e-11e6-a414-872b36aae4a5 to remote] DEBUG org.apache.http.impl.conn.PoolingHttpClientConnectionManager - Connection leased: [id: 0][route: {}->http://localhost:27950][total kept alive: 0; route allocated: 1 of 2000; total allocated: 1 of 2000]
04:29:04.087 [Forwarding sendKeysToElement on session ed2d6660-f69e-11e6-a414-872b36aae4a5 to remote] DEBUG org.apache.http.impl.execchain.MainClientExec - Stale connection check
04:29:04.089 [Forwarding sendKeysToElement on session ed2d6660-f69e-11e6-a414-872b36aae4a5 to remote] DEBUG org.apache.http.wire - http-outgoing-0 << "[read] I/O error: Read timed out"
04:29:04.091 [Forwarding sendKeysToElement on session ed2d6660-f69e-11e6-a414-872b36aae4a5 to remote] DEBUG org.apache.http.impl.conn.DefaultManagedHttpClientConnection - http-outgoing-0: set socket timeout to 10800000
04:29:04.091 [Forwarding sendKeysToElement on session ed2d6660-f69e-11e6-a414-872b36aae4a5 to remote] DEBUG org.apache.http.impl.execchain.MainClientExec - Executing request POST /session/ed2d6660-f69e-11e6-a414-872b36aae4a5/element/%3Awdc%3A1487507343259/value HTTP/1.1
04:29:04.091 [Forwarding sendKeysToElement on session ed2d6660-f69e-11e6-a414-872b36aae4a5 to remote] DEBUG org.apache.http.impl.execchain.MainClientExec - Target auth state: UNCHALLENGED
04:29:04.091 [Forwarding sendKeysToElement on session ed2d6660-f69e-11e6-a414-872b36aae4a5 to remote] DEBUG org.apache.http.impl.execchain.MainClientExec - Proxy auth state: UNCHALLENGED
04:29:04.092 [Forwarding sendKeysToElement on session ed2d6660-f69e-11e6-a414-872b36aae4a5 to remote] DEBUG org.apache.http.headers - http-outgoing-0 >> POST /session/ed2d6660-f69e-11e6-a414-872b36aae4a5/element/%3Awdc%3A1487507343259/value HTTP/1.1
04:29:04.092 [Forwarding sendKeysToElement on session ed2d6660-f69e-11e6-a414-872b36aae4a5 to remote] DEBUG org.apache.http.headers - http-outgoing-0 >> Content-Type: application/json; charset=utf-8
04:29:04.092 [Forwarding sendKeysToElement on session ed2d6660-f69e-11e6-a414-872b36aae4a5 to remote] DEBUG org.apache.http.headers - http-outgoing-0 >> Content-Length: 105
04:29:04.092 [Forwarding sendKeysToElement on session ed2d6660-f69e-11e6-a414-872b36aae4a5 to remote] DEBUG org.apache.http.headers - http-outgoing-0 >> Host: localhost:27950
04:29:04.093 [Forwarding sendKeysToElement on session ed2d6660-f69e-11e6-a414-872b36aae4a5 to remote] DEBUG org.apache.http.headers - http-outgoing-0 >> Connection: Keep-Alive
04:29:04.093 [Forwarding sendKeysToElement on session ed2d6660-f69e-11e6-a414-872b36aae4a5 to remote] DEBUG org.apache.http.headers - http-outgoing-0 >> User-Agent: Apache-HttpClient/4.5.2 (Java/1.8.0_121)
04:29:04.093 [Forwarding sendKeysToElement on session ed2d6660-f69e-11e6-a414-872b36aae4a5 to remote] DEBUG org.apache.http.headers - http-outgoing-0 >> Accept-Encoding: gzip,deflate
04:29:04.093 [Forwarding sendKeysToElement on session ed2d6660-f69e-11e6-a414-872b36aae4a5 to remote] DEBUG org.apache.http.wire - http-outgoing-0 >> "POST /session/ed2d6660-f69e-11e6-a414-872b36aae4a5/element/%3Awdc%3A1487507343259/value HTTP/1.1[\r][\n]"
04:29:04.094 [Forwarding sendKeysToElement on session ed2d6660-f69e-11e6-a414-872b36aae4a5 to remote] DEBUG org.apache.http.wire - http-outgoing-0 >> "Content-Type: application/json; charset=utf-8[\r][\n]"
04:29:04.096 [Forwarding sendKeysToElement on session ed2d6660-f69e-11e6-a414-872b36aae4a5 to remote] DEBUG org.apache.http.wire - http-outgoing-0 >> "Content-Length: 105[\r][\n]"
04:29:04.097 [Forwarding sendKeysToElement on session ed2d6660-f69e-11e6-a414-872b36aae4a5 to remote] DEBUG org.apache.http.wire - http-outgoing-0 >> "Host: localhost:27950[\r][\n]"
04:29:04.097 [Forwarding sendKeysToElement on session ed2d6660-f69e-11e6-a414-872b36aae4a5 to remote] DEBUG org.apache.http.wire - http-outgoing-0 >> "Connection: Keep-Alive[\r][\n]"
04:29:04.097 [Forwarding sendKeysToElement on session ed2d6660-f69e-11e6-a414-872b36aae4a5 to remote] DEBUG org.apache.http.wire - http-outgoing-0 >> "User-Agent: Apache-HttpClient/4.5.2 (Java/1.8.0_121)[\r][\n]"
04:29:04.097 [Forwarding sendKeysToElement on session ed2d6660-f69e-11e6-a414-872b36aae4a5 to remote] DEBUG org.apache.http.wire - http-outgoing-0 >> "Accept-Encoding: gzip,deflate[\r][\n]"
04:29:04.097 [Forwarding sendKeysToElement on session ed2d6660-f69e-11e6-a414-872b36aae4a5 to remote] DEBUG org.apache.http.wire - http-outgoing-0 >> "[\r][\n]"
04:29:04.097 [Forwarding sendKeysToElement on session ed2d6660-f69e-11e6-a414-872b36aae4a5 to remote] DEBUG org.apache.http.wire - http-outgoing-0 >> "{"id":":wdc:1487507343259","value":["w","w","w",".","l","i","f","e","-","f","u","n","d",".","o","r","g"]}"
04:29:04.498 [Forwarding sendKeysToElement on session ed2d6660-f69e-11e6-a414-872b36aae4a5 to remote] DEBUG org.apache.http.wire - http-outgoing-0 << "HTTP/1.1 200 OK[\r][\n]"
04:29:04.502 [Forwarding sendKeysToElement on session ed2d6660-f69e-11e6-a414-872b36aae4a5 to remote] DEBUG org.apache.http.wire - http-outgoing-0 << "Cache: no-cache[\r][\n]"
04:29:04.502 [Forwarding sendKeysToElement on session ed2d6660-f69e-11e6-a414-872b36aae4a5 to remote] DEBUG org.apache.http.wire - http-outgoing-0 << "Content-Length: 76[\r][\n]"
04:29:04.502 [Forwarding sendKeysToElement on session ed2d6660-f69e-11e6-a414-872b36aae4a5 to remote] DEBUG org.apache.http.wire - http-outgoing-0 << "Content-Type: application/json;charset=UTF-8[\r][\n]"
04:29:04.502 [Forwarding sendKeysToElement on session ed2d6660-f69e-11e6-a414-872b36aae4a5 to remote] DEBUG org.apache.http.wire - http-outgoing-0 << "[\r][\n]"
04:29:04.502 [Forwarding sendKeysToElement on session ed2d6660-f69e-11e6-a414-872b36aae4a5 to remote] DEBUG org.apache.http.wire - http-outgoing-0 << "{"sessionId":"ed2d6660-f69e-11e6-a414-872b36aae4a5","status":0,"value":null}"
04:29:04.503 [Forwarding sendKeysToElement on session ed2d6660-f69e-11e6-a414-872b36aae4a5 to remote] DEBUG org.apache.http.headers - http-outgoing-0 << HTTP/1.1 200 OK
04:29:04.503 [Forwarding sendKeysToElement on session ed2d6660-f69e-11e6-a414-872b36aae4a5 to remote] DEBUG org.apache.http.headers - http-outgoing-0 << Cache: no-cache
04:29:04.503 [Forwarding sendKeysToElement on session ed2d6660-f69e-11e6-a414-872b36aae4a5 to remote] DEBUG org.apache.http.headers - http-outgoing-0 << Content-Length: 76
04:29:04.503 [Forwarding sendKeysToElement on session ed2d6660-f69e-11e6-a414-872b36aae4a5 to remote] DEBUG org.apache.http.headers - http-outgoing-0 << Content-Type: application/json;charset=UTF-8
04:29:04.503 [Forwarding sendKeysToElement on session ed2d6660-f69e-11e6-a414-872b36aae4a5 to remote] DEBUG org.apache.http.impl.execchain.MainClientExec - Connection can be kept alive indefinitely
04:29:04.506 [Forwarding sendKeysToElement on session ed2d6660-f69e-11e6-a414-872b36aae4a5 to remote] DEBUG org.apache.http.impl.conn.PoolingHttpClientConnectionManager - Connection [id: 0][route: {}->http://localhost:27950] can be kept alive indefinitely
04:29:04.510 [Forwarding sendKeysToElement on session ed2d6660-f69e-11e6-a414-872b36aae4a5 to remote] DEBUG org.apache.http.impl.conn.PoolingHttpClientConnectionManager - Connection released: [id: 0][route: {}->http://localhost:27950][total kept alive: 1; route allocated: 1 of 2000; total allocated: 1 of 2000]
04:29:04.511 [Forwarding screenshot on session ed2d6660-f69e-11e6-a414-872b36aae4a5 to remote] DEBUG org.apache.http.client.protocol.RequestAddCookies - CookieSpec selected: default
04:29:04.512 [Forwarding screenshot on session ed2d6660-f69e-11e6-a414-872b36aae4a5 to remote] DEBUG org.apache.http.client.protocol.RequestAuthCache - Auth cache not set in the context
04:29:04.514 [Forwarding screenshot on session ed2d6660-f69e-11e6-a414-872b36aae4a5 to remote] DEBUG org.apache.http.impl.conn.PoolingHttpClientConnectionManager - Connection request: [route: {}->http://localhost:27950][total kept alive: 1; route allocated: 1 of 2000; total allocated: 1 of 2000]
04:29:04.514 [Forwarding screenshot on session ed2d6660-f69e-11e6-a414-872b36aae4a5 to remote] DEBUG org.apache.http.impl.conn.PoolingHttpClientConnectionManager - Connection leased: [id: 0][route: {}->http://localhost:27950][total kept alive: 0; route allocated: 1 of 2000; total allocated: 1 of 2000]
04:29:04.515 [Forwarding screenshot on session ed2d6660-f69e-11e6-a414-872b36aae4a5 to remote] DEBUG org.apache.http.impl.execchain.MainClientExec - Stale connection check
04:29:04.519 [Forwarding screenshot on session ed2d6660-f69e-11e6-a414-872b36aae4a5 to remote] DEBUG org.apache.http.wire - http-outgoing-0 << "[read] I/O error: Read timed out"
04:29:04.519 [Forwarding screenshot on session ed2d6660-f69e-11e6-a414-872b36aae4a5 to remote] DEBUG org.apache.http.impl.conn.DefaultManagedHttpClientConnection - http-outgoing-0: set socket timeout to 10800000
04:29:04.522 [Forwarding screenshot on session ed2d6660-f69e-11e6-a414-872b36aae4a5 to remote] DEBUG org.apache.http.impl.execchain.MainClientExec - Executing request GET /session/ed2d6660-f69e-11e6-a414-872b36aae4a5/screenshot HTTP/1.1
04:29:04.522 [Forwarding screenshot on session ed2d6660-f69e-11e6-a414-872b36aae4a5 to remote] DEBUG org.apache.http.impl.execchain.MainClientExec - Target auth state: UNCHALLENGED
04:29:04.522 [Forwarding screenshot on session ed2d6660-f69e-11e6-a414-872b36aae4a5 to remote] DEBUG org.apache.http.impl.execchain.MainClientExec - Proxy auth state: UNCHALLENGED
04:29:04.522 [Forwarding screenshot on session ed2d6660-f69e-11e6-a414-872b36aae4a5 to remote] DEBUG org.apache.http.headers - http-outgoing-0 >> GET /session/ed2d6660-f69e-11e6-a414-872b36aae4a5/screenshot HTTP/1.1
04:29:04.522 [Forwarding screenshot on session ed2d6660-f69e-11e6-a414-872b36aae4a5 to remote] DEBUG org.apache.http.headers - http-outgoing-0 >> Cache-Control: no-cache
04:29:04.522 [Forwarding screenshot on session ed2d6660-f69e-11e6-a414-872b36aae4a5 to remote] DEBUG org.apache.http.headers - http-outgoing-0 >> Host: localhost:27950
04:29:04.522 [Forwarding screenshot on session ed2d6660-f69e-11e6-a414-872b36aae4a5 to remote] DEBUG org.apache.http.headers - http-outgoing-0 >> Connection: Keep-Alive
04:29:04.522 [Forwarding screenshot on session ed2d6660-f69e-11e6-a414-872b36aae4a5 to remote] DEBUG org.apache.http.headers - http-outgoing-0 >> User-Agent: Apache-HttpClient/4.5.2 (Java/1.8.0_121)
04:29:04.522 [Forwarding screenshot on session ed2d6660-f69e-11e6-a414-872b36aae4a5 to remote] DEBUG org.apache.http.headers - http-outgoing-0 >> Accept-Encoding: gzip,deflate
04:29:04.523 [Forwarding screenshot on session ed2d6660-f69e-11e6-a414-872b36aae4a5 to remote] DEBUG org.apache.http.wire - http-outgoing-0 >> "GET /session/ed2d6660-f69e-11e6-a414-872b36aae4a5/screenshot HTTP/1.1[\r][\n]"
04:29:04.523 [Forwarding screenshot on session ed2d6660-f69e-11e6-a414-872b36aae4a5 to remote] DEBUG org.apache.http.wire - http-outgoing-0 >> "Cache-Control: no-cache[\r][\n]"
04:29:04.523 [Forwarding screenshot on session ed2d6660-f69e-11e6-a414-872b36aae4a5 to remote] DEBUG org.apache.http.wire - http-outgoing-0 >> "Host: localhost:27950[\r][\n]"
04:29:04.523 [Forwarding screenshot on session ed2d6660-f69e-11e6-a414-872b36aae4a5 to remote] DEBUG org.apache.http.wire - http-outgoing-0 >> "Connection: Keep-Alive[\r][\n]"
04:29:04.523 [Forwarding screenshot on session ed2d6660-f69e-11e6-a414-872b36aae4a5 to remote] DEBUG org.apache.http.wire - http-outgoing-0 >> "User-Agent: Apache-HttpClient/4.5.2 (Java/1.8.0_121)[\r][\n]"
04:29:04.523 [Forwarding screenshot on session ed2d6660-f69e-11e6-a414-872b36aae4a5 to remote] DEBUG org.apache.http.wire - http-outgoing-0 >> "Accept-Encoding: gzip,deflate[\r][\n]"
04:29:04.523 [Forwarding screenshot on session ed2d6660-f69e-11e6-a414-872b36aae4a5 to remote] DEBUG org.apache.http.wire - http-outgoing-0 >> "[\r][\n]"
04:29:04.692 [Forwarding screenshot on session ed2d6660-f69e-11e6-a414-872b36aae4a5 to remote] DEBUG org.apache.http.wire - http-outgoing-0 << "HTTP/1.1 200 OK[\r][\n]"
04:29:04.692 [Forwarding screenshot on session ed2d6660-f69e-11e6-a414-872b36aae4a5 to remote] DEBUG org.apache.http.wire - http-outgoing-0 << "Cache: no-cache[\r][\n]"
04:29:04.692 [Forwarding screenshot on session ed2d6660-f69e-11e6-a414-872b36aae4a5 to remote] DEBUG org.apache.http.wire - http-outgoing-0 << "Content-Length: 50050[\r][\n]"
04:29:04.692 [Forwarding screenshot on session ed2d6660-f69e-11e6-a414-872b36aae4a5 to remote] DEBUG org.apache.http.wire - http-outgoing-0 << "Content-Type: application/json;charset=UTF-8[\r][\n]"
04:29:04.692 [Forwarding screenshot on session ed2d6660-f69e-11e6-a414-872b36aae4a5 to remote] DEBUG org.apache.http.wire - http-outgoing-0 << "[\r][\n]"
04:29:04.693 [Forwarding screenshot on session ed2d6660-f69e-11e6-a414-872b36aae4a5 to remote] DEBUG org.apache.http.wire - http-outgoing-0 << "{"sessionId":"ed2d6660-f69e-11e6-a414-872b36aae4a5","status":0,"value":"iVBORw0KGgoAAAANSUhEUgAAAmUAAAG5CAYAAADPm0PuAAAACXBIWXMAAAsTAAALEwEAmpwYAAAgAElEQVR4nOzdeVzUdf7A8dd3ZpgZBrkURQexgFDUSHQ1jQzNq9QOS7PD6pdtq23tWlZ2udqm2VrbYZdbdtillrotZlp5bVqZLuaZZJqQB3ihgFxzf39/jJggx3dggEHfz8ejRzLz+X6+n+/M93jP51SSk5NVznPpHVo0dREa1Ij9xU1dBCGEECJg6XQ6PB5PUxcDXVMXQAghhBCiKen1+qYuAgCGpi5AIJCaJCGEEOL8pdfrcTqdTV0MqSkTQgghxPnNYAiMOioJyoQQQghxXguU5ksJyoQQQghxXpOgTAghhBAiAEhQJoQQQggRAIKCgnzeZvDgwaxevZrVq1czdOhQv5RDgjIhhBBCnNd0utrDoeDgYAYOHHj67/Dw8NP/jo6OPv3vgQMHYjKZ6lSOwBhuIIQQQgjRRGobfRkcHMzMmTO5+OKL6datGy+99BItW7Y8/X55gPbAAw9w3XXX8dNPP/Hoo49it9t9Kofi64z+anwa424aROeYVoSYDNhL8vhtx3e8+95yChXFp537Iu1PU7k29hAvT5lDbgPupzI18SZenno73S6IwqwHty2PTcve4aGXljZaGQBUNZHpH79A75Yn+fjB2/loT/0/A1W1cvdTE4g9sJxpc9f5oZSBQbUOYvKEQYS581n+/EzWFf7+WanhaTz+6DAiOUr68y+yobDxzqXqlJc3xO0+/Zrbbafg8B6+emM+mYrSqOe/Gp7G409cS+TJTF6d8V6F/anx1/PUn/tB9nKmzV7le96qlbsn30+nEHCf9a4eSn7hjUr7PFN4nzt4YmQcq15+mlW5Dfw5WAcxeeJVkLmUZ8+4PtTwPjz+xAiKVs1h9qqsBi1DXTXWffrM7yOjw908MTLW5++muV2vomqqNY3777qKi9pGYNKD217ArvVLmb14AwDdb32Im3u04+Tur3n2bd/vHTXxR94JCQns3bu32vfT0tJ46qmnTv9dWFhYoaasqtf+/ve/8+233/pUDp+aL9XudzB7ylhSk2IJcRWQk5MHYVaS00bz7FO3+bRjX7VpF0NUbDsiGnQvFanqTXz+7ykM6hZH64hQQkNDiWgdx6C7ZrBk2rWNWBKAEOKS4mgXm4Q1xF95mmnXIZoOcW38lWFgMEcQEx1NtDWJ/oMTKryV0L8vSdZooq2diGvVROWr7FR5rdFRREV5/7PGxpHcawiTXnuYeFVt1PNfKVzH3pMmohPTuOe2rhXeu3vctcRFhXFoc0YdczcTFll+nNFYrVasVivRUeWvRWKuYetW7eOIjupA65oS+Ys5gpioKBLTxjC2+xm/XVu1JzE6mrYRjVEI3zXmfbpVdBzRUXG0NkOr9rF1+26a2/UqzqKqaTw7Yyy9Eq1EhlqwWCyERlrpNXw8M8b2ASChcxeio6KIj23t9/37I+/aaspWr17NkiVLTv9dOSCr/NqSJUtYs2aN7+XQmlBV43l47AAsuNmR/hIvLck8/fqDLzxJSlx/bo2fz4Kshvkl43QBbhc2reW1jmL2jCv57/T7WFzHMnW8ZyBxABxj+Suz+GJfG8ZPfYBuERB3zW30nfI53zVirZ3TAZgcFOd6/26jqhyt7/7d4HbVu2gBp7wWJuaSy2Hx77UZl196wal/uWj6uZtPsXkvxOylzzFtibesqmrl7umTSYvtRO8EKPXx/K+vRTPmcsm7E4gbcidp8x9jnaJgHfoQadF68jLm8faGwjrlqyhZvDJpPOA9xsdnzyDJsIep42b8XjtW0zntdAF2So+DqoajKHUrhya28vPISNo9j7P2vplkKcrp1wPxsmns+3TWkmk8mBFOYa5CfLILcNfpumpW16s4S8ywnlgByGf9woV8fziSEWNHkxgK1suH0OW9H8j8YTVtDrcgZ/Nav+/fH3nXNvoyKCiImTNn0r9//9PBV15eHl999RUAV199NVFRUYC3xmzmzJlYLBafy6G9T1mPfnQJhdI9S09f6OC9yc6a/z2v3ZuMuX0MZOXSZ9QD3HZ1CqF6AAfZ69OZ9vaXAIR3uZ4Hxg4jLsoIQFHuVuY/P4sNhQrh3Ufx6D1XY7XowV1Kvt1ESGkmzz3yYoWiqNY0Hp94M0lRltN5zH1yFlsq3cwNGKjPUyykPOp1uSh15PPdqqV8SxT//msqHP+ZI3ibFZ+aO4sRPWMxAK6ibD6d+QjPLd2DmngTc2f9lZ6xp+o3XEXs/OY9bn3oXRLveIn3J16B+1guzpZxtDa5WP/K3bx48kZmPXgNsaHer6bgwHr+OXY8nx8pL5WRK1/8N3d164gJKMhexYTrJrK1nsGZqsbz8AsP067sOKbYWEKB0iM7+O82GDwkGSPgyNvF3GdmsqFQwdrnVu69rT+xod7v0V2Uy+r5z7NgQyGq2oVx0+8hNTYSgLwDuViijax4+hHScyK46cFHGZ7ivYRxHGHN3Ff5aEMuqhrPuOl/Ob2duzSX1e88z4ItPj54baAH3A43xthLGBSusqpQQQ0fRHerkfzcfCKtplPH3Z1xT91Gapz3YsJdyp7v/8Ozc1dhHXQfk2/pSmm+m6ioUACO7FjGP15cRAEJ/inrmYJ+r2JQlFw+W7eftDFJtIuP4cxK9eo++/knh/HypIHkLXuJZxd7r9H46x/jyRHRLJ0+kSU+PIgVZQsvfrKVWWNSGPX4MNbO3Me9I5OhdBf/emMlKAqqGs+dj49jQNKpDq6OPNbN+xdz12Ux9KF/MrL9IZ6d+CJZioJ10H08dUsc6VMf4cvTTVtmym+DEUBu+fENeoCnbmnP8qmPsCTX+7099+JN5C99jkUAWOj3t9cYERUKuMnd8RXPv7iIQkXRfG/Q6vRt2pLEnx8czKRXVlG5Kq+6fSY99Rr9Q3fx9CNvkEMM9z83mR7GvTw78UX2EsHd05+lu+s7pix1/n7fA/IPZPDOlDfIrEuZNd6nrfEjmHxLV4qO2Im2RgJuDmSsZk9oLwYkef/O3bqUya8sqeUaOfVdPfsIO3wvrZdP12v155z3eu2GuxRCQ43k71jIxE9K/Ho+iKqZQ1p4/+F2Y3OeJHPLBnYSwfRRF8PJbAqADm0TSeoaTQfzQZZsyKX7qIe45+pkLHpw5GWTVRZKotXCjk9mMCuzF889dS36nB0cMnUk2WrBG0ssYloVzZNhZ+Sd/oOZB194mC6WUvbtdxCfZEWP97t/88lZ1V5XNXXM79u3LxEREbRp0+Z0QFZQUMDo0aMpKioC4L333uOzzz4jIiKC8PBw/vKXv3D06FEKCgr47rvvNH+WmpsvExJi0eNm05fpZ72nbJnLhPEPMXddLuFpDzB+eAqW/F2kz53H+j0niUsdzcw/paGqfXh00gjiouxkLJvHwjU7MFlTGD/9YaxqHx6dMByrIY81C+exIrOISIseY5i50j2wK5OfGktSlJ316fOYt2wremsKE164n3BVxdq9D4MGpdGvVxv06Inp1Y+0QYNI627V/KGU27J0FYcADO0YNWk227dv5tuJKWSueIdRd09jj6Lwl4/fZVTPWAyuIg4cKsAQGseYGW9yf6LK9NeneAOyokPszj6EyxBK10H38liKSkhYa0INJiLaxdHaBFDM7uKrmD9lBLGhBuwFhyhwQURsKjMWvMzv4zpMdOzWkZOHjuECIuIG8fT063w+tqoEWSxExcZyeN0yVmTkYolOZviQLuxbt4w1O3IxRiUxbHBXVHUQj4wfQqz+CMvmzWXesgxKQ60Mue0urKrKTU/dT2psJNnrlzFvWQaWWCsWo4UgMwx+8CmGp1jJ3bqCuXPTybZHM2D841wfr9Lvwb+QGhtCRvpc3pq3hnyLlSH330+86lO3x9P2b8vEQRSX9vc2iSQMTiWSPLb8dITy3yN3PjuB1LhIdqxZyNy56ezKM5CYdgOjrCrmkAgsegtRkaWsmDeXZVtziU4ezqN39/B7WV2AIciEqoYTHh6ONT6NPw5KBErZm5lzRsrB1X72MTt3UeDWk5jan3BVRVXDGdg3CX3pEXZU31WiWoWrXmHZnlJCk0bywgv3E6t3sOaNU7VFwIjJDzMgKdr7Xc5bwQFXFGljH+bWLipGcxj6sBan8zKHRGHUh1G5xa+8huTM307mkHCM+jAs5WlbRRCpN2I6I2iNjLSzZuE81uzKw3rqO1HVLjXeG+rCAOxKn8eOIohKucnbjHlGYWva56FDpRijutIrBojpRVK0BX1kAr0TgIhUusdasB8q5N57h2N1Z7HwrVdZuC6byNhe3Pvg4DqVV+t9uvzcjrY6WJOeztZcO7G9hjCgQxlr0pexK8+NNWUg11vVWq6RU99VnUpbkZbrtaZzzntMRkJDT7JrzwH27Xf6/XwQVdu7PoM8AH0UA8ZMYu7cd3jt5kSy/7eUqc99RK6i0L5dNKEWC6EtQlD7/In7h58KyPKPYI+MIyk2Cr3eQnhEBBBEqFFPVFwKydFu8ovcgJG4VO95V9mZeQOEWCwYLVEkJlk5mVeEGwi1pnDnuMuqPQa3++xeruWefvppJk6cyJgxY06/9umnn6KqKmFhYYSFhaGqKp9++unp98eMGcPEiRN5+umnffostdeUnWo2KDpVY6Oq8UyePYXE01ejm13pz7Kra0cgl3cemckGRUFdm4Hl5Vmk9O5Lr2wbVmDHvJnMXpULrGIf05g0oBNX3W7GCmyd9xgfrVPgy1UYZrzDgKiKN2zL4MEkGiFv60pW78jFTBb/TUhgeFI3hiUkEHf/eBLPqIVMGTGWFIDcFazbssCnD0fZ8y5D7nQwd8afSImNwICBiNiujBg/g2uGXc7Nw35kWDdvLdimj59i7Is2Xl/zKv1at6bvtd154/XplPTqTF7GGo52uIYH/9iO1gZHpWr4Y7x/5wBeLOnIPU+8iwmwZ6fT6/qpqH0f4t9P9ONkpSfq7sUPMWraKh5a8D13dQ3Fmpjo03FVR28A94EVPDt3Map6kIvfH09U9len/t5L0vsTvAkjclm/bh3OrV+TngVd4438lteL5MhwIriM7nEWHNnLmPb2YgCymMqU4TFAApd2iYSiXSxduhF7OCz98kImjE6hW48EMvQGQE/bhARarN/I3Lf2EWU/eDoI8IUBsOds4peuySRfejksyaJfzzjIXcH3xzowwHsg7NuyhjX/28OH6T+T0DWevYfySYoOPbPSiox3HmPBBgV15TZiXptFSvcrafOb/8oK3uAkdsgE3h9S8fXcjP+wJFfh+vIXavzsN7NiYx7jU7sxLAHmM5ieUZC7bkWdy7Voxqd0f3cs1igLR9bP5aNMbz6q2odLEy24D6xg8ive62ptppM5M4bTo/9gvL8Lz2zg8/5bWxNUpbRV1HZnvPMIH21QUJdn0Pq1WST3HELyAVsN9wZYUMc++SYymfnmOuZMSiNt7MN8PeXn00cWUcP9qN1n3+BIHUK3XjF840jCW9dqIbFHAhEl3QnFwQ+rdxHXE7BE0jGxA+vWfsxbe9tjP/hr3Qqr8T696NRfGW89xkcbFMIdScwancTWT5/no3WFhDs6Mmv0BVjMtV0jvnyv1dN2vV5W4zm38dRvl4y5zzB7XSHhgx5glg/nw9ChQxk2bFiF15YvX86XX35Zz6M79ym5X/LIdCePj7uOxOhQ9OgJjY4jbcR4Lr8smamPzcF5xtCeEQOS0QOO3HWMnzwXVR3Ec++OIfqMZ7c3dR4LH36E5QU9mD5nArHGCg0KpzkrDRsq/+vAin8ydUEmo6a+wfA4C5Ht2ld7DDUFZVWxWCwVptHQ6XR1aq6szMcpMSx06BIDubnAcf733XoKWoDTEktqSmyFX7Llg0AVpZDdR0pJCYOgEDPg5lBWDuC9uRec9N5xvbGvm6MHf9/byRI7Z1QRARAa4Y2Eo1JGMyXlzHeKcLKXN6ZOJoQSSqKv4/kJffnu1af5/AiElPy+T61Srr2Dq7pY+f7lUYxdGc7g0UMYduN1DOraDkPsQG4ckX+643XPu15ix12/bxtz8R8w04vhQ1OJGDGq+p0U7WPNFlCUPZhPzV3nOOm9oyrfvcSo4S+d+nzKD7aIjM9XAgp2l/ckcvh0VDXQQ/7h8lqZo5S4gezygLCQEre35UYpzKTAMIqbJsxgxJnbl7qwJcQRBeRk/t50sjfzAO7hMQS17ESkETAmMX7KlAq7jkhIZvnMuXR8diwpyWmMSU7D24TyFds2763TiDG941dWbM0jObUrfayDSI6GPQuXczzo/lMpCvj1KAy7eTzvVzyQCg+ZopPe/ytKIbtzSklJbEHmi3OJ8WdZgbwda1jz80mMxiCCKGHvjvVsyarUHFqws/rPHti57DvuSB1Bj4GXke3qjZEivvtsM76e++UUZR3f7RnF6CQ9m5at/T2fmGhCgf3bt/2eOCeTfY7hxLdtXa9uA1Wp3H/rzO/k55xSkhNNtIrw3tGrvjfUQ1AESuZc5mV0YmyvZCbcG3T6pt+qpvvRkY1klQ4hvls/hrk6wJEd7NAn06nL5QxzXQClv7B2717WzlvDxJsHkDJgBCkDRoAjn/WLXmdLnQd2arhPOwEcHD166jiMeqCUnF8LAIVW3pZxnBqvEX+o9XptWcs5l+Mt19HyY6jxWXG28uCrPDCTgEy7+D6D6B3Xmu2fTmHm5hB69OvFZf370isuCn10T/olzKH0jPRBpzoGGPXlV3YmR0shOrRSxqX5/FIAUEiJCzD68gOglO0bdwIKzlPPypr6gbpc1b87Y8YMOnbsSHh4OEOGeH85Dxs2jM8//5wTJ04A0LJlywpB/VdffUVRURG7d+/WXGLwISjbu2M3pSMSSR52C/ErXyRLKWTVgrdZBajh19NzViwAQVWMYGgbaQEMGIMA9ES2j4BTDxvzqTYKPWe/FxZiOmvcvLPE+8Ke9Ok8e6pTtLX79QzvaSHzOBQW5lIIqLgwYsRVmENhrkJhHR5Kl4++lzHdQuG6i/ll5e2sWrSHlXtasenDUZhwwL5M8lwQaoBN70/mH2vyGXLjzSRH5vP9p04mzk4lAheb5j3F2Jn5fLJpNl0rN1sbz55F2BjmHWakJj7EivkjIfcX3vnTq79/Bj4fiTYGoOyMqNgAuMvsFf4GsA59jDGpceTvWceb6WvZkpnFrdPeYUg0sDeHk0B0QiLgDcwSusSiB5wn9lHkhqgjaxg7+SPvMYZ3587RKeRtyiChXypH/zeXu9KzuGzwYFKvvJLklMEMS1hUp1oOQwhsXr0ZR+oQRt4/jEjySF9eQMjph0sP7h07gOjSA6S/9QkZP+yEEZOZMeKCM3KpeAK2j7KAvRhLvwT/lhUo2vs9X35Z88Ythz1e/WcPKLlL2JR7LWk9RzKSKNwH1vBlPacRMJZ3gD3zF2pOPqVAh0u6wan+a0RcQJQR8g7kwKlBUOWxmc2X339Bhooblzgrbe2g7NR7qhpOxxgL2O2UlHhfq+7eUF9r33iVni9PIzkpCYDD2LDVeD/ay9GdeST1GshA9OSu+S//NbQhOW0AQ4Aj6zeRQwLDYuDrNx5kZUE8w/pdxuCBvUi96SZWr5zpcw2n1vt01Qxn9ZfTdo34R63X64lazjniKhxDzd9N1WU4MwiTgEy75AE3MCTRAn3j2HffDLasy2XzwTDmTBmAsYpQ6GhBKWDBTSjhqkpBQi/aVw7IGllNQdkXX3yBy+VCURR69+5NeHg4rVq14q233uLrr78GvLP7t2rlfXYXFhYydepUVFXFYDD4VIOm+U6pZC3m0/XdGZuazJTZz5GxYRO7D5XQLu4SuvdOwgi4nDY2b9vH8LhExj51N3y8lrYD7yItGop2ZPDNSifXDI+j15hHub7oXfa06sc9Q2LBfYCdH68hflAive78G2NDvsbWeRADrHoqhNcYKF2+hiOjk0gcNo5b8z9ko6ML4+4ZTrQ+j1/mzP+9QqAkm4wdGWTX42b8+sJvGd9tGIR2Y/aW9Rw6ZqN1u9beD811iMwtn0PWVOI6mug58l4e7ljG"
04:29:04.693 [Forwarding screenshot on session ed2d6660-f69e-11e6-a414-872b36aae4a5 to remote] DEBUG org.apache.http.headers - http-outgoing-0 << HTTP/1.1 200 OK
04:29:04.693 [Forwarding screenshot on session ed2d6660-f69e-11e6-a414-872b36aae4a5 to remote] DEBUG org.apache.http.headers - http-outgoing-0 << Cache: no-cache
04:29:04.693 [Forwarding screenshot on session ed2d6660-f69e-11e6-a414-872b36aae4a5 to remote] DEBUG org.apache.http.headers - http-outgoing-0 << Content-Length: 50050
04:29:04.693 [Forwarding screenshot on session ed2d6660-f69e-11e6-a414-872b36aae4a5 to remote] DEBUG org.apache.http.headers - http-outgoing-0 << Content-Type: application/json;charset=UTF-8
04:29:04.693 [Forwarding screenshot on session ed2d6660-f69e-11e6-a414-872b36aae4a5 to remote] DEBUG org.apache.http.impl.execchain.MainClientExec - Connection can be kept alive indefinitely
04:29:04.693 [Forwarding screenshot on session ed2d6660-f69e-11e6-a414-872b36aae4a5 to remote] DEBUG org.apache.http.wire - http-outgoing-0 << "pakdve//74VTp6KB6E5X8vq/u50KyIJpH1ux+q/F6f2t54/dhmGKG8X3X/fG1qIdrU0GiHSw9Qj4ZxGH2mgfz1527ABZOTaGjp3KkNjy72otG/fczPCkEUz9UxDr89tww/A4vG/uZM9+B3Fx/XjyjkN88v1xBt5+D6lxFnZlf40xdTBD4q6mDe+wKCOTxEvTAHDWudbFDHvX8kvREJKtkTiyV7BOUYg/9W4QoRgBSo+z5+ccIvrdydgR3n5cv4fKevqNfZxDc5cSdPktpEbBkfXriek/1s9lpep6+QoMlNfRVP3Ze33930zSxiQTBWxd9Xk9ClSpeGf8W1HWsTP3TgbEDuSxW4+xdJeDwTePIBLY+suv0NIF+gu46abLWHc0kduuLT8HKipvrTjzyI8fLQTiSL3rTvam7+GyMcMwVtjKyPAHH+fom0sJuXwUKaFwZP1aMpaj7d5QR4qSy4uvr2b2lCF4f2aayVm+tsZ9rv1mO3f2GoAeN7/+uJnNpp6406LR42Dn92uBy+g3ZADRfeMIeuNjtm3Lpu/AXkSWFFGXW5fW+7R2Wq4Rf6ntel1b8zkX2bdCbrV9N9WdDxKM+S59zVZGJKaCJZFJ784mL99OZFSk9/p2Hyd7b8VGr20/ZUOvKPTRvXhx9mu4LaGVrvFTGnF6+5qaL8uDqkcffbTCtBctW7bk1ltvPSt9eHg406dP5/nnn/e5HD4d8rq3J+MofoDR/VPoNWA4vU697i49QsaKdGYvyQKeZWHMNEb3SmPCFO+DqujAema9uBxFUXh5biyP3JnGiAmnmq9Kc1n2xhQ2KAo/TI5k+uMjSRs9Bhz55Dsg0mA4dcN2gb2YAn7gH2/F8bexQxgydhJDANz5rJv7MuvO+FWpFG5g9ksbqM+dWFn6OJMTQ3jw9n60NoTSrp03lHcVZPPxkyNZqih8PvIJ4pY/TWpsLKmp3nJmr3qDez/6kDu6j2TSoDhiew4iliKOFdhpHWGi2/BrKck4Vd9V5qT4jP091aUNU8f0JLSddwSkqyCbd58cz266n6q0+f3EOVlSBkRgK6vntACu3/9nqPRyVX/nLF/KjgHxJKeOYVYqQBG5uUVYrW1JjoFFM54kePJTDEgdThxuirw/igCY//QrtHn2flIGjGGKt6MIuRnpPLcqFzVzEd0ev4WUEeNJGeE91ux1H7K4DpOEugCX0/sgXb8ll+Q0K5nrzxwubafUtpa1GVcxulcKk2bNArwjRd2xVhJ7dGVjeZVkWBJjJnlrR/Kz1/HqnB/IiWnht7KWl7fWFPZi9i3/qsbPPisXclb+l9wxyVgde1i5tqDmKSY0cJy6WZVWepZ/+OQbtH7uHpKHjCFpCICDXSve4pV1uagHV3DZYyNIGT6eFCA/9whua+hZD3LbqXP6zKwL1i5i3aAE0hIHMGHSACjKw4F35J/Ncer8tyQxtvw72bOGf8z5AUVRNN0bfOE9j34vnZK1gHfWJDJhgHeyHEXZUPM+d37PntIBJBn2s3UnwA5y3anElv7C6p3e7T9M7839I1IYPWkKowEcR1j20bw6T/Kq5T5tHVpxUg/v51rV3zVfI2tLztyu7hOFaLteIb2Gc67yMdX63Qi/UTa8zVvtLYy+OoVIvYWoU6Nd3UW5fPWm9/le3i/WXlxC4brZTA+5j79c041ISyiluQcoiY4lUg/FBQW/Z+w6I1Cq9Pyrir245Iy/fk9bYrMDobhd1bcz1danrF+/flx11VWn/y4uLqZFixYV0pz52lVXXcXGjRtZu9a3aTp8ntG/nDU+3hss2Y6TlXt2UKCGW+kaE4GtYCdZlR5UqhpOQtcYzLYCMrO8A+FV6yCmP34V2fOfYe6GQlQ1nAdfnkUKGTw48Y0qb1DxXbpgttnIzGr4WbVT+valBVB8ZDdb9xw96/3ElL5Et4Aju79lz9EzZqROTOGKaNj97RbNc4qpaiJXXBENxUf4busefx2C31njuxBBxc9fVa2Me/YRYn9LZ+rb3lnQu4+dwYS0KFZMH3d6fqTw+HhizGYKcnaSW6l5zRofT4QZcnbWrX+Wr1RrPF0jzi5L/PVPMmVEDOmT7+Mbc1da2c4+lxu7rL/v9+zPvpwaPpSXZ42GjLk8NLvhV2rwfpdVfwbeazSHzMp947Tka40nJgIyM6u+vuO7dIGCnCrvP415b/DHPqu6J/pDbfdpzeWr5hppKjWdc1VpivPhfBXfpQtmwFbNtQkQP/QhHhtxISfz8/juw6dJLxjGc9NGE60vZVk95hatD6vVSm5u9deewWDghRdeIDk5mSVLljB16lQmTZrE7bffDsBnn33G008/zbRp07j++uvZtm0bjz76aI3NolWpc1Dmb2r4IF6YNYYoSjmwJwdj23iiQ/Vkr3iVaQu2NHXxhA/umPEOA6x68nOzySOCRGsk5GUw+ZE3GnWJrPqKHzWVKcM7sGL6HxtsUmR/UtVw7p4+nbTYUKCI9Ml/ZUkDL0UkhBC+UrvcwZxJA85usnTs4Z/jZtRtjr56atOmDUePnl3hUk5VVRwOB1dccQVr1qyhRYsW3Hjjjdx/v3cgygcffMCHH35IcXExAwYMYO3atZjNZhQfj0UfHR399/ociL8o9ixW7CnhQms72rQMB9sRtq76iJcXS0DW3Gxb/RNBMVaio1sSqnNwcOd6Zs94j/3NKCAD8Jhak9CmjJ3/28C+osAvu6LYibqoF7EtytiydC7zt+Q1dZGEEOIsyrHtZOZbiI4w4nY4sZUUcSR7Mx89/yo77E1zrzWbzZSVlVX7vqIo6PV69u7dS0iId2Rv69at6d+/P+Dti5iVlYXRaOTXX3+tU0AGAVRTJoQQQgjRFMLDwyks9K2Jv6ys7PQ2YWFhTTFPmRBCCCHEucXXyWMBgoODCQ4O9ms5NC+zJIQQQghxLvK1Q35DkaBMCCGEEOe1utSUNQQJyoQQQghxXnM6G2qtHN9IUCaEEEIIEW8cvJwAACAASURBVAAUytcCF0IIIYQQTcagqhKTCSGEEEI0NWm+FEIIIYQIABKUCSGEEEIEAAnKhBBCCCECgARlQgghhBABQIIyIYQQQogAIEGZEEIIIUQAkKBMCCGEECIASFAmhBBCCBEAJCgTQgghhAgAEpQJIYQQQgQACcqEEEIIIQKABGVCCCGEEAFAgjIhhBBCiAAgQZkQQgghRACQoEwIIYQQIgBIUCaEEEIIEQAkKBNCCCGECAASlAkhhBBCBAAJyoQQQgghAoAEZUIIIYQQAUCCMiGEEEKIACBBmRBCCCFEAJCgTAghhBAiAEhQJoQQQggRACQoE0IIIYQIABKUCSGEEEIEAAnKhBBCCCECgARlQgghhBABQIIyIYQQQogAIEGZEEIIIUQAkKBMCCGEECIASFAmhBBCCBEAJCgTQgghhAgAEpQJIYQQQgQACcqEEEIIIQKABGVCCCGEEAFAgjIhhBBCiAAgQZkQQgghRACQoEwIIYQQIgBIUCaEEEIIEQAkKBNCCCGECAASlAkhhBBCBAAJyoQQQgghAoAEZUIIIYQQAUCCMiGEEEKIAGBo6gIIEchK7SoHTqgcKfSQX6JSZAOHS8XjAYMeTEEKYcEKrVooRIcrxETqMMpVJYQQog7k8SHEGQ4XqmTsdbP9gJvMHDeHC1Sfttcp0CFKR5cYHd066OkVryfcojRQaYUQQpxLFFVVfXvqCHGOOVaksnKHi/9musg66vFr3grQ7QI9gy42cGUXA+Ygv2YvhBDiHCJBmThv7TjgZtFGJ+v3uGmMqyDEpHBNdwMjLw2iVQupPROBY85PC3l758Ja02XcvLgRSiPE+UuaL8V5Z+dBN+9+42Tbfnej7rfErvLpBifpm5zc0CuIMalBWEwSnAkhhPCSoEycN44Xq8xe6eCbn11NWg67Cz75wcmK7S7+epWRtCS5DIUQQkhQJs4DKrBiu4s3VjoosQdOa/2JEpWnP7PTv7ObiUONtDBLrZkQQpzPJCgT57RSu8oLyx2sbeLasZp887OLXblunh5l5qJomTpQCCHOV/IEEOesnBMe7nvfFtABWbnDhSoTPijj218Cv6xCCCEahgRl4py086Cb+9+3ceC4"
04:29:04.694 [Forwarding screenshot on session ed2d6660-f69e-11e6-a414-872b36aae4a5 to remote] DEBUG org.apache.http.wire - http-outgoing-0 << "f6e4MBkgIkShdZhCZIhCkN5/edtd8PS/7SzdLIGZEEKcj6T5UpxzNv/m5m+LbNid9csnrrWO7hfq6RKjo0OUjvaROkyV5hlTgWKbSs4Jlb1HPew86ObHbDd5RXXsu6ZAsLF+5RZCCNE8SVAmzinb9rn520Ib9jpWNrWNULj6kiAGJxtoG157x3sFCDUrJFkVkqw6hqcYUIGfczys2OFk5Q4XNo3BoaLA49eaGHSxXJZCCHE+kru/OGdkHfXwt8X2OgVkF0TpuP3yIPp1NqCvZ6O+AnSJ0dElxsQf+xv5LMPJoo0uyhzV155JQCaEEEKeAOKcUFCi8uRCG6U+TnkRbFQYmxbEiJ5B9Q7GqhJqVvi/K4xc0z2o2jnSJCATQggBEpSJc4BHhWnpdo6d9C0g6xKjY8oNZtqENfz8YK1aKEy5wcQVnfS8uNxB6alaMwnIhBBClJMngWj2Fqx3sm2fb0smjegZxJ8HGTE08vjj/l0MXNRWx+SFdnLyPRKQCSGEOE2eBqJZyzrq4cNvHT5t88f+Rm5NDaKp5s9v31LHq3ea+TnXQ5+L/DinhhBCiGZNgjLRbKkqvPylHZcPU5GNG2Dk5j5BtSdsYOEWRQIyIYQQFcjksaLZWvmTi8wc7RHZyEuDGB0AAZkQQghRFQnKRLPkdMP767Q3W6ZcoOfegcYma7IUQgghaiNBmWiWVu5wcaRQ22jLsGCFJ683oZOITAghRACToEw0O6oKCzdqX0Ppz4OMtGohEZkQQojAJkGZaHa27HNrXmi8S4yOwTLlhBBCiGZAgjLR7Hy1Tfs6Svf0N6JIJZkQQohmQIIy0azYnfDdbm1BWZJVxyUXyLQTQjQbqsf7nxDnKWnXEc3Kln1u7Bq7k93Qs+kmiG1W3G5ce3bh2L4Z155fcOccwHPsCGppKarDjmI0oVgs6FpHo2/fAcNFnTB264Hhok6gD4CgV3WhFm1BzV+HWrQFyvai2g6CuwjcpaAYwBCBYrJCSEeU0O4oEVeghPX0vtfECktVNmW7+emAh71HPRwu8FBYquLygEEPkRaFmJY6OrXT0StezyUd9A2yTmtjUm1lOLf+iLP8nMs9iCf/OKrDO6JaMZnQtYzynm8dO2Ps0Yugi1MC43wTogEpqqr6tmCgEE3otRUO0jfVHpWZguDfD1gINkpYVh3Xr79g+/Jz7N+swlOY7/P2uohITP0HYx56HYaEjg1QwpqpRdtQc+fiOboYHEd9zyCoFbo2N6LE3IMS2t3/BayBqsKGX918vtnJpiw3Hh/uwi1DFK77QxA39DTQwvz7+f1Npotvd9e83NiFUTru6Hv2XH1zflrI2zsX1rrvjJsXay9oZaqKM3M7ZUsW4/j+G1S73afNdRGRmK+6huAbbkEX1bru5RAigElQJpqVce+Usfdo7c0b/TsbmHKDqRFK1Pw4d26n9IM5ODb/z295Gv/QG8td4wnqfLHf8qyOWrgBT9Y01BOr/JanEtkPXfzTKBGpfsuzKiqw8Vc3b//XwW/H6tdMFxqscO9AI1ddYkAB3lvrYN73Nf9g6dZBz0u3m896vaGDMufPP1Hy9ms4t2+p0/ZnUoKMBI+8Bcvtf0QxB9c7PyECSdPX3Quhkd0JWRofZN0vlGaOyjyFBZT862Vsq770e96OHzfi+HEj5sHDCPnzRHRh4X7fB8483LsnoR6e5/es1fy1uH/sjxJ9M/qOL4HR/zUxJ0pUXl5uZ/2emmuztCoqU/nnF3Z+zHYzaXhg/gBR7TZK5rxG2ZJF/svT6aD0kw+xf7OK0MnPNMoPASEaSzPvmSDOJ7/ledBar3tJBzm1z+Tcson8P93WIAHZmWwrl5M/7jac2zf7NV81fy2ujX9okICswn6OfIprYw/U/G/8mu/WfW7+9HaZ3wKyM63Z6WLKIpvmvpaNxZ1zgIL77/JrQFYh/8O5FEwch+3rLxokfyGagjy5RLNx8IS2WjKjAWJbyqldzrZ8CQWP/QXPibxG2Z8n7xgFj9yH7aul/skv933cW64G+yG/5FcrxxHcW4biyXnbL9mt2OHi0QU2CkobrqfIpmw3i/8XOFGZ69dfKJjwR1y/ZTXwjlwU/XMaZf+e37D7EaKRyJNLNBtHT2p7qMW01MncZKeULZpH0UszwNPI0wx4PBS9MJ2yfy+oXzb7X8Hz8zhQ/V/DVCPVjWfX/Xj2v1yvbL7c5uK5pXbc59EsD67f9lIw6T48hQWNts/if83Ctjy90fYnREORPmWi2dBa0xAd1vAR2eOf2MjIauRA4Qz/ftBChKXm47R9+TnFb73SSCWqWvG/XkYJDcM8ZLjP23oOfYBnz6QGKJUPZdjzGBgi0Vnv8nnb73e7eXGZbyMMmzvPieMUPvEAalFRo++7aNZM9NZYglL+0Oj7FsJfJCgTzUaJTVtQFmI+96vJcvPVGoMy588/UTTrH3XOXxfZEl10OxSTGdVuw3M4F0+B79NmABS9NAPDBXEYOnXRvI168n94fr6vTvsDwNQOxdwBdBbwlKKW7QPH4Tpl5dl1P0pIJ5TwyzRv89sxD88usVHXBsvWYQptwnQE6aHUrnIwX6XUHuAD5VUPJ/8xBc8x36cnUUwmDJ26om8f6z3nSopxH9iHc88ucGlcwcPj4eSMyUS+swBdeKTPZRAiEEhQJpoNl8aKqeCzp2E65+QVeaiu94FaWsLJ6U+C27eaPENCR8zDR2Dq0xddm7Znve8+cgjHhu+wLfsPrqxftWfscnFy+hNEzlmAYrFoSH8S947bQPWtj5QS2gMl5o/oooaDyXp2AnsOnmNfoOa+g1q0TXvGqhP3T3dg6L0ZDGG1Jne64Zkldmw+dvHq1E7HtT2C6HORnsiQigG3qsLeox5W/+Ri2VYXJQEYoJV9/m+cWzb5tI0hqSuWUbdhvCwNxXT2CFK1tAT7NyspXfAB7kM5tebnyT9B8avPEzal7j9IhGhKEpSJZkNrPzFfJuJsrk6WVf9eydw38RzVXiukax1Ni788gik1rcYPWR/djuDrbyL4ulHYv/svxW+8iCfvmKZ9uA8fouTDObS498Fa03qypoFtv+byY45F3+lVlKhhUNMaDqYYdO3HQ/txqMc+x/3Lg2Cv/UEPgG0/nqyn0HWsvY/ZJz84ydYwl165NmEKD1xtovdF+mpLryhwUbSOi6KN3JYaxJz/Oli+VfsasA3NU1hAybuzNadXQsMI/eskTFcOqfGcUywhmIeNwDRoGCVvvaJpJKd97WocQzdi7Nlbc3mECBTS0V80G0Eapx4rczRsOQKBzVF15One/xtl6dqnIDD2uoyWc+Zjuryf9qhXUTBdMYDIOfMx9rhU877KPvsE94F9NaZRS3bhOfi65jyVqGEYem9GiRpOjQFZxa1QWl+PofePKC0Ha96X5+CbqCW/1Jgmr0hlwXrtJ2CveD1v3xNMnxoCsspCgxUeHmbiietMAbPcUtmnH6KWlmhKq78gjsg3P8I04CrN55xiNNLir5OwjL5DU/qSOa/IGpqiWQqQS1qI2rXQ2FesWGPfs+bMVc3zpnTB+5ofRqa+/Qmf/iJKaGidyqALCyf82ZcxpqZp28DjofSTD2pOsu95zeVX2tyI/pLFYKjjRLVBLdGnpKO0vk5betWN57dna0yy4Acndo0VWH0u0vPMTWbN53Vlgy428LcRpiZf31UtLaFs6Wea0upjLyDipbfQR7er075C/nifpiW9XFm/Yl//bZ32IURTkqBMNBuV+9lUJ7fg3A/KdFVcuZ7jx7Ct/krT9oaOSYQ++QwY6tmDwRBE2ORnMCQkakpuW/UlnhPHq37Tfgj1sLYpNJSwXui7flD/BcWVIPQXf4QSmqIpuXpkYbXzpRXZVL7cqq0jWXwbHVNuMGOo58ITaUkGbq9iLcvGZF/zNWpZaa3pFHMw4dNfRBceUbcdeTw4Mn7QXLtW9tkndduPEE1IgjLRbESHa7sZHy7wVFuTdK4wVRGL2FZ/rW0+MkMQYU8+g2I0+qUsislM6BPTQa8hwnC7sf93RZVveY58om0+Mp0JXdcPQOenpYV0wd78FA3BjerGc7jqiUrX7HRpqiXTKfDkdSbMfoqlbu9r5MLW"
04:29:04.694 [Forwarding screenshot on session ed2d6660-f69e-11e6-a414-872b36aae4a5 to remote] DEBUG org.apache.http.wire - http-outgoing-0 << "TXcr1/pDIOSu8ejbd/A5f09hPqWffMiJO2+g8G8P4fq15ibkcs5tP9baXC5EoJGgTDQbsa20na5uD2T50NG6OQoxnR2g2tdqW6A7+IbRdXo41sRwYTzB147UlNb+zcoqX1ePaFvsWhf7FxTLRZrLpoUS0hld+3Ga0qpHq26qW5OpbbTr8O4G4tr479Zr0MHd/fwTYPtKLSrC+dP2WtPpWkZhvn6UDxmr3mldnvs7x2++hpJ3Xsd92PcVHcqW/cfnbYRoSjL6UjQbsa288zY5NTz7tu1z07Ftw/3mGNEziL6dtF8+1bW4VH45+5iHzzJqbwKLqDxlQnERrt27ai+IXo9l1G21p6uD4JvGULZkca19wpy/ZKKWllacHsNViFr0Y+07UQzoYifUs6RV03V4CM/Bf9VafvXkJnDlg+H3ubCKbSo7D9Z+YirALX38H0ClJuppF6FwqJGb7p0/bdXUB9A87HqUoNqPW7XbsK9ZQdmSRZprxGrijzyEaEwSlIlmw6CDTu30/KTh4bcpy81NvRuur02fi+rZGagan2/W1iepTaVVC5yZOzQ9HI09LkXXqnWdylYbfXQ7grp1x7m1luDK48GZuR1jzz6nX1ILf9BUfqXVEDDVrZN4rcyxKJFXop5YXUtCFbXwfyitrjr9SmaOB1VDPHTJBXraRvi/a76iwJVdDMxf37jrXzp3/6wpnenyfjW+7z64n7Kln2H7eilqcT1XAzAEYeo3kODrRhHUJbl+eQnRyCQoE83KJR10moKyzb+5KShRz6pRCnS/HtYQmCjQNrxiLaB7X7am/I29L69TubQyXppae1DGqfKeGZSVaKjlgwqBUENQWg3REJSBWryjQll+PaKtubyhgnmAnnH6Rg/KtJx3islU9YhJtxv7xu+wLVmM48eN9S6LProd5mtvxHz1degiZEZ/0TxJUCaalUsTtD14PCqsyXRxY6/mNb1/Zk7tD/eYSB3GSleuK+eApvx9WeqoLoKSLtaUzn2w0uSwpXs0baeE9fS1SD5RwnppS1hWMRjJOaEtKEtq13BN6okNmHd13Idza02jbxdTYbiwJ/8Eti+XULb0MzzHjtSvAIqCsddlBF83CuOlqVUPSxaiGZGgTDQrXWL0RIQoFJTU3lb0WYaT6/8QFDATbNbmeLFK9rHaH+4dq3j4qoUFmvaht7b3uVy+0Jq/p1J5VWeepu2U4ASfy+QLrfmrjorBxPFibX25Ylo23MloMSqarw1/UU/Wft4poWHejvuZ2ylbshj7utXa17OsIc/goddjvuaGBj+nhWhMEpSJZkWvgys7G/jPptpryw4VqKz92cWArs3jNP9+t7YHVdeYKoIyDfNEAehCa1+7sT4UjfmfVV63ttngMdRxjiutglppS1epvFpXkQivYRF5fwgzN3JQVmarNY37UA7548f4tl5qNYI6X4z5ulGY0gZWuVamEM1d83haCXGGoSnagjKAd9c66NvJcFZzXyBauUNbUNb9wir6JWldfLyBu9gpWuYqg7NrSlQtx66A0sDVnorG8leaT82jpZc/oG/gz7/xa4VrP25P3jHNa6RWRTEaMQ24muDrRmHomFTnfIRoDprBo0qIihLa6EiO1bPjQO2ByOEClU83OLmjiWc9r82uXI+m/mRtwxU6RJ395FWCLVWkPptaZqs4FYWfeTSuf3hWGfQhGrZSvTVUmtLWkfuktnS64Ap/Bhk0zjLvULFUMcecv5RVsyZqg/HTBMRV0cfEEnzdSMxDrq3zUmBCNDfNpLeNEBXdcpn2IOvj7x2aR8c1lffXaWv/6tfZUGVllxKiLVBxHz3sQ6l85zmibYJPpUWlh6zG9StVm7YBDXWllu2vPRGAsWIzZ3iwtkDr6MmGC5pUVXvfNn/Rhfm5OVnRYbq8H+HPvUbL9xcRPPI2CcjEeUWCMtEs9b5ITyeNo81cbpj2HzuljV2LoNH3u91kZGlrfhx8cdWV21o7Ozf0ZJquX3drSle5vEpwvLYdFG/ztUg+UTXmr5gvqPC31iXAGnKliZx8j6aJlf1JF93WP/lEtsQy5m5azV9C2NP/xPiH3g3fVC1EAJKzXjRLCjB+gPamk5wTHqZ9Zg+4NTGPF6u89KVdU9qL2+urXZ5H67JJzq2bNJetLhxbMjSlq1xexVLFPFZVUE+s8blMvtAyRxl4l2U6k9a1Jzf/1nBR07b9jX9yGzrE1Wv7oEu6E/a3GbRasJSQsfeiax3tp5IJ0TxJUCaarW4X6OnfWXu3yIwsNy98YccTIBVmZQ6VKYtsmkfLje5TfZOtobO2mcvt33+D6tA4VNBHqq0Mxw/fakp71kzr4b01bec5tgQ8tY/4qxN3CeqxL7SlDbu0wp+drdpupd/tdjdYbdZ3v9Rvmom6MCT5Pu+dEmwh+LpRRL6zgIiX3sLUfzAYArvPpxCNRYIy0azdP8RIqFl7x+mVP7l4Jt3e6M08lZXaVZ5caOeXQ9pqNy6K1pGaWP3IQH3bdujb1r78kFpUhH3lMs3l9IXty881Tc2hj4k9q0ZEMV9wVpNglZwn8ByeX9ci1siT+z64a1/iRzFfgBJcsawdonREhdZ+HhaVqaze6f/g6XCBqrkJ3J+CLulR/cKulehjL6DFA4/R6tPltJjwKIYLG3bOOSGaIwnKRLPWMkThwaG+jQBb+7OLxxbYONGI8zmd6dhJlYkf29i+X/tDdPwAY63PPuPl/TXlVfLhO5rnNdNKLSmm9OP3NKWtbh1EpfX1mrb3ZE0Hd7HmsmniKsTz20xNSb3lrPhlKMDlHbXV2n74rQO7n1dD+vh7h6a1N/1NFxZOUNdumtIaLkwg+NqRfh396zlx3LvuqxDnCAnKRLPXv7OBa7r7NrvLtv1uxr9Txubsxq1d2JTt5t73ynwaDXplFwM94mqfP8s8aKim/DzHj1H85iua969F8esv4CnM15TWNLDqcirtxmjbmT0Hz69PaC2aJp7dD4ND25I/1ZXzqku0nYNHClXe+cZ/Tcg7Drj5alvjN12WMw+6WlM6+7drcGz83n87drs5+Y8pFDzwJ0rmvIpq19Y3U4hAJkGZOCf8ZYiJLlXMdF+TEyUqkxbYePZze4PXmp0sU3n5SzuPLbBRUKp9X61aKPx1iLaaQMNFnQjqrG3tSduy/1C29DPN5ahJ2WefYFu5XFPaoK7dMCQkVvmeEpqCorVv2cG38OS8q7mMNeZ14A08hz7UlFYJ740S2r3K9zq102k+Bz/LcLJC42TBNTlerDIj3a5hCteGYxpwNYpF25QsRc9Pw+OPaVlUlaJXnsO5ZROoHkoXfkz+vbfj/Pmn+uctRBOSoEycE4L0MP0mMzGRvp/Sq39ycfvsUv612uH3eZ6KbSrz1zu5819lfLHFt4ewToHJ15u0L82jKFjG3K29bK8+R1n6Qurc7qWqlC2eT/HslzRvYrm9pvIp6C58XHNenl334Tn4lub0Z1Px7H8Fz+6JmrfQxT1Z4/u399XelP7PL+z1CsyOF6s8usDGsaKmHbmiWCwEjxitKa2nMJ+CxybgOV73Gf5xuSh6aQa25ekVXnYf2EfBhHsomfNagw1mEaKh6f/+97//vakLIYQ/mIMULks08O0uF6U+3pPdHsjM8fBZhpM9hz3oddAmTCGoDuviuNyweZ+bed87+ecyOxlZbhx1ePY+cLWJNB9Gl4K3E71zxxY8h7VN4ur433o8h3IIuqQHismseT+ewnyKXniGssXaO90be1xKyP+Nq7FjuGJJRC34Dmy/acpTPf4lqi0bXWTaWbPs18iZh/vne1H3v6x5EyXySnQJf6emtapiWurYccDD4YLaAyUV7xx1haVwSQedT+fatn1uHv/URm6+bwFZ23Bdlc2sPx7dyeZjO2vdftzFVQdfQYlJ2JYv0dSEqJ4swL52FUGduqD3cZ4zd+5BTk6dhGP9uupyx7lzO/Z1azB06oy+dRuf8heiqSmq2hTdQ4VoODn5HibNt3GksH6ntl4Hna16urbXEdtKR2xLhTCLgsWoYDSA0+0dRVlQqnKoQGV/nodfDnvYedBd747cY/sZuf3yuk0T4D7wGyf+NAZc2guhhIZiGXkb5qHX"
04:29:04.694 [Forwarding screenshot on session ed2d6660-f69e-11e6-a414-872b36aae4a5 to remote] DEBUG org.apache.http.wire - http-outgoing-0 << "oWvVutp0nrxj2JanU/rZJ6jFtY9UPJ1/kJHIt+drmk9NLfkF9//+AB4fIuuglug6PIDOOhaMNTzo7Yfw5L6LZ/+r4CrQnr/OiP7SH1FCOtWa9MBxD396p8ynEb6tWijc3CeIIZcYqh1NrAK/HvbwyQYn32TWrYatWwc9L91+dvA956eFvL1zYa3bZ9y8uNr3bF9/QdE/p/lUHtOAq7DcNAbDRZ1qDNbdB36jbMliyr74j/bzWtER9vRzmFKrHlgiRCCSoEyck44VqTzxqY3sBpxBvaHclWas91qdZekLKX79Bd83VBQMHTsT1Pli9NHtwBwMtjLch3Nx/vwTrj276tTcGfrg45ivuVFzes/B2Xh+edDn/aDoUEJ7ooT3AvMF3nUy3SVQ9hvqyQzUk5vQsoh2ZbqOL6OLvV9z+vRNTl5b4XsTmkEHXWP1dGyro02YgtGgUGxTOXjCw/YDHnJO1O98bsigDFXl5FOPYl+/1udy6dvFEHRxN/TtO6CEhQMKakkR7pwDODN34N6X7XOehriLiHj9PZ9qgIVoahKUiXNWqUPlH0vsrN/TxJOSaaTgnXfthp5+mEhTVTk58ynsq7+qf171ZB4ynNBJUzXPZ+Wl4t55F+rhBQ1WLq2UtmPQd32PmpotK1OB5z63s/KnphsVWZUGDcrwzoOX/5e7cOc07BqltdGFRxLxxlz0ba1NWg4hfCUd/cU5y2JUmDbKzLgBRgwBfqZbTArPjDb7JyADUBTCJk3B2LOPf/KrI2Pvywl9aLKPARmAgr7z2yithjRIuTSXouVg9J3fxJeAjFOpHx5u4g8apjI5lyihoYT/4xV0LVvVnrihymAJIfwfsyQgE81SgD+qhKgfRYGb+wTx+l3BJFSzbmRT69ROx1t3m+lzkZ8f4IYgwp5+vsn61Jj69ids6kww+DZY4TSdEX3yQpTW1/q3YBopUcPRd1sMOlOdtg/Sw/RRZnrFn1+Bmd7anogX30TXBJ3sdeGRRLzwLwwdO9eeWIgAFJhPKSH8LLGtjtl3B/PngUZCTL6PqGwIJgP86Uojr/1fMNY6TOWhhWIyE/b35wgeeVuD5F8dy+g7CJs6E8VUt4DmNL0FffJCdB0e8E/BNNJ1mIj+kkW+jeisgikInhltZnhKHQNTjdqEKVzRqWH34Qt97AVEvjYXQyff18asK8OFCUS8/h6GjkmNtk8h/E2CMnHeMOhgVO8gPvpzMDf3CcLURM8wRYEhyQY+uNfCLZcFoW/oq1Cno8WfHyR8xssN3qykaxlF+LOzCBn3V9D56cAUPbrEf6Lvll7zyEp/MLZF3+0/6BKfA8U/J4hBBw8NM/HYtSYsDfCDoF2EwotjzHSICowfG+V0Ua2JmDUHy+g7QGnYkzz42pHePmTtYhp0P0I0tMD5aSVEIwm3KIwbYOTmPkEs3eLiiy1Ojp1s+PEuJgMMTjYw6tIgYls1/u8hY+/Lafn+Yko/fpey/yxEdfpvgk3FaCT4hpuxjPmjX9c2rLCPqGEYLvsJT/azeA6+AR4/LqujM6Frf593clhDuP/yPcOQZAM9LtQzZ43Db4uSX9HJwEPDjIQFawvIfO7aV09KkJGQcX/FdOVgiv81C+f2zX7N39CpwdYNWQAAIABJREFUCy3+/CBBF6f4NV8hmoqMvhTnPY8Km39z802mi/V73BT6sAxSbQw66H6hnrQkA/066wOm6dRz4jhl//kU29dL8Zw4Xud8dC2jMA+9luAbbkEXEenHEtbCcdi7PFLuB+Cox7I9xmh01v9D1/5+MLXzX/lq8esRDws3OFn7swtXHWa5SGij4+7+RnpfpD89BOHdbxzMX1/zHF494/Q8d2vDjb6skari3L6Zsn9/gn3Dt+Cp+/Qexu69CB55K8belzd+pClEA5KgTIgzqCrsPuxhx343O3M8ZB/zzg3l0XiVRIcrdGilI8mqo0uMnuRYHcHGAH5oeDw4tm7CsXE9zu2bcWXtAXcNU4jo9RgSEgm6pAfG3pdj7PYH/zVT1oXqRs3/BvX4V6j561CLd4BaQy2UokdpcTFKRBpK1FCUyH6g+GnEax2cLFP59hc3G391seOAh5Nl1Z9o7SIUesUbGNBVz8Wx+rPGg7652sGijTUHZWlJBp66sZ79/PzAU5CPY/06HD9uwJm5A8+xozWm14VHYEjqirHHpZiuuBJdmwZuxhaiiUhQJkQtXB7IO6lyokSlyKbicKm4PWDQKZiCoIVZIcKiEBWqENTcB9q5XLiPHMJz9AieshKw2cBsRhccgq5NtHeaAX0AH6TqRLXtB9t+cBV7J47VBYEhAkztUYLjQKd9fcrGpALHi1QOF3goLAOnS8UY5D232rdUam2ifP4LO19vr7lZ9JruBiYObfqgrDK1uAj34Vw8+SdQy0pBVVFMZpTwCPTR7dBFtpQaMXFekD5lQtTCoIO2EQptI86Dh4LBgD4mFn1MbFOXpG6UIJTgBAhOaOqS+EwBokIVokLrFvRqWVYsKjQwx3YpLUK9Sy0JcZ4LzCtUCCGEZiqQfaz2PlrtzocfFkI0YxKUCSFEI7A7YV9ew6zFuj/Po2mASlyATqAshPCS5kshhGhAOSc8fL7FxdfbXISY4IN7LRj83C1v3a7a13c1GeCCKAnKhAhkEpQJIYSfeVTY8Kubz390kpH1e8BUZIP0TU5G9fbfiE+XG77YUvOoS/h/9u48zqb68eP4a4a5dzAMs1iHsTaWERpLoylLmTAtdtlaLAk/pEKkQipSNPkihcqXL5XoW+GLCpGthjD2dRjrjDEbc+8Mc35/3Dv7SoNbvZ+PBzNzzud8zudzzrn3vu/5nHsuNPAp5vDfASvyT6dQJiJSRGKvGaz+4zrf70rhUh43JF64KZnmtYpRrYjOWn0blkJ0QsFDl81rOfCnZkUE0DVlIiJFZvR/LCzYmJxnIAOwXocJy63EFsFNik9GpbJwY+G+meGhunoPLuLoFMpERIpI1+aFG5Y8G5PKK0sshTrDlV8d4760YC3ENzY1q1mMCu765KWIo1MoExEpIu38i1Pdu3BPqyejUhm8MIntxwq+SD8zA/jl0HWGfW4p9He2di/Ca9hE5PbRHf1FRIrQvjM3ePHflptaJqBGMbq3cOG+6sUolkems16HHceu881v1wk/U/ggd2+1Yszo65rja5lExPEolImIFLF5PyXzVQHfQ5mb0q5O1K/iTBUPZ0qabF/xFXvV4EyMwZHzN0i5uZNqODvBxwNKUEv3JxP5S1AoExEpYtdTYcx/LOw5fZMpqog918pE3wc0dCnyV6G3TyIiRay4M0zqZqZGIa8vux0C6xSjT0sFMpG/EoUyEZHboLSrE+/3dr0rQ4cNqxZjQidXnHQhmchfioYvRURuo6tWg7dWWrPc2f92alnHFsjMOkkm8pejUCYicpsZBizbnsLnvyRz/TZls+LO8GwrE0/d76IzZCJ/UQplIiJ3yOnLqXz8YzI7jhdtMmteqxgvPGzSF46L/MUplImI3GEHzqbyzW8pbDl8/ZbPnJmLw4N1i9OlmQt+lRTGRP4OFMpERO6SBIvBzmM3CDt1g0PnUomMSeVGau5lS5qcqO7tRN3KxWjsW4yAGsVw1XVjIn8rCmUiIg7iRirEJBrEWwySr0MxZyjhAmVLOeHm6qS78ov8zSmUiYiIiDgAXYggIiIi4gAUykREREQcgEKZiIiIiANQKBMRERFxAAplIiIiIg5AoUxERETEASiUiYiIiDgAhTIRERERB6BQJiIiIuIAFMpEREREHIBCmYiIiIgDUCgTERERcQAKZSIiIiIOQKFMRERExAEolImIiIg4AIUyEREREQegUCYiIiLiABTKRERERByAQpmIiIiIA1AoExEREXEACmUiIiIiDkChTERERMQBKJSJiIiIOACFMhEREREHoFAmIiIi4gAUykREREQcgEKZiIiIiANQKBMRERFxAAplIiIiIg5AoUxERETEASiUiYiIiDgAhTIRERERB6BQJiIiIuIAFMpEREREHIBCmYiIiIgDUCgTERERcQAKZSIiIiIOQKFMRERExAEolImIiIg4AIUyEREREQegUCYiIiLiAIrnNvHz"
04:29:04.694 [Forwarding screenshot on session ed2d6660-f69e-11e6-a414-872b36aae4a5 to remote] DEBUG org.apache.http.wire - http-outgoing-0 << "hZ/e6XaIiIjIXfBs/0F3uwlil2soAzh48NCdbIeIiIjcYePGjr7bTZBM8gxlANOmf3Cn2iEiIiJ3WGz0hbvdBMlE15SJiIiIOACFMhEREREHoFAmIiIityz+0GmaDg7jpbWJeZbZ+sUe2syNuoOtykfiZboN3s36K3evCVsX7Kb9gpzbQ6FMREREbtnm9dG2n2svcC6PMi6k3rkGFcQF8o6Pd0YyYM0lguV7ob+IiIhInhKjmBVuMHRgFX6cf5avw1MY6e8CwB9rjzBqRQKJOGFg4NUctv4nnBlJ5Vk+oDwAW7/Yx7+oyH86OvPmrNOsumgLb42bV2bGgEok745gxDorFWMT+CUGvKqWZdboWtQxp7Dqi6O8uTUpS3nTuSjGv3+aX66Ck9nM6KF16FHXDFeu8ObMk6y6aFDaDIkUxyVbV6LDIxkx6yJHAKdSJZg4rA4htVyI+C2Cl+dHcwooXcGdmWNq09gNzoVH8sYnF/nDCk4407lnLca3NTNv2hH2AjtOJNPvBX86Jpxj+JIYorG1f8aLtTAVdyZx62na7zlFtDWj/TpTJiIiIrfk6KYoLpvd6d2sIs/5O7F41SUALMdPM3BFAk8N9OOnN315yGwrf0+9EkTsvMhvVoB4lmxNxr9+KZbMOsXqUt78b14AP4+qwJ6d59lxBeA6R04k4Pt4Hb4bXwW3M7Es3mvh6NpjTNyawoQx/vw8vjLHd57jX7uvMHHSaS40rcqWeQF8GuLC9JlH+cOaypLZJ1ht8mTpB/fydtuSAKRk6YmVTz65CO1q8vu8JrxWw8KsjbFw7jxd50dz/zN+/D7PnyHe8Qx67zQWYnlj1kXMj9bi93kBfPqEmZVf2s4UJlxMZmesmQl9qtKqeBS9lsTQomcttnxQhxaXYhn2ZdqwpQvDR/rzzQte6f3VmTLAEnWSiAuJ4FaOijV8cHfQOkVERByHhf/+lARlTfzvlwtcxAlOXGJ9VBUanE3CCXe6NnOjDG48/VAko6IMvJpU4mEO8s1eKw2LX2InJflPs5LUqVePGnvjWbv8OPuOJwLF7GeyDJzM7jzXsgxlKEOPmufYnwJnTyTh1rgqnWqZgUr8d0o5KJ5AD8DtQiwz5sZjTbJgcJ1NR+OJOQMdB1akjpsLdTpVpM6aU9n64kLt6k6sWH+C3sdLExLoy8IWnkTvPQbAuT0XeHMPJJwzIOYKuxKrMePNOuw4lsC8L6LZeygJSpXFBCRfh469fOnUzEz0b0dwwp3hbcviCox7pwHDcSX8y0jcGlcmpJYZ8OZhovntWG4Dmn8j2z7sgpOTE5PWR2X7OzK9TNiCAZQoX5O6995L3ZpVs8y7VbejzsLYNjVrf0VERG4Xy/FLLLsKjcre4Jffr3ASVzxJ5bP1V0i5ngqZriMrVaKY/beSPNXOxE9rz/HFujh8W1WkDql89ckhRn5xnn1xxbm/sZtt2bTxRavtGiyA8mWKYU2r1JQpwqQkE3nBtr7aNUtTv2YJmjT2YlSHCjQqDVbAmn5qrBjlcvTGmR7D6jN/YGXuK3md+UtO8eTEkyQUByeK4+9XigY1S/BQ64oM6VAebyOeiZOOMv7bKySUKkGrhia4nrk+I+NXsxMm+6+upBJ58Vq2dRfDywxWjL93KEuOuwqA1b4LEy8dBSAube/GbeLFgQsB8A0KJjh4KE829vlzK70ddRZSsjVrf0VERG6Xn1ZH41TBm/kv+THjpXpMHV6PqR1MHN10gUuVSwKJrD1kBa6xeosVTE4ANH64Ap5nYph/wonn2pUDktl/2ODBPn5MHeBLkxIGYHDpct4fDihfzUTizov8dgVIvMILk44y+4wTPkCCiyudHq1CULlkPlwTxVWXUtTwgB3bo4kGIn6LYmeOGhN5acR+FiWU5pXh9fm8Z0mISYEyJgyuQ2UPejxahfKXY5i7JgHTdQu7gdfG+fNKtyqUSkoFazKXstXq5uGKYY1lebgFsLLwvYMMWh6XY+1pseQfNXzZ7o0tnBmUgLmSPSSZoSSA/0T2bH6zaIYYb0edhWQy38GViYjIP5f1CkvCDTo+Uz7L5MYPVMBzzRk2JdUktN1VRswMZyZQ2gyeaYXKedG/5hmmp3jxoDeAK21amXllyUGaLoHSHiY8MdgVYaFtacDslGUdZqB+SG2GHD7IkFfDAPDy8+b94PKYKlvoO+sETb+zlX2oQ01CKrvAS9XY+9Zp2g++gBNOkOMyfzcG9nTn6S8P0/RL25QuPetQo1YZ5nZIYsjMcOZgu6B/yPB78C13g05VnZgyIYwpQPWqJsDCkXPYz4rZ2uxaqxpzO1xlyKz9tuVLlSR0VCVYcQGzKWPtJoDiTmDk4rMFnxhjXnkpx/RRnYON4F7vGocyTft9/igjODjYGDp7a6apJ4x3ewUbLQKDjKZBwcbEH05kzIrdaqun8yhja2ymJX541wgOCjaeH/mMEXSTy0xckblFGTZODDYAY9y6M4ZhGMahFRON4KDOxvytl4y9yyYawUH+tjiOrxHcOdgYNT+tD2eMZRP7G/6+voavr6/h6+tv9J+4yDiT61oy5FXn3mXjjKCgzsbsrZeylbdNn/+7bfqhZRONoKBexqJ164yZ/W1t9/X1NYKC+xvLfs+6bNKJjcbE/sHpbew8dKIxrpd/lv7mKfaQMX9czv6dSMratuDg/sbM2e8anf3t6xi1zIhNX3dnw9/X1wBfI6jXRGPFiplGr6BgY9yyvQVsJRERcRRXos7f3hUkWIyomBuFKpqUYDGiEgpXNv9lbhhRMRYjzpKzfFSMxUjKOTmDJTn3MnlMj8tjPbnXm1xgsZsLZb4YgDF7b1qzLhkTg2zT8J9opMWGpL2zbdPqNrf97Dw/vSOXNk60h5bM4SHJmN/LNm3km0/f9DIT8wgh2UPZunFB6X9vndk5vc60f0ET1xlG0u/GUN9M04KCMsr4DjX25rM386oz83ozyz497e+M9flm+jvI+CFt8Us/GEHp032NIH/fLMvlG8ourTM6k0f/6JUeeteNC87RF4JmGrHZ1x2Udd3+49blvW4REXEotz2UyU25qWvKnnwuGIAfN++3TYjayY9b7DPDf2Sn/fry3T/9CEDnZ58hGGDlT+y32Ob9sfbH9Po2bzho+8Wym1VLAXrRb2Dfm17msQcLd82WyVwy/ffAF1dgXFpHEID/OM4YBpvfbMemaeOZEwEEjWLrmSQ2b96Mcel3RgUBEXN45cNNedafV52Z15tXe7L+7c/MdScwTp3CuLSV/r4AW/h1TyRg4d8jh7EFIHgih5JOsXnfKfYuG1eobfDlq4NYCeA/lK2XDDZv3kzSmY309wdYyvOTVtnbkraEP+/+sJcTv69j3Ydd+S77ujef4tAPE/G1ly5bqFaIiIhIdjcVyho/1gGAlf/dTBwQufNXtqTP3cKvOyOBKNZ9sxLwpXOPPjzZGWAp63fHAZFs+D7TEt9vIBKI2ryOlYBv/ycJ8Gl+88u43kLPAUz267/KmrFlkCg2/rgOgHFvvESgjysWiwWLdwDjpkwEYN2SteT7Wcocdd48/1FTebFdDdsf3oEMfCE4vW44z8F9EYAviz56Ez973xv2fIdFvXxzqS2zfaz7KQKA2f/5gEBv21RXn1bM/nwmAOHrf83SP/+hk3k1pCE1AtrRLiCW7Vtt6172cca6/ULeZPaooFvsrYiIiMBNhjL3gIfpD7BuDQeAPT99D/jz7sxRAHz/60GI28nyLYB/b9rUcOfhzv0B2LDpAMTt4ftw8B/6LuM6A+GbORgHf2ywnQnr3eUB4FaWKSJxB9hqz3/vBlfFycmJEiVKUMLJifKtJ9oLmSFuE12cnKhevXr6PyenLmwqojtR1KnmkeXv5Mwfpow6xuZwgJbUz5bBGge1zL/iuAtERgD058GGWZOsa+0mtjOU4Zs5mKkfdepUzLTuC+yNAHy70LxG1qqbP/lI/usWERGRfN3kpy8b8thQfxbOWcem9ZuIXx8OvqPo3OdJNoyaybrNW1nfKI5wILjPo/gAtAnGn4Ws27CDbX6nCQeGPtKZxyM28O7KdWz9eT3W77cAwTwaZBuG9LuFZYpEcjLpdw8J6kyvqlmD"
04:29:04.695 [Forwarding screenshot on session ed2d6660-f69e-11e6-a414-872b36aae4a5 to remote] DEBUG org.apache.http.wire - http-outgoing-0 << "S4kSkOReE3NyMkeBiIiITHNLF+K7tAp37qxRk9oFF/ItgSnbGcJyvtULWMhEKQBfd9zyLJN1SDXXtpTOrWYRERH5M276lhhBnbrBnHA+njwBwsG3fwv8vBvTJgjWbZlIsP1M05MhLWy/+DxAtyAIX/chY84B+PJQMz+aVGwDrGNiF/vQXK8etEi7f8StLFMUvGvzoD9sCfdl0aIV9MtyNiiK9Su3YKrWGG/vSvx85ky2u4GZ8fIGct5+JJ0lOfv9w7LfQM7GmqNc5jZWo5k/bAnfyYFIaJgpkx78aXPey2UWsZ6dkVAjc56NOc1hAP+WNPaGA7m1xWTCGyB8BTtPzqBGpu2zM9N1fyIi8vcXvfsYHT6DNR/VxutuN6YoREUxb2dxBofkvLVsQWzbwok1H9X6U9vipm8e6928NZ2BiC1biABCgpsD7rQK6ZxRyHcUD6cPj/kQ3LUzEMGW8Ajw70JzH3CtH0imJRj6ZFsyTvzcyjJxHA7bxrZt+/LLRQWoRL3mvkAE702Zk+naKgtfDmtLcJcutH72S+JwxdvHB58s/7wp6NK2mQu+S2+b5fCXTJi4Jd/yuatI7coA4Ux5c0FGX0+u5P2Z2evLtk3cW2DbTeGMfXMBGaOUkXz42utEAFR2z/usl3sreg61bZ+xL0/lsP2DGCfXf8hL795KX0RE5C/rOvyd7lUefyqGZSeuF1wwL1aj4DIFuPk7+ru3ICT9gnJ/HrJfXFS/3UPpRYJ6d8Av0yJNHg5J/93/oQepAeDemIeC05egY9usFynd9DJRW+jWtCUtWz7Olpu4tusaQGzaceVKvzHT8AfCFw6javVHeWnSeHo/WJen5oQD8O6/BhR4Q9isdUKLx560/bJyGI0e7M2wAV0oUfcpbi3GuDP042X4AuELB1L2wd6MHz+AhjW7sC570RzbxJU+k+YDELFwIOUbdmH8pPF0aViVUUsjAH8WffRCvv3rOW42QUDEynHULVGdBx+sTs3gUYTfUl9EROQvK8+xNgtL5obTdHAYTQeH0X7KMQ4kQvTuCHpPO8JL49KmH+eo/YXyj7VHaDM4jGaDdzFwyh7aTztNfOJlBo44wFb7tUF/LD9A7y8uA3AuPJKBI2z1NBu8m3d+jgcg+tBZetvX221KOO1fOshviYD1GvNm7LGX38U7a2OzNjnxMi/NTyQh/LRtHVdieX/a7vTyb669Yi9o5dsvDqT3rffcs0Rn6/1vq2x9aTo4jPbTTnKg4Gub0t3C1yy50rZ7F9uv/o/zgD0XuTd4kF72El0fb551iYZtGeVv+/3xjs3sU9158En7Ep17EeTNn1vG5EYdAPzSz/SY3EsBkPY5yIy/0xeyXUFVOdMnJf16suXQD/QP8oWIdcyc+C5Lt0SAbzDvrtjLq62yNTSHnHW6Bgxl6+yhAERsWcqchSvBfyjzZ48qoH3Z+2FXoydbts6nsy+wZSnvvruQcIIZN65Xlvpy2yauDQdw6fdl9PIHwlfy7sR3WRkOvkH9Wfb7z/Szf6Qyr7bgE8Lm2N8Z19kfiGDLlgiCeo1jVGdbUK9aq2L2JURE5B/kwLdH+fCPYsz/IIDfP6hF/TNxLNprAa5z5EQCvo/X4bvxVXA7E8vivRYsx08zcEUCTw3046cpvnjFXOfyxRQSSSXSauGq/TsrY+MsnL+WCsTyxqyLmB+txe/zAvj0CTMrv7zAOeJ5c+YFSrarxv8+qEdn9xQuX00mNgW+nX2Q+bFl+OajANaMqcD6FcdZeDzT1zi5efJSl5J4+VXg/afK8dUnx/kytgyLpt7L8he8WLXiBO/vtnJ07XHe3nqDSWP8+fnNalT84wIv/OdyRj2JUYz5LoGnhvvz+0d1aHE2hm8PWgq97ZwMw8hxvu3zhZ9y8OAhpk3/4BZ3yd9DVORJYq6CyeRCpRo+BQ5PFsgSx8nzMSQng69fjT9fHxaiIs8TczUZD18/vG+ywqiTJ4lJhlKlPPDxKdzFeZvmjGfRMR8mzBhK5nObq4Y15LE54Yxbd4l32hUUXEVExBHERl+grNetvZmO3n2MDh/DmnnZrylL4cDuK4RHJHHszFVWhCfRZWADni8eSYfP4KePalMG+GraLvY/WJ++CSfovcrMTx/VogwQ8fNBun3rwpp33On7ciQvT21Cu3KwccFuJiX7sGGIN/Hn4tlxLIETJ5PYeyiOndayfDvSTKd3opj+QRNauwHnztJs0iXemVqfPW+F86W5JJ1rFwNusGLnNaq3qs7y3p4Z/fntCH23l+V/w10ZNvgoXgP9mdTMdmriqylhzPWsxpD408wtU40NQ2yvc0fXHqD3ChOfvQDPfQxrPirPOyOOshknmjcuR8f7PXm4SZlCv97/o7778mZ5+9SgSOOFqzs1ahTlJxNc/1QbvWvc7LJx7P/vuyxcB0esZha904dK5gR2fz2Tx+aEA77Uq5bLRzNFROQf48DaYzy94hqN/d0JblCGxuFJpH0XJNaML98uX6YYuwpRn4v9aypNxbEtbI1n4qSjbC5lpmfLcrRqmMTO7WSsI12mwcDr4FmnFI1qFOMqzoypWApT+VzuiFDcCXDOcZMBk0vGz8Qs052yDimZy/DOFD+274thw29XePPjGD7LFv7ycwvDl/LP5U73ibabzG6ZM5CaZUtQokR5Wj79LgDB736aPvwpIiL/BDc4ec5CRMQ1jkYkcvSclUsnknDyq8L84bXpUbc4sUB0TEqeNVSt7YZhjWXp7kTio66wcP01KJ4W3lI5fMoK1njWhqXavsT7moXdwGvj/HmlWxVKJaWCNZm4iqVoRCpf/xhFdKKFr/57yb4GFzzKw+V4Z1q0rUKPJibWfRfF9qScEejywSsctZq5pwKs3hxFNBAfcYHFJ6Bd0zJUr2aCP2L47QqQmMjXP1zDrZE76ecaz50naMJhYutWY9LYRkzwg4jLNwq9NXWmTG6Kd+CLxB5qwmdffMUvh84DUK5SI4J7PEXPVn4FLC0iIn8fxTCIY8ik/elTnMzufNKvHG7zz9J08FmczMWpUwp2H0mE8oA569ksM+BaqxqLeibz9MeHmY8TnmZwq1ICDzdPXmh8jimzwvkUqO7hZLvHZjk3OlV1YsqEMKYA1auaAAtHLpdlxpjKvPDeadqvAS8PJ6AEVUo6025YdY68dYr2gy8C4OVXgakPZb0vp5tHSdysF+k9+jRrXq9G+Fun08vf07wK/9fMTJlmtRh4/DBDXg2z9beCO1/09YYDcba+VfZiQvNopkyytc0JE6+NKfwtNnRNmYiIyD/Un7mmLF/WFKKvgVc5lwKLxh+K5KX/3mDyWF8qA9/OCOPtEtX4zX7dliXRSiIueLllPbMVf8UKJc2USRs+tMby6tvnaT+8Hq297demfemS5Zq3+CtWkl1y1pVn27Kvw85yxUpiPvVYEq0kpjgXqv+Z6UyZiIiIFC2zC16F/ALoMjXK4HXiKE8OvownBpdxZvSYsunzXd3MuV4oX6ZcthWYy3Bf2RO8MiEMr1IQfRUe6VIny4cQcixTUNvyKO9aLvc2FdTmgiiUiYiIyN1jLsPUefdy4FAiV68Xo0qdMlS+uexk50yPl+6jxfFYLiUZlK3gTh3vv9al83kOX3Z64vG70R4RERG5g27L8KXcklxDmYiIiIjcWX+t83oiIiIif1MKZSIiIiIOQKFMRERExAEolImIiIg4AIUyEREREQegUCYiIiLiABTKRERERByA7ugvhRIWFna3myBFICAgIMvf2q8COY8LEbk7FMqk0OrUqXO3myB/wrJly3J98dV+/WfL67gQkTtPw5ciIiIiDkChTERERMQBKJSJiIiIOACFMhEREREHoFAmIiIi4gAUykREREQcgEKZiIiIiAPQfcrkNojn3LkrpKS4UKqcB15lXO92g/4EC9HnYriawt+gLyIi4sh0pkyKTvx+5o/vSwP3qtSrdy/33luPWlUrENh3PBsiLHewIdHMaO+Oe9/5xP+JWnYum0ygewVq1auXqS+T2XKuyBp6C+x96zTnT/WtsOua08kdd/e+bImHnXP64u7uztQt0UVSu2X3fBq4u+Oex7/JG4piQ2c9FvYvGoC7e3s2"
04:29:04.695 [Forwarding screenshot on session ed2d6660-f69e-11e6-a414-872b36aae4a5 to remote] DEBUG org.apache.http.wire - http-outgoing-0 << "FE0Xcq5tywzbNiqStucifgPti2zbiIij0ZkyKRqW3Qyr2prFAD5teHnAY1QvE8+O5QtY/P1sOn1/gFXHvyXI6w626Xg0iUCZW1g04vvxtBs8G/Ch78sDaFIZdi9fwOLvPyDk+zi2xn1AgyJu7k25GH/LfbsZ8RaAaK4mQ0q0LckkpyQXSd2JsdFEAj6BbWji5ZZ1XqKZhj4eRbIeIP1YuHTqAOBedPXmkJzp/9sj7jbWLSJ3l0KZFIm1741jMeDT7QM2LRhIWvZ6euBLtJ8QMe/uAAAgAElEQVTcib4fbOD9r3YSNLT5HW2X6RaXO7RtA+DDrN/DeLqOfchy4FAeHBbA4MXz+X7LOBrc0YSZjbsJW4yxALdvSNWU6Wf5e2oB2zC53OpWzcbF9qPfhEW8GnS746WtD23e2EbcG7d9VSIit0TDl/LnxW9h7gfbgG58NjsjkKV5fMx4ugFu0RdJG8Q8umERA9o3SB+q6jRsBrszjcdZzu1kxrBO6fMbtB/Asp0ZQzaWo2sZ3zfQPr8BwyaPp2/7QF5etDvXJkbvXsmwLOubw/48x/8sXLxom2nKEnhc6fjMWB4P7Eb1UhlltyyaTGD6sFsg4xdtIfNg7c5lU+kUmLHuwPYDWJTWl/idDGvfnmHjX6a9ffn5u+MhOlv/Ow1j5e5MY27b1jH15b64u1dI3377b/MIcVWfCgA0qetla3dge8bPmMGwQHvfG3Ri0Zb9bJj/cnq72w+YwdGC2lXAmbcC9138fua8nPexklnE91MJDBzGlnjS+zB5/pxMfQhk/PwtmZY4x7LJA9KHWQOHTWXO5L60HzCfWxoBjd/JsAaBzNkZnc+0eNbOGU/7Bmltas/kbMdUxsbZwsud2tMgcACfzh1PYINOLMr8QOIccwYE0n7Yojsw3C0if5bOlEmh3bhxI9fp1ohjHAXqj+pNgMsNchRzCeCTmJi0Sjiz7i2aPjUTaMMboa/heuoHxs+cxIbFx/n5/Ec0tv5K/3qPswroOmo6j1SPZtHIaQxut5yz3x/hxYYn6d+0B6uAAW+Ecq/1N0ZOmw1A4P0x3LhRGQOAVG7cuMGVPxZQq+1oIJCxoa/hde5HRk8bR8uNZ9i5dwq1c/TIhSYPt4blixnc1J3vBowluGUTGjb0p3FAH75Y1Sd9e2yc1oku07bh02YAoX2bcmrF28wcHsKuyBWsGtuaYytH027wAgjsy/S5D8CpXwmdtpjh7ZJocP7fNE5K4Oy2bWzYto36bdpQ/yhUKX2Ul1q1Y0FkRv9njZzGsxuOU+bIF/a+bWP2/DaMnT6d5O2fMXPxJAZ6N2LL662LbL/CDfu6IPXGDUrd9xwrFj3APSVvcCMhgeMHtrFt0jbqdx3FO93imTN5AcNDWgI+DH1nOuawFcxcPonh9Zuy6sUHctaemgrApYgDnDhcjquZspmprA+1K5chvsB9d4zRgS3Tt1XHexJYPGQyg9stJ/7nUwxofCPLsXAsbCMHDkBC0g1uYOvD4pe34RMylOnPlWZ16DRmvxyCp/8pXmxm5ssR7RiyOJLAvmN5rZmZr0ZOZhxA/fok3bhB9i2X1qfU1Bu5b9cbCeyKPIB3QlLG/GzT1r3Vg6dmbsOnzVDmTvLj9/kj+WB4CLHuu5n+kL3+YmW5cfEn+t3ThVXAG8t208fnF155dTbT/r2BPvc+BoD1j5WMW36AkHfuoVQu7RURx6JQJn9awqVzRAID/H0yTY3nh49D2R4FZgCs4P0QI1+4nzX/ngkEsiz8G4IrA/Tk/uojaDtyMbO/6s9Yt29tgWvuTqb3tEWmng81IKTJ00x+ZzGNHw9jFTBqWTivB1cG+hFY3UzzIQtyaV08/3nL9qK+7Mgqgr1s63vknrI0GTCHpRtf5PXWOYch6/f8iLVUYeLb01i1YBqr0qsOZNTcibzesxlYf2XWtG0QMp3f/j3A1s/Onag+qBIjp83i1yGtKRUD9QOH8vmqtPDXk1rJx+kyM4ZLCYDJNgDp03U6qz8dQBkgeuNbPBUJXUN/5tN+jQF4sEIy/k99zaHDl+3t6Mr3pz7lgTLAgEew7mjCnLU7OPd6ayrf/C4sHHNlWj9mr91q++HTNZSfPu2HGWhoPcDj07YxdsX/GNu6MhDAkW/acjIhJd9qF4x8nBx7bsAyYqbfX+C+63VlHgsioe/cnXxkP1Y6d2hMSPUujP7ga7r/+8ks1aaNvJrS/7P14Td7H/oGuFOp7XgSribCuV+YtTgSn75zWfFRT8xAzw716XrPU2zg1ofG8xW/kdCZ26DNG/z8zYt4AT071iW22aMc2LQL60PlcAfiDy1m0OOjWUUgoT9/Qb/GXkAH3mgzkskLvuS3KY/RzAzrly8GAunXrdntaK2IFDGFMik0wzByn24/isKPXMAwatmnWtn/35nM2ZGpoI+Z/oOr8McqoGtPHqxkkFZloyc60WLkYvafiuG0KRyoyyNta2Wss1oLHmkB265YiYuLBnxo3KRS+vxa7Z+kBQu4QiqGYWCkAqlgGFbirgFs46knWlI3rS2HDgGwZvNeJrRqk2u/mvYYww89xhB97iiHd+3i102rmLZwFTOHPMolYzNT6h5kA8Cq0bTpsMB2BbY7HNoBcJ5Eq0HL/u/xZcAGvpv2GqHHThO2YxWHIgFaUNwwMIxUUoE69zWktGFgAId2bAVa0Kt9o/T+VWo3gcuXJwDRfJgK1K3NPaXTtl9JPKsAceBir+Nm5LVfwb4dSSXVyNhXtlm2dlepXQOTfZ0GqUALmqXvlyrcVxeO2/dJzvXafvZ5bykD7i1HYnLGqbLyfgEYRmKB++4BwgFYPKQLv4emfVggkUMAe86RkOVYMOxtxN6ftG3vl94HUw1/WtgKEHVoPweAISFB6fPxbEJQC9gQl1Zf7n0i1ch9u9rXmWW+UZzSadMSErgCdH2yHZ5p9Zua8skeexiP34ArsGD0aNvfIT3p28jTXpcnnZ7tz+QNC/ly3VmaPnaWz+YcgK5zeNAz2/4TEYekUCaFlteLt+c9zWgB7Dh2iDijpf0TgZ6MXhWN7aUjmtCQurwV54KLUYoyPoCrG+bML2qG/byDASYDIJHkLEHASP9ZzABws71QGjlmZ2qn7YUv7YxG/ye642U/xWPu3hez2YpbLZ+c/Yr/ndcHvMilhz9k3gtN8axUm5YhtWkZ0oMRzy2myoMvEnbkIlYf2zVAPm360z2oClarre6+j/cFPKjhZrBhWne6vbcBgDYhXWn/wnu0+WkMczcA9vbHAYENq6e3I9l+FgqXrC+k8dHxmEtn7ZuRrfO5BYWC5BfKMhXKFsps7W7frHqmcGGfZ00ra9i2tpH7OtJaWqVuE+5tmvNspWEkFLjvTPZLCEOG9Oa+0mkn8Mz07WsGt7qUynYsZGyq3Lc9RjJx9raltc+MkeWYylxfjlCWvkfyCmX2HyaX9PnWyEPsAAIxsMRe4RAQ4OaSZXlrfDxWcxnKGHANoEVX+njtZ8mqFxn95f2818N2lrDaIz0IYSELv/uJPqZTbADGPNM262NNRByWLvSXQjMMI/d/nv483hr4Zgz/9+HGnPOjD3PirK2OZMN+VmfJCn5Lyihz7pc17ADqV/fGMJUAItkffi6jjrjDhNnPupUs4wkcYsf2U+nzj/78LTuw3ewg82sv6b93pNfoEYwePZrRo0cz4pGKHNy6n2hrLv1xMYjYcIhvJnzCxuis80xpb2OsyXg2aG47q1K5JSNGZNQd4HKWrbtOkWA5x87vNoBPf7ZFRfHV5x/z2uDnaFGjbnrj0l93k5PT11HFvwGwg59+yeh/0u6PqVm3JoMWh2fqW1q7yGVazn83vV8z10vOeTmWz1E2/3WkLZCcqe+5rz/vfVfC0xOAOg/3Z4R9/ujRT2I5uJWD52Jzbpssbcy57TO32bP6PfgAy3/4maT0YzmczTsy1ZdHn0wupXLvU7LtGD1y8GL6tPPHT6av01S5Bi2AJau3Z1ruFK/XrEnNLh8Sba//xfHv8eHns+gCLBz6LD+cspc1BfDciy3gmxd5pteH4NOfzoGe+exjRTURR6IzZVJoeT+Be/D8/JXsqt2ZFVO64b28IyO7PkR1"
04:29:04.695 [Forwarding screenshot on session ed2d6660-f69e-11e6-a414-872b36aae4a5 to remote] DEBUG org.apache.http.wire - http-outgoing-0 << "rxRO7fyJ0KUbbcW6VKKk4UHHgc8xZcdndOg2hs9f7Uapc+sYNWwu0IInHqhHoMsgWkzZyHvdemDMfovWlWNZPG4Qq4HnXu7EQ4+2ouOE1Xz4bFPiXpuKX/IeXp2+FIA4wzYsZTtjYpBqePDkkMFM2TGPdg8OZvZbA6h8dRdTn32dHfjw6aQqOftlDmDQax1Z/fYKutXdSa+Rz9D8Hi+ij+zki1DberoGN8YobeKpLjBqyUAeM53n1d73cW7jAoa9vQLqjuad0sVxcQcObeWHb7fQrjps/89UXv3sEFCXxAQDo5z9zIqRMcRXq/XjdGQhc5/tgdunb9G67CUWjJoA1KXHo/XZvyKtb2khI6O/liI9U5ZWL1hTs58py9nu1LSzQOllU21tyePFPzU1Zx1ZFbzvGgUNovXY1XzY7RGSZk7jiXtg3eyxhK6OpOPUUZTOciwY2dqYy/ozT6sWzJu9fBi05EXaJZ1k8INu/HfU22wEcM+8/XP2adMXU7D+bMKS9pHJ5GTKtOzN6DbFKAGsHjuGjz1GUDVxJxNGzQXAxUjFKN2Ep3v5sGPpizxT1WDYY9XZtXAqC4EuTz2ChxFlO5OXnIBhNGLK16NZ0X06zw57jz++H01loHmPp/D5cAeRQOvBXamls2QifxkKZVJo+b6rLt2Sucd+JWjWv/gkdCmhb69On+XToguDX3iBZzo2wmwYlH5iKqsSTAx+aR7Pdv7MVqhuFz75+D06VDMweIQlGz9hzAvPM31Yd6bbamHwjFlMfqIWBvDZsVW8M+JlQt9+FajL4NGDWTV9HoGNq2MYYCqBbWzKMKjWYTLr/uXKiP8LZVj3FfZWteCtxTN4opo51361HPEZKz3fYeqMUJaGvs3StBl1OzJ18iSea+mJYUDvub9hdR/Nq5+9TlpXfFoPZtaHr1DJgO4vv8WPPV7n7UGdeRvApwujR/di+vSlbNp9lA5tDdutTDMP8ZVuyUcbP8P1heeYPiit/7b2dqgEZzL1zbaEiTIlgBJlMq59ugn57dcyJQA8KWnKfk1SznabTCXsc3KWzW8dpjyGN4GC9x0tmf/rZ7w+4DnmjerDPHuJLqM/4b3n7sUwLmc5FqAEkJQ+PJlj22eZZuaJD7dS3OdFnpseyqgV0LrXc7Re+hkb45Jtw+t59GnHis/YkW1aizIdeOWJVkz8ZCR9nw/l9UG2T/F2ea4XfLaUZPs6u324kgTX/+PV0FGsDs3oz5Te9TASLmVps+dDr/DZ4F94bt50Ji8OYW6fephrPcozLeDtHXV55vGmOhsm8hfiZOgRK4UQFhaGj49PwQUBsBB9/grXUqBk2XJ5f1+kJZ7zl2KhZFkqeeV+89Do8+dJAUpVqpR+9/r4g1/z6vR99HtvMoH2S5Esez6h+qNvMOLL3YxvVSmPdsVz/nQsuJSkXCWvQt9yNT76PLHXUnDJp52W6PNcyrNMPOfPXwVcqFTp5m44G33+NNdwoXylSn/6FrH//e9/ef7557NMu7n9ejcVvO+iz5/nGlCyXCW8iuJ+upaDvP/SdExdJjLikWr2iQcZVbENS3vN4tTM7re+TyzxnL8SCy7lqZRHY23HFJQsW4k8Drs82NvY8V1OLXyuwDbmdlyIyN2hM2VSaKn2ezAVzIRHhQqkfUlOnsuZ3Kjg45ZvGY8KFdIqIa1EasIpVqz+hBXRVj76vw6Ujd3Dv0a8C/hQ29s9n3ZmrC9zfQVx86iAm0f+fTF5VMAnzzJuVKiQfz/z4lHBx7Ydb6K9N+tm23R3FLzvMo65VIqkS6lWwles5n8rTmB9fzQtfVJY+/EUlgKdAxpg+jP7xFTwMZFxTBW2P6dZPmsJW3evZBkw/OngP9dGEbnjFMqk0BzlpGrpgKEsnRhFr4lfMOLpL2wTfR7inQ9n0NUv9+FIyZu2Vx7MDXnvu+kwdDQfvDKAD+yTO4+bz/u9/BxwuyXz+7uzWAbUfTqUoQ9WdMA2ikh+FMqk0BznCd7MgwPfIbLvq1yIvQYuJanoaRvfcZw2/nVom+XN475ezN/ei8uXL5CS4kLJsp6UcSXbJzkdRU3eOLCHESkutseDQ7ZRRPKjUCaF5nAv3ubSVKhQGnDAtv2FaNsVzMPDPoye40MMjsVc2oMKaJ+K/FUplEmh6Yn+70n7VUTEMSiUSaHpxfvvSftVRMQxKJRJoenF++9J+1VExDEolEmh6cX770n7VUTEMei7L0VEREQcgM6USaGtW7fubjdBbgPtVxERx6CvWRIRERFxABq+FBEREXEACmUiIiIiDkChTERERMQBKJSJiIiIOACFMhEREREHoFAmIiIi4gAUykREREQcgEKZiIiIiANQKBMRERFxAAplIiIiIg5AoUxERETEASiUiYiIiDgAhTIRERERB6BQJiIiIuIAFMpEREREHIBCmYiIiIgDUCgTERERcQAKZSIiIiIOQKFMRERExAEolImIiIg4AIUyEREREQegUCYiIiLiABTKRERERByAQpmIiIiIA1AoExEREXEACmUiIiIiDkChTERERMQBKJSJiIiIOACFMhEREREHoFAmIiIi4gAUykREREQcgEKZiIiIiANQKBMRERFxAAplIiIiIg5AoUxERETEASiUiYiIiDgAhTIRERERB6BQJiIiIuIAFMpEREREHIBCmYiIiIgDUCgTERERcQAKZSIiIiIOQKFMRERExAEolImIiIg4AIUyEREREQegUCYiIiLiABTKRERERByAQpmIiIiIA1AoExEREXEACmUiIiIiDkChTERERMQBKJSJiIiIOACFMhEREREHoFAmIiIi4gAUykREREQcgEKZiIiIiANQKBMRERFxAAplIiIiIg5AoUxERETEASiUiYiIiDgAhTIRERERB6BQJiIiIuIAFMpEREREHIBCmYiIiIgDUCgTERERcQAKZSIiIiIOQKFMRERExAEolImIiIg4AIUyEREREQegUCYiIiLiABTKRERERByAQpmIiIiIA1AoExEREXEACmUiIiIiDkChTERERMQBKJSJiIiIOACFMhEREREHoFAmIiIi4gAUykREREQcgEKZiIiIiANQKBMRERFxAAplIiIiIg5AoUxERETEASiUiYiIiDgAhTIRERERB6BQJiIiIuIAFMpEREREHIBCmYiIiIgDUCgTERERcQAKZSIiIiIOQKHsDtu+8Bj9Bh1je1T+5SyHLzC833H2WYp2/Yc3RXE4DiCFJa8cZGGYNd/y+74+Tr9XzhJXhG2I23eW4YMOMnz44fR/r0w4zpIfE4twLX9jcbG8lWP7neTbsD97sBTumLgjLNf4etoRurfdQ0DAHroPOsKSTdcKt+jh8wzqd4ywQhy0cSdjCTubCtyeY93xpLDp6wgGdd9HQMBu2oaE88q0sxwu4ueZ3NbrMMeWXV7PxbfrOMh8rOXu7uybm3m8yO2nUHYnWa7wwZg4Vn0TxwfLY/MtmnAmkaVr4jiTUHSrj9t0nAe6nuF4MkAquz+/xraLRr7LXNwRy5rPk0guumaQfNHCkm+usXTdNbZutf1bOCeW4T0OM2hJfBGu6W8qOYUNK6+xdOlV+/a7ysI5MfRvt5/Q7X/mRa9wx8TtZ2Fa14MMnpbACU8TbdqYOLEygeGdD/LKtwUHs4QzV1m5Jp6LBR20cZfp3Ow4n++xFbwdx7pjsRIaspfOg6NZeQLadChNrZIpLJx2gQcaHS7yN4BZpXLw82vsvuvHll0+z8UX98Sz5vMkivQtYrZjLae7t28K/XiRO0Kh7A46+b8ofrK/Udrw4SVO5lO2tFsxwAlTUTbADOBEKZPtjymR9zKro2u+izwypQmR0bXxLsp2uICzszPLdjYhLMz2L+ZwdUKcYeWMS5wtynX9HZkgDnjhmwb27Xcf58KqEugMi5b/mbe7hTsmbruoeL7aASHv1yLs63q8/349wo7XJMQZPv80quAzGC5OFOqxY7ZtR/dSxYDbdKzfFVamBYQx4cesAf3wkhNM2gaBQ6sSGdaQ96fU5tOvm7BpVmlSoxJ575vbfKbaE8xF+oR26/J7LnYxA77FcAMoqjCU7VjL7q7um8I+XuSOUCi7Y1L47tMEnGuU"
04:29:04.695 [Forwarding screenshot on session ed2d6660-f69e-11e6-a414-872b36aae4a5 to remote] DEBUG org.apache.http.wire - http-outgoing-0 << "ZeVCd1KjEli8KfOTpoUlr4Tj4RGGl9cuuo6PAZxJPnaetl67mRuWkl7y7Orj+HkdYFMcEBfPtH578PAIw8MjjJDhp+1PMFbm9ttDSL9w/LzC8AraT9PHYklNTaVrrXB+jLIyr98BQu1t2PftcQK8wuzr38NbX9vePYZ9dphG3SOIAraHHiBk+EkmdN9lL7ebt77NeLLY93VGHQHdD9K97W4Gzc3njGDmd2benjzzrBO2t6fZ2h4SQRRWvp12ML2fXgEH+HpfxvbLa91xYZG09dtNSMhuPDzC6B56hbjDl3jF/reHRxh+IYdZfdj2DL099AAhg47zSlofAw6wZNMlJrS1r9cvnK/D8t9md4o508PXtUY57vcl/d399tAD+Nn3G0BcWCQBfgfYHgeWk1EMb7srvf/dX4m0B+GMY8K23fYxfPiBTOXOpteX93GXf/1px7iHRxh+bQ+z+mTewzmu5kx/uJfjxdCy9HoobWL+x0N6M8NOE+Bnf6wAWGIZ5LebaZsSCO16ipOpMKfzXvqFXslyrOdXf/6Pg5vr4+2SnJg9T1j5asY1nGu4868p5ckcuxv2qcbYh4tTgevpZfPetrf2OMwuavtZuvulPXZ2MWHJnXzsFPRc7AwRV+jddhcelW2P+SXbC+7/zRxrWRV+31jOXmZCv91ZHncZw5t/h30jCmV3yslo5uyANgO9adXJi4edIXR+VPoT5+oJhxm+0MrQWdVZu8yLC3tt00213bmPVF7/ONpeMoXls2O53KIUjd0tvNX2KNPXFGPWylqs/8qbpKVRNOsXiQWIP3CdbausPD66LC88Xo7pr5cA4NnQSjTyhqi914lKMSAuimcHxlJzdBW2hdXhvV6pzBx8nNVRkBht4fJeWyC0xqewbUkMayp6snJ1VV5okUrowFNst0Dc9ghaDY7FvZc3q9dXpxNJ/PRHKsfPppCXxMRUsKRisaRyNuw88z43oLYLbtnb/lAJ9rx1iP7TrtHn7apsWl+VZ92TGNLmEKvP5r/u5EQrf0SlsmOHmbGjStO2wXUGPnCGz5NK8dX6Oqz/qgK1dyTy9EuRxKX18ZtYdlX0YuXKirRJTGJ45zPsblmBrxZXoMVlK0M+jsl3m90J7sCG5aeZOzeC0NCTDO8ezsyT8GKvcgBY463p+w0gOdFCxGUrMclWQrudZmkJd1Zvq8fqee78tPAiz9ufnNOOCdt2S2bpUpi3sibzxpbgp4UX+HiTFcjvuMu7/n1zjzLy8xTeX1mHbeur0HxvIk+3P0mOTebtRo8W8M3w43j57WP4hJMsWX2Zil1rMWtsRdyBTfkcD5klJyYTcdnK1bQ3AAkp7LqcSkKKC+2HeQAQMrYyLz7hluVYz6/+/B4Hhe7j7RB3jbCweA7vS+QSEHc6nsP74gnbdw1LXCLbI+DeTuWokWNBV8Z+3Yj3+5QtsO/5zSvsc4Dl8FmCHrvAieYerN5Uh/mjSzBn+HFeWV24awb/tAKei8GZ1FSDCw28WL+pOi/UtjLysUP8GJV//2/mWMui0PsmkdGNTvHxmuK8/1UtVi/04sLSKB7oGkEcf5N9IxS/2w34p9j+VTSXcaJHe9sDss+zzmz4PIr/nfWhUxULW7++jvfQakzp4wl48t18C40GXgVK0ustM5+/Hs2mWZVodd72hPLsogqYwy4x8ySEvF2F4PquJFOC8aPjeGp6FD9HeZMMePevyvtjywMQtz0JZ+cUHn/ME28yvTO0P4mcOHaV4xfdePwNP5o9D3W8YQcATulFnZ1Ls3yWLzWAxq8n8PFj8cQkwG8/xODs7c6/Z1WjCnD/187s9TrBiTy2R2pqKv0DdtM/0zRnZxPz/1UVd1KytT2R4V7X8e5flVlDbH15f6UTG2qdZunaWEwnCl73exvq0r+hM1gs1Jlbmf9r6kWrSnD2fCrBHS6yY2dy+lkmZ+fS6XXRN5oNoSX4ZIoPVQC3kVE8tvgqZ5Pd89xmd0IJYMfSOOJ8nUhMNIiKsl2rc/zQVQgoay/llGkJ2+8m7Lv7mJXdB5No37oq2zaVx1SxBJDzjE7or/Xp7ge0cuG76YeJSzGwFOK4y63+i/8xAIMDf1ylUftyTP21JGNM5lyGC0sydtW93P/1OZZ/FcuSOTEsmRMDnGLoQj+mdILloXkfD81qZa4ro99ZfwG/tmVo7ByD7/1eBNRwYVN6+cR86x9I3o8Dkgvbx6IX9Vsk7Xpkugj1ldN8Azg7O7Foc1UuAPfVdMkov+k4fp0zzoLU6FqBnz8tm0/fL1A2n+1SmMchwI6vormMM1PGVKKqWyq1+lei/1fH+Xx2FK939MX99myedPk/FwOk4uxcmu/s/Qj4Typrap3mf7/FYM33uCv8sZZFcmqh9s23L9xgSSq8ub4u/QNcgLJ8h5VGA2P4NcqTNX+DfSMKZXdIIksWJpOaCoMDdjM405xPF1+hU//rrLkMD9XLGK8xZXozFdCtPL6vn2H5zxY8IqK5TAme6ehKwo+2dzmrXjvBqtcyyjs7m2zPB4nwUIuS6dOTrQCppGS/oNPbm9mhcQwbGUvfb2xPBI27ehD6fvb3bangab/WIr0+23OPi9kZLqdkGpF0o6kv7M1nq4yaV5125cGakgpuZhrfXybjQZ+57XFWTgDd25fJWNi9NJ18YfGBZAa6579uZ+fiVKtmPyns6kq55Ks83+wcmUeVnBunXVNh62PG82nWv21ddsKUzzZreAeeuS5gu6ZsSquM4by5/fbz+sgzPP5Y2XyWNDPi8yocGXmW1/qf4jXAuYaZ0E/qUCNbcnB2dqaCR9pfLtzjabsuJuFKfsdd3vX3GVmLt44d57VJ51g46RzOzk70eqsq04d4ZxmysZxN5I8z0Kq7L626+zKLVE7ui2b2q2f4eOBJ2gVUzvd4IEsoyyl991hTbdenpdwAMr1QFni85f04uL+QfbwdvB+pzcmTN3A3pzCh0UHipvkxq72ZOGsx3M3xLAV2Hcx4M1a6Wlnef9+MubQTB7+6wMe/WEjMr+9/JMyuM20AABHrSURBVFE7r3mFeBxmcCY19TqDW+3POtX9Oolwm1/4C3guHlsOSIV7XTKeA8zFqQns+jWBEtzccVfgsQZQ2oX6FLxvrvR1wtnZiTrVMpZ3K2e7Rs0U/+eeIzPczX0joOHLOyJq00WWREGfWdXZtqkO69fXYdu26gxtDDumX2CfdynaeMKugxmnkk0umS4I9fbipQ6w9P0TTP4wmXtHetMQMLnZdt+olf7ExAQQExPAybDqhIZWoF5pW4BwL5ftCQDIfkWnJSqeC6Xc+S46gMNhdVj4Zkn++CaGL34t/FWuKdZUIPNFrFcJjwC3PMo7OxcnMNiT+1t50uoRb1plDmRka7u7C5WBr/+X6ZOZliT2RsBDTVwLse7U9LOBcdtP0m54HDVHViZsn227Le7vxM1+/r0ottmfl/nha6aJvwtwPWP4hIxdbSLtU29WDp6BF//dhJiT9Vi9uAJtEq2MfP5cgUNsaS8Z+R93edd/cN9VfLvVIiamCdvWV+P1XsVY+nokP2db8dHvTtGx42G+TR+KdKZGw/JMGeNu659r/sdDFilG1g1hds65q12yXXxdwPGWn6hC9vH2cMbd3QVci8FlwFQcXF1wd3cG11K0bAERH1/gW/vFf67/3869R0dZHngc/+YlM8lAYCKZCZfh0hFipHaImk0lW05pKLaUQCtyKZV42ZQq8ciiPVhOC1gVuz1RzyLLllCrNFVQCrqlW6S0ohw8pVDdkAIWjBRSCEMGJpcZSEgyiZP9Y3IjNxIEeUl/n38I7/V53ud53/m9V3cC2dkjmD/HxVeSm/pSd3W/w/Yp98OI+roGDMPG2019p6Iild2bXeQtSSDhSm+Sdi55LG6e0BtuPUzWNXAcuD0jrvt+cTl9DXreNvWNkduqvtazyVD1J5F/B33aY2TTKq5h20iEQtlVF+aPGwIYho0H5yeQ7BlEauogkpMT+G5OHOHwBX69He74WhQn1p0kb+c5vEV+ln8/QGvzGExfMJjwX2vYVR7Fd7MilzTsE5zMMmD194+z/VAt/iI/S6b+g8WLy6ho+e1o8wp6fSPhcJiC"
04:29:04.696 [Forwarding screenshot on session ed2d6660-f69e-11e6-a414-872b36aae4a5 to remote] DEBUG org.apache.http.wire - http-outgoing-0 << "XYGLHwI+WUl29kkezT1LaHAc45KajirW1mW0/s43dvrJgLSZCYTD55m96CT7CspZOec4b4W7O7MKE7rkK9jNZR9E5neiKM8/Re72AN7ic+Qt+gfvhOH28bbLWDcMvdHGsASDfVv+Ttb6xnYTd17HtuPrL7nNri47UPj2GbZv9bF1aynrc4uYlhuC0YNIcQJWA8rP8drOKooP+XjkwSCR/lTPy/d5+fq9x9lX1Y9xKQMYCnCjhYE9XXe3/a7r5Xt/fYr7Zn1E3u4LDB07kNGJBmBgbbfNPFMTcBuwIOUQq7ecpaAgwPaNxUybFYTRA0lxdt8f2ho4xEo4HObn/+Wj2FvF+sdPtl4hDUX6V9F7ZzlU3Bw5Gwldor+1TtfR4R7W8eqy8JVnnXxjTL+LhuW8OJLxhFiQVsjyvFJ27wuwe3spy+8tZO7acNPznN3VPeGK7Icp0+MJh2t4YomXIm8dBduLmTTXS867oat8NbEnx+JaIJqwP8CSPD9e7znylpziBAaTx3Vf/973td61zeiJDjIN+MEDR9ldXIe3oJSH7zsPCQMYc4l9wvxtI810+/JqC1by2m9g/MLI1a223DMSycypYt3rFZS9ejPHA0Usm3uU5jtChtGame2ThpDtrCB/vIPpLXcV41izZyS195SQ1XS52XDGkLcrCQ9htnLxG1jOMXGkG0Fys49xPu4mYprGx6aOZMPSarJyS/DklgBw6/whPDYllr/vNcDVfPuu7d/NImW0p47i0OZGvjnPz7SNfm7NjCPdqGJ4ysU/kq2imz7N0bnmsjW7a83NnKg9ylNZx8ht2jZLNyST47EAXa/bGlNF23MP+4Rh/DgzwFOLjrFxUeSW2/z5Vl5//QKHg53V0Wh3OhkZP7CbbfZZsAF7155hb5th6bPiWfEfY3ABruwRzNz8D5bNLWIZ8NX5/Ul4PUSIOJ5808mxWX6meSLn8Ya7P5ueHU4s9S3b3RoTCRNttbZJd/3O0uXypwyOY2HhcZbNjJTJMKJYmDeWKe1/GdzD2PGHMA8/6OOph0paBjvT7WzLHxupXzf9wb+7teyxnmH8PDvIQ6u8pK4CI92G26hpWmAcczOiyF3l42DQwov21rbvrr/t3tr1fjDpcXfP6nhVGUzJHtVxsCuR7R/047knTrFq2WnWNk9tRJP9ExdLcxKxc4l97TL3Q2jtP84Jbt5e8wn3LPaRvt4HgDvTwWvPJF7dzdKjY3EZd94UxnDHcGzFSTzLInVcsSmZaS4uUf+e97Wi59vVtYdt89+7hrNg9mlmpn4YGX9rHJtevYlkIPmy26b1GHnN2kZaRDU2Nprka34CEPTXUkU/XM5Objt2w++tJWSNwuWMufTEXamtx1v+CdY4K0577y6ienef4NENUaz9xajIQ81BP5PHnOT2Tbfw/BUMKrX+OspDkOCKaTlzu5x1R7bzp9xe8Km22Wch0i+suJztyxbG7w0Rsva+r3VcfmfbsevlB/11VLVrw64E/XWRK1JWS6fbt7P+0JnaYB3lVeBy9a69e7r8zsrd0zpeE7X1+OuAEDi7aP/u6n5F9kOT7zvN5YtzxXa4otTttrnMvtZ2vd23Tff77j9F2/RhCmVyRQQLTuC+swwjvT+LJ/Rj1+rzHMTKKwc8kTPMPrpuEYnQfmheapvrh0KZXDHFu0v52YZKTgTCDB0/iPnZI5jg+mzOsq7lukUkQvuhealtrg8KZSIiIiImoJgsIiIiYgIKZSIiIiImoFAmIiIiYgIKZSIiIiImoFAmIiIiYgIKZSIiIiImoFAmIiIiYgIKZSIiIiImoFAmIiIiYgIKZSIiIiImoFAmIiIiYgIKZSIiIiImoFAmIiIiYgIKZSIiIiImoFAmIiIiYgIKZSIiIiImoFAmIiIiYgIKZSIiIiImoFAmIiIiYgIKZSJ9WXU1gUCA0LUuh4iIXFL0tS6AiFwFgSO89uJGDpTXY7FZqK+pZ+Qdd/Fvd6czoMOku3hx4w7K6wHimTj7XmakjYDAIV5+YQMf1wCWkcx+5EHShlpb5ju6/QU2+r/Ek/enAQH+59mf8pfyppEWCxbqcdyexaN3e3pQ4DpWZ37IU3svHjpr6UieX5qIvd20SxwfUvfKLayZFturzXKl7VxeyNy14Q7DDaedA0VjcV2DMonI9UuhTKSvqT7CCz/NZ+DULBZ9Lhp/oIE4ZywfvfEST6+rZeXCDFqjlY9N+Tv4JHU2P7zr85TsfJUNb7zB2JTvUfziBj52TOHxB9M49OrzvLFuG0lP3k08AfZuzmdrQSnxqc2HkP58cUYWSQ0QHRuL788b2XEYUm67scfFPucDY9YQ9vwoHkLgO3iGmQ+VMGqCnRWTYtpMaeH+TaMgxdrlsj4raTlJ7P62gbW6gm9OP8OXn/0cP8qIoSoUrUAmIr2m25cifUzhb39NaOIDTGYPa9b9jiNH9/DSmo0MzXqMVN8Oth2pbp04VIMr5Q5mZ6YRbx2AZ1IqFsoI+D7m/XKYOvtOHNZ4MmZ9C0vNQY4GIPDBb9l6OJab4qGuoXlBVkaM8+DxeBg3Gg4crsE9dSEZ7vbX5bo3epSNZHccyclxTJrj5jEnBKsb8e87QWbmYTKTC3BMPs6OX/l491g1uZn7Wb79QtPcteRO3s/KnbV4951iTnIBgwcX4HAUsnzLucgURT7uTW0anvwhWw5VszpzP4u2VDUto568OYUs2Xqh0/K1Z3fF4fH0J3mcDRcwZEwcbnccnuRYIMzO1UcYPDiyvszlpfgBguXcO/lD7s3cj8NxiLynjzBnURGTHQU4HPtZkneK5ZmReVLnFFMM4K9kyeT9LfVZufVcr7ariFwfFMpE+pQARz6O4c7Jw9j7jo8Zj/+Ae+Yu5InHFpDkGEpa6jDO+ipbJ7e6mXHP3SQNiMy7/ZdvUG8bT1ICgI245ruDluiWy+rxKd8h98mF/OsYGw31HUtQ+MZGSm2pzMsY0evSn/i4in0FAfbtq2Rj7kes8oNzcD+oa2Dv3hrGLR3OKz9OIPh+iJIqCxO+3I91z/sJAhSV8dzBKNJTanl0+hlil46hoiKVPzwbw7ocH17OsehLXg5nDKfo9Bd4aUaInAwft3zNwuvLz0QCU3EZK3Y1MjGtfy9LHo6Uob6xZUjxlqPMW9nAhoLbqCgew41bTvNAXgAI4z1Yh3ecg1deGY4rKsSu10Ms2fMFtq20sX7ZGWofGMOh3cOx76pg8746dq4uJt+WQFFFKnvy+rN66dlIeUWkT9HtS5E+Khro17SHn/eXUBk7gq6fwPLxuxdW8afSYcx7fC4OCoGGzie1Rm4b1nY2OnSEtw/U8Pl5k4nvOJLCt7dx9DzQ0MDItEzS21xJs9oh/FYZ098vJ+xvxOmO4cfrx7B4ggX/7kYMw86K7GHYqePPTfNMykqE50rZExzNgFf98I2hTHHGk/ZBEnsOnGf1yjL+b1cNjI7H6q/lPQx+tmIYzli46xkPaUvBRSUJK0v4oxdu3nwWMhKZ2vbeY8jH29ve4zzRNDTEkpY5jZ5cADx24AJg8O7Lx3mXMMfL4S9bKgneE0cQg9wVo5hih51/PknCA8OZlhxD0GfFMBq5f048LgaQkXAaf0UjQ8bZCK8tY+LkarKzBrPrT4k4L10EEbnOKJSJ9CnxeG6q4/fvljJzkoOXfvoCxSnRHDhQxl2PjaSkoJTE+TdcPEv1EdY9nU+x7fMsXHk/bisQiIxqvT3ZQENXIa2NsgPvU85I5tzm6GRsPdX+s5ytABoauKHdZbZQEJwPj6Loma7jRoe3SF0OVt5xml+uO0X8ujCLtzmg9hxL0o7ym9ExLL7vBqZ+vYbfr+9kYbFQ8bcarKkOlmaU8PL6U9yyoYGFP3O2C6/nqTx9lrPR0NAwmNpLboU2Rtu4418GEKqG21b3ZxY2IPJiQKiTV2JDNEKClaEAhKkDsIJnfjJ7by7n3e2VbMn18twP/Lx5zMMke8dliMj1S6FMpI/xfOvbvPN0Pu9MmceCB6IJVDWQlh7HR5vWUDB0BrlJbS/zlPHac/kU4yZrYSYDK3ycaoAbRrgZb6tnx1t7mXh/OoVv7aQeN8M6Xv66SMnRo+DOxN3p"
04:29:04.696 [Forwarding screenshot on session ed2d6660-f69e-11e6-a414-872b36aae4a5 to remote] DEBUG org.apache.http.wire - http-outgoing-0 << "2AFMvGchE69cVQEL33zMzrK5ZzCcA/lgggX8lbwH5P3vF5jjgq3Ly6A8hM9p5YuE+dVrlUzJuYF9eR8xfUU0H5SNY8Yj8SyZeYaDRn92TYm5eBXWJOY+ktTrkg1xWeDEJ4zMGMYEey2rM//G2htdZE/v1/VM9UB5x8FbvldIDsMp+8VN5GSV4kgrpVLfORHpcxTKRPqaAeN49IcL2Jy/kZd2NmCzQU0NuCfO5okZaRdNGiou5HANQDEbVj3XNNTG7B8+yfQFM/j7mq0sXboVsDFlwTzaPiUWHR0TCRFtNNSDbdDlfabCagdXTDePuSZEtfwZiU2R/7umJDLLCBJ4NDESBp1xZGdE8ZCngIeAW79qBWr5qDie/9zmZOr04wxeBoZhsHJbUmSeSUOYbwT42+JEevIBj44M7ECMpbWMnpyxPLv/CNPcBZEp3HG8mT8U8ANGyxuwFmh5ds9qiYKE1ufSmus549+Hk59xmsFvngYg/eHhZOj+pUifE9XY2Nh46clE5LoUqqa6HgYM6N1bkG0WQKDsAv0d8Vz7D1D0TtBfBwNjsHfIiGH8/noGOmNab1N6zzI5pYTv7kllfvKVLUdtsI7zIQOn0/IplxQpt9Uag123LUX6JIUyEfmnVpD3IXcuq8OYNZRTv3B18zKEiMjVpVAmIv/camsp+GuIsRMGoQtQInItKZSJiIiImIA+HisiIiJiAgplIiIiIiagUCYiIiJiAgplIiIiIiagUCYiIiJiAgplIiIiIiagUCYiIiJiAgplIiIiIiagUCYiIiJiAgplIiIiIiagUCYiIiJiAgplIiIiIiagUCYiIiJiAgplIiIiIiagUCYiIiJiAgplIiIiIiagUCYiIiJiAgplIiIiIiagUCYiIiJiAgplIiIiIiagUCYiIiJiAgplIiIiIiagUCYiIiJiAgplIiIiIiagUCYiIiJiAv8PCtb/XOLUoKgAAAAASUVORK5CYII="}"
04:29:04.696 [Forwarding screenshot on session ed2d6660-f69e-11e6-a414-872b36aae4a5 to remote] DEBUG org.apache.http.impl.conn.PoolingHttpClientConnectionManager - Connection [id: 0][route: {}->http://localhost:27950] can be kept alive indefinitely
04:29:04.696 [Forwarding screenshot on session ed2d6660-f69e-11e6-a414-872b36aae4a5 to remote] DEBUG org.apache.http.impl.conn.PoolingHttpClientConnectionManager - Connection released: [id: 0][route: {}->http://localhost:27950][total kept alive: 1; route allocated: 1 of 2000; total allocated: 1 of 2000]
04:29:04.720 [Forwarding findElements on session ed2d6660-f69e-11e6-a414-872b36aae4a5 to remote] DEBUG org.apache.http.client.protocol.RequestAddCookies - CookieSpec selected: default
04:29:04.720 [Forwarding findElements on session ed2d6660-f69e-11e6-a414-872b36aae4a5 to remote] DEBUG org.apache.http.client.protocol.RequestAuthCache - Auth cache not set in the context
04:29:04.720 [Forwarding findElements on session ed2d6660-f69e-11e6-a414-872b36aae4a5 to remote] DEBUG org.apache.http.impl.conn.PoolingHttpClientConnectionManager - Connection request: [route: {}->http://localhost:27950][total kept alive: 1; route allocated: 1 of 2000; total allocated: 1 of 2000]
04:29:04.721 [Forwarding findElements on session ed2d6660-f69e-11e6-a414-872b36aae4a5 to remote] DEBUG org.apache.http.impl.conn.PoolingHttpClientConnectionManager - Connection leased: [id: 0][route: {}->http://localhost:27950][total kept alive: 0; route allocated: 1 of 2000; total allocated: 1 of 2000]
04:29:04.722 [Forwarding findElements on session ed2d6660-f69e-11e6-a414-872b36aae4a5 to remote] DEBUG org.apache.http.impl.execchain.MainClientExec - Stale connection check
04:29:04.725 [Forwarding findElements on session ed2d6660-f69e-11e6-a414-872b36aae4a5 to remote] DEBUG org.apache.http.wire - http-outgoing-0 << "[read] I/O error: Read timed out"
04:29:04.726 [Forwarding findElements on session ed2d6660-f69e-11e6-a414-872b36aae4a5 to remote] DEBUG org.apache.http.impl.conn.DefaultManagedHttpClientConnection - http-outgoing-0: set socket timeout to 10800000
04:29:04.726 [Forwarding findElements on session ed2d6660-f69e-11e6-a414-872b36aae4a5 to remote] DEBUG org.apache.http.impl.execchain.MainClientExec - Executing request POST /session/ed2d6660-f69e-11e6-a414-872b36aae4a5/elements HTTP/1.1
04:29:04.726 [Forwarding findElements on session ed2d6660-f69e-11e6-a414-872b36aae4a5 to remote] DEBUG org.apache.http.impl.execchain.MainClientExec - Target auth state: UNCHALLENGED
04:29:04.726 [Forwarding findElements on session ed2d6660-f69e-11e6-a414-872b36aae4a5 to remote] DEBUG org.apache.http.impl.execchain.MainClientExec - Proxy auth state: UNCHALLENGED
04:29:04.726 [Forwarding findElements on session ed2d6660-f69e-11e6-a414-872b36aae4a5 to remote] DEBUG org.apache.http.headers - http-outgoing-0 >> POST /session/ed2d6660-f69e-11e6-a414-872b36aae4a5/elements HTTP/1.1
04:29:04.726 [Forwarding findElements on session ed2d6660-f69e-11e6-a414-872b36aae4a5 to remote] DEBUG org.apache.http.headers - http-outgoing-0 >> Content-Type: application/json; charset=utf-8
04:29:04.726 [Forwarding findElements on session ed2d6660-f69e-11e6-a414-872b36aae4a5 to remote] DEBUG org.apache.http.headers - http-outgoing-0 >> Content-Length: 36
04:29:04.726 [Forwarding findElements on session ed2d6660-f69e-11e6-a414-872b36aae4a5 to remote] DEBUG org.apache.http.headers - http-outgoing-0 >> Host: localhost:27950
04:29:04.726 [Forwarding findElements on session ed2d6660-f69e-11e6-a414-872b36aae4a5 to remote] DEBUG org.apache.http.headers - http-outgoing-0 >> Connection: Keep-Alive
04:29:04.726 [Forwarding findElements on session ed2d6660-f69e-11e6-a414-872b36aae4a5 to remote] DEBUG org.apache.http.headers - http-outgoing-0 >> User-Agent: Apache-HttpClient/4.5.2 (Java/1.8.0_121)
04:29:04.726 [Forwarding findElements on session ed2d6660-f69e-11e6-a414-872b36aae4a5 to remote] DEBUG org.apache.http.headers - http-outgoing-0 >> Accept-Encoding: gzip,deflate
04:29:04.727 [Forwarding findElements on session ed2d6660-f69e-11e6-a414-872b36aae4a5 to remote] DEBUG org.apache.http.wire - http-outgoing-0 >> "POST /session/ed2d6660-f69e-11e6-a414-872b36aae4a5/elements HTTP/1.1[\r][\n]"
04:29:04.727 [Forwarding findElements on session ed2d6660-f69e-11e6-a414-872b36aae4a5 to remote] DEBUG org.apache.http.wire - http-outgoing-0 >> "Content-Type: application/json; charset=utf-8[\r][\n]"
04:29:04.727 [Forwarding findElements on session ed2d6660-f69e-11e6-a414-872b36aae4a5 to remote] DEBUG org.apache.http.wire - http-outgoing-0 >> "Content-Length: 36[\r][\n]"
04:29:04.727 [Forwarding findElements on session ed2d6660-f69e-11e6-a414-872b36aae4a5 to remote] DEBUG org.apache.http.wire - http-outgoing-0 >> "Host: localhost:27950[\r][\n]"
04:29:04.727 [Forwarding findElements on session ed2d6660-f69e-11e6-a414-872b36aae4a5 to remote] DEBUG org.apache.http.wire - http-outgoing-0 >> "Connection: Keep-Alive[\r][\n]"
04:29:04.727 [Forwarding findElements on session ed2d6660-f69e-11e6-a414-872b36aae4a5 to remote] DEBUG org.apache.http.wire - http-outgoing-0 >> "User-Agent: Apache-HttpClient/4.5.2 (Java/1.8.0_121)[\r][\n]"
04:29:04.727 [Forwarding findElements on session ed2d6660-f69e-11e6-a414-872b36aae4a5 to remote] DEBUG org.apache.http.wire - http-outgoing-0 >> "Accept-Encoding: gzip,deflate[\r][\n]"
04:29:04.727 [Forwarding findElements on session ed2d6660-f69e-11e6-a414-872b36aae4a5 to remote] DEBUG org.apache.http.wire - http-outgoing-0 >> "[\r][\n]"
04:29:04.727 [Forwarding findElements on session ed2d6660-f69e-11e6-a414-872b36aae4a5 to remote] DEBUG org.apache.http.wire - http-outgoing-0 >> "{"using":"class name","value":"lsb"}"
04:29:04.829 [Forwarding findElements on session ed2d6660-f69e-11e6-a414-872b36aae4a5 to remote] DEBUG org.apache.http.wire - http-outgoing-0 << "HTTP/1.1 200 OK[\r][\n]"
04:29:04.830 [Forwarding findElements on session ed2d6660-f69e-11e6-a414-872b36aae4a5 to remote] DEBUG org.apache.http.wire - http-outgoing-0 << "Cache: no-cache[\r][\n]"
04:29:04.830 [Forwarding findElements on session ed2d6660-f69e-11e6-a414-872b36aae4a5 to remote] DEBUG org.apache.http.wire - http-outgoing-0 << "Content-Length: 139[\r][\n]"
04:29:04.830 [Forwarding findElements on session ed2d6660-f69e-11e6-a414-872b36aae4a5 to remote] DEBUG org.apache.http.wire - http-outgoing-0 << "Content-Type: application/json;charset=UTF-8[\r][\n]"
04:29:04.830 [Forwarding findElements on session ed2d6660-f69e-11e6-a414-872b36aae4a5 to remote] DEBUG org.apache.http.wire - http-outgoing-0 << "[\r][\n]"
04:29:04.830 [Forwarding findElements on session ed2d6660-f69e-11e6-a414-872b36aae4a5 to remote] DEBUG org.apache.http.wire - http-outgoing-0 << "{"sessionId":"ed2d6660-f69e-11e6-a414-872b36aae4a5","status":0,"value":[{"ELEMENT":":wdc:1487507343260"},{"ELEMENT":":wdc:1487507343261"}]}"
04:29:04.830 [Forwarding findElements on session ed2d6660-f69e-11e6-a414-872b36aae4a5 to remote] DEBUG org.apache.http.headers - http-outgoing-0 << HTTP/1.1 200 OK
04:29:04.830 [Forwarding findElements on session ed2d6660-f69e-11e6-a414-872b36aae4a5 to remote] DEBUG org.apache.http.headers - http-outgoing-0 << Cache: no-cache
04:29:04.830 [Forwarding findElements on session ed2d6660-f69e-11e6-a414-872b36aae4a5 to remote] DEBUG org.apache.http.headers - http-outgoing-0 << Content-Length: 139
04:29:04.830 [Forwarding findElements on session ed2d6660-f69e-11e6-a414-872b36aae4a5 to remote] DEBUG org.apache.http.headers - http-outgoing-0 << Content-Type: application/json;charset=UTF-8
04:29:04.831 [Forwarding findElements on session ed2d6660-f69e-11e6-a414-872b36aae4a5 to remote] DEBUG org.apache.http.impl.execchain.MainClientExec - Connection can be kept alive indefinitely
04:29:04.831 [Forwarding findElements on session ed2d6660-f69e-11e6-a414-872b36aae4a5 to remote] DEBUG org.apache.http.impl.conn.PoolingHttpClientConnectionManager - Connection [id: 0][route: {}->http://localhost:27950] can be kept alive indefinitely
04:29:04.831 [Forwarding findElements on session ed2d6660-f69e-11e6-a414-872b36aae4a5 to remote] DEBUG org.apache.http.impl.conn.PoolingHttpClientConnectionManager - Connection released: [id: 0][route: {}->http://localhost:27950][total kept alive: 1; route allocated: 1 of 2000; total allocated: 1 of 2000]
04:29:04.834 [Forwarding clickElement on session ed2d6660-f69e-11e6-a414-872b36aae4a5 to remote] DEBUG org.apache.http.client.protocol.RequestAddCookies - CookieSpec selected: default
04:29:04.834 [Forwarding clickElement on session ed2d6660-f69e-11e6-a414-872b36aae4a5 to remote] DEBUG org.apache.http.client.protocol.RequestAuthCache - Auth cache not set in the context
04:29:04.834 [Forwarding clickElement on session ed2d6660-f69e-11e6-a414-872b36aae4a5 to remote] DEBUG org.apache.http.impl.conn.PoolingHttpClientConnectionManager - Connection request: [route: {}->http://localhost:27950][total kept alive: 1; route allocated: 1 of 2000; total allocated: 1 of 2000]
04:29:04.834 [Forwarding clickElement on session ed2d6660-f69e-11e6-a414-872b36aae4a5 to remote] DEBUG org.apache.http.impl.conn.PoolingHttpClientConnectionManager - Connection leased: [id: 0][route: {}->http://localhost:27950][total kept alive: 0; route allocated: 1 of 2000; total allocated: 1 of 2000]
04:29:04.834 [Forwarding clickElement on session ed2d6660-f69e-11e6-a414-872b36aae4a5 to remote] DEBUG org.apache.http.impl.execchain.MainClientExec - Stale connection check
04:29:04.835 [Forwarding clickElement on session ed2d6660-f69e-11e6-a414-872b36aae4a5 to remote] DEBUG org.apache.http.wire - http-outgoing-0 << "[read] I/O error: Read timed out"
04:29:04.836 [Forwarding clickElement on session ed2d6660-f69e-11e6-a414-872b36aae4a5 to remote] DEBUG org.apache.http.impl.conn.DefaultManagedHttpClientConnection - http-outgoing-0: set socket timeout to 10800000
04:29:04.836 [Forwarding clickElement on session ed2d6660-f69e-11e6-a414-872b36aae4a5 to remote] DEBUG org.apache.http.impl.execchain.MainClientExec - Executing request POST /session/ed2d6660-f69e-11e6-a414-872b36aae4a5/element/%3Awdc%3A1487507343260/click HTTP/1.1
04:29:04.836 [Forwarding clickElement on session ed2d6660-f69e-11e6-a414-872b36aae4a5 to remote] DEBUG org.apache.http.impl.execchain.MainClientExec - Target auth state: UNCHALLENGED
04:29:04.836 [Forwarding clickElement on session ed2d6660-f69e-11e6-a414-872b36aae4a5 to remote] DEBUG org.apache.http.impl.execchain.MainClientExec - Proxy auth state: UNCHALLENGED
04:29:04.836 [Forwarding clickElement on session ed2d6660-f69e-11e6-a414-872b36aae4a5 to remote] DEBUG org.apache.http.headers - http-outgoing-0 >> POST /session/ed2d6660-f69e-11e6-a414-872b36aae4a5/element/%3Awdc%3A1487507343260/click HTTP/1.1
04:29:04.836 [Forwarding clickElement on session ed2d6660-f69e-11e6-a414-872b36aae4a5 to remote] DEBUG org.apache.http.headers - http-outgoing-0 >> Content-Type: application/json; charset=utf-8
04:29:04.836 [Forwarding clickElement on session ed2d6660-f69e-11e6-a414-872b36aae4a5 to remote] DEBUG org.apache.http.headers - http-outgoing-0 >> Content-Length: 27
04:29:04.836 [Forwarding clickElement on session ed2d6660-f69e-11e6-a414-872b36aae4a5 to remote] DEBUG org.apache.http.headers - http-outgoing-0 >> Host: localhost:27950
04:29:04.836 [Forwarding clickElement on session ed2d6660-f69e-11e6-a414-872b36aae4a5 to remote] DEBUG org.apache.http.headers - http-outgoing-0 >> Connection: Keep-Alive
04:29:04.836 [Forwarding clickElement on session ed2d6660-f69e-11e6-a414-872b36aae4a5 to remote] DEBUG org.apache.http.headers - http-outgoing-0 >> User-Agent: Apache-HttpClient/4.5.2 (Java/1.8.0_121)
04:29:04.836 [Forwarding clickElement on session ed2d6660-f69e-11e6-a414-872b36aae4a5 to remote] DEBUG org.apache.http.headers - http-outgoing-0 >> Accept-Encoding: gzip,deflate
04:29:04.837 [Forwarding clickElement on session ed2d6660-f69e-11e6-a414-872b36aae4a5 to remote] DEBUG org.apache.http.wire - http-outgoing-0 >> "POST /session/ed2d6660-f69e-11e6-a414-872b36aae4a5/element/%3Awdc%3A1487507343260/click HTTP/1.1[\r][\n]"
04:29:04.837 [Forwarding clickElement on session ed2d6660-f69e-11e6-a414-872b36aae4a5 to remote] DEBUG org.apache.http.wire - http-outgoing-0 >> "Content-Type: application/json; charset=utf-8[\r][\n]"
04:29:04.837 [Forwarding clickElement on session ed2d6660-f69e-11e6-a414-872b36aae4a5 to remote] DEBUG org.apache.http.wire - http-outgoing-0 >> "Content-Length: 27[\r][\n]"
04:29:04.837 [Forwarding clickElement on session ed2d6660-f69e-11e6-a414-872b36aae4a5 to remote] DEBUG org.apache.http.wire - http-outgoing-0 >> "Host: localhost:27950[\r][\n]"
04:29:04.837 [Forwarding clickElement on session ed2d6660-f69e-11e6-a414-872b36aae4a5 to remote] DEBUG org.apache.http.wire - http-outgoing-0 >> "Connection: Keep-Alive[\r][\n]"
04:29:04.837 [Forwarding clickElement on session ed2d6660-f69e-11e6-a414-872b36aae4a5 to remote] DEBUG org.apache.http.wire - http-outgoing-0 >> "User-Agent: Apache-HttpClient/4.5.2 (Java/1.8.0_121)[\r][\n]"
04:29:04.837 [Forwarding clickElement on session ed2d6660-f69e-11e6-a414-872b36aae4a5 to remote] DEBUG org.apache.http.wire - http-outgoing-0 >> "Accept-Encoding: gzip,deflate[\r][\n]"
04:29:04.837 [Forwarding clickElement on session ed2d6660-f69e-11e6-a414-872b36aae4a5 to remote] DEBUG org.apache.http.wire - http-outgoing-0 >> "[\r][\n]"
04:29:04.837 [Forwarding clickElement on session ed2d6660-f69e-11e6-a414-872b36aae4a5 to remote] DEBUG org.apache.http.wire - http-outgoing-0 >> "{"id":":wdc:1487507343260"}"
04:29:07.087 [Forwarding clickElement on session ed2d6660-f69e-11e6-a414-872b36aae4a5 to remote] DEBUG org.apache.http.wire - http-outgoing-0 << "HTTP/1.1 200 OK[\r][\n]"
04:29:07.088 [Forwarding clickElement on session ed2d6660-f69e-11e6-a414-872b36aae4a5 to remote] DEBUG org.apache.http.wire - http-outgoing-0 << "Cache: no-cache[\r][\n]"
04:29:07.088 [Forwarding clickElement on session ed2d6660-f69e-11e6-a414-872b36aae4a5 to remote] DEBUG org.apache.http.wire - http-outgoing-0 << "Content-Length: 74[\r][\n]"
04:29:07.088 [Forwarding clickElement on session ed2d6660-f69e-11e6-a414-872b36aae4a5 to remote] DEBUG org.apache.http.wire - http-outgoing-0 << "Content-Type: application/json;charset=UTF-8[\r][\n]"
04:29:07.088 [Forwarding clickElement on session ed2d6660-f69e-11e6-a414-872b36aae4a5 to remote] DEBUG org.apache.http.wire - http-outgoing-0 << "[\r][\n]"
04:29:07.088 [Forwarding clickElement on session ed2d6660-f69e-11e6-a414-872b36aae4a5 to remote] DEBUG org.apache.http.wire - http-outgoing-0 << "{"sessionId":"ed2d6660-f69e-11e6-a414-872b36aae4a5","status":0,"value":{}}"
04:29:07.088 [Forwarding clickElement on session ed2d6660-f69e-11e6-a414-872b36aae4a5 to remote] DEBUG org.apache.http.headers - http-outgoing-0 << HTTP/1.1 200 OK
04:29:07.088 [Forwarding clickElement on session ed2d6660-f69e-11e6-a414-872b36aae4a5 to remote] DEBUG org.apache.http.headers - http-outgoing-0 << Cache: no-cache
04:29:07.089 [Forwarding clickElement on session ed2d6660-f69e-11e6-a414-872b36aae4a5 to remote] DEBUG org.apache.http.headers - http-outgoing-0 << Content-Length: 74
04:29:07.089 [Forwarding clickElement on session ed2d6660-f69e-11e6-a414-872b36aae4a5 to remote] DEBUG org.apache.http.headers - http-outgoing-0 << Content-Type: application/json;charset=UTF-8
04:29:07.089 [Forwarding clickElement on session ed2d6660-f69e-11e6-a414-872b36aae4a5 to remote] DEBUG org.apache.http.impl.execchain.MainClientExec - Connection can be kept alive indefinitely
04:29:07.089 [Forwarding clickElement on session ed2d6660-f69e-11e6-a414-872b36aae4a5 to remote] DEBUG org.apache.http.impl.conn.PoolingHttpClientConnectionManager - Connection [id: 0][route: {}->http://localhost:27950] can be kept alive indefinitely
04:29:07.089 [Forwarding clickElement on session ed2d6660-f69e-11e6-a414-872b36aae4a5 to remote] DEBUG org.apache.http.impl.conn.PoolingHttpClientConnectionManager - Connection released: [id: 0][route: {}->http://localhost:27950][total kept alive: 1; route allocated: 1 of 2000; total allocated: 1 of 2000]
04:29:07.091 [Forwarding screenshot on session ed2d6660-f69e-11e6-a414-872b36aae4a5 to remote] DEBUG org.apache.http.client.protocol.RequestAddCookies - CookieSpec selected: default
04:29:07.091 [Forwarding screenshot on session ed2d6660-f69e-11e6-a414-872b36aae4a5 to remote] DEBUG org.apache.http.client.protocol.RequestAuthCache - Auth cache not set in the context
04:29:07.091 [Forwarding screenshot on session ed2d6660-f69e-11e6-a414-872b36aae4a5 to remote] DEBUG org.apache.http.impl.conn.PoolingHttpClientConnectionManager - Connection request: [route: {}->http://localhost:27950][total kept alive: 1; route allocated: 1 of 2000; total allocated: 1 of 2000]
04:29:07.091 [Forwarding screenshot on session ed2d6660-f69e-11e6-a414-872b36aae4a5 to remote] DEBUG org.apache.http.impl.conn.PoolingHttpClientConnectionManager - Connection leased: [id: 0][route: {}->http://localhost:27950][total kept alive: 0; route allocated: 1 of 2000; total allocated: 1 of 2000]
04:29:07.091 [Forwarding screenshot on session ed2d6660-f69e-11e6-a414-872b36aae4a5 to remote] DEBUG org.apache.http.impl.execchain.MainClientExec - Stale connection check
04:29:07.092 [Forwarding screenshot on session ed2d6660-f69e-11e6-a414-872b36aae4a5 to remote] DEBUG org.apache.http.wire - http-outgoing-0 << "[read] I/O error: Read timed out"
04:29:07.093 [Forwarding screenshot on session ed2d6660-f69e-11e6-a414-872b36aae4a5 to remote] DEBUG org.apache.http.impl.conn.DefaultManagedHttpClientConnection - http-outgoing-0: set socket timeout to 10800000
04:29:07.093 [Forwarding screenshot on session ed2d6660-f69e-11e6-a414-872b36aae4a5 to remote] DEBUG org.apache.http.impl.execchain.MainClientExec - Executing request GET /session/ed2d6660-f69e-11e6-a414-872b36aae4a5/screenshot HTTP/1.1
04:29:07.093 [Forwarding screenshot on session ed2d6660-f69e-11e6-a414-872b36aae4a5 to remote] DEBUG org.apache.http.impl.execchain.MainClientExec - Target auth state: UNCHALLENGED
04:29:07.093 [Forwarding screenshot on session ed2d6660-f69e-11e6-a414-872b36aae4a5 to remote] DEBUG org.apache.http.impl.execchain.MainClientExec - Proxy auth state: UNCHALLENGED
04:29:07.093 [Forwarding screenshot on session ed2d6660-f69e-11e6-a414-872b36aae4a5 to remote] DEBUG org.apache.http.headers - http-outgoing-0 >> GET /session/ed2d6660-f69e-11e6-a414-872b36aae4a5/screenshot HTTP/1.1
04:29:07.093 [Forwarding screenshot on session ed2d6660-f69e-11e6-a414-872b36aae4a5 to remote] DEBUG org.apache.http.headers - http-outgoing-0 >> Cache-Control: no-cache
04:29:07.093 [Forwarding screenshot on session ed2d6660-f69e-11e6-a414-872b36aae4a5 to remote] DEBUG org.apache.http.headers - http-outgoing-0 >> Host: localhost:27950
04:29:07.093 [Forwarding screenshot on session ed2d6660-f69e-11e6-a414-872b36aae4a5 to remote] DEBUG org.apache.http.headers - http-outgoing-0 >> Connection: Keep-Alive
04:29:07.093 [Forwarding screenshot on session ed2d6660-f69e-11e6-a414-872b36aae4a5 to remote] DEBUG org.apache.http.headers - http-outgoing-0 >> User-Agent: Apache-HttpClient/4.5.2 (Java/1.8.0_121)
04:29:07.093 [Forwarding screenshot on session ed2d6660-f69e-11e6-a414-872b36aae4a5 to remote] DEBUG org.apache.http.headers - http-outgoing-0 >> Accept-Encoding: gzip,deflate
04:29:07.093 [Forwarding screenshot on session ed2d6660-f69e-11e6-a414-872b36aae4a5 to remote] DEBUG org.apache.http.wire - http-outgoing-0 >> "GET /session/ed2d6660-f69e-11e6-a414-872b36aae4a5/screenshot HTTP/1.1[\r][\n]"
04:29:07.093 [Forwarding screenshot on session ed2d6660-f69e-11e6-a414-872b36aae4a5 to remote] DEBUG org.apache.http.wire - http-outgoing-0 >> "Cache-Control: no-cache[\r][\n]"
04:29:07.093 [Forwarding screenshot on session ed2d6660-f69e-11e6-a414-872b36aae4a5 to remote] DEBUG org.apache.http.wire - http-outgoing-0 >> "Host: localhost:27950[\r][\n]"
04:29:07.093 [Forwarding screenshot on session ed2d6660-f69e-11e6-a414-872b36aae4a5 to remote] DEBUG org.apache.http.wire - http-outgoing-0 >> "Connection: Keep-Alive[\r][\n]"
04:29:07.093 [Forwarding screenshot on session ed2d6660-f69e-11e6-a414-872b36aae4a5 to remote] DEBUG org.apache.http.wire - http-outgoing-0 >> "User-Agent: Apache-HttpClient/4.5.2 (Java/1.8.0_121)[\r][\n]"
04:29:07.093 [Forwarding screenshot on session ed2d6660-f69e-11e6-a414-872b36aae4a5 to remote] DEBUG org.apache.http.wire - http-outgoing-0 >> "Accept-Encoding: gzip,deflate[\r][\n]"
04:29:07.093 [Forwarding screenshot on session ed2d6660-f69e-11e6-a414-872b36aae4a5 to remote] DEBUG org.apache.http.wire - http-outgoing-0 >> "[\r][\n]"
04:29:08.887 [Forwarding screenshot on session ed2d6660-f69e-11e6-a414-872b36aae4a5 to remote] DEBUG org.apache.http.wire - http-outgoing-0 << "HTTP/1.1 200 OK[\r][\n]"
04:29:08.888 [Forwarding screenshot on session ed2d6660-f69e-11e6-a414-872b36aae4a5 to remote] DEBUG org.apache.http.wire - http-outgoing-0 << "Cache: no-cache[\r][\n]"
04:29:08.888 [Forwarding screenshot on session ed2d6660-f69e-11e6-a414-872b36aae4a5 to remote] DEBUG org.apache.http.wire - http-outgoing-0 << "Content-Length: 403846[\r][\n]"
04:29:08.888 [Forwarding screenshot on session ed2d6660-f69e-11e6-a414-872b36aae4a5 to remote] DEBUG org.apache.http.wire - http-outgoing-0 << "Content-Type: application/json;charset=UTF-8[\r][\n]"
04:29:08.889 [Forwarding screenshot on session ed2d6660-f69e-11e6-a414-872b36aae4a5 to remote] DEBUG org.apache.http.wire - http-outgoing-0 << "[\r][\n]"
04:29:08.889 [Forwarding screenshot on session ed2d6660-f69e-11e6-a414-872b36aae4a5 to remote] DEBUG org.apache.http.headers - http-outgoing-0 << HTTP/1.1 200 OK
04:29:08.889 [Forwarding screenshot on session ed2d6660-f69e-11e6-a414-872b36aae4a5 to remote] DEBUG org.apache.http.headers - http-outgoing-0 << Cache: no-cache
04:29:08.889 [Forwarding screenshot on session ed2d6660-f69e-11e6-a414-872b36aae4a5 to remote] DEBUG org.apache.http.headers - http-outgoing-0 << Content-Length: 403846
04:29:08.889 [Forwarding screenshot on session ed2d6660-f69e-11e6-a414-872b36aae4a5 to remote] DEBUG org.apache.http.headers - http-outgoing-0 << Content-Type: application/json;charset=UTF-8
04:29:08.889 [Forwarding screenshot on session ed2d6660-f69e-11e6-a414-872b36aae4a5 to remote] DEBUG org.apache.http.impl.execchain.MainClientExec - Connection can be kept alive indefinitely
04:29:08.890 [Forwarding screenshot on session ed2d6660-f69e-11e6-a414-872b36aae4a5 to remote] DEBUG org.apache.http.wire - http-outgoing-0 << "{"sessionId":"ed2d6660-f69e-11e6-a414-872b36aae4a5","status":0,"value":"iVBORw0KGgoAAAANSUhEUgAABFgAAAV5CAYAAABfhLqCAAAACXBIWXMAAAsTAAALEwEAmpwYAAAgAElEQVR4nOzdeVxUdd//8ddhYEAQAQXRUTQwlEslsbTFEM0FUyvNzFKrX1pXdmm3qWVp3u63aV25tMh1tShdmdp2uWRmuZVKZlqpqbiQoqm4UYAgwsBwfn8Mq4KC4Fbv5+Phw5mzfM/nnDnnMOcz38UIDw83+Ytb0qD61Q7hsur5W8bVDkFERERERETksnBxcSEvL+9qh4HL1Q5ARERERERERORSWSyWqx0CAK5XO4BrgWp4iIiIiIiIiFyfLBYLOTk5VzsM1WARERERERERkeuXq+u1UXdECRYRERERERERuW5dK02ElGARERERERERkeuWEiwiIiIiIiIiIpWkBIuIiIiIiIiISCW5ublVeJ3OnTuzZs0a1qxZQ9euXaskDiVYREREREREROS65eJy8dRGtWrV6NixY+F7Hx+fwteBgYGFrzt27Ii7u/slxXFtdLUrIiIiIiIiInIJLjaKULVq1Zg2bRrNmzenRYsWzJgxg5o1axbOL0i2PPvss9x3333s3LmTF154gezs7ArFYYSHh5sVWcEMieKpBzvxt3q18HJ3JftMMgd3xDFn7pekGUaFNl4RUX8fx71Bx5g59h2SLuN2zmWGPsjMcY/QoqE/HhZwZCXz4/L3GDFj2RWLAcA0Q5n84WvcVvM0Hw57hHkJlT8Gpmlj4PihBB3+kkmx66sgymuDaevEmKGdqOFI4ctXp7E+rehYmT5RjHqhG36cZMmr09mUduXOpbIUxOvlcBROcziyST2ewFezFxBvGFf0/Dd9ohg1+l78TsfzxpS5JbZnhvRg/D/aQeKXTIpZXfGyTRsDxwyhiRc4zptrgTN7mX3ONovzuf1RRj8QzOqZE1mddJmPg60TY4Z3gfhlvFzs+jB9bmfU6J6kr36HmNUHLmsMl+pK3aeLfx5bGgxk9ANBFf5srrfrVUREROTPyLRFMeTxLtxYxxd3CziyU9mzcRkxn20CoGXfETx0c11O7/ual9+t+HPAhVRF2Y0aNWL//v1lzo+KimL8+PGF79PS0krUYClt2oQJE9iwYUOF4qhQEyGz5aPEjB1Am7AgvHJTOXo0GWrYCI/qw8vj+1VowxVVu249/IPq4ntZt1KSaT7I5/8dS6cWwQT4euPt7Y1vQDCdHp/C0kn3XsFIALwIDgumblAYNq+qKtODug0CaRBcu6oKvDZ4+FIvMJBAWxjtOzcqMatR+0jCbIEE2poQXOsqxXeu/Hhtgf74+zv/2YKCCW8dzcg3nyPENK/o+W+krWf/aXcCQ6N4sl+zEvMGPnUvwf41OPbzlkss3YMafgX7GYjNZsNmsxHoXzDND48LrF2rfjCB/g0IuNBCVcXDl3r+/oRG9WdAy2J56Fr1CQ0MpI7vlQii4q7kfbpWYDCB/sEEeECt+kGX9tlcb9eriIiIyJ+MaUbx8pQBtA614eftiaenJ95+Nlp3H8SUAbcD0OhvTQn09yckKKDKt18VZV+sBsuaNWtYunRp4ftzkyvnTlu6dClr166teBzlXdA0Q3huQAc8cbBjyQxmLI0vnD7stZeICG5P35AFLDxweX5hzMkFHLlklTdeW29iptzFN5MH89klxtT4yY4EA3CKL1+fxReHajNo3LO08IXge/oROfZz4q5gbZocO+BuJyPJ+b62aXKystt3gCO30qFdcwpqR9S76U74rKiWwZ23Nsx/lUvOFY+qDFnOCzFx2StMWuqM1TRtDJw8hqigJtzWCDIreP5X1qdTYrlpzlCCox8jasGLrDcMbF1HEBVoIXnLfN7dlHZJ5RrGAV4fOQhw7uOomCmEuSYw7qkpRbVWLnRO5+QC2WT+Dqbpg2FcWhzlklVwHlmJenIU6wZP44BhFE6/Fi+bK32fPrB0EsO2+JCWZBASngs4Lum6uq6uVxEREZE/mXrdWmEDIIWNn3zCd8f96DmgD6HeYLszmqZzvyf++zXUPl6doz+vq/LtV0XZFxtFyM3NjWnTptG+ffvCREpycjJfffUVAHfffTf+/v6AsybLtGnT8PT0rHAc5e+D5eZ2NPWGzIRlhV/awfnANGvBd7z5dDge9evBgSRu7/0s/e6OwNsCYCdx4xImvbsCAJ+mPXh2QDeC/a0ApCdtY8Grs9iUZuDTsjcvPHk3Nk8LODJJyXbHKzOeV56fXiIU0xbFqOEPEebvWVhG7Euz2HrOg5krrlTmidSrIIOVm0umPYW41cvYgD///Z828PtuTuBsujM+dhY9WwXhCuSmJ/LxtOd5ZVkCZuiDxM76H1oF5dc7yE1n17dz6TtiDqGPzuD94W1xnEoip2YwAe65bHx9INNP92LWsHsI8nZ+NKmHN/LPAYP4/ERBVFbumv5fHm/RGHcgNXE1Q+8bzrZKJlpMM4TnXnuOumd/xz0oCG8g88QOvtkOnaPDsQL25D3E/t80NqUZ2G7vy9P92hPk7fwcHelJrFnwKgs3pWGaTXlq8pO0CfIDIPlwEp6BVlZOfJ4lR315cNgLdI9wXsLYT7A29g3mbUrCNEN4avIzhes5MpNY896rLNxawYfoLLAADrsDa9BNdPIxWZ1mYPp0oqXNSkpSCn429/z9bslT4/vRJth5MeHIJOG7xbwcuxpbp8GMebgZmSkO/P29ATixYzlTp39KKo2qJtbi3Ip++jeMJBat/42o/mHUDalH8cpuZR37Bae7MXNkR5KXz+Dlz5zXaEiPF3mpZyDLJg9naQUeqg1jK9M/2sas/hH0HtWNddMO8fQD4ZC5h3/NXgWGgWmG8Niop+gQlt8hlD2Z9fP/Rez6A3Qd8U8eqH+Ml4dP54BhYOs0mPEPB7Nk3POsKGw+4kHBbdAXSCrYv07PMv7h+nw57nmWJjk/t1emP0jKslf4FABP2v3vm/T09wYcJO34ilenf0qaYZT73lBehbdpzzD+MawzI19fzblVbMraZtj4N2nvvYeJz8/mKPUY8soYbrbu5+Xh09mPLwMnv0zL3DjGLsspuu8BKYe38N7Y2cRfSszlvE/bQnoy5uFmpJ/IJtDmBzg4vGUNCd6t6RDmfJ+0bRljXl96kWsk/7N6+Xl2VDxapwpdr2Wfc87rtQWOTPD2tpKy4xOGf3SmSs8HERERkT8jD6/qzhcOB1k5p4nfuold+DK5d3M4nUgq0KBOKGHNAmngcYSlm5Jo2XsET94djqcF7MmJHDjrTajNkx0fTWFWfGteGX8vlqM7OObemHCbJ868wKdMKqUJUI1iZS/53oNhrz1HU89MDv1mJyTMhgXn97h/vzSrzO/IF+qUNjIyEl9fX2rXrl2YXElNTaVPnz6kp6cDMHfuXBYtWoSvry8+Pj4888wznDx5ktTUVOLi4sp9LMvdRKhRoyAsOPhxxZLz5hlbYxk6aASx65PwiXqWQd0j8EzZw5LY+WxMOE1wmz5M+3sUpnk7L4zsSbB/NluWz+eTtTtwt0UwaPJz2MzbeWFod2yuyaz9ZD4r49Px87RgreFxzvNMM8aMH0CYfzYbl8xn/vJtWGwRDH1tCD6mia3l7XTqFEW71rWxYKFe63ZEdepEVEtbuQ9Kga3LVnMMwLUuvUfG8MsvP7NheATxK9+j98BJJBgGz3w4h96tgnDNTefwsVRcvYPpP+XfDAk1mfzWWGdyJf0Y+xKPkevqTbNOT/NihIlXjQC8Xd3xrRtMgDtABvsyurBgbE+CvF3JTj1Gai74BrVhysKZFPVp7E7jFo05fewUuYBvcCcmTr6vwvtWGjdPT/yDgji+fjkrtyThGRhO9+imHFq/nLU7krD6h9GtczNMsxPPD4omyHKC5fNjmb98C5neNqL7PY7NNHlw/BDaBPmRuHE585dvwTPIhqfVEzcP6DxsPN0jbCRtW0ls7BISswPpMGgUPUJM2g17hjZBXmxZEsvb89eS4mkjesgQQswKdRNU6Lft8djx59b2zmYHjTq3wY9ktu48QUFu8bGX"
04:29:08.890 [Forwarding screenshot on session ed2d6660-f69e-11e6-a414-872b36aae4a5 to remote] DEBUG org.apache.http.wire - http-outgoing-0 << "h9Im2I8daz8hNnYJe5JdCY26n942Ew8vXzwtnvj7ZbJyfizLtyURGN6dFwbeXOWx5gKubu6Ypg8+Pj7YQqJ4olMokMn++KPFluxc5rGvt2sPqQ4LoW3a42OamKYPHSPDsGSeYEfZzRHLlLb6dZYnZOId9gCvvTaEIIudtbPza3EAPcc8R4ewQOdnOX8lh3P9iRrwHH2bmlg9amCpUb2wLA8vf6yWGpzbqqag5kLxPKiHlw9WSw08C5at5YufxYp7sQSUn182az+Zz9o9ydjyPxPTbHrBe8OlcAX2LJnPjnTwj3jQ2VSoWLAX2uaxY5lY/ZvRuh5QrzVhgZ5Y/BpxWyPAtw0tgzzJPpbG0093x+Y4wCdvv8En6xPxC2rN08M6X1K85b1PF5zbgTY7a5csYVtSNkGto+nQ4CxrlyxnT7IDW0RHetjMi1wj+Z/VJUVbUnmu1wudc859suLtfZo9CYc59FtOlZ8PIiIiIn9G+zduIRnA4k+H/iOJjX2PNx8KJXHzMsa9Mo8kw6B+3UC8PT3xru6FefvfGdI9P7mScoJsv2DCgvyxWDzx8fUF3PC2WvAPjiA80EFKugOwEtzG+R3yXMXLBvDy9MTq6U9omI3Tyek4AG9bBI89dUeZ++BwnN/DY4GJEycyfPhw+vfvXzjt448/xjRNatSoQY0aNTBNk48//rhwfv/+/Rk+fDgTJ06s0LEsfw2W/Kr56fk1KUwzhDExYwkt/GbtYM+Sl9nTrDGQxHvPT2OTYWCu24LnzFlE3BZJ68QsbMCO+dOIWZ0ErOYQkxjZoQldHvHABmyb/yLz1huwYjWuU96jg3/Jhy/Pzp0JtULytlWs2ZGEBwf4plEjuoe1oFujRgQPGURosdpBET0HEAGQtJL1WxdW6OAYCXOIfsxO7JS/ExHkiyuu+AY1o+egKdzT7U4e6vYT3Vo4a6f8+OF4BkzP4q21b9AuIIDIe1sy+63JnGn9N5K3rOVkg3sY9kRdAlzt51R1P8X7j3Vg+pnGPDl6Du5AduISWvcYhxk5gv+Obsfpc56O9302gt6TVjNi4Xc83swbW2hohfarLBZXcBxeycuxn2GaR2j+/iD8E7/Kf7+fsPeHOhf0TWLj+vXkbPuaJQegWYiVg8mtCffzwZc7aBnsiT1xOZPe/QyAA4xjbPd6QCNubeoH6XtYtuwHsn1g2YobGNonghY3N2KLxRWwUKdRI6pv/IHYtw/hn32k8IG+IlyB7KM/srdZOOG33glLD9CuVTAkreS7Uw3o4NwRDm1dy9rNCXywZDeNmoWw/1gKYYHexSuTsOW9F1m4ycBctZ16b84iouVd1D5YdbGCM9EQFD2U96NLTk/aspilSQY9CiZc8Nj/zMofkhnUpgXdGsECOtPKH5LWr7zkuD6d8jEt5wzA5u/JiY2xzIt3lmOat3NrqCeOwysZ87rzuloXn8M7U7pzc/vOOHO8xRvROF+Xr5nHOcuWUgtty3vPM2+TgfnlFgLenEV4q2jCD2dd4N4ACy+xP1p34pn27/W8MzKKqAHP8fXY3YV75nuB+1HdRd9ibxNNi9b1+NYehrMOlCehNzfC90xLvLHz/Zo9BLcCPP1oHNqA9es+5O399ck+8uulBVvO+/Sn+e+2vP0i8zYZ+NjDmNUnjG0fv8q89Wn42Bszq09DPD0udo1U5HMtW/mu1zsueM79kJ+H3BL7f8SsT8On07PMqsD50LVrV7p161Zi2pdffsmKFSsquXciIiIi1zYjaQXPT85h1FP3ERrojQUL3oHBRPUcxJ13hDPuxXfIKTZERc8O4VgAe9J6Bo2JxTQ78cqc/gQWew53Lp3MJ889z5epNzP5naEEWUtU2i+Uc87wFwXvDq/8J+MWxtN73Gy6B3viV7d+mftwoQRLaTw9PUsM7ezi4nJJTYLOVcFhmj1p0LQeJCUBv7M5biOp1SHHM4g2EUElfmEuGMzIMNLYdyKTiBrg5uUBODh24CjgfFBLPe18enLmsRycPFK0tdNnsilWdQMAb19nVss/og9jI4rPSSeH/cweNwYvznAm8D5eHRpJ3BsT+fwEeJ0p2mZ5Rdz7KF2a2vhuZm8GrPKhc59ouvW6j07N6uIa1JFePVMKOx1t9fgMdjxetG695rfgQWu6d22Db8/eZW8k/RBrt4JhJODh5pxkP+18OjLiZtC7+4z841Ows+ls+XwVYJCd6zyJ7BXaqwuwQMrxgtoSJznjABILkjtpnHE4W0cYafGkuvbmwaFT6Fl8/cxcshoF4w8cjS9qnrA//jCO7vVwq9kEPytgDWPQ2LElNu3bKJwvp8XS+OUBRIRH0T88Cmczha/Y/vP+Sxr5xGL/lZXbkglv04zbbZ0ID4SET77kd7ch+Uuk8utJ6PbQIN4vuSMlHhjTTzv/N4w09h3NJCK0OvHTY6lXlbECyTvWsnb3aaxWN9w4w/4dG9l64JwmR6m7yj72wK7lcTzapic3d7yDxNzbsJJO3KKfqei5X8Aw1hOX0Js+YRZ+XL6uqJx6gXgDv/2yvWjho/EcsncnpE5ApZrmlebc/k6Kfya7j2YSHupOLV/nHb30e0MluPlixMcyf0sTBrQOZ+jTboU3/VoXuh+d+IEDmdGEtGhHt9wGcGIHOyzhNGl6J91yG0LmXtbt38+6+WsZ/lAHIjr0JKJDT7CnsPHTt9h6yQMUleM+nQNg5+TJ/P2wWoBMjv6aChjUcrY+I6ec10hVuOj1WvMi59xRZ1wnC/bhgn8rzleQSClIsii5IiIiIn8VIbd34rbgAH75eCzTfvbi5natuaN9JK2D/bEEtqJdo3fILLa8W35Dequl4Ft6PCczIdD7nIIzU9ibCpDGmVzAWpEf5jL55YddgEFO/nPvhfpAzM0te+6UKVNo3LgxPj4+REc7f9Hu1q0bn3/+OX/88QcANWvWLPFj21dffUV6ejr79u0rd8RQgQTL/h37yOwZSni3hwlZNZ0DRhqrF77LasD06UGrWUEAuJXSe28dP0/AFasbgAW/+r6Q/+Dokd8OwML582p4uZ83lmvOGeeEhCWTeTm/Q1Bbyx50b+VJ/O+QlpZEGmCSixUruWlHSUsySLuEB8w7+zxN/xbecF9z9q56hNWfJrAqoRY/ftAbd+xwKJ7kXPB2hR/fH8PUtSlE93qIcL8Uvvs4h+ExbfAllx/nj2fAtBQ++jGGZuc2DbO6nbddaw3ncBlm6AhWLngAkvby3t/fKDoGFd6T8nEFzhbLcLkCjrPZJd4D2Lq+SP82waQkrOffS9axNf4AfSe9R3QgsP8op4HARqGAM8nSqGkQFiDnj0OkO8D/xFoGjJnn3EefljzWJ4LkH7fQqF0bTm6O5fElB7ijc2fa3HUX4RGd6dbo00uqfeDqBT+v+Rl7m2geGNINP5JZ8mUqXoUPijfz9IAOBGYeZsnbH7Hl+13QcwxTejYsVkrJE7C+vydkZ+DZrlHVxgqk7/+OFSsuvHLNbqPKPvaAkbSUH5PuJarVAzyAP47Da1lRyaFtrQUdRhXPNh9NIRNocFMLyO/vBd+G+Fsh+fBRyO8AvCDPklWRXK6ba8mVz+Scs7ads/nzTNOHxvU8ITubM2ec08q6N1TWutlv0GrmJMLDwgA4ThZZF7wf7efkrmTCWnekIxaS1n7DN661CY/qQDRwYuOPHKUR3erB17OHsSo1hG7t7qBzx9a0efBB1qyaVuGaR+W9T5fO9bz+Zcp3jVSNi16vf1zknCO4xD5c+LMpPYbiCRUlV0REROSvIrzD/USHekJkMIcGT2Hr+iR+PlKDd8Z2wFpKWuNkaibgiQNvfEyT1EatqX9ucuUKu1CC5YsvviA3NxfDMLjtttvw8fGhVq1avP3223z99dcAdO7cmVq1nM/haWlpjBs3DtM0cXV1rVDNlnI/9RgHPuPjjS0Z0CacsTGvsGXTj+w7doa6wTfR8rYwrEBuThY/bz9E9+BQBowfCB+uo07Hx4kKhPQdW/h2VQ73dA+mdf8X6JE+h4Ra7XgyOggch9n14VpCOoXS+rH/ZYDX12T9rRMdbBZKpMpwJfPLtZzoE0Zot6fom/IBP9ib8tST3Qm0JLP3nQVFP9Sf"
04:29:08.891 [Forwarding screenshot on session ed2d6660-f69e-11e6-a414-872b36aae4a5 to remote] DEBUG org.apache.http.wire - http-outgoing-0 << "SWTLji0kVuLB6q1PNjCoRTfwbkHM1o0cO5VFQN0A50HLPUb81s/hwDiCG7vT6oGnea7xWW5t09g5f/Nr+aeiK4FN7uKt/7bIT65Uo35QyWo51Qu3t5EnWnTDPbg33319G1nV6xLg7gp+dradgK6XvisVUP4xVs+eOsyBo1l0HTCO6KCCz2odPyQ8RPewnoz7uxsbU2pzf/dgnDN3kfCbneDgdrz06DE++u53Oj7yJG2CPdmT+DXWNp2JDr6b2rzHp1viCb01CoCcS64N4QH717E3PZpwmx/2xJWsNwxC8ue64Y0VIPN3EnYfxbfdYwzo6ez3pCjtZaHdgFEci12G250P08YfTmzcSL32A6o4VkqvL1eCKwV1J0o/9k5ffxNPVP9w/IFtqz+vREDnhFfstWGsZ1fSY3QI6siLfU+xbI+dzg/1xA/YtvdXqJkLloY8+OAdrD8ZSr97C86BkgpqERbf899PpgHBtHn8MfYvSeCO/t2wlljLSvdhozj572V43dmbCG84sXEdW76kfPeGS2QYSUx/aw0xY6Nxpow9OPrlugtuc923v/BY6w5YcPDrTz/zs3srHFGBWLCz67t1wB20i+5AYGQwbrM/ZPv2RCI7tsbvTDqXcusq7326/MpzjVSVi12v6y58zvlFlijtYp9NWeeDEisiIiLyV7Nk7TZ6hrYBz1BGzokhOSUbP38/53d1x+8k7i/ZsGT7zkRo7Y8lsDXTY97E4el9zvf1fBVsL1MZF2oiVJAgeeGFF0oMxVyzZk369u173vI+Pj5MnjyZV199tcJxVGiX1787BnvGs/RpH0HrDt1pnT/dkXmCLSuXELP0APAyn9SbRJ/WUQwd63zoTD+8kVnTv8QwDGbGBvH8Y1H0HJrfRCQzieWzx7LJMPh+jB+TRz1AVJ/+YE8hxQ5+rq75D1+5kJ1BKt8z9e1g/ndANNEDRhIN4EhhfexM1hf7tddI20TMjE1U5qnKWDaKMaFeDHukHQGu3tSt60zL5aYm8uFLD7DMMPj8gdEEfzmRNkFBtGnjjDNx9WyenvcBj7Z8gJGdgglq1Ykg0jmVmk2Arzstut/LmS359VDO5pBRbHvjm9ZmXP9WeNd1juSTm5rInJcGsY+W+ZUpik6c02fOAr5kna3kULW5Rf+5njO5tPdHv1zGjg4hhLfpz6w2AOkkJaVjs9UhvB58OuUlqo0ZT4c23QnGQbozwQnAgomvU/vlIUR06M9YZ8cKJG1ZwiurkzDjP6XFqIeJ6DmIiJ7OfU1c/wGfJVX8M8wFcnOcD8UbtyYRHmUjfmPxYb+yycxax7otXejTOoKRs2YBzhGPHEE2Qm9uxg8FVYVqhNF/pLPWQkriet5453uO1qteZbEWxHvRJbIzOPTlVxc89geS4Oiqb0jqH47NnsCqdakXHva4HOz5N6vMc57LP3hpNgGvPEl4dH/CogHs7Fn5Nq+vT8I8spI7XuxJRPdBRAApSSdw2LzPeyjPyj+nixeduu5T1ndqRFRoB4aO7ADpydhxjmCTZc8//z3DGFDwmSSsZeo732MYRrnuDRXhPI+KojMOLOS9taEM7eAcwN0wNl14m7u+IyGzA2Guv7FtF8AOkhxtCMrcy5pdzvU/WHIbQ3pG0GfkWPoA2E+wfN78S2pqBuW7T9u6lhxo2nlcS3t/4Wtk3Zni61364NXlu15hyQXOuXP36aKfjYiIiIgAYGx6l7fre9Ln7gj8LJ7454/A6EhP4qt/O5/VC/qEzM44Q9r6GCZ7DeaZe1rg5+lNZtJhzgQG4WeBjNTUooJziyU9znmWLU12xpli74qWPZOVDXjjyC27LcfF+mBp164dXbp0KXyfkZFB9erVSyxTfFqXLl344YcfWLeuYkNHG+Hh4Zc0nIItJMSZ+Mj6nQNJ5z/gmz42mtXzJSt1FwfOeeg0TR8aNauHR1Yq8Qecg7Oatk5MHtWFxAX/R+ymNEzTh2EzZxHBFoYNn13qw0ZI06Z4ZGURf+CSOysot4jISKoDGSf2sS3h5HnzQyMiCawOJ/ZtIOFkUaxmaARtA2Hfhq2cLOeXetMMpW3bQMg4Qdy2hKrahSpnC2mKLyWPv2naeOrl5wk6uIRx764HoOWAKQyN8mfl5KdYmD9UsE9ICPU8PEg9uoukc5qw2EJC8PWAo7surT+TijJtITTzPT+WkB4vMbZnPZaMGcy3Hs2olXX+uXylYy3a7vnHvoDp05WZs/rAllhGxKy/7LE4P8vSj4HzGj1K/Ll9yZSnXFsI9XwhPr706zukaVNIPVrq/edK3huqYpul3ROrwsXu0+WOr4xr5Gq50DlXmqtxPoiIiIhcj0KaNsUDyCrjezZASNcRvNjzBk6nJBP3wUSWpHbjlUl9CLRksnzyYD47cOW/L9psNpKSyv4e7erqymuvvUZ4eDhLly5l3LhxjBw5kkceeQSARYsWMXHiRCZNmkSPHj3Yvn07L7zwwgWbHpXmkhMsVc306cRrs/rjTyaHE45irRNCoLeFxJVvMGnh1qsdnlTAo1Peo4PNQkpSIsn4Emrzg+QtjHl+NknX0S/HIb3HMbZ7A1ZOfqIwMXQtM00fBk6eTFSQN5DOkjH/w9JLrFEjIiIiIiJSGrPpo7wzssP5zYLsCfzzqSnEX4Vnvtq1a3Py5PkVIQqYpondbqdt27asXbuW6tWr06tXL4YMcQ6o8J///IcPPviAjIwMOnTowLp16/Dw8MCo4L5YAgMDJ1RmR6qKkX2AlQlnuMFWl9o1fSDrBNtWz2PmZ0quXG+2r9mJWz0bgYE18Xaxc2TXRmKmzOW36yi5ApDnHkCj2mfZtXkTh9Kv/dgNIxv/G1sTVP0sW5fFsmBr8tUOSURERERE/mSMU78Qn+JJoK8Vhz2HrO8bOJ0AACAASURBVDPpnEj8mXmvvsGO7Kvz3OTh4cHZs2fLnG8YBhaLhf379+Pl5RxtMiAggPbt2wPOfvgOHDiA1Wrl119/vaTkClxDNVhERERERERERCrKx8eHtLSKNYk/e/Zs4To1atSo0GhBZbmC/fqKiIiIiIiIiFSti3VyW5pq1apRrVq1Ko3DpUpLExERERERERG5giraGe3logSLiIiIiIiIiFy3LqUGy+WgBIuIiIiIiIiIXLdycnKudgiAEiwiIiIiIiIiIpVmABpFSERERERERESkElwrOpSRiIiIiIiIiIiUpCZCIiIiIiIiIiKVpASLiIiIiIiIiEglKcEiIiIiIiIiIlJJSrCIiIiIiIiIiFSSEiwiIiIiIiIiIpWkBIuIiIiIiIiISCUpwSIiIiIiIiIiUklKsIiIiIiIiIiIVJISLCIiIiIiIiIilaQEi4iIiIiIiIhIJSnBIiIiIiIiIiJSSUqwiIiIiIiIiIhUkhIsIiIiIiIiIiKVpASLiIiIiIiIiEglKcEiIiIiIiIiIlJJSrCIiIiIiIiIiFSSEiwiIiIiIiIiIpWkBIuIiIiIiIiISCW5XqkN5Tgg4QQcTIbTZw3yTKhRzaRBTWhSB9zdrlQkIiIiIiIiIiJV67InWI6mwJKtBnF7DbIcRqnLWA0HkU0MHrjFxOZ3uSO68vaf/o2YPR8Vvp9+6wtXMZoLO378OMeOHbvaYYiIiIhcNi1btqx0GRt/Nfnnijz+OGNWQUTXv5peBiO7uhBhO4unp+fVDkdE5Kq4bAmWXAcs+MFg8U8mGBduiWQ3LazdA+v2OHjoNoPerUyM0nMx16X0nEy2/b7naodRbu3atbvaIYiIiIhcFvv27auScv65Ig9XqxdB1VUNGyDbnsM/V5xh/hNXOxIRkavnsiRYMrJMpnxhYc9xA4olSqyGgxvruuDvZeLiYnIq3YV9x01y8pwJGAcWFvwAqZl5/L2dfg0QERERkWvTH2dMgrxcwdR3VgB3N1dOpuhYiMhfW5UnWLJzYfIyF/adKMqs+Ho56HerQdvG4OGWV2zpPLJzYcO+POZvMknNtFDT08F9EVUdlYiIiIhI1TJRQkFERIpUeYJlznqDfSeKmgTd3MDBiC4mXu6lL+/uCp2amtweYvL+d3n0bgWBPlUdlYiIiIiIiIjI5VOlCZbdSbAqvii5Em4zGd0dXC0X"
04:29:08.891 [Forwarding screenshot on session ed2d6660-f69e-11e6-a414-872b36aae4a5 to remote] DEBUG org.apache.http.wire - http-outgoing-0 << "71CluofBMx31K4CIiIiIXC/03VVERIpUaYLlkx+LXntaTZ67Ow9XS1VuQURERETkGqH8ioiIFFNlCZbkDNh2EMivwHJfhInPZR6hzUxNIS/xV8g8A55euISEYvj4lnt9I+ckxpkdGI50TIs3ptdNmG4B5Vo3xwF7jkFSqoGLASEBJiG1S/TpW8GdMTGTjpB35DfIzcUIrINLSCi4XHgEJrlEWWkcSU7H3d2bgIDKtUnLOnWE5Gzw9vbHx8ejigIUERGRa58yLCIiUqTKEiy//GaUSAa0D7t8f3Dydu8i96O5mDu2l5wOWJrfjKX/41iaNC1zfZeMzVgOT8UtY0OJ6Y48yPONIrf+S5herUpd1zThi+3w6Y8upGeVTKeEBDgYcCeMXVw0bfH/XHx/HJs24FgYi3n4t5L7U7Mm1of+H5ZO3fhTjVt9uaWtootvNJkTvmXD+KZMa1ub0Uzg5IbxBABpP8UQ2WoIOwFoyBcnD9K9fHm186ya1ovo0fkfeMPRHD74MvWrZi/OcYpZXWozPLNoP0REROTqMjWCkIiIFFNlCZaDvxe99vV0EFijqkouKXfxx+TMe5fS6nW4AObOn7GP2orbgKdwve/B85ZxPfYGlt8mYSmlAIsLWE6vxyV+A476E8mtO7jktvNg+lcubDpQerLjwCkLE79wgFG8XZSj7J0xTXJi/03eF/8tdbbLH3+Q+6+Z5O3bjdvgEWCoNkt5ZQKp2XbAiocnsDebbACy+Gy6M7kSPXA4twQ2oIH3JW4kbRWTRi8GmjNweGdCWz5wmZIr+ZvLBFIv4wZERETkutD3dhd63GyhuofzO2lGlsnSnx0s3JR3kTVFRORyqrIES1pm0euaXhdf/v63ytc5S9vGeYyIdv464Fi1HEex5EqeC1jCb8EIrIN54jiO7T/hArgYJo7338bwroHlri6FZVlOfoD1yKTCZkyOPAt5vu3AGgT233A5vQ4LeVgwsRwZB641yQ14uHD9978zSiRXArzyuPVG8HSDPccMdhw1yM0tf6czuV/8t0RyJc/DC9c2kRg+vuQl7MHc6ayhk7fmK3Lr1se118NlFSVl8mHY1yZPZ4Gz8U42pw4D9OW1OTMIr0zR7lYAmo9+izkvt6tsoBdhpYyBuEREROSqufI1WGb1d+XGwJLfN6t7GPRv48ptjRwMm597xWMSERGnKqsSYRhmsddVVSqkZzrLNVNTyH3vX0XbCLoB9zfexzr+FdyeHo51/Ct4vBkLtqDCZezvvImZnuZcPuckrof/t3BeXrUmZLf4npwmn5ATPJ2cJp9iD99InseNhctYfhsFOX8AcDAZlm8t2sf2TRzEPGbyZFuTfrebTLo/j5F3O8C8QI2VYszTqTjmxRbtT/MWeLz9AW7PjMT10b9jnTQd16eHFc53LPgPZvKpcpV9JQzpEk6vER+TVTDhyHL6tQ2n14h5JaeFh3NPj7sJb/sE69IKZpwi5okuhLcdcs60trR98HkGVqDsIXN+ukikp5jzRBc6D4nhVNZPjOgSyeg4gB0837YtQ2K+ByBx3Rx6hd+AYRgYhkGXIbPYm1Z2qWnfx9C29TPEATsXPEPbtv1YvH0dQ9qGM2TO98WXZN6QLrR9IoZTzhUZ0rYtQ2bNYdoTbfO3dwNdnpjGjuLbS9vBrCG9uCE/nn4jJvJNHHCRLoZ2LJ5VbD9uoMuQWUXlpn3PkLZdmDgnhn7hznKfiPkJyGLdnJdoe4NzmtH2CaZNG0Hb8F7M23GBgyAiIvJXZ5pX9F/f2124MdBCRlYek5fYuWd6FvdMz2LyEjsZWXncGGih7+0uVzyuwn8iIn9xVZZg8S3Woe2pNJeqy+cX1DZZ9SXkOB+v8zzccRs3DRdbyQYZRr0g3MZNBVfnb/0u2Vk41nwFgOXUPCx5zmo2DqqT3fgz8Agpsb7pcSPZjT/F4VLNuU5eBq7J8wFYsdMAF+evBfX8TIZ05LwRktrcCA+0Ll92yfHtKsh1NlrBxwe3FydieOd3tpqXR96WjTi+L9ZHTF4OjhVLylX2leCTtJPFMz9ma37GY+83i1gYt5PFM1ewK3/ajq/ns3DnTmrVM9gZN5evNx9xzji1mYVzV7IzLoavN+cnjY7E8a+5cRyuEUSdCpTt0yDworEe2bySuM2nyMaKh1exDIWnJ+7uVhIXjyCk/ZMs3nmIvoOHMzC6IStjhhPWYgg7yiq0ujcBpDtfHwJPzywOHT3FL3E7Wb8/o9iCdg6sL9g+YM/g17g4YoY/yei5h7l/YF8iGx5i5dzR3PSPOfkJpCNMvOcmhscs5lBkX4YPvp+FM2ey8iL7+dOcftzUaziLd0Lf4cPpGwkrY4Zzk28/vk9zbvuXuJVMeHIIC3fmHxu7nZ9i+tH+yanEHWrOwOGDiYyby+jRM4nbuZjdx9MvenxFRET+qswr/K/Hzc4vnzO/ymXT/rzC6Zv25zHzK2fNlR43W654XAX/RET+6qoswXJDsV43T2cbHE258PILnsot81+npkXtR32duQ4c24tqKrje1QWjln+p5brUroNL+w6F7/Py17OcXlc0LeAhTGvdUtc33YMwaz5Q+N5I/RaAXw4XJU6i/5aHaxlHrlt4+f685O36pSjmdp0xvKpjnk4ld9FCsv/xCDlTx2EW22ejaQuMv91UrrKvhHv7RwOLWbfVWcNh87dr8ucsZMOuNCCNDcsXAvcz8OneACxb4WzydGTzd8TlL73hm20A7P1uNTuBfr0eqFDZ97a9eK8n7vk5FXePcF5etIqpkUDz/nzy9dfMeMLKa71mAtF8ccBkwewZzPn6IN/O7AuHYpg6p/QUi0/4oyza8h8igcgJb/H114sYdmfpoxEVbh/A6uwfBqJZdGAPi+YsYMP2jfQF2LGfZODUujlMiIOGfWdzcsMCZsxexOEvJjgLKasPlqzvmfLkQiCSj/bsYcGMGSzYsIePhkcCC/ln7E9gBWceNJKP9pzFTD3MnL52Xhqy2Ln/h3cwZ8ZsNpz9kcENL3pYRURE5AqnMKp7OL+AbtrvOG+ecxr5yyjFIiJyNVRZgiUiCMxiHbquib9wTY5qVqPMf3uPFa3bwN/52jx+rCjoG/92wbJdGheNIFS4XnZi0bTqN19wfUf1ohGELPnrnUorSvo0LD23Azj7n/GuVo4/MCePF73OtpMzayrZAx/G8eEcOHUScNbUcenaA+vrc7D+33QsrW67eLlXSMvuPQBYvjIe2MGKuYcK563f8BsQz9LFQN/7ue2mDgxvCDsXreEIsH3NssJl45ZtJA3YvDQGiKZLZP0Kld2ywqMip+d3dpvtrH+SdpyCVNcf8ctZvHgxixcv5w+rM7N3eP9xyDrC9+vWsa7Yv72nsiDdDhR0plsxzYc/zf3B+cH73MhNkQDuuAPx324E4OlB/QtHC6rf/QkmNC+7vLRdW1kMNB89ioeaFBwUDx4aPYpIYPGKDaThTO40HPiMcxmf+vif/JWVQOTo5+lekKvyuIXnZw6v8D6JiIiIiIj8lVVZJ7e+nnBbsMHm/DzGl9tM7g6nwqMJ7T8Jh1OKEiw31XMmK0zDQcFU8yKtcMzincA4nEkfo1in6iYXKaD4aD3GZeqNvVgIeV9/XmKSERSMpdt9uER1xKjmef661wCP8I4MBmJW/0BiL28WAqM/WkTWi72YuXkze9edYiUw+MFIPAima79IZk5dxZbEHWxZtBMGvsdHDT7h4Qkb2Zz4PSsWAvf34TafipZdce7F/j+1bWN+bZqVPHbP+Y1w4pZtZPddK2gTPbPE9MFfHGZ25CVsPJ+vT/ULzM0EIrkloniNGHd8bEDShcvdueePkhOsVmetlaSTpNMMgKAGNQtnpx93Nts6t2JMzZq1L7whERER4Ur3O5KRlUd1DxduDzHYtL/kd9TbG7kULqP+UEREro4qS7AA9Gltsnm/A1ws2E0L//zKweSeJtWs5euXJNcBb39brPZKLZOQ/Oc8i39dzN+dD4/mgV+hfecyyzEPJBS+Nuo4mwKZ7kGQ66zN4pK5Awd9ylzfJWN74WuH9QYAAmq4cPy0c9qBUwYtGpT+h+v3DEg/W479DagDB4tq1eRZLFjuiMK1"
04:29:08.891 [Forwarding screenshot on session ed2d6660-f69e-11e6-a414-872b36aae4a5 to remote] DEBUG org.apache.http.wire - http-outgoing-0 << "Ww9cmjSr2p6CL4smdBvenJiZK3g31gtozp13d8W+siEz537CGyQBkfSMDAbg1nu7w9TRfPpuLDsOQd/2Hbi7wRFgArGv1WIhMPihgoRJxcqujIBGN9Ec2Bk9kz0f9saakQOAmxuknPgDajYg2L6NmVMbUJjNybJyW4uyqzH55o8u5GQtdZnU7LJjctaHiWPXr2l0vqUoyZKVWdYagN15ckaG1TlvViZAaH0KRqMuvm2r1ZluOrfv3PQ/Tl5gYyIiIuJ0ZRMZS3/Kpf+dVoZ3tTJzRXZhkuX2Ri4M72otXEbNdUREro4qayIE0Kg29CjW+mb/SQvjl7iQnFH2OgXSs0ymLIeEk0UhPXxrXlGtjptaFk53rP0K83Tpo5uYqSnkfrO68L1LuHO9vBpRRdOSF2Lk/l7q+kbOSVz++KSovBrOagoRxRIqK3cZ2MsYAW/ZttKnn8uleUSJ9+6vvIV1xBhcwpqXSK6Y2Vkl+p+5ltzaozewkqkzF0Pze2nh40FEdHdgJTELd8L9D3BrfhsXn5ad6QssnDqTnTSk463B+ES0IhJYGOPsO6TbnU0uqWzIIi0trWiEoYrwr0MowMrN/OFdn+DgYIKDg2HLm9zUqhWD392GR5PODBs1jGHD8v+NGswd9UupO5PfUihu+66iWBLXsjzu/EUv5G+t2gIwZ+5XRRMT484rJystjbQ055Z8mt5BNBA3NZbvix2Inz77iDigeVgopfUQ43NbO+4H4qb+i1WFg1TtZca4maUsLSIiIsVd6UF6Fv+Yw6/Hc6nu4cLY+6ux/HkvPn6mGmPvr1bYP0tGlqlBhERErpIqTbAAPNIGIuoX9cWScNKFZ+a78PFmg99LSbRkZJl8tcPg2QUG234rGpYnKjSP2xsVLefauRu4uAFgZJ5xdgKbVrJhg5nyBzlTx+KSdcY5weqKpVNXAHIDHsVhODP7Fkcq1n2PYuSUHPbYyDmBdd8jWBzOkVMcpgeOgEcA6H6TWdjHzPHTBtO/Nsi0F/0lMXEmXpb+XL7jZGnfmTwP98L3ue++iZl+uuT+ZKSTM208uRNfJOf1VzDTr60RXQJui+b+/NfN772T+kDwrVE0zJ/Wt3vHood6j1voMbBgTncimwA+LehU0Mwm+gEii/VXW5GyT616BV9fX3pMK+rIuLjsc9q/lKg84nEH/5jg7Ai2TbUuTJv3MXOmDSGylzPB0PeBWy96HIqCrkNjgMVD6DFkGnNmvUTbkF7OJkgXGV65eEz1O/ZlcEPYGfMwXYZMZE7MNLqcW86pVXT29cU3chJHAHzaMXR4c+d+hPUi5uPFxLzUj1ZPzgWa88L/K2M/PO5g5Mz7gcVE127LkJdG0OWGMGbuLP9ui4iI/HVd2U5kM+0mQ+dl8eF32c6mQDg7tc3IyuPD77J5e00Wgzq688aj7lc8NtWaERGp4iZCAK4uMKo7zFiZx+ZEZ/4mO8fgo80GH22GOt4mAd6AAaln4fDveSX7PAFa35DHM51K9pRi+NfG9dGB5P7nbQDMvbvIevoRXO9shxFYF/P4UXK/X49LVtGjquWRpzD8ajmXd6+Ho/4YLIfHO+ed2Yz1l9aYfveQ534DLtmJGL8vx0JRFii3wVhMq7PJRf2a0PsWg//mVybZnOjCU+8b3NzApJo77E4ynH3HlDNlZXjXwPr4P8j996z8/YnHPvgxXO5sh1ErADP5FHkb18EZZzx561aR1/wmLB27lm8DV4JHS+4f2JzFc3dy710tnNOCb6Vfc5i6szkPdggvsfidvfrB3Kk0HxyFs65Kfdp3ioa4lfTt07FkDYuKlJ3fzCXzdFFns54A7lbASv1wKD7eso8nJTod6Tz+C75wH8E9o+cy+rGCflgimbAohsG3lD4yUP6Gi20HIJyJ385mX/shrIwZzUqgYd/RTK22jNGbz12nZEklYvIIZ3bcSuj7d2JiJjiHZ24eCTuLVWHxrk4QgG+NwqK6z1jLRz7P8vCEhQx5eLFzYvP7ee+dN3i0iQ+kUeq27xi2iB9rvcTjj00lZmocRA5kQr8UJkxdXFgrR0REREpzdZIKCzbaWbCx9D/SHZu5cmMdV9541IOh885e4chERP7ajLS0tMvyl8E0YdlW+HCTQU5eObMOpoMHWhv0u83EpbQuSEyT3A/exbH0k1JmlmS5/yFcH3nynL5MTNwOT8Tt+FsXXT+nzrPkBP0vxXujzTNh9hqDtXvK3h9vD5P0rKJ1Fj/jYNvve3hu86uF09Z0nVu4Pzkf/Ye8Tz+8+P48/P9w7fPoRZerrOPHj9O4cePLvp1rUtYpEo9lgJsbdevXv6QOdPML4kjiMXKoTnBwwMUXv4BTR46QkQM1g+uX2sSnVGmnSPwjAze36tSvf7Ht72XWExNJa/8c4x+9pXDqqpfCiZ6azgd79vBok0s/EiIiIteaffv2UafO+X2WVVS7abnU9XWrgoiq3huPVePGOq78ejyXoR9cuSTLsdQcVgy14+l5bQ7SICJyuVV5DZYChgH33Qxtw0yWb8/j270mv2dYSl3Ww2LSJtTk/puhfs0L5HsMA9f/9xRGs3Ac8+diHko8f5EbgrH0fxLLLaUNaWyQEzQBR/U7sB6ejEv2nvOWyPP4G/agceT5nt+JrosBz3QyaV4/j4U/wKn0komWmxs4ePg2eOHT0veztP1x6/s4jiZNcXz4LubBMvbn0UFYWrY6f32pWh4BlU6I5BdE/eDKd8ALEFC/PhWOyCeAYJ/yrmVnx9yFzJ27kWz7u/SNrMOvK/5Nr6k7gfu5saGSKyIiImUxr9FmMf/zQSZvPlaNOr6WazZGEZE/o8tWg+VcJnAsFQ4mQ9pZyMuD6h5g84XgAGfToooVaGIePYzj171wJgPDszouoU0w6gWVcwQeE+NsAi5ntkFuKoabDw7PlpjVQuFiwzg7N09iMiSlgquLQUiASe0azvdDPnQmWDytJvOfKucwz6aJeeQ38n7dh3kmHcPLG6NRKC5BDa/oiEJ/6Rosf1GJq6ZxV/RoDpWYGsl7GxfxxB1VkXASERG5dlRlDZY6vuX8Ue0v4niqQzVYROQv7bLVYDmXgTOZYrtIZ5/lL9DAqN8A1/oNLjkis1pjHNXKn0wwgZ1HwMMNQgMhJMD5r3j724QTRcvX9a1A7sowMIIaYglqePFlRapQcOdRHDz7CD9t3c8fGXasNRsQcUuT8jdJEhER+atS5RARESnmiiVYrnfbf4N317twNNWgnp/Jq70deLqXrFmS64AlxYZpblEfkeuDR31uuUMnrIiISMUowyIiIkWqfJjmPys/LziW5mzuczTFYMxig91JzqZCJnDgFExa5sLBU86qoi6Gg87N9EdXRERERERE5K9ANVjKqUEtePxOmJs/Uu7BZAsvLQKr4QDAbpZsg9untUEdHyVYRERERP6sTFPf9UREpIgSLBVwbwRYXBzM2QB5+QmVcxMrAPffnEefW/UHV0REROTPqqaXgT3XxKpv0wDYc53HRETkr+yKjSL0Z3I8Db7YbvDTQYNTp53NhgJquNCsnknXcJNGta9ygJVw/Pjxqx2CiIiIyGVVFaMIbfzV5J8r8vjjjL5KgzO5MrKrCxG2sxpFSET+spRgERERERERERGpJHVyKyIiIiIiIiJSSUqwiIiIiIiIiIhUkhIsIiIiIiIiIiKVpASLiIiIiIiIiEglKcEiIiIiIiIiIlJJSrCIiIiIiIiIiFSSEiwiIiIiIiIiIpWkBIuIiIiIiIiISCUpwSIiIiIiIiIiUklKsIiIiIiIiIiIVJISLCIiIiIiIiIilaQEi4iIiIiIiIhIJSnBIiIiIiIiIiJSSUqwiIiIiIiIiIhUkhIsIiIiIiIiIiKVpASLiIiIiIiIiEglKcEiIiIiIiIiIlJJSrCIiIiIiIiIiFSSEiwiIiIiIiIiIpWkBIuIiIiIiIiISCUpwSIiIiIiIiIiUkmuGRkZVzsGEREREREREZHrmmGapnm1gxARERERERERuZ6piZCIiIiIiIiISCUpwSIiIiIiIiIiUklKsIiIiIiIiIiIVJISLCIiIiIiIiIilaQEi4iIiIiIiIhIJSnBIiIiIiIiIiJSSUqw"
04:29:08.891 [Forwarding screenshot on session ed2d6660-f69e-11e6-a414-872b36aae4a5 to remote] DEBUG org.apache.http.wire - http-outgoing-0 << "iIiIiIiIiIhUkhIsIiIiIiIiIiKVpASLiIiIiIiIiEglKcEiIiIiIiIiIlJJSrCIiIiIiIiIiFSSEiwiIiIiIiIiIpWkBIuIiIiIiIiISCUpwSIiIiIiIiIiUklKsIiIiIiIiIiIVJISLCIiIiIiIiIilaQEi4iIiIiIiIhIJSnBIiIiIiIiIiJSSUqwiIiIiIiIiIhUkhIsIiIiIiIiIiKVpASLiIiIiIiIiEglKcEiIiIiIiIiIlJJlgkTJky42kHI9StzyQxOLvgv6dtPU+32plgK55wmZfYkfv9iO66t7sDNvp0TU17mdLwd71vDrmLEBc4QtyCWuDR/whv4Xu1grk32Iyx6bx5bU/0ID6l1zsw0Vv9nDhuS/fBNWsP8b07RLOIGrOcsdfDbBcxf93up8/4UziTwybsfsctem2bFzyP7ERa9t5CjPqGE1PK4evFdCfbjxC39L4uXfsXXa+LYvnc/We51uCGwOgAH4z4p8/y4PM7w7X9i+dXrOj/2ZxL4JPYz4rb/hn/zv+FrKTbPfpBF73/M+q3HqNO8CTUsZZZy/crf/03bt7N161a2bt3Kjj0HOesRQFAtz0oVbT/yPe/N24BPs3Bq/SlvTCIiInK1qAaLVMJuUt77jOyfN5K9eganD2QVm5eD/btvsP+8lhw7YE8l6+cfyfpu99UK9hy5JO1OZPf+lKsdyLXL6ke104f5ZfVajpwzy35wI6t3HybXy5uU/T9zeHcSuaUUkZKUwOHdSZy9EvFeDbkZHDh8mJ+/+A9xx4tNP3uKrYmJHM3IuWqhXRnJLHp9Fl9s3k1qNT9uuMGP1MTdfDV/Fv/53nlAUn7bfYXPgVwO7U5kf+p1fuxzMziQmEhiwmY27korMStt72Y2JySSmPAzx/6sF1f+/ickHOTIkSMcOXLw/7N373FR1fnjx18Mw8xwBwFFhASRCBMNzLtFFnkL01U3KyvroZV2Wdvdbrub9V27Weu22c221V9aaWngV5RVM8pIFEWFEJUIEHQAQS7OyG0YBvj9cYb7RQS/q7nv5+PRQzifcz7nnM85Z+jzns/nfcg4lkzsulXsyDBefPtu1JTkkqvPwNDZh5YQQgghRB+or/QBiF+vusRd1Lb6vWJ7Ih7PRDb/buMAXHDEBkCD8q/DVfR1oRrUdlf6IK5mjoyOHEHC5mMkZ1ThG+LYXHLiQDLgx62jvAkatYIbNZq2oxPMZtBo0Om0YKfmmm1mNdZRWzXErd9K6ItzcLUuV8O1e95NjLmkl4Ff5CKejAxSllVl8OGrG8hIPEzV+Jmo1YC9Dntovi/+b7ly34rloHG8+KpXuaaBKVnHTkLY+OblJ5ObAtXaa/ePuBpqgRELnuX+UFcAzEWHWf1uDCnJvzAzZHQf6lYD6mu37YQQQghxxcj/X4heMnEhbmebJQ3xW6haGomj9godUq8Z2fHhGs44DaQ6I4MywC1gIlPDYXvMfmoAe78xLHp0Dr4aqMo/TPSXO8koU746tvMI4u77HmS0rwYo5YcNG9mdcRYAv5AgIvC0mgAAIABJREFUKvJM3PXsk4Q6mknd9TmbE7KU3doHMGvRA4z3dQSM/LBhffN2dm5B3P3wg4z2vrIBKc+wCQRsPkZq8jHmhDR18PI4cKwG+xETCNJA1q5P+ewXH55dNhP7olQ+X7+VLEMd2A/Ez8HQ6lOm+/NP2voVscm51jI/ohY+wCR/V67WtmlS3/SDIZkvdoXy5PQgOgznqcpj6/qvSNYbAPAIiuDBRdPRb/obO8+H8eyTkThSRfw/3yfBdCPPLpuJK2YSN7xDkt0dLLtd3dKuwMCQSBYsjMTzP3aW3VO3/kviGMKUaeH8WN50dFqoSWf96nT0Z2sAe8JnLeSe8f50d92rsuJ5/7MjOHvboteXARAwcT6PzAyjrpsyDUa+WbOGutuXMicUdqxeQ6HXdVw4dowylPtnzuJFhHmCufX9aufGQMcqDM5jeObJmUqg7EpSK/eWnb0dNRkpZJnHE6QBzFkkZ9UwMGggZ7Oahq8U8cOmGHYf0yu/2rkRPnUu90wK6rYdNVf5swVtwyAa72EMto8hvXlJ958bXZe1ZiR+3SfE52mY9eRSBuZuY0NsinXElRvhUUo7CiGEEEL0hEwREr1TlEjl8WqgH25vrkLJdHAc43enr+xx9VJdhQF9RgaDo+YzNzIIQ+5+NsckExI1n1kTg6jRJ/PdiVIgi7UfxJBR78/8RUtYND8Sl7IsYr78jiogddNadmecZcS0+SyaH0lFRhaGmgosFsjatYbNCVkERcxlyZIFjHDIJfaDj0g3Qt6u9ezOMBC5YAlPLZqFtyGLmA+30beB8JeDPxPC3ajLSCHLrCwxpiejBybeeiMApooi6korgCK+fHczWbW+zFq4iFmhavRlgDXg1t35p29ZQ2xyrlK2aC4hWj1xH6/hcOnV3DaKWmDMgkVM9AB9wiZlqlCb0HUpW1Z9TLLenmkLFrFofgT1WQm8+2E8nj4u1OiPcKoKqDpFaq6BurMn+MUImHNIyjDg4ONE3D83k2UbysKnnmFh1AjOZsTz6a6sK3G6bbn6EeoBubvX8eLyv7Fu01Z+OJyO+4R7WDRnPMoYElughlJdOAsWzid8oIWU2K9Ivch1t5jKMdQZ0Be5MHfREuZHBJG7fzOfJxZ1WwZQUWqgwqIEo+pqDOQeO8agyLksmDsRR0MWmzf/gJl8Pm91v84d485ZQx01pTVcTZOLQiaOwR49qZnKHW88cZiz+DFmhB9YxxAmrXuX3ceKmDhrIUuWLGCMby0pcTGkVnXfjlf7s6UFTiX/m127drBjx1bWrV5FSg1MmDAM6P7+6a6sqXa12kj8h28Sn1XGxHsWMN75BBtiU3AbM4unnllCZFAtKXHrOHy1NIgQQgghrnoSYBG9Uv3dduWbe++puIVOwHm6HwCmrduvqs5JT1lqwS5kLvdMCmN05FSCAPsRc7hnUhjjZ95F8/eXZndujYpiwcPzCBvshfvAwdzgB1w4Tw35pBwzYD9iPvffFkZQWCRL549A6QQZSU0+Cx5jmDrhenS667g9KgIoI/2UkRqLGbBQkJdPjX0Q859awpInp175b9GB0AnjAD2HTyg9k9QfU8B+jHXEThM11RkHyAAm3v8I40OCGD/nUSKb+4DdnX8GySkG7ELmsmj6aPyDRrPw6fnYYyD5p6yrum2amPBh5iNR2FND3Oc7qLLTNcWVMGcdJqUG/CKmEHadO+5DJjB1jAfo91MaGI49BtJPVWE+k4UyvsBA1ikj5px0yrBnTJiPMiDmQgl5+hLcQ+/iqSVLeHCCz5U63Va8mfPcchZETSTIs56sY8nsjtnIqpdfZFNSU+aeeiCEJx+fSWhIGLOnhKLcFPndXvcmkY8/zuggf8KmP0iEB2QlHaa6m7KqdkfY9GzfHzma0NEzuSvcHooKKU4/QBYQsfBxxocEMXrm48wKUiZ1XS1Tu2oB3YBQwt0gJfkkAOnJxyBoDMOacyqbGRg+i1kLHmfm+EDcnbwIuM4bAEurkVSdtZXhKn+2bAFDVjrJySkkJ6eSZU04c66gkO7vnwM9uLcMbF21ini9PdOWLGdmqGfzyDNDiZ6z59WMnvc4S5Y8w8irpUGEEEIIcdWTKUKiF05j/N8jyo9FX3Jm8Tc0FpVbf4/lQuajeARfuaPrFQt4D/Ky/uKMsx34Bgy0/m6Psx3KkHGNJ06WM2x6N46Nrbd3U2NnPEs+EBTi17zY1e867MjCUl1ISQ1Qk8wHbya32XVJ7hlC5jxIxLnPSdgfR8b+OMCOoIg5PDg97Mq/fcc3jDFuu0lO/pn7wzw4qIeAqDEdOmEWiwmwx7d/0xFrGDTQDYqAqm7O/5cczEDIiICWhY5+hNhDeoGBkIVXcds0sdSA5yQWRp7g4/j9fBFX15w/o6ayAgB9wgbeTGi9kQdql+sJdYP09JOkqX+BgIlMtOwnJeMkaeoMcAtnmKsrwxbOouSrWBJiN5IQC9gPZNr9D+N9hTt+5tJ8ckogdNJMQifNBMwU5aXxzdcxHIv9ktARzwG1YGffHLSoaer0V5+nnK6vOwOsi5pfBKTBP9CNhNQK"
04:29:08.892 [Forwarding screenshot on session ed2d6660-f69e-11e6-a414-872b36aae4a5 to remote] DEBUG org.apache.http.wire - http-outgoing-0 << "TNY/XZ2Vdcj5agHfwIHtFjb96bPD071lqZOzY8fpXVeYRe3FhHF+7N99jPwqT47mQvjCkdhbrFNf0ODlDt989QGxbT+U2vyB76ytfGde3c9WNW1zsICRXR+uImH3NtJvnNb1/XO6GJeuylrdWzU1dUAdhSUV4O8IrmHcMy2DLbtTiMlNAcAtYAz3PjAH/19/Sh8hhBBC/AdIgEVcsvrUPdRYXxhko3Og0WACnQOYqoFqKnYl4hEcdkWP8VJZACcP9za/q3XqNr8DVGVsZd3uYwwMj+Lx20Px9nTl8IblxOQBrl54Amdyz0KYkn/CqD9DHaB28MLdDvT+s1i5yJrLxFxE0oFs3G4YgjHvFzzHPMjKRf3IzzpB6o/fsD9hO2kTwhh9xb89dWXCpCCS444Sv8sJAx7MCvPtsJZarQNqKDpvBlele2Y4X6V8yjh2d/4e/JiaSMax3OZ2w1zC2RrwHeyFMe/sVdw2bflHPsDEEyvZn6wEkQZj13wfhS/4E/dYO4pVRekc/tmEn70r7jf7kRy/ne3UETRrNKPrC9kfF0sMEDAtFEeMZJTAlMUrCLIvJ+PkcfZsj2f3pu8Ie2XOFR1tUHg4hg0JZ5n17ErGewJo8PYfzX3Tsnh5YxYmC3T5omQHZ1ygy+sOubQfS1J81gCON6Kjpssy+3a7sQA6R+cuDqIOY6v7tbKi6qr7q2gxgXfYGOx3xxD71U7O4sesEA11zYlIioj+OJZctxAWPHUXQ3w9IX0Lr25s/ca2ztuq7lfxbLW+IK74D3QhQV+NSdPN/RM4ALIufm9FPbMMS8wqdsesJ+j6FxlJHgZtCE+uvB+7ojxOHv6G2P3JJJy8Ff/RV0vGIyGEEEJczWSKkLhkF/4dC4BN+AsERMc3/zfoicmANdltxZU8wt7q+eQmp/4D6OeiJiNxEzEZddY8I0q+EkPyRjb9kEpWajxrNh9DKfQkKMQesnayJSkLo7GIH6LXE7s7jowKOHNgOzEbP2RX+jncffzwdLZFyRHwf3Oml8p7zAQGcpb4hCzsQyYR0uHbXAt2IeEEAAlfR5NRZCTv8FZis6x5MLo9/+sYEWRHXcZ2th7OorQoj12fbuEscJ2/11XfNm05MvPhu2mavWGhDseQMQQAKVu/4nBeKcb8VL74cCO7dydTqQH/m8Kxo4467AgO8sZ7aLC1O2zPiOH+QAU/xsSybm00GTX2XBcwCCcAN5cOwYT/NP+wUdgDsav+xo7Ew2RlZXH4h628s/EY2AcR0NxJt3TydPl3e90VdezcvJWs0lIyftjAbj0EjAvDoZuyzgcatN+7BfvQCQQB8ev+RWJGFod3/FO5X6+6JN0WcB1GuAfos85iP2IM/rQEfS2YMAE492dgfxdq8pJYvzEF0LYajNN5W5Ve5c+WFihIT+JwUhJJSYnEb13HhuQysA8hwLW7+2dkD+4tNY7Ontz2wHw8MBDzyQ6M59KJjd3Mxq2HqXP2wc/bvWlVIYQQQogekf9tEJem4gCVB5XpQI6/mdSmSHvHb9B8tBczx6lIK0elgauwt9KWuuWfunaLO/vdMeRWJvqls3/3Ol7eDeBBUJAHWVmnOVMFYff8ARNriN29mWPY4eEGKC+OYfT9T1Jas5aE2HWkKDEqgiIXMCfIEXzuZ0TBZyRs/ABlFokdI6IWEXa1DEvXhDAhxI2YjCrGRIxoV6gFRx12+PPAkig++jiODe8eA5TvzevcnLHnIucf9CSl/1zP/ph1KGM/7Bkz9ymm+zuC19XdNlpA3fp9366jeXhWFu/GHrMu8OWRp+byr3UxxHy8SllkN5CoJQ/jD+A5jDC3WJJrQxjqCTCUoXaQ4RLOCE9l+7kLIli7MYENq6x12gcwf/6tV34ah/cknllkYf2m3eyPi2G/dbGdxwgWPnY/nsDZ5vujNeVzYfyirq+7sWmERmky61YppQNHRPHAbb5YuikDY5vnt/2z3HK/+rJo+UI2fLSJuA3rwH4gA+3hbG1nwaArQ7m3ABwJGx/E/rgsxowe1moNB3Rqf26NDCI3PoFVLytPiF9IEHYZWWSdKuX6pr/ynbSVY9XV/WzZAmXH4ok51rLMIyCcqHvvwRPw7Ob+oZuyqgw1oFWiVK5hPDjrGO/G7mdrwSLmjjlDTHIMq5JjAHALiuSuMBm9IoQQQoiesWlsbGy80gchxK9NlbGUGuzwdG09jr6KH9at5XTgLBbe5g9AUeI63o3LZ+6fXmkecm82GrlQV4e9iyeOmvb1GqmpAxdP1yvfee41M8bSC2DviWsnHbXuzl8p6/z8r4W2MZaWUmfX/r7pKaVd6+zs8eysYa+wKqNRGTGhtse1/YW9iM6uuzF9C29uPMWC5S8SbCmlRt1yP3VX1vMDzmLDR3sIvO9RJvlqADO7Vr9MApGsWBb567vHqoyU1nR8rnrSVr/2Z6u7z43uyrqusIrSCzXY2btc8r0shBBCiP9uMoJFiF5wdPXsZCqCI1pKydj9MatzRjCQElKyzoJfJMNa9ac1rq509X2oo6trF1Mcfk00uHp2/Y1vd+d/rbdNd+1ycd2365Xm2KugkaLT626xAFWYLKBx9WzbOe6urKfsoLJMT9wH75ATPgTT6XRyy2DE3OG/yiADjq54dvaA9KCtfu3PVm8/U7qu0BHPThtTCCGEEKJ7tv/zP//zP1f6IIS4VviFj8KDaooLijE06Lh+zB08fO8tdJViUwjROZWNBWO1O9cPC8JN0/OyHrP1YMxNg6mrLKWguBwcBzPhrvuYGebd52O/mlyWthJCCCGEED0iU4SEEEIIIYQQQggh+kjeIiSEEEIIIYQQQgjRRxJgEUIIIYQQQgghhOgjCbAIIYQQQgghhBBC9JEEWIQQQgghhBBCCCH6SAIsQgghhBBCCCGEEH0kARYhhBBCCCGEEEKIPpIAixBCCCGEEEIIIUQfSYBFCCGEEEIIIYQQoo8kwCKEEEIIIYQQQgjRRxJgEUIIIYQQQgghhOgjCbAIIYQQQgghhBBC9JEEWIQQQgghhBBCCCH6SAIsQgghhBBCCCGEEH0kARYhhBBCCCGEEEKIPpIAixBCCCGEEEIIIUQfSYBFCCGEEEIIIYQQoo8kwCKEEEIIIYQQQgjRRxJgEUIIIYQQQgghhOgjCbAIIYQQQgghhBBC9JH6Sh+AuPqcippwpQ+BIXEHrvQhCCGEEEIIIYQQPSYjWIQQQgghhBBCCCH6SAIsQgghhBBCCCGEEH1kU1JS0nilD0IIIYQQQgghhBDi18ymsbFRAixCCCGEEEIIIYQQfSBThIQQQgghhBBCCCH6SAIsQgghhBBCCCGEEH0kARYhhBBCCCGEEEKIPpIAixBCCCGEEEIIIUQfSYBFCCGEEEIIIYQQoo8kwCKEEEIIIYQQQgjRRxJgEUIIIYQQQgghhOgjCbAIIYQQQgghhBBC9JEEWIQQQgghhBBCCCH6SAIsQgghhBBCCCGEEH0kARYhhBBCCCGEEEKIPpIAixBCCCGEEEIIIUQfSYBFCCGEEEIIIYQQoo8kwCKEEEIIIYQQQgjRRxJgEUIIIYQQQgghhOgj9ZU+APHrlnf4W1IKIfyOO/F3allemPY9BwtdmT59FPaXcX81ZXpKbb3xc7PrZq1KkmK/Qx0+hdF+LXuvOZdJUvLPGMzg5ncD40cHX+TYelFPXRlpB5LJOVeDxm0gI8ePx8+p08p7X88l7OP/Xg1Hd+2hYfgdjPZz6uH1EUIIIYQQQohrj4xgEb1Xl8fh1FxKi3M5nK5vU1RxTk+pvpzay7m/mhy2xuwi7WxVdwdF+rc7SC8uxlDdau+VGWzdlkB2YTUa20qyUxPY8m3GZa6nhsToGA5l6sHeluLcdHZtiqWwrpPqe13PJezjP6Kecn0xxZWWHl4fIYQQQgghhLg2SYBF9FrZzxmct/58/uRxylqVqW0BrQYtwOXq/KvBAmg12s7L686RuHUTSbkVANi2Kso5+hNVOBJx/31EzVpAxFBHanN/Iqfm8tVTV3ickxXgM3Y2c6Jmcf+UYUAxadmGDrvobT2Xso//GFuwVXHx6yOEEEIIIYQQ1zCZIiR6qYaM43rQDuWO8Hq+S8ol"
04:29:08.892 [Forwarding screenshot on session ed2d6660-f69e-11e6-a414-872b36aae4a5 to remote] DEBUG org.apache.http.wire - http-outgoing-0 << "LaeS2wOb5qqooTabbRuzqaiqB1t3Rt0xnVH+TkAl6QnfkZRZrKyq9WTsnVMY6eNEjT6JLXvOMun+OQTaA3V6Yj/7HrfbpmGb/B21QO53n7P17BTmTPJvc0SV2cmcLLXgN9QPfbae+pYSTudVwICxBFsPL3jkDSRkH+XUmUoCg50uSz3OpkLAneHD+gNg7z+cANuTnMkvhhC31nvodT3nzT3dB9ToD7N1z0lUDlBRUYv7sCn8dpSGhF17ySxVRpk4+4QyJWo8HkBdWSbf7E6ksEo5Y3e/MO6cPhptl9dkLhGBTXurIjG67fWZGVLbaX1tj1IIIYQQQgghrg0ygkX0TtkvZFaA+/U3EBh6A+5AdlpGq8EqKqAes+swpkfdQYDDeY7uiSWzEnK+jyUpsxif0FuImn4LfupSDsXFkmGAenMltfUVmJuiGrXVGOprMVu0XH9TMACewWMZHTKgwyE5+d/GPQ8uYvot1+PYySFrnXUtvzi4WdexXLZ6zp8zgNYDz+b0I2o0OsDS0FkL9qqeS9lHvbmCqvpaKiqcCR7qh6+XLd9viSOzVMOoO6YzPSKUhsJ0YrYepo5KDsQlUKgKYMrsuUwZG8B5fSq7kvTdXJPWbefY7vo4dVmfEEIIIYQQQlyLJMAieiXv+EnqseX6670Ab27w00LpSX5unqnSAPgxK2o8fj6B3Dk7Ai1VnNLnkJFdha3fLUSND8HHL4Tpc5SyjCw9TRNymm/MVvNz+g/1xRFw9r0eP49O0tPaO+FmD1gsHcImtkBthanVko7r9LUerUYNtfWttnHCu7+W+nNnqbxM9TRcwj6ahEXNJOL26dzskE92LXiGjiZ4gDPOg0K5OdgZSk+SXYkyUqfawNliA86B45kdFcWUUE+6uyattb0+um7qE0IIIYQQQohrj0wREr1wjuPZSn6SQzGfcqhVyfG0PEIj/AELODq03GBqLQ5Aub4IFXDdkIEtG9kPwE8LuaWV0K/j3prraAp4WGrhEt9NVA9onVtPBVL36ubvrp5aswVsbVvVW0lBYS1an0G0f8lPb+tRmfU93ofCERd3ZbhLbbWScKY0fQ+b0luv44wKJ8bfOR7D3iTSk74jPQnQujPq9ukEd1Jrp23X5vq4dVmfxxV745EQQgghhBBC/N+RAIu4ZJU5xymsB59RdzBmoD219aDV1pD27XfkZqZRGOGvrGiqbxnsYKmlGug/2AtzHpw5dRaCrdk46gyU1YJnf1ew5CvLmjZUqzuONFFfahJVWzRqqC07Rx2B2AF1peeoAjTaS3kEuq/H09sDcvUU1ECwPUAt1bVg6TB9p/f1ePr2dB9NLDQlkbHVKo069I77m3Pl1JTlcDLPzABtJcVGGH3XI/hpL5CXd4rDB1I5+v1RfMc1VWCtsrNr0ppaC3RdX/DCiC6CQUIIIYQQQgjx6yVThMQlqiPzeDbgSfioQPr7+ODn50P//oGED/cBijmRYQA0UJ/NnqRMDIZCkvYcpBYt/gOuZ4iPLfX6AyRk6DGUFZK0M4HzQP+B7tZRHbUcS0qnzHCOw98ktrzquV4JIhhOn6SwrKsJMZ2xJ2SED5xPJ/5oHpWGPOJ/TAdbP4b7O1FXlsG3sbtIK+zslUI9r8djaBCO1JK4J4lzNQbSv/+eQmDYcH+oO0fSrjgS0gv7VE+3+7jY0fuHMADITvyOjEIDlecy2bPtO44ezaDarpq0fUns+vcP5NVqGTDQSxkj5OCAc3fXpLU216e0y/rkHUNCCCGEEEKIa5GMYBGXpuYMvxSDY8CN+LQr8hg2HM9DheRmZDHErQG07lSmJ7AlHUDLsIgo5UU3UbMxxu7m5L5dZKKUBd8ym/E+9sBNjPXL41B2EjHZgLMn2qbuvFN//N1tycw+yq5aBxZND+niIJXpNrbqltvbI/QOxhfFkXR0D5uOAjgzNuo2PIBKw1lyi/VYjLWM9LHvdT3YBzMtooRtCels+1yZg+MTOoXxfvZQU0ievpBqAokI9el9PXRX1patrS1tH/H+zJh9Czt27WNf3BbrSu6MjZqOD/ZE3BHKv79LZ8+WXKVMO4CI22/CwcPS9TVBGdhi6XB9bmFuF/XZIYQQQgghhBDXHpvGxsbGK30Q4hpWV4Ohqhatm1uHrCl1lZVUWcDRzalDp7uuppKqWnBzu7yTSeoqDVRZ1G33WVdI7Ke78Jn9EKP796z732k9zYU1VNbWg60TTq1OOuf7jfxQezOLpgf3qZ6LlvVApcGARa3Gzal9+9ZRaajCotbi1q7i3l2TrusTQgghhBBCiGuJBFjEf70afRJxaWqiokZfYurcS1BXSFz0YYJmziJYEpAIIYQQQgghxDVHAixCCCGEEEIIIYQQfSRJboUQQgghhBBCCCH6SAIsQgghhBBCCCGEEH0kARYhhBBCCCGEEEKIPpIAixBCCCGEEEIIIUQfSYBFCCGEEEIIIYQQoo8kwCKEEEIIIYQQQgjRRxJgEUIIIYQQQgghhOgjCbAIIYQQQgghhBBC9JEEWIQQQgghhBBCCCH6SAIsQgghhBBCCCGEEH0kARYhhBBCCCGEEEKIPpIAixBCCCGEEEIIIUQfSYBFCCGEEEIIIYQQoo8kwCKEEEIIIYQQQgjRRxJgEUIIIYQQQgghhOgjCbAI0R2Tgeg1PxGfW6v8mqvn4zVZFJgubbveqeZgQhEl3a1iLGPbF1nktjoeU4mBXGNXGxj4dMVh4nN7dgTxa1LYmWnpUMfHK1JI6XIfYMrN473VJ8hs306mMt57di9vbyvr2QEAmfHpvL0uj252d3El54he8xPbDlb0pRYhhBBCCCGE6JL6clZWve0dzqcUQr9x9H9mHnaXs/I2TFSnZqING4ktFzj/4VtUFXvQ77k/4OD8f7ZTcQ0wlVRQhoZBXtqebVBh4JU/ZXPX4EAiA7RU5Oh59YVCCoO8WRHZzc3WbrteKTnL3JmpLNo6gxWRDgD8uDKOezd7kpY6Di+g5HAmTzxVxNqpQQToAFMB84KSSMGB9w5NYV5wJRtXn6JCY42lGo28uqqExqw6Xr/NgVozYG5AGzSYR2Z4YMotIGa/AS22oDHx9Z9OsQ8jf/vEl8CRrpSnlVNdUc6rqwpx08PrdzlQVVkPGhei7vHDten0cwpZ+UoRQ++/kWBdq3PS2WM6Wsa7a4/zW0MEARdthFq+fi6TjxjM44v8e9GIFlK2HGHpY/nkNwBks/axofx9+U0Eu15sW4GploJSMwBOvs5IkwkhhBBCCNG1yxhgyeD82miU7+sPcOHuKDyG6C6yTS/UZlP8+4eoOjMV37iR2FJF7d69mE0O1Jn/cPn3J9qp5u3pO3nX5EvaXqWT31pJwkFumpnP0q0zeMkaFLiaJL77LQ996M1hwwQG9WQDDTgBOo31d7seDvrS2OID6Bxt2xVYKMmvwdxuqZOnM67tHxeNLcNUAPUty8wWqGy1jp0KUNF0eOgG8ffoIcyZd4rfjY2jdH0QSevz+BkVyuOu7Nn9+Dk2HYcLqKHSxA1PDeARoCLnNM8/UdjmMGwo4/nFZSxdG8zBxzJJbVCWGzaf4snNys+NU4YSdY9f8zbOTtbj0gDUEr8lm2IzaJ004KvC5mgJK1emc+cQO2rN9Tj6eTM7wgNMFaQcMmDWKu2ssTNRUgkMhYz0Iqiqp1N2Om4a5UHrJiw4+DMr/nScuKPgO8WXmL/dQPn2NB5dns3ktad44M1wnlvq3+EeblHNe9N38tb+LlcAYNizN/PtMogafITaP9zMty/7d6jn7ek7eTfJgc+yZhDZboc7/xLHo++b8J0/nEP/uqGbPZ1jWdCPRBfDoq+msmJGT6LJTftW8fJ3d7FkVNtgX0nCYW6aebrD82pMz+H1tzPYGNsyBKlRpeK3L4by0otBnbbZjyt3ct8b1SzdOpWXWgUfjUdTGDb5FI0qHR8dj2K2b8s2B1d/w9zlFSzaOrX7gGXTuUzeybt0/tnTM53UUVLAe5sqWLjsBgkgCSGEEEKIPrlsAZa6xF20ngxRsT0Rj2ciL1f1LcwFmM4A3v1Quq7uuDz5AnZGO3ROl393oiOzCTBcZB266AhfYRqtCrxaBSR6wOVSdmCs"
04:29:08.892 [Forwarding screenshot on session ed2d6660-f69e-11e6-a414-872b36aae4a5 to remote] DEBUG org.apache.http.wire - http-outgoing-0 << "IP2MGU2VgQuAMbuMXO9KKs2gce9HsHM+UcOPWEdTtFjw1VTe7qTDfAGA9kEauj3+4Mhwju7TEnFLJmbvAN5Yo2HHCRNaVGjMRt77UyHcPIiHIxww1zaAcz/uu0cJN3lFjiHnnBqdDpo6ozGTb+ZQU9DgnlAw6okafIjw6I6d4oKjOSTpofbnSqCBgzshjhneAAAgAElEQVRyMFPMo+2CNgBxb2QSZ/25UXWe0YZJaBLTmDmnqMO6NsWnmTvxdJfn3Kjy5rBhEoOA3INZrFmVzsY9rRu5kn88dwjswU0FhoYGNr5whC/+dJzFfw/h8QWBDOoQD7bF2dcB31ENuKACg4mTOUqdvqMccKEBDBaGuNoBddQCF7qaEWYCaOhkeQGbP1SCGPqvs9n5xg3M6CJyUBJ/iuhi5ee1/y+LP84I71FAwGwCm4YGVtx7kMlZEQS3KVWe09bPq/FgCsOmnAKgMdCZxb/ph+aCkS/XGoh+I42vT5g49Xko7Zsr8GY3oJqEvWVtAixp3yrX06bBxN4DBmbf42YtqSV5dwWNKjUjAi9h6OFFPnu6Z6vc29kN1lBjNa9NSeKjSh/mLkMCLEIIIYQQok8uU4DFxIW4nW2WNMRvoWppJI5agDJKX3yCytIB2I9xpnr7XhoB9bjH8H5pEuVPPEONoR+ur3xCv2AdVByg4PdvYK4eguf77+Hs0VRrGaWv/03pChTFcub+03i+/yfM+/9NZaEXujtmoD65nvzXo1ENm4RtaTymM9XgPQH3h2/HtOkdas5Ug8vN9HvtNdyGuEDZEYpe+x+qs8oBsLvlSQa8sOCSOuD/ba7ttrFgMgJaADVU1FuDHG2ZzMq6RqOZynIzmn5ueLlC/KvfsvCTlo509O8PEW392e2xsZxYZYsLEPnnEB4cocNcWc5zj51uGSFjquDgoSpCIrxxRQnuGIvOYzQ5WEe4qKHEyLcHy4ga50EHpgp+TLzAmMgbOWS4EYDcbSW8v/IcPr5qLuSbyG8AtyMFrM9WAxYK84sJuXsQ46z11/6UQsS0PFzCNFzIB/3nPzH2f4/j4qac8wUDVHqpKHkugSTMFAb68UP0aLyAjC/TWGY9fxtgzROpNA7wYf+5eTidOMFLH1fwyJ9HcNNASPznYT4/N4BVy4eiqbV2bkePZPf+69FobAFbzDlZTLv3NFH/GMuLtztQWdl54E7j7sogavl43g5e3aMsi3p1OLM8qknJrwdzy3ahL/ZDgy1DbtDy7V8zWPf7VNb+MYPPTkcR2aaHreWRf83gkea21RPlfYiUMF/27B3XtjNuzOv0uC6mYHcu8Q3gNkCFodjEhk1FzFjm3cmaFuI2FNKoUuHn1YA+Po+4zHAWBHeyajtNt5ZNcQlPrcjrZIRNa+d4fpoSXIn6x3j+uahlnNdLz+Qwf3gqibGZvHcwkOfHtR2hNmikD8NUhZw4UEIJTSODKvjxm+rmdeK/LYCmAIuplP1JQEB/xl98rlin53TptPxu1zweM2ENENmicQNQIfF5IYQQQgjRV5cnyW1RIpXHq4F+uL25yvo/rscxftfyjXN9qZ6GoiNUbd+LevhQbADLwU8o2QY6H2i8kE1F/CEAapO+pbaonEa3UBza9SEba5uGrFfTaL5AI2DJO079mWwsZmgwl1NvKqcuZTsmhqB2AYoOcH7la9SYh2Dn7QAXjlD+xgbqyObs47+jOqsc1XU3o/F2oG7fh+S/HN3Zd82iBzrr+KRvS2F+2FYGuUTj47aVqKdTSG/OWFrNp4/uZP6zKWxcncCNbtEMcolm7LwDpJRUs21FPINclGV3PprSNmlqSQGvPbizufzGyXuJPlrdyRH0XEl8MoF+2wjsv43A/tEEDkvtMNoEYOO93zDIZRvD/HYyZmQ8I1/NAWDkoxP4cs8kYj5T5kFEvRXG93tHEqYCJ+tQmAvA4PFDiZwRyIy7vfFpvf9D6cydmcj7CcpQCC0Q/UQSIY+mA6DRqLBpqGDZlL2sTwfnduldDr6bwH1zkoh49CdKgIKEn/mhzJU/vxLEw4uG8tyLPripYPgMfx5fGsDDi4L48ysDyfj055a2dXRm6mIPtAYL/rd588SD3ky9Q8fJoybw9WTmb7yZe487LpUW+t3swcLp3s3TNSYtn8bJczN4e76KRpWa1YdncCp9AgE6SPg4kx1fF1Fk54BO50Cl/jzx7x/nb7srcXW1xnpdnQkN7U9wsAfBwW54a+poVKmZdbcfAQEehIb27/S/YF8toGXqkmCWPq18aMQtP86jT5xizRunWbMqn48+L2TNqnzWvHGa1W+cYtlDGcTlQNjTg3nxzRBGX2z4QkVLkKayi1VcLindTi07viiiUaXj9a3hTFLBvg8yyexs1ZLTbNrRAJFDWLPaB5uGBtZ/lncpOwPg5KojfHy068TLJfGniGtQpnytXtRuEp1vICs+8KBRpaLgRCdhR6/+3BkGpJaQ0fR8559jRyoMe3ooS6fA+a/PkW4tMp0oJrEBbpzh0zJdr0fPdA0bVrZ8Vtw57wA/5rdKxJyv57VHdzaX3xi2k9e2NI2KUj5vZj79EyVU8+mj37L6KJBbyJSwnXxqbZvchPTmz6xBLtFEPZ1CZp+yLAshhBBCiP8Gl2UES/V325VRJd5TcQudQNV0P0y79Ji2bqduxtPYoXybDWD/xxgGTh7IhXfnUxqvpy6vAJffzqP84CfU79pD7ZMRVO7ap6w7e0q7yREeeK1YQc19z2Lxnoff2j9gRxlN/UKb1qvqpjLoo1ewO/QOea9Gg24C3mtX4ZD6PqeWfwnVddQd2k6NCWACXq+uwr46nvylL2NJ2U5l2TxcOhkgIJrUkpFpoNxcb42q1AMazuvbvnEmZV08M39voFGl4s7HvOHoOeI3nGLq5+VsPR3JOFcoya4m8egpEoFhU9wIyDGQuqeQmYHKtJKwWW7UHjRwcvMpHurfj0Ov+0NJHlFBR0htAN8pHkQMNLNxQxnLJu+kcM8Mfjeud/lfnAP9WP6WA1qN9c4rKeelNzq+xydsvg9Thjvg7KHD3ckO75CBAHgFW4MNpnqGqfIZMMyX4FFwa0AaMa37tXVmQAu1bUfIeEUEs2BAIR+9/wsLnjWRgorfPubI12uziM4PxdfcQGOgA+GV1ax472dmLmn7hIx78XZWl37Psk+yuY0G/uxXwkurKnAboAYawEmFT5iO8p15vLKlASXGauF8iRtbH1Hyf7iGBrHiBRVj15YQ/reRynQPk56ktYeIeHIcL41TQ0ked354hOD54Twf6YwJZUSAztUBHUX8+HUDNg0N7NhdxrxlDhgPHmbZ5gbufGtscw6O2aumcCZvJysfTmRCu9wcTdL2GrBpsLB4yk5u8Yby5gBbA1qdHZjqmfLmbc3XOyAylJcm6Un4sIywD0ZS+1QaX0cGs/fZem6fks28j8bzhPdpbp9TyPI9Y8mYdgjXKSP4XUQPIiOaTn9s40JJFZm5ZZjN1nXMoNGYKO1sWkt+Lp/GA2EDmBzqj+W3KSRuLuHr+OoO+YvSt+dysgHunO5H+AwTk1SF7Pswm5Tl/oT3INVV48QhfPVINfctLmLFvYeZnDWJzga/pO0tBWDxkus7TAECCH5gMoUPdLUXB8ZNdcDmaDUHM2q5dZyW3CNnyW+ApVOuZ0b/QtbsKWPv0VpCR2k5mayMGoyY0l/Z/KLPtLKaTU4Zb70Bw2Z5ManmPHF7Crl3+A/EFUUSrivj+cmH2FislM8dUEfMWgNrFifCgBm8FAEFR6o5gQkztmh0Ld8xuHgrz1LutkQmPaQEZCIXeqPLPkfchlNM3l3BN1kRhF68uYUQQgghxH+pyxBgOY3xf48oPxZ9yZnF39BYVG79PZYLmY/i0fx/8n44jlA6ojZ2SofGBlAFT8XR+xOqig5h3BNNbVY1MByXiMGd7K+u+afG7g7LbzBqWqUHdfNR3mo0dARqvsTi0Hr4zgGKF05otXF593ULbHJKuG90fPcrmQp4648GGlU63js0jXnBypSU6Gd3s+wTA/9YX8TmZS7NCV/nfXQrqx/oD6YC5nsnkdgAS7+K5KUZbpCfxdjhaeh3FlHwuj9pb/1EakOrbYAV"
04:29:08.892 [Forwarding screenshot on session ed2d6660-f69e-11e6-a414-872b36aae4a5 to remote] DEBUG org.apache.http.wire - http-outgoing-0 << "j6UTcUsmK//6Mwt39Sw/RXu6AD+WLG1J1opJz6aVHQMs4x4Y1W2n3HiimJMNML6uKcdFT3mw6BUPvnjqNDum9wN0zH1mJKa1ifzzizyWuwJuXjzzx0oeeuoUe+7s1257B+atisLBZSeL3yknpGgqBS8b2LZOT5W2kwFrtQ1oh/oxL8I6bcOo587BhzhpHbWzbs43rFWpWXvoJrSAhnI+nv4jr1oTv56c8w3rgHlfTWW1NYdMwc5s4qzbxy8/xNsDqyh9UxnNVlhS3RyMSd9ygj1pSm6OJx5NYeKu8HaJSys4eEAZvWCTU81xbzcm+SrpTHQ6W376uoz8BhjXfkCGNWjlEhLEs7ElfD2rGPOaEMJU2QwKcUe/9RCNo4awZJwfb3sdorQp2NVHWiB/Qwa3b8jofIV2zX8w5jT5DfDbpUNwBe58wA82n+ajj3N4NrJ1jpMKvv5AeY7m361EfRcuVpP4iYENuw2Ez3bjoorMjLxnHC98uo239hd1OVVIY71HnHr5CriRt3nBG6c5eug8jPPm6HfnaFTpGHeTA8O03sAp9nxbyu9GDSD5OwONKgduvUkJJu286DPdkgA48q3xbFiqjHvZ9pc4nnzfwOqNRWy4u4rUEmUEzref3wTAH+cdZtiU06QnlUGEhzIlyAAatCx4/w4Kju/gXYMf0btG48o5lt1RRKPKgbWpM5hhnbr04+p47ltewqp159iwqH/vGkcIIYQQQlzz+hxgqU/dYx0FAjY6BxoNJtA5gKkaqKZiVyIewWEXqWUgrlETqFp7gMr33gFAdcs91vwtXajuLPVnC9uh12NLq7SS3c4cmcCAtS+jqfsF4/ep2Hhdj71MyO9Wo8qBJ/7qjaamVU4Me1vM2UWs2aA0tvFECYkN4Pd0iDW4AqBm3gsh/HNtKvt2F2Jc5oIGaFTpmDnT2nHRuTMqDPbl+/DIDGvn0debmQFpfARoqCDlqHWkTK2RnduMmAGNpl5JSJtUQpoRbr0cGStrO8/BYr5Ip9xcqYRUfNxt4RIT/gbPu57wp5J46/eFoNJh9vRmwZNq7l2ZycHFgAFGzhyK31OHWPVpA509xjNenkLG82olb0tJGW/+MRO9lwo/p9a9/Abycxpwe8yhJcCidePV2LGYq8p47v5sbvjrSJaOdSWkXy3/AMy19sx8ezzDMk5z3+JCol4dySM36XAfZm+t08DqZUU0DgBKdDzwoB2rFx8HIGqWjh3vnOD7pUHM8LKwf8tpUnx9ee8pI797pZwcI3i1vma5BXyZCmHzPcj9uozIR25mdXOC1Grezt7Ju/neLIhoN1rJmm/lo3u3kYAFmwaYFpgEQMq9u7EpbsCGU9w5OY+TxbCg59GvbtUCjaM8eGa2KzQ/F7boqOatN9on7i3jyw8qaFSpuClQQ0l+BVzXjzDVaVLic9idH9o8osd0NId1OUBgPwKppiAf/Ma4wyclfL06i5dmj8YLC5kHz1LcKtik8fZgXKthKmbU/O5fI9kxPE2ZKvQbfx7u4hbubZO43uTDJNVp9u0rgWV2fPt5A4wfwEhX0N00gEmqU+z7phjji3YkxQPjvRnpCvTomVYCLI0qL/68tGX60uylwbz5YRo/n6oCZx39AJs92dw4uZT77hlI5O03UHBhtHXt9n8I6q3nWk8l4Gqs5qS15HxGDtvSrKO8rCPaCk/1bQqiEEIIIYS4tvU5wHLh37EA2IS/QMCKWc3La3f+hYKP9irJbhddLMACujvmoF57gKYJJk4zJnW+orlOGV1yYSf5T5Th/nIXr2auq+uwqP2oFNux09ESTS0HKFu7Fh0/UXkwG5iA/YyIazyZax8FePH0so6jREwHD7NmQ9u3vejbJE4BNLZKaKLI1CqXhSMD2nf2nFq/7ce2+ZtnsG1eHv37tOYkss1UNVRepk5zb1UW19Ko0jF0qJaLRPc60g3i+b/78uEH+ezLdWSADoLuvZGXRztw3bFUqKwHVz8++84BzmcxeV7Ht+6UxCczcl4FX52eyq0aJbGu+6xgVs9zsSaKtUVjZyJmcRoHta1ClTp7/LzNlJ+/gAsqbgxyxt3dljNpRZxsgCHZZVROcmbAda6EqYrwG+yAu7edckxean5cfYgvShx4/ZN+/OWxcqJeGM7pz5MI3jSVFRPP8dOOVDZ/Y2DGAxXExMONLw5i3rJx3NnJG1zi12ZzHhWvvzGBKtMOnnvsEHOnTuVWV0hZc4DVR+GBz4bTIT+qswfP/XUIp1BGyszVqDCbWyfSUaFBeYvMzNkqbgqxb19Dr904eSjPL/Nrt9QCCdtYmdSyxHhQeSOQDQ28NPkbXmq1tg0W1n6hZ/aLSj3ff5mnLM8p5PbAdm9jStUTlx7GI9flM2faEQytTrNxYRiF7w9su75vEO98kM+0J8pY8dABbnq3/UQgpQJzx49PhcnAzt1l+I0cSGhAJ9PwdJ5MjoR98eUcPAqJwC3TfJSRSboBTJsJ+3aUsD/BjiPALXf7WK/7JTzTXrZtE9I62+EFpBwooUQ3jndih/DwrFOcPGpgzVEDa8igcYAz7229jXmdzO/RtPq35CflPrehmufvTe2w7omdRZS83t2rvYUQQgghxH+zvgVYKg5QeVCZDuT4m7YBEe0dv0Hz0V7MHKcirdw6Or6lB23rpHwTbWNnHYvuPAHXW/pRtq8cXO7GJbSLxAIeYTgEOVCRVU39mb1UZz+MStO6brs2/6g01h8c7NrmaAEgBO+/v0DhX96i7mC00tnXDcf99ZfpXQaP/yb1nX7LXVHbarSGNch1Y7Bjh/VqAQIdWjpKAfZ49yCXRBMz0KhS896+Oxjv1HIs5kozZjRc9x/sAZnyz/HTeXvGhTa9atbCgR0l4OVDSC9H0dy6aBzlP21ln5sr1wG60CCWhMKPxw4DyvkHj/KgJCGrk60t7NlcCHjg7goYlafD8EkGcz/puPaw1oGtktOMGd3SsTx5byKrWxXH/f5I86uVAVIfSmINLZ35+A8qcP/DWOYEFvEXzJidB7H59ExwVSYYPRKZyoq/HuHtjHpONsDyu5QAQIdmys/hrQ9NMDOYaV5aeD6Y52Mzufepn9i6sIFFfzLQOHEIf+lseozODd+aEpa9UdFZ07bROHEIGcsu29vquVDb2WglM6Z2McZv1+kBmPT0EO4eYtfyLFUaWfVKESkrs0l/0Y9QUwEb1lpoVOl45u+D23TsSw6eZvVmEx9vOM0jr7nx578Ooay5tB7noM6nDoU+MJYXNu7krf2FzJ3Ztizw5n5AITEbcvhzZMdXMeduT+XRxWU0TqmmMLqzbCRaxtzhDPHn+XK9CUMDTJ7kaS1TM2GqBzaxZWx4/3S7sp4908dbrduyYT21gN8EJf+RaewIdhSN4GzWWQ4kFrB9SyGJRyv43UOpRKSO6LRNmngFeuCrykc/fgh7PwtCY31rlcYOyotN0M9FgitCCCGEEKJLfetZOE/AL+5A52Xam/FtXTbpAK1nrjssfI8hC5t+M1FflktN06uS75rezegRD7z+EU+/srM0aNyxc9a1rdvjaYbEPd28tm1Y299xjuC61scVPAu/6KnUFZ2nEQ0ab8lse7m4hngrUx4+zObgcn/ra4AhJVpJ2OkX7NarPClgi6cH2DRY+LkY5oW25A+ZH3aIfbixtSiyeX+Xg8ap6zuy7OdfmDPvHGuz5jDDC8jP5b0dcOMfWt6O0mFru6ZRI8rokg5yf+Yvnzdwy199Om2jbkdXleSz/mu48Q8BhALGjBJSUPHiZ6MZ497SOdVoTayZlsbPrXOYeA0m+WR/NK1HtWCLpvIMU8LSiFg/mRWTnagwtw4k1GPGHlDz27+FMHuaHxwqUIrMgFdTBEfLw68E8+rETFa/r+TJeDi084+g6L+mcbIBXn8+ROnkh4ay49VCZi7PZm4sNA7wIO5/u86zYzbX0ahy473oYNw6m6JlBwdXHuGjInOvp8P0mlHP+q8baFS58dLr4e2SptZSsm0Hq4+W8fnOCpaac5VpdguDeX5RUNt67tYR83Ua+rXZHFw+lQXLOvvs6mz0lEPLVKF2b8gadPsQolSFxMVm8sI6L1YvanlltCk3jxcfU0I4Tzwd"
04:29:08.892 [Forwarding screenshot on session ed2d6660-f69e-11e6-a414-872b36aae4a5 to remote] DEBUG org.apache.http.wire - http-outgoing-0 << "2OXpDZs0AHeyid5QQeMADyaOaongBU/sj6+qjMQ9JqWs+fr35JlW8mTZFBex42Atvxun1HtwUzYnG2BSfzuMR39i2ORsfB+7mUOr/AkI9WPB0iLmuyWyzzpqqSsaAE8H/AF9UjnnnZ0ZZ42mFGxLZNpDRQx7+ma+fd2/m1qEEEIIIcR/s8v31W0fXHh3HqXx1sS4DMV12siLbmPrMbDbHCyXRoed98CLryYujasfTyw+yqOfGJgT+g0vvz4E0k7z6vsGGlVqfvfQQLoaCdN9p1fLw38ayqt7slkz5xuynh3KzCENfP3XU8prX58devmCKxVKDogdq/Zhnj2Cp4cqd53GriXEoT9QCl7ejLR2xn78Iov8Bnh7ftNrccyU5rZU6QIUZ5eR6V2DWV+iJMNtt9uda7M5j5r75npzqdK3Kx3O136j7L8ouxqbhgbeeuhQp+sPa/ObGqf8HOYtzUfr3ZSvxRaKKshvgITVh1j4T6hqXr8BfH359F9KQtHQ2TcC0DEtsOK0vmVL4gv58mAgj4xzbrNOwc4DLNvcgNvCkTxi7YCXpOfx1b5W25ZUEb+9gGH3DOr0bTegwqbBwLI5nZ9zs1HdF7dhto68Mlx6jhJzq38zd2ST2gB+jwV08kYaLb9d6sXqxSV88f7PeKJM/5q74LqOlXpdxyORaby6p4JPd5Qx7oFLCA63mirUhs6b16J9iZuTT/TvE4n/wo25U13RFJSzZoMyIqhxylCebp/3pnUVod5MIps4wP22/m3PMWAQEV4ZbCwG99sGtirr2TPdlFZ75bRdXPj7DQw6lc9L71fQqHLgyYcH4aq1JVKVTfwnR5ivLee+0VpSYpQglfvN/RgEmNu80akeswFscvKZNy+BJ18fx6N/0JG4ysAc750888EQvPKLWWVNdD13jvydEEIIIYQQXbsqAizam+ehLUrBxt0fx9mL5fXI14Cm8MOMVVNY7XKAZasMvLo4DYDGQGdeXzOBBcFaoBZPD6y5VVq46IDOZjhYl+lG3UTiDnh6cTbxq7KbO16Tng7hnU7ejtJTJel6EpLL+DnDyMGjZaQetX7Fv8dAyi0NOI9WppwlfJGK50kNZmM1O96xQIA1X0x+Fq+urKZxylCigtUYTRaKdv/MxgYI628Hpjq0QNzvD7WZatNG5gme+9CE+29DOn11cffK+HylgcZRvkSFqsFUwBtPldA4cTBpu0bjZbJg0qmtQYkKXgv7hh3tatAOcGbYcB0mXasQpq8zubkVoNPg7WtLy4yXenC9+CtnSnIL+PSNVFZvNtGocuDF/8/e2YdFWaUN/Ge7AygyKEqjQiaYSIuoxIsfpGGhqbmKuX6kmezrR5qyrWMtYqJSWCLbOlakGOibaJpKJqIBBilJoPIigVIT6KCJ2Cw6ygzoDNP18v4xAwwwfChWW53fdaHznHOe+9znc+a5n3Pus8GZ5FWXCX86jT3B7kSu8GKEmy2V54qYNqec2ge6sX29G99lKtkef4GPkkw5/jnSh5ChetYHfcs7C3PYvNqB5eseIWi8KwOdLfc6mVaI/HOPG92tKWQDZ2Pz2XKxfbVquucPOAF0+4PVFUS2gNTWmtn3D7i4PgD5D9DVxsDxQzeofeAB/nu29cZ1G/8Iox6o4GTOVQ4DtbJeBI2w5o3Wlsnz+xB5rJzkjy4TPbdHyyvCujXXy3vucFYeSmXjsf/DxsJc7Tx2BGeSi3gj4juO5N1ie55pcNY+8AAzwrwJDxvQxsqznjwx448c2fcjkya5NInrxpiZdnz0np5JkxobD9se0wZ6uj5Abb4N40bWsFVu2jBUK+vGloOjzU6te/FW0kBuLPyOrPdMR78DuAY9TMJ7noABl0E07DXCgbEhzmyVV/DNsQr2jr7JvrXjiLPJZtFbN3hnqTmPB+xYmjCMJb4dP21KIBAIBAKBQPDbpVNtba04kVjw01N5m1JNDTYSG1xc76eHmx+5WlpFDX+gq5ND41NorPDlG4d4blcvCkpGWPWl8OXqg8x+7/+ofeABvMZKGflfMkaMdGbI0J64OP4RuMHaiZls/6phb0XtA39k+Z4xhD7Tmegnk3knD6K/mU7/rYf4y3s/mtPYEX/+zzzjcAmvh/+Xrit8SJjVjZofrjBh8gWe/3g80c84AP9mcbcvSeaPbDk/tZmB5cvVh3hu/4PklvjjAlSkZzNk+g/125MqT5mOpJ0eP5Z3ZnbjoxcSCU2Cvx97htAR5nq3OAYboNuLPhS93fKWD9M9Vxje6zTjkybzRivHU9dRp1fC5SlUhR9m2U5TZq5BrmzdNILHnIGKH4he8b+8k6Sn9oEHiC+Zxs0VJn3X505lyKepTH7LZFjxCX6Y8JU+jHCtswnf5rOtZ3l91Q+U/Z+pfj++/Of6k6PSVx8h+D19c8WaUNu/D7n5/jQ1AwhMVFbo0JidIju5Odzjlr67pT1j2pxGYkNv1y5WVzFVlOmoMkJXp844O7bxLkFvoMIADo62DbL0tym9VgOSP9Db1aGFlVICgUAgEAgEAkEDwsAiaDebNnzDvzZ803ZCgUAg+A3yyqo/sWLVn9pOKBAIBAKBQCD4XSIMLILfFemvJjIvvhe5t0aJVQsCgUAgEAgEAoFAILhvCAOL4HdFxbmrFFTbMWpED7HkXyAQCAQCgUAgEAgE9w1hYBEIBAKBQCAQCAQCgUAg6CAdP0VIm8+GsDj+bdvg+NLW1hHXR0fwbPCEjm3D0F/l/AUYNKipFC17wsIwznqdYB9rrkoFAoFAIBAIBAKBQCAQCH4+Om5gMWjITE2l2LEPfexNQdXl5Wg77WLTp3JOHwqxelpL22iJmTqaTY9uQaVoamAxULw/lcoxqwnumPaC3ykVFZeoQoKT1AXHDpy8qr95lWt3jHSV9sK56+9j01FlxSV0f+yFa/ffR3kFAoFAIBAIBAKBoCqB89YAACAASURBVD080GEJtlAFzHv3U7KyssjKyiJf9TXRMwZA4cfkVdy7aH0V9HG0tx7pCI72DqZ0bZ/GKvg9UHWS8Yvd6bTYndfzK5pfA1Tls2KVOw+GP4V7+Gi6rdrAvXVRPUd3zqFz2GjcX3+KB1/5E5uV2vtYmCZUnWRaXVlyOzCoOswlXg9/ioc+/uoX1EEgEAgEAoFAIBAI/vPouIGljpoaiwspk2aNpVOna1wo0wKX2BOxgP79+9O/f3/cfSaw4ZN8APSXMpBP8KmPmxO2k6tA/gdytl7rxLVdf8VnTkyzh2Bbe/j66FtMdXfHy6s/PhPkZFyqs7RUcPjtpQ35jVrAJ+dNErT5HzDKZwEn656F9fks9RnF2ycr0ObvZILPKKZOHWXSJeb0fasewc9BDbfNnww/1oCxmnLzdeUdU/+s+DYJhabhjoedemBzL1ndPEFY9imLgMF4yaT3Iql9GGvqx4CBmlaT/qSU56EANowY/MvpIBAIBAKBQCAQCAT/gXR8ixDQFdAbjYAevR5qdBdIiPuI2toBDOkv5bB8KOFJjqzYvIcx7jWkblnFln+sYti4XeTPXURSz0XsTZkN5z5kTugbLHMfTIL/MwyoPY76yaW8/eIYHJrkKekK5w4cYMa6LaySfc+6pVEsihzKN9uDyd3wAvL4EqasfJ8FfrB71VL+MeUF7E+m4ltVTnnld1QbzIJ0Ggory3mwpgZDVTkl2mvUFo5h6aJRSB91vR/VI/gZ6WJ50d2XmOf/yQ8/SvjTo6ZtZhdKvjbF2c/jyqYI7rmFu9jTBzgPKOTfsNzzJ9ouY9CDrR106dq4bL8Q3537DBhBwJ+E7yOBQCAQCAQCgUAgsOS+GFjsgAPLAjnQJDxo3Q5GS/Wc//NmNk/zZMrovlRc/QGfoYMhVYXRAEaAyxcoUF7h6SeWkZI0HRtZX6TO/RnbBw49NJzA4YOa5WmsAumM94kKngDA6nkJBCeVcoNiDsYVI525BcWLprio/XFkDV3EgfR8fN1NDjckdYKs+N9Yd/h9ggcJ/xLNMOSz4s1V5FbZ8Zf5cSwf5ExFfgzT9h8B3FkfuoWA7pCZuJSQPBV9HR9G++/L0HUEW1ZH4G0Ln25fwKYLV+nSdx5JL83Bjku8vn4J6TeqQWILP3Zt"
04:29:08.892 [Forwarding screenshot on session ed2d6660-f69e-11e6-a414-872b36aae4a5 to remote] DEBUG org.apache.http.wire - http-outgoing-0 << "l+wBfRdx8KW/tK5vVRlpX36CsqYzz/YZQ1XmOmZnFpriqpOYuOprFjwfx/JBthxNXEfY50mcB7D1YNX41bw1abRVsZXKncz8II5j5utP9kzlzMNL2Tz8B17YkQCu89i94kWcgcrzHzDTIszm/AfM3HEQZCOY2b+SyM+TuAwMks1k098iGOds7nc3T/Pa++vYcKUY6MP8QX3r82uN73J38npyHHvVprU7g2QTCJ/zOrM8nYEKtmxaxN4KGOw5lAt5CRwzwNJph3l/fF8+3ROGPDPVpI/7PJ6XXuHo99/h4fsvtk8fDujJyj0OD63DpwN+awQCgUAgEAgEAoHgt8h9MbDogTFyBS/6daempoYautLfcwj9zA+LfWWw5dUJyEs6Wdw1AAnOLIvdzIVXl7NRfoKNQG3v4ax/7x36OZuNLy1th6iGkX7uDde2pn9stGpKgaBx3g1xUk8m9YH936rBnWZ0tfhcWzsA177CuGIV2/70pRhFNdw6mcfyQRM4c+pjsjTlQDFpFyoI8Ktm/5epnDdAH89x3Cr9nPPVxRwtCcN70AUOnDlOFoDmCPmGOYwsO0bElWLAgeeddHxU2U7Zvu1Ye2LUcPLKKbIAT52OXjdyuVwfWcl5TSHfa2v49L1nmXa+vOE+QzEbDgeTV7mTtDnNjSw1ulKOVTekz1IXw61sVj7maAovu0HdAqka443GYcYbHKsuBlUxx1QNMs+r9/P0e+7ceuNFHA3nWRA2mx319V7ODkv9WuC7L+R47ktqFHZencpzilSUC0+yzs+GiopCsjSQlV1Yn2bAw305un0m084UN9ynSmBVfVVVmeulgP1XYPa0kbQ1QiJORPB65utW49YFrCNiTESb5REIBAKBQCAQCASCXxP3xQdLFfDQkJEMHz6a0aMDCRw9vN64Apd4a8pyUpnJhylfkn/xIvkfLjTfVcG3ZRCy/Rsu5mew5/21jKg+Rfjfdpr8TVQDttY9ZBgAabfuzSOk3ekDJH1+riFMX8a5chg52BVqzI++dW/gbWyoaloaAwKrSJn4uGlV0PlvT1DGVTK+bXjwTy5UQkU2WwwAfZg/bhEvyUxxRwsL0F/OY2996lOcLtOSl3/CdOn0HMvG3IVs/+FtqytpvGVo3ILP+HhQH9OF/TyU//qat/qcYq3ZeLF0Wiq121QopwUBcCxzKzlVNMPZL4Jbr21mFAAefPzaaW699Rp9LNJYW+DRNGzV86b8jvib/ZlUlaMDKgoT640rEcGp1L6r4n+nBLVeVsNpVpmNKw8/tIjCqG+4s34vcieznF3v8V0jHQbzsfwwJ4J38rxrAe+ajSujhv6TW9tU3HltC882yaLym5Mcw5Egb4/WdQEixkSwLmBds3BhXBEIBAKBQCAQCAS/VX4iJ7eWVKEFcHHHvW8PdOcPIw+OA7pi5CY7ly7nLwuiOK2z51FvT2QAfZ1xwBmvMY6UZx4l4/zVljJtcm0ABjEhyJHK/at4OzWfq5fO88GKVzjdqRNDB/fFQdaHTp2usf39w1y6WszOVau41qmTNeECKwwcNsVkWDBkcfjLo+RaGKPOX8hgX2aG6cJpEk/1kRJoNshknfuCpNwvG8n68vQRjhSaHMU+O3wCI+9K9r1oL6WXtKfpo60tTl2l6CrOmbYFAYW5G5mzfgGrvso1h2jQGIuJ2jSHaRsXMGfjAqatXcAupRbHHvb1xhsnqTOOXa07uLVp2IzWhMGMf8xkqBjlazLVUH2KgpvwzTdmPzEE8Zy/KY3v2Gk83VrRblfVO8GdM2kh3t3tsHMezorJM02Bhq+5cLMh+aChS5jlOYgA/9E4GxucA/v91xM4AnYPT2DWQMdGWZw5ewhsxzOsnXXf1MgijCsCgUAgEAgEAoHgt8x9c3LbMoMIXhdE2hsbecJrIwBjZgbhuD+JU4X2rN4Zhio4ijlP7AKgtvcE4t6ahR3gOWo8nQ4fYNGUCg6rtmPpicUW09akRlrYmzSZoviU7w1LUCybzlagtrY3S7ek8OIgKfAc0TM+IzReTmA81HqPoU+taQWDrY2kzdL87unuz2wZZKnLWfZRFACjBi1icHkcWzQJPPe5KdmzwyfgDDgPm8Kog6lkaeLMcY7IA4L4PDOBTzPD+RSAPswa5gPdtXclu0PUG28a1nRcqTYZ8rpI+jLbfSB6oxQb7RXOfHeKs7YmY8NlQyVDdG0scbJtMKpcuPyt9TROw/mTuavVGI31wY3Wa9natv+EoxbsOLYS65t5utlYv8EydZXRMuYSKQXlDBoyDrf26gSNDCrCuCIQCAQCgUAgEAh+y3TcwCINJFWlajXJ8GAFF599jau6Ghx6uCC1A6IU5tgXSVXNo+LqDWpsHHBxblgJ4PGXKC5Oeg0tNjReH+DMqvzGeY5elYqq3mlEP0K2pLKwooIbNdDDxdniwVHKX6IOMem1Cm7owMXF8lH9VVSqV++u/L87zKtSDqbWh4wdNQ//s5lsqffhYTaYgIVBpi71Yzw/cTqVmQn1K0dwmmpekXKXsu8DDk496j/Pmbydt/xdqDz/ASuOfcvAh/zo2yuQg9us9G8rW4fq0ZzlmyoI6Krl9HdnradpxUbzpz8NhexCMOwnIXsJ6/z7ce6ro204ubWpX1GTnPUZcp9gnLnER2l1Plke5ZHucM7arRKLe7/YR/Dghdh8k8CHqsqGNOV5KAwQ8djdH88sDCsCgUAgEAgEAoHg98D92yLUFlJnXFzMxpVm2OHs4tLIuNIQJUVqd29OZ+2cnXFpZFyxFOvcxLgiaC/124QA8MB/gAtDHx3RkKDeYAL1RpM6HhqOb/dBjLHYfjJ7eGD9ipS7kl11kjkvuzNtz8n66Ns0pul103VPdv2fQ2H2E7Nh52hGr5/KkPei2PFdEhGnirG/p9NyTjHmtVGMXjGUZZZGinZQAzgPDmK2+Tpi51N4rxrF4H37m6TUsmXjKDqtWGryE9N1NK8FmIwf58+/zoOLfei3+CnkV0z5y59/iYG0YNfpOppXzX5gzqs24fnyn3CPjTI5Izbz3bkMYDBPi+OZBQKBQCAQCAQCgcAqP5+BRfDbobs/sx8yG0hkYxnaFZwfHV3vI2T+qMZbeCyNJvN9/AEY9V/jzSEezHjcYkXKXcq+YYCKO3W+eBpWYtj+0cbKNXR1dDEH1EmQsvyNVBQDTb5Osq4Uchl4WDaT7NcjaPusogbznbPPMj4eal7hYSgnq3owSwcObpIf1q8BcKKrBLD1Ycdrm5ltTnNeU87TA2fyrH3drTaAAW11OVSX1y+mCZjzMcfGBZm30lWaT0zyYMPzh9n0hKl8juadQV06N958NC74EMfGzWSUvanunx4aRvzQhtUqGV+lguwZcTyzQCAQCAQCgUAgELRAp9ra2tpfWgmB4D+ByptX0dwxIunshGt3605r24P+5lWu/wgOzi44tp28NUmUVfwAf7xbffRUVNygCujt7NLmkcpQwZaNL5CEC649A4laMAdnKohaO5xVahg0bAtZ07zR0QPX7uIIc4FAIBAIBAKBQCCwhjCwCAS/e7RsXjUUucZ09bC9Bw7VxfU+cuTPf8GmJ/r9UsoJBAKBQCAQCAQCwa8CsUVIIPjdI2X5ijiWOplPSqo3rjiydFwcbwnjikAgEAgEAoFAIBC0iVjBIhAI6tFXadHd0WH4ow09u1t3EC0QCAQCgUAgEAgEguYIA4tAIBAIBAKBQCAQCAQCQQf5Y4claPPZEBbHv20bjhextXXE9dERPBs8AZeOyNZf5fwFGDTImhQtJ/d8wN6MbzEgxeeZ51j4l+HN37hfSkUeeYp5igh8mvkJ1bInLAzjrNcJ9hHHzwoEAoFAIBAIBAKBQCC4Nzrug8WgITM1laQTueTmmv7S9iegeGMZo6fGUHHPgrXETB3NlO3nrMTp2bN0KH9dsxUVUmxvnEAROofnNmQ0SXeVDUuWknQ8HbXBqvIU70/la3WNtUiBQCAQCAQCgUAgEAgEgnbRcQOLLVQB8979lKysLLKysshXfU30jAFQ+DF5925hQV8FfRztm0doc0lIBe+XPiR1u4Ith3KIHi+lMO5zLlkkOx3zD+JLOgFdkbSUiSM42juY"
04:29:08.893 [Forwarding screenshot on session ed2d6660-f69e-11e6-a414-872b36aae4a5 to remote] DEBUG org.apache.http.wire - http-outgoing-0 << "8tPfu64CgUAgEAgEAoFAIBAIfr90fItQHTWWq0CkTJo1ltADW7lQpgVnDXsiIlmz6wQAtdIBLArfwKq/+KC/lMGqJa9yuEQLwPAZa/lnVDD//kDO1mudYNdf8SmWc2xPCPWbeGy6E/Dkk/QJHGIOsMP1IRmg5IoW+klBf34ncxSnGeDdm+LCltW2tYfTR99iavB+znXqhHTAFN6O3UBgPzuggsNvr0O+Nc2kd+8x/DM2ir8Mckab/wHPzD/NhsztjJYC+nyWjvwb7u9+yotdP2Pm/DjsHoZz564xXL6H1/p+wZLlcVzr1Ina2gEs+qep/L8udKRte58zN7FisDJC92GM73eJg0V9CF0xGYefMJ9li8e3IF9H8qbNGMcvY5qX0z1r0EyfmM3kdwskbK5/o5ji5Bj2lT9K6OJAbFu4+94pZXfUbsq6+7NscaBFeX+KMrZG+/IrOBhDYhFMXxbCkJ9DrWbcRb0Y1BRfBg8PGYbSDKJ3fMu00BC87r3T3hWlmbuJPXCc8jv9eHXzGobU56sjbdtmsqq9CFkxDZnFPcXJMeyr8CZ0fsDd97VfuLyWemQePUT6yXOUa+8g7TOAp6bMYrKfW9u3lqYRvaOEaaEhPHLdsgwa0ra9T/KZYuj3Z95YM4v70/06Ns40uTv4xx5YMcOegxnFSCRWZjNjd6a99CRZ7+yjz3PLmGyZj6GYHdH7cJ7WJLzFecFC86JkNn/8NR4T/5tZ/q6tFLGIbdEfw6gXWDzewyLvUnZE76bbtMZlL85O5khKFkXl1+ks7YnniGeYMysAJ8BQfJClkUWsiF+D1/2fDH8eLMZJq8laHUOW/UbSrj5UnLaNXR3+3qTFdmtb5/ZRnBzDwdujCZs1pD5MXZDGR4ezuFljz8BRgcwY79cwP+lKSd7zKWdUamxk3kx5fgZDZHWxOnKTD5B6ppQa7Bk4aiIzxg/5Cb5HBQKBQCD4ebkvxzR3BfRGI6BHr9ejrThPfNxH1NYOYEh/KYflTxGecBa5Yg9JSR+ydGQVcf9YRYa2gpi5i0iym8melAz2RL/A6QNvsOyDfPr7P8OA2lqkY17i7b+Pafyjw24Qq7ZvJ7jOqYr2NB/EFcPgZ/CTAhSzasrr1I6JJHbdVExrbKwj6QrnDhzAc90W9ry/EllxEosi96EHTm54AfnWNKasfJ+kxPeZ2fU4/5jyAqlXwVBVTnnld1TXbT3SaSisLKeqpgZDVTkl2msUFg7kpYUzGPPwZZYsj6Pv0s2kZCSxLqiK+NDppHZgdc8vg5FbZSUUl5RQUlJEXl4eeXl5FJWUUFJSTImqgoqSMyhzLnP7J87H2Mq9JTmFFF1vOcW96HMpv5C8tLOom8Rcv5xPYfq33LqPudWhyT5GUl4heekfkl3WWJ/LOYUU39cytkY76tRQwJ69mSgLM9nzedHPpFdT2tv2Ona/EsLqg0oAqq9/S6Eyk5+tOinj0/gkVJVSPAY82MTKbeTSmUKUOXvZtK9xPV6/nE9hyrl76GtNynvtWwqVp3/G8tZRyqaFIcTsTecSMnx8BmBU5pEQHUpkcnGbd1dfK6nX27LNNLkHiE8vhD4euLv0xMqax3ukI3NJKe9Hp9BzxHBuK89SWHyJkpISSopMc1leUQklJSUUFquorLzOGWUhJZVN8qm+zleFzcNbnhcayE7eT6GykMQ9x9C0WsRKzimVpMdvJM1SVvU1jhcWcski7+xtclYrEshR1uDl44OMcjITY1gs340GsPUYw+M2hUTFZd9NRf0H0XictEbrY8hyfm5fH7p+X743sdpu9VEdnOfU2TtYnZBJSUV1fZgmdwch6+PJKazC3kZNUnw0SzfVbdUuY9PSUBLSc6B7Vy7lJLE+ZC25OgADyZHziU5IQY09NlVFJMWvJ2zbr7XvCAQCgUDQwH1ZwWIHHFgWyIEm4UHrdjBaquf8nzezeZonU0b3peLqD/gMHQypKowGTA/Kly9QoLzC008sIyVpOjayvkid+zO2Dxx6aDiBwwe1nHnFSZY+HcxxPNi8eR52QGrEyyTxJIe3z6Ff/tsA2LTwxsZYBdIZ7xMVPAGA1fMSCE4q5QbFHIwrRjpzC4oXTXFR++PIGrqIA+n5+Lqb3rPUv5O08tpl3eH3CR5kBxUZJADfq4pQqT155rXd+C6AR351fnWdmBW5nVkA6NgRMp+UO2PZsn1xvQEsd9txkHahC4DBALb38j6q7Xxau3fZ7h1ge39fzUs6A0iaraiRSAC75uEdx8CJlCzzZz3JR3MZv9ivIdoObO5/pi3Qdp2WZWWgMn9WHUmjbJYXrbw3/4lof9vX3AFp1y6mu/xC2L1j0f3uMi1j+J4iPYyUv8EK/+aZSjoDWlAlbiLt8e2MN1dkR/qaZXlNghzpYrZEGLA6fd13srf9ixw9jJz3Jismm1dLLComauFq8hJ2UfR0ZOsrHyQSwAYJjdtMdwVAyqLINQxp5fa7597nEnXGPgpxJXyqF0NsN3JgvilcV7CN+evPIN+ynfqm12WzHbBpKsTc0I3D25gXAHS5pOaZ97uqU/i8+HlmebRQsZK6bLTER+3AL2a+afWPxJRvXd66on0o0suw85zOO5F1K4RCyIyRE5OZxIHcZ1js58TUBQGkKPaQG+yP38+9Ouo+0GictEajMWRlBNXPz+3rQxIJHf7eNAC29vY4YqUv0ZF5zkDuQQXRe/MA6FwfruOzPSnAYCJ2m1YtFSdHsjrhQ5JLRzFZUkS+HnwXKggb7wrFB5mxei8nz6nx8/6etEJwnRiKYr4fYCAtciHx6acoW+z/C3x3CAQCgUBw/7gvBhY9MEau4EW/7tTU1FBDV/p7DqGfs+lMn74y2PLqBOQlnSzuGoAEZ5bFbubCq8vZKD/BRqC293DWv/cO/ZzNxhdadkBbcXonz85+nXJGsOWLHUzoZ4c2/wOW7SqBwSMo/GQPyRmHgGoOxnwAU55jtEeTo4SqYaSfe8O1rekfG62aUiBonHdDnNSTSX1g/7dqcKcZXS0+19YOwLWv+Uwj50D+tX4er4THsSwt3lT68S/xdtSrDGp2stGvBWP9KpLbYGH46Azar4he+RVKlRaQMnbJShYHmh6oNAXJbHw7AZUewI6AeWGETPa663wMZdkooraSpzY9SLiPnM2KFdOQoeHA2rXUTH+DGV1OsCrqJK5eXcnLU5rTzWPlismmJe2WMuxkuDtWcr37eP4ZOdf6FoPOkmZvx20kDT83C3av4e1zA3lno+l+XdFBlkfl8/KWSIY4lJEcs42ETPPbUTsZY+e+xOLxLZRdc4qjSj3u0+WMKt1KQvphihf74dEkma5oH8ujzrNkS6TpgcZQROTCTbi8/E/m+8HuNWv5rrs7VTk5lAGywUHMeQK2xyShBaSeEwkPn4+brYbdK9dS+pAnmsxMygA7mS8vrQnDX9ZQp/P9rNWMjhNHckA6ltA5RqJjMzmaq2GxOW1rbZW8aSMJOSpzlfiyMExOgKstoCFjx/vEppj390k9WbhSzngPJ0BHxo7NfJhSiB5A5kvIK8sIcDM20rMobQdb41PqVx3V5Xt9XzQpWiAzmheuBPHWPAkRUedZ8k4kfk5Qmr2Pd7cmUqYHkBIw72VCJg9BV3Sw1f7UFKtyxsCa+Qq0QI5iPvJzoSiaPCAbAaQy7LTqxg+9jTtIi/Vj0vMokp5QVqal1yOu/GBR3ojpAGoOK9YQbS6H68h5rDGXo+UxqmHfmrWcwp7rShV61yBe9v2Og2Vu9L95nEyVHtN4D2dxYNMtP6WcylKDaxCLJlv0YlsP/vulidxMMSKpAWxpsd0sDUt1/X7ufDe2bEkHYP2MF5gY+g7P971IXEwsmUrTtlNX3+m8LJ+Fmy0U7I4k7jsJ9uV5qLR2TJ73DGf2n2mhTTXt6k/NN5OoObQnD3yXMKTJc7Kx7uvMyioCiaTJg72NvcXDrJl2zAulJ1Ipw47ZoQvJj47hyJEsZq0IbJ5hU1XUKSj2DSdyllcz/ZRZJwEZC+WNt18FBM8h58ph7G9XAk44+T6JO5kcPlGMn2U7GwqIXPg23f/6BiGBbqDJZc3f38X+2TDCpnmBroA1S9/G7eV3mNHz"
04:29:08.893 [Forwarding screenshot on session ed2d6660-f69e-11e6-a414-872b36aae4a5 to remote] DEBUG org.apache.http.wire - http-outgoing-0 << "HHHvJpBTZmo/O1dfFr4sJ8DNluKMbWyMTccUI2PswpbmUAPZ+xQoEk1GAaSDWRK+nEA3hxbno6bzwjsb53Kt1b6oJnG9nGhlGWCHb9BLyOf6NzG1WPYhWpnvWvvebLksQKM6kcrs0ALeNKf+u+KdSGw+W8OH7Rq3gOYU0XvzcPUdCXk55roHMFKtBWlAYL1h1OPxJ7BLKKTk2i0MvWvQAzZ25pHbswdS021g44i3pyfOwz3Nsmzp9aAjcIVrOnD9FRrnBAKBQCCo475sEaoCHhoykuHDRzN6dCCBo4fXG1fgEm9NWU4qM/kw5UvyL14k/8OF5rsq+LYMQrZ/w8X8DPa8v5YR1acI/9tO0+lD1YCttXcxcDXjbUbMeYPqEUv5QrWHCf3q8rPFu/cAPPTpbFFsYX9OOZ06aUnaspXTVo4SMgDSbt2bZyDtTh8g6XOLU4z0ZZwrh5GDXaHGUJedCRubJhuRqkzCAX3FedRdR7NPpeJURhIK+XhK0rayO/tq6xX7H46kyf8NV1rKuz5JaLicse41pMe+S7YGDKXJ/H19Atf7TST8zTdZMtGDzIQINmW2sM69xXw0fLROQZ5kFOHRCsIXBqDK2UuUeUvFrXI1t4xGjLcrUOvLyMuDhaHhLJzoiSongQO5GqAUhVxB3h0PloRHEDJehkqtR1te3fL2I3UK0THbiImJMf1tiyHxrLr+dWFNdTn68oYNHMbb5Wj15dwyQkaUnITMSwQtCefNN0OZ6HGH9PitZOusZ1X0eTpa7HhqjD9PB44ClBzJaF5PxtsVaPXl3K5TurqSS3ott41m8+RNNcqcHDwXygmZ7Yu6MAlFTBrDFspZEuSLVpnCp3lqs/5qCjMz6T87hNCQIBzVeShikjFY1KlVyrJJKwP3p5/EL/BJ3IH0wyfM3b/ltiret5GEnOvMDn2T6Igl9FPnEbPqQzRA7ra1xKYU4js9hDcjQhjZWUn86rVkqqFg93piUwrxCArhzYglDK7MIyb0fcos9NQVbCMiPgXJ2HlERL9JyPSRqHL28lG2mr4+o5ABdp4TeWnOMCR1dQgYivcRqkjker+JhL4ZwbyxfchMWE9kcnEb/akxLco5UctzS8YC4DlxIX99sn/z+rwDsseDCZvtaXroPdh8y1Vr9WPSU0tZWR8mjh2Jn+/IRuWtMxIqzeVYEjSYspwE9uRq2hyj1eVqypQqfCaOJcD7If5QfZOyvBTyu48nNDyEAFct6bGxFDSdajXXKNKD5+hhzVahyfznszFyMR4OtNpultT1+wceeZolQYMBGDtvIU/2r0AREk2mUspseQThS4LQ5iUSGrYbnbmPq5V5VPcLYOzIJxkg1bbapu3pT83QXeSMFkaObGXlZRM6A+cOxzXMLTExxCj2NNuS2Pa8oOFYWiFIRzHOL4Axvnboc46Yt2VY5w4wMTSCIFdQJm4ybRVqNKnrUKnUIPXGu6mlz8GPsI2RzA0wP5jbevHUYFAeOt54a5KtO2499WQey8cAqM+dRKnXk3cyHx2gOXcSpd6G/n2vsT40hhyjF/KIN4mQz6ZnWR4x7x5Cp8tmY2w6PScuIVrxSLcZ0gAAIABJREFUJrN975AeH0GmlT1QRfvWokjMM42PN0MJkBYSG7qWXE3L81HTeaG2HW2uutSVJeERLJnoQV6SAkVa8zm6rg+1Nt+19r3ZcllAV7Sb1bHpdPadTkREKD4mk7PV7zCjxTxX095xC+A0AoViG4qwZXhLLV95GaEGtFV3GtJW3jAZVQBbt8eZ7g45Ma8SGRWFfHEMWjtfxj8mA1sPFkdGMq3OGYyugMR0NbiOYLAwrggEAoHgV85P5OTWkirTGw8Xd9z79kB3/jBrg+MAD4zcZOfS5aR6zGPv9mU86u1pehvY1xkHnPEa40hc5lEyJrsTOMilQWRFBssWbaEWRxY854Py8GEKAaPRBt9JwRzKCq5Pqj29gaGzjxL3dRaBLa4Waaq7ARjEhCBHUvev4u0xMmZ7Sjga/QqnO3Vi5eC+ONCHTp2usf39w/Sf50nm26u41qmTNeFQdgK5XMHw4vf554tj8HzkIVP4z7bF4+fECIzkrTVzkQGDOUf6+jMAFB5LQ4+UuS9MolcXIw9NncbIrwrJOXQCXcDcu3LuZwS4XoZSdY3H/eYQ7fY0kp69sfbTcl50JOPdAD8pWSmhVBuN6HKPkQdMX7mGQA9giBc/lr1AbElrzWKH5qKy0YODtpIm67ElzT5LMND7iSUsCXQn0K8PGnUFnh79SClUY91mUcbxI0qQTWSoDGy7jWIw6eQcOYEusGk9SSz+pZnyxjtgNzKExeP9gd7k7M2jJOAl83VfcpPymqUNmRZgClAeJzrrMrd4vMUaASg4looeO556/GEAnh4pJTbnKFnqaQTKWm6rG5/VADVc+q6UgY8PJST6TSolPXGilA/S1diNDCFslkmXFRskLJivIP2rk8jSVOC7hDVzTXGhb8BHX/1Yb9AEsOk1ioULPRk6PoBuGg1d3F2ww9RUDh7+PCaN5yuZN/5DPNDkHq+vusLjJwFf3oicjxuARzi3VXNJ3H+cmy+bZFvrT01pWc5plsU/hiw2HZm3P0M8rPf6ytvgNV/O2C8Wk753ExljttOrfrVUKRkt1k8R3ubpZfab4UzzsAV0/JhyoFl5Z1uUIzsplCuqaxSebW2MPoMRUx9ZMd+Ub+62A8BIXg+biyvg+VclmevPcKuaxrsmzP1S9lBP652oHe3WGHO/t3flMe8HiU2S8diYAHp+v5s8ICjiDfPDmxdv8W9CYo9zVjPXtAUDX8LWhOAKaHK3AS21acNgar9eoFMp0SLF17N1R6lNqSxXcbHKYgAbrzdJ0fa8YCg9QboaPGePwgHwCXwS8lI4/HkxftM8MOg03Kq3xkroZl40c5u+zA9byPGQeOL/tRv/KG+L1TO3uXUdqGnF+GyB04NSaOZSx4HHnxpMUsJpLjCN6zlmo2HZOb4Hrn+ZCbIgHuvWE8nChUi8/PFzBnWFEV9PKLtUwW2jqWNfv3qB72+4M+bF1xl0HR5utrxLQ9YxFbhOZNY4byS3Yepfp5O5PpHTypumVrUyHzk49W00LxjUxjbbfPYbkQS6AUMe4dq5uSQlH0MzfqrVerljbGm+g4stfm+2VhYNxrPHgZGsCZuFDPDaEIpyfnQLLdPku6I94xYAW1zNqwqNjcov47FRMtLTY1mz7TYTPY0kxextyENzhdLrADZIbGywsQP0asquafBysGg0TS6Rf49GiYwlr0wVTm4FAoFA8KvnvhhYurYaO4jgdUGkvbGRJ7w2AjBmZhCO+5M4VWjP6p1hqIKjmPPELgBqe08g7q1Z2AGeo8bT6fABFk2p4LBqO3XvAysKz3CuUyc6oUUhf7E+p9pab3aOm0D9YhbAUGPW0NqbGUy/JRqfztwV7E0lmqL4lO8NS1Asm85WoLa2N0u3pPDiICnwHNEzPiM0Xk5gPNR6j6FPbblJpo2kUa3Y+Szk/ZfyWbZ1GU9sNYUNmLKWvwW68NvjDtjZ1/+Iq25ku5IAauJXhzS+pXN1k21GbeHEnJVLKHs3lsRYJYkAUnfmrViJa7Mf21J6ONZ9dsTVzrQwyvSgYEcvi+c9aXfH1nakgfRJ3lDMb6RnwbYQ1me1eIcZW3r3hH3vhhLb6LevzKoxx1B0gkw9oE8hZEZKQ0RZGp+XzmBaGweuNNpWUAP9+vU2XzjS3Q4GPNrXfN2F7ub6qEvr4dWXxrTl86OUlOOmt7bx8rnEW8QcOVpA4PwhLbbV5LmvML3sXyQmxZOTBGCH7/SXkD8jQQ0MH+HZIMyhP8OkkHVJi6sNSLs2lNLWLZD5boCF6cu2myO38uMJiY+xonPdtrOWHxcbymyL50AZlNddW+9PdyWnxsgdAGPLvd4GI+DE4rAlnJHHEqvYzUI3szTd9Vbq5zo8BCCjV++6RxVr5ZXSy6IcLlI4XlFpdgbR8hht3kdM471uc0vdFpjmfUaCFFCevQhNt5npSsk8c43+w/xxbbXdrGPK8w5GIxhvVwN2PNS7oV67SO0tdLoDdt1pvBmn7TZtvT811cdUz1YODWqRO8CoJRtY"
04:29:08.893 [Forwarding screenshot on session ed2d6660-f69e-11e6-a414-872b36aae4a5 to remote] DEBUG org.apache.http.wire - http-outgoing-0 << "bOm4xJBLyNyGCaPtecGWvKNfAKDcG8GMvQ1JlEePoZ7mwcW4xShyGsKXbJKblb4NsvGsnH2G1XuT2PxRjUUbynhkgB3pJfZW2tVAQUYWuPswxM3Uro59+oFeyUUdOFkUx22YP3YJseTn5lKWp2Xk7Nlc2buX09nZ/DsPPOc9joOtDMeaEjbJ42k8VUqQOPnz8ryzvJuQTkyhaVuYbPBEXl4+n0Z2St0VyrSANoXQxSmWUrii1BDeyneH5ThpT5s71nckW7y9ZSQdv93irDKkpflulj8tfm9Wt1aWiwyXdAZqGvJ08MS7jTnJRHvHbev4Lf4XIfbRxCcloEiX4hvgC5l5GIGCzz4kTytDvi0GfyeAMja9ICd+11eMj5wMgKbgIP9Yvxct7oQo3jBvlxIIBAKB4NdNxw0s0kBSVapWkwwPVnDx2de4qqvBoYcLUjsgSmGOfZFU1Twqrt6gxsYBF+eGZSYef4ni4qTX0GKD5eIT58BVXLy4ql3qOY9ehUrVUlpnVuU31n30qlQakvcjZEsqCysquFEDPVycabDdSPlL1CEmvVbBDR24uFh6rH0VlepVi2s7Jry6nYshWq7e0GHj0ANnqYUV6HeC0agFPIk4EEndrvni7AxKjb3odleSNKiuwXNrduPVpYKCs2fYE7+XhE2HeHy79beH9To0utJz47oBnEw/6rQ3K62/kra4u+kjcQ13mqVq2NJUl1sZcatjKZSNJDT6eTzdZJC7jfnRZ6zmkpV8HHBlYcRLmJ6pJVB5ho3RiRz99BTTVljssK9bPVGXqY2kkUZGoLuFFckI2HSWNLq2/Gzv4MjdoMk9Rp4efOeFMmugI7eN0KVLJUf/FU1mymGK5z/EnRba6k8rPekV+AoHwpwpLcrjq+Q9JCVu59S4lTgBp08pCfE3rwIw/IBKCx4DZJAPNTUNmhtK01gfW8Jz4XPqw3I/XEdiHkyXRzDO2wsnclkwP7rhqbcGq0/ARmPz9vzhqhrw5Efrh4ZbpTU5d3WIh2sg4fOyCU1IIl4JyDzBwbGV+ukNKIE7jZVrobyW5bCh7TF6L30EAAdPfGWQlJ5K0WI/LL1mFBx4l5iUMqY/5Iv78TbarS3Mp9lZjmuT0cWke3ukWGufNvuTBRIbCVDDnbs8rcXY1OBWbWw0ltueF3qSkqkGzyAi5g9DYhqMXDkeS2xKJkcLgpkx803CxxvNX/xd6NvtGnss8vCYtpyg00tJSjE9zHuaa6yXWx/IS+dQ7ozGfphKj7I+di/SsaFsX2wKryy/BHbD6N9sL5gPT8ogKTYWkBE6bgyqk3tJVCgAGUuGuaEr2EFEQibuYxfy+lQ/XGVOZG56gZgiqNEUc73LY7x1IARJWTH5J/YRm5TCkbOTWBFgsVrIoRcyO1B6LeFAmNn3jKGMjGNF9PSRobqobfm7w2KctN3mUhqmUgPKc2pwfKzFPqYp/r6F+c6fFt3q2rdWFk+qD92hzvGzCRVKPVjZePiTUJp9DK37f7PrgNktbelBZmTmIZFIqL6lBbzoX99dXPHygJxL5WgAY/YOQhQp2LlPRLFxvnBsKxAIBILfDPfFB0u7kDrj4mI2rjTDDmcXl0bGlYYoKVK7X9YYYefsjEsj44pFnNS5iXGlNUFSXFxcfjPGFWOT/y1jrD1beI5+HFASvymZUrWGoswdrFbEEp93vdVlwc3zqeRwTCwRkXEU3O6Cu2d/ugP07NbuI1qd/J7GF9gbuZ60giIyd0cSm6enuVfJxnm3+oAm6Qz6M3yWXUpZcQbR72ZiEnjb9Eaxuwt9+3TjdnEG0dHpQOfm9aTL5UieFjvfPzPeywMPDw88PNzw8JvK0+6gzfmMAgt/CvY9nQEtSXsyKFOXclARa+GEsKn27aFpWuttacLAV6npgCfTJvvh5uGBl5cHbm5+TJ3sCxRyLFPVYlupj20nJnoV+3LL6dm3P727S4DOSCQe+Pvaoc+JZ0dmEeqyYvZFv4sK8Bg4EO/hMvQ58ezOLkajLuKj2HiUqptILB/ojAA96dW3L/bGUvZtNtXLFdU1wIlHvOzQnjtJdnFjLxeew4cBefwrJo0yjYaC5E3EF4Lr+NHczaFfrcm5u40j4DZ5OdPrnGrfAWitfnpbkdByeS2pob1j9G76SB0OBL00HSgkYkEkydkFlJYWkbxtDetTysBzNlM9bNtot9YxAk6+T+IJ7N2oILdMg7oojY0xOWDnRV+nhpR3fVLtXejl4O6JFD3fXmz5gOR25d/Iq2/b88LxtOMogbFTnsHLzQMPLy883NwInBGEDDh++AQOrh4M8fLCy8sLLy83K+unHJi7cmF9H62rKa9ZSxhpBynRfyfmYCbFpaXkZuwmJHQv4MqSOQ2Omo1GWjjizIlRT3mCVgsybzwdnBjka+7YriMYZjEwuvdxxbmbhIK0GGJyzPPytTPExirYtCMTo+PDuD/0YPN6AkCG93Ap5H3ItowiNJoykuOiiE2IJ69S28p3R5Nx0maba1FE7qBYraYgOY7EMhg8/knrDtKBiy3Od/U1Z6VftFYW8Bz+OJBDzI4MytRlpMXsoXWPZpbcwzhowrWz+0lQRJFWpEZTmk3k2r0gHctUPyf6e/sAOWzakUGZRkNRxg52F4LrkyNw0mQTpUgB7Bj/tCcXMzLIyMggLS2TshZWGwsEAoFA8Gvh/vlgEfzusDe/RW38+7YzOHZpHgY4DZlPxLzbRCUkEJqTAIDUM4jwZQF3mY8bL4ZOJzI6kfUhmaYg6WDkf5uELdWY3h/XvUlubDGpiwM3wnaEs2nt28SvjwCpO+5SUN2x9qNTQjd7sLJYxSTfvOrFb2owg7+KJlERSiLg7jsYuzw1RjyYMtuXwr2JhMxNBMBzpC92OXmcU6oJ8G94stCcO00ZMH3ysCb52DImaCyJinROnq2oL4etxzMsHHmK+PRY5OmAqydSCxNLQ3nbvm4aZ9mWzeMAXSFfFIIsYGKz041cx0zEMz6PzPTviWmhrfwdB3L2YhSJ0ab6AjsCFq4xHV8btoFrkVEkxURgepcuZWJINLM8HMAjjCs3o0hUrCbJlBuzw5fhARw36zl40kzcM+OJkc8nBpC6D8bdrhDV+e9glhfuPj6Ql4Ni9U1Wh7tR30f9FhM+u5r1e+ORZ5o2PLmOnMeauUOQFOTRcn9qTGty0OXSojsowL6Zkc+BWSvlnF2sQGWOC2ylfnQFzft9S+W1xLGLpI0xqmm1jzQKs4KD1ywUcnhveyIJisIG3UbO5m8rpmFLG+3m3lCu5mO7M10kgK0XoW8uZH1kPNHyxaYomS/yNStwA6430bf1OaLhc1v9qXFBezMAyD+rBH9/KzVh1rXNGpPU95P2zAtHjqjAzpenm27BcvBnsu924vO+IFc3udnxyZ0BieVKHKcAwpacQx6baZHKjRXvhLNNEUf63hgyzduP7Fx9CXl5mYXMYjIytcjGels1NHgMG4V0rxLpY4/hADzi8xgkqRj8lNn58ZBJBHl+RVJCBHMTAFzx9XUlL0/Jlb5RhEz8jpiUGEJSTNt2ZL6zed6/uckyIOQtfqiKJDE2gnRzmO/sUOZ7DULd4ndH43GyLrrlNpd4muvregqrQ0wj0H3sEkInu9F0nNR99gteQUAL811uK+Oo5bI4APMJn/5v1ifGIk8B7GTmF0Etrayq62ntH7et4R8cxillBPERIabtodLByN9abDLQBYQQ+kMV0XW6Aa4jZxM2dwia7G1mQ5CepFiFhURXQv0DEDuFBAKBQPBrplNtbW3tL62E4HeGQYf61m0kXbrh5NCRX1IGNOpbGCVdkDm134MLALoiNq39GK+XwxnvZgsY2LdyLonMZvfGaR1ytKdRqzFKuiFzaiJFp0F920iXbjI6VGwrmJxXgkzW0vvTX5qW20qn0XDbCN1kTs3q3aDRcOse4izzpKV+ZtChwwYHW+txpj4q42671k8ipyXxbdZBY11aLK+VtPdnjFpHpzE5zETiZKVe2mi3dtGBuaENme3RqywtEnl8FeG7NzY7qvnXTr2jXCt1q8mOYbFCaeF3497QadTcRoLMyYqQu+ibpvFhbc5tpX80Gidtt7lGrb6rvtra"
04:29:08.893 [Forwarding screenshot on session ed2d6660-f69e-11e6-a414-872b36aae4a5 to remote] DEBUG org.apache.http.wire - http-outgoing-0 << "fHdvZaG+TrrJZL+Ik1idxrSs0sHaWDPo0Ny63cHxLBAIBALBrwdhYBH8PjEUsWZuBEpkjBzrTbUyi8IyPQEhCkICxG5wgUDQEcqImiFHHRSOYu6QX1qZnwk1214I4cyoULYv9ms7uUAgEAgEAsFvkJ/PB4tA8J+ErReRMRFMD3BFrVJR4zSceaHCuCIQCO4HriyLmI3Nd+do2evNbwtD6RlUfcYSLowrAoFAIBAIfseIFSwCgUAgEAgEAoFAIBAIBB1ErGARCAQCgUAgEAgEAoFAIOggHT9FSJvPhrA4/m3hONHW1hHXR0fwbPAEXDoiW3+V8xdg0KAOSbkHtOwJC8M463WCfe7mcFaBQCAQCAQCgUAgEAgEv0f+EBEREdEhCdpveDNMQfYPOnQV5ZSXl/PtqSwyv/yMHcf/wJznhmF/b4KJ+fNwXr7ix98nPNIhFe8l709eDOPymGAmPNLagaq/PwylGWzY9Bk9/Ybx4D0fCKAjbZuCnUnHudXDm0d7NT4eMndfDLH7vqDWbQju3e8tk+LsZHZ+sIP4jz7m8xPZqCpteGRQPzq3UYZ7Lp+uiJj127jp+hiP9Gh8473I1BUlE/2v3VyxcWNwv+6N4soyd/PPrUlUP/wYA3v8XKcyGMjYtJxtF10YN7iXpTJE/jON3o//Fz3qzbU6cpM/Ysfuj0k/o6K2+0O4P9i1Pi774Ed8uOcgX575hh+7P2wRB2iK2Ld9B7s+SSNPdYsH3R+lh5XTQ3XFySi2fEpWThZZWRZ/x9P4Witj2MAHTenKcjmQsIP/SUjgwCef878XNfRwH0ivro1ty2W5yWyJjeV/PjrA4c+zufiDnl6PDKSu+6lz97Ex9gh/8PCjn7ThXsu2dbx8kMXLE3lkUgAPtsd0rc5mU+SHXO/jzcAHO4NBTbGqmh49ujZJqCN5UzRFUm8effDuj1L9rVKauZuot98h4ZNCbGqV7PrsGn4jB2LbYj3+Z3Bf5lCLMt6fOVkgEAgEAoFAcD/o+BYhW6gC5r37af1DTr7qa6JnDIDCj8mruHfR+iro43hv5pkO4wi2kl8m6/9kqq99S6HyNNeNHZFi5NKZPJTKQj49nNs4ylDE4cRMlMo8Cr6/fU/Ss7fJWa1IIEdZg5ePDzLKyUyMYbF8N5o2ylB9/VsKlZl3Xz5jJfnKQoquN9f5XmQ6eA3CvlxJUkwsuTqLCEMB78Ukobz+IMM8foJzf1vAUHSA2JxKnhpncSKKroCoVTEUKs9wrbohOGPTcqITUiiu6Qpl6cRGhLAjV1Mfp9ibghp7qkoyiY0IYXeBxiwvl5WLI0jMLKFrd8hL38vqv2+izIo+xspy8grzyCsqoaTE4q/4Ejdv/2gSV7SP+fJokjILsXH1wWeAPcqcJNaHvEKGhefR3B0rkUcnkKc0MsDHhwH218lJSSB0/krManPx9EmUyjxioj5s5LTUsi/ZeozhcZtCouKy21WnmotnyVEVcrnSCOjY/UoIqw8qrZWWkpxCijo26H5jlPFpfBKqSikeAx6k+rt0lDmXMbZaj/8Z3PMcU0/jMnZcnkAgEAgEAoHgfnH/fLDU1FhcSJk0ayydOl3jQpkWuMSeiAX079+f/v374+4zgQ2f5AOgv5SBfIJPfdycsJ1cBfI/kLP1Wieu7forPnNisLTTpEZMZdSCnWgB0LJz6QSLNHo+CZvA1IhUQE/GB/KGfEct5XCxtl5Oxek9zPFxN8W5+xCxJ79JoWwAOP9JBKPc3ZHvbBr/O0QiARzpYg9guHcx5oVB+sIsiizEaApPU/doZH8PBi5d0T4U6WXYeU5n2wEFK0JCWKPYZTodqCyJA7maJmVoXAonvxB279hNgNPdFsj0n42VqHuT6cayNdMBFbFxmfWhmXHvokLKwtcXI7tLFe8dA0cTkmDwXMabM9UVpyGfv548PUBn6ptKl8unOVqkI5ewa+MaImO2EeQOKTs/Q1cXFyAnJjKMjdvfZDCQlnEOgKKkRFTYMS96O2vCIlEs8QV9DvmlLeklRb5lO9u3W/zt2sWaWUOAUuKiEgFXQhS72RgWQkjYRraFBwFqPvyfDFPJSg8SnaIC17FE744hLCSEsI3bUYSMBVS8+34yBkAiMZdQnU7MvqIGFSQSwMZcfiemLghAn7mnsVGsJSSNO3jNHZB27WIloRPLdu8gNODna/H/eAzfU6SHkS+9wZqwxcxavpvdB0JworV6/M/gnucYCyzLeD/kCQQCgUAgEAjuDx33wQJ0BfRGI6BHr4ca3QUS4j6itnYAQ/pLOSwfSniSIys272GMew2pW1ax5R+rGDZuF/lzF5HUcxF7U2bDuQ+ZE/r/7N17XM93//jxR23VZ9SnRPvQwVRDJKTLHIaYEEPmylzM2HfMsc3ydTlcizWHiflptjYMu8aGmeYrDLnqomkOl6XlNEIxn/DZh1Sf5NMnq98f70/nI9nhmuf9dmvT+/B6vd6vw5v36/16vd4LmObRno3dB9Gy6AC6PlNZPrE3Zd/Ve7Ry5trGLaTkjKMnKfzfvlSy2U2SPoRAuxQ+/yqVxos8SP7kVSYuPcbQ2R8xvntDosPG8WbgNRod20Hn25vpPyqMhn2msjk0EN2+jwmdF4zRMZ6IQOXJ294WLn8dStCsnfiMfZ8l43wfRnb9CeiIXhTKsnNaQIVf0BRCx3ixbfZ0jmpeIWpGX+Ww/DNETI3AdvQSQvqW//xxQQ6oXD1Ae47Ek5l4d1aeDo7vOwBqV1Q5WgoAw5ntzI34BqsmoNXm4BEUxtIxHajOucRDgIYJoSMp+7zhP240R67upGFeNjRQrmFn5DyWJSndOa7dxjJvxhCszmzlzYjTTF65kM6OcCb2U1at21syasGj2yhmzBh+X50bhjJhel3fztyIQ7h625Jkjtuj21hmzxhCxecjm1YjCQ04SmRcFNvT/RnOdqIScvAatZgBrgCZfBH6d0yj3+NVc/6lfDGP5adas3LpGBzRsitqDRsTzF1WKg0BY6YwaYC3OV/rlg60B/m/NAiYVfr51RPb16FVtSeoj4mYvbdLrzVN+SztwL7PmLc48kwXL2K2JHGOfowYFYyVr595nz0NVcVnZnLsQBqqbiEMcYdMXSb2z0xkcdObNHGuPm+tqurRAgwpBzhihPZj38DftXTehGOHEUzwP89/GoABOLf/34CGkHmTcC8zvcLVfxIhp04RlRBLkmEIVhSAyhUvey3nolcQ++x6cxmU5+jXBw8S2Hkwlc5DWlWf8ArObF3G3hwgYRkvXw0yl19p3mybPx9T8AJe7exIavwalq6OM3cwawiYoJRppTxIT2DtBxs5olWOVLn6MeGNUPzdK84jyeSL2fNJd/MiMyEBLaDS+DFl3hy6ayBfd5y1UatJOKeE4+oXzBuhI3G3UerbZ1p3PG8fICHNCKgJmBzGpL7uVVxlJlvnzedEQ1fuJCWhA9ReAcyYNQlvO2XfURpy81waRtcg1kQOIvnTj1i996RyutqLCbNDGdDsKvNejSQHOBL5KqGnZjHBYR8RJ9yZ2ul8DfmopCG+qjBbOVZ5r1nQ+w6REatI0hlBpcHDPpubjQbw3sIxWNWQvzXlS+n9IJTzS6cTcw1UgLW1PU88cRca9WfBwpHVht/kP+XryrtjrQgvc89KP7yVD1ZFozUCqPEf+wYhQzrcX5sXQgghhBAP5KGMYFEB26b1xdPTG29vb3y7BhEZm0PQ20voqTbiMfh93t+wlZChHdA0csO3Y3sACvKhAODKRVLOXUXTaxp7Y2J4/wVP1O36EeAMDd260LdLO1Rl4mvVbyjOpBKfkoPxx2OcsrDAwuICR0/qMab8m5M4M6JfI/ZtPEqRzxSmvOCHra0Xr8ydg4XFKeJP6jn+9UaycSY0dBSutrZ0G/caI5oV8dXq3eQANg3hqyWv0XfWTrqEfsaO8KHl0vCoS7tsy+SwcCYPbEVSTCSRsXn4+DRBd+T/OGx+e687GktSDrRsXcWTKGDv1YM+rhAXbx4ZlJ/Cv08a8R/2HE3MxxTk6dEZc9BqnRkY0I1OHk2rDEthIC1NB2offCo+Mdh1Zs7ShYzxL33wO5cEE2aFMTmoPdojG9l8"
04:29:08.893 [Forwarding screenshot on session ed2d6660-f69e-11e6-a414-872b36aae4a5 to remote] DEBUG org.apache.http.wire - http-outgoing-0 << "PJOCPD05xmvkAYaUNYSv24tVwFjCly0mJLgbaUe2sOmwjvtRNkzlerQkmeOeMNCLtCMblZE1Veg+6Q38gC2LZjN70RZwDSJ0eOmDe9bNHLIKSucGmO5cw3gtC4D4iFA2JlwmaHIYixfPYmCru8StW8Vhw/2lIzU5ESNe9Ghfmqmd/ieSTz+fxwg/V+BuyXZrtbIodN6d0jTdzcoFCsgr0OA/fCTd3eHw1ihmh4RwxAiOlkwvAAAgAElEQVQvDO6qHPgEGI9sZPyIEUwKmcSrr07nwA1wrHZdiRwObdvO9u1b2bpV+fli6y7S86HgTh6gpu+zFR/0bRgQspB5r/bFjkxOnaqmvgCdenYCdKSlGZRrtPYjZM4EVOSwLuJTMoFKg6xsvHmuPZzbcYCqS7RqzX17oAFUXgOZMrryulVZ13RKORsOs3R1HE0GTmZZ5GJG+d0lbl04CZUiO8OiWVEcKfAmNHwx4aGjaKJNIuqDHVQ1uMZ0R8fJhAQ8R4UwKyQIe10SkVG7yCedyJBlJJxTMyo0nLDJQeQkRTNrzhcYANOd22iT9pLcaACzwkLwd80hbvVqUqoZ3Hbnto60pCR8JoSxeNYo1OfiCF+0FQNw55oO7bk0fAcG4O/jxrk181m99yR+wSEsDg+h2xPnWPfWfBLyPPjb5AAAvAZO4JU+nuRlXcZ4LQvXWvLxeHVh6qq61xQQGRpJ0t1WTA4LJ2SAhjSdkZxrdyioJX9rypfS+0FDfAe9woRXXmHClCn0cdah0+Vg5doUxxrCd6xwjVZl7i/5qVuZFRnNzRYDmbU4nLEBziRsXMTCXan3fe8RQgghhBD376GMYDECvUMjmdi5ESaTCRO2eHp1oIWT0iXRXAMfzwwk9IJFmbNaYoUT01a/z8WZb7I09CBLgaJmXVj04UpaOJk7XzBVig8nP4a1gh3xh+lqE0fRgFBm5K/gy0NH6GrzDbT6G91t0th2DSyur2Jg11XlTk9NPkdfVFhYXGBWUK8yeyzA1oABsLKFnFPK1IWfzl7FCNLBUsaoBQvp6w50eJrrp8YQs2s/E+cNRh2zmviD6XQf4szBHUfAI5jeVfevcNeqKT0Cvdi77iCp9KVZ0iHS8GLsM025tLFCfIvDGN6qthUc88i6CZjuUJflCEYtW8gAd6CzmsMxs7iadh08lEdmK8C6aQ8mTPCi4wB/HDIzaeDhorxprkPY5VmV+a9ibJm4E/fO4k5BdSl2Z1pYEK8uiiENDZPfrfhGvrr48nHrNZnJfT3o29mZTJ0er1Yt2HtSR9mo6pKOm1eugfoZmpXJfjuNUqiZFZqnjbsv3VQbSYicj4NhNM2yjrJ6rxbQlLl+PVfTb2PdUA3kkJyYxPBWTfg5GyAH3wlhjOj4BAf/+QHRq9/CyeMLhlcadaE4ErOFZJUKoxFQGcHoike/IRTc0AF1XBDW2anqhbjN1/ZzVh6tAUx3aOA6hjnBiYRH7yVyVx/CPCrPY3N8Ug2pdYu6mF2r7nRSr+M7jQ/dO9Qw8sVcPDczLvLTLQ96T3yHdjfhqYqVIr8JQRMmYOXdnc5OoNMX4OcF2st68oCKq/cU3AVVtxBChvsrG84dYFniFTLOZJMEBIUvYLi3HeDNu/xMyOoDnMgcowwGoxvvzBmDK+D1yjkSFv2HrDuQb8okK6+4PlnhoFHiUQfMYtKADkAH5ky+TMjq/ZzI7EcBShpmvOoPpBMxQoeqWwhzRippmrHEivGvRhL33U8sfL4TmtVxaHy606GVHccPKHE0rDEf04mPqy7MM/i4KUcV32sMx9fwKhA8ex59WwEdvLmnfZnVF8CqlvylhnxxK7kf2ODt3xdvID91OxvPgdpvLBGT/CFfV234lq0GlbvGTOXisQJOHjgE+LFg4au4A7QKIy9tDNFfHeD2G0qq6n7vEUIIIYQQ9+uhdLDkAm4dutGlS1WfNL7Mu0PfZF+rF9mw93U6tHKBQ0voOO4bQM+PWghZf5b1djc4djiBlXPfIez1DfRLHAd3AJuqHmedCBzVh4/fmctcsgl6fzCDC84SOSuUaUDgwt6o1Y1ws4ei3pGkRQ5VTjNeZuf2JDTdO5D72U2Kinrzddp6iif+nI7fyfkCNxoDBTrovTCGebZf0Dd0HnO//guRf637kP8/O/uSJQ5s8PHREHMgjwJND573WM2W2O/IfNaN3VrwD+1Ntd0iedCqewCqdVH854wOt28TwC8Ebw0VOkg0NG1Wl89jaHi6pYq4Cw0rjywgn5T4RPDwRXmOUtPUvuRqcFHDAX02eJSeYeNgT1byOkLWRdUh7vuhpnGZuF1VSlWvjl2HQQSoY0j0HU3fWucmFXcq2NCsCWz9YBarl5XdX7ajo27psLKiyn7Oqrky4+Nw1ixbQcy6SFB7MdDfi70J18qUqSsj58xjJHB4TQiRezdzfMQCGlkDLSYQMkCZAjZy2mj2vxrJ5etZ4F7VhasJ/XQ93atY6zfTzRW4jCEPKvZI6VISOH2nCc90fxqnRsDla2RBpWlfBQV5gIqWzR0oXhgoD/AeGcrAo5PYu/EDdoz1rBS3vXMLMJ7jkgEc67wOcYE5f2p52HXszhtjT/DBxjiiTsYBoGk/kDfefJVyax7baLA3XWBF6DrKF79VFW0DMEEr7+YVNlpRlHcHUOHWrDTwBuqG5r0Ad0HVkOLbQYGJkn1JaycReaQ0tMlr1oAJvH2aVx1W2TQYbqIDunT1Kg3AzpNn1JB4+SaYrJRxUwUVu4tqyMfawnSDsvcaJQQVTZuUHq5uZK+0hVrzt/p8qSg/PZapb20hx3Uga+YMUe6XNYZfe10pjccGr9YauFZyBfd17xFCCCGEEPfnV1rktqxcZa0AFw88mjfGcHonoePWArYUcJsNU9/kr+MjOGZoSBsfL+Uhp7kTdjjh3dueawnfEH86o1Ko7QKCsCebbOzp4deCFn49UBcVUVTUjED/doALXYOcIeZtluxMRq+/zOaIyYTOm8Wh29B+4DAsLA7yzpzNpGboSd63nKCJofz9oA4VysKnThoNLYaGM7tLETF/f4OdlZPxiFLzRMm/4PM5d0oH9g2wwobeQQGgi+WTj3ZgpD39u9fUI1AAdl3po4HYjZ+wLQkCBnaF/IIyk04A7tb63Fmsqbsz5MSxo+Kw9/RvWLR6NR/sv1RdSiqNTDn+2dtEJ+UQHBrOmk+3se3TWaih0uKkZVlZ3f/imnV9f1xVV6MVyoKXxXJuZ5sP1LL2rdWcpBuzlkXx6bZtfDorACrkbF3SUVBV5lQnX0f8ntN0ClnPtm3b2LZ+IX5WtwFvPAsOM3vEeLaWWdW4eQsNcJe8guKHwiruIw/wgt2x2dOoMfLVV/EV9ujYtjyK1ZG7yMaG1u28wJjAjkrTvnRs25wAONPcubRzr3gx21fnTEaDluiNCUD5T7lnX7sMKi887/cjTyZqrFsA+Zmp3GzQiXe3bWNN5GImB7VHd3Ivu0+UT78h5VPCNybQJGACkVFr2LZtGyHdVNUWfwHQ0M6+ih3K2lq3bpaWWUHenZJzauLz4mLCwsMJDw8nPHwZzzgC1pCWdrPkmLwyYZVLg509jsCxo2W+BpR/g7QcaNWyWc0RV5ePdQqz4r2m/LUXt68795m/1dIdZv6sdeRo/ImMfLWkL7DW8qvmGgsKKifgRoYOKOBeFdHL2BUhhBBCiIfroXSw2Na4tx3j3g7C4uBSenl70ysoFF4Mwp5Ujp5syFsb5tAqdSOje3XFt9doYhoGsvbdkagArx4DsLiwjdeGzud0xWBduvFSK8A5CD8XoMVfGGAPtP8bvV2UQwLDtzInSMO60GC6du3LvM8vMHT+Z8z0VePUZSbRC1/myldhDOzVleBpq2jWO5R94YEA5lEXJkDFxJVr6Uoqb/79E3IqpuORlEPkwk9J1elI2bWWaC20H9AHR8Cxe3/8MJJ0UosmIJDax/zY0GdAe4xpJ9HhR/8ONrWOlkiN/ZSINbFVriXhPXIy3VSwd9l0orYnkJqezvH4LwiZtQVwZfLozlWcpagUbQFAE5o2b07DgnS2vr+aHFCmElXhCeDcsX+REB9PfHw88fGxxCacqfvgjwdhDUmb"
04:29:08.893 [Forwarding screenshot on session ed2d6660-f69e-11e6-a414-872b36aae4a5 to remote] DEBUG org.apache.http.wire - http-outgoing-0 << "N5Gi1ZESG8XqJCM8AQXkKW+mG7nQ3NmBvNR4li2LA56474eqZk+1gBwtN2s4piRMmzwOR0ezbMWnpGZmkhq/hkVxOjyC++LqYI81OUSvWkuKNhNtSiwfrjsJmmfxcXSkz7D2cG4jK7YfJzMzne0frScHNR08q+ukM3HqYHFel83zFPJd+zI+wJWcI6sJXfEFx8+kkpqSQNTsmSQYodtkZepGq5EhBGggLjKEhV/EkpquJfV4LBEhIcTpwD/kdTpUNXhK05f/nVC8WG/5HFU6pJSH35rqanmOPO2tIufUIQ6n1rDGz/X/sHp1JCs+TaDA/ik83J5UtlfTL9PI2RUnBytSYqOIOmKsZdZUxZpRgK1fH7yALUsjOa7NRHcmlqVRR0DlTXPH0uOqqlN2rq3o4K2sy+Xt7Y4dYPUE6GI2sitFiy41nhVRR8C1T5k1cIpDakV3PxXGI+v4NOEMOm0qW5d9QBrQqnV1HSwFFNSYj/cXpmPn/sr6RwsXEZtyhoQvFpa0r2I152/V+VIqlYiZkaQBA0f0JO9MCikpx0lJSS+5Z1QdfvXX6NXlGSCJ/xcVizYzk5RdK1h3ElwH9KSq8aXVMxC/JoI1scpct3ztYaIWRhCbqtTkutdrIYQQQohHS/2nCKn7si8trcZDuoyL5NIL/yDDYMKusQtqFRARad47kX1pY9Fn3MJkbYeLU+nb4FZ/jeDS8/8gB+sK74gBnJi5L42ZpUcTkZxGRLljXJgYuY+x/9Bzy1QmbjPf0eEkD59Bxi0D1naNcSrZ6cTc5DLX5NSXzbVc46PCyvzgyM29vBWyFwCPgMnMGlK8mKg7A4M8SIq5xoD+7asPp8yDiPuzvdBsPAkBvSgOpXi3El/5p8Lsy9+RlOhL3qQBldaSAHdmrAxjTeRa4rZEkbBF2apy9SPkjWl0tgNDFWEC2DewKhdf++dfxCNhHVGhrxIFqD3a46E6Sdrp8zCy8ldbrABtwhaiEspsVPmzdGaDkjCrup77moFTjiPPjx1IYtReFoUeAdS4qkFr1ZAGtGLoKD9ObokmZEw0AF7d/FAdSeLUOR2dGtY9Hc4erYBo/pNioFWHqoZlqGlQ8oDvzsRZwfxjWTRvTVLqh2u3scweqUz7CQkbRcSiLSwKNWeSazfC5rykdM4NmUWIfhFRW5ZxZAuAioEhS+hbzRo+YCRu42riKm7WDKSzfwe6T1pAgdVHrNsbw7IjMcU7CZgwh0klgWqY9P8icfroQ7bErONk8WFqD4JDJzOye/FxT1QaxeM+YBqj/jOVLSfLbk0lPiEHTYAPjsClGuuqwqGhMurJw9cXko4Q+dZtmmxbWK5zsrhsbLxHEDLwPFF7owjZq0xd0/iN4qUKI8XsOjxPkNd3xGwMZ8xGAFf8/FxJSqp66lLlsn9CGZVm482sxRNYtHAdy0InmbPMj9B5M3AHbhYfV/HcahTcBbWriY2LQtloDmvWvDE4klkpDX3nLOH6wghiosJRapKagSHLGNnKDgxWFf5OKE1HTflYU5iGlIptwp05n4axYv5y1i0KB7UHHmpIu1uAdYdhNeYvNeRLyT3g9k3zl35gb9Qic3qUNIWsebfG8Mte41th7iVhO3aeRNioOyzaso7QhHWA+QtpYzpglZJUqWyqv/cUcDExicSCXkwa0Io7P50g4WQSDQKVLqOa78FCCCGEEI8ui6KioqLfOxHiv1OmTgcNHHC0K/+KP3bhy6zT9WFN1Ku/6+c/8w3mRTatGqCp+2IYFUMhU5dV5XX+YeQb0GXl0cBBQ6UkGjLR5RVUva/uEbA1dAzRjhPYNm9AHc8xoNPlYVVlvil5WlBNuSjlBg00jg/p4S2fzExlKkpDR8fq1wQy56OVVQMcH7C+ZB6OYlLkOULXRNH9QSp/vgED1tjZ1FJYxWmtpV4aMnXkYYXGsb4tseYyq5tMol6eBG+sIaQ96O5Y1Sms/MxMsgrAQVND2VU6qeZ8rFOYhjOsmP8l3m+EMcDdBshn6+wxRDOKL5YOx4aHmb/VJKGm8Gu6xpL6obmPdYCEEEIIIUR9PZRFbsWjyVFT/q25IWUrc5dHozNCt5Dnf9fOFQAbO0c09X64sKl0nX84NnZoqrvQh5QHw6YEE/3WOnZpezPEtS6PuTWkqZY8fTjlViG+6r/1XDbiGtJcFzq2rUpAHTDrwTpXzGmoUwrqmFY7R81D6qR6SO3ACLl5BWCjQVPH3hIbR8dKCxDXflLN+VinMK3htvYc62b9L2cCfLhzLpGTWvAPeaakU+bh5W/Vagy/pmusd10WQgghhBAP4rHw8PDw3zsR4s/BlJPB6YtZePV9hcnPt5Heuz+Rxxu3wzX3PN/faEyPdk1/7+T8IeWnH2D7eSdmzBlKo987MX9I97hrMtHMqyMejf+go8HKevxJnvP3pujODS5euQ72bRk07k1e7l7tnDUhhBBCCPGIkylCQgghhBBCCCGEEPX08D7TLIQQQgghhBBCCPGIkg4WIYQQQgghhBBCiHqSDhYhhBBCCCGEEEKIeqr/OqQ5ySyZs5afy3wq0sbGHtc2XXlhXCAu9QnbmMHpi9CuXb1CqZfUQ/HQoS+t1DlsnjOHgpHvMM7X6XdLjxBCCCGEEEIIIf546j+CJT+ThH37iDl4nOPHlZ/YrzYSuWAaPYdFoX/ggHOIGtaToetP1TuJD5yCQ0sIHDeTtHyAfFK/2scPOtPvlh4hhBBCCCGEEEL8MdW/g8UGcoGxH/wfiYmJJCYmkpz2A8tGtISTX5L04D0sGHPB2b5hvZP4wKwBGtKweHCOPdg3tAPAaPy9EiWEEEIIIYQQQog/moe3Boup7MgONc+PDMDC4joXtTnAZTaHj8fT0xNPT088fANZ8nUyAMbL8YQG+pbsGz1nAxlA8iehrLpuwfXPX8F3dMWRMHqixgcyfs4chnl44OnpSeDUKOL3RdHD/HuP8ctJNXeCGDMOET6+R0kcw0I/Me/TEzU6kKnh4SXh+AaGEp8BOcei8B+1FguL64zrOJp4Pdg0hB++eZdhHh54e5uPvSw9LUIIIYQQQgghxKPuoXSw2ALGggLAiNFoJEd/mnVrN1FU1JIOnmp2hj5H2MYThEZuJibmM6Z2y2Xt3+cSn6MnasxrxKheZPPeeDYve5lj2xYw7ZNkPLsPomVREereU1g+vTd2FeI0ZqRycNs2ury3lo/mD+VCbCSvTV3P8++tJTJ0KNcPruLT7zKAVOb2HMfGA02Y/0k0myNDuRkTQeDfosgBjJmpxH7+OR3f/pjPPgpFkxrDa/M3Y91lJEtm9AHgxUVTaO8EVrZwats2vN7+mM0fzVaOXbgV6WIRQgghhBBCCCEebfVf5BZQAdum9WVbhe1Bb39KT7WR04Pf5/3hXgzt2Rx9xg18O7aHfWkU5EMBwJWLpJy7Sv9e09gbE4y1pjlqJ08CnGGHWxf6dmlXKc6CXFCP+Ii5f+0LuDH0nRiOj11u/t2TAytiAMhJ3s9OCwtmRG9knK8a8GUrWnq++SWH9SNLwgkfFwjAW699ybivUrnFaLp3fpqiogyeH9wTJ/Qlx0YUHzt2I+Ni0rkF9VvMVwghhBBCCCGEEP/VHkoHixHoHRrJxM6NMJlMmLDF06sDLZxUADTXwMczAwm9YFHmrJZY4cS01e9zceabLA09yFKgqFkXFn24khZO5s4XqllU9g50auNq/qURT9pD506e5t8b8qQ9ZAP5uQaKitQ87aouOdWukT0AVuZwunX2qBC4DdZAvgkgF1N+aZzljrUpPVYIIYQQQgghhBCProcyRSgXcOvQjS5detKzZ1/69uxS0rkCl3l36Jvs40U+2/styZcukfzZBPNZen7UQsj6s1xKjmfzR/PpeucoYa9vUNZcuQPYVN19kQ84uWrK/W7T0Krc7wCY8rGwyEGnK53Ik38nG1A6cPIBtUOjmi/QpjTMWo8VQgghhBBCCCHEI+dXWuS2rFxyAFw88GjeGMPpnYSOWwvYUsBtNkx9k7+Oj+CYoSFtfLzQADR3wg4nvHvbcy3hG+JPZ1QXaa3Jcno2iN5FRbwzeS6HLuvJSP6a6VO/AvseeDhVF06+ssWUj4XFdZIP"
04:29:08.894 [Forwarding screenshot on session ed2d6660-f69e-11e6-a414-872b36aae4a5 to remote] DEBUG org.apache.http.wire - http-outgoing-0 << "JpdZZ6XysUIIIYQQQgghhHi0PbRFbqvXjnFvB2FxcCm9vL3pFRQKLwZhTypHTzbkrQ1zaJW6kdG9uuLbazQxDQNZ++5IVIBXjwFYXNjGa0Pnc7pCqDZ1/V3lS+TO9+h6J4ZX+nalV/AsjrYKYu3uCFpVcR7YgsYWa8DJsxM+RUWsCg0mIv5W1cc2rPnqhRBCCCGEEEII8ednUVRUVPSbxJSjJ8Ngwq6xC2pVxZ1G9Bm3MFnb4eKkrrArhxysUasqnXSfaohDCCGEEEIIIYQQoh5+uw4WIYQQQgghhBBCiD+ph7cGixBCCCGEEEIIIcQjSjpYhBBCCCGEEEIIIepJOliEEEIIIYQQQggh6kk6WIQQQgghhBBCCCHqSTpYhBBCCCGEEEIIIepJOliEEEIIIYQQQggh6unxeoeQk8ySOWv52camZJONjT2ubbrywrhAXOoTtjGD0xehXbt6hSKEEEIIIYQQQgjxq7IoKioqqlcI+ngCu7xGqr0zzg2VTXeuXSPHwoIin1CO7QjB6YECziEqsCMr2nxMWmRgvZIohBBCCCGEEEII8Wuq/xQhG8gFxn7wfyQmJpKYmEhy2g8sG9ESTn5Jkv7BgzbmgrN9w3onUQghhBBCCCGEEOLX9PDWYDGZyvyi5vmRAVhYXOeiNge4zObw8Xh6euLp6YmHbyBLvk4GwHg5ntBA35J9o+dsIANI/iSUVdctuP75K/iOjqJsP83pDaF49AglOad0277wYfiO/4QcQH9sM6N9PZS4PHwJ35xcclzy18sJ9PCoFB/o+WR8IMPGj8bXwwOPYeXjFEIIIYQQQgghhKjOQ+lgsQWMBQWAEaPRSI7+NOvWbqKoqCUdPNXsDH2OsI0nCI3cTEzMZ0ztlsvav88lPkdP1JjXiFG9yOa98Wxe9jLHti1g2ifJeHYfRMuiItS9p7B8em/sysTXrltnLK7vZOPBy8qGnEOs3niSNr26Y526mf6jwvip01Q2x8Tw/tRufD4vmDn7LpNzbAnBs1ahem0R0Xtj+Gj2CI5tW8CH8UoXS875VE4dPMaAqa8xtsfT5eIU4tem1xrI0OeRbfy9UyLEn4AxnwytgQzto9am7in3Eq0Bffa93zsxQgghhBCPlIfSwaICtk3ri6enN97e3vh2DSIyNoegt5fQU23EY/D7vL9hKyFDO6Bp5IZvx/YAFORDAcCVi6Scu4qm1zT2xsTw/gueqNv1I8AZGrp1oW+XdqjKRthqMKE+RcR8uhsjcPlfWzhJK8YPasfxrzeSjTOhoaNwtbWl27jXGNGsiK9W7ybfNZBlyz7io7mjadNIg0cbD9RFRSVhFwDqER8RMXMu4TMDy8cpgDwW9YnG2SGOoxUeWOLe2oOLOhrngSfILrfHYD4nlm/L76i77MsMdoim34KrdTjm8sNP99Wr5cI+9UUCLupoFsXlVZucbxfswdlhO/88lV8p/fqE4+bzDcrBxp+Z3yeajm1jecZzDy+tuVFLhlR1/RmMdIjGRV31j7PDHuJ+oyFZ+oSjJfEuS6g+j0rVp3z2MrFnfepkHssG/pr5VnP4Lurq6ux9qLHu/7mUa1fV0Wew6OXduDy5i2faxvJM2z20abqdka//QPpvl1RF9tXfrmyMWWxacIAuDjuUe0nbWDq67aDfy0f5VvuodbTks2f9KU4UN/zfshyEEEII8Uir/1eEACPQOzSSiZ0bYTKZMGGLp1cHWjgpXRTNNfDxzEBCL1iUOaslVjgxbfX7XJz5JktDD7IUKGrWhUUfrqSFk7nzBVOl+EDN4FdfZMWb6zmY8QIX1+6DwEX0dYJDqLCwuMCsoF5ljrcAWwOmxo24lfgOvWZNK7OrTJruQLfOHg8jS/6krHF/2hKLpCz+cyafrn7FX47KYv8e84P0kRsc10NA8crG+p9JSAZ8HWlj/+Ax5wM5+b/U4ZhfId3qX9ADueawdWlKx4iJmtNjUVhIus4EzSukv0Cp2Vg9pkSVeJH1SeDg58Dzfg145rlGNYZbJVMBmTUfUGVL+rXlFtScR4r6lE9jfJ++yzcpD14nvzV3zBR5qujkoJRVsZysJ7B+sEsvYTJCkaUl3r5VhJR1D2f7x+oZQ011/8+npF352FSx92emdz9CtA6KNA0Y8aIj9vl3iV13i8QNF3n2YiEpezs94MLrD6L8vePX8zPTfb5VrtvycYZMbIqn+h7ffn6D5Bgtf9uVycYLg0rbwJ/ctwv+xYQVJtYN9TFv+a3KQQghhBCPuofSwZILuHXoRpcuVf3r7TLvDn2Tfa1eZMPe1+nQygUOLaHjuG8APT9qIWT9Wdbb3eDY4QRWzn2HsNc30C9xHNwBbKp+vGnRfyRd+YrVy5dzJRWmvtMPAFP+TYqKevN12np8zceejt/J+QI3zkWOISIG5qyN5oXOvjhxiB4dx4G1Ekc+oHZ4gIfbR8bjdO/XGLbqSfrPbfBrqmxOv0GC+dWwRWEe3x43EDBImWClT9FxthA6DXP+dR9qbGp6SK1nuu1dOHbDFVRKc7Guw8Av6xqeyp0CunPpZ1CZh0jZ2VoBMGpJAGFdaw26mgih+HHTob8ri19tXK5v8p7Jkja/0Zw3uxrLoir1KR8XApvdZVE96qQ1UGSpYuPBwQTUoxOwOtYA7s5EH+jKrxB8LXX/z6WmdgWQfVSrdDL0f5ofozuW5PeCRTeY3i2RbUcus/98e15q/VD+6qudfYty945fy563/kO0Dhz6P8XuLzrjbr63zJqfxz9f20/Y1jzeWnqBgOUtf9V0/FFYW1sC1tgW3/N+o3IQQgghhPiVFrktK5ccABcPPJo3xnB6J6Hj1gK2FHCbDVPf5K/jIzhmaEgbHy80AM2dsMMJ7972XEv4hvjTGZWDVfkyfmwrTu3cSbb9iwSbO3faDxyGhcVB3pmzmdQMPcn7lhM0MZS/H9RhnQ/QnOaentjlp/LJnLlct7Ag9Udt2Qt5aFnyZ+TeWYOrJfzr8OzXJDcAACAASURBVC2KZ2Sc/+462kKY8vHTtLWE2H+XTnFJOaCMq+jfo4l5i4HoBQfoYp7O4txyN7NWXS4Ji+wMpvfZw6L1PzDOVzlm0vrKc4syjp5h0sAd5jD2MP/9q+QA6l8j3dk3mD5wN5NWVVEPAbhH3KrD9GuppLdL8AFWba1+akz20R8Y4rOb1UfzOLoqAf+XlalDHwduZ/BrPyiLK+szWPTynpJpJN59DhCdVJfpNuDc3o1hg1oybFjpT/CLnrirIDvpFIP77KbfwITSKVvGn1kUvIfBZa4xO+kUI/vsZvDABP751Q+M892upKPlbuZ/UT4fTn11tOTavfscYHl05bE0R1cl0KXPgWqnidWnfOpfJ81+5aZfW/DZR3+gX58DRO85VVL3nVvuYPrKMu2DutX99IQzTBq4u7T++O5m+spL5qlSefzztd2MnPkDO1Yl4u1QXHZx/POooUwo9/h2fWm9du5zgGURifTzjWVTmSk66QmnGGmuHy7qaAa/foLzJVMzqmjPq27Ufp45/vtpVwCmXCWnGjVSle/MUjVl3MTGNHJSYbhtMufBHga/fpzVCw6U5EG/4MPEpZefTlN7Og3K1JyWpfe0+euvKmVW1b2j1radx46IBPqZ43RuuYNxb52qfnqT8QZbPzJSZKnivVWlnSuKBvzP2960tQR1trFk4XZj+mXmv1xaP7r0OcCmkrKvY/3QXmXRa3tK9/vuYdFX5ac31px3ShmMnHmcRa/tMccRS2CHHUyKuFz+Es+fY6TvjpJ8rKl+n//qMNMj8rAoNPL3gTuYtDKjynI4teNESdqcHbYz+PUTnCqXtrq0ESGEEEKI8h7K6xzbGve2Y9zbQcQuWEov76UA9H4xCPuvYjh6siFvbZhD2rgIRvf6HICiZoGsfXckKsCrxwAsdm7jtaF6dqatp12FkPuOHot6Yxhtxr9AC/M2py4ziV6Yy6thYQzcNg+AZr1D+TQ8kOY/3aHrxr8zra8ytqVZlwF0UV/j6LGTMNEVG+CRWgvxQbg3xd/pNF/suskFwId7HI69RZGlHYOCPTH9v4usi7nG+eUtaU0eRw8bKbJ0oIe3DWBg2cBYVn6nDN8fE9SQ"
04:29:08.894 [Forwarding screenshot on session ed2d6660-f69e-11e6-a414-872b36aae4a5 to remote] DEBUG org.apache.http.wire - http-outgoing-0 << "5HV6Ns3+noSzRhI+9EJlKuBsch5nky6WRJlRUFg+Denn6B/4I1mF4DuyKS7an1n/7jUA2v4a6TYYOZt8j5zuBVUGfWJVPONmG8xD8xuRtk5PXGGVhwJgyjdyVmekW+4vPGP9GGpbQAduvioaqh4D/WUGt/ye5EJw7d8Y/2YmNm24xfQ+e7i2fxBvdG1QYxHlXNVz4pQVmMyJKIBGnk1wd3ocU+4dkpOMFFlCbvETvyGPhLg8zhaCvpN5Yt7tOyQmGQEjyd+VLkKSpTOyfuoRmrQZwht+Npz/4gCBU2+V7k+6xaqkymnKvXSLq8ll4qyoPuWjqk+dLH6wvUdu7j2wK38PUD20N96FZBrvYV3FNDd7e2XskSnfyNmkW0z/2y2KNA0YEgS7Y/KInvc9Ni0dWDbIoU51PzvpBD2GpAHQY2RTnlLd4ZvPDUTPS8bYzIE1Lz6B/qKRxKSLJAKuzzrwF3KI+y6LtwIP4XllEL3slXo9qkK9Xmku2/PmKTrpOxLpMVZ5qA4Y1xTVxZ/ZvSGNPvsMxF7wx6eq9mz6pfbzuP92BeDkpcHV8hrarafpcvsmb7z6FH9p05jW7g3oNKUPZ6YUH5lHxsU8kpOukAz4jnSmrTGTTTHXGBt3kN03Auikog7pzGd1cCwL95unJE18gqPrbrE+9Bg6mwasGVDh3lGHtn1i5SGmvWvAwdOOl15vyNk9N4j78Dzf51hx5kOvStec/cM14gqh0binGVTVMEHXlvwrq8zIlfRz+PueRlsIrv2d8G90h01bbzGrfyzp2wcQFvBYHerHLWb1OcYmHbQNcuKvmgK+XpfFqgmJoBlEmH+DOpWxXptH4tYrJJqTdltrRTu9gV0RF5n0Zgs6mTuLErdeJPHSPca3VNdavycZCtCa64kaa+xtHwNT+XI4sT6OIaFZFFla0m9iU0j6mbgNaQz4PJPtVwLoak+d2ogQQgghREX1f3pQ92VfWlqNh3QZF8mlF/5BhsGEXWMX1CogItK8dyL70saiz7iFydoOF6fS97Ct/hrBpef/QQ7WVY5M0F+9Qjb2/O2FLuW2+44OJ3n4DDJuGbC2a4yTWlUcIJvTnkefcQvKbjebm1zzdQgAB3oHPc4X625xPh183HXs2wUEaOiksuPGIBXrPrrF4fPQuql5rYshzWirAn3cGaVz5dmn+G5vZ9wB5mUw6S9H2L3hNJ9NdGdyc2WqS5Glig+OBRLc9C4ZObd4ZUlx/PfY9O5Zsgoh+ONerBzzJHCP6Nf3MX1DTd1jD55uapq3n32V+XMNFFk2YN3pQQxyVa5p3F+OEKerPTc7je/BLu/jePa/wpDwvoT527Bn5g6Sy10fLJh4Cv+e54l45xzj9naqcaqJdutFhmy9WG7bS18OYNmg8nOErMv8oXh6UUk7syo9rsivKV9+2gH2fc+o2Upnyv5//cwbfjasCFF+L7JUMSf6GYY0ymRO39MkVngQ7jytB7tHgVu188TqUT71OldhUXiPaR12MK1CqsZvH8CCgPrPrbK4dI3nntxR5b6KcTj092B/dCdcgIy4ozwzXEvCd1kwyLZOdf/49p/M4Q5iQYDSGbfglRN49knjhxQDvPhEyWia4I97sHJMU+Aem17eyayYPOKOG+jVI6tyvV50g+k+iUSX1Oufef+VG8oxyYMY5K5s/XZlHKPm6Vm+/mc2BFfRnrnLsqdqOy//wdqVqycbP9Mz/BUt2v03mLVfecAv0qgY8vJThEz3wadC4wlY2o0NU1wA6L9gD+OWZzH//Qx2z7Gq9fo+8L6idK74OfPdge7KPW3aObx9T7PrnQssGtK0XFx7lv5QS9v2Ys8OA0WWlizeP4BhTsDin5nU8lt2XTSgh0pTLU35Smk6O9VlWXbl/qktLH/d00ce55nhV/h4SgovXehUe/3okEWyXpmK9a/POwLwv8HHadv/CqeO3AL/3NrrxnhbTOZqOziyB2vGNyJDCz9++i8Sl2exJzGPTgENgJ/ZtsJIkWVjRgTYcfytmut3p8X+fK3fw/CIQubtHUQvFZB9uTQLjBks/d+s0jrZ+nHgHtEz9zH9kywiP7vB1unq2vPgIdwXhBBCCPHn89tNSFY74VLd/A1UOLm4VLNLXblzxZhM6LBX2XkhB/ospH9Vp6rUuFQZYQ1xiTrp8NyTWHxyjUM/5hGcqSOxEPoNdAagc58mWHyo5WDiLUZ11HO2EIYMaIoKSDx8E4A3326Pe3Fg9i7MWezE7gl6rpVZELbRiKfN//C1w4VbZWI3kf59IUUaJ6aaH1DgcYJnPM3bn5/+VdJdo0xl2L3btLbKQ6D5mmbOcCBudlYdchMM5lENpgITYOJEknmKQn42e3ZkYwKsrX9R2sERPSnZ3P/b03qs1Do1vDO93G3gf57Gd+4tkgsh3/AL6PMo7pL0ntaBNwKeBJ5kxWc3eWZs+akC9u5P0sm9UtDl1Kd8HkbZOvjZ8ZfGpSNY7twCZ9tq1jcxGjh6LKvctB9N22a0dqr6llpk+Tj9RthXitN4G9pryhfOXyd7UXyHcunsgq+l1jy1o251P2DeYH6YcheTzS+cT8rg6tUsTiQq06KK74jF684MKekAeJy/DGkMMUpMxgtZJBeC9+tl6rWqKW++15To4rLNzuOsedftHy+xI6UQsARrJc+upSmjgyq15+xbtZ+XWfDA7ar1sK6cuWLg2wOXiYvXEbsvC63OyO7l59m14hobLwwgwKk4D5yYOaX074OAKa1xXZGM3mCE7IJa05nZWOl9HfN3n9J7mrsXu+MdMGnUOPFzmZQZ6tC2O9HJ73Esku4xtftuDrzoTJ/+riw6Fcya6m5GVQ+sq0ZpHfpHmet2CWjP7GevEHEkix/1tdcP7FQ4Ahb7L+Ld5yajXmxGwHNeZOR0VvZnX65D3bAtiWdEsBKPiyu4jHwKhxXn2bI1nbAAb7ITrrC7ELxnuuMD+NShfpvMo/dMBqjY6LLP6EksBLfX25jrpHJ9wbPbsGZdMof2XSN7urr2PBBCCCGEqMJ/6YpvVrh4tKF3m+6EvjNaPqf8G3PprKGt5TXOfn+db+31FFla0r+HIwBOnZvia6nl+6PX+HdupjIE+9nGgLLwYJGlik5tyn/9w1FTecqLs1v1pWrtAKQ/Vn5qmmNDnEFZ7+chp7sm+kt6tIVQ9FP50TPNfe2BunWwlPdYSV9IdGgK0RV3W96tfpqNmevEDuxf1ByToXQ6irVdzdOKqlNkqaJrW3N5VZzeUmbki++zpW9zbRs92G2lPuVT37ItslSxau8A5W13HegTU/jr8PKdSMFfDmDloGrearu78MHaznVc5PaXcn8uO4CqTnXfoOPDN4+zfn8tn+Z1csCzTIKaakrbpUF3B6jcnhwblR6j/+EGZwvBgjxm/S25UvBn9txAP0t5OC3bnuty3o99Ch+oXRn1WVz4yURzvyfpNcyHXsN8WABknL/MysnfsynJwNJVVwmYby5/p8dwLBuA9WM4ASf26DjV37LWdJ4wp0VlXb4jzr14seVya7XUrW0Pmt2Zl84cY9N3RqI/TCP6Q6UbM3hpF1ZOcauUDjtNQxws4Zq+uhF89zgRd4XcRo15xs+66jqEDc/4N4AjhaV9sTXUD1QurIjx4JWgNM4mZbEqKYtV/EiRxo4PtvfGP7MOdWPxk1XGQ2tPRvme5+NtVzi61pvM6AyKLC0ZPdLc01bX+l2Lq+cr5Jf1Y8r97IaR3LrkgRBCCCFEFf47O1hU7Zj58ebfOxWPLqcn8feFjw/8xNcqAzg1pXvxm0D7ZvTvBhHfX2PrRWWfn/nVrslQiEWhkYs/3SPAp7Tq5d6p/Aq2pk/OmgDcK67PrDyUVjtIqh7promdmz0Oltdwbl7+yTw388G/B2pCGfHwwaG+dLP9pWSUhCnXhAlrmtfyOSa1jRX2KptKb27Lsyw3quWBUmsqPS/5ewMMclA2V1wzp67qUz4PoWxzq3jbXR07N1dm/6MBPGHecNeSZ9o/UcMZv5AL9f6KUO11P58Pxh5h/XfgGuTMG6OcaePZGE/rG/T3TSl/mu3j5R6yy/bbWZs/IV6xPeXeLq0pTp6NcbXUcrWbBwc2tsQ69xfz"
04:29:08.894 [Forwarding screenshot on session ed2d6660-f69e-11e6-a414-872b36aae4a5 to remote] DEBUG org.apache.http.wire - http-outgoing-0 << "uZCpM4Jj6QiOsu25Lue5m9IfqF1tmRFHWAysPBtMsGvpdpfWLVj2eQHftEsp31FoWyEvzXXara8GH8/CWtN5Z+chwFhpgNipuAuczLWid/dKwdehbWt468uhvGXI5vjha+zfdYVNMUa2zU1iQLBbpXVWVM0dcAbOfJ5G3CKvyl/CytYyJTiZq6j48spz1dShe1w6YwSsS+tBDfUDoHGX9uy60Z7rF65zODGDnV9dIzHJwBtjk0nZVZe6UXU80IAR4xuzauot9nxxBt3n98D3KQa3fpz7qt/VKVD+vvFu3bDSrnwAzwal6aklD4QQQgghKnp4XxESjxA7evWxwyLpFtHfgXeQpnR4PDb0GOqAxSUDcUngHdSsZJ9bG+UftP/8pOz6IHls+lBZpLP4oa5mj9GksbKmxT/jSr+8cSo6nbO1Ptc/WLpromqqVh5uPrrIiZIXonls+vBGDWfVxHx9hfc4pwMXdwfc3R1wdzQwv+e3DOj5PT/WZyVmc1+WRWEe+2N/RvlSy/k65F0V7FQ4m/945vOz7DifD/oM3lt8rfKxxntkZ9fWjVOf8ql/2d7PLCpV6xa8MacTb0w3/8zpSFfXmvura14MvC7qUvd/IceojMh57/PuvDSoBZ1a2/HjzjRl4c86voC37+JMD0s489F54kpmRNxi5Ttl6nWTBsri4kcyuW1np9RTdwf4/jSBfRKZse7nSuHW9bwHbVdtvJWRWm+/eZz0Cu0k7os0sgop91lri0vX2JRQmpcnoi9ythDUaus6pbNNF2X8y66tZb/xc4NFwSn8/ZV0Msvld13adhazWu6gzVOHuOHamIAXfVj2+WDWTnycat+H2LsROk2FRWEe00NOUP4bX3n8c+YPaAvBbUJretk/hlpVXIfKfA0n/SIf7CoE7PCspQMXIDvpBzyf3IF/mBZ3HzdemtKVrQe608MSoBDTg9YNs9ZD3PG1hPVTf2R3IQwZ72HukKlb/TYBFoVGrlb+oBn2bZria6nUraNl6sgJcztya+3w63xOXQghhBCPhP/OESzid9fB3xGWK/9A7/Zc+YUc2/ZoQvEw/m6BT5Zsbz3Gm8Eh37J7w2n6GbMY7a/ih01pRH8HRX5P8T/+DSoMqa+KDa/MfZqF+y/ycfB+cuY0x9WQydIP6zYd50HSXSN7N2bPOMW45VkM7hbH4rnNSP/qPOu/q9vplZVe36rhsVyY+TRDPArZ9k4aiYXgPfNpulY1ysJUt1EodprSkzdN+JZNE8rvr2mKVSWqpkxfYkfcbAMWOgPTOu+qtEhssW+X7eNvK+6x7sKwqr90Ylaf8nnQc00V/v+rSL9G8MA9VfRvFKLHgVX/14PKkz8qqkvdfww1ysPlRzNPkBtoz8V9F1n6iZIvOeZpJLVeq8qF0HfsSJxnYGzL3YyY5sClr26QrCt/zGszVCQuz2J40z28GeWBk1bH8gilR+avw5sB16sMu9bz7G0eqF11Hd+WHhHfk7j/Cs82vUrPEU/S2v4XzsfrSbykPJhPe7lZuRx4P2g/uUu8cNdrCVueRZFlA+ZNdwMVtabT3s+BlzRX2LT1R/ph4BV/Fd+uv0hiIXT6x9P4lJvuVZe27YA20JJNG24xfGACMyc5w0kty9fdA57AsZpewEHzfAn46AhxMWl0dviJEdNccLHJ51+f3+CsTrnut99UviQ0as5TLB1yhY+D/4V+Rgva2Jv4+m0t2kLoufBpWlN7/bD3bkqA5UXiPvmekTaZjOpsw4mv00kshEZ/ccSlTnXjl+rjsW/BKyNOkLy1kCLLBowYUjylr271W+OiAows/9seMuZ2ImxA2bDdmDohidc+yWK4TyzzF3tAyhUWfphFkeXjvDG2lrQJIYQQQtRARrCIB2LfsSk9LKHIsgG9Opdfd0Ll48xgjXlfh7L7nmTN6S689KwlZ7dqCZt6kejvCmkb9BSxOzqXLOxpA6grPIkq25Q3zyq/jvx7oytu3GPTu2ks/TCLtv2VN9eOdjWPgnmwdD9WZZqcGylPOwHze7Nsoh0Wl7IIm/Aj6+IsCQhSOjKKn4fKpr9YkwoLqBYfq/LrSOKup/HVQNzyi0yfmkaiDnq83obP5reo+sKsy6wlUcMoBZVPR7YsLL/+SMDrTzHYU/mzl0fF3puqbxE25nzuNKUva2c6lGwvsrQkeKYzbc2n2ZaMSrIEHq91lMiDlU/9zrVWAVhhW4+FgGtjUVjI2e/ySK70Y+TqkRxyy/SONamQkPur+zZM/LQDPTSQ+Ekarw1PJmLdHV5a+BQBGrj6+XVOGJWRFNUpjr3r9AHs+tgZN4xEf3iDE66NmfK6Oe/MT58B8/ux9h+NsSjMY+XU04S9q+c2KqZs7MVkP5sy6S8fR13Oq0u7qsSpBVtPd2F8kAqLwkISt95g/SdK54rrs058fKwfw9xL3ysUWT5Oz26FrJ99Wulc8bTjvfjeJYtI155OB5Yd7sb4/o9zdquWWVMvsjtJaatr5rhR8d5Rl7YdvKg7U/o/TtZ3esLGphC2/Ba3nex4L74nXasbWqFyYcOFHkwf1wCLwntEf3iFlcuVzpW2Qa5sPx1Ysliwk39n/v2lB94UEr08jYXztJzBkuCFf2HDdBeKR9pUxxpA1ZR3Y1rjq4HED9OYNvZH1scYcQ16iu3mT0nXnnc1x9NvvNLl6PayR5lpT3Wp3+AzwJ0elpB1KY+P30ojo0I5DFren5UzHbDQGVg4IUXpXPG0Y/G+vrzUuva0/Yq3CiGEEEL8l7MoKioq+r0TIR492VoDmQW/YOtoi5P9gw6kyicj/S4mK2vcXR9sEdeHyZidx/VME9aODrg8lDHm98hIz8XEY9g62uH0MMetZ+eRnmmqZ/6XMmYbuJ75C7bNHKjT12JFPdVW90vrjqO73QNMebjFB68lk+PfjrAxpaOB4t7awdiPCnnv2FBeal2m3hjzSL9uAqvHaOZqV/eFx+tw3gO3K2M+GTfvYiqginqex7I+e3ifp/jxQGdM2ixyqeE+Uod03t89rfa2bdQbuJ77C9ZW1rjcz/3NmE/G9bvKF4ocbXGpNi31rSMKvdZAbgHYOj5R9XU/aN2oUV3Sfo9s/S/Y2Nmgqi5S833wvvNYCCGEEKIa0sEi6mzFkrP8vyVnaz9Q/Ka693DicOIf89Ohf+S0CSHEg/jfuW2ZMbft750MIYQQQvwBSQeLEEKIStLjjjM4+IqyMKxZkaWKxfue43+6/re/7TePYNE6c/xC95LpiUIIIYQQQtSHdLAIIYSomtHAiR+yyMz9BetGdnTwa/yn+cKKMdvAdcNjf4jphUIIIYQQ4s9BOliEEEIIIYQQQggh6km+IiSEEEIIIYQQQghRT9LBIsSjIj8H7bXLaPV6jL93WmqSryddLwvjCiGEEEIIIf67SAeLEHWVG0/PSR7843hGNQfoiZjrgcXcJdxv98Cpb8ZjMSmQf92+/3j0yUuwmFT97wD65Ch83uiI2zvP4RbWhc7r4+8zhb+dhC9fwCPsXdJ/74QIIYQQQgghxH2QDhYh7kNWXQ7Kv/9wb9w4X/94in+/Z/7DnXzzJj0ff7WC02UO7dfG8/4T+ZvQczDlGk917IP7750UIYQQQgghhLgPj//eCRDiz8AIqLB54PP7jU+kaLz5l9z6xWPXYiBfDm/1/9k7+7goq7Txf9vdgQFk0BEbNUwZCqcHkZDQQF1ypdTKKB92XVzXeogWM56eoF3C9aUpNZFaaI0Mi3yKdfMh2QqtUMN0EsFkRxLl14gJmpM6iaMMATNOLb8/7gGGgeFF6W07388Hhfvc5zrXuc51zsx93ecFfIPwB8CzI8e0ya+w78GZV6znt855PUXNsOCWiO9bE4FAIBAIBAKBQCAYEGIGi6D/2KpIWzmb6Wn38vxRafHJ+apcpi+dzfSlS9BdlG7TFS0hdOls7spMZnrabKav1HLEMani7VcfZPrS2cx66Q3HPiAneWr1bKanTmd6emy/Zc976R9ddfvqYx5ZGs6CNzqXvhz7UEvoo7N5vqpjoQwbsmczPftlzgPHKl9nwdJwaTlNsppZ2c+h/6pT3oNLZ/PgS6lMT1ZzTfI0NhxvcTHIF/zt1QcZ"
04:29:08.894 [Forwarding screenshot on session ed2d6660-f69e-11e6-a414-872b36aae4a5 to remote] DEBUG org.apache.http.wire - http-outgoing-0 << "l6zGK1nNvBee4WCzlNJwNFcq+2jXskNXZqBvn2lycTcL0qbx549qqf9oLaFpS9D1GFxxX06PzXTBQOH+NynUG2iyHeXPK+9kqVlKKzv4R6avTKXiK+BiFU+tm91R/3FLl1Bo6H1x07HK11mwclpHntCVXfMc+2gt09Nm8+Crz/Hn1dJ9oetepxELb7+xhHHt+dZpyXzpQaYvncaDRR935K//dCdHCWbGTdf1qodAIBAIBAKBQCAQ/NAQARZB//EM4npqKWuu5tV9egAOHvg/ysy1lJl3sPOz88BJ3vxoB0fNtXw9KphLzbWUmQp477gVOMrWg3soM9ey65N3qbIBJ3ahPV1LWYuFsT+v67fs5hEBXXUbomYMjWzR/QNpsY2F3eUFHLXV8uohSR4X9bx0rBaGB2Er16LJf4ot5rGsvWc1OZNvZdexDdzy+BIpAGL/CqO5lk2fFHNJNZEJnv6MVXo7FWjlb9l3s+jgHsaMf4iCe5Zw/uibvG0DPMFfOYomWy2vftxZ9pZjtRw1vckHxy0AHDv4D7Y0n+Haa0fy2XEdR5vr+MruavTey+mJy61neNtUzdv1Z7DZTewznXFKbaTMVIm5pYoFGf+Jtq62I+WUeQe/zbmDV0/0vAXusQ9TJZs5yTtq2sFvc6bwlGO/mM+P6yhrrmXTwQ2sPe24zz+Asld/wzzdDk6156srYOkneygzn6G2sTOqdPCfxaC8m8lDeq5bO9q9Wq556poef7R7tb1nFggEAoFAIBAIBIJvARFgEQwABXOmzgbg6Kd7MfIFuz/tfNjeXm2A8+VssAGMJvH2h3hYJaW9V30Y6yk9WzruPsDHRgv6qr3Sn8rf8shtA5AdPcVFtxHcNW0GsIPdJwDbYUpPSylHaw5gBOqrdnIUSJgynm0fFgDBvLv6HTLuWsBjD77BP++ZDezgL6VVIIMWYKw6g7Kn3+HI+ne4a7hTcRf38/KxRlA/yQdpS/n9XX9k35PPMgGkvVBG/5LFSjh6eC/1gPHTA5Q5sh6s/hSwsrtyBxBHnEaBh2Oxnoeryfsqpw88h8xk3/odLPWR/p4w4VkurS9l5EfPOtpiIu+urqNt4ye8qPYDGkkqKux+ypDtY5YWFgMwdsxDVGf+P1pXbyFVKSVr//YCxwCPX8g7siy553UM//0KL8fA+oNSIGfazc9yaWMdrX/ewH3dtK2i+BjcN2Uqfn3US3ublidjnux2/cmYJ9Hepu0jt0AgEAgEAoFAIBAMPiLAIhgQ4yffwzQAWxnbPnqPSqeH/KOf7aZQ51iio7yLX41WMNMRkCk78iHFlR91kfXRx+/ybvUBAO6bMpuoAcnurlto+J2MBUqPHKXxeBlv48eSCbdCcymHL1ooqywG4pijuYT+NKBOYOaIzvwRMf/JNODIOXNnfYPCenzYP3+yijJg6a9i6QgpjP4lv1O2/zGC26fMANtODp63clhfDMrZLFHB20cqabQdpvg0TIu+u9fNXPsupx94DkPhmO0y1Hsofp5yvmp21NHTyt83PciCdYvJqmuUrpnqaXCV0fJVx4lEC+5KInSYHPmIKaTN/Y100fYJn110LvM3/PGu6YyfMJOo4VKwCiDyll/iB8jHzmb++K6WtRr2swW4tapcyAAAIABJREFUK/ymflXLNcgigisCgUAgEAgEAoHg+0RscisYGMOiSVBBmekMj/w9E4BpEx5i4plX2GAu4LcfSLfdN2U2I4ARk+9h2ls7KDO/4kjzIzUmjg90BbytW87bAIxm/uRwGGYZkOxujL6V//IB7dEd3HdBB8Tx6D2hvHf0T7yv+z8u1sGE6LsJZAh+noBsSGfQAnCdP3IJmB6kdmOI9rU83eacdBAx+U7Gluxh1/63kB9vZNqtCST62diwrZyiUiO7gBenRLrN399yrgpbLeWX5IzByiT1DKJpxeod2H31kazn7J4yec8JPn70tMrH+W7X5VBVh0qBOKaNdSOzB5wDKiK4IhAIBAKBQCAQCL5PxAwWwQDpnJXSTuy0Rdx7Q7DTFUfABDoCMp1M4ndz4pnsfEl5r2NGygBld+M67o6+FU5vYNHBWibcfCvjx0YwzxM2lGSyBXh4SiTgw7U+wLF/UOE0S8Z46D3KgNCRTgp/fbnHkkaMC2cC8MYBp1k5tjoOmp1uGn0r/6WETSXL2WCDuyZGEqGZAhwgadub4BnHTI3CTV0GUM4V4NERGJnBFu077Fu7g4eDRuClCOaXwWp8u+egfQea7WXvO2aznOTvO4sdV2/ihmFOtzsvX5I55f2wkGM2K/VVL/Na+4wZAM6z65/VjJ0wg/EDrIv2Nq0IrggEAoFAIBAIBILvHRFgEQyYjmVCAAQTfeN13HzTrZ03dARMoFvQZMwUIoZN4Dan5SEJU2Z2zEgZkOyv9rHgUTXz3tjXkRwReTdjHb/PDQsFxjHzJkeGjoDGCO67PQ44QLQ2lberPuaDnVqm/f1NIJhfh0/o2wjDInh4DJw6+ifmvfoGFUd3kKZNkGbkeLbHF67jjoh23W8lZpwcgqJJdFyZFnZ338GEfpXTN673Rd2+2GHnPUQ/Oo1ZK6dxxwdvsumTAkqaPJAD54/mMi45XDoJach0/hwzEYCjR5/i2uRwxiX/itTTUpAk9XcPu6/LkOn8MdqRty4bzaP/gTovs2NPGqDzeOYIcTyzQCAQCAQCgUAg+HEiAiyCgTMsmoQxjgCJKpabh8CIm6ZzhyM5cVrXJTzOQZPE8GgApt0yy3ElmF9PdZqRMkDZF2xwvtVplsnYGBb4AEzsOOo37JZYqUyngMb4X+VQfs9vGGsuZl5eAne8VcApnxn8X/qb3OeIxwztoeqd10aw5E87WKsezdsHlxP9whJybMFScGfo8I4ZIFHtAZ8xt/EfQwAmcMcEqYCEqc7Lg7ouixloOUD3U4Wc/vZ0LPHx9nIsNRoxm3fTn+U+T4Az7HKcDJQQ/Sxvxjs2ELY3cYpGvnTYN2bB/7Hr9jhpg10aHScCBbP2d9vI/qXzLKPuutx+/zvsuv03TPOR2vaOmzPIv3liR7rx+E6OMloczywQCAQCgUAgEAh+tFzT1tbW9n0rIRB8b9gsGC+YwUtJwLDel+u4o/HiF5hbQTn6uj5Pv7kavp1yrBjPnMMukzFEcR0j3Bz97Jrn/PkLfAWMGnEdfe+Ycp4N635PMdcR4D+TzAcXMILzZK6cwlITTJi8gSMLI6i3QOCIHnfXEQgEAoFAIBAIBIIfPCLAIhAIvmUsPL/0ZlId+8aM9QnGt7mWo47U1N99SPYvx31fygkEAoFAIBAIBALBoCCWCAkEgm8ZBY+lvcISpTTv5lRHcMWPJbe/wjMiuCIQCAQCgUAgEAj+DRAzWAQCwXeG9SsLTa1N2H7hgf+wEf1YXiQQCAQCgUAgEAgEPw5EgEUgEAgEAoFAIBAIBAKB4CoRS4QEAoFAIBAIBAKBQCAQCK4SEWARCAQCgUAgEAgEAoFAILhKRIBFIBAIBAKBQCAQCAQCgeAq+blWq9V+30oIfiw0sT17NR80qJg8/tqOa7s35vC/JTWoJt3CtZ7SVVvtTtZmbcN7YhTXDel/CbXbc3n+PRORUePxdEmz1e/muewPuHbqLQz/Ref1mu25vPB2PSHTJtBelKmykJy8tznnq2FChwJGNmc+S0VzAIoTRTy/7SyRUeM51UuZzvp03jeaXdlZ1ChCuelaLzBVkrvqOTYWbOVTbmDaTdfSH4zlhfz1tXepqCijrKzzZ8+eGvydbDloNNWwMesFSo40M2ly97r2kpGdG3PYUlpGRVlXXcvK9lBWY0Uz/BR/yX4f/8jJV6W3rX4na7N3XLUcV7q0486NHW0/2Cb+PqkdjHrZTNTWNTN8+BBs9btZOwht2kX8tyCzJ9mXdvVvHBlyutPfLu11tp+ZnRuf4/mX8nm/2s6tMRPwGlx1f1TUV5ZzSTGGYZ5NbHce+35guPuM+N5w6k8/Cmz1bFqbS73/D7N9BQKBQCD4MSBmsAgGRMtpA7p3yjC3X7DVsatUj6G6lD1HTB33fVb1IdV1deA9MPkNp6owVJyipYe05rOfojeUcba563U/j4sY9O/yibHz2ic7"
04:29:08.895 [Forwarding screenshot on session ed2d6660-f69e-11e6-a414-872b36aae4a5 to remote] DEBUG org.apache.http.wire - http-outgoing-0 << "3qXaUE3Rjk86LxprKNYbuPgLbxpqSjFUnMLeR5nOaZ2/2zleUU1Ngx2Ayq2vo6trwD/4RkLGj+p3XT8/tI/qaj16fdef6uoyztn7Lab/2Bs5Um2guqrnuvaSkUvG49QeP87x4zUdetYcP87x47UcrztP49lPqTZ8TMNV6t189vigyHGlSzs6tf2/E1dfryY2P57CsrcMADQ3fEq1QTeobfFtyOxJdn/HEWd/c7afuXIr+aXVMDoY9XX++Ay+uj8amio3kp71Ep/bAZex74eGu8+I74eu/elHQfNZ9lRXc7Lxh9m+AoFAIBD8GPghvOMR/GjwJXy6hqItBk40gdIXmgx66hypVQcMEK0CbBw9VAcB8Uz0HVgJMhkglyHrIc3Hxxvw6JYWcHM0cqqpOWFiVoAKqOVgtVVKrD5ILbMIBozHqgAVvwwPIHraZiLSPPF0V6bNBp6e+Hh7daR13qfkkc2bwFOqnIesFeQzWLcicYB1lUpUaOawaI4G7NKX2q+/ljFhUJ/obNjwxNPHUUevnu3rHiXzV73KfACa2JSSSElrLBteTaa9ec2VGwE/vH3aS+TKZlHIZPTUxldMD+0Y/Uhn2/87MRj1utwKiiFSVFQZmcLmTQ+1u/mg8G3I7El2ZX/HESd/c7ZfkweAgodWrSBs8FX9ceEh/eMtA1zGvh8a7j4jvi+c+9MPHRvg6eODH44mFwgEAoFAcEUMaoCl5Z1sLh46A8pbufaxeKcvORYuvriOZtNwlH9Kw5vDmJ59lW9UMxn9SNxgqjBAXPTyBbDSUnUMz/Awfv49avZDZWx4OGzZwrG6JiLDfDEcOASKKOLD6yjS6TESQ4DtM47WgTo+HE+gvryQ9S8VYbQCKIhZ9Cgpc8MAM4UrVnIAHxoMdVgD4liicS7NxPbsbAoq6gA5ASoroOqulGoCU+Tw8ZETEKPCVltFNXLmJEyjZEspVbU2goM9OVZZA4oZaJRQU5hF5qFA/rpuYRdRNmM5OZkvoTdZQaFGozCBR6hLgWa2rlzJ5finCT2yjqxSC1DCr3//Bcs3rGBM3XbWPVdAnRVATsyiDFLmhri1qVdABDHR3R/jat7KJPvtGkbPepRVCyOhqZJVj63HNO4+1q6Yx9nt2ax6s47wGZO4uL8EgwXkiokkPZVOTIAn0vKtLPJKDYAcTcQ4Gvpo376xd8yQaAG6PmaZ2Jazgiy99MY2IGoRK9LmogRoqmVT1npKDNIsp4CIeB7PmE9AH6WZD7u3Zc3OTbyUX0L7vCl1VAJpafNQ0Xs71rzT3vZ38v4TK6kfo8Gs02EE5KoIHl6RIcUJu/gfaKIiuFjTzP3PryKy2/Olmd2bXiSvpFr6U6Eh6YlUZgUrObx5Fa8ck+FzRk+dRU68dgPhxjdYl1+KBVCoJ+LffJIh09NYMT+Epnodr6wvoMJoAUAeEEHSo6nEBHpyePMKXjMGEnRxD7o6K6AgdvFykmcGutTrfyg+A3LAw8MPL69WGHYHT6+az1k3dmsozKLEAuiy+P3pOJ5ZJEObeZTFf11FpNJ9/Zpq3mJp5j4CQoagd7S9OmoRT7S3vRNNNYU85pDp8b77unT1gc38z+ojPLxxHdFKMOo2sjS3jgdy1jEzAEzlm/jjS1+w5NFg8tdLsrvSv3Gk3X7a+MtkZJUCsPrXv2dO+l9J1DT023+N5YW88FKRw2cVxCalkTwrpA8f6c0WZrZnr+vwQ7kqgqSMVEcft1FemENOkd4hcyKLlz/GzEBfF7/z5IZRYA1ZQk5ytKMxKlmxZD2Bjz5HYqSd7bkbKdA5ZlvIVcQufJgFI6tYslqyRVbiE6RufIK6ddLYlxipxGaq5JXcPHQGS4ddHk2dT6Cnmc299i0Xv7hCn+/3Z8RV0Jd/u9Pd/6Cb/rTBMX7YaliVlM11jz5LYiTdPgs35vwag5u2HTz7Qe3ujazLc4xFKjkWwPUTTyAQCAQCQf8ZxCVCn3IxvwjboXJspdlY6qxOaXYu79/D5UMfYr8MXL6E9dA/se7/dPCKvyJc9LJ9hmnJrzi34h2++Z41+6HiGRjOROCI4XPAzKGDJhSTp3PnjFuBKmpMwJljGIApk8diqy0kPaeIhnFzSF+jZVHsaHQFq1m1vRaA5jMmjIY6wufEEhM6psvbd13uKgoq6ohZlI429W4spm7qOFAxaYoCa9URmoDPDh4AQrjjrjuYCByo+gwwcVhvRTU1AiXQcukk1jOXXOQYeTE1B31rMIuXa1k81QODEXrafOHSGROX7HaCZixgjkYO8okkPXwPyjPb+Z/VBTSMm8PyNWtYPCcYXYGWbJ2xuxAHjUfeIDs7m+zsbDIzM9nsuLflvBGL1crFS+0hDTsmixXTyfPSUpczdVitJipKSjjjr0YlB6ulmty/bKUJOLx5dUdwRT1xHCf1BqxudBgIMpf/nTHoISl9OYvjJmKsKOCNSjNgYuNjyygx+LAoXYs2NR67vojUFW9h66UcW717WzYd3og2vwRZ7CK0WWtIiY+irmILfy830Vc7Orf95WYT1TodQQkppKfE4WfSk5O7HRtQ3uF/qWhTE7hYocdkudg+0agLlRtXkldSTUR8Cmu0KUR5GchfthKdSSrDZNDTPC6G2KgZqBuLWZZfildEPMu16UymljqTBdP5RqCG1em5VNhDSNWuQZuagL9RT+76d2gCLjdfxKgvoWrYLNKXpxATYKE0L4/DNud6+RB+5wMkPfAASQ8/zIzRJkwmC7KAkch6sdv14dNQAXLNHB5eMBlZy3ks1jO09FE/e8t5TFYjekfbJ83RUFdRwNZKczc72Z1k9lYXZ5Qjx+BBHR9VSf2iqrQUK3WUV9UD8MnuEqx+gVxHp2xn+juOtNtvmOYOFsdNBCB2URIzgpr777/G7SzNKeLM6FjS12hJiPKiNF9LYa2tDx9xb4vawnUUVDSQkL6GLO1ixpn05C59DTNQU7iSnCK9JHNNOjGKavLSV1JpdvW7X3HLjUMxlhZT41C6fu8ODFYPgq5XsTszlQLdSeIWL2fNmnTmBLdSmv8SR9R3khQnRb2jFsWjUXaOfVBPTkoWOoOChFQtyxfHYdEXkZ6x2eGr7vtWV67c5/v/GXHl9O7f7nVXuutP7eNHcyMnrRZaHAOK62fhqV7adrDs11SzmWV50lik1aYT7viEEAuEBAKBQCC4cgYtwGIvK+nyxalpW1mX9Gu8AXy4BsAD6X/v738iahe9Ln+B9XNgpFLMXnFLIJMnQt2hOmxNBg5aYPIkDb4hoQRg5eAnRoy1NcBEwgM9qd6zD4jg6VWJRAaHMDd5OfFqqH5zD2akL3LyqBTSEpNJSYxxemg3ceRjE/KYVFLmRhISPZ9nFkcBrT1qpZkUDpYj1NmaOHrACBGRBHhKuhoPHKWp6QRVwK1T1E65uoYImg/vogKIS0tnZlgIMxOXk6BxWyQAysAwIgL8gGuJjg7j3N6dWFHwm9/fxUhvb8LvnUeUAire2UuTGxlWUx0VFRVUVFSg1+sprjjRo34d33q9pJT2BRDyiYt4dd06/vJHx2wwSzMtmDmwR3rjHbV4LetWrOKvqTFSeg/1sTWZMZlMjh9zr4GP3kjIWsWsyDBmLlzIROB03VlsNXsptYAmfgFTg/zx19zOgjkBYHiPA92fwTuo3uXelraR00hKSiEjeS43+Plzvfo6abYG0NSvdpRsZ2+V/C9lXgyRMQu5P1YBJ09xiXo+0plQxKSSMjeakOh5PJ0a07PxqGd3qQl5VAoZ82MIDokhbW0qCkyU7q9x3BNBxooUktMSsR/aA/IYVmTMJywkkuR1f0TdLtnmT1xSEukZDxF9wyj8rx9PhAZoOO8UOIjiqYyFRIbFcP8DsUADlzr2nJABnoTEzGTWzJnc6n+OPQZQRCwiMzkGj17s5hsczSQFeKhCiQ4L7lhoIetX/WCRo+1nJSaiAZp7ikR1yOxPXRyoJjEjAPTlNUAtBx2TLGo/qQVq+bAaNLOmMqSbbBjoOAIy8A1gcui1gIpJt8Uw+mx5v/23ctdOrGjIWJdMZHAI89IeJz42DrX38X7YsGdbtEpvJTh5rJ4W7wmkZK1hzdpfo8RM2a46CJjD"
04:29:08.895 [Forwarding screenshot on session ed2d6660-f69e-11e6-a414-872b36aae4a5 to remote] DEBUG org.apache.http.wire - http-outgoing-0 << "/NtD8fYO4t4H4gEjHxvaFev0u/+8by5y6th5wASY2fVONWjuJUZlY8wvF7M4/WkWztTg7zcKTfA4AOx2JZNCAwAV02+L7DIjqalmP3ogTvs086JDCJu5ULKtcQ+HzL31LReu2OcH2rZXR4/+3YvuP3Pbnxz0MLx3fhaGcrDPtnVwFWPGkT17gChWZMwnJCSSlLXpgzz/RyAQCASCnx6DtETIiuXd97tc+VfpmzQ/HIvPADcE+ObI3zE+tYVrbgjjms/3YLd447uqEEXzdkzPv8zXVoAx+Cz5M6o7pWUVLbteoOHlLY40+PmEe/D/UwY+w6Fl6zK+LPyYX8x9moD7o6GpnC+SV/L1Df9FwNOznUq+QMOaZ6WZK+eK+XzBKfxfeI6f693L/qkSMnki5NdwoNwDCwHcqvEFNExXw5aD+9kvq4WJCwmEjiUpnd8lPdGMV8EZx5+XITjk+u6FmE9QZYXgsf4dl2S9HGqg1ExCgY4jBw5yxARRv54g6RodAXmHKC8/jxU14Te43zvg8uUWQIF6VLvTehIUqIKTvdvjsuMLvb2jpibyl6V0vcmruYclNRKKqCSeeeBm7I5XmzLvET2WYz5xRFrW4fL84Het5Iye6vEEAMb2AIwXYFERMUFayKAMnUQAOow92FH/SjI5FZ1/L964lZmu6zv6RMFIvw6tuE4Be8430twoPVIZilaTXOR8f0AfeyW4t+U3Q/24VJVPSn5ut1z2gbRjj/4nQ2b+nONA+KSgjqvKoBuRU9X97W5TAyZgyq1O69t8g5isgLKTDeDTCvJhHfs9y2ReYL3oJEfNeIWjS3iq8Lt8nOzUfLKcy1C1h9NaQe7TIct+uV3j7tjqd7Jk2RYsAXPYmDFXmh3Wi906l3+51LC5j/qNAVAw3KntA+TQ9z6j/a2LL1N/paG4oIrKw+cxoCYhYRhbtlRRWXmeOhSkTA2EE90yDngcaUfSpRW7nYH5r70VFKF0bnUdyPzkQGiq5A368pGebRG28HHijX+hqDifimIAORHxD5N6pw9GC2ApIT25pIsapw0nmEJXvyMgmlkB+RS/f5CmIA9KLRC7eCrgySh/KFyfTl5Xp0PmYosuVW1pBuSMGdU5qnkrfDr0dtu3XG12pT5/8cra9spw49+96u6mPznRRV1nezWd7rVtiXYanK9izJDJvIDLnRr6agjtV98VCAQCgUDgjsEJsJwr46ujLYCSoWv/jHXpH7FylMbdp/C5c+yARP2rxcQ3VjMc3eO4MhqZfTtfZL4MeCOb9B/869A/ad7wMOe8/sHIGw5iWr+FNpR43RMHnxbTenQbphUjGbfhAb758jP+ZW3hm4udyyy+trTwzWembsuA2mztCyhaaLtsoe1Mca+yf6pHMAXcHI2CPAo2A+oENL4AnoRPm8iWgiKKgKjF0j4Zdnv3t4nnvjABGuxIXz19fP263YPyekLkUHOqseOSTNbLzq9KDVNVUJz/GhBA3CTpPVxAeBQqcsnPrwNNAjf0EvDz8PAGLJxusIFSurHhy8YB7fhnt1sADdqtq2jfdaW2fDf19pEMdZPHy8MXlVKF64YVdtcv5j3OCMDp+3vXdMn0JvRHTcSoVDQZjmCEHl/whv5mDctn2R0DgjfXDzi40rNaHoDMR/qaH5u+keRISXCTsZK9VS0E9dKkvdnyxGtPUqSH+FQtt4eGoKSSBxOzQCZDNoB2dO9/oxgNGAyf075phPnEcaz0EADw9UMJfHzAQEr7BhO2c9RZIPjGUZ3BxI56tUKXc2k+p97SPvtmE9oCHerYJJ66N5IAlRJd9u/JrWFgmMpZmZ6PRRVDTk5ih2tV9mI3AC7T+Xs7Pn3Uj+6npAz2EoPAybehKMgjb70e1Ancfttw3tuSS1aWHgLimKQEe08BloGOIz0wEP+12wHLRRpp785m3sp+kfNhUQPyEWfMtZ8zcubjbM0YQX2Nnv3b36C46FUO3P4MKjkYQhazNWOmQ6aR3btq8A/XcPk9V0m+3H5vFMW57/D8RoAI7opUAkZeWZZHtSqK9KzfoQlUQeVGErMOuhjCRZzdDli54NTPpKALvY/tLlyxzw+7+ra9Utr9u0/dnftT+/jdbkcPWZehuIu9fEf22rbOXM2YIY1FzpsC12GwQpD7LAKBQCAQCPpgUGIELbu3ScGKkbMYGhqN75wxAFjf2nYVX7Qn4P96OeotufysUnqD87Pp/83op9czImmGVO7Wd7FfukibVBr/agH57Q/gt2QtAet+66icyxO14+0N3o5lSh0MZ8TTT0sPmCPjGVP0MkPoS/ZPFNUEwuVgscLEaeEdFg4Mj0YOgIKIcGnWhGbKZEDPX3J3YjSbObw9m/xqCJg13WkqsquX2LEzgpAQORZdHoXltZjqy3kxr5QeN0QBQEnEpACwWkF9K6HtL1WVoThiLUycHO7iDc4hDDseYdOYCBS99AqHjWZqdZvI07uuSe8W9uiCZvpUwEB+9nbqTWZqdJtYlpNHvr5hwKe7+A2VHhZMujfI3ZTLyhydlNCvt7RKJk2V2qAi789k52az1LFxZ0/5fQOCCQsJISQkhJCQwB5n2rRjd/m/Ny4DvmEzmAiU5r2IrtaEub6c55dmUVBQSmMvRunNljI7gD8jr78eH3s9hc/nYUFakuQ74Hbsyf+CmROrwlSSRe72cmrK33LYvyfjBxMdIcdakc8mXQ0mYy2FWeupA4I7ju3uLC90xh1ABU9mFnK4ppKNT2RicJE8bHQAI4bKOLwzl9wKq0uxvfmgHTu1ZP4xhzpgzq+n01JzmMOHKzl8uN7xjNez3UDJDSFyLEf2UV7rvJlFf+p3pfTenzpQhTNVBRYLqCdNwFcZSrhCSpr4q8lu/PVKxpGu+tgZmP+GTp8B6FmfuxOj2UR54YtsqahG5j9lQD7izIldr5KbtZTCyjP4Xx/EqGEywAuZTEXoFAXoX2Pj7hrMZiPbX8kkryAffUfMoatMVczdTMRCtcGCOn6uY5PeFmnGwrDruH70UFpqd5OVJdlIOpnZDlgwHKzpsnRQGTEDDbBlXQ6VRjOmmp2sy60AeYhTgLanvtUzA/f5gbWtzVhO7qpMdtZKizVrd24ic+NOmnpIGyg96961P/n4jwAsFL+xG6OpnrdypL7XlfZa9qdt+6NDp9ye7K6ZMhWoIHfTbowmIztz38D9bmECgUAgEAj6wyDMYDlF49v/lH49t4XPk3bSds6xRvhcMZZjDzF8/BWIHRmK13AABdc4Hk3/tW8dp/at67znywu0hS5h6PQPubTvM2yl/4vN8QzZfOQJAp7ofkKR/TO9FAxy3QlRSu34rQ34Wei8XmX/dIMsKiZNUaHTtRId7nTiR8AEpimg1GsyoY4v2MrIZJYnNLN6Sz6punzptqhFrFgonSIkozPmJeEFfkPxxpNZGWv5YsWTFOUso3NmvvtFJeqICCgxopkS7vTApSTiVjUlxQ1MdtYVL/DzdkhrLzOYx9YksXJZPqtTpWCGHLD6D3VMr26/Dxe9vTpmRyjDEtEuaiGzoID0igIAFJo4lj8S496cbqoUcu+DRO1bRoXJhK7EhHqiBnl1941qfYb2/NY2MjGD+C9WUVRtokJXgSpABcar3wVSeqHfdaq/zEN66HPFz1sGBJKelcLq1bnkti/3katJWpNOcLccnXJ6s+XoM1bUunxyUxPJRTqJRy2vpu7oMZg/rx/t6O3Yx6Yn/5PSopP/QisrySvIQYecABXgxnwzM9ZydlUmxblapHCwgjkpWcwP9qVyj7OvgW/IfHJT7fw5p4jVelBpIghAj/LGUfiGBRGn2U9xgZaFBQABREQEoNdLR6N39VsnnZ11Nzc4TuyCktzVdC4wUJC87De92C0EdXg46CvIWXaRZcsDO2T3Vr+mw93bvrtdHde7+ElvdXFFyZTpGkqKTjIlfCzgyaTJKnSlrURPDnYjuz/jSG/6eDmOJu6///qGLUS76Eu0Bfk4XI+Jcan8LswXz7D++4izLSLvTyPmRCZFWekO/eXEJK0g2hdIeYZzX62iKE+L4+OJiIR0EkN8qSzrSWYws+cEUF1i587bQjqu3ZMQQfWWIlIWSiVooiKQV+g5"
04:29:08.895 [Forwarding screenshot on session ed2d6660-f69e-11e6-a414-872b36aae4a5 to remote] DEBUG org.apache.http.wire - http-outgoing-0 << "YjARc/1NBKCjJE9Li1dmZ9t6hpC+JonVq/LJSk2WRKkiSF2RRqDbsd1VH/ANu+sKfX5gnxHNnx9CV63He7b0Od94cj/6snBakmdhd0lzpqexrb1ufenu3J/WbE0nKeoA+aV5pJYCARoUTiEWV3vF9NK2g2M/UEYmsjz+S1YX5ZFaAshVjpckP5SDrgUCgUAg+PFxTVtbW9vVCPim6hVOrfhfSZi8Y7U3bVYpgvGz2KcZ91g4XybN5atzY/B/vRCFh47PE5by9ch41PlpXeTZP87m9KofCqwWAAAgAElEQVQiUMQz5o00ZIDl+fk0lJ7m57HLGf3gNL75f3uwGC7iETSFITd5Y/u0htaz4DnKTuv+9/hq31FAKov/m09DyWl+HruWsY/FYC/L5HTmNof8+7nYk16KeMa+kcY1F07R2otsxU94H5YBY2vCdKkFmbcKZW/TI3qgyWyiBW9UA814xdgwmy7BFejaKaK9vkNR+g507kpXzCYTXIUcyX5DUSmvTo/BwGwyYZfJUCkHsAbJrS3b28mdba6mHZvYnrma4yEPkjZXeow27swkNf84KRtfJcaN+jazmUt2GKpSup2xZKrcTPYOGU+smO84wrqclMQc1Km5pDmWj0htNkA79Zs+7GZrogkPfD27p/Wnfj9UBmMc6bf/tvvsUBWu3e5KbdhkNtPiJp8k0473UBVXPNw0mTG1XIkMyZ/ssquz7dX4/Hf/GdFT+W50d+lPtiYzl1pApepfPfvbtlc1Zjj8dahK9aPr1wKBQCAQ/NC46hkslveKAbhm0hMEPt05Y8T2/jK+2LBH2uz2wfArkt0e+fGKmQalW/im9HUahn3Bv/b9L7ZzcM30AHxk1ZgyiwAl3vc/hMew9g1Cx/CL4cBQP+A035Ru4Jx3BbZt26Rk727FwWW7VKblfYxLLuB3z3DMub3IFvQfT19Uqiv78uurVPW6ZGXw8USpusqzFK6ivq5crS7fvf3cc0V1cWvLvtrpatrRF2/OUFGwjCdqYlBzmlK9tI/PpF6eXzyVyj5P4fD2hrrqIpJTa4nV+HCktAITAfw6qDPnt9tmfdjF09dt2f2p3w+VwbBpv/2pl/5/pTb0VSq/3XbxVXJlQ9YgjJdcXft832Ncr+W79CfPAdq5v217VTYYxM8rgUAgEAh+6lzdKpemcr5ynFPpc9+0LkmeM+9zrJo4StNhs2MJRd/vRn7m4ZiaOlTWsUeKLPy/Ud0/CzhN61YpuPLzCf/F6CdikU1Zgn/CDK7BTMvr67i0bQ/Ib8BvxeN4A97xqXiNBDhNy7Zt/GzSLV33XnHWa3g43jd6Ay188/kerEN+26tsgUDw78vMjL+SmhDLkIunqWseQmxCChtXzbvqBznfkIXkpCcRpbxMXZ2JgNh4ludmEvNjjVwIBAKBQCAQCAQCYBCWCH2n2C5w+eJlrvEZhsxX7pJowX6umTY88BjZfXqJ/dxZ6DFfd765cJZ/eTjf27tsgUAgEAgEAoFAIBAIBD9tflwBFoFAIBAIBAKBQCAQCASCHyA/3YNwBAKBQCAQCAQCgUAgEAgGiZ9rtVrt962E4KdD7fZcnn/PRGTU+O/ktIImYw2ftfpx7ZBfULtzI89vO/udlX1V2EzU1jUzfPiQ71sTF5rYnp1FjSKUm651d6TuFeBUX1v9btZmv49/5GSu/ZYbytk/BkJ9ZTmXFGMYNkD9vgt/tNXv5rnsD7h26i0MOf3d2bKbb3wLPlyv20zmc3+l4B/VBP0qhpEddWpi58YcXi+pQTXpFq69XMPGrBcoNdgJu+UGPLFRXrie7Ly/8+77H1D3czWTb/hul3s21W4nZ8PblFWUUVbm9LNnJ59YVEwef+3AZf5YxzeBQCAQCASCf1PEDBbBd0rDqSoMFado+S4Ka6pkaaqW7YZLUtnHD353ZV8VTWx+PIVlbxm+b0V6wM7ximpqGuyDKLNrfZvPfkq14WMGtYgei+3qH/3PtpH0rJf4fKD6fUf+2Hz2U/SGMs42Q3PDp1QbdN++LYGuvvFt+LCRt/OLqWtUEHzjtS5H4Nk5eVCPofqgVFd7A2XVBvSlNbQATYf/Tk5RBUaTCZPJyGW53yDq1T/sjWfQV+vR1xzn+HGnn9qTXGz5euACf7Tjm0AgEAgEAsG/L1d9TLNA0C9sNvD0xMfbC+QyZN9FmR7QCgzxls58kskAhbd0ApRDnx8ql1tBMeSHeFaVkkc2bwLPwT3Ss0t9ZTLAD28f6U8b/Tl/7Apw8Y+B5AMPvAfqxN+RP/r4eAMeyABlZAqbNz002M3lBmffaBp8H7Z9To0VolKfJi26e4VkXoDFSxpbfIJ4YFECLYrxDAUuX3ZEmBSxbHw1mV5O2v6WUZC64VV6UH/g/IjHN4FAIBAIBIJ/V0SARTAgmmreYmnme8j8wWi0oI5bzro4LzZlrafEYAIgICKexzPmEwDYjOXkZL6E3mQFhRqNwgQeoQAc3ryC546M56/rFqJ0yH4ss4pHN6wizBeM5YW88FIRdVYABbFJaSTPCoGmWrfldWJmc0YWFkCXlYgpbjn34AWW/WQ9sR9DnUWSufgJkmcGSzkOb2fdcwWO8uTELMogZW5INxsc3ryC1+oDGPNVGRV1VlBoWLQ4llOv56IzAXI1SRlPMCtECZjZvelF8kqqpcwKDUlPpDIrWErbnr2Ogoo6AOSqCJIyUvHfn0WJpDi/Px3XYZ/O8lfxSv0wAsw69EapvIQ/pjEvTCWlHZPhc0ZPnUVOvHYDt3+91229andvZF1eKRYAVMQmPSzZ2I1uMQHNbF25ksvxT5MYCZufWEn9GA1mnQ6j476HV2QQrXJpe7kKtV8jDcNm8eyqrvWpKexaX208gIltOSvI0kszIAKiFrEibS6yAfofGNmeu5ECnWMmhVxF7MKHSZ41qpt//H7UATe2cPL/w5tZsroUgKzEJ0jduI4IeyWv5OahM1g6yn80dT6BXZ5vvz1/BBPbs7MdbSUnQGUFpDOfm2oKeSzzKA8+Po031rzJdO3zzA+Rnu5Nuo38MdfIo5tWEYm7PmWmcMVKDuBDg6EOa0AcLzyu5rX2dgXUUQmkpc1DhbnDN6bU5XS2ad3NXHvaQHDqcyRHS3qZKzfxP1nHeHTjOiJdoh315YWsf6kIo6Pfxyx6lJTbYEViDhagIieR1CPp5CRH9mALB5cvUPnhh5hUcLP/UbRZUpthKeNPKRd5dG0Gw48U8peOcnpu7/a2c9eHpfFwHwEhQ9A7fFUdtYgn0ua6DeLIPNyr3VSv45X1BVQYJV+SB0SQ9GgqMYGeLn3bkxuG2wbkTwKBQCAQCASCbx+xREgwIOwt5zFZLRiNo5kTG8Uk9S/Y+NgySgw+LErXok2Nx64vInXFW9gw8mJqDvrWYBYv17J4qgcGI+DYuuNy8xmsZy45yT6DxXqGS3bAuJ2lOUWcGR1L+hotCVFelOZrKaw93Ut5ziiZeu8cADRzkvjtbWpABlg4M2QG6ctTiVVfpjRvPeVmsNVv539WF9Awbg7L16xh8ZxgdAVasnXGbja43HwRY3UpdcPuJj19EerLBgqycjmhSSA1JYEAax35b1UCULlxJXkl1UTEp7BGm0KUl4H8ZSvRmaC2cB0FFQ0kpK8hS7uYcSY9uUtfQxE+DRUg18zh4QWT8elWvglTtQ6jKoE1WcuZM/oMW1avQmdypBn0NI+LITZqBsFte93Xq6mcdXml+M9ZTFbOGhIiWinN16Izu9fNDFw6Y+KS3d6hS7VOR1BCCukpcfiZ9OTkbsdGPTlObZ8yS0WdyYrlTDOuq1Wud1Nfgx6S0pezOG4ixooC3qg0D9D/YHdmKgW6k8QtXs6aNenMCW6lNP8lyptc/COywa0tnPENu5OkOA0AUYvi0SjryUnJQmdQkJCqZfniOCz6ItIzNtP0HfmjLncVBRV1xCxKR5t6NxZTZ5q95TwW6xns14egxkLRW+WOlCY+eKcUa8B4NL6mXm3YfMaE0VBH+JxYYkKHsf3JHPSyaSzPymF5Ugx1FVvILKwBJ9/o0qb3x3C93Epp8X5HH7Wxf1sJVtV4glyiELbaQtJzimgYN4f0NVoWxY5GV7Ca"
04:29:08.895 [Forwarding screenshot on session ed2d6660-f69e-11e6-a414-872b36aae4a5 to remote] DEBUG org.apache.http.wire - http-outgoing-0 << "VXvb+O3i2A77PTAjqJsdutKM0WjCePw89i6rb6xYGptpNBSSmlOE0SpHPVGDChOl+VpydaZuknrrw5I/GtE7fDVpjoa6igK2Vpq7yZGwsG/rW7z1ViGFhdLP5sLt1NsAalidnkuFPYRU7Rq0qQn4G/Xkrn+HJlz79q+YeV///UkgEAgEAoFA8N1wdQEWay3PLXkQ7etVPSSe5/WMB8noMa03kdtY8qCWKsuV6PMFR49+cfVyBH2SsGY5iclp3Ot3lFILaOIXMDXIH3/N7SyYEwCG99izbxcVQFxaOjPDQpiZuJwEDdK89g5k3X6XAZW7dmJFQ8a6ZCKDQ5iX9jjxsXGM+WKP2/IOuDxIBN4aigpQhUYTEuAL2IEonlmxkMiwaB5YMK1DmepdO7Gi4De/v4uR3t6E3zuPKAVUvLPX5UG5nShWZMwnMnIu8dNUQBQZKfOIjpnHA7EKqD2OiXp2l5qQR6WQMT+G4JAY0tamosBE6f4aWu2XgcucPFZPi/cEUrLWsGbtrxkTHM0kBXioQokOC3azPCaKFRnzCA4MI3H5wygwoTe0PxxGkLEiheS0RL7e30u9HJGOhi8+4/MLMm77w1OsWZPDrUrc6ub6Vt7eCvKoFFLmxRAZs5D7YxVw8hRfVO5CD8Q/sYKZYSHELFzB4gh5txYH8HWpb/sL/oSsVcyKDGPmwoVMBE7Xne3I0x//O2C2MeaXi1mc/jQLZ2rw9xuFJnicpLfdxT9GeLm1RVeUTAoNAFRMvy0SWc1+9ECc9mnmRYcQNnMhzyyOAuMeDn0n/mjiyMcm5DGppMyNJCR6vlR+Rydr71MBzIpXQ/UOKm2AsZydRoi693Y8avb22qfsSG2clphMSmIU/wJoMGKoO8vwyAVkrVnD47df30ubTuOe32igztFHzXreMUDE3Du6+VP1nn1ABE+vSiQyOIS5ycuJV0P1mx8zatqkDvuFBfe9yEcG4AVDw+bz/HIpGIEqlk1/W8UvDu0DQBG1kOUrVvHooggAdO984GLf3vtwO4scvjorMREN0Gx3v+lNRfEW3n77XYqK3qXo3SKKiz7kbDNg8ycuKYn0jIeIvmEU/tePJ0IDNJx32lels2/H3tZ/fxIIBAKBQCAQfDdc3RIh+UgUZ/aw4SlPFty/AeeJyNajb/P01r3ck7NiQCKbTh9ix55i7rFpB6iMhdx7p5N90wbqcq6jyXSInXv/dgVyBH2jYuQo6bG/uVGagWIoWk1ykfM9AVzzdQugQD2qPUTgSVCgCk72owh7KyhCGdVxIZD5yYGYyze6La/blhiX7dLjhb0F8AVaQe7TcV/zZeebZYCJ/GUpXWV4NdOeu5Ouclz/vuyQJ2tqwARMuVXTmdU3iMkKKDvZQFja48Qb/0JRcT4VxQByIuIfJnW+xjHLw91DWiuohnaW73s9IXKoOXKC6bJWkA+jc+eLXuqljObRRYdYX1BKbrW0hEI1cQ6PPpZI2EL3unXhMgSHdH24BhltSHlG+ndeVQzzazeOC/Ye6qtgZMc+pH5cp4A95xtBDf31PxmejPKHwvXp5GU5p6kk2zn7Ry+2CHbZL8N+GaAVux3sLc2AnDGjOm/yVvg4rODCt+GP5hNUWSF4bKehZW4Odwq5/U4URbnsPmDC79wOrGi4O0ZFc3lvNsSljZUseGIxxvV5FOUZKAJQqFmU9gQBXWIeXds08LZ7UBVkUbq/nus9SrAQwJzbui7qc629hCea8So4Qw/26z/29j1YWqEFaN8FylKRT+Kv8ztvbLjU1b599GHGACgY7uSrAXJodquJgtRN7vZgUeF3+TjZqfl0ddd2bV369oD8SSAQCAQCgUDwXXCVe7AouOu/F7HuD39j28cW/jhF0ZGyv6iAtrbbWHTHuIGJ9PAEVPj4AlgBeb+zWr+C0X7Sw82I6VpqqjKQK/rIJLgCWjuehWU+0tf52PSNJDs2U2gyVrK3qoUbh5wALJxusIFSeiBu+LIRXPYgkHX83/mAbbcDlos0guMtt5m3sl/ki2FebssLcl1L01FA3xtt2u0WQIN26yrad2GoLd9NvX0kQ/vM7QZfP5TAxwcMpDj2nsB2jjoLBN84CnPt54yc+ThbM0ZQX6Nn//Y3KC56lQO3PysFImS97KLaaO98CG06S50VQkKDwOXQlt7q5WWupcF7Es9sTUFmrKVqbyF5xSW8e+guHhjVi27O8gEfX3cnsli54NT2lovd276DPuprxzlr//wvyMfIK8l5VKuiSM/6HZpAFVRuJDHrYFfhMm9svdgiLUbVs1IyHI7atZ5S0MV9eGxQ/VHpCK6dauwUL3PTEZS3cq8ml4KtuVxsNKKKTSUYaOrVhnAI5zY2U3cWfrtiMyHe5zl86CBv5G+hIPsdpr56b9fynNvUN5K5EXLy39nEJgzIoxYT1sPULLu9+4yLc1+YAI17ew4QqdkkaaqYxTx9/2QaDeXsOXaJserwrvbtow9363D00u590HR4E9oCHerYJJ66N5IAlRJd9u/JrekjYz/8SSAQCAQCgUDw3XDVe7BcNzOeWW1t/P3tvU5Xj/JGwRlGL1pAuBzAyu6XUwkKCiIoKAj1tCVsq5XW7nycu4TZD6ayYJoatTqcvx23cs01x3npkXsJCgpBrQ4nNXc3VodkS+0OMu6d1iEr/N5UdtRaqXo5lZfOXsPZvz1A+IJcTlS9TGzMI+w7D5aq15kdPpslqQuk8tXhZLy+g23Pdf6d+vK+qzXFTxLfsBlMBErzXkRXa8JcX87zS7MoKCjl68hpTASKXnqFw0YztbpN5OmllrSD9KrdepD3y+sx1u4ma72O9g1aQqfPAPSsz92J0WyivPBFtlRU4zNpttvyGl0f2BwPUacP7aXW2L5ew97jA5Bm+lTAQH72dupNZmp0m1iWk0e+vsHNEp2e5XRNDyY6Qo61Ip9NuhpMxloKs9ZTBwSPH8WJXa+Sm7WUwsoz+F8fxKhhMsALmUzJDSFyLEf2UV7bfU8IUIC1lOcLyzGZail8Pg8TCkKChjqV3Y96nT1IXl4O2Zt02P3Goh5zrZRJRi+69VxX17+HRN5BBLBl1Wp2Hq5Bt3mV1PY9zq7oq74SPb2Q783/Gj1bpJkEw67j+tFDaandTVZWKeAlaezkH8cP69zaont17YAFw8EafCJmoAG2rMuh0mjGVLOTdbkVIA/h+m7rqb4NfxxBSIgciy6PwvJaTPXlvJgn1bE7ntx2zxwwGaizypl1V3Q/bNihvOP/Rrbl5qFd9QqHW7xRa4IYBuA/1GWvoO5tGj13FlgMGCxw993TetAPNFMmA3r+krsTo9nM4e3Z5FdDwKzpuAlzDRg7oJk+CQCT7m1eKy5m8+v5lBQX8dqBsy727b0PD5zLHNm7m927nX92slN3uMO/h40OYMRQGYd35pJb4dpnnPxlAP5kM5aTuyqTnbU9L3gUCAQCgUAgEAwOg3CK0AQSHgpmxyvFVGnvIVwO5/dtZ+8117BywVQAql5O5A/rPuaeJ17kwWgfipbfz2OzzzDs43egqY7je49z46xFPDRtCOHXSV8PDxwazvNvFMG+V0jN+QOM2k3Of15k8ewlHAj+Da8ULURp1vPUQ0+xJP0mPlp9Jze27cE0YwnP/eE2PL8q4kzjMZoB21dnOG45Tm3xLJ5//TXOvbWGdU8/wps33sPzr71M7WtPsiHzL8z77XSmixkvvSLzkB60OwkkPSuF1atzyW1fziBXk7QmnWB8eWxNEiuX5bM6VSclAVb/oXgDkffez8T9WRTlpFMEqCMmItebsAO+YQvRLvoSbUE+jqxMjEvld2ETwG15LiiDmKqWU1JawKpmBY/6eIGft8szs1QXZVgi2kUtZBYUkF5RAIBCE8fyR2J6sIKrHC+XmRmd6TMz1nJ2VSbFuVpKJKnMSclifrAvjEoj5kQmRVlS/UFOTNIKon2hPjwc9BXkLLuI/9ZV3esGVBflkFLkkJn6FLMCPKl00a23enl62kiZc4zcklxSSnIBUEUk8LtoFapQ97odoTPYIcM18NFefiAZm5aTvfI58ldrQaFGrYC61p4fANVO9V22PJCeAgR+3rIB+989CRFUbykiZaFU"
04:29:08.896 [Forwarding screenshot on session ed2d6660-f69e-11e6-a414-872b36aae4a5 to remote] DEBUG org.apache.http.wire - http-outgoing-0 << "C01UBPIKPUcMJmKiO/1jXXMyKXM0PdrCFeX1NxGAjpI8LS1eG0lfk8TqVflkpSbjyEjqijQCu2X8NvzRk1kZa/lixZMU5Syjc4WPY+8VF3v5Rt5BlLyEitF307lCpzcb2tmDcxsH8of0eFZlFbE6xdExFRNJ/e+78KS5iz+oXX045DYiKEaviOW24J7DlsrIZJYnNLN6Sz6pOmnpTkDUIlYsDIOmSnodnmWd9XaHfLQ09viGJbI84RKrt1RQUVwMgEoTR0Za9/7eWx9uOuzqjz31CWeslBbkUep6WTWHyNy7iNPsp7hAy8ICgAAiIgLQ6w2caIJu484A/Kn580PoqvV4zx6seUACgUAgEAgEgh5pGwyO/b1NrVa3PVlqbGtra2v7e2JgW+DUZ9u+bGtra2v7su2ZqYFtgXHPth378su2+vov2+oPbHTc/2XbR8/MagsMfKyt3iHqy4+eaVOr1W2vHWsX3tr2QlxgW+CsZ9u+bDW2lRYVtX1U39jW1trYZqw/1PZCYmBb4M1PthnbGtuenRrYNvXJjzrkBAZObSv9srvM1gPPtqnV6raNR1odf0v3lnw5KNb4yXLh3Lm2cxcu9JBibbtw7lzbBUtv+aw9J1otbefOnWvrKdl9eVdBe3kWN/pcqdgLF9rOnbvQ1pNUi7s0q6XNYu2e42BeYlt84qttF9ra2i6cu9DmxqzdZLmtVy9pbnXri//P3p3HRV3tjx9/WbGIAoriGKIJJlKIhl5cCEMTRUrS/GGmmd1rdt3IgrqkpUahhdy+Ul1ULPQmuWSRaZikYTaFgHJHAqUQEzRHbcKQRZABk98fMwzrDKvZ8n4+HpZ8lrN9Pucj855zzqfkRPX/Pbu8+vO8mjMrqj8IDawODP3YeFpG6ttSRu+Hkl+qf/rpp+oWXdI2X/8Kff4tuhqtSLbl5Sn5pf35t7xPtbC+da9pxbfVoYGB1aEfnzR9jv68n0w8MzpMxS8tbl9Tfbgj6a5jBz/XhBBCCCHEb6IDRrAALhNYOHA56z9OI2y8I3GHYNK/H8IeoCSPHy5Ap4sb8B+1od5puRk5jOcK2PZq9Cra7oYNlnh6u8C2K1Ra9sFOe5yn7/8XFzt10u/vBAMtMEer/2a86e8Oq6tvx7G77u+llVVUVw9kQD9L/c+67aa/+xTNsVMYG8RvYWKfqfMAC2sUiqYXtDR5XluZyK9dydrZGZ3iYG1n1/SSnRbWTW6vqqqEkiKqAIWi+bep1KRltF4m9hktW3PM4bI6h9jQ58j2dacsJ5ksNfgEjTAy5Qqj9W0po/eDtR0tvqRtvv6m7/E2a0V5rO0U7Wo/aE2famF9LayxRsv+tcHEpqoBR0InNDUeq/F5N6IfNs7HjpZW2VQf7kgdcR2FEEIIIcTN0TEBFuwJfGoK6//1MVveUZDLEF6p+SXaxpG+tlA9Noq8qId02yrO8OkuFQqvoVTuaJxadfXtdDFMuaggMzkXFL5UHHmDwBXvM/Kpf7N1zn3072PP50s9WJSsP7QMsDC2imZDV0Db5goLcdPc7j4Zfwfnti+++1uwcCM8OoydHyVwLC8Pc7uRzJk1lQBP42+OEX9WFjgOHICzRoH3rH/gKdEDIYQQQgjxJ9VBARbo/+CjjPrXTF5d0wmHR6KofaFQH0ZNcSAu7mVeH9eXeaO788W6Bax4/xQL4zMYCYC23riTTp0u8tRTb/DpupmUKd9lzfFOTAp/CHs+BUBxhzO9e1hw5OMwFn9UAgMB7HEba8u7ys84GODMkI6qmBC/M04+Mxqv7/F7pHBjRpAbM252OcRN5xYQxJqAm10KIYQQQgghbqwOC7BgOZI5j7iQ9qGGObPH1ts1KWwnS4ufZE1wILH6bQ+tfI/nPWz45vOuoOhqWCPUwlw/Uefseqbcp5tSNHJeFGtnuWDJTILH7iZqRSCfroDqanemTHFnz54j5JSAq7cfnT79iKceKmD7jruArnXS7GooT3M/CyGEEEIIIYQQQrRGp+rq6urfKrOKggJ+qazEukcfbCybP77g/Hmw7oF9g4NLCs5Tijl97O2byKSEEsyxsWxBBkIIIYQQQgghhBAd4DcNsAghhBBCCCGEEEL8Gd1yswsghBBCCCGEEEII8UcnARYhhBBCCCGEEEKIdpIAixBCCCGEEEIIIUQ7SYBFCCGEEEIIIYQQop0kwCKEEEIIIYQQQgjRThJgEUIIIYQQQgghhGgnCbAIIYQQQgghhBBCtJMEWIQQQgghhBBCCCHaSQIsQgghhBBCCCGEEO0kARYhhBBCCCGEEEKIdpIAixBCCCGEEEIIIUQ7SYBFCCGEEEIIIYQQop0kwCKEEEIIIYQQQgjRThJgEUIIIYQQQgghhGgnCbAIIYQQQgghhBBCtJMEWIQQQgghhBBCCCHaSQIsQgghhBBCCCGEEO0kARYhhBBCCCGEEEKIdpIAixBCCCGEEEIIIUQ7SYBFCCGEEEIIIYQQop0kwCKEEEIIIYQQQgjRThJgEUIIIYQQQgghhGin2252AYT4Q6so5/ylX8HCnD72Fje7NEIIIYQQQgghbhIZwSJaqZxI/3j62DT9x6HbPpIKbmD2xeeY3C2eCa+e0ZVlXDwO49Joa5ZpbyXhMHAXbh5KjlUYz3NGN139ZkScM2w+tklJn177GHH3fkYMSGDCS2faVIavX91ntD372MTzxIbzbUq39Wqv7eRXzzV/eCvTNXadCpRp9LGJZ1VSeQfmKYQQQgghhBC/LRnBIlqtUh+IqB5gybBuoK2zr6SoM+Y3NPdfKQCu1M20qO2pVRZX0ElzncsFpfxUClg2dVAlZ/R/PXGpUveX4nOsfK5+uMD5Lqu2F8SE/502Fvm5AfRZabW/dmiylRU0e50q6dg8hRBCCCGEEOK3JAEW0WrmQPUtlsR9NRlf2984c9v+HPnJESxvAzpixEPtIC6jgSH721kdXc45LSjuuV23rc5sIO/w0ex8pk+7S1J9y20sinZjcNc6Gyt/xbxfr3an3TK33rCUb2zQTQghhBBCCCFuPkh/YGYAACAASURBVJkiJNqu0vTufGU28/33Gqa6uHns5Zm3TlOs31+c9i0Txh3ivx9+ywyPmmP2EaMsIj/pGBO61WxLYptKH0wp/oln/Pcyv9G0mXJintrHSH8lacVNbA9MI7+t9ay4Qtp+DV8lXiDt9BWKVdnM8FeRcV23+8zuTCYHpnC8AqCU+FcP4aYvu8PAvaza2tIpPubcFziQqVPr/HnElQdGWUPFT4T672PCuH3EpNUGltI2KJkwbi8znj5OMVCsOs6McXuZ7K/kvx9+yxMeu3RtOHAvKxuUo+LkaZ7x362f2rWb0Ldyabakxed5xn83k5/61jDdJ22DkpHjDvF1sckzTdS6sYr8M6x8vPbeGTnuENvSSvV7y/nvU/uY8fwxtr2lNLT1yMAUjhWUs/vVJMN5E546xsm6A4AKzrPq8dopWW7jDhGvkqlJQgghhBBCiPaTESyija5x5co1sDbMKgHA0lJ3SxWrjuEdkAeA94ze3GFZxmfvlxK/IoOK27ux8ZEeVGor+E71C8vn/UL1ACsmTKwk6UA54QFJhAPVw62ZYHmVpMNF/Gv8EYYUjcO9soLvMq5R4lXVoDxW3NnrOuqdBew4VMSoqd10m/N/5D8flXM5oC+3t7WqpeUoE4r47jo4DirnabvLJKuuGXarVeWcu6WC06XlJD68n7cO157aSVPBhkWpKPP+xhcr+5vMptP1ctK+/InuCtDV7lfM7Lrj7mQFpRVkpJbz3XUYfaV2Kk1lQSnfqSqoLirjCmB+uYxkVQVQQcbh2ilMRZoKNi1KpeddASwZbgHq0wSMzOC76zV5X2PbipMtaIwq0lKvcY4rVL6r23Ll9C+cy4ArzQTcQMv3J4sorPxVH1X5FTDn8rlr9Q/Lz8HH4wTq6+A40R6f7mVs2/kLoRP3k7/Lj+W+t1LwQznJqjySgbsndsPpdBEZBy4QMOACAB5TuqFNK+K7nXnM6WXHkdX9oeAMkwf+j4zr4DixBz63V7Jtyy88M24fFw48wJJRN2aKlxBCCCGEEOKvQUawiDbpdP0ai4fupk+v3Qyo82dl"
04:29:08.896 [Forwarding screenshot on session ed2d6660-f69e-11e6-a414-872b36aae4a5 to remote] DEBUG org.apache.http.wire - http-outgoing-0 << "km6UQfquHwF4ctcD7HzXm8j/+KE66AzAt5ml9dLqNuVOMjMeYEv8VNb9UxegufuJweQd8mNL4mRWTbkFKONcASbnmvjOcaLbLfDR1jOGUTJpn56l6DrMe6J/k8urtIh57YwgG8DeczBb1jvU5vviXcRu96Tv4W8NwRXv5wdz9PQ4Vj2hyzV77Ql2q5vP6q1Hk5k0LpmAcckEjEvFb1qWbqSIeb1ZSXU0mOJkVrunenhvdmT6sWNND8O2A1/8DMDXm783BFe8nx9K8nf38cKUFsRbbR354Btv9h4ZSs2kKM/F3uw96I2nvelTO50uYKZnEvffe4j7PQ9xv+fX3O+ZxP9b9FOdo66x7bXvUF8H3zWjORLvQ+S7D3B01x0ArF+YST61g6cC19/HF/G+7E0djbe+KRZ+4Mve93354tBQHG+Bc/t+4jywb823ZFzXnXMkfhyR//Hj9OFBON4CEa/k0MYBOEIIIYQQQggByAgW0Q7dhlvztx61I1jKfgGHrrp1PHxXTObbhVeptPiVk6rznDtXxLHkQkAXpKhr5jwXaj6b29mYA9fwCeynD4jcxgA3S0i43vw6HoOceMLje95MUnNYfQ8POBaxK7qU6lt6MN3XugNqrGfbDd/AvngEXSDjOgwcfScP+FiQ9FKm4RD3v1mj+fFX7hpjB1su0Ol6BceySpnq2MpyXLneaCaWuVnL1kpZFObJfU4W8I878Vj2CxnXQVv6K1DO14d0V616gAPRKwdiDyyJdichoXZUS9Nuw8m9N051ttg69WKYk9ETDKpvsWLRK70xv1pnMdvOt1L5w09s2FIzTaeS/P9dp1phz4sLa9e16eM7hBfuPUtEahHfF9SuAxQQoF+fxrI7wz3gG7UD/3hAP3rJsTcBTpmsB8wp5VjNqCNtMft2F1MJmJv/qrsfUwvILIb7fus1hYQQQgghhBB/GhJgEW1SfYslGxL9uM/YsJBSDf95Np1NB64ZOaBWZVXjt8fU21Zp8hN/HVZMebIHby36hZ1fFfHA0DNs04Db0064tzCFFqvzlp3KqkrAAnOL2tEkGx5NZUODU5p7F1D1LZa8feR+JtjVXd7mVhoODDn1Qwn4WAHlpB1qev2Q6lssGXW3RaOy1jAEq/LLKQRdHrbd8HCC7043U9C2crLn6WeG0TCGUZGWzoYtZ2vL1g3Iv5Wu9Y6yYISPFaTWDbR1QdFwWE/XW+rsv1WXVpH+7/qt8cGZxDcs2y1XWzDFSQghhBBCCCGMkwCLaLMrxl5rjJa356Sy6TA4TnFgyUwH7hrQgwHmPzHRI7OpEzrMoAAnPIJ+4Yvdp9iWp1uDZNajji048xbM2/mqm0pqA0FPRg1mmDVc41dKS69jbm3JXUM6N5tGNzsrbJuZanMhryZU0/a3/hhiCR629K75e0U5GW1eCbglfm1yXeTSBgGgSgCnhrMXr3E6uwIwr03DqTO9WzHvqxLdm5re/mY8o7vWlqXySiWVmNOvmXYXQgghhBBCCFMkwCLazHg84ldKKnSjKP79vhf36bemvZWC+jrc3fRiIh3Dtj9/n/4tGTvPEnoAqoc7MtG9+du80/Vy9safpvL2uqNHrmOusMf3zpZlrXDugmGcirUdUx/pxfFNSvye+4W+TpYsiO3HMMe2dzmt/v8XThbp1mVJy+WLjLakZMUwL0tQVdBJdZbVW/sSObs7uyO/a2Z6kE5FsRYtt2Jrq69LxTWKtb9ia9sRF/ZWbCyh0+kL/DeplOU1U7vyf+DthOuANQPs4UQb0u3ZQ7d2UI4GAt3104iKzzHD4wjf0I1dP/kyqs0L9QghhBBCCCH+6iTAIlqtssH/G7sVG6DT9QrWPX+MK5Ns+eHzH1jzjm5x25KC5ibLtL4sdfnM7gM7dVNOJsx2pk8TxzRlW3AG2xpsq1Y4kJ7iYAhu1M244Tb3wLvwDUom6Tpsmvc1m+bptncCzuV3wWt4OwIQtr3w8YDvVFB04Afusfmh0SGVmFwDuJ4H5jjRbd33FF2HbYuS2baohScWnCFg4P/IdnIgPcOLPsDXkZ/z6NprxJ6aygPtHgViwcyld7Am4CzrA7+gIKQ/d9lW8vHLatTXYUz4nQyi6etueoaPBX9fdifhB35gw7T9nHr+TgKcr/PRK3kkXwe35++U4IoQQgghhBCiXeQtQqLVzC0BzOhq9NO8Bf/cPBRvBSS/k8dT0zKIiC3jsfA78FXAufcvcqxOjKVng4Sqb7kFJ0XtNnPzW6i9VW/FArCx0P29Zw8asfdx5jGFbgTNjId6ma6LeTPTbBxvwdz8VuxqamatP77ONkNJLXuz5dRIHru3frfqdq89cRn3Msh0TpjujlY8/cZd3F3nkG4T7Xms5s0/3W5tEFxpOi1D+Qe5cWDPnfXS85hhj4dCf5yFkXaxNsMBoJtZnfxuAW5rcXDHmJrz7X08+fIDZ9y4TvwbeYSvUJPNLQSG/40tz/TB2HW3sQS6NZGwfpvl8HtITrgTDwUkvfEDzyzKI1kD3k/fxXvNvEJbCCGEEEIIIZrTqbq6uvpmF0L8WV3jfP4VKrkVOyfrRoub3jAFZ5g88H8cCxhE3vvubX89c3uKoC7iShWYd+1MH/uOnBOla1PMOtPHsSPS1XI+/yp0eDk7wo26f2rT7Wpnjb28OUgIIYQQQgjRASTAIlps7evf8X+vf3ezi9FhvLztSUkuuNnF+F36K7bNc8vuJmTZ3Te7GEIIIYQQQog/KAmwiD+NYmUadweoAaieMojv33f/7UbNCCGEEEIIIYT4S5MAi/gTucbxtItotBZ4+/S6KVODhBBCCCGEEEL8NUmARQghhBBCCCGEEKKd5C1CQgghhBBCCCGEEO0kARbx53OlgPwL5ym4UtH8sb9DBQVnyC84T7G25edUXD5P/oUzf9g6/14VF5xBfVnaVAghhBBCCNE8CbCIP5X8r8Po9NxInF8ZQ6/nIlB3dAZXDjJmvjMvpp8HCohY5kynVe9Q3Ox53+A335lO8515JaOg9tz5zvht+UZ/TAYhy5zptfx+nJePoduy12n+PT4VfLZlFp2XjsH5lfvp9dzdvJlT0s5Kmq7HtJp6pHfQW4bqtenvyRleWX4/fT84fLMLIoQQQgghhPgDuO1mF0CIjlNA3O44wIFgn6m4OU7CsaOzqIIioN6YhsJfKIVm3lhUSbn+b9prlYA5Wv0IlZPlZQAUfL+HqMLaM+6w64F5c+W5/BVLU9LqbBiCm8KmubParqrSEPTRUtlhyRZ1WEod6IKKKOD1UUNudkmEEEIIIYQQfwASYBF/IhZYWABMZe2s529MFt3Hc3xjnv6H2hEcFi041areT/Y8+c/1OJ8txK6POwA/nPpWt6vLHM6tDWtZcMiqCw7ACSAq+Duedb1B707SVoCFJVh1bVCPDnSbdf28brKTx/cBo/C52/5mF0UIIYQQQgjxByBThETLaTMIWTmJMSFTefOELrhQkBHNmGWTGLNsEcrLusOU8YtwXzaJByPmMyZkEmNWhnFcP1rjk01PMmbZJPw2bNePAjnDK6smMSZ4DGNCfVuc9rQNH9cv25UjLF7mw7JCoGw9/ZdMYv2JAopPf0rIqkl00k9r6bTEm8XxB/V5F7B+zSSmbYom4j9T9cd48GT855w8sd0wpadTyCzezykw5PNkiLehjAaXDzIrxINZ27+pt1n1WTD9Q55E2WiIRgH7v4jjk/QPOXj2Z1J3BzNTmaXbVbYH/2U17VDCZ/HBuBvKP4kXP9PlUZyzBb9lyzigT/Hj7VOZtelTfj7xDn4h3vitfccQAipuuO3KERavnMSYlYvY9OU7TFtSm35ESm6deh3hxVWT6LTkbjrN9+bJd94y5FdTj/VrJzFtwxu8snZSbRtu+bje9KbjX7+BnyGPWbyyPZgxIYtQXtHt7wacyYpj8TJnQ14hu+u3ZUMn07cwa6W34dq6r1zEzprrRAHr105lzLKpLN4SZsh78f4TQAmfbF9E/5rz1oQRseFJxizz5sn4I/rzK0hOPwR9/fBoSfRMCCGEEEII8ZcnI1hEy1kMoB+5RJVB0Tcqnh08iaNpH5BceAHIZf8PBfh4lvHh159zQgsOrhMo"
04:29:08.896 [Forwarding screenshot on session ed2d6660-f69e-11e6-a414-872b36aae4a5 to remote] DEBUG org.apache.http.wire - http-outgoing-0 << "yv+CE2W5fHZqKe6Df+Cjo4dIBijcS4Z2FqPVBwg7lwtY85hdKduKW5j28AbjO8wUjHL3I0v5Ick4MG34ZAbemsrkyGdJxoFlE1ZxV+cLfHJwPeu/eIpeA47wsgeUFOXySd5aPrEYxev+i8g6so3NXyxi8xfgPegponqcIzjlc+a8s45xa8Nw5ApHyy6guKqb5mPQfQC9rxUTpXyP5/7fGIZbAOSy+dM9nO3yFAO6NW5O9YU0PimEwbcX4k86Zw17ijlRmMWPJZV88p+HmXbiQu1J2lxe//QJVMVb2DownwNltfuSNblQlMILw2x129W/ULNObmXVL/W3VV0hS5NLMrkk7/y8XvrLtsxl0MBkHrY5wZNLZ7LZcP0vsLluWfRKCnL5pDCXTxjFusfepOR/kSxL+RdHy7twfOEk1ClhDNkWBxajiJrmx8/pbxKmTANcqKwCzHSje3akrOWOvo+wbmRPkr5eT1TiE9jecYSXPRqPIDn5ZTCuO/fU23ZC8zmPRn1OzrxveNnTnIKCLJILITkly3DMwDv68dmmR5h2tDaIdCIvjmWGptdHfLSZfHgOZk4bTXNjacK+CuMV5StN7nvZ52XCxoY1k4IQQgghhBDiz0BGsIhWsMH/3kkAnPj+K9Sc5+D3tR+4E7JyoCCF9VoAB+ZOeIqFCt2+z7IyqTirYofh6DSOqEtQZXyl+9HuURaPbUXaXiPrF82iP4/PCuNBO6DLVF5+IogRnS6DhQNRT+/jtcBZPP7g82yfuwioWQcFfQBiHF+9tp2lU59nwyOPAHCH8yq+CVnGs0+sZ+8IByhLI/Oyqbbpzz/8xgGH+FilW6y1IONj1gNz/f5fk9N9agZGdAMmPLmPDwY76DZ0mUPO/33Law5prNQHNBZN+5zqjXnkTJsCwAHlBn64K4yiF9/EGwAXPnjxCEWvvYhDE3k0ytesdsrS4EEv8/PGPH5+OkS/5QLpp85TkBVvCK6EPfE51W/n8b+Hphip/xD2Rmxn0X0PsTRkH1F94cS3b/LF5QK2JsQBo/jqte086/cEry1Xsq5v/bPLAZyXkrM8gkVTn2f7P3VlKS4ta5yV9gjL9MGVO/o+RVbEd1xdtYNgO31Z3/8PJ+vVfQgfBH/KV09s4THHTN7WB1e87/k3RRvzuPrieh5ukEXxd99wAFumuLsYqW+tsLFhvOzzcqPtElwRQgghhBDir0UCLKJVBo14SPeBXpvMp19/RnqdVwmf+OEgO5UHdT/YPcj9DjaM1wdkko9/yZ70r+ul9fWRvezN0i3Q+vDISYxuVdpNla5U//8qKgFb1yf45rUYbv9hHYvXPonfMg86/2d9vTMsALrcyd1ddT/b9vdgMPDgaC/DMV1v0+1sbsFZd59ZTARe/zIJgM8PfQgMYc69zX9IBxt62/TUF8oCu642lBYc54R+b1b6GmatepJlh9P1WwoprALbHl0MgRI7G3tsuza9wK05ZkZzDhz3APaAff+hTKzZaAbffadfE4YpPOqlq8Nw32m1x+hptYDzw4zvXlsXf89JgIbCq+c4VQh3DH4Un661+6f7zQGu1EtnYt+hhtEilo66snxx6nTjApdfMUw/mvXgPNy7W2JpP5KQgEf0BfqWH+oEwwbfs4AZroPx8RqDfVXtYsOef7sPW8DyjknMGFR/ieKjx3aDhR8jmrzPGmsYZJHgihBCCCGEEH89MkVItE53L2YqIFlzgcXbIgDwHvwUQy68y/rCOB79QnfYwyMn6T60j3gI712fk1z4rn6fLcE+U/hCGccnyuV8AoADM0Z4QPeSVqXdnOKcdxgaFcFZ4A67UYzv9xjr3PNYrPzc+ElmZnQDbDt3aX3bdB3P3MG2HDjxCV+cdeSTk8XcMXiuLrBwpdmzaxkCS7VjMM6V6UbFWJn1Y6bzICqqbDC/BibiJmBRu/OHs98bz+5azduAjLwVyMKi2eDSHVbd60+lMdOVvbK8DF2so8rk+UXAmLuc62zRBUKamFlltM4WZk1P5ulm3vQJdY++Uq94Z0jMvMDgoRNwMlbgJtQNqEhwRQghhBBCiL8eGcEiWql2VEoNX+85TL2z7igNfcAEDAGZWsN4zD+QEXU32U3Vj0hpZdrNOHo4jrNA1NNHOPP6djYtfJ7p/WtGeBgPGejWo23bK4gnjXsSyGLia0/xCfDshLFtSgfA2q6H4e+zAjbxzeuf8+EjY+lsZsNQZ0/6Nfc25sJjfHcFoIQjJ4+1Ov+7775H9xfth8SlnAHg+OHPGixyCxYWcPbEHo4btlSQnL4HUNC7x1DuU8DZEx8bFrSFEj79cg/QtX5C1xq3edOvbzY3jNpJSN6nH81yhm37a9ZkuYs7uzd5IpjVOffLnZzUVpCf8Q7v5RXXHnNBRZQWAoe1/vXMYWPDJLgihBBCCCHEX5QEWESrGaYJAeCC18A+3HPXqNoDDAETaBQ06TuS4d0HM7bOlIyZI8cbRqS0Ku0r3zBriTPT6ry5R1vn/3Y9+gHw9ZEvUJ0+wWefheG55UMAVN/l1Du+rRqebzt4MstqBr90mUOga20UpLzBsY3zrqj3k+WAR4nSB6de3zKGMaumMvQ/EWw+uYewtFy6NPt2mzTGvujNmJB7WFw3gGCkPA232Q+Zwkz938O23I/7Mm+G7PzQSF6HCFgZxmcnjrBpw6PMy4PBgxcxobsNgZPm6Msyizc/28KLa3yYl1cMzS4fW6OE9Wu86RSyiNQrQNcxvOijC36cOPEKveZ70H/+/QSf09Ux+LGFDMLIte06hue99OfmrcV1yd04x0ToFl7WO3n8IDCEifJ6ZiGEEEIIIUQrSIBFtF53L2b21QdIFL7c0xXs7xpjWJtjrnf9KTx1gyZzPXRrm3j/zU+/xYXp99YZkdLKtH/RQsHV2pEPFgAWZlgAw32fIVhhyydHl/O3yIeY/GkcD3o9xcMWcOB0JsWAbROzRxpPS7E0ut+i0fn9ecJPF1CaOT6wzuK2tSMnLG4zByxw7Kavp36iXlfbPnUqAWDDs69+TtQg3Qie5HNZuulOikdIeSWswcK5tWW091jMB/foR19oL5BcNoRFg4Y0SLtheZrYZuHB5hffZKb+nBOFF5g46BEe7lKTVINRQEVxTP7PTOZ9m4X3oKV8+vRDADh6hXFu3lK8SSP401d4veguJlpA3YBSk1OBAIfO5oCWkrILUHbBMNPKZ9YHHJgwhcEAFOvfwOTC6499ytr7dO1Vc22tOtcv54QndnNgwiN4d9G1/8R7lhJ7T+1olYOHPwfFA/J6ZiGEEEIIIUSrdKqurq6+2YUQ4kYqKDiPFrC26YPtb/Ch+bNNk5h8FA5EfM4EY1NVWqn48nkKr1Zh1tkOx+7NzQ3Sqbh8nkvXwNq+D7bNH24qJdQFP8FtTeVdQMSykSxjET+//jwUnIfOPbDvWhvwUe4OJq54HOueeMgQBvpsgzeTv4W9Eck82K42qqCg4BeuALfb92nBmJgC1q95nD30wbHneCKenIU9BUSsHMkyDQwesZ7kae6U0gPH7i0dYSOEEEIIIYQQssit+Auwt+/zm+RzMuUdNqq+IupELncM+neHBVcAbLv3wbaV6Vl279Pk66FbzxJH+/5G92oBtLpVYpts61/S2Xx0D5fLf2LhqAH8eGw78769AIoQRrS7jSyxt+/TokWPdSyoLMrlQGEu5B3iYHYc1mW5hrc1TRjoqmvr9hZLCCGEEEII8ZcjARYhOsiP38cRdeICWIxjyz/+380uzm+mqWlWdfnMiCHs0gLCvo3gE/2bnwf3ncM7i4NaERjpKDY8G/Iup9Y+z/rCYs6W5eq327Jowhu8dl//37xEQgghhBBCiD8HmSIkRIcpoaBAi7W9fYuXb/0rqbhSwKWrlVg0mEJ088pTQunVUrS3mdOzu1wzIYQQQgghRPtIgEUIIYQQQgghhBCineQtQkIIIYQQQgghhBDtJAEWIYQQQgghhBBCiHaSAIsQQgghhBBCCCFEO8lbhEQrlLJ/4zqOXobGL46pgu4j8Ot/hl3ZDoSGBGDdnqy0uWyO2snPDXKqqqqij9ds5o53ak/qBrn7N/K+vrwXE6J5/9QdrSp7af5BtnyS"
04:29:08.896 [Forwarding screenshot on session ed2d6660-f69e-11e6-a414-872b36aae4a5 to remote] DEBUG org.apache.http.wire - http-outgoing-0 << "Sbehk5k93qXRfrVyK/9NOkmvEY8yP8ANSnPZ/OYmjmnKwMyZha+G4NaizIy1fRV0vYfFQe1s76ZyzN3Pm+8n08v7ceb7Na7bjZRr4loY31dKwto3qfJbzINWGURu/p5poUHceemg4e8ta2sjtBpyz4KLi6LVp+anp4CrF07WtWWc5mbXjsI0KFp+B9Xxz0KTTvTa7WRcKGHgwyEsneZ2s0v0O1fI/o3rSDiaC/0n8+qKGRi7O031TbRq9m/7kC+P5XHpKvTs74z3pEcI8OyYF8Y3qwV9VJN9kN0JX3H81AWu0hmHge74TpuOj0v7+2NtP293UiapM/ezOzGZc5dBMWgEDz8WgJOFbl9pfgrbdx5EXQaOHuOZNc2r8XVSKwnfmMOM5fNxsajdrMncz7ZPk9FUmjNoxCSmB3h2+L8rbVGqzuZHsztxU1g0f7AQQghxk8kIFtEKVRSpT5F76hSnTmWjUqlQqVRknzrFqVO5nMoroODUUXJSz1Le3qzKLnFMlYUq+xSnTtX+OZOby/lLJR1RGQAuZSeRk3qWKuDS2YxWl73q4vcoU1M59P2lJvf/qNpPVk4Oyad0+9O3v01iVh4ajQaNOo/iqhbnxJmjKrL0bV77JwuV8lT727upHC+dISsnh6Onmq7bjWTqWhjfV8XZ1CxyL1VRdul7snKUXKqCsovfk5VzhEstbuumlLL1uSBe2pXT+jPTNxIauYEfq+qXsSN1TB3/PNI/2oIy7xI9XQbiNuj2m12c373C9I+ITcoCBxec+/Ski4ljjfc/DZuXBhObmMqlLgrc3BRcykolLjKYtQfVN67wBs330dxd4QSFxZCkOkP3gR64DexOjiqJ6Jfmszm9sH251+vnN45GGU3wqliU2ZUouleSmhhH6Ly1qAEKlSwLjSJJVUgXcw1JO6J4NlrZoKCZRCyLJivnKBfLajerldEErYolVQNdK8+QGBfJys3pN7YyLVGazrLgMBJyim52SYQQQogWkREsohXsmBG+iRkAlLI5aC6JV31Zv2m+4Vuu9I2HwMYKKwCtFiza+I2TGVwFfJa8SZDnjfsOzWvxVoaHWGABmJkBlmZNjM4xwUx3dGcjuweMn8fM/iX09RgGgLn++NELoggZ37pvdc06AyXg6j8Hf1cbqqoArmHWbRCtH1Nhgv66delium43UpPXoqZcVp2NXydLMDcDO88gtm5+CgtrKDQzA8xbd12bUHkVbLpatf5Ec91/rGoKYAldrXTptKeL1NNBdfyzMDe7CpbjWLNi7s0uyh+CmTmADU+Fr2Boc8cae04W5nBYDa4zwwivGTFUmsmKuatI3fsVpeNn3/DRECb7aKGSt3dkgc1owt6sM3JQoyQ4KJrELfuY7tmOMjbs5zeElqNJSmA0Ue+H4Igu4BIUreSz9EKGHd+NBgXBG6PwsoOUjUFEJe0m/QkfPK11oxJXvhSrC8bQuc411LA7TgkKX6Kj56NAy64XZrMj8Rs0cz079t+X1jLX/S5Q88wUQgghfu8kwCLaqIqaL+rKoc4vpZ2h5DCRLxwmJ68EsMF3wQvM10+fKcxMYM0bceRVAFjiM2cpQQFtGb6vJiF6I3FK/beVlgp8Zy9kvp8bpdm7WBbxJQq3LmSp8gBLRs+cx9CifcQk6n4eHriEpTM8yd4dScQxJ95aM7s2aY2S1iilGAAAIABJREFUF4JicQ5+g/leul8tC9M380zkSZZsXINnK0aSl/90nG++zMGuvB/mhz9lVaLuV9uM95ax4uISwme7cnDzm7yXmEUFYKkYzrznFuNjYoy50/AAvBp9Cipk54qV7L3QnSX/DsfTDjK3hvPG/lz6+y0hfPYAdq5YyYHL3RkxrAvJiSoqAMfhgSxdOkP3C3RhJmvD3yZVXQKWzviMNG8y/8LMrTyz6jgLN67Byw7Uyo0si87j71FrGO8ImpTNPL/hPM+vX4HN8Z28vSEedQWADT5zlhAUMBQoZGvwv6ic9W/m6hs0c+sK3jg+qP61ALTqFKIiNqDSVICNM642GjB3N9nupdk7eTbiBAveCmdAg3baFRHOjmxzFrz+KuMdIWVnFFHxKt1umyEsWP4s4xu0f/bOSBJLAGUkj5+bwltrZlOcYqxudcqRuZVFq5IAiJz7AsEbX8DMHHK+eZfgyFTU6K75wqXBeDlaYOq+zty6gvfUTgy4fAhlXgW6vrWc+Y2myzWsY/0IjrE+mLl1BavSFERGB6FLUcv+iOf4ED82LQ0wep6uv32GWU9Qq0twGHQnFy7aEvbmUsOHWGV0MLGaUawPn8ElI+2mS+cbHN26olLp6u88eg4vhATopquU5rI58m0SczSA7t59bukMGoYp0ze/QGRSCZDI9MfPs3z9Yi59tI6YxCz9NXZl3gvB+LnYNSq785TlrJld/xpm79/MhthENPqfnUfPJCRkWqMPnfXu03rHmb7X7Qoz2Rj1Lkn6etVNX52yk/9siNe3uQ2+80KY7+dmsi2MlwNyD25kTUwSujGACnznLWS63RHmR+ru0VXTH8c/NAzz7a+1qG82xbxugMF6KI/O8SWh4HYuZ25lUQufG33zTPw7YaTuxU300bqP6sx9u9EAgS8srj+NTuHDvMCvic23rbmSJp4JhSSsXUNcah6gf14vDWbYLx/V6+cLQoaxff0JFqwPx9Ma0GYTPm8tfZb8m7mesHPFStLowqWcPCocp7Axajo5LXgOQSXmiiGM9vAz3PcK17uwRElZeQHHDqthyDy89BX3etCPqKQ4jhwvxNPLjmO7YlFbDmHKuEr2JF6uTbbwNBkl4LtgOgptIZoyGPv0agaVWzUZXGnbM2Si0XY13vfvZd/SSHSXdS6aKcsJn91cCFAIIYS4uWSKkGgzswb/r/2phAtdxxG6PBhf50qSYt4mpRC0+Qk8syqOS/39Wb56NQv8XVDGhbFW2fTw8c7AuSP72J+QQEJCAgkJu0g4mIkWOBgRTJzyDFMWLGf16lD8Xa6SFLuBlFKoKi9AU6EhS9WVBaGhBA63JXVHNDHHurMgNBh/V3NU8dtJL4XyojNUXGgw9FgxgL6WFSTtOYwWAC2HP02kQjGIAa2cpn/xTA5qjQZNURlQadhege7H9I0riUnMosJSwRBXRyo0KqJDV5FeajzNQ++Fs3btWtauXUtExEay9ccWXdZQUXLZMHS/skxDRUUFl4uqDPtLNDkkJapwcHXEElCr4nknIR/QEP2vVfrgiiNDHC6hVDY91N6ud1/MyePrDH2wKCmJCvJIycgH4NuDiVTYOtHn4k5Co+K51N+f0NVhzPF1QBm3ivCEXF15LpVQVFU7nr6y7ELja4GadcFRqK66sGB5GAvuNSdHTbPDaqrKCyipuFBnGkNnzMwK2bViPjtUaqYsCWG8owXZO1cSFa9ieGAQq1eH4mOTRUzoShrOFujn4Y0CsHT1Z+GsEdyWa7puNayHPsC8Ka4AjJ4TiKudbiSSOjWVvjODWB4UiK1GRdTGz5q9ryvLLqNWJZLR3Y/Q5UH4OJaQFBNDptZ0Hesy1QddRwwGjZIDKfrKF6bxoUpDf7fBJs/T9bcS1GoH/H1H4zV8MJSoSDiq79el6exWqnHw8MDcRLvp0lGjUsG80OXM83clLzWOj9ILAQ0bn32JxJwuzAkNIyw4kCpVPMErdqGlvgHjZuHvagmWQ5i38CF+fl/Xx4YHBrE6LIjRnXOIfWklSg2Nyj7MuXe9tEozNxIWm4iZ7xzCIlcTFDiavNQdbEvRNMi1kG0vR6Ey82Z5ZBTL5/mQl7qDiJ3ZgKl7XU30v1aRlGPGzOAwQuf5kpe6gxc3poM6gWVR8Vxw8CV0dRgzR3cmKTaMnbnnTLSFiXKUprAmJome/guIjFrNzOFXSYoN43jviSyYMgQA3znzGDegSwv7ZgN2A7jXEbLiwpj+eDAR0ZtJUKbTc+J8ls4dT7+WPjcumfp3wvh90LtBH204zano5xKw9GWCS+MhY24zVhC1VLemjKlnQu7ONcSlXmJm6GoiwxbQX6Mietl7VDXo5/1v0z9/apqwrJgzFSWU69u07IIGdU4eHv6++Lj35WwLn0NgjV/QCkIMawpp2f/f7VRg"
04:29:08.896 [Forwarding screenshot on session ed2d6660-f69e-11e6-a414-872b36aae4a5 to remote] DEBUG org.apache.http.wire - http-outgoing-0 << "w1BXewBsetUJytj21gdIdPkO+0cUm99fwfThjujGhegUns6hBMj7NJzps+cTNH8+81/eSbGtfaO2auszxFS7Gu/7cO9UfwBc/efx6FjnRuURQgghfm8kwCI6WBUwmtdWzMZzqBd/n+VNzS9yWQf2U4ENjzz+IL2trPCYOo3RNpC6+yuaiieYAXnKeGLj4oiLiyMubgdxn6RRhpa+9y1gQeirzB7vSk/b23F16a/Lvc7895mRKxjv6clUf930nMAlwYz39OKxwBFASe0vv40Guzvy4COukPcZaYVAoYrdOTA8YKLRhR+NqTuQfujscJb767539F2ynvC5tnyepPuw4b9wKSvClxLobAnkceS48fUAKtRZpKamkpqaikqVbFh3o3HAq3HoC2B0UDRrwqNY6KP71fvM2YugOUFGCYAzoeujWLFmEwtGGxkYrhjGOEdQpWQDuRzVx2Fyv80FcvkyC1z97iX/0DfAcF4Nn4unixsB85cT6AxZHx7CeO3ql7ks8wCpwJSQUMYPdWP83OXMdKXuZwOT6dQdAh/z7DPsyLFhzurNzPZUAIUkH8gDR39mTHDHymoAU/8eCKg5klO/hNYuXgyzAXOFO15DXTjZ4rrZMczdEVAwZqwndkDVVbAcHUTINB+G+szgCR8bOHOBohbd16N5ZelsPIf68MTffYFLFBnWUWiqjvWZ6oOVLhPwtYGkxMMA5H6xjxIceWisk8nzrujTnrl6OXPnhzDj4YeY4giqvV+hBdQpn6NGwZSxLmSZaLea79PnRIbj5zkUv7lzcQXKqqrQZn9FUgm4Bs7i3gE96ek6gVn+jpCj76N1W9xpKMMdbYFeeHnZoDqkwXJ0EEtn+ODi5kPI68HYoCHpcLbhHEPZveq3mXlvb+bNC2Lp/ADutO1JP+c+WKKfDdJAFcAlNTl5F+nhOYvI1at5bkK/Jo6sYQaakxwpAd/QFUzzcsPTbz5h86Ywsb85KQf2U4ErS9fMx9PFjWkhzxHoO4W+5w+ZbAuj5dDfQ5fO/8CPv5gx9p+vsHp1FKP6OjLCvRegYNhYH5zsmh651tTS5vU5MjdqM6HzpjDcoQqVMpG46EiCZk8n+mB+y58bJu61SybugxM96/fRBuO2dCMq61atNIXg6dOZbvjzAimFpp8JV6sqgUrOnMyn3GowQZGrWf36dOwa9PPuDZ8/DZquCv0zYO58gua6c7SFz6H6Stm/9jliVSUMmfMC4xX6rzd+rvuvaVW9R6W1whFroKySBnQ3R15OV4JWRxO9egGulVlEPf8uDb/+aNszxLZFz9qm+r7TKHcUgMLdCzfH38OSu0IIIYRpMkVIdLCrYNnF8Ptk/V/kzAANsS8F1T+lc1mDaUY6JYBP8EaCvBqHNcx6ws63Q4mJrLtVUef3WBt629aUoQpQ0Pd2i3plMvVxwWnsQyjiIkk6nE8/80RKcMR/bPvfhFGp/5BTVVUOhRcN0w4So4JJjKo97nTOOWii3gCj54Xx93t66r8NNcO+VVEfBaPcdR8izeqsH1N4+nvdtAGbvgzQX4jOxj5nYc2997uyJy6D9MwCcnBm5szu7NiRQXp6AXnYEHSvE3ykO7q2nS1wHaSAC8bSbTwspbKyHLDB+faaj0sWDHBSwJmW1rdWSUkFUMHZi8XgYg2l51CXACWJhM5PrHfsuZzTDdq/Zkpc/RUsW1K3qkqAq7VBkkpwcavzwdtM9x8zLLjd5H2t61s1KxFUNXEfN6pjI6b6oB0THxlCUux+MktHkLY3D8vhCxhqDekmzruqL2NvwzWyZuzk0eyJ2U+aZgLnErJgyBy87KBmyUzj7WZDj5qZGtjiaAllQFmxbvRETvwq5sfXLYBjk/24Ul+qqtJLaICRo1xrd1oPYIQNJJ+5BH0blr0+i262FGXEEhQb3eT+WnbMemEB6rdjiI/JIR7Axpk5IS/g2GT/1N3rl09/TwUKhrnWHuTmNxs3IH3jVbBxp3aJXidmzHeiMGUjYKwtTJTDzYslc47xdlwS0Vm66SyKIf4seXYuPRveo0bKa4pWk0/OT+DpNxtPv9mAFnVuGh9uiEYZ8zYjR0S18Llh/F77pRgTdW+6j+rY4e5qQ5JS92+NHYB5PybPnEm5WRfKz35JvLIMykw/E4bOfY5A9f8RvyeW1D2gm266kOAZXo37uakWrPsMaNVzSE+bS/TSl1CqYfSc1YQEuACFVAE2veoeb9ayNbT0ZR6+IAgfFwWgIGheJkHRGZwupME93IZnCOeIN1VHdzDW96nUB4mqmvotQQghhPj9kQCL+M1UVZUAroR9FE7NAOfclIPkV/Wmm/Gzmtim5t2XYshSjCY08jFcnRSQvpG5kUdN5H616aSMsfYkYLglsbs3s5kcLEcvYKipxUjN2rCyoV0/HC1BUwH+wZFMd7UiJ/0rThZ1w2Osq9HTzK1vx05hZ3Q0TU01S8pa/rYluwF3YYOSksrLXNSCnYXp5nIaMRabuBhi3laB80wmjO3BZzuiiYxUgeMUhtnB8arGw0x+Oq8BXNGFhuBKnUNKLhc3Ghpgbm4FlHDukr5QwKWfGx/XPEvmRb1B5cYg4qIjcHePxseuNwpLyHFbwEdLx+sO06o5eCCbnh5NtH8lhutc1UzdmqS/RaqALta2TRzQlvu6uTrWP6K5PqjwmoRjbCTvvRmNugICp41o9jxbkmnYvxy9/XCOSWX3f//LJQ34P3WvPh3j7Xat6Ze/A2CmX3DZN3Qj8/XrgpSq0/kqo5wBpl55Y22LHXAkLYegmtEp2p/IKwGXgbcDOY3KXlf6ey8Tr4LA4DAmuLthRzpPzo1sor8XkncRHl2xFTerAjKPHWV77A7i1u7m3k1Tjd7rXXraA0pO/qjF0013f2fvWssHF9wYqzuQYvQBAQrZtXYd57t3NtEWheQdb7ocnv/25pLVMF77KAgzdS4ZX+0kZk8ie489yN8brB/akr7Z0NmvYlgVn8eC6I8YrwCwwNHFh8WzjpMamUF5VUufG8bvtZ5djpioOxyv00cbuv2O/kAq/92VzYppbmDhyPhpuqB5afop4pUZVHUx/UwozD1O7/HP8dFSe/KzVRxO2M6e+E2kTfDCsCqUGbVDzmqKYm5WbyRJvWeAdSufQ6WZhC9aRVaFI3NWv0qAIZBqRpfOUJKXhxZPLADtj3logGFdTP/7ZOfqig1J9Tdeq6xXBUPZ2/IMsS43XceLxxqVqVGXNJNFboUQQvwxyBQh0WZVDf5fd09Tn1dcx9wL5BC7NoF8TSHZys28FBVDrOoSrXuRSrnum63ufejn0I3y3INERiYBnVsVQ2m6vLV/9wrwg5Icckpg8mRvkylokt7mySefNPx5fPrjLXjtpxOjPWwASNy+lT37tvF2bDx74mPJuNRoDHe9MjZZi6sAGmLDI9gY/QIxqa14nbViEG6WQEUWYc+FEx3xAtHKhutM1D3eg3sVUFICzsMGY23njr4qDLl/BNaA68gRgIr/i96PurCQzIS1xGaBo98Y3boA5qDavo1MtYbM/dHEqCqgc/16mg/1ZggQv+FdMtWF5Co3644z2grGmGNtqyAgOBhHNESHb6UQBe4jbUD1HhsPZlNYqCbh3Qhi4mJRFTc834473SwpOf4NKbma5utWV1UVUELO0ew664U0LH0VLbuvm+5bxutYX7N90NqTqaNtUGflgMKXsfoPb6bOa/Jzt4UbU3wUqFUqKixHM3Go7sOwqXZrvNpDLeuh4xgCJMWsQ5mroTA/hTeXRRIXl0SxyYeHC17DLalIjWWzMhuNOpedkW+TB7i05PXNVQA96d2vH12q8tn5ZgwlwLm8iw0OLObT6BjCwt8ls9wKZ9cBdAfo2U23FoiRe72TywiGA3vWriNdXYg6M4ENO1I5U2nJiDHjABVvR+9HXaghZec6dqRm0WXYJBNtYbwcVhePEhMTxdrNSqps78C5by9d0et8gjbcWy3omw3vQ5d778cGiAkKZut+JdnZ2SgTNvNcpBJsPHC1o2XPDRP3Wg+T90H9PtqQU8BipjhD1o4wgiM2o0zPJDMzhZ0bw5kbqQRssDIz/Uw4fWAT0ZHL2Jl+gZ79BnB7dzN0ax9R"
04:29:08.897 [Forwarding screenshot on session ed2d6660-f69e-11e6-a414-872b36aae4a5 to remote] DEBUG org.apache.http.wire - http-outgoing-0 << "r5/f1tMeKGHP9oOoNfnsioqh8dO4pgVb8xzSsityFVkV4Ox7Pz0uHuXgwYPs33+QbI05Yx8eDnnxrEvIpFCTyboN8VCn/xkrAXbuuulbMWvZn61Bk6sk+j0VOE7EvcGpbXuGtKaODQupK+W5Y1+Rqy5Eq04hOjyC/bkmFioTQgghbiIZwSLarIthakNdncHWqvE2wG7oXMLmlBMRF0doahwANq5TWL7Yp4nUTQ1tduGhmcPJ2hFP0GzdOHHX0cOxTFVxPEej/7au9mwzc1M/1y1vZ7DtZpiCYe02luHsQWXjy9gmFkasr0I/PaNW3Q8gXbrV/5q9pn18Ql7hXHgEe7Ky2FMz5Hzm88x2azwUuuaL2aa/i7Rj6oIpHI3cQ4laRZJawfDhzqhUeQ3yrj3bqktXfbpmgCOLXw/i8rJocjRZKDU2ODsryMvTGPlC2I6RY1xJjD/DSI87AAuGjVCgTLqK1wjdG6PsPOezfGYZq3bEEqyMBcBx9BxW6N8C8eAcf5KjE1kVnArY4GgDarOaKTA118KFZ1fPY+VLsawKVqJrIajoWXudGrZrJfWvseHvVYCdF88tSCM4Zg/rEkawIug1froSTnxMmOH72+EzQ5nbRPs7e3iAKpWoly6z+qNwk3Wr11L97sIRJYkxYZR3jjCUsVZnMLeiuft6pIm+ZbKOAS61ZWlBHxw1+UGiU3cwxG+iIVhk6jyznNM0NYXE60E/NijjcPAbb3jjial7wixT1Sid2rZyIjQyiFWroomumZpg6cy81aG40JTOhhEX45e+zsXwCPZEh6GbnGCDf1AkM1ysKc2s/2xoaMiDj+CsjCU6eC7RgI3zEJwts8g7cRJm1H37mRP/DA0kPDKeVUG6+xSbIQQ//SAWWJi4150IjlzAqpUxRAan6qvly4rFPlhbQNicnwmLi0V/6zNkSjCPDR0MRtvC2mg5bBwhyP8k0YnRBCXqpjwphs/kMS+Ffu5WZ/0rhu1a2DcbcPTj32GVrFkbx57YaPboN1s6+rB8RZD+XmrBc6OZe9TUfWBWp4/2/Ci8wb1hx+w10dhv/i8fJiYSraqdquI83J9Z/3iModaAqWdCvxB8TkcQHxmqm36FJT7zVuBlDdTt58FrmTc6jdikGIKTAEdXbOqEWBo+A3xa+hwqzeKIfu2avKQ4ouoMOhkdNJiQ8YtZ8P0qYuJWoWs6R+atfqrRm7Z0bOq8UtqO2a+GUbQyjNgwfbvaDCd0xYxGk3La+gwxVcem+qGhjewGcK+zJYlJcYSX2fDWqOMos1RYTWrb1ylCCCHEjdapurq6+mYXQvzFaEvRFJVjZtUNO+vWjV2pp7QQTXkVVt0UtCcZo7SZvDB7FcxczZppTX+M6yilhRrKq2h/XfRta6VQtHG2upZCTRFmHdmmhuutwK5hoWrK22x+unLRVBodUcTCQoqqWnAvaUspxRxrCwvDz0br1lY3+r6GtvfBVpxXmLKR+VHJLIh+Xz9lpKl0Wt9uhRoNVWZmKOxat+S07hpDN4VdK0fM1dx7LWkr3bFVZlYoGlbM5L3e/Hlm3RQ1s+QMjLdFC9Jrrj4t7puNlRbq1gPBrEvbn/HNlNNo3Rv20aYTp7CwiKoqM6y62TVZP1PPhNLCQspbcC9pSwspKgeFomX3aoufQ82mo6GoyqwN93rNtTPDrrmO2cZnSEfVUQghhPi9kgCLEI1o2b92KbGpasCR0M1ReMraekK0jDabiOciUGkqwHUOW8MDWv0hTwghhBBCiD8imSIkRCMWOA4cgLNGgfesf0hwRYhWMaOXwgFXR3ceXyzBFSGEEEII8dchI1iEEEIIIYQQQggh2kneIiSEEEIIIYQQQgjRThJgEUIIIerQ5ivZdTD3ZhdDCCGEEEL8wcgUIdFmmbuiic+GwMVBDG3dCz1+l3ITonn/1B2EhgRgDeSnp4CrF06tXIMlX7mVmI8OceFqf55/c4Xu1Z+i1bT5B4nc/D3TQoNws4ZSdTY/mt2Jm6Ktq3qUsn/jOo5ebviq6yqqut7D4qAAOuY2LiVh7ZtU+S3mQat0IjefMtShRbS5bH33AEVmDjz492k4NaxuaTYb3/yAy728WTzfD2u0pOxcx0ff5FGFGa4BCwnyuxFvvaqt1zS3Durw2nw2R26l27QOTLNd5VGT8O5GPlTmUAFYKoYwe+Fi/GrKVprLzi27OKEpo7ujB5NnTcNFf13zU3ZxKKccc/3roSsrKxkwbjo+TT1AtGr2b/uQ5JOX6dL3/7N353FVVvkDxz+SLKIsooQpLkAK7iJjJmFo4pqmORZppjMuYUYWToNaapRayjiiRamFlnskY5ImophSKCghgmCACppX9IYii+C9YPL747nABS6bWE3z+75fL355n+Wc5znPee5vzveepRfjpnhTcft17QNSj4Sy71gKRSateWzU84wbYHgRXvkeEkIIIYT4/UkPFnF/tEns3BVNWnI0Ow+n/tFX80DcuJxIWuxlioHC+I34B67n59LGpqLi65BwMvMt6db1YZlFugmKbvxEclo0N0qBwngW+QWwLy2vCSmWculUAskJCZw/f17vL4NL6uJqQZemKOV8bDKpN0opunae5LSTyj00VNENjkZHEx31LT8XGUr+BjHJaSREpSp1NWkHQWGxqNRq1GoVJWZWD+g+amRccV8PTNE1jiYncyn/AabZBKl7P2JrdBpt7cwws+9DlzvJhAR8ShaANpUlM94mLDoBWpqQGrWLt2csI0OrnJv5/ddERIQTHq78RUREcPZasYFcCtm+0I+QiFhobUJqdBgBPuXp1LUPsiKXEbAhjPMlJnAplq2BfmxPyjWQh3wPCSGEEEL8EeR/d4n7ooo5Qqbu35n7I1F598Tw76h/HsbGgJmx0tA2Uf6PeWNb3dqfSdXAIL/3mO8uPxk3hc0AX7Zvno2pBaCFO0Arc/MmpWncAsCLtZt8+O2ejg2vbt8MphYUxRsDJo0L3hiDJVBAC8PntXTib9MmU2zpjDVQUqILTlh6sXGTzwPqhWNI5X09CFrAtGVLrNC9bn+4XE7+kAluviwZl8bSo4/jN7A1PoGJ/JwLpcf3kAaM9g9mxgA7UEfj6xvM+h1JBM3oyIXzGsw8/djm615nLtqMw4SrwG1WIAtHOlCYtJ0Zy8PZH6fm1UeO17pvvmcxoSHJ4DiJT1Z5Y0oGK196m/Cw4zzXt9pqTfI9JIQQQgjxh5AAi7gPhRzbHwuWXvhPKSVwQzTfxufiM0Bp2mlVJwhauZ4EtQYAx0GTmT9/InY10lGxL3gjW6PTlI9mdnhNfQWfkT2rHZdL6JKlxNGSG2mZaOzHszHoOdJCgwgKS1AOsezDnMVvMMzBAshl35pVbI3N1CXrxqyFfnjaF7Hd75+UTPkXM3TXmrR9CavPOrNu1dSK3IqStvPW8igAAmcswG/jKtxtql7Pkc0fsyEiWZe3C7MW+DHykSssmRFEARAbNAO/s/4E+QyoOCtjz0re/hYC1i6sGC4SHexHiPpxPlk2nFOG0uxmQ2FqKG+sTGHOJ8uUJaO1qSybtYYO8/7FjAEYKJupVRrZGZEbWRUSRQFg6diHtkWXaDV4Pku8e0JhBpsDPyQiTQ2Avdsk/rHQG3td2XyhcsDp1lGiMzWAJV5zFuMzzAHQcqKW8i9M3cOild9i3BZUqgIcxy/mveElfBa8gei0gop85vl542Bae30xL7/vdX6kLwukAIgOnIF62DhKjhzG0W81Pu5KrcqN38zrgenM27iKAfVFGFrUHu4ozIrmsw+3EqtSrtPM3o1Z8/zwdChi+5KlpLd25HZsLCrArs94pjwJm4LDlbJ1Gc3ixTNwMM1l99KllEx6jwl6dWb7gteJs/sbwfOHKZu0qaycu5JWUz7Ad1gjwpMlN4n/7jvUdtCvbQoBgUpdpSCGf/reYt4HC2lzNpR/rw9DpQGww2uWofcKkrYv47N0Y1pmJ5BZYMakgE/opdrN+pAI1LpjKt/fyvuaMcCGjCMbWbVBqVdV86i9bgBVzrO0M6MA6G3wRmt5z7rB9gWvk+D4CkE+umBGYTxL5n6Iw7zVzHDJr6NO17xf7+pjt4pukl9cCiVF2Azw"
04:29:08.897 [Forwarding screenshot on session ed2d6660-f69e-11e6-a414-872b36aae4a5 to remote] DEBUG org.apache.http.wire - http-outgoing-0 << "ZfN2LRamcOLyJWAQIwbovsnsXHAEUouLoPAiaQXQs6sVqqwMikvN6dzN3uAS1dlZqYAjo4c4AGDRdzieZuGcPHuRbE3t++gP54FBY4bo0u3GuJH2JISf4TLjqBgUVphk4HvIqZaytDH4vq6a2tfgExFCCCGEEHWTIUKi8VQniFSB44ihDBg2FEcg6ptjKL3Yc9nxThAJxh4sDgxi8SxPMmN3sTK05jCiIyv92Bp9ifFzFrNihT+ju90hKmQ9JwprZlmUrUaVlonraC88e3fkcuhSgsIScJvky4oV/nhaJrPBfynxuZARuoqtsTeY7L+CwIA5dFEnELzwFCiAAAAgAElEQVToC3KBvBsF5JVWDkcoKcpGk1112EnLvmOYNd4FgEHTJuFSrcEev3EpGyKSlbwDfBnUIo2Qt5cSXezIC3O8AHAZPYu/DXWqcl43155QkMC+UyplQ2E8e6NVtHd1Ja22NNVQWpxDgSab4vLLLsrnkqaAYt19VC+blnp5FiZt5+2QKFq4TWJxgD+PkUGmugB1Tj6gZuMbbxOR1pJp/gEE+E2iNCEMvyV70AIlRbdQJUSQ2Hok/ot98bQvIGrDBpK0kFpH+ZcW56DWFKBStWe01yD6O5YS5BtIdJolk/0CWDxnPAUJYfgv3E5hHfWl4r6x4YkJoyvK9YWxA+lopiEq/Liuzmk5/k0EGjtnnBrSfUN9nN37Itm3bx/79u1jz54jqLQAqSz3Dya2tCd+ASsI8JtMW1UCwR/upRAouaUmLTYWl1l++E52Q50cTlBwJI/N8mPOeDcK0iL4OkFp1Odlq6vUM7Chd++2qGO/rqjf6rhIEgqgq3Nj+34VoVKpUZ3PofSu/nYNBflF5KeF4hcUhkpjhmMfF+xQExUSQHC0ukZKJUVq1GkJFHXxxGvQUBzzdxIQEoGx1zQCAlfgO2kQmbG72HGi2n0VnmDVhijajp5DYNAKJrvdISokgOjcuutGYep23t6g1MeAAH9cUYJqhgYI1fqeqW1wdrRCFRVOavnQmWMHSdOY4NSJeup01fvt1Uk/uGLDiGcHQdou/AOjUV85y4lUFRam+mGSW+TrfTIxg4K0s1y/doUbQEJIAH7+b/P2235M9V1DqoHvsmvnL4GlIx0rkjXG3AooKa1zH/mFlAAdHqnsxdXJ2QW4xDX9UUIWNb+Hai9LQ+9rOwNPQwghhBBCNIQEWESjJR06iAYznnqiM/AoIwZZQtq3xOjab6UAN1SkZV6jzYApBK5YwT+Gd6qWipaOT85hjv97TB3mQlurR3Dp1kU530BrqxQwG+TL/Bk++M7ozalDmWA/Gu/hvTE3d2LC3yYBKk6m5XKntAQo4VJ6FsXmvfANXMGKD56rY+hE9R4NNvTvbQ/YMXjIgGrnZXEkSo3ZIF8WenvSracn8z/wwxI1Ucd/pqdHf+wAu97u9O1WLUeHIYy3h4T9SjBKdeIgKuwYP8S4jjRTK66v4iqrXW7VsvGs8qv52R+OgpknSxZ607fnAHxWvYkjynAbbeoxogrAZdIUnnBqS1uX4UwZbQ9p3xJX0WAbxLsLpzKgryfT/+YF3CCvKJeYOsq/3OQVi5nhM58xVmkkAOMD3mOie0/6DpvK+3MGgeoop3Prqi+V9+3weO+Kcu1p78zTz7tApu46cxPYmwZu40Y0cHhMARFbQ9i6dStbt25l166vlblOtG0ZP2sW/gtn4/7oI7Tt5IybC3Ajh2Kg9I5Szj4j3fGc6I0bYOn5Cj4j3Rk2dSpu9eTad/hYLFFz5FgWoOXY3lhwHMuQ+xhbZwzQAqz7erN2sRJ8ws6LzduW0fz0DwBYDprK4iXLmDdNubLovYcx0N4H3Fi4xBef+TPo4+TBrFm+LPQZx6NWbenk2AEzDAzh0b2jN65e4Oebxgx5+V1WrAjicZu668bZo0eBQSxZ6E3PngPw/cDfQM82qPs9S2XA0+MwI5PIODWQy6G9yeAygcdvNKROV95v9c4r9sPmE7R4Dp4udqCKIijAj+cWbCcX6D10BJDGSr9gjpyIZvOyt4jWAHdKKb5TjAmWjPZdwfbd2wn0G4+lOpaVH0fWuLOW5i2goFQvqGSDi4slmtQ0fq1j35X8HDTY4fhI5UWXH1f1K8Gi2vdQfj3fL4ry99Xb3fATEUIIIYQQ9ZMhQqKRsog4qvTACPGbSojenv3fJjFsRl+mLJiD6sMNhG1IIwzA0pFp8xdgX6X1a8ojbSH0Q382BOpvtzM870QJdOupC9IUXkFVABRE4O8TUeWwK2kX6TvjH0xS/Zuw8BBiwwHMcJv0Cn7eLgYSbmHwLktLAO7UDPYU3kANDHxcLy0LJx6zhJhLN6DEmDsApcVQY5YPC4aMHUT4hkji1MO5si8Z+kzD3fgGu+tKs2M9V61fNtUYG7cAzS29BpsjzpaQDRTlKz130sKW4xOmf5a97hncAbOWlP9erpQJGBfVXf7KeA872j2ihHpKi4sAMzrqNQzNLZV+NsbY1Fpfnqhyj6VVytVhyDPYbQ0k6ngWnUwiKMCe0Q2NVNQ6V4kdViXnWeMXQtUqqZuXpwS6dHlEt9GK1mbQtXt5uZvT2gwMzUlbmY4HTztuYFfkcXKf6Mh+FXj6DTE4jKRcQ6Z+LS2fg+UOFAO6q6UgNoQZz+m9oTfyqFkr74BZ64pnbGptRV5iCL4hwXVnauPOvGmn+XBrFMHJyhAluz6jmTfLrc66MdC4BVBSeV8WLvQ2VG71vWcT3RlpH0L4gVMUOpkQVQBec56gKH83UF+drrxfQ+z7DmN2yU8ktnyWBYMu8HZwODtPjMHX3ZvgxcasXL2LDUHR2PXxxM0umlT77jj2Hcam3ZXDDB3cp/L8kXBCUs+jZmSVIFJR8Z3KuZ4AyOVsYgGWrr15qPhUrfs6tr2DGWrSfy5kQH1LUum/L/WVZUfQf1+FEEIIIcT9kwCLaJTc+EMkaMBtmj/ezlYUl4K5eT7f/juQ6IhvyJjRkTvX4IUl2+lpnkPS6VPsDNnF1jV7eWLTDL1GrYrP3t5Ast0g/ANfxMXBDuI3MiPwlMF8S4GWFrrVUSzaYWcGaT3nsHth+XwWKo4cSqWtqwu5GWdpN+wf7F5oS1ZqAsf37SQ8bBNxw/+FMXD7TmW6Bbfy655hs3q0x8IKG+BkXBq+5b/0aq+TWQDduj4C3Kiz/Ow9RuK4IZa9n3/ODTWMnv0EWNyoO83Ss1WvxUQXxDFUNtWUlt6BKoOGfiarQLll45ZKgl7+GyvmzylUxXMssRinlvBzbTfRsu7y59pp4E5ldKC0FNBw84YWbPSDLlBKLpm11JcecwzkbaxrGlsMYJybGSF7N7OZNMwGzaFvI9qHhgIXhUmbCdgajaPXLN6dMAB7Oxui17xEcGrlOa3bta2ShonefC71B0NMGTLei11BkXz6cVs09GFEPb0FjBs5ybIxUKqLCtp5zuG96Y+Rn3aCo+l5dHZ0xbqe8+O/eIewBJjkF8Dw3j2xIZ6ZMwJrXIg2N4Mb5v15f7cvxqoMEo+FsiE8gv0ZA+usG0V771B10t9M0jRQdTAdDXjPLBg+YRDhwXtZuxHAjacH2GCcdJ91GpS5jaYGkDt+BSt7G4OJJd08PbALjqKEUrSqeI6lWbFk227d95ialc9Fg0sLMvatYdV3JiwO8kWZPUVLXi7Q1rZGMKdT964QfYq0Qh+U+WeLuVWgTFbcqW/t+zC3xArIUuVT3vUm7eQpMHOte2hcvWWZRpX3VQghhBBC3DcZIiQaQcvxg1GACxPHDcChWzd69uyGg8MAJoxzA5I5FJ3JN8EbCFj2GUnF5ji6ONEaoK11lWY+FCu/WrfuQKf21hRnHCEwMApoUcf/zi/fY0fvgZaQ8AUbj6SSm6ti32cr2bA1hIR8uHhoE8GBiwiNz6ZtJyceaW0MtFDaiCaQsHMHSSo1SZHBbEjQQAv9toWue35pKVBA2qlU3Twf5brh7maGJjaEzdGpqFUZhAZ+SCbQzfkR6mXak/GedqgSEtCYDWJEX5t602zZ1hYoIHznEVTqLPYEbdBNLGqobKpShjXE8s7KUJJS49m4YCVpKD1gLPoOpQ8QteFjojPU5GadYO2i"
04:29:08.897 [Forwarding screenshot on session ed2d6660-f69e-11e6-a414-872b36aae4a5 to remote] DEBUG org.apache.http.wire - http-outgoing-0 << "QLZujSLftDLdminXXf7V2bgNxQXYtSqIeFUu6tRIVgXHgllPOtnkN6y+6IIGV04fI0OljPVwHzcSCtJIK4CxYz2U47RZhK5ZyeYjGQbLo1QXmaorbtG6vT221sYkRQYTHKup1l2oaa1QG/cRuKEhIVmFndeoyolJDVITNHcmM2fq/l56jgWb4+s8oxRwGdxfOTv6a74ID2f7lhAiwsP4Iu5aLb1l9J5xKUBb2nXqRMvSLELXKnXtSua1qqdcO8WGDUGs2RxNqVVnHDs+rGw3bltn3XAZ+AQQS/DmI6jUKiKDd6IyeE31v2d2nmPpQwHJaQU4ThqHPU2p04BpJ7rZgyp8EzviVLQouULkxq2ogS5trSE/nbCwDXwcGq/c15plJGDG80+70bZdSwpU0WzYeAR1YS7xe4IIU4Hj472wADKObGblxkgKAfvHnsSOAtavDSWrUM2RjR+RAIwd2b/OfVj04SlHSA75iCNZuajit7M+ugC7oQNrGWbV8LKsWyFHNq5kY6TyTmlVJwhetpLIjMIa+4QQQggh/r+THiyi4QqT+S4Z7DxH12gY2g8ZjUtIAtFRPxPsP4llgWEs941Wdlr2we+1p6s17rrxzGQ3kneF4TtV6cvvMsgNs9gEzqap8az2y74xUKL32dP3fa7fXkbYhgB0a6jgNtmfGT0toNN8PC+uJCzQXxlyghmes5bgbmFDp2mjiQmOYLlfLGCJvSWojMuHwbQAK2vMAYtO3bEnmogNARS32Iiv3jJCwxZ+wLVlKwkPDkAZBGHJaN9AvLtZQKExlvUUo/vTI1kfvZX2I4dVLG1dZ5qMYdagOEKiNuAXBdi7YKkXYqleNvosenoT7FfKW0FhLE8AOxc37EnApusjgAP+gb4sXx5M8Nu+yglmjsxa4U83IJ4WYGVeLRjRot7yL0wypkpUwrQn/itmsXxZCIF+Pso2Ozf8lszHAXi5lvrS8uaOynRsnHjC0YyIqK0sK7Jk23xPLHoOwY1wEiy9GNJNV7tKbhAXm8ANBjFjWPVaaoxte5TxUYbKqu/TjHc5TvjWAKZuBbDHzc2ehIQ0LhbWLOe6Plf+u1pZ4MDo8Y4khGczckQfwxeiT1NAgabyY4vi2gM8Zu11dbfvDBZPzmP5rlhiw8MBsHMZz8L5ngbOqvqM+zz9PI7RIQT7zSAYZdUpR7NkMlPSwfuRivsy7fkcvqPTCY4IxjdCGU5k5zaZF93tsHOv491kBosn/cLysA34RQBmdphVlFNVdb8TAN0YNdqe5IhSxgwpXyHpfup0OQu8l/iT9c9AIqIA0ggBBk0LYGI3U+A55nidZUNYoG74kRlec95jnIMpOEzBd/QvBEdswFd30y6jfVnsrVxX/k8RJER7UuozEizcWeiXyaKgMPxnKN9QbpMW61YzqmsfTFywmIyly9ngr7xHZi7jWTijcqWySlW/h+oqyxrvaw2lXIhJIKb0SXxGdqPo59NEJydgPkqpi/r7hBBCCCH+v2tWVlZW9kdfhPhfpCVXnUepsTl2NnXMF1CYi7q4FHNrOyzuYwoAbW4ueaWGzy/MzaW4FKztbKoGd7SFqPOK7zvPqnkbSL8euSc24hMUw5zgbQyr9tNzXWlqC3PJKwY7u4ZN5Qqgjt/OmoPGLFjirQxrKDyB74wgHP2Cma8XxMpVqyk1NsbOpuFpV15vQ59fXXWigfWlyilJLJi6HCavYNXEysZd/EZfPiyawrb57o25lQqFuWqKaXxZNFTkspcIUQ9lY/CMBk7Ke5+0uajzSjE2t8amURVdeRY05Dzdu2Qojzrrhu48azu7et+d+37P7rNOA6gil+H3XU82r5pYYyYlbWEuRaVgbGNTYx/aQnKLSsG4ZZXyKEzdzIyAPIJ3z6/sbVJxrA01X4c69lXcWyPelfJk77MshRBCCCFEw0iARYjfizaVlf9YSYJaAy7T2L5s3G/eyClM3c6MgHCw74OXS0vORsWixh7f4CA8/7SLhWiJXLOQkFgVYI//5iAGlLcztRmsXBjKk0uW4P6bRi8arzAplEWrw1BrYJBvMPP/vA/gf59WTcZlY7pVXwnsPiVtXsYPHbzxlV4eQgghhBD/0yTAIsTvRZvB5sBNZBn35qVXp9KtcT8+3zdVfCRfHYxBfbuE1o79GT1hAn3t/ty/X6fuC2ZrzG08pvydcX3/HIGKwoxI1m76jtb9xzPb2116EAghhBBCCPE/RgIsQgghhBBCCCGEEE0kqwgJIYQQQgghhBBCNJEEWIQQQgghhBBCCCGaSAIsQgghhBBCCCGEEE0kARYhhBBCCCGEEEKIJpIAixBCCCGEEEIIIUQTSYBFCCGEEEIIIYQQookkwCKEEEIIIYQQQgjRRBJgEUIIIYQQQgghhGgiCbAIIYQQQgghhBBCNJEEWIQQQgghhBBCCCGaSAIsQgghhBBCCCGEEE0kARYhhBBCCCGEEEKIJpIAixBCCCGEEEIIIUQTSYBFCCGEEEIIIYQQookkwCKEEEIIIYQQQgjRRBJgEUIIIYQQQgghhGgiCbAIIYQQQgghhBBCNJEEWIQQQgghhBBCCCGaSAIsQgghhBBCCCGEEE0kARYhhBBCCCGEEEKIJpIAixBCCCGEEEIIIUQTSYBFCCGEEEIIIYQQookkwCKEEEIIIYQQQgjRRBJgEUIIIYQQQgghhGgiCbAIIYQQQgghhBBCNFHzP/oCxJ/dXXJUdygBTCxaYGslVarRNFqu3igBHqJVW3OszP7oC/qTqSg/aGVvgdUffDlNkZ9TzG3tr2BqQgdb0z/6cv7HlH9XyXsmhBBCCCF+G9KDRdwfTR473jvKQOu99OsRyWM9IunXcS/DX4rje9Vd3UHFBA4No/3QOHJqTajaMfmXGGsdxvD3rtR6xvfvHaC99R4+P6ut+NzBMqzWP+91Vx/cfRtScc2XGndezlWWv7SfDg/v47EekTzW4wDd2+3B+7UzZP0mF/rfKT/uND2tw2hvHUVcfiPOO3sR/yrlF0l36z28vvK8Xn1rQB3Mv1Ll+Z3dHk0HyzCWRxXXmnf1OthUp786jbfrHno4HVDuxWkf7V0j2RB1s9br/LNr/HMv5sNJe+nZNQzvlbV/P+THnaaDZRjtrQ8QpXvomvQ0xlZ8Vx2g+6C6vpNqS1gp/7q+azpYhrE0qrCxKVd40PVKCCGEEEL8vqS7gbgPv/B67+8JU0OZUXPGvdwOJ8u7fL/tOonhKl7Yl8vW82PwstUdnldXWg9hZgZcuEeJbosWKND+WucVNLt3jyx1CfSu/JXf2smM9tbVDsy7i9mde426u/uhXHNjzviF191jlTK0M+e5522w0t4hMuQmMVsu8MSFeyRF9Me2/oT+9A7v+Jm8e9CMPD7fd5PHp7ap95z8uNP0GJEJQJmTBbOetcGkIJ9dIXmEvZ/E7lQNmdt6U9FJoc46+Cs5wG3d81NnKg3kEhpfB+/HgfcOMHu1EszpMd6W4T3NufrjVcIOFbJs4lF+2urFugnWwK/3Uc/+e93Pcy+4eZc8NeQW1v5sSm5ryv9V8Z0SszWNRP2vAeuH7uuaOzg0R2vdHDCCPA3nLt6jzK45PR9tDhooyDPC2c7kvtIu96DqlRBCCCGE+P1JgEU02oG3TxGmBusRndm/fQAOulas/9JiPp99iMWhxby96jxeqztUnFN7k8OUeRGTeFkDDe2xb1JLYpPXDmex5x/QKDFtfGMtP06lBFdGPMpPYf0qhrW8t/w6rw+KYXfsJQ6l9+FF5//xVzT/Cl9su0uZnRGtc+6x79/nWTq1DR3qPOkX/EcpwZWxQYPYOLPy6MVvXMS7VyIx4el8GOeE/+OVZ9VaB626cPK6PZg11x1Xf8e+2upgY+XHnWb26mLKjMz58IdhTKpoVA9g7lcxPDXrOrv/lsisvKH01u2xvI/69l/nvp57Xd8jlSycOrI8yAIwo7sFgJbTJ5RedWVO7YlPdK83H4OsOrIxsWPlLcTF02PEZXq+5MbhpR3rOLHhHlS9EkIIIYQQfwwZIiQaR3Od0I81lBmZ8a/1lcEVhTl/f6cnPYzAMl+j1wVfy571Jxio617fc2gUn8eVd6Mv5vPZBxj3"
04:29:08.897 [Forwarding screenshot on session ed2d6660-f69e-11e6-a414-872b36aae4a5 to remote] DEBUG org.apache.http.wire - http-outgoing-0 << "2plauuzfJWr9CYZ3Vc4dOOko60MND90oKS0xuB2A/Ku8PnQvr2/SHy6kZcdrBxg+W5d3/lVeH7qf19edJXD2ft0wgz2MnR3PWb0hDFfjUvEZvVfZ3/UAS9deoQCw1M9r9F7Gzq7tnip/ZW/d2qzqnCFm7Zj+chta25pReKukonzGvhbPhveO0lNXhsMnnSAq667eiYWEvXe0oozbd92P//pLlP+W39B7S486w/Sheyv2D58Uw4F0bYPzyY87w/ChUQSujGagdRjtrffzeULtXS7S92WSeA/GvTOQt54zotlFFf+p43iAnKhM9t9TglPrZlZrKts78V5wG8qMjLiaWqC3o446mH+d10fvx2d9bUPJGl4HG+cuhzf9DMBznw7UC64onJ8fwIIRRmBbQrrekJHs81cJfPNA5TN8KY7Tes8wKzoVn9H7K4as9HTdz+vrLlJ+iPKMjhJ24CzTXcuf415eX6dXX4CcuLTKem69F//1qQS+tB8fvSF3WdFn8XbdU5HX2NdOk96A4T7389wb7HYRcRHZHDymRp3/C0snRbAuQdnV7GI2E4dGsiFOeX5n955mrO7621vvwfvNM6Rr6khbT0l5L7taetud3Xu6omzaW+9h7Gunq7xrDatXWg6sj6lyjQNHR/F5dB5QzIbZBxg4OrraECvd9klx/6+GGgohhBBC/Df4H/95XDxo+WeyiboHrac/yhhD41fsu3I4r6vug9JYaHYxh8ULwP4Ja7y4TdTxPN4edYLu10fyuBlc/bGYVDQYCo+cXn+E6QsKdUORWpMZkkNULSN+NLd/Be6iqdJAaq4MQSop5VziXQrcS/X2/UpWjF7eJaVcTNSQmJBOmZERg72tyT2WR2LoZUZqzJQhJ1lpjBj1E3n3wNW7HR1Uv7Dp/WwAelSkW0pc7F2ucJuSzwxfq62LHfZG2ahCUxh46wbzZnTmL93b4OxgTv9XhpL6SvmRxVy9UExiwmUSAVfv9vTQ5LIjPJtpUcfYf92L/maFBI6OZN1xZbjR1PEtSQzJYceCH4k+pyH6IxfMGnBvnD3DUxMvUGZkxPCX22F9KY+wQ9eZFfVDg/Mp0Wo4l5DHufIGLRpoVVuPi2LCN+VQZtSc0SM7MLRdO/xDs9n4xc/Mc+tayzmQdPQGALPmdDPY68l56lCyp1bmAfXUwRKNgbpRqTF1sHFKSLtwlzIjc8aNNDQ8xpR5YROZV/4xH0yBvHAV6wAP7zbkHrtJYriKsXfO8FNYP0g4jcc4pXePh3c7OpsV8e22QsKWJKJ5xJqNz7fRPaObvP7CTcrszBk3HvaHFxO25EdMu1oTOMYa0lMZUlHPbemgusmOBT8B0KOTUk5Ze2PwmHYdAK/p7TC78Av7t2Qy9GAhkec9K3rc1HR/z72hCtV57D9USJlRKdPfKuQ/UXer7FclFJKZ+ytnNx1llF/lHDfN7t0j5tMLDA2/zdHzHjg34RpOb4pinF9exbtEwi9Ebclk5LZc9lz24nGrhtWrqPcOM3u1hjI7M557zQbN6V/YfzyPt8fHYHd+LI8+fA9VaA67jubx+ATd+Misn/lodzG3xnXkkSbcgxBCCCGEaDzpwSIapUSrhEHa2zZuCY6xQR6cjPBiS8QEPp7enGb3Cok6qTR+TXTtghq94/OvsHRRIWVG5oSkTGDjak8OXx6El53hPHZMi6KD5V6cHq7881x2qZbEqZm3iTKXSpmROZ8kPkPoZ14c/nEQXkZASiE3ucuO98+Rdw8mffIk+z/zYGPEM6ybXq0srOz58gcP9p/sW/tQBHsntn5hj7URqA5dx/+FkzzV9wDtu+7H572z1X7pVnitGsT+z9wJ3DaWLW+a0+xeHkvXXiUnKlUJejzRmePnxxCoK6exdqDaksIXZ7UNuDcoVCuRqee+eIotqz1YFzaWz142A26TlKptWD461iMcOVUwiTPnRjK5tmFO6VlsSQS8ujDUFqy8HmWsEdzadp6oOnpBmJgqX1utjGs/xpBa62BdwzIaWQcbJf8X4hIBVxv6NmLpozIjM9bFTyD0s6EcPuvBWCPgohIkjN+j9IiZuWcMoZ95EPjRSBKOOAJwJqnq5KvWIxyJPz+GjdvGcGqPPQDRx/OAu3y+XAmuTAp5kv2febIxYiKfvWaud/YvrP3bdcqMzPksaRJbPvJgY8REdi2zppk6h9Wbfqn9Bu7zuTeYXr0waWvPl2HOeOj+P12ZkQXLv/wLLznns/ofSnClzK0du5LGsC+kPdZG0Ex9nTVf3TSQcANprrLqH3mUGZnx4cln2LLagy1Hn2Hdy2Y0u5dH0BfXG1avNNf5bI2GMiML9p8dy7oV7myMmMCW18xodk9DXFIhXtMcsDaC3dsvVfRQivvmMnn3YNb0Lg0edimEEEIIIR4MCbCIxjH8I3+dyozMeG5Su4rPfQe3BaCktO5JRMlVhhl1fLUHY+x126w68Ob86jPZKuzdzPEYYVH594Q5j9s3shUOdJzVlQkOuqCAVWt6ugIYYUIJWT/eo8zOlrlTH9Yd3ZxJ8x/Fusqb1ByH3u3o72xRZz7OEx4n9fJIdm11ZuZ0a+ztoJlaw/7V6YzsHFmxAooJUGZky5uvVIZrvF5xxt4Icgo1JJ1QenS88U4fHMoPsOrAwhVKF6NsdWXfoNrvjYqGadi0KMbOjuHzry7h9MZwsvMm8Hc300bl89c5LnQAbO0tam3kfR+qNAQHD25DSU4hOTkteHwcNLtXzLawOhroOnUMCKvh96qDirukx13h++jKv7h0Q0OKHqIlQF7D70ULtH7JmUnlQSszS5xcgaxcfsoHryVjOXNuJD59fyU94SpRe1P5cFcuoDeETaf8GQF0GNAB14o6XEKOCsrs2vHG8w9XHD/mDWd6lB+TX8w53T9v/XSRvXvPs3fvRXJNlN5K2Zl1rMDUxOfeOKb09uqGm6vuo6sNE8d0oVPOtYreIv2H2tE6twBjJ1t66Q7LTLr/lYDyU3OIuQcdX+1e+ZxozqQF3elhBD8czCa/IfXKrC1bLo8jPsUduxs3OR13hbBNp9l9Qq+2ODsw3RWIUnFcBZDHnuBCyoza8FwUjZsAACAASURBVJxX3d8/QgghhBDiwZMhQqJRLOxaYm0E2Tm1TVRwl9NRl7ndug2Puem6Btha46T3C30ru4ZVu5yLOajuQdnPVfPq5GqFoWVhxgUMeyCT3Fpa1h6UMbEGsh6ilf5Gm5a0BwoMn2KQJieP8z+X0MntYZ6c0JsnJ/TmPeBq+iXWzfmRHQmFrFp/Ba+luqEjtg9hU+VCHsIWOH1ATYG3EWVGZvTvXvXebezMqa6ue7P1dOXjN2/z6uo8EkOvkxiqDP+wH9+ZL7cNwMSk4flQzwo88As71iiN8JglJ+m3pOrew8EXyJr5cGUgpwqlZVxSW7BPk8eBgzfp2PcRepcn8DvVQQDyVUwc9SN5esM9yqa7kv2RU9XjrNrg5go/JN7gp3zoYKAXS376VY5fgQEeHSpWlGpva+gZ3uN2CVCi5qM34tl06K6BY6r7tcq/K/of5d8iIbH6fkAXPCkAcs5c59w9aEYx/i8k1kg59cB1clZ0MbAKVlOe+/3Su4+8X5Vglt68KYmrkxi1uuoZqSdyyKcLjehYVMOV6pO5mDyEKcB1DT9f1DSgXjXnWnwKr71ygUR1bbmYM35mG9bNvUnosTzG9L3EDjX0fM2hjiFaQgghhBDityIBFtEoZp2saQ+kbsskarkLXtVbIPkqXpmUyBXM+PLyU8q2Vs2rBiQayKKjFdZG2bTvVLUPxO1cw5NhKpPc1h1gqboCi+G5QepaBrcEwKF6xy+lsVa9h0Bdds2PYnE4rDs3iUn2lds7OHchcFsp3/ZKqjp5ZqtqeZYovRk6DrPDsjCXZvc0XPj5Ll69K1/p20U1IxB1L/Fryij/IVx8vYRz8VeJOapix8c3UYVfJmBTZ14qvNfgfOqTE3WB/ffA+ol2vPmiFZWt+1KOrcwk6mI2u+O0+D9e83k6/cUGyOY/Wy7yllfvGj1ksr5JZPasm5SNKCY7TBfU+J3qIACmFrz1riOVg0x+xaKroR4vD2HbBprd0/D98Ty8xlQ/5i67"
04:29:08.898 [Forwarding screenshot on session ed2d6660-f69e-11e6-a414-872b36aae4a5 to remote] DEBUG org.apache.http.wire - http-outgoing-0 << "3ohl2XF4cc9IAgcoW2t7hiZo+XBaLJuOg/349syb3J7uTm1wMrnOCNek+m+2nJUlvR3gh9uG3w9LwNapDfZGKq4McuTo1q6Y3Fbqqokx5Ko1YGNpcInxpjz3Kpq6kpJelbWf7siiYebcLQFtYSmYGtP60Xb3H1wpVRLv6dyyxi4tgJM5dh2N669X+Vd4bdIFEu/B2DcfZbynLd17tOXi+sNMX10ZmHEe54Cr700O7z3Pjkyl29uUF+wRQgghhBC/PxkiJBrHqiN+r5rR7F4xr/uepuq6K8V8/uYZVPeg4yxnnmzKz7+AWTtLJZjz8QVOV7Qnitnx0fXGJ6brVZ+afLNypZSsnzlc88f3OjxE2zbKSiSfR1UOgTgblsW5apNTavK15OfX3ouge0+l18c7b8STVe2H7qjtmUrvB71GZLOL2eyIrszzdNgFzt0DS0sTOnZXGnKff3pBL5VidnykTL5rYtywxuj37+3H6eG9fHrBhP5eXZm3YijR4UpDLS2z+IHlA3fZv0V5hpMXDuDvU3vz95nlf/15a6ESaNiy6YLBszs85chYI8gLT2fBpqp1QZN1iYUvK6GNua85GTq9Ue6rDpq14cXX+zOv4m8Afx9jeBLbsa91BiBkygn2pletL2e/OsWy41BmZM0LHg0Z7vErBRplONS/trnz4pgu9He24KdvMlHdo77Yo54WOPzFiGbq66zfWxkmilqfXlnP25rTBSA2l1sWFjg4WOPgYA0/pjBqaAzzQwwN9Wnac9dXcP46B6IuceDAxYq/vXsvclrVkJ47YNvXtnK4k8aYoRNcmDTgIXb9I533/51GZGJRg9IxxKp7O1yNlDoTp/dun9Z9T3R0tubhBtSrnDPXSbwH1tP7snFpP8Z4dsDBtoTTseUn6N43qy787bnmNDt0Gf/VxZS52TOit/x2IoQQQgjxR5D/FSYabcwSV7w+jiUqPJMB1j/z3Ksd6GCq5fC265xTKw28d97oChQ3aG6JklpGWmDVkQXzzzJ9dR5jB0WxYtEjZH2Vzqbj1Q9swJIutuY4AucOXWDSa6X89dFSdr6TrTQY65pOA/35MUz526JHWXboAp9MOkTBwk7YF+ay6qNqN5BziXFdfyTVoT3xie4GJ7p9fGYPPFb+SMyhyzzR7gqDn3sYZ6tfST+SQ8xFpQxffemRKrmvHX+I2x+44JCjYvHqPMqMzFnyekecrUwZ6/s9+7ekMFyTxxRPM87syCTsOJS5debvnuZQy+Sh+s+nu2dbWK1i5bCDFHzQGQcTDd+sVAEwbsTDOHua159PdN1lCYDqMjv33aPMqA3jDQzpcn7mUXr840dSd2dx4J2elXNUlDNrx/Iwe/ZPVBHmF0PUdmv+OtIKk6u5rN+izJ1RNuJRXvM0p6F1sFYNroP3x9ZzAB9Pv8qrW4p5dcBeQrzb8WQvUy4evMr+40qw4LlgV/qbodfbo6qSiv8+hCVKj5iP3zzN7VFWXDh4gVWfKmVSUOuwvuqa89c3nXl/90/smHaUc9Pb4XTtBmH6w47MOjB7vhkxq/OY2O4AbwQ7YqtSs3ql0oPirxMNrF/T1Oeun1T4ZWaHX66x/cUvH+afNTuOVKkDJQC2Trw66yyvfnoXVWg6PULTKw+4eBcn17a1Z14fq47MnZXA7E/zmNg7kqUrHCHpMss+yqPMqDnzpj0CVqb11ivbfrb0MLpM6rZUlvaDJx/RsO9f6YTpVujSlJQASqDWc2oHCFXKY/hUx9on1xZCCCGEEL8p6cEiGs+sA1vOe/D6dHOa3btL2EeXWbdaCa70GG/PnpRRusaR0uOjNsoMLQ/RoVfV7aZUDuXxWjqEwJctaHYxj8WzfiIkygiv8WZ650Mr26qfDXuYpeGP0sMIErdcZvGSbLLHted17+Z6U2k8pMu76pmWer34zdz68d1Wezpylx3vZ7Lqozx6jFAaOTYWul+ULYxpD2BtXPs12XYhNGUgM8ebKcvDhl5n06dKcMX+CVs+OTm8cjJaoMyoOYMH3WPTghQluOJkwb+ODNH1EnqYjSkDefEJI86Fqlg89wJhx+/RY3xnIvcO0DW26r83W09XPnurDa3RsH5BOv5+l/khx4hJqway2NO8gfko2raq/WlknVBx7h70n1/LPBG29vg815xm9zSEHzO8mout1+Oc2tedsW5G5CXksen9y6zfUkiZkRGT3upLUlg/3RCPhtVBQ2XTvrWytyF1sCkmfDSaLavaKXUz9Drrllxm//G7lDlZsGTPUNZNLb+Bup6hMa1MTHl5c1887CDm00xmT0xkZUgRLy7rjJcdXNl2Ta+3RM1npP/emTn3JPVkX7ycjEjccp3dUfDim+2qTObstXQ4n73Vhmb3ilk3N4XF7+dwCzNe2fokc9xqBlAexHOvj2WVW6q82Ip63u6himc2YfVo1r1ZNbpaZqRc/7z6hijpM3DomNUjWPemNc3UhSyblaQEV5wsWHFwGC86KyfUW6+surAquB3N7t1lk18S019IZ3eeNa+/pQy+SjxeGdi19XTkRTvl+r2febj65QghhBBCiN9Js7KysrI/+iLEn5hGy9VrdygBTGxa0cHqt+kUpckv5lpuCSY21gYnA224u1zNuk0JJjg4GJqctaG0XM26Q4mxCQ72TUkHpQxv3KGkFFrZtMK2ShkWEzj0AGvpzE9HB1CiyuM2teeZryokt/RXA+ncz/U8hI2DhcG5KB5IPg9Ifk4hubd/BWq/3gfhwdXB2twlR3Wb26VAk+pVeR2///I4+9UJVv9gzvsf9asMnJ09Q4cnLmD/2l84uaJL5cGaYrKulYDxQzxSx6pR/600+YVcy/31t7n+/GKyckswMTahQy3Ps956pSvfutIg5xJju/7I6XHOZG6rOS+REEIIIYT4fUiARTTYmg/O8e8PztV/oBBCPEDuHraciMn5n83vt/CPRT2Yv6jHH30ZQgghhBD/r0iARYj/aroeLKr2xJ83PJ+LEA9czlVeHxFL2MWqm73e+gtbFnb5Qy5J1JQfHUePcco8SWXjnflpW+/frAeXEEIIIYSonwRYhPgvp8kv5FrhQ00fiiREI2WdvcpFdSkYG+PUww4HW5kX/b/LXc7GXUOtNcXD82EZGiSEEEII8QeTAIsQQgghhBBCCCFEE8kqQkIIIYQQQgghhBBNJAEW8T8jP+cSqlt669Bqc8jK+XNPVPl70Ny6Slb2JXJua+o/+H9EjboihBBCCCGEEE0kARbROLePMNjHkbfir9Z+jPYS28K2kK6t5fNv4hLvLn6Kjl8er9gS/eWzOC5+n6zfMtvfVA4rFznSbGkw+bUccfbbmTTzGcXhWzTg2ejSW/QBSthJw7dbptBi4WAc332Kh//Rg7VpBb/FjShu/8BEH0ea+TjybvwfGfiqWVeEEEIIIYQQoqkkwCIaLa+e/dHbpzLt8GdcKDb8+TeRnUAQ8MHjfXQbcjiWlE3nfkNx+A2z/V3cLqSwll3Xr6dX+VzfswGgPNB16xgLT8Tp7ehDTzvLxl9fQ5WWUB5W0VLy2+VTnxp1RQghhBBCCCGaTpaEEPenuYXyX60GTKuuXWHSoi2goZW54c+/hfSzB4DH8exhq2zISSCsCKb8xe23y/T3YmqMUtoaqLZOyPCZMZTN1H24XXsSypmmVTeat6Q9kAIE+Z3jDZffaA2S8jpi3or/hnWQatQVIYQQQgghhHgApAeLaDRr4FLyVl5d5EizeT1o5uPB/L0/AHA20g/36GQggyHzPPDfNKfK57WJaXyyZhQT16/m3TWjaObjSDMfV2Zu+U9F7wa0GXyyfgpddMNJms2fwLuRJyvyz0/5lMHzRrGpYjiLhpj4o9BxJK66GELWT5Gk0I3+fM3g+aMYvDSAs7qeG19vmsngRaMYuX4nyiwcl3h3+SgGzx/FzLWT6b3Igyk7jygH3z7Jq4tGMXjRKN49cUnJP20LIxeNYvDCF3ju7VEMnj+BtSnK1eckBjN40SgGL5pL9C0lieiwufReNIqJ6/9juEBvnWTlmgm6snCky9K5hKbpDaHJjeLdj6bQzKcHzXwcGblmdcW9ZH3/Ab3nzyXaYHDlKts2zaSLjyMtfByZ"
04:29:08.898 [Forwarding screenshot on session ed2d6660-f69e-11e6-a414-872b36aae4a5 to remote] DEBUG org.apache.http.wire - http-outgoing-0 << "+NH7nCpS9hSkbWHkokUc0h35n50TmLLpG35J+ZSR8z0YuebTiueRX33b7ZO8unQUg5fOZdN3nzJxnu45zRvFyhMZVe7rreWjKurIzE/XVeRXl/T4LUxZ6lFRHr2rlEcOn6yZwOBFE3h1SwAjdXm/GpkCFPD1zrkV9ab3qgBWrp/J4EUezAwrrz8164oQQgghhBBCPAgSYBGNZg7sOrGGb1s+z8ej5/Jsy2yCIqbzbmIOJhbdedYUwIoZ/Sbg0q5Plc897VpRkJPB12c+ISDdho9fXMsHzi3ZfOKfPLX+IAChn3rz6pk4hrkv5EvvhUwmmYA9k3lXF8QoKb1JjDaDi4W6gTPaJL66ApMHDKro33Hqx3CwGcvwLp3IK8ogRr2Vb89rgBR2nzpKTG4Gh87sJ1ELXDxEwJUMYorUOLezJCU3m13R/yEdyL/0A5/kZhCTm8HncQkAnDm5i0O5GcSUONDzoQxiipLZ9IOy71Tcl8TkZhCTe5DICznAJb76/iApuRkU2drXLExtIq++M5lF6clMfmwhW5+ZjYX6IC8EvaTMqwJABkEpxQSMXsgix/YcSv+EKduVANCF89GkFGVyu7R6whq2rRnLtFNH6eg8m63PzCUn5Su+1gKmUFKYxaGi7IqjY9QZ7Eo6wbXSmxwqyuaQ6mbFSKKS6ttKb5OsziBGfZBZoSuVNAG0GSzaMoOvcwBtCjMXTuaDK7qAi2k2m1P0hyMZlv6dHy4h77JLXXltKeqDvBA0kHd1c8vk5CQTk5vMJye2ckiXd9fOnfh20/NMjD7I5fLzMrey6MxRYnKzycjXRaAM1JXaBBwLoNm7zQz+BRwLqPdehBBCCCGEEP+/SIBFNFoxgONC0havZO6EN9n58nwA8guLcHZ/mX8+3gewY9qMN5nx9Nwqn4e3L+820If9K3cy98lnWDj/AEEdIeXMWg7fukpSVj7wOBOHv4D3Uy+z871dBPSbzV8slHNtXRdx58NzvD+gg5LvuR84hBXje3fTpZ1IeDo8O/AJrGyH8IqdsvXb5CQ0lxPYVXEncZxUFZCQeEz5aPM8fx/5LB4AHCTmsoZzyTEVR19OjyGLq0QmKUGDZ598nslPjAIg5adjqLjKkZ8qAwP7ktMg5wSfaAHaM8N9YI2yzEkO5xMtTH7mP+yc+TIvPb2IiOnTADWpl27qjhrKsX/v5Z0JL/P+gu34mUJK6ilUgIlukJ9J9YRvHefT9HxwfIfD8xfx0tNv8sM7/6IXgBbaDggg7621unvtxpdvnSTv/bdor5eEoQ4epgDGVAz16eX8Dr9szOSX1+brtmQTf/4qOclhbNZtCZh+kLIPM/nxmfEGUtSjPcmi0HAAOnecTfLKc9xZvgs/G1062z4ivcp19eFLv284Nn0LL9on8eEp5bl49PsXeRszufPWJzxbLYuadaV2AUMCeMfznRrb3/F8h4AhAfWeL4QQQgghhPj/RQIs4r6M6Ni3ogeAmX1fRgCHz18EoKRUGXhTopvUtvpnrRZwfJZhrctTs2T0gFGAmtw7bfjrsFFAHGPf7UczHw+mbPuBvwydxtOdKydgNdOb9+XU6b1gOpLHdNEBTdpxdgFPu3YHLBmmC4LEnP2O8Pjvq9zH9yf3sz9Z6Vnx7MBR2LZ2Z3J5QCb+Ww6lJesdHU/E99/yQxFAe7wfc8X5sWeUIIU2hm++/5Z4vZWSUi4cITRaN9TI5mme0o9e6Jw7Fwd04+/urhXb7N0DKNuYyBuubZQNLR+lR6vyvS15uKXyr7pGuORcSiQGWPSUV2VPjfZP8qJN5TFWbVpWBEpsLG2xamV4glsTjGvNZ9LQMdgCtl2UOgCAMZw7d0b3YTwvuCvBDDeviZXHGFJ8u2JY0pSnZ9G7tRlmtgOZP+55ZaP2DBduVR7eq98cvF164ek+GNvSEsrnUB7wlyexAsw6j8Lb2apKFtXrSn2qB1kkuCKEEEIIIYSojQRYRKPlAW7dHfW2KI1b60ak0dm8ddUhGsZKuKCkFNye/oRf/D8j6LHxjGhZxK4znzA2aDAT9yYaSOkSEUnZ9Oo7vGK1oMTTUcB4PDorOVQEQXI/44XDRwEr/Dyn0Qv4OnoxAWooD5joB2S+PvxPZV/LUXzQrw+Qzas7VhIDlQGTioBM5T6PXrOZawPkbtXlpwveGLj6krvl9191e/6tAjRNWta6fMxQjb4tDWNaeUEXLv9U62Hau+WrAdWyKpCpacOvoJY4jqmx4cE81iaGT9A/uurQqZp1pSHKgywSXBFCCCGEEELURQIs4v7crdmgrr5EsIm54c+mpnA5JZyzFXs0xMSHA3a0s7zJ2jWj8ImBN2YGEbkmkTLd0JavTx8nv3qm2QkEaWFS/8rlmQ/9mEznXkNxLj9Gr1eKoj8vjp7EY/qbbCZU9DCpCMjodHYYxdShXlWynVwRMKkMyJTz8pjGhEf1h6CUB29q6uTQHcgg4vTVytJIC8Z6YT+mRKQYPKchbLu40gvYGafXY0ebyancBiaQe5pztwEKOJl+utH59+jRT5fnV2zVTQ589vi39Uxya1LRo2ZfzAFdb5ZL7IgM123tzqOtDZ4IxnrnfhdKulZDVuKnfJGpV2Nq1JWGCxgSIMEVIYQQQgghRJ0kwCIeOKVXRgbrNq8mOkdT7XN5t4yjjFsawLcpJ9m0/gVmZUKvXnMZ3toC8jL4+sRsZu78D7FpJ9l2+AgpQC+n7lgBOSnBdPFxZW1KDulnjwB9GFF9eWY3/eWZqwVBOg7ErXUvhugNH5k8cFhlD5PW7vxVLyDzdM8+2LsM0JvPoz3j9QImVQMy3XDv2oF+3R+vTEAveMPtH5gyz5GJO3/QnTuRZ4GgHd68+90RYuN3MuOTNUB7XnqiF4Y6sWir/deg1m680hEup/yTiZt2EptykPkBk/kawLSecwGIY8hbHgye349XM2uEtSqG49S2zbbPeCbr/h2w5Sl6L/KgT+hXNc7Rf5a0GsxbnkrwIyXlXR72caWLz1P4XVHy93vxFZxru+9Wg3nTXXdu5hpc5vXAcYOut5FOjboihBBCCCGEEA+QBFhEo9U2FKh9C2UwSL/+E5UeJ2c+wfdAfLXPesN88rYy9qPJzDqTjIfzQr557RnAkjlzPmOujRWbo/+Je9Bkpp04iIfzfL55YZhyXmkhl8nnlzslHDl+EOzGVCy5qzofSQrtGdq9Q5Vr0w+CzHB1B8DjLyN1W7rx3BP6PUwsGT1kfMU+r95dgO487agLyNhNqDqfSmt3Jncs3+dFv1Zg231wxXwjMzyqDg+6qYWcO7oeQK0G87n/Wia3zCYgdDbuIYvZpe1G0PTNPGsLVjVGwZgq21pZ6OZgqTp8pvLZ2DL3nwf5wLE9X59ajPtHcwnSdqMzgHUbLKqcVZmGreurfNlP18NDm01MUR/mOvcpz1qnsreIaXMTw9tMXdn81lom685Jyc1mhPPzPFsxf4zuPL1nCeA55UsODR+vTMZLvm5FoG588OI3rHlS6RVUXibmLaoOPho+fS+Hhj+PR0vlWYzot5CQfpW9VarXFSGEEEIIIYR4kJqVlZWV/dEXIf4Xaci/XYJpK0td8738s5a1iwayiLn88sGbkHMVWrTBtlXNeTbyb12l8C6Y1rK/4hjaYN9at1+bQ1YBONj++Xop5ORc4jbGPGLbod4lhBsj/9ZVcu+ATfsOWNV/OACaW1e5cRcsbBt+Ti0pofo/9t4/Lq7qXPT+9p4OTECGZEQn6iQVomR8MXAiJQqJJbkhUhrTePLBprE09VJ6SOuc1Ik9EzwBS4VUMseC5o4VrkgtRXNpOGkobRELjXObMDG8kxyIfByJQjRj4m7oJMwIYZi+t+8fe4BhmBkgwR/tWd/PB+PMWnut53nWs57Za+211r74IXxejXZR8EN0Q1138eKf+QhmaY+L/HTfN2nmFrRx66n49kPcwEUqnribxyW4c9VPObplxVRfEQgEAoFAIBAIBIJ55POftgCCv1eUxE6ZFBn/fFHe4uGRTx+94YZbglwrE7to5sH9tDyRNxD/tze3AsANN9wa9CDcayV20S3Ehjq7JATKRbegnZfalWhvuPWqrrvhhlvmYI9Ixi73"
04:29:08.898 [Forwarding screenshot on session ed2d6660-f69e-11e6-a414-872b36aae4a5 to remote] DEBUG org.apache.http.wire - http-outgoing-0 << "8ZqzD/qP0NFbT8xwH+On2Gy4XTcrfxIIBAKBQCAQCASCq0VsERJ84sQqCP+OYYFgzqh4dJe8tQzgvYnJlVi+t+EFfvylWz9F2QQCgUAgEAgEAsF/BcQWIYFA8HfF6Ecu3FfceD4fQdyiG+Z1u5VAIBAIBAKBQCAQhEJMsAgEAoFAIBAIBAKBQCAQXCNii5BAIBAIBAKBQCAQCAQCwTUiJlgEAoFAIBAIBAKBQCAQCK4RMcEiEAgEAoFAIBAIBAKBQHCN/ENpaWnppy2E4G8ITx81T/+U9qNWjh496vd3hCP/6eKuVcs/Uy8Icjt6eedKLDde9xl5I7nUhbnsaWrqD/IWt7Hmjhvntfi+thqe+fUF0tKnt4NnoIOnKn9HXNoqYs+38VTlq8SlreLGyOn5nq78PTeu/iJ/ttTwzMs9aO9ZyfWzNKHD0sCzLx7EPqzhi8sX0FZTxc9be9Hc9UVujPTQ2bifyuqX+c3vfk//PySw6rbr50X3+cFNS6WJXtUK7rhxwdQkzwB1T5kZiAuSdg0MdHVyWbWERZFh6p4T81VOmBquoV+N6xt1ftIfA33ws8BcdBywNFDx9LPU/0cPy/57Jos/AX3C9fVwaTBVt5nyTsEj0dc/zPXXXzc/SvytMYcY0Ndi5pnfSrJd/ezmH4c/Tr/3j+Ozjd0CgUAgEAiuHbGCRTA3hgc5bevB1nuGM2f8//roOzeE99OWzx93F48bSmmxX/60JZmg6+DPsfQPEpd4O0nLb5r38gfPnMBufY+RIGnDg2/RY7cw6IXhC2fosb/BYJAGG77wFjb7US4Mw+BbJ7D3HOPC8OxleP/0cXrsdk68NwSMcOaoDXvPUQa94O5+maomKw5JQpIcjCljr1bVjwkvZ6w99AY3DEd6ejg7NH9e7u6qwWh6nve9ct3vWXvoC1b3nJivckJwDf3KX9/hC2+F9MFPnTnp6OBXtc30D6lIvP1GPqmxbLi+Ptjbjt36XvB4HKBbuHICLqThMT17DtmvSe6/aeYQAwbfO+Wz61S7fVJ+7x/HBQKBQCAQfHKI5xqCuaGAK0DmzmfQp8V82tKEJ0KW9bqoqE9bkgkiFFdAuY59JfkfS/kKBaCKIgrA44HIyUek6jQ9DXXfITIGnAoFEIEiSBnR0VETaQrFAmARcdFzkUEuVX6+u5B1BQXc7Po8y6KBMd+oQpVFzYuFqOeq4MeOmkca6iByqm97gMjoaGKBiPmsLkL+T9R4Qygn/TWg+eaGEiKCNe58cC39yl9fhQKIJcrnWx747Kx+m4uOnvfpHYV0w5PsyvjkYuLUvs4U42U80kDqrsjg9gzQLVzMCGTsCqiu++zE00+SucYAhQJQKlAQYLdPyO/947hAIBAIBIJPDjHBIphXPANtPGb8JfeWPsPWJHmwIVlq+IHZwc66Mpb1t7Dv6Xr6RwGUZG4vQr8pCXDSWPIEx4lm0N7P6OJ/ZOmHdhINT1OYoQHA2VXH901vs7NmH2l+I3OPo5OqiuexSaMAJKRvY9eutfy+yIQLsJjykTYXU5Z3PS3mGuotviewSg1Zed+lMDsJkJfV76ttxwWoEpKJGz7LdffuomRrErj7qDPtp9UuAaBNzeWxoq1og9hgoLOR/c834RgFUJG5fSf6TSl01e3G1O4CWnnwmx9Q/NMSUvzGY+4BCy/sr8fqcMniaVMp2GkgMz7I7bezm5qqF2j3ySPrvAVYAK5jmHYfw97vW7uavgAAIABJREFUAlRk7dhN4fpE3L2NPFrxJjueLWPZlMIkWiorqbf2A0q0mlFAtvmyFVpoj+CmSOjrqGFftWwf0JBVMGm70AzztvUP/EFaxE2LB/mhqV3+2nWUf9VfYudTRVx/upGfTNgrdLnu3kM8XvEHFt2qwG53AJC82YAxL4Ox3kM8XvFbFHHgcLhI2FzMkxvGeMFcjcXummiznYat3Hw+nI8aeLv8CcZynyQ/TT1FZ5VGiQtYMSFQaJ8I7pNbfFb1Xd7dwPfKZXuY8ndjqNmNIgLsf3wBg8mKA1BqUvlukYEMbeScfFBGHlr1tZnZV2vh9m2lFG25jc7GKqqabHIWVTI7ih9lfbyXht3f57jmYcy71stpnl4qvlfBdQ89hX79eC1OGqb1qyV01D1HdWuPr0wdBbsNZCdOnT4L1LfgewmAxK+rSjDZ5D6pTd9Oya5N8sTbrPV10rD7CQaW6HBaLJN2KykiQxOmHHc3ZY+WI92+naeKNhGDREPJv9H2UTLpHA3QMSW4id3dlORX4QKsVfkYTht5OPpVXnhbQfR5G/0uJbmlP2XV0O+CxoRxn9YkRdNjk/tf+rYCUi7/jupW+XNq7k6KtqYFqXwBuI7whP4IDmkUlAls/8FuNqWo6T1souJkPM/uy+NcQ5mfPJHcdr1nim5fDRMz/OltNNEqX8g3z23m2X15DIWIddPbJ7RvfefOC0H7aXwkdDeU8PTp5Ty7Lw81cgx4tOIUO39aBs0lvOSIZ9mlI1j6R31yF1O4Ph6YIZ4H0NtWx/O1rUi+z/79NXQMcNJg+FfGHvp38n0/SP7yjvN2gN1KcyGc33ukrpD2CJcWLo4LBAKBQCD45BBbhARzZgHw7h+bOXToEI2NjRN/bV0OIuOTSMBF06FOX243vz/czqh2OfGDLXy/vJ7BW3Mo3ruXHTmJWOpLqbTIg+Xh8xIOez8rc7LIXHkHS5WjtDcfwwOAh2O/bmVUs5xlU8ZtTl7+YRU2xRqKTVUUF2TSbz1AReMFVj+QA4Aup4Cvr02go8JAveUsm3cUs3evkZzEK7TXPk+nWx787altZ0FqLsWlRlbRR7/kQro4BEjUPLqHVns0242llBpy8dqaMJQc8sk2iaevEWNVE4O35mDcW8r2rJux1JdT1tLHsnUPkaNTgjKZgu9+lcVTHoP2Um40Y/UmYSjdS6lhG3EOG+b9h3FPawEH5n8tp92uYJuhFGNBFv3WA/xbTRfyoNrF+evWYSw2kJUwRnv1fjqd4B25iGv0/LStABZzGfXWfjK3Gyk13I9LmkxTr/gfmKoeRu3uZF91O3E5OzBV7WVb6hXaa0uxOGf2l4uOfiSHg6FR/29HcQ0NM2RvxFDVhGNUSUKyDg0S7bWlmC3StHK8IxeRRiXsZ9XoS/diyE2lp7mKqjaHL82Fw3EzOVnp3JXgpUpvwmJXsc1QSvGOzbhsTRiLGhgL46O6GLh8XuKy14u7t4E91bJPlJYaWYmsgLwGJ5xPhPLJ3in6xKR8hYLNOgDSt+eiU4NiATisVpZs01OszyVWslFV81s8c/DBcaKjwdFWwZ5aC6rMHRi2JNHb+ARVTTZSc/Xs3WskU9VDtfEJupxqVqyIQ7L+ik6fw0nH27C54Pbl/lMa6mn9qqvmCapbe+QyS/WkL7BTu+cJApswUN/bfMd42G1QYCxmx+ZkHNZ6XulyzmDf6YwNS/RYLCzbpseo3yzbzdwS3m4xKWzdmIxkq+eFjgG6GipotrtY99A3yQnQMSQxCXx9R9ZE3ofXLWNsWEKy2xi+NZOs9HUkjv0uZEwY9+ke23XsMBrJTY3FesBM9clF7DAayNFFYGt6ha7pQQC5r4/i0t5P6V4jmXH91Jc/QacTRi6fZfT85QnbTMrz31n/T4G6hY4Z/ixduQYNoNTl8N2HVvH5MLFuKuF8K3Q/dQNjw+cn9ADwjpzHNXqey14YG76Ew9bKqUXZGIv1ZGpdtFdX0+2ZKZ5Pxd1dQ2ltK4qs7ZSa9qLPTaffeoCXO6UZYgBcHnRx2Tu51ydQXgBtgN3GFwMG9/uBMPYIlxY+jgsEAoFAIPjkEBMsgqvCYW3mV7/6FU1Nv/H9NfHq6QuAluzcBOh5lS4P4OikzQHpD2xg4LU2RlHxtW9uZHFUFCsf2EK6CqyHX8eNfNOqTNezK78Qff4Wvvo1HfT/luNOwGnjsB1SN903bVuJF2DQgb3/AtenPYRp714e27CU+HtWoAE0KzJI0kaw5Es72GF8krz1OuJib0KXeKt8vRdO//EIKDMpKdpKSlIahft+QALyUnpP7+u0u0CX+xCrl8URp9vAQzlasPtk86PnyB+BVJ4syyctMYlNhcXkJkDPL49A"
04:29:08.898 [Forwarding screenshot on session ed2d6660-f69e-11e6-a414-872b36aae4a5 to remote] DEBUG org.apache.http.wire - http-outgoing-0 << "fAqp2ljgRjIyUtD4L0zxxLG5oABj0XfIuO0m4pYuJ1UHDF6cfjaC9DZvuCDLWMKWjCTSsgspLdjMfbdG4MULpPPjkjzSUjJ4+KE1Pi1gfEXD1CXjEqffkFBmGtBvSiMpYys/3pE+eU2MhnitemJEMfjBO7z/ZwVr//lH7N1bxT2z2OMzXp8qaSvPFMuDOzRZ1P2ijM+f/KOclp5HcUkZO7enAmA5/PsgE0sy254sITMpkYytBnK1YHv1dT4aT9tbTH7hLr4Sa8cGbC59ki0ZSaSsz5P1chzhpDO0j/pv8Dh95AiQTknRVpKS0tA/ZZx4HjyTT4TyyamouWuFFtBw79o01ID3iq8PbMkkJXMr38pUwdnz/GkOPgigiICjL5VhqLWRsNlIlX49kTg5+lo/aHPYumEFUVHLeODhXMDBG3YnKRvuR4VEx+sDgIfXD1sh4X7WBiwZmdqvBulol1Cm6ynamkliUia7njKgQqL9WG+AVFP1XTTeZqYystNSWJ+XRzJwrv/CnPocfnbTb8kkLTOPb2Wp4Ox7M9otcYuR7ckqrNVGTM0OdLnF5KepA3QMt+0nhqQ1d03kTZlYtZNKUYmewl35/OVE6JhwacIGJaxPS+OBnLsAyN1pYH1aBt/IXQW4GAl6XoevrxdtJSkxDf2Tst2Pnx4fWfv39El5stYG6hYuZvhpmpjBXSqI0KwgIyWRt8PEusAmCuVbXxw6Fqafjl/tr0dgDEvnR0V5pKVk8q2Hs4BBLg+Hj+eBRCxeQ0GBnqLCTdwWG8fShFtQIm8DChcDQjM1wkYH2G18Xj2Y37t7Q9vjmDWcrWaI4wKBQCAQCD4xxBYhwZy5AmQaa9CnBR9dJ234CqomMx3HJWI/fJVRdNyfqWHIrgAkavfop16wYFieRBiDxKTJQWj82q+iqTfRfmyApRGtuNCSEzjaQ81Du3fg2F9NU7WdJgBVAtt37Ua71CvfXnpHgBhuioPG/UaqTf7XaybPGhm95HcoZALLVXAeGB6Sn0jam8opbPK/Vhtyf/vk95HolmvkgoAx3w3vtPFSpIbYsTNUGmqZKp5iWh3Od99iFA136Sbtn5SdRxLQVXMFlNET1wyPhRBwnEvvcmoUEr8QNyl7sJdjqDPYuf0k++vbMffI2zw0yTnsfDSfxDkcO+EdP4PlCowA49q5rLXkP1g7mXHwMnKrTSd24giISHQrNHDkMldQABoW3yTPWnlHhgElS26aLCFKJT87VhDaR/EbGsrnz4xNtlWMjhVKGGYmnwjjkwFdxjsmG2PiIXhAH5DNo2Bsjj6oWACjDnll2ODAh/I5D+5zOFyAqxVjYeuU/Ofs70LGGjYmVHOg7RjO1Uv4jQMyDWunnw8x5tev3INIwN336CbTY5axSgVHzw5Ok2uavqhYPHHOcSy3qODIxaG597lAu8lWmIXdItn0PzZSbzgAaMjdmjJdx6Be6F93YN4roFxE4EkloWKCvw2Gx7yAhiU+Px7vv8HjzBXQLJxMi4gmDui3v8+9gfn85Qkq72xihtfXF6ZGr9B6+aEJ7lufGzlMuH4aHlnucb28frYKF88DiVwYy+VTtehrzdPSwsWA4AQLnsHsFtzvw8Wtz42GiWmzjeMCgUAgEAg+dsQEi+AqCXP7q76HB3Rm6g+auTTkQJNlIBHo9LoAHaUHyxjfBd/X2cGAdzELkW8/o2P83ioTk8amVCW1h+uow44yfQcp00Z7TvovwNdLGkiKukj3yRO8UnuA+srDrH7GN+hTRAEOXthTTY8mHaPpG+jiNdBVQ77pBABe7xXA/yTX9xlwyU8xFdGyrlnGGgp9k0puRxevnxqRD271Qy5nKh9+IAG6sG9YcnfXUVpvISGrgB89kIZWo8ZS+U3MgYsAgOi4GwALb7/vIS1JNkjvoUr+9/kksuZ6ouGipSQpofe9yaXzCsX0E209zj4Go+7ixwf1KBx9nHq9kermVn5zciO7Mq9un78C8PpG2prMHTz5rVUM2Ts58vZlvpCwkoVBr1JO+fT+gASx97CAYeDK5BjG6wVG+fOgB9T+ky6+LCF81B+5Lf0PiezHPgrLmMknnPSfDuGTL+YHP9jXV8m0PuAjYg4+COAdAt32vRRG/QZDdT1VbXdSlL0YjRLsSTs4WDR+FoaDjtd6iVupAyJZuzmLA1Vt/K/n4hglmfsywrStIgpiYlEDbxy3ox/P6/mQfhck3h7mLVkh/NTL3Pvc+HVXZzcnDT854Mstsb+ygxfHzwkZ1/EaCRcT/hLUEFeCzMCGYMg7WcLYMINA0oqlcHoW116NbmP4Dmmda6wL4Vud4fvpuG6T/87OMOHieSBdL/2QJhvkGkrZsCIJNV18O98ECkXYGDAu10d+ZnBdGgpeiZ/dgsqL77Iwcesv4WLaLOO4QCAQCASCjx+xRUgwZxYA507+HktHBx1+f21tnUgegEjWfjUHJDv9o0qyN2YAoLt3NWCntrKFAclJr6WOPVXV1NoG/Z6ST72BztiUDS47dhfcf/+aINIM8WtzNaVlL9A9EkWCbpm89SBuIdG+wfu5k6/T57ggP3VcdAtLb17ISF8HJlM7sAAvsGLdfYCVH1Y00t3bRc3uCuw+XWNS1pEMtFc/h6VPwjnQyTOPm6ivb2coYMJHd/cqwMZPzG04nE66Wyqp7QFt9r2zOm5w0c1abliooLvNjNk6GvSBaGTiKlKB5srn6HI4cXS38PwBK2fHlL6nud5Zj8/gBpKSlLgs1TR29iENdPJcdTvTKr5wgurqKirrLHhjv0DCkhvl76/hFRVeQHevvCVCsvyKl5qbafh5La3NTbx0/EKIN2uM8pK5jl5Jorulkno7JGev5rqAXOrUdeiAA/uq6HI4kXrb2Ge2gjKJpWoI5aP+6O5eDVgx13XgkBy0mV/B4UsL7xNhfHKaEbyAC/uJXr+zRQJbz0v0HHxwvIRF18ehXf8IuQlgq/0JHZKGFXerwPYSNR29OJ0OWl6ooLq+FptvXKbOuI9URrH1ONBkfXnapNOkzOP9Ko6MVCWj1lrqLL1Ijj4aTfvpBxKDvYbcT99QCyXGZrRviAuD2C1ihnK6G/bR7ICc0jqqCpJxWaup7HAE6OjE47BgLqukrS/UxrXpsoxLEy4m3DDL0oKjgtF2nmnsRJL6aHzmRVyoSF02Hmn844Df/wfoNj1vKNTclqTEdfqPdPZJc451wXxrxn6qWACjJ/hd5wCOvg5M+y1MjU3B5Q4Xz6fhBYhj8dKlRHsHaHymGhfylp1wMQCACLC98jLdDonuNjPVNjlmT7X7VLuFYmwGe/w/meFsNVMcd9NRU0FNW+D5ONPTPI5OzGUVE77e11ZHRU1byC2bAoFAIBAIpiJWsAjmjALobz+AuT0wRYU+LQNNJMSk3Ue6shXrzZNnOKhT8indPkJFfT1Ga718hW4zxY9kAk75dZYBJcYkrSWVZmyqLNYmBhtZxfPPxlzKTE2U6y0+MZIx/MtGItUXWZ2gpLW9nrJhPT/YlkrPgSb0efJeAV16KkqrjdN2icyMrZgNXv6tqolyG2h0qWixob79JiAeo0lPebkZ8/j2JmUCBXuN0wag6rRCircNU36gFoNF3vKiTd9OycRbSBYEfcIZk7KRzbpjNNeXklcPoCU1VYvNZuddN6in7FKIx2DaQfkT1ZgMVp84WZQ8ksnQSwchNipg3kO+yVZEKJi84R7//0iyi57ig5If0lS1h8ldFFNLiEx6EH3O25hbzehb5aX0mtRtfCPMCofohdF+RU0tT3nzQqKAmJR8irddpvyAFWtzs1yubjNFuzJDlsv5Vkr18haXhMwCHt0UD93+ugGRSRj3FlBeVovJUIhPYAwlu4j3ZQnmo+OSjgHqtHyKc/9EeVM1hlZAqfGtn1EQ3idiQvtkgCrqpXegxUJrdSkjCyqC9IEFEBE1Q33TkcvxApFs3W3gZGEV1ZWN1O37MbkfldFUXcp4903dZiQ/adzB4snZnICt+TzZ9yUHt796mV+/UvGLoqe4UFZBs7kUuVVU5OhNbA2yd8xf36EH1hFsyBsbNZN9Q+kbYLfYKBRhyvlC3yHymvvRZOpl/ZMeIfcPhTRV/0+6"
04:29:08.898 [Forwarding screenshot on session ed2d6660-f69e-11e6-a414-872b36aae4a5 to remote] DEBUG org.apache.http.wire - http-outgoing-0 << "6/5lio7P3mvH0mNl7EvfIHuaXgpUQev26RwmJii6bVNsMLWPTv88FS+oEpCaqtDL+9DYbPgRmRromiLDVHkC229n9IKQMSOQhJUrwWalas8l9h4smyHWBRLEt2bop/EPfIvkYyaaqow0AQmpyShtkm91S2i5Y5LCxfOpJG/8GgmWWsyGfMzIbxxKUPbQ/+bbqLeGiwFqNm7P4ai5lXKDFVChVYFDMb5taQHEynHO3257iuOD2jc2ShHeHpGEt1XYOO7lnaM2jnq/RGH2tLV6U9KG3z+JpcdG1JflaaKhs8ewHV3JSGH2TJvlBAKBQCAQAJ/761//+tdPWwjBfzE8bqTLIyiiFqKOCfk42pe3m9155bBtL/u2BH2ePp4Rp3QZryIKjTrMbaDbiTTiJWqhBv+qpa4GKl9VsLtkq+8VsZ3o86tIMJjZ5TeJ4JQkvAoFGvUMp7tO6KghnDjTxZMYYRbly5XMTuc51T1DWXNpu7ngcSJd9oYt19lVQ6HpNMY6M8leiWHFbGw7Dzby6bxQowm6qia0T8xv+8xc3+zxOJ1c9k7vBwBtZd+kVlpHjTnEdqawZcJCjTrE6qOrYz70veZyPH2U5ZWRZKplS7DXps+qjKuLCbMtN0qj+WQGwB43biKIiYycUv9s9ArtW+H7itx2C9GoZ2f72cbzwPoJFX/CxYBx+wfpS4H5ptgtLOHsEd5Ws4rjAoFAIBAIPjbEChbBJ09kDBrNTDd/Htoqi6i1OgAtxg3hJlcAIlFrZrEJJ0ZNsKqjoqC/p4lCQx9ZumhOt1uR0PLgsqllzqoOmKWOwcSbyyBpljrPZ91XqdeMRKqZURWvFxhixAuR6uCTHUEKvnYbzaBz6PLnt31mrm/2RKrV07ZxuLsbefzpJqRRSNdvnNPkSqgy54P5suG1lON+5xQfpf4TG652cgU+xr7zMZUbpr6YgM8z1T+zb4XvK3Ntu9nG89nWH1bH2do/0G7hM191XJnbb4hAIBAIBIL55h9KS0tLP20hBILpfB7P4Du8745j0yP/wrqlgadszC+RNyaTER+L64MBHJILTep6vr1Lz90aMQf5WeG/fe4vuEYXs+KuO7l+PpdICAAYc33Am+9cRrf+YXZsvEPMvvsReeOdbFhzx7yuzPmvxCftWyKeCwQCgUAg+LQQW4QEAoFAIBAIBAKBQCAQCK4R8RYhgUAgEAgEAoFAIBAIBIJrREywCAQCgUAgEAgEAoFAIBBcI+IMFsEccNNSWc7vBzWsWn7jxHcdNVX8rLUXzV1f5MbxF0v0tfGU6dcoFo3w0vO/Iy5t1UTa3xuegQ6eqpxnHT0Sff3DXH/9x3v2zFxxO7o4WF/Hz+rrOfgfv+f/fdfJ9QnLWXydfLZBX1sNz/z6Amnpy6edV+Gf9l6LmWd+KwXN5xno4OnK33Pj6i9y/XwdmSB1UbmvDpf2Lm6b6wEuzj5aDvycuvqX+d8H/4PXO99i8P/GsPy2xR/LWRJuRy/vXInlxuuuofSQ/uOmrcbEz//Pn0lKvwP/1L4WMz89doV7Vt46r3r1hWnr0HjobNxPZfXL/OZ3v6f/HxJYddv18yiVm466Kn526Ch/jU8hYdGnG5zC9ZtweAbaeKry1XmNPeHi2cdR31xlCx4b3LRUmuhVreCOG0O91voziLuXmqoa2o9aOXr06MTff/ae5YpKy63XL2C2ul2tD31seAaoe8rMQNzfWJsIBAKBQHCNiBUsgjkxcs6O5fBRnONfePp5rd2GvaedI6eliXzvnPoDPf39eIbeosf+BoPeT0XcT4ThwbfosVvmUUc3DY/p2XPIPl8Fzgvu3kbyDSaaLT1EaFey8vZo7NZmyvWP0eFr+sEzJ7Bb32MkyPWDve3Yre/hBQbfOxUy3/CFt7DZj3JheP5kd777BlZ7D2cGg9UYBkcH+sI91LdaGYzQsnLl7XDeRnNtOY+ZLfMn4DjuLh43lNJiv3wthYTxHy9nT/Rgtx6gsrF3Ssrge6foaT3NtdQcjHBtHQp398tUNVlxSBKS5GBMGTvPUnl555gNu91G94U5+sTHQLh+E47hC2fmPb6Gi2cfR31zIXRs8PKetYe+v7UfGu8Qp2092M5IXJIkJOkSknQGS3sz5j3fp2XAA3g5Y+2hdwbdrtaHPjaGL3Ckp4ezQ39jbSIQCAQCwTUijtQXzIEYVt6ro+mAnXfdoI4Bt91Gvy/11HE7ZGgAD2+e7AdtLneoLgOxREXLeTzw2Xi6No+o0/Q01H2HyHl8N+bYFVBdFzV/BV4zA7xQ0QRo0VdVkKmVW/Gh7gYKy5t56WcdrC9aj0IBqKKIAvB4IHKytTMeaSB1VySRIOdTKlAEqSk6OgqICJp2tahv+gLKOV/lpOEn1Ugo2Wx8mrw036tR9U4aS75Pk6Uey0OZZM71fcbhiIArwHVR19b24fxHsQBwQX9TJW2rXyRb6/s+TJtcFb72j45aMPdyx3yDMlUWNS8WzvmV0TOLpSBaBbggYh7LvlrC9ZuZL5znvhIunn0M9c2FsLFBOdlv/mZ+ZxRyf8/a8SSFaZMGd3Y38v3yJtqO9LApPo1HGuqY6Qfmqn3oY8ADREZHE8tno38JBAKBQPBJIiZYBHPiCytXwoEDvN3vJi0lBvvxk6BKJ3dlP00WGw4y0Xre4c1+SMhdSQRHAIlfV5VgsslP1LXp2ynZtUkeNLn7qDPtp9UuL4HQpubyWNFWtEB3QwkvOeJZdukIlv5RQEXWjmIK18dPkanvUAV7fgulzxSR5LsHtZgN1Er38NOyrQx2NrL/+SYcowAqMrfvRL8pBXdvI49WvMmOn5aRFgN4eikrqOSWnf9Oftr0IV1fWw37attxAaqEZOKGz3Ldvbt49M435XKeNfD2vu9jS/guVYUZ8kXuLkq+t5/4nU+Tn7aQzsYqqppscpoqmR3Fj7I+fuqNc2+jiVYXYDHxzXObeXZfHkMhdJiOk46656hu7fHVoaNgt4HsRPUM+kJjyRMcJ5pBez+j2s3UVOVNDGzd3UewjkLy9p0TkysA6pQHKch8mxNR4AZgAbiOYdp9DHu/y9dmuylcn0jvYRMVJ+N5dl9egMwSLZWV1Fv7ASVazSggT2Z0N5TxwtsKos/b6HcpyS39KRv+8jr7nq6nfxRASeb2IvSbkgAnDbufYGCJDqfFggNQalL5bkkRGXHy9pI7lmkAJy2V+3z1yXkKigxT9ALA0UWbAzRZOycnV2St2VqYx/Ef/oHRQTeovUFs9yD2kG3toMVcQ73Ft8JEqSEr77sUZt9EQ5EJuenzkTYXU5anC+kzHkcnVRXPY5NGAUhI38auXVsYDOI//t7sBVBpULokaivqSDPnB53AcHa3hLBz+LQpcqkS0KkkiFgxPc1PZn/runsbedTULn9wHeVf9Zco+FYiv9z/K7yJ9/NkyVbUOGkseYLfnF/Ezn8vI03RRdmj+xlbeT/LP/ojzTYJuZ/smpDL0dlAxfPNyGLpwBFE6elWoGH39zmueRjzrvXyV55eKr5XwXUPPcV37rzAC+ZqLHYXIMevnYatxEfK8evp08sn7O/uPcSjFafY+dMyUqaNlUP3G3m71Mxxw917iMcr/sCiWxXY7bJyyZsNGPMygkw2+Pc50KWncql3mG89U4bufV+ceLaMiN9N7X9f+fqqKbaZVT8CetvqeL62lfE1jpPtHqbPagLlnBobAlFEwOlXn0NvsiEBGl0OO435JMbIsgaNi7Gn2a2vJcHwNIVyhTi76vi+6W121uwj9lQN+6rlmA8asgq+S2F2UtD6rwUvU1d5qHUJxAJXRryAk4NPPMFY7pPkp6lxdDbyP59v8vU9FVkFu3wyhfah7oYSXhrQsuSjo1j7R0GlY/uOLN77uRmLBCgTKCjaTXaSOrStEtU+H/sj2qTrsPl+zxPSt7Pb93ve1zFpL5VGiQtYMe/WEggEAoHgs43YIiSYE5HxK0kGTtvfB5ycPCGhWnUvX1l3D3CKXgk4/zZ24O5VX5i4zm6DAmMxOzYn47DW80qXE5CoeXQPrfZothtLKTXk4rU1YSg5hAcYG76Ew9bKqUXZGIv1ZGpdtFdX0+2ZKlPiyiRw2Wg54Rsx"
04:29:08.899 [Forwarding screenshot on session ed2d6660-f69e-11e6-a414-872b36aae4a5 to remote] DEBUG org.apache.http.wire - http-outgoing-0 << "ubs4bHFw88qVRPQ1YqxqYvDWHIx7S9medTOW+nLKWvrwjlzENXqekfF72+Ehzo66GPFOX9Ls7m5gT207C1JzKS41soo++iUX0sWhyXJQszwhFkd7M70+GQdefxX7aATLlmrobXyCqiYbqbl69u41kqnqodr4BF3OqXUtXbkGDaDU5fDdh1bx+TA6BNJV8wTVrT1yHaV60hfYqd3zBBaJGfUdPi/hsPezMieLzBVLiPYr1zs8AqhYvzo+oMZIsvVllOSvRx7uKQAX569bh7HYQFbCGO3V++l0wsjls4yen74BxWIuo97aT+Z2I6WG+3FN7jRjbFhCstsYvjWTrPR1JP71db5fXs/grTkU793LjpxELPWlVFocE/l7LBYMYSE0AAAgAElEQVSWbdNj1G8mVrJRZW7BE5PB06YqVmmgr3Ef9dZBthn3Yirdwa2SDfPjLxHQDDjfP8MoSjZtTJsmM9psql7cR7Y8eptmu/fCtHVHhYF6y1k27yhm714jOYlXaK99nk63mtUP5ACgyyng62sTwviMk5d/WIVNsYZiUxXFBZn0Ww9Q0dg7zX+iA2W/AprV36Jomw6kVqoO9QbmwDPQEtLO4dLAwXOGKmxXEtlRXMqO1RHYHcACgNAyT+Ev/h9GcQ0NM3rpIo7RUaSzlyeGopcvSYy6Lvm2RHiRXKPYLU009ypI0CoBF5b65+l0AwMtPF41ObmiOm/3DZpnQs2KFXFI1l/J5QDS8TZsLrh9uZcqvQmLXcU2QynFOzbjsjVhLGrADYwNn5/i796R87hGz3M56I6J0P1mtnHDO3IRaVTCflaNvnQvhtxUepqrqGqbPpPUOdHnDJQatnHJakNyXcLr9YsTTO9/urjJ9Qiz7Ufu7hpKa1tRZG2n1LQXfW46/dYDvNwpd/SQfZbwsWGaBReA1GNDt91IqSEX7K3sKW/ETZi4yDKWKEdpbz6GHLI9HPt1K6Oa5SxTdLKvup24nB2YqvayLfUK7bWlWAIVvEYWANLbp+ju7qKrq4vOzg5qyquRgJV3LQPg8nmJy14vOFp4vKqJ8zdnYdxbyrb0BbTXltLY5yGcD40NX8LR007/ovsxGreTMGan3mTmXd02DPptaEf7qT3UBeFsJY37mAOb7/e8IEdHv7Weg11O3L0N7KmWfyNLS42sRJ5EFRuEBAKBQPBfDbGCRTBH4lmVDLUn+/F8ZYgTLlh1l46YpAi0NHPiPx0k0QskszI+Egblq7aZysiOB9JUdDYbOdd/AU/Um7S7QJf7EKuXxeFlAw/lHKeq9bccd26RlzqTzo+K8tACuoftWMpPcHmYqeu/49eyWVtP829ex7M+j4udr+JAg2FtIj0H9wOpPFmWTzxAYjEj/Xk0/fIIl3bKC80nlpuHWfd++o9HQJlJSdFWNEDKvh/Q/2C5T73JctI2bkLZXkvbcYmkTAWvHe4B3XYyNU5qXusHbQ5bN6xAMQIPPJyLpbyJN+xO0jIm1xDEJGZwl6qWY5oVZKQk0lUTWgfnpkS/1QcDdLRLKNP1FG3NBGDXUwq+nV9F+7FeViwJr68XUKbr2ZWfOU3/wQ8lfKPkGfAC6fy4JA8NkMxp2stP+KUHGlni9BsSykwD+k1pQBo/vvIB+mr/QXcqRSV6tEBXjZ5RVOR9cyOLo7wseWAL6cd6sB5+HXfmV/BekXXQb/HpYD+C6eh7XAY08fJemH7vGDDG2bcHWL76H9Gb9jKkiJu+ikOhAGKJmTj+w0mNvpD2iUGekhzjs+SnBdrOSc23zSHa+kPu+9IOdqxPYH3azTili+gSb6W1R8Lrhfh7VqAxt6JZkUGS1hvGZy7Jlhx0YO+/wOq0hzDF34ci7iZi1Eun+E8whkYgKd9A1h8KaT9QScfaF1msmGzfntfaQto5VXc8ZNqFhWNYgc27jKxPioSUYoYG8jhwftI7gsnsT0zKVp4pHia/vBU0WdSZC/F21UzzoOD/6iiuLSMl0kHltw1YXeD1Qtdrf2AUUKUW8GJRNnh6KckrZTanHKVsuB9VczUdrw+QselmXj9shYRcvjh0jFpgc+mTbEmKAZL4MX9CX32Ek848X/zy93fFtG8mCdVvnBwNEzeWBSls25MlZMYDSQbOHc+j6dXXcWfnMbneZYD/Y5FQZRrQb5JX2j3JeQqrToWQc7L/Of3a4cos+1HE4jUUFOj4x+xMFjqdRCXcgpLJrSOh++xsYoOfBa+AKtM4kbfoygCG6tc46VyFNWRcHCL/azos9fJvTiY2DtshteA+1N73ARj84B3e/3MCa//5R9w5CF+Yz/1qyHa2N1dT3uz/rZZc/W62Zsgr7sbpeq2NUXSU7iskCUjb9RjemmMkRI0xc+xNn/j9Yk0bpvYEivTy6rFo+28pP3oGicQZfkPkkrb7/Z4fbTUy7PVy+siRKXUkPWXEnm+aX2MJBAKBQPA3gJhgEcyZpFXJUNvL8c4IXGi5RxcD6Lg3AQ6cOMYxRR8k5xHP+K2hisUTg9RYblHBkYtDDA/JT3ftTeUUNvnXoPXd3F8BZTTjJ0l4x+R/p48pYlh7fzrN1W0clzZwrqUHkreToYYuAq+JRLdcA+eD6xZqCkGhWACjl/yexiWwXBWkGG0G2dpamn93AveyCNpdkLVjNbjP4XABrlaMha1TLjlnfxcypm7i8Pr+nSLDTDq4B5GAu+/RTX4Xs4xVKjh6dhCWzKDvGCQmLQ2iPcQt0QJncY9A4AhK6rbw5nAcqzKSGG+zcVmHx4IWN4nzXU6NQuIX4ia+UkwR6gooFzF5mogCkKjdow9QZFheyRBUh6nnf6TkPUau4yc0NddibQZQkpr7XQxbg2+l6H/fTUZSDBDNmge3c4MLFCNnqG+y+lb/KKbWG7atz3HTGmjcb6R6ythDI8s45uUKgHcE3B+GKcdJ8e4dOPZX01RtpwlAlcD2XbvRqgnqP/5E4AXUFBbt4IShmuqqBgriAycDgtt5LEyaa8wLqEi4adySkSyL18BZADUPhZHZH+/4GSxXYAQ/359pjk+jZUkkQBQLfWfN+Gvl8vp+8iKXslwL9tlsE9KsYWNCNQfajuFcvYTfOCDTsJbPjRwGlCy5aXLqIkolrxea+xklIfrN8AxxI8j+i9iJzhKJboUGjlxmBCYnWJzvc4bJ1REA6mW3o+RUEI8J7H+TzLYfRS6M5fKpWvS15uCqh+qzM8aGqXjHIMlPp9i4RfI1w+HjYvx3voqm3kT7sQGWRrTiQkvOWi1Eatm5/ST769sx98hb1jTJOex8dHzb0fzgBTL1ZvSZGtxSF8/9mwmbC+KWBZkc9V4B1QompyTj2VooryrsCht7p6YFfpazKlDM6jdExfV+v+daJQzj+41kbNKHYnSs8KUJBAKBQPBfCTHBIpgz2n/MQEU19Q1AwjZ0MQCRrFyTzIH6JpqA9B2h96l7kZ9eKqLl27ssYw2FvjNP3I4uXj81wrJoeH8uMq3JJqHayuGf/YxBCXK+s1quy3tlWt4PP5AAHX8ZvxMcv8uMUDA9N37l+G+2eJ+BoAdkxrDhgXSazYd5pgYglY1pasCLRgn2pB0cLBo/y8FBx2u9xK3UTSuFMXwrKMLrMGVAFBOLGnjjuB297zwBPB/S74LE228C7+mw+nqB6Jjgb2tR33QbKtr55S87yB4/iwIAiYNPm7GMprI84yrOJlAvJUkJve8NTXylUEzb1DIpo9cF6Cg9WMZ4bX2dHQx4F7NwBh3Gcfa9z+L1j3Gw6AYGem0ca3mF5qYXOb4hY8qBteplK9DQTnN9M1/Zl4eaSJIyN8n1ero43GSdlMu/3pjFYdpaxQsGEz2adIymb6CL10BXDfkm/yfNgCJqhnI09L/r4uslDSRFXaT75AleqT1AfeVhVr/4wBT/CYt2PcXbOzHWN1NrBzS6Ge0ccfpEyLS4iDcAF+cGPaCWh9mDfxrydRQn/RcIIXPwc2BAdldFhM8nrox7/BCXh0JcEAbVhGtdYGBwtldFsnZzFgeq2vhfz8UxSjL3ZWig0wuM8mc/Xb0j8nDSN+02Ib/871VslogO5wM6uHAy4IKpRzm/PyBB7D1TJ0jUN3EzYLe/7zuUHJzvnmGUuU0M"
04:29:08.899 [Forwarding screenshot on session ed2d6660-f69e-11e6-a414-872b36aae4a5 to remote] DEBUG org.apache.http.wire - http-outgoing-0 << "zbYfdb30Q5pskGsoZcOKJNR08e1802R8I0SfnWNsUADnzg0yPgM8ctnXFtEzxMWYRDalKqk9XEcddpTpO0iJBI+zj8Gou/jxQT0KRx+nXm+kurmV35zcyK7M4OfAXA1XxoUHYjRpFP1Yj15vptpQwZKDRfhPs3i9gOsSQxNaOjlU+RwXU7Zy13wIM9NvSJA1X+NeLf9O+R9A3I99FJZNu0IgEAgEgr9vxBksgrmjuZOVSnCNQvKalRNPK+NXZvhu71WkrtSGLWIMiElZRzLQXv0clj4J50Anzzxuor6+naGJR6CBx/+FIDKJzZkaHDYbo8p07kuRbz91d68CbPzE3IbD6aS7pZLaHtBm38utcTcALppf6cAhDXCoqjrkuQwr1t0HWPlhRSPdvV3U7K7ATvAH6prM+0nGRY/dRULuJmRLaFhxtwpsL1HT0YvT6aDlhQqq62uxTRsoqrktSYnr9B/p7JPC6jD1Nj+RjFQlo9Za6iy9SI4+Gk376QcSl99E9Kz0DWFt7Xq+naXFZa3GUNlAV28ffd0WzLt/gGUU0nfkofUrI3Sb+ad58XIDSUlKXJZqGjv7kAY6ea66PcCyk9fo7l0N2KmtbGFActJrqWNPVTW1tkG/p+aBtU+V593XXsRsepzGrvPELV3GTYsUwILp8xHqDHZuT4X+Zgr1ZRzq6KS3t5uOljp2F8iH0SqmXDReS7i2HpGf6C66haU3L2SkrwOTSdbXC74RFJw7+Tp9DkWYclz82lxNadkLdI9EkaBbxiKAuIVEB/jPTMRvepTcBN+HKzPbeUWYtOtT1pAMND3/At0OJ32WOqpt42cxDIWROTReICYhQfZ1l4WyikrKDEaso0Eyh5ghTV53L4DsvxVmyvR76PG73uOwYC6rpK3PHfR6dcZ9pDKKrceBJuvLJALq1HXogAP7quhyOJF629hntoIyiaVq5OUWoyf4XecAjr4OTPsthF+CE6zfzCVuAIzykrmOXkmiu6WSejskZ69m6oKLRHKyNEitJswtnfR2HuKJqnCyBe/Ps+5HXoA4Fi9dSrR3gMZn5Lhzrv9CYKaAOmcTGyZRxEJ/035aeiWkvg7MZito17FCHT4uAmRsygaXHbsL7r9/jVzghRNUV1dRWWfBG/sFEpbc6Ktoet19bXVU1LT5Dvp201FTQU2bfEaWx9GJuawipG9NQ5PJYwWpgI39Aa+CX3HvOt/3bTicEp2Nz3HA2uO3zW62sTdU+sy2CoXu7tWAFXNdBw7JQZv5lSnnSPd1+NtIIBAIBIK/X8QKFsFVoOGuuzVYLFfIWOl36Kn2TtaooH3BKlb4nmAqIuSb7kBioxRAPEaTnvJyM+bx7QbKBAr2GkkEulgAsVEB97OhBygZG7N53lLPzdnrJwb76rRCircNU36gFoOlVhYzfTsleSlEkkBB+nFq26sxtANaHaoQUywxSVsxG7z8W1UT5TbQ6FLRYkN9+00oIgKnWhL5co6WnlYvX1k7uaojU/9jPvyojKbqUnzvSCF1m5H8pOnrzRNWrgSblao9l9h7sCykDoGsL3qKC2UVNJtLkTcUqMjRm9iaGAN8Jay+CsaXioewb+GTeBXPUdvajMk6fmCAhqyCIgrXj1s8XJv5py2A2IVEEUl20VN8UPJDmqr2MLlTTBG0PHVKPqXbR6ior8dorZc11G2m+BH57JPpOkyXJ+1bu8h8t4Imk9FXn5LMghIygiz7T9xUhEnVSHV9Eweqeya+V2qS2bYzjy1p6qD1hm7rlXRvS6XnQBP6PLl2XXoqSquN03aJzIxlrE5Q0tpeT9mwil/sClXOnUjGXMpMTZTrfYMwVTKGf9lIJFP9J+5g2ZSn4NHTulAMW3cbOFlYRf+Cme2sjswM0wbw6N4CnthTS7nB4rMujMYtJIp4/jmMzMFQ3rxQXn0Rk8qDWQmY2/tx2KwMarSocOAKHO0u8PusmPgPkYlb2Ftwnj21Fhw2Cw6VjuSE8/T0u4hSKBi+YMfSY2XsS9+YOLh4KvHkbE7A1nye7PuS5a8ikzDuLaC8rBaToVD+TpOKoWQX8UD8A98i+ZiJpirZzxJSk1HapBCD3ND9JlzccHYFia/nWynVy70/IbOARzcFHkwNGYU/4QpPUF1fhQUlWg2Mv+JnaswOlGsybbb9KHnj10iw1GI25GNGfgNbgrKH/jffhq03hemzM8WGIKiuUF+qpx5Ak07xk/IbnMLHRYhJWksqzdhUWaxNlL0xMulB9DlvY241o2+VtzdpUrfxjYzpq1eGzh7DdnQlI4XZxODlnaM2jnq/RGF2IsPvn8TSYyPqyyFbfhrx2Y+Qe/R7NFnMNN73kwkbxaTkUbr9T5TW1+LrXiRvNvCNlBh6js829vo+RwTk86WHs5W7e7q/jcumTsunOPdPlDdVY2gFlBrfAxe51qG3WrFZMvEWZge1g0AgEAgEfy987q9//etfP20hBAKnJOFVKNCor/4EQWdnDYVVR9lh/gXrA++BPW6kyyMoojSoYwKTnFweAY0mdN1SVwOVryrYXbLV93rpTvT5VSQYzOwKcsMdDo/TyWWvl6iFGmJCjSx9MruJICYyckYdgtcBCzXqaYPX2eg7Q+k4nfLy+2j19PKvFrdTYoQoNDMpB362WIg6rBHD1edkJISNQuX3AiiiZ11nyLZ2O5FGZuEDM5WDB6d0Ga8iiN0C/edqCGfnsG0gy0VQXw0j84ziOLnsVcz5uskCnEiXg7S5p4+yvDKSTLVsiQ9ur7ayb1IrraNm2mutw+sjx7aFaNTX1lNmihvOrhoKTacx1plJ9koMK0LFCTctFeWcSfo2uzbJU2+OtgoMtWfQ17w4ZXvPbJhdPxr3h6vrr3OJDR6nJPtIkPgWMi56utmdVw7b9rJvS8DZJ/MQa+adcZkWarhGtwpdRZjfkNnItlCjmXKdu7eO/NLLmA/uCvGibYFAIBAI/j4QK1gEnwnUmmu45fL0UvFYBTZpFHTbWROsqMgYNJrgN+eRMWpCJE0QFQX9PU0UGvrI0kVzut2KhJYHl81d7ki1enY3mJExU5f2h9FhLnXMRt8ZSkf9MdzVx6g1zFqsOdgidH3q2dfnyz9XQrbDHNsgdHtGhu47gf5zNYSzc9g2CCNX2LSZxJll3wlZgJpgVbvfOcVHqf/EhiCTK+7uRh5/uglpFNL1G4OcFRNen2uKbf61zBQ3vF5giBEvRKo1YQbFMURxHmv9Hnb3ZpLAOdpt/aDbxl1XMec6u3509W0u1zH72BCp1oSOfdNs6KGtsohaqwPQYtwQ5GDZeYg1884nINOsf6emXRhctv43PiCzYKuYXBEIBALB3z3/UFpaWvppCyEQXBP/32X6ut/h89ovYTA8iOZjeKIXeWMyGfGxuD4YwCG50KSu59u79NytEXOUAsHfOpE33smGNXcEnZQYc33Am+9cRrf+YXZsvOMz+1Tiv33uL7hGF7Pirju5foYYmLBmLdrPj/LBO+8h/d/rSN3wILsfyWHhJyPqZ4jP4xl8h/fdcWx65F9Yt/S6T1ugv1sWr8xk1W3Xf9piCAQCgUDwsSO2CAkEAoFAIBAIBAKBQCAQXCPiLUICgUAgEAgEAoFAIBAIBNeImGARCAQCgUAgEAgEAoFAILhGPqvbyQWfRTwD1JnqGEn6OvotSQGJTg5VVnH21q+zayJtgIaKBhyLMnikcH3YQwod3W0cbj3KuUugWb6Kf/rGJibOm3T20vhKC2+eG2ZRwkruf3ALiROHMbrpajnIqycGGCOa5WtyeDA7xXeWwnja24xFJ7B20wOsTwpyxJ7DQkXNaTYZ9QR5Y/Knj0ei7z1ITNTgGejAVPcWWz4BWT1SL7/9bRtvnOzl/NAYERGx3Jp0D+uzN5ARxI5uRxfNh1/FZj+L68oCbk66h9xvPEiKJhJw01L5DN7sR9iSFHiSpn+aIkw+6Gsx84szX8C4ay2dNc9x4lLgS1u9eK/7Rx7RbwpyGOlV2mGgg6q6d9hSXEjiZ+QlIjPjpLHsORRbHmVLOEdxD9Dyyq840S8RoVnBVyfaC/A4aHv5lxx9+xLRS+5k00Nb8W+S3o5GWl5/k+GIRaz68tfYlKYNWoWj"
04:29:08.899 [Forwarding screenshot on session ed2d6660-f69e-11e6-a414-872b36aae4a5 to remote] DEBUG org.apache.http.wire - http-outgoing-0 << "q4XXTl8kIsL/vbBjELuCjMUf8nqItAc3pREJSN1tvPzro0hjESxf9WUe3JQWJpa46Tz0Cq1v9MN1S1i75UHWJ2nCyhC+Hg9dLQc5fRH8Lx0bG2PZugfJjP8sBgyBQCAQCAQCwaeFmGARzJ7IOKKddloPHGLjliTi/ZI8fb/ngNVOakrsxHfOztdotvUAfXRuXE928PEXksWMwWwBZQLpSWBtrcd65AxVv9iF1tNLSWEpdpQkpyZyqv0A1vY+TAeLiMdDS1k+9T2g0aWi+aiX5lobtrMGqgoz6Kh8lGqrC2VCMrdeaqe6tJ33jDXkp/kPvSVqKszYJBXp3o/DaNeKm4bH9DRr9Rws0jA8+BY9dgtf8uo/1lp7D1VQesAGKEnOzOZrt9/AyAe9/LG1mSprM805BvblZ0xK2dtIfmkTAAmpmazkHBZrM+XW4+wwm1mv8fKetYePUoMZ2csZaw/DqV62QJh8MPjeKexWGMHL2RM2elygUqn8cozBzYkBky7XxvCFt7DZ3yB9+G9lgsVDh7mMph4HmetHIOR0hIPK7xmxjoIuNZmz1mbKracx1u0jLcZNQ5GBZoec1mtpwmbpY29DCYmRMNBWRmltD6qEZG4+b6XeZGWouIa8lOnTWhdOttHaLk2vXunlljWnQ6Z9ZVMaF8djg0ZHcvRZWutNnL5opCo/LajeLWXfo75nFG1yKvRZqC61MLS3gSVhZAhfzzJOHm6m3TX90vRlG8UEi0AgEAgEAoFgCmKCRTAHYlj7YCZNVRaOdLuJT5kcXNheew3QsWnN+CyKh9dbj/r+f5SW33aRXRh8UHSi3QL8/+zde1xUdf748ZcoMKIMiNJ4gQxMwRCVyGsasl5I03RdzNVMWy9pihluIZaaKZaRX8mk1MJK87IU62qapGJGonhDvKF4g8zRGEcRGMFhUPn9cQYY7gi2tv3ez8ejdM6ccz6f8/l8znl43vO59FACKigBl6DIeL4/nMmIgj2kAkPnf8oYL3sMx79gfFgsew5n4uZ5kR0nwGVg0QtXPjsWTiQq7gDa0db8JzEHdY8prJ7ZF8hk3azJbFmznRFdxhS/ch5ftxTlvavhA30pf5BMt0Hd2A4Apy5BrPtiEra/43ud4fgXzN+YhMZ3LAtCLXuCBDByPOz/YhYRsRGs8mzD5J4aIJ3PF8cALgRFLMbPRYlCjD6+jslhW/jqy930DfUBFTS2U64jPx9si4MVTkxb9wXKRWWCCmzKVob5gEZ2DUFljTVg3RCgHx+tnlz35Yir0KiRHWDzx2ofhv0Ejd/A6FWR9LSMaeSnsy4sjC2pSkSgyjxrU0g2gu/ECEIDXODcJka8vZG9J3V0bLaPLVrwnRhOaIAbhuPrGB+2hW0HdMz0yyM66gS4B/LpByOx5RyLX3qbLTH7GNFpSLmVeLpMjuTbySWf968KIiJOR2DoaPy97PGv5DsndGxYGw+afkRGTkZDPptmjWFj7F5047uUX+5Vu5O1J4y4D53DB2M6mcsogu/3nGB1FXmoLp3Jq7+l5NB0Fo8IIUnVg7/6yYKzQgghhBCiNAmwiPui6TmAjhHx7Nl9iPGd+pq3niM2Pge13wS8iof1HOD7VCPugcH0Sl/B2rjvODe5C+3KndGEjaYjPXwCKArNaDzboyKe3LwCGnn6MyqwLU+bhznYN1QWEs0rAGwc8Pb0xLmbp/lIW5o/4gBcJu3kSXTAwL5dzd850bWbJ1s2JpFqGEMXe8g/t4mwLWloXNTotBZZyk9h4dT5mPxDWDimfFDo3O4v+GBlLDmA2tOXlje1uI1bwPgusC74TUyjPyzuJXN83VyWnPRg2QdjcCKf/dERRMQkKSdSd2TKnNfp62ZPvnY/EYtXkKQzAuDeYxQzZw7nenQ4sTlAfDgvXR7Ke2Otmb/4FFOWLaSLUya7v/iElbEnzOfzZOKsYALaOWFI2cTsxXtx8WpMUlKq+ZxjmTVzCE5ksnXpB6xNTANApfFlYmiwOTCi5fMlseA5isjQIaRsimTGxniMgO/AoXD2JO3GziQo6y0iI9bzXM+ZOBzfQ6IROo59rTi4AuDUaQQT/c5yyA4MgLUNpO79nODwRLTmdF8NDaanSy7fzpuHKVApQ0ulykXtjqdaBzbeJTs0rCyEkFllXVxeN5evtG60ubmH+DQjoKbflDlM7usG6Ni6dKm5fFS4aIxQ/nXeoj2sY/WGHaTlGAEVnv3GEDw5ACfgePRCPt75C+pmzchJSyNH5cv8qGlkfBXOyjilXjx79IC0FK428efDhWOwTtnE6/P/w9Mhy8r0tirtNrfLRVAyD0SzJdVEj349SIxLpKpOWfkFJoyAjcp8kmZNUQMUwNX0FMCdgX2Ufmr2nfrjp9rCwZMX4Uk4D/QY1MccTGnHkAAXkrYc4xJDKrjHLWi3siJOh6ZfCCPLDl0q+13mSZJzoN+UEWjyM9HlQp/pi/DIs6uwNo7/9CPgy/QxnTBk6iiw9iZ00XwKHB59YOmkrFtJEhAYOq1UDz4hhBBCCCFAAizivrXj2X4aTsT9REp+X7xsIfOw0stk1HO+xXul7IojBxUv9OlJH/eTrE2KY9tuLTP7lh0nZE9A0FwCij/ns+PLDRhR08lTg61Gw/CRXqA7zBfrf2Bf4glQ+zGipxPgxOSFC0tOZThOTJwOXALp3ELpKZGXW/KKeTvrFlCgBGdIJ+LtjeA5ltC/6wmev69UrpqoNdyytqEsQ0o0b6+MRdNjLLP++ih7Pg4jTgeaggLAmqzrOZgKStI05V7FeFV5TUuJnkdETBq+gUEM97Fj54pwVobMQ71qLiffiSBJ3Y854c/Buc2ERW1kcbQHC3x6oYlJJdtzIK8GdsU6byc5xqvkAYdXzWNlnE45XwfYtiKSqLfnoYqMxDtPj86oRZfkycSQOXAyhqjYtXx7+Gn80z5gbeJ1RoUswsfuMl/MX0nk7K/w/noyBfHrSDS6s2jhcM5tmsv8jal4DpzI822yWBMZgw545I4jw18eTWTiV1zMBO/cPEBN36fLvnLaEhC00Fy3mVg3BG1iIj1GBfFy0ww+j4whYtX3+C7sQ9ZVnbncLCMGWj4JjiBJ3ZEpc4ZD0r9YGUvpWIduH99ubYUzJgAKCuZqvncAACAASURBVOzo+lxfXGypsi5MuTfRJqWS4zuUkDmuHPwqkriVK+ne6wOyPl/I2kQdfmND8G+axtKImHLtoDiH8ZG8vTIeALWLCyatltS4KCZrc/li4XBMWTpycnLIyTGPMWnZjrxvw1gZpwRvPDs+RmpiormB5lIAWN8poKG6Ja2aNSrf/rTp/JpdgHVeBiZMXE49xzm7AnB4lHYu9jg9+QqRXzihsTlMUFxipfkGsHV7mkD3tcREvsHCRC8yk5LIUfkS8KSG39b8AuquuBbHy6yxcwBMBZBtxAS0Mt9jAI96eAKH+C0Ti/mRyuWeTcvXYqQjc8v1Ziv/XebFVHKAtO8WMiLcHAFVdyT4vZAKz27KLQCS+L+gEWjNo4E0vqNYEGo5X1Qd0sncz4otaah7TGGk1//EWDEhhBBCCPFfJgEWcd+6DAiAuLXsSdLh1VPDvu/iQD2QPsWz0mrZsy0VNAPprAFbx150JI7EbT9h6DumygkqdyydTVRSDh3HLqKvxYt0fnYmV26CWgU5Ocn8dFzHyE4WO2QeZuGMcFLRMOWfw1C76OmhWkt8xDwcDaNpkXWAlbFaQIM1EB/5fyThyaKFQ3BJ+QIA66L3WVsvgiIiK8zhyT07gR6EzhyCC9BucQipY8KrKTFrIJOEnWngMpCR/b2xzoNhLwcSHxbDwdSbSljhupbUtN94ustowt0GYN2sBfZOj/KkOop9Gm96dmpH5uE95jOmsztOh6pHEKEj/QCY+b41E8ZHELcvBW9XJeWx4QsJcAO6qEmIDSG3oIDbBSbAxC9n0/F4ujNB4YvItm6GE3D45HnwHUs7jhO0MRW1XxALxyvnt7m4l7BYa7zdbYGGqFECUNczdEDDasoACm6DqkcQM4cr5xt3cifhB6+SVcn+huM7SQSGzgyhr5ctdJpDdvoYNl613CuH2LVRFp81NO+jBFgqr4siPXg3dAwu"
04:29:08.899 [Forwarding screenshot on session ed2d6660-f69e-11e6-a414-872b36aae4a5 to remote] DEBUG org.apache.http.wire - http-outgoing-0 << "gOfLqcSHHSIrV8fJgzpUfsEEDekCdOG921cIWplSwbky+f5bJbjScdQi5g5vB7rdBAWtRJf6PYd0w1Gb01N5juLThcPBkMGG1zcqqU9Zwsy+GjIPr2JyeFxx7uw7jSRy9cgK09swO4Q4Y8mWmPC3iQHwDeLbUD+wd1LiT4YCbpctz0ydObgI1naOOBVcJv06gA3WNjbYqACjDu1vmTS3awg5BRY9YJzw9FQTm5zK5exGGNHg3qLkTi7az7qidOyVyshP38XGNOg4dky5Xi4Vf6ecJC21MUGLIvHkFJELVxLxxuc8+nUQDmXSKarb65pAwhf0J2ffBsLWbmRhtAcRI71qnU5RSPj45m/RoSHo5b4IIYQQQghREQmwiPvn9jQDNWuJ3X2MoJ7N2ZEKHSf6F8/VkZ/yE/FGwBhL0IjYkuO0O9iVPoLhbhW8/eafIzL0beK10GPsImYOKf0KZtsugLkLAyiaAyEm5hAjOw0BIPP4Jt4M20gO7gRFLDAPU3Fh5qfzWRW+lC1REaD2ZKCfJ7HxV8k5G83qeB24eHJ2x1b2HNoHmNi9Phr8B9Gliokrra0bgrm3hJIxT7zVVBokKA48GC6jzQFyYgmZHFtqj8upmcyZNQXtxyuJWZmqvDCr3Rk7cxYuTkWvf2UGe+ReRwd06+5Zss2+DV3VkPDLdXAFUNO0eM5hB1xUkAt0GvNPArX/R8yWKBK3AKjwDXyV4JHeXL6cg9qjGYaUZHSomDjMr/j0przboPamjT2gM5BjLodmri7ALxjyoOzSPbrj8ZzKbUbXni3ABO28LIZrWCv/q2yQT4FJ6Rnj3qKovdjSxk0Dv1jspO7HqtWTa7hikGUQ6DaoGlHUB6PAXKXWNy+SbIR2rZuVZLOK2JGSdzVdu5rbq6Yr3TUr2aLL4Xiqjt7m/Zq5uSqBRXsb5Xw5arw8lAChk+eTuBCHttoYlRMvf/oFo7HBJjuBqcEbGB3xEb0cwGRTzSw0hnimTo6kODbjG8Qcl80k5WgILp7HRcvSl4KJ+nofwZrbxXPdKDI5mZyD2scb12a3UaHj7K8GupQd5pMbz9SZpdP5NlRpQyd2/gi48/yA8oNrKvzO3OR9pwTh104DaAiaeJygyGQuXo4nqkw6IU0KABfeCBmprEA2ZBKBP8YTs/cgmSO9cKpNOpng4gSQTmysFjpOxO9BLU8lhBBCCCH+dCTAImrBiQFDfImN+pFN0U3Q4cKkniUvLAlb9wAuTJz/Km7ml2iyD/FBeAzf/+cAw2f6lT6d4TgLp4ZxwujC2EULGNKu5KXt3NbFLNzRmPcji35JbkYTNXBTTyZQsP8LgiJiUbkPJOKD8cW/NpOvY/f2UzwZtJrJ5o4ux1cFEYsXbmprXNQaCgqS2fxNMiaTMnwjKXYbj3j3p0sVkysUFNym9ISnv3IyB9qYP1kDtyy6DuTczAYbwL45GhWkek3h21DzL+D5WnbvTKGZj4a0izn8fe46vOz0HD96iA1RG1m7dDNPrx6mxHOsy4QhGjngBBw8kEpQT/MF5meQlgPt2rYAUsvn3fxn5rlfad73n3wb6kx6ShL7tm5gS8xqDvT/FGsboOAO3MkFoEFRsvkpfBefg6Zfd5zIJ3ppFGgG4u0ETnmPoyaOb77ZTcBMy1/3dXy7JJJ4oy8ePV+hAGhk70BNWdvYATlcvp4PTkqQ5fo1c3lWcF3ljqeSuqhKk0fxUkHKpeyS81iXH6pTnPZtgBxSzmoJcHEBQyondQBqvNpoiqvB07NNmSNzSE5JJ8DFDe2hvWiBcl1OKmBrb2+e96QBOeTQwM4eW3vKTSxbjr03c+fPN5fVHawdXLm+eS3gRZvigIELXu0g8ZerOPRpC/GHSDVMpqc9QB43c8BkKgA7NQ5AujaborXCUw8eApUPbVzLp6PQsjdBB74T6VQusxV/5+TpiZq40rveUSJh1o3Kp3P7p81AAbkmigukAKCJM41qm475oyFlH0lAv2crmqhbCCGEEEIIhQRYRK249BmIe1QYG2NA3WMKxQsKGQ6zLSkHle9oArwse6G0ZIB7DDGJ2zlu8CvZn3w2hYdxwgju/f5C098Osfsy3LkDLp170aJ5E4y6OJZ/0Z6ZI3z4dddXxOWA53O9cMrcT3BELKAiYIAnF3fv5ixw504DvPo8yv6YGE4czWXRrGGQ/C1hcTrcAyfh4dWJiNXDi3NmOL6K8WGHCP5itfIymZ9O9CfR5HYazvi+pXvSePv7Q/wWln6xm+nPuZOyeS1aSgIs2EDShvUc93gRUr5lZZIRNFCABu9uauLjv2LV7uaM8HFg34bFrI3XMdD9Ha5EruSE5gxz5o7G3bMNTQCaOdIIJx73UhF3ci/7zz1KSX+VdvT0VXEiMYov4pvxXBtrfvryY9KAQI8WkE2lLu5cTWS8iYyQBQzybEOLJsprpLW1Lc01anLSfsV+cnc0xPHVZ+tQP9uC78JXkgq45CYROSuM+DQNQavGKz1HXPoyod82IuJWErz0N0YHdMXhzm/s3BBFvBF6TBlTEvgqFw6pfBpW+0696EgsMSs+x/Ofo2l4cbNSnmrlqAJzQKLSlXIqrYuStMun7oyXl4rE+JVEP+lAnxbX+XJlHCUTvxjYveoTLjw2nMkB7eg1wJO4mFQSV85m1v7HyD2Xig7AxZ8uLnCxXEpO+D7pQmyslqSoEIJ+0KArmjDE3IMlXxvP518m0XbkJALaVdIzxeZRRg0dxaOVx37KcKKdV+muFw7ePhAfr7TlYT5kJ29m3QlwGdodr665aFYmseKjaFq83oe0DcuVyV0DngR7G/7iDhujlrO73Sw8rm9nRXwOmoHd0OCExquCLh6Zv5JihB49Otf8Oydv/F1gy8ql7Gg+k87WqUR+lQQugXg7OWHvVCad/sNQb4lkxUfraDZtELcPb1CWmR7locRbapWOsktedhagxrvN/XRfKd1W8rX7+fzLn2k7choB7Sj1nRBCCCGE+HOQAIuoHdtODOqhITIxmwGDuxZvzjx5EC0QOKRr2QPoM7QfMRFx7D2qo1PREqeGExw0/8qfFreWCIsfknsEdWCm38sED71GxJaVBJlH1rj3m0jw8HZk7t+j/PKPkS0rIyzSciGkZwSvhATyVngMb5uH5Lj0GMuskZ3KXYoyPKRhyZu36ToHEpO4To9yARZ7rzHMH5vF/LUrCbYY6aO85Dvx3NiBJETGEhacCKhxUYPWWhmK4hf0Hhm3FhKzcn7x7+W+o0IY79UBXUggC8NjCAtS5vRA3ZHg6c9hC7j7+EBSIhFv3+TtOW4UvYn3DX2f3xYuZkvkfJSsqBkYFM7IdvYYjltTdl4Ua5TOMF3GzcTv4mJiwkOU4Uio8Js4l572YOjtD2FrWXd8FQvmBPJmWAzhJ6Bjv4F0TN3HucRYtC5+hIQ/R95P0ez26E9fLyd6Tl5AgfUnRMVuIVwZdwRo6DcxlMl9XYDM4vRLNAQbu1J5K/33dry+aCLz3o4iLDjenFMwNnPEDmucWwKl5mOxVHVdQENwsCsTnGkI2BIQ+j5X5r5DTIR5fhOLGoYCLiQkkVDwDJMD2uE1cg5BueFExZ4g7YTSkDWeQ/nnnDE4URJgsUyn0/jFBNtEsHpHEjrtbXoM9CMtNh5zmIXc31KJP5GI6ZkXKw+w2LoxfExV69hY0xCwLtvzyYLGL4iQjFuEx5S0ZZceowgdo9wjocFpzI6IIWS8Ugq+gXOKV/4ZPmsO5+aFsTJEWcBY5TmU0LJLQJXODg0Bm4ryU+l3ToxZMJ+sefOJmh+kbFL7EjJ3ZMXzOGn8eC8kg4XhMbw9eYv5eiYSMrxdndPJSL0IKi8eva/hQaXbSu6vR4k/kYTds8qDxvI7IYQQQgjx51CvsLCw8GFnQohqGTLR5RVgbafBqZrpJsociE6XV2qyzZo4vCqIj3NH8/XMnhXvkG9AlwUau1SCx4fTJjjSYqiOAV1WHnaOGipKMj8zk6yCggq+zydTl0WBtR2asheZb8CADfa25U+onA8cNU7VDxWxYMjMJK+C43YsfomoJCMDg8MZ37P8S3x+5jm+Wvg2cVoVE8OjCCg1p04+mZnK8KJGTveXn8op"
04:29:08.899 [Forwarding screenshot on session ed2d6660-f69e-11e6-a414-872b36aae4a5 to remote] DEBUG org.apache.http.wire - http-outgoing-0 << "5cJ91z3V1kVVDJk68qigLirem0xdHlg74uRUdUKHv5jLypMm2noPYtp4P/LMw9xQ+xG5OghN/jkWjlmIV3hUxfMVPWj5BjKz8qCieyTfQGZuAVg7VVj2mTpdxe31ATNkZlKANU41rYvMAqytG2F/n5V+f+kIIYQQQghRmgRYhCgr/xyLQ6N5Zu5c8+SfVciM56XJkfgERzKzKMDyP8/AjsgwouKVpYTdO3rh+kgTrAtySUtNJk1nBFVHgt4PMU8oLO7HuU1zeXtj+Tly3IfO4YMxnTCkRBO21Zo5ocOrWHFLCCGEEEII8UcjARYh6kTL1lXfY+c/mr6VDef4H2XQnePQvkMcP5eO7uYtwAaNqwedunWlV5d2D6h3yv+P8knZvZkdh9PJzc0Fmya0eyaAYX5eUqZCCCGEEEL8D5MAixBCCCGEEEIIIUQdWT3sDAghhBBCCCGEEEL8r5MAixBCCCGEEEIIIUQdSYBFCCGEEEIIIYQQoo4kwCKEEEIIIYQQQghRRxJgEUIIIYQQQgghhKgjCbAIIYQQQgghhBBC1JEEWIQQQgghhBBCCCHqSAIsQgghhBBCCCGEEHUkARYhhBBCCCGEEEKIOpIAixBCCCGEEEIIIUQdSYBFCCGEEEIIIYQQoo4kwCKEEEIIIYQQQghRRxJgEUIIIYQQQgghhKgjCbAIIYQQQgghhBBC1JEEWIQQQgghhBBCCCHqSAIsQgghhBBCCCGEEHUkARYhhBBCCCGEEEKIOpIAixBCCCGEEEIIIUQdSYBFCCGEEEIIIYQQoo4kwCKEEEIIIYQQQghRRxJgEUIIIYQQQgghhKgjCbAIIYQQQgghhBBC1JEEWIQQQgghhBBCCCHqSAIsQgghhBBCCCGEEHUkARYhhBBCCCGEEEKIOmrwsDMgRF1l6w3cygdsbWjlbPuwsyP+hP5n25gxnyvXTUB9Gjezw0H1sDMkhBBCCCHEn5f0YBH3IY+PB8bQSl31f/0X/II+/gCt1DGExeX9bnnZvmI//dvG8ESbHXR9Ygdd22ylZdvNzFh2kezfKdWyefh4YAwt/Q+gr2SPnxdsp6XjNuIq24E8wv2rPke1sq8w0rHy+mjpuL2K9B+sonpvpY4hPL6mdZ9HeBXlWJu2dHJd/ANpf+lxxxjpU7aNbWPeuit1Om+l9Ff4eFmquf3WoW3orxD20jZaPbJVyfcT22nffBMjpx8j/QFkU2nXm/jyZP4DONsfXPZlBjsqz7Wa7lN9+6v+2fH7eQDPnFrSxx82l4uhBns/vHxW72HWnxBCCCH+yKQHi7gP9bF3scPF9x5qrCDLyOmL9wBw8bVDzT3IuoO7g3XxESbu/g75yOPjwO18sFP55DPUme5etuRczGR9dB4xc5M5cKGA+OWe/N4/2OcYgayq9rhXzRnqo1IBF+5hqm0mTAVkVr1D7c9dB7cKal73pmrL8f7aki7NcN/HlJWddJRew9MAcBnQlICODck+f52YLUZWT01El9+LVROa1/r85eURNiCRT2+15G8zwKFoczXlUt41ZvRMJEYHhRo7RrzghEP+bXZE3SBhzQWevnCP47FP4lzH3Na7d490nQm8/4d69NTKXfKBnCpjSXfRg9LLiZq1v+qfHb+XB/DMqa2CAuVP6/o12Pkh5rMGHl79CSGEEOKPTAIs4j7Y8o/PB/GPoo/GywxufpCjPi7s3NO95IUQ0MdfBsDG2uaB5+Loiv18sBMKNY6s3dmHfm4lzXjBW+cJ9DnO0a9Ps/GVx/mH9+/ZxOtT96uz5bXYQF4xUvtgkA0UveI6DnBh0fimWL6R3DFZ0d6+jtmsIXvbmrw4lfegW4nNA+icd3jTVQACo55h2QuPFG+fE3+UzkPS2BqZRtiE5nUOVJSoj40jgBWNy3xzP+WTfUCrBFcGPM6ZmM7F9+WCsAxm9Ejg28Rf2Hm2Iy961P7esHnwt/Ufnrqqtu3wGAczXECllGn17e9BPDtq6wE8c2rJuV9PLl5DCZxU6+Hls3oPs/6EEEII8UcmQ4RE7RlKfp29VckuJ3cmM9l/kzJUpe1mZiz7BaPlDvorhL20vXhYiZf/HmKSqhjWYcxg2ewsCq2sWLSpdHAFQOXWlv+LbEq9e/cwZJZEGU5uPspIH3M+HDcxePpRTpYaR2QgZsEeupmH2rRsu42QFWXymn2Nj6fvwMu8z7g3DvNzMuBYZSlVI48vJ21nyPRjJV3N77dMLLTs6MqwQW0ZNqzkv8AX2uCmAowZhAzcTn//7aw8UHK+Ayvi6e+/jZHTT5INZCedZKT/NgYPjOfLb44xzlxuXhUMjTn5zQH6ty3J55KY8n1psg8cY7DPNuZ9c61WJVThi8z9lFH2FWb4b2Pc24cJeWmbuQ1sZvKC1Kq795ujVm0edSi12dnPk1kDVLg2v8fl4jZUTfvJvsIM/83MWG1Zfvmsn76d/pOOoSePLyftYlkSkH6VAT7b+TIpv3i/TSv2F5/byz+OLw9UPsTCdEtJtUkTVamgJ6rmjHulKU2cVRhumlDa3jZz+iUOrIinm08cm9PvmLfcIc48HK+VOoZugXtYEV2mrPUZhE/fQbe2McX3+uBJBzhadGJzHcxYdpLwSdtK7sNJh8vch/lsXxZfqhznrb5scR/msXlxPP19Sp4p494+WXrYU63uHwPrF+yxyH/ZdOHq+SuEv7G9JO8vHeBoUd6zM5gxcBuTV1QydKy6Z0f2FWb4byds9THG+Sj7TF6RAUB6/MniZ1crdQyDpx/lbLblcTUpV0tlnjm1Oofi6OajjPQvea6OfOOYOW9KGiPfOEzYJKXMvAYm8HP8MYZ4byt5/mgvEzZpe3G5ePlsJ+ybjIrzWZO6Lyef7SsSGGzx7O82MI4v47Pur/x+l2e/EEIIIf6MpAeLqD2bCv9aSsJyLYUaO4aMrM+2aAMxc49AC3uWvdAU9L8wuO0Rku8pQzD8WphYv+YGM/y3c3XnIF7rblf+hAYjVwF8XBleSe8UjzH+XBlT8vno6jiGBCtBmf6vNIeka8StSSPg60w2XepHdwcD4QN3sGyfMqRizNBGJEfpWT/rCPGnjeahRgbChv3MiiQo9HVkTIe7rP8so8L079eVI3mkYFQ6ndSmTCzkXNZz9KQ1mMxDkwqgSZtmuDk3AIOR5MQ8Tt+DHrdKgmMmvYHTSUYKs3K5BdjczCUhyQgYSd5X8uqdpVOGxjRrP4TXfG05u24Pz069UfJ90g1WJJXPk+lWHskXjRzda2CBRU+Q8vI5czaLTNNdc4O6C9hw8/Kd0rvdbxmZCriYbCQ56RKFVg0YMb0lGduvsm3JKRL0kLLcs8LcaFqpACOLn/2epGnujBzSkk5tnGjlbMdrMYN5rXjPGrQfUwGnk++Q07PAIoW7pCcU1X19bFQl8W5185LeEvUu6pkzC1yedqQft4jbl8Xbz+6nfUYA3Sv4ad/ZU4OL1VW00afodvM6r41vzVPtm+LhZseTr/qT8mrRnnlcOWIsaXtFxaU3oL1o5OiZ2wxzs+foit2Mm2Wg0KoBQ15pQlqUnrhSI99uMKNnAjE6cHzakQkvWJP4jZ7kaC2Dtcc4E9sZh+I6OEuhlRW9RzqS+VMWydGXCDCqSPvaGxX5fPnS98zZcq9UOa4OPkhimoldi9pwdNlepr1nwLGNPS9Ob8Tp7RnELT/LkRxrpR5rdf/kszJwBwt3modUvdKQA1E3WB18EJ2tHauGKLG2rC1algG9RjYl86cbJG/RMvj2MaWXkMlYQf2WtI9qnx2mAk4n53E66ULxpiumu6RvTqDXWGXffuOao7pwjW1r0vD/wcCO835416hcyyv1zKnlOdK/iWfIRH1x3jiVQdxnF/BPuceZWE/02jwSoi+RYN7/5gUrmmDktM5ofv7cIMT/IOt18MRQZ/6mKeDfUVmsmJgAmkHM8Sudz2rrvgJxC3YxaYmRQo2KEdOdMB69xrZ9Wbw9NAHN+cEMoibX/vs9+4UQQgjx5yMBFvG7chzgzs6YJ2kF6EceoPNwLQeOG+CFpmz/4BjJ9yDw02dYNkZ58V7wykn8ep9l8bupjIt9svQv8ID+dAan74FXT+fSQ5LOZnAm4y42"
04:29:08.899 [Forwarding screenshot on session ed2d6660-f69e-11e6-a414-872b36aae4a5 to remote] DEBUG org.apache.http.wire - http-outgoing-0 << "RWNl8u/RqM0jeDe7zgf/zKLQSsXHB58l0KMBcIeYN35gxmdZRHyVQaTXL8rL8dOt2RfbBTeAuVeY/FQi29ac4qtX3PhbZgorksBx6OP89HVnnIEZAw/Q9e/aOo/Dt3EEspSYQm3KxJI2+gJDoi+U2vbivwIIH2RfaihRaSUv9jYAJVPoUOjbnH990Ql+OMKoWUowZeeua7zma8vSIOVzoZWK0JiuDGmSSWjfUySUmXbGuYs3P+xxB6cmVZZDvYt6RnWJq3IfqFkZlWID+eZ8FreBRdcI8fmZdV+fZn3Q4xUOl/Ge0JPwYz8SssZI3PILxC1XytXR155xE55g8hhXHAB9XEq17WfKoxVfS0nd2/Li8r5cObWVj7JciYntggN5hJv3GxxRMt/L5umbmbbGQNzBPLr7VRAwcGnD2q/0DH9Zi3ZnBiE7lZfBQo2KIS+1JmiGN94OZdO3ZFVcbmRfZt5sA4VWdkSdGsQgF+Xaxj2VSJxO2S07/rwSXBnZgZTPzS+6i7KY0TaObzOM3AIciuvAjk+TBzDMrQFkX2Fc60R2nTJwA2iadIY5W+7hOMCdn2LMc8QsucE8/z1EfXKSmInOpG42KL3XdgYwzBlYdI3JbX9m6wUDeuBwLe6f7AMnlOCKb0v27emp1N+0VLx8TrH13fOEDVHKvVT7MWYwuXkCWy+agxRVjBfRx9fg2WG+N4vTaH6bK9wmvHWGUvbJgxjkpuz687I4Rs3Vs2T1NdYEVl+urSrIU6l6r0HdlD/HNRa/oqfQqgGL9g7kH962KJPSbuejxF/Yp/dU5lWiqO024YoWbC4mWxRMFsl6ZSjbrq87A/DPwMM8MeASJxNvgF9Ti3zmsb2aui83VM+YwedLjRRa2bPtZABPmqNEcW9vY9xyIweOGxjUpfprt6lJ/QkhhBBCmEmARfyuRk33LP7HuXOXVjxhpSUHAANHk8w9E/Kz2b45GxNgY3MXNUCinuPZ8EzZt6GKfiAGDkcmMGlN6W2Or/iwf5SBhHvgOr29ObgC0IDAWe1ZFZXM3h+usj/7OgCvv9MRt6KDHVoRusiZbRP1XNWZOLNfGfoybmL74n/ItxrkxatttHx6v4VSqVqWSXUqePmzqdEkkzB1fheecbOFfzyOz+wbJN+DfMNd0OeRZt7Ha1onXuv3CPAIS7+6TtexZX7ddbDH27f6SWAKreyY+m5zbG5bTAzasD6mCxmsWFM0xKNmZVQR14keFm3gEV59x5n1Y/WcvXgbPCrKnx0vLh/MgKAM4n+8zK7dOrbtNJKVZGBZ0kHWxGfx0+feHN9fffuhkgBLaXfNPUnuKkGJ4nJRMSKwZDLdTr2bwZoMTFVMIuwxrDsplwz8vOcX4nbr2PFDFlqdkW1LzrJ16VXWng+gX00mj8k0ogdcpz2hBFfM1/bGTEfiZilvlw5+T3H6YkduAelnr3H5cjYXU/Sc1gONSzc/14ltlZdYAIcmePnAriwrbIBju8wRmyZwePt5TCawsbHCpqkV9e7d4cSZenT3bUC9pDtM7bmNPS+0xH+AC2EnA1mlgtreP5kZylCsMW96l9Sfmyfbdjti0qhx5hr5QJOXLNqPSk0bHyA5kzPZFbzcWzgTX7NnRz7QZMTj5jTsaZV9g9Pm726eucjm4/cAK7BR7t2raSXDnqoq15q6r3OY7/8mL3magysAdkz+ohf9bql4whlOUbrttnIB/UWLc9ircALq7byAl/91Rr3Qgn5/8eRKThfzDpbDuux4ssq6r4CqGWsuDeGGwQTXOs/A2QAAIABJREFUb3BUm0daip5d+8tPmVvVtde0/oQQQgghQAIs4ndW+iXQ8u8lkwTGBB8npuyBVre5VcHSEc6dnHnCSkvKfj3ZPFb8Etrp5U7MfcKIrY0VNqZs3pt9lZYWk1JePmssfSKb+kpvjgwjd22sKLRS8WT70v07nDSWvQPuKft0ttynPurmwAPrLV67MrHk8kondoY9islifhwb+/K9HM5fyAE/OyCPA3sqnp+i0EpF9yfM15tf5mXeojeMz9MlwYnGTerwSHFzZvqM8j0MjAcOs2LNJfOnmpVR2UlibYHLutLX4NTEXC4VvkHe4crZTDJtHPD2aE6gR3MCXwWM+Rz9MYVZo9M4HX2Wba+1p02N2k/N2JT5EwBnR9pYFEpjTdVlbNRncf5XE4/6PsIzw7x5Zpg3C4ArZ39h2ZQjrE8y8MGKy/Sb17Ta/Ogv6tHeg8JfS98/j/o4UPLz/V32rDjItCU3yh1fdo4Ktdq6/D5mJpNSP1nRaUyKruC6gEGzuvBiykHW7zMSszyNmOVKmC/wg24se7Vpre6fi4eV61DZlA46uvmag1rmgF1L54ryfk85Z5WRjJo/O1q6lkQL9MeU3nr1yCPk78mUlbI9A32IkseqyrWm7usc5utt6Vw6uuHg1hyl/5j5mVKm7ZaiasXSLe68PDSN00lZrEjKYgVnKNTY8/GmPgR6l9696rp3rSCBBvx2+BTTX71Asq7qy6n62v8bz34hhBBC/FlIgEU8NCag0KoBH+/tS4/Gd4vngTDdMmHChkcr+lnY/KsnyVfYdtKHF83zsLTybcsU36KdrrBx9lVlYkTzsqBeHo3KnSofoI0d9Q2Z1Ltn5MKvd+hnMa/LrdyS7jImoN49I6cv5NPPt+Qf2sYycZu6qlWZWFDbWuOgsq122Y2raUUZr92qP5jM5QckHzHAIOVN2lRQ3bLUVblb4XKshjLBnZqU0fEy58gHXB8tXSi3cqtYdzdby/BuR7js7MLx891LeiiobHly0JPMmvgr4z67w5nLt3E13Ku2/RQpvRJNDcu+cYNyAaOqbJwZx5wtsOx0IIEuJdtbeTxG+NcFfN/hePmAmQXLFYLsXR1wtLpKy7Jll1lSdme/OcC0JTco1Njzeqg73b0c6NTZhlUD4/iozBCKqpY6NpmXNO8X0YMlAY24VVx8d7mZeRfN4/bg0JC3//U8bxuyObz/Kju3XmL9FiPfzk4iIHBAre6fxo9YA8ZyMZKTcec5ccuaPj2rznt1vUTu59lhmYZzm6a4WGm53MOdPWvbYmOeN8nGGjJ1RnBSetdUlbf7cV/nMBdsTk7pdmTUXuHfOwy0D2ipbKim7Tbt1pGtGR357fxv7E+4wnffXCUhycBrY5PxS+5YemdnTRV178qgsnWbfZnpgRdIvgeD33icoX7OtH+iGRdX7GLcktKFX3W7/O88+4UQQgjx5yCrCImHpD7NmkK9e3dI1UErN0fc3BxxczIwr/fPBPQ+wpmK/gGrasW0UHvq3bvDm713s/lsmd4XxizWv32KZPN7vkP75vhYQconFzhgcb6jMemcvgeuHo54tleCL19+Zjl3SR7rlyvL9NpY16f9U04ArP/KYs2K9CvsKv/DcoVqtqxtLcvkPhS9R1w9m4Ue0B84V+NrKMVehfkVipSvT7P5bD7or/DhoqsV7HyH7Ox8Hsz7SO3KyBa4/E06J4u3GPjywwwKraxwc21Y/gCHpgQ4Qz2dljllV4Yx3uBAijIUpb1rQ1xr0H6KXkhTTtwoKYf0Xyst+7osAdveS+k5887rh0kvUxZx69LIugeYAz0mgPTrHC6ey9jAz/ElB6maq2mJcv8cLd6cx/rlJT/dXz6urGg0NaovIRPa8kz3R3D4LcN8bfcqDJpVpFNP5R5LPWbA2cVcr26N2f/eXob4/8yXxzIIabuZ9q33kuHSlH4veBP+9WA+f6UBym8FtWsb7bsp6W6NtlyPJoOwwOO8+XI6mRVPXFRjtX52NLPjMYDETG7a25vLwxGOnOJZ/wRmRtVuVa4HwsYaJ+By1AUOWAzJ2/buQUKCTxGnrTyAVyQ76RhtHtmM3xwtbt6uvPhqd6L39KSXFZRvN1nV1H15+mMZJN8Dx3GdWDWvM4P8WuHmbOJo4v0Fl2v/7C//3DNm55OdfafKfYQQQgjxv016sIjaK+rFkEWNX6JK2PLy7MdZuPMCK4bv4PwbjzPE/R7fvptGwj3weuPxCldIAXgmtDdzj/zAwp0GpnXZzvtPO+LnpSJbl8O2LSUBF79O9uDQlKkTk5j0WRbDvXcwb5E7HL/EwuVZFFo1"
04:29:08.900 [Forwarding screenshot on session ed2d6660-f69e-11e6-a414-872b36aae4a5 to remote] DEBUG org.apache.http.wire - http-outgoing-0 << "4LWxLfDwsGNw0M9sW3OK/sYsRvupOLY+jZh9UOjbmn/42dHK+DiBmqvErDnFYLL42xP1+ffsS5y+RzVLdVpR714ebw7bTqne9MZ70MGN9cvdMBX/yl/LMrHoTVIlh0fw84HTSZC18wKd1RfK7VLtaIciqubMeN+euFkG6ukMTOuylWmV7KqPO0Ln4Vp83urGttCKuvLfj5qV0c8VHFlPd4MA/z3MG9OMtNjzrE8ChrZlVAUT3II9/1jWktV/v8q2WYm0/MyOEX0dsc3PI/7rLGXYzNOtGeDdgFbeXtW2H7DDHTi98wKB0wv42+MFbHjnapn2cxdTFtS7qCUwMJ5pizrW4r6C7hOeoNfiIyTsvMTTzS/Te8QjeDjc5exuPQkXlaFf015qATSge08VK5KMTHxhD6FjmnAxJo2YfUp00gbAwZVZM08ybkkWg3vEsWh2C9K/OcvqfSXpuXZqBBj5dP5e3N50w/bSVT6cfRXtPSA9k+N6aFVJo7K8Pud+Hryoucr6Nafo9tt1pgxz4Er8JVZE36FQ48wIv+acfNaK9WtuMHxgPG9MbgkntCyJugM0xMnGlr/U4v5x6N6WFzWXWB99hv4YeNlPxc+rL5BwD55863G8qThYYCrzZ2Va/aWWzw5VKybNVJGwJIvhzbfzeqQ7zlodSxYr0bC/DW8B/FZtuVb4fQ0mZ63yHA6tmBZqR8J7Bob3iWPebBdMhy7xQfQ9CjUtebG7LV9Wc34Hr+b0s7pA3GdHGGmbyaguthz9dzoJ96DJU060KpVPR7pWWfflz+/c2ZknrC6R8nUK8zrDMy2MbP3wLDHmlc6Mpsqv0PKb2tZfueee/heGtD1CiltLDif3VCZ+f6DPRiGEEEL8EUiARdSeTX1luI5j/Upfyps1Lv2NLaA2/yKs8u1MwlaYPvECcUsuULR+TK/p7Vk677EqErZjSsxzPL46mY8itSTvy2K9+YWv0MqK3i+5EjzTh+7mSQsHLRnAMvV+ZizJYuFEZfBIYRt7Fq3oyYsetsAjrDrVjZBJh1kfrWWOef6HJ4a2ZmlkF2WSXtUjLNvzFLx0lJg1WpKBwjYq6l2s2W+P2qQ8tGW2FWYZuEV9WnVAmRGytmVSVA9Q2TJBZnZMX9Ke+L5nlJcDwHGAM881vMn6LXcqqMeKO7jZ2iu//D75al8+1//EpCXKW1ChlRUjZjbn9FIlcNC4aCJd85/5hup/1a5KUd7up4xaNim5okKrBrhqb7AwWJkr5ImhrYn8vOIlaAHcBvXkx03HmPdmGgkX84i5WBK86/XK4yxe0tk8gXMN2g+PMG/L46QNvUDymkskA45DWzJDdY2PjhSd1Z5+Qc6sCNZzeqeejb1v4d+USlcqqTQQ5vwY0afqM2/2cVZvMZIQnVG8VK7L087M/qh78YSe/UKe4sWj+1m/7wYfJN1QJhp+oyErLOZT6TevD+E5ewn5LIs5E5XAZP+hNsRtUYbVeLzwFHN37WZh9A1C/m4u23GtmWHUsSzayKnTeQzqXL/UvV9EXarwmxK+vweqVw+zemcGc8yrHzk+7cyyT5/GA/AI60nqbwdYsVPPHPMS4oUaez78V2+6OwC1eqY4lqQbrSUk2uKYUFfIvlxF3q1RHnEVX1/LJjagsq/Rs6Oi4/vN68/nNvuZ9N4Nlk1VHhKFViqmru3KFF9byK5JuZZV+plTWd6rPgc8E9qXT0x7mbYki4UTlUaq1FVXWnGXZlW03WaN64OqOe9t8eDGxLMkLE8raaNDW7N2uSeQXyqfgdXVfVkOj/FBpJYhUzNYHXyc1UBhG0def8uaZe/pSd6XBU/X4Npr++wv+9yzt1Z6gzlal9y7D+jZKIQQQog/jnqFhYWFDzsT4v93d7iSfgsT9WnsZI/zfa6Sk603kHnrLjbWNjR1sat8+pHsPNIzTdhY29DKpeIJSLO1BjIL7tLYqTHODpV0PdcauFUATm72VS6ZXDd1K5OanBvrhrRyqeP4B8CYbeC3zLs0buGIczUvZQ9WDcso+xf6tz4CoT3YFapRrr1xY1o51zy+nK3P49YtEybq49TCHodKrrP69lOUZxvc3CqZBNeYjz4f7B1sq5tKp3rGfK5cv42pgCrbdHG+q6hDY3Yev2WasHFypFUFZV10H1aVTk0V39ONG9LKuXwbNeoN/Ga+5yu+l2t3/9Tk/q+LWj87jHmk/2YC6/q0cLGve7t4kGrwXK1OUbk0dmpYbblXX/dlD1DKri75K5vP3/fZL4QQQoj/ZRJgETW29P3T/N/7p6vfUfzX9OzlzP4EffU7PgR/5LwJIcQfyT9nP8HM2U887GwIIYQQoo4kwCKE+HPT/0K3tke4NdGHlCVtHnZuhBBCCCGEEH9SEmARQvzJ3UGvvQ321Q8/EEIIIYQQQojakgCLEEIIIYQQQgghRB1VvEyIEEIIIYQQQgghhKgxCbAI8aDk56C9+gtavZ6aLd78J5CvJ10vE9kKIYQQQgghhARYxH3TX/yOj3YkKx9u7ab3ZHfeOnzl4WaqFpI2j6be5GHE36LMdehZPNudevMiya7hufTJkXi/1hnXd/+C65xudFm9+3fMOcSvGUa9ye70XvP7plNtPv71V9znvEf6Q82FEEIIIYQQQjx8EmAR90lPRPjrBKdlFm/Jeoi5qYtb2ZmAkVsFyudy15F1HUONzqTn02+WcspiS//2/6XVau78d5KpmJ6fjl+ldWd/3B5mNoQQQgghhBDiD0CW1BD3yRZ1I+hgZ1N6cwN75c98I9iq/vvZuh/5gC3YWKsAIzbldnAm9P00Qmt8QltszX/r1fVz9k7o+0CyWRFjPqhswcb6d0ui5vRJxOTC6Kd8H3ZOhBBCCCGEEOKhkx4s4j7o+fSDQczOhVNJr/HYzKkk5oIj8MuJtUyb7U69156g3uRezNy81+I4I/Hfz8d7sjv1Jrsr33+/t9Q8JSd/XkLAa+bvXxvNuxuC6T1zqjJ8BzDqD7J46TDz8e48NnsCX5+6Uipv38cEl05j8+5SaST9aE7jNXcemzeBD4+cqPw6lz5LwIoNxUOE9Kn/ZsJsn+L0A5ZGcvIWkH+Kt+YNYra5Q0/CoTfoPS+YRN1Bps1+lt6zh7E6NUf58tZBps2z2Fb0ed5UVv/4GcOLr/9ZFu8/Z5GfHP6zYSqPTXan4Wvu9F46n52Xr1dbW0b9Qd5dOprHJpec960dJeV+9uf36T3zWSasXsJbYb2oN9kd7w/WkA2kH/6MgJkl9fHpj2uYMO9ZvGeX1En6mR2coh3+7VtVmxchhBBCCCGE+LOTHiziPtjS1qMfvdLWkuDYg3949sKpAdgBG/cvpbXrC3zSrRlxP39KROw4HFof5B0fZ3atGcaA/edorRlKVJ8uXNz/Ie9/N47D1z9n77i+aPfPp+P6tWDbnYjhAVw7/BHz4w8A7TAVALf2MnrOOP4DjOoaysDmN/jsu88Zu7w3V6YcJNTHnq+XDmDs2Wxau75AVM/2pPz0ERGxk9j120ecfPV5tIfn81T0WrD155Phz3Dh8LtE5AJU3NtGrz3HTs4pQ4RSP+ORiMVAO+Y//ybO13czbf9SOr6lJfW9/uzVXbU4MpsE3WEyCwZzIvMcCUBvgwFQQ8EtTugsthV/PkdC9A8lp8g/x+w14/Fom8BfneH71YMYfqgoDQcSzq4lobqq0v/A0DlT2Wm5Lf8c728ax9Y0pUx+PR9PQu45Eg5ZBHOaucCpSNyjllocd4Bp0QeKPxYNqTp0ZAs4zaRr46qzMv+n+bwb/26F373j9w7z+8yv7mqEEEIIIYQQ4g9PerCI+6Cm/7BQnmsEHdqM4p3Ro/GwhTwA91BS5yxm6rA32PDKTACyDbmQv5cl+8+BayipCyKY8JfRvDcnkSh3SNi/nPhbetZtXQt056f3NvB6wDjemxPPJ64lqZ49tIn/AFOH/8CGCa/w0nOz2fvOR/QCZn+zBv3NfXx2NhtcQzk+ZzET/jKOpQt28r4GTh37lF239KzbpKSx873VTA0Yx9I5B3lfA1Sy3o+tLShDf3L4coMSXNm2+AfeeW40U8etJm3kUMj/hjVnOrL34x+Y3Ug5rkOHD8n6OI7nHJXA"
04:29:08.900 [Forwarding screenshot on session ed2d6660-f69e-11e6-a414-872b36aae4a5 to remote] DEBUG org.apache.http.wire - http-outgoing-0 << "UynWZbZZfO7g8Q7XVqVxbfpM85arHD5/BW7t5WNzcKVX5zCurUrm9lsf8ddqauo//wozB1c6snb6XgpXHWRTz+4AnDr2Oh+l5mDToCS4NPX5NaRO/5zPBnqzfrM5uGL7LD8tTqNw1V4+cW9ZvK8ypCqZLWfhr92exqGavMzvM593/N4pt12CK0IIIYQQQog/EwmwiPtkIB/gjqnU1gGunYr7gqhcOjEA2HX+ItnpZ5QX/cuL6TK7F94ze+E9ux8T0wCuc6tAx/lMaN3h7/gV94RQMyJgLKCMRfn18hmgJYO6titJsGUPnnMC8gu4+ksyCcDsvzxn8bLvzJhnXwDOsf/8r+TkA659LHpbONP/Sf8aXG8+2QUA5xi80Jz/mb14PnoLAFtPnADbJqjNk7A42jniUIs5aAL9B+EMOD+mlB0A1kCBSQlgAb2798cZULUeQD/Xis5SRM+Jq0pQpnWH8bzUoRXgzF///mrxua8ZLKbvtX2BN57rjUeHvvRoWQ99rrK5Q/vn8WsC0IoRA54rlYIxdR8bged82tfo+soGWSS4IoQQQgghhPizkSFCos6ygN7t3S22KEEBR8B0+wYArTVDedGzFfkFyviSCY3sASceb5DLTQAKKj2/0mMiF1OV3wPWpaertbVWAh0O1gX8egewLpmMFsDJSQ2crfrioPiYqZ2G8Yg5n7bW9qhsjNi3rDLSYT7epsL8WcovDliVuUqLyWwt825r7QA1WkS68jSLNXKgmlE+cCe/1Mfko3HAUHq1rnkwyTKgIsEVIYQQQgghxJ+N9GARtVJu+eI75cMfWYBz2670AnDsRejoN3hn3GzeGTebbg20/HzxErfqtecZDVw69e/iyVMhh+9+3AJFr/3WKiCbExcsJrW9lcoh88SyzZxa0hrYeuBni9SN5nO0pG2rNjg0ANJ+JtkiTpCQ+FNJGtXqzvhxJfkP7daCk6ln0Fe2THIBxT1PrhmULiHpSQml50SpEZviYUT7jyYqA5r0+9h9pargij3uzkpfnkvnv2XXVWUYVGLcpuL01Q0tAi/5pY91cVT+durYSqIv6jHeTCZi61qLffTsPHKC1h388bjPq5nfZ74EV4QQQgghhBB/ShJgEfdJCaRcOvQhb8X8m/T8anZv3IWX3eHS2TfpvTyS+NSDfL1hAj1jv+E/OtA0VhP47FjgAH3eGs1H36/hrQ/8mJiWTdEEtH79p9ALmB81knd37CYx+d9MmKdMejt18N9wbj2YEFc4depNAlasITF1L5+u+LtyDte/06mJM2OHvQDsoef8UP5z6iBfrxnN2LTKgxQll+XMyIEvAAd4auYEvj58kPifI+kd/iZfXD6K2+OPltnfzM4JZ/NfP43+K73n9cJ9zefl0skrt6XMtsa9mdJBmf9k56HXaTizF4/NmcTGMgnqT0Xy2GQfPjqlB1Q8P+BV84XsYcC7T/DYa+70/E4Z1oT7O7zawZmKqQgcWrRA9Qn+Ht6NhqF/432dxS7Xzcsz+8ryzEIIIYQQQghRRAIs4j61oudT/sA53t8VxunbylCgirRsaAOomTDrRz7p0JGEU0vpEzGKsfF7aK15gZ9mz8YFcOk5n8sTQ+nFAYK/e5f3s9ozwBaKJ6B1fpZtIR8yqtFV5m+aRM+Vb/JFrgPBz6/hk7+0A9RMffMHIjzasfPYu/SMGMe0Yyfo5TGT1DeDcAHcnlnMTwOHQuY3DF8+irH7zzDeo2Op/Fpeh4PF0By3ZxZzZPhYOuTuYWzUKPqsX0oC7YgYF83IlkoQyNa8v11RzxBbH/5v3FRaA8rKQlcZ1XUq452Ur9UNbLDsnWLboKhHSfltf50ezSce5vlncq9yycmf8a7mSWeLBvkVGLhENtduKwEwhw6vcHnKO/zVPPnuJXNA5q9dw7g2a1zpiWktxx4BDp6vcG16GKOczGk4DeWT/kOLv796aQenaCnLMwshhBBCCCGEhXqFhYWFDzsT4n9Qfg7ZBTY4NK75HBzGm1f47XYB1g2dcGmiLt4evzmYtdn+fDLu+eKJcr9f0YvBx2Db4gSea/L/2Lv/uCirvPH/r6yBAWRA0kYNK7CMYtVVbiy0llwpl1bXbj/u17XIbYnSVrbCvRdpA282sJS7hfSeVrgjKpZy2bi9dWllKVibUlDZ0cCoERM0xx8TOAEjODCtfv+4BhhgZgB/bNv2fj4eFjPXXNc51znvc8F15pxz9R2jufkEXYD/uOtdPr1GSQNGa65lnKu8dbVjOmMBzU0ED3d2UK92TCctoPJj7Lhxbh7w7CK9divePm7yMwJtX57A+pXX8NN23u8ceGuuZ9wwzrm65FEer4NZgZNY/nA60ePg4J9/zrQ//QX8ltP4wipoh5Bx7kbBCCGEEEIIIcS3j3SwiK+d/tW7uGffSf79uyk8cedkPt//Fgn7doJ2NV88l4jcxv9jGbY9yL+V7XG8mshdfh3s6nBMpwrN5NyaB0fUwSOEEEIIIYQQ3wbSwSK+fmc/5jcvryS98WTvW9+ZtJz/WZVO1BgP+4krpJnfv/oUy/ft6ffuXaGP8dKqZ4gY8cgfIYQQQgghhPjXJx0s4p+G7WwzLee6L8t0GnEZdNlo7jxD11dInQghhBBCCCHEEKSDRQghhBBCCCGEEOISyVOEhBBCCCGEEEIIIS6RdLAIIYQQQgghhBBCXCLpYBFCCCGEEEIIIYS4RFenp6enf92ZEN8g1nrysvKoqK5m165d7Nq1i30f1dNyzoebbrqOa6508qZ6PjsXwHWjR5KSlfK8LN744AzhUbfh/BCchlIdv9t9jjtn3HRl8t5lorwwn1defZM//O8OquqM2Hwncev1miuR2oh1NZXzQvZfGBs5i+u8R7izuZ6i/8njf/IL+d8/vcffPj3O1deFctO1PsPY2Uppdhb1mqncdt1XTj8PZ9+RszaUkvnSe2gHnKe1oZysl4Zz/taLz+MVjAHn9tBQnsdLfzpFZNStDKcqrU1VvJ73P7z+2pv873vvU9fYQuCN0xh/EU+JaijV8dKfzcNO+59NV1MlL2TvcBMHw4zVriYKXtDRNPbKxTEw4noeueHF+pXPhweeytpajy4zjy+DZ3LztZcvZ001VbRqJjFm4CFd/k5soNNvIqHXfcMeuTaMGDbXV/JmwWvKdcPFdd9TWxrW7xtzDdkbCmi/zPUnhBBC/KPICBYxMvY2DtbVYag/zOHDhzl8uJ5qfQWFunQSMkrpupJpW2t4JimdUmPrCHe0c3RfHcbqLWQX1/fb0nLsAHVlBxnpEYfHTEFKEvll1bT4aQkP19JSV01hVhLZlaYrkuJIdZw6TJ1xLy32ke1nrd/Ko4npbK+uQ3VTODPCx2A0VKB7dgW6YZ2bnWPVdTS02AE7h6vrqB9pJkbA3nYMo4vztLcM9/yd8zsSVzAGBrSHlsP7MFYfo3M4+5rKeTo5hwqDEb9bwrllDNTpt5OZuIYqy8iz0nLswPDT/ifUcepTD3HgHJ8e4qDjFDvr6jjaduXiGKClvgJj9TGuYGsZVnu88vnwwFNZ29s4YKyjvuXyRaO1Jo/krM187upke34nGuqdfieWkZueSFHtRTSmr9MQMdywNYPE9FwqDEcZc8sMwm/pu+4X1Cjn2tHyKXVGvcu2NJzfN5Yje6k21nH4MtafEEII8Y90pQcciH81KjgHRD/5XyRGBinvdZkoynyG7XWFvFk7h/jpQVcmbS8l7dG+viPeVeUDtENjSTblc15lfrDjfRWgVqG6nPnsYTGy2wRhy9LJWByuvGetJS0+k+p33sc6Lw7/K5HuSKhUgNcIz9/EG+u30I6W5enPsTBcqe9ESw1pK7LQ5/43d8zYQORQYaAGLxVAEKuKCsD7SpaGm/Mcyfn35ncErmQMDGgPKhWg8cUXoKsLvN1/+9t0YB/tqEnIymd+iPI5c1UeiTkVfHDAxOx5wcPLgyMdP1+fK9eO/hFUKiAAXz/lZRc4jcpwjk+LyzjoArz9/AgAvK5wVmevKiJitfcVHDUyvPZ45fPh2pBl7aiby1oPXsp/fF0FeM/vxOSNvb8Tu0x6UpJ07Kw8SNz06MuZkytmyHK16Nm0pQ40UaS/tJrw"
04:29:08.900 [Forwarding screenshot on session ed2d6660-f69e-11e6-a414-872b36aae4a5 to remote] DEBUG org.apache.http.wire - http-outgoing-0 << "nvAw60lK1FH2xg5+HBlHUGQiRQWPuQ6fYVxvgybciPrSTkUIIYT4WkkHi7g4dqevoLyDiUv9Dw7FZbL7QyPx02fTZa7hFV0uemM7AMERS3gyaSkh3haK1qylaVIYFr0eE6DWRvBEWgqztQAmSnV5FOqNyrHVWmLinmDF/AkUpWTRDuiz4jEvSiVjkQ8FWZsoM5p70/hlylJc3RraATRa1O1m8tcXEKmLZ/D9v4XKgpfJLatTXmrCSFiTxPwbj5OR8CJjHnmOxHkhYKkh7alN+P17CimLw5Ub5p+/SMiTG4l30avQ72bMfzo/WR5DafMExxtdVBXnkFNicKQ5jZWpTzMvxB+wUlnwEq+X1WED0EaQ+MtVRIfYKUr6Fd0P/ldverVFabx48FY2brif99LWsgc/WoyN2IIXkZfzY4xu0+gjDd8uAAAgAElEQVQ796I1T7FH+wi61fMcWatn/c/XM/rBF0h0uuG21r6L3gYRCb/s7VwBICiS5NRFxGdup7KmibDgAzyz/kOCw0djMCj1GRq1nDWrFw4oewtvr11L95Ln+LHv+573sTYMu85dUfn1f+034E7CUlvKhhcLabQBqIlenkLiwvABR7FQnLaW/X7BdBgMmAFNWAyrk1f03XQM4DkG3MTdlCCs9cU8vf5jVv4ug0h/oKuejIRsrn/y13i91b89/AgfaN9N1prdGBvbAQ0xK9ewYt6UQflpb7ag3EZ109OVoJ39Q5bs+ZIOOgGLhxiLw89URc76zRjMNtCEEqYxg9dUx9HdteFwrPVbPdavp/JvqMxjQ24FyhVFS0yCcszh1xu4a1NKzs38KSeNLEe+gqOWk7Z6IUFO8Rkf2f9oznnSaNW0g+NYSowMtx0OVS7O6rdlsX5/CBs3xHG8KI3XTSFM/nIn+kabo85TWTEvZPCpW2rJy3mFCkfbCY1axurVi/Gt38oz6/+MaiyYTO2ELnqKqQf/0Hu+pdkbKKxudFRlBAkpSUQHe/fLR794cDq2dlAmLj423Jf1yDRVFbNpcwkmG4CG6OVPkrhwOuA6xh4cf4CfZ1YAkBW/hqS8Dcx20Xns3L3oHTyTMA3s6it8N20cj9fd+/iz25gfbrnWDhEjwy3X2h3bMANL1qzqf53TRpOw5APymwIA+q5ZGzPw2pHBK4dU+J000Niu5v6fzHLa0eI6tsZeC8BtkwdHjxBCCPFNIFOExOXhPYkQLbQfOIiFJnISs9AbNSxLSid15SLaDSUkpxRhBbo7zNTp9Uxelkhy4iICzAZydMr0osr1SRTqj7JoZSrr1iUTO+UcFfmbqbIGMeeBWADCYhP4yT2jyXv6WcqMfixPTic9aQl2QwlJaVtdT1M6B9o5PyVlWRiYy8jZWj/oIzV5a8ktqyNiSSLr0hOJ8jGS/+xa9K2hhIy1oX/3AF2A+eCHGG02DB8ewApYDn6I0ebF5BsG/NUdNJk5wVBXmM6PH05iva6AUn0NY+9bQUr8PPyB+uK15JQYlDTXJROtqSM3eS01FqgtyiS3rI4pixJZl76SaW0GdMkvYwJaW9ppderk6u44ie2kMlWk46QZk7GRGbExRE+dxDEPaThllqlTx2Ku/j+qrMo75j3lGNrhllv7d190dnQCWr43e/BNnP/0WYQBhw9/jr2zGbPNhMEACcmpJMSG0VhdyNs1g4fNt54002q3D7GPeWR1Pkg7f3pZh07X8y+Pl0v2AT1rB5TyVGYhLTfFkrpuHStjp6AvTCdbP3gqT8eXZhoNBqYmpLIueRkaYwXpmcVYB35wGDHgNu7MYO9spt12ks6equ5o46itnU776AHtIRTlq/t2To6eS3JqEjGh3VTkbnI55Wf6fQvQ0k5+cjyPJmWQV7SVqnpYujqFeEeHjPsYM/FyUg6Gc1NYmZrOyjleGE29xeihDeOxfj2Wv7WKDbkVjI1dSVbOOpZFnKMiPx29ZWT15q5NnXJsNzrytXLRNEzVhbzliNWe+HRmrS/i2dwKfCKWkJ6ezAyly6Z3ysxI2uFI2kpn69Hett7d8SUmQxkHxswnOTWR6OB2KnJzqR3UIEzofpVJhVHFsqR0khNiaKzewq/zahxpt2MyTSQ2JoqZoeN6z7eheAOF1S0sS15HVvpKbjIb0D3zOpZ++bDw5n/mYFDdRWpWDqkJ0TRWb2F98eBr7MXGxlBlPVxdDcUk55TQclMsyevSWR4zEX1hJhmlDW5jbP+k+0lYFAZA1PIlhLnoXPEBDla+RXFxEUVFBaxf8zQV7bBg/kzAUxv3cN0N/txtzI+kXD3FyEjKtfWLdlDHcO+UwWOWwpemkZOyEH+crlkov+vNRgMdN0UTEzWXsLF9PdpuY8t/Ni9m5TBL+leEEEJ8Q8kIFnHZeKmAc9BavxsDsCj9ORaH+wPhPM8XJObuZL/lfuznQB2VSOJix9Bp406ydh2jlS4mfW8lK+eFMi9yIhZzM2FTbqKszozdDiF3TkWrK0M7dTY3t+0gvR3CljzInMljsXMvD8buIafsz+yxLCbaxR/BbZ0QHp9EzF9XULElm8p7XmW8qmchvyYqK8yooxJJWarka/ULKh6Nz6Fi9+fEf38a2wv38hmLaal23DiYDvI50PKBHrSLmDnoD8Jg4nMKmFq+ncq/7sGgL8OgL6NQB9Ers0icF8CudxshOJal905F1QkPPLIEfWYJe42HoLwRIlaSFqfkJ/k5eHP3V7jvTVC+QbWjlO/q+GjAQt6jOjdpWJjsNLJi+r0L0GzPpfL9JmYvnMj726ohdAn3DBge0nb6S8CMtRMGz2+ZQIgGjjp9m7s8K4P5IUCkhl1lyXTY7b15dcfVPl3171Mxwjof6GjjEc46J23vpqdnoO7dcmxoiHv4h4z3tTPpgcVE7a6jetv7WKPv73cc+znQxCSzYv50YDopK4+SmPsu+y1LB+RjqBjAQ9zVM3WSktneLDvl3bk9hAf7U4MdiOL5tDi0wDQOUpG5z3VBBM9DlzeJrdve4cPdB6jYXkfF9i3kqMNIfCGVaLdDglR01L5LNbBodTLzwr1heiptTXFsOQkM0YZ7uKpfj+U/NRSAlhOf8fmZUO55/Dd8pwVuDIK6tz3Vm/MULDMfumtT9qMALHPKV9X2ZI43noLICbhycOdOIIq0lKVogfAXkjHGZ/Vuv5h26LqtuK6HPlH8JiWOYCDsESP6zH20dkC/uTvmQ+xth5jkNBZHBgHhpOPHx3jR7fjIsnWpLJ7iDVjQbVbeO2fvBro5eqiJW+d8l8SsdbSpxhIEHHHKhx2gxYSx8RRzIh8kK+Q+VGMHltvFx8ZQZT1cdTs/BCJ4LiOeEIApqXQ2xlHyx51Y5ijjNgbHWBDdU4Nh+5fcfU+ki5GPSimYDLt497AX3d3d2GxKR8WJxs8h3NdjG89wd90dB390mZ+BqXsuV6WGXMfI8MvVooyKcx7xZ60iKT6Hvm7MUJLyNhDGgGsWEaSkJRIMWGryet/1FFuEDHdMohBCCPHPRzpYxGXT0Q5o/LimswNQM2lC362Nr0aZm6EC6IYp4TcM2FuFCm8mjIXiTcnk9vsbT+vYz845AHsnHW3KN7jGkkxWlDh/NtjtrbsXdiCIFSkr2ZeUS25OEQkhjk9bWzADd9wZ1reD/2RmaWDX0RZCHpqNujCXAzU1mAztRC1bxvEtW9hbVcUXBghbPmdQX0OXuQnjaYicH0fk/DigC1PDHv64WYc+dxN33P4IpnagvYzkFWX99j1uPEmoF2hG9z3JwTtkHvEhAK4WTnR64oNz+VqPe0jjSP+x4Nq7+GFoLlvKd2OZM4l3TBCddM+gNRbGjh8DqF1fPLoaOdQOAb2VoOHagJ6fAwhWQ4er/fpxvc/F1PnA4z752xwinU6oqzaPuN5OCBVgJv/ZxP67+XQMXry1G8Kn9sVwv/h2MnQMPOgx7pg0+Cx6a9qpPSg9XedA7debh47uwfv2MDXU0uYbyuL41SyOhy6rBeO+bWzKLUP32vtEp0W62EtJubu7E9AQOqGnIL2ZHKKFo8rPHtsw4D4mPJR/0GyeXL6fTYUV6OqU6RraabE8+XS85/1w7gNUoXLTppQbPw3jnfJ1vQZ2NrcBrjtY"
04:29:08.900 [Forwarding screenshot on session ed2d6660-f69e-11e6-a414-872b36aae4a5 to remote] DEBUG org.apache.http.wire - http-outgoing-0 << "VCofoLvv237/MKY6x/eI2+HFtBWlzntWpbJ395xpf5Yjn2JDy0yn4Rfh8+MIByw1ewAt4ycMHpkwPe6XLDH9lpLt+VRvB1ATseQJkpbOdvpUEA+uWYlpUy4luUZKADShLF+9huB+nQEXHxtDlvUIOU3mIexWLZwEPMTY2G6Ac7jr72qn/xosyhSxpygpzKfm34Zo44vdXHeDtG7zM6XfL5uhytV9jAy/XIOYGqahQq+0qSAArxtYsGwZnSo/Oo/9lRK9q9o4B+oxuFo1zVNsybODhBBCfJNJB4u4OKr+fzJZa3dQ0Q6h981gtH0nYONMSxcEKX8q2TuVP77sjn9+/gEMZuKVZ3Op00aRnPUQYSFaqMkjPmvAt/AqX1SORS1ikvNY4fij1mqq4f0DnUz2G3jcAYLnkbq8iuTC7eQbAW0Y+AcQBOzdYyRxtmMoStdpGtthyi0TQDuWuVrYnpsLaEm+9x4aP9xCSU4OoGXlrMHTZY69n0tmSSMrdW8zTwvgTfCUaFY9eJDqrAN0eo9HqwZj+EreTumZf2+i8t16xs6YzJ6d0N3d9xd9V1M5mbmH+Unqg6iAs+f60mr/sq3328V+5evvKY0wOLXfKcfe3LMohi055fzPy2OxMY37Zg8epx10wy2o0fP6a+XMS5nfb1vtthIagZiZYcDBQftezBNHevZR+V1Cnfcca8A3+86dEHZ7OxBG+tsZ9Kxy0FBVSZN9PIEDD+QFjY0tOBYOotMpvp0NHQNDxJ3dUYY9d4ReKs4NSGNgWxyahW0ZmegDYinQxeMPePsHMX1ePA+8X0bh0aNYiHQbY15evkA7x53ad8sXPfE3zDbspKfMPJW/j6WBFt+ZPP92IipTAwfeLyZ3exnv7P8hd46k3rpdt6n77x/cRWfH80Kpdvs5+i/Y2YjRBpOd9r+4dti/XC4Hv7HjAD2HPu8iMlyps/qt2fzhZDiP3QFwzmWClobPGT/vl7ydMo6megO7S99ie8mr7Ll3ttNNs4XGU/CTtCLCfZup3b+Pt/K3UJi9jTmvOq91dSmx4bmsXVG5aBfKcfo7fcIMhNHhIcYe6TmUx55c541BhIWMBWP70G3czXW3y0N+Vkc7X5dHXq79y2N45TrhxpuAal7bWk/a4nDwDmbeYmWkibXmMCX6AyOKWU+xNZzRiEIIIcQ/K1mDRYyYD3B8/3voKyupLC+nKC+D+MztwDSWPxBOUMRcwoAtG3KoMVkw15ezQVcN6nD6likZ+KeYHTudyjdnY67nhomBdDZUkpVVAfgon3Z8fXh8//ucunYm04CK3JfRN5ixNFXx0jNZFBZW0DaMr79CFj7NklDHi3MAU5gdocZWnU+Bvh6zqYHirE00AlNunQAEcdf3w6C9HbRTCfMP4jsRjgME3+lyvviUOd9HA+QmJlFUrqe+vh59aQG/zNKDZgZhQVqm3qEBw+vkVdZjsZgofWU9uYX5GNrGMPUOLbbqfIqqGrCY63kzNx9j45eo/AEvMLz1JrUmM7XlOnINNvBxLtWenzylMTjPQbPvIwIbhjoT2pgfMHh5VCB4Pv+xJAybIZ+H0/Koqm+iqaGW4uwkMkuMqKct55EhHyE0cv7T53qs8y5TFbqM9ZQ3DFoJpZenG4Cwu+cARvKzS2kyW6jXF/BsTi75hpZB36iqfMC8vZDSWhPmhkqyddUQPJepA0576BjwHHfKjXE729+qxGRuYmtOrmPBS/q1hwZTz6gm+zBucoK479+VtYh+vkZHZVUt9fU1bM1Lo9AIwXPvdHxD7TrGvKbfxTSgZPMr1JosNOgLlG0wdBu+2PI/tY/c3ByyC/TYA24kdNJ1jooYSb0FuW9TbvqoPAwCIuyOOUA1uoJKTGYT5bq3GLzqy8W1w6HZ+7X1ocrWe8osIoDt2S9TY7Jgqi1l85ZqjnarGe1hvyPvvoou6xmKa04y9obJTBijAnyUh8H0pt3Gn3S5pGe8Qm2nL6FhkxkDMDaQ/v2elxAbwyrrPj6Aca/jd1RlJZWV5ZTr6wm9YxZg4Le6ckwWC7Wl2eTXQfD8u7nOQ4wpba0d4756lzM0fYAjvemVs7VgPZllJtDMGrKNg5vrrqf8jLhcXcfISMo1ZOEqFoVC3ZZ0ktYXoK+ppba2iuK8DOKz9IDG9VOW3KQ9dGwJIYQQ30wygkWMmAporNiCrqLnHTVhUYv4ySNxKF+OhpO8LoHMjHyyklYoH9FGkJS2mhAsqBh44+IDAb6omMKPlkVQt6WExDhlDkhYVATqagMHjWaiZ09mTqiasopCMjoSyc9KJDNTh65naoA6lIR1yS47Bfx8Br7jz9I1SexfkUOjY9u8lBc4lbGe7bp0lEH8GmITs1jqGI89ZdZdaLYY0cyciT9w84yZsL2Rad+f5fpRu8Hz+a/0bjZkF7I9X8f2ntIKjiY1LREtoE18ntNnMyjJTaenOCOWJRMf7g/hKRz/cj0lOc869g1mWeoqphCE7/JYdunKyEyqBjQEa8CkUoaBDyzfaA9pWGqUP2r7hBC7KBTD9pPMv2+aq7MCYPrSDFJ983ilsIKc9J6jqomIXcnj8fPwBrq9Bh67f95c/azyuE8IyR7q3PL5fvR1Bnx/4O52zcfNDYCSXtD0eNKXd7K+sJDk6kIANGGLSF2lrKHhnF/7OdAEd1OYmUQhgDaC5LS4weszDCcGPMbd/SRE7SG/IpekCiA4DE1PF0uQc3vQ8KRfTzsafG4DTVmcSpI9h80lenJz9L3vh8WsJDlOeaLKD93G2BSeXpfA2mfzyUxS9lUDtrGB+A7Rhmf6ua9fT+Xv7d1FYuwhdGU6Est0KEW+jIdmawnCU731NzvRdZu6lW0uyyrAt289iYGxGhQZT+qSL8gsySWpDFBrHY+XHbwPeG6H1lrPbaU/53oebp2HkJS1ksy1uWQlVQOgDo0hbVU0KuMRt2lH/nQ10UfWU5KVrEz9QU10Qhqz/aGmN+0QHk9eQkZWCZmJjljSTCPpFz8c0MF1CbExRFkPpAJM+i3o9E5vqqPR/T6R1GUdZG7JJ0mfDzieFhU3HW/C3MeY6TaC0VOWm06nTx6JAx4j5Cq94GkxPLJqxTDauFI/A6+73uE/dpuf/jyX6x0eYmRk5RpE3AYd4wpe449lZegMfVPdQiNiefBnDzHdH6z9ruED0+7b5im2hBBCiG+yqy5cuHDh686E+FfVhcXcil3lizZoBH81WS2YO+34BmrxH8ZoFIvZjF2lQht0eUZNdFkstNohUBt02eaCWy0W5Vs8lR9BLk5KSdP1ObvNT5cVc2vnsMvJUxrOyjMeJt88lzyXj7IedFQsFmV6jF/Q5SuvoVzuOu/HUa4q30CXdQUWdA+vgCfzSJwG5g7VsOJ7eDHgOu66rBZaO0Grvdzn24XF0ordrsI3MGhwXHiMMaV946tl0OmPsA27StNl+V/stoFJXM427kg3UKsd1rGG2w6vjIu7JlstFjqHLK9hHvsyxMZwy3qo46hcxe4I4mjEyXqIO7fX3eHm5x9arkNcN0ZgeLElhBBCfHNIB4sQAgBrbTHPvFiC2QZRiboB8/xFHwu6H6/gbKKOFCkjIcQlkOuuEEII8a9FpggJIRQ+gWgnhhI2cxGPyR/5HqiYuiiWryaMdHFZIYQYQK67QgghxL8UGcEihBBCCCGEEEIIcYnkKUJCCCGEEEIIIYQQl0g6WIQQQgghhBBCCCEukazBIr6VGsrz+H39RJJXL8QfaKqpgrDZTGypJKvgUxYnJxJ+WR4XaaU0+yXs81exOPzyPQGmq6mSnILPWJy6gilX8NELV65cFFZTPZ+rbiZcO4KTsNaT99JWvlS5eJSovYPR4T/ixqN/uaxlbq6vZFvp+xw8fJJz+DDxlqnELP4x0VMu81N9upooyCoicLGLvFvr0WVt5ZaHn2b+FP8Bu11c/ZiqinmtsomBRWm3j2Hx0ysua10Djrr7A1+MmcXTiQtdP958BDyf9/Da3sBrgScj+awQQgghhPj2kREs4luppb4CY/Ux7IC1Jo/krM18boeOlk+pM+ppsV+ulOwcq66j4fIdEICOU59iMO7iVMdlPWw/V7ZcAGsNzySlU2psHeGO"
04:29:08.900 [Forwarding screenshot on session ed2d6660-f69e-11e6-a414-872b36aae4a5 to remote] DEBUG org.apache.http.wire - http-outgoing-0 << "nZgaGjh8+DCHD9djMBgw1B/m8OHD1DccpdtPdVnLvGFrBonpuVQYjjLmlhmE3zIGo6EC3bMrKKixXJY0enWcYmddHUfbXOTd3sYBYx31LZ2Dd7vI+vl8/4fU1RmUMnT6V1e3i9OXN2QV9jYO1hmpO3CMwWcxch2nPqXOuNfNeds5XF1H/RCF0nJ4H8bq4eXH+bohhBBCCCHEQDKCRXwrzV5VRMRqb7wBqxeAF74qCIpMpKjgMbwv59fTahjtqzxxpgu4HANO/Px8AS9cjOG4fK50uXjBOfrKZtj8I8n4/e+Vn7tqSIzLIuzJl0iM7MmcBV2RU5l3gffFFrpFz6YtdaCJIv2l1X2jJMx6khJ1lL2xgx9Hxl2W0QxdgLefHwE4in4gR2W72nax9aNyDF3RhMWyPDYM7ErXwVdfqfiO38iO5VkXXXjj7adSTsNHdXliV6UCAvD160nFuX0FsaqogKEKRaUCNL74wpDB4nzdEEIIIYQQYiDpYBEjZqoq5r83l9BoA9AQk7CaFfPD6TLX8IouF72xHYDgiCU8mbSUEG+oLUrj9aZgJp3dRXWjDTRhLF8Zw7E3dOjNgDqUhJQ1zA+HorS1HBoTytnqakyAdtoiHvwevKrbTjvKzWBqajwh3haKkn5F94P/RXykMgWgtiiNFw/eysYN97NjzVqaJoVh0esxAWptBE+kpTBbC/Xbsli/P4TnH4RfZ1YAkBW/hpWrZ/LW7z5m5cYMIoPAUlvKhhcLHeeqJnp5CokLwwFoqMxjQ24FytlqiUl4ghXzwweVl8oLDv7lZRKzDJgBbVgsTybHM6VTz5rEfEKTXmTFbOXxnJaaAp7KOsSTeRuI7DerwUxpdjaF1Y2AmmCtDeh7pGdTVTGbNpdgctRJ9PInSVw4HWv9Vp5Z/yHB4aMxGIwAhEYtZ83qhQQB1iY9r2wqpNqknIU6OIKEJ5OY2f42P3dTLmGnPB+zy1RFzvrNGMw2UGsJDWijZcx8/isjjr5TslCUkkU7oM+Kx7wolYy4SVQWvExuWZ3yEU0YCWuSmO9pGk6HnXMA9k5w6uZQeYHxw1dIyqruq/uUJGYHewNdVBXnkFNicKQzjZWpTzMvZPCNeO2ObZiBJWtW9Z+Coo0mYckH5DcF9J6Pp7y7qx/oH0carZp2YKr7M3bJWl/M0+uHF7eu+ARHED17+qD367euJ/v/6pk4/0ky4iLBWkPG05sw3/TvvJC2mFOl2WT8sZEZc2fy5e4yjO2g1kwj4TfJRAd7A1Yq87LIrTACasIibqJlGOdjqS3iqcyDPJG3gdlBYNLn8YyukUdyNjAvGMxVBfzH5hOsSLgOMPOnnDSyHLEYHLWctNULCcLC22vX0r3kOeX6YKklL+cVKoxmAEKjlrF69WLAB9p3k7VmN8bGdkBDzMo1rJg3ZXB5OK4bGzfE0TLM9i+EEEIIIb49ZIqQGBlTKc/klHByYgzJ69JZFuVDRX46xQ2HyEnMQm/UsCwpndSVi2g3lJCcUoQV6O74ElNdBY1jFpCcvJzQbiOFWTqOhC0jKXEZwbZG8rfWAND9pRljdTVhCUkkLovAXLedHF05sxKSWLkognZjGf9nUG6SWlvaabX3Ddjv7jiJ7WSr42czdXo9k5clkpy4iACzgRxdKV1AZ+tRbCdb8Zt+PwmLwgCIWr6Em65ppt12kk6gq6mUpzILabkpltR161gZOwV9YTrZehNYq9iQW8HY2JVk5axjWcQ5KvLT0buYMaLyAXOdgbDlyaQnLQFjGc9mFmPVTmaS2kbF9t10AdDF7j+VYdPeyuQBfQp6XQaF1Y1EL08mPWkB7ea+bV0NxSTnlNByUyzJ69JZHjMRfWEmGaUN2DubMdtMGAyQkJxKQmwYjdWFvF1jAerJTNZRbQ8nKX0d6UnLGGsyoNu0DTyUi+djNpGTlIPh3BRWpqaTOF9Lo9lG+8mOAdMqgpjzQCwAYbEJ/OSeUGry1pJbVkfEkkTWpScS5WMk/9m1SgecO26GQah8wFRdzaRliaQmLlHqPu/PdAH1xWvJKTEo6axLJlpTR27yWlzN9mn9oh3UMdzrYqGb8KVp5KQoa3F4yrun+rHWF/FsbgU+EUtIT09mBjaAEU9BsXcOM27daDv4FtnZ2WRnZ7N+/XqKHJ/tbDbRbrPxZWtPjuyY222YjzbTCbScbMRmM1NdVsbJsaFo1WBrr0P327exArVFmb2dK6HTbuKoweg4Q8+Cxk/Ci0Y+OKDk40BFBTYaqTrQBMBHlWXYAkK4wTH4yeiIxZWLpmGqLuQtR2W2njQ7rg8mdL/KpMKoYllSOskJMTRWb+HXeTUoQdTOydFzSU5NIia0m4rcTVS5iIee68ZI2r8QQgghhPj2kBEsYkRq3i3HRhjpG1YQDkSu/iX2vN1MOLGLEmBR+nMsDvcHwnmeL0jM3cl+S5wy/J4o0lKWKuMu7ionqyKUlMTFaAE/45/J3HUYM5HYz4E6KpEV82cDE6jeYuBw9BOO1zdQs90wRC6Vu+6e4yQujlbeNu4ka9cxWvt9LoiZU4Nh+5fcfU8kY4z7e7fUvVuODQ1xD/+Q8b52Jj2wmKjddVRvex/r1FAAWk58xudnQrnn8d/wnRa40cVgC/s50EQnk7gwEogk5VwTSbnvst+ylB/+f2HoC//MHstiojGwzQgRCffR/zBmDu41o45O6j3G8+dOkJhbD0Ddzg+BCJ7LiCcEYEoqnY1xlPxxJ18+qRxheVYG80OASA27ypLpsNuhayyLEhJQhc8mchyYm+1EhIHpaDOdHsqlh6tjWmvexQAsWZPGvCnA9HC+Mj1M7uHBfSEhd05FqytDO3U24cEtrK8wo45KJGWpUl+rX1DxaHwOFbvriV48spEBPXW/2lH3Pz34Lll7T9KKhV3vNkJwLEvvnYqqEx54ZAn6zBL2Gi1EznYueYsyosF5To61iqT4HPq6KkJJylvJBx7y7tvsvn6q79iHc7sIfyEZY3zWiM5Voer9r8e4jXY9nclmbqTa3Nj72kAUcdHBDKq1nn4WH2VLz0Qf9bTlvJq2kK7aIuIyt0N7B51Y2LNTOWbUyhdYPS8YS5WOFTl6ZW6YJ9qZzA2G7VX1MK+TfcrgFBo+aoCFdv5aB2HL5zCadwFY5hSLVduTOd54CiIn9B3PfIi97RCTnMbiyCAgnLqdBhEAACAASURBVHT8+Bgv7EftQBTPp8WhBaZxkIrMfZ7L2lEOw2n/QgghhBDi20M6WMTI2M+BZip9ty4hLF0RgqUmD1AzaULf7ZuvRlkYQbkFOwdqP6fbtf6vux2fVDle3HRTTwoBjFHDLbfd0HNUxqjB/dquPn0/dsOU8BsGbB+89oO9W8mPfdCwARVgJv/ZxAFJdNAZNJsnl+9nU2EFujplKo12WixPPh3PgAe8YO+G8JmTe18HjB3Te/SQe36EtjCLit1N3OBVRjvBxN4T3P8AliMcsMGUG8f25cyHQfrOy5uwW7Vwsue1hmt7ZrIQQHBP+XlrCeg+THZSPv1u6bVKGbkvF/fHVD6qZvxYp0+OCeip4P66nab3WFswA3fcGda33X8yszSw6+hwJpUMPPaAulcp/1FZj2NqB9rLSF5R1m+X48Yj0K+DJYipYRoq9B10gtLp5XUDC5Yto1PlR+exv1Ki74COIfLu55QFwLl+VCofoLtvxIp/GFM9xvdweIhbcNnBoolK4PlHvou9U8mJynecyyNbjhzEDIM6SAKuuxYA79BbCQZMPR0wPkC7lojvKDEdNHUmwegxuYjf/vyZ8/0wthceoKa2GSOhLFs2hi1bDlBT00wjGhLnhMARAA3jnWLxeg3sbG4Dp6uU5cin2NAyM6yvfsPnxxEO1OT1vxZ1uIrVgUbQ/oUQQgghxLeHdLCIEbHbgfYvacNxw4mFrdkvc9x3FGDjTEsXBCnTKeydym2iHbczOVynAYxxukO3A14+qn6ve6iAs043e+1ftvWOOLADfv4BDNugR9W2A2Gkv51Bz/iJhqpKmuzj8bE00OI7k+ffTkRlauDA+8Xkbi/jnf0/ZHW0dtBhjx9voafEOlv7ygX/SBZGqMnfVkABRtRRK5k+cDZK0A2Eq6H+"
04:29:08.900 [Forwarding screenshot on session ed2d6660-f69e-11e6-a414-872b36aae4a5 to remote] DEBUG org.apache.http.wire - http-outgoing-0 << "WFvfMVV9K5Da7YOHA5w+YQbC+MpFyfeUn7W2gPRCPaExCfzmgUiCtUHosx9GV++5XFzp3wfTPw6c68QllS/4BxAE7N1jJNGxHg1dp2lshym3TPCws/v8uKx7//Fo1WAMX8nbKfMc6ZiofLeesTPCBn18wo03AdW8trWetMXh4B3MvMVKZ4G15jAl+gPY/Tzn3X7Mff2cs5+j/2LFjRhtMHnQHn1UKs+LAnuK20A3+/h4+aMN0jJg6BT2gZOVXPe2OQVA/+1KaJoxfGwmWqvFajyojP4ZagQLEDLrHjSFueRuMkDoMu6951r+vEVHVpYBghcxMwjsR1xnZWC4+Y0dB+g59HkXkeFKXNZvzeYPJ8OJuYjVdrtH0P6FEEIIIcS3h6zBIkZk6t1zAQObdOWYLGaqil9mS3Ud/hH3EQZs2ZBDjcmCub6cDbpqUIdzQ+9N26DbtQGctw9zFQovMLz1JrUmM7XlOnINNvDBw3H6p2GHnl4jjPvq+w20CLt7DmAkP7uUJrOFen0Bz+bkkm9owfvUPnJzc8gu0GMPuJHQSdcpO7m4WVMFQGPJJkrrzZgbKtHpqiF4LlMd5TJ74XxoN2JshwUL7nJxkuMID1fTrs+luKoBc1MVL+dW0DNaJ+yOWYCB3+rKMVks1JZmk18HwfPvxvU4hP7GTAxmXKCK2nIdumpb3yAgN+XiSVDkfUQAWzIyKa+tR1+U0Vsngzhu1o/vf58G01hmR6ixVedToK/HbGqgOGsTjcCUW0feweJIwMVrLVPv0IDhdfIq67FYTJS+sp7cwnwMbYOPELJwFYtCoW5LOknrC9DX1FJbW0VxXgbxWXpAg69qise8e6qfO++YA1SjK6jEZDZRrnsL9yulKMVo3Pse+spKKisrqawsp1w/grgdYQkGBCodeWb9W+gKdKzN0fdlZEhBzJyjdEZV5/6abF02z2RV9Nu/y6RHl5FNeYN18O7aGczRQns7hM78Dv5BU5mhUTZN+/4sj09uGhiv3lNmEQFsz36ZGpMFU20pm7dUc7Rb7Zi+ONS1yZkd+wjaf5epCl3Gesc5WqnMW09eeYOLbUIIIYQQ4ptORrCIEfGfHkf68i9IL8wnyXGvNW1REg9FRtK9LoHMjHyyklYoG7QRJKWtJgRowQcCfJ3uP3wGfM3ct11F/xsk96+D+OHyWHbpyshMqgY0BGvApPLD18V+9MtD389BN9xGMHrKctNpe2AuPXd/QdPjSV/eyfrCQpKrCwHQhC0idVU03t5dJMYeQlemI7FM5zjdZTw0282315pzFKYnUgigjSL1ub4n6viH30ME2zFoYrjHxWKq4M38lBc4kfaflOQ8S0m/koCgyBWkLusgc0s+Sfp8wPEklbjpqGoNDLwb7ikX/+k/ZFHYbrYXphNXCBBMREQwBoORI1aIdFMuKi+V22NCCCkFqWSvfZH8zHTQhBKqgcZzLm5ggyYzJ1RNWUUhGR0afp/yAqcy1rNdl44yeUdDbGIWS4eYc+HqXt9l3Xspt9LRic9z+mwGJbnpOG73iViWTHy4q3SCiNugY1zBa/yxrAydoW9aUWhELA/+7CGm+wMe8+6+foKYTuqSL8gsySWpDFBrUfeegevzMum3oNM7vamOZsN/+DKcuHXLzSiO8AceJerDZ6k2m9GXmQmdFoa6bvBCtX6Brp/pHBmfwpITGZTUmanWV6MN1oKpb9XijlNG9HXVdH/vIeYPqucg7rg7jLKSo9wx40bAm5mztOgrzjF7lvKEH1exCBDg27cmTU9cJmWtJHNtLllJ1QCoQ2NIWxVN2+tvD7g24fKYve8H+OIX/uNht/+Oz/ejrzPg+wOlBXy2y8Au+/dYMX/KoG1CCCGEEOKb7aoLFy5c+LozIb6BuqyYWztRBWp7ZoL0bMBibsWu8kUb9A9ajMCRF99ALf4j/Yp+BMdX+QYSNDABT9sGHsZiptWuQqsdMA+jq5Y1cZmwbB0bFg9+NKwzq8VMJ27KtjcvWkZS9MoxVWiDLsMKndZ6stf+gfAnU5kfojwSuXhNHCUso2jD4mGNoOiyWGi1Q6A2aMQjLkZCScc+grjpwmJpxW5X4RsY5HIfj3n3VD+ObYFa7eU75xHE5lAsZjNcwnGUGAtEGzSw/TSQEZdBeFY+i0OuZG33Jnh5r0+XsYyFEEIIIcQ3n3SwCPG16aI8O4X8ahMQTHJBDpHf9AUyu+pJi0vHiJaomKl0GHdRZ7IRnZhDYnTw0PuLbxVrfTGZpSpSUxZ7nPIjhBBCCCHEN4F0sAjxNaov1VG46yx3PfgzFk7/F1kc01xP8dul7D/+JV6jJzHrBw+wMFI6V4QQQgghhBD/2qSDRQghhBBCCCGEEOISyVOEhBBCCCGEEEIIIS6RdLAIIYQQQgghhBBCXCLpYBFCCCGEEEIIIYS4RNLBIoQQQgghhBBCCHGJpINFCCGEEEIIIYQQ4hJJB4sQQgghhBBCCCHEJZIOFiGEEEIIIYQQQohLJB0sQgghhBBCCCGEEJdIOliEEEIIIYQQQgghLpF0sAghhBBCCCGEEEJcIulgEUIIIYQQQgghhLhE0sEihBBCCCGEEEIIcYmkg0UIIYQQQgghhBDiEkkHixBCCCGEEEIIIcQlkg4WIYQQQgghhBBCiEskHSxCCCGEEEIIIYQQl0g6WIQQQgghhBBCCCEukXSwCCGEEEIIIYQQQlwi6WARQgghhBBCCCGEuETSwSKEEEIIIYQQQghxiaSDRQghhBBCCCGEEOISSQeLEEIIIYQQQgghxCWSDhYhhBBCCCGEEEKISyQdLEIIIYQQQgghhBCXSDpYhBBCCCGEEEIIIS7RNV93BsS/PluzlTNdMNrfh4AACbmL1Wyy0u19NaP9fQlQf925EUIIIYQQQgjhTEawiEvwBU/dUsL1mhLW7rC6/ETF+nImTy5n1u3l3PZv+zgx6BOdZM0tYeLcPTRf6ey61Unm3BImBlawx9Z/S8WzO7heU8LE2P209dtidexTzgfHj7MgsIR7nzsKwMEiPddrSsis6HSb4gfP7WBi4FZeO9gFbUcd+x8HoFlf49jfUaa2L1g7t4Tv3l7OrMk7eCjv9EWdY1asUleu/k0M3EHF11cBvfqVy7B1sePVg+x3VNCg8hNCCCGEEEKIfwDpYBEXrbmikRKz8nN+weEBHRBA21E2rLdyYdQ1LHh8PE//ZyjXDzrK1ajVgOk83Vc6w255EXLzKK4638q+eucb+1be3eHoJKk+TY1zB0TzF+gPADOCuE3zd5qBk45dzY3KjX03f/eY6lXnz9NkVs66C2jvcnzeblf+r7paSWrXZ7xqgMCIQB56fCKPfH/MRZ1lt6Pz6MJkNTMi1Nzu9G9SiA9eF3XUy8+5XIbjg+feI+GXhznds8uA8hNCCCGEEEKIfwSZryEu0le888ZJLowaxaRx5zlecZR3Ds3koVudPuKt3OBOWhVB3rpJbo7jzZNlS3jcBl/frJdrmH3vtVDcjGHflxAxXnm76TT6JuXHq8538kGNlZj7/QForjXzyXmY+cBExgVcz97TwaBWmpPXMPotvTz0ZoyLmc2RL1A6ngD/0SoAlr0QQ+qdF3eGSr7gwig1he8vICbg4o9zJXkqF/f7jAK8GK1UzaDyE0IIIYQQQoh/BBnBIi5O8zHeKj0PMaFs3jiRq86f5/XCo72b2/Z8xL1RBj45D8f/aODeuRVsq/2cp+buIPPVj/jpDGVqyorNx3jtsR0s/MVHTlOErLz53E7ucEw/mnjLO6x99Ti9s3eaT5P1i3Kn7dtY8Nge9jc7pT13JyU7DvamM/GWbTy18SgDZgD1ConUEjwK3qs60/uZQ7tPYToPT/zuZm4fBeV/7ZuaU7vTAsB9d42FttM8FfsOKzYPngCl+IqKzVXc68jvHUt2srnY/fShtj0fsXDqO+Tu6WTPZj3RDytTh373g60seMxRTs0nyHx4R+8Un/C5OykxuD9mP0MMDrE1HWXtw+/0HvuOuTt5c0/fdJsTFTXce4uSv75Mn+Cpudt6y2B4dTCcculix+ZdLJix1TGVaSt3xFbwmr4VgEN/rOKp9Z1cdd7Gr2K3sWLjiX7l1+Pgtv0s"
04:29:08.901 [Forwarding screenshot on session ed2d6660-f69e-11e6-a414-872b36aae4a5 to remote] DEBUG org.apache.http.wire - http-outgoing-0 << "dTrGgl/s52DPkKu2Ezw19x2e2niQrMfe6fvMYzV9nxFCCCGEEEKIIUgHi7goB//UxCfn4d7YScy8/0buGgX1L3/G/p67Zz8VQZxXfm4Gb/Xf+fzkOT450MnmpM+oOKJsOtH9d078rZP6v9nomSyTu6Sc5BfPcBxfljx+LZOabbyatJenis4AZ3hq9i42vmHl7M2BPPqLcYTzFQeKTSxY/hFtQHeXjU8MZ3jqJ4d476wvCxb5cpX5K0rS/sbaHa2uTyhkPNHjgNIWDgPwFVXlZ7gwyp/7l0wmKgSObz/JIQA62VNl48KoQO4K94ZuG58c+IqPTHaXh96/uZKfrjlJffM1LHh8HJqKM73n70p3l41PzDZOnv07Xl5XoxmtvD9phho/9dXQfJQFt1SzeXsnwfddy0M/9afVcIan5u5g056hOlm+4uzZr8D2FTanf72ajETP+BuvbrcRfN84Hlrqi8lwhuT7ynvXNPl0p7k3f32Ztvcrg+HUwXDKpeK593hszWn2n/ViyS8msjBqFKbdrTy7aBc7mqHDasfkCDMNXgSMvrpf+QHsf7WCHyxv5MMmiHl8PPfOgANvNDL/xgr2tCl5P3LARknaIV56u5u7lgYSPu48B4qPMT/xoNtOOSGEEEIIIYRwJh0s4iJYeVvXyoVRapb+6Frgen6acA1XnW/ljb8oN88BU8Mpro7k9lEQvjqCd8rm8+Rsb7xRpqlsrHmAE8fnk/fIeLwClaN6AW176sh4Fy5ETGT34fvZ+OJc9h74DoGjoPQ3hzmiP0yJGQKXfof6shieWxfNe4djWKIFTts465TLwPtCqTl8P3m/v599W4MB0O9208FCIPcsugY4w6EmADN/KQVitMxU+3Pn/WpoPkPVIaDNsf7KwgncrnZk3J2246x9xsqFUb7kf/wAeS9G896xKGK0wyvpmY/eRelmZXrVwvR5FP/3VGo2fMSB87Dkd99jb8lcsv57Pkd230rwKFj/G+PgtXCcXHX+K1ZN38b1121jstO/tRVW4CvefP4TTOchZkMUe0uiyXrlfvZtvRGA3z1RSxPg5e3isuGmDNzWwXDKxXaaV7JtXBjlzzsHF7Bx3Wzyyh7gjV+oueq8jT21VmY+Gs3//tqXC6PUpJXdT9aj4/tnwHaCDb9UYnXT3h/xxot38cbOH7HxcTVXnW8l5/XT4KWsgXNhlC+/O/Ajil+J4b2/RREzCvjYyplh1JMQQgghhBBCSAeLGDGb4QivHgFCgphMJydMnUyapSy8+vbGw31TfazKCILexVtRbmTH/Phmltx6DQT4c/2AtUAsp5WVYuN+NZWQnjdDwnin8i527pzG5Oh/45Mj9/Pu8zfQdOgLPqg4zGsbP+ETR6LO9/n/b2VY76K610dez4whon3696/jqvPn+fDTTjCY2XUe7o2dCEDk3LFcdf487+86g+2zZj45Dwvnjx963RiLjWZg0qrbuT/Y8V7A9fzH6sCh9uxldZRft70bsLLf4Bhx0tXGjm2H2bbtMH89/nc0ANXN1A4xrSUwwp+Y+/y5y/FvRoQ/E0dfDXTT9LfzXNCO49dP9C1HfH3MNNbMAZpb+XSETxpyWwfDKRf1WN44tpCaj2ejbTnD/j3HKXl1P29X9Z/j1N2tDGHpdvHQoLb6Znadh0mrblNiDoBrWLLmNm4fBR/+5WRvh9SkhFt4IMTxmYAxhM8AGPVPs/ivEEIIIYQQ4p+bLHIrRuyvW44CcNWRk3x/8sn+Gw8c552DM/jZ1GvcjmqYOMl9t8SRGmWEidqr/xNgQnoWnqWLnZv3supFF+MKBvVZ/L3fz0M9+Pf6SC23jzrJJ387xQcBzVwYNYr77goCYFzkeGaMMvG3PSf561kLF0aN4t451w5xRGg+0ozpPFz4vP9EkxtmBADuRtN4cnVvsZYk1VIycPOoc5z1sMbKhVFqNpfN53suq6BTGU3UdDWj+73vzaxoX6g+76Gzwd0Te1zXwfDK5RpO1XzML574jANmtwkPy/FDAyb6eF2NN/Qb9aTRqC4tESGEEEIIIcS3mnSwiJGxneCN/K+4MErN07+9kXFOm5r3HGNjsY3cN47xsxcnuz1Eu4eejtHXqQDboBv5gxWHqTur4oaOY6x68QwXtP48nRLKneEBTP+uF3mxFbx0Mf0VzsZdR/QM+N3Oz/lftRXGjWd2z6iHgAncFwXr/3aS4s+UbREhng8H4D8pgMBRJ5l4Q/8ejbOWobp73OsGLoy6hk0fziNq9N9716ztPttNN17cMM7T3nDWittHNnUDhAwc6vMVR+ptgBfd9PWbeTl3qlg6OAlMHOY5DKtc2o7ziyWfceA8LPiPm1kUPY7bbh/Lkc3v8dMXh7kyiuORzeG3+g3a1AUw2be3M8lTXAohhBBCCCHEUGSKkBiRpr80KVMuHr6V5Een8jOnf8nPK+uAHM//TFk89CLcdocyYqS0uMnp3dNkLqnlV480cegTZR7Iz/PnkfzoLXzvzusIOHWa9w4AnB/qATlD8Od7c/25ynCGkt0QvkjbN00Jb+76USBXHbFSYYDwRRMYRv8K6vEaJjJgAWA6efO/T3vYy5OrGXutspaK0QzXhwQSEhJISJCVtXd/wPy7/8anQ/Q9eBqFolErI5Neq3Cab9P0GZtKzwP+TB4Ht0UrddRs6Svt/X8x0Xp++GcxnHJp/ug0B85D4E+nk7f2u9wffT0h47rZX92zg9LB0w1cdd7GccvgdAJuG88MxwLMe5zKZX+JskjzpFsD+Sd9YrUQQgghhBDiG0Y6WMQIdFGap9wA/7+Hbhi8edwN/CwGrjpv5bXS4S8N2u008iTgzlt4SAum4k+597E9vFn0ESvm7mLXeZiZcjN3T1dGIvwu/UPe3HGUks1V3DHjYz45DzRZqB3hGiEDTXd0HgBEfb//gqm33zW2b9sPrhveAQMmsWa1L1edb2VBVAWv/bGetUv+wsbdF5tDbx555mYANi8u56fPfURJ0X6W/ttedp2H8NU3c6en0Sl4ekqzN8tSHAvaLnmPp57bT+7GPdw742NM5+Hu39zMrYCXt9JF8/bj75O88aP/n737j4uyzBf//2q3gRFk0Akbs0kFC6dFICRQUBdNzKhczS+t6Zr1IPdgxamwPqSbGiUW8nGlWio4kd+WdWPd2HaNjHBxbQrB5IwGyDZiDpaT7izsKBAITOf0+WMGGGBmADGt9v18PCy4f1z39Xu4r7mv6ybriVIWPTnMx4eGkC/jbhrHT34EZ39Xx6bXj1P2Xi2PzivtOaajy54SzbX2BG+75z0y/viPAdd5yLEA89LQUnL/eJzcp8pYlPovvvnRlTyy6hq3URzZYJ0QQgghhBDi340MsIihaz7D3kr4RjOexTO9XRzgzaIk+ySR4t9/TjP2dS5U3j92OgJUfU79MddOc/59DFkVMTxw65X8fZeZtIc+410DzP7PG8lbdx1Tf34zG5ddyRWGf5F2z3/z6JOnUd07iUeX2d8sc/Tvva8pDhjd91mN/nFxxf+m8cz+kf2NMj+N8uuzTxk6gTs1jn3hzvt+7CJdMGGs/frxm+aS9R9+XHHiHBtWf0p+2Y+IX2wfFOiOoau4BYzu+3v3scrImygvvp4IDZRt+4xHHzJRbrHn0RubJrtNm5cSQMFoD6u2jouL4m9/CCKE/6Vom4nNG83U8SMSN9/Mbx+1L1frPzOM154YwxX/+zW/3/gZL/5XK/H3XcWYH4G3X/80uC+DQfPFfzJbc8Zzxf9+zeup1dx3zzHeOjeGR39lnwN1xPFGqNCFgcz+EZw70c4rT5n4R8+17de5fdutvPjEGK6wtLJ5dTWbf3OOb6b4seX9+fxiqjfuyk816ArGQgghhBBCCNHrim+++eabyx0JIVxpNrditf0Po9WjGeffd7mg5sZWrF+53vdd1dHczhlrF17qMQPennRhvubLhq/o4seMVvsx7qLOdekNWx3o53oaTXM7DdYuvEaP5tpxF14Gg+ZLRzsNZ7rwUnhxrdbHbXybG/8Hbz9vlO4GRrrj6zEcIYQQQgghhLgw3487U/GdsP35v/Pr5/9+uaMhxCX1+PqfsHb9Ty53NIQQQgghhBDf"
04:29:08.901 [Forwarding screenshot on session ed2d6660-f69e-11e6-a414-872b36aae4a5 to remote] DEBUG org.apache.http.wire - http-outgoing-0 << "cfIEixBCCCGEEEIIIcQIyRosQgghhBBCCCGEECMkAyxCCCGEEEIIIYQQIyQDLEIIIYQQQgghhBAjJAMsQnjyVSMNp7+k8auOyxeHzkYaGhsv3/WFEEIIIYQQQgxKBliEcKPhw3SueHwGQc/M4erHMzFfpnjo/3AXQRueo+EyXV8IIYQQQgghxODkNc1CuNRIwV8KgAmkxi0hRHsb2ssUjw+qTzPppnkEXpbrCyGEEEIIIYQYChlgEcIlb7y9AZawfcUTly8ajQaK2mDFzZGXLw5CCCGEEEIIIQYlU4TE0HUeYe2m25izdgkvHLWvCdJ4JIc5629jzvqH0J+1H6YveojQ9bdxR2Yyc9bexpxN6dR22vf9+fUHmLP+Nha++ib2VU1O8kzGbcxJncOctPghh7301T+5jGLziXdYm3EbVyQH2f89MpuHi/bRAez57QomO8WFxn2sWDubFb99v+f8Y39LZ/J/LmHJk3GstwJtrzD5kdt45ajrNVCOVf2WFZtm91wvdNND7DL2Hnvsw+eZs/Y2Hnh9G7/KsB8XuvW3NNPCn998iMnd521NJ/PVB5izfjYPFH3cc37Dp6UcJZh5N147jIISQgghhBBCCHGpyQCLGDrvKUyknvK2Gl7/yADAoYN/oNxaT7n1fUo/awRO8scP3+eotZ6vrwnmXFs95ZYC9hzvAI7y1qH9lFvr2fvJuxzpBE7sJf1UPeXtLUz6sWnIYbeNczFh5+z73Jn1GNmnvmL9ggwKfvYQd115mlf++ku2HmlkYsAoPrcUsO94CwDHav9EYdtpCive4RgALZR8UMDnXQHEhi9kNgATWBp5Jzeo/QZc7tjfUtHlP0Oh5XTPtqOW97knewbPVH0JwBfH9ZS31bPj0Cs8f8pxXICW8td/zlL9+3zefZ6pgPWf7Kfcepr65q96wjv037tBfSfRoz0XTfoH6VzxzBUu/6V/kO75ZCGEEEIIIYQQIyYDLGIYVCTMug2Ao59+gJkv2fdp7+BCcY0RGit4pRNgAkkLfsmDGvu+PTXVdHxuoLDn6IN8bG7BcOQD+6/qe3h47jDCjp0xIHbNFgt4TyD7P9/jucQV3HvHE7yZ9BAAnV93ERq9mGnAnwzVABz6pNJxZiXlnwNfVfEnC8yOXU7ainTuUAO+S3j6vhQWTFD2vVjnx6zftRuASdf9kprMv3M+o5BUtX13+u9+wzHA68re8x762W8x/udr/FccvHSoHoDZN/1fzuWZOP+rV7hrQIqOsPsY3DVjFv4D9vWVPjedp+OeHrD96binSZ+bPsjZQgghhBBCCCFGSgZYxLBMjf6Z/cmOznLe+XAPVZ29+45+to9d+n32X9R3cMsEFfMdAzLltX9jd9WHfcL68ON3ebfmIAB3zbiNmGGFPTBu/rr7+Oi5XK757GUe3v4AC9dHMOo3r/QeMC6GX6ihvLqcRo5ScqyZW6ctZjbN7DPW0/jpXykHls+IAlodJ9nocpUR7V/RPRFoxR2rCR2rRDluBmsX/dy+sfMTPjvrdLz3z3nijjlMnTafmKug3bE56uaf4g8oJ93Gsql9h1E6jAcoBO6IuNFVDAboP8gigytCCCGEEEIIcenIIrdieMbGslwD5ZbTPPz7TABmT/slYadf4xVrAff81X7YXTNuYxwwLvpnzH77fcqtrzn2+ZMat5i/6gv4s34DfwZgAsuiI2Bsy7DC7q/Z+F+EZ2fyOTBJPZP5E3/By6EmHtZ3r7EyjgUzZrK+RM87f1NQCOTf/iCNp3ez/pN3iPYpBRYzX6cCXK+50kPherO3Qul6h68/rmb5OB/9la3vviOHy4DFAWej2gAAIABJREFUzJ7kJkwXnAdUZHBFCCGEEEIIIS4deYJFDFPvUynd4mevYsn1wU5bHAMm0DMg02s6v0hIJNp5k3qJ44mUYYbdz6EDBXwOZP/nx5x8/k1ef/AJ7p6scuz1AiAy+k4mUc/qXa8AtzF7SjAxujAwvULq0WZmx97J1CHkAnjh4/ipuPw9x3DMSX5futux9UauH+t0uNPTOCiczv3bLo51dtBw5L94w9TsdFAje/+7hknT5g0xPr3S56bL4IoQQgghhBBCXGIywCKGrWeaEADBxN5wLTfdOLP3gJ4BExgwaHLdDCLHTmOu03SY5TPm9zyRMqywv/qIFY8EsfTNj+y7rpoIwIcf/xXDiaPs2ZNO1G//CIDh70b7ORPiWOFr/3HS1NlMBW4K673i/zcjqufnzn7/bzyaw+TkCPtbjkbP4VdxYQAcPfoMVydHMDn5FlJP2QdJUn/xoPuBkdFzeCLWca5pO7pHfkJQbiblzsd0v545Ul7PLIQQQgghhBDfBzLAIoZvbCzLr3MMkGjiuWk0jLtxDrc6difN7juFx3nQJCkiFoDZNy90bAnm7llOT6QMM+x/dULjefsqKZHxj5Kq8efPhzZwc9bPuPOdAu6I/SV3ecPeE9XYhz6uZVGsfcDmjpvtcfH/yRz7ArPePydBp+oJ2xvAW2H/P4Ctlc9p5p+O68Wt+AN7F9gXzoVmxxuBgnn+F++w/afOT910B9ZrwX1/Ye+CnzPb157WW29aR/5NYT37zcdLOcoEeT2zEEIIIYQQQnxPXPHNN998c7kjIcTF1Nj4JZ2An+pa/L0HPfwi6KCx8V98BVwz7loGXzGlkVe23sturkUbMJ/MB1YwjkYyN81gvQWmRb9C7cpIGlogcJyr1WaEEEIIIYQQQnzXyCK34gdn3LhL/dSHknHjrnW58K5r3nSdq2evtR5M+9lXV4BfWz1HHXsX3KAD73EEytiKEEIIIYQQQnxvyBQhIS45FY+tfY2H1PbpQZ/3DK7489CC13jup5MvY9yEEEIIIYQQQlwImSIkxGXU8VULredb6bzSi4Cx44YwvUgIIYQQQgghxHeRDLAIIYQQQgghhBBCjJBMERJCCCGEEEIIIYQYIRlgEUIIIYQQQgghhBghGWARQgghhBBCCCGEGKEfp6enp1/uSIjvi1ZK87IpLCunsryc8j7/9lNe14Hvv/bxyjtniIqZivdFumr12zm8XHSIq0KjGT/KaYelipzN28greItPuZ7ZN17dJ67F27OoU4Vy49Wj+gd5kbVSvD2DvzZpiJ56dc+2fXnZ/P8ldWim38zVjszorC/l+ax3UIxt541X3yMgKhr/06U8v/19AqKie47r0dnAjudzaAgIJajtw57j/E/v4/nt7/Wc06DfSea2Fyn4Uw1Tbolj/JAy31157mf/Jy2ERk/l2845oE8aBy2rTgv1pjauumo0nQ198+BislbtIGXbEWbeFsFoxzZX9bCzQc+2zN9xdtJ0pl7liERrHXlZv6HM+A3hNwf1tIO64hx+s8fCTdOvoHDbK5SWV/ZpQ/v37+fE1xP5ydf7SX6siOvviOPqKy9uuty5KHnpVDaXU0NVBedU1zF2BHWi1VzHZ+f9uXp0/wK4lP2Ka/XFObywx3JR+9hhtcHvoG+zL7gsLlY/56FN1pfm8cJF/qwelNNn9lHrOfR/Lu9Jl/s2J4QQQny/yBMsYhhsnDMfp/74cY4fr8NgMGAwGKg7fpzjx+s5bmqk8fghjJWf036xLtlZzZuFeow1et78a12fXVVv/Ra9qYmA4BsImXrNgLger6yhrsl2sWLiUfspI/q/lGPt3tBpYm+ZAWNNGftrLT3HfXbkb9SYTHS2fUqNUU+TDdrOHKfG+DEuo9p2hv01NZxstvU5rq2p93ww8+f83ZiaVQTfcDVD//PUxslDBmoMBo4fP+70r56TlnYUI8iPYXFKo2et7Hw8hafeNtpP65MHF1MDL2eVEDBzBpruTW7qobc/HDfVUH7ki55t1tr9lNUYMZTtxdTZvdVC+R/1GC02fNuaOGyowVB3vE++n6yv58umFryD5zLLq4bM1youdsLcajvzqfs6OCR9y+Zyaa3KIy3rVb4YSZ1orWJ9ajrFxnMudtr4vLKG+kvUr7jS9PmRi9vHwjDa4HfTt9cXXA79+rkLbpue22TTxf6sHgLnz+wpY5t6y8xjmxNCCCG+X+SrAjEMapZtfp1lALSyIyWJkvPxvPJ6Mn6OI6ry9oPKBx+Azk7wHtl3"
04:29:08.901 [Forwarding screenshot on session ed2d6660-f69e-11e6-a414-872b36aae4a5 to remote] DEBUG org.apache.http.wire - http-outgoing-0 << "Y+byfZgcP5veLcW8LASt43cvxXlQzmPrxiSXcX145w7w9nOx72LzI2KOjqJCIydaQe0HrUZDT7yPHDRCrAbo5OhhE2gTiY1bRuz0X+LtB1aFAvAaMKDRCXj7+uIPeAE4HaeOSmHnDvv5dH5BXQfEpD7L2tjhpVcxCiCeF5zK8FIakMZBdJ0H1WgfoF8eXESWfbuoQcuGJSE929zWQ3UoszRQctRE57IQvIHaw903NCYMRivh4WqwnqC2A8JuicBbcYbzQNwjL5AS5TrySx6IoyT7Tarui8XNIReXmzo4HM5lc9l42f/jM5KEeMF5YLSPm7QoweuSjT4OpFAASsVFGwAdbhv8Lvq2+oLLpU9bUigAf3x87b92wpCfOPHUJhUKnD6rhxHoCPT/zL7r1k7HZ9ggbU4IIYT4HpEBFnGBbHR/odYOTjfno6DlAFlPHsBoagFUxK95kuT5wQBYq4vZuq0AUweAkrhV60hZFIJrrXzwbiWo4klbYSMrV8+eKivJUWqqdjxJVlkLUMLd937J2kdC+P1Le1AEgNncQtDiRwmt/QNdic+SFKUGazV52a9RZrQ/TRIUs5y1a5eiwUxxTh4FesdNsVJD/MoHSV4YQmvd26zP/AhtyGgMBqPjvFU8uXYR6n4xnRQRAYWFHDO1EhXuh/HgYVDFkBhhokhvwEwc2s7POGqCoMQIuup28VjmUda8uJkp/cKq35fH1twyWgCVRkkLENo/Z7rPfy6Rd9Zm0wJUZieRWptG9gp/dmS9RIkjrdrIRB5ft6xnYGqAUe5v1TotVbyWk4ve2NIT1iOpywj0trIz9f/QteL/2vMXqN65kW21U3lx60pO7dzIG+ZAppzdj97Ugb0ebCB5fuCgaawr3cGr+SV0P/fTXVZNu7IoaQH0Wdx7ajHPrVKQ7sjDKLWVfTteJrekxn6SSsfqJ1NZGKweVjmChb+8aYDINYT33HC4r4egJnK6lpKSTzjNIgIxY9Bb0MYnoikv4vDBEySFq7GeqMWCkrtuCgTOuM3vburIeQSh550P6olaFOxUINVsXr2Nsfc/S8r8QLBWsfHRl/C9ax3rloZAazUbH9pG4CMv8ouJJ9yUHVTv3MxrxxT4njZgalFy+z3RTle38nbmZgrrvFjz/LNcd+yNnrICDfGr7e3DWV2/snlx60qaK3bx0qtFmDsAVMSteoSUReED0movn78xdrICo9EMQNjiVNJWxtJV9zbrM53b9QaeXdDlMl0Bxp08lFEGQFbSk6TmbSVWUe+hLbSyb8cLvFFSQweAJpKUx1dw6qUs7ElJwrJ4A5tXDoxzT7rd1FUNVnZt3MRBfGkymujQLiYvewEHtm+noNI+VKeLieRsXRv3vbCZKL/h9o3d3Pdf1SNog877+pa5qzx7mLhAP1ob9Lz2UgGVZvtZSm0kqx9JJS6wjV0bN3HYV0ubwYAFUOniWZuWTIgfQCcVu7LJLjLYL64KY82Gx5gf6AdYKd6+tSfPlJpIVq9LJU7bdzSg1ak/1Z0ZTnt3n3/OrNU7eTSjlgfzthKrBrM+j/U5Ju7P3sp8LVgqdvDEq1/yxCsbubLCVZ2Yy1+ffJSDmvvJWTvfvqOzjsyHMhm94nlS5vf2zv3bUnoigIV3sjeS5UiPNmYVGx3pGWp/+eLWlf3SPwpa9rMpZT9mSwcog1j1xJMsCld7LJPB+lN39XjgZ3Yw+S8dZc2LqRzb3LfN3XvNwUH7HCGEEOK7SqYIiQum6Pf/3t9aOD16HmkbUokP6qIs9yUqrNDZUMyjGQU0TU5gw5YtrEkIRl+Qzna92fUFzBWUmiHo1nlEzZ9HEFD2zgd0AlPmrSBBpwRlGKsf/BlqWyOWjhbM5gkkxMcwPWgc505bOGezAWZy/k8GZUYFy1PTSVsdj6mykF/lVbEvM5UC/UkWr9nAli1pJASfpyz/VSpawdbeiKXDjMEAq9M2sDpBh6mygLeqrAOi6h0YQRhQa/wCsHL4kAVV9BxunzcTOEKdBTh9DCMwI3oStvZGWjpOD3g8u7VuJ0/lljEqMpH09DQi7Lcx9H86vOd83yDuWRMPgC5hNffPU5H32FOUGH1ZlZZOemoiNkMRqRvfphM3LAd4q7iU4uJiiouLefvtfZg7ARrITslCb1SxPDWdDWsW02IoIm3dTlqBc00tjvy162o7Tcfpc46fz2I2lHBk7ELSNqQQp22hLDeX6k7PaWytziM9vwRF/CrSs7aQkhiDqbKQ31dYmBgxGw2g1CXw4IpoFE55WJW3idySGiITU9iSnkLMKCP5T21CbxleOdJ6gkMtEBMzbUj1ECBoRiRQT70FMB+hEph56+38NEKJ5dBhWoFTtbWgjGCaY87RKODUx+9R6sjz4uK3Kd5X3VtG3iHcEgbGv+ynTyy9gwgM6EC/9widgKX2I4wdHRg+OkIrYK39CGOHF1MmNnssu642CxajgbbJccTHzEMX4AWMQqGw8vbGZAoNZhY/spb5/ga25pYRkLCGrOwtLI88T1l+Ovp+Wde/bK6s30VadhFNkxNI25LOqvgJ6Asy2FxcPyDL7eVjwXhSTUr6FlITI6nZnU12qdmxz7ld29ymi/DbWb1YB0DMqkR0aovHtlC9M4PckhqCF6ewJX0NYc0GctLe5PolCYC9Pd0zN2hgHemuKh7qKkDbaQtmo4mIhHjiQq+jNmczBZUm4lalkp66nLOVBiwtZ7HZLqBvdPDUf11oG6S1wm2Zu86zlzFTR0ZaDpW2EFLTt5CeupwAs4Gcl/5CK9B21oLJYCB09Qa2pC1HZSwjPWMXrUDdrk1kFxnsbXdLGnGqGnLTNlFlhfpdWymobGJ52hay0tcw2WIgZ/0b9G+5zv3pcNq7p/xzph5/HV6Y+PCIvTyOlJXRgYmKIw0AfLKvhA7/QK42uasTNkJDA7BU/rknbMvBUgwtcMPUvkPf/duS48EVjI70rFkchrmygDerrMPqL33pTwF00KK9k/QtacQFmCjI2ESF1XOZeMpfT/XY1We2vczUzHJuc1FNQ+pzhBBCiO8qeYJFXGQ2IIbnNq5EA4RRS1nGIQBq9pbSgYqV997BeB8b1y1ZSsyBGir/8gGtcSsHTFGp3vs+HSi5ZdYkAG6NUZFbuYdyy1LmB4YTqfWn5OTVxMaGY6s6CMDyLRtYGuwNWMl51RGQ5Rgft0B82kaWRqmBENLx5SigCV3DmvlBzI+agNXSiC54MiU1FpzGDViVtZmFgUCUivKSNNpsribDBxIdBvmHTXTe3syhFoiersMvxAstuzn0iZkQ6oAwIgK9ock+LNX/2ZHa/fuBGDauW4YGCHk+DWNSlovrdZ/vR8js6Whyy9CExqKzvUdGC+gSVzBrSgA2FrAi4SDZJXs4aF1K3MCvcIEWSgrynX7XMH7ufPw/O4ABWJz+LEtD/IAQnuOfpOTu57D1dlcB9UtRDM+sW4kW0N1vRJ9xiHNtntPoNX42q1fruGlhHGOsVnyCrkWJfeqCX3As01X5HNCEEhsejLVqv+OKDewrs6CMSWHdsjgA1j6v4IGkbMoO1BF6nT02QynHVpORFlRE6npWX/FcDzXgd30oWnZTd8JKSOsngI6IQD8CZs6AykPUtt7NqcMWlDNW9KzpogBM+qKeaUf2bI9n1vzwnif11VerYMB4hB+zbgljd8HHfMZSmiod68GYa/kCaPpQD5rFBDcdIMdt2a20TwsgknUbU9AC1qo8wELuY4/S0qJi1ZYXWBTsB9YTADR9+Rlf/CuIuf/xDNOaYFK/etS/bKryXgIieXZzEoEAwRtoN62k6I/7sS4KdvEkASx/diNxgUBIKqcOrqTo/Q/4aoVjn6Ndt9btJMlDuqaHamH3WebMjcK3bhdlbtvCLGpLTRC5ho0r7XUm7Vn4/YGv0Uao0VCCJjSWEK37OSee6irYe0JlTAprk+KABjLvtqCKSyVlUSwAz3Ka5OwjwPD7RrtOrvup+/7L3hKH3wa7R3MHlrmF19zkGS0BLF69GkVILFHjwNJoI1IH5pON9kGP86CKTyN5YTgQzro1J0nJ3cth6wKMe02gTWDZglAU7bDk/kT0GUV8bLQyx9YFdHHyWANTZ91E"
04:29:08.901 [Forwarding screenshot on session ed2d6660-f69e-11e6-a414-872b36aae4a5 to remote] DEBUG org.apache.http.wire - http-outgoing-0 << "StYWmhUBLurPwP508PbuOf/60ExnnhZ2V9TB/HYOOR54qf+kHhbZ+FsN6FbNQj2+3W2dCF9wJ6rduez7oIHYRRP44C+VEJTI3H6PFrrr55Y7padidxqnTGfwmjv0/nIgx2d1dx14NpUjSdkcrD2Gr4cymaJwn7+e6vEvs1e6/MxWAIEzQ9HkONrcuFo39c9FEoQQQojvIBlgERfZeVD69vyh29blvE8BWMh/KqXvKaPa+k0zAmigZL/928L81JU43/6/u6ea+UnhdHEecH66Q8P4awZOJLee+JQONEzX9f6FFrJwJSFAa/0+/vxSGrl9xjA0Tn+oq7jKv/tnf7RKaHOdcEKiwyC/joMVXrSgZabOD9AxJwgKDx3ggKIewlYSCAO+ge2mUIwCunrT5Kcj1MM1Aeiy2XPC1k5bs/0JEmNRBslFzgdp3a/ZoIon7/XkATct1hNtgJLrruktGR+V/XtQ12E5v33EXg+6Z9TbHPVAgec0eo/x59yRfFLyc1yE3z0trd/dT1sTFmDGTF3vNr8pRKug/GQTXAdDLUdblz1sRU8CB6+HeOuYqYW9tVUc+mcN6FYRDBA6HQ16Dlcc4JQFZtzXG78WIC41j5RY93cN/hMmQ0fvuj7dAqNjURbkcqSqCrOhhZjlyzlVWMjHFRX802C/0fNu34vnsjsPyrH0X/GgpaUD6ODzM80Q7AfqWB5ZdZiXCsrIqbFPv9GEJfDIY0kE92mwrsumt554o5uqgdNuk4u/j9OxoRrYf47zKHBu17Z2z3XSXs/OY7MxSFtQoPAC1ejeOusdOJ+kQKC1oqc99e+VnHmuq0AXBIdMtP9s/YLjQMT03gmB6ik3oOQINkAxrL6xJwZcEwC73PZfF9YG3Zf5Evd5BjR3HWd7aj59o+JYK6YLQkIn9mzuKbO2U5hbgJYS0pJL+qTulPEE4UmPk2j+NUW786ncDaAkMvFBUpfFDrJkyFDa+2D558yPWbfo2F1whKrqRowEsXz5WAoLj1BV1YgJFSmzAvH2NbuvE5rZ3BGUS2HpAayzruNdM8SlznWRDldtScV4p/Rcq4L9jc14j5k4/P6yx3nQjOlNq5cvAYCp5hPGeigT+zwyd/nruR4P/Mx2cPoMG3qfI4QQQnw3yQCLuGRsthZAR/pbm+meTV1fsY8G23jG9DvWWrUXQwdErkpj2VR/2m3g49PMnl9noS95h/okV+sinHf5t6RvwDhAz7EvOokKsf85W/f2dv5w+hpG69+mRhNDWtYv0AVqoCqPpKxD7tPgIX3am2JRkUvBTiBoOTo/AG8iZodRWFBEERCzxvM8cpvtPH0XGzVh7GDAOi3uKHztZ8an5TnWCIFWcxUfHGlnysBnxHuv6zoyQAf/auoEtfMNLo6bQvjqfO/hLWebh7RKpqc0Vr3xNEUGSExNZ0FoCGqqeCApq3fEowvn0Q87X3/UwMcHjaTEOp4R6fwHphYIvuEaYOBbNNyVo8JLAXRx3nHAUOphMN6ORY53UghEromwn+wXykwt7M4vALQk6voPpnh+LUjz6ZOgjGZK/5sKTQTzNLA7NxfQkLZgLqaPCinKzgY0rIkOhBODl91ASlZnb6MrL4WCnExCQ3OYST1NPtN57q0UFOZ6jnywi9zdJbx7+A7Wxmn6nu5UNvYy7usfX1oAnZtUK/v89kWDBfxnMoo2+rTrQepkD8XgbaG2C7q6es/qbCglI/c49zw23RGG5wU3B6urNsDXz3EXqr6GCYDR+IVjwWuwnjhOB46BoWH0jb3MvPZU7rD6r26e2mCn1V2Zz8LXTZ79bLEPWQV6guJX88ySKLQaNfrt95LT/cItLzCZmnrS3t5dZr7j0SjBGLKGt9Z1r01iZt/eOgIidFjraxk//3HeWjeOhjoDB4rfZHfR6xxcEOvmaTw36b0I+RcYPRdVQS65LxkgaDkL5l7FnsIcsrIMoF3MdDVU5XmqE97MXRxPYXYp//VyAB2EcWusxuW1XPZz/dLjxQX2l86abb11oKuNJiAkchpeh4rclglnDruMDwxej78YcGY/Ch8P9c9FnyOEEEJ8B8kaLOKC2fr933mPqz9odXNmAUbytxfTYLFSp9/BU9m55Bua+n2L18mB98sAHUsXRREYHExISDCBgVEsWRQJ1LBXb3FxBde8g6OJBHZvf5kqsxVzdTGvFlZysusKugDGXsvECWNor99HVlYZMGqQW183NNOIUEJLB4TNjuhJU2BErOP2UUVkhNulZgHQzZgFVJKzYx9mi5nSnDfxvApDX37h8wgDynJfRl9vwdpQwQvrsygoKKPZxVe+3ffBrv4EV0fOQwcUbs2mymzFUlfK1pxKUIYwUQ14geHN31NttlBdmkOuoQNGOdcHN/XAUxptAAGMnzgRX1sDu17IpQU4ZToDqLk+RElL7UdU1DuXfzCxkUo6KvPZoa/DYq5nV9ZLmIDgAa/vHiT/gnSo6ODTE1aGUw8nRUQA9oVEY6Z1l7Ef0XMcT61oZzoG3IbOZsPN62rUzL5FBy0toAlF56dmWmRQz3WiNUMoO/sV+pWPF37+GhalpqLFQs7mnZw9c4jc3Gy279Bj859E0HVX2w8dEK2+ZaObEQ0Y+HVOKWarleri7eTXgHbhHFzfInXwRs4O6iwWqou3U2CEsIWzGN3/KoOly2YDWjAeqsPLY1tQEzpDQ0dlPjsr6rFa6vh9bj5G01kU3vZcOXX4A+rNHhZ+8FhX+xwEBJMQr8FSkkVOcQV1FW+zKVtP91NfQ+8be8O10W5/asBj/3UBbdBtmY9xn2eOwduxE7SMG6OgujSHnMqOnofaFKPAsruA4mozlvp9bM+pBO08QtUaQmeowPAGefvqsFrNFL+WSW5BPoZmOLH3dXKy1rOr6jQBE6dwzVgF9rWC3BfL0A0l/5xoIpilsTe7oOnT8FOHEqGy7wq7Jdr+lNEgdUIdeyuRdGCoMaOJvw1XE3fc93N9dQ16vcHCUUFHGS/sqsBiqWfXC6/bp0dOCfFYJp4Mvx472Hrb3PFq/RD7HCGEEOK7SZ5gERfM/gVx/9eFjgJ/n4HbAHV4Eumr2sksKCCtsgAAlW4xGx6O6xtwaw1/qwFNXMKAP0C1cxPQ5RvQlx1ghnZUzxMT9icPRvU51v4sAkAgqVlryNiUS1ZqJQDKoHg2PnwP5yefpKawiJSV9jkEuphIlJUGao0Wpvt6CtMVDdNnaNDrzxMbEegU6WnMVkHZqGhC1a7i2/uzOiqJDYn/JKMol9QSQKlxDM4o+hzX/3xVz8UCSctKISMjh5zux7SVQazekubij3kF4ybgftqGdwhpW1aTsTmfrNRkRxIjSd24lkDgjlUJlOeUkJFaCajQqsCs6J6S4KEeeEhj2B0/J0ifT05qEjmAKiiMIGUNpqPHYFkIQRERYKgk+6mzPLUhsCfM+eue58zmTHbnpGN/qF1FQkoWy4L9aK0eRjn6XcMNwJHDRghVDKkepsQtxTswgkhlIQb/WYQ6jSAER0SjLDQyeeY0p2kein6xcaWeffoWNPGhLtcrCY6ejarQiGr6dPyA6yOmw25T743eIGXX1K98euqTDVDH8viag6Tm7uY109OkJBwjpySHlJIcRzDL+YWLb96dy2bLW5vZsLyNjMJ8UvX2iVXamFVs9PBGHk6XkJ5iL72guNU8tigQ+pfdIOli4o1o0VOSm077qDyPbSE4ZR2nzmZSlP0Uu+0xZPmGhwlWtzMrSElJWQGb21T8bm3f/qm77niuq9cMqGOxyb/mPJvILchGjxKtBrpf/TLkvhHs+eE/Bh+C+dnySLf914wLbIPeIXe7LXNNrOs8uyncxmLdAXYXpLOywL49MlKLwWCf4mY7DyptFwUZqRQ4yixto/2tNnEpz/GPrzZTlJtOmSOWkcvTSArxg4lriTuRSVFWGvYUKolbvZH+b6N37g89fxY485x/cQPquJoZc3SUFJ1kRsQkwJvp0Rr0ZeeJjbb3EIP1XxBIwuIgDLtPs/DWMBdla+eun3Pm76MgbN7Q+8uAtzb368dsoArCUpRNShGAisWpzxCnATyUiaf+dPB67OYzWz2lp81tbUsmJUE3pD5HCCGE+C66"
04:29:08.902 [Forwarding screenshot on session ed2d6660-f69e-11e6-a414-872b36aae4a5 to remote] DEBUG org.apache.http.wire - http-outgoing-0 << "4ptvvvnmckdC/JvpbMVyrh2FzxjUfp5n0l/kC2O1nMOm8EHjvKhFqxVLuw2fMRouaXQ8ceTRGI1mkLUG3LNaLNgUCjTqka4O6CbfnOJ5QXnnNo326+GufnS20ooXft4D93VarZyzwRiN+oLzzVy6mdT8r9iwc6vTq5ovLWtFDsnZRlLzcvCwTMsQeCi7YQUzxDbbv2x6ztPg7vLWqjySs2pJ25FDmM1Cm8L9sU4XGla6PLWFkdWZQepqj1aKMzM4HvIAax2v3TaXZpKaf5yUvNd7p7tcSN84kv7LUz/jIS7u8qzVaqGd/vlsJefeZHgkj5QwsLQpXJaZPUzX6Wi1WmkfYbt266L3/57rROnme8m3zCMvJ8nl4GlvMO77ueFcb9BwuvtwjWbAWj+eysRzlC7CZ/xl+ztBCCGEGBkZYBFCiD7MZN6dimXxBrI9PXHxrbGQd28Kh2an8Xpy1GW4/qVlH0xKfYbdAAAgAElEQVT6mJS83w1rXY3vm32Z95Jr6CAoMo4gTlFmMIFuOTs2L/WwlO4PgZWcu5P5KiWHdf/Ga2i0Vu9i/bYiLB0Qk5Ij64kIIYQQP1A/Tk9PT7/ckRBCiO8OFeEhV3JA/yVht4QNWAfk29bZsJ+3j41j7bqfMfYSX/ty+NEVX9PSMZ7Q6dO46gf8RXXQ7Llor+zgy88+x/K/o4lccDdPPpzgYRHbH4qvOd/VxTW6mwj6IRfwILpavuToZ+fQzb+fNXfcKPOzhRBCiB8oeYJFCCGEEEIIIYQQYoTkLUJCCCGEEEIIIYQQIyQDLEIIIYQQQgghhBAjJGuwiG9BK8Xbs6hThRLU9iHPb3+fgKhoru4//b6zgR3P59AQEMqNV3/tdE4Fz29/r+ecBv1OMre9SMGfaphySxzjL/E0/s6GfWzb/leunnUzV30HJs7XF+fwwh4LUTFTL9IbNXrLy7kc+v48+IuFh6v67RxeLjrEVaHRjHcE39mgZ1vm7zg7aTpTu9draK0jL+s3lBm/IfzmoJ401xXn8Js9Fm6afgWF216htLyS8vLynn/79+/nxNcTiQjqu5JJfWkeL7xzZtj511BVwTnVdYz1br1I+XKxwunLub7+a9+FpdWT4eRfb55dpIsPRaeFelMbV101ms6GfX36km/DxW+PQgghhBDi+0qeYBHfAhvHK2uoa7LRduY4NcaPabK5OKztDPtrajjZbANsfF5ZQ32TjbamT6kx6h3nmPlz/m5MzSqCb7j6siwM2HbmUwzGcs60XYaLu9D0+RGMlZ/TftFC7M1757Lru/0i66zmzUI9xho9b/61rmeztz8cN9VQfuSLnm3W2v2U1RgxlO3F1Nm91UL5H/UYLTZ825o4bKjBUHec48d7/52sr+fLppYBl26qK8NY+TnDSVVrVR5pWa/yhQ0uXr58O/nrXF8vJK2DGWqYffPsUmll5+MpPPW2EaBfX/LtuPjtUQghhBBCfF99B76PFz88ah7euQO8/WirUgBeKPod0Ql4+/riD3h1b1SClwLUUSns3PFLvP2Azi+o64CY1GdZG3t5Xmbq6+uDqzRcLgoFoFRc3Pg48t657MDqtP3iMpfvw+T42fRuKeZlIWgB1KHM0kDJUROdy0LwBmoPG7uPxGC0Eh6uBusJajsg7JYIvBVnOA/EPfICKVGD15HYh3cSudZ7eE8beNn/49OdF0oY7eMDQGcneF/oowvfQv4619cLSusghhxm/zy7RLrOg2q0vWz69CXfkm+lPQohhBBCiO8lGWARQ9dZzebV2xh7/7OkzA8EaxUbH30J37vWsW5pCLRWs/GhbQQ+ko5XUTZdic+ypF8Q9fvy2JpbRgug0ihpAUL7HdNat4vHMo+y5rlE3lmbTQtQmZ1Eam0a2clhVOzKJrvIYD9YFcaaDY8xP3DgHVRrg57XXiqg0mx/ikGpjWT1I6nEBXpTvXMjb5gDmXJ2P3pTB6Aifs0GkucHAhaKt2+noNIEKNFqOgCNyyyp3rmZ1xrGorXqMZgBZRDLn1jL0nD78dbqYrZuK8DUAaAkbtU6UhaFANBQsYuXXi3C3AGgIm7VI6QsCges7Nq4icO+WtoMBiyAShfP2rRkQvons7WeHVkvUWK0AKCNTOTxdcvsgxVDzg/no6y8tWkTXYnPkhTVvc1+61hfmsPWfD03LE9n3dLrh1wOLmLCB+9WgiqetBU2snL17KmykhylBtRETtdSUvIJp1lEIGYMegva+EQ05UUcPniCpHA11hO1WFBy102BwJkhXLNX3V+yyDwcyItbV9LkVB9BQ/zqB0leGNI3ttU7eSijDICspCdJzXsShRcYP3qN1KxKzIBSE8mD61KJ1XoPq0yceaornuqyp/rqnNZTHuu8ferP1nxH2wwKI6DtJKPnrGXjsr75MZQwVwQc6JdnW4lVuM+X6p2bee2YAt/TBkwtShatup1DfzyENmQ0BoN9gC0oZhVPrl2EGqgr3cGr+SVYHHEKilnO2rVLadqVRUkLoM/i3lOLeW6VgvTMo6x5cTNRavdtrrXubdZnfuT2ep7zXwghhBBCCDuZIiSGzjuIwIAO9HuP0AlYaj/C2NGB4aMjtALW2o8wdngxZeJYzp22cM7W97n81rqdPJVbxqjIRNLT04igA2DAVANbeyMtHadp9w3injXxAOgSVnP/vCnU7dpEdpGByMQUtmxJI05VQ27aJqqs/SNbR0ZaDpW2EFLTt5CeupwAs4Gcl/5CK9DVdhazoYQjYxeStiGFOG0LZbm5VHeCPmczBZUm4lalkZ56Jy2W/mH36mqzYKnRY9YsZ0vWBhImnKYwYzN6C3Q2FPNoRgFNkxPYsGULaxKC0Reks11vprN+F2nZRTRNTiBtSzqr4iegL8hgc3E9AG1nLZgMBkJXb2BL2nJUxjLSM3bR2ufqFvIee4oSoy+r0tJJT03EZigidePbdA6Iqef8cNa/7Hx9wVyayVP5elRxa0hdGjKMcnDBXEGpGYJunUfU/HkEAWXvfNAT56AZkUA99RbAfIRKYOatt/PTCCWWQ4dpBU7V1oIygmmOca9RwKmP36O0uJji4mKKi9+meF+1i3yA9nMn6Th9Dlor2JpbRkDCGrKyt7A88jxl+eno+6XBL/x2Vi/WARCzKhGdGhSjwFxZyXXLU9iQkoi/xUB23h46h1UmvTzVlcHKzlN97Ukrnut8a/VOnsq3t80N6WlEU4/J0oKlsdl9/nkI06Trn2ee86WrzYLFaKBtchzxMfO4QdWCpcOMwQCr0zawOkGHqbKAt6qstFbnkZ5fgiJ+FelZW0hJjMFUWcjvKyxMjJiNBlDqEnhwRTSK7r4EPLY5W3uj2+sNp+0IIYQQQoh/bzLAIobBj1m3hIHpYz4DjJWOtTPMtXwB1H6oB808prt+2IPa/fuBGDauW0ZISBQpz6e5eS5E4fivHyGzp6MBNKGxhAdD+V4TaBNYtiAUH58pLLk/ETDzsbHfXXFnAItXryZt3S+Jvf4aAiZOJVIHNDU6rZUQwzPrVhIVHsd998cDTZxrs1D7sQVlXCopi6IIiV3Gc2tigPMe8iWGjeuWEhwYTtKGB1FhwWC0ULO3lA5U/PzeOxjv40PEkqXEqKDyLx9wcP9HQCTPbk4iKjiERckbSAyCmj/uxwrYzoMqPo3kheEERy1l3ZoYMO3lsFMyu+o+oKwFdIkrmDUlgADdAlYkaMG4h4P9BzqGlB8uSsILyt/YTGq+gaDFaWSnzMcb69DLwYXqve/TgZJbZk0CrufWGBUY91DuGBjwuz4ULR3UnbBirvsE0BER6Idu5gxoOURtqxXjYQvKGTN76o8CMOmLyC8ooKCggIKCQgr+fBD3y+Yoekb2mr78jC/+pWDufzzDli3ZzFT3P1bN9FAtoGHO3CjU2MtHGZPC2qVxhMct4744FZw8zT+HUyZOPNWVVo9lN5T66jx5xVWdh9qP9oMyjo3rlhEeEkXy1icIwlOtHyzMvnnmO6R8iWTdxhSS1yYx1T7Dh1VZm1kYFc7CpCR0QJvNhtf42axencK65EVc7x/AxKBrUWKfkeQXHMt0FXhpQokND+6Z2KcAajy0ubO4v96Fth0hhBBCCPHv"
04:29:08.902 [Forwarding screenshot on session ed2d6660-f69e-11e6-a414-872b36aae4a5 to remote] DEBUG org.apache.http.wire - http-outgoing-0 << "R6YIiWEJjI5FWZDLkaoqzIYWYpYv51RhIR9XVPBPA+hWzcLdJBGFYhTQ1fvEip+OUCUeboKBLpv9Js/WDq3/wNwCtJSQllzS57BTxhMQ63Rn7K3Bv+s421PzyXI+UNO9VsJ5UPriuI/D1uWI49kTHOmA4EkBvfH2+IKX86AZ03u76TeRECXU1Z5gjkIBWMh/KqXvKaPa6OoOuzfC6KZq4HR3uiEkdGLPXh+Vb7/joa3Z/hSBsSiD5CLnC2gHrgcxaH64phgFHWYzAE0N/7CvndN6aujlMEADJfvt4eWnriTfac+7e6qZnxQO3jpmamFvbRWH/lkDulUEA4ROR4OewxUHOGWBGffpes5tAeJS80jxeO1+1LE8suowLxWUkVNjn86iCUvgkceSCO5Xie314zw9D/Z0QXBIb/nYM1FB13DKpA/3daXdU9lZh1Nf3dR5HG2z46zT02RBTFX1Vkf33IfpnGeD19XzoBzbE46diqv8u3/2R+voK7zH+HPuSD4p+Tku4mNzpMH9qrZu25yb611o2xFCCCGEEP9+ZIBFDI8mgnka2J2bC2hIWzAX00eFFGVnAxrWRAcCrr+qt9nO03exWBPGDpgy1Gv7jUejBGPIGt5aN9++rdPMvr11BETo+hzaWr2D9AI9QfGreWZJFFqNGv32e8mpcxGus7GOAZLPe6dGKBS+ns9ptvWmqfUMpg4ICZ2CrbYF0JH+1ma6V7Gor9hHg208XrWHBgTzjy8tgM5+a+gFJlMTxNqf0Whvtw9D2ei9QfTytf8Un5bnWL8EWs1VfHCknSn9onyh+WFrBt2qLST7vEtqbgHZpdNYt3Do5dCftWovhg6IXJXGsqn+tNvAx6eZPb/OQl/yDvVJ4QTjTcQcHUWFOykEItdE2E/2C2WmFnbnFwBaEnX9B1OG96qYLms9TT7Tee6tFBTmeo58sIvc3SW8e/gO1sa5eQxL0XslXz//AbuHUyZ9Ym5zX1eu9FR26guory6vfx5wPu8LGlqcFqAeCQUoBsmXLzyd3x1Hx/+r3niaIgMkpqazIDQENVU8kJTlWG0W6KL3Z+fzbQOfx+luc1+7GCrpvt4F9yVCCCGEEOLfjkwREsOkZvYtOmhpAU0oOj810yKD7Lu0M4l2c18KoJsxC6gkZ8c+zBYzpTlvYh7WtTWEzlCB4Q3y9tVhtZopfi2T3IJ8DAOXigBg7AQt48YoqC7NIaeyw75YRw+bi1vycYSEKGnR57Kroh5LQwUv55bR70QnKugo44VdFVgs9ex6IRcLKkKmjEE3ZxZgJH97MQ0WK3X6HTyVnUu+oYnQGdGAgV/nlGK2Wqku3k5+DWgXzkGD/SkEy+4CiqvNWOr3sT2nErTzCO0ZU7DhFT6PMKAs92X09RasDRW8sD6LgoIymt2svek5PwayAWOvCkA7/2ESg8CQ/2v2WQYrh1b25WWSV1rfL7RODrxfBuhYuiiKwOBgQkKCCQyMYsmiSKCGvXr7PKFJERGAfdHUmGndy8P6ET3HMYCjnYluRG+GsWE7c4jc3Gy279Bj859E0HVX23e5eizBZgNaMB6qc1pLZcDqQfheQJkAHutK9yCH67IbSn11rueu6jyEzrsVqOTpzF1U11WR92QmRjxVj8HDdM6zodVVN+EMvDQQwPiJE/G1NbDrhVxagFOmM4Ca60OUtNR+REV938WTdB7a3LghXHb4fUnfdtBpriBncyal9faVW+pLd5CZVyrruAghhBBC/IDIEyxi2IKjZ6MqNKKaPh0/4PqI6bDbRNgt0T3TgxTgmAajoPtORB2VxIbEf5JRlEtqCaDUoOw5pvcchVfvOaBA5XTtuJTn+MdXmynKTafMsS1yeRpJ/V6v4xd+B4t1B9hdkM7KAgAtkZFaDAYjJ1qxh+/v0+9eehTgzcJ1z/Plxqcpyn6K3tkMnicD1BRlk1IEoCIh9RkWar1Bm0T6qnYyCwpIqywAQKVbzIaH41B7x7FheRsZhfmk6u0TZbQxq9i40v4WIdt5UGm7KMhIpQBAE0naxpWogROMAv8x+BBIWlYKGRk55HRPLVEGsXpLmn1KzTDyo7e8XP1sA7xZ9mQqh5Ozyd2+ix1bnyPRbTlY+azcQLntpyQvdIpJaw1/qwFNXMKA+GnnJqDLN6AvO0BK3FK8AyOIVBZi8J9FqNOgXXBENMpCI5NnTnOaiqYYbJyoH3vZ+4bcTUrCMXJKckgpsU830UQu5xexA0cJ1RNvRIuektx02kdl9smjnjC9fGAYZWKPuT0cdbj7uuLnrfNQdoPVV+d67q7Og1/IMnJSbfwqu4gMA2h0kWgxoL7hGrf5N1iYffMsz2O+VPULp28f0Devwu74OUH6fHJSk8jB/sajIGUNpqPHYFkIQRERYKgk+6mzPLUhsDc+Uclu25yi2uD2ekPrS8b0m94EYOvTDtq+OIy+xoDPbfahmOaTBzCUR9CevNDttEohhBBCCPH9csU333zzzeWOhPg309mK5Vw7YzQaLvQlp51WK+dsNnzGaPDzEEir1UI7CjTqYazN0edcHzRq97c/VXkPkHVoFnmvJ4HFikKjHniz5EivwmcM6v6R7dmnofcyVnLuTYZH8kgJA0ubwmMcAKwWCzbF4OkcSX64MtRy+E7zVD4jMNQyGWpcBiu7odRXdyxVO9n+voInNy5DDdBaQUpSNkGpOax1MeA0EheULwN0YrWcA3dl1tlKK174ebveN7DNDe5itx0hhBBCCPHDI0+wiEvP2w+NZmTf2Xqr1W7eQNSXn1pzwd8OD+Vcm60LWs5hAzQaNzdentLrbl8HfNVuA28NmiHc86s1Q7sJHkl+uDLUcvhOuwj10ZWhlslQ4zJY2Y2kbH18wFRTRHJqPfE6X2rLKrGg5e4pF790LyhfBvD2HI63n/u8uMDyvthtRwghhBBC/PDIAIsQI3BN6J0kTAhizEUNVUHo4gS+vmbgpAMhvg1+ISvJThvHH98vx2T6Cm18Ir9csoTw7/3omRBCCCGEEJeOTBESQgghhBBCCCGEGCF5i5AQQgghhBBCCCHECMkAixBCCCGEEEIIIcQIyQCLEEIIIYQQQgghxAjJAIsQQgghhBBCCCHECMkAixBCCCGEEEIIIcQIyQCLEEIIIYQQQgghxAjJAIsQQgghhBBCCCHECMkAixBCCCGEEEIIIcQIyQCLEEIIIYQQQgghxAjJAIsQQgghhBBCCCHECMkAixBCCCGEEEIIIcQIyQCLEEIIIYQQQgghxAjJAIsQQgghhBBCCCHECMkAixBCCCGEEEIIIcQIyQCLEEIIIYQQQgghxAjJAIsQQgghhBBCCCHECMkAixBCCCGEEEIIIcQIyQCLEEIIIYQQQgghxAjJAIsQQgghhBBCCCHECMkAixBCCCGEEEIIIcQIyQCLEEIIIYQQQgghxAjJAIsQQgghhBBCCCHECMkAixBCCCGEEEIIIcQIyQCLEEIIIYQQQgghxAjJAIsQQgghhBBCCCHECF15uSMghPh2dDS28q9OGO03Cn9/aepCCCGEEEII8W2SJ1jEsH347HtMGPMuZY3DOauT916v5XDztxWr4ftSX0vG61/af2k+xZ1jiljw7MlLHIt2suYVMWHeQdxl56D57SLuZZmlTJlSSvRPSrnx5kN8OVg0mk86wjgFQKO+imtVRWSUtQ4zPcPz4bPvca2qyO2/+14dNOYXSTtZCfZr3unIAyGEEEIIIYQYDhlgERfgf4d9xofP/pXVjx/nH13fQnQuRPNJli4+RrHJ5tjwPzQCpzsvU3zOedo5WH73i3vzSbZmtvLNj67kzv8Yz2NPB3HtEKLQCbR0/o/9F5sjXxQ/HsKZ357/PtFx6S7muFRndx4IIYQQQgghxDDIvAFxSXj9P/buPy7KKm/8/0trYBQZkLQpHVOwkCI0ZNFECs1fWbG2fjDTzPardmPFWrjdpKXGpm7ItlIuJWzkFlnGxm2SGmGYkgQaO6IgNmKC5qRO2AQzAgNj+v1jBhhggEHNtt338/GwhuvH+XWd68B15pxzufUE3Ojj+UunxM79GlT2/wPgNYR9ZzSg/BXeEm3Tbs/ToKdCSF096JKC7D8xjGPfg1J5"
04:29:08.902 [Forwarding screenshot on session ed2d6660-f69e-11e6-a414-872b36aae4a5 to remote] DEBUG org.apache.http.wire - http-outgoing-0 << "pRLZuYs9r+XJ5EBu7+OwsfEn3G66/uokgF+2I0kIIYQQQgjx6ycjWMRlquMfj29j5rMH2LI+n0Bv2zSLwPG5/GOvbXrJkX8W8HRCHT0uWPjfqVuIfs0+7aPqO1Y92jJFJHD8LjK1dc0h1+w9wKTxuSQm5DHaO5MB3tv4R95xnh6/jadfKyXx8W0MVGUywHszDzxeRKnD9KPKvDKip25rCTt4G0+/dowagJrveHpqEYcvQNm7Wh54/ABVNWd4euo2oh2mpFgqj7Pi0ZYwRo/fxXt7m6bMdJ1vmwY+WZ/PA8Gbm9M6emou/8jrdMhK9zikvWbvASaN0XL4Apz8p5ZJ43PZUnnelo7XbOU4UJXJgFu2seKtk3Q0PqRm7wEig7aRsrfOVl4ulHl342jNjbujbuHBBx3+PRTAfXd6guUMcVM/YdL4T2zpsdu7Po9J47cx8w+ltutqOUNc1CdMGp/Duk+OkfioQ1r/cIBKh9gsR47x9NQt9v1biHutvOtpVEIIIYQQQgjRiV/h1/Xi303VNxbytd+QD2jGevMbTOR+Wc0L9+5h6In76GO2orfPclHhhlefa6DqOA/c8i+KL4Bm8nVE3NjIe+/8wNPjP+HUjvtYdGdvGhssHNZWc1hrO7cHFnD7iWPFFoq1R7jYsyd3zfTGuLua4owTTLEoqXg3iAbtfsIjKwAIn3kDg5W1bH/XTObyYiw3epM6BVD2BC7Qw3AelNdAo4XDxecxhdmnxlTqiAg+hP4CaCb3J6JvLe9l/EDc5BwqN09h2cRrusz33V6Q+9JnPP6KhYtqJTP+4INl//ds+7KaF6bloz76APf1vwIXwDHt4Qp8mqYUVYH7zT/xrcHMP1bsYlnWBS6qezNnmgfFaVW8FbuPwopGPls9tH2QDRYOGyyMOfcTNFq7LHMlDfzj0e3disNRjwt17P38DH3VYLsCP6Hw6UuQb28wWygurOPwBWzpaUpjlZnDWgsXq2s5B3iZLRTn2o47/HCxQ9gXKH7nGx5WebJv9VDQHyNydDGHLzTtP897y49c3jUQQgghhBBC/NeTESzisjUtqxL1Rjj7sifyTvZvSZzWkx4X6sgtMjNyfgT/93xvLvZUsjz7PhLn38Anaw5QfAGi3ribfZnjSfzbFI59OQxNT0j4kw7HgRHek/34yhTFgcNTmHXbNTQAF3v25o3i35Lx5kQ++9cYJvYEDpn5ASja/C0A8zffR8ab4ST+bQranX4AHDhoBq+BvPZRCLf1hNueHc22vwXR380xR+d578+H0V+AiWvGsC8zgsQ37+OrzYMBeOOJg1S6kG8sZ3hzrYWLPT3ZVvoAr60OIzX7Qd75g5IeFyzsPXiFFpB1SLtXUCAZhaHc1hMCF4ewLXsK/6M4wbKsC3hP9uPg0ftIfCWCz6rHMz8Eyl4vJbPyfJfhd1XmFu3XlxcH8NrD+dw7Pp/I8flEji9kyvQS28K/buDu9IyW5sutzXEXe17Lcx/cTf6uW7nNftjJTwx8B3yx4evmzpXwZ0eQf/hunpsmfc1CCCGEEEKIyyNPFeKyuQEXeyqJjLzBvuVafhN5HWS1vPamsdH2RNtoBpRm9mvtD9wNNXyypYZGwM3tJ9u6KIVVHKyBW+3n/r+FAbZFWjWeUPMDAIMW3MKDvvbq69WXwGD4rLonbsDE5Q9w4Il6Gt1/4oj2O06erGZ/vhHAFj6A2TYSwuR0QdNGKv91gYvq/jz/RMvysAMnDue5sSdIKKzm6yoX8q3sxzsnIvnB3Ahnf2C/vo6Ksio+K/iZV/ptk7cDnxls2/tC0SdHaWy0rYnjdl1Pelw4T8nX9USN7TrYzsrcpTh8u7kAz7kLtC0pNxcX3R20IIhF910PXM9Tjx7lqXfOg3dP3Kjji122SUsXhw4gecUt9AcWJQexdWvLqBYhhBBCCCGE6C7pYBFXRn9vhnq1/HiD2vmYA5trmgddZMYeJLPt7p71nGv1ZN2+E0SlUnQcvNnA354p4q0dnYyacOt4F4CbN1B5DX1abXVnVERvKLzQcnqn+b6W00WH+MMT31Bs6Dy+K6pN3hobbeVXnVHB4xntD3f1PT2dlfnlxnGxp5J1++5hkg8OnSrX0HYG1dFvTBDRG6hj7646OqJyb+mI8envBpxvflNTc/FU1mEEWxxe3gT7wuFjXSRUCCGEEEIIITogHSziyuhzbavOiK7GaDRim8axbs8ExvT5qfn4xnONNOLGTf07D8PU4euUG1g3t5C3vgTNtAEsmjWAW4dex1C3M0wOPuhiZuxx+7adQXeeY2UWwK0lbZ3lu+Ykf4j6huIL8MCzNzMtoj+33taPY+s/47FXrt7rhxvta7JMTBrDK1M8ONf0Zmp+4kfjT6hv9gR+6DKcjsvc1Tg65+3TG68u1qQ5VdFUbpf+1p/maxTsRdPYIyx1FFc6P14IIYQQQgghXCFrsIirohHoccHCSSPANfS7zra4qM4AA3298fX1xtfHzIq7vmDKXf/i60vuf/gJk8U2IuIv74bxyH1DGDnMk68/rrAttNt2YI27swf1a1ApocexU/wj12GdlMpvWLf1AuDJUBcWp606cIbiC+D92AhSV9zBfRED8e3fyP7CS+skcOti1E1HRoT5AKA7YKa/xl7Wvn0o+PMeIsd/wT8OdDwS5N8ljqa+nVNHqqkCqvaW81lxZ2d0pDcjw2zvnu6hPcHqjWeABrYkHpbpQUIIIYQQQojLIiNYxGVzZUUR9UAlYOGVhz/hu6UjeXbpzazc8Q3rp+dw9NmbifS7wId/qiD/AgQ+ezN3KqGqy1CdpeEaVNg6c15/dj/n7vXim0+/Yc3fbR0lpip754Z9SsvJtVoeq6ri2Tgfh9DcmbVkMGsiT/BG1GdULR7CrV6N/N+LevQX4K6VNzPMhXz3v6M/t/U8Qdm7Zay4A+6+0cLWvxwh0/5WJEtjI61Gw3TItnDu/z74Cf2VDpstF+B2X95b5dF5OiYO4xH1Kd575xCjT59l4YNefJd3gvUZ57mo7s+MiN60WlXYRY7pdimOS+V1PRHBcFgL1Tu+4Q7VNx2mpZNBNs3um+uL9+tfU30B3nsyn/eevPSkCSGEEEIIIUQTGcEiLoFjtbGNRulI06CLoCm+hPeE6mN1vPFCBT+E3EH+1psJVkPuK9/w9JMV5Bsg/A+38vaKIa3C6NfHcejGNbgDqjYjUVTNHQ/u/M+GEYSrIf/vFTw+vZiEtEJQZq8AACAASURBVFoeWTmYiWo4+e5p9luA/tcTGXktPS6c57N3v+VkY+tw+0eE8vkHfgRygcxXKli5XE8ZPYla+RveeXqga/n2GsKa5BvoceE8b8Ue5LGHj/BhtTdPP28b/lL8ZXWX4TjSa+so/tLhn9bC/nwz59qVSdPPTSNkriOxYAzzJ1+LfscZlj15hPUZFrzH9id9x1iGNZdc67VLAPr1ucaFMnc9jo511hT15g+vtLwNCMB7cn8eaXrzj3fTmj7X0NRN5u7pZHSQt33bsEB2ZN3cKrzgmf0JVtvPdTqqSQghhBBCCCE61+PixYsXf+lEiP8W56mp+gl3T3eUypZt31Weo5Fr6OPjSX+vzs7vXlxN4fr4etJRsJaaBhrcr8FL2dFgLtfC6ZSljsrTjbgp3BiouYyRHFdATZUZ47mfcOvTi4H9O1uI+N8xDtu1QNGLgZorEW4D31XWw89YFkIIIYQQQoj/HjJFSLhs7cuH+evLh3/pZIj/AGHh/SnI784ksKvrj0tvY/HS237pZAghhBBCCCF+RWQEixBCCCGEEEIIIcRlkjVYhBBCCCGEEEIIIS6TdLAIIYQQQgghhBBCXCbpYBFCCCGEEEIIIYS4TNLBIn4eDSb0p46jr6rC8kunxc7y43dUnjpO1bl/lxRdBQ1VVFb9+y4mK4QQQgghhBD/KaSDRXTPuT1MifajR7Qffyquav8zUFWcTNCiOxj0p3sYtGw0oW/t7CLQKhKW+tFj1d+pAUq3z6dH9L189uOVSrSF7e/MpteSu/D70z1c/8fbeFVnulKBt3duD9ObyqTol+3cyPvgd/gt+zOVv2gqhBBCCCGEEOI/n3SwiG5qpM7+qeF8I1hrOWX/"
04:29:08.902 [Forwarding screenshot on session ed2d6660-f69e-11e6-a414-872b36aae4a5 to remote] DEBUG org.apache.http.wire - http-outgoing-0 << "uaa+EajijX+u5ZDDGZNuHepa0MYfMANnzhy5YqkF4MfdLCnY67BhOIFq1ZWNw5G1kaZulQYaf754ulTF7oOnGHzHeHx/wVQIIYQQQgghxH+Da3/pBIhfn96OP/QNIfmRv3DmvILbbh0ImHC37wof9SZ75k/oVtjuwKT5+Vycf2XSCkBvDwYAh4Ck2MM8E6C8goE7aLCAuxJ692ldRr+UKi2ZtTD7NyG/dEqEEEIIIYQQ4j+ejGARl+ecnpwv/o+M3Vkc0O/j+RX3sdRo25X/1bPctSKWwnPAj8X8ac299LBPnRmy9EkydM6nz1R+8TJBi58k7xxwbh/zF9/L81uSmb/Ydm6PReEs3rLH4QwLedvjCbKH3SM6nMXb92ABanTvMGXpUnbYj/y/9x9k9lsf8/2hvzNlcThT1v69ebRJTdtt5/bx1Ip7uWvFk7z1+d+Zvqgp/ntJKChvif7HfTy/6l56LLqNHtHhzP/7a83xdeZI0TvMXhHeXCZBK1qXyZEvXuauxfcy/61XeH6V7bigNe9Qg4mP3n+SIU3nrYknYf187loazvzMfS3l+HUOh/Bn/K0DXUiNEEIIIYQQQojLISNYxOWxGtlzci/5QED1FPYYTjnsrCHfUISxrpjZy/8fmxz2nDB+ysNJhZyLK2R+mxlE3xzN41AtnLMCnKO8tpwN2WsZPOghXr/bi6zP3yQp+zGuv/kAS25X8dk7DzK5oJzB6mmkjQvlWMFfePnjxyg6+yabb6tkR21LmvIN5VBdwHMjvWzb9T/QYN/XaP2h9TbrOUoM5eRTTn7Gpy0JbChn6TvzGHZLPr9THWL+kllsaNrnfooNhxzLwLkjn8cSkJHVatshw6c8nPQpugV7eDF0IN8ezSO/tpz8rxw6c/ppyH/rIaY7bDtUkc7S5iI/17z9q39lgc9iRvXpPC3xu+P5U96fnO57MeJF4sfFd5kfIYQQQgghhPhvJyNYxOVROEwZUo5lz7pPWeph+/H22/9C9bpcbvjiL/bOleFsW1XBxdQDvO7nBdSwIDOj3VuG3Ozdfm728AEG+72IblkCTz64lKwnFwNgqjdDwx5eKSiHQUvQvZTE/Htm8+dlhaT5QX7B3zh8azzVz79KOAD+fPD8Pqr//DwDHOJzpz33Nnm7fdiLfJ9awfd/WGzfcoqio99RVZLZ3LkS/9inXFxXwb9+O63zMmvYx1J758rgQY9TknCY+lWbiPWxh/Pu3zgCuF3bMpXpyd++g+4Pb/L3CFhn71wJv+MvVKdWUP/8G/yuXSTFZB2B340ei1fnqSF+XDwvRrzYbrt0rgghhBBCCCGE62QEi7iy3Puicgdqwbu3N17uSs7V2ucMuVt4b8N83qOegooa2zZDJWddCHbY0ACauhuUmhH2DhOoqfzaNh3nZAKhS9OhAXCHQ0aAs5yzgtd1Hs0dJT6q/nj1AWeTk9yaenOciBp/H/0BhoxgMtjiVMDhwwfsR0zj4TB/AEImTmfyx1kdTxOqO9cc/+z7FxDUVwmMZnHkQyS9809oOMA3P0LzwBP3h3j2/rtsC9X+uLN5keHQ39xt6zwZfC8zh3nx0ZGa5igsui/ZBKQF39phnhw1daQ0jWSRzhUhhBBCCCGE6B7pYBFXT0M5BdVKBmFhpN94wqjH0tvX6QgSR9XAXUP9HLY0Ut30qf4HAAarp/FIwEAarFYA5nt4Aj7c3BuwdhK4e0unyjcnvu446eeb3gbUwVuB3N1tI25c0UE/jruig8V3PbxwNsvH8ehzbfJYvD8XmEb4YNcX9HXsUJHOFSGEEEIIIYToHpkiJH52bs0dB+PZFL+FPS9/yhND+9NL5c/d/n54uhLIeecdG/1vGWUbzeIdzpLZz/LiY0t58bGljL5WzxfHTrTreGjHuJ/D5wBM7Duy38UctbjttjtsHxr+SXrBcQBKv9zexSK3bs0jarbmf2IfzXKc93Ka1mS5lZv7Ohze4PBZ4XDu5xkcabBQWfx33q6ocTioih3/KmHw7eMZ1s38xI+Ll84VIYQQQgghhLgE0sEiuq2ui58b2vw8ZtJC+5SeXYQtCmfKinAmf/ZPNhxIJ9vshtLJOS7rE8rv/eDEkf/lrr8lk6fbx7vvzycs+598ZAB1Fwu8wl7GPR/OXYvv4KlWnRQ2bfPWdlv/4dOYZf8c/849BC0NZ3jGP9udU3UomSHRwbx6qAr63MXzEcMBOHToT1wfHcyQ6HuIPWmLP/aRJzruGOlzF8+G2c+tWEvAotvwS0kgv1Vk9tczh8jrmYUQQgghhBDiapEOFtFNLSMo3K91c/Jzy6yb3r3sk2b638u2uL/wO3eAU+ywv2loVthf+GfU6Fbn2LSe1uLtJBUt21TMf+5zXr99OPmH1jIuaRZz83YxWP0Qu5cuRdPqrJZw+wc/xQd32DoqaDhFfu1wnhxm/7l5zlL7vLXb5h7MhudfZZb9nEPGU0we9hC/82gKyn6e1cwJavi+3jYSJ2L2B+yYNI3bAajhBAD+vPzIx6y92791ZtvMoZr02BZ2THqIcA/b8rWT71hCWlNeAP3RHA4xQF7PLIQQQgghhBBXUY+LFy9e/KUTIf5bWNCfOoNVoaCPaiD9u1p8pbuh//gdp+utKHr5oOmrcvmcs+fBs//ALt+200VI6KvOwLWux910XlXVD5wDbuw/kK5XTKnijTWPksVANP0mkDB/Nv2pImHFaJYa4PZRb1A6J4RKE/j273/JuRFCCCGEEEII0T3SwSLEr4qJV5feQaz9xUyDPfzxrC3nkH1v7COfs/buIb9U4oQQQgghhBDiv5ZMERLiV0XFM4vf5Ekf23ibE82dK148OelN/iydK0IIIYQQQgjxi5ARLEL8SlnOmTDXm2m41o1+ffu7ML1ICCGEEEIIIcTPRTpYhBBCCCGEEEIIIS6TTBESQgghhBBCCCGEuEzSwSKEEEIIIYQQQghxmaSDRQghhBBCCCGEEOIyXRMfHx//SydC/Ho0VO7k5bWf0C90FNe7/9Kp6S4zW9cmUqYK4tbrzzt87tX6sIZyUv/0BqfVQQxz3NdQzoaX30Dfr832TuPp7DgnZ+rL+Kbei+v7XNut8y5HZd5GEl55jfT/K2HoPRHccBWuqz5vI6+99SG6WjW/GdaLnNQk3skuQz3yN1elXl1+Pa5kY0Iyn5SdZ8Rv/GgVhKGI5JWvkJr+IV9zM+G3Xu+w89LrRneU7cwgNfUt0j/4kM92/4uTNdfgd/sQfr4Y/3NUFhVQrRpE31+4fWuozOHltZ/SL3QU1TuSeXW7gdAxw2iXrAYD5RW1XHddn+5GwIaXk6nsdxl1saGSDS+v5UuTmlHDru/6eFeYy0hNTCW3sJD8/PzW/3blcOAHNaNu7Tqutvd427b16lxnMznJiXxq6OekfFxvC8pzUnn149POr383lG9tqUcntnZSp4QQQghxyWQEi+iW2rNfU6LL46z1l07JpbByorCE8rPWNp/bqD3LV7oSjtZY223/ssTJ9k7j6QZzEUtj49mqq+7eeZdFz0dpWVTUqPC/5XquVrfOt6V7KdHp+OpEDVDH0XwtupL8q1avLrceGwt2kKUtQZv7NgX61vuKPnyHvIqz9PO/hcBhN7Y508rRwhLKfsaMlm9eSXxKJiWn4JbAQPpadeRmJvP0yq00/Gyx/mcwF6USl7ieb/8N2rfa00cp0e3jrBXOnihGV3iCunZHmdn4xxhe2Ky7lAjYVVLC8S7bs87D+LJER/GJmksPo5069OXlHD16lKNHy9BqtWjLjnL06FHKyo/T6NHbtaQ53uNt2tard52tHN9Xwr6jzsrH9bbg7NGvOrj+3eNYjzquU0IIIYS4HFfva3LxH8EnNIaNGx7H3fOXTsklUoKbwslnR/Ztbq5u7yoeV7lBPdCnt2sPEFdEw7eUWWBM7EssDrt6F1WhsBWO7Xtbb8YvWMAA07UM9bg68V9ePW5gd3a+/bOFrduLmBId2rzXTVEPyvGsWT7PWcw8tXEDP98NZCT/8xLQTCU1aR4+9vTmJDxJmnYLe42RRPj8TFH/J3Cz/ad3d+/dn4NCAbihaPqoVOAsWY31oOrTvTajAXD38MALF9uzTlzx"
04:29:08.902 [Forwarding screenshot on session ed2d6660-f69e-11e6-a414-872b36aae4a5 to remote] DEBUG org.apache.http.wire - http-outgoing-0 << "UVGeoax8913b54YiYuYkErDoVWJCu3fPtLrHG9q0rVfzOruBm9NCdr0t6Oz6u6ShAdzd8ejdqzmcyw5TCCGEEE5JB4voFnNZBs8kHGLhaysJ9TGzc8OrvJ1dggVAHULMH58iwteTBkMRbyankKczAaAJiWJR7Ex83Y1sfG4FlYMCMObloQeU6hCeWL6EMHUnETccZOWCV+j7+5eImeALxiKWP70Oj98tYcn0QDAfZPmTr+C76DXmBZxlQ+I6snWG5rj/uGQmmm7mVaFo89Di5tH6YcJc7kI8RjKWr2C/h4ZarRYDoAqYyOK4aAI9Wx+3cUkiJiAvcR6GacuI4mPePKLA45SWCpOSqPg3uF3/IevTsjHYz/IbM4vFi6ejpvNybdAXkJSwHq3B0nLe40NJnpeECShMmkdsaRxJ0UPZueF1UrJLbBGoAljwXCxT/H0wl21macJ2FP1ArzcxOCwCy34d6kAPSrQVgJIxsxYwovoTUrJtP4dELWLJzFA6V8uRws/53NCXG687TcL6HOoHjOfPa+ahBoxFG/jfdbvoNeQBXlo5k7qCDP66PhO9rdIxccETRE8JBKB85wbWv51t3wfqgAgej41hRJtOBcd6HHB6M0sT9qAJ7INWq7OXz1yeWxyJ074I41626yz4RcUSXrme9NyPKY8OxR8o2vAcibkmIJsZj37H4kWBvLeupcz8pj1NUOkHNEa9xLxQHzAeJDXpTXLtdajleurZmpxKep59ZIJSzcQ5LfnsjLUe8HCj5Xtxd6bMfIhivuNGBfbr+Dl9hyjQ6WzDb4ZPiyVuThjuQGVBBuuay1dFxNxFxESOgEupY4uno+4izIzlK9iLB2d1FVg000hNmtOq3MtyNnRQ5x10o32Y0a+UN9elU6i3tU1KTQgLFsUy0vQhT67KBSBx3nPEpq4hTNHRPd55uvOSY0k33MWrK6fjiZnNK5fy0bk7eW3NHHxoIGftH/nUbQZJMXdSkJFEUqbWdqJqOAuXPcMEX9c6E8oyEsm2NRo8enIar62ZQ02HZQ3lO1NZk5KLCVCplZiAIHtY5so8p+US0Xsvz8Wk4Rf7CtH2RtpYtIGnE4+w6G9zUQPHXUrtJai1Ug9grQNsZWI8uJGnV5XyROoawnxAn5fK0uQKfp+0hgkaMBRs4Nn13/HkIn/S1h1i4WuxHFnZ0rZ+N/pO9Pv2Ai3XOeDkVta8kk6FBUBJxNwlxEQG4kr9vHRGPlyxwt4W4MLvRfsdrc9j+YvJnBoQxV9WzoSDHaW9zT2p8iNAZQC3oHYpsbUJ3WgDhRBCCNEhmSIkusVaV4XJcoo64ODGVaRkl+A/LYbV8QsZXqMlOe519FSSFJNInk7FrNh4li2chkmbSdySjZiBxloDJXl5DJ0VQ1zMNLwMWpKSu5i+4O6Hbz8LeTuKaQAMpXvQWSxo9xRjBoyle9BZ3Bh6k5XUZ14gW+fB3Lh44mOjsGoziV2+uVvTI3oBpR+/SXJycsu/pPebH/LA4HI8tT8aqNBqCVqwjNVxs1DpcolflYG51VE+jH1wKgABUxfw8Dg/GmsNGHRaaodEMHHMePxq3ic+LRvFxLnEJ64mJmoMFYWbeK/AlqqOy9XIey8moVWEsywxiWULIqgo3ETCJ408vHBic5y/Hz+UotQVpGSXEBIVw+r4GMb00pH2wgryDLZrb7CY0OsHMHXiGAJ9rBgsBkq0fVgYF0dUiBeFm5JJ2d+XhXGxTA1wQ5v5PkWtM+pUlb4Cg15Po18wfS0WTBXZfFZmBhrY/fEuTBYLfYODUZRnEJuUid6ixG94AGoM5KbFk5xnAH0OK1Oy0VtUjJk6jTF+Kgy6PFatzGh3TRzrsS1ferRaWBC3jAVTA6goTOfDIqPTtJZ9losJJfeMC2PyhHBAx7adto6KoeNnMzVACcrhLHjit/hYW5fZSL/+VJ8yUG21AnqS/3cVuToFs2LjiVswkYrCTTyfWsTOhFjS844zbeEyVq+OY6p/Pblp6ynosix9CL9/OFRkETPjUZ5buZaNW3dSpghjyZJ5+Hs25deA7rgPMfGriY0KoSQriaQcPQ3lGcQlZXJ2yFTiVsczd+IA8tJXsXJr+aXVsYyyLsOsPWVAr6sgeOpEIoIG4TiIyXwwtdM638zl9uE0q+KSKbQGEhu/mvjYWfTTa0letwVG3MeCaQEAjJkbRYBP5/d4Z+m+abAPJt3n6MyAWceeEgOWir2UGoEGHZ8WGugz+CbKMlaQlKm13W+r44hQlZASt4IOql47NwWHowaUAVN5YvYoru2krM1lG3khJZdeIVHEx8cRbOsWtz+2l3VYLmb1UAYpLeRmfWm/jxr48uNsLOphDL3hRgaqoNG15Hafk+EVPjcMwo0Kvii23XPFublYqKCguBKAAzuzsXj5MpCme7x12zrn4RmtrrNfzVaeXpXO2SFTWbZ6NQun+pOXHs/aPFv4nV1ngAZ9ERkbt1Lm4jVz1NIWuPB70a03VkMBsbHJ6BpDWBw3E4/KztKu5/XYJLT1/ixcFs/CsW7o9DgdctTdNlBflEPG1iJcaNqFEEKI/zoygkV0k8L+XwN7ciogZCHL50QAEPcSvPfleWqLv0QLTIt/iemBnkAgf+Z7YlJ2sd94H9Z6UI6JIWa67Tx0u0jMP0E10PEgFk/G3jOcrPR9fMN0zhaW2TbrS/kWOPtFHqinEXh2N8kmCIiazdih/bAyidlT95KUvZ29xnHdymnNqQqOnXP4C996tvljQ9lucl2Mx1oPqolxRE8ZAYxgycLjxKTsYL9xZqvpGr53BqFOzkYdFEagxpMiAEJYsjwGDdBgKGPBggDumBKBt9FIb7+BKGkZ4t9xuY61PUSd1aOrOM3Y0Nkk+k5G0e9GNB6gTslFHRTGCP+zJLxgQDkmhiUzbWEsflnB/HlJ5H5ZRtAgW7CzVi9jur87xqJUPtkGsxKXM8EXGtxKydRmE7Uolgn+7jS4lZK96ivqXFjnoKmUFW6BRE3VsCpbz66cUubcDJ/rLICG307yp/T9dQCoxsxh2eIpnN6awAvpWvK2fMbDCxT2R8ZGautg1D0PMuSe6xgbFuJkEUdFq3gB5iauZIovEKoiPzuOWquzhOvZtU0H6qncoQZ373CGk0vhtt2YJ8zBx3cEIRovso9fT1jYCKxFe1uVGRhJXm8PynCEfSaYGLec6aE+QCDxeHAIUActZOEEPyaEDsBoqCLAfwjZJQacJqmNwOnLSR66ky3Zu/lKW0hWSSFZ6SmoQmbxlyXTm4+b9dJyInyBwFhO7p1D5qe72RuwFwjhpZXz8AXwX0ZdxRwy/7kLY+SMS6pjJR+u7zxMbGEunhfRLi9uN4R3WudbuNY+jPTuh2LBAhSBYYT2B0OVlZAA0B+vog4fRgZpIOtH7hoXikdZRqf3eGfp9h17N6r0ZPbpzAx3K8X2qG6gVGfkTo+96FERM9aL/P+tAM1UZk4KQlEHD/4+irxVmezTGRnqwtwNT/8wRqrS+FIdRNgIf4pS13VY1oWjvwLGsHzJTNRA4Mtx6OYl2gJq6Me0DstFw/0PBZCXvp29xulEoGWLDkIWTMYHWweN19WcU6UeyXgNZBWUwYQ6vrIP8io/UA6RVj4vgYC5Y+nDDsB2j7dtW80O1/nk+zFYUDHn0fu5obeVQQ9OZ8yXJRRu2Y054r5OrzNA7el9ZGblUTloFIERnQ3D7FxnvxdBBaZsno3JxqIcQ9K7i9EARe/ndJj2096NFALTFscxIdAdRiyjpnIOm051nAbX2kD4dk8amYVjGBcZyq91trAQQgjxc5EOFnGJFCjcQNWn5eswd98JzPMFY1EqoGTQjS1/evVWedjPAhrBP/Cm9uF1EaPvqDCU6SkUFxWh15oYM2sWJzdtYl9BAd9rbX9U96yx/VGty1xFdKbj2ZpuzTWvB8IXvky047x/+3oAALU11a7H0wiBQS35bVUWrY5rOxy+HpR9aZqo5O7tRXVxGjFpyc4T3WG5+jD7uYXo16WQmaIjE0Dlx9zFz6G5ySFO81kMwOg7A1pO9xzKKBXkHz8LgwDU3HCjY3eFihu8bJ9qG62AmkH2/bWNTSnonhH3P4AqOwVT"
04:29:08.902 [Forwarding screenshot on session ed2d6660-f69e-11e6-a414-872b36aae4a5 to remote] DEBUG org.apache.http.wire - http-outgoing-0 << "cTYb38Y2rWrMA4R6QpE9NFNhGvNmpLWcdLaanwIfY+6YvaQX6inJy6Ikz7ZrT9kCEhZP6eJNGSqu82r67IVGCbVOjmoo202eBbBkEzMju2WHPofPKmcw3dedRluJOkzRaVtmNsZjX2NBzciAll62wClzCATM5Tv5aF0cKYmOZ6hdKEsz5Qcr6B0wgegRE4gGzIZKdn+YQnreJt4vGMtseyBezTPg3AkIUsOu6uaRCC3xuBMwTA1ND2WXUMduuKQw7Ud2VecduNI+eLqr8Wo8ytrYNFoXra39sTYC1GO1unCPd5JufIIYq4Yv9+1nr2I/DJ/GtMYsdu0vZq/iK1CPZ6TiJLkmwJRNXHR2q9NP6o61zN3plNVez1o/CDsra4WiF9DYcqRnAEFN9byLcvEd91vU6YnkflnJTW7ZmNAwdZwGMEIj+AUMdSWxV4gnY+8JICu9mKKDVejwY9asvmzaVExRURUVqIgZ6wvHHE5p07Y6XmdbDg2kvRDTOppetbYFYDu7ztjWetmQOhs8LnMyjQu/Fy0Alh85bQaNp21/R2k3NVoBFX7NbY87Q33Vnczncq0NBAh7agMBj7vJ9CEhhBDCCelgEZeuERobW/6wb6jMYVXKUe6bDGDhh7MN4GP7485aZ/tTzWr/5+Hp1S64LqmDGa+GrJQUQE3cpHFU7NlEZlISoGbhKF8UZ2x/jk6MSyU61Pbnn1lfxO7iOoZ6wP5uRGd1mPcPtKwHACg8uhGPG1RUnKVpMn2dQ1k41XbtF7uit18kUwtRsfFMCgrEhyLmz0u0r1bYWbkaqTgNDy/fSGDvKg7u/4r30zaRvnYLY1917EzxwgfYt1dHTNPE/4YzVJjA/5YbAR1Q30nCcWG/C9ThPBjwNuk6HVm5AErufyDclkf7N6rqiIW89NgoanQF7DpSzWC/YHoZa7jpzgeIGgJ+N5yndO/nZBdWoC/citY4hbBuPA10lIX8rbsADQvin8BXAaCAmq9Yk5jJ9o/2Mn2xs2+5nZeJR7/+QB5Hvm0gNNB2n5RtXssHp26kT95mStRjiEt8hABfNRSlMi/xq64TbtzPC6uS8Zu1mjXT/QHwVPsSGTObLXmrHKZyKFud9m2lAbzupKe1nrbOfGcAArq4dzuuY48HX2qYXdf5VlxoH8wHNxCfnoffxAX86cFQNGof8tY+SnJZm7AUrt3jHbdjPoTfE0D2pjTSsBCycBzjzleSlZZCMjB87ig8Pb1QK0EXuJAPl0ywndagZ+eOMvoFB8BpF1urRlragE6uX721nqZFc20q0FlgKHRdLp6hRIYoSduygQ3oUI5ZyAh3ez5/N5EjXld3qVTfUeNQpaeQsk4LfrOYNO46tm9KJjFRC5ppjPQB6zEnJ7ZtWxVgtZqAAOI/XEnTCkflBTuptN6AN679vvL06aJxcVZf2+g8HisoI0h8ZTTrYhJJXJXBhjUzO017P7d9gImTDr+Hz35f4/Kqxp024+6eTUEKIYQQog1Zg0VcIh+CRquxFKaxsaAco6GM91LS0FX8yHXh4wkANq1JokhvxFCWw5rkQlAGclPz36Ft/3yzuvBcbntowWQCdRABnj7cHuJn26W5k1Fq8BwxnuFAbsrr5JUbMFYW8OrSRNLTc6m53D8IHf5G7k48il5gyEpn60E9hvKdrE0uBM14gtr+TW7vPDi5fzfl+qa57w7lYgXoxw033YSHtZKMV1MwAScrTjsG0jZQrNTwcXIK8Svf5GBdb/wChtIXoJ93m/UE/AkLUWIpTGNDXhkGfTkZieuoAPzbvW745+TOuKjxLT+qxzPO31aoAXeNBMCQ9xFvZ2Wx8Z00srMyeXvvac4f286qpBQyN73PvjPQ37tvUwD0uxJfYzDjgwAAIABJREFUtZqL2KY1oQx5gCmB/vj7++Pv74t/6INM9gNT4Scc7MaiBO7+owgBsta+TpHeiP7gVtZvKuR4Yw9bR0jfgdw0wJu68p0kJuYCvexX18zO1ARSc8rbB+oTwFQNVGx6gZWpmyk6WMbBop2sjX0FEzCkX9MDpoW3kzdQZjBwcOta0nUwfMpYgkePArT8NTkHvdHIwa1rSSsBzZS7HKbvda+ODb+kMB03d1XnmzPfZfvQpO8ADf29FRzMSSa50NKyLoXVCpjQfVWGm0v3eMetlv/YcSixYEFJ8O0aNIF32Lu1VISN8gfUBI1WgfZtUneWYTTq2fpmAinpaWidvvXYWRvpw82BSkyleygoNxDQSVnfOXosUEjyhp3oDXpykt+nzRvGOy4XICxyCph06EzwgL3DE8ycqbNSd8bZ9YDynA0kpObY1+poXW8b9AUkr0wgp/wSVvJQBzNWbbvUfiNvx9MniGCVbdfwe0a1n7bStm11uM5+d40FdKSt3UqlwUhZ3gZeSEohTXvWYdTb5fUamyr2szNvJzt32v7l5ORwUO9s5ZqOfi/WAwq81KH8cUEIVGTy6uZyAjpJ+3UjwhkOZK5/k4N6I+V5G0jRWpzGIoQQQogrR0awiG5RuClo+qs7LGYJJ39MIDPpBbIA0DBr2VP4u/sQt3oBq1amkRgbbTtRHULs8sX4YkRB20URe4FXb5emkviPCke1SYdq5Eg8gZuDR0JWhcMf1b7EJcawalUyyU3DppV+LFgdhz9WdjnE3T4drVLkLPeomj+7Ho+1HlSaRtJXxZJuL4u45U7eROEzlLF+SrJz01lZq2KRR+tyGX7/Q/jlpZEcO49kQOU3HD9lCRWHjsDMGzspV1/+Jy6KlYmZrIqxz5tRDSf2D/fjTolDnmDCkpc5vTKBrOR4bJMWVEyNSWSmvyfmgy3XHlrXBVd+dsbD26OpaHHswfIccT8T1dnkGmDM7yY3l5XPiHksm1XNqk2FFGbZap06YBpLFkfgw53ERv3I+kwteZvs04eUGmYt+h/828TrmDZn6XRWN4yl+9ADUZGj2uxxZ9y0iWQm5bJnv4HR9Gr+lrjzsH2JTVzIqhUpJMYW2pLrN5HlTz1M/ZDjlGzKJGaObW5KwJgQlIVaSnUGIsIUfJOvJd96N9FT2uZMzbyE1ZC4juzcTZTkNm3XMC32j0z398RYZN90Kpv4GNtV9otYwDORvngSzbJZtazalEZsnq0MNWPmsnyO7Y0/l1LHbtC4dzPMFp3X+fZvVOqyfRhxP9MCviQrPZ456bZyCQnRoNXqOGaG0JtuRUMe2Snx1PVKdfked8o+oia7fjSBaoDbCVZCYb/xzZ09ETF/5sy5lWSmxNN0qUJmxTEv0BNjkWPd6QVe3jgb2+YXHAzaQpJe+JHVH67ssKx9GMGyqO9ZlZlCbDagVNs7fBR4dlEuPp7gGTiOELLQqiY2d3iClW9y8sgfPZI5E9rWRag5/iXa/GDqoqfgibVVva39dj95JVp639v5477zFsSH0XcFkJ15nNHBgwF3Ro5Sk5dbb++8anPvtWlb333I4TrHphI/t46E9HTiCtMBUAVMY9lTEXRVP12hUAEVuaQk57baPnXZX1uF3fnvxV5gHyWkmfIUs756kk2b1qNLTeok7fDM6gWseCGNVbG2e1IJWPrZ65HC1XZKCCGEEN3R4+LFixd/6USIX7cGo5FqK3irfdqsc9GA0VCNVdEbtc/VXwrPaDBgVShQdzV8+2eNx0jyo9GwKJWY4WCoVVxmWdjKlN7e+Hh2d0iO69ej42v6b6LBiKHaisJpOZgxGuqwokCt/jWsEtDBdTEbMdRZ6e2tptuXGqDBjLHWCijwcQjXWJRKdGIpcRuSGW41UKtQ0646NJgxVNeh6O1k36Xk5QqEeWl13jmz0UAdrrcNP3dbYrvfLu9am3HD0929+ecOy9q+z1utbndvd1ouDQd5bs4qcJh+9h+lucyuXD27ajpNe9P90937TgghhBCXQjpYxL+N8pwNbC6uxs3JHPHGRm8in5pH4K/uD0QjyTOiOReTzJLLeMOEEFeKsSCZ6KR9xKS+2+otVkI410DO2iWkFeoBDXEbkgj91bXDQgghhBBXh0wREv82FNd60KeP1el6gG5ubi5NIfr3oyBo2lTO3+h84VohrjaPm0YyMaI/N/46byhx1bmjuWUofgY14bP/P+lcEUII"
04:29:08.902 [Forwarding screenshot on session ed2d6660-f69e-11e6-a414-872b36aae4a5 to remote] DEBUG org.apache.http.wire - http-outgoing-0 << "IYTohIxgEUIIIYQQQgghhLhM8hYhIYQQQgghhBBCiMskHSxCCCGEEEIIIYQQl0nWYBHd01DOhqQMvm+zIorVamVg2BzC67bz7tHBxC2O5HROKu+WDSBucSQdTdtvqNxJ4oavmR4Xc4UXsDWTk/o6X/3o+PJfN/pcP5C7Jt/HCI1nt+I268v4VnEzgeqr93aJ7sZp1heRteVTtLrjmOp7MSDwTqIemcEItTtgJif5VY4Onk5MZNvX2zorKxurtS/Tn4luVT4HNyeTWQZRT8UwwmGRVENRBskfVzIxOpYITUuaOyrnhso8klK+IHD+M0T623eYy0h99QN+vH4cT0VPaK43ZVuT+eDoYGIXRza/stlpOsxlpL66mR+dLeRjraVP4MM8dnsFr2eUOclsLX3ueJiYyJuclodbn74MufVO7p8wouM3KzUYyNu+hdw9pZwy1aMacAv3/HYmkaG+AOgLNpKaXc3DzupcQzmpSRn82D5hWPvcwTMxjvdRJRsTNqLvG9aqnDCXkZr4AYQ/2voVzg2VbEjciPf0p5ge6Hxl287rTwt90VY2fvw5R0+ZoFc/AkeG87sZkfi2yU9XxzkvCz2bkzdSbHDjtzGL8foqubk98exW3swU5WTx6edajp810UvVD7+gcH73SCS+zi5eF+3avAm264ehjI3vbWZv2XHq6cWAW4KYOH0GEf4+LeX/+uZ217BPXw1B4+9rOa5N3Bvf3EG1YgD3/356u/Q1VO7k9Y27aew7iqdiIqkpyOAfOyvbrVXVdK96lTrfj9VK3zumE93u/hdCCCGEEFeKdLCI7qk9y35tCQalCpXj234aG8HfxNmqYnSFUAecLctFVxiBtbPgTn9NiW4fd1tjrnBCrRz/SkuJSYmqKaGNJkxayMveQ0xyMkFnv6ZEl9d13OYilsYmoolJJlB9ld4E1M04zWUZzIvPBMAvJIJgTpJXmMWqwr0sTE5mgtrK8X0l7GucQPvcNpUVqFSqVntMjf2Y4HgBGw7y/qY8KoD3PxvPiJktD2vH9u1BpzOgS3ibgORomlLd0TV294KjFSX8WPwtkf62cIylu8gt0QGNVPx+AiPcAQzk/zMP3YBZeHSZjjr05eWccnMDGjGZLGCvq42NjQSP6o215hTaEm3z9maNjQzxP+9QHio0fipoBDc3OKXVUpiXy54TcSTNC3VyFSpZuyCOQgsoNcMZHaxAl6clXaflwNzVLI/059v9u9Dp4Kyzm6L2LKXO7i0aaezn2+o+MhbsIEtbApRTcP8EpmjsO6w1lOp0GHRrGBL4Vsv22tPsKikheILzu7Hr+mM7rmjDcyRmVwBqQiKC4WQxhdnpFGbnE5e6hlAf149rXxZGMpYvJVNnISAqjlA1FJxoaU88Xc6bkY2x0WTpAZWGMcHB1DbFv6uM1WlL8G/bydJFu2Yro808E78JE6AZPoYAjx/JK8xFp82ldGESMRM0tvLXlmBQabBVHTfgLFqtlrzcHEyJaUS27UGpPcuuvDxMqAia0b6Dpfb01xSW6EClpg74dv8eSkoMTq6ikjBrNDUd7gcUdxMd6XyXEEIIIYS4fNLBIrpHAfVAxKJXiXHyOomiVECpQAGEPbWRkMXuHX/bD9i+Zv353hCkiljEWzEtD8P6gg3EJmXzye4yImbGsHHD47h3NXLGzZbnPr2v4puAuhVnJW8mZAIaYpISmkePzD64kehVWbz9j51MWBIMbjh9BTaAohfARF59K7rD0UYA+vydVNg/V2zLQT8zkKbnXEXTV+aGXJIzwlnZ1OnR0TX2CWKsGrIPVdAwMxB3oHS/ril0tDojI0b4gPEYpRYYfk9wc13qMB2eoax8913bjoYiYuYkEtCmrhqLAFTEvvEWYU4zawRANXEhSdEOHSkN5ax98gUKd+3DMC+Utt1eBal/pdACY+auZnGkfYTF4+UkLHgBbfq7lE1eicJW0M7rexf3lkNC2J2db/9sYev2IqY0pVPRFLaJtIQNhCbPs434UYAbtn/tuVJ/JtBQudnWaaKZSGJCdHNHgD4vldjkXNa9vpW05ZHg4nFNZWFjZvPKp+2dK8tYOXOELTsKmtsTV/NWufV1svSgiYghISaiuc6Ub13LC+mFvLujkpWRvt0sez3vJGzChJq58S8RaR8pE2MsYnl0Inkpf2N08BpC7eFMXPgS0Y517mAGT6/KJGdXCZG+bTrnFKACTPTqoF4omg9U0HKfqQKmMndqAFhtHUvnzyu43QO+te9XBkxlgcN+zp9HcUOAsxiEEEIIIcQVImuwiJ9N2ZZEFjy30f64ambnhpU8OmMGM2bMYEZMAnmV5jZnGNmcEMuMR59jp76BgxtXErM8gefmz2DGjEfJKGt7vCtaf2OvCQlABZz97izmsgyefHIVRUbbt9Mxj8aSkLDclr4ZM3hu7VaMGNm4JBETkJc4j+UbDwINFGQkNB83Y/5KdtrzYgtnPrGx821hbDwI5nI2LI9pPj42IQO9PT0N+gISYh51iHMzBqdxdsx8cBeFFhg+d1GrqTk+I2awICIA/+vBpZLr1VU3l5nd2wpBNZG4hRFgKWR7kdFhvxWUGgLUoMtcS46+w4CaUkjISA3oDnAKAD3aPAOaiVGEKGH/3mMAGI+VYkBJ2B1ND8VdpcOu1ko9gLXOaeyKDjqbHLPTirs/IYHKDg6uZG++ATTTeDzSv9U5/98TU/EL0KBo7CI+Vxn3sl1nwS8qlrkhSgy5H1PuLNmGbJIyytpsbM/V+lOy43NATczy6FajLDQR0cREqLGU5KA1u36cjQJvjwZyEp5hU4mFgGlxzZ0rznSdNyM7tpSAKoI/OnSuAPhHPsJUPzV9cV4fOmM+uIM8C4Qs+GNz5woAPqHELZsGVLCzqNIhna0L3CfADy+gvq6z8Xzd00sTQkRYGBEREURERDBhQhiOs7m82uyPmDCBsMCrNAJPCCGEEOK/lIxgEd3WCzi57xNyzvTG9sxohd5DmTyh9YNRXfVxLKf6AnBw4ypSsisYPi2GmcHnyUhIITnudeLj+gK9UCiMbF4ezSYdTItLZoLGnaJaAwadAfXwCCZ69Ob2m1p/s9ygL2LL7jPcfl8kHSwrQaP9QaehoQGopWT7XkzAmJChWOtKMVlOUQdY66owWPQYtAEsiFsGpZmkZafzYdFYJj84lazkbAKmLuDhcX6UZawgKbOCkKgYpgf3Zsf6RFLiVqBKTWJoXRUGiwn0AUydGIiH37WkPvMCuSY/5sbF42c9xPqkTGKXK9i4chzvvZiEVjWRZYn3Q/kWVqVtIiFjGIvaxNkZa20doGLC2DbfyuPOlJiVTAGaRmV0yrCL9zO86e/4eNh7EPdFhtlGtegLyNGDX9R4QidY8UvJI/fj3fw+dLr9QbYe3O4kZsm9PBub1jzKoLNuG7/RIZCdQ7kBfK3FFAJRk+9jUO02kr7ajzk6lJOlpaAM5vamZ8Mu02HXaX+RiT0fbuZkb2vzF/xWejP2wZY1OkyGIxQdBFslt3KmdCfphRYYPhjvtsEZT1NmgYC7RrUbAaQOm8eaMNvnos6ShO3eOrYni80ne2O1tjyMe/uNZUqobaxQ2We5mFDy0LgwxvmVkq7NZdtOPYsn2PbXA1Pj4nF7P56szLXkjH2LKV4dx+lq/SktNYBqIkFO7rWRd42EvGwqKr6l0aXjzAxDAeh5f8Ufqagwgd8sVs5xNvWqRZd5Mx9DZwL1xNHNI6taqJm3JrnDsDtr1+pq6wA1d4e1LSPwHDGKALI4evRbCFPQCzAcKeagm4rGRrBaTZRmv48BiBg5tNP8dUdN6fusXbsTsE1/04yZw5yIllwb8t8kVtdyE1hNcOei5cwZ0UFjKYQQQgghLpt0sIhuUwAVeZnNUzQAUE9k7ARn3zwrAAN7ciogZCHL50QAEPcSvPflebAeBwykPPM0JpOKuatfbVnwFIAQliyPcfKwBLWn95GZlUfloFEERrT/ZlbRCyx5yczIa/1QpQyYxiMRGihSNKewydzElUzxBUJV5GfHUWu14ntnEOrkbNRBYQRqrKTuqADNVGZOCkJRBw/+Poq8VZns0xkZag9s1uplTPd3p6EsgzkmCIia"
04:29:08.903 [Forwarding screenshot on session ed2d6660-f69e-11e6-a414-872b36aae4a5 to remote] DEBUG org.apache.http.wire - http-outgoing-0 << "zdih/bAyidlT95KUvZ29xnG2joyzenQVpxkbOptE38ko+t2IxqPOIc7O5zCdPWPA9nh4uSzkbvsIpQUs9p9RT2VSpK134OCOT7Gg5J6xgwGYPEZFSuF28g3Tm9fooLGW3po5LInKJz4zm6St41nm13FPh+fNQWjIouyYkUDzASCAYF9P+t05Ggq/otQ8g5P7DShHz26ekuNSOlxQmLWJYqUSiwVsmdbgN8nWwaLoBeiySFzV+pzh0xbyPzMmtJ/2Zs+ielA/1xPQAX1hFh8V29MFgAXNVD97B4ueXdt0oJ7KHWpw9w5nOLkUbtuNecKc5s6dOm5i3pIF7IpJI+2vGwlLCOqwhnSr/gzo37IOjiP76Jzvq+ttnU9dHlfHMPumigoDSiVYKj5i48FJzBnReX3vNG9WKyZgyICWXhdjUSrRibnNP6uGz+LV5dPbdYR11q7VnPkRMGCug/Zz6G7EVwXHaWlPdFkprMpyPEZDVMxzzAy7ciNILIYKCg0tqdUyplUHCxYD+jajyGqv1CgqIYQQQgjhlHSwiG4zARGxqcSEtf8m9JjTMxQo3EDVp+Uhzt13AvN8bQ8/gG0xUiycOF0DzR0s9aDsS0erkPiExrAhdTZ4OP9G1loPBEwjLmoYNNreCOJ141ACfW0POe3HdKi4rvm5zAuNEmoBGh2mmpjPoDcBpmziorNbnX1SdwyCANTccKPtEby2pvr/Z+/e46Ks8geOf0SBEeUiShjiBbyRiIqEF9LIRI3SaF3KNNPykjfMcFvEUiMvpW4rq+IttdK0fhZrGqapmI2iYoSoiKIpaI4kjiIXxeES/P54BhhggAG03N3v+/WiZJ5nzjnPec55mOc755wHgOTIhUyKNNzbGXPsGTVrMpoVa4lcm0wkgI0rY2bOwrmN4fSW6m84W7R2Bi4rN38VqiL9lJozd1vQy+fRatNQDt+PdRsnVUxCL5U9B5W7tQ3Bo9lgsGXXd6cYOK4suJYLuI8Ixj92Ens2r2DHmGq+tbd0o48z7EuM46cbp8FtDJ0APHriiJoTR49wNR16jy1ZO8L0ctRwsAR/UtUaLErbUfkG8XmQL+Slc2D9YtaqNZhbtcT4Q53MsQGST1yidKXXEjmpqH/6jfa9fGos1T3AN2QdQRXT0MtL+hG1DtDtIehFg/an2cv+1BcZXhLfKcgFxyHMGvkT7365k39tza9yQI9p7acDDs2Ay2lkQqX1ZwoKcgEVHds8CibtZwf65Xb6TljKzCEFLHjxXXYuXEjnT5ZQ7RI01R1bE1ucgMtXboLSkmjyaE9GjnTAvIk5V37YjPqCMmqtYhbVXddo2QxQGf+DmZfC+Wyw1ReiAPANiiDI15Gc9DhWvbOU+Gxo0b6TsXeXP7Qa9yhj03cCH7zWgwL9tCNzK4dy2x19g4gI8tWP3lNYWv5xT0ETQgghhPhfJGuwiDqq5VoC+ZCfX/aevNS9zJ0VwflcABUTwiMY4wbqiMWoTZjNUsLa3h7rau4ZbBw7493dG29vb3x8fEqDK6aodITmVmDdEkcV4DWZr7/+WvnZEs7kMRMYNbgkCHCv9M3mTZS7Lr+QdaX7fxIewpgxL9C+SQYpv8HLc7fw9SfhzAkaiWt+CpuX7SgL/pjXvMit/aMdsEHHV18dqLAlna8/imBteBRZpelVM2+msXmVN+EZcfuI14HXmBCWLlpEWNgili4NwdcRNHvKrwGipGHPuNDJOKIhcrMaZRlPYyzx7O9GdvQWvjwNXk95Ki9be9DHGdQbNpOCM73d7GtdjvoqXZbX0pGBQfMJdIX4L8PYcsrIijbWbng5Qnr09yRV2HTq6xVErA3nyG9lN7rVT1+qemNM1EHAmQlhi1i0aBGLFi1lUUggNuj47pvYSvt3Gv4WAa4qTu/Zg4aSZVLLM639WNK5qxvo1Ow4WvEJNel8/YUacKKNk42J+1midBJH+vu4AJ14KywQSGHpvE9MmdBm/Ngs29DVGbLVX3NAP3rD0tmb4cOHM2zIMHq2rqodljB+XbNv0xEVOj77dG+lbad2KKNePHoq/f8elJ5Ca0dvQj8IwhENa4MX19g+q+ueFTW2sMbR3hFnZ2ecnZ1xtK9wIdRfOywtLUt/hBBCCCHEgyUjWMQDYLjEYwEF2OPR25Fo9Qa2HH2UZ9sXsGPtBpJTuhFg9QhggbWtIz7BwfwwKZyIBVvwCB9tJK26laXe9GthXD3xIxcefQKP3jao1Z+x7kBLXvS05cgXi9msTsff1YfWFd5q3X0A3dhD9NpVuNm+gYf5JVbNC+e0zo3Ow9rwbcRaTjueY87cUbi6tacZQAs7mlTIsy3JrP/0EB1HTGNIpwrfvTsPZLzfLsKj1xK87DdGDemFbeFv7PtiA2od9J08unSKVXbKCQ6os6FQ+b2wsJCW7t2VWko/we4D7WlRsrFke4++/Pp9NODG8GHeGK5C8cIwL9Qb4tmnTqd3xXpzHMjfJsQRsiGe6s5DW09P+DIZsKFv15KSWtOrvxs7v0wG5z64WQPkccSEcnQyMl2ssnwSfzzAvXLxq0IKG7XkKd+KZ1Epz4hZwcROCmfnR6vo9XkonSpsD5gSyM6wSMLGL2DM+Ofp+mgjzuz7PzZHa8BtJC90suT0QYCscnkXFhZi7eKNz6P6dUBO7EedbWtwFqCwsDE9HjdnV3w2Kq9RDHE3zN2Jwa6RRB7bzamRAZXKPXrWBGInRZBOFb3J1PYzIgi/w0FEhwdxI2UCI55wh5tJbN+0gfh08A2arjxW28T9StajKVn31dp9BHMCTrBw5x4WrHMjfFJNI36MHZs9I0KDOBwUwdrg8ZwLfInebs6QqeF49Feok7PB2a7KUXFVch7C24ExLIzcwKtzLzPl5cE8ap7NT7s+I/KYBlW3MbzmbW98NWlHX/424RghG+JZEaEmIsi3ikzSCZ86no0liy/nZ9NiQAizPGpbWH1q0SsY/1O5Z06TbzOA5eHjuLn3E7ZfbsW0SUNqGB8nhBBCCCFqQwIsopbMa1itoTHYltzANAZbK+WRzUGhXL29mMjwd1GWJnBm5JxpdGaHsl8BYO/D3ybHErx2J6uievGMwfvrUs4mNSwrYW5hTsnaE4b/LktBv2SEfXuecFWxJ3ozC+7a8PnMD7h+ZwGRa8MoWdnBa2QI49ytyTlVMR0XQpYGsXBhBBHvBikvqVyZsCiETljzRkggC5ZGsjBIrWyz6Ubw9OewtNeWy3N5n0TUp+OxesZ4oMJn0nwKzFexYc9Olh4rWfzBEb8JoUwa6AxkYG4DpESzNiK63Hv956zArokKSCdybeVFQPuON+PqaXD09afiJAfnp/xx2xCPOvoIvZ0bV3oOsMuQaYz8aSpfnjZabAAsXTzxUn1JvO0TeBjERjp59kL1ZTLt+nRVbgJzTvODCeUI8h1e+nrVTUBH9Oa1RFd82dEfb19Xmhgb6GDvw5sTYgnZcIw1W04RPrr8dCRr9xGEB8PKjZFsDi87YNe+I5k+s2QBXnOjeav6qvCZqIwvSYn+kohKBbPhtQaeaIDAYb0qbLPkqQA/IsOjOXwqk8YYPDIbwN6X0MmJBK9VV1kbNbcf5fdJ/wzHYdVKvty5gdMlu9m4Ehg8mRE+td0PoBl2Bou1dB89i4DEGeyMDmdLPw86m5dvUyYdm6Mv/wy34rN1m4iO3EDZFkf6Bo7htRG+RoIKNV3XoPuIBcyxWsf6zdGEh5WcIBVe/pN5Y1zZujzG0nEZMo3AmKlEqiPYNrgnIyoGSUvossnWlf3aOLdAf20yknCNF0adfuqlAX0aWZePEB/jSa4EWIQQQggh7qsGxcXFxX92IcT/jryMDDILwM7RvvJCof9hlGMpwMrOsdppSiUy0tMpMDfH0b7iGg95ZKRnUmBuhaN9fW938sjIuAtAE/v//Dr+T5WTkaGMFTG3p96n9A9lYvvJyyE9MxdzcyvsqztAU/d7UPJyyMgHCriP+UsfE0IIIYQQxkmARQghhBBCCCGEEKKeZJFbIYQQQgghhBBCiHqSAIsQQgghhBBCCCFEPUmARQghhBBCCCGEEKKeJMAihBBCCCGEEEIIUU8SYBFCCCGEEEIIIYSoJwmw"
04:29:08.903 [Forwarding screenshot on session ed2d6660-f69e-11e6-a414-872b36aae4a5 to remote] DEBUG org.apache.http.wire - http-outgoing-0 << "CCGEEEIIIYQQQtSTBFiEEEIIIYQQQggh6kkCLEIIIYQQQgghhBD1JAEWIYQQQgghhBBCiHqSAIsQQgghhBBCCCFEPUmARQghhBBCCCGEEKKeJMAihBBCCCGEEEIIUU8SYBFCCCGEEEIIIYSoJwmwCCGEEEIIIYQQQtSTBFiEEEIIIYQQQggh6kkCLEIIIYQQQgghhBD1JAEWIYQQQgghhBBCiHqSAIsQQgghhBBCCCFEPUmARQghhBBCCCGEEKKeJMAihBBCCCGEEEIIUU8SYBFCCCGEEEIIIYSoJwmwCCGEEEIIIYQQQtSTBFiEEEIIIYQQQggh6kkCLEIIIYQQQgghhBD1JAEWIYQQQgghhBBCiHqSAIsQQgghhBBCCCFEPUmARQghhBBCCCGEEKKeJMAiHhpaTQ7XtLlk6f7skvzJdHlc0+Sg1eb92SWpvXqXvZBrmkyuaQvva7GEEEIIIYQQ4kGTAIuopVyW+kfSyqb8j3vH7QzyP8ja3Tdqn6TuBvMGRNKjy17c5YY0AAAgAElEQVR6td/NK+uu3/9il8i6zFC7SAbNv/zg8qiHrPiT9G4ZRa8ue+ne8Tt2a8u26RITcbeLpPf05ArvusUMT+U8TNpSof7PJ9HbLpLe03+BrKsGx57L0gGROA2IRUtVclnhb7BPad1dNfr+6spuMq2G4V2jGbzkSpW7HJq/u1L7U9rgDkZMjCNWU4d8K8lj98ZETmTdj7TKXFMnsnDjNeWXcufjwcmKP4m7XSROnjGcN7L90PzdONntIrpW56t8/WjVcbSyiWRhdM59KHHNsmJPKMdkF01sXc7RH1T35fvMQ6baa6HS9431M8OfQfMvo1XH6s99bj0KY8r1qPbHsNQ/Eie73bVo2yaUw0jbKdevTaW9xorlydznS4wQQggh/mQSYBG1p4NiMzO6eKlKf9AWcfbILRa8fIihi2t3M6GNucjGeLDzsuOVN5x47elmD6jgijwg+6EcHFLI9n9dRFMEniNaMmFaO1pbl21VdbSnK3D1+/RyN8q6xDQiLyn/jtqRjuEAoPNxN9AUgVsPa+B3tECa4bFnVl+ibF35fZS6+x1oiEoFaIrIN6HsJrMAG8DJsmGNuxabNcLziZI22IjM9EJitl1heNeDnKjnKKhD8/cz4W+/cD2/fumUk3WZ4QHniUop0L9g5Hw8APm3dWQWQYNL1wkyeiNaVOs0K9VPgf6YzGs+b/fD/q2/KsdUlMmnUbfqkMIfU/dg2GcePlVfCxti7WyFs5eKLl5WdGlf9lHB2ctK6XPtG+Fqa176ej71OcaK1xPTVXs910Fd2nf118UKbadSvzZFLgsHH2NxRAZ3al86IYQQQjzEGv3ZBRD/oVyciDzYB1uDlxJ3xPLMGA0nFsfx6V8e5fXOpjUv66bKh/SRH/oxp88DKKshE27c/zy/o9VAsZkdH67vh0fFzaoWDPCDw9G3SUyFzi7Ky2dj0sv2iU7jpM6DPirl10T1bYrNzHiqXwuwbcTx686gagSY8m1zQyyq3GbJm3sCeUMHKlPKXkvZJuwzdac/c3wty17Q3WCe/yE2xt9iR0wuPf2s6py/hYUZYEHTugSJqmLZEBv9/wGwbWdwPh6gsntgkpadYO1zjzLZy7Lq/U1QsX4c/Hy4dAPlJvlBy7rKZ58XUuxoRjNtEVH//IV5o5vTqjZp/FF1/zCr9lpoyevrn+X1kl91Vxna8jgnPJ3ZV+G6r1UrAXUL86qvFiYUpsL15M9X5dFUbDsV+7VJGmJhB2BG03qUUQghhBAPHxnBIuqs4jdvHi/04d/vWNOgqIgvNpfN00hVJzLCc3vpsPKh009wXj8uOnaNGt9XlQ/oq5/ZztCJJ5Wh2dprLHy1bCqI+4CDRMaXBQWyYk8yaMBBIncnMlY/Pcap4w5mLL9cbgTHtdgkJvnv0G/fzbx/XSUbZZSEKeWDXD6duJsRb8excKJSHnf/GE7octmxWM0g/fucOu5g7LuJpFZbYzlEzj9Ib7uS8u4iZI2+vLrrhPjvYXm8UrOzB+xixpqKQ84teWKgHQ2KCvnpXMlXrHnEfJtJsaMDSxc0p0FRDoeOl9TTLQ7/WAQOzfHp3AiyrjPDfxeTKqVbUqk3WDF9L+768o19O45DCYCdsZ2Vehk2/STaaspefd3WT35Bhe+6VY/w4ktKYa/8kg1Z15gxYDcLN54sbSOT1ijTzxJ3nCgtl5PddoZOP0GivlznvzrKjMW5NCjS8Xf/HUxarq+vGtokQNb5y8x7dXdpHfb21++TdY0Z/nGcLYKkz+OVdl7hfJjWpgs5tPEogzrqtw84yNLFMQzy3MvWxJqHYzQoKmL+y3FGpwqVyWP3mhiGGtRPb/9oPlVnVlk/WbEnGeaxi7WxuZzYqKa3527WxpcvT+waNb099xJ5Xllfp65t43xUCglFMOy93rzzohkNLmn4d7m8cvl04i5GvH2SHWtiSs+F+4BoPo3VT2Gqou4//eokI/R17+65m7XqTFKjTzCoJA3PaLYannPtdZZO30vvjmXna+jEWE5UNb9Ec5WFE8vah7vnbhZ+VcOUyBryuJ/XwirllI1OqWrEReK+BCYN2F5l/tX3H4PrCVTbd42xMTleWH3bLnOPTYvVpedpUOBRDmn060IZth1j/RpqOGe5fDpxv3K9TE1jsOduPo3Pq1vbEEIIIcRDRwIsos6MfcPXZ3RbnM0g6agWLZC6I4Z+w84Tc6kIv7EtGfqEGQmbUhjwuJpEwMKiITb6r/Bae6poomoI2ssM7XiMNTtzcR7cnFfGWpMZf4sZA3azIlb5QJ6fp+Ns/C1mvHye/XesGBpgRYP0QiLn/sy83foPy6nJDH7mHLuOFOI5oiXDOujY+EEaGoMR4zWVD0CrySXm4yus2abkffuiGdp1h5n2gZY0mvDK9Jb0bFpI9MrzDK20PkqJHJb672XGR7e46mDFK2844K7VsXXWz/hOT0aHGaomBt+mq8ywtKj8jWjHfo4AqI/op0Vk3WDfMWj2jBNDn38EgP1q/TosqVqitcq2zgD5Os4mFHJSY2woew4LXzjEkk053Pa045Wx1kR/fJ2EakbXX/s5l6SfdeRXUXZT6rY+jH1jfumscvvXtm0TyC/gbEIua4IvEq2fQnUt/3dObIzmmTEpHE4FvzdaMsgTEjalMKStsp7H3ZyC0jZigwW2TU1rk2guEdj7ZzbuzKWpnwOvjLBCc+QWbw7cx+40pV4AGqQXgqphpfNhSps+seYAI4PTSNI2YugbDrgn3GL5B9c5eymH8+nVT67o905X5gaY0SC9qqlCiuj5+5k46zon7lgQON2JYX3N0BzJ5N2AGHZrjddPfp6Os+k60u78TusOlmgu5fLpZ78apHqLL5dpuZoKzi0b1aNt5LJzo5Zis0b4D2nF0BEtAVhXLi/QXtQR8/FFps26TtO+dvg9YUZmfCbvPnOYQ1lUWfdzJlzkMFb4DW5E5qVcFgyLpt/wFJI8rfF7ohGZlzL5+8Dj+jLeYoZPDMs35XCngx3jpzvgTiEJ2zQMHXPSyNoatwgZcJw123JxGubA+DfsIDWXNRNiWKiuakRZzXncr2thtSyM/rOcmJUaojQqho6wLs1/1lf665QJ/afsekKVfbcq2dq7nE+9ReL5W5w/f4vzibdIPX+bmxXiJjW17RINLt1iyQdanIY5MHRwI87uS+Plrj8qUw8rXkcr9usaz1lDLFRlH71sWjYEbtehbQghhBDiYfQ/PD5aPBDWKhyAq5m/k88N/vXadYrNrNiQ8CzP6qe0HFoezci5Wj7aeINN4/sR5R5H+8FXGBY2kDm+lux+ewcJRRC4+kmWj1aCBvPfSMS3/3kWv5/M2D09S7OzG+zKvsietAKuRcfSa7gG9ZFMeLYpWz84S2a5dAqJnP49MzaVfK9qSvmakq/ffWh4P9aNb8Y1TS6fvnqAYjMzFu0bwgsOwKIbTOp4iKiLOWgBhwrVoo1OYvkRKH6iLUf2eOMCMPcakx4/xq5NZ/jsjWHMj3yGpgN28K/MVmzd411uGH4JlYcjQ83OE7Vbi3ZRe4i7ptRVfwdsXX5nqNk5or5J49q8duTHpZNZ"
04:29:08.903 [Forwarding screenshot on session ed2d6660-f69e-11e6-a414-872b36aae4a5 to remote] DEBUG org.apache.http.wire - http-outgoing-0 << "BK8M1JemmhH8WnUSa+LBLqADP37eAwdghn8svV7WVLkegYUdkAkWqkeMlP0GM+xqqttHqi6QCdSRp3G5akV+HliQx0+RvxJ5pJBiMxV9ulmDxS0sgWIzFSuOP0Ngy3tc02Uzs3Nm2WudGwGFRL79PTM+ziT8s+tsm+HLv7W7Gb64iLl7nuVJFSa1ybg15zhbBH4LerNpRmsAXu4ZzbBZmYTvhP3feHG25XGY2Ztd81pD1mWjx1Vlm346h3mzc5Q6PfMszzoDC68zwyOGyHSjSZWTkW/N5Iju/DsqgbMf/Wx8qpDuOuuX6Sg2s2ZX4hB66udrRL+7i7ErdcSeymH++Mr1o1WXHYuDb0cCHTV8/fkVTvyjIz1VkBV7hch0aP1GB/rY3mBGjf2uirZxPpVNCYBfOwY4gK1fB4aapRH1+S9EL+yIn77TlISaAlf3Y/nolkAhW1/9lpCduUTH5fCkt/HkDdv/jrd3MO3jQrqM7UrUSjdUFPLpq9/ybtRdrmqhzdlfiEwHuxFdSVrvpiSwKJMZHaP5+rqOO1C+D2szSdBC8eAO7P+8BwB/C4yjy+ArJB67Bb6Vp7RlqWvOo6Rb1+9aWH+G+WtHxNJjuIbYUznwUnN2LzlZQ/9xK7ueoBxUpb6L8fl6loBm0zme3nTOeMFKYhkmtO1n/cqC2n5L+rJpijLxbMe7u5i2MpPlW6+zKdAgbdtWLP+mqFy/zlLH1nDOLHll5UCunYniX5mtidzjja32EoNq2TaEEEII8XCSAIt4MOzAIiuXs/pfb5+7xI5TRYAZ6EdmpKUo38zl6BeAVKZ85HMiXj8UOy+L3TuyyAcsLH5XhrIf03IqCx7Tp/vXyW6lay+08m6Fp5lG//SHfFJ/LqLY0YGpo0tu1hoROLMD731+RvnVpPI1xQLlg/6Lgcq35a2cLenp1YgG8YVM9dnFwZecGDDYmYWJgayrYgGBU0dvAvDWe91wKXnRthWhixzYNUFLWno+eDTU3xj+XvnmrJQ9T75oRtTXGZwD8g9ep9isEQN8lKkxg141I+rzG8RpC2n6022KzVQ89bjROT7lnFNnADB2wmOlwaFWz7ozpb2G1TW+GyC/fNlNPPf1cXbTFUI2lX+t2NGKeRv6K8GHLGUBzGYvdtAHUqxpevESMUXQevpj+tcAGhE46zHWbUjg8PdpZM1oSX6+8tV+fg6gyjGhTeZy4qiOYjMrxr/WurQ8PV/vTVSvezi2sYccZdpcTQueVtWmdb9kklAE7tO7KMcHoGrJW/9oSeQYE6YS5BWAbXuWRfzKM1NvMf/lWIb84ls+7qZqwaYrw7iVkw83b3FCk0tKkpb9R8uPjilfPxUzas7IIGsi52ay44ccej5rzcFIZYTJ6yOdIeu3OreNQ9uukFkE/fs3J1+bg5bG9BkGu3bm8nnkDfz0gZmSPjtsWEv9Oxvx+LDmsLP6x8mMnNCptP3b21gAhfgGttEfYiPau6sgqggLwNb3cc5e6sYdIPX8Da5ezeJSkpazWqCpkXimtQp7oMG+i7gPuMnIlx7F72k3rmVXEe2pZR71uhbeByOnl+Xv4N2KLmYa/VpKpvQft0rpVey7Va2xkwcUezXnrRds4V5J32qIilyWfGDQL0xs2wDFZg68M6UsxxemdObDVadITrkLVBhZqJ8+VdKvTTtnv5e/XtahbQghhBDi4SQBFnF/5fxOyWoIN09e52wRNCCXkJcTKu2atPs62kXtKrxatrBqZPApIiu+yewed8p9Hv693L8NV2KwsANSG5ZfRNC+CU4oi6hqTSqf/obEwY72BhGPZ2d580rScbYe0RG5MoXIlSkABC7pzfIprSulZWFhRrGZip6PlR8xYO9Y/ptJiwr/r6wRjw9qToNtWk7GXiN7dyG4OOGtv+H2GvgIDTZd58QRDRbxheDZsnRb9YqU8vUwLF9DbFoCJi4DYFh20+q2XaWRPrUxdIknk3qpyC+A/LwiLJpa8ZhX80qBKafWlaNeV89X+ObeoiGWAPpRAeXVok16OvCYYQFU1vT00n/zbvLaM8bbdE76XaDyAsD2zWq3YK3H6N7M2rqbJUe0TF9+lRBbc6Bk2lgjfos7w/QpF0kwYVRMVfo83xa7986w4ctfmf+sA99sKKS4vRPDvCzRquvaNm6wdZkSfImZe5wec8tv3R9xkdTxj5QFMCv02ZaONddTfkHl4Fe51/IN59T8zsE1x5n2kZGnGBmLaapasWynK68FpHA2PpM18Zms4RzFjtas2P4UgR7GylebPOp+Lbwfyted4b9re00vY6zvGuM+oAMhMypedwtBvYPFx0p+r0XbdqhQV9bmOAAnjmrR0rL8vpUu1qads3LX+jq1DSGEEEI8jCTAIurM2GfiQ1vOc7YIeg5oxWPtdTibabja15WDmzticUf50G1hDhnpOrC3wQGo+J1yPsojeFccHkjfpr+X5pN/J598LGjjYDxvo+VzqbjMkFIGG8ChfXOTygdA00blP3A7OPLu/z3PuzlZxB1NY1/UFbbu1PH17HiGBLbm2Qp3h/k5RTQo0nHx10L8PMq63Z27tXm0p6KztyN2Zlr2bb1IXiq4z3Qq/XbX5XFHnM2us3fLRWwSwH1mK5OCGPlAgyIdZy/m4WcwbURXxxkEtarbOmrd5VF6etU8dL7cI1z1jxN279yk0n55AO2tjD7Vw5Q2eSITSM3iqg4cSu8Lc9i95VcsurfBr42pR2achf4RyBUXJb1zu7bPGrbizfXdiep6ihPvxbHApYjSYShZV5keeJGEIhj6dgcCfB14rEsLLq3Zz9iPatEYXFyY1PcMi6N+Y+uWLKKLYNAbrko7rWPb0EZfZFcR2D3RkrdfsaUsglDAj4tTiL6UxtexeYSUPImsQp+9n0/cBjj/VSzTPrpFsaM1b4W60sfdlu49LFjnH82/qphW17x3N6Kud+O3X37jaMw1vv0qjZj4HN4ck4BvQp9Kx12XPIyp6Vr4oJnSf4yNpany8cuV9jM2Kiy//PWrlm27XHvJVwJWrX1a1njdqus5q23bEEIIIcTDSRa5FXVW8UY0cXccUxbnUmxmxshXH4UWVrQDOJbBbWtrXFzscHGxg5/P8MyAGGZuuGEk1Ya0aA4NigpJTodW+ve42Ocwr/8hhvT/mXMm3efp07mUxqfRZVMOEiNTOVvyJXSdygeQSUjHHTzW9jDXnZvj95IHSz8fyvo3GlFVzLL1Y8oN/acfXzR4NZetK9OAsptnk7i05DkXSNik5WwRDPI1WK/CuSXDPEGzL1PZNti0dU4ee9wegK2fGTwHKfUa+ysPMDBNnevWdMZGG9TE9rGWeJpB0qqLxBq0oxP6dtG6sx22lAWcrmaAaW3SApfHzWhQpEyLKaGNTmLi1HPM+D+Db7Pr+Khw295O9DODpFXniS6NSt5i+ft1eNKIc0eWRTSnQVERZy+Vvaw9qSxsbDe2O+vm9eBZ31a4OORz4lhJZSllL18/xlgybFJLGhRlEjI1jWIzFSNKpuvUqW0UsmuTcpwjQ715fbQHr48v+enJO6HK0IBNGy8aee+DcfWUcp6nbhhIyPiOPNnnEWx/u67vM0WVAjpZ8Sdp/8gOfOdocPFozStT+rDtoA/9zIzvX5c8jDPhWvhA3a9rev2Y2rYBGqRfJyq2LLoT+8VFzhZBu0fMqZK+X9f2nFlQt7YhhBBCiIeTjGARdZOaRqD/bmVaBUVoj+lKn0gxaEFvXnFpBLRi4kwVMR9lMrzlbt6KcMVBk85Hi5W7w78Of9RIwpa8NrsDC/ZdZM3wvfzydgeGuRbx9fspxBSB+9sd6KOqPOqlunRWB+4jO7QNzjkZLFlp8BWiypTy/W7kw60dvZ4xY+umWwz3V/P2JCc4reGjDYVAY+yNzO/pPNqdoUGH2LXpDIN0mYzyVXFyawqRR6DYqy2v+1oBuSZ+kLbDZ2Ajtl4qpNjMmid7G47isObJAVasic9VtvWoemi5YV6tnu5AoGMakZvOMJRM/tqlIf+efUW5AatiCZf8Ct/Gliu7SXX7J7BtzdQJ8Uz8OJPhHnuZt8gVTl1hwcpMis0a8eYYpVyOrVSAjo9e3s212T15u8Y2"
04:29:08.903 [Forwarding screenshot on session ed2d6660-f69e-11e6-a414-872b36aae4a5 to remote] DEBUG org.apache.http.wire - http-outgoing-0 << "2Ygeb3YkZNt5NozaT9b7nelvkcU/ZisBtLfHOEP+FQCuLotnrFbL2yH2tSu7qhXB71sTMzeHMR138eI0Oy59db3OU3nKpgopv+cDDj0c6GJ2haTPk5jXA558VEfUP84TGa/so8vPB6wq1c8kx8rpuzzjQj+z68QUAcPa8nTpujF1aBuaK3wRVUSxWXMCfCu36c7Pd6DL334m6etUdr/n8ofckLbu3gTQsTrsMC5/d8HyShr/mK1/Mk9qBqe00MrgWmDr3hI/s4tEf/wzIywzGOltyYl/pxJTBM0etze6xogpedS8SocJ18Ka5OsHDGXWZSSQadf06FoUx1T5Bv83rW1blL5n8TN7yP6nG61SNMxZqSwuPe21VsDlCpkogd6Sfh34uAntwuF38jOhwSUNgYFqps1zrXXbEEIIIcTDSUawiDppUFTE2SO5JBzJJeGIjquY0SWgJUujBrBpRtnHQb95g1j/TnMaFOWyfOoZ5nyg5TYqpmx+stITTEruRVRePYiJ6oCnI0R/dJEZU1OISYd+0x/js3ntyr2nRdPy0QxLwEb/TaLKqwc/bHamNYVs/SCFJSsz6TJYCUbYWzc0sXzKt68VBS70YcrgRmQe0TJnzCnmfHSL2w7W/ONAf/oYXZ32Edad6c0rT5hxdpuGOVMvEnmkiC4Bbdm7w7v0A7SNaUsO4P20MjKl2TAnelR4T/fBDlVsa6ivHyofl+oRlh98nEAvMxI2aZgz6wonXCoXpqx+G9Kqa/ltFctem3NfGxb6xVCreShShfKWf+3Zjwaz/G07GqTnsGDCKSW40t6aRd8P5JXOys4eQ1zoZwaZl3JZ/W4Kt0xokyoPD2K2d8CdIiLnnmPGrDSuomLG5id5vXMjcHiEYcMa0aCokP2f/8rV/IZGy1ddm+4zYwhRq51ojY7Ildc54dycKdP1a7zUcOfr5FzxfCpThbqYAZjT1AKwbceSiJY0KCpkY/Apxr58nq8z7ZjxjtKmEo5kGq2fkjE0LZoajM5RtWLkBCXPCWPblVsLt7ZtI/WoRpl6ONMFD2MH5+DMpBcb0aBIx84fs4322RJK7ZpW98VmZrg4lr1mYWFGyZ/Nzi89ztwRjWgQf4uQl39mxqw0bF5ty4wRKhoU6ThzVhktUnr+VC35YGdnPB0hZmUK08acY+NOHc4Bbdm+svIir7XJw1jZa3strJZFQ+wB7BpW2e+M509p/tX3n8rXE2PnxxjD4yyvIa2clfNlettuSAtnZb2sQX2LWBN8hjkrMyl2tGP14YE8aaukW65sFfp1w2dNOWfW+AUp+Z7dp+XLg+a1bhtCCCGEeDg1KC4uLv6zCyH+B+hySf0tH8wb8qizdeUHjxhVyLXUO+TTkKb21jgYf6yOCfK4lnqPfHMLXJyrWLOjTuUDnTaH3+78joW5Ba2qSruCLE0OGQW/09S+KQ62D98gMq0mhzsFYO9iXcWTjGqpNnWbdZlBbX8me9rjHK+0APJ9lpVLakZ+NeeukCzt71haW6JSlb1Wc5ss28dYHeqy8sizbIitqrbn/hYrJiaQ7duVOaPLFtqMfncHY1YV8Y/jz/NK5/vUnvTnrPp2bax+6pZPbfvdwyRLm0PGndr155I+1tS+sUnvqUsexplwLXyg7tc1vR5MattQWlZzCx51tqqxbVbs1yadM10e2jywtrUsTb+2bUMIIYQQDxcJsAiTLfvwLP/88GzNOwohhBDivvjb7C7MnN3lzy6GEEIIIUwgARYhxMMj6zK92/7MnWmPk/SgR7D8B0qNjmNo4BUyDRYnLTZTsej7p3m9z58xIkEIIYQQQghRQgIsQoiHSCGJag20d8bDWYbHG6XL4cTJTDLu/I5FM2u6ezW/P1O5hBBCCCGEEPUiARYhhBBCCCGEEEKIepKnCAkhhBBCCCGEEELUkwRYhDAiS3sNjVZLVt6fXZL/NDo0adfI+rOLIYQQQgghhBB/MAmwiP9udw7Qf5Ir78RdM/EN2Xy+sh92c/rTek5vXoo6/gAKpWXxbFcazP4Q7QNI/c+ku7KN1u/3Z01y9p9dFCGEEEIIIYT4Q8kqkuK/XmZtdr59lI/PpEGTAXzo44mH92MPqljwXzg6JilhLzCA59xs/uyiCCGEEEIIIcQfSgIs4r+UDlCBuQV2tXmbVRMAxg2dS+jT7R5QqSzve7oPh2wOH4+Fzv/A488uihBCCCGEEEL8wSTAIkyXl8DMRbOJu6Pir+PW81ZXB7QJEQz/ahfgysKQ1fg2A3XkVILiU2hj25bsG1egaR9WvxuGhyV8s3E8yy5ew6rNGHZOGYWKy7y/cDLRt+6CuSUUNjUp7Y5tJrJ9yl8rFVF35Xve+Xwh4VfTACeCffpxtfweqL9bTNC3mzkDyj7Pf8gHz/Un50wET3+8kTPA1V2j8Tj6Mj/MCYLkfxO6aSGfZCgriwzuPJOP3gjCoylw5zjj572H45NDST+0jE/uApZOBD/9Icte6K/P8xqfb5zH3J8OcgX4S9eX4C7lep+2pjwWvQdtHuPCyZ3E4MSq4G/wvLSKkL2bickDsGVkj7dYNG4sLlXEb3Ta4yz5fDmfno/lCoBlJ2Y/9y7zhvRHhZLPtEXvcdq8Fd4OsP3MQa5YDuDHDzbS5tzHTP5yMfvuApZ9WPXCEOJ//JKfClyJeHc1vk2BO3H8OwOm+nvVqlkJIYQQQgghxH8DCbAI01m2pw0XCL8LmYfjeavrM/wU+3/EZKQBF9h7UYuv912+OvQ9Z/LAyW0Qman7OXP3At/9EopH14t8/dNBYgAydpGQN4q+mn2EXb0AWPOKfQ5bs0xM28u5cvnyjjPqg6l8A0wd9B7udw8x7ehX5XbZv+kFBh+9QFvHADY85c2lo//gw2/HEndzPfsHdeeV7n1Z+9P3dHbuxwDXDuiSP6ZN+GKgE2HP/x2HmweYdnQZ3d7RkLxiMZ0L7nDh7gU+2bOMtq1fYtWTtuz8YT3he8bySIeThHa14PNlQxlzPot+nSeyoLM5H3+7WqkDZbAMWckf80gNeWgyLrAv4wJdHbvRNRNa3NyEz7eb6eo6hs3eHlxLWs/sk+9z9ONmXJ7+fOW60X5PwJyp7CtXXxf4cPtYolL+ReKU54E7nM64QAwXiEkv2ceSJpcjcN2wzOB9sUzbFlv6650C5f+ac4eJwYnQx9pV24zCfgzjffX7Rre95/seYU+FVft+IYQQQgghhHgYySK3ohZs8H/iGQDOnPsRDdc4cC6tdGvU6WTQHmV1HoAT4wZNZIqjsu270wTLX2AAACAASURBVKfQXYnny9K9YzmuySY+4UflV/uXmfZULdL26V2pdInRH/MNEPzKD6wKHMvUsRv52X9A2Q55h/no6AVoHUry/HDGPz2KD+YcY4MrxBxdyXGb/oSOHklrwGfAO4S+4MO/v1ACH7sWf897z41i6tiNpIwIgLyv2BSnBXMl6bau75E8ZzFTX5jNzqkzAci+lwO3j/Dx+SxwfY/9M2fz6nNvc/i9f9AV9GuwZPOpCXnkAm1dQ4mZv4PEFTt4LCsFgEE9Anj16b8SOv17tvuO4fXWTYw+weeb/1uoD650Y/P0wxSvO852nz5KfZ98i3/pF6W1ouR4ZnL6nX+za/IEftqhD65YPsOPi1MoXneYVa5OpWlb6P8fF7sTmjxHLwcjBTAQ9lQY7/m+V+l1Ca4IIYQQQggh/pPJCBZRK517PU+/7d8TkxfDt4dciTNYqPXMxQNsU+sn5Ng/x9NONmQ88Qxs/56YxB/YaXGxXFqHju8iK1kZCfGX3s/Qt1d6LdKuXLbrN68BTgz0aFf6mpffKLruOQhAVuo5JchwdTHeszcrAQ5LOJMBcFM/EiOfTCCvMAewIKsA4AJDF/RTgiIAd5XAT9Tp03ygXwO3c3s3ZZoNoHLuTj/9v7WXE4gBZj/tV7odpyd5xR5m5wHk1SKP7tjqN3t4DqTrt98Tvv2vhG+Hfq0DGPnkcN56sn/pPmW0nE5T0mvbdRyvdm2l1PnLUxh8NJZ9wI2cnHLveH3wCDzaOuDRVsv7+kFAXR97Ht9mAK14cfBzTFu73uAdF4g+k0U/337UEF8BKA2klIxkkeCKEEII"
04:29:08.903 [Forwarding screenshot on session ed2d6660-f69e-11e6-a414-872b36aae4a5 to remote] DEBUG org.apache.http.wire - http-outgoing-0 << "IYQQ4j+dBFhE7TTzYaQjxKSnMW3rYgD6dZ1It7T1rM7YzMv7ld3+0vsZHACHkoBMxnr9NluCfQPYr97MN+o5fAOAEyN6eUKz7FqlXZX8cr+VLXKbf+8WAG0dA3jFrRV5BcrclvFNrAF7OlgBBeXTKlnOZGr3F3hEv9HS3BqVhQ5rp9bAVTKB/u1dy5Wg7MlFJQlaUJU65eH0VxL/6cG26H+z84SaL6/uJGbrTqbtmcjVD2djZAJVjeUop7Cm7eUfgaS7cozVQHjP7qalD+UCKhJcEUIIIYQQQvynkylCopZsGKifJlTCr98YXujQyeAVfcAESgMyZXryin8gvQxfsn9BPyKllmlXYG9rD6Rx+qK29DXN6QPKeieAQ8deysgSu36Ejnqb98bO5r2xs+ndSMOhS1dK1xKprA/jxpbtH9r7URKTz6E1DEIU5ht9p0M7T7oCX8QeKnsxL4WfMuqXR/x3oXgs+oQuL8zmi/nfU7zuOKtcbSHjO+K0FdO2xtVBGddy5Zev2Z+mA+BY9PbSNVlsGhsGXjrh08Gh9L3O+gjVmZNr2XZJi+52AuFRm8vlUPJ45v61fDxz2FNhElwRQgghhBBC/FeQAIuotc69ni+dAgOd8OnYih6P9SnboTRgApWCJq1749WsK091LpvIMrL3wNIRKbVK+85hRr3pyvAvDgPg5TeewUDYhr+w+IfDqA99hP8mg0BAU29ec4Ur5/9O/5URqJOP8/kX4/HZ8xXfpINj04pH6sAI/5eAWB6fOZ7P446jPhRB/6V/55OrJ3Dp0KbmymrmxZTWcOXM3xm+8QuOnfmemWEjlZE7lpBXxzyaNsrmTMZXjFryId+dSWD/D9vYmZIFeNPFoWLdqHh+8BTljXkHGfx+F9q96YrPtzuV11zfY0rXqsYEqQgMCNX/+zQvL+1N49C/8mG64T7ZHD4RC64DkecHCSGEEEIIIf5XSYBF1F4zH0a21gdIHP3o0RQcHuvPYP3mcf3KT+ExDJqM8/QBoN/jQ/SvdOLFJwxGpNQy7Vt5oL2nH9nRdCBbghcy2DKN2dvG8tTW1di17gaUTMOxYfysH1jVtRsxZ5bxVPhIxqgP0tbxJX6cXTatxs4gfZcnF/Pz8DF0vXuQMRtG8tTWZcTQifCx2xjhpKq0P5XScGDq37/nQ1cnvvlpDj4rpxKe14m2AHbNsa5jHp2HvM/mHn04k7KeoSv/yuBty9hn2Yf/C3mfzkbqxrbrG1yd/B5/0T+56Ip+hs9fei3kxqyxFdZtUZX7zdbtDW5MX8hIe31kyz6AVYMCSrfn341jYzqM8/YxUhNCCCGEEEII8b+hQXFxcfGfXQgh7i8dWu0t7mCBi4PxkRm629f47V4B5o3tcW5myrSWbDRpGWDehBYODhVCEKbJun2NjHtg79TKyEK0dczjjhbNvXxoZG3icSjlyLkHljatcKg0aqeyY5HjeeM09LJrzZhXw/B1gMTvptLt2++hyRhSloVinnYd6+btsLWsOT0hhBBCCCGE+G8kARYhRLXid4zi8T2x+t+c6NfkLjF39Q+Ddl3IvVmj6hRwEkIIIYQQQoj/JjJFSAhRLa8XlrO5V8k6OGmlwZV+rhP5eZoEV4QQQgghhBACZASLEMJUeTq0ubfIKwTLxs1xaCqhFSGEEEIIIYQoIQEWIYQQQgghhBBCiHqSKUJCCCGEEEIIIYQQ9SQBFiGEEEIIIYQQQoh6kgCLEEIIIYQQQgghRD1JgEWYLi+VTxbMJWJ7kpGNGWxfNpdl25O4sHcdc5dFkVNtUgdYMDeCJP1OqXFHSa3iDTmaJJLS8wBMStsUOReiWLxgAYsXL9b/LCPik20cTc0wPZH0OCJmBTP+1fEsNlondXMhKuK+HOODVLfzkEPUsgVsT9LXcV46Fy6k1yn/6tqLyfmLSir2y/upbuesRP3OXf3yrk4OeyMWEBF1//p/CVOvA/frmljRg6uzP7YMhn8/HiaGfS0vdW/V/S4vlU8WKG3fcL/yfTWDvesWEDT+VYIWbOPPuMLlpR5g8dx1XKhjVRseT3Vtv775CCGEEA+aBFiE6Sxb0CQjGfWX20mtsCnvwn6+PJZMvq0tN5OiST52hYJqkrp78xynk9XcLICcuHWELF3Dr8bekBPH7OAwopIzAbj5y08kH7tCbj0PpeBmGvGnTxOf9Au//PILvyQdQ70nkvCQSUSoNSalEff1JtQpN2nRqSPunR+tZ4nK3LyScF+O8UGq23ko4Jdjp0m6WQDksOVvQby7PbnWeVfbXmrI/8qx01y4Wes3/s+4+9s5Ticf535XUd3PWYm6n7v6512dAi4fP83xX7Lue8qmXgdMud7W1oOtsz+wDBX+fjxMDP8G3v3tl6r73d3fOHj6NJezCsrtZ/j+jLiv2RB9Gpw64dqqBU3+8KNRrh3xyTH8dreO7zc4nurafn3zEUIIIR60Rn92AcR/EmueetGXyHA1B0/l4NLdunRL/L59gBvD+jnj3m8LXjMtsawmJXvvILZ8MhFLa8i5CmCBlbmRHS3gHtDUygoAc3PAxgorgLw8sKwul2qYA9gQvHojPvrDyEk9wLyQtagjPmWw71w61ZCEhfk9UA1gydxxdStDRfrjaWLVGFTmGKuOh0X58wDVnuxS9kzb8glYWgM55N8Dm6ZWtc/cQvmP0fZSExVYPMwV+2czNwdssWoCtTixNavPOSuhKrsO1Krr34+8TcrjPqnldcBnWs3X21r7I+rsjyhDhb8fDxPDv4EZ5uaARaVznQdYNmmCLfrqMNiv8t9QGyYumEv3P/IgDDRpYoWxYzCV4fHEmVNl269vPkIIIcSDJgEWUSuOPoPpFq7m4IGfGNd9oP7VC+xRZ2PjOx53S0jatpTFJ1xYvmQ0Nw+sY8naaLKVd+M3YQqThriTk7SNtxafYewbnVm/IhqApeNmEbxuCT72JbllsCV0KdmAeuk40gPm8DyNIfsIS2cdITklG7DBb/IsJg3sBORxdFs44ZHxytttujF5zlsMdCkLBFVi8I2htctAQoPOERShZt/RDDr52JNxKoolH20mRQegwndMKEHD3In7ZBZLo7OBPbz46jXmrJ5L6xTj++YkbWf24sM4uzclPl4ZseHadwyzZg7DHsjTHCV88Rri03Vg44qbTTpYeCiFyrnAJ0tXsCdZmUrj7BXI30JH4Ayc2rKA9efNaZIWT0q2isCwRVjtXcXmYykAqBy9mBAajK+zwa1X3ikWTPiIZq/NJ2igC2TEMXfGCpr8JZTQ4e6Qc4q5Uz/C5c3ljPNuUk19Nobsg8wLOogmXQcqV8a8PYth3e2BDKKWLTFSjrt8PW8e+YHz6Z0Szh7lxPLq1QCWLxkNVdS1oZxTW5i6sHx78SqIY33EWtTJ2aV19GbwCFxquOOs6twC5KSqWb9iM8c0SpoqZy8mvBmMr4tlpXofNuZZfvrqpyrPr6FTW+byWaozre/EcCxFBzZujJnsx5VNEajTAZUrE0JnMcRdqccDn6xi7Z7T+vp3Y8KsYIZ0sjdy7lczqPDHGuuvRNLeT1izYQ8lE7Rc+45k5szh+puWdCIXBrM0WQOo8AqYQvBoHyyBvPSq6/rUlrl8lNiZ5UtGYw/kJG3nrcUJTJjSmdXhVfRxk9tjGOYWkHx4PcFLj6HRt6spocH4OFsCGqIi1rFZrR8RpXLEb/QURrVMqNReap/3csa53ayiHzbBoQXY2jXR9/PvMG8BGk02rgFzWBLQuMr+W1F114Hq6j1pR9n19uqWuXymcaH97YOoU3Qo18c5TBroAqQTtWxZab906+vF7aS7jP3XArwNLpH16WNKHfxAs3bmJCcrIwG7BQQTMtoHSzLYNncesTThZnIKOucA1oU/S4KRNu5zb3fl82Ze9bUQcjjwyb/4bM9pdACOXgT9bRRXV5T/+7FgdPnwQ13a85urF8DOyv1vhLtSiRmntjBjYSJT9G1No17H7IgUXgtfwkBnSD/6CW+vucbUNzuxYcUZJi9fQPsKbeGCwd9NG0cV2YBHhX1K/oaOHufC6tVKXS188VX8Q6prr5VVfa27y5ZZ80ht7UaGWl3W5+aG4uNIhfakwtlRBzhW"
04:29:08.904 [Forwarding screenshot on session ed2d6660-f69e-11e6-a414-872b36aae4a5 to remote] DEBUG org.apache.http.wire - http-outgoing-0 << "Sr8u9VGeafkIIYQQDwuZIiRqqRPP+DmiO/YjSfo50BlxB0kGnnvOC4DczMvo0jIh5yhL1kbTwn8yS8MXMdLrHtEbwlBnQEGulmxdGsXuzzIhwA2AvmMCcSt3R2rPEy/4A+DmP4GXn3JFGXqSTVrTAYTMCcbPNZ/otSs4mgFJ2+YRHhmPV2AQixaF4GtzmrUh84irxYR0x549cQTyC3LJS41ixsLN3Gznz5xFi5js3wn15jCWqTW0HzAKfzcVqLoxYcrz2KdVvW9BrpZ0nYb4eJgQMocJ/m6kHNvM13EZgIZVweHE3+vE5DlhTH7CgmQN0BggnXVvvcue5CaMCQkjLDiQgvhIguduJw/Iv5tOenI8d9v54td3ADbxq9h87CYjQxaxNGwy7dLjiZj9Wfn5+JauuLTQod6XQB6QnniYZJ2O+MMJ5AAZiYdJ1lnQvo19DfVpDujIdh5K2KIQfFuksHnhPI5mwIVtS6osR2ZaOpkFBbTx7IcjoHLzZ8qoXjSqpq4NWXev2F5SCQ9aijrZhpHBYcyZHEB2fCQhoVtqWAOouvySWBgSwbECd4LDFhEWPJIWmngiVuwgx0i9d7TJrub8lpd/9zaa09GkNBtKSMgYXPOT2bw0gktuIwkOGomzLoUN2+MAiFs3j7V7Tiv1HxZE38bJbHh3Hur0ymXoVPyjSfUHkHNqHWEb9mDuN4awpYsICuxLyrEv2Xq0bD2clMtNlfbo34n4neGE79UA1dd1/t00pd/rFeSmka1LI9+tmj5ucntshnlj0Bw7RuuRQcwJCsQ2PZ7wdd+RBxxYHMxm9WUCJs9h0aIQ/DvdI3rDGhJd70feBdX0Q0ueCw1nbkB3fT/PRqNxwt+vLz1dG1Xbf8ur7jpQfb2XXm9L2lf8HhKaDSFkThC+ztlEr13LqTw4GrGAzcdS8B0TTFjwSG4fiyc9+zYFFaal1KePKXWQTvJle4LCFhEc6MXp0vYDd9PS0SSn4Onvh69Ha5KraOMnWlYsQ/XXwlNbFrJ2z2k6BQSxKGwy3bLiiQj5gg6V/n4Yqlt7ziyo3P+6timLUNm3bI0FKRxKUI45IToaHSkcTVAm1p48sAedrQutUP4GVpwGk5O0hXfXRtPYK5CwsBA8lZBRpSlgJX9DzToMZnJANwD8xkxgQPu7tWh3NV/rTqvVtB8ZREhQgNLnIqLIA9Sl7SmEsOChZFexnFZ968PUfIQQQoiHhQRYRK15Dx4CJHMwXvmkc+TbaLDx56lyX2eal34ivHntIr/eMuepN95n0aJw+tjrtwPm2NPTwxlwpP9T3pW+8Xfp44Ej4Ojhg7uzNUqifflg7mi8u/vw2qh+KIPAM4jZlwLO/owY5IGVVXteeC0Q0HA8ufZL/qVc+o3T+/aiw4aXXn2OllZWeL4wnL42cGzHj5i7dMfL2RZ4BB+f7lz/sep97+jTHLN0AUO8uzNk3DjcgLsFBeSc2scxIGBmCAO7uzNw3BxGuimHlJ/0I9HZ4BY4iifat6CF2yBG+TtD8nfElh6SF6Fzg5g0cxxOZvlAPpfPp5Jr1ZWgpYtY9OGLFerUmiee7gYpx7kIJB/TL86pSeRXIPGQGhwH0NOxpvrUn4fQEbh38iZofjA2pBObmM69gprLYd3Jh542YOHogU/3Tpyvpq7L38SVby/mSUeIBwLC5jPcx53uA0fzweS+oDnIiWpOe3XnNievBQETJhASOhGfDo/Sok1nvNyAm1qDD/9l9d7Zqurza1xf5oaOwNt7GIH9HIG+hAYNx8d3OK/52cCFX0gnlQPR6aj6BhE6wpdO7r7M/FCp4+gjSZXKUHjE1PoDi5b9mDAhiNBJw+hg24I2rq1QUX6Wy8j5C/TtMYQAZ4iP2sdVk+racOC+KX3c1PYIBfdA1TeImcN96e47grG+NnA5jUzyaP3kZCaHzGf0QDda2D6KW6d2ABQU1D9v95vV90NLR2ccDUaAjFw0h3GTZvKC7RkT+q+iuuvA3VrXe1/eDx2Nd3dfxr7mB9wk824qh9Tp2PgGEzTMB3ef4cwP9lUyqKT+fWzk/Ln4unfCZ0Qwgc4Q/73SDgvQn8Nxkwga14ZDVbbx38qVoUm118J0Du9NAa/JzB3tSyf3gYTMn4x/gCfOnhX/fhjUeZ3bc4my/udumLRjTwY4Q/zRJOACP+kHVV04eQG4wA+nwW3IEzStlJ4i8eBBSq4R7u7eBH0YUsV4Df37mzjTy+MRwJGeT/ni9NtRk9sdNVzrSvpc0HBfvH1HM9bPBi5fIZN0Eo+no/INJmiYN+4+I5S6M9ae6lUftchHCCGEeEjIFCFRey5P4O+4mT0HThLk05K9ydBtwoBKwRHsfXhzzAlWbI4m4rQyhNmxmz9vvjWOFga7FeQD3Kv0TSoA+QXKR6mCXMAauPf/7N17XFRl/sDxj+TAiHIRpVFEDUyl8BKSmmiRidc0W5fWTNN+pplJW5hLljdKLWVdzSLFwi6UuRbr6mqahhmKoBHiDUNS0BjRcXLkojgwBr8/zgDDbWYAy936vl+vwpk55zzP+Z7nHDjfeZ7ngLpl5R9h10or/pGLthAo3EnEjJ3VNpGbeQaLcUfWmZTyAvy6wHEVoCN2Xlj1ZVpcoxgoNf+Rp1S7/mWVpVxp41bxphveargGmEqLAVd821ckp5zo4qOBs3CtQPn2NDN+CTPiLTfqbd7/66BuTcXsAr0nvUSo9h/Eb40lZSuAmsDQmYSPD6o2P4NPvyDUcTGkp6aiTStkwIQJ5G7cyKHkZC6lgd/kgbgUWY9nf66Dxr3qj2HHlrQFsjN/YvaM+urhZxloc9wqDrr1WFvev1i2F1PxNUBNx/ZVSzi7tqzcYv2slOekwa30R1aGxxJl+ZlGVWfcFXUf39qqt9+ar0vNdVMV/YwO6H+fRcxcutDPFZLO/gwta9bB/vg5ubuRnx5LWGx0nTUEcKvcsBM9e2rYureY4mITjYu19XPcrvYIUArd/DtVrahS/qfCifZtYdPbEcRUP2CobkLZDgW7AWvnYfUy25nPZdvnr2V86r8OlDaojSvtqeLwmczXR9WVn/gRCOhTNRjFo0tX1KTXOTluU88xy/bj11MDe/OV5KTlMbTRxk0dq+pgPZYqVI7g2qpF5btOPkOY6gMUJdf4/WGxj42+dij1qn0NqNwJBj7kx9a4dFKP6snElwkTWrNxYzqpqXqycSVsoA+cqXvLKlULoLTquLj40bPe64l5XyyOV0PaHbaudTXPOaWGqAxnSDdCt85Vv8lVLahHE+LRoHKEEEKI/w6SYBGN4MGwMYHsjP2GzZtao8Ob6UE+tZYqNWTxs3Mf3vgiDJU2i/RvNxGzdSfbDz/MU3X9ZWrtr1qVjUkKW7ZDo4ZM/2f5Yq55bpgSLXt2Z9A2wK+elVoocwZaSPzsCwpR07VTS0yHCwE/Ir9YTMVMFlnJe8gxtcMd+MliPZOp/mXdSKpVcmVawdEZKCT35xLwUG6ufr5UAI7g2FKpXEjEOmb0VRJERdpUvk0vpkvL6uUDGLJ+ot2Ql/hiric5GWkc2PYZW+PXc3BoEMGW+SVNAIM1sDUmBtAQMfRBsvdvJH7VKkDDs/18wEVnNZ6lXwIFpqpDVnqNnwH/np0wZJ2ppx5/r17hUqg4ANbi514rehXBA+Wu2chli/gpN061u9RXi7+V8pof/YDIuER8Q6bx2qN98dZ4kLjySaIb8CTeJj98xcUND+DQwUzCgszfX5dcJLsQunVtD3n270/N+KV+tIj4NAgNj2RoT388SOXpqVFUnQyutKg8sCVkHteBWx+am4qxFuuKVap+1hGFus5xe9ojBkxASxe3Ojag5f15MRzTDCAiaiJ+PhpIXcfUqO9uStmqi9bPw+quVx58lY3zt1rVrFwHbLVxuyb7bN0eLyAz8yfME2hgOPMjRlvrN+ocU1d79VOODtzuw9m8fOUxtNXGyaysg61YHi+F0tKq2pTk7GJJzI88/mIf8zbq+P1hZ1yttud6+PR7ENe4GGLeTgPfCQx9sA1fbowmKioNvMfSxwNM9SRYTKbrVJ/ENZtMI7XmaalPQ9pdkY1rXb3nnEcn/NWQca7q6VkqVf3PLmp0"
04:29:08.904 [Forwarding screenshot on session ed2d6660-f69e-11e6-a414-872b36aae4a5 to remote] DEBUG org.apache.http.wire - http-outgoing-0 << "PBpYjhBCCPHfQIYIiUbxfnAkvmSzMT4N1wGj6e1ScwkTpgvfEROzipUfJGJy64xvx9uVj2p9fWsCCsn8LqP2GHHz1865h78lS1vRv9lUx5+6Gnr2d4W0j1i3JwODQcu295cRExdLWr1PUNVx6Os9JO7Zw65tm4le8DTRiTpcBzzFcG8n/O4fCGQSu3IbOToDGYkfMG9VDLFpP9d6Yoe1Za09YMSl9yB6AfFr3+eo1kBW4gfEpClj7h17D6YXkBDzLolZOgw5ybz1ShRxcQkUVFagKhZndq8nOuoVNqXm0bZTF9q3VlFXEgk8GPSQHxQWgqYnfi4e9Ag0z0/gfR/9NPbE0xWMCby1KRmdLotNb62nEFcCu2jsrIcHd/qrKTy+n+QsXYNibdleWgYOxg/YuHwVqVoDuoxdLI9OAbU/nax0WrLneLX28sbTXcXRXdFEpxjN82HUjnvD2VrXhIluBAWqMabE8kFiBjptFpui3iYb6Fb5SPCq7TQsfgBtadepEy1NOWx6K4ZCIDf7gnmBQlYt/oAsnY6j294nXgu9hg+mi61Yq1qA8Tt2JOegzdpD1NuJVAbN2jluV3usVvkar4uVb/dbd6CTlzvFWXuIikoAWihLN7FsF7vOw9oasp6160Aru9q4ZZuqq311Y2SIBt3OKKK3JZORvJmFqyyOT01NOseMfBT9ARk6HUe3rSQuE3oNH2jRf6SidjbauEUdrF8LPejZX4MxJZZPk7Mw6DLYEBNLZvYVVE51/f5QeDSlPdcbZzNNAAM1SrPy7dMDF4+eBLgqH/V6qB+1fl1a8Os/EEgh+oM9aHVadkV/Ru2ZlOpmonHt1da1rmYpJjzx91dTmBjDpuQsdDnJvBujnHN1alQ8GlGOEEII8V9AerCIxnHqzagBGqJTChg2ul+ND1uAmzMt/R8jbOQpondGE7ZTGY6gCZzAxCANqqPKTTeAR6e78CaRnTGRFLdYR5jlcB6PLgz0VbMzIY7F11z5a0tl26qa5QHBYW9w8epi4mMiSTB/Ejghgqn+9f85m7gxhsSKF67eBIc+zZTxQUrRvacSObmYZXFxRKTEKYv4jWX+rOCqcs1349aWVWWeoeYfhCoqhoN048Wl01g4L5Yl4UpN1ICxrTvO+BARFcaSJdFEVwz9UPsybWkE3YBUqsei75TZBJ9ZRnxUBPHmLQVPW1D5GGpL3foNwnVjJq59+uAC3BnQB7ZmV/tj11o8U5NM4OqLLn4VYfEArowNf41gDWClHscr9xt8AwIgLYVV866w9IvFNmJdpWZ7iVg6jSWLY4kKn6EsoAkkfMFsavepqoq7tePl4uTHWL8DbI2LZFIcgDeBgd6kpWVypsh83C3irnKsasu1j29NNdtvixqP+K36fMjcN7mweBlboyNRBmm5MjIsivHdXEjdW307tttqlV4P/wXfxFiiw6cSDbj69sJXfYzsE6dQ+Zm3+PNO5oUppfqGPEvEGCWa1mLt8+gUeh2IIn6Vctx9A3uhTtNhwsY5jn3tsXZMW4CjM9CNRyYEcmxjPGGTlBbnNyAQdUoaxzN1BDe5bOvnYYXa7cC+9cy1qP864ORvNe4/V2tT9V8fg2b8g+ssJCZuFYmo8dZA5WOkamjKOQZA3k4iK9pP8DReHKP0Qqp5DK21cZxr1MFKLLuFzSX3yjLiV81jKwDeTJg/i24exdV+f3wy2+J8sBFXa+1ZVWecq0WQ/vf7sTP+LP0DOgNO9OmnITHhOkH9lKNfvb1Y/D7sO5X5oZdYEh9D+E5ArTH3CVJVW652e2thfqS1/e3OpffDVq91dZ5zbs6ocGL43Dc5v2AR8avmUTUSqb6INDQeLcDNHecGlyOEEELces3Ky8vLb3UlxO9cSRG6/GJUzu54uNh4du7NKM5gIN9kwtldw00priH1b/S+IzxMbAAAIABJREFUlmDQ5YOzBo86EiIGnQ6TSoXGw/ZcMkUGA8UmcNd41O690AhW42neX2eNpta3kHbVo6SIIhxxcXKqtr3Gxs+kckZTVwCtlF9feUUGHcXYF/NfkxJ/O4+n3fGraG/1L2fQ6er53Hqslbbqjsbj1z/XqykyoCu+ied9HRpyHjZuPWvXgUa2cQCK2LZsCT/6P83sMcoNrXbXMsJjfyRs3frqQwht1M1a+YbUdcyIOk7EB9H0Mum4pqr7elZryw1o49Zi2aBzpWqt/872bD6X3TWaRl/H7W13TbnWKes2pk3+d5YjhBBCNJUkWIQQQojfuT3LniQmzYhvYDC+5JKQlg1+E/hg8TirQ1YawpAczYxVhwhb94mdSRshhBBCiN8XSbAIIYQQv3sGkjd/wZ5D2Vx1bIVvwAM8Ni649tPfmqBEm8xHW3IZPGU83aSjgRBCCCH+gCTBIoQQQgghhBBCCNFE8hQhIYQQQgghhBBCiCaSBIsQQgghhBBCCCFEE0mCRdw0JTm7WLwgmoyiW12T31ZJzh6WLVhHVknj12903Ep0ZGXV86zV36GmxDonNZmcBse4iG0rF7M5w9Dg8rK2RbNg5Tb+YKeDEEIIIYQQf1iSYBE3zbULP3Is8xA/m251TX5b1y78QFpmEheuNX79xsWtiE9fCmPe5szGFfw/qLGxLkpdR0TUWn5qcIxNnEs5RlYjGvXP59LJTDlHcYPXFEIIIYQQQvwvkgSLuHlUKsAR1a2ux2+sZUtnmrTfKhXghnNL5WVDOmeUXgfXVs6NLfl/TqNj7aj8z7kxB0kNrZyVGJc04OCoVIBa9Yc7H4QQQgghhPijan6rKyD+txRlbOaVZd/Q+g4VmZlaAHqNDSdiUlCtZTN2fcDa2J1UDGDxHTCB2bPHoQG0yZt4Z2082UYAV0KmzWbGcH+ghORNq1gVn6as5NqLZ+e/yBAfF8DAtpXLiUvJBkCtCWTa3HCCvZ0aty85ibz/dhwp2kJle96BTPtrOME+Thz9dAEfaX3ocmUvidlGpY7PzmfGEB9Ax7aVK831UOOtMQKaWts3HP2UF5YcZ+a65QR5gDZxHa9EZ/PUquUM8QZd8gfMWXueGdNuB3T8Z9UCotKU3ijeAyazYPYYPKzUs+13UewsBBKjeDJ3LKuXT6p65KoukZfDYvENX8GMIKVuhtQPeCHqFH9dt5xeplTej44hMVPZpndgKH8NH4+Pk4FPw/9G6RN/Z2pfZWtHP13AiuPdq2+/aidZt+p9EjJ1NY6xlm3R64hLNPeuUWsImTSTGcP9zW1oP97+rUgz76/vgMm8bN7f6qzHOid5E2+vjUdrbkfBk/9K2Jje1Y/z0U95bkkCAFFTXyZ83XIC693/WhVA5QiZ+98nPCoFLUq7mzk3nCBvJyjK4oOot9lp3n/vwFBemjse7xrbOPrpYt7PaY23IZE0LaD2ZcKc2YzrXbvdCCGEEEIIIf43SQ8W0SCmYj06o47Msx6ERS4lPDSQY1tXsWqXttpyRUfXERm7E1XIZCKjlhIWOoDslI1sSNaBdhuvrIonzyuEiKWRTBjQgoTYSDZllZCxaSGr4tMIDA1j6dIIgl2PEROxkFQDZG1aTlzKz0yIWEpU5LPcoUsj+pWPaPjsGAAZLImIJsXkT3jkUiLDJ9BWm0b021soAkqvXUGbtpP01sOJmB9GsHchCTExHC2BxOjFxKVkEzw5gsjw0RTWMwWKR7uOOJLNvnQlNukJCRjJJjk9B4Aje3ZidPOhk7kDSmYaTIuYz7Nje6FNieOzVIPVenoEDEIDqP1GMvOJfrS0LFzThY5qIwlbD5h7xJRw4D87MWq608Ujh1VhUSRmujIhPJL5z46lMC2eiLmfUgTk/1xIvqlqSEzptTyMefl17KGW6L8tISFTxYTwSCKmhZCdspFX16WyZ1k4cYlnGfvsfJYujWBkt+skxK4luaiiDWlJM+/vtJF+ZKfE8UVq7SNpLdYlWZuIWBXPz3eMJGJpJJNDvEiMW8LibVnVtuHSexTTxvoBMGByKH429r8mVQvQpqTQcUIY88NCcdOlsWrdl5SgY92L89iZ2ZLJEZFEhodiSosnfMHmWr2QSq/p0B1LRKuZwNKo+Yz0ymPjksUk/nGmzxFCCCGEEOJ3T3qwiEaZ8PoCgn0A"
04:29:08.904 [Forwarding screenshot on session ed2d6660-f69e-11e6-a414-872b36aae4a5 to remote] DEBUG org.apache.http.wire - http-outgoing-0 << "/3ByD04i/qtvufpE1eeO7QYxbZof9wwPxt1gwNm3A2qUkRqpu3dhxI/I5TPwB/rOfgnTugP4OutI2p0N3iMZP7QnqmJ49KlQEpfEcyjTwP2mUqCUs6dy6D7wHsKillKgaltHrwc7lLRl7LRpqPyD6OsJOr2JQD/QntVbzJkxgNfmTsIb8Hsqk8Ql35F/TcfxQzrUweGEjekL9OWN6+cJi8moXYamD4O9YWtyBgwp5jtzZ46sI1kwxsQ3x8Bv8kBasVuJadRihvsAfV1J3hpBbvYF6FV/PR26jaKPaywHND0J6t2tRuHePPwXPxLjvuSgYRzBpLElEwKnDUOV8S1pwNjI1xnn7wL48waXCIvZy2HDqHoCVsdAF90pDhVCSMQCxvX1APyJpCUnAE3PZ3l2iC9D+nph0Onx63YHO4/psMjbMNlif5N2RnDNVHOeE+uxPrZ3PxDI64un4gPQbT7F2ZOI/3wvhjHdLNqFB316esPWK9z/YF9UGZ9a2f9JBNdoUKbroB4QxuxxwQBMOb6bqEN5XMr4loRC8At9goFd2mJiKE+MPMiqnUrMaw/cGsCCuUoPrm7zZ3Jg6irSMnUEa6QXixBCCCGEEL8HkmARjeJWeffohF9PDezN57rFTbiTuxv56bGExUbXXtl0HVx70r7yDR/Gz/CBoqP8pxAo3EnEjJ3VVsnNPEPvqS8Rqv0H8VtjSdkKoCYwdBKuu2PZW9iw+g8Ii2Z46Y+sDI8lyvIDTcWcGddB3bLyJtlUqvxUXTlDuhG6dW5buYqqRX2luDDwIT+2xqWTelRPJr5MmNCajRvTSU3Vk40rYQN94AyAK+3cKtZzo4Mr7NUXgJM/bvXW04SSkqh7AlafBx9BExdFwoEcOjnupBBvRj7ojenYNUBNx/Yulcs6uyr9X+qeL6TuHTSc+QEjGvr4VWUk/IdPwh8oytrDv9+OIKZ6pS2270obi/31VkOteWsN9sXaotXh110DebWXUY7fdUwmMBU3cP9LoZt/pxoFqigtUHr1ZMYvYUa85QredWznOmjcq9536YS/GjKOn4FgSbAIIYQQQgjxeyAJFtEI6mqvfsrRgdt9tLC4RU79aBHxaRAaHsnQnv54kMrTU6NApVJ6MRReoQDMvQwMbF75LvreQ9GoIdP/Wb6YO0TZUImWPbszaBvghyHrOO2GvMQXcz3JyUjjwLbP2Br/OTOWRfOIU8Oe8lJ+4UtmRyfiGzKN1x7ti7fGg8SVTxJdR0eUalqbb4zPFVS+pVK1rHdxn34P4hoXQ8zbaeA7gaEPtuHLjdFERaWB91j6eIDpTO31TCi9fYqOfkBknJV6lmKeTbUOLn0ZE6gmdssHfEAm6gHP0tsJDCYTYOTyzyXgoUw6oiQdlHJVwNXrVZspvFJgniS2upZtPYFETv1UQl9/ZTsZm1fyz7z2tErczDHNACKiJuLno4HUdUyN+q7eONV59Dysx9pkul5rlYvndYBfPSkn887Z2P+66tbSxa3W+44tlbiHRKxjhnm+miJtKt+mF9OlJfxUc4UCU1WCpegC2Ubw79mlvpoKIYQQQggh/sfIHCyiEYx8FP0BGTodR7etJC4Teg0fSCvLRUwAbWnXqRMtTTlseiuGQiA3+wI97x8MpPF29C60Bh3Jm95lY8oxVG396dnfFdI+Yt2eDAwGLdveX0ZMXCxpBXBm93qio15hU2oebTt1oX1rFdAC59s1eHt7N+g/d3PCoLWXN57uKo7uiiY6xVijs4apjhtuT/z91RQmxrApOQtdTjLvxiRQXy8PNAEM1EBhIfj26YGLR08CXJWPej3UD5e61wKU3EmFuuvpwZ3+agqP7yc5q+7JPILGDIfCTDILYfToQQB4BA7GD9i4fBWpWgO6jF0sj04BtT+dPABHSPtsA0e1Oo7uiiYmTSmvZiycuvUjENi68l1StQa0R7exdmMKZ0ubKXVv3YFOXu4UZ+0hKkqJUcPSYNZj7de/H5DGP6J3oTUYOLptJbHHwHv4/bWnHFayemR+l0FLW/tfp5o1N9Gy92B6AQkx75KYpcOQk8xbr0QRF5dAgVPVcsqarmBM4K1Nyeh0WWx6KwYdrvh3cadEm0z04mXsyqprBhghhBBCCCHE/wrpwSIaJ28nkWHKMB7f4Gm8OMYHU6qS8ADo9fBf8E2MJTp8KtGAq28vfNXHyD5xCpfxk4icfInIuFjCE5XN9RobzsTeLjj1foOLVxcTHxNJgrmowAkRTPV3gU6zCT6zjPioCJQRGWqCpy0gyFqWoh4uvR9mrN8BtsZFMikOwJvAQG/S0jI5U4SyH27ONYZ6tACcGD73Tc4vWET8qnlUjQyp72G8HvS/34+d8WfpH9AZcKJPPw2JCdcJ6qfMm6JyrIqbJTdnlc16+gYEQFoKq+Zdoe0Xi6k5E4uL/4MEspU01xAe7Ga+63fyJ2LpNJYsjiUqfIbyniaQ8AWz8QEenjySpOidLAlPAVzxdgWtqmUdc4r4EB71LEsWxhAVngKA2jeEBbMe5/odZzm2MZ6wSUqE/AYEok5J43imjj4ta++viuoJJXNFrcbao+8M5k+4xpKNsYQnxgLmpy9N6l1rSx6d7sKbRHbGRFLcYp3V/a+pdt1agKMz4ENEVBhLlkQTPS8McwCYtjSCbkAqLcDNvVrcjsWvIiwewJWR4a8x3NsJQ/JhEo+l4TyiYeknIYQQQgghxH+XZuXl5eW3uhLif4chdR0zoo4T8UE0vUw6rqk0eNSb4CjBoMsHZ3c8XOp4/m1JEbr8YlTumoqRGlUfGQzkm0w4u2uouWqRwUCxCdw1HjTuAc2W29JRjAqNR8OnylXWdUZTfwBuGqv1LCmiCEdcnOqK8VFenrQEJixl+bia6Rfl+JhUdeyD+djUFf86Cql7O0UGdMV1H8OGshrrinbkbK0tNqDejWDQ6TCp6m9HqeueJuq7gaxbPxV0BlQaD6u9l4QQQgghhBD/e6QHi2gYkwkooNgETh4aGwkOJzysPSHFyQWNpu7bTCcPj9rDPMxcPG7ezamLh6bR22rKuje1LCeXOj4rYdfKucSmaAFvIobWTK6A1eNj5djYvR0XD+zehA229t/+ulZb0Xr7bABb2zGZSqEwHxOg0TTquVdCCCGEEEKI/3KSYBEN0rJTH0KCPWlf34gY8V/CCe+uXfDVaRj0xP/RV7pL3FLte45mpJcv7re6IkIIIYQQQohfjQwREkIIIYQQQgghhGgieYqQEEIIIYQQQgghRBNJgkUIIYQQQgghhBCiiSTBIoQQQgghhBBCCNFEkmARQgghhBBCCCGEaCJJsAghhBBCCCGEEEI0kSRYhBBCCCGEEEIIIZpIEixCCCGEEEIIIYQQTSQJFiGEEEIIIYQQQogmkgSLEEIIIYQQQgghRBNJgkUIIYQQQgghhBCiiSTBIoQQQgghhBBCCNFEkmARQgghhBBCCCGEaCJJsAghhBBCCCGEEEI0kSRYhBBCCCGEEEIIIZpIEixCCCGEEEIIIYQQTSQJFiGEEEIIIYQQQogmkgSLEEIIIYQQQgghRBNJgkUIIYQQQgghhBCiiSTBIoQQQgghhBBCCNFEkmARQgghhBBCCCGEaCJJsAghhBBCCCGEEEI0kSRYhBBCCCGEEEIIIZpIEixCCCGEEEIIIYQQTSQJFiGEEEIIIYQQQogmkgSLEEIIIYQQQgghRBNJgkUIIcSvyqgv4ry2iALjra6JEEIIIYQQvx5JsIgGKGbJ4Hi83BM4WONGKWHeDjq4xuM18jAF1T4pMq+zk2fub+y6u9hXUEzUyHg6uNb9n5f7DhL0v8Y+i/8KBWcZ7R7P0Ndzb0HhJexYf5zDBbaXrKBPPEgH13iWJBQ3odxiogbH4zX4IPU37drLnE88zpL15xtWlP48b6/OpAG7aKd8YqZvp0uXXfS7exd3tdtC1JbLN72UX4c98W+iGu1an5hqbjdFv2r51dpIQa65Dmdvcimw7/UddV6v/btuYfz0VA5qb3qRtVXG+OxvUJgQQggh/ugkwSIawBGfOx1oVpbPdxklFu/ns3uH+UYy5SKplncD+kskpgMBbQjwa+y6HtzlBqXmxEx5FzUBgWru"
04:29:08.904 [Forwarding screenshot on session ed2d6660-f69e-11e6-a414-872b36aae4a5 to remote] DEBUG org.apache.http.wire - http-outgoing-0 << "tvivo08LHG/27or/KiVAYckvv3m5+17/mmkv/cjF0oavW8pNqG++tQ9vQ60GtGWUAhScZdzYU2zLNjWggGKWDEthWbSBq02pZx0Orz3E4k1GvId5sWS5F625wVtPHeP4TS7n11Ejtr+Sau3aZD5uqtuqFrB6/BuhVhv5xVyHm1yOhXKH5gQMrLheNydfd4OkTecY12Mvh3+DXk2/9v4JIYQQQlRofqsrIP6XNCdoaBvYpCftuysQ2E55O+ciiTnKP5uVFbMvtYiQUS4A6I/qOFkGfR7twIj211nSqHW98AQcgXIHNXHfjibE7bfba/HH5ujoADjSyqUR66puTtqv/q048dedoTxjBDWA0224mn/a7zYc3QEcaNWUStbBoDdR7tCcRWuDGOUJrU9u5rlPCsjVQ0/Pm1zYTVcjtr8Bz5AgzlxCSezQlN5PVtTTRlwb1GYa5rmtI5kf7FT1hvESC0fuY33aZbYkFdMnxPlXK7th54IQQgghRNNIDxbRID59NXg7wNfJl6n44vHUgQtoy2Dmmju52wF2fXOxcvmjew0ADBvUtknrVtOIr5MPbznM+MGbzcOJNjN+zhFOWYyHOL7lMOMDqj4f/fxhjld8XnCeFwZv54XVx4mavr1qmempVcsApxKOMGXwlsrPh4YmseOU5demJexYnUh/d/Owpq7bWbg+tzIWSjk7WLL+CFMClGVCJ++mf8AOYtKqf/16cG0i/QN2EX/qBgA5iccr69/BNZ7Rzx+utn+261abMecsC5/cXrnN/oP3suFgkfnTYj6cvp2h049UG76g1CuBLTk3zMvsYPycVJZMV4YK+I9Mqv2NtTm+U+alEvFkRXy3MOP1TKtDI3ISM5gxsqp+/gHbeWH1GfMwF6V+4+ccYcvaJPzNMfcfnMCHlftQsZ36Y3fq82ReWFZMszIjfxu5hRmrGzb05vjudGZUtLuuW3hh9dmq400JO9YmMdqi3fUfmcCHiTW7LFzn42WJlfswNDSZfdob5s+UGI95/gj6gvO8MDKVk2WQ8UkaoyuPjbVyivlw+tesTgNy8hgWsIMP00qAYrYsS2RoQFXdp8w7Tk6D9l5JDDUru8FryzM5f+pHYj8pA1rgYTNZZb38goNHGDo4gZj1qYzuWnH8d/H2jkvVtmLrvABr1waL2FYubeMcbmLcCg4eYUzP7cQcrJ5cqbjknU84zPjB2+k/uOo8smcfqwqor41A3o/niZqzo+r69uTBGsPibO17/UpNNS7a6tt57C/uAJz7sVB5T3+RqOd30b9rfGXsRk8/yGF9VWyGDt5L/I7jldfH2ucUnD+YwYyR5mtd1x0sfCuXQlCSSlTEzNq1QwghhBCi8STBIhrGpx3BnsC2n/kRgBsk77pMuYMLo0K7MMAHcrfmcQqAYg4mGyl3cGeQv1PT1q10g6tXb4DxBkaL/6zJ+TyRMZOzSUorI2RKO4YGlJH03mkGP67M+XJ4fQIjJmezPwdCnmnH0ABI/zib4Z0TOFgAlJo4k24kfsEp3vqilEHj3fH3LCN90zmGhx3HCBiPH+Ghcaf5Or2MkGfa8ViIIyd3X2Ra//3mG6ESPnzyS6Yv0JPr6czEZzzx1xtZH36IMfPOKBUtNXEyvZi14adJML9V5K5Ce6aYDz/6yWKPLrNxpZ7cHPBu15ycLUkMGnOKpDPK/o0e6ED6x9kMvjeR43bVra6gZRIc8D3rtxrxHubJxPHOaNMuEzFsl3l+CDj/vZGM743V8l2l+iK0Z/I5/MN1APTaYpLeO8faTcoN45XTDmhqdgcwxzfhnXN8uu0Goc97cb/PDbavOMGDz2fWWb2CtMMMGvMD2w8YGTS+HROnuECOkfgF6UR8rszxoT9tJOm908x6+SKtBrgTMtCB/LR85o3Yzz7znZSt2F0rMqEtU5Z1xRG3Vg37NjzpHS3btGpGj3ehme4G8Qu+52Vz/RJe/5rpL1/k8FVHQp/3YswAB7QH8pk3NokdFpmlZmcus/wNPV5jPBk9rDknd+fxeI9vK4/d+e+Lq46DWrmkN9PdAPVtdpRzG47qql8Dru2UdQ6v3s+sN/Tk0ZKJz7ejT6sbJLxzitH1HI/6PPBCbwIcQPveCfr1PUp6GUz76F7us9ElxFb5pSVGTqblszj8HIe93Zn5fBvIKWL54/sq26etYwu2rw3VYmvHOdzUuJWWGDmpM5J3tfrQslaAPvEw/cZlsz+9lImRvemjtm8fa6mjjTgB+Vu1rH6vmEHj2yjXt61aRj99xJx0sOP6ZUVdPbnOnFQGpHXu3BK4zAtBSaz+uIird7rz9POe+HOD9E1aRk9W6qAc88u88Pgpvr7qzOixzpXn1MId5qRkTibDRvzA9gM3CBjfjjF3Gln/Rl7lOQz2XTuEEEIIIRpLhgiJBnLnwbHN+TT2MqdyoKePjq+2ASEa+qhduDhKTey7l0k+Bd3bmedQGdOeu9VNXVfRrOwGs3pvYVaNWj29eTivh9T1tfgllj2jp9yhOUv3j+T/ejqhTB65g7dSznIgV8PHL+VT7qDm7UMjCO3eHLhB/JyveOG9fFZ9dJFNTylj+MsdnFmTPoxHfZpDwXmmdE7h6xNFXAYcdcrd7mMfPcTqR5VvZofP2c602KsczSjhbn5g/tYy3If58m18HzwBVlxm4eC9xL57nPhpnQn1UG50KuvS7jrnKSVq516++OQch//elT5qKDh4jngddHzmTu5zu8QLT12k3MGZ2PRRjPJR9nrf6gQmLNCzYv0lVnS2Xrc+gZYJLIAbbHjjJNoyCFk+gI9ndgDghfGp9Bt3jjUzjzLxxz7KsJL8msNXzDfr5jcr5s0ZvWoQ655uzXktdKh5iBwr4mtxDJZeIiJgH59+cpINYXcysV31VVI3/2Q+7qN43Ty84PWnDtNlcDZHjhbBX1pUJn5C1wxi9aR2yn49+R8ithaTkFrEAyHXectG7D5+Oph/6XcwblkZC3aO4oEGjhVxH+bL7vg+dAD04w9yzzgtB48WwSMm3l9ppNzBhe3Hh9PHvN2EeduZ8o6Rg0eLGBVSlcyxPA5b5m1n1jv5rN5wkY+fdq06Dm4dWP3vMk62OwSz+7N9YUcwXrRRTimvvzOE8ye28VZ+R+J39sWNYpbMKaLcwYGlu4fzqCew9BIzuu5j2+ki9IC9o3uO7z1PusXNrferg3j90TY21ipmxxbr5VcoH9iZ1J196QA8P+YIQSNOs2ZpJjNCOttxbLF+bdD7VWvjxjRb57AnmTbq3ahRUe0c+SntOI+PzabcoTkLvxrGs/c5A5fs2Mfbq2+rrjZScFaJpeX5Z7zIjHZJbDujJJds73tnQn3q/3MiMf4YPrnOlJaAIyV8F/8T8QduUO6g5r5eLhQkHiReB+7je5Dxvp+y0tJ8XuiawBcXjVyl6jpjeU6dTzhIv3FaEg/kw6hWbHjjJPllELrmAVZPuh24QfzzX/HCx1WZZNvXDlvtUwghhBCifpJgEQ3W+6HbafZeHvt/KCbUoCOpDIaO9AKg7+C2NHtHy7dJl5lwj56TZTBmeLvKOQyasm4F90AX7m1DZbfwa5fBq76eBfpisoHWT/qZb6AAnJnxwSBCrqrxvnSW6WXQ8fm7zMkVgOaEvnwX62LT2f9VHgVPeQDQcVpXJbkC4NYa/wD4Ot9B+cNfpbwdPzmBM+Pb8eeh3gS9OJS8FUqZB5fplAVaQ+qOHyktVeb2cGzjQLOyGxz74TqhA5VEQ+vH7jTXxYUOwIQwF+IX5LPlmyL6jHJhb7xyg/B/E7yh4AInzbW+8sMZthwtAxzAUYlHXnYx3Gm9brWVkvN9GeUaT16dWZUO6RDSi5cHnmNZSj4/2PlYk4p5cx4LVTIkHbzrX7bjtO4Wx+B2Zi7yZMNkPafOXIcaCZaQBaM5MvM6pU6/cCrtPLm5+RxOUoaUVQwFqCh7zJiKlZtz75g2sLVizEGx7dgBpaVKhqC0iAZPxjHheb/KhJJn3w7c7aClEEDdlo/PjeFyUSn8fJnD2mKyM/R8nVx7/Fu5Q/Xj8OjM7rz57lEys69RfeADUKT0fKicNNWucn4xJ6N+4SrghjN9ApvTLO0GzwVtZ+9fvBg8zJsl"
04:29:08.904 [Forwarding screenshot on session ed2d6660-f69e-11e6-a414-872b36aae4a5 to remote] DEBUG org.apache.http.wire - http-outgoing-0 << "x0NZ14D9P7g2gT+/rCQvH3vMgfhNxeQuO8rBma4cCfuG7WoNb77Tl561tmm7/IrmN+0l/8r4ut3XjQkBp1mTrueHXE/bx1aP1WvD3Z5wwqJWR762dQ43476bELeamh3IZsRg5d9j4oaYkyvY3X5rqdlGMF93nrQ4/9SudAkA0g38UACONvf9OqE+9Y/7OvnxOSI+rv5eucaZhbH3M8ob8L6Xk2d6cRXIOXWJ3NwCzmToOakHWlVP4v752apzqkPfDgQ4aM3toeq69dykisRSc0Jn38miT6qOpD3XDiGEEEKIxpIEi2iwDn013O2Qx8nvL7DPTU+5gwPDBilJCM++7Qhw0PL9wTy+uWqg3MGBoQPb3JR1QblhXrtzuP09Ccx/mXt5Vl/BzacdfYCCNOV17qkaY2Ucb8MJwPztKYCrq6reYjyDA3h3zlVmrcgnfdNF0jcpc8l4j+3MPz/pS2mpcjOTvymb6Ztqr29ZulfH6nW975HOuC86QezGn3h9lCf/jr1BeRcvxgQ6oU+8yMkyaEYxEY+n19puxo6LsNR63Xzq2B9HdyDnthqTnjogFzVRAAAgAElEQVTRL9gZUsoa9sQmT3e62JiU2AnI1VUfFuHR2nwjWVdhRTreeTGV9butDw+rWXY7TVVSSX/Eduz0S++wvn0bSk2W+2T57+ZcSD3B8zNPk66zsRHPGsfBRYUncDhZj5721ZetFSv7ynGs8XPUy32ZmHGIDQeMxL+TTfw72QCELu/P6pkdbVQYMF5k7StKcuXv+0cwsSfcY/wP87cW8eeOOwAo15jwqOc8tqf8cofmPNDbcnJUZ+4LUrMmvYzzh+04thFK4q2+a0PNSWbtOYebHDcbkv51loJHe+KG/e23Vq+Zek5eL8+6rm9lXC2FVg24ftVl9PIAZvRTU2qC0pIyHFs5c1dgG6pOzV/Yu/YQs1bUMUTHveYb1c8py5mk6rxuebTECyiseG3vtUMIIYQQohEkwSIazvN2ggNgzd6f+Je6CDzbEVTxzadbe4YNgGXf57HptPJZoM9NWtfsakN6Epi/qC8srH7zbtSe51+7iujoqfx57t+9Za1VSwC6OFf+sW79MZ9OjIh4kDMvlHIy9TxJe7VsePcy2q3niFzfmSdRekGErBrAiuEtuVr5FN1fuGL4Bc2dLsDlusvx8WHGgBMs23aBDZ8WkFAGQ5/xVb7F7dIGbwctuQN82RvXFUfz3A2OKjDojODhiqeNutUaRlARNp+aUzTd4EyGEXCsd55hx7pu3lo1t/l0mhKgY6fqB/XqtfoCXsLbk1NYfwC8x3rx1wle3NWlDV0cLzIs4KjVsi3r7WlX7OAHG3VvlIJcng89TXoZjJ5zJ2ODPbnr7racWfs1U1bUvl2tFu9S5aayY1A720NOGlhOJU8N8/75CPOKCkhNzmP3tnNs2Grki1fSGB7akVG2Ci4ykgeAO8N6Kuf3/30yiB8C9rHBPGXHmEV31h4uZmf5fVGGC57+qYQQz4qkWTGHk42AM57d7Di2pcqEuPVdG+4a7lXt/VJ7zmG3Fk2LWx3KHZx5e08fMucksXbrKRZ+7sXqv7Sxu/3aq77rm6O9+25Fx7vb0yew/icFnfr8ILNWXKZc48KLc325z9+N3vc4sm5kAm814DHVdV+3lLgovVMacO0QQgghhGgEmeRWNIILDwx2oVnaZeIPgP9YjUUvCCcGPeJOszNFJKSB/9j2NXpINGVdRYN6Tziq8AByY08rE9aabX/tEBHhJzjo3JYAB8h49zQHLe43D8fncLIMOnZ3x54nQu97fTtdbt/Ce6cd6RPSlb8uHUziVmU8TGZ2Mb2DlF46mUeK8PR2x8fHHR+fViS/sZ8xg/fx4RFrj2R1YsyMdjQryyfiuTzKHdSMrxj20taZOwBSDFxxcTFv1x2+P8GIwUnMjr1ks2613YarGpqdyePDBIsn7uSc5u1tZYALXTzNNzM5P5NaOVyoiH2J9jxTpK49hNzPcywm5iziw79fpNzBAZ+OLWos/QuFRqU3098/CWLiqDvo092FH/6TrUxmWd/Ip5rsiB0o+9mszEiuoWpVY0EJBQWN/wZcf+Qi6WXgPqU36xbew6jgDvh4lnI4pSJ+VUPemukusu1g1d3vwc9Oc7IM7ri9/h5VFY+mbUg5UHFu5RPRdQt3dd7PRe82hPylJ1GfjOb9Z5pjmZO3GoPKk7SQVG3Fv29n3PiqJJqxyETd7Csf4F+btVUvcn7iX+mAjwe9few4tjauDQna6okX2+fwRbvr3SA+ngwNbMect7sD8MUzh0jQY3f7rVcDHl/ctOtXzZ5cteUeVa4zz8UOIeLprjxw3+24XbjI1+kAZXY+OO422rapuG5V1ee4+VquaMK1w3iDggLLLJTy2vKK19TrghBCCCH+90kPFtEovYM9YIXyR/GAh6pPkHH3oLaA8rXjgBG1e0c0dt3SGj/t4taBWXOdSXqjiHEPJrDwFW9KvzvH8k1llGu8mBjShR7TjjP9vXzG9dzFwqW+cPQci9/Jp9yhOX+d3B64UOemLetxV3BbWKFl2ZCvKHyzMz6ORv6zTLn5GzPsdjyDXZioyWPDxyfof+Fnnn3UjfOJ51i76QblGk8eC3bG2jNCfUb4MMjhIkllwJjOPFQxl4m6A9Nnq0lakc+4djt4MdoXT62OFcuUrMefx7XnrqsXrdatNicmzO3M8jHnWBP6NfrZd3CXWyn/WqRFWwb3L76T7ubhGGvTjEz7y17mTmrNmfhs4g8odzIV99cNOVbNdJcZPngvCye1JXvnj2xIA8Z2ZUL35jVicxuuKEmPd+cc5uoIN05/dZrl7yltqlBvtK9sO2IHoOmgBoyseHwH51/pw/zBRsZ0/Z4MHy9S04Pq74Vhhec9ntztcI6MTzJYeA880N7Itr+fIt48ZM1YWoplT6FlI3ZS+A8/OmRrmf9OEeUOzsx6qgNQTKnlN/zmoRy5K9OYotczJ8Kecm6jNB+andESGprIrKX30W+EAxs+vsy4kYnMmeEFx7SsiL0BtMDDEdCftR4DtzuYNe0Is94rZlqPHTz3pheFyWfZsLXq5jPh5RTGF9zLprl31FjZ3Xb5ZiffSWd0iZ5hHcvYvUh5WsykRV3xVLexfWzdnKxfG+5z4kOL2HqGdLdxDrfjuJ31tle1uXF69mTjnFwmrChm8swj/BB/j13tt/ZGa7YRDytlKz9t73v9vVPs0bF3S8DImsj9+PzNB6dzefz9FfPTf3IMHNVDX5tbceKpV+5k8e7TrAndTeHcTngXGVj+juUJYt+1oy77or7i8ZU3iP3xUUZ5gj7he+4ZpyXg1f5sn9vR9jkhhBBCiD8E6cEiGsXtnnYMclC6rz/Qt3r3cHVPL0ZrzJ/1rt11vLHrOqoBVLRq4I3KA3OH8O4cd5qdyWfxtBMsf68I94GexO3uRwdg1IphrJ7jTjNdEYunHVWSK11cWPrVECZ2dwKU+Vhca3y76WoxosUzOID3X21Da4ysffkUEeHn2K93IHR5f+YHOwNtiEoewNPDmqPdfZH5z51i7SajuR4D6W7eTl3lKIHpwIRpSoHTptxRbYRUyMKhvP9qG5qVFbP6uRPMf0PPFdTMjHuAZwOd7KhbbZ7Bffnmn774U0b8imwWL9CSgQOhi+/l4xeUW4eQiHuZONCBZmmXWR5+mi9S1MycYzlnjvKNsr3KHZrTUXuZxeGn2LC7jLvHdmbv+z0r91WJzW2AE8980JtBGkh6L5vp49JZFnuNiYs7E6KB3E8ucNhoveyKJmQrdgA9h/swyAHyzxSzZl425x1V5i+6HWz2pmpbo7FWHl+3O1ge3Y5mZTdYH36UKY+f4ot8d154VRnUkX4gX4mftwPlDmqGDihjbfgJ5r+TT7nGnTX7h/CAG8BtdOhhUYDn7YwZ05xmZTf4+pOfyFXbU44LIWHK65O79Wz86gqhS4KYOaw5+Qf0zJ98lPkrLnPF04W/77mf+9wAO2Lw6IphRD3vQrOyYta+fJoNW2/gHtiGd1PH8E2cefhNi7p7Udgs36zcwYH097QsX5DHYZQ2HWV+SpE9x9b6taFGbO04h+2td+02UT0ObVvd"
04:29:08.905 [Forwarding screenshot on session ed2d6660-f69e-11e6-a414-872b36aae4a5 to remote] DEBUG org.apache.http.wire - http-outgoing-0 << "phxbcyK1IsYPLOzPxC7QbPdp3kkstmsfa6nZRkqtXd8qrrf2Xb9qcjRPuGvrPOn+l3tZML45zdIuE/H497zwch6uT3bmhfFqmpUZOXGyqkdK3eeUUo468B6+ifOmIzfY8EY2y9/J5+5hyjXOw8Xea0d9tXQAmlfti0ops8Q8aTAuKrwA3FUN62UphBBCiN+VZuXl5eW3uhJC/CYKiskxlOKocqSDdx2JBVuf28NYwvmfr1Nqug0PH5c6hxcV6IswXP0Fx1Yt6OBp73gWe8ouJudCKahuo723S+1pauyoW203OJ9zlVKs7I+2CIPpF1q1d8ezMU9LKTjL0M7fw9wBfD1Xw/mcq9CqFR08bXWws103u9mKHTco0P+Ck4sTajWc+jSBwWHOpOY38Ztqc7m225x5X1WOtPd2tjkFkbGghBKn23BTN7e/HGMJ+hJwcXOq3L5RX8SFq7/UuZ69MajcRo32rs8pwsWnrljXsW6N8vWJB7lnjJYXdo8h4p5fyLnwCx7tXXCra2M2jy0NPvdtncPW4varsGcfa65Ss43Y6Ve7fllsu5VHKzzdmtLBtoTzOdcpVTniU2f8b+K1QwghhBDCgiRYhN1WvnmSf7x50vaCQgghxB/US6/czexX7r7V1RBCCCHELSAJFiHEraU/S/+u33N1WgAZK7rc6trY4Qbnc67Twcf6k1N+325tDPQJydwzLo+Z20bVO8xNCCGEEEKI35okWIQQt9gN9Nrr4NKiicMCxB+GsZjzF36hjY0hRkIIIYQQQvyWJMEihBBCCCGEEEII0UTyFCEhhBBCCCGEEEKIJpIEixB/GEa0eecpuNXVEEIIIYQQQojfIUmwCNFUV/dw/wxfXk09f6trYpXx3CY6vnY/azMLb3VVhBBCCCGEEOJ3RxIsQtwE+be6AnbISN8FDOZhP9dbXRUhhBBCCCGE+N2RBIsQjWZUfqgccb+1FbFDIfsPHYTuo+h5q6sihBBCCCGEEL9D8kxUYb+SdGYvfYXUq2r+PPV9XuzhiT49mnGfbwd8WRKxhuDWkBj/HGFp2XRy60zhpXPQ6j7WzIukpxP8e/3TrDx9HudOk9k68wnUnOW1Jc+ScPkaqJzgRiu7tt2103Q2z/xz9fpdPcTTCxeh7h3MlaPvs/Ea0LIXq0KjeDGom3kfslj/6XIWf7eXcwC4Maz7RN54Zg6BreDUvjcJ3XKc0Hs7EZ/4OSeAzh6DWTxlGU/6eQJgPPcVr36yhFW5eYAX4UGDyK0WJ+tl1MWoP8TyT1bz4amDyjpO3Xjl4XksHH6/8hjaq4eYtXQRx1Qd6OsJm0/s5ZzTYL59Yz2dfniPZzcuY/c1wOk+3n10OGnfbuQ7ky/R89YQ3Aq4msq/DPDcyMCmtgIhhBBCCCGEEHWQBIuwn1MXOpHFqmuQvz+NF3uM4LuD/yTJkAdkseu0nuC+1/h831ecKAEvv6Hk53zNiWtZfPnjXHr2OM0X3+0lCcCwnfSSJxig3U1kbhbgwkSPIjYU2LntQO/a9TNdJetaFknJWfTo/hyb73Xlk/hlhH88AlwP8WIPJ9b8fQSzcuFP9zzH8u5eHE1dw5un1rD7PR/KZ/+Zn35M5MS1LE4kHmRCv9k8TTrh3+1l8qpF3LNuDT1LDvHEG8/xb+C5oYvwv7aPWcmfW1Si0GYZtei/Yuz859ht+V5JFm9unsK27Lc4PvMR4CrHDFkkkUWSrmIZJ1qejcY3dqXFegeZtelg5curJuWn9of9JOHF3LvusHqII7+N5LXE1+r8bFHwIiIfjLS6vhBCCCGEEEL8UckQIdEArowcOAKAEz98i5bz7Pkhr/LTbccyQZ/MmhIAL6YOnc5MjfLZl8eOYjyXxsbKpQ9ySFtIWvq3ykuPx5n1YAO2HdS/dvVU5p8d55I0ew5/euAZNi9YwyAgfMu/Kbh6htOlXvwpaA2bZ85h/ENP8MbLn/KcE6A9jhZwbK4GIHziN3z2dBgvPr2e3f26Adn8dAWOJ7zHv82fvxs6heemrOf7kYOr6mBHGTX9+59LzMmVXsQ9v5/ydYfYHHSfEosjL/KWeVJaZ/PynX1nc+zVf7H92Wl8t8WcXHEawbfLsilft593fb0qt+1o/pl6cCu0fJh+nnVUwELkg5EsCl5U631JrgghhBBCCCGEdZJgEQ3Svd8jDAIoSeI/+74ktaTqsxOn97ApcY/ywuNhHvJyZYg5IZN0/Bu2pu6rtq19h7az/ZjS2+JP/UcwoEHbrr+O4Q89jFvFC89AHvYADJcpahXAytcT+JuPjlfXhjNu4QiazXhISdo4OeEEKPOqdGNknzsqt+do7uflCFz8+TzgxZCeVZ8HhjxBj4oXdpVhSc+xPCWR1LnHVJ7s0QHw5E+Pz2SYeYlLRUXV1vi/YePp2TmAhwM6or+mvNfjrkcIbg3QgceGPVyjjCwSThQw6N5B2MivALWTLJJcEUIIIYQQQgjbZIiQaJjWQUzQQJIuj1kblgEwqMd0euW9zxpDHI9/rSz2p/4j8AQ8+z3CoM1fkWR43/yZG+HBY/k6MY5/J87n3wB4Mb5fALQubNC266Wq74OzvDr7Id68Bjh1Y8Id97Cq/zi+27WMjSU1FjVZD0NptVeWk9w2oIxaHG0toLhh6/PqBRnPpbAGWNWnt33bh2oJFUmuCCGEEEIIIYRt0oNFNFBVr5QKIYMm8+id3SzeMSdMoDIhU6UPE0eG0s/yLY9HzT1SGrjtenz9/fGqF1ePsdcAeLShPH0jb16Dzt3/TvnbX/HZ7GW8+HBfsJn4sKiqmweQx7HT+sr3tMf2KPPKAAUNLsMFX0+lv825H7/g6zzlyUQpCZsr52RxbWGZeOlG0J2elet6mzM7J47EsOmMHuOVdFZti6tWQsXjme9v4OOZIx+MlOSKEEIIIYQQQthJEiyiwSqHCQHQjaCuHbjnrvuqFqhMmECtpEnH/gS27sGD3SsH8TCh/5DKHikN2vbV/TzxV1/Gfba/8mNn4MSR53jis3+RcuI/zFo6nd1A5MN/oqOmG52Bc/pUvsw8QVrqZzw9+8/KvDBO9uVZAkOeZhgQGfsnln2zn8R9Kxj5cVVCw82eMqrVW80jw2YqK5fsZdhrd3PHX30J+s9W5T3fRczsUV9/HTWhY+ea/32Mx6P602Lun3lTZ7lMIfsPHwTfIcjzg4QQQgghhBDi1yMJFtFwrYOY0NGcINGEcE8r8Lzr/so5Q6YOqj6ExzJpMjUgCIBB9w43v9ONxwZa9Ehp4LYvl4D+etWAnWKgs6YXyYl/I+idF1ljcCN83L9YFOAJXkNZFTQYDJ8zetUj3Bs7n++8p/OKrxcYEvnhCqA8FLkGi/daDeHT8CUMc8rjlU1TeHDDGtw79gJQ5lexq4zq9Xbr8Qy5zy7iTy2Vz86ZMz1/6reESy9PqZpPpmZdADe/Z7j0/BImeJizTh5jeXfo2MrPS6+lsl4HU/sG1bFfQgghhBBCCCFulmbl5eXlt7oSQtwUV/fQ86XphD5/hEVdS9AWluLi2gG3GjPLGq/quVBYSivXNni2qiuhYg8jev1lruKIj2ftHiaNLaPgynmKroOTawc8W9lePiX+aZ45Bv3cOzL5yUiCPeH4l8/R6z9fQcvJZK+ciyrvIi5t7qgVByGEEEIIIYQQN49Mcit+d0quF4FTB7zrGVmjbuWJjx3JC+vUeHp2qHey3caW4da6A26t7V/esfl1TugOckIHH8xPYFDLayRdK1A+1HSjPWrUXnc0vCJCCCGEEEIIIRpEhgiJ3xV324v8rgQ+upq4fhVz1ORVJlcG+U7n+1lP1DngSQghhBBCCCHEzSdDhIT4PSgxoi++TMkNcGrRlKFPQgghhBBCCCEaQxIsQgghhBBCCCGEEE0kQ4SEEEIIIYQQQgghmkgSLEIIIYQQQgghhBBNJAkWIYQQQgghhBBCiCaSxzSLBisxZLDli22cyL6CY2tfHhj3GMHdPMwfatm14XOSTl2hZccejHliPP4eNbdgYNPid1GNe5Fx/i5ACanbvuC4Hhwdq5YqLS2ly+DH/p+9u49ru7ob//+yWyClEmhWTa3xpjhpNoRKGW2hddgVZahdXb90"
04:29:08.905 [Forwarding screenshot on session ed2d6660-f69e-11e6-a414-872b36aae4a5 to remote] DEBUG org.apache.http.wire - http-outgoing-0 << "rA6rD8TRazKVbj/Eb28uLmknMr+gLlqYtDqs9uolVy2jluFgNVtbaFnABrNFaqHaWBuLaZsMmhBnf38k3IebFL3UXe/n44E2n5tzzuec8zlwTs7nfEiaHdq/zVyj5z/Nl5GTn47Gt83WvJPf/r6dyB/8lPT4vq1WtheV47jqBhymdqLue5hlkb5wnGbKn/pPzlx+Mw9kLyV0cNhHryH3gTnsLt3JRyiGpNrj8XBlYgaZS2dPOK8CTW937N1kp0ROOHx3Zx3F246yIi+HqNARO9lWvJ3wFQ+wYkghOKkpKea9639MzrKo/m0N5c/y5kfT+fHD2f1hudvrKN5qZunKuTRU/z3AeMbhNFP+1C7OKIbnM9y44gGWjYhospw0bHuWNzvh5swHWDo7dMi+uvJnOXyG4aWO59IbeSBnGQFc2Qi25p3of99JcnYuSdrg/u3uzgaKt42Sr8NTbzXzvuKbRGmCxz7wIrjtZl5/tYY/HT7KuV6YFRnLrStWsjRKM+657TV6dvXcRH763EGJbWfn73bxtq2b6dpY7rhrBX23H85Oal55jcMdNoI00fzgJyuZO+iabEfqePn3+7H1BjFn/vdZuSyeEVnjp+4EBV3K5ddGc8uKJMZPdWDaa/S8dPQa8tYuG5mWcZgbdrLrjSaOdzmYqppF9MJkVqYnTao+DeWkpuQpPCkB3n+Mfl2Btlsnpijp+fSbAbVzd83u5Nmdh2HE/T+dFYPaoMAE3rZ9f+1a4gOoMGO1ue7OBkq3vcuK9dlEBg/ebqC07M8B/R564IchPD9K2zBaPOOxHtzJCw2dw7N8knk+Bt81fjR9Pg/nBH7vCCGEEF9FMoNFBMbZTH52AVX1ZoI007EZ69Gvy2an2Qk42Z6fS0VtI0wPwmyooiC7kHb34ADcNOgLqTKZOHmux7etm5bd1dTWVlNdPfBTW1uL8f2eIdGHBZ3BYtzDW9aBbW/9YQ8mi4mqP7w1sNFqptpowXFpEEc7TOxvfb9/l71tH/UmC8b6N+joT5uN/f9lwGLzMK27ixajCaP5KEePDvwcb2/ngy5HQNkVaHrPfD0koPC7PzyKyXKILo/fnewzmTh+buTOnhMWDLv3Y+/b4O7gjXojFlM9+9ps/ce92/onTB0duLv/jsliCDieMXnO0WYyYTQah/yYTEbMXT3jnx8wD+8eMGKxGDny4fDwPRw/bMRkNA4p86NH2zlu6xk26BK4Y4f+gsViRF/0IrZB27s//Pvo5TeYs5lHcwuosZydZEr8BG3eSUZ2ATsOe0i570Hy8+8jWnGMsoIcHtnWPOa5toPbWFdp4Ojp7oGNbjMbMtdRZTDCtCDM9TtYl9nXDlgp+VkelfWNMP1SjjdWsylnI81O76lWg56cTRU02uDS3uPUVhaz0V8a+urOoHu0tdFA9Q49ObnbB+r1Z6TrvVYsje8RaK1s31VIQVkVppNwfVQU0z0W6qv0PFRYg3v80yfIw3uNJtrHrUQjjXZdgbZb54O6A27nPF3HMZpGtrOm9g4CbUoGC7RtI7Amd8w2t/vDv2O07OfD7qHbg8MI+PcQXaO3uaPFM573W/6CyWT00+bu59Qk8nxUnnO0mSyYWgO/d4QQQoivKpnBIgJibzuEFUjbXEF6ZDA4j/BI5ibe2NfGnYpTVFshLquY/JTZOI9sJ3NTNXuabKxN0oC7k+2bNlFt8Q5SDHRa1WRvfZXs/s+dFK3Mw6hM4IdJQ79a1N6YiBIT5mM2UrQaoJ3DJpd3p+kw7aQQCVjfaQU0fPemJC7/4yvUvt2BOz2KYKCtxeILrQOjxc7cuWqwH6PNBTHfiyVY8SHngaQHnyInfnLfuQWc3lhtYBEoFEDQiAEANxA8bRphQNCIk0KJvUlH1Q4Lx5ygDgWnxUiHb29rkwUSNYCbt1s6QJtGYlI6ifPuJ3j4N6ljxjNe2n11QKlj9b+lovJ4/8L/5BOYqQsPNLQxud0QHKxgmgpw+E+rYipAMk9tzf7Mv2lV9H1lbKtHv3MxhelRfTvwV34jBMF54NKQAHuD43GbKS6oQpWUw9acaAy79rLfomBeRhHlS18mu7iYbXHlZM4dPjPCTfOuUop3GAGYOmhP+xu7sACpeXoy4zVgM5CTo2fLy0covfUUrS6IyyolP0UL7btYuW4Hf2mzEZ8IuysNoElGr89Gg5tdj2Swo/Yv2DLjh85KUeC7R39NTnxf2pzUlTxKReM+2uwZJH0WU0S8FYdpIVNBqQhwoM3O/j+ZQJtKeWmmb8aKm7qin1Fh3E2Tfdlnk0YA5UDdcAMTndSgUOD3ugJtt76fupTOA2WBtXPHAFTkPreVxM/shgu8bYsJNO4x7tlp00L871NHs0hDQL+HZsavYPu2kW3umPGMm3TvGSpdKqtTdd7pgsAnnyi4YVqAgY3JjZtggqf56tbUQO8dIYQQ4qtLBlhEQLrOh6CLWc6ivnnJoRHMUcFJ4GSnGYgg9WbvIzShc28hSVnNobZjkKTB3rSTaksvCckJNNY3MtoXZubtZRiBtPwHGPEwjuYGFijpD9Pd3ooJJamrFlO7o57WdjeRkcG802wG1RJ0ajXT5mmprX2LkyxjNlaMBhva5DQ0+6toaTpG5lw19mNt2FDywxtnAx9+dhkWcHoB7DRse5ayWpM3DJWOrEdySYlU4zTv4tGi11HMAKvVwdXfuXFIdO0N5TxRVo8DUGmUOIBoP8m6JjYWduzgnQ4n8XNDsTS1gCqBtNgOqgxGrCShdb/L2x0QkRZLr3knDxe9zZqnC4lXjxOPs51txc9Qa/F+W6yNS+MX+emMOnQUNptliYkjNjvNu9hY9BqeyDt4bEM6auzs3LCRPSen8+CvC4lXNFP48DP0xt7BnH/8hWqjDVCRtHpt/+MB1oPbKdpSjc0FqggdWEdEM9TU0bsBblszz+vLMPgGCLVxaTyYm87sYDiyvZDn31Ew7aSRDoeStILnSB8y394DSi26MCuWqhLqFm0lxU+GmOu2saWitn+WS0TCKtauvZk/5hfjAAzFmdiWryeNKp5sm8PTT2Sg9uXVw0WtPPhcIRHvD60jEcvX88TyqX7LpGd3JRZlMvr7r6BwZTYmlY64a89QnFtFWvE2Cpa3UPD8XlbqM4YOOtmbKN5hRBuXAMZGBs/r6nrvOJDArX3PXWh0RADmnm7cnl5cQJDSl88zvoHKlz3Yj9HqgOQ1K9G47di64eafb2ZOT8joj/x4BrciodycMo+KxlpOfOgE9Tlq9OVUGnwdWaWG5Ix/Izslyncf/QVt1KUYjRZfXq/mkbXeR8Hc1oOUFm3B6K046FQ2CPLWcGUYLcsAACAASURBVGengeefqaTR6r1qpTaOrAdzSZo9cljDcx6YFjSorQsmJf1HtPIBVyjsbH/kIZo096Jfu9S7222m6GdFXHpXPuFvbuGd6RH8o7ERK6CJWc5d34Wt+mrvfadLZf36TGYHgyII2v7wLDnFRmyARpfKg3mZRIaOXW9HFWi7Neci2rlj3qgUAY/Mji3Qti2YwO7t2348f1BsNmpKSqhs7ACUaDUu8Ftb1cQF+HvIOaTNHTse+5Eanniykg4XgJKk1fmDHpEaaao2jqTEuSO2m3cVUfKamVkpD1KYEQ9Obxtru/aHPL5hBR/WlFD4Xx3ELpnHmQO1WBygVMWQ9R95vkcfnTSUF1NWbwGU6OKupSvA8hNCCCG+6uQRIRGQyKWZFG7I6O8s2w6+Qq0Drp0VxodHj4Mqgqv6/3BXEBIG9Hq7F+p5P0W/7SXW3nvT6B0m+0G2VHegSlhDepS/HoCGeQtUuFrbcALvHm4Corj19luJAZpa3wVsHDG60CyKQw1ELIgD2mm3AdZWGoGFt97Gd2OV2A634AROtLWBMpYbfAmbCpw4tJe6mhpqamqoqdlFTcORi5jWH3h6m8s3UlZrIi4th80FOSRMtVCxbiMGG3h6TmNzObBaZ5GanMANMwdmNDjN21lXVs/UuDQKCvKIxfsNsr+BrODZscQAbZb3ATsth22o5t/EbUsWAq2YbcDJd7AAC+Zfg6fnNA7XSXrGjcdG+cPrqLVMY3VeAQW5aXiMVeRu2DV63tlaKCopoaSk"
04:29:08.905 [Forwarding screenshot on session ed2d6660-f69e-11e6-a414-872b36aae4a5 to remote] DEBUG org.apache.http.wire - http-outgoing-0 << "hJKSIorK63ACnnOnsbpc2I6f7b+Gs2dsuBxnfNPNPdgcLiyGKqrNCiK0SsCBoXILB51AZw2Plg4MrqhOWoYMBPhPywFeranzlXkNu3Y1YHUDdFKaU4zBomJVbgHr1yzHYawiL387TqC324bNYqT72iSSE5Zww9XDv3Y+D0Fx5ORnocRBRdE27Axd78V5pJyCiloUyaspKN5MTloCHY07ePmgh0V3pgKgS83ixzdH0Nt9EtfJgceFPD0ncbhOctYzso7Mi/j6qGXS0X6SmHtXEm7ag4kE9FsLyd+gZ/OaVYQ7PEQtX4nK9g4fDi889UJKS8spzX+AaBX0jsjIM5wb9ClICQ5LG92zF5EWAY36X1JYVERuth6HMo6UeRrsx7zl0/H7QlZmZJOTnU32v+/kXNhlfotqKtDr8QBu3G43Tns7r+7aB2iYc3UoDUW5VBqOs3zNejZvziM18jz1Fd664c0jK0YjZOWtJytVR0djJa822wErz+aWYjwfyZr1BaxZFITF6osQM5vy9DR6osgt2ExB7ipmWI3on9mNc0QK1Sy+PQY6qslZeTePFJawvaYBsyKR/PxMIkPVREfPwNb4mre+AramOowOuH7OFfSesWFpbESXlUvOqjhspmpK9XXMz8plzfI4HJZaXjN6B8wUU8FmMqJbnUdBbhpYalm3aSfOcert6AJttwJv57wcHNpdM+h+20WzdeyUjSfQti3Qe1s3Y2BEyKAvpLKxg6TVeRTk3oHD5i9FXoH+Hhrc5o4Vj7uzhoc2VdJ1bSrrN29mTWokhsoCSgyjjyafa3vF196WUFRUxHbfsT2nrThcLs6c7WtxvW2s7fhpeoCukx24XDYaa2s5OSMCjRJcDhP6//cqTuDI9k39gysRMddy3Gjx/XYQQggh/veQGSziolkN5eTq6yFiObkrojixbSo4PIM69Gp0OhW1rRbsJKEOVXsHVpwezo8S5pHdr2JDQ869S0eNVzcvFgxtdLidWJqsEHcH2uDZzI+Biqa3cd52Fa1AyoIIAEK/GY2WaszH7EQ53wJ0xM4OZcbCBdB4mDbnSk602FAuuKt/4EcBdBiq+qeWA6BJZtHSuUOn37ud2M4OPF0eEq4hdNi4UGDp7aSh3oYyIYf89CQA1j6u4L7MUuoPmIm+yhvmqs3rWREZjL25nL17vNva9u0DEtjgW2gy6vE8LJnFo+SiL/6WDty3neOwA+bP0xEaFYSWag6/ZSUKMxBD7Oxg6FL058tY8bjNb1LvAF3aXSy6bgYebuGu1CZKa1+nyb5ilEcibBgbB/dMgujJThmyEKNizP/rWF9RyNxgKyX35dLo8E5saH7jT7gAVVwWW/NTvGuDZBRgYSwOaisrBn3WMPPmpYS9ewAjsLzgMd/CzFH8io/IKdtHiz3Dt4xDHPkbckafqdPbTYg2g/y0/RRU1VJas4T1EYMWaZ25mKwsHTemJBFutxMScSVKvI8zzV4YjUZfiyY6kShtKM1DcmHg34O39NURt3knGX7L5PccDHZx5QoF77V2QNwP++t/5NIVRAI4FcBxTnQzbDHNYLTaYMCOh6GPXEUvuRUMVRTl6rl3ZTTvNVRicAFBHjz2E3R2AQShCAoiSAm4bFg/tHOFr+XosFxKzmY9Ot5GX1hG6S+f5+qXRuarAmjU57JSP3R73Kp84kPdtH93DWuWRrA0fhZ222l0kddSa7INmfSyuriQlNlAvIr9tXl0ezw4j7xBI7B8bR5Lo4Jh7nrOdWaw4yTgnsHyrCwUUYnEXwa20x7idGD1dUCHD6tFrdiA/roGdte+yWFjI9WmRqory1DFreLX+SuYe8sdqKrLaHizk8Rls3hzdyNEpHGzFl48D8qEHLJTEoEraNxh5GjSv/k+X01ztbE/Hs95UCXlkbMsHogn/3wnuWVvcKDRM4F661+g7Wygx/cxVFUO+Zw0cxHx2sk8MxRY2+Y0B3Zv25vLffHYaDtkQ5mU25/vvzr/ATllZr+pCvT3kL3/nrbRMkY8pjfqcKEi4+7bmRni4ao7V5BwwETj7jdxJmX4fdzRZeug0Tbw281IAhlJWoYv8d3/y3yqd0/fgz7KmNVs3bAM95HtZGyqBkc3Pdhp2ucNM2HN46xdqsV+UE92qYFRf+ELIYQQ/4JkgEVclIPbN1BabUEZk8bTG9JRA5ae88Oe57fT1upAFRs9wTdmdFJba4WYrDHXJlDr5qHCQFvTYdpskLDyBgCiEuOgrIWDB0/jIoLYb/r+tAzWsVALb7Q1c/gjE+hWezuP0fPQYKDl4AFO2GDBPbr+OBxAUm45OYljp9xufJ6c0sb+z3E5evKHrRsTUHqdFmzAgoUDaSH0OuarYP/xLrgKQMPMK0bO7lEopgK9AwNcoTqilTDaOohR82OgwkzTwSAcaFmoCwV03BQBOw4f4ICiHWIymA1DFg0dK57uc95ZFZaqTWRXDY5NO/oz+KoECn51LzM8Pd4wFSG+DobP1NFO9NFofbOmQgifCjiGdhMcHl8zF3w1c7R4ZyOMmpZkyrdmj6iv9mPdgJKrrhjoroSovIsWeOM6D8rp466X2QNEpeeS2pRNbeUz7F59Xf++4PAwzrZWkFOhH3lir29Q0uOvG+/PQB0Zq0yuveFrtLR+SPaihZC3h2b7UuLVNrbl5HBg3ma23n4KB1HMCWCtkNCodPTrFRQ9uYOyUgOamCTiNAbM2m9xau+LGB0acsv1eG8tKyV351Lx0gHivZN0iFuTQ1KkBtCQk3WEHH0rx+ygHZYGD6Bbvoa0aBW9vR48TOPq63Ro1d7rvmIG7Hwmj7IhY4yaQXVDxTfC+v4dhtZXhz29PYCKiP57LJjrZmvgOBCsIaz3KCW5FQwN1t8aE07aj3QQoltK9tylZANOWydvvlpGpWEHrxxcRE7iYm6PKGNH3QHsi65ijxWScm/2DuL2wrXXXtGfvulKuP5bV/s+hzB90L3t6YWoeQN1KWzGdAAucY1Xb0cXaDsbcLvsK4Pc8q2M3czaKb87m/pRpkIoE3J4aW3SkG0BtW09F3lvnzlGqwsir5nRv0kxVlt1Eb+HJhaPArBRsS5n6HlTu/0O+gGoErL41b034unxtuKKEP+zxLyPLDFigCTs8m94LyliDlrA2jcAMxVwaIi7wTscqo6ehxYD1vHacCGEEOJfiAywiAC5qSv5BRWNNmLS8tiQHt+/5+pvXQ+Gw1ic2b5FC3s444De3om9nqDvm8Tk78ePfaBaxyINVFe8CGhZPs87oKGNTUCDnoqKDtCt4pv9YxDBvoUPt7MDiFsT690cGs1CLVRXVAJa0nTD/8ofP93q6B9RsD7Feyd9AmFX+VmcNZD0BoehBg41WchJ9A3UuE/R4YDI668ALMB5v0nzeM4zdOHDDiwuuG7kod74b0xERRmV24GIVehCfXm1OIYdlVVUAQlrRj7HP1Y8imnercl55WT7Fh91Wpt5s7WH60ZbRHHqNK7QqFEPG9ZQBPlOON93sec4e46Aqfrj/dA3e2Jsfkvd4wFcfNzlBl8H3tPT3X/8RBdw9B6nJjN/DS05ZVRVWsE3N6P5xX+nyghpuQXcEh2Fmmbuyywe+hpbRYif8EAxItUDdWSsMon8hoXa0idouPnX5Ka2UZy90nuSJpnin4Sx7Wc7UCasGX1Wjh9uazNvWsLY8NKrvhK1UbTSALqpdJ91AFFc11/UWqIiofH4SdDpUFE/NLBPeodc57ArRDcn1rs46AhWnl9XhkmTQF7xT9DN1kBzOZnFh0dNd18OKoJCAAcnBpV110fnIAi6j2yjoNJARHIW/3FnPFqNGkPJ3ej9TVqwt7Buk56IVZt5YoX31euhmtksy7mL3YZNvseqgrl5eTI7Suv47bMzcBHDrYne4UUPMH3mQKfaAwQNWiNocIkrgBMnusCX4z1nvXXzk8nU20Db2YDb5YlSc9fTem7v8d8e+xscCKhtu9g8mn41UUowvzfQKCkUY60Ue5G/h8aJx+NxADoKXi2kr7VuP9hAp2cmoy0VPjUoFI1aw/CRZM/wdsQzyu9Az4h/eD+dB7BhfNtGkkaD09LmXfZKZrAIIYT4X0TWYBEBsdaVUtFoA00C"
04:29:08.905 [Forwarding screenshot on session ed2d6660-f69e-11e6-a414-872b36aae4a5 to remote] DEBUG org.apache.http.wire - http-outgoing-0 << "372qh4aGBhrq6jAcsaGd/100ONjy1E46nTYayn+DEbgjZd6Ewu45dxZQEX3deF+XexcMxOWCiIVE931Fp47G9zc9MfNjhzzKc01sLHgfGCHhhr7uYijzb/J9W6hd6PsjPEChWqLmRhEVFUXU3Kj+b88vPr2RJMYpcTVWsM1gxmZtZ2fxM3QAkXOu8BP2AN2CRUAj+m0NWG1W6vSvjL2mq+YGYpXgcEHM4oH8mh2biBIAFXF+3mo0Vjyhc5cQA9SXPYuh3Ya98yBPPVpMZWU95wLsWIVGRHgfWXEYKCwqoTA3j0Z/32KP8sd7zJKbAHA0lpFbpKcwZx2mMRYE8PjC8dehUsctQQfseKKUZqsdm7mOJ/SNoIzi6v7qOqJ7MjrNUn6RFdd/3sD/ZjDz6quZ5ulk51NlOIATHR/2d3ROtLxJu9Xu/arYdZi9BzuxtjdQ/IyB0ab6jFUmlyRmk5usoiz3ISzX3EVpaSn60lKK/03Hzp/lUEsSj68d/XE9v869Q1VVGc/ubMZut1JTUogRJT+6PY7romOBRkq2NWC12zE3bGO7CbRLFqJWR7NEC8ayEurMNmztBvQvGkF7K9GjNQmjdQDp8c7umH4lV88Kp6e9geLiemDquGUUOncxMUDVluc5YrXTbthGmXHoekbTZ2m5LFzBkTo9+kaX/6xX60jVQseOdRSW76L5iJkjzQ2U5D6JA7h2hnewTJ14K3G4MJqsaJK/753VMHCB46TWSxEGHVXPUGO2YWtvQK9vBO0SEpImU28DbWcDb5cnKlStQavV+v3R+GtzA2jbLv7evoyoKCUOQxk7D7Zj6zzIs2XeOjaai/s9NHY8upsWARYqSmrotNkxG7axrrSMCmNXwHkdFu4duLEZXkG/Tc/GUoN3x4RmoKiZt8h7TY1l/5cSfQmPFtcHcL4QQgjxr0FmsIiAHDvq60rbGtEPejRGmZBD0twk8nM7eLS0irxM77MIcWnrh71NBUDBVAa9utbnlOXYsD9qRxcRFwe1VnQLYgdNgVYTtzCC2uou5scOff9Q8OxY4pQ7MIYtInrQEzyRsfNR7rBw7cIbBoWj+Mz/HgwkvUvzH+fDwiKq9QXUAqAiNaeY9MhQnEcUDP1rdeCzOj6T9WkfsamqjNxaQKnxdSZG+w5Ww7wFGgyG8yQOzi/tDSxWQf3U+f0dW0XQROOZTV5xDps26dH3TVlXRpC1OW9Yx3ECQuNYmRyBvr4Dq7GRLo0WFVYcw69n8Jt/FAPXGxy5gs1ZJ1lXYcBqNGBV6YiJOImpw0GIYnieKLhsFt7XYfkTHEXe5iw2FVZQnOt7obgmjtwNa5kNdDEVwkLGmBEwdcS7oWenPMCqwz9jh+9lUTG3/4gIQwX63Ez0gCoihgiliY6334H0+SyKUFJbX0lht4qX7r2HmAPFVJXmUQVExMWgNNq837gHDa8jY5dJZHYpM765nS0vbqJ20ABUTGoW+syU0RekHjWrVrImuY2yqmLfI0lKktc8xrLZwTA7h7xT/6C4r+4A2oRV5Gd432iS8VgBZzcWUFHgS6cqjrwN6X4fcxj7Ho3kB6viMO2oIifD2xbpEuJQNhpps9iYN214HnlrTa/v3Ic3Z7FxXQWbcr0dTCXgmhHOZXNvZrnuANWVBWRUAmiJi9NiNA68FniAhsyizVD8DLX1OzD1T87Rsjz3F6yI7Dt4NqnLIzBWnyTl1hg/6ZnYZ1TnqSzIoRJAk8D6xzJQBzOBehs+6qNtgbazgR7/+fW8J962BX5v99WdYFLyH+eDDf9OVek6qobs9y+Q30MD9/HY8ajnZlKwuoeiykryGr3r2ah0y1n/wNDHpoYYJYlRd95Hwl/W0WizYai1ERGjQ2kauVDttHD/M3XiM/NJ+6CQKpONRkMjGq0GrGOs/CuEEEL8C7rkwoULF77oRIh/MW4n9m4PKNTDOhwiEG67nbMeCNeoA/sm0rfwbrhGc1HfFn9W8dhtNjwKBRp1AAt4+I3GzlmPAs3FVia3HdvZi8hH/4Fht53Fowi5+PRMIHxCwlEPXy3ZD28eh/v/Fn/U40cvE7fTSTegDp38tbmddrzNgHrkAInbif1sz6jX6bTb8aBAPdk8dtqx9Xj8Lj49vr6y0Ixox5x2Gz0EULf72sRRrqmu8G4qbEso12dOcL2qUaKx27z3imZ4KJ93vf1XcPF55K0Pn3/ejhmPrz1WTLDtGIvdZptwGzR6OifeLgkhhBD/SmSARQghhPgCOI/s5NEnq7C5ICFHz9qkQOcLCSGEEEKILxN5REgIIYT4IkwNRzMrAt285dwvgytCCCGEEF95MoNFCCGEEEIIIYQQYpLkLUJCCCGEEEIIIYQQkyQDLEIIIYQQQgghhBCT9LWCgoKCLzoR4ivE3c62J5+jbn8j+/fv7//Zt28fxz65mtiI6RcfttNM+abfYPRo+c43vzEozk62Pa6nc0Y037p8/Nd6djYf5KzqKqZ/7i8wcNNQ8jDlx67klpiZdBq2U/Tk01T+t4nrvpfEzC/8BQpOakqKMasmlm8A5ho9v3mtk6jFN3Cpb5uteSelZa9xKlTHDVf2bbWyvejXNHYPK6vJpGnUcnZSU7KJP3ZpmD/n8v5tDeWlvFBrRjPvO1zuy2t3ex2PF/8exfQeXtyylxnx8wk7WcfjJX9gRvz8/uP8xRnR/ef+48JONvB4yd7+cy6ubJ3UlZeyo34/jYPulf3797H/LQdz58/5jN/y5KRhWykv7NrPhdlzufL062Q/XMU3b0/i8kGrbbntZn5fuY1nt7zAjqrfc8h8gikzriHi8kv9htrZoEffHMzVtir0B/+Jo/63AZTFf/N2cx2Hz0687EJibuDtl/3n2763HMyZZaXw/76Ma9rHbH+yitCbkrhySEYGXu8nLvC62PWRkR17A7un5nz6V0qf28H+xuHtrJkZg+IQQgghhBBfLjKDRQSmu4sWowmj+ShHjw78HG9v54Mux+TC9pyjzWKhvuIJ6qyD4/yQfSYTx895xg3C2VxOXvEW3h//0Elzm1+lrPEc37tlLmDltYpqOs6piLz+8i/J6tEe3ms00d418cwICzqDxbiHtwbl/1t/2IPJYqLqD28NbLSaqTZaOPP1kM8uTWOUc88JC4bd+7H3bXB38Ea9EYupnn1ttv7j3m39E6aODtzdf8dkMdDlge4Pj2KyHMJvNgyKc/Bx3V0D51982Xo4ftiIyWjEOOTHhNFwlJ4JhzPx+N49YMRiMXLkwx6CI29mUZCJoucP9h/hNO8kI7uAHW2QsnoNv/zlauYoLJQV5PDItmY/Ydp4rcxA1HwVb7x4iKhFkQGWxXu4TgVWdoQM5NvgNubo0XaO23roff9dOmwmDhtbsdiO0zOiXD0cbTRhDqDeByLQuhgyLfB7ytN1HKNpZDtrau9gAs2gEEIIIYT4gnw5+oHiq0MB54GkB58iJz70Mw9bAYCDiqJtxOszUfu2B+H9GVeQ9z8his82aSO5eb2yGmKySNEA7vcxuyAh9zHWJn7G+TIZSggKIC+0NyaixIT5mI0UrQZo57DJ5d1pOkw7KUQC1ndaAQ3fjdV+JmlyA8HTphGGv3IOJfYmHVU7LBxzgjoUnBYjHb69rU0WSNQAbt5u6QBtGolJ6STOu5/gULArFEAQw7NhRJyDjlPH57B9m/f8yZStYirgAF3qalJ1KjwegE9QhM/hs3xnjNsNwcEKpqm88XnzUM2d9yVRW/oKzfckEh9kprigClXCKh5MmQOf9ABXsDJfz53N28guLmZbXDmZc9WDr4BpSnj99bdZNMPFn/ZZeTDAski56W2aAjg+JhTapgIk89TWbEbmuJWELW3E/SSTaY2b+GTEfjUPbN+Gt/A+a4HXxe8lzOCVlwO8p44BqMh9bitfpuZECCGEEEKMTQZYxGfMTsO2ZymrNXk/qnRkPZJLSqQap3kXjxa9jmIGWK0OIpav54mMuUPO7v9y1lZL6c4FFKZHDdro5ew08PwzlTRavTNmlNo4sh7MZZ7jVX62qR6A4sxHWLN2Hq889zZrniskPhRwmynMKuHKB39NZjzs3LCRJqbRZenApV1OeelKLDtLKa0y+tIew5r1"
04:29:08.905 [Forwarding screenshot on session ed2d6660-f69e-11e6-a414-872b36aae4a5 to remote] DEBUG org.apache.http.wire - http-outgoing-0 << "D7N0tp8ejvVNXuuA5Lx4cB5hQ2YpDqCxNJPctjyK7oTn9WUYLN40auPSeDA3ndnBcGR7Ic+/o2DaSSMdDiXLVt/G4f86gCZqGiZjB6AkYVUWc8/upazW+zku7UHy0+O9OXykhieerKTDBaAkaXU+Ocui/OTvQ1zlS277riLWvQ4FT+UT5bscgz6XCttCnitMH+jEam5ggRIOtR2DJA3u9lZMKEldtZjaHfW0truJjAzmnWYzqJagUwda5gNpAmhvKOeJsnocgEqjxAFE+6lV18TGwo4dvNPhJH5uKJamFlAlkBbbQZXBiJUktO53ebsDItJi6TXv5OGit1nzdCHXDQtrInE6+87/VRq/Xzu0bEvvCmNb8TPUWmz9ZfuL/HTGGmqaHbeMxLnDt9rZuWEje05O58FfFxKv9taNJ+vauTblQQozrmPnho28cWY68+dNY3+tEZcvvvz8dDSA9eB2irZUY3OBKkIH1qExqOOWEIGB37/ZTlhPJRZlKuX3X8X/l1mAQ6VB5bDhIIbiVzewPrWFTc/vZaU+Y8igxrRZKq6/5htMO6NiGr0Bl8X1sYqAju9/+mWq/5FBp/lNOq79Hj88dZjdutuJVQ8/ws6rGzfSm/YYmfHqIeUNGpKz/o3slKiR4Y7SriTNHvo8TqDXH6wJC/yeOuaNSzGhUWUhhBBCCPFlIY8IiYBNBU4c2ktdTQ01NTXU1OyipuEIbqC5fCNltSbi0nLYXJBDwlQLFes2YrCBp+c0NpcDq3UWqckJzIuYOSLs80BqXgHLtWCpKvE+KjSkn2VmU56eRk8UuQWbKchdxQyrEf0zu2HubWQt1wGQsDqNa79+Gofr5MAjBN3nOO5y0OOdRkD3SRtWSwexqckkRV/Fezs3Ulpl9KZ9cx5JKhNleRtptjNCe+t+XOhYHKOG0Ah+vCYZAF1qFvcuUVCaU4zBomJVbgHr1yzHYawiL387TqC324bNYqT72iSSE5ZwvcqBzWXDZLyUNXl5pMWF0bhDT1nLdNbk5ZKqC8JY9QrNTnB31vDQpkq6rk1l/ebNrEmNxFBZQInB6id/L+tPb2RsFDiM1Bz29cCdzew2WJkVGztshoCGeQtUuFrbcALvHm4Corj19luJAZpa3wVsHDG60CyKQx1wmQ+kyWnezrqyeqbGpVFQkEcs3m/1/T0BETw7lhigzfI+YKflsA3V/Ju4bclCoBWzDTj5DhZgwfxr8PT4yn5YOBONs//8acPLVkX5w+uotUxjdV4BBblpeIxV5G7YhdtPuvvse7GQkpISSkpKKCoqx+z0bj97xobLcaY/nb3dNlwuF2fOevr3O2wW6muNzNJpUQJWYxW/remEzhoeLR0YXFGdtDDiIb3gKL4XA5bd+/h7+0l0GbejDvIAStb8Ws/W4tWAiQ47zL3zh6hs7/DhkAtRk/HEVvKXJZK+YStPZMYHXBaBHt/PdoBXa+p8bUwNu3Y1YHVDaFQG+sIVzJ6bTmnhCkaMrwBnT9o46/GA8yBPlNUzI3UNxaWbWRV3nvqKAgwj7unR2xXn8CwN+HoCv6e8HBzaXTPo+nfRbB2eGiGEEEII8WUiM1hEwBRAh6Gqf1o8AJpkFi1V0VBvQ5mQQ356EgBrH1dwX2Yp9QfMRPumLqzavJ4VkaOv0tjD1WTmZ7Evp4KK/7edxKJo+peqdM9geVYWiqhE4i8D22kPcTqwHj9ND2rmRWuh+gw33RzPdEtLf3qH/sPLAygTclibmQTYKb9PD9pU0m+JRtEDd96bhmFTFYcsduITh3bjut47Car5XBEMEErU4nloyurRRCcS4anGCCwveIwVUaFAFL/iI3LK9tFiz8C7akkc+Rty0AL25nJvvhRvYOlscAe1UWWsJe3BXJZGBuMOaqN202F6PGB6ow4XKjLuvp2ZIR6uunMFCQdMNO5+k7S7huevHf0WX4Jn38xybSXVe97EvTSD0wf/gBUN0rF9fgAAIABJREFUuTdHjsh/3bxYMLTR4XZiabJC3B1og2czPwYqmt7GedtVtAIpCyKAzgDLfCBNbfv2AQls8M3GiHo8D0tm8Si1whd/Swfu285x2AHz5+kIjQpCSzWH37IShRmIIXZ2MHQp/BV5AHH2nT+0bHWevWxygC7tLhZdNwMPt3BXahOlta/TZF9Bkr/ePuCymmjsn12iJMGTPSR9A+kcmuK+Twk5etYmaTioz6HUYOP4ex/SfPJPuABVXBZb81PAbWZDRgGWYXGrL1dBu4vj7S403/fWvqm4KMteSRmgSs5lqRpwqoDjnOiGMW5PAi6LgI/v9sXjoLayYlC8GmbevBRtIAu8+kbOuj54l/c/juDmn/4HN3TBNcPLacx2hWGDkIFeT6D31ABDVeWQz0kzFxGvlWeGhBBCCCG+rGSARQTMASTllpMzbNABZzM2YMFC3cC20OuYr4L9x7vwPhuiYeYV4/SQPD2gSeGRVYdZt6Oap17uHeh2BmsI6z1KSW4FQ7rFGgUKwNMLcN631sVIQ94p0guRUVf70n4CqwNw1JKXXTvknBOWYzDsWhUK7/kDYXk470u7p6cbUHLVFQMdoRDVNO95eNOHcjpDl4dVMTPM+6/uXg+g4SpfPnX74hkYMrBRsS5n2IV1e+MfNX9DufmOBKrL6miy3cKJGhPErB5+WQCodfNQYaCt6TBtNkhYeQMAUYlxUNbCwYOncRFB7DdDwWm56DJXKKYCvQOzR0J1RCsHutfDRc2PgQozTQeDcKBloS4U0HFTBOw4fIADinaIyWA24GfS0UXFCQwp2+5zZwGwVG0iu2rwQdoRgzmDJWQVcO+NM3yzpxRcNspAjH8aFkZrfOn3xjK4Hjs8vmY8+GrmaMEy7DGhsFnXgus407+j4nDb+xCv4Dwqcrf9mo+Ls6n86GPvejRdHTiIYs4E0hZIWVzM8QCokinfmu13hsqEqRN5cHULz1TWozd5Hx/UxKTy4MOZRA4epxinXZns9Qd0Tw1kALnlW/3eo0IIIYQQ4stJBljERfIzghEahho41GQhJ9G3hKf7FB0OiLz+CsACnPf/DIgfkSseZvmhn1Fd6x3w0KHAeWQbBZUGIpKz+I8749Fq1BhK7kZvHnayAvpHWfp6SEEK3yDEwBVMC/WNaoTORKMES9QaXs1f6ku7lYY3zMyIHTR40Heuh9FX3fV4ABcfd7lB7R1Y8A66eOOc2Jqz/vPJ43EAOgpeLaRvFYn2gw10emYSxv5RzwPQLk4hoqyR3S+8QJcNUu9f5P9AtY5FGqiueBHQsnyetyy1sQlo0FNR0QG6VXwzGAi++DL3eM4zdPHZDiwuRqyZ0p/+GxNRUUbldiBiFbpQgGBiF8ewo7KKKiBhzci1NSYT53CKad4zk/PKyY739nyd1mbebO3hummjnxcUegVqjXrUwYK+7HF0B/4mLlV/vB/S2TVy/7mTx0E5n0Xfg5riLTQsWMkMpgJqluXl8afMYl5uvhp+V4UyYc2Ya8n0CbQsLrbsJvvCHLe9na6Qefzq1RwU1nZa39xJWXUte1puZ23SwDLDE25XLvZ6ArmnhBBCCCHEV5aswSI+Q5EkxilxNVawzWDGZm1nZ/EzdACRc664iPBCyXgkq/9tK55B3a3ps7RcFq7gSJ0efaNr4Ct9jwdwYDls5uszLgMcVL/SgNXWya7SspFrVPSHqSF6gQqML1LeYMZut1LzfBFllRUYz41M2RXXXAsOK376s6jjlqADdjxRSrPVjs1cxxP6RlBGcXV/D9tzUZ1H3U2LAAsVJTV02uyYDdtYV1pGhbFr/LcsBUexPEmD1WjEpUzg1rmjdffVxM3TgssFEQuJ7vtSXR2Nr19IzPy+xUgvvsx1CxYBjei3NWC1WanTvzJ8jdahNDcQqwSHC2IWDyyGOjs2ESUAKuLGeatRwHEOEzp3CTFAfdmzGNpt2DsP8tSjxVRW1nPOT+fY4+dfQ/afB7BRUVhEuf4RyhonPsASs+QmAByNZeQW6SnMWUffy2mGxOEBghRMj88mN1VBWYGeq1bdxdUeJ+4gHQ/mrabzmU3Unk/i8bVLJxZ5oGUR4PEe30jopF8G9uFhyspKKdlmwBN2DRFXXT5m"
04:29:08.906 [Forwarding screenshot on session ed2d6660-f69e-11e6-a414-872b36aae4a5 to remote] DEBUG org.apache.http.wire - http-outgoing-0 << "wKO2K8MFXBcDuacC1163jaLyOpyA23oQfWERde3OEfuEEEIIIcTnSwZYRIAUo/Y5AJbmP87ymDBq9QXk5K6jygSpOcWkR4aiCFIweo/FayoDj0EAoE4if01S/8fQubezXKfCWFlARkYmmyqOERenBZvvtalXfwstUFtWQGVXIlkJWjrqy8jNyWOHbRaqIVcyVFLOr0iLC6O+rIDs7FwqDTbiVuWRGTVyzYNZEZGAhcNH+rotioGwg6PI25xFRK+R4txscgoq6NDEkfvkWt8jA1MhLGRg/Y1h+TLWZ/XcTApWJ9HVWEleTjYF+lpUuuUUP5DkN3+HX2Pi7SkogYiUpWPOVIiIiwNAt2DwIrhq4hZGACrmxw48zBFomfelSR2fyfq0OCy1ZeTm5FJxqNvXOR2tW61h3gINoCJxUPxob2CxCtDMJ1o9Ms+84U2dQJwDxw0/f6DezCavOAcdJvTrcsjOK8VEBFmb8xi5mo3vUbJRr0jNnWuWowJcViP1hm7i4rxrcEwLHzwdZuDskGmX+sJVEBy5gs1Z3nvDajRgOq8jJsKb0pD+e6idBoMDzfxo1EBiZimb1yzn2Gul5GZnkpGRSV5xJUFLstBvzZnQ7BWviZdF4McruGzWhBPiV9/VB0etJCdVR0etnpzMDPL09WjiVvGTRM2Q48drV0YK9PoDu6e8xm4rBzt3/ADG/UfpAbrfb8FgMvLBOc+IfUIIIYQQ4vN1yYULFy580YkQ/3rcdjtnPRCuUV/0t7Jjcdpt9KBAox5/gQK3087ZHtBoJraYgTftHkLCNYSOmng3O3MzqFJn8eqGlFGPsdvO4lGEoFF/xgtTup3YzvagCAlHPXoiR7AfLCe7dD9r9C+xVDP+8QEl6WLL3Hct4RrN51JXPq847TYbHsXE6uBE0hKi0XBRtcRtx3bWf77bD+rJLrWQW64fsZaH2+mkG1CH/i9YNHWC90sg7YoQQgghhBDDyQCLEBfJ3b6TjHVVrC7dzrKAXm3yBXCbKfpFEUabC3Sr2V647H9uMEN8QWyU353D4cV5bM2O/6ITI4QQQgghxL88eURIiIsUHJlObmoM5gPDX4z7ZaTgcs0sdHHL2Zwngyv/G7g7D9MxK5n1MrgihBBCCCHE/wiZwSKEEEIIIYQQQggxSTKDRQghhBBCCCGEEGKSZIBFCCGEEEIIIYQQYpJkgEUIIYQQQgghhBBikmSARQghhBBCCCGEEGKSZIBFCCGEEEIIIYQQYpJkgEUIIYQQQgghhBBikmSARQghhBBCCCGEEGKSZIBFCCGEEEIIIYQQYpJkgEUIIYQQQgghhBBikmSARQghhBBCCCGEEGKSZIBFCCGEEEIIIYQQYpJkgEUIIYQQQgghhBBikmSARQghhBBCCCGEEGKSZIBFCCGEEEIIIYQQYpJkgEUIIYQQQgghhBBikmSARQghhBBCCCGEEGKSZIBFCCGEEEIIIYQQYpJkgEUIIYQQQgghhBBikmSARQghhBBCCCGEEGKSZIBFCCGEEEIIIYQQYpJkgEUIIYQQQgghhBBikmSARQghhBBCCCGEEGKSZIBFCCGEEEIIIYQQYpJkgEUIIYQQQgghhBBikmSARQghhBBCCCGEEGKSZIBFiP9tXG4+sDo5fdr9RadECCGEEEIIIf5lyACLCFAPxalVzFrSxGk/e08bmrhSVcWm+p6Jh7dk9PD8OW1o9sXhnOAZ/wLOHeeO8CpueezE5IIxvsWCmTXM/3Ydc69/nazFgeb9xMr3A0Mbm7Z+cNHhjF/GPTwzRj38ov35sb3MCt/FC21uOHfCV3bHv+hkfbn11/Hj4+w/wcW0G4H7n4jDx8/9PeQemkgd+rzq2bkTpIdXcaWqivQib/r+/NherlRVMSu15Ut5/wkhhBBCfFFkgEUErNcFnB3nGP4ZWKDjhDeEx+P9v+JrgcXxFecGHO4A83WIT9j11LtYP4XY9JlkPXAVl00DrJ/SG2BIY5bvueOsWP4ONR2eiw9nAmXsmEA9/CJd8umndNp6gX9yGjgpE4bG5a3j4+3/J/A1lEouqu4G7H+ojg25v0fcQ/8cN28+t3rW+0/svn/and709bp9uf6u6/PPfyGEEEKIr5Cvf9EJEF89QV9w/JclJ3LsI7wdLBGAf3LaChemhPP484uJBiCef3dBoFkZpBijFgR/DZXv/xdr/DL+2hdeD8cSNDhxYddy6JQWlNLcjimg+hLMg7Vp/PQi6u7F+B+va6PcQ6qx8ujzqmdBEDxs03W3RrEpwgWh4Xzjs41NCCGEEOIrTWawiM+Uv45Ip6GN9NhdXKnyTjO/4+ctvHNulADOfcBDS/Zwz7pm8u7e452GHr6b7Mcs/VPRzzW9xbLoPZQ19QA9vHD/HtJ/+Ra7t+wnyjeVPWpJPS80DXq85NxHPPPzuv79d/y8mbLH9rEgdT8tLn8J6eGF+/f2H9d33i1pB6nv/CTg62vb3dJ/zKzwXdzx8xba+o6ZwDX7dfoDNt29tz/eqCX7qDKO8uiO6xR5qbU8bQT4B48u2cNDWzp44f69LPv5WwPxTDCf2t5oJXuJ73qu381DTx/H1Xctqc387VMwv2TkjvvfmtgjBOc+IC9tL7fEest1aBmPTNc9v2zmz61A+NA8fOjpNorv3zOQz/c3D+QzAG72Pm1ggS+cWdfvYePWE960nz5O9pLdpK87ypAqYT3OPbG7yX56tMezPqF+y0Fuud4b5oK0fWzZOagczp3iodQ9ZG/pe2Sqh91FBm6JHci/e9a10Tk4yAmUbafBTHbqnoFjYvfw0NPH6L9c6wk23b934J6I3cum/zo1LIwA7s0Jxnuu6S1uWbKPqr1t3BNbNbKO+HzQZCY7dbdv/142PnUCB3gHFsbVM6ju9lB2/x4WpDXxzpBjnDxz9x5uubvvMZYxyn5MbnZtOdh/3oi2hQnk4+lTFP+8jgXXD+THHfc30eLv5hjjHjp59AOKf7l3oH7f3URLf8YPr2fjpcubh+m/bGbT/d4wo0ZtD4c68+5p/lB7kqYj3bhdH7ExbS93pO7hnseODTqqh7L7vdvv+Hkb5wBX53Hy0gbqzoJUA7vbBk+5cfvupYG2csGSOoqH1VshhBBCiC8r+UpVXCQ3f3/nLPbef/pGVf4JBHHmxLDBh937Wbza+8dx8j0zUb77EXt+18GSPzipO5rkm0UxSK+HY60uWo3vcWHK11n581mc2nuSPU++zf7TYP6Njl63i7/ZXCT8w/uowOl3Xew3vst+QLsonO/goP7AWdZ9/y9c995tfDfMyaY7/8wWI1yICyfjhn/y8u/eoxW4MEXJKSd+vwb/4N0eWo3e42LTZ/Ftl52Xq0+yuv5N9pxKZp5yYtfXsrWeZblnuTBlCrf8dCYYP6L+dx2kvGRn13vJLJzANY9w+jh3XP9XWj8F7a3fIOmKXl7+3cc8tGQvJ9+4jQcXhgw7YQrKaV8HfOWjnEJw0Nf44K89mOmb5j9+Pl3lC23/b6xc0ISwLP1r7NnppGrDX+GKUJ5O8YYNn3KJ7RNQjjMrQREEnOKh7zRSZYPYn8/l3oUhOA2Dy9hPun47rMPVn4fvcGHKFG5KD8f+5llad75HiktJx0vRKHHzwt2vs776Uy5oQshYPo3WitNszT1EY0cvf9wcjtL6CX959ij7864nOcwbdEvNO9Qf+4S0a0L9XkLLlgbuecTJhSlfZ9lPp9NRcZr6TwenzcXfWj/Bkeh93KPl6b/wwK+chF8Xyk9+Po2/7T1F/W/e4a8OhbesJ1C254wtLF7WAcDi9Jlco+zm9ZecVG1oxXVFOOU/grwlh3jZBt9efhn/R+PhvyvOsiVrP2huY31SSOD3Jkwg3m9470/jxzz044+9dWQ57KnuoWrDXwm+Ppzi28Kh08Kt3/87Z32Pq11p/YitvzoJwLfHrjH9BupuCDOVn2B9w8qrhh7WJ3nrvst4jCeqXYSnh3DZuGV/3ajxXHLsNOsf8bYtyfzD17Yc5FunUlg4oTbgYx5K3E+VDcIXhXPfjxQ0/tdpWndaucP6Fn+vvZGw4ZH6uYeCgbPVVp4GFqd/A/ubH9NabeWO82/x96obCRtWzyZSvqet"
04:29:08.906 [Forwarding screenshot on session ed2d6660-f69e-11e6-a414-872b36aae4a5 to remote] DEBUG org.apache.http.wire - http-outgoing-0 << "Pezf+R77fdGeeXcKmglMCfrHB3b2v+HiwjE7GzfPZhY9bD0AFxrfpemh61gYBnR28ptXe7xlnBROWOdRbok9wt8G3RvWA6d5YFENp/YtY01cMC1Pv8k9GwYGry759FOsRidPZ+2n69Jkb90RQgghhPgSkxks4qJccuw0q+Lr+d6ifXwvfh/fi/8z34uv5//8bHDH9yOeuvcUF6aE8PyRNH73m8WU165gR2E4l9hO8+TWj0YGHORdi+DCFCXPHLqDpzcnsrP1u/zkOjjz0t94+Z1PRpzStwZA2nOLOVSbzO9qf0Dx8ilc8mkP9c1OPqhvY4sRwpd/k7/vS6b4Nym8VRNB+JT+KMeU/EQCe55PpPilO/jdL0O45NOzbHzqg4ldn+sDnvjFWd/1/IDfPbmY3+37AU//VMkln56l9MVTF3XNe594i9ZPIe2573KoagnFv0nh2IE5aKdA0X9YGDEJQXk5j1V9n4figNlX8nLtbRTfdxlB4QN5EEg+hd8aQfPR2yh/PoW3dmkBaDrihLArefq1OL49Bb79ywXs+U00l42Rt0FnrGxc4u18Lv6/32HP5utHjHWdNpj703XEl67D/+mNs399jP48DOG51h+w8/lk/vjXBJKnAG87+RhwGf/O+upPCb81giNHb6P4yST+eHYJ98WB+dk2qjrDWJUTyiWf9lBT97EvYCe7f+vkwpRQVn3fT+fu3Ak2PurkwpQQKt6+k/Ink/jjewkkawZf5OATeti728mFKVPY/EYKxf8/e3cfF1WVOH78IwmMPAyK0piOKZhI4UNKaKCGJmm2GX6NclEXW7MVk62wFnEFo9BEaqGMfFjRiqyWIsvMFMN0EkWj0UDJCRU0J3V+2AiM4Axj+vvjDjDAAAM+1Lbn/XplzNx7zz2PF+6555y7bDRfHLqPhxVw4biBcjvLtmDTTwA8uekhstaNJuXNiah3+gDwfaEByis4VA5XJ9zBV++F8PJroezb3heAw/m/0KG2ac95rdTXkfce4ltLHVHtrQAu8/4rP1BhSeMX60azdtsjvDGrfZN9rOvug0/0A+DD7J/qt3+9SQvArCe97Sj75m3M2sNpddeWKbw1qzOdrhjIPVCDPflYqTomda5MG0TxtlBeXhbCV8dCCVcA54xcbHqyVtrQVQcZbxRMIWvdOL46PJqHHYATlg7SRvXMvvKtNTak7+eqyRTsCqC3XbnvUP9/J5x59O9S+Xa6YuDDXVKj/CbrFBVX4KpDZ+bMvI3sVw7zwxUpDQs3jePbvcN42NKv9fLyoxgtbQPg6iglW05M4cQPI3m4P3RVOFB5qtqumAmCIAiCIPyWxAgWoUOuOrjw9Es9cbpktUhpl1uoPX6O1e/WTeuo4QfLpgtHT/BZ4RXAAZykJ7JnSmsAN5vh95kzkPCBddXzVua96MX7keX8eOISE1wb7+uE9Ef75Mk9Ld905p7J3WGzNLD+6C49Vx0ceCF2UP2TYq8Qf+YGlZKc33IapXC9eGFewy1H6LyBKFMPUW4wQqW5zfRVFleQdwX6/P1Oq/R0JnzhnazNOMSe7WeofMKzzTTTEysGDqotN4SmSr78rJJawMnpV2l6RX45hZVwX7PH4rWWzqhfuQjNnpq3J58i/u5XfyPmFdibuxy0VNVHT6oT9izIuzryECDdfGbF9bO5z1GVtMTmrDl31t9o9n7In3n9taxqsm+fOQOY4m3JQ49u+A+DryoccAK+/0onfd8NCr48Rm0tODk54NTdgU5XLlN09BLhj/RF+eIRPn77FC8/3h3nwydYfwL6/M2He23d/+uNlAN95t/FQ5Y+Hzx688KCruQutLU6qgvDAzrTSX2Zp4O/YNfjvRg3QcnSw+GslYG9ZRua8DDfz7tErfOv/Kj+mdOnKziYJ+WTHMBdhifQacdx/MedJ+Lx2wi934+fqwKlsCtP2tE2m2vzvFYejWqoI70DezPMQWuZ6lJL2XdXuKrw4umZt1r26Ez4gjt48b0jNs/bFllAf57sf5yM906x/1U/7pWdI+stI1cVPXnsXme+T7aj7L1tj1C66iDjsfCGBjh0TA949xy15l/tusZ5PHkPP5wYwkWg7Mf/x+nTlZwoLueHcsCthQ5eG23IBHT7i9U1Qian/zDgkJ6jlTTuyLTz2lt37axLX28lHeIVMoBwhZZsHXy88SRvTOnHJ+stdSi0Hw8qa3ntuGXoirc7dynM6HBl2CAHvjhxBXLPkFd+J3JLG+u0V8vDA84wfHJ37n3iTt571J/hHYybIAiCIAjCzSQ6WISO8fbi788Ob3aTbtxfwOp3TwFQ/v05frgCnagh9s+HmgVR/OU5ypfd2ux7Z+C0rvHNuWc3y5SXloabeHWlv1VkeioalmV0cgZwoE9P6+ruzIgQF8i3nsthK9xb8LT+7HQLXsDBL3UcnuDQZvrOT5XuGE7/2GRhA6dbpIUjLU+w25fmhgVes2MKyW662eESF1t4tYdTk/832taOfKo1W8e1SUdKB1YEvfDxKXJf8SPU5nCXK1x1kDH8buulNm9B3hNoMlNILnds8Ry1tVI8K7JKeSqr+XYjgLc3M4KOkJz/E3srh+P5qTQKYkbE7TbDLD9RjvYKXP2pcfnePsyDll4/89DCQGYUH+D9vUay3ywl+01pyk34ipG8Ma+7fWVbq+PN5wpYv6OFkRey3qRu9uGJsFJ+UFewWl3Bao5yVeHOyk1jCdHb0zb7NR99ZGjjvI00riPWK204dQXKbmncverpSi9o6KhrF3em/K0r6xdWsCmvhrvdTpJ7BYZHe+MNnLan7FvS5NripmhoH/Zd425j7+oDzH/tl2bbaWnGSwttqJeXrfp9RaoTVse069rbJH0d051Z0e5kJxgg9wzvf2Ym17JwzJyo/sgqf2G/JRqdTpQza1TTxWdqqcWZWUvvYO3441RckaYHHdpczqHN5axOOMqMjPtIebz57wtBEARBEITfE9HBInTQrzZfz2mweuLq1b87Sgctp4N82JU5AKeL0jYnR9DrjOAptzl9xAT0ub3xcIGL1W28e9Stc6ObNeu41ZoArnD63GXwqqvyJr7/roY230Hi1mQWXa0lfuMVDO5/pc309dAVA+A/sMmwG0s66e+CG+1Pcy3S0PuVe8YT5NZQFrUXa6nFidtbm5fTUpjXkk8dFLpiJE/W/khEQgWR8yxrSTSNF9DpipEfjpsIDWjoZDHauCtu7TW2tUidRKFpQbw20ZWL9W+R/pUL+l9R3CGNYJg8tycr9p5jc7YGj0+lURCTA5q+R0Xi3seDrg5n6NW07PStRMRLweL/PMJiQyUF+86wY8sp3t9s5ONFaiaGT7CjbE2snJTP+r2gDOvFMxG9uLN/d/o7nWPCsML603QfOYQt54Zw9thZ9uX9zOcfnSFPbeCZyEMUbulI2zSxMrLt89qjFsC76QxVKQ72LXLb3PBwb+5adIitm0u4k3NcdejME4/0tpzPvrK3qcm1xZo91zj9R/uZ/9ovXFW481ycD/f6ezD0bifWTsrl9Xa+Arql+t20P6Zd195W0tcewx/1QfliIdorNcRGSp3sVx2681ioO/Arw73h0Am4qujOq68qca79FWrNGHDA3U1OoBd4eN3NvkNefPG1jsLd59i6RVrDBWDj8uM8+/itdk5hEgRBEARB+G2INViEG6eHC/0A8vVccHfH27sr3t5d4bsjPDgujwUZttd5cAZOf1TG4fpvDLz96jmuOjjg3adLu6PRP7Arna5c4bWVRxvedKIu4e3cto/tdOIM76sapksczD7OD1dALneyK30ed/ZkmAMUv3Wc/VYdAgezy/jhCvQZ2BWPdqf5Fnp0h05XLqPRQW/Leb09DSwZ8w0Tx3zHUTveBHI988kmO167O+CuW7nv2XuY0V+azrLko+ZP+e+8RxpD9P47Vu/ZKfuZr5o/mG/V0GApHM33BryUljzzdmPfK3uYPO4b3v5eKmfvB70Z7QBfxBzh/RMwxjIKwhZZTzm9kMq34e0rNbz/ZktvPakgdsBn3Nl3D+eU3Ql9fDAp7z3Mur91Rurvtqdsf6XKKE3tePW9YGY81I/hA905+nkp2iuAM1Sqv6f/rZ8R"
04:29:08.906 [Forwarding screenshot on session ed2d6660-f69e-11e6-a414-872b36aae4a5 to remote] DEBUG org.apache.http.wire - http-outgoing-0 << "Eq/Fe3AfZsy7l6xdwYx2ALhCbYfaZtvntY8ljSfO8HZuQ9s6bGkTHebVl+mTHah49zjx716GoNt5wFJw9pZ9u9mRj6cta9M8nTGe2CcHcN+9t+Jx9pyl/l6x2VFdr6OvOu/gtfeaKL2Jmtz4T4rhcXdYFkvuQq+6dYTLf0VxzwDCH7+dM5+dYPFLx1i78TTnKn5mVtds7hqazyv7nXn5vYcorniIhRPs+DPFeJnKSuveJ+mzsdV9BEEQBEEQrj/RwSLcOLLePLVAWsx1as8vSdmo4e1kFROekG4+H516G4DNG4xOul+YOG4Xa9YfJjb8K1argckDiBjYfNBVqzcogPeUQTzZHyqyfuTOcbkseSGXu8b9KN0U2nH862E7WLJaw9sv5zJ5YQVXHVxIeLaPfenz6MPTczpL+wzOYc1Hx1izOJfJMb9w1aEzz0Te1oE0O/PEojsAWD01h1kvf0/2xoNMu+cAeVfAf8EdttcLsZHWWqsn6NeaTw2BSk/LT6eqmWX9Ompbu5prga68nCGl5+O/HeDLJrMHet9/B+EK0L57hIf/vp+3VxfwcN3bSNp4qYh1nL1CBzLDEs7I8Dze3niYpU9tJzbrMlcVXjxmefvPUTfrAAAgAElEQVQMst5EzJHy/KpDZyIebeWZuUcfFi6QFj5+OCiXtz8qZkn4dt7Y29IBXRnxoAOdrvzC1Ekq3v7sGG+/vIt/ZFwGHPF0sqdsb0GONKrnrRcO8mXuCVa+kMOjlrevVJUb8fDvSagDaP/9HdMWH+Szz4pZ8pfvyLsC3e7xpLedbbOxts9rn4Y0rgrfQWzyQVYuzuXBGBtTaFpR22z0R2cmRDSslfLYXJ+GtYTsLfum52grEnbkY5+h0ui1VYl7eP/Lk2Sv3sfIYUek+lump9DWq5qbtqEW5k3VNvl/e+JlV/osO9nXLdGZh+f0qv901aEzT0yre++YM4/+XVpkudOVCmbdlU1v+Zes2HFZelPSwF4M7qpg7GRp74qso/gM+IyRA75kxQ7pAtRttGeLo1e+SdnOnX231V87ynO/464+WwhPPt3iPoIgCIIgCDeC6GARboi6IeuhSx5g3T+70+lKDW88fYT4V8q5gIx5mfcRFeBM3dPspq46dKaP9heSYn7k/R1XuCusL7vWDW40UaWH2y0tHt84Hl15+dBEEma50Eldwfp/VzB6lhd3OQDentzZynSaqw6dGRN0hfULjxD/WgVX+7vz6s6x9QvItp0+eOi1CbzxQlc66QwkzSkk6U0pnGXbxzNjoHOjc7WWZmdAbnmiLQu4m7wtdzBMAbmvHefZp0vJ08Hov9/JO0v6tZgeeaOOl1voPcj6s/351MOt8aQEKW6WD163MnlyZzpducxX7/3E6Vbu4qQylNIjvaGphpdWHGu8XXYrb+y6h/AABw69qyV+4SkOejftQbqlcRxsprc7KfuCeHJCZ7Q7zhH/9I+szjLSdZQXmTtGMdBqz3F1a64E3c64NhbXDF0ylpS/udPpRAXxc46SketAaJh0YicbcQtfGsy8CZ2p2FtOfGQh8a/9wgUvd17dOYZ7PewpW2f+tmEooxWQ9+9Snpp6iOSMamYk9SVUAaffO8tBevLK5oEMU0Dem6XMjzzK+s1GlGF92WR57bc9dbcxO85r1cdiu440lPfXmUr6cJn3XyllxZsV3DVB6uTwdG951EZDGE3rrqT3Q3fwsAKuOnRt8tYn+8u+gT3XlrbzceDj95AwrTOd1L8Q++fveHbhGeR/6cuz02R0umLkyA81zfKneRtqrX47ImV14306eu1tntCGdaicm5ZNkw5Or5ABzKgbqRLar34EkbQtkLz/+EjXEyuj/3Yn7yzrB3Tmr+vGsXCWNF2rk+4yWsvaxMNm3cGmV228rr6eA9C5YaqUoxRPk+HXlvcRBEEQBEG4ATpdvXr16m8dCeF/gLGGsrO14HgLtyndW17Ro/IkD/T9DuKC+CpOwc9lF8HNjd5eHV8uyPijhmcX6wh7NYSH6v/gr+DZAbl87Kak4NC9Np6M1pAy7ktepy9HdwVSq63gIk54K20/6bYrfZU1lOlrcXJ0ord1ONeU5sv8XHaRWm7BzdMdr2tYrLJj+dRKeJUmTM634CG7fks9lWsNXDSDp7d7s7Va2qOy3ID+4q84uXWht1fzzoSyj1SMnlNOeGYob0xpY5iMhbGyhrP6Wpw8u9LbjsgZyw2cvfhr8/pQr62ybdjeWn7U5ZmbZxe8PGyUhb1ts53ntY+Jn8suUevYStu6ztoq+w5rIx/rzuvm6Wa7HGwFeT3aULvL90YzUVZ2CVq7Zhlr+Pms9NYzN8+u13RdEwRBEARBuJlEB4tgt9TlP/Cv5T+0vaMgCILwXy94tBf78n4/c2quV3yeX3QXCxbddR1iJAiCIAiC0JjoYBF+X8pPMnLAd1ycM4zi1/q3vb9dTGQv3smzbzZeyPLqqF7kfBrMYJuPdC0jWLS9KDgWfGPfXHFD0twRHcmnP5bcF7KZ9W/p5xkZ40h53J45FIIgCIIgCIIgCKKDRfjduUy59hK4tzCd4RpUan+hUGOQpjb06crwga28mhUwVho4a7jlJkxduHFp7oj25tMfiVH7C99qDDj1uZV7B96cKSuCIAiCIAiCIPwxiA4WQRAEQRAEQRAEQRCEayTeIiQIgiAIgiAIgiAIgnCNRAeLIPzGystPUlb+M5Wm3zomN4sR7ZmfqfytoyEIgiAIgiAIgnAdiQ4W4Y/j4k7GzPXhnwU/29hYTvIiHzotSW/xxl792XQ6zZ2C6uKNjKSVi4dYsMiHW+Pvxyd+DF0XLedGvq+j8shrdJrrQ6e5029eGm0wnsqiz0tjWK2p+u0iIQiCIAiCIAiCcJ2JDhbhD6WizR3OY2hh08VKPWDkovn6xqkl5Uc3k6Zv+NzXsztON/B8tea6hOlvWhptKT6UA4zjT37y3y4SgiAIgiAIgiAI19lv/8oSQbgpvIhbXkqcrU0mwBmcHGWA8YZ2clg7fux76QfXSE6nJqK8QecxmozInGW4OzrWf3ez0thcFXsO7IeBrzL4N4uDIAiCIAiCIAjC9Sc6WAT7mQ6xYNkiCi7KeHT2Op4b5EX5oXSmfvQF4MPS2FWEdANV9tNEq0u53aMvVf/vFLjdy6rFiQx2hk/XP0nq8Z9xuT2SzfOmI+MkLy2NIveXanB0hstudoU94Pan2DTv0dbje2EP89OWsfVib95alMyp9/7C5i6RfDRvOh6A+uvX+Odnq9hhgr6KcQy/WAT4SsdePMCTS15Ecd/D6L5JZUM14NyLmPuXkzpljOUERlRbk4n+PJMjAPQi5pHlvPKnMcgu7GR60gtwz0o+mD6mPkrqrTE8urOK2EA5Kaoi6cvqzUxa9D1PzkjGaUccH5YbGTJ6OW/9aRhQzqrUp6y+U7Iq9SlWl8OMB2ZDwSoWlZYAHkSMiOeNJx/Fy3KusoJ/E/VeMjtMgOs4Fnn/Ykchl/Np9r9I/eYj8kwAHvzf3fNY/pe/MdBNypf5y16kyLE3gV6w6cguTjmPY/cr6wkxH+Cfb73I8tNSfGaHzOP2c1+Sq4WI2et4epAXXCzgEz08PSnAjrgIgiAIgiAIgiD89xAdLIL9nPtzOyWkVUPFHjXPDXqQb/f/hzz9GaCEnOPlhARW89E32zligl5+D1BR9hVHqkvYeiyOwYOO8/G3u8gD0H/BIdN0grQ7SDxdArgzw9PA+5V2hh3QyniPzt3hwk6mxj3Fp8DyWWv4kxe8pC1hByUYAENBIvdkZYLzON6aeh/HC14irRpAJoVhvkhJdQkbtqXSt8/jvHWfB5u/Xkfatlncesf3xA2S89W7U5iwr4S+ijAyxgZyYt+rLP98FgXn17FnVn96Xq4kTfUOzz86hgBngBI2fL6ZU65P0bVmK6fqI1zJEX0RP1WZ8SgvIk8PFeca5g6VN/pOSXl5EUf0sCjrOatEV/Lht/+gi3Ig6ycOovJIOj4ZqQ2bq3ex/EhbBVzOqhUjmV9q/V0ln36fzKfff893/1pFABcp0peQRwl5OssuJmd6uh1h/twIVtXXlUo2qJLrQxlzqRYA7dE95NGLuDv7tRqT"
04:29:08.906 [Forwarding screenshot on session ed2d6660-f69e-11e6-a414-872b36aae4a5 to remote] DEBUG org.apache.http.wire - http-outgoing-0 << "xN2JvKR6yea2F0NeJHFsYluJEQRBEARBEARBuKnEGixCO8iZNOpBAI4c3Y2Wn9l59Ez91i1FGijfxyoTQC9mP/AU8xTStq1FhRhPqfmwfu/9HNBWoT60W/ro+Wfmj21H2MEjbcawK1B5KpPpcU/xKb5kxBwgLrgfAM7OAM44U87GTZnAvex4ZT1PT5xFavwBlisAjFJAltk0fX1eRBOfzNNTFrH56QUAVF0ygGkPr+0rgT5xaF5O48n7p/NKfD4ZPpC3701UF/vx14njgF18opYW3S0/9AmrgNkTH2X6k1/yn0G9pJO4RqL51/e8EtATZ6t01Gn6nXP9hnHsWFrK1ZWfMNvy5bdaHVDF+59ZOlecH2R3cilX1+4hzcfDZp7VqTyUUd+5MvuBdVSsLUUzZwGDANjOPz8/AIALdXmzgKJ/fsIXUc/hWbClvnMlcdbXXF1ZyndTH292joL9m8H1T4zwarapkcSxibwY8mKz70XniiAIgiAIgiAIv1eig0Vol4EjHmE0gCmPz7/ZSoHVq4WPHN9Jlmqn9MHzT9zfS854S4dM3uGv2VzwTaOwvjnwBV8U7Qfg/0Y+SFC7wrYdPxdg1bZkqSOnTwRP+tm6k6+mygT0GcsIt7rvvHhg+Ljm6e3vVzemBZlyqBQ/oLLsKDsATicTuGg0gxeMZvCiUOaUApznohkGh0xnArD861wAtu/6CBhC5ChfQE5PeQ8pMGdnPN3kyJxpl9EBT/CAF+CsZICr9J3UCWOivFr63PfORwjpBtCbGfeHtRre8VPHLT89yHPh4/EABgbO4bk+UsfMDk1Bo7cc/XXCNAb3Hcafhvnyww8HLGkJ48+WDq2AUWMtnTN1Ssg9Usnoe0bTRv8K0LyTRXSuCIIgCIIgCILweyamCAnt0y2YCAXk6c4w/31pCsjoQU8x5Mw6Vukz+fNX0m7/N/JBvACvEY8wetN28vTrLNs8iAkJ4ytVJp+q4vkUgF5MGzEMulW1K2xbagA8xzHb9Uc2nH6J+TlBvDXRt8letRgvA47OWPdpeHrKgR/rP1cAY/r7NDqu7i1FtZek9Uz6KsKY4dcbk+UNPU+6ugOe3OECOI9n9iAPdhz5lK9OKfn0x0r6DppNiBuNmWiuc90ytK30ulyubXmbhbuTY5v71Km9fKn+nA2L4MqoD8JsbHJ+6w+WbSYTLcXKeCqfVUDa8KF2x8m6Q0V0rgiCIAiCIAiC8HsmRrAI7dQwKqVO6OhIptxh3Ylh6TCB+g6ZBsOZMSmcEdZfeU6xjEhpZ9gtWPR4Guvj3yQCWLVpNp+eabpHNzw6A6XfcMiqcyMvfzfQpPejhU4MrwEjpNEsXUcTN/0FXpy1iBdnLWJkZy3fnDhV/xrkB8c9CRQx4RVpPZjnHhjbatzrnD5XKnVZXCjgW31bezfljIelU+RI4SfkXwQo5/OvN7d61B196/J5M+9+LS3YUnniEzaWVgIw2m+kVceWL8F3NHy66657LT9t5+2cAxgp59PPP8Z62Ze61zOPaefrmRPHJorOFUEQBEEQBEEQfvdEB4vQbvXThADwJXhAb+6+896GHeo7TKBZp0mfkQR0G8TYgQ3rgUSMHF9/496usC/uYfozPkz9YE/95gqAywZgGG/MeQo4w9Q3l6PFeqCIF5FTHgd2EZwYx6dHDvDeu9OJtHQk2MUtkCd84NSP/2DMm+moNAd474MnCd72EZ/qQGHpp/EY9DCLLNN3cI0kvFHnQpMRIXgR5Cd1cpwqfQm/RVMYbFmo15qtAS+Nv5Mz4/+esmzYTvDzwxj8zEjmWKWvFprln9eQcGIscV2e9QidnhlG15R/SFOhGMKSR8bQEq/A6cRYBtukbYqgy9yRTFXtstrDwJ6D+8FnPOL9QYIgCIIgCIIg/BGJDhah/boFE2FZlwNFKHe7gdedY5hg2Tx7dOMpPNadJrOHBQMw+p6Jlm98eWyU1YiUdob9iwnKLzWMMrFeHNYrcBGb7vYF/Tpit/5YP6oDwPu+ZHZPCgP9R0x9M4LIfUeZPXBIo2R2pbmG7+Q8ufBr3ho0hLwjqYxNiyBStYu+isfZvWgRDe846sesiVIHU8T4cKzffeTm0Vv6wWoWUMgji5lt6eQ4pS/C0CeMGB9Lj1JnaWdlVw+rzwDuKL0af+c1bBHfTY2kLwCVHDF5EBMcaSmHhmk/jfLPeRCpL3/C8oGWkSwmqUOmr+Jxdi/9Dw90s84JGY35kvrq5ywfOMRyTl9iQh5vWIPFWMR6HcwODEYQBEEQBEEQBOGPqNPVq1ev/taREITfjKkK7S96kPdD2XRtFDsZL/zM2UtmHLt4ouzWfPrL1vUP8vC3sCN5e5NOipaVl/+MCXeUXu2bTtOMqRztL7U4d++NV3sW0b1YjvZSLXR2t5mmpsoPvcb9b+cyuLcPI8Y8x3PBvnDmEwa/9A+OAIvm5PJ0bwfcu/fDo52L+QqCIAiCIAiCIPw3EB0sgnCD/Ljv36xV7ybtyH76DnyVkwse/a2jdONc2M7guKfr11wZ5NmLI/q6xW+GsPtfnzVf3FcQBEEQBEEQBOEPREwREoQb5KejmaQd2Q/O43j3r3/gzhWAbg+SPePp+qlg9Z0rrveS8fe3ROeKIAiCIAiCIAh/eGIEiyDcMFWUl5tw9/JqtmLJH1nlhXIMl2tx7uyOlx3TiwRBEARBEARBEP4IRAeLIAiCIAiCIAiCIAjCNRJThARBEARBEARBEARBEK6R6GARBEEQBEEQBEEQBEG4RqKDRRAEQRAEQRAEQRAE4RrdkpiYmPhbR0L471S4KZ23sr+l++AR9Oxy489nKtvJ8tQv6RE4gludb/TZDOSkp7Bd14MRA29tFIeV6W+Te7gafy8t/2opPqYyNixPp6zHYO689cZnjnZfFm+88wX5+Xnk5TX8t2tXMT2G33Pd88tQkkPK6++iMSu5547ujbZ1tJwM2mKOX/LgVrfOlOSs5fXPzxIYNJBriXrJlnRe36q75nAasSpbn+p9179OGopZu3QtZxWDGWhdd0wlbFi+Cm2PJt/Xb9eSk5nBuvXv859PvmRfkQajSx8G9v6jLjSsJ2fta7y+OoMviy5iUH9OiVxqb9Z16cYzsCU1hWJ587Z+verxjdDxuLWc3jbP2ag9WpefmXtDBmFvaGWqjSS/9gaZnxTR//4Qelol4EZcRwC0hTlkrnuXLbnfcrLamTsG9m4eplZF0qs53DbqHrpfY9Wzjvup+nzrxY76vL/c4XIQBEEQBOHGESNYhI4xFfLBhyo0RSo++Kr4ppyy+vxRijQqzptvxtnMnDxQxIFjlQ1faVXExa4hv+gMd08Yi0Nr8ak+y66iIk5W3pTI8tPBPRQVqVGrG/9XVJTHuRsQBfP5kxRpNHx77HyzbR0qJ0MBi2IS2aKpAOD8sW/R5J+i5hrjef7UoesSTiNWZXtD6qS5km81RRxrWneqz7O3yMb3AOjYEBdDxrZ8zrsq8PdXcL4on8yUGFJ3aq9j5H4/9AUfk5FbBL188entwU/5RRSfNzerSzeemVP5RZTYqATni3PR5J/i5lwF2qfjbazl9LZ5Tqv22Lj8euBqdyhaPs3YTGmlHN8Bt9KoH+MGXUf0BRuIWZqB6mQtrmjZlpnCc6k7G+9kKCR5UTpFmm85W32NJ6Rx3WnIN+u8N3Osrs4LgiAIgvC7cTMe7wl/QNq8nZRafi79IgftNH+UN/icnoHRbNzwFM7uN/hEdZzAycnys24fC2PS0aIgMuVfTPZ2BmzHxwQ4u7riIQVxUzg6OgIg95tE5CQ/MEt/dF++7Mgg++9c2mYygbMzrq7S+Ww9N+1QOTnBJcDNxQUAR0dA7oKL1Tk7wtERkDni2KGjm2tatjekTloi26zutPQ9gF7DXi34RSSSNNVf+s5QSMLspeR/sRvD+JncrGZzszg6Ach5KimBoYBpxv3g7A6mnxrVpZtCBk42Klnw/I0ELHD+3Y1egaZtDNoVSVlD/raneVq3x6blZzfTTxQbISjmZRYEN6nVN+Q6YmJv9jZgCCnrE/AGdib/hTX5hWgZjxJpRN+SxRlIXZldrsv1xrruNLqO1dc1T+Zv3MDN+4UoCIIg"
04:29:08.907 [Forwarding screenshot on session ed2d6660-f69e-11e6-a414-872b36aae4a5 to remote] DEBUG org.apache.http.wire - http-outgoing-0 << "CII9RAeL0AEGdn+RD/JQYqebSVmjYmuBnrmBngAUbkzgnTIlfS7mkV9qBLkfkVGhnHo3HZUOkPkwJ24hE/09wVDChpSVbNPoAFAGhPN83DSUQOHGJNb96IjrGTWlVTImRz6A6qNjRL2RRKCngZ0bXuedbUUYARQBRD8/nxBvdwxlKtatzCRfWwWATBnAnGdiCPGuZuPCJZT18UOvUqEFZIoA5iXEEaxoIamOrmAqJCE6jVLkRC5bbulcAUNxFs8lH7HEB0p2rmXFmlyqALlCRhUwGDAUb2JR8h6U/m6o1RoAfIIiWbhgMp7QYh7UbEpm8VZIfD0Of8vf0Kr0GDJ097IqaZrNG+YuygBCgpvfrhRvSib102J6TXyGpJmBYCgg6bmV6Pr9H8sTxvJlwhJ2XOjGiOGu5G1TY7TEIy5uGgoAfSGpSSulPJX5EDKy5a6jxvmiZ0vqCjLzpe44mSKAOXExhCitb3T0bIxLoQpQpcxGFxbPI3SBqr2kLNyLprQKkBMatZC5430BE/uy0kjLVkuHy4cQFf8c473buNFopa6Bli3pa8lUSeWDTEHozHnMnSh1VrRctg1p9TvbejmbtPtIS16NWmcEmQIfj0rOd5vIq0kzpXpwHTS6yXcfyp8jQ9lSflubx7VVR8v2ZbFydTZaI4CckMhniJ48FNC3q01J5/mabv0c0Wik29EhYTHEzgymtngTi5K34tgDtNoqfMLiefmBWtalr0GlkdqyMiCcZ2Km4VG0gbkpuQAsfewvTIpNxCk7jdrwGJw+aFyXkmY2tAdVegyZujG8njQVdwxsSlrEpxfv5Y0VM/HERE7q82x3eoy06MHs3PAWa7YVSQfK/ZizMIaJvp6WNFjH81n6AHU9YCU56azIUDEgIpHJ5k0kH/TmjRUzOb0xgXe03vS/sAtVqRGpTsczd7y35bi1rMiw1DGfIfSoPonbmAUkTPNvkov6NuLWyrWmkS5QtYsl0bvQ6owg8yHyhYVMHirtqS/cworXMik1AsgIiYwjerIUF0cn0OxZR0xKfkOZx8UQrHRu5frb0OYvFGwgrlH5vcHsQOsYtpDG206TMDuNKiA/bTYxh2NJmxtYf0z7riOtp9Gaz0ORRDIIb8vnzk4A1fUjYw5uykArG0LYuFo2b7vQ7Pg6dfVf4e9KkboUkBEUMYehFV+yZpv0OSD8GeKmBVL8WUp93bFNz8dLllAb/jKzAz0x6QpsthVv5/a1UUEQBEEQro2YIiS0n3YfOVrwmTCOwPHj8AFyP9+NybK5tvoC2qJcSrs9TGxsJD61GjJT0jnhF0FMdARKYykZmwoAHWufW8w2jSuRsYkkxoRjVmcTk7AJE1BbrUOnUVPdL4TQoHEMkFdRZTxDDVC4cSlrthXhGxbNssQohlSqSY99Cy3FLI1NJ9/sT0ziMhJjIuihVZO+8jMMljCLVCr6R0QTGx2Gh05NWvqW+rg3VavdQ/LzS9EAQdGvMNm34SbeXFNeHx9D8UYWr8mlS0A4iYmxDJO6fTBb9tMZtajVMCc2njmT/CjNz+TjAn2redB3mD9UqdnyrWWKh6GAz1Raeg0b1uJohMrDH5CamkpqairJyclsVEnH1pRrqTIauVBRN5zcjK7KiO5kOTVAxQUdVToNudvU9PJTIgO06mz+vaUM0JH+j6WWzhUlQ3qdR1XXEWGDdb6UZK0gM/88EbHLSEmMop9OTfqid9A3OsKTUVMmAeA3aQ5/HuuDdLNaxRm3ccTGxxDqU0vumpXs00Nx1hLSstUEhEezbFksIfIi1sQuoUDfLCpWWq9rO5NjyFSdJCwqnmXLYpnke4ncjNXsM7RdtnVpbb2cy0iLSUN9yZeo+ESiJyoo1RmpOlN9faaPePZnlBKKMhN57C8xJKdvYIuqgB4T5hI3e3ybo1dai7upJIvYtGzO95tE7LJEIkN7ocpcStKWEqB9bUo6jw7NSU+iE5cREx5A0eY00nK0lm1VaLW9mBQaxHAfM2nRKag0ciJiEomPCqNKnU1s3EYc/SYQFTYEgNDIOYzr70rFGR0VZjcbdanB7X09qdJ8jcYAGDTsKdJhLN3PYT1g0rA9X4db39spWLuENduKpDqWGE1QFw0Zi5eg0mEjnl4AuLqCNieZxRkq5CFRxEz1p6biJMYzFZZ8uoBWvY1D3SYSGx9NiLKK3DVrKDSBoXAjizOkOhafGMsISijVVaErr6SptuPWUh1syhEwUqV8mMRlsYT0KCVz6RL26cFUtoVnl2Zyvt8k4pctI2qSL6rMRFIt1xPHLqDNz6dPRDTx0eFSma/diqmN62+dbjbKz6401vjw56jQ+vJ9Ylx/q6Padx1pK40NnPEPmczkEG/KVFkkJ8SQnm9EMelBfC17DP9rGhveS+CxACXSGBrb6up/kdqNqNhYwgM8yP8wnTUHuxEVG8MkPyfU2R9QYKBR3WmJVOfNQFmLbaUjv/cEQRAEQeg40cEitFvhju0YkXH/qL7AHUwIkoNmK3k6672CSIibRmDgZMJHK4Ag4qKnEhwylSdC5VByjNPFu8mtAr/w6Yzq34Mefg8wfZISNFvZX38/EEBcQjRzF8xmoIv0hNgRHXtySiEgioSZIfj6jyf25SgmhQ2Dqh6EzZlDbNxTBN9xGz1uH0iAH3Be6kgwXwJZUDTRU0MIDJnJrFA5nDyFrT9jHbuAUaNCrZMhA/Iz36ek8R71/x7etas+zf7+gUQvj6Xpw8HIlCQmBg5l4uzZ+AHVZjOm1vLAYyxhSlB/IXVeafdtR4uCsLG+tMSoKyU/P5/8/HzUajWb8080imu9urv6LtKWuq1B0emsSEpjXogU+5OnzoLuCIeqAHyIXZVGwor1RAW19uizIV8umWuBWk7+WEaNyyCiU5axbPljzZ6me987GAWgGByMv9LdEsEgXkmYSeDQYJ6YPhrpxkVP3o5SUE5i2gODcXHpz5QnwgEtBzQt97DUtlrXTPS5L4qo2JeZOd6PHh634efbT8omc1tl62j1r8RWORsKdqAGwhcmMH6oPyEzE4gKkDU7tuOUzE7bQOycMAJ6mVGrtpGZnkL0zMdI31lmdyi24l60aw8QwMtJswn09Wfy3HjCfaDoo13oab1NGfQ6dDrpP72h4XYu4uUEQvx9CZ4WQ7gS1Nt3c7Fu27J4Zs9dwEMeGtRAWOLLTA32Z+j4mbwSFQTaXRw0Kxkx+FZAwfCxIXh7Noyoal6XGniPug85Og5oDJhKD1umdOg4rNFj0uxHi5zQUbAzV4csKJq4aSH4+oewYHkMcnTk7m1Yb6ountOCvXB0grx3kojJUOMTFkta9HirGTfWJRzES3EzCRwawqwnQoHzVFTD4T27QBZCQtw0hvoHMkxmnp4AACAASURBVHfFC/hg61a9zK642SrH5ixtLG4a/r6BRL8shbP/sI6iHTkYkfP4X/5ETxcXhk2ZSpAc8j/bjcGqzBdMDWFoyDRmhcjh5BkqTK1ff+u5Ny0/6xFtraXxJ/xHD68v36G+ja8k9l9HaDONtpiryqm2TNLTHT5ImaVKuyuUuAPVtS0c2ERESgLjAwOZMmk4AOHPxDA+MJgZ4SOAKmrqi8u+q4OheG/LbUXfvt97giAIgiBcGzFFSGinMrbtkm5LMmJmkmG15YuthYyfPRS4BDJXqz8NG3+W/gZ1pLZS+vNOk72UudnW51Ba9r0Esm40X0nBEUcnkLs1rADi7D2e2Zbx25W1x0iNySDF+hCFZf56Lfj63948PBspNQPI/Ih5I4nBJzYwO2UbSUlbyEiY3Gy5AkfHLkBtw2gEdz8Gy6BhrUM53T3qfvZAadlW3WoeuDP24SA2r8lhv+4BTm8pgiGRBLcyn0QeNIdXnrgbs+UvdEcXL5v76U8cRgdN7uAU3DtYYUlPwxor+hNHqQKQ96G/5X61i52Lywyd+Tzh2n+RvTmD/M0gDYGfR8y04MZ5WGuWomKuAdxpWmfqb1yqT6OtAqq2ETt3W6NzndacoKXMaT2fnbmtB2StjGVN40ojdT61WbbWbJezdKyMnj2s9uzmUdcYGmvx5sqxxbesmHRlaM5B4MSZBE6cCZjQluzno9XpqNasZOSINALb"
04:29:08.907 [Forwarding screenshot on session ed2d6660-f69e-11e6-a414-872b36aae4a5 to remote] DEBUG org.apache.http.wire - http-outgoing-0 << "XKrBdtybx8YZv4EKOGP52FKbMqh4em66ZbwPEBDN2vGW0OsbtTN+gxWwq4JLOAIKet4m1QxzTTUgo89tDRF3kbvWx8VcC3CJZn0HzeqSFc/BjFLA3gMH2e94EIaEEVa7mV0HD7Hf8VtQjGO443k+A0be69dwnHt/Rsgh7+R5pPlADfEES2esVrouni8718KSJlKdrku6ubYupyx1zHjBajSTDwPlDVlcz3AeXZtxa70cG8VH0bWhXJ1c6QGUan5iDI6AjozF0Y0P6WKZFtO0zB2lfxydFXi0dv210mL5tZXGWseWy9fe60h9pFtOo63m4js5mqTJYCrOYmZiNp/un8KCkPbOs5HT06MuPmZAQR9LXaq2qhPt0VZbac/vPUEQBEEQro3oYBHaRV+wA7URAiJjmTbQgxozuLhUsvVfKai2fU7JbPuXK3SyLJQaGru2fv0Wg7aA3Ydq6O8KP7V2cC3U1jb8ZW4qy2HpmmM8EuZCSqYKn9A5vDQlEKXCE1XqX0i3PNw1A67uHrbDbOoSyEc/It2ze84mJvQwabmZpGzyIWFq43n6ZvMlwMnqD9ZSNEboj211MXdsIw8Uoyfisyafz95+m/M6mPTUqFaj3MXJHYWngqZDRMxNJ6LYfKJtm2f/O5Gjoqr2AmdN4OmM3dNa9CU/0XP883wc50VZsZq9Wz5gc/Z69j8QTIitvhDHNhYmde2JQgYa/yg+jrPcrZu07NxRTI9hfi0e1npd07Ju7hqKFEHEpszAz1sBBWuZnfIt0P6ytdY4n4z8ct6SgUDVhUrbK9Y6uiIHDu0/DMEhDd+fPY0O8LGR+ad2r2FpdilR6R8zXgHgjNI3hPnTD5Ofcsjqibj96ieTmZuPozj3sw7wk6ZJ0UKbch9MQmKiJZzLOHr0gbMaQNZot5/KdOBxL12oBi5Zn5imeSbdSNpZ/2zWJU9G3+/Htg8zyMBIQNRYxl4uY3PGGtKBIZEjcHeXms+B/Rqi6xapMJ2jtAp8B9wGaBrHEzBXgl/kMua6fEHMmkzScgYRN9G7+elbIOWx9TSZnyirslE93D3siFuTsFs7caW5oV7XVnMe8B98O+aDVYAfiR8nUXelK9m3kzJzT7rScplXF24gsZXrr13aTGPzN5c109Z1BDCbW09jAz1ZCf9gv/JJ0uYGA+B8ex/kcJ2Gn12y/4LakjbaSrt+7wmCIAiCcE3EFCGhHUzs3Z4L+DF1ciDevr74+/vi7R3IlMkBQBE7VHXzhJrd0jdhxmnoOIYAuWveQlWiQ1+2j9cXpZCZmUulc8N+zcPxZPBIBcb8DDbuK0GvK+b9NRloSi/gaLlH6dZLiVdXRwpz0knPNzZ53U3TEFuJq1VHRPDcOEIVUPRhIlnFjQeR+40cBeSTvmEnWp2WnPQPsOfluO5t5YGzP2EhCrRqNUZZEBOGdmw5VI+uUsboVB+QviGdJWkqaUNLQyKsKQbiLwOMRSQ+n0R68kLSVbo2DwM4sWM96SmLyCo4Q4/b+3NbN0egC47NHmdL+Xz64G5KtHVTfWyVi4LBI+Wgfoe1O4vR67VsWZfMmswM1M2Xq6gPp/W6ViM94e/Wm9t7daWmZCcpKblAF8x0vGyteQZOIAD4MGkpOYXFqDYmsUbdtF5auA/lwSEyqvLTSdqQQ2FJCQWqLBYmfQgoCPCTbjpLcjaQvDYHA+A76n7kwJroGDbmqCguLka1ZQPPp6hAPgw/T2mR3fSkZHJKWpoAYZvfyBGAmn+l56DV6ynckkpGESgnjrGaKmWrTXni6++Pv78//v5D8VXW1V0j76RvoFino3BLKpkaGDJxFG5N8yxgHH7AhyvSKNDq0RXnsCI9H2T+3O5pfaamp7ZVlxr4jhqLDCNGZAwbpETpf7ely0dO8AhfwJfgABnG/Aw2qIrRaUvISllJKeA70PaCwWagW/ceKMfPJ9wH1Bn/YqeuYasZWz83GDxuApDPi8lZFBYXsHZhMhpsVY/2x61lcjDm8nrWPnS6ErJeX08VcgL6K/AbMwrQkJG6hTKdnmLVBhanrSFDfd5qZE7zMq/T1vXXbPOo65BGu68j2JlGAE96uNaizV1P1r4y9LoSNr6+nipk+N9ue/TK9Xtxctt1B+xtK+34vScIgiAIQoeJESyC/QxFfF0EipBJNF0FRDl2En4ZalS5exmp7AIeLlYP97o0eRRbt92b2JRoli5NJ71umLbMhznLYvEFCmgcjqOTdHMOEBwdx+kLyWSnLWazFAMi4udz91AzYX572ZyZyMxM6fuAACVqtYYTBumBY+NZGU3j2sCx2d2NgrkJUWii15Cd+DoDY3vXx8czcDbx4f+PpdlriNkGyBTUrbBhHe/6sOvj0XoeAAT/aSKrVZn0mji+7Vdht/BE1X/KkwTtWUy+Todqmw6fIX7IijQN0zeaHOziKt3uSlOFlMxfHs2FRelodEWodHJ8fBSUluqad5TQuJwCZy0g5EQy2SmxSDNzZITMSaDp21Xx7M8oHxnbcjNJqpbzjKutcpHCDIl+hXMXk8hek0iuZUtARCyz/W2+Vwk8uuLSaj6780hEAEUfZhM9U4qlX1AAsnw1hzU6QoLtK9u2yjluQzypS14jY2kiyH3wkUPpJds3ORNjE/h56Uq2bcugqG4mlFx6y0vdjITKk3tR5w2jZu5E3JUTeTWxlhWpmWzOSLe0CZApQ4hPiEYB6H86iKpIjcuDzc/YWtw9A+cSH1HN0g8ziFFJkwKVQZEkzJTeItSeNlXvzDYSo6WE+YTM4bnJ3lDYJA7O/sQum8PSpAxSYuZK3ykCiElYgDdYFkrugmVppoZ4NKlL7y2wGgUEoBjGOAVsuzQSfwXAIIbJIL/HOEZY8nZ83HLOJiWzOT0RKZZyJkWnMM3XHUPTeNaf2ww4M21hDAfnprEmNYtoH+u8aLlOu/tPIz3GzD/TslmqBoVfAErUeA5o3qHQsbjZYga5D7rsNKKzpXDCYl6S6pdiNomRNSRnZhKbnymdxS+M+PkhtFjmTi64Dv1Tq9ffhvZYd7vfUH72phGDozR6xJZ2XEc8h7aWxibxmZ/A8aUryE6ru44pCIuOZ6LNC7LcZpqgeTtr/XPTuiPlm3Xe1//calvpYBsVBEEQBKFDOl29evXqbx0JQdDrdJgdHVF4tm+Ehkmvp8IMXRWejZ46GvQ6amh/eNfMZEBXUUNXhcLGGgytaykP9PvWMjctj6j09yzTPzpOr9OBS1c83dsbOwATel0Fjl0VtPdwg15PjY1yuhZS2ZtxaWd8WqxrBj26mlbCu4ayxVBM6pL/4P9MPBO9nQETWQtnkk0EG1dMbTk8gx69GcART882F1GxHKKXbl4dXTtYzi2wpN/RRYGdUWlGX7CWuSmHid2QzhCzjmpHe8KS6p3Z0QVFR0/cQS1dX643XcFGUrc7sjBhmuXV7fuInp2GT0w6C1p4l+51i5ulXF0UiubrjtSXefuuGdfr+ntT8r8daTTodZbrWAeuATfFb9dWBEEQBEGQiA4WQfi9MhWT/Hwyap0R/CLZmNR8cV3hv4SpmISZiWhQEBQ6mGpNHkVaIyHRaUSHtDku6Q9Dvy+duWkHiF77nu01eP5HGYo3MjtxMyiHEOrnyuHcfHQoiU5Po91rqAqCIAiCIAi/mVsSExMTf+tICIJgw68VlBQep7PyPmJiHkMhelf+e3W+lftD/LlafY7jp86Cx108NOs5/hL8v9O5AuDQ6TJVxp4MHj6I7qI+13O+dQjB3h5U/VyGVleFImA8Ty6IZqRCzOIVBEEQBEH4byJGsAiCIAiCIAiCIAiCIFwj8RYhQRAEQRAEQRAEQRCEayQ6WARBEARBEARBEARBEK6R6GAROqxwUzoJSekU6m/O+UxlO0lKSKfYcHPOd20MbElNYlOxlDkGbTHFOhMAJTlrSUjdQtvJaByGtVbzwlTGhiTbx90MprKdJCespcT031ZmN09r+SLyD8oK9lF2g9NcsiXdznYoCIIgCIIgCPYRHSxCx5gK+eBDFZoiFR98VXxTTll9/ihFGhXnzTfldNfIzLH8IorPm8FQwKKYRLZoKgA4f+xbNPmnqLEjjFP5RZTYSHCreVF9"
04:29:08.907 [Forwarding screenshot on session ed2d6660-f69e-11e6-a414-872b36aae4a5 to remote] DEBUG org.apache.http.wire - http-outgoing-0 << "ll1FRZys/G0yqvrsUdSaPM5W/7eV2c3TWr78r+efoWAtsSmr+ekGp/n8qUN2tkNBEARBEARBsI94RYHQIdq8nZRafi79IgftNH9u9PtQPAOj2bjhKZzdb/CJrgtP5m/cAM7uYPqJS4CbiwsAjo6A3AUXAJMJnFt5nYoMnBxthN5CXpgAZ1dXPACn65KO9nN1dQGccOS/rcxuntby5X8+/5ykf1xs1PvrwtLmXF26gMyRG3UaQRAEQRAE4X+P6GAROsDA7i/yQR5K7HQzKWtUbC3QMzfQE4DCjQm8U6akz8U88kuNIPcjMiqUU++mo9IBMh/mxC1kor8nGErYkLKSbRodAMqAcJ6Pm4YSKNyYxLofHXE9o6a0SsbkyAdQfXSMqDeSCPQ0sHPD67yzrQgjgCKA6OfnE+LtjqFMxbqVmeRrqwCQKQOY80wMId7VbFy4hLI+fuhVKrSATBHAvIQ4ghVg0u4jLXk1ap0RAJ+gCBYsmIrCKuX6wo08u/Qw89auINgTtKq1LEov5Ym0FYxXgm7fBl5Y/TMvrJrP4aVLqA2PwemDFKoAVcpsdGHxPEIXqNpLysK9aEqrADmhUQuZO963hfyWbgFLctJZkaFiQEQi8wce4bnkI5a8gJKda1mxJpcqQK6QUQUMBgzFm1iUvAelvxtqtcaSrkgWLpiMJ7Sc/zoVC6Mz8Il5jbnBUg7oCzbwbMqPPLN2BZaittCxJTWVzPxSQIZSYQRLrhmKs+rjOaSmlfxtpR60XJ7OrZaZvnALK17LpNQIICMkMo7oyf5t1G1LvSvrhlKvQq2V6mvECwuYOlTRrE6GJ65iROWXrFydjdYIICck8hmiJw+lcGMCS/crSEmPxhsAEznJz/MRE3l9co1V+dmXf35nWy/Lkpy1rMiw1AGfIfSoPonbmAUkTGuaZj1bUldYzie1gTlxMYQoq9kY8w9qp7/KbKu2/NrhgbyxYian28qXFrYBlO3LsplHoCcrYQn7ceW8phRjdx+cf5HilTJ7ITGWdtZAy5b0tWSqpPQjUxA6cx5zJ/q3Wdcb1RW5D35yHTgNblb+UjhbcewBWm0VPmHxrAjr0mL9bK0OtpbuNvO6ST0bVfklb67OttRnOaFzFjB3on+rbceea5ogCIIgCIJw/YgpQkL7afeRowWfCeMIHD8OHyD3892YLJtrqy+gLcqltNvDxMZG4lOrITMlnRN+EcRER6A0lpKxqQDQsfa5xWzTuBIZm0hiTDhmdTYxCZswAbXVOnQaNdX9QggNGscAeRVVxjPUAIUbl7JmWxG+YdEsS4xiSKWa9Ni30FLM0th08s3+xCQuIzEmgh5aNekrP8NgCbNIpaJ/RDSx0WF46NSkpW/BhJ73X0xD7Tia+JQ04ueEUJr/IclZjac/efbsgxOlfHNIC8Ch3FyMlLLvUBkA3+/chtHDGx93qDijo8LsxqgpkwDwmzSHP4/1QeowqeKM2zhi42MI9akld81K9rWwZIqrK2hzklmcoUIeEkXMVH/MNeX1eWEo3sjiNbl0CQgnMTGWYVKXE2bAXFOOzqhFrYY5sfHMmeRHaX4mHxfoW89/RX/6yIzkbt5rKVcTez/fhlExkP6ejeOnSk8iM7+UkMhYEmMepkrXsK0hnq3lb2v1oLXybDlMU9kWnl2ayfl+k4hftoyoSb6oMhNJVWnbrN611Tp0RSq0igiWpcQzqdcZPlyahErXvE761n5JbFo25/tNInZZIpGhvVBlLiVpSwl+IwaBTsWOuoLV7+cjtY5+/oMalZ99+dd6WRoKN7I4Q6oD8YmxjKCEUl0VuvLKZukryVpBZv55ImKXkZIYRT+dmvRF76AHKs5XUWFumJtTW30G45kK+/KlhW2mkqwW8wig+owOraaUYZNCCRlxH38N8wMgKDIcvyZ1bWdyDJmqk4RFxbNsWSyTfC+Rm7GafYa26rqWt2LSUF/yJSo+kahRTmi0QJfm5S+FU4VW24tJoUEM9+ncSv1spQ62ke4289qqng3qvJtFadmc6RVK7LJEIoK6kJuRSFbJ6Q7FTRAEQRAEQbgxxAgWod0Kd2zHiIz7R/UFYEKQnDX5W8nTTWV8/aPRIBLipklPSkfnkJLrQ1y09OTUVbOVpXnHOF1cQW4V+IVPZ1T/Hph5gOmT9pO2bSv79VOlKTQEEJcQjRLQF6wFwBEde3JKISCKhJkh/H/27jwuqqp/4PhHFAaRTRRxwRTNfUVDyyXctdI0M00zfR6XLDUN63HLkspyyUctzaXQHikrlUxzRTEjEVxCFEEBFVzGhUaRTZxhlPn9cYdhBmZYbf1936+XCXc559zvOXfynjnnXICZ78OmI/chsyaDJ0zAvlUX/DwhVaOnY3NQX9IoD6n3wPGJqUwdqpxHwiGWRFwmna7oAW6pSUi+QVe/USzx6Yd9zTqWF+/VgZ7esCMyHnrncNz4RXrSqSQYpOenWGg+pivmMzp8Hm+D16q9eLXpQitvF06gB57go3dG4wW05QxhC45bjbW9A0T87wPC1GoaDZ7J4tF+ANw1jmqxB84cOmQR71YLZ5IwbolFOmOWfEB/H8DPlYi9M7mr16OL/7nY+D8zvDnhwcrP/kSzPQE6TuiH5TNvKmeOpeLoH8DUQX6AHx/du8bUtfkPcQXltBVfXfwe2+W42bX4+rSRZuzWNWhxZfTLz1DbSU/9IUN54kgsUdt/Jst/NCXPuHmCd2Yr7bXpvNc4Mm450QmpdAfM2+SJdVOBjrz/wThllErTeeQkjyZkyyHufvUCfVxDCNt7hEldBpF0YA+ZePNsDx9IyI9LKidLGb/i6vLMsUPg6G9qA+0Wv0XyCwu4ZeXK7ulzgVwuJabQrGt7pi75kAz7moXq1Zx57sXFxfo+p4TDNmOUNugF9Cj35Ixxyj2ZdVrN2h136N7Dr1CZdNR/8lVe7d2I3n51SUvV0LxpQ/bGpmLWT2E1Plmn9xMFDJ4xk96tVNBuHhkpo/n2us2LZuSH8xjaVIUufjOjbd4nPYptg8Vdd8mxNmtnG6aipTmBiyfRCvCb8Sb6dUeof+0QIeUomxBCCCGE+H1IB4sooxT2HlJGAQQFjCbIbM+u3afpPa4dcA8cq5k9Klj+nguAPbkZyre1CSELmBRinoe38dh74Fjd2NFizh57B3B1Lvj6WeXTm3HKPAwycs+zLCAIiy4GL+NaC7nQtNUjRdPDg1GzXkX96VpC1iYQAuDaiDEzZuFt8ZTnQtdezdkRHMOJ0xoSaMTIkdX59tsYTpzQkIwrU7v6AGbDUXL13APQ5wAuReJxN7fIBRaUrCpo1Uq8b6XcVNZYKXyMfVUgF9Mzpktz2jjCXdMRrtRwy//ZDW/jvrslxN+nx7N4BS8h7EgKjzjsJRNvnupRaKWdtIvEaKFpg5oWZS7Kdny7FlcOBy/cbNan7TRrYw+kEvT2VMtiVL1Lfi3Ydg+83Avar8sjtHKE+DMX6W5vvU0WtHUVzZt5wXXlmvsNb0tYUCinszpxdFcyjh1fpZ2LWeu4U9r45bNel/b2VUF7p6AN0IhmrsZiFNJu9JsMU/+XkB1BRO0AcKTjsNcIGNHcytHmhSkhLjb3FRcjityT+lwlL32RRW5V1KkJmz+dyVrLxmCWtvX46HNzAFca1VGZ0mrs4wWXrFyyMc3axmOLv0+Ka4MlXHcRhWJt3s7098C1DQVdIz6MmORDWuS6cpXN23ZvmhBCCCGEqADpYBFlknZiP9Fa6DhmJiOauZGjByenDHb/dwnhe38kaVy7UqflUE159Ogzc51p/ZYs9Ql+jsmhcTW4UtzJuZCbW/AEpksJZcHa8zw72IklweE06jOB94b44e3lQfiyl1llHBCgB6q5uFlJMI3kG/DiO1/TyknD6ZPH+SboW4KXbafr+nEW36T7dOqBa/Ba1n4aDY1G0rdHDXZ/u4olS6LBezAdbD282BftKiqJPgOaj/mQSU67CFgbzPLQ1szu72N5jP4e+YuiKpJJ0EJjW2nmF6eE+KPyY1BHR4K2b2ADCTg+8SrtCvfueBgfpC8XTEWxt69mJVfb8W0/zXY5al/cwCyb9Wk7zYm+mUBzArd+QP4KJEmRB0nR18a9"
04:29:08.907 [Forwarding screenshot on session ed2d6660-f69e-11e6-a414-872b36aae4a5 to remote] DEBUG org.apache.http.wire - http-outgoing-0 << "mHibZOgL4pl1g2QttGrTGBIKxVJ/r8ipN6+lAs3RAz5dBuAdtIT/rViFWgvDhnayPLh6aeNnXX5dKuUwP+8KKZnWFzpOS7pC7d5vsnW2Jynx0RzZ+Q07QtZztO/H2APZZpeUeSfDMpHi4mJjn/5M8TGyeU8WWX1WzRdvryXW6wlmLnmJ5j5ecGId45ZYH/0FZm3dwQnI5OotHXgojfjWbxnFrAR9z3Ry8fdJGslnbLXB4q+7xFibX4ceyLxDBhg/i9LYtuwzrlWvWq6yFf5ME0IIIYQQD4eswSLKQMeRfWFAc4YO8sOnaVNatWqKj48fQwZ1BGLZH56/gISe4t+yqsehXU/aAmFrPyM8KZW0lEhWzFlCcHAYGaqC44qm40Gbzl5oo4L4OjKJtNR4Nq0NIiH5DvnPptXreuPpbs/p0FWsitIWWmuhcIp69GTw46q1BH7wBadznGjUvDHVAWq6U+Rx18uXrl6QmQmNOrTGxaMNvq7Krra9OhUdHWH8Kv7qyZ9JUuePXSgpPgUlrV6jJt69pzCsEUQH/ZeDqZbHNO/cFYhi1YaDqFPVhK76hpJXGgGXUsS/y6D+kJlAQiYMHNjNSiqetGrlSGb4WjZHJpGaEslna8MouriF7fjWKqYcmcYHTuv1aTvNtt27AgkELdtJSmoa8eEbeHv5WoKib6ECkg5uYNG6ULKsRsYVtGGs2BxJamoSm1esJRVXWjXO75opqLvmnTsB0fx3VSjqtDRO71xGUCx49++uTI9z8WPIE66oYxPAqw89mhZuHaWNX/Ha9OwHRDF/0WZOx59g3axFJNhI5eL+9axaMofNJ65T85HG1KluD1RV3m7lANHfbOK0OpXToatYG63EWl9iXGzvKzFGxpgW/KgHMkk4Hm9a10mRo4zKql6PR+q6k5N0kCVLlFiVdC+5tOtGWyBkzRecVqeRFL5BuTaKfhoUPbe4+6SYNljSdRcba6Vk+T+36d4TiObTVaGo01KJ3PwZ30bFUq3DgHKVrRpZHFy3iHWhSSVcvRBCCCGEKAsZwSJKLyuWn2LBy/8pCr/vxrvHUzQPiiY87AidvauCm5PZF9BVC30zm7/fh5lLprJgwSpW5U/lcGzEhA9n0hQ4gWU69g7KgyBAl6mzuXpnESHL32aHUgJGzptC+3Z6Bjc/wo7gQEYHK9s7dvQmOjqBi1nKt8aWM3IKyvLKzGF8sCSEBVPDlV2ubQl4/ZkiU3LAg87dm7M35BKdfRsAKjp08iI87B5dOhVExpSXR2O6NnJkb1gwH9x1ZVq1wvEBWw/UShp6QMWIWQGcnLSctcs28+moglh4+I1j3rDfWBCyloC9gKMXjsazzWNWpFwlxB/ApVUPOrKDaNc+9Ghq7XXSKvrPXsi1d+YTsvxtCmYpGNcOMeVfXHxVNsvRvmlOMfU5yWaatb1VBI7JYVFwMDOjgpVdzQczb4qyzkfGub1Eh/ujn9TfatwBYkOWM1WZV8FTAe/R31tVpE16+E1i3si7LPg2iIBwZcKc9xNjeGd0wUiuxwc+w6qob2nbv5+pQ6EgLqWNH8XWpUurEawK0DN3eQgLosGreUe8icajSdH1NvzGzsD/4iJClsw05ueI/4R36OLiwSNjniJi1V4WBEQBrni7gtq+msWUKOtxsb0P7+JilFbknvR4pAXehLN3bSA5Vdcx1fQaoaY8O7Ijsd+GMHW0UvLmT3TEMSqaMwmpdKhWXFtvyhsfTuDdt4NYEBBuvGrQ1nQvOt2rSJyLu09cim2DxbWNZ4qNtWU7c2k3msAxvxEYHISx+LQdHMBL7VpDOcqm4i4XIqKJ0D/JpP623l4mhBBCCCHKqpLBYDD82YUQIi01Fb29PV4eZRu4rktLI10P7l4eFh0hWWmp5FD29EBHWmo6ensnvDxKXgr1L0WXRWp6Du5eXlY6hYpnM/6608wavQBGfsjiocU/iCkxLyluxcfXVjmKr89i0jTGxN7JHQ+XgqhkxW9gXGA6q7bOKPLK2hPrxrPkeFfWv91gqQAAIABJREFUrR8HqWnYe3mUvCiuKR8vyttsShc/61JPfM2yffbMemeE8fXbkUwdt5xGAauY0cX6S3mz0tLIsXLv5F+Lk7sXZiErNi6litlDiJGx4KTm6IuUr3SUtkI5y2D7c6o0bdBKnjZibbv4xrTcvfJnOlWsbEIIIYQQ4qGSESziL8HDy/pDYElUHh5FHpABXDy8SvGmGKsplrssfzqVC15e5bvqotesI3TZbIKi1IA3M/uW/C136WJefHxt7Ss+7WLStBGT5GPX8J8wwmrb0etzITMdPeDlVcoOugrEPl/52yw4OUFybAiTApLo07waZ8KiSMWbFxrbjrWLh42OIxvXUlxcShWzhxAjAFw8KH8yFbu/bZ9b9jZY4r4yHl+usgkhhBBCiIeqcmBgYOCfXQghxF9NFXS3LnAlqyaDprxOz0ec/+wCPVS1ff3p9GgNq/vu39NTpXF7OrWo97fpgVbVaksXHzcyr6WgTs3Eq2Nvxs+YSmevh3cFxcXl7xgzIYQQQgghHjaZIiSEEEIIIYQQQghRQfIWISGEEEIIIYQQQogKkg4WIYQQQgghhBBCiAqSDhYhhBBCCCGEEEKICpIOFiGEEEIIIYQQQogKkg4WIYQQQgghhBBCiAqSDhYhhBBCCCGEEEKICpIOFiGEEEIIIYQQQogKkg4WIYQQQgghhBBCiAqSDhYhhBBCCCGEEEKICpIOFiGEEEIIIYQQQogKkg4WIYQQQgghhBBCiAqSDhYhhBBCCCGEEEKICpIOFiGEEEIIIYQQQogKkg4WIYQQQgghhBBCiAqSDhYhhBBCCCGEEEKICpIOFiGEEEIIIYQQQogKkg4WIYQQQgghhBBCiAqSDhYhhBBCCCGEEEKICpIOFiGEEEIIIYQQQogKkg4WIYQQQgghhBBCiAqSDhYhhBBCCCGEEEKICpIOFiGEEEIIIYQQQogKkg4WIYQQQgghhBBCiAqSDhYhhBBCCCGEEEKICqryZxdAiH+2+2jU98gFHFyq4ukmt5wQFaXVZHFbB84uVXGTe0oIIYQQQvxFyAgWUXba26x9K5RW7iHUcw2hrvs2xr4fzzXzYzTXWPDyLuq5Ksd0fiqc7Yk6GwnqWDsshLq+J9AU2ZfFprfDTOnUbbKLBV9fs5IGQA6fPhViOtbWn77vX6rY9ZeGNp1N7x+is/t22rcMpVPLUNrX307fl4/yi/q+qbxLeoZQt+dRK9ddUVbS1lzj008SyPjd8y7wy/t7rNZBXfdtdO4Zyrvrr6L9HfMvM4sYlV/G0ZNWr7uV7y4mvZ/w8GP+kMr9dxC2KJTGjZV7qsVjkcwr1I6vhZ9hwXpbnxGl8zDSsOaX9/dQ130bX56x9Vn4O3pIbeT3io0QQgghxD+BdLCIMspiwVOH+ODzLO74uvPaW3Xp4JlH2NJz+L18xviP93RmdolizQ4t3oNrM36sE+ojGiZ3/plfivzrXsemtw7wwX7A/QG5FvtyWPJUKDNXpmPo6M7412tQXaNlzeQoZu7JslK2yrh4O+Hd0ZGWHZ1o2bigeXt3dKJlR0daNq5CIzf7hxqRon5jepswZi69zVWqMPAVb6a/VRtfLzi7Q82LrfcTZv6Enf57lKEyjo6AOs8Y0xwW9Iti0ao0sq3u/30ZGjsxcLA7fYx/uvuCOjqL9QHHmLTm5h9QgtIoHKPyy9UpUTXY2dGya37bsyP9opZdS+PoMTHhIXYsPbxy/+VlXGLxoiwMdlUY+Ept3pjvQy3zdpxxiaGDE9mZrK9QHhVOoxiV8vJISf0j7jpzD6mN/M6xEUIIIYT4u5Ox1aJMMo4msCYaDIMf5dxX7XEDePc2M30P8fXOyxzRtKFx6Gk2pYL32NYcW9kcgKcfDeP5d9L57H83eXJ6bQA0Zy6yYFoMIdEF6TuY5aUJj+WTI2Do9yinQ9rjCbw56CQt+yXz9YZLvP90GxwtSqfi3188zb/zf9VeZWDtY5z09Wb/oceVsv4B9rx9nJBUcO/XgF1f++FjLOTMd3P4cuJ+5m3O4e3F5+mztJ7pHAcbaZWfiml7h/GKFmOMKuPgDmCHs9X9v6/J"
04:29:08.907 [Forwarding screenshot on session ed2d6660-f69e-11e6-a414-872b36aae4a5 to remote] DEBUG org.apache.http.wire - http-outgoing-0 << "K3ozz19lsS1lz1G6vajmwOeX0LxWG88/oBzFKxyjims1w48D79Y3/a5NuchY3xgOb03m+NLmPPlQGuXDL/dflqoyAPWndGTdh8a4jq5f0I5VlXE1O668eVQ4DRscHv6NXkoPqY38jrERQgghhPgnkBEsoozs8baD0c83NOuwqEG/p5XHdAcgNTkLg50dr0591HTE4/9qhq8dHN5+yTiUP4uPuyudK76v1KVPY4qM5DgSchODnR2frmhvevh2e7wtO7/zJXhO/ZI7BrIemH609q2tNuUS75pPY+p5iE1HC0bGZBw9Rd+eYaxdf4KBTfKneITy6Z7fbOepvcnmz7QY7Bz5eE1B54rCiX/Pb0VLO3DN0JpNE9GxbU0knY1Trlr1DOPLo+YjdHTsWRPBQN9tBdNrngrjy3BjwDKuMb3nHhasP8VYXyWNSWsu8+XEPQx6/RQacvhy4gE+iQZSrtPPdw9fRt8x22+WzyfhpnLUbbKryBSexLBTjO253VSOvsMi2GNz6leBXH3Rb+x9nq6Pr/ETqGBv8WUobZ2Utm6XLFLyquu+k4lD9xeK0UOYxqF7YPGro08Duj4BkEe2WUhSws8wwli/9VxDGPj6SRLNRnvZjru1urVS7oxrTO+5i+mfnGHJxF2mdAZOPMEZi1FlWYS8f8gi/jPXXCoU/0OE7Dljamt1m2xn+ieFjym+jorGf5ex3Lbzzzh6ir5PRHM2D65uiaZvzzC2p2QWtOOMa0x/6gRn8yD+q2gGTjS2bfVVFkzcY5rS2Mp3Dwu22Bg1ZSuNEuJi3X3C1kTS1xiDzsMOsWZzTpGjzmw/aar7uu7bGPj6yYI6KW29aW6y5PVQOjcpqJOBE49yUgPFtZGS2t3vFxshhBBCiH8mGcEiysTt8fYcS29faOtvbN2iBRzJJYezUcrP9T3MmpdbDZ70hZPp+Q/TLgxd1YhOjzZh2ONVWdJzOwcsOliyiIu4Dz6eVIk9w9iXL/KrOg9n7+r8Z2lnhnV0KrmwDlZ/VKQk4O8bhzoPvPt54l/9Lps232Zmv1BStvVnXh8XcnVazkanczZamaI0eXhlvv3sNotf/IVM4zGFZZy6TlgeVB/7KE9bG5Lh3YQD6U2MvygPW5Uuapg3C7y7utOHbMKOpPP2gEha3OzP444Q9v4BJi7VYvBy5IXXPdCe/I1dR9J5e3AEXucH8jR6zsbkcDb6gimba7kPuPZrDvFoyaUyDo4FfamutZVvnwv2A+j48uXdzNuRh8HLidGDqxETpGF9wDGiknM58GFjtGdO0WvoBQx2dvR9pTbul9IJ2X+TCWGH2XWzDx2K7fEq/I23jrBPzhGTB7hXNtZPyWUoVZ2UqW6NxbHTUdmpoE3lx6iiMjO1aLQ6Y2ffA86FxrMuCvDxoJ2xfaRsj6DbGOWBv8/Y2jhe+I1dG5PpuS+L0PP+NCk27t2t1m0RuXouxmiJiU7EYGdH9xHupP2cTszmy/TXOpL8VRscyWLJU6HKqDGz+G+a9SvhZ7WEr2xujNttpr94G4OXE4MGw64dOYS88yuqJu4sedq9VHVUOP6V0IJzDkueOmgz/52v2ONBnnKCBlSPPuBKqp5M83bsaAfkUSn1PjhWBm4zs+cxNqVCy8GePO+l5/ugdNZMiACvp5nnb+VzpEgaJcfFWtM/ueYgY2cp05kGvVKd5CANYXmFjlkfxqCAdFPdEv0bYRuT6f9VGtsu9+HxUtXbbaZ3iVBGzXV1Z/xwe6K2aIjZrGag+hTn9raw2kZKandtrLWjhxQbIYQQQoh/LIMQFZJp+OT5rYa6LlsNLaeeMxgMdw2Le2w11HH7yRB9z/w44/b2UYbfiqRhbd9dw+IBSrp1XbYa6rjtNDzT4wfT74t/vlty0dJTDM+4bTXU6VE4T73h6wnfG+q6bDWMWa02bVUfOK7k9ehhQ7LBYPjt5yjl9wHHDflHpUfFGFq6bTXU6XHcynUUnNPnvZSSy2e87rouWw2vBN0wbf1hqnKdH/x812C4d8Mw3G2roY7bPot4Hpi701DXZavhnQOZBdfpttOwNUFvMKRnGtTphWOqNf5+3JBulnf+/nu/xih1+Hy02XXdMrzTY6uhjtsPhq3JesNvB5Rrm/bDHdMRu9/caajj9oNhw69aq1cY/t5uY/19b+jU/gfTn5ZuBXX7SZRSl6UqQ4l1Ura6bfl8tEFtMBh+u5ppuFckRuWXn76tP+/8nB+vVMM0t62GOm67DbuTzeK24oByDUGppYh7KcqdnmLoY8znh2S9cZvaMMZtq6FO+yNKDA4UxNZUlHS14ZVHlTKvidUWiZsSW2Vbp7kpFtde3H1jLf5XS5G/4d4VQx+3rYY+710xHlConRfe/9sF5bqfjykIRZTSFoYvvGKwqlAapYlL0XhfMd6Tuw27rxacM8Z4zjsHMg2Ge2rjvW28bw0Gg8GgN2x9U7m3h6+4Uap6S8+P5YRzZgW4Y5j2qBIXpQ4Kt5GS293vFhshhBBCiH8wGcEiKiCLT4cdYPF+MDSuy7aVzYEcZfFUT3uqV/SrS+MY85ZjW/DNylZ4Ame+DmfAZA0rAuOZdMivnOuq5JLyax4GL0/mvlawDkq9Pm2Z1fUyi6LSOacBP+P2CW+2Iv8ot8ebMtL3AqtjNJzLAM/CBSjH2o8GO0deGFbb9Hu77jVh401y9Q/AsSYbLw/idlYu3LrNSXUOyfEaDkRaTrnRAdVfeJRhzaoALtSj8FSE/AWEH5ANReJ26kCq8kN1OLHnPLm54OBgh0MNOyrl3Sf23D38qymHhIwJ4+KI2jzf15sub/Tl+lIVJanuqXyDnp1yn3Tjt/iGjt7s+uoxOnhXKXMZbNdJ2er2+VebK+l4uwA5xcYI7pN49AapZjNwHGrX4PFmtkdTGbyceGGwqzJVSKvn4q/pxFyEoMEH6RDTjyEeOZw1Hnvn3EW2n84D7MBBGWVwPTkHjDPtbMe9pHIXqD+hCUN8jB/7btVp5QsH0u1wAE5H3gLgjflt8ck/wa0esz/0ZNcEDddTc8G+UNyAen718LVTF3kzUnH3TQsKpePtQtiGUuRfW5lylVlo6pVJVqH9Lo54AJX2X6BVz1uMHF6HPr2acy3Tz/r5VtIoVVzaFLoH0pQpgPWntORp74Jz3prhTtgsZaheRryGiDyo/3oL430LUIVhs1qwLiiGw/uuk/EvD6D4enPzf4yzF9uSDaQk/sbVqxlcjNdwVgM454/eK3T/Z5Si3f1esRFCCCGE+AeTDhZRPpqrTO93jJCLYOhYl0OHutAMgAdk3gQ0yoOsTwVWLs1FeQvLv2a0Mq3B0mZ0B8b/N5SgmAwuailhWoptDu5ASuVCCz6q6OTvBFF5pilFBrsqPNnO/AHaice7OLI6xnINjXwuXtVwt4PrGlsrENznZNhlsqvXoFNHYy6e7jQ2eyp29jK/Latw40Qcr792gZjU4q+pbv3ig+FQ6G9zubnKA1P65mQmbi66Xwt4+vvy2VvZTFmaTszmm8RsVqYXeA9uwHdf+RU8YFkxMqifcTrGfX5Zc5iRs25DTBrJd6FDGcoAJddJaetWYfmgXlyMyFAzdMCvpg4iAMNYX66vbGzzulu93IZPzBa5hfvseX8/E5fm8NlXN+jqf5OzeVCJHGa+GFPk/Pg9N+HDkuNebLnNuLrafoOWg4MdBjtHOrSwfCD28LLWgfTA4ufCq76U/r4pSKdU+Zd0gYX3O9Zj2Y5G/GtwMmej01kTnc4azmHwcuHTbT0YZu3hv1AaZYuLQnNRgzoPDFcsPwce8XWj8GJTVxMLfVY4VEYFcFNrWjuquHqDBxxac4wpS28X3eVulqzZ35pTJbc7zYcNiy48/RBiI4QQQgjxTyYdLKLs1JcY0fpXIvLAe0Qzdn3Rxuwf4i506F0Fgu6Ta/7Upb1DdAzgU/rXAiv/lrejusWTcmWc3ZW/KyIXwKfwGs/3uRivBRxMZayUd58LV3T08SwYLXAyUgs4WX0jiOMj7tQF4r9KJmxBc/oUHk6Qoea1YTFcxZHvLvdStjlXsf1mj4yrvD7sAjF5MPCtRxns70mLljW5uOYAY5daPphlVmBN1lzj2hZ9lj/B0v7V"
04:29:08.908 [Forwarding screenshot on session ed2d6660-f69e-11e6-a414-872b36aae4a5 to remote] DEBUG org.apache.http.wire - http-outgoing-0 << "yDaNxHnAnbQHeD2qrDczYGYPLk7P5eyJa0QcUrPps9uod1wmcH0DNo6vZTt9ff6DdBWefK0nn13cxZTPc5g28ChtznejWWnLcKrkOilt3ZaZyoW57zWi4DH2AS5N3Is5gSKL3EIVej3jCUsvg+4Bno1r4G2n5uoTjTgU3ASHbOV4B3tIS9WChyueqEqIe+nfC1NcG8nNyqNSnpYLV+7Tp03B/xqy75Z9WFZZ75uHnb+5Gp3bsvNmW26cv0FkxDV+3HKdiOgspo2JwT/m8RLfXlWecrnUd8Pd7jp1H7Hs9MxOM6sAvXJ+q2bVipyvA2jsZPpcKK7eErccZcrS2xi8XHhjdiMeb+VGu/YOrHsqjBU2XgFfunZXst+rzoQQQggh/q7kLUKijH5jek+lc6XP3Mc4ZtG5omjcqTqV8u7z7ddXTdtS9qUQkQetnvaiHqXhRJ/hLlTKu8/G9QXpkJjCxhjApyolDNgoRmVcHaHSxet8GWb2tp6UC3y6Mw9wobHZRX2/TW12zBW+j0FZpNTaXAy3+gRMcaRSXg7Tp57kmsXOHL586xTqPKg/oVmpXtGrOXWTmDxwH9uOde+252n/evh45nIyKr9zpewdTdaeb9t1UaYiJJzKwtPbHR8fd3x8nIn86DCDev7Cl6dy+OX9XTSutZ3PLzjQoU8Tpn3Yk/AdyvyHBFtTCmwYsrQTA+2gUupN3lx0tdRlyGe7TspWt7ZY7QNwrMFL0zswzfTHj38/XaP4hIq8zjaHb9caW4UKqOlEQ4CoNO64uBiv2R1+jWNAzwhmBP1WprhX5C3A9VsoD/pffn7BbGsOm1ZeV9K2L1tbK9N987DzN8Y9I/oUjWttx3+eGp829XnptcfZfKgL3ewASujszX8ldDnK5VjbVelo/ewCJ7Xm5xS8vcitRW187ZRjjpr1lZ4MSeFsHtRv5l6qKZBXTyvtfHJQb2aOb8KTj9fC7cZNDsRYv0YHKFW7K1ZZY6O9T0bGQ3grlxBCCCHEX5yMYBFlcmZ9LCHGqSq/hicyMDx/Jn8eGm01Pt7SkyeffZRudhoiPjrG2Nx0BnlmMH/OTQx2VZjymu3pFIDFw0CHUS3xnXOMiI+OMeKWhhfaP+B/Uy+TngcvzG9S8jesucZvgtMp9JChYuTsBiwedJnVww6gmdGQFm65fD9fjToPun/wKM3AtKbE2ZUxDNRp6Fc/j/3zr6POg9HF5P/0O770+SyKsB3J+Llf4YUp9ain0nHgq5ucTVXWXJn/RhMK1s6wzbO9Jy3tLhP/VTzvtocn62jZ+XEiIca3r2hzbaeQa/Ht9QNy06HSRTXDhoUz5cO2Fvs9+zTjJa/rbNoYR+cbt3h1iBvXwi+zZvN9DF6evODvhAc1YamaRb33kbmwAT4OWn5cpDxED+pne/SKdbVYsMObXYPUnFx0gk3P1eGlUpSBcOVs23VStrq1VDhGjzOkWcXWj4hfdoKBUWeMv+WREqUlPU9pAwHjGoIjTJzhSMTSdIbW3sMbqxrhqU5l6SKlhM8PrUOL7JslxL385TZvPc1Gt2Lg1F/YtTGOvtp0Rvk7cmpTMiFHwNCxAf82i39pFHffWIt/qfK38gphi3ZunGZ2dVk0YzUa3ppXlz52Fwj7/FdGqNIY6afi5PdKZ2/1xzysd/YWTmNBKcpVmFt9Zs04w9il6Qx8IowP59QhZUsi649YHjN5QjQTP09naJtQ3v2wEZy+zAcr0zHYVWHamDrADauxNa+3+u2qAVpWBx7G5z8+qC5f5+M5SrxJSeO0Bup5Fm0jJbU76xmXLza/LNnHi8vuE3R+iPW3qwkhhBBC/EPICBZRJneuFfzTPv1IFjFHcox/tFyNuWt8VWo9Nh5rRzcvCFuayPRZN7mDI7NDejDE22bSZq/rNXKrT0iMLwMbQ8TnyUyffJmT2DHsg8f4ZEgJIwcAHCrjYS1dwNPfj5++a0Qr8ghZmswH76iJN6a9cbrlY5fBzo6Yz9Usfue6kv/iziwpLn/Hemw8343pY52olHefkJWX+WSp0rnScrA32+IGGBe+rEzNYpJxAHBryOJVtamUd5/1AacZ+2IiW9PdmT5XeUqJOaI8XaoAV4tn6srUa23+uwt9pirnnN2v4dt92YX212BJ5BOM71cF9f6bzJucyJrNWty7ehK8vyvNUNZg+WJuDaqjZc2sRGYGXOawRomH1dfdAg5ulQuupRBP/8f4ZKwjlfLy+M/bcWSUogz5iquTstRtTWfzkhWO0R2r11QWlfLyLO6RO55V6DbCm+BjfU2Ln/Z5ty9fzK1BpbwcPpkcx7yPNNzBkdeCn+TVjqpSxL005a5spY2Aq8UosFqsi+vMS13tOLtZzbzJFwg5kkfLwQ0I3e5n0RlhGbf89mc5kqM0941lOqXJv3KhvAq1c89aDBpUhUp59znw1RWu2tXmox3N8PWCiJXJTBlzjvU7tHgPbmBclNuKwmnklj4u5vq824Mlr7hQ6WI68yacIyjMjj6DlYDnX/XTS/vxyVvuVErN4oMJp5XOlcYufLivNy81U1Gaems2/DHeGVGFStG3mfnir0yfdR3XlxswfYQjlfK0xJ3NwVobKandPdzY2AFVKjTCSgghhBDi76CSwWAw/NmFEP9U97mWkk0ulfHwcSnnG38UGnU62frKeNRxwa2ibyeyYLuMmvCjtB+kZvr+Qcxs/4CUGw/Knr9Wx7Ub98gFHDycqedWzkFj2hxSbuTiYO9APe8KLCCp1aHRgYubCluXkaHJIi37AQ7OVannaeVBS6vj2q175OorXq+22CpD2eqknO2vFDH6XRjrGPvK1PF2KZp3SXF/iOXOUGeRpn+As4cznmVssw/jvqlI/gDaDB06VWXcHAvO1aizyNaDs0fVUqVpLY3ylEubkcONtFwcPNypZ6sRZuSQklax+zv/nim2bNbaSEntzloyDyk2QgghhBD/NNLBIsqknmvIn10EIYQQf1NvzmnJjDkt/+xiCCGEEEL8LqSDRQgbNGGRtB96ndd2Pm1zCoz4Y0md/PVJHQkhhBBCiP+vpINFCFu0OVy78YAaPqUbNi/+AFInf31SR0IIIYQQ4v8p6WARQgghhBBCCCGEqCB5i5AQQgghhBBCCCFEBUkHixD/z2jvXCPl+iU02do/uyh/HJ2GFI3mzy5F6RQua7aGlOvX/n/VlxBCCCGEEH9DMkVIlEnMpTg+P7SJjJyscqfh5uTCKz1fwrdh6+IP1Bxm7roPWXg1Sfld1ZblLy7hjS5NTYdEhQbyyrZg4gBUTQkcspT5vayke+cg3WdPxG/CYZb51TPbkcnub2YzJXwfl01pLGR+L19rBWLRnM7MsZ9B+vtTy/d64uyDdH9zIt0nHOYjP4cS04vePorH9ubw83+34+9cngzNadm9cRwDI4+atiwPOMUbzV0rmrB12YcZ+uZYfgACJxxjvp/n75NPKYRv7EaPSD+S1y3H508rRWFaokNXcareWMa3LoiNeVn5JZBGm4KNe8ZwdV0g3n9OYf9E1uMkhBBCCCHEX42MYBFlUtHOFYCMnCw+P7SphKPiGD9vLAuvJtGv9UQ+8x9Oa10sARsHsChO+XZfc2IhXbYFE6d6nIVPTaSfLonAzc+a9pvcOcb4+ROJgCKLbu5eP5yB4fu47DGY5X3H0FqXRODm51l9sZjRAtlZVCQC6UU23LKZXnZGGqAlW1+BDPPd+ZnZZp0r0JZWXr9T5wqAPpf8mtCR+/vlUyINP5++ToP2Pf9CnSugiVnOY9tWc/GeeWzMy6oheHswUJcA/8kEvTTs/2Hniq04CSGEEEII8dcjHSyiTIp0rqieYOmUVXzz71doWMx5DdsG8M1rAaZjSuqk0ZwIYQPwnP9GQl+fw+RRizgRMBuATcdiAQ2bdn4BNGXXO98we8gcQucuoDUwZ/8BUzopJz6n++yRbNBZyeTOQRYdT4JqY0heuJw3hgUS8fpkANZEnLBdOJU9LgBUdMqGJ7MXJmP41MqoBGN5HeyVLiGHCuYEgFM16hp/XB5wFsO67fSt/jASLkRnjIuTM3+Jl/Rqogm5C6Me6/hnl8SCi709AKoqLgUbLcqqQqUCqg1h2ai3"
04:29:08.908 [Forwarding screenshot on session ed2d6660-f69e-11e6-a414-872b36aae4a5 to remote] DEBUG org.apache.http.wire - http-outgoing-0 << "GP9kCSO+/qGsxkkIIYQQQoi/IOlgERXSvG135aHdqS0DG1WzeVza/Qdlam0OLj70UzWlT4d2pm2OXrUBcAe4E8v3qdCg2RieyZ810GAgr9UHEncRpQO4xsqgRURQl8C+Eyn8eKq5cJgIYOG4GfgAWp0Wt9av8OurG/lf33bYlBbGeytHUWlSSypNakT/ZUs5Y9aBk3hiI6Pm+FJpUiPT/uhsawlpWL1sAP3XfEOGcUv0T0vpP60RlaY1ouG74/n411iLMzIu/siMBQNMaVea1o0pIQfRAmdCZ9Nm2hDWJ2SanXGNFYu70eWDSfSaM4f9xq3ffzOEUet/5Le4z+k/oxv9l31uGm2SUXhb9jGmvDuA7u9OZv1PnzN0Wn7eA1gUmVSQ1Z1jzF0wgErTWlJpUjfGf/6JKb/iJJ7YyKh3u5muqc27k9mcUDAKKfGXhXSfMYDx65cyd4FyXJvFG8kgkx++mUzD/PMWB7JozXi6z+nG+JBjpvNTzoUSR1N6tqhH4i8LaTNjAEMXDFHymzObMzrQJHzPeIs6W8WZ/DrLPsb4GQOYsnEho2YYr33GEFaYXzsadocE0Ca/XiZ1Y8b2g6YuuCL5vvksVVeuBuDLL/0ZFXLYsqyPqJkyx585acDd1TScNoDVJ0IZP2cA49cE0N2Yx+qKWc+OAAAgAElEQVSETMiOY8XKIaayN5wznq/irpmVTUv47kDLsu0+XGz34F89TkIIIYQQQvwVVfmzCyD+zmowsO0j3L0aTryLP10e68Wq5J2mvc/2mcmwZo9QhVzSciqD/mKpU3ZrPpbQT8dabDtz/JDyQ1UHsFemC9Sv4WV2hCutGrWFq2mk5QCqGvx7whdMatGbZvaHCTvwhUV6Z8+eAuqiS/iM/iu/UDoDVE1Z/uKnvFG3uKkzSSyPa0vgU7PRJQazMHE1o7725cz43qgjA2m+MRhoy8Jnh+N4cxcBx1ez/81kfv10NYXHUGjUSewniSwg60Qgj20OBlVPPhv6JBdOvMfyu2Ca2HRnHwOXvEEEdZnTdwEtql7nh4OrWX1gIrUaH2PWoy2I023hgwM/M775swBoE34gIPk6T7dqyR71dVO+EalJkB7JrA5u7L97HdS38wfNkKu/bblNn01sahIRJBGxeV9B4XVJzNk4jmZNInjONY7xs0eyIX+f6job4grysyXxpwCab95hsS0udR8vLt9HwoTDzPerx5Xz4UTcTSLiuNmDek1vItYPZ6jZtrjkYObk/5JR0KN1/Ncd4DGDTs5wPCWcuLtJxN2FfvWbcp1GuKd8Tq3li4CmBD77HzxvHWRK5DLazlWT8OkimumzSbqbRERkEq2bTWbbY658FbKIgI0DwPUYb7R24atl/RiTmEGD+sMJ6tKC+J9XsHzvRA7cWMGZ157lSuF8H3Tk+Xp2vJcYi0u9/vSu62VZVncvbrbpT2z4FiKoy9COA2nibGBHWhL705Jo7dWW1unQoMZNpsx9ltU6GNlpNoO9M9mwbTVjVnYnK+AUk5u7cmDjEPpFJtHAazBBPfy4GPkxC38cy4lbX3B4bG+r9VKkvH+xONkS+HMg74W/Z3XffP/5BPYILPZ8IYQQQgghKkI6WET51epFB0c4fmor33n50KlTF5513smP2dDcdxovNnuEq4mh7L/tyYtdOkAF1hFJ/CmQttt2AANY8Xx30B8EIP1+oQP1ynfhypQaR9r4GR8gs3OLrn0CwHUCD3zBc+1nEPyIlq9/XE3AxgH8Zn+YjywWwzXXk5//u9646Gw/tNN6sTz+OGr8+PGnYKApuxZsN46sGUX32pN57Md9/Dcshm/8LVNSqQCdChUa1m8LBh5n/0fr6esM9H+aWu92Zk6qck0ZqamgqsvyV/bwRmulA+iFBlB15Wp093NxbPw0C73eY07cd0TpnuUJFew99B3QlMkvf843mT8y8KM3iKAp3839igE1VOSe/6ygLFauVAVgj2mqT+tm8/lpxliIW0WtlcuA65w4f41u9iGmzpXAsfuY36Up0bsDeOzHHVZSNdIdY46xc6VB/YnsnBJAk/unmbtsJMvTIPCrlbzotwiHKgUr50x+diPTGuSS5giBHyudK93af8yu155HdXkfoz6azA8WmcSwIxGee6orboCDsbNq8oh9fNarKZDJinfbK3W2aB/PVFfq7Kn6ATTavIWNJ97koxbGpOrPJmLGK7gBz7V4hO7zJhOw/Qf+Xa8xnydmQP3ZnJ6n7KeXse5OreZA9rNW8gVt3FLeS4xlWL+5jPd1tSyrqiEvjwrk2pktROiGMH/sVNyyD/I+0KDRbCJmKfkk/hTAah2MG7qP9f2VdEd09aX7mxOZEvIdL/2nBUsjk6D+bBLmvaKUotdQGi9uyYTIlYQ/39vq4sl/7TjZlt+BUriTRTpXhBBCCCHEH0E6WES5DejQAbhG5BW4mXWSu52G0KtDW378JZZWDRuC/hzLw3ZyE7jlVJdZbSuXIxctB0Jm0O/APqAn+xespqOKEjtryrIc5sinvuWbIZ0BeLlTU9rMe4OFobuZ5feK9TcFVXuUlqaH0mrUqgboQMUVoq8CjUbS2+xlJx39n6fbj/s4czOtmFLcJVMH1O9BJ1PanvTt0JM5e5XpHm7Nx3L4o45sDvuMKfsvcEFzkv1pGWZpeDKiz2DmbNrB18eu8cSTataeug6NFtC7OjjaVzN1lHi4euLmDNZeXOyAvc1SDuv5NJ4ADdvRD5RRP/b5o4EABvOi8S1PHfsMpd+PO2xPE8rJNuU/6pkJtKnuCHRmxqDhLN+4BXSnuHAHTOFQDeetZ7orC9XeOUiOcbPfY08q9dRgACOaufFDYkFMtAlH+BYI8s1/+tcCTRnim/8mKh0ZeoAkBn7QrWAa2V1l9M3O2FhTx0FAr2cK2oNnR57xgIi021y6lEkEMMd8P56MHjCcORu3EHleQ48i+UKWXmnEuvtZgKuVsuavU6S3aM/NGrcz5XMl5RwAG7aN4Hho/hS9u8pbtX67zvUUYx1dXYTfnGBlbR8VxKUB3CJbn8SiZYEc11fFEdDehedGLeeRv3CcSlK4k0U6V4QQQgghxB9FOlhEObWlu48L4MIbU1aZtlZr0oPmvyjrhtzXXOSmcXtq1t1yrPhzjRWLBxKQnAFeY4idGUib/KdtYweLe6EzsnOygZo42+4jKGA8pqqH2bQDzycY5gFxv10nC8r4KmZn3FSAvXOhtxWVZonaXLT3AXuVxUgSDw9XIBGAjITPabd8EZeBBh6P0/uRl/isTTJTwgum7fh0fpHnNu1gdVQY46qksB8I7Ne3yNuTilAVBOzC5XM2D9Pdz3/Ut9GFpVKVfkFeG3WksrdR2mpuWHtTtfnRhd+2FHMyDBhMtwa2I5Af78nthlDL2LBU9i44OmhxqVsfuFpseU3sLa88/zrcStMWS1nWdKB740am3x2Mn+DPtR9OJ6f8tZHtGV/NEaq2wOHecQAaeA3mpeb10Bk7K8ZXcwE8eDTvKusTj3JSpbT0y7oM2mXpeMRK3n+VOJWGeYeKdK4IIYQQQog/inSwiHKp3bI7PnZw8vgWYjIBcqjm1YsX2zRlYLMapABVPB7BFcgEHCvbU7Y5QhpWvNudgFQY6b+ab0YNsNxdvT5tVbD69AFS6G18/W4c205dB48hZiNMbGvfthuEx3Iv7Q7kv98oO5awNGjQrE05XolrHM2S+D1Ruud5wvhEqj65mwhgZG0vINXGudVxqwIk/0KMbqzp3IionwHj+hxHgrkMLH/9GG+0VobIaCJnMyUcTJ04qs681qkpPxx/j+eTAdVgXvT1pERpJzmbDf7OmRxLPFnmK2/Zsj1ExoJuC8GRrzK/S0POHNldwiK3DqYRNTsj9hDgOxZPLrEpNH9aUQserY6pkw7zN0HZm53702bGtp2Aw9lg/pdsPqJHw/5fY2nQehzNSryCxxk39q2CNXIufs/4b/fQpNazpiMO/HoG8qeNZcdyKA2oX4OGHs40AHYe/YWP/J43Hq3lx592AHVpUs8Toq1kaZzeprwdpwxlvV/QueXs5gFA88cmMNsvv54vsWjZXM7XqMO//TvRjS+46t6N2aOeN50XtX02"
04:29:08.908 [Forwarding screenshot on session ed2d6660-f69e-11e6-a414-872b36aae4a5 to remote] DEBUG org.apache.http.wire - http-outgoing-0 << "Hydm0X3AKLatSy6SRfhZW5n/2XEqPelYEUIIIYQQfzR5i5Aol6fbtQB9EiEnfuFg4i8cTPyVH3/Zx1WgQ7teXLihAce2TPFrS+3qTzLR7xHQPyh1+omh8wkw9kVU1ccwd81sZqyZzYyVAbz3UwzQlHG9eoJuC88uW0V4wmHeW/AyG4DJTw2jFF0KuLUexpxq8O3e55kS8iNRMT8y5cOJRACjHu8IZLJ6cTcqzZhMlHHNVGtve9aZ/vbkub6DgaN0CQzgh5hjHAgNpNumLUBTXvAt+prdgvQ8GTNkOHCILoGz+SHuGF9tHMUYsw4DjxrKuIJfjh0g+mIcu3cH4rdxCwDRZxNMx3XvM5IGwGWg35MvlqJzAeAoPeZ2o/uM9kyx6KRQ5Fg5w3ybZ9vBjDT+HLixF23mdKPt5i1FztHEraLhJF9WxGnAuTtz/dsCEBf3HrUm+dJwUi8Crir5B7z0mu2yO3fnrS7Gc5OX0XxaSxqtXUSERWbGVx53LO71zJ6MeGo4cJTHZoznqxPHCP9lFd2X/IcNV0/i86gScycg7tRkRn3zPVFxSjvZDwQ+8xxuDQYysz7Exf2H/ms2EpVwmNVrXmRCcgbUf5F2Nl6F7eKhvDQ7ZPd81u/bwhYrZdUV+ruwjn1eox+wMKgfM3bvIypuH3MXPMecxKPccWuEm7Mf/2oElxP/Q/eVqwhPOMZX34yny94t/JAKXqXoiPxLxSkyprQFFkIIIYQQ4g8nI1hE2Tn3oZMH/HYukksWO2I5dCmLMQ070GDPAvbWmcdTnV5hWSfj7jIMYLlys+ANNBsiLd/+09ppIPOBjkOWsy3jVYZGLqOHMouGkf6r+e+TDa2mWXg6ETTko/e/hxXjWHjgDVYfAHAj4Nm1fNSlIaAh8+51uFuT/HfSuNlT6GlXpWyzd0EFePdaTuQ9FSN/3MLQtcaRGNV68t2U5TxXF8i2LId5ej5PLuLnNB099m5h6MotgBvjmrVlQ6KyyG3HPtMJOHmO5cfn8YMy84PJXSZyI/oLfrh4mgy64wY4NniaVz3eY05aXV7172wlEgVTUDx9p/Bd+2O8eCoWdNeJ0LVlcjNYnRhrtuptwWgRVRUH69tUvmyYuwL++wbf6iAu7Tr9mg2nmnoLP9wF08QhfRaXyeC3e8ooDP9R37HfYQ4zDuwgjgwuA9CUhS8tZfaTBetwGENtoe/Y7eyvNpv3I0OJuJtBv/azGc4eJpxSpqipz4cSR12WtTBfrLjo9BufJxfx6z1H/rUtmDFBxjdV0ZTlYz9lRF1HyFY6kxp4tSUy/D98Gw7gRsDQDcw3jg6a/J995H42jYBT77HfuBxNt2YzCJoyFW/gopV8HRs/wRwPWHh1BxNuNADqsqKF5cLKKgCVvenSi7Rh5+5smbuCGZ+8wfIfJ7PcuHlkl49ZM8QXgPGzfkK38g2mxC2jR5yyv4HXcDa+PqeYUVp/0Th958b4Lr42Sy2EEEIIIcSfqZLBYDD82YUQfx+jPptapuNdnetR115Lwp3bRfZ9Y7Z2S0Vo71zjxj09zq4N8Sz1N/KWMjTXSNODR416yjoqFaXLRH07Dap64F295IU5rZ7r2hBvK9ej0VxDB7i42iprHOMnPcuG+rO5l//mmBJo71zj1n1w8axXxnVniqSEWnMTqpT1urVoNLfJBup41itFmTWsXvwyO6iHd83eLBo/Ck80LHq3M3NSoXWn1ZwZ3ZGUTPDxLM14JoBM1NfTwL4aNT09C8qQfZA2b05k2OunmN9Ehzoz12bslbYIzq418HQuTeQhIzsTDDrStGUpa1EazTWyAWfXenjaLJse+/K0SQt/YpzsXR/O/SmEEEIIIcTvQEawiDJxc3IhIyer5AONMrOvkWkjnYfFsXo9fGxMLygttwp3LBSicsW7bjkfYks419PT1uujL/HVN//j5+QdbADm9H+mVJ0roMSw7GvOWE0Jb8+G5TrP07NeqaZ2KVTkpiexPy0Jkg9xMD4Yl7tJGAdo0LdJc1B54lOm/ori4667lwWqengXk2Z52qKbs5KnWwVviZLi9zDuE8WfGychhBBCCCH+qmQNFlEmr/R8qcKdI25OLrzS86WHVCJRIJej4cFsuJpB69YLmOVnqyPmn8CVN2Z8wWQP49tvTJ0rbkzu+wUf2ZgmVl5Fp5cJayROQgghhBDi/zOZIiTEP4g2W8MtvaqCU0D+XrTZmWTdy0JXxYGa1T1LPWpHCCGEEEIIIR4m6WARQgghhBBCCCGEqCCZIiSEEEIIIYQQQghRQdLBIoQQQgghhBBCCFFB0sEihBBCCCGEEEIIUUGVAwMDA//sQoi/obQkdn67kQ3Bm/hu6/f8HHmOW3kuNHu0tvLu76x41i1YSbTem8cerVFwni6FDQtXkVKzDS1q3Sd01RJCkuzp1ra+RfJJO1ex+ucsHn+sEfeSQlm++lsioqKIiIgw/Tl0KJ6aHR6jluoPvfLfRUr41yxa+gnB38fiYEjgqz038HuiGSpdKknJd6lRw9n6eSciSXetT/W/WQySQtex4kfjNRbap0sJZeGyfdT060T6z7aPKzj+IAuX7aGmX6cKtwVdykGWLjtAra6PUaPwS+zN6uKh5pkWz/fBG9i8dSdHopOhViMa1qhq2h9/cDMbvtxM6JFT3HWqT7N6hRcwTmPzB0tJqtmBFuaFSYtn8/oNfPV9KNHJ6dRq1AKzZE3UkZv55H+7iIrKv7eOE3/pFq7ezaweXxZZ6ngu3HOjlnPhYObvP8HW4A18GRzM1u8P8OvFNGo0akZt5ypAFjuXLSHetQ0talWwIIXSMi9XcW2xfFnFs275OsIiLD+vTsVf4p6rt0Xd/iFK+Ax5uMzjfL+U9Vd8PSftXMWK3allr5/yXrfF/6P+4LoSQgghxN+ejGARZac+yNRJbxO8N4pbDt74+jaB69HsCFrAm6vClWP0GZxJSCAsaDGharNz797gUGwslzL0gJ5LMbFEh54ktVAWty7HEBt2jnRAf+sS0bGxRMef5/z5gj+xSclk6P+YS/59qfkhaAfJGa40bVKLu4lhJERdRk8WX785lbe3JVg9K+vEOmYuWcOVv2EMbp0/TkLUZXKs7Lt74zyxCce4pYdb8fmxsO3ujXOm4yvq7o1zRCdEcONu4T2WdfHQ8sw6wexJgYSExePgVZ3U6DBWvT2JzfFZAKSEfkDg2hDO5zrApSiClwTw9ek0swR0HFz1ASGxsVzPyLFId9akQELCz+NcHaLDvuXt6ctQU9SVk4eJjY023V/x0VGE7Qjm7UmLSKrgtc0JCGRnQrr13fGbGRewhB3hsTh4++LbpBoJUTtYMPVNDqYC6LkcFUvSw6hY9JyPiiX+lr5IuUrTxsqWVQZnomOJPp/KndRUUlPvkJp6nvCwHax6ezo7U3QPK6dSKP4z5OEzi3Op66/4425djrH5WWFbBa7b4v9RQgghhBBlY/1rRSFsSuPr/64lFUcGz1zKaD8vZfPUNDa/M52Q8GDCR/njbw/2AGQStGgDfqvG4QFgDw4ofwDsqyob7QvlYm8POBq32wO4ErB6PV1cfufL+zPorhCvhScC3mdGFxfQ/YshKhUqssi9B67OTtbPc1D+41Q4eH8D9vaAqxNOADqw+Gra3h5wwB7oMuVrOs5QFf/Ntb094IZTNeXXwsmVRbVqTqa8C7Ooi4eUZ9qZY6iBYR8GMaKpCrJOM2vcAvYfOsOIVnXYHBQLjYaxevEIVCSx6OW32RFyhBfaDUKlS+HrBQvYkZCpFMks3fgdISTjyJgl6xnkA+qDiwhYG0VMCnj7WJbB3h7Ai4DVq0z3V9LORbwdHM2hE2k09fMox5UBDnAPcHay1n5T+GJRCODN1OWL8PdWojfq9NdMWrCD/315kN6zfcGx4HydDlTlHmLiwZSvN4DKBXRXLMpVqjZWFvbKdfd59X0m+RV8YKWd3sz0BSGEHoplkI/fw8qtRMV+hjx0ZnEmDRzBoTSfT+b1jJWPA8ei/48oSXmuWweoqlXDjYL/RwkhhBBClIV0sIiyUZ8gVA1efaYVdK4A4MGISaM5Ov8ntLeyoA4F3win7mX55s58MKIVVr8mrmpPtUKb"
04:29:08.909 [Forwarding screenshot on session ed2d6660-f69e-11e6-a414-872b36aae4a5 to remote] DEBUG org.apache.http.wire - http-outgoing-0 << "HOyLDs22L9W/eNP4eta7pNRvTlp4OGrg/9i78/CoqvuP4+9MMsmQkIUAhiUoi0A0IgIiggtSEYpCoZgWsUgtUkGN2LgErEApi0JqQWzUoLghLkhKoaEiGn4YBYJiQEAkrAEJyxgIWUgymUlmfn9MtskyWQYF9PN6Hh+Zu3zvuecumfudc841hfXhoRnTGBAGxeZtvBafQErZQ2l4nyimxIyhkx/sXD6DtzI70eXsRlIOW4AgBk+ezqTbO9W6nRUzZrI9IJyCtDTMQFDEYB6PnURkoHPeVgI4nX4YS/hIliy6kx1vvETCul3O1YMimDg1hqFtjzFjwiLygNRFE4jZHcvEkI+Zv70TD/fex7o8ICWO+46NZPGCcZQ/6ubvXM7Dc5MBiJswlZglCxhg3M8bcS+yLt1csW9PTBtDOACZJMUvYVlK2S+6pjAGj3uISUMjnfudEU6Hc5tIPWyBoAjGTx7M0bfjSTEDps5MnDaVoZHVH7Td18HymKew3vsPJpQ9oO9cPoPnd3dn8YJxQDPI28jM6I1kmi1g6sz4J6cyoqfrNvasjmP+9k4sXjCOgMwtLJr/CmlmCwCd+4/l8cdHlz14mfnvohnEpTn3L7z/eGY8PsJZX/nu6sVM0sKFLEs9DJgID7MAYVS3Z0Wcy7GYFeXJNiudLvIn4tqR3NSt7JEysDPdg+AEQP5JDgD977yt7IGzGyOGhpO25huOMoJWW1ewJt1K/8H9SU1OrXJpZfPlxsOY+kczohNkm7MJvuFB5rU5Tat2NXatQtXrq1uvXrAsDZvNGTV7ZxILnl/GYQuAiYHjpxE9IhKA/RuWsCAhGecVFcbgiQ8xaWhblk+Lw1llEzCPnM6ccT0r4ufv3EiqBa4dP6UiuQIQ2vN3TBy4j6/8Ib+sTOlfvEZMXGrltTwthgHhfrg7p/P3rOLp+f/D2AoyM/PoPPIxeuz+AGtUDL7vuZbrHuN/K86xUIrZsmIRixLTnDGDrmXy9L9we6dAius4/2qeLU62aje70IjOBANFhWXT3ZwjO5fP4bWMFoRnp5CWCZg6M/bJxxndMwzIZkNt95JuoTX2u82V4Zyq4x7iVHsd3t8tkydiP+SWWS8wJtKZJDKnLOHJ+EymvDGHiNMpvPbiMlIznUfdFN6HiVNiGNipgJUzZ2KNms2Eajmk/Iy61nEe590fv0R0nPM+EhYxjCmxE+hWI6Fe9/Gpqvr1unjBOHK3rODFVxLJtAAEMXD8FKJHOM/JqudwUJiJPKBHfeX238rU6KV0jnmeSQOcZ0H2tjd4LG4fU5YsoKl5SREREbm0qYuQNEr29wewYGLEXbX8Ahs+lEWvL2Bo2bfiImBY7CxGhkN64kJnV6HafoY0ryMufgnx8fHO/5bEk7jdXO0nxDy+XJ1EUpLzv1WrVrEtM7/WMloLzOxKSaHL2Ghio0cSbE5jUXwSxWSwKDqOlPQgxsbMYvrkkeSlJRI7bTn5gLXgLJlp69jRYiix06MZGJ5HckICO+to0V9w1szhtDR6TJzOvNixBKUnM2vuCvKBghNmMtMP02vYYAb26ED6kpkkrNtFn6ho5s2Kpn+zdJY+M5OUws7cM3kwABHDJnL/oC4U5hzBciKH8F43EwaYIobx0L03uCShAnveycSREQD0Hx9FRKiZJX95hnXpAYyPncWsmChsaYnEzFhFMbBhfgzLUo4wcvJ05s2LZVi3IpKXvsKW/LL93pXM4RbDiY0dT2drOsvi4jkUMZaY6LGEWw6zdNW2RtdBzuk8cmyVD5nWghNYTpR3FzECFvLChzNrXiwDWx1m2dyZbMl2jV9eF5DNu39bRJrxZqbHLWL6xIEcTn2f+Sv2VCybngYTY6czeeS1ZKYu471t2YD7ekmJn8Oy1MMMHB/LrJjh5FXvq1bm8jqORVO2WVW32ycwZ8a4isSLect7rMuDju2CITcfK9C+beWv8Jd3jwCOcDIbQns/SPwb7/D4/bfUfMhvBpbUZTzwu98xKXoSEyY8xsZTEFprMw0jYOa/by1nxfLlLH8jnpinl0LQQEYNCKM4I4nH5i7jdMdhTJ83j8nDupGybBYLUzIhfwsLEpJpNWwycYvmMbZPEclLZ5GSHcpNo4YBzvP6nts6u2zRVlAIBHH7TdWTl34MjZ7DjAm3E4izhVtmaiodxkYzPTrKeS0v+V+957StMAuzJY/MzHYMG9yf3p1bk3PCTI6teY1yVZ5jsGfFTBYlpjmv03mxDAzaRULsTLZl13/+Vat+zPt2sHPnNrZt28aWLRtYMjcBM9Crd5d6zxFrgRnzrhQyw8YyL246w9qd4P25c0gxw7a67iXmmvvdt0//Ou8huKnDtFaRdCaPxFVbypbM59PVyVjCuxMRuIe5sfGk2iKJmTWPWTFjaZWZRvyLq53X/Qmzy3Xv5H4dYzMw70ojYnwss2KiIH0dz5TdR1yi1Hl8XJerfr367F9B7KJETnccRuy8WYwf3I6UZXOZk7Sf/D3LeSYhmWZ9opg1K5ZeOBNotvrKHdaFDiYLyWs2l13XxWz+7zosYd3pouSKiIjIL5ZasEjjlHWNCAwun5DNkuhJJFc8mJoYFruYCc5nfwq5nAnTJrIxeilL/7mcAfN7ULNtionsQ+lU/Y6cl0uNNtopictcPg9scxN9w2v2GbIVgal/NNGjBzonpG8kbtNRju/JJQ0YOWs2oyMDgUie5QeiEzayPXucs7sK/fn7NOcDb8T96aTM/YqcAii2ZpNT/sszRkLCnNsJGhzLpKE9gZ5Mm3yE6IRP2J59BzacZXh8wkAgg/m/M2PqH820Mc4yPf6ckQcmLCJ58/fMuas3YQnJhPUYQM9ugWzb6NxGQLcB9A5ayuawHgzo2a3aXobSu0c4rDnLLbf1JWDPCpLzICLqXm7q0gobd3DvsK0sWvc/tmbfRYdbJzP59s7c3rcd2eYsIrp1ZN0uMzZbec6rPzOmjXE+qN+8nrjkzkyLdv46H5D+P+ZuOoCZoTUe5N3VQe3KM2w2oD/Plm0zcnYMOyYsYutuMxE1WvUbK9bgdCbph09yU997ies0BGOrtnDIudTYuDkM7QT0DWLLmliOHT5Jsf+3burlJnZ/acY0MIboEX2BvjxbdJzohJoPzYHVjkW28yA1YZujGVjHw1dmyhJi4pOh80hiRkeSv2cHFsLo3LbyHK88A4HAUOfxyLdR5BLpND/kAuTRa+J0fnddMz5780USE56hdefljO5Ue2eY9E3rOeHri9Wah8UCWI6xLyOfk5+sx0IQ4+67izb+NjqMGk3/zbtIXf0Z+T2ciZPTxw/y/ZnO3Pbg37nmNFwRCn439iAsfh1hPQYQWe06PX3KDLXcCaorv5YfL7uW/7j7E+K+PEEOxW7P6XJj501ndDc/IJv4V5zTOlUr17aKGs1m0+n7I2YAACAASURBVCeHIXwYY+7ogbEQRt0fRcrcRL5MP+us89rOv1oYgfQ1CcxdU3VqOFHRUxkzIIxit9fr6Ip70Yxpzmuw2/SH2DxhEWnpX2NNrutesoceHarvdz4l61bWcQ9xV4fhDI3qTGrix2wrHkrfrC2sz4T+0XcQWAwjJ07EGDmAvq3BnGWjTwRkHsmqe5yU4lZu17EVQdDA2IrrcFpRBjEJn7A9ewyVtwN3xyebvgMqL6zq1+u2JS8CfZg9ZwKdALpNp/DwOBI/3Ehqv6+oev+LfC6W9AlxDSh3OHf9PoKUZWXXNWmsToc+E4eg/IqIiMgvlxIs0gRmDn+fz4DIQCCAm383ntZ5YCw8wLLEVAqrPuHYCiFsKFPHfsUz76/hhXetNRuxBA1i9qIJVH0E27kkmrmbXBYiZsnrDGjIN1crdIu8vNpEI47CAsBEhyoPrP5BAWVzAYrAFFDxhd5mpWJe2muTWJRaGW3ykiVghcgel9ceq2oZ8k9jBvrdGFEZILALNwTBpiOnwWp0PiDbCsGlFso7GdQ+2KKzfEXYbFCQ6/wFPj1xLpMSqy4VjhE/2raCFS/GkhBXdV6Yy35XHhfXz9ayvap1DAR3dVBD1QfqIggLqVzON4BWwOH076F3beuGcu/UyWS+mEBiQjqJAEGdGf/4VG4CIIg2"
04:29:08.909 [Forwarding screenshot on session ed2d6660-f69e-11e6-a414-872b36aae4a5 to remote] DEBUG org.apache.http.wire - http-outgoing-0 << "FUm/YNoHwcasXPf1cvYQOyzQ7YpWFVNr6ZlWprZj0YRt1hF9y/IZLFqTjunaKBbPGON8QGvVFhNm9n2fT9/Ixgw+1IoWvkDHiUQPdXaBGPPIvXwyYRFHTuZApxppMqqPwVJs3sLc6EUkLN9C7GXOFi5Ln4l2Xa1ZAYWhA5gyfjsvLksmfpezy1rYtcOY8pcJdMNWx3kNrTqEA0fIL4TqT6PmnSl8W9CKGwa0rXktlw3KVP857fx3m7a1JJOsdZQr/xiZeUDeOmInrXNZ5Vh6NtPrOP/Ca7kn2YCB0fFEDwwj37yNl/4aR1oetOriTHLUf45Uuz4CLyfSBHu27yEIN/eSDtX32909xH0dRt5xJ0GJ8WzYaib41MdYiGD4QOe5E2w9wMKYpbiu5macFL8wt+vYrBDZu0vF5OBWLYBq9xG3x+cQrn8cat/vynh+RHQPgxNgNDYDrJVLBkbQwwQFDSh3p9t+Q9iyOJI3Z3C57zryCGfYbdU7AoqIiMgviRIs0iihXXoQRjJrlq3hzgXjCMWPyIEjiAQo3sbqxNRa1+s2+i+M/PJh1qxzfjGOcPnqbKP6I5i12m/yjWEDAiqb2FSZYQMsnDldXNFXwlZYULGOu0EUe/x+HtOH2souGH8uD4WDvnD48Gko639fWCWWSxkCgwkFvtyaTnTZshSf4nAedOvaFjhd94atlI9CWjcjGAOcywyOXcKkss7/+Znb+GxHIV0CMnltUgK7wvoTG/cHIjqFwbYlTIj7yn3chnBTB0bgXJXDmHc217VVUq6tss6tBZymPFmzvZYNZXP4JNwzYzmR/lns3P4V7y19n2ULV3P15JpL25xFc18v4WUPrUdzK9YzGqt3oqiinmPRoG3WCF/M+oVPsDTVzLVRscwYU6XrnX8QwUBGZi6UJVjSv/wKTL3q7YJgrChwLYV0u46TX1gE4UGQfuQIZ1vkARHMWjnHeZ0D+7dsIMPWhmbZ+znt35tnV0ZjzNzPjs9WkLBmHWu338Xj5YkyY82BRkPbXkkQyXz44QaGPn57lTlmVj4fT4qlD90HPFj3tUwmrz1T3zld5HZ/a5QrsA1hJkiPnMzKaWVlKs5kwyd7aNUrjMOH8mo9/256fUKNFgtFVSo0MKwv056NJjo6noSY+XRYOY229Zwj34Pr9ZF/ksMWiOzdnYIta93cS9Jr7ned5209dRh6I6Mi4lm2Mp6zuZmEDY6hG5C/8w1mLUuh8+CJ/H1UX8LDQklZeB/xtfeWcha/nnWMwLFjpynPthXm1HJfdnt8qiScatlvm63m35NTx81ABEW2IlwHtj5MugW6NGRfA/syoo+Jpavf4A3SMfWfTM/zNlqyiIiIXIo0Bos0TugApozvA4fXMCl6Dqs2bGHPnp1sSHqDqROdg0caa/0yH8i4qRMruphU/33x/L8Ip/qTlY3mfQYRAby/YBHbMrMx71nPgvhUMEVyeWjlcrU9kwWGd6NnZCSRkZFERnaqGB/CvGYZSTszMe/fwML4VAgfRI8qsZy6MaCPCUvqUt5I2YM5cz8r4l7kMNCte+1dDJzlCOXKSBN5u79gy/5aBgex2YA80r/ag2/PQVwLJCe8RMp+M9kZW3jh6TiWLUsm16/Q+Wtsi/Zc3i6Ewv0biItLBppV2dfa95t65rutA19Ie+9ddmaa2bk+noQ0CzQrr5UgsCTzwootmM37WfHC6+QRRJ8utQ0ZasNGLv+NT2DWnNfYWehP54gutABoFVJjXIlyViDQbb20JjLSRF5KAiu27MecsYWXEpz1UlM9x6LB23RdPnP9IpammiGsP7d2KGTDhg1sWL+elJ1mCLyWX3WGXUv/xYaMbDK3LeeVlDzCBvWrc2DV8rIOGnUtpC9j4aptZGdnsOolZ/32rLV+nS1Uvvh0AykbNrBhfRLxM54iOQ86D7mZ62+5CUhn6cIkMszZ7El5g2cWJbA07TR+J78iIWERC99IwRZ8BZ07XFYZsqwl27Htn7E/s9ogGeG388DgcPJSE4hZuJxte/azf2cK8VOfJMUC/SePqzIgcM1rGRpyTteh1nLZsBFGj35BkPYWSzbsITs7k6TX5pOwbClpuXmNPv9chA3kiYl9gDRejE9pwDlS/fpIwEwQkV16NfJe4u68ra8O/bjtN8PAnM5hi4mhdw1wWbtFu3BahxjZuT6e+FRLQ3p81bmOMRgOJ75I0h4z5v0biK/lXur++Ljf74h+NwBp/DN+PZnZ2exMWsjSXRA+9BZu7HcTkEr8GxvINGeyPv69Gq8zd7evA0YMhbx00vNg+PCby6bms2HJfJas9+hF5yIiInIJUgsWabRuI6YRF7SChGWJvJ+wq2K6Kexaxk4Zx+i+oZDv/A7qkmwJHci0ybuJSUgpm2AkJABqb6zSrNoYLA349l4Rtfpv980g2B+jXySx8yYyd85S4mImOWeF9SFmxuN0Ak6XL1d93TrYiiAo3MqyuTEsK4sVO2McoWTXKMPt057j5Jz5rImfhbMNTxDDouMY0y0Q8o0E1VZeoHOvXpCWyqJnztJq5RyqjqIQevlVhJPCuoRZFDZbQmxcNHPnxhNf3pXD1JmJ82LpRiC/GduHXe8nEj3O2R8hon8fTKlp7E4306/GftdS9zXqpb46gLvGD2NT/DrmxqQCQYQHQaaxvAuWDYI6Y05cRLSzvwUjY/7OwDDI/t5Ypd7Lt92JB2OjmBOXyNzosvMn6FpiHr2LgDPv1nqcgv2NQCc39eJHt2nPcXzG30hc9AyVPTVqT/dVPRbPTO/UxG26OnSg7FHOnEp8lT5opv7RDOw5kNFTp7N/5lwSYp3nqyliJNOqv54FY41rrdOIWKKz5hL/fhyp7wOYGBb9HLe76b2Q+n4CFSUwhdFn5L08MiaSQCKZNb6Q+cuWEZvqHAcpKGIk0x8ZiJ9fMdHD9hG/Lp7odfEAhPUZyx8GhAE2bupsYl3yMuYUBPHO4wNdtjdg0mxsxpdYum4Ncanlg5WEMXjiNCbdHg61XEfOc9Mf6Ob2nO4dUPUcKq+lslihXVzKNSWg8vweGP0sp87NITFhFsll6/UZG8uEyGsw13H+1dZgoba7RqehjxC16WESU+JZMeQNt+dI+ZDSu6pcH8Ni/s7QcD9wcy/J31lzv+u+h7ivw4EDwgjsO4T+pnWkthtOec+XwJ53MTJiM2uWzWLcMoBw+vQJJy0tnUP5rvff8n/Xt45zN4pYNiu67D7Sn+mznfeRQzSD4BD83R6fml3oqu73vJVzmD62gLnvLyUmZSlQ9tavcT0JpSfTo35gbmICMesAUximstLXV+7QQAiMvI0+rCEtaDC3davsmnVwUxqbbLcyaWj1q15ERER+zrwcDofjQhdCLl352dnOXzuNAYQGXipto4vJNudgM/oTFtqYsS2qyib+vkkwZQnR14K5wNigWMXZ2eTYICQstNYHs9pXyicfXwL9GrZGttmMzWgkLLRax4X8bMyFNvxDwjg/h6oBdVCcjzmnsO5tls8PC6NhR6Lpx67OegHys80U0oCY5+tYNJIzTuP3uTg/m5xC8A8LbWD9ug2GOacQo39IzWvd3bz6A5Od7ewSEhDaiOsCfoRzuqxE2dnk2GqLez7uHa5qO0e2LXmAuK9uYsnrE8CcjbGW49eoe4m787aJdei8Zhp3bte3TnG2mRybkbAw9zHrPj7VF6y23xXnaRg1Dl/ZvJCwsBr16bbcxTuZOm4ujJ3HgtFKpoiIiPzSqQWLeCTQwwfHC8OP0DD3nSwaxALnCm3gF0ZYAx9M/EJD6+neUdtKgY16OK5z3wJDCTs/z4SV6qsDv0DC3G20vvk1V2jysXO3XmBoAxM85+tYNFJT4/idz2Pu7lg1+ji6rExo7e+Prt+PcU7j7jo9T/eOKmqLZ7NZIS/HOfxwHcmGRt1L3J23TazDBl8zjVjHLzSsQfvU4H2vvt9NPIdrL3cx6xdOY2lqJhBO7B1KroiIiIgSLCJNZKTHyGGUtK05gOcvh+pA5MfQtsdwhrXrTMiFLoi44Ud41y50Nodx871/ou+PkOgTERGRS4+6CImIiIiIiIiIeEhvERIRERERERER8ZASLCIiIiIiIiIi"
04:29:08.909 [Forwarding screenshot on session ed2d6660-f69e-11e6-a414-872b36aae4a5 to remote] DEBUG org.apache.http.wire - http-outgoing-0 << "HlKCRURERERERETEQ0qwiIiIiIiIiIh4SAkWEREREREREREPKcEiIiIiIiIiIuIhJVhERERERERERDykBIuIiIiIiIiIiIeUYBERERERERER8ZASLCIiIiIiIiIiHlKCRURERERERETEQ0qwiIiIiIiIiIh4SAkWEREREREREREPKcEiIiIiIiIiIuIhJVhERERERERERDykBIuIiIiIiIiIiIeUYBERERERERER8ZASLCIiIiIiIiIiHlKCRURERERERETEQ0qwiIiIiIiIiIh4SAkWEREREREREREPKcEiIiIiIiIiIuIhJVhERERERERERDykBIuIiIiIiIiIiIeUYBERERERERER8ZASLCIiIiIiIiIiHlKCRURERERERETEQ0qwiIiIiIiIiIh4SAkWEREREREREREP+VzoAojIz0NJCRzLLsWc56DI6sDbAKH+XnRoZSDYX7lcERERERH5eVOCRUSazFriIGVvCcl7bOz8vhRbSe2JlCtaeXFrhDd3XWekdZCSLSIXi/8cSq74t9Hgw/BOt124woiIiIhc4rwcDofjQhdCRC4tdjus22njzc+LOVvg1eD1DAY7o/v48sdbjfj7KdEicqH1XRFV8e8AbxOfRS2/gKURERERubSpBYuINMrpfDvzVhez65gdaHhyBcBuN5C4rYQt+0v5e5QfncO8f5xCioiIiIiI/MSUYBGRBvv+dClPvVfE6XM1EysmX+jZwcDlLb1objJgK3Vw8qyDb4+XYs51XfZEroPYD4pY/nAAJmPjkjQiIiIiIiIXIyVYRKRBfsiz88R7RWRXS660a+HF+JuN3BphxM9Ycz0H8F1mKcs2FfP1YWePRF9vBzN/a1JyRUREREREfjaUYBGRepWUwN8SayZXRvXxYdLtvvj61J0o8QIiw72Zf48/n+62kfCplVlRJq69XLcfERERERH5+dATjojU6/2tVvafcp02YaCRP9zk2+AYXsCQHkZu7W7E1PDVRERERERELgl6jYeIuHW2wM67W4pdpg3p4c29jUiuVKXkioiIiIiI/BwpwSIibiVtL8FWUnmrCDZB9BC/Rr4/SETEM3uPlzL59SKy8uwXuigiIiIitVIXIRFx69NdJS6f7+5nJMDvp0+vlJ45Tcm+73BknwbAq2VrfLpfjXdoy6YFLD6FPe9rKC7r++TXBq+gvnj5hSme4l1y8Y5nl7L/pJ08i4MAPy8i2hkIDz2/r0G3FxdTkr6H0uPHcJTYMLRoifHqa/Bu2fq8bqcuiz+2csBsJ2a5hUXjTLQO0m9EIiIicnFRgkVE6nQix86JXIfLtCE9ftrbRvH2ryh89w1Kdm6vMc8O+F3XB/9xD+B73fUNimc/s4HSjPl45abUnGcHr5aD8O74NIbQ2xRP8S76eKkHSlj2RXGNMZIAenQw8OgQXzbvL2XdTmvF9OfGNKNj64YnX+x5uRQsf52ij9bgZSlynQf43jCAwAen4NOxc4NjNsWc3/kRs9zCyRyHkiwiIiJyUfJyOByO+hcTkV+ilL02Zv+n8sGsXYgX7zzs/9NsvMRK3uI4itf9t0GLm4b/lsDop8CnjgSQ3UppejSOk281KJ5Xuz/jHfECeNXy7mnFU7wLHM9a4mDhRxY+/dZ9dxlfg50rLjNwoEoCJmGCia5tnAmWviuiKqYHeJv4LGq5y/q2vd+SM/MpOHvGfYG9jQQ+PQvTbXe4X85DWXn2iiRL2xAvJVlERETkoqIWLCJSpx+qtV65olXDugZ9c6SEb74vbdS2el7uTa+OZbcku52cvz+NLfWLBq9vWfsf7GfPEvy3+WCo9sDlKKVk1xg4878Gx3OceI0S2w/4XLNC8RTvoopnd8DsVRZSD9Y/FonV7ppcaQzb4QOcjX0YryJL/QuX2sidMx2vZv749bupaRtsgNZBBhaNM6kli4iIiFyUlGARkToV2Vw/+/s2MMHyfSnvbCqpf8Eqsns5KhIsBe+9WSO5YriyO/6j78HY/WpwOLCl76Fo1XuUHj5UsYx182cUfLicgHvGu6xbmjG/5sNtQE8MVzwGgX0AB468bTi+XwwF31Yuk7WG0u//iXfHpxRP8S6aeO9uttZIrnRs5cXv+hnp1tZAqR12Hi1lxVYr2QVNHC+pxEre3L+6JleMPjT73Tj8Bg3FENqS0uPHKPrPCqwbPwHA4OUgf8EsfN5YiXdISNO22wC1JVmW/1Qt60RERETcUBchEanTB6lWXttYmWW5pbs3s+421bveW58XNzrBcvvV3vx1lInSM1lk3zsKSiu363fXbwl6tJbuPyUl5C56Duv6pMppRj9C31+Dd0goAA7LSWxbumJwVHZ18mo7Ee+IF8FQLZ7DRuneh3CcXFYxyW5ohnHAQbz8Wiue4l3weKfz7dwbX0Cpo7LFxpAe3jxxpwmfasOq5BTYiX2/iEM/uE5vSBehoo/WcG7hvMqiBTSnxfMvY+waQXV5i56j+H//qfhsGj2WwIdjaix3PlXvKqQEi4iIiFwM1KZWROrUsrnrr98nzjau209jGMueNS0fJ7kkV3wiIgl6bGrtY6v4+BAc8zSGrt0rp9mKKf7ko4qP9pNvuTzcEtQP76v+VfPhFsDLiHdEAjTvXTHJYC/CfuodxVO8iyLe/3aUuCRXuobBE3fVTK4AhAQY+NtoE940/rXGlo9dxz4KmhJbI7lSciKTc0sWU/zZpy7Ti9b9B3thQaO32VC1jcMiIiIicjFQgkVE6tT5MtdbxCGznYLi+hu93XaVDzN/6+v2v7v7uj5gBvs7kznF21Jdpvvf+6eaY1pU5eNDwL1/cplk/aoyhuP0Jy7zDB2ngpebN6gYfJzLVGE/UxlD8RTvQsZLPejab2/sAF983Fwe7UO9uSWijoF362AvKsS6p7KrkldICKZBQ8pm2ilO/YKzTz/GmfGjKVr5LhScq1zX2xu/G2/FUVTYqG02lAa5FRERkYuZxmARkTp1au1NsAlyy4dh8DKQsreEO69z/8DWsbV3va+BPWgudvkcHup8SLIfOewy3dir/tcv+/W+gfwqn21HK2PYC/e6ZJK9WgyqN56h5a9cfvN3FHyneIp3weM5gKM/2Kn628j1nep/3XKvTt58lt7w1melJ49j8KpMpPp06U5pXg6WdUlY1iZiN5ud5axa5svaYBr+W0zDRuLdIrTB22oMJVdERETkYqcEi4jUyWCAQZE+rE6rHE9lxVYbQ641uv3VvD4OYMsB1we+q9o5A5YWFVY+uJmaYWhW/9gKXgHNwdtY2bXoXOUv6tjyoKynk90rAB+fgPoL6BOM3cu3smtHSa7iKd4Fj1da4nwrUDmjj50AU/0XYmhA4wa6dRS6tj6xpe/hzO+H42V3HVfJDvj27Y//b6Kcbw5y19LsPJixsljJFREREbmo6duJiLg16nofHFV+T8/MdrAi1epmjfptO1TCkazKX8jDgqHjZc5f4r1MzSqm24ss2K3FNdavzl5Y4DJui1ezyhh4V3mgdRTiKK0/HiXnXMfN8G6ueIp3weN5++Aynoq1BKwl9XfZa0i3vqq8qic1C865JFe8mgfS7PfjaLlsFS2eW4xf/1t+9OQKwGO/9qVrmEHJFREREblo6RuKiLjVoaU3d/Z07RL0xmfFbNnfuLcElTtbYGfROovLtOG9jOU/8mPscEXFdIOXA9u3O+uNadu1w+Wz4YoqMQK6Vf4bB46cTfXGs+d87hrPv3IQXcVTvAsVzwvn9VjOCwN7Muvv+vPd8cYNcuvdth12R81WLz4RkTSfOovQFR/R/MEp+LQLb1RcT13V3puEB5opuSIiIiIXLX1LEZF6PTjIl9DmVX4F9zIwK7GI9btsda9Ui5Nn7cS8Y+GHvMqHtyB/GNm7sreisfcNLusUrVgG7t4mb7dTsOIdl0l+fW6sLGrLwS7zSo/+E2cnpbrj2Y/+02WSV+jtiqd4F0W86zu7jrny4Varu2jkFtr5dHfjkqEG/wB8I69xmWYaPZYW8W/S7I47Mfj51Sx2QQHW73Y3ajsiIiIiPzdKsIhIvYL8Dcwa3QxfQ+Uv4aUYiFtrZcbKIjJ+cP8rusXm4N9fWZn4ehHHsl0fB58Y"
04:29:08.909 [Forwarding screenshot on session ed2d6660-f69e-11e6-a414-872b36aae4a5 to remote] DEBUG org.apache.http.wire - http-outgoing-0 << "5ucyjoRp2G9cBvi0pX1FwbLXak+yOByce+MVSndXtmCxe3tjGnJXxWevtvdjr3Kr8zqbTOnhOdT+kOug9PBMyPmiMp7DB0Pb8YqneBdFvOG9XbvsfXXYwXuba0+yWEscLEgqpqhxeVAATHeOcvlsSVqFLX1PrcvaLRZy5z3D2SkPkJ/wAnaLpdblRERERH7uvGfNmjXrQhdCRC5+lwUZ6NbWmy/22iit0n3gWLaD/24vYduhEk7l2Dlb4CAr30FGlp2vM0pY/bWVFz6ysvmAnZJqeZgHbjNyVy/X7keGwCAc585RsrfyNbG2Xdux7vsO75at8AoJxWGzYt29g3OL51P86Ucu6/v//j5Mt/6q4rOXsQWU5EDel5UL5XxOaV4aXr5t8TJehsNuxXH2C0rSo+GUa2sYQ8cnMIT9VvEU76KIF+xvIK8Q0k9WJll2HLVz8FQprQK9CG5moNhmJy2jlGf/a2H3sZqpl+G9fGjZ3Jn0eW3PhxXTfQ0+3H/1aACMHbtQvOUzHGfPOmfaS7F8+jHgwNCiJZiaYc/Pw5r6OXnPzaD0u2/xAkq+2411cwp+w0bg5a1x9EVEROSXxcvhcNf2XkTEVfqJUv6+qsilm09jObDzyGA/7r7Bt9b59uJicp96mJJGdjnw7tGT0H+8BD7V4pZaKEkbAvlbG1fQ4Jvx6f0xGBRP8S6eeBabgyeWF5F+sml/vhMmmOjaxtnVqO+KqIrpAd4mPotaXvG55PsjZE+ZgFfVt3I1QMCUqfj/5u4mlU1ERETkUqYuQiLSKBHtvHn1AX9+09sHHI0bPBMgPNSLF8Y1qzO5AmDw8yP4ucX43DCgwXGN/W8hZN4LNZMrAN4mvHutxRH664YXtOVd+Fz335oPy4qneBc4nsnoxfx7TPTq2IA/4Q47HUKblgz1ubwjLZ5PwKtVWIOWdxh8aP74M0quiIiIyC+WugiJSKP5Gb248Uof7rjWiAE4lVOKxeb+Ie6qdl786VZfYu400Tak/gdDL19fmg0agqFte2yHD8K5/NqXC7+cwIcfp/kDD+PlW3fSxsvbD++wMdCsE46Cb6HkbO0Lmq7E0G0h3l3ngqHmYJ6Kp3gXQzw/oxeDrzESGuDFIXMJhdaa11+7YC9mjjZR6oD0E5XJ0JF9fGgR4L6LUDnv0JaYhg4Heyklhw9CSc0Bc+2Ab/9bCP7bfPz69q+zzCIiIiI/d+oiJCIecwAZP5RyyGznVK6DwmIH3gYI9vciPNRARDtDxQNd0zbgwHYgHdveb7Fn/QCA4bIwjFddg/HK7uDV2F/oHdjzduDI/RKKjzsn+YXjFdwPQ9B1gOIp3qUTz+6Ab4+VsO+kndxCB81NXkS0M3Dt5T4YvCAuycL63ZUDIL3/SDMuC2789Wi3WLDt2k7J4YM48nLAz4RP+w4Yr+uDd6vLGh1PRERE5OdGCRYREZFLUL7FgcHLQYCf+2TJQ28UsP+U89/eXnY+ig3Ex9vtKiIiIiLSBBriX0RE5BKy/2Qpa9Js/N+3NkZc78vDg+vuSnQ0q7QiuQIQ0c5HyRURERGRH4kSLCIiIpeIH/LsTH6zEC8MgIF/b7XSNczAHT2MNZYtLLbzj/8Vu0wbeJWyKyIiIiI/FnUREhERuYT8a30xq9NcB5sdHGngrl5G2rUwUGR1sPuYnfdTbZw4W/knPsgflj/UrN4uRSIiIiLSNEqwiIiIXEIsNgdPLC8i/WQj/nzb7fz9d824ubsaroqIiIj8WPQzloiIyCXEZPRi/j0m+nRs2NuGDAY7T44wKbkiIiIi8iNTCxYREZFLkN0O63fbeG+La1egcgYvOzd1M3L/rUY6ttbYKyIiIiI/NiVYRERELmEO4MgPpRwy28mzOPD18aJNsBdXtfcmwK9hrVxERERExHNKsIiIiIiIiIiIeEhjsIiIiIiIiIiIeEgJFhERERERERERDynBIiIiIiIiIiLiISVYREREREREREQ85HOhCyAi0hiWff/hkaffIey3z/DsfX08iFTM58t38e76XCwY6TPiSh78fXtMHsRLfn0XKz/LhRB/ht3fg1F9Mnpa1QAAIABJREFUAj0oX6XdH27l+a8CefH5SIKbGiT3FAmvHMParPx1vaVYfEOZ9FCXJsc8vjWdxa9nctTiTZ+hVzJpXIemxbKc4c0XDpPfzPVVwpYiI8Me6kGPJgUtYeuHu3gzKRuLycRtY67iT4NbNiVQmfLzJRtLSDC/vT+yycd39/ItLM2/gsUPta+caMkh8YVvSfraQkj3VvzxL9fRu7UHxb1U5J5i7pN7OUYzJj1/I73LjvW+1dt49t/niLz7WmJHeXLcAMsZkr+EwQM9jCMiIiJSDyVYROTSYdnNX6NG88a3cE3EQzzb5EAlvPvnJGJXwNUjW9P59BkWTMzik/TrWTuzY5Mirn5yHY+8WsLVI1sTuukEj7x9gu8/uZMpN/o3uZQA7NvDxAczOdapHeegycmQrG+OMOfZTJdpjiFGJj3UtHgZH23h5ntO4OgTwoiWuSx++Es+z4S10zo0Plh+Pu/NP8p3dtfJDoMP1zzQgx5NKN/W+Z9w97OFhA9pSUTmKaaPPkXGB4OZfWdIE6JVHt+QIS25PjOTRwZlsj/pTmIHNu74Hk/exq8fPkH4o+2qTC3mxd8ms2AzDP5jS5JfOsjKl86y/tQgejQ943dpsFpIWXmG7+zwTfABvny+KwDHtplJXmMhPSzfowSLZV86I/p9y4mJvdijBIuIiIj8yNRFSEQuCVlpK7g34loWfev83LTH5DK5J3lrJfT6az8+fWcgS9b9hsVjDGxfmElGk+Id46WlJYQ/ej2fvjOQFTtuZbgBliSe9KSUQA5zJ+8l0w6EGPD1INKhb7JxGFqzKS+K42X/nUi8rokJm3zefOYEjj7hbNs4mCWJw5k7BLbPP8rxpoRr3ZFPcyrL9d3GKwHoPa0PdzapFUchySsKcQzpTkriIN7eOJg/hMHS/5xqSrDK4/tgT/YkDuLtjXcydQi8MCud3AYHKeHz11O4YfRRAIKqzLHs3s+CzRC1dBBv/2sQWz7ujJf9DO/8X37Tynsp8QW/sn9mvrqThN0lzsl+zq8nQX51rNdAxady+M4O7YI8uXpEREREGkYJFhG5BGSy6O57eP/oeQrn58fAESHcfcdlZRN8CO/gC+RxrOFPzJWCQ4j555XMGx9eNqEZweehe8fn87fw8g4Tw4cYIMeTSCVkflsI/QOxZp5he9oPZFk8CJd1hvUZ8PCsa2lvKeR4lpXh/7iVtV9cQ/v6165HPv+aeBBHWBv+1ZTWMACUYj0HtDCWdfnyxdQcOGuhKbudu/cU39nh7qjLy6b4M2hYCOw4xc6Gni9ZRxkbk0WvP7ahlwHyqsw6uvc0DkMgY3/jbGERfGNXHgiD/20+04TSXtpmT/marNpmZB1nZtRq2gcl0j4okTFP7uY4sHt5CpFdV9Nv0Ea2WoB9exjeazX9uq7lxbe2MWSks9XWnne2ccefdzciISYiIiLSeOoiJCKXgFb0vHcCs/r+hQdC/0eH2572LJzpMqa/M7jyc+5xXllogf5XckOTmnQEcucD1wElJL+yhdc+PMEmM8z94xVNLqIl7RvGPlvIuA8Gc8+BTSTtbHIooIj0r8Hr0GF+dfVhwNn9Ztqa25kysPHjiGR9l0WmHXYv/Yz2Iwqd8bq0ZFnSLZ4UEoCM1dt55RD8Jak3nZocJZA/zGvN6xO/5Q6Lmc5FZ1l7CP7yQrcmjbHj18LZDejcudKKaQVZVsDOOWsDg7S+gk0729Kpky9xm1bzdpVZx3bmQqc2dKkonDfNw4Hi0ppxfua80jKZuzqHP7pch2eIHZDKu2YIvymECEseya/uo2+ugcOv9eTufybzetoZHvvzJq7LPMWOQxD+YCQP9rHwbnlcs50TZy009HCJiIiINIVasIjIJcDEmGdf52+/7YEfxec3dNYxJl2fyqeYePnlazwY5BbgHAe/K8bU0pm7/ux/mfUsX5cfmHr7QUL+2JO4O0Owlv3s3uRODrl5HANufvQqvvohiu++68+4XiXMH/kl25vUksX54P9Fki+vbR7KV5t7cse5M4wf"
04:29:08.909 [Forwarding screenshot on session ed2d6660-f69e-11e6-a414-872b36aae4a5 to remote] DEBUG org.apache.http.wire - http-outgoing-0 << "9FXTulhVyOHNp7Jw3NSZSY0c28RVIbt3FgDgZ/LG1Mw59dDBs02KZure3tnFKOr/ePHDI6x+ZRN3P+tMLDX8mPjQqZM/YMUKNK8yp3mgD2TYqzz8+9N7gA9nN2TV3prjZ8gx5ApemuPs+Lfyqa9ZfbByXlbKAd41g8PQksXLBrPkjZ70MgArj7IpK4TZST252gCZa06xNg0cfdrxwfNdMfXowSdrnK3Krn60H3sS+/JLGDdYRERELhwlWETkFytr6276df2SpKxAlu74NaM6edqoL4TJ/xrE24mjePtJE5/O/5bPm9AnYevir0m0w/XtLby7fDerdlmBXJa8ks6+piREgtuzZEcUK+ZF0t4EweHteeqZdsA5TjVlmA+b83+/e6sfd/YIpH2Prjy7uA1k/cBeDzIClrQjvG6GiU90bfrbkgAyvuexfxUStXQQa1+7mcXvjOL9v/qT9MSOJh0PCCHu65t5eEQJCyZ+zcOvWnjs0RCg5Ly0iDiXXwKtq46xU8jWj0rocGebX05C4AwMeqwffwgDL3MOr79dWGMRL/sZ7u6SSJeeO9hhh/JkFeFdmTOtMiE37qkeFa2fKo/PL681kIiIiPz0lGARkV+k48nbuG7IPs4NvoLNOUO505PkSuYRxoSsJiGtpGJSl4gAoKThXUhcNCO8i4n0FYd48Z+HePcTO17mfF5YmMnZpjTgyTzCH3utJSGtcmXrOWeWpCmtYlr3bE149b8e1tImxyv3zaeZOAwhjLrZs9dbZ33vHLDmqqsq0zQ9+zsTIk06HpZ8Vr93ilufG+UcHHjHYG71swCtuOo8ZEC69G0BWVXHc7GSlQHnflFdhEqxEsjsD66scwmHoSX//m4E3+zsz4w5nZn36nX0DAQy0nlsfmVCZvm9X7K1eiLNzxsRERGRH5sSLCLyy5N1hElRR3EYDEwa15q9qw+wevUBEj88REZTWoi0MmGihNlPfsXWjEIytqYz7cEz0Ks9fZvwAH7jY4P4csdwvtwxii93jOLfT/rgCAtn74HB3NiUph2tTFgyLMx+Ms1ZvrR0Hr8/C3q1p2dTEgSt2/KH/rDy/i0kpuVzfPch/vpUFvTv2KT9dSrmqxQLDG5VZSySpmndryODDTB7yld8nlHI8X1HmPmXE9D6sqbtr8nKuqcPcs9ftrE7q5Ddq7dy9/MWbnmukwfjxFTqNOgKIinhsSe/YV9uPqtnf0miHR4dG17/yj8jVsDU5zpee9T1BGg9sDPDDc4WLHMX7ODNhTuZM+MwzzyYQbYph5mjvyXTDlc/eAV/uAm87DmMfuAb54C2Nue7v/e8k8bwP3/zi+lyJSIiIheGBrkVkUuTB69vzdp5ih128MLOgvFfV0x3GPz5YGgXOjX2Ad/Uhmc/7s6ZX+/j7p4nnLFuasOq13qdly4eVnwg3Lvp3VFMbVi45komjTxYpXztWPtBU8ek8GfKBzdz+p5NPDZovTNel9Z8sKypr30GKCXvFHT4bUvPugcBmNrw/IariL5nL2PL97dLS5au7dPEtxy1ZOaaK/lm5EF+3cX5KqteD15F/EOevzMJgOCOvJqYzfCog/xqhXPwkagF/Zncx8N3FF9iyls/3TnjeoZ/uIm1ZvAL9AYuI+6La8gZ/S2b3s5kB+AIC+TFVQMoWPwZrx8CR1hrFj7flx77/Enpt5fMTw4y88MOLO7bml6GE+wwl7D9a09enSUiIiJSPy+Hw+G40IUQEfl5KCErswirny/tW1+MD8fnv3y5WYVY8ab1xby/eNM+3JNBc8sVczzTim9gM1oH/wi/T1iKycovBV9/WnucZfo5aurxdK7n2yqQYA9bR4mIiIi4owSLiIiIiIiIiIiHNAaLiIiIiIiIiIiHlGAREREREREREfGQEiwiIiIiIiIiIh5SgkVERERERERExENKsIiIiIiIiIiIeEgJFhERERERERERDynBIiIiIiIiIiLiISVYREREREREREQ8pASLiIiIiIiIiIiHlGAREREREREREfGQEiwiIiIiIiIiIh5SgkVERERERERExENKsIiIiIiIiIiIeEgJFhERERERERERDynBIiIiIiIiIiLiISVYREREREREREQ8pASLiIiIiIiIiIiHlGAREREREREREfGQEiwiIiIiIiIiIh5SgkVERERERERExENKsIiIiIiIiIiIeEgJFhERERERERERDynBIiL1yk3bw6T7NpKQnON+QcsZ4v68kTfTCn+agjXVRVvOYt598sKWK3ffEeY+mswdvVbTb9BHTHpmO1szf9oy7P5wK398cg+59S5ZTOIzG3ls8ZGaMZZvYdLsA1jqiWDZl86k+7awvf6N/eR+qmNh2XeAx+7byu5aK6uQxNkbuaPXKu748zdk/QjbtOw7cN6PwY8RU0RERKQ+SrCISL0+fWsfa9ecYfa8A+4fsPLzeXvlGfaeLf2pitY0F205S9m39AzfmC9QuTLSGdLva155O4fQm1txYzis/ddhRl+znuTz9WTdAOadp/h0aS7n6l2ylPSPzrAy/gTHq8fY+wNJC7M4U0+E/GPZJCWd4pS1ycX9cfyExyL/WBYrk05wLL/mvKyUXTz2/Bm4pgW9ugQQ+CNsM/9Y1nk/Bj9GTBEREZH6+FzoAojIRS73GG+9YwfAK+0o/97di8k9at46LIAp0Eg7wPTTlrBRLvpytobgAF8ALBYw/YSF3Lf5JMcw8OK23xDV3XmMY5O3csPoTJI25zB4VMhPUg5fP6CTkeYAlhIw1f2nyjcEwIBvbTFa15xeg9FQ6/oX2k95LAKbG6mrDnz9wGHwYc47g7jxvG2x2jaNBsCX5oEAJZyXryYX6XEVERGRnze1YBERt/YlHWQ7BuYm9WKwAf71dobL/N2rt9IvJJEuQYn0G/Yl39nBF9i6OJl2g7awr2LJEhIfXUu/R/cAObz7TDLtgxJpH5RIu65rmfvhKQBy03ZzR9ePeOzRyvljntxT0XImI/kbxnQtWy9kdcV6UELyKymVMXttZPW+4nrLWZ0l4wiPDVpVZdu7K1tH5P5A3H1rK+YNf/Qbymsjd98hYoetrpgXOSyFj/aVALB18UbuuC+FMb0SaReyioS04jr3w7c5bE/axvCQRLpclkjkoBSSM0qaevga5WxmEc4/C5UtaNoPjmDGg61pj7XeOnB3XBtTB+ADGceZErWa9petds5b/UPdBQ/xrtGywte36kO6+3OjnPPcW8sf7/uoYtlJi4/U283ox+Dpsdi6OJnhj25jZtSqyvpdXd6eJ593n1xfNn0VUU8fpbakRlbKNq4ekomXvYTRIauISyl0f/zdnhvut+llt/DSnz+ifdBq2oWs4rEq9b79w23cEZJY+zWZdZy5VbbpMq9CIW8++hHtuq5n9U90LYmIiMgvkxIsIuJGIStfPwOd2jF6YBd+e5+Bs0sP8HnZuAa5adv59fhMgu67kqSN/RiKs6WLFbjuV63wSjvByuSy8USyjvKPdyxc168Nqx9N5qmX8pi6rD8fb+7HX24r4eUHvyY5F6znCvjOXMjKd2BxUn8W/zWETa/uZUlKIWTsYXjUQb7tGc77m29m3kQfXpm4iYTdJWx/ZQN/nJpF1IJefLy5HxPbnOHhfhv4PMt9Oavv74ujv2alqR3/3jaYfy9tx6ZX9zHplVNAPnNv+5wXkozEJd1M0qorKX7nIDfdtxsLp3iw3w6WW1rx9sZbSVrVnU6pWUz8y7fkAtbcAr5bk0X29e14eGIHbjAerHM/fENgx6unuPqfvfj3B1fSbkcW42fu/Uke8m8c05VISnisbxL9hm1k7uLdJKfB5OcHEjvqsnrqAPfHtRF1AAa87CWkt7ic9z+5nocH23n5/q/q7BrjlXaUx57Zysxntjj/m72FV9ZbcDaBwe25UZXz3LPw6dZmvLbxVt5e0Jq1M75m6of1jD30I/D0WFhzLex4+yjr23bk/U96MbF/CS/f/zVbLfDRMynEvprPAy/3Y21iZ7J21F6G1td15aU5LQF4OL4nI68udrNN9+VpyDa/2OrLS5/czMvTWpBYVu+5W7cyYuJR/B6/iqRtt/LagjZsenUfi5PzgRxmDknl5SQD"
04:29:08.910 [Forwarding screenshot on session ed2d6660-f69e-11e6-a414-872b36aae4a5 to remote] DEBUG org.apache.http.wire - http-outgoing-0 << "c1fdzPtLw9n06j5Gzz5WFtEHX99C3rzvI6a/Xci0pQMY1UkNd0VEROTHo28aIlIny75DvJIGdyzqSDBwU1QHvN4+yuuJP3DrA5exbdX3OAxteOtf19Ee6L0aUq/4EgBTj2481OUgL7+dwfTBkexOPMgx/Fk8IpiANj15OSqUUQODyco8R+/ewbCyAGuVjMc/vhxMVHdgoImk+RvJs5Xy+YoMzhLC2sQb6Q3c+nx/ioOOcnXzfD56NR/HTVfwcFRbfM/Bn/52Ja8POUjyzkKsG+suZ3VWgIPn+GZvPkMHXcf/bb4S3zbBWNL28sohuGPBNQy5OgAr3Zg67QTj5x/i/4515M+vXsMjfTtxa1s4ftLOkBH72L61sGIcEYehNa++NoBOwOfz19axH6V8ngMhD/Yi7oEuAMx45Aj3fJjPGaD9+T/Erjp15dMDwbz5+n7+veIHXplxhlfYhyMshKWf3Mavsg/VXQdZV9FlZN3H1bcRdQB2HIY2rHqtN+2BG548xcvJp+ostsNg4Pj2bJeWC1mZlCVYCt2eG1cZa8abt3YQd3YH+oQy47+rmf3mYWb/vjfB562iG8CjY9GD5oDD0IYP/tWbTkDPv2Wx9NenyM7PZ+uHFkIevZ7Z4zoAHVj11jn63n+6ZhmCQxjUrxkOg4lbR3ThioPf1LnNj5NL3ZSnY4O2OW/tYEZ1B25sxfcpq5n/ygGefKcji5e2pv/vu9Ayq5CAq5sTYijr3peZxb8z4OE1t/Gngf5AG5LYzlcYKMbZKuap2z7mWIYP/9g8jD/08Ptxj5mIiIj84inBIiJ12rTsKADJMZtoH1M5/dP4gxx/4DJ8/XyA0sqWIMGXMbA15AHgz++ebsnLD2awNfdykhfm0+K+ntwY7ENuGMRP2cgjaVU2ZjBVdNlxGHwICy2f0Yyu5TGtJdCpOR0qVmrJ5JktIfc4r2eA16Gj/KrLUZd92Pf1GQa7LWdV/jy6rCcHpuxkzvgvmQM4ugTyj6W3MOSssw1J8tRUrptatdz++JoCCbVm81Cvb8m0V5nXp3wMiBJo7VfeoKLu/aCQz8/BzTdUGV/DD36qsSQydh/nbPNW/GnazfxpGlhyC/lm4x4eu/8oE589yM4xbuoAHy53e1wbWgfwOSXQ2qdin/Nr9uZx1akD767r65IA2Tp7LaPfAXLPcsDNuUH/muFaBJT/y4frBprgdQvn4CdNsHh2LICyOiyvb2tZHfqePsP6LLj5Kv+KVXybUyfneiVYrZDv5hoozXFTngZus2q93zDQBK/bMLT6//buPa6qOt//+IstAhkIilsZQQ3RQ6YMghmYqNmQmT8dHaWpJi/T0bI0teaYNmPjeYyXjjpODTqmOfgrQ08X0aEHHkeLMggLU0AGDfmJkoEedIeyhWizxb1/f2zulw2Gt+r9fDx8yF7X7/e7vuu79/qs73ctD775NJN7ZjXt8mI6buIiHowcXLfd8F+HEw6YUhy9WIpO2nDBRl7hd6AAi4iIiFxnCrCISAuKid9gwT6xL7tfCqBjuQ08O3LyH4eZ+/JZtqdXEl5ZBXSod/H/DekmCK/+FPxgP8I5yIqFB8k6B398qjdQysoR2SSF+fHOoVBCg70gJZ0BE1vuoVATGLFWAgWVXACMAFTwxsKDnIkKpI8R7GNDObu+v2NhSymJCcX4De9OeZzzdNapILcQFsRPYqtXOekHCnl1QR4vzDpG5MYOADyTNI6XRjku6MwFhew+YCXgy0P8Ys5ZohYO4p1/701gQCf2LNzFrI9ayE+L+eiHFfDueluLZXH9VPDG5M+JC+hD7n5HsMLDuxORk4Yyf8JpXjhcyqWZLZfBAK9SVvZv+3FtuQwGMvKq036lSQDESvWzNrw7O60bfN3wiR12Q8ORsyePWSDAAycxiOugvccCTra06W4+jDJCSm5d1MqtY9t+Crh5trzPgcYLLacnsPV92g2ueNbGP6o4kmKBgI5krPmEZfGwdFcUU4b6YaSQiD4HoWMHvLp2wsV2liP5VYwc4the5pY0Yk91Y+kYx7Fcl/UAlUv38cJv0og8MZ5xxjZlVUREROR70TNYRKRZZ/acItkGc2bdSXhwd0KG+BES7MukZ4K5ywBbt+QTOsYfF1sxf1h1goKiUhKWHCWrfg8O717MmeVK1rul2IcEMCHEHbBiBgjwJKjPbZTnnGD+xCLAtZlnojQ0dEJvXGwm/mPJcQpMZSRvPMhLm0tw8/sZkb92hfgcViQWYzKVsn15GnPnHCX1Aq2ns9Z3vPGbbMZP+4L0MjcG/LwrfgBBHvhH9mW8AV577iB7csow5X3FojEHeeHZAi5WXxj69fXhZ906kP7eZzy52QYNXvRiq81fy/mouYxv/JrmZhN7jXXi4Rd9cMk4zb0xn5GYfIbMjELeWJbMovch/Le9CHJSBhc82nJc21IG3k2WdaZmmZZ7+Hg5rRuNudhsLPn9ITKLykjflsai92HCzD43dnhQu49FzXaaK0NP7hlroHBDBpuSz3Mm7yuWPuc4Ts5YAW8n+7w8yll6Wt+ni62K6dMPkVNURvq2L1h+ACbM7ItPJcBt9A7qgpe1hE0LMyiyQd6Xl/AI6UWMAVbNSie1oIKC9GMs/o9iDld2pDMABny6evH4K3cTjoVZ0zOdv2ZeREREpJ3Ug0VEmvXB22ex9zDy8KhODWd438HsaUeYH3+a3LXj2Lm6gimLs0l+Gew9POhiAOhQu/j9M4Jgcx4TZvavfoZId574i5Hdz+dzz/v5AEQ/ZaRLnIn07DKGe3agcdPkhuP1yt6R4SS9VsGEOUeJWn8UgPHL72Z+pDsekb9g6aUUlk9PY2P1ejGvRrBoiDswtNV0Oviy9P1+nJqYz5S7zgJgD/LlrT8PwANXYg+GYXk0iyeH73PM6+HFuk9HMCzEyuKJZ1g9J42EOWA3dOLhGZ3YEX+BXDOO/AR0rA0COMvH2uq81nEFz2YeFHIdhMy8j63WAyz4/VnmfnC2dnr0wlDWLXAcvZbKIAR3p8c1+irK4IsPGi7r0NzXVQe6+QLNPoPWtfYht+NWtlw3TClN6xtHTzPhLsdwoqh5g1gz1bf1wrvG2ncsIJWWytCVmPX3c6r0E5ZPTmV5zSyDs/strni6Afg6Pf4tz3MlxMk+3dyrz8P804ytKfeFocRO9YW8Oxmx4ShPhiYBEDDGl6geJXz6mQmeCWH1wVBKx2fzWOgeAHzGBPDOiiDcjlxw5NcKGO9g/ZtFRE0/xUvbAnh9avc2HwcRERGRq+Fit9vtNzsRIvIDZ6nkzDdWfAO88Gh9aQdzBWfKruDZzQvvNq/UcH9u3bwwNlrXYqqgpLKF7bY5nVWYir7D6u6Gv7HpcxtMRWVY3Tvgb2wYfDKbyiin6fTvk4+bqwqT6TuslR3w7Nap2ePTUhlc9XG9gWXgtG4AppR0Qid+wzunx3OPtYwyNy+MN7brSjPacSxa4aivzdfx1jjbp7N5re3TVFQGXrdh9G74mm1T0XfNTG84v6XzVURERORGUYBFREQEMCV/RmhMMXEnJutZHSIiIiJy1TRESEREBPAK6smcuZ3odSNe2SQiIiIiPzrqwSIiIiIiIiIi0k56i5CIiIiIiIiISDspwCIiIiIiIiIi0k4KsIiIiIiIiIiItJMCLCIiIiIiIiIi7aQAi4iIiIiIiIhIOynAIiIiIiIiIiLSTgqwiIiIiIiIiIi0kwIsIiIiIiIiIiLtpACLiIiIiIiIiEg7KcAiIiIiIiIiItJOCrCIiIiIiIiIiLSTAiwiIiIiIiIiIu2kAIuIiIiIiIiISDspwCIiIiIiIiIi0k4KsIiIiIiIiIiItJMCLCIiIiIiIiIi7aQAi4iIiIiIiIhIOynAIiIiIiIiIiLSTgqwiIiIiIiIiIi0kwIsIiIiIiIiIiLt5HqzEyDiXCWp7x1j+3vFHDlppbPfbYSNCmDmcwMJ9ri++92+8DOsj0XwxJBObV/Ncp4VTx4j8LkIHq+/nuU8a+Ydw//pRtN/hMwZx1j01/OEzQjj6Wiflhe0lLBm3r8wPn2VZdza/guKOdmxG+EBruS8l87aL7xYt3Yg3i0lI+8EC1aYmP23ewlv"
04:29:08.910 [Forwarding screenshot on session ed2d6660-f69e-11e6-a414-872b36aae4a5 to remote] DEBUG org.apache.http.wire - http-outgoing-0 << "aaGrTkQxKxbmYvKoi2G7u3ckYEAPpswMwv8a7eYno7ny7NyJeyffyaQhXu3Y8Pc8z6+TzMQjvL7tbHVb58moXwYy+5kgjK2sZ8k7zoIVF9pWhy1l5JyAkBCvNp0fPxyVJCxL50MT1H01dMDb35NxjwwgMtC92XVupeN/PZxJPsKydy/i4dH0fprF4s7stZHXrt0TERER9WCRW1kF6x5K4rFZp0g6CaPGdafv7d+x/eVcRoekkGO5nvu+Ql5cCUfOXbm61coqSEoqIfvilSbTd+5oZvqP0Idv5rH7/RKWrTyBydmCZWVs3VFC7rUsE3MhMWFpbP3XdwCc+6KID+PMWJ0lo9jE7vfPUuxsoatltZCyo4Qdey+Snub49z9xZ1n9fBZDH8p0Xi7SVE15xpdUl2cJ29efZu7ofaxLr2jHhq+QHVdC+tWe59dBzpb9TJieT1I2RP6iGz0tpWxcnMV9Tx6jtaaurPACSUnFbajDlax7aB8Pbj4PtO38+OG4wvF/mEiqrSMXSd9bzJaX85kc9iF7ippf51Y5/tfLycPnSPrEXF0eJhK2mmrbpaRPzFz4cRx8ERGRW4Z6sMgtK2/bQVYfgLB5YSSsDKq9K5mzLY2xc4pZm1DC1qm+1y8BRnB3u8p1qpdv0rmmpek/NuZC3oy3AeCScZqdOWE8HdK0mbEAHl4d6ck1LhN3uAR43+4o8OgVkzi11tUzlqiCAAAc7UlEQVTpPoyj7uVkYRUe1/IurpsjHbPixrBsVM2d8UoSFn7I/LivOWQKZ1xr3RKkTk15vj+2tjwtBSeJCctie8L/Mj8y6HtuuBPLiieAR3O9G26kCv65rQT78D5k/3NodY+VKhLm7WZ+/Ak+fnmg8/rS0QAYaEtzZSmFXp3bfn780PSaO5SDK3vVfi5IPkTU5NNsTSpm3DN+jZa+VY7/9TPyxQc5+6Ljb3N6OgPGFvPW4UlEq9eKiIjIdaEeLHKLqmDHX0qwB/Vkfb3gCkDI1FAWjPGgB5drl01ctR//zgn4d06gZ1gyCTkVbZgHOe+lE+HjmBcRs59HRicye2Nxk9SY0o/xSP/qbfjsYum2psvU59ax0aWOe0c61/toKSpk6bTE2nSNn3eEvOrb1OmxyYx/Mp1FMbtq07w95SRLR1fvv/8+EjKq82A+z5ppuxtsp6DVsr1+8pLyycTAiqQwog2wfmvD1OQkOso7qHMCEQ8d5EsbuPEd62J2MX7ZV3ULmguZ0X8Xa1LKgCqSN6bUO4b7ScyrBCA9dj8PTEvhkTDHcXks+iBFNtgyIYkZsWfIfONThsQ4eoxYCr5iwehdtdt5ZGEOZwBzxhFG3f0JqSYwZ+TwQP89LJiXXG+5Y7U9Tupvo2f/3TwyehcR05z0SLlc/864O+Mf64GLrYr8ryubpH1TRiV5yUcYX1vPElm67Uzt2i3vu4JN03Yzfto+Bvok0POhTEyUsn1JXR569t/NivccddaRx93Mnrevtj4v2nKSxFV1nxdsLGyyz/pldrO40aH2b4/AACIDobz6c3psMgNj6o6FOSOHiP7JpJud5aOCzVM/ZF1KBVDBupjdzF7yGeOr24SBo1NIrun54ORcc7b97Qv31U4fODqFPQVVzebNWgrc3qFebxJXYp69k4en+dOrujlxVj9qmDOOENE/mVRzTeKKmd0/kTUpFWRu/JTYk1C0/iADYzL5qN754aytdH5etD2PN0bD3iiBUUYCDPDVyW+r85HI+Iccbe8jsaeqj39JK21Qy+cTVJK4aj8Dq+tMz9Ep7MmrJGdLCj3DUsg0121yz5I9DJx2hHqTbihrZc0fjWY4qduN26m/bsv6wbYfIiIiN4ICLHJrMpeQXgADf9WLwCYzvViUMJ41Ux13I1OXfczcl0uIWR3G3v1hTPUpZf6Ij9lT5HyeOT2TsbOK6DytHzv3RzCBi6RlVHGqqGGHfEveMe4bm8tXkX3YeWAkr73YhS1z0li0p7TZpHcGUuIOsXTJZ3X/XjjKl7aaJUpYPOggcUlurNgVxc63+mKKz2f0rzIxA1azhax3i8j6WV/eThrAiPJSFk3IIvPeYLa+E0y4qYz5m74GylhxXyp/TerImqQoknb1ozI+n+HTclodUnB9VLBjSwkE9mTyqCB+Nc3AxbgTtRd65oxMxk53lHfS/ggexFEgVm5j8M/dyHwlj8zqhOcl5fOhycCgIC8yN37EjMUmxzE8EMEsvxLmRHxEqgms5m/58n0TF+7uyZxZvXhkQR8Aov8wiAW/7Ea5yczFbAtQwbrJh9nh0ZOdh6LZGdeTtM15zN5YjLW8gkJTOeWAtfxbvjxXwY54iE0aRuwffEjbnMvrKRVACYvDDrOjtAsbPogi7tnbScuwUXjU2uwQi86AxXoFqMJiqcJsOs/mTYXYDR4M7ufeJO2DrbncPzmfgsg+vH0gij//zpMtcz5n9rbzre770lELWe+X8X9eDGDWKG9S5iXzwoZLLH5rGHsPRPDcfVW89tRhks01ebSQFO/GhqQIlk5zY/vzWczZ58GGpLt5boKBHb/PIdXccpndDJ2BlIQsNm3MZF3sIRbE/JONJ2HeYwEAWM3l1cfawVpeRqGpnAtW5/n4JtvCN9WBMEuJhd3rzxL+lzDefqcvPbNMTP/9MSxOz7WWt5+z8VNeiPuOFUkj+Xh/KHdnmZg15nAzAblOjHvWF5cPTjHUZxePPJnGum0nyHQLJHb9UEK8wZJzxEn9oF6+q+tzTaUss3DEVEX55SsERQVwlwF8JvYhdmEA9trzw3lb6ey8aHseb4zy6gCLxVKFxVJB6vYiimww6n7f6nxUkfm5JwsW+jF6oGf18Xdz2gYlOjmf0mM/Ye7LJUT9KYy9+0OZUGRiVkQ6nlHdcDlpYuv+6u8JcyGvbahg0H09b7Hn3Tj/HmncTv28a+UPsv0QERG5UTRESG5N1iuYgMF967pum1LSGTyhbiB9wCPBfPD3nux8xYLPU2HEPuMYJrAmsQMpfQ7z7r4T+LQ4rxi3U19j79GTN9cPxh+ITDCQ4/M5XzVKyhfvFnARV/606E56eV4haOYAHn83jW3rT7FkXHizP5bPHi0l85t68UtL3YWfOeM0CTZ4cf8veGKIO+DHrjcrGPrbrzlgCscTsBv8atPFtAI+fcWH11eG4A94/u4kk+MvcCrDwsaT8MDqQYy563as/BuLXzzL9FUn+dgUcsOHoFjyTrIxAx549Q68geExvXDZepotCecZObM7h3Z93SBf4YnweZ+DAIyc1o8urxzlnY/LCB/XgR1/KYEJAxgXUMGKzWXYh/dhTszPcCuHJ/6zH1vG5JOcXUE0YDcY2fz3ex2BOEshGwyn6TMskPBAd1KBmjiyFSC/nCO5ZTw4ejAfH+iHm583fOmYX7/P0Z8PRhMTDIzyIGnVfi5dvoI55QQJNlj61mgmhQCRfmzI38WcNJodmuEObH80me2Npj/86t2M9IbURmlPXbYbu8HIrvihBAOEdKPsX4ks+9MpFvXC6b6tgM9TYax5MQioIifZxmsxXZk0yhtTUTnh4d6w41us9SJBKw+OZlIwWNyLWb71NEvXDWdSiCsW92L+mlRMudVJmd0E7kBm/FkuBRooL7dRes4RoDuVexGG1Az9qH/PoO64tpyPhr0drKWOclw209Fe/PF3X/NovJmzGSednGtBLW7/3H9fAWzkHrlA6Fh/Xj7ozUI3z2YfWhs+czRfDDzBG9tPkxRfTNq7xawmm4AZwexeH0LuP4parB/PxdXfUqP6XK9yeocE8kDgUXb29iM6sjupH9QsX+KkHS1maD/H+s2dF99a257H683NB0rXZ+G/PqvBdJ+JfVkwzgdSHJ9XfnofT4S4AhUsrV6m5TaoipyJoS2cT2Xs+VsZ9hmhvL7AUW6xuyFo7xXoE8ji4bmsev0UqyeF87/78snEg7d+2f3GFUgbWJzW7ZDq76O6dsqUkg788NoPERGRG0UBFrk1eXlwJ3Akt244j1dvf1a8ejtuXgby3ssl7pMyys0VnASmjK33o9XblwmB8HZ2KYEtzcv9lpmdXcFUWa/3QTeGBMLRJokx4GKrYsHwfQ0n+1gphyYBlkvA"
04:29:08.910 [Forwarding screenshot on session ed2d6660-f69e-11e6-a414-872b36aae4a5 to remote] DEBUG org.apache.http.wire - http-outgoing-0 << "Y399gJdG1RvXbynkAT9HMMFabsVuMNCvd918zy6OU9FxLVQFRtd610UNP1ur01R50RG0SV78OYMX109upzY9i+FaS3vrtCM9z6fh/3zd9A//ls+Zmd1xc3cFrtSVt3d3Rhkd5UVgILOHHWXV//2aJQM6sPEkzPlrIJgvcqIAXE6e5v6g0w32l3e4hGiqwOiOZ83EyiuO7V224rgkr9GJeW+FcmJ+NsunH2Q5YA/y4s9xIxjTKB92gys9utZ8uo3+1Wm0AnaDgd71HuPQ1ehWN0alkUogenkoz0R4YK28gpWOBN3Vg0BjTbPbKO3V6o6dK4Pv9oDsNuy7HKLu8aldr3cP+Nv8/czNqLdhg0fttu0GV3pV57Gs8gp2gwf9ertWf65JR8tlFngTrp5NNHwGC1Swadpelj2byfgJ45yseRX5aFCONVo711re/uML7mVp/mcs/+NRtv/xKHaDgYf/K5zVz9zR6LknleSkf4Pn4P68FNmfl9aDuaiE3RsPs2h9Husn3kF09ZLN1Y/W1A1PrDn/Gj3U1Vk7mvst9Gv5vIhscx6vP2sp2Cf25Z25RqgE6+UrdO3lS3iw401TJsBu8KBX72Z++rTUBjk9nzrg5gm9OnesnewR3J9FwY6/J8z2Y9Vvv+Ljov7kbyyBhwcQfYs9e6ms1e+Rpu3UD7H9EBERuVE0REhuTR5dGDYMCjd8SWL1YHCPwF48MTOEx389kJHB1T+Qvd3xB3burddN3nKJnAKIuse75XmDvbBWVgF1P4zhIscKaHLBa620Yjf4kHQphjPV//buCmXdC3fQ0iN2rZcbDRopq77wB7hsw8Vm41xx3XMKrN86/r6aFzq4eTqeR/FM0rjadH2ZHcGf/xbMgPa8ufZ7KSZ+gwX7xL4kHRrJ3v1R7D00mg1/8MLl5Fm2p1dWl3eHeheI35Be+0pVd6bM84PkEyxaehy7wcjjozqBd2f6GME+I7Q2j2fOR7PhtUE8/4iTO8GNn4FDBbmFsCB+EmcKo9n5TjAjyst4YdYxvmklZ/WPSePjdsFkbVphql0C+gz2JzKyFyNH3UH0KP96wZVm9lPZ9LkVRSctgI2qVvZtBby73lY9p5SVI7JJwo+3Dz3Il5di+DIpAHD2XIyqZipfy2V2896C1KHe350YPNADsNYNh6EuAOFGzZi8tuejYTnW26bTc63l7efmlNI75l7OXJrEx/vv5sVpbuz4/RE+brxjUxFjx3zOi9vr2irvAF8eXzmIAIPjodCt1Y9al20NC8K9Q13bA46gnHv9csR5Ozq4+cakpshNbc3jDdKrt5GRkb0YOaoX0dF31AZX6jRX16HFNqi186kcyivrAlaWvOPMiPmMTDMEju3HCGy8tjqT17PguZlNB7zebNfme+SH0n6IiIhcfwqwyC3Knaf/HsZAKpgTlsjSjcdJTS8mdc9xlk5LZMb6KujngSfdeWiagYtx2azZU8yZgvNsmneINBuEhfZxMs+boZPvwMVWzKPzjpCeUciKmM9IttHgYbQAoRP8cbGVsnThMfKKKsjcc4ixk7OZ//G3bb9DW+963xjVl2gDLJl+gNSCCs5kHOfZ3xSDsRtBtXf2bK0EW2x4RPZlvAFee+4ge3LKMOV9xaIxB3nh2QIu3OBbx2f2nCLZBnNm3Ul4cHdChvgREuzLpGeCucsAW7fkEzrGHxdbMX9YdYKColISlhwly1a3Df9x/8YEqtj9fhUj/iu4+tk7XkT+2hXic1iRWIzJVMr25WnMnXOU1At1ZVFbVlbHhU5eSj45BRX15n/HG7/JZvy0L0gvc2PAz7viBxDkQVuvIYyj+hNjgCWTPyEhvZg9sfuZu9UGjTs81He5tde/1qU9dIwfLjYT85Ycp8BUQfq2NBa8C+HP9iGkTfuu2ZfV8RDNAE+C+txGec4J5k8sAlyv8nW87S+za6kzkPnB/2NP4gkSE4/zxqoUprxcAYF+hBoBN1cwFfN2cgkFOSeYP+ssjk6aV5uPxsestXOt5e2feecIsyZ+zKYUM379fOltNACuuDWO/xm7s2A4pD2fyuxlOaSmF5OecoJFDzke2jygh5vT+lH/3ThePTrhYqvi77EnKCgq4Y0XMiiqPc86MWisgcL9p0nOKavNn9VpO+p8SEduW/N4w3z/Vy433wY5O586EflrDy7GZbMu+TymomLWLTnKh8mVdPQGPPx4cq4HWVtNXDT68XBkJyd7v3HqtwPebfoeae37qDm3VvshIiJyo2iIkNy6AoJIynJj7dJsNi4+ypbqyXaDB1NXh/DCM0F4A5PW38/XljRWP5pGLI7uy8+9M5qnQ9zB2TwG88UuG5Nj8pmyNZ+7JhoJM5jwD3X8/HPDcefYGDmUpNcuM+3ZXO7fnOtI2sS+vLWi+VfDNg7QOHSoeyaBhx/rPh3EU5OP8ljoHkeehhh5Kz6KYOAcrhDQscFQgIa9JGrm+xJ7MAzLo1k8WT18yd7Di3WfjiDkqgq6/T54+yz2HkYeHtXoAsL7DmZPO8L8+NPkrh3HztUVTFmcTfLLYO/hQRcD1PVK6M7jL3YiaZWNGRPqLhnHrfwFSy+lsHx6Ghurp8W8GsGiIe6k/k+jsjL6MiXaQOzaXB695MHGznVltfT9fpyamM+Uu84CYA/y5a0/D8DrXBY1TaGbewcaN4s19QB8iT09DPdHD7JgTBr2IC9GBMGnpc1ffDRfD+prmHbjqEh2vprGlOePErXeMVAt7KkBvLHAH8DpvuvS6CjHJ/5iZPfz+dzzfj4A0U8Z6RJnIj27jOGeDfPYOM91n1sus5vxWl93IGt9Hk/Wmxb2SAAvvRyJP+A/M5QJ7x5k+eT9LAeiZvjSJf5brE7zYW1Qdg3LEdp2rrm3uP3orkZmZX7G8gmONNkNBmZtjmrmFbleLPrHSJj3BbFr89i9Ns+xHUMnXtx1L0+EuANO6kdKTTAJPEIGEPvUWRaszSZqLdiH+9DLUPdA7gEjuuOytZjpIyz81+/q6qCzdtSc3vJ5MXJRZBvzeL11oLOzYCetnd/QfBvk/HxatjKKpefTWD45ldU4jtnKvRG1bXD09EB8NuQy6NnAZh7YfjO44tkg+OX8eyS1UTvVcnvR+POt1X6IiIjcKC52u91+sxMh0ipLJaZKwApGo3vzi5gqKKkE34BOTX7ANTfvTEomv9tm4G9/H+wIfpi/4oE+hwlLeJA10c3cY7NUcuYbK25et2H0vhaxySpMRd9hdXfDv4U8tZWpqAyrewf8jbfGHVKnqsvRN8Drqn5oO47hFTy7eeH9vX+ht6PMzcUsevQo9/z1PmKCXYEqNsUksoxgTiWEXLuLhtp65oWx5iL1++zbXMGZsvaWF1zLenojOM6F2/BvMhzr2uSj5XOt5e2bTRWUt9A2NWGpxFR2BejQfFvXXP1objPmCkrKwD+gmTbBUomZDnh7NG3HnLWjzlxVHn+IWjmfWio3U3I6oTFnee3oZCYF3LDUfi/X53vkh9V+iIiItJcCLPKTZc7I5K7Rp7AP92XOsI6kvFLMMToRd3Qc427xH8JyE1iKmeGXxod4MPV33TB/fpbdB2zMfCeaZeNauXX+Q963iFw9SzELHvqMhAwb9okDOBU/8McZeBIREZEGFGCRn7SClONs3FbE6YtX8Pt5Dx7790FEBmjknLSgqJhNG/PYn2fBo4sXY6bexeOjblCA42buW0SujuU8a+ZlcczDyMIV4YTo7cQiIiI/CQqwiIiIiIiIiIi0k94iJCIiIiIiIiLSTgqwiIj8pJSwbt5+Fiw74Xj9bK1Kti/czxsZFS2s9/2ZC4rJLKpyskQlqe9lMjtmDxFhiTzw0D4WrTpGnsXJKteAJe84s6d9Rqa59WVFRERERFqjAIuIyE+IKfkEq7eWsOOVHD4sqD/nCnlxJRw5d+Xa7tBcSExYGlv/9V0LC1Sw7qEkHpt1iqSTMGpcd/re/h3bX85ldEgKOdcxyFJWeIGkpGKKm3vPtoiIiIjIVVKARUTkJ6OK3VvPAuBis/F6fGHD2Ubwvt0NgGsW13CHS9Rtt7G8bQdZfQDC5oVxKmsca1bey+sJk9j7mh8u50ysTSi5VilpqqMBMNB8"
04:29:08.910 [Forwarding screenshot on session ed2d6660-f69e-11e6-a414-872b36aae4a5 to remote] DEBUG org.apache.http.wire - http-outgoing-0 << "ykREREREro4CLCIiPxWm02xKshG1+m7WzDBw7JU8curNdvOEz7el84BPAkGdE3hg2iFyaofPVJC4aj/+nRPw75xAz7BkEnIcw4nSY5MZGJOJqXpJc0YOEf2TSTdXsO5XBymywZYJScyIPdMoQRXs+EsJ9qCerF8Z1OA1tiFTQ1kwxoMeXAbAUlTI0mmJtfsfP+9IvSFELacNyti+cF/tvBkLU3ggLJnUJsOCqkjemFJvG/tJzKv83kUtIiIiIj89CrCIiPxEZCYUUIiBhyfcwZSYnrjYSolPLK2d7+YDX75rYtjfIkja1Q+STvPgzCOYgdRlHzP35RJiVoexd38YU31KmT/iY/YUgdVczsXsuj4v1vIyCk3lXLB24sF5fQCI/sMgFvyyW8MEmUtIL4CBv+pFYJPUerEoYTxrpvoBJSwedJC4JDdW7Ipi51t9McXnM/pXma2mLXlJCos2lzHztbtJ2hXM2TgTxwosWBsNC8rc+BEzFpsc2zgQwSy/EuZEfESqqUnCRERERESapQCLiMhPQimJr5RCWC+GBYBHxB2MN8C210/VPuzWWgoB8yJYNrUX4dGD2fymEZK/4oCphJ2vWPB5KozYZ4IIGRLEmsS76YWFd/cVV69d/+vE8bcbEHy/H3cZoM+wQMID3RsmyXoFE9C3b910U0p6bS8S/84JRDyZQ2HGaRJs8OJHv+CJaD8iJ4Wz600/+PzrVtJ2gqQNFgLm3c2yqXcQHh3Cfyf0BBo/cLeCPZvLsA/vw5yYn+Hp6csT/9kPF1sFydnX/qG/IiIiIvLj5HqzEyAiItefJeMUW86By7nT3NP5dN2Mz79iV97PeSIYrOUwarRv7ayufo7Ah9ulCk4CU8Z2r1vP25cJgfB27rfM7Oxkx5VXuARw2Qo0CrB4eXAncCS3Lojh1dufFa/ejpuXgbz3con7pIzSqQbsBgP9etet79nFtfW0ZZbgCTxYL0/GO7vShfM06MBy6SInCsDl5GnuDzpdfw55h0sgupOTDIqIiIiIOKgHi4jIT8DeN7/GbuhE7P6R7D0wkr0HRrM3qR+9sLHp746gghtw+kR57TrlFxw9Payd3fEHdu49X7dByyVyCiBqsFftJLfa/21NE9CxmUfJenRh2DAo3PAlidVvNPII7MUTM0N4/NcDGRlcfQ/gsg0Xm41zxXU9T6zftiFtw7pyJ/D54bphUKbjF7hYL60AdO5MHyPYZ4Ry5lKM49/5aDa8NojnH+mOiIiIiEhbKMAiIvJjZy4kLr6KLtP6EzOkOyEh3QkJ8SVk1CCeiIbCuHzSzeAWAJ/+/gu2Z5RxJucEf/hNMQzrzVBjdx6aZuBiXDZr9hRzpuA8m+YdIs0GYaHe4OYKpmLeTi6hIOcE82edpbaDpNXx2ue8lHxyChoPt3Hn6b+HMZAK5oQlsnTjcVLTi0ndc5yl0xKZsb4K+nnQO6ov0QZYMv0AqQUVnMk4zrO/KQZjN4Kcpq0P037nwZcvH2Tptq/ITM7hNzH10lbLi8hfu0J8DisSizGZStm+PI25c46SeuE6HxsRERER+dHQECERkR8506FCsmzwx9/2bjTHlQlPB7D8gyL2HCjHEyCwikWj9wFgH+LHrnfCMQKT1t/P15Y0Vj+aRixgN7jy3DujeTrEHfxCmfDuQZZP3s9yIGqGL13iv3UMwzH6MiXaQOzaXB695MGxtUENkxAQRFKWG2uXZrNx8VG2VE+2GzyYujqEF54JwhtY9+kgnpp8lMdC91Snzchb8VEEA8HO0hYylg18xNw5h4kzGAgPA7Jqdt6Bmq/BcSt/wdJLKSyfnsbG6rkxr0awaEijYU0iIiIiIi1wsdvt9pudCBERuXVYTGWUVHbAP6Dps0cspgpKKsE3oFOD1yoDmIrKsLrfhr/xe8buLZWYKgErGI3NBTaqMBV9h9XdDf9m5jdNWyXb531CdkQYa6Y6hvoUvJfC8KcuEndiEuOMzSTBVEFJ5RU8u3nh3TiDIiIiIiJOKMAiIiI/WonzdjF3q42oGT0JoYyNW8uwTwwmNz4E75udOBERERH5UVGARUREfsQqSN7yL3b800zpbW6E3Neb2TODaKbzioiIiIhIuyjAIiIiIiIiIiLSTnqLkIiIiIiIiIhIOynAIiIiIiIiIiLSTgqwiIiIiIiIiIi0kwIsIiIiIiIiIiLtpACLiIiIiIiIiEg7KcAiIiIiIiIiItJOCrCIiIiIiIiIiLSTAiwiIiIiIiIiIu2kAIuIiIiIiIiISDspwCIiIiIiIiIi0k4KsIiIiIiIiIiItJMCLCIiIiIiIiIi7aQAi4iIiIiIiIhIOynAIiIiIiIiIiLSTgqwiIiIiIiIiIi0kwIsIiIiIiIiIiLtpACLiIiIiIiIiEg7KcAiIiIiIiIiItJO/x9mPhOtuqPRzQAAAABJRU5ErkJggg=="}"
04:29:08.911 [Forwarding screenshot on session ed2d6660-f69e-11e6-a414-872b36aae4a5 to remote] DEBUG org.apache.http.impl.conn.PoolingHttpClientConnectionManager - Connection [id: 0][route: {}->http://localhost:27950] can be kept alive indefinitely
04:29:08.911 [Forwarding screenshot on session ed2d6660-f69e-11e6-a414-872b36aae4a5 to remote] DEBUG org.apache.http.impl.conn.PoolingHttpClientConnectionManager - Connection released: [id: 0][route: {}->http://localhost:27950][total kept alive: 1; route allocated: 1 of 2000; total allocated: 1 of 2000]
]]></system-out>
  <system-err><![CDATA[Feb 19, 2017 4:28:22 AM org.openqa.selenium.phantomjs.PhantomJSDriverService <init>
INFO: executable: /usr/local/bin/phantomjs
Feb 19, 2017 4:28:22 AM org.openqa.selenium.phantomjs.PhantomJSDriverService <init>
INFO: port: 27950
Feb 19, 2017 4:28:22 AM org.openqa.selenium.phantomjs.PhantomJSDriverService <init>
INFO: arguments: [--webdriver=27950, --webdriver-logfile=/Users/raliclo/work/bak2/HackerRanks/IDEAs/phantomjsdriver.log]
Feb 19, 2017 4:28:22 AM org.openqa.selenium.phantomjs.PhantomJSDriverService <init>
INFO: environment: {}
[INFO  - 2017-02-19T12:28:30.893Z] GhostDriver - Main - running on port 27950
Feb 19, 2017 4:28:31 AM org.openqa.selenium.remote.ProtocolHandshake createSession
INFO: Attempting bi-dialect session, assuming Postel's Law holds true on the remote end
[INFO  - 2017-02-19T12:28:32.589Z] Session [ed2d6660-f69e-11e6-a414-872b36aae4a5] - page.settings - {"XSSAuditingEnabled":false,"javascriptCanCloseWindows":true,"javascriptCanOpenWindows":true,"javascriptEnabled":true,"loadImages":true,"localToRemoteUrlAccessEnabled":false,"userAgent":"Mozilla/5.0 (Macintosh; Intel Mac OS X) AppleWebKit/538.1 (KHTML, like Gecko) PhantomJS/2.1.1 Safari/538.1","webSecurityEnabled":true}
[INFO  - 2017-02-19T12:28:32.589Z] Session [ed2d6660-f69e-11e6-a414-872b36aae4a5] - page.customHeaders:  - {}
[INFO  - 2017-02-19T12:28:32.589Z] Session [ed2d6660-f69e-11e6-a414-872b36aae4a5] - Session.negotiatedCapabilities - {"browserName":"phantomjs","version":"2.1.1","driverName":"ghostdriver","driverVersion":"1.2.0","platform":"mac-unknown-64bit","javascriptEnabled":true,"takesScreenshot":true,"handlesAlerts":false,"databaseEnabled":false,"locationContextEnabled":false,"applicationCacheEnabled":false,"browserConnectionEnabled":false,"cssSelectorsEnabled":true,"webStorageEnabled":false,"rotatable":false,"acceptSslCerts":false,"nativeEvents":true,"proxy":{"proxyType":"direct"}}
[INFO  - 2017-02-19T12:28:32.589Z] SessionManagerReqHand - _postNewSessionCommand - New Session Created: ed2d6660-f69e-11e6-a414-872b36aae4a5
Feb 19, 2017 4:28:32 AM org.openqa.selenium.remote.ProtocolHandshake createSession
INFO: Detected dialect: OSS
]]></system-err>
</testsuite>
