<?xml version="1.0" encoding="UTF-8"?>
<testsuite name="intermediate_MultiThreadTest.SimpleTest" tests="3" skipped="0" failures="0" errors="0" timestamp="2017-03-20T01:01:28" hostname="tastypotinc.private" time="0.009">
  <properties/>
  <testcase name="aFastTest" classname="intermediate_MultiThreadTest.SimpleTest" time="0.0"/>
  <testcase name="aHandsome" classname="intermediate_MultiThreadTest.SimpleTest" time="0.001"/>
  <testcase name="aSlowTest" classname="intermediate_MultiThreadTest.SimpleTest" time="0.001"/>
  <system-out><![CDATA[[TT]#    Fast ReadLines
[TT]#    I love you!
[TT]#    Slow ReadLines
]]></system-out>
  <system-err><![CDATA[]]></system-err>
</testsuite>
