<?xml version="1.0" encoding="UTF-8"?>
<testsuite name="ScalaTest.SimpleTest" tests="4" skipped="0" failures="0" errors="0" timestamp="2017-03-20T01:04:01" hostname="tastypotinc.private" time="0.657">
  <properties/>
  <testcase name="verifyEasy" classname="ScalaTest.SimpleTest" time="0.642"/>
  <testcase name="verifyException" classname="ScalaTest.SimpleTest" time="0.005"/>
  <testcase name="verifyFun" classname="ScalaTest.SimpleTest" time="0.004"/>
  <testcase name="verifyShould" classname="ScalaTest.SimpleTest" time="0.001"/>
  <system-out><![CDATA[ListBuffer(sweet !)
ListBuffer(sweet !)
Exception shall be from java.lang.StringIndexOutOfBoundsException: String index out of range: -1
ScalaTest is fun!
ListBuffer()
ListBuffer()
lb should be fun ()
ListBuffer(fun)
ListBuffer()
lb should be Empty ? Succeeded
]]></system-out>
  <system-err><![CDATA[]]></system-err>
</testsuite>
