<?xml version="1.0" encoding="UTF-8"?>
<testsuite name="Java8_Tests.ClassTest.TestNG_PersonTest" tests="4" skipped="0" failures="0" errors="0" timestamp="2017-02-19T12:30:26" hostname="tastypotinc.private" time="0.055">
  <properties/>
  <testcase name="collect0" classname="Java8_Tests.ClassTest.TestNG_PersonTest" time="0.04"/>
  <testcase name="collect1" classname="Java8_Tests.ClassTest.TestNG_PersonTest" time="0.006"/>
  <testcase name="collect2" classname="Java8_Tests.ClassTest.TestNG_PersonTest" time="0.003"/>
  <testcase name="collect3" classname="Java8_Tests.ClassTest.TestNG_PersonTest" time="0.001"/>
  <system-out><![CDATA[{chicago=[Java8_Tests.ClassTest.Person@3ecb45f1, Java8_Tests.ClassTest.Person@51020fed], new york=[Java8_Tests.ClassTest.Person@2e3fe338, Java8_Tests.ClassTest.Person@39d86cc4]}
{chicago=[raliclo], new york=[raliclo1, raliclo3]}
{chicago=[raliclo, raliclo], new york=[raliclo1, raliclo3]}
{raliclo1=[Java8_Tests.ClassTest.Person@2e3fe338], raliclo=[Java8_Tests.ClassTest.Person@3ecb45f1, Java8_Tests.ClassTest.Person@51020fed], raliclo3=[Java8_Tests.ClassTest.Person@39d86cc4]}
]]></system-out>
  <system-err><![CDATA[]]></system-err>
</testsuite>
