<?xml version="1.0" encoding="UTF-8"?>
<testsuite name="org.raliclo.tika_poi_word2html.Tika_word2HTML" tests="1" skipped="1" failures="0" errors="0" timestamp="2017-02-19T12:30:35" hostname="tastypotinc.private" time="0.0">
  <properties/>
  <testcase name="main" classname="org.raliclo.tika_poi_word2html.Tika_word2HTML" time="0.0">
    <skipped/>
  </testcase>
  <system-out><![CDATA[]]></system-out>
  <system-err><![CDATA[]]></system-err>
</testsuite>
