<?xml version="1.0" encoding="UTF-8"?>
<testsuite name="intermediate_MultiThreadTest.MultiThreadTest" tests="17" skipped="0" failures="0" errors="0" timestamp="2017-02-19T12:30:11" hostname="tastypotinc.private" time="0.007">
  <properties/>
  <testcase name="testMethod" classname="intermediate_MultiThreadTest.MultiThreadTest" time="0.002"/>
  <testcase name="testMethod" classname="intermediate_MultiThreadTest.MultiThreadTest" time="0.002"/>
  <testcase name="testMethod" classname="intermediate_MultiThreadTest.MultiThreadTest" time="0.003"/>
  <testcase name="testMethod" classname="intermediate_MultiThreadTest.MultiThreadTest" time="0.0"/>
  <testcase name="testMethod" classname="intermediate_MultiThreadTest.MultiThreadTest" time="0.002"/>
  <testcase name="testMethod" classname="intermediate_MultiThreadTest.MultiThreadTest" time="0.003"/>
  <testcase name="testMethod" classname="intermediate_MultiThreadTest.MultiThreadTest" time="0.001"/>
  <testcase name="testMethod" classname="intermediate_MultiThreadTest.MultiThreadTest" time="0.001"/>
  <testcase name="testMethod" classname="intermediate_MultiThreadTest.MultiThreadTest" time="0.003"/>
  <testcase name="testMethod" classname="intermediate_MultiThreadTest.MultiThreadTest" time="0.003"/>
  <testcase name="testMethod" classname="intermediate_MultiThreadTest.MultiThreadTest" time="0.002"/>
  <testcase name="testMethod" classname="intermediate_MultiThreadTest.MultiThreadTest" time="0.003"/>
  <testcase name="testMethod" classname="intermediate_MultiThreadTest.MultiThreadTest" time="0.003"/>
  <testcase name="testMethod" classname="intermediate_MultiThreadTest.MultiThreadTest" time="0.0"/>
  <testcase name="testMethod" classname="intermediate_MultiThreadTest.MultiThreadTest" time="0.001"/>
  <testcase name="testMethod" classname="intermediate_MultiThreadTest.MultiThreadTest" time="0.003"/>
  <testcase name="testMethod" classname="intermediate_MultiThreadTest.MultiThreadTest" time="0.0"/>
  <system-out><![CDATA[[MT]##   Test method executing on thread with id: 22
[MT]##   Test method executing on thread with id: 18
[MT]##   Test method executing on thread with id: 17
[MT]##   Test method executing on thread with id: 14
[MT]##   Test method executing on thread with id: 21
[MT]##   Test method executing on thread with id: 19
[MT]##   Test method executing on thread with id: 22
[MT]##   Test method executing on thread with id: 20
[MT]##   Test method executing on thread with id: 22
[MT]##   Test method executing on thread with id: 20
[MT]##   Test method executing on thread with id: 15
[MT]##   Test method executing on thread with id: 14
]]></system-out>
  <system-err><![CDATA[]]></system-err>
</testsuite>
