<?xml version="1.0" encoding="UTF-8"?>
<testsuite name="ScalaTest.testNGTest" tests="1" skipped="0" failures="0" errors="0" timestamp="2017-02-19T12:32:43" hostname="tastypotinc.private" time="0.005">
  <properties/>
  <testcase name="verifyEasy" classname="ScalaTest.testNGTest" time="0.005"/>
  <system-out><![CDATA[]]></system-out>
  <system-err><![CDATA[]]></system-err>
</testsuite>
