<?xml version="1.0" encoding="UTF-8"?>
<testsuite name="org.raliclo.WordCountWeb.RestAPI.SpringTestNG.RestAPI_Invocations_testNGTest" tests="9" skipped="0" failures="0" errors="0" timestamp="2017-03-20T01:03:01" hostname="tastypotinc.private" time="48.006">
  <properties/>
  <testcase name="test01_printDictionaryTest" classname="org.raliclo.WordCountWeb.RestAPI.SpringTestNG.RestAPI_Invocations_testNGTest" time="1.201"/>
  <testcase name="test02_RestInvocationByTestNG" classname="org.raliclo.WordCountWeb.RestAPI.SpringTestNG.RestAPI_Invocations_testNGTest" time="1.122"/>
  <testcase name="test02_RestInvocationByTestNG" classname="org.raliclo.WordCountWeb.RestAPI.SpringTestNG.RestAPI_Invocations_testNGTest" time="0.988"/>
  <testcase name="test02_RestInvocationByTestNG" classname="org.raliclo.WordCountWeb.RestAPI.SpringTestNG.RestAPI_Invocations_testNGTest" time="0.788"/>
  <testcase name="test02_RestInvocationByTestNG" classname="org.raliclo.WordCountWeb.RestAPI.SpringTestNG.RestAPI_Invocations_testNGTest" time="0.845"/>
  <testcase name="test02_RestInvocationByTestNG" classname="org.raliclo.WordCountWeb.RestAPI.SpringTestNG.RestAPI_Invocations_testNGTest" time="0.679"/>
  <testcase name="test03_init_Test" classname="org.raliclo.WordCountWeb.RestAPI.SpringTestNG.RestAPI_Invocations_testNGTest" time="0.128"/>
  <testcase name="test04_recount_Test" classname="org.raliclo.WordCountWeb.RestAPI.SpringTestNG.RestAPI_Invocations_testNGTest" time="11.096"/>
  <testcase name="test99_checkEachEntryTest" classname="org.raliclo.WordCountWeb.RestAPI.SpringTestNG.RestAPI_Invocations_testNGTest" time="31.144"/>
  <system-out><![CDATA[frowning 11 0
undermining 8 0
andstreifen 1 0
abrupt 45 0
attengerippe 1 0
naturalized 7 0
alanterie 3 0
tillstand 3 0
itzung 3 0
besaesse 1 0
aeubers 1 0
decipherest 1 0
aeubern 3 0
einige 492 0
eltpriester 1 0
landwirtschaftliche 2 0
bacheler 3 0
aufgeloesten 4 0
perspicacity 2 0
erculean 3 0
trefflich 22 0
erhielt 61 0
nsmit 2 0
ffrontery 1 0
aeuberl 2 0
lebend 4 0
bscheulich 1 0
slatternly 1 0
nachstellt 1 0
flit 14 0
ederlesen 1 0
erbaermlichen 2 0
gegenseitig 1 0
genennt 6 0
usurpers 3 0
gearbeitet 32 0
hamberlayne 1 0
gruntings 1 0
flie 3 0
apetian 1 0
koste 4 0
seasteeks 2 0
stiffening 5 0
mogen 1 0
flip 2 0
staircase 95 0
infaerbigkeit 1 0
sagten 23 0
a 93486 0
b 183 0
c 828 0
garland 35 0
d 4733 0
e 14097 0
f 5559 0
unmaskierte 1 0
g 87 0
h 1897 0
gygia 1 0
i 478 0
j 12 0
k 17 0
l 357 0
m 1199 0
n 9432 0
sagtet 7 0
eneralbeichte 1 0
o 9462 0
pelekus 1 0
buzin 1 0
p 402 0
auskommt 1 0
q 4 0
r 9412 0
einwirkenden 1 0
iderliche 1 0
s 23098 0
iblical 4 0
remessen 1 0
t 16462 0
atharinus 2 0
gunshots 1 0
u 624 0
v 81 0
w 617 0
x 169 0
y 3588 0
z 91 0
adrian 11 0
ontiffs 4 0
hinlaenglichen 1 0
unjudicious 1 0
hinlaenglicher 1 0
igger 6 0
erenest 1 0
fretteth 1 0
eitersmann 2 0
erblicktest 1 0
emporgehalten 2 0
arkophagen 2 0
quarterd 1 0
oyalty 12 0
wainscoting 7 0
rezier 3 0
ldobrandini 5 0
pillaged 7 0
schmachte 1 0
bservance 3 0
aturnus 6 0
chmerzenstiefe 1 0
eisebeschreibungen 2 0
frankest 1 0
rratum 1 0
categorically 3 0
aufbuerden 2 0
dumpy 2 0
ancherlei 8 0
chapelle 1 0
gezuechtigt 1 0
offt 2 0
abschaetziger 1 0
adrift 14 0
gemahnt 1 0
lebest 1 0
shrinks 9 0
einsilbiges 1 0
unboylike 1 0
einigs 1 0
knolls 7 0
betted 1 0
offe 1 0
ebensdauer 2 0
umsah 8 0
quarters 171 0
ehutsam 1 0
congressmen 1 0
enquir 1 0
egengewalt 1 0
betten 2 0
naeheren 3 0
uphelia 2 0
perilously 4 0
better 2310 0
naeherer 7 0
naeheres 4 0
ofes 6 0
teuersten 1 0
allegations 3 0
orschriften 1 0
alanterien 1 0
schicklicherweise 1 0
breadth 71 0
heatermeister 3 0
dummy 17 0
flashing 26 0
chuldner 12 0
flop 4 0
fortzuschaffen 1 0
anieren 5 0
automatist 2 0
flow 202 0
timid 66 0
etriment 1 0
assuah 1 0
dumme 5 0
flog 26 0
floh 6 0
singolare 1 0
igging 8 0
farrhofe 1 0
hinzugesellte 1 0
attente 1 0
chelmenaugen 1 0
lebhafterm 1 0
ydiens 2 0
hectoring 2 0
herzutrat 1 0
lebhaftern 5 0
pelles 2 0
curavit 2 0
pellet 3 0
zerstobenen 1 0
dumps 2 0
arrowheads 2 0
dumpf 2 0
whoremongers 1 0
bothering 4 0
lebhaftere 3 0
herumschwebte 1 0
wellenfoermig 1 0
mauvaise 3 0
igression 4 0
misspent 1 0
lebhaftest 1 0
housemaid 11 0
aforethought 3 0
entgegeneilte 1 0
enthuellten 2 0
gemaessigt 2 0
observances 16 0
pelled 2 0
detachments 6 0
prostituieren 2 0
shrines 41 0
eissest 1 0
enguela 2 0
verschuldet 3 0
chapelet 2 0
egraben 1 0
haeufte 1 0
shrined 2 0
ekraeftigung 1 0
herkam 5 0
longitude 1 0
rentham 1 0
widerhallte 1 0
timed 8 0
devising 9 0
rarium 1 0
chinken 1 0
hoyden 2 0
onzan 1 0
durchwanderte 1 0
verseers 7 0
rarity 5 0
became 840 0
segar 1 0
unclaimed 2 0
spendthrifts 4 0
aldermen 1 0
timer 1 0
times 1463 0
flux 9 0
becalm 1 0
jolted 8 0
caboose 1 0
unweariable 1 0
poitrail 1 0
bachelor 23 0
chwindelkoepfe 1 0
flue 1 0
essions 9 0
flug 3 0
kotch 28 0
projektierte 1 0
omulus 8 0
harness 40 0
naehernd 2 0
sketch 44 0
wegzurufen 1 0
elsbaenke 1 0
xpecter 1 0
lectric 17 0
archese 29 0
hineinzufahren 1 0
aufgeben 9 0
beautiful 744 0
dungs 1 0
eventual 1 0
zuernte 1 0
strumpets 2 0
palsy 3 0
ewkner 1 0
bettos 2 0
ittsfield 3 0
dissecting 2 0
archere 1 0
tracery 7 0
diplomatischen 1 0
naeherte 16 0
muglers 1 0
estaurationstalent 1 0
archers 3 0
archery 4 0
rithmetical 1 0
ixteenth 2 0
crimony 2 0
hcath 4 0
ersoehnung 2 0
caughte 2 0
kitchen 210 0
hcart 1 0
kosen 2 0
flye 1 0
aporian 1 0
albocca 1 0
attenin 1 0
xpected 1 0
eichtgedrueckt 1 0
premierement 1 0
bservants 4 0
margins 10 0
yrrhonian 4 0
wickedest 3 0
nnelide 1 0
nwuerdigem 1 0
nwuerdigen 5 0
unverletzlich 1 0
terrestrial 8 0
rookfield 3 0
ueberfahrt 9 0
dunce 12 0
ofty 1 0
prophetischem 1 0
ordeaux 20 0
prophetischen 1 0
chnee 18 0
chnep 1 0
zusammengedraengt 3 0
eklamators 1 0
wheatfield 1 0
umgebenden 1 0
assumd 4 0
nnelida 1 0
assume 108 0
ofte 1 0
smouldered 2 0
eryton 57 0
kaltsinnige 1 0
rotesken 1 0
tille 51 0
tills 1 0
intercede 5 0
dissection 2 0
dunes 1 0
masting 2 0
philanthropous 1 0
mobbish 2 0
attends 26 0
assung 26 0
aturnal 1 0
fuertrefflich 2 0
imbittered 1 0
xtravagant 1 0
expostulated 4 0
usannah 8 0
staerkenden 1 0
uniglione 1 0
brutalizing 3 0
marvel 56 0
comradeship 4 0
disputandus 1 0
vollfuehrt 4 0
ationalsilbenmasse 1 0
epartmt 7 0
pellis 1 0
esitating 1 0
ledgers 3 0
herunterlaeuft 1 0
candies 1 0
ehnlichkeit 2 0
herumschweben 2 0
nblick 151 0
ildgoose 1 0
specifically 10 0
verstaendig 18 0
vomiting 3 0
austrank 1 0
onsieurs 1 0
houseful 2 0
joumey 1 0
esundheiten 1 0
itgebornen 1 0
esitation 3 0
apoproegmenon 1 0
dexterously 19 0
ythoness 2 0
andering 3 0
eyebrows 49 0
iscernment 3 0
oasters 2 0
shrimps 2 0
introspection 1 0
zuzumessen 1 0
zusammengeschrumpft 1 0
aergere 1 0
assurd 2 0
cockney 1 0
congressman 1 0
assure 256 0
brickbats 1 0
nglueckselige 1 0
aergert 3 0
aergern 4 0
erwandlung 13 0
tandarte 1 0
seful 2 0
ofmannes 1 0
candied 1 0
earldom 1 0
auskleide 1 0
waerest 3 0
tuechtigern 1 0
durchhoeren 2 0
lightful 1 0
ankbarer 1 0
esteinsarten 1 0
earborne 1 0
efailance 1 0
handwerksmaessigen 2 0
intemperancy 1 0
unvarying 13 0
aithful 7 0
amlane 1 0
leischbaenken 1 0
echenpfennige 1 0
claimants 8 0
xhales 1 0
immerwaehrend 1 0
pamby 1 0
tubercle 1 0
romenades 1 0
entschiedenste 3 0
undressing 2 0
romenaden 3 0
roxies 1 0
posess 1 0
tilts 3 0
euerqual 1 0
igennutz 5 0
gemaltes 1 0
ownerless 2 0
angegriffenen 1 0
enkmalen 1 0
ehalf 24 0
gereichten 1 0
cursion 2 0
exotic 6 0
gemalten 9 0
introduction 118 0
tilth 3 0
cursing 18 0
freundlicherweise 19 0
intemperance 19 0
ehalt 2 0
orgery 1 0
threads 21 0
gingerbread 5 0
ehama 2 0
geistig 6 0
overtook 17 0
eparted 2 0
spruces 3 0
ergnuegungen 27 0
erytus 2 0
uffoons 1 0
beleuchten 1 0
auberhistorien 1 0
trebled 3 0
galere 1 0
ouglass 42 0
hineinzuwerfen 1 0
reckenridge 1 0
exemplar 4 0
liedmassen 4 0
eviathan 2 0
uergerkrieg 2 0
treus 1 0
isiphone 2 0
icilian 13 0
servitude 31 0
paled 10 0
arkuskirche 3 0
carefully 323 0
urmurs 3 0
trewe 2 0
buyer 6 0
vollsaftigen 1 0
ogan 11 0
ordewane 1 0
vorueberging 2 0
behighteth 1 0
gschickt 1 0
cessible 1 0
buyed 1 0
abgewinnen 4 0
welvepence 2 0
ogar 12 0
average 245 0
durcheinanderwoiseln 1 0
ogel 27 0
stolzesten 1 0
choosing 44 0
ollette 6 0
usical 6 0
prospectuses 1 0
ueckseite 3 0
journal 42 0
partiarii 1 0
palai 1 0
schadhaften 1 0
uarteridge 1 0
business 884 0
balsam 6 0
hardiment 1 0
beleuchtet 11 0
borrow 95 0
ruehrigen 1 0
rkennung 1 0
atoaca 8 0
nsley 1 0
seeth 3 0
ammervoll 2 0
oggi 1 0
tromfuelle 1 0
poignancy 4 0
chartered 6 0
icilies 5 0
journey 378 0
xpectation 23 0
icilien 1 0
oger 22 0
ergleichens 1 0
ogen 43 0
distinguiert 2 0
ogey 1 0
ydides 1 0
narrowing 7 0
ugendtraume 1 0
trete 4 0
nvitation 7 0
bsurdity 6 0
rmattung 3 0
ogic 17 0
journee 1 0
galeth 1 0
resisting 29 0
ogik 1 0
vingtiemes 3 0
paler 14 0
pales 3 0
etrucci 3 0
zutreffen 1 0
iankeshaw 2 0
amaiopili 1 0
chlug 1 0
esterment 1 0
tress 11 0
kurkle 1 0
billions 2 0
herueberzudringen 1 0
massaged 2 0
treue 16 0
eichstag 3 0
ontract 5 0
fiendish 10 0
ewitterwolken 1 0
showing 147 0
disadjusted 1 0
unsterblichen 6 0
colliding 2 0
berhaupt 11 0
grausame 6 0
attempt 455 0
unsterbliches 1 0
tiles 47 0
conciliating 6 0
rkinsaw 1 0
darkbrowed 1 0
chlof 1 0
nundrapillay 1 0
xact 1 0
hatsworth 1 0
conciliation 9 0
itspieler 1 0
untergebracht 2 0
yielded 104 0
inorganic 2 0
ueberstiegen 1 0
hoping 56 0
umschraenkt 1 0
borrer 1 0
heppard 1 0
yielden 2 0
angwachsen 1 0
palls 1 0
sagtest 10 0
imperious 38 0
seemest 1 0
extraneous 8 0
cultivating 32 0
tandards 1 0
tilgt 1 0
betrug 10 0
niform 6 0
unaussprechliche 3 0
seemeth 24 0
ogma 1 0
palis 1 0
reinstecken 1 0
roportionate 1 0
hinausgeschmissen 1 0
tollerable 3 0
ogle 1 0
eyrou 6 0
cultivation 231 0
comings 3 0
tollerably 3 0
effnete 1 0
tilia 1 0
fortiori 3 0
insincere 11 0
yandry 1 0
chliessest 1 0
ogos 2 0
scheiten 1 0
galena 1 0
palpi 1 0
rrrrp 1 0
scheiter 1 0
headship 2 0
ankoleep 1 0
mugwumps 2 0
oncerned 1 0
compositor 1 0
hereinzubegleiten 1 0
ogni 2 0
weissagten 2 0
storehouse 5 0
hucksters 2 0
messengers 20 0
uphemus 2 0
informations 1 0
esichtskreis 4 0
verkostn 1 0
gesaeubert 3 0
baeurisch 1 0
fidelity 51 0
tilde 59 0
irtenleben 1 0
unregelmaessige 3 0
palms 46 0
threats 48 0
nglifying 1 0
rainless 4 0
palmy 2 0
tiled 7 0
toilsome 6 0
nightshirt 2 0
wiedersehn 5 0
ironmonger 1 0
auberkraft 2 0
ontrakt 5 0
admittance 8 0
ndraengen 1 0
uhpunkte 1 0
bsonderung 6 0
gnesina 1 0
entsetzliche 9 0
erbrannt 1 0
oversweet 1 0
wiedersehe 1 0
immelshoehe 1 0
mollification 1 0
roestlicheres 1 0
staunte 4 0
prankin 1 0
trees 581 0
treet 152 0
londine 1 0
lbers 1 0
lbert 85 0
ueberzaehlt 1 0
beneficent 29 0
treed 1 0
misbeliev 1 0
achholen 1 0
ongebirg 1 0
eratschlagungen 1 0
vastly 29 0
latschen 5 0
wegbegab 1 0
opalescent 1 0
seein 18 0
ogre 1 0
treff 2 0
laburnum 3 0
slumberest 1 0
alderman 7 0
oguy 1 0
wiping 18 0
draeut 1 0
freighted 3 0
eanders 1 0
warbled 1 0
tueckischen 2 0
nitiation 1 0
tueckischer 1 0
tueckisches 1 0
getoetet 5 0
ogul 1 0
ogue 6 0
aufschwoll 1 0
edgment 1 0
llustrations 1 0
warbler 2 0
tusked 1 0
warbles 2 0
atrocity 11 0
childhood 119 0
erocity 3 0
seeke 11 0
grotesqueness 6 0
verzog 3 0
perfectness 1 0
erteidiger 2 0
herish 3 0
ienerlein 1 0
inspire 52 0
aronen 1 0
eslies 1 0
progress 367 0
cowyard 1 0
aronet 2 0
seeks 41 0
delectable 12 0
mwaelzung 1 0
treat 193 0
politique 3 0
breastpocket 1 0
treak 1 0
tream 10 0
fortriss 1 0
imperii 2 0
nominate 12 0
tread 30 0
imperil 2 0
imperio 3 0
ewbury 2 0
hutches 1 0
rimordials 2 0
hiomela 1 0
lbeuf 1 0
londike 1 0
ahratta 2 0
unertraeglichste 1 0
wlbore 1 0
seeds 177 0
apportioned 5 0
edaerme 2 0
borrys 1 0
seedy 1 0
ontemptu 1 0
milking 13 0
durchdacht 1 0
seilles 1 0
itbruedern 1 0
usserand 3 0
auction 16 0
oslassung 1 0
erkzeichen 2 0
sistrum 1 0
uneven 15 0
murkiness 1 0
dmiring 1 0
gluetende 1 0
aronic 1 0
chmet 44 0
egimente 1 0
faehrt 24 0
dumbs 1 0
egiments 30 0
membrance 1 0
trend 5 0
gallants 2 0
aereticorum 1 0
anagers 2 0
seeps 6 0
sistren 1 0
esuchs 3 0
renting 2 0
xata 3 0
bedquilt 1 0
hingelagert 1 0
uszugs 2 0
odagra 3 0
dedicatory 11 0
fliessende 2 0
treng 2 0
eculiarity 2 0
ollkommensten 1 0
begreif 1 0
forehead 155 0
ghoert 1 0
watchdogs 4 0
dutifull 1 0
seers 8 0
unwise 16 0
parfectlye 1 0
swinken 1 0
swinker 2 0
erstuermen 2 0
reenslet 1 0
esuche 15 0
slaveman 1 0
solitude 69 0
aeufchens 1 0
unconcernd 1 0
seest 39 0
bestuende 2 0
chmal 1 0
eichsten 2 0
jederzeit 20 0
prozessieren 1 0
escort 32 0
hospitals 18 0
rixie 13 0
aronne 12 0
ichell 2 0
seele 1 0
superficia 1 0
treis 1 0
treit 52 0
urchmesser 1 0
idetada 1 0
misboden 1 0
umque 1 0
ortcullis 1 0
treib 1 0
spotlessly 3 0
treif 5 0
pleasantries 2 0
seely 1 0
interrogatory 1 0
chlankeln 1 0
faehig 103 0
eicheninstituts 1 0
seemd 2 0
seeme 4 0
visitors 110 0
buyin 1 0
honored 17 0
seems 1400 0
verwegner 1 0
gekauft 13 0
eontichus 1 0
squench 1 0
aufgeloester 1 0
unwind 1 0
seene 1 0
mpertinence 5 0
sojourn 24 0
sheddeth 1 0
suedostwaerts 1 0
virago 3 0
regsamen 1 0
leichwohl 1 0
ncendiaries 1 0
witziger 1 0
pparently 15 0
hinwegsprang 1 0
uperioress 1 0
swinkin 1 0
ommander 33 0
martyr 26 0
superfices 1 0
treme 2 0
widerhallen 2 0
witzigen 5 0
onfluence 1 0
artieen 1 0
unfreiwillige 1 0
ohan 7 0
rixen 2 0
ommanded 3 0
manhead 1 0
ohak 3 0
njury 38 0
erbaten 1 0
temporary 105 0
arpagun 1 0
sayeth 3 0
naturlichen 1 0
hollowness 5 0
yzantine 34 0
ivilisation 9 0
entfaerbt 1 0
cultivates 8 0
oivier 1 0
niggards 2 0
njust 3 0
hermit 7 0
rejudge 1 0
slumbering 15 0
temporate 1 0
niggardy 1 0
otengewoelbes 1 0
arbutus 1 0
planning 20 0
staunch 17 0
enossen 10 0
politisch 4 0
flirt 6 0
intertuer 2 0
heisse 17 0
abesuas 1 0
natchully 4 0
stevedores 1 0
peaches 13 0
peached 2 0
compters 1 0
dabbing 1 0
misdeemeth 1 0
abgewiesen 1 0
obelisk 4 0
sayers 1 0
cultivated 199 0
skinning 7 0
zurueckgerufen 2 0
ankgebet 1 0
rregularities 2 0
arnatic 2 0
equipments 5 0
deepens 8 0
oher 14 0
flipp 1 0
ohes 2 0
ohem 1 0
ohen 6 0
sayest 13 0
tearing 50 0
orghum 4 0
regulieren 1 0
wahrzunehmen 3 0
gschriebn 4 0
ergeant 5 0
ohin 7 0
aufstehe 2 0
ohio 1 0
eschwerlichkeit 6 0
fling 37 0
satyrical 4 0
latoun 5 0
imaigins 2 0
lbino 3 0
geendiget 4 0
roviant 2 0
pected 1 0
aufsteht 2 0
doffed 2 0
aufstehn 3 0
ipskoerner 1 0
onverted 2 0
chignons 2 0
seances 12 0
flink 2 0
heisst 63 0
membranes 1 0
unsterbliche 1 0
flint 26 0
crawling 31 0
ussenbleibens 1 0
earchus 1 0
rrung 1 0
nighthawk 2 0
hinanzufuehren 1 0
huitieme 1 0
totzuschlagen 1 0
betraf 9 0
ereward 3 0
lbion 3 0
betrat 6 0
verbittert 1 0
uperiority 10 0
betray 82 0
verbittern 1 0
decorate 7 0
tries 30 0
occupation 90 0
pectre 2 0
erhielte 2 0
inkoping 1 0
transpierced 1 0
trieb 34 0
vaster 9 0
tried 488 0
verschlinge 1 0
deepest 60 0
herman 4 0
outbreak 37 0
aufhielt 8 0
egraded 1 0
ailyal 2 0
nudder 36 0
pellation 1 0
sulked 1 0
cultivator 5 0
ohle 4 0
seventy 152 0
esichtspunkt 2 0
ungefuehltes 1 0
longings 9 0
metricians 1 0
harassed 13 0
losbrechen 2 0
yzantium 6 0
choss 29 0
sulker 1 0
ersaeufend 1 0
lockengelaeut 1 0
thoroughness 5 0
ausnehmendes 1 0
racas 1 0
trife 4 0
triff 1 0
nerfahrenheit 1 0
seventh 54 0
philosophizings 1 0
coyote 1 0
ntdeckungsreise 1 0
fatiguing 20 0
uncomeatable 1 0
erwaermt 1 0
unterfangen 1 0
debility 2 0
tions 13 0
auszusoehnen 1 0
ecords 9 0
aesefrau 1 0
dmirers 1 0
lantantram 10 0
confoundedly 2 0
rcheologists 1 0
verschlingt 3 0
thoroughly 253 0
ohne 932 0
umanit 2 0
ohns 10 0
uerfeln 1 0
vorzueilen 1 0
nmoegliches 4 0
tenuissima 2 0
vertraeumte 1 0
erzensangelegenheit 1 0
uestenstimme 1 0
strongest 161 0
gastronomic 1 0
frocks 3 0
unterworfene 1 0
flies 82 0
umult 12 0
oenige 35 0
nitiative 4 0
chops 3 0
ohlklang 1 0
trial 162 0
edaween 1 0
oenigs 37 0
reidenflecke 1 0
flieg 1 0
flieh 3 0
triad 2 0
moist 69 0
bridging 1 0
wielded 10 0
tropes 3 0
seids 5 0
chool 56 0
entstunden 1 0
ichaux 1 0
surviving 18 0
anticipators 2 0
ourneys 4 0
latons 2 0
staehlen 1 0
toepsel 1 0
ohow 1 0
races 97 0
tribe 70 0
pekulation 10 0
graciously 33 0
abbondantissima 1 0
infatuated 12 0
angley 2 0
staenkern 1 0
angles 63 0
seien 76 0
trict 3 0
niederschiessen 4 0
raced 6 0
snowcapped 1 0
trich 4 0
yestiddy 7 0
trick 107 0
pportunities 12 0
religionists 7 0
staunen 2 0
turreted 2 0
ichard 97 0
trice 1 0
champartie 1 0
chose 148 0
knoepfte 1 0
eidenbekehrer 1 0
asssay 1 0
bellyin 2 0
flick 1 0
icharn 9 0
sesshun 1 0
wertheraehnliches 1 0
anarchistic 1 0
mmerson 89 0
ohrs 1 0
herausragen 1 0
hretwillen 1 0
tride 2 0
martin 5 0
bulging 6 0
chord 10 0
ohre 2 0
appetite 67 0
ohun 1 0
entspring 1 0
erfuehrer 1 0
ildnisse 2 0
sehne 4 0
bienheureux 1 0
avenmassen 1 0
vineyards 33 0
rabin 427 0
hinabzustuermen 1 0
roomer 1 0
roomes 1 0
sehnt 6 0
rabic 21 0
mummeries 3 0
rabid 3 0
reproachfully 20 0
yaenen 1 0
rabia 4 0
encompass 6 0
ahnenbraten 1 0
baulkd 1 0
specifying 2 0
erfuehren 1 0
angled 5 0
baulks 1 0
shawls 3 0
ecovering 3 0
otouta 5 0
angler 2 0
aromas 1 0
showeth 5 0
ellowship 3 0
oewchen 2 0
tints 24 0
damming 1 0
eringschaetzung 1 0
trmisty 1 0
ausherr 4 0
isembarking 1 0
grocerly 1 0
hinzutrat 2 0
tropic 5 0
insane 23 0
hideously 4 0
trophy 4 0
ecovery 5 0
scolopendras 1 0
tanager 4 0
roomed 2 0
emporschlaegt 1 0
agheria 1 0
ippschaft 4 0
trophe 5 0
showers 30 0
embellish 4 0
marten 1 0
eightpence 36 0
raber 1 0
kaempfen 12 0
rabes 4 0
rabet 1 0
showery 1 0
rinagoras 1 0
gemaess 30 0
insame 2 0
zufallen 1 0
featured 9 0
fuerchteten 6 0
essinas 1 0
foal 3 0
rovinzialstadt 1 0
textures 2 0
foam 49 0
ontrary 20 0
features 202 0
eunzehntes 1 0
textured 5 0
betrog 10 0
inance 1 0
ondanello 1 0
pausieren 1 0
seeming 85 0
saplin 6 0
tinos 1 0
duplicate 16 0
rossmuettern 1 0
unkoerperlich 2 0
verwunderst 1 0
rueman 1 0
rdgebilde 1 0
rable 1 0
igenliebe 18 0
verwunderte 9 0
fucus 1 0
entsagte 1 0
unningham 12 0
pusillae 1 0
edanken 251 0
mycrophylla 1 0
chmutz 1 0
ekenntnis 10 0
talaria 1 0
umtun 2 0
oigtische 1 0
comfortabie 1 0
oerperbau 1 0
supporting 125 0
ouillier 1 0
uccour 1 0
ontrast 12 0
barometer 6 0
crayturs 2 0
ienerchen 2 0
heiser 2 0
abgefallen 2 0
signers 1 0
disannulling 1 0
earcher 2 0
flippant 4 0
chlimmerem 1 0
foes 37 0
ruelty 13 0
andeville 4 0
entsagen 20 0
innkeepers 2 0
einkam 1 0
singenden 1 0
mgeschlagen 1 0
dungings 1 0
rarifying 1 0
profundis 1 0
majestaetische 4 0
rained 16 0
comfortably 55 0
zapfenartig 1 0
resolvedly 1 0
durchtanzten 1 0
teacakes 1 0
tadtneuigkeiten 2 0
comfortable 163 0
egrafted 1 0
bfuehrung 1 0
manicure 1 0
necktie 2 0
olyglot 3 0
adilla 2 0
dacoits 2 0
fogs 5 0
ieblingsneigung 1 0
fogy 1 0
gehungert 1 0
umultes 1 0
funfzig 15 0
raines 1 0
dupes 11 0
durchstach 1 0
harrassing 2 0
concavity 4 0
leasings 5 0
nglaeubigen 3 0
iderscheine 3 0
duped 8 0
bewundernswuerdige 1 0
tropos 6 0
pocketing 2 0
proceeded 215 0
elementals 1 0
dacoity 4 0
festivity 2 0
anterbury 76 0
christenings 2 0
fois 2 0
ausgab 3 0
oice 35 0
elikan 1 0
discontent 44 0
indivisible 5 0
subservient 24 0
bbhorrence 1 0
erdunkeln 1 0
foil 8 0
insale 2 0
tlichemal 1 0
tusjeh 1 0
lockade 2 0
goings 5 0
ithyramben 1 0
neckten 5 0
arraigned 4 0
crouding 1 0
oubise 3 0
elementary 17 0
ellasses 1 0
ollation 2 0
perceive 195 0
pouraille 1 0
nimbler 1 0
temporals 1 0
loquar 1 0
vergroebert 1 0
sehts 2 0
lleinstehend 1 0
dissimulate 1 0
intermeddling 2 0
sehnliche 1 0
drafty 2 0
dvisers 1 0
dahinfliessen 1 0
colleges 43 0
drafts 9 0
einigemal 46 0
hynian 1 0
oide 1 0
roomie 2 0
jussione 1 0
flits 2 0
abzuhelfen 2 0
rejudice 32 0
memorieren 2 0
vermoege 5 0
indungsmittel 2 0
pelman 2 0
gedrucktes 1 0
fonc 1 0
fond 187 0
pangs 20 0
dreaden 1 0
nahezu 2 0
gedruckten 1 0
astecoats 1 0
finality 1 0
aa 33 0
ab 346 0
ac 120 0
egenseitig 1 0
ad 554 0
ae 54 0
af 44 0
metaphorical 3 0
ag 387 0
ah 57 0
supremacy 51 0
ai 78 0
aj 2 0
ak 12 0
unswerving 5 0
al 242 0
am 4808 0
scoffin 1 0
an 20027 0
dreaded 73 0
ao 9 0
ap 75 0
panic 42 0
preformest 1 0
aiutes 3 0
ar 727 0
fold 81 0
ranscripts 1 0
agalmaton 1 0
as 39072 0
at 24336 0
au 47 0
folg 3 0
av 1 0
impervious 7 0
aw 272 0
unmilitary 2 0
ahommedanism 5 0
ax 82 0
ay 1672 0
folk 273 0
foll 4 0
porches 5 0
ba 9 0
davongekommen 4 0
bb 4 0
hilinen 44 0
bd 1 0
beldame 1 0
be 35718 0
bi 11 0
riestley 3 0
bo 13 0
refinery 1 0
ingerbread 2 0
bt 25 0
bu 5 0
panes 18 0
fool 232 0
by 29558 0
bootmaker 2 0
panel 9 0
panem 1 0
ca 24 0
foot 693 0
michtna 2 0
tinct 1 0
summonzd 1 0
cc 3 0
cd 119 0
ce 20 0
cf 30 0
ch 2890 0
ci 5 0
ck 20 0
gorged 8 0
cl 1 0
cm 2 0
echseln 1 0
co 84 0
unmaessigsten 1 0
cp 2 0
food 516 0
fortarbeiten 1 0
fone 3 0
alastes 4 0
ct 359 0
ueberschwemmt 5 0
chmetterlingsblumen 2 0
cu 6 0
fong 1 0
cv 1 0
schreibend 1 0
partner 47 0
benddaemmerung 2 0
cy 2 0
teinplatten 1 0
versteinten 1 0
feuchtlichen 1 0
da 1578 0
heiron 1 0
font 8 0
dd 34 0
de 3075 0
dh 1 0
di 60 0
dm 1 0
interstices 13 0
congenial 29 0
dn 1 0
forc 16 0
do 7517 0
ford 20 0
fore 90 0
kaempfte 5 0
forg 2 0
ds 3 0
chaetzen 9 0
dt 7 0
du 1914 0
snare 20 0
usserdem 3 0
orgive 29 0
ssured 1 0
dy 7 0
rustlin 1 0
snark 1 0
miltary 1 0
ea 319 0
eb 172 0
ec 33 0
ed 260 0
gorges 18 0
ee 688 0
whimsically 1 0
durchdisputiert 1 0
ef 135 0
chnur 9 0
eg 262 0
eh 203 0
arching 6 0
ei 199 0
scoffer 6 0
aquae 2 0
scoffes 1 0
vials 5 0
ek 94 0
reiheit 139 0
el 65 0
em 299 0
snarl 7 0
en 3628 0
favored 25 0
eo 72 0
uhoerer 23 0
ep 10 0
er 10444 0
es 6052 0
quizzical 1 0
uhoeren 1 0
et 1779 0
eu 22 0
ev 272 0
ew 1308 0
nquisitor 3 0
ex 141 0
kingfishers 1 0
woodsy 1 0
ey 153 0
ez 124 0
ficult 1 0
fa 22 0
fops 2 0
fe 4 0
ispleasure 6 0
ff 14 0
fi 5 0
fl 7 0
fo 105 0
fote 5 0
fr 6 0
entwarf 1 0
onceived 1 0
ft 47 0
fu 8 0
igher 6 0
enticing 6 0
uetter 5 0
underestimating 1 0
fy 7 0
oily 6 0
rurvater 1 0
oils 5 0
uetten 7 0
obsolescent 3 0
fost 2 0
ga 6 0
ge 115 0
gg 13 0
gh 2 0
gi 3 0
recalled 78 0
gl 1 0
go 3123 0
gr 1 0
iarists 2 0
fori 1 0
fork 17 0
form 1532 0
viand 1 0
ha 106 0
cylinder 24 0
hb 1 0
fort 370 0
hc 1 0
hd 4 0
he 66520 0
achtposten 1 0
hh 4 0
hi 15 0
sehet 4 0
hl 2 0
hm 25 0
hn 16 0
ho 525 0
hr 781 0
hs 1 0
hu 2 0
foul 104 0
morpsen 1 0
hy 1184 0
intricate 38 0
foun 8 0
oint 223 0
xposito 1 0
zaudre 2 0
four 1337 0
fous 1 0
fout 1 0
ia 22 0
ib 63 0
ic 111 0
id 285 0
ie 4807 0
if 10055 0
ig 72 0
eglantere 1 0
ii 118 0
violently 79 0
onnenaufgang 10 0
ik 3 0
il 95 0
im 2401 0
efendant 1 0
einlud 4 0
in 93696 0
io 27 0
osting 1 0
subsistence 185 0
favouritism 1 0
ip 30 0
oing 27 0
ir 1702 0
is 46556 0
marshy 5 0
it 43064 0
oins 5 0
heires 2 0
iv 87 0
ix 171 0
iy 1 0
iz 5 0
delusions 11 0
ja 613 0
erstern 3 0
je 168 0
ndringen 1 0
abenteuerlichsten 1 0
seraglio 1 0
spernere 2 0
rungas 1 0
jo 18 0
dignes 1 0
ontrollership 1 0
reiherr 1 0
panne 2 0
sparkling 38 0
orkirche 1 0
tinks 1 0
ka 2 0
interspaces 2 0
kd 1 0
ke 40 0
precurseurs 1 0
herstellte 1 0
nahete 2 0
parlasia 1 0
ki 7 0
vassal 7 0
herzliche 9 0
ko 4 0
ostile 6 0
despairs 3 0
kt 82 0
rotracted 3 0
sullen 55 0
wooded 63 0
cknowledgmt 2 0
fowk 10 0
fowl 66 0
ky 7 0
pavade 2 0
insauf 2 0
la 204 0
uxiliis 2 0
lb 11 0
wooden 141 0
emachten 1 0
ld 343 0
le 131 0
lf 3 0
hilinna 1 0
woodes 4 0
li 41 0
inatant 1 0
ll 2667 0
lm 10 0
ceruse 1 0
lo 124 0
lp 2 0
pants 13 0
entremettre 2 0
ls 293 0
lt 10 0
prelat 1 0
pursuant 3 0
raben 10 0
lu 2 0
ly 43 0
swagger 9 0
oist 2 0
ausend 4 0
panta 1 0
ma 93 0
crooning 3 0
me 12572 0
oise 13 0
woodly 1 0
mh 2 0
mi 15 0
anweisen 4 0
mm 9 0
mo 191 0
corpuscles 2 0
mp 1 0
tinge 15 0
ms 7 0
nwillig 1 0
mt 21 0
equinoctial 2 0
my 15743 0
rontenac 1 0
rrtum 29 0
roughest 4 0
na 57 0
marriageable 6 0
nd 12061 0
ne 1172 0
hollaendische 1 0
ng 41 0
oire 33 0
leeting 1 0
ni 4 0
olkenbilder 1 0
schlaegst 4 0
nk 3 0
nn 43 0
no 12495 0
vivified 3 0
ns 31 0
dunno 15 0
inexpensive 2 0
nt 13 0
rungen 1 0
ny 96 0
nz 2 0
marser 8 0
archiel 1 0
oa 8 0
gestochene 1 0
ob 605 0
inanis 1 0
oc 35 0
ussbaum 2 0
od 2422 0
oe 69 0
eyton 2 0
of 186221 0
glesen 3 0
og 34 0
triftigen 1 0
eitlaeufigkeiten 1 0
oh 116 0
trachte 1 0
oi 1 0
vivifies 2 0
ok 2 0
ol 201 0
om 447 0
on 23560 0
tingy 1 0
oo 65 0
op 75 0
rabbe 2 0
or 26540 0
os 45 0
ot 844 0
opying 2 0
ou 3286 0
ov 43 0
utterglueck 1 0
ow 2575 0
ox 580 0
oy 82 0
arnasso 1 0
oz 17 0
rabbi 1 0
oitu 1 0
aemter 1 0
pa 34 0
genealogischen 1 0
missionaires 1 0
oisy 5 0
pe 12 0
pg 94 0
ph 14 0
verbuendet 3 0
pi 3 0
obsequies 2 0
beguetigen 2 0
sehen 772 0
nference 1 0
pm 4 0
infringement 69 0
po 20 0
gewuenschte 4 0
pp 212 0
pr 8 0
pheasants 9 0
pu 2 0
py 20 0
maintaind 5 0
nwillen 16 0
maintaine 1 0
choly 2 0
affeebudentuere 1 0
influsse 1 0
choke 9 0
qr 2 0
qu 6 0
rayless 3 0
ra 17 0
mittendrin 1 0
rb 2 0
wheedle 2 0
rc 5 0
rd 58 0
re 1052 0
bespricht 1 0
iretote 1 0
sixpunce 1 0
ri 25 0
lgates 3 0
treffliche 40 0
opposd 5 0
ountains 49 0
rk 3 0
oppose 86 0
tutoyer 2 0
emportrug 1 0
rm 93 0
rn 2 0
ro 10 0
hinangezogen 1 0
egruendung 1 0
nfidelity 6 0
rr 3 0
rs 2137 0
rt 751 0
ry 239 0
rz 4 0
segne 5 0
fandst 2 0
derided 4 0
ersteht 2 0
mpatient 2 0
sa 13 0
hellfire 1 0
sc 2 0
sd 1 0
se 223 0
segno 1 0
chont 1 0
segni 1 0
sh 22 0
arrison 66 0
auseth 3 0
si 24 0
ugendkraefte 1 0
sk 23 0
womanlike 1 0
lecture 59 0
snags 1 0
magnate 6 0
sn 33 0
so 20378 0
sq 39 0
segnt 1 0
maintains 44 0
ss 14 0
repartees 3 0
st 472 0
su 17 0
decision 155 0
abominable 51 0
chenkenbuch 3 0
nquisiten 2 0
chomp 1 0
ta 26 0
reechoed 2 0
tc 1 0
te 16 0
th 1228 0
cantonment 2 0
ti 5 0
gether 4 0
tl 4 0
tm 352 0
to 132274 0
usbruch 7 0
ollwerk 2 0
tr 5 0
ts 243 0
tt 5 0
tu 45 0
angman 1 0
insignificancy 1 0
ruende 18 0
ty 6 0
wilfulness 5 0
auptverhaeltnis 1 0
ausgestopftes 1 0
wayward 10 0
abominably 9 0
ausgestopften 3 0
olleres 1 0
arcomanni 1 0
ua 2 0
ub 27 0
onzil 1 0
uc 29 0
ud 39 0
insignificance 19 0
ue 56 0
uf 256 0
ug 100 0
orgies 7 0
uh 40 0
compensating 15 0
entpresst 1 0
ui 14 0
uk 14 0
ul 1 0
um 2107 0
eizungen 45 0
perdere 1 0
un 740 0
uo 1 0
up 7302 0
erbarmt 1 0
ur 720 0
us 5905 0
buckboard 4 0
ut 9100 0
rraten 1 0
uv 10 0
ux 2 0
timme 178 0
uy 16 0
uz 28 0
alentchen 1 0
psalt 3 0
aushaelterisch 1 0
va 12 0
eviation 1 0
erbarme 1 0
ve 800 0
beizubehalten 2 0
vi 66 0
aufwerfen 1 0
protesting 10 0
silhouette 1 0
vo 13 0
garnichts 1 0
vu 2 0
efasste 1 0
vormalte 1 0
behindhand 1 0
snack 1 0
wa 32 0
erheat 1 0
wd 26 0
wrongdoings 1 0
aufzustehen 3 0
rausamkeit 8 0
we 12785 0
expeditiously 5 0
wi 82 0
psala 17 0
summoned 75 0
chreckenshand 1 0
wl 1 0
wn 7 0
wo 1143 0
summoner 2 0
ws 2 0
erhead 4 0
verdunkelte 1 0
aufnehmen 15 0
hinausfuehrte 1 0
paradoxes 6 0
psalm 11 0
rrrrraaa 1 0
whalefins 1 0
auncefote 1 0
counterpoising 1 0
erhebt 19 0
xe 4 0
ights 145 0
vacancies 14 0
xi 44 0
ruenes 1 0
choir 50 0
gethan 9 0
ighty 16 0
compensation 46 0
undistinguishing 1 0
xt 3 0
erhebe 1 0
ruenen 2 0
xv 9 0
xx 5 0
ighte 5 0
ighth 8 0
ranghton 2 0
unrighteously 1 0
ya 3 0
dragon 23 0
erstoerer 2 0
bezognen 1 0
verschuettet 6 0
ye 1323 0
troops 203 0
perusing 9 0
yi 2 0
eneralship 2 0
naturalist 13 0
hervorstachen 1 0
forthwith 43 0
yl 1 0
ym 1 0
verschuetten 1 0
yo 172 0
orgias 5 0
yp 2 0
yr 7 0
ys 2 0
yt 1 0
yu 1 0
reethinker 1 0
intricacy 2 0
inconclusive 4 0
ournely 1 0
za 1 0
chmuck 14 0
ofmeisterin 1 0
entence 17 0
misfortune 118 0
ze 1 0
churches 93 0
haeufig 21 0
unbedingtes 2 0
lightens 4 0
chock 4 0
hingebende 1 0
unbedingten 6 0
zu 11865 0
breakage 1 0
ascertaining 24 0
troope 1 0
hinschwammen 1 0
sphinxes 1 0
gravitate 2 0
arquisate 1 0
conservatories 1 0
fancifully 2 0
gloriously 18 0
neckses 1 0
erklaerung 2 0
haeufen 9 0
sublimate 2 0
scoffed 4 0
atingeing 1 0
haeufet 1 0
resembling 66 0
copten 1 0
watchfulness 10 0
snaps 1 0
agefahrt 1 0
rizes 4 0
suspect 171 0
kotos 2 0
ewaesch 1 0
buttered 6 0
elspartien 1 0
artigem 1 0
idling 8 0
shrilly 5 0
artigen 12 0
rizel 1 0
oolies 2 0
ofasa 1 0
trickling 6 0
artiger 7 0
artiges 18 0
choen 12 0
troonk 1 0
amanuensis 2 0
arpagon 2 0
verunglueckten 2 0
chwaenzeln 1 0
gasping 18 0
luecksprinz 1 0
oethius 10 0
xcys 3 0
snail 1 0
fanden 95 0
palatinischen 1 0
ooliness 1 0
dignos 1 0
lightest 15 0
disaffection 15 0
impetus 6 0
brutalized 3 0
ecuperate 1 0
eitenstoss 1 0
asquerade 1 0
tariffs 6 0
aquis 1 0
herstellen 2 0
paned 2 0
panee 2 0
ompensations 1 0
prurient 1 0
appoints 7 0
guttatus 1 0
reudengeschrei 4 0
unbolted 2 0
lighters 3 0
evolting 1 0
pands 1 0
igentuemliche 3 0
rinkschalen 1 0
osalinds 1 0
aufgefundenen 1 0
gewuenschet 1 0
snake 68 0
candles 68 0
elilah 2 0
misspeak 1 0
biegsame 1 0
ierkenner 1 0
disappointing 7 0
snaky 2 0
blivion 1 0
dreifach 11 0
lighteth 1 0
verstossen 13 0
ichtsein 1 0
rarify 2 0
ighly 1 0
choak 2 0
contrasting 13 0
appraisement 1 0
heiraten 27 0
omeliness 2 0
gondolier 2 0
heiratet 2 0
reimaurer 2 0
zauberischem 1 0
choat 1 0
elustigung 1 0
kurios 7 0
zauberischen 4 0
milkmaid 1 0
zauberischer 1 0
olystratus 1 0
angsam 7 0
protectorship 1 0
hookeriahs 1 0
superceded 2 0
herbeigezogene 1 0
collusion 8 0
ornamenting 4 0
adison 6 0
virgin 20 0
filius 1 0
antomime 4 0
ehern 1 0
vakant 1 0
nbequeme 1 0
phantasms 9 0
ausgekluegelt 1 0
ghostly 26 0
marrow 17 0
reimbursed 1 0
taatsglieder 1 0
annicht 1 0
aufweisen 2 0
eluebdes 1 0
eluebden 1 0
adelritze 1 0
anybody 196 0
dringenden 5 0
masters 268 0
dringender 3 0
abgesondert 5 0
mastery 36 0
olfgang 86 0
cellarer 1 0
eriving 1 0
occidentalis 1 0
zerquetscht 2 0
uoadembi 1 0
abstossend 1 0
uccumb 1 0
erenize 1 0
giveaway 1 0
leichtfertige 5 0
verwundeten 4 0
ethesda 1 0
aufgegeben 11 0
fuenf 33 0
hrbarkeit 3 0
pitchfork 1 0
verwundetes 3 0
posing 4 0
naeherzutreten 1 0
raeca 4 0
hergefahren 1 0
idlely 1 0
raeci 1 0
raece 1 0
grandsires 2 0
imitate 86 0
demeure 1 0
roseate 5 0
catechising 2 0
dogfish 1 0
verlassen 119 0
tracing 5 0
totschlug 1 0
zurueckzulegen 1 0
akadayama 1 0
sleighs 2 0
sleight 24 0
hergab 1 0
posita 1 0
iggers 4 0
posite 1 0
pfeifen 2 0
flooring 1 0
mpertinent 1 0
mpertinenz 1 0
resumptuous 1 0
bloodhound 3 0
erzeugt 9 0
charakterisieren 1 0
ablehnte 1 0
fuehr 9 0
iggest 1 0
afflictions 7 0
eheld 1 0
swingin 4 0
ontentment 2 0
chnuerbrust 1 0
halfway 14 0
absangen 1 0
enediktbeuern 2 0
ewaechse 2 0
stechen 2 0
cowardly 53 0
deutlichste 3 0
hoffentlich 3 0
inject 1 0
heimin 2 0
fuege 3 0
raege 1 0
cannibalism 1 0
anfechten 1 0
eefeld 1 0
decisive 94 0
williams 1 0
spielt 19 0
isturbed 1 0
postrophe 3 0
edchamber 2 0
sneer 22 0
aeusten 2 0
begegneten 6 0
fuehl 25 0
quadrupeds 4 0
coyotes 1 0
vescovo 1 0
fuegt 1 0
laechen 14 0
surtout 2 0
bequemte 4 0
armselig 1 0
hundred 1548 0
nabhaengiges 1 0
agestolz 2 0
haertere 1 0
magnificent 155 0
andgrave 2 0
constition 1 0
overcrowding 1 0
abessen 1 0
handkerchief 74 0
uechse 10 0
befragest 1 0
verzauberter 1 0
angedeuteten 1 0
etersfield 1 0
thecked 1 0
posies 1 0
haertest 1 0
raeco 2 0
nkoemmlinge 5 0
inferni 1 0
chronicle 10 0
inferno 2 0
sacramental 2 0
conduce 22 0
ehaelt 2 0
garniture 3 0
earlier 184 0
expostulate 3 0
besorge 1 0
cocking 1 0
chinono 3 0
mustering 2 0
sneak 4 0
besorgt 28 0
gruppenweise 1 0
chiefess 5 0
chiefest 7 0
hornpipe 2 0
aggestan 1 0
reciprocate 1 0
zerbrochenen 1 0
elixirs 1 0
pretences 14 0
usssohlen 1 0
nachschickten 1 0
matoria 2 0
abdomen 3 0
loszureissen 7 0
perused 13 0
appalled 22 0
restoring 38 0
untergeordnete 1 0
zurueckbrachte 1 0
retards 5 0
glaesernen 1 0
efaehrte 7 0
ochelle 25 0
artials 1 0
rrgaerten 1 0
eineid 1 0
auerngsindel 1 0
spiele 2 0
rrayed 7 0
umatra 3 0
avaceppis 1 0
angereuses 1 0
twittered 1 0
eggescheucht 1 0
conduct 609 0
idlers 1 0
erenity 4 0
peruses 1 0
kochten 1 0
anstehenden 1 0
marred 14 0
coffins 12 0
ablehnen 2 0
marschieren 3 0
daintiest 2 0
bibles 3 0
lessen 40 0
lesser 47 0
seguono 1 0
unwohl 1 0
resisteth 1 0
immerwaehrende 3 0
disdaind 1 0
ploetzlich 35 0
omoedianten 1 0
zuwinkte 1 0
videt 1 0
monstrosity 4 0
radle 1 0
circle 218 0
eitmangel 1 0
effnungen 1 0
sophisticated 2 0
abnehmende 1 0
ydians 1 0
coverchiefs 1 0
allverderblichen 1 0
laechle 1 0
afreets 1 0
vidit 1 0
archaic 4 0
seeding 1 0
ertinacious 1 0
aufgeschuettetes 1 0
honours 95 0
oeffnungen 7 0
aufgeschuetteten 1 0
convict 10 0
absteigen 1 0
contriver 2 0
contrives 6 0
dorischen 1 0
eferred 1 0
honourd 1 0
angehoerend 1 0
chulstaub 1 0
loominary 1 0
perusal 36 0
irrend 1 0
auseinanderliefen 1 0
contrived 66 0
undiluted 1 0
ekanntschaften 8 0
checkd 1 0
anointed 5 0
erbaute 3 0
prepar 4 0
arrings 1 0
chrnv 4 0
lessis 4 0
impolitic 17 0
charakterisierte 1 0
despaird 1 0
philomathique 1 0
teifigkeit 1 0
ordringen 2 0
verwoehnt 9 0
ekklesian 1 0
sorgfaeltigsten 2 0
nbegreiflichem 1 0
nbegreiflichen 1 0
checks 16 0
archant 3 0
illeneuve 9 0
vorgefunden 2 0
einsamer 2 0
tandpunkte 3 0
vided 1 0
unconning 3 0
einsamen 13 0
zahlreich 3 0
exercising 50 0
einfallen 10 0
untenable 8 0
disdains 6 0
venomous 17 0
tipsy 13 0
usurping 5 0
aeussre 2 0
intrudes 1 0
blaettert 1 0
contemptuously 15 0
ungeheuchelt 1 0
chocolates 1 0
urchschnitt 5 0
herausstoesst 1 0
intruder 14 0
intruded 4 0
raitor 5 0
teifheit 2 0
counterpled 1 0
satirische 1 0
bookworm 1 0
ugvoegeln 1 0
lessly 2 0
jewise 2 0
delightful 179 0
raesonierend 1 0
bequemer 10 0
bequemes 4 0
circum 3 0
bequemen 12 0
wheeled 33 0
aggravation 11 0
radus 1 0
bequemem 1 0
psaltry 1 0
rustler 1 0
digger 2 0
rustles 1 0
umbling 2 0
universities 77 0
erchance 4 0
innerhalb 8 0
gezogenes 1 0
digged 7 0
eigungen 25 0
circus 14 0
gezogenen 2 0
nglaube 1 0
tiding 8 0
deprivd 3 0
deprive 48 0
ngreifende 2 0
rustled 11 0
ausgeruht 2 0
okay 2 0
aggravating 4 0
collusive 1 0
ipers 1 0
stationed 28 0
staunend 5 0
lesson 111 0
epulcralia 2 0
lessor 1 0
chrie 1 0
marque 2 0
oppelbuechse 1 0
tidily 1 0
okal 10 0
perfunctory 2 0
declarationis 1 0
luegelwagen 1 0
durft 6 0
biographers 11 0
losfahren 1 0
jocund 2 0
perceivable 2 0
feuriges 1 0
aturity 1 0
ermented 1 0
feuriger 3 0
feurigem 1 0
feurigen 13 0
erhoehter 1 0
aufgebauet 1 0
gemacht 343 0
aedileship 1 0
preponderancy 1 0
aemonologie 1 0
erhoehten 7 0
preponderance 7 0
eluding 6 0
apoikia 1 0
eingeaeschert 1 0
geschmackloses 1 0
wheeler 2 0
hopeth 1 0
naxarchus 1 0
riegsknechte 1 0
geschmacklosen 2 0
aufsparen 1 0
fuess 1 0
askade 1 0
marquees 1 0
katchipa 1 0
wegzuwaschen 1 0
erenice 3 0
jedesmaligen 1 0
athandlungen 1 0
stolzierten 2 0
jedesmaliges 1 0
durch 1838 0
ebengaesschen 2 0
okey 1 0
haschten 1 0
orryster 2 0
iscoursing 6 0
pertinently 3 0
stimulate 18 0
oken 4 0
chrei 11 0
hyemes 1 0
oker 4 0
okes 4 0
ehest 2 0
katchina 7 0
polished 84 0
duren 1 0
fixings 1 0
dures 1 0
ausgebrochen 2 0
shuddering 13 0
mokin 1 0
rediscovered 1 0
verfuegt 1 0
polishes 2 0
kattunenen 1 0
fuers 16 0
acquiese 1 0
unstete 1 0
pendicular 1 0
sluttishness 1 0
fuern 3 0
rinders 3 0
rgewaessers 1 0
roosts 1 0
eheul 4 0
fuere 1 0
monstrous 64 0
ordinaeren 1 0
appals 1 0
appall 2 0
ordinaerer 1 0
einsperrten 1 0
irtuosin 1 0
jewelled 2 0
jeweller 6 0
stimulant 2 0
appreciate 51 0
lavishly 10 0
itterschaftlichen 1 0
preference 97 0
andlemass 1 0
grausend 1 0
arithmetician 5 0
ausendgueldenkraut 1 0
onducts 1 0
udringlichkeit 4 0
okio 1 0
timorous 3 0
nwemmed 1 0
agabund 2 0
ungeschickte 2 0
erbauen 9 0
ueberfalle 1 0
erbauet 3 0
chattelhood 1 0
ueberfalls 1 0
bleibende 2 0
eidelbeerkompotte 1 0
graulichgruenen 1 0
conjuration 2 0
appair 1 0
beglaubtesten 1 0
seashore 5 0
unterbreche 1 0
gekraenkten 1 0
xenstierna 1 0
clarionings 1 0
nvasions 5 0
edlinger 1 0
singbares 1 0
erwuestung 1 0
gekraenkter 1 0
convinc 10 0
diggin 1 0
galant 2 0
anctorius 1 0
causeway 10 0
entziffern 3 0
ronside 1 0
iebesgeschichte 5 0
unkoerperlicher 1 0
aufgezogenen 1 0
perpetrated 21 0
nkarnat 1 0
homeness 1 0
oestliche 1 0
gymnastic 39 0
trough 30 0
aufgezogenes 1 0
onotonie 1 0
heilen 16 0
horseback 66 0
betwix 1 0
rosebud 3 0
heilet 1 0
yokels 1 0
analytical 3 0
llusions 1 0
ursuits 4 0
heilig 27 0
fudge 1 0
herunterzukommen 1 0
cursory 8 0
elephus 4 0
partisans 16 0
gemaeht 1 0
eichsalraun 1 0
shameful 38 0
hristoph 6 0
hingesollt 1 0
unkoerperlichen 3 0
nondago 1 0
elbstgenuss 1 0
taeusche 1 0
nondaga 1 0
inally 96 0
lasflaeschchen 1 0
nudged 1 0
unabaenderlich 1 0
heresa 27 0
erchante 1 0
herbeihinkte 1 0
prophetess 3 0
droppes 3 0
irrefutable 1 0
dropped 229 0
lavished 17 0
erchants 83 0
raden 1 0
ausgenossen 8 0
nfrieden 2 0
eissblatt 1 0
kitten 4 0
gefaehrdet 1 0
itching 2 0
nlasse 1 0
erhaeltnisweise 1 0
entschluepftem 1 0
seltsame 18 0
feavourish 1 0
irrete 1 0
unthrift 2 0
outvote 1 0
mantelpiece 10 0
brackets 17 0
bestuerzt 8 0
schmerzliches 1 0
maligned 1 0
schmerzlicher 4 0
comprehended 50 0
lavishes 4 0
schmerzlichen 7 0
betruebter 2 0
ehden 1 0
instantaneous 10 0
rueste 3 0
chlinge 2 0
invocations 1 0
stillborn 2 0
efaehrten 13 0
uetzen 3 0
annibal 27 0
hereto 10 0
ergeben 28 0
hasiphae 1 0
betruebten 3 0
arathonis 2 0
rootin 1 0
piccadilly 1 0
fuddl 1 0
oissonnier 1 0
heresy 60 0
ruesse 7 0
brownish 8 0
hereso 4 0
aussergewoehnlich 1 0
raubuenden 4 0
presumptuous 16 0
preachments 1 0
ountrymen 67 0
chlafenden 1 0
ebbles 2 0
ebraska 10 0
ruesst 4 0
herese 64 0
radii 1 0
nachzugehen 2 0
norimons 1 0
ollknaeuel 1 0
iertanz 2 0
radin 1 0
ausknecht 5 0
ehmpuppe 1 0
roeffnung 2 0
kelton 1 0
kittar 10 0
burnside 1 0
nchanted 2 0
upward 65 0
discounted 8 0
guineas 31 0
supefluity 1 0
filial 26 0
entfremdet 1 0
ueppigsten 1 0
divisible 5 0
uswaschen 1 0
etruges 1 0
geschaetzter 2 0
geschaetztes 1 0
nchanter 1 0
discounter 1 0
corporations 35 0
designation 10 0
andermal 13 0
anderman 1 0
entfremden 1 0
frae 31 0
xhausting 1 0
eichsknechte 2 0
frag 8 0
fatiguingly 1 0
fram 2 0
rootes 1 0
fran 1 0
sestertii 5 0
angste 1 0
edemptoris 2 0
irektor 20 0
bweichung 1 0
larinetten 1 0
kiesige 1 0
merkwuerdigsten 1 0
feuerroten 1 0
rooted 39 0
uerimoniis 1 0
axwell 9 0
rieselnden 1 0
untergeschobenen 1 0
alakaua 7 0
bedenke 8 0
itstifter 1 0
lessed 33 0
untergeschobenes 2 0
lessee 3 0
pretended 126 0
erivativis 1 0
gastfreien 1 0
vestiments 1 0
naechstemal 2 0
concerning 331 0
inaldo 2 0
ountryman 11 0
conventional 54 0
puzzle 30 0
rader 6 0
pretender 6 0
rades 10 0
eculeres 1 0
ichtigste 1 0
hinzueilte 1 0
bedenkt 11 0
runnen 41 0
afiteau 1 0
miscarry 4 0
racks 16 0
trims 2 0
vicen 3 0
arriman 5 0
runned 2 0
vices 106 0
roprietary 11 0
massacre 25 0
eschwindigkeit 13 0
rieseln 1 0
torpidity 1 0
runner 19 0
vealed 3 0
loesest 1 0
zackly 6 0
herein 126 0
trink 2 0
fray 6 0
aufquellender 1 0
trine 1 0
tring 3 0
ausgeliehene 1 0
aufstand 8 0
frei 104 0
tention 2 0
frem 1 0
fren 1 0
fret 20 0
freu 3 0
aufsprangen 1 0
ernhard 1 0
reptant 1 0
auslas 1 0
racht 46 0
eigentuemlichem 1 0
ebensplunder 1 0
aufschrie 1 0
free 1273 0
galaxy 2 0
verhuellt 4 0
harbourage 3 0
ntergang 6 0
rebellion 78 0
rache 4 0
umschwebe 1 0
ogmatic 2 0
perpetrator 2 0
eigentuemlichen 4 0
indfleisch 2 0
seisd 1 0
rachm 1 0
befiederten 1 0
emorseless 1 0
aharmed 1 0
trips 23 0
afraid 439 0
cessation 23 0
uinenluecke 1 0
trawlers 2 0
seist 6 0
eliefe 26 0
runnin 12 0
aushauchende 1 0
racow 3 0
visitation 9 0
eitvertreib 5 0
niggardly 8 0
symbolizing 1 0
delighteth 1 0
nwaelte 3 0
glimmer 24 0
zackig 1 0
rebelling 3 0
mercifully 8 0
quarrelling 25 0
einest 2 0
supplieren 1 0
urueckhaltenden 1 0
rzaehlungen 17 0
ccomplishment 6 0
inspect 11 0
zurueckgebracht 6 0
disadvantageous 27 0
exhorts 5 0
kittle 3 0
soothing 26 0
chiliens 1 0
eckerei 2 0
macularius 1 0
requer 2 0
seine 1513 0
zugewinkt 1 0
scabbards 5 0
pitous 1 0
canvass 6 0
apophthegm 3 0
fric 3 0
seins 1 0
fretting 7 0
seint 3 0
trike 1 0
trouva 1 0
wuchern 1 0
eckeres 1 0
vicar 55 0
hereon 4 0
trill 3 0
pompously 4 0
rchenholzens 1 0
andbild 1 0
racle 2 0
venerable 58 0
ethodists 8 0
hereof 19 0
olan 5 0
kittly 1 0
trouve 1 0
trive 2 0
auptinteresse 1 0
uecher 50 0
horridness 2 0
liedern 12 0
olea 31 0
durchgewaermt 1 0
tueckwerke 1 0
corruptable 1 0
olds 7 0
abjagt 1 0
begrabt 1 0
galary 1 0
triul 1 0
turquoises 5 0
archewyves 1 0
trium 2 0
oenitentia 1 0
hereas 49 0
erkmale 1 0
hereat 4 0
finishin 1 0
naturalizations 1 0
nheimgegebene 1 0
bedienten 2 0
landlubber 1 0
ausgepackt 2 0
olde 92 0
rubifying 1 0
filing 3 0
huerschwelle 1 0
olch 21 0
uggiero 2 0
falsehead 2 0
elladilla 7 0
beckoned 10 0
uechen 1 0
durchfuhr 1 0
anzustrengen 1 0
fechting 1 0
ogitata 7 0
glanzenden 1 0
crustily 1 0
olga 1 0
repastination 1 0
aptures 2 0
seizd 5 0
seize 81 0
tracked 7 0
chutzes 1 0
requir 7 0
olge 79 0
inquiringly 9 0
papal 92 0
laetzen 10 0
retensions 5 0
tracker 3 0
finishes 2 0
heidias 1 0
eighborhood 4 0
olfs 4 0
hambery 1 0
hambers 11 0
magnificance 1 0
oley 2 0
olfe 5 0
unntag 2 0
olem 28 0
olen 2 0
culture 70 0
olet 6 0
paternity 3 0
hereby 67 0
erfuehrerinnen 1 0
oler 2 0
oles 13 0
elievo 1 0
fros 1 0
rootlets 1 0
froy 1 0
eigentliche 20 0
erdrusses 5 0
olid 3 0
graceful 117 0
olie 1 0
utomaten 1 0
elieve 38 0
irtuosen 2 0
ursuing 3 0
wehend 4 0
frog 37 0
froh 75 0
aristocratic 30 0
nephew 62 0
from 21216 0
eburtstage 3 0
ankbesuche 1 0
anderloo 1 0
hinzueilen 1 0
smells 26 0
finished 267 0
ichael 330 0
ignobler 1 0
ccustomed 2 0
tallknechte 4 0
bestuermt 2 0
downhearted 1 0
incalculable 15 0
fortress 38 0
etrurische 1 0
determinations 8 0
hearkened 2 0
incalculably 1 0
olgt 2 0
undissolved 2 0
herziehen 1 0
olke 62 0
trite 12 0
vermoegend 9 0
unthrive 1 0
unaussprechlich 11 0
tenpence 9 0
paper 681 0
papes 2 0
blutbefleckten 1 0
smelle 2 0
anhattan 6 0
excreted 1 0
tanwix 2 0
verbleibn 3 0
voruebergeht 1 0
aidges 1 0
hebaiou 2 0
racts 2 0
verbleibt 4 0
hinunterrufen 1 0
stomping 1 0
voruebergehe 2 0
olis 2 0
tritt 73 0
olim 3 0
vintners 2 0
olin 5 0
ristotelian 3 0
olio 7 0
voruebergehn 1 0
esuchenden 2 0
olit 3 0
efassa 1 0
olma 4 0
ulcinea 2 0
gratifies 2 0
irections 15 0
possenhafte 1 0
fierceness 7 0
gratifier 1 0
olls 8 0
versehen 18 0
ollt 23 0
ollo 1 0
eprobating 1 0
gratified 51 0
niederfallend 1 0
herian 1 0
olly 277 0
ungraceful 4 0
chamroete 1 0
heriak 1 0
olle 97 0
sapped 2 0
heriah 1 0
ntferne 1 0
olln 1 0
passd 14 0
passe 9 0
adapted 110 0
olli 1 0
labyrinthischen 1 0
olks 78 0
ehagen 17 0
erloesen 1 0
protesters 1 0
mergency 11 0
eprobation 1 0
chter 1 0
dissertations 4 0
chtes 16 0
trochaic 2 0
chtet 1 0
arriott 1 0
cerebri 1 0
chwagern 4 0
ntfernt 1 0
rhetorical 6 0
providing 68 0
olon 19 0
insistence 8 0
dienstfertig 2 0
ppressions 5 0
kindled 34 0
antucket 8 0
insistency 1 0
chlusslied 1 0
almatien 3 0
delighting 6 0
supporters 68 0
castus 6 0
instalment 3 0
ungewoehnliche 4 0
herblinkt 1 0
crochet 3 0
eingab 3 0
farthingale 1 0
totter 4 0
demeaned 1 0
fruh 4 0
proclamations 10 0
riestertum 2 0
wartest 1 0
praeter 1 0
angemessensten 1 0
aufjauchzte 1 0
zusammengebracht 3 0
affectare 1 0
erkoemmlichen 1 0
hebaica 1 0
opiland 6 0
begonnenen 1 0
numeration 2 0
wartete 22 0
communicate 111 0
espotism 9 0
heriff 55 0
demesne 2 0
slacke 3 0
gekannt 37 0
rustics 2 0
fortunately 62 0
onumentorum 1 0
otwendig 2 0
gfoppt 1 0
herifa 1 0
ueberbringer 1 0
negligence 38 0
repeating 51 0
insecure 14 0
breakers 17 0
ungezwungner 1 0
entgegenwirkende 1 0
olph 1 0
breaketh 1 0
brasses 3 0
vermannigfaltigen 2 0
ueberbringen 3 0
article 123 0
heried 6 0
rages 3 0
olor 5 0
ragen 65 0
cabbin 2 0
distemper 8 0
glaophon 1 0
vorrueckt 1 0
applauded 25 0
ndianische 1 0
raged 17 0
abschneiden 5 0
semel 1 0
ighfalutin 3 0
requisitions 7 0
paste 16 0
abschneidet 3 0
nleitungen 1 0
zureichte 1 0
unterstuetzten 1 0
crapings 1 0
eutsch 8 0
previously 101 0
cheats 6 0
passt 11 0
arbeitende 1 0
mbrella 1 0
nitrogen 5 0
humidam 1 0
perlingen 1 0
ltair 1 0
zutrinken 1 0
chickadees 2 0
weshalb 3 0
verhead 2 0
esellen 20 0
ddams 1 0
lcinous 5 0
pasty 3 0
swabs 1 0
particl 1 0
unguenstig 6 0
emocrat 5 0
ielgefaltet 1 0
overflood 2 0
subconscious 19 0
ummerei 3 0
eliges 1 0
olus 2 0
beratschlagen 2 0
number 1344 0
obedience 157 0
casual 38 0
ohammedans 1 0
aximian 2 0
rautleute 1 0
nundation 1 0
olts 7 0
nvollkommenen 1 0
ccomplice 1 0
swinish 2 0
bundantly 2 0
fathomed 3 0
praetor 1 0
ltale 1 0
partial 99 0
olta 1 0
herumgejagt 1 0
pictorial 14 0
serfdom 1 0
tablespoonfuls 1 0
erwaendt 1 0
temzug 3 0
whoremonger 1 0
trothe 14 0
zusammendrueckte 1 0
uffassen 1 0
hereditarily 1 0
steilsten 3 0
numbed 1 0
usbleiben 1 0
entscheidend 4 0
ontradicente 1 0
vertilgen 3 0
filled 442 0
alternates 2 0
tanton 15 0
raggs 4 0
particu 1 0
fillet 6 0
gleichermassen 1 0
alternated 6 0
gehohlt 2 0
ragon 14 0
nstar 1 0
semicircle 9 0
catcher 2 0
catches 10 0
kuemmerten 1 0
vertrocknete 1 0
enocrates 3 0
spiced 6 0
draengen 12 0
igentum 6 0
olyb 1 0
punctural 1 0
eligio 1 0
draenget 1 0
theorising 1 0
telegrams 10 0
vacillatingly 1 0
heiligsten 4 0
couples 14 0
couplet 23 0
elight 17 0
sacraments 28 0
ellasys 2 0
tantum 1 0
archipelago 1 0
dusts 1 0
catched 3 0
coupled 22 0
spices 15 0
deslander 1 0
dusty 33 0
allumstroemenden 1 0
rusting 5 0
domineering 7 0
inugawa 10 0
telegraph 25 0
nevermore 6 0
geweissagt 1 0
raversari 1 0
saying 613 0
alypsa 2 0
fillin 2 0
fillip 1 0
lapidary 1 0
verheiratete 5 0
ltare 8 0
umarmt 12 0
irectors 6 0
bendergoetzung 1 0
ntwortete 1 0
neurotic 1 0
irectory 3 0
alypso 3 0
andschrank 1 0
ltars 5 0
verheiratest 1 0
olze 1 0
undenkbar 1 0
ribaldry 9 0
selve 5 0
derpassen 1 0
exalted 57 0
utschenreihe 1 0
verschnappte 1 0
unstamped 1 0
ministration 4 0
unspoiled 1 0
rinklieds 1 0
portance 1 0
tantis 2 0
phigeniens 1 0
iarritz 1 0
fugitives 22 0
spheres 16 0
unnoetige 1 0
thunderstruck 2 0
anniversaries 2 0
ntirely 3 0
herangewachsen 6 0
ignen 2 0
apitummino 4 0
sphered 3 0
ignes 3 0
ignet 1 0
chiesst 2 0
herabstoert 1 0
onnentempel 2 0
auntrous 1 0
erkundigt 8 0
menagerie 6 0
uteroche 1 0
caster 1 0
recious 4 0
castes 6 0
unzaehlbaren 4 0
ythereian 1 0
casten 2 0
erlegten 1 0
deteriorates 1 0
igned 14 0
castel 1 0
turkentime 2 0
popular 378 0
rowdies 1 0
unbequemer 2 0
cinquefoil 1 0
unbequemen 4 0
deteriorated 5 0
missionaries 70 0
enschenkenner 1 0
eltteils 2 0
seemely 1 0
ostlin 1 0
eiterin 1 0
eltteile 1 0
speculator 5 0
traditionary 2 0
shifted 15 0
heophanous 1 0
uerstentums 1 0
castle 174 0
eschlechten 1 0
eschlechter 5 0
eschlechtes 2 0
bellten 1 0
ombs 2 0
purest 33 0
ombo 1 0
rafts 14 0
beschlagenen 1 0
omas 1 0
ecomen 1 0
eluesten 1 0
omat 7 0
riedericus 1 0
rafty 2 0
ecomes 4 0
tretend 4 0
screaming 25 0
euchtturms 4 0
signals 6 0
estfalen 1 0
unappalled 1 0
omae 1 0
bsicht 106 0
parties 269 0
marrying 58 0
omar 1 0
straightest 4 0
oman 655 0
momen 1 0
ottheiten 5 0
ignal 5 0
unlawful 22 0
runken 3 0
spheric 1 0
festhielt 3 0
augmented 74 0
hinangetrieben 1 0
gequaelt 14 0
bemerkenswuerdige 2 0
vigilance 32 0
madrigal 2 0
randstiftung 1 0
subordinierten 1 0
nonconformable 1 0
onsulate 14 0
castin 1 0
omdr 1 0
nospend 1 0
lattsburg 4 0
usshaende 1 0
yperborean 1 0
unpensiond 1 0
ucchesi 1 0
aushalt 2 0
aibel 9 0
aufzuwaelzen 1 0
vagueness 2 0
hergfahrn 1 0
eiteren 1 0
eiterei 1 0
egoziationen 1 0
absorbing 13 0
versehrt 3 0
obliedchen 1 0
ostler 3 0
eiteres 1 0
asslieben 2 0
vernommen 19 0
iaticum 1 0
ammonia 5 0
arpocrates 1 0
iustiniani 2 0
staunchest 1 0
glancing 41 0
erdiensten 11 0
ommernacht 3 0
picurus 13 0
castor 10 0
erdienstes 4 0
captivated 11 0
omez 21 0
speculates 3 0
hervorlockt 1 0
speculated 3 0
trotzt 2 0
anreizen 1 0
omen 162 0
captivates 3 0
zierender 1 0
nnerlichkeiten 2 0
omei 3 0
omes 17 0
omet 2 0
omeo 2 0
awaked 5 0
omer 126 0
arprelate 1 0
purely 104 0
botanische 6 0
pasha 1 0
ramshackle 2 0
eingenommenes 1 0
frumenty 1 0
nferior 4 0
omic 2 0
wofern 8 0
piscopate 1 0
aibab 24 0
eintauschen 2 0
generalship 8 0
comrade 33 0
scorpion 4 0
misconceiveth 1 0
bjections 20 0
eingenommener 1 0
uzonica 1 0
rachtfontaenen 1 0
festively 2 0
eingenommenen 2 0
rothingham 5 0
engraftment 2 0
finanzielle 1 0
chneckengang 1 0
issouri 21 0
aushahn 1 0
verjuengenden 1 0
absolviert 3 0
crusted 1 0
kindles 3 0
durchgezogenen 1 0
recondite 9 0
orifices 8 0
flippancy 5 0
denizen 1 0
glimpse 73 0
oollen 5 0
carload 3 0
parting 73 0
catchup 1 0
shright 2 0
omit 61 0
omme 3 0
mommy 1 0
omma 5 0
awaken 42 0
insgemein 2 0
awakes 13 0
snowballing 1 0
leissenburg 1 0
orglan 1 0
hinfaellig 2 0
phulkaris 1 0
draengte 27 0
kindlin 1 0
miracle 102 0
sprueht 1 0
ebtage 1 0
outang 1 0
opossums 1 0
engulfs 1 0
yander 6 0
eripatetic 2 0
sociability 2 0
uerkenbesiegerin 1 0
maroon 1 0
vorausgesetzt 7 0
tidies 1 0
unzerstoerten 1 0
ydeus 4 0
herfahren 1 0
offee 17 0
vertrieb 2 0
lauteste 1 0
pursuers 17 0
eleidigungen 2 0
populos 1 0
supremely 12 0
brandished 1 0
bookbinder 1 0
chomberg 1 0
offer 340 0
tidife 2 0
offen 54 0
selfe 5 0
recipes 1 0
slenderly 1 0
inadequacy 1 0
pursuest 1 0
heines 1 0
oennte 12 0
ausgebrannte 2 0
chuelerarbeit 1 0
ommt 37 0
metaphysische 3 0
enterbt 3 0
heiner 5 0
molle 1 0
erhaps 319 0
hampollion 1 0
selge 1 0
ommy 23 0
etruebt 1 0
wifehood 10 0
riendships 2 0
unfathomed 4 0
unversehrt 4 0
lookouts 1 0
verweichlichte 1 0
hrenzeugen 1 0
ompy 2 0
interpenetrate 1 0
ompu 2 0
ausgestellt 5 0
amlets 17 0
oppelschein 1 0
lutverlust 1 0
rodukte 5 0
entered 614 0
chsel 5 0
chsen 13 0
oulogne 3 0
fixation 2 0
digits 1 0
jupartie 1 0
ignorantia 1 0
selig 13 0
fastned 1 0
spider 14 0
pparent 1 0
introducunt 1 0
orschuessen 1 0
parte 6 0
belauerte 1 0
developed 83 0
parti 3 0
nzwischen 17 0
omry 1 0
whoppers 1 0
parta 16 0
offin 4 0
endricks 3 0
selbe 1 0
knuepfend 1 0
uenftig 1 0
ueberhorcht 1 0
heraustritt 1 0
omparable 1 0
tires 5 0
selbn 4 0
yders 1 0
efenders 1 0
ausschlenkern 1 0
gleichzeitig 3 0
ydern 1 0
defenses 3 0
parts 816 0
skedaddling 1 0
ephelococcygia 3 0
contemning 1 0
umsehe 4 0
erhalt 2 0
party 962 0
xpelled 2 0
visiting 64 0
sources 157 0
omus 7 0
blockin 1 0
depress 13 0
deprest 1 0
molti 1 0
parre 2 0
homeward 41 0
molte 1 0
silliest 1 0
geneigt 35 0
demerit 2 0
views 313 0
einher 5 0
assurances 23 0
historic 26 0
occultist 1 0
skating 3 0
entgegentoente 1 0
itnichten 6 0
eculiar 1 0
occultism 2 0
shipless 1 0
ausing 3 0
viewd 1 0
parry 7 0
disobey 13 0
ensalem 10 0
ignorantly 6 0
candour 24 0
developer 1 0
ipfel 57 0
athleticism 1 0
omte 17 0
rafat 1 0
taeppisch 1 0
uenften 4 0
verfuehrisch 1 0
uenfter 4 0
uenftes 20 0
cabals 2 0
excercise 1 0
ahrsagen 1 0
redivivus 2 0
waermte 2 0
aecherliches 1 0
fortkeucht 1 0
aecherlichem 1 0
molus 1 0
aecherlichen 2 0
oellenbrudel 1 0
ahrsager 1 0
albfiguren 1 0
realised 63 0
cabala 1 0
influxum 1 0
heaterwaenden 1 0
offne 4 0
lendesten 1 0
dominatioun 1 0
haeusliche 7 0
litigating 1 0
oslassenden 1 0
eingeklemmt 3 0
molto 3 0
intertore 1 0
forfeitures 4 0
impulses 31 0
ervorbrechens 1 0
selon 1 0
verstreicht 1 0
eberlegung 4 0
judgement 70 0
parvo 1 0
pensiond 1 0
entfernter 4 0
entferntes 2 0
inneskraft 1 0
omyn 2 0
hristemas 1 0
qualifizieren 1 0
nachgeforscht 1 0
schmachten 1 0
entfernten 13 0
rafft 3 0
aidens 1 0
gebuegelt 1 0
schmachtet 1 0
militaerische 1 0
ltarblaetter 2 0
astronomer 6 0
oubles 1 0
oublet 1 0
haumigrem 1 0
ogelschrecker 1 0
raffe 1 0
waywardness 1 0
giaunt 1 0
tabulae 1 0
skewer 11 0
tabular 1 0
ltertum 11 0
jenoum 1 0
pensions 18 0
ayreuth 1 0
enegalensis 1 0
wiederzukehren 4 0
rafen 92 0
gemachten 2 0
semblant 2 0
zinsbar 1 0
gemachter 2 0
tirne 30 0
stoikheion 1 0
asquillanten 2 0
awaite 1 0
ohlgefallen 2 0
vorzuschwatzen 1 0
bulldogs 4 0
umblers 1 0
emerkungen 19 0
transgressed 3 0
durst 39 0
awaits 12 0
ighteenpence 1 0
unnerved 1 0
uergerkrone 1 0
hristmas 92 0
shamefaced 2 0
einbilde 1 0
irkeimer 1 0
reudenwelt 1 0
offre 2 0
etruebe 1 0
umbless 1 0
anscrit 1 0
aidest 1 0
populus 1 0
snakelike 1 0
oublie 1 0
ften 47 0
erhard 2 0
astenzeit 2 0
fter 805 0
mastiff 6 0
iebhaberinnen 2 0
xequien 3 0
aiders 2 0
selle 1 0
kitzelte 1 0
einbildt 1 0
herbeischleppt 1 0
mithsonian 6 0
durum 1 0
economist 3 0
hervorlockte 3 0
sells 39 0
ncients 5 0
raised 592 0
transgresses 1 0
gladness 47 0
noepfe 2 0
economise 2 0
stenographers 2 0
aerchenbaeume 1 0
amissing 1 0
nelkenfarbem 1 0
equilateral 1 0
usshaftigkeit 5 0
hinwallend 1 0
aiads 2 0
eraufkommenden 1 0
insertions 2 0
undeservedly 1 0
threatening 49 0
reasonings 98 0
tadtwache 1 0
clumian 1 0
raisen 1 0
oennen 14 0
elahrten 1 0
overflows 6 0
echtsgelehrte 1 0
raises 70 0
ebirgsschlucht 1 0
inadequate 19 0
lancholy 1 0
ournals 24 0
beigeben 1 0
raene 18 0
pringroehren 1 0
ungfrauen 7 0
zwoelfte 1 0
pyramids 9 0
ettstreit 7 0
aufkeimende 1 0
onbe 1 0
erwuenschtesten 1 0
olorits 1 0
ftie 1 0
onbl 9 0
surprised 240 0
onas 7 0
rafting 2 0
leisses 1 0
onat 12 0
punctured 2 0
onau 4 0
andelsmanne 2 0
ensicornis 1 0
oennet 1 0
oonhort 1 0
afield 6 0
aymasters 4 0
surprises 25 0
oenner 10 0
unwissender 2 0
onah 4 0
umfallen 1 0
lueckseligkeit 82 0
onan 1 0
ingenuousness 6 0
onal 2 0
alexandrine 5 0
ondy 1 0
revelation 73 0
oned 2 0
gabardine 1 0
ondi 5 0
onde 18 0
ylphen 2 0
sneered 15 0
onds 7 0
ondn 1 0
unusual 113 0
anifestationen 1 0
ondo 1 0
parch 2 0
demeanor 13 0
onct 2 0
eglantine 1 0
entgegenwimmerte 1 0
onda 1 0
neatherd 3 0
cassia 3 0
nzulaenglichkeit 1 0
defouled 6 0
ebirgsreise 1 0
once 2093 0
tique 1 0
cirocco 3 0
remodelling 1 0
onge 3 0
vitiate 1 0
paras 4 0
onga 3 0
lackacre 1 0
auffier 1 0
uncompounded 1 0
gumdrop 1 0
eddings 1 0
boughsome 1 0
collects 13 0
resolveing 1 0
itiganti 1 0
umares 1 0
nforeseen 2 0
oney 340 0
auffiel 2 0
usufruct 1 0
litigation 3 0
leissig 1 0
leckersten 1 0
oner 1 0
ones 506 0
gefaelligste 1 0
plenipotentiaries 1 0
onen 3 0
nsres 1 0
gullible 1 0
icander 1 0
execrations 6 0
onia 3 0
onig 3 0
zugerichtet 6 0
foreground 10 0
chappaden 1 0
disfgur 1 0
moles 3 0
onic 1 0
onie 4 0
bellust 1 0
mirable 2 0
timber 79 0
serenading 1 0
auricularum 1 0
ieblingsgedanken 3 0
ureolus 1 0
raison 1 0
hervorziehen 1 0
moldy 2 0
waermen 6 0
ongo 3 0
eingerichtet 24 0
ongu 1 0
uruecktreten 1 0
ongs 9 0
urniere 2 0
ondicherry 4 0
raeut 1 0
genuineness 16 0
illcontrived 1 0
dusky 32 0
omeranzenbaeume 2 0
onke 3 0
ackenzie 4 0
paren 1 0
remature 1 0
anderscht 4 0
blocked 18 0
parer 1 0
pared 6 0
ausdauernde 1 0
revails 1 0
altsinnigsten 1 0
erhaft 1 0
tired 166 0
humides 1 0
geletzt 1 0
oltroons 3 0
onin 2 0
similiar 1 0
onio 1 0
sunlight 55 0
filosofica 1 0
anklingte 1 0
viere 3 0
vieri 1 0
resembles 58 0
incognito 1 0
padres 3 0
anzusagen 1 0
strainedly 1 0
dvices 9 0
unpeopled 2 0
parks 14 0
offal 7 0
only 7212 0
colliginer 2 0
ringleaders 2 0
etztmoeglichen 1 0
onks 3 0
aumwolle 1 0
incognita 2 0
viele 218 0
egehrens 1 0
erschoepften 3 0
ctresses 1 0
demselbigen 4 0
auszuweiten 1 0
allzuoft 1 0
onnt 4 0
waermer 2 0
wittergestalt 1 0
erstieg 1 0
ufraeumens 1 0
astellweitung 1 0
onny 36 0
pario 1 0
unconscious 74 0
onne 235 0
onna 2 0
rancisco 35 0
vient 1 0
ospreys 1 0
rancisca 1 0
gezeichnete 4 0
iberality 5 0
untergeordneten 1 0
arriors 2 0
enschenarten 1 0
protuberance 2 0
resembled 77 0
aennleins 3 0
endeavouring 58 0
eriander 2 0
ucumis 2 0
explosive 5 0
scrippes 1 0
pittin 2 0
trois 1 0
entwined 3 0
latina 4 0
stalemate 1 0
shrugged 13 0
westwaerts 6 0
uernsey 5 0
trotzdem 3 0
festsitzenden 1 0
sniff 3 0
ewegungen 48 0
hinabfloss 2 0
lkins 1 0
moose 4 0
uarrelsome 1 0
southerly 4 0
stringency 1 0
ausschicken 1 0
panegyrists 1 0
hairbreadth 1 0
onor 161 0
downed 2 0
extracts 29 0
moors 3 0
erroetende 1 0
lating 2 0
oronation 2 0
ennoble 1 0
particularity 1 0
isgrace 17 0
yawneth 1 0
sunagoge 1 0
moove 1 0
groatable 1 0
onsr 12 0
druecken 14 0
troke 14 0
druecket 1 0
prettinesses 1 0
raids 3 0
resigned 43 0
bedienend 1 0
bencher 2 0
benches 29 0
suedliche 1 0
onro 1 0
durchgegraben 1 0
edaechtnis 41 0
koerperliches 2 0
mooth 1 0
prancin 4 0
benched 3 0
koerperlichem 1 0
verursachten 1 0
koerperlichen 10 0
vermorschte 1 0
acknowledgement 5 0
onum 1 0
landlocked 1 0
overmastered 3 0
warded 4 0
onus 1 0
conduces 7 0
oocid 1 0
prances 1 0
orphyr 2 0
fortsingend 1 0
hilidor 1 0
ontz 1 0
gesundere 1 0
igour 12 0
pervade 8 0
conduced 1 0
gelernt 46 0
onti 9 0
bowlder 1 0
ndostan 28 0
onte 34 0
defection 10 0
melitos 1 0
onth 47 0
igots 1 0
troff 4 0
anuskripte 1 0
onto 31 0
versenkt 6 0
derrick 1 0
onst 20 0
warder 2 0
anuskripts 1 0
onta 1 0
warden 59 0
uvula 2 0
rcadien 1 0
superstitious 40 0
zreissen 1 0
summovet 1 0
widerlich 4 0
harakterzuege 1 0
flown 17 0
averns 3 0
rawboned 1 0
dogwood 3 0
flows 78 0
einflussreichen 1 0
purged 10 0
geformt 5 0
luenderung 4 0
hervordringende 1 0
necromancy 1 0
rafters 26 0
realized 51 0
geliehenen 1 0
purges 2 0
ommencement 6 0
explosion 16 0
tocher 2 0
trohe 2 0
ymbol 6 0
realizes 6 0
araquay 1 0
automata 2 0
howilawn 2 0
pranced 1 0
geschnoerkeltem 1 0
observance 48 0
ugitivus 1 0
derring 2 0
presst 3 0
bauete 3 0
egesta 5 0
fouling 1 0
llegorisches 1 0
onyx 1 0
bezeigen 4 0
ominating 1 0
rainy 84 0
snivel 2 0
pressd 7 0
flour 65 0
presse 1 0
quarrelers 1 0
gepruefter 1 0
drittenmal 3 0
flout 2 0
geprueften 3 0
loessen 1 0
ehirn 9 0
dergestalt 33 0
raine 2 0
rains 112 0
gelangen 47 0
leisches 1 0
evotions 2 0
ramercy 2 0
wilfull 1 0
ydien 13 0
averse 31 0
kraeuseln 1 0
oeflichkeit 10 0
erzentraeger 1 0
itteilung 8 0
illgrave 5 0
rails 29 0
eldspenden 1 0
floss 10 0
presum 3 0
ueces 2 0
verworrensten 1 0
stupidity 48 0
ausholt 1 0
automobiles 11 0
idland 1 0
scepter 1 0
premier 1 0
trots 4 0
snipe 2 0
omination 4 0
trotz 17 0
alevolence 2 0
eitenstrassen 1 0
succedaneum 1 0
usblasen 1 0
egeste 1 0
bauest 1 0
kraeuselt 1 0
flott 1 0
raegern 1 0
troth 28 0
verborben 1 0
onze 1 0
pitted 12 0
billigte 2 0
fuel 41 0
bituary 2 0
flora 1 0
fuer 1683 0
solicite 1 0
tromp 1 0
troms 1 0
trome 7 0
sceptic 12 0
averts 1 0
ierlicher 1 0
ierliches 1 0
defective 83 0
depuis 4 0
raise 470 0
eridian 1 0
ehind 34 0
rientalists 1 0
raisd 18 0
decolorari 1 0
peltry 2 0
ristophane 1 0
vermehrende 1 0
adventure 78 0
trong 24 0
ydian 6 0
trozzi 2 0
inventions 27 0
bschiedshauch 1 0
einetwegen 4 0
fortwaehrend 3 0
wohlzufrieden 1 0
weinenden 1 0
pitten 3 0
xperience 72 0
lavatory 1 0
gehofft 6 0
inventione 1 0
troop 32 0
troof 2 0
trook 2 0
enelope 7 0
generous 228 0
floor 412 0
fuge 1 0
hretientes 1 0
unwissende 1 0
irtutem 1 0
transmutatioun 1 0
oyaume 1 0
rosecutions 1 0
trope 1 0
ooby 6 0
abgeschuppten 1 0
oehnchen 5 0
peccant 1 0
senza 2 0
fuit 3 0
gehoert 124 0
rotestations 1 0
ueberliess 26 0
unfailing 13 0
disestablishment 1 0
vitriol 3 0
oelestis 1 0
rantleyites 1 0
liable 180 0
pertinaciously 4 0
regretted 45 0
opulence 44 0
euigkeiten 5 0
exclaim 20 0
fuhr 196 0
ballet 2 0
ballen 1 0
entschlummerte 2 0
jewels 47 0
trebten 1 0
gehoere 8 0
hodians 1 0
rahte 1 0
ahnungsvolle 3 0
oody 3 0
nudity 5 0
halberloschene 1 0
talianised 1 0
verpachtet 1 0
oode 42 0
moody 10 0
tanzte 11 0
pauca 1 0
oods 89 0
vollbrachte 2 0
herbet 2 0
eltpolen 1 0
atrolman 1 0
iederherstellung 1 0
polestar 1 0
zusammenfuehrt 1 0
zwingst 1 0
herbes 13 0
moods 28 0
ueble 10 0
herbei 46 0
hampetre 1 0
casion 3 0
tubbed 1 0
ydings 1 0
zerstueckt 2 0
ouking 1 0
ueberstandene 1 0
gbracht 1 0
ueblo 11 0
triiifft 1 0
tubbes 4 0
blended 18 0
southwest 13 0
umgegangen 4 0
pretio 1 0
strotzenden 1 0
elterziehung 1 0
angers 21 0
surmounted 36 0
blenden 4 0
acquirer 1 0
acquires 24 0
woferne 1 0
expressively 3 0
aidge 6 0
herunterrissen 1 0
stelesi 1 0
nsuln 3 0
fume 7 0
oofs 5 0
gruenlichen 1 0
ooft 4 0
cogunt 1 0
nsult 7 0
shrieks 10 0
acquired 255 0
lbemarle 4 0
ompliment 29 0
ballad 12 0
transmutations 1 0
angest 1 0
ubsidence 3 0
appropried 1 0
raveling 3 0
fule 3 0
tolzieren 1 0
diminutives 1 0
mnivorous 1 0
lboin 2 0
full 2094 0
waessert 1 0
beschuldige 1 0
waessern 1 0
chneckenfuss 1 0
aidie 86 0
beschuldigt 3 0
epaired 1 0
ewundrung 4 0
appropriately 6 0
anhatte 4 0
upraised 1 0
luegeren 1 0
disdainfully 2 0
blendet 2 0
ransomed 1 0
eingeborne 2 0
func 2 0
oletani 1 0
fund 158 0
vorausgelaufen 1 0
thereabout 2 0
conducts 10 0
funk 1 0
exacted 20 0
cheapening 1 0
ooka 1 0
qualifizierte 1 0
dilettante 3 0
zerruetteten 3 0
ookh 1 0
ooke 12 0
preten 1 0
assasoit 2 0
uebst 1 0
zumoecht 1 0
upplies 12 0
angent 1 0
premise 1 0
privilegium 1 0
unwidersprechlich 2 0
tenant 45 0
deputy 14 0
hristina 3 0
upplied 1 0
players 16 0
uebri 1 0
tubble 1 0
disagreable 9 0
muffin 4 0
whimper 2 0
etrovitch 23 0
erkorenen 1 0
rubbeth 1 0
dilettanti 2 0
gemauert 2 0
disagreably 1 0
erzeigt 10 0
vitrifi 1 0
fust 1 0
cheroots 1 0
strauchelte 2 0
bezeigte 13 0
playest 2 0
cockets 1 0
paperwork 7 0
abating 4 0
angeli 1 0
ordenone 2 0
fuse 7 0
aided 56 0
ools 23 0
premium 21 0
aidee 3 0
ooll 1 0
angels 57 0
angelt 1 0
ostbarkeiten 9 0
ceived 2 0
undeutliche 1 0
depute 1 0
fuss 30 0
furs 10 0
furt 9 0
aides 4 0
oysters 9 0
uebte 5 0
uffendorff 3 0
fury 99 0
jeered 5 0
trode 4 0
chlangengift 2 0
ittelsperson 1 0
orphan 13 0
aiden 5 0
oole 7 0
poolrooms 1 0
playeth 2 0
pauls 1 0
dritte 25 0
rinnerung 70 0
usterbilder 2 0
furl 1 0
gelangte 14 0
itzwilliam 36 0
ooks 147 0
estmoreland 7 0
nowden 1 0
arefooted 1 0
arderobenfreunde 1 0
tockholm 8 0
strikers 2 0
liebenswuerdigsten 8 0
oons 5 0
ersprechungen 2 0
maison 2 0
raibi 18 0
leistet 4 0
leisten 26 0
oone 5 0
rcilla 1 0
moons 1 0
suddenness 11 0
oona 1 0
osenkranze 1 0
oonk 4 0
ichtstuempfchen 1 0
pause 177 0
moone 8 0
ooms 16 0
rigamarole 1 0
eingibt 1 0
nterrocke 2 0
ipium 1 0
erzeihe 1 0
outcry 9 0
eichlichkeit 1 0
terance 1 0
monographed 1 0
angeht 6 0
erzeihn 1 0
righella 1 0
angehn 5 0
oops 4 0
erzeiht 14 0
verhassten 6 0
manpower 1 0
verhasster 2 0
verhasstes 1 0
steckte 24 0
hrringe 2 0
culminates 3 0
wigwam 5 0
xiii 10 0
eckelein 1 0
inckwitz 2 0
steckst 3 0
angebrachten 1 0
culminated 2 0
ndzwecke 4 0
ilokhoros 1 0
coffers 41 0
affaelschen 1 0
apartment 74 0
thnology 3 0
rinomato 1 0
titne 1 0
oose 7 0
chuhe 3 0
mattresses 3 0
wegtraeumest 1 0
xile 3 0
oors 33 0
girders 7 0
purfil 1 0
eidenhof 4 0
laromontana 1 0
oosa 14 0
schimmernden 5 0
stummuck 4 0
towardes 1 0
egislatures 17 0
espenst 24 0
mourning 36 0
oore 20 0
stecken 16 0
vertreten 2 0
zwingen 11 0
eckwith 1 0
marmen 1 0
asiness 2 0
comptoir 3 0
zweihunderten 1 0
herauf 31 0
umgeschrieben 1 0
heraud 1 0
hoggin 1 0
infirmities 19 0
monte 2 0
bequeath 5 0
clockwork 3 0
raueneis 2 0
herokee 1 0
existed 152 0
patre 3 0
ignum 2 0
ooty 5 0
ehnlichsten 1 0
pandanus 1 0
chaotic 6 0
monst 1 0
saopsrosunes 1 0
avenhaendler 1 0
ooth 13 0
thices 1 0
ettvorhaenge 1 0
ignominiously 7 0
edenkzeit 4 0
oote 4 0
lockern 1 0
acuteness 21 0
oots 11 0
aussehen 13 0
lockert 1 0
sisting 1 0
obsequious 8 0
raham 7 0
overrates 1 0
nthusiasmus 22 0
overrated 8 0
rahat 5 0
instantiarum 3 0
lockere 1 0
oliticus 1 0
perdition 8 0
roselytes 3 0
uerbitten 1 0
indlayson 60 0
propitiating 1 0
seney 4 0
disgustedly 3 0
umzog 1 0
anschmiegenden 2 0
swawm 3 0
knitteth 1 0
arsimony 2 0
cajole 6 0
monty 1 0
alterations 29 0
xion 1 0
knittest 2 0
sklavenmaessig 1 0
hysique 1 0
ngendered 3 0
roofing 4 0
month 573 0
heraus 77 0
propitiation 1 0
gratefully 95 0
vehemently 14 0
chuck 2 0
hogged 1 0
rindisi 3 0
recommence 2 0
uergersleute 1 0
title 224 0
sengt 1 0
lather 3 0
ergnuegen 220 0
hogges 1 0
andschrift 5 0
chuft 2 0
gelaenge 1 0
sways 2 0
undersell 7 0
omankind 1 0
tolzierte 1 0
usikus 5 0
baudes 1 0
arduous 34 0
nowest 2 0
erodotus 16 0
recommends 20 0
erkunft 12 0
warest 1 0
slyness 4 0
lympicus 1 0
rahme 1 0
bellows 14 0
xits 1 0
chicksals 17 0
wunden 1 0
convers 1 0
erwirrten 1 0
convert 50 0
ignor 14 0
ursuers 1 0
worueber 30 0
whisteling 1 0
stillstehen 1 0
yestreen 3 0
verkoestigen 1 0
gastieren 1 0
ignon 112 0
jimson 1 0
rahma 14 0
usually 433 0
pielerei 1 0
distrustfully 1 0
rhythmically 1 0
einging 5 0
conciliar 2 0
ndless 3 0
torrent 56 0
zurueckwerfe 1 0
bwuerdigung 1 0
sense 883 0
xist 5 0
oozy 4 0
sbiadata 1 0
causation 5 0
fleucht 1 0
vidences 3 0
chselhoehle 1 0
gelesen 40 0
vergessen 114 0
chicksale 36 0
sixteenpence 2 0
purslane 1 0
ooze 11 0
niederlegte 3 0
tussle 2 0
andelsgeschaeft 1 0
sente 1 0
schlemmte 1 0
farrherr 6 0
eatchin 1 0
exactiy 1 0
uebec 22 0
sento 1 0
senti 2 0
sswaren 5 0
abzuhalten 9 0
chube 1 0
herald 22 0
emonstrance 6 0
uebel 124 0
ueben 16 0
leisure 156 0
ueber 1338 0
mystics 3 0
haushaelt 1 0
dissimuling 2 0
wunder 3 0
entlaufen 4 0
vividly 30 0
eganodunensem 1 0
ovonia 1 0
ttoman 3 0
elchior 6 0
splintering 1 0
senna 7 0
convent 42 0
convene 2 0
casing 3 0
umschattete 1 0
iophantus 6 0
verknuepft 7 0
durchhilft 1 0
trefflichsten 2 0
triumvirs 1 0
heedless 12 0
lkinou 1 0
eminary 2 0
pasquinade 1 0
eiltaenzerbude 1 0
triffling 1 0
senor 2 0
hineinschuf 1 0
wrangle 2 0
abgesendet 3 0
affektiertem 1 0
cientific 1 0
emzufolge 1 0
itchell 9 0
orzuegen 15 0
elching 1 0
nkommende 3 0
shrifte 1 0
ruchtbaus 1 0
rklaerungen 4 0
brocaded 6 0
sevenpence 9 0
umgreifender 1 0
depicted 24 0
exactly 470 0
abgeschlossenes 1 0
honetten 1 0
brocades 1 0
konditioniert 1 0
darreicht 2 0
dienenden 1 0
nbewaffnet 1 0
defendre 2 0
ifferenzen 1 0
opal 2 0
rphaned 1 0
trawling 1 0
affeehaeusern 2 0
nstey 1 0
weekday 1 0
raspberries 2 0
ragst 3 0
goddesses 2 0
patch 79 0
jammernd 2 0
unerwaehnt 1 0
interlocutors 5 0
height 318 0
moderate 221 0
talienischen 2 0
disposeth 2 0
altherfirst 1 0
nnales 14 0
edantry 2 0
ietatis 1 0
flood 100 0
uflegen 1 0
foulness 1 0
deduced 22 0
ittelklasse 1 0
conveys 25 0
ierweisen 1 0
swald 1 0
miscarried 5 0
deduces 2 0
ilauea 3 0
raditionen 1 0
uenschenswerten 2 0
voyaged 2 0
vigor 53 0
association 65 0
arbarians 7 0
chnitzwerke 2 0
xegesis 2 0
voyager 1 0
opfe 22 0
voyages 20 0
wailed 13 0
candals 1 0
opfs 2 0
losengeour 2 0
opey 1 0
ostopf 1 0
intirely 8 0
opez 3 0
verduestert 2 0
ottoman 7 0
swamp 35 0
oped 1 0
trohhuete 1 0
westerly 7 0
oper 14 0
opes 122 0
justifying 5 0
open 1113 0
verduestern 1 0
zugestehen 4 0
anufacture 6 0
ophy 1 0
vigil 3 0
opie 8 0
oliseum 5 0
incapacitated 5 0
lapillis 1 0
upineness 1 0
opic 1 0
chutz 25 0
associating 3 0
pielwerk 4 0
chutt 6 0
guenstigem 2 0
guenstigen 13 0
befragten 2 0
unterwarfen 1 0
formidable 114 0
angemalt 2 0
chuse 52 0
dispersing 3 0
uneasiness 60 0
hypocaust 1 0
pathy 1 0
opha 1 0
abhoerten 1 0
psychiatrist 1 0
pestilent 4 0
rgewalt 1 0
breitkrempigen 1 0
chuss 12 0
pointedly 4 0
paths 79 0
anufactury 1 0
monde 1 0
ungewohnt 1 0
abgeredt 1 0
einahe 2 0
orsicans 3 0
usiker 2 0
wiederhergestellt 12 0
conveyd 3 0
rummeln 2 0
zugewendet 2 0
conveye 1 0
jaundiced 2 0
usiken 2 0
knocks 10 0
pater 1 0
knocke 3 0
pates 1 0
distantly 2 0
palliated 2 0
formidably 3 0
pated 1 0
whiggish 1 0
rague 14 0
clockcases 1 0
monge 2 0
oundaries 1 0
bescheidene 5 0
eringern 1 0
misplacd 2 0
diddled 1 0
eringere 3 0
sceptre 10 0
swain 7 0
anayama 3 0
gestempelt 3 0
orgons 1 0
achklange 1 0
opin 3 0
money 1815 0
swaje 2 0
flohe 1 0
ersecute 1 0
verwegene 2 0
elagerer 1 0
opis 30 0
outbid 1 0
ndertakings 1 0
sanftere 1 0
niederlegen 4 0
revolution 137 0
nonproprietary 1 0
behauptet 12 0
daphnis 1 0
ugitives 1 0
gesundend 1 0
einand 1 0
behaupten 27 0
eliconian 2 0
arteriosa 2 0
azure 30 0
sanftern 1 0
schlangen 2 0
unnachahmlich 3 0
fickle 9 0
leichtmuetig 1 0
aemmen 3 0
captensula 1 0
salette 1 0
berrhein 1 0
foerderlicher 1 0
blessedly 1 0
foerderliches 1 0
choeneres 3 0
negros 2 0
unstayed 1 0
aemmer 5 0
sence 30 0
warfen 8 0
swath 2 0
ausgerieben 1 0
rcadian 1 0
monks 27 0
flock 70 0
aldplatz 1 0
churn 10 0
ebirgsorten 1 0
tithe 31 0
defended 111 0
presen 1 0
churl 20 0
opoi 1 0
incinatus 1 0
monke 1 0
sende 10 0
einald 1 0
avering 1 0
churz 1 0
playful 15 0
buherriras 1 0
bygone 4 0
hreatnings 1 0
guenstiger 4 0
guenstiges 3 0
sends 55 0
cashun 1 0
emonstrants 4 0
aufgleitende 1 0
ardoners 1 0
einame 1 0
dispersion 2 0
pelted 7 0
unbezweifelt 1 0
upposing 29 0
defender 11 0
shirking 3 0
averdy 1 0
rekindles 1 0
asreliefs 2 0
gleich 560 0
turbidus 1 0
okokawa 2 0
chuld 47 0
float 51 0
chule 29 0
swans 5 0
rekindled 3 0
nformers 2 0
oppo 11 0
frittered 3 0
sundern 2 0
asreliefe 2 0
buttonhole 1 0
hinwendete 1 0
nitterer 1 0
oppe 1 0
hinschweben 2 0
mysteries 72 0
dramatischen 8 0
sequence 12 0
reinlich 19 0
averius 1 0
rummets 1 0
billiger 5 0
billiges 1 0
chune 3 0
umherblicken 1 0
ehrten 1 0
manfulness 1 0
opprobrious 4 0
chunk 7 0
ipsabguessen 1 0
jammerst 1 0
swapt 2 0
titch 2 0
wehren 9 0
blubber 4 0
erhielten 11 0
schuettelten 2 0
gelobten 3 0
balked 4 0
ndeserving 1 0
pshaw 2 0
ehrtet 1 0
jammerte 7 0
billigen 16 0
dunkelblau 2 0
monon 1 0
inculcated 18 0
obliquely 19 0
sward 9 0
computations 4 0
refutation 16 0
cuirbouly 1 0
klopft 4 0
streckt 5 0
inculcates 5 0
chums 1 0
swars 1 0
ostock 1 0
swart 8 0
swarm 35 0
chump 1 0
quietness 13 0
mikoshi 1 0
enschengestalt 1 0
heraussehnt 2 0
sware 1 0
klopfe 1 0
strecke 1 0
deducta 1 0
plunderd 1 0
ajorities 2 0
opus 4 0
springen 11 0
ehrung 1 0
wehrte 2 0
eendigung 1 0
abgesetzt 4 0
spight 1 0
springes 2 0
bgeschliffen 1 0
rossmaechtigster 2 0
sprach 208 0
chwingen 3 0
coffeeboiler 1 0
opsy 3 0
permits 24 0
permitt 1 0
aufzubauen 1 0
buntesten 2 0
whirring 2 0
chwinget 1 0
erwirrung 66 0
verselle 1 0
entertainers 2 0
unheiligen 1 0
particle 24 0
unheiliges 1 0
eklamation 10 0
sweep 74 0
artensaal 3 0
autumns 1 0
marled 1 0
exhalation 4 0
chauspielergesellschaft 1 0
sthmia 1 0
wischenraeume 5 0
prasselten 1 0
wiederschaffen 1 0
bloodhounds 5 0
virile 1 0
sweet 488 0
fahrend 2 0
kolorierte 1 0
auphiness 1 0
rything 5 0
edanten 12 0
victualed 1 0
female 138 0
unbiassed 4 0
forbidding 30 0
tiefsinnigen 3 0
ebelgrund 1 0
dissolutio 1 0
gestreift 1 0
concedest 1 0
vorgehe 5 0
wohlbeleibten 1 0
vorgeht 10 0
aufzulehnen 1 0
uecken 59 0
culminate 1 0
hingehst 1 0
erkaeufer 4 0
unnatuerlichsten 1 0
aushaltungsprinzip 1 0
laetter 50 0
aufloderten 1 0
derwiesen 1 0
dumped 3 0
auptschluessel 2 0
anaglia 1 0
efficaciter 1 0
stonishmt 1 0
chiefly 297 0
ipperary 1 0
loosened 28 0
ltern 80 0
violette 1 0
erceras 1 0
fronting 6 0
lters 12 0
ltere 1 0
sweat 54 0
dumpfe 1 0
swear 91 0
schwoere 7 0
ueberspannst 1 0
drived 3 0
ochambeau 2 0
purify 7 0
crevices 12 0
moral 448 0
contemplatively 2 0
ueberspannte 2 0
elodious 1 0
tehenden 1 0
rettergebaeude 1 0
abgehoeret 1 0
schwoert 2 0
albdurchsichtige 1 0
chatzgrube 1 0
durchwandern 2 0
betwixten 1 0
sexton 13 0
ehoveth 1 0
interplaited 1 0
ntimacies 1 0
driver 79 0
ittiche 1 0
drives 29 0
serpentes 1 0
narthex 1 0
driven 285 0
creviced 2 0
drivel 2 0
uebrigblieb 8 0
nterbrich 1 0
boddered 1 0
swelt 5 0
twiddling 1 0
obloquy 10 0
perpeturated 1 0
swell 45 0
sublimity 12 0
abgerannt 1 0
otleidenden 1 0
wroughten 1 0
schlaftrunken 1 0
errlichster 1 0
errlichsten 1 0
outposts 4 0
hrewsbury 6 0
whitewinged 1 0
eimfahrt 1 0
betide 25 0
praegte 2 0
hingehen 9 0
breaker 10 0
unstgenuss 1 0
mores 3 0
moreo 1 0
clumps 7 0
nahmen 40 0
resistlessly 2 0
swego 3 0
triefende 1 0
bluster 2 0
neckerchief 6 0
jocose 2 0
uneventful 2 0
astuteness 1 0
ermutigt 1 0
sedateness 5 0
sequi 1 0
drivin 7 0
bodderin 1 0
morgn 6 0
dispelled 14 0
befallen 26 0
arfitt 1 0
oeniges 2 0
egotiator 1 0
lozenges 2 0
unroped 1 0
coxcombs 1 0
domestication 1 0
durchwandert 2 0
einleuchtete 1 0
frontier 57 0
coating 10 0
esinnungskraft 3 0
orsteher 4 0
sprain 1 0
oenigen 3 0
undgange 1 0
lodestone 2 0
preuve 1 0
dreariness 6 0
hilosophical 28 0
dazwischengekommen 1 0
emmian 1 0
ristophenes 1 0
bleuen 1 0
clumsy 33 0
hervorsieht 1 0
zerkratzt 1 0
manageress 1 0
seperated 1 0
epithets 15 0
reasurer 31 0
asperating 1 0
ramnian 2 0
ausgekundschaftet 1 0
disremember 4 0
breakin 4 0
bstraktionen 1 0
fulls 1 0
wischenvorhang 1 0
pawin 2 0
aecilienkirche 1 0
erception 1 0
fully 467 0
timers 5 0
uadern 2 0
eschah 1 0
shoeing 6 0
orbergen 1 0
zuhoerte 1 0
xpresses 3 0
intendeth 3 0
hingefeuchtet 1 0
mystery 222 0
ejauchze 1 0
unproduced 1 0
cloaking 1 0
debonairly 2 0
numero 2 0
thistle 5 0
literae 1 0
literal 16 0
ueberzogen 9 0
permitted 176 0
laneten 2 0
rankheit 41 0
mournful 36 0
grausamste 2 0
oderflaechlich 1 0
fulle 3 0
markst 1 0
woolly 13 0
ausgegrabenen 1 0
digitata 5 0
ipley 3 0
nnamen 1 0
herdin 2 0
bugaboos 1 0
pattism 1 0
ipler 1 0
boring 4 0
essagerie 2 0
dootless 2 0
subliming 1 0
ilaram 1 0
vorgezogenen 1 0
undulations 17 0
sinister 35 0
ondenschein 3 0
durchwandeln 1 0
albbrudern 1 0
einleuchtend 1 0
monoliths 2 0
onstrains 1 0
orrugated 1 0
strebte 10 0
chreibepulte 1 0
whatever 647 0
zerstreutes 1 0
owbeit 2 0
unmenschlich 1 0
strebst 1 0
zerstreuten 13 0
squimaux 3 0
kolorieren 1 0
igris 2 0
chelmereien 1 0
misarrangement 1 0
patting 11 0
ueberspannen 1 0
surnamed 6 0
orriegeln 1 0
olksfeste 1 0
nverzeihlich 1 0
discontinuing 1 0
uftkreis 1 0
elibee 2 0
surnames 1 0
imponiert 4 0
ngriffe 2 0
heilten 2 0
opularity 7 0
locking 9 0
ongueless 1 0
refectories 1 0
halbgeoeffnete 1 0
geneckt 3 0
jolife 1 0
timely 21 0
spekulativen 2 0
onument 15 0
usklingend 1 0
innocence 76 0
lexicographers 1 0
redenswert 1 0
problematischen 1 0
uebrige 89 0
unbewegt 1 0
innocency 1 0
wickelten 1 0
anmarschiert 1 0
copulation 1 0
geschraubt 1 0
supernumerary 2 0
recited 22 0
enchanting 18 0
ensibility 1 0
travellers 82 0
dissolution 58 0
recites 4 0
rakai 1 0
geschwebet 2 0
prevail 127 0
icylla 1 0
igres 1 0
rakas 1 0
hisleri 1 0
achgeschwaetztes 1 0
purity 94 0
foshapen 1 0
fervence 1 0
espekts 1 0
igreh 4 0
ehlen 5 0
ehler 43 0
eschew 12 0
angeritten 1 0
verbissenem 1 0
emblematic 4 0
souvenir 3 0
adjourned 14 0
comical 8 0
cripture 65 0
masking 2 0
nahmst 4 0
stiletto 2 0
hinunterklapperte 1 0
choepfungslust 1 0
verpacken 1 0
einzubinden 1 0
nchidium 1 0
skaters 4 0
debonairte 3 0
ueberfluessig 4 0
andelsleute 3 0
auswerfenden 1 0
vorgefuehrt 5 0
erneuten 2 0
lermont 2 0
condole 8 0
kapuzinermaessigen 1 0
hampered 8 0
auffuhr 1 0
riegsgesellen 1 0
woolen 9 0
ampbells 1 0
flexures 3 0
offspring 46 0
infringing 3 0
iegler 1 0
dreadless 1 0
palavered 2 0
mouchoirs 1 0
contumacy 2 0
ertogolinmore 1 0
stedfast 2 0
purist 5 0
eschen 1 0
marked 253 0
pflichtmaessigen 2 0
unverhehlbare 1 0
recital 20 0
dependable 1 0
oluntarily 1 0
tatthalterschaften 1 0
aufzugeben 8 0
transubstantiation 7 0
msonst 5 0
market 744 0
ebbing 3 0
ioneer 2 0
alpine 1 0
rakel 7 0
ureden 4 0
dhesion 1 0
dictatorial 6 0
aufmerksame 3 0
ehoeftes 2 0
poplere 1 0
rakes 4 0
raket 1 0
schoolteacher 13 0
influessen 5 0
emancipates 1 0
raked 9 0
stonished 3 0
emancipated 22 0
erfreuliche 1 0
schleppten 3 0
supplemented 7 0
forswear 2 0
herded 2 0
ermudas 2 0
evolutionary 14 0
militancy 1 0
plough 56 0
chutzverwandte 1 0
ebrauch 49 0
heirlooms 3 0
equity 14 0
durchgebrannt 1 0
abnoetigen 1 0
enmbers 1 0
emancipator 1 0
committeeman 1 0
tanzen 15 0
uprooted 3 0
promoting 63 0
toofache 2 0
moralischer 3 0
assian 1 0
moralischen 14 0
piecework 1 0
leibens 1 0
verharren 5 0
moralisches 1 0
asualties 1 0
idealischen 10 0
unorthodox 4 0
idealisches 1 0
interhalte 2 0
jenkes 1 0
nachlaessiges 1 0
emuetsstimmung 2 0
elicti 4 0
correspondents 29 0
unroofs 1 0
nachlaessiger 1 0
crossbars 1 0
orbeigehenden 3 0
hrowing 6 0
cultivators 40 0
auptperson 4 0
adieux 4 0
repulsing 3 0
ooder 1 0
trowel 4 0
oodes 2 0
streben 8 0
adieus 5 0
scherzhaft 5 0
trowed 4 0
istraktion 1 0
wegwerfe 1 0
altpersischen 1 0
assuage 11 0
recreate 2 0
repulsion 10 0
widersetzt 3 0
ooded 1 0
ichtungen 5 0
ntroduced 1 0
ualification 6 0
erstummen 1 0
andelsbuebchen 1 0
ooden 4 0
alldort 1 0
duplicity 12 0
alldorf 3 0
zurueckbog 2 0
steadiest 1 0
einbildete 4 0
angebn 1 0
escind 1 0
melisma 4 0
glaenzenders 1 0
asside 1 0
aehrmann 1 0
furred 2 0
celebrating 15 0
heranwuchs 2 0
utmost 259 0
seduction 5 0
einbildest 1 0
assier 2 0
vorschwebte 4 0
angefuehrt 8 0
portray 2 0
hristian 414 0
spoettisch 6 0
sidelong 4 0
celebration 11 0
auernhochzeit 1 0
condone 2 0
temptation 82 0
tevenson 16 0
patrology 1 0
commenting 7 0
equire 2 0
borgte 1 0
unworn 2 0
mountains 269 0
recreant 3 0
estriction 1 0
reichlichen 6 0
slaveowners 3 0
overturn 15 0
reichlicher 2 0
reichliches 2 0
ecelestium 1 0
overture 3 0
zuhoeren 7 0
irksame 1 0
noeten 1 0
reporting 9 0
sgoods 1 0
glaenzendern 1 0
moodily 11 0
beknew 1 0
nthaltsamkeit 4 0
soeben 17 0
illiamson 8 0
palliatives 2 0
anderswo 2 0
pottery 36 0
outvied 1 0
counteracted 6 0
huffily 1 0
euciscus 1 0
potters 3 0
irehooks 1 0
legtest 1 0
assign 50 0
promotion 44 0
ioness 1 0
iscobolus 1 0
unpretentious 2 0
aekulum 1 0
deutlichere 1 0
battlements 14 0
diaries 1 0
delayed 46 0
auctour 1 0
einkriechen 1 0
heaterwirtschaft 1 0
umourous 1 0
drommetet 1 0
charfsinne 2 0
abjection 1 0
onnenfinsternis 1 0
innocents 2 0
assoziiert 1 0
promotive 1 0
eutons 1 0
execrate 4 0
bleierne 2 0
nswer 90 0
hingegen 47 0
candelabras 1 0
chamberwoman 2 0
gypsy 2 0
loester 2 0
orbs 5 0
verpasst 2 0
oodly 4 0
eberzuegen 1 0
gypte 2 0
bauble 3 0
personifies 1 0
noetig 118 0
orby 1 0
ndreaskreuz 1 0
ictualed 1 0
ertford 1 0
orbe 1 0
ulfill 1 0
unvorgesehenen 1 0
library 154 0
digest 10 0
loesten 3 0
orar 4 0
verlorenging 1 0
oras 2 0
orat 1 0
aufzuschreiben 2 0
oran 37 0
oraz 5 0
toggery 1 0
calumniating 3 0
barberry 2 0
explications 2 0
oray 1 0
battlings 1 0
climaxed 1 0
fumbled 6 0
oral 40 0
chwer 1 0
oram 1 0
orah 2 0
personified 6 0
reichlichst 1 0
anganelli 5 0
jabberin 1 0
shepens 1 0
oodsc 1 0
ords 193 0
phantastische 3 0
orea 2 0
assima 1 0
pawes 1 0
orde 5 0
kriegest 2 0
eilegung 1 0
calming 5 0
tanzas 1 0
ordo 1 0
pealing 1 0
acaulays 1 0
repulsive 15 0
muehseligen 1 0
esidences 1 0
enriching 14 0
snowplow 1 0
andleuten 1 0
outports 2 0
vorangehenden 1 0
indisposition 7 0
eindin 1 0
orcy 3 0
muehseliger 1 0
muehseliges 1 0
orce 152 0
paving 13 0
beknow 2 0
kindleth 1 0
trowth 4 0
utcrowded 1 0
orch 11 0
tablets 15 0
outmost 1 0
furrow 27 0
orfs 1 0
orfu 4 0
mbition 22 0
ogengang 1 0
fasting 16 0
orbeern 1 0
urchdrang 1 0
concurred 15 0
preparations 55 0
arracci 2 0
assing 21 0
sultry 14 0
orfe 14 0
einden 18 0
assino 1 0
eindes 2 0
assins 1 0
ueden 15 0
geahndeten 1 0
pretty 449 0
ores 8 0
ndication 3 0
preconceived 6 0
friction 15 0
absorbent 1 0
rrowroot 1 0
oreb 1 0
assion 28 0
oree 1 0
pandemonium 2 0
ieblichste 1 0
oren 21 0
puritan 2 0
orel 3 0
aufhaltend 1 0
omptoir 4 0
strategic 2 0
oric 1 0
periodically 5 0
oria 3 0
suspenders 1 0
erocche 1 0
eptuagint 3 0
gemuetlichere 1 0
artelote 10 0
meinten 4 0
breaking 152 0
excavated 13 0
equiem 1 0
orgy 2 0
orgt 5 0
portable 4 0
pampas 1 0
leidungen 6 0
vaccinate 2 0
ercinian 1 0
orge 98 0
trozi 1 0
vocations 4 0
cannyness 1 0
carcity 10 0
selbstverstaendlich 3 0
amministrazione 1 0
orgn 3 0
exhausts 1 0
appintments 2 0
moping 2 0
assise 1 0
paver 1 0
thnetoi 1 0
wehten 2 0
paved 42 0
iamantketten 1 0
verharrte 1 0
quervor 1 0
inopportune 5 0
shudder 40 0
orig 1 0
oenigin 21 0
orii 1 0
peacock 8 0
assist 153 0
sorgenlos 1 0
orin 13 0
survivals 2 0
osungswort 2 0
orma 1 0
gegenseitigem 2 0
rhetorick 1 0
trout 10 0
fatalism 1 0
elicit 3 0
freistehenden 1 0
orli 4 0
sthmus 11 0
rweiterung 2 0
ourierists 1 0
slackening 1 0
sprang 220 0
vorschweben 1 0
childhead 1 0
laechelt 3 0
unterschoben 1 0
dentists 1 0
assive 1 0
trowe 9 0
laecheln 9 0
grudging 2 0
orld 387 0
bleeged 1 0
ueche 21 0
laechele 1 0
assius 4 0
trove 5 0
orks 82 0
fabrizieren 2 0
gnatius 22 0
learning 266 0
fluidic 2 0
uecke 28 0
expects 41 0
keerful 3 0
rawling 3 0
arracks 2 0
eroglyphen 1 0
orny 1 0
wrasse 1 0
orns 6 0
erschlossenheit 1 0
aecenas 1 0
orna 2 0
enzies 1 0
angdon 3 0
orne 15 0
intercessor 1 0
uncoupling 1 0
pusilanimous 1 0
orms 64 0
chweinehirten 1 0
sensitively 1 0
floetend 1 0
plaguey 2 0
plagues 9 0
ringworm 2 0
orps 8 0
problem 84 0
claustration 1 0
xlix 2 0
anonists 1 0
lobsters 9 0
efruchtung 1 0
esemblance 7 0
ineralogie 1 0
herausgenommen 1 0
assize 12 0
heilsam 8 0
umschlugen 1 0
schoolteachers 1 0
streams 86 0
instrumental 16 0
orot 4 0
heroner 2 0
sexual 3 0
equine 5 0
orow 1 0
alligator 5 0
orse 82 0
orsa 2 0
kerblam 2 0
orso 49 0
divisor 1 0
holyday 1 0
verzeih 10 0
servitood 5 0
spiceries 5 0
hucking 1 0
kerblap 1 0
fatality 13 0
orry 10 0
xkursionen 1 0
streaks 16 0
orre 2 0
alydor 1 0
hereinscheinende 1 0
imperiously 7 0
chwur 3 0
scriven 1 0
immerwerk 2 0
emmius 13 0
sepia 1 0
esetzes 6 0
revolutionaries 1 0
esetzen 17 0
hardening 8 0
hosackia 1 0
hospitable 33 0
titters 1 0
strangulation 3 0
orul 1 0
orum 6 0
seductive 7 0
thunderstroke 1 0
gnatiou 1 0
carolled 1 0
orts 45 0
iatribe 2 0
orty 20 0
hospitably 7 0
uninterupted 1 0
servitour 1 0
orte 202 0
orth 294 0
orta 9 0
asserted 71 0
pamper 1 0
orto 17 0
orti 1 0
orst 3 0
respondents 2 0
asserter 2 0
floetete 1 0
teinwurf 1 0
zurueckgetrieben 1 0
oralischer 1 0
sagacity 35 0
subordination 29 0
ranuncula 1 0
aturally 17 0
unparteiisch 2 0
nachzubringen 2 0
reichhaltig 1 0
elicon 7 0
erzaehlend 2 0
rehistoric 3 0
misunderstandin 2 0
mitbringe 4 0
ocation 1 0
tableau 1 0
orus 8 0
sultan 1 0
trentals 1 0
ueberhuepfen 1 0
sprays 7 0
rajan 8 0
mitbringt 3 0
plagued 4 0
dedicating 2 0
reiche 21 0
xxxvii 2 0
anchored 12 0
assassin 37 0
reicht 21 0
streite 1 0
contributions 89 0
undressed 20 0
vergroessernden 1 0
uegel 81 0
upwardly 1 0
erwidert 8 0
dedication 16 0
undresses 1 0
widerspreche 1 0
nlimited 1 0
chulkinder 1 0
ndlich 109 0
orizontallinie 2 0
eroeffnen 19 0
clutch 12 0
eroeffnet 19 0
verschoenernden 4 0
squirrels 19 0
arrives 30 0
eesicht 2 0
okalpatriotismus 1 0
plausible 35 0
anthems 5 0
iseries 3 0
arrived 507 0
ewegungsarten 1 0
hokaizan 2 0
erwidern 16 0
sichtbarsten 1 0
scriptor 1 0
stupidest 3 0
dreimal 11 0
atursang 1 0
uegen 21 0
eripherie 2 0
ortdeklamation 1 0
licensed 15 0
empfindendes 1 0
aihee 6 0
excavate 3 0
plausibly 5 0
licenses 63 0
oryx 1 0
bookworms 3 0
rresponsible 1 0
lateau 46 0
ndaechtige 2 0
toddling 1 0
joinings 2 0
trauern 4 0
elehrungen 1 0
ifting 5 0
gezwungen 18 0
remarkeable 6 0
erschwender 1 0
achtigall 10 0
ettlerinnen 2 0
enenselben 1 0
zugross 1 0
ailway 25 0
heraufgehn 1 0
lueckseligsten 1 0
sembled 2 0
interrogating 3 0
hellglaenzenden 1 0
veniens 1 0
venient 1 0
vertraglich 1 0
bedienen 34 0
straddle 2 0
bundobust 1 0
wooeth 2 0
praesidierte 1 0
nachgesprengt 1 0
zactly 3 0
interrogation 1 0
iebeshaendel 1 0
rsach 9 0
plaister 2 0
rampf 3 0
etterton 1 0
kuehlere 1 0
esichten 1 0
quarreling 4 0
woodbind 4 0
remarkeably 1 0
woodbine 3 0
certie 2 0
lispelte 2 0
fortfaehrt 2 0
vimey 3 0
partook 13 0
invisible 107 0
slands 46 0
anstossen 2 0
chuelerinnen 2 0
arare 2 0
zusammenziehen 2 0
esichter 23 0
esichtes 1 0
orseflesh 1 0
lissful 1 0
hinauszugehen 1 0
unweeting 1 0
osas 1 0
ossibility 4 0
waegenden 1 0
grausen 1 0
reperused 3 0
engrossment 1 0
eltsames 2 0
vielhabend 2 0
zusammengehoerten 1 0
ungallant 1 0
heverny 5 0
rospekte 1 0
blackmail 9 0
estraeuch 1 0
erstoerte 2 0
ehrheit 1 0
wfully 1 0
betook 28 0
violence 216 0
opfjoeger 1 0
araus 2 0
ehrohr 2 0
ittagstafel 2 0
osco 1 0
invisibly 2 0
recross 1 0
arauf 32 0
motes 7 0
spinal 3 0
buhlerische 2 0
bedience 23 0
sportively 2 0
eitpunkt 5 0
astringency 1 0
issstand 1 0
osch 1 0
gebeut 1 0
ifties 1 0
overcast 6 0
ruscans 1 0
alienists 3 0
ebirgsland 1 0
vergaenglichen 1 0
ehmut 12 0
timmstock 1 0
judgment 377 0
ehagens 1 0
nkauf 4 0
grausam 15 0
motif 1 0
orgsam 1 0
arano 1 0
ebensfaden 1 0
harwid 1 0
sloping 46 0
suspend 19 0
araon 1 0
oser 2 0
gezwungne 1 0
oses 59 0
moths 6 0
strengthened 51 0
uffallend 2 0
aturnalien 1 0
dereinst 19 0
vertroedeln 1 0
reguliert 1 0
osen 33 0
chzen 2 0
osel 1 0
oshy 6 0
initiated 20 0
osia 1 0
igours 1 0
euthen 4 0
alligators 1 0
initiates 1 0
werdest 2 0
castilleia 1 0
vertroedelt 1 0
zusammenhaengt 5 0
dryness 11 0
kindred 45 0
ewuenschte 2 0
laintiff 1 0
slangy 3 0
uchtmeister 1 0
trigonometry 1 0
geishas 5 0
herflog 1 0
erenade 1 0
marish 1 0
perdidi 1 0
maidism 1 0
streift 1 0
improbation 1 0
esellschaftsglieder 1 0
triumphant 60 0
abschnueren 1 0
fetiche 1 0
gebaerdet 5 0
rklaert 1 0
tigress 7 0
arble 19 0
omerist 1 0
nowhar 3 0
theocracy 1 0
gebaerden 4 0
nstitutio 1 0
paymt 1 0
professd 3 0
purled 2 0
ehnte 3 0
placerent 1 0
flecked 11 0
professo 1 0
disinclination 4 0
hepherdian 1 0
inerven 2 0
flastererhoehungen 2 0
vierundzwanzig 7 0
taffel 2 0
itzige 2 0
marina 1 0
irtuous 15 0
remation 2 0
osie 1 0
finallie 2 0
ailanthus 2 0
ptelea 1 0
loeseris 1 0
osis 1 0
osio 1 0
ymphorien 1 0
marino 1 0
chronischen 1 0
lescents 1 0
marine 4 0
inalienable 16 0
chretienne 1 0
iegesgoettin 1 0
cockade 4 0
detestation 17 0
pomegranates 4 0
escapd 1 0
escape 376 0
funny 43 0
latest 62 0
correspondence 81 0
dabbled 4 0
escara 2 0
uefte 19 0
dabbler 2 0
hristendom 32 0
arbor 7 0
evotee 1 0
inalienably 2 0
daliegt 4 0
ylinder 1 0
interlined 3 0
lateri 1 0
shockingly 5 0
amuelis 1 0
abrielli 1 0
banishment 14 0
kuenstlerischen 4 0
dicastery 1 0
anfingen 7 0
eatificatione 1 0
arbid 1 0
iverside 1 0
equard 1 0
arbig 1 0
fytt 1 0
ramas 1 0
stagecoach 1 0
journeyings 2 0
kuenstlerischer 3 0
herumruecken 2 0
hinausgetrieben 1 0
auptzwecke 1 0
osmo 4 0
unlikeliness 1 0
playing 136 0
atrimony 11 0
assassinat 1 0
ahrstag 1 0
verhaerteten 1 0
irtuose 1 0
acedon 8 0
alighted 24 0
ermanence 12 0
irtuosi 1 0
refining 9 0
surliness 4 0
ferring 1 0
ergtal 2 0
overcame 23 0
abrielis 2 0
hristeln 1 0
thieve 1 0
olgeherrschern 1 0
spittoons 1 0
deploring 3 0
iebende 11 0
toerichte 7 0
unschuldsvollen 1 0
einseitige 1 0
irtuoso 2 0
hasseurs 1 0
osom 7 0
zweiraedrigen 3 0
fuisse 1 0
hanksgiving 16 0
ruehlingsstimme 1 0
osse 9 0
mossy 8 0
entwickelst 1 0
initiator 1 0
ureliens 18 0
erzeichnis 3 0
anksagungsbriefe 1 0
ossi 1 0
nduced 2 0
reproved 6 0
angefuellt 5 0
identified 30 0
entwickelte 13 0
frugality 31 0
gequaelet 3 0
tediousness 4 0
plausibel 1 0
typists 1 0
copses 3 0
identifies 1 0
dithyramb 1 0
mirrors 56 0
trotzige 1 0
dissatisfactions 2 0
icelides 4 0
vaeterlich 2 0
arber 5 0
discharging 19 0
ramen 1 0
latent 27 0
loating 2 0
marier 1 0
appropriating 14 0
arben 55 0
bungled 3 0
ravelers 2 0
rummheit 3 0
ramer 3 0
alladion 2 0
mirrour 3 0
osue 1 0
enormities 4 0
osua 1 0
bungler 1 0
cumbrous 10 0
alladios 1 0
arbeu 1 0
politicks 1 0
spoudogeloia 1 0
osts 17 0
politicke 1 0
appropriation 16 0
lussbiegung 1 0
oubted 1 0
oste 18 0
piphanius 1 0
osta 1 0
certes 84 0
overdemonstrative 1 0
lately 331 0
mellifluent 1 0
fosten 2 0
propagandists 5 0
impropriations 1 0
osso 4 0
fungi 2 0
moste 14 0
foster 42 0
geebnet 1 0
toujours 1 0
fragility 2 0
gregarious 2 0
reproves 2 0
entstehest 1 0
enerosity 10 0
alladius 1 0
antheon 12 0
gewechselt 3 0
verhueten 5 0
desolated 5 0
theyhappen 1 0
erneinung 1 0
rangiert 1 0
snickered 1 0
funds 99 0
bekuemmere 2 0
kkuratesse 1 0
bekuemmern 18 0
archive 90 0
entwickelnd 2 0
yanjoy 1 0
teneri 1 0
bekuemmert 16 0
reciprocity 1 0
tenere 1 0
ndignant 2 0
veruebeln 1 0
southward 15 0
ermondsey 1 0
ramin 1 0
funer 3 0
chmetterlinge 3 0
ramis 1 0
schnuert 2 0
omerischen 2 0
drunkenness 31 0
arbar 2 0
emagogues 1 0
nominees 3 0
aensespiel 2 0
tenets 20 0
ehnen 9 0
grauste 1 0
ghaut 1 0
farrhaus 1 0
funda 1 0
encounter 68 0
ptness 1 0
olhoehe 2 0
praiseworthy 9 0
chreibtafelbemerkungen 1 0
alladium 4 0
unstsinn 4 0
mandassero 1 0
atteras 3 0
entsprang 3 0
anointing 5 0
nbehagen 1 0
totgeboren 1 0
variiert 1 0
haracteristic 2 0
heedling 1 0
nfatuated 1 0
suendhafter 1 0
overleaped 1 0
ntiche 2 0
ingriff 1 0
rally 20 0
iversion 17 0
jetziger 1 0
sychen 1 0
jetziges 1 0
liebreich 4 0
jetzigen 4 0
orthamptonshire 1 0
transmuting 2 0
gelaermt 2 0
eidenden 4 0
tocken 3 0
aufgegangen 12 0
souring 2 0
viler 2 0
viles 1 0
nmoeglichkeit 7 0
nklaegers 1 0
tocked 1 0
vilia 1 0
hauntingly 1 0
keineswegs 15 0
ingleaders 3 0
ornkammer 1 0
purlieus 2 0
udience 10 0
umherzuirren 1 0
omerids 1 0
leichtsinnig 9 0
huelfsbeduerftig 1 0
antients 1 0
hemiambics 1 0
committing 37 0
beschwichtigt 2 0
prietors 1 0
malachite 1 0
cullery 1 0
kamest 1 0
appeals 38 0
gesetzmaessig 1 0
childlessness 2 0
matchless 4 0
assoon 2 0
phenomena 88 0
unverzueglich 3 0
bibber 2 0
branding 5 0
riestern 4 0
uchhaltung 1 0
idolater 4 0
schoolfellows 2 0
riesters 2 0
gspuern 1 0
uebergossen 1 0
scrofula 2 0
bibbed 1 0
hakespear 1 0
landmark 8 0
iversity 2 0
usritt 1 0
orwegen 8 0
xtinguisher 1 0
xtinguishes 1 0
assora 1 0
artition 13 0
undecided 12 0
xtinguished 2 0
erzwang 1 0
thighs 4 0
bfahrende 1 0
esture 1 0
ogenoshita 3 0
factious 10 0
demurrage 1 0
commonest 13 0
introductory 9 0
dissimuleth 1 0
orweger 1 0
belaitee 2 0
echsten 1 0
urspruenglichen 4 0
patrolman 1 0
otal 12 0
otan 5 0
vorbeifuhr 1 0
onference 13 0
comforted 36 0
commoners 5 0
echster 1 0
unearned 1 0
echstes 16 0
omenichino 2 0
comforten 2 0
zurueckerwartete 1 0
comforter 4 0
peculiar 399 0
isabilities 1 0
ylphide 2 0
nonslaveholding 1 0
ordinances 22 0
shedding 14 0
payer 3 0
inacre 4 0
aisenhaeuser 1 0
furled 1 0
inveighing 1 0
vocifcrated 1 0
payed 7 0
olothurians 1 0
beluegt 2 0
idolatry 17 0
protest 71 0
dauerhafter 2 0
dauerhaftes 1 0
erfuehrung 3 0
cancelled 7 0
dauerhaften 2 0
ortatory 1 0
ralte 1 0
appease 17 0
ickerstaff 5 0
otch 8 0
iplom 2 0
pectora 1 0
straitway 1 0
auszuweinen 1 0
improprieties 5 0
assowa 2 0
iscontents 4 0
vorspiegelte 1 0
vermochtest 1 0
engeance 18 0
iracles 5 0
weaklings 1 0
verheimlichte 1 0
choeller 1 0
ondoners 3 0
oter 2 0
otes 108 0
letztverflossnen 1 0
insainoma 4 0
oted 3 0
prospect 119 0
illiputians 2 0
raesidenten 4 0
xplorer 1 0
inkommodieren 1 0
otel 85 0
oten 36 0
osttag 2 0
prospeck 2 0
dethronement 1 0
seraphic 2 0
oths 4 0
ursuant 1 0
ntruestung 1 0
eliminating 5 0
servd 12 0
reptile 12 0
serve 386 0
gravelled 8 0
seraphim 4 0
sugarcane 1 0
oluptuary 1 0
payin 1 0
othe 4 0
abzustreichen 1 0
oscana 1 0
ehlte 1 0
servt 9 0
combatant 3 0
edsworth 3 0
tolemy 15 0
fleckig 1 0
weckten 1 0
tengel 6 0
ferries 5 0
gewaltsamer 4 0
unkenntlichen 1 0
gewaltsames 2 0
otha 5 0
gewaltsamen 8 0
ausche 2 0
timmer 2 0
oltergeist 2 0
convenient 185 0
unkenntlicher 1 0
immitior 1 0
ferried 2 0
iotimus 6 0
eingejagt 1 0
appeare 1 0
aufeinanderliegend 1 0
plowed 2 0
appears 597 0
ajorsuniform 1 0
abiaengstigen 1 0
observasse 1 0
timmen 24 0
funkelnden 1 0
ompounded 4 0
appeard 15 0
ieutenants 1 0
esperus 3 0
kirkyard 2 0
otiz 3 0
rhapsody 3 0
ville 19 0
otiv 1 0
overturned 22 0
eclaircissement 1 0
streckte 15 0
abgetrennt 1 0
redouting 1 0
deification 1 0
apaunen 2 0
chickaree 2 0
hooters 1 0
villa 43 0
chwertern 2 0
lebhaft 124 0
anderung 7 0
schlanken 6 0
ilberdollar 1 0
schlanker 1 0
ramener 1 0
moris 3 0
outfit 11 0
zuversichtlicher 1 0
ielandschen 1 0
bussfertigen 1 0
annikin 3 0
ghastliness 3 0
iddleton 5 0
rahmanen 1 0
primordial 26 0
enamoured 6 0
lavatsky 3 0
palpitations 3 0
pideiktica 1 0
pleurisy 1 0
ghabt 9 0
antecedently 2 0
alkstein 7 0
durchflog 1 0
geknirscht 1 0
cheffel 3 0
loathed 11 0
usputzer 1 0
esculents 1 0
herabfliessende 1 0
hinangedraengt 1 0
ragoons 1 0
ommaso 1 0
narrowest 10 0
necessitous 6 0
escheiden 2 0
bstruse 1 0
landscapes 7 0
chields 2 0
unverhoffte 2 0
misbelievin 2 0
ecovered 1 0
mastered 15 0
hinblickt 1 0
ongbourn 88 0
shudderingly 1 0
loathes 1 0
sistematically 1 0
rovidin 1 0
arams 1 0
cotland 317 0
mourneth 1 0
hinblicke 1 0
leaved 8 0
tugendhaften 6 0
hitmarsh 1 0
niederlassen 5 0
tugendhafter 6 0
scharfsinnig 1 0
mainly 124 0
theyselves 1 0
olacken 1 0
leaves 593 0
needlessly 6 0
concernment 1 0
chleiche 1 0
leaven 10 0
verdienstvollen 1 0
arage 1 0
mourners 16 0
unheilbarer 1 0
accidie 1 0
gestreckt 2 0
upcaste 1 0
mountainous 16 0
ommand 77 0
kleinlich 4 0
yawning 11 0
preconception 1 0
funfzehn 5 0
ungegruendeten 1 0
zerteilen 1 0
swept 153 0
fortiter 1 0
erbeuteten 1 0
depriv 6 0
fuerwahr 23 0
spines 4 0
spinet 5 0
ratified 10 0
harvas 1 0
otre 15 0
ueene 1 0
tournant 1 0
gehoben 18 0
ackierer 1 0
morne 1 0
rovided 11 0
cerrus 2 0
scheiterten 2 0
allfahrer 1 0
eschewed 3 0
ratifies 1 0
thornes 1 0
ueens 1 0
arnaval 1 0
morng 1 0
swerd 3 0
ngeheuern 2 0
serio 1 0
verheimlichen 7 0
adread 1 0
lustrously 1 0
caldron 1 0
embodies 4 0
inflections 2 0
ngeheuers 1 0
onzaga 1 0
otts 6 0
spinnt 3 0
issenden 3 0
otto 24 0
opportune 4 0
leavin 5 0
leggings 4 0
laeppisch 1 0
otte 89 0
pideiktika 4 0
flanzungen 1 0
ortsauf 1 0
otta 5 0
steinichte 2 0
loathly 1 0
bekleben 1 0
embezzlement 4 0
berlippe 2 0
bstacle 3 0
otti 2 0
hilopoemen 1 0
skaddlin 2 0
douceur 1 0
ichtbare 1 0
nursery 29 0
gelenkt 3 0
embodied 24 0
arace 4 0
nowing 19 0
bediente 8 0
fumed 3 0
estung 4 0
rievances 31 0
tubers 2 0
arade 3 0
establishes 23 0
outlying 8 0
established 534 0
entwirrt 2 0
jutting 5 0
armonieen 1 0
oofar 1 0
reportour 1 0
lmachius 7 0
fumes 19 0
egegnungen 1 0
hovered 8 0
ipsabguesse 2 0
forelocks 2 0
spaeterhin 2 0
uersorge 1 0
geduldiglich 1 0
masterly 12 0
erpetually 3 0
brandies 5 0
prangen 4 0
entvoelkerten 1 0
mained 1 0
orgarten 1 0
serez 1 0
chooseth 2 0
ehmen 9 0
achpelah 1 0
interieure 2 0
ehmer 1 0
ehmet 2 0
deceptions 3 0
eliberate 1 0
serfs 8 0
fossil 6 0
factions 39 0
morti 2 0
prosperd 1 0
opfputz 3 0
morte 1 0
serge 2 0
morto 1 0
choosers 4 0
hoechstens 8 0
arrival 274 0
bespattered 1 0
ommage 1 0
aufopferten 1 0
obtrusively 1 0
erfreun 1 0
decipherable 1 0
eduerftigern 1 0
erfreut 34 0
bingsuns 1 0
onimportation 1 0
ermuede 1 0
ereigneten 1 0
resources 79 0
sisters 212 0
erfreue 2 0
nowise 20 0
sistern 1 0
ernteten 1 0
expensive 129 0
cemented 17 0
westward 32 0
serie 1 0
disenthrall 2 0
malheur 1 0
eissagung 1 0
accuracy 60 0
amiability 5 0
omptine 1 0
despatches 10 0
harlotries 1 0
smattering 3 0
inrotuliert 1 0
reathing 5 0
angestachelt 1 0
tangents 1 0
unsanfter 1 0
gefolgt 10 0
latznelke 1 0
sublimest 3 0
unsanften 1 0
wottest 1 0
dissimulating 1 0
envenomed 1 0
uncan 6 0
shawling 1 0
postel 6 0
hellhaeutig 1 0
aiblins 5 0
despatched 40 0
poster 3 0
cerceris 1 0
msorgt 1 0
snort 12 0
urtenius 1 0
bedfellows 1 0
ostume 6 0
terility 1 0
posted 113 0
industan 1 0
omnipotent 13 0
kribenten 1 0
ofour 1 0
breathed 54 0
widerstanden 2 0
issolve 4 0
mitigate 14 0
swimp 2 0
swims 7 0
hergetragen 1 0
swine 21 0
mumbled 9 0
swing 40 0
vorging 24 0
desperation 29 0
verscheuchen 5 0
verscheuchet 1 0
parritch 4 0
talanta 4 0
astonishment 123 0
oubs 1 0
verachtenden 2 0
moved 335 0
latently 1 0
entehrt 2 0
oubt 45 0
verzagt 4 0
gyves 1 0
lockmaking 1 0
heranprasselnden 1 0
verabschiedet 2 0
conversationalist 1 0
onferenzen 1 0
swift 96 0
mpfehlung 2 0
atiline 4 0
weetness 2 0
verabschieden 1 0
ouay 4 0
manieriert 1 0
otwendige 3 0
hlius 1 0
lbertus 1 0
icicles 7 0
upheave 1 0
gefaenglich 1 0
agonizing 5 0
trust 358 0
yacinth 1 0
oudy 1 0
truss 6 0
foreclose 3 0
prevent 528 0
hymnbook 1 0
eteorics 2 0
nfeeling 1 0
vermenschlicht 1 0
arfner 11 0
upboard 6 0
faengst 2 0
gewohnte 5 0
rossgriechenland 1 0
buhlst 1 0
capulco 3 0
tendit 1 0
trutt 1 0
auchnitz 2 0
truth 1237 0
gendered 16 0
nbegreiflich 1 0
ntiphilus 5 0
mover 6 0
moves 60 0
ozzuoli 2 0
tendin 1 0
ouch 10 0
untouched 14 0
remembrances 6 0
dirtiest 3 0
popcorn 9 0
ispersing 1 0
movin 6 0
learness 4 0
swish 4 0
umultuous 1 0
dmirals 1 0
oues 5 0
ahndevoll 1 0
lanning 1 0
spress 1 0
hucks 3 0
sundawn 1 0
versuessen 3 0
swith 2 0
ostuem 4 0
ouel 4 0
ouen 11 0
providentially 7 0
ouhy 1 0
uncle 184 0
owcroft 1 0
gelaeutet 1 0
bwechselnd 1 0
firstly 6 0
prevaricate 1 0
oncluded 3 0
tender 245 0
ayings 4 0
inauguration 3 0
ouge 7 0
sublimely 2 0
tended 63 0
ough 41 0
achtzehnjaehrigen 1 0
ttempting 2 0
swive 2 0
ivalship 1 0
misease 6 0
tache 1 0
ckerbau 2 0
heraufgearbeitet 1 0
erdacht 32 0
ashfulness 2 0
sprent 2 0
vastest 1 0
fatorum 1 0
euville 1 0
swink 12 0
hilosophieren 1 0
rapiers 1 0
herauskommt 1 0
newefangle 1 0
snout 3 0
orgues 9 0
orthwestern 1 0
erschuettert 7 0
ouis 217 0
campierten 1 0
ugendfehler 1 0
breathes 13 0
erschuettern 2 0
eregrinations 1 0
swipe 2 0
postal 2 0
slimness 2 0
unces 6 0
lesion 1 0
assaulting 2 0
empoerten 2 0
outine 2 0
susceptibility 3 0
outing 5 0
empoertes 1 0
ueberschlugen 3 0
bleedzd 17 0
unmerited 5 0
favour 491 0
segeln 1 0
tacit 7 0
snows 17 0
gardeners 4 0
ouls 11 0
oult 1 0
chaperon 4 0
dissimulation 15 0
snowy 26 0
ungezwungene 5 0
abroad 290 0
wielding 7 0
wheedling 1 0
arcum 1 0
naturalists 8 0
disposing 20 0
ould 389 0
hestandes 2 0
oule 3 0
tacks 3 0
oula 1 0
warble 4 0
mondlose 1 0
swirl 2 0
eingeschlossen 11 0
ouke 1 0
verkleidete 5 0
oukh 1 0
organizers 1 0
arcus 53 0
tackd 1 0
verlaengerten 2 0
accurate 81 0
geschmachtet 2 0
zuwiegen 1 0
trueb 4 0
uition 3 0
ebbers 3 0
ansehend 3 0
putzten 1 0
minated 1 0
ount 336 0
pamphlets 30 0
dampfend 3 0
iertelstunden 1 0
shelters 4 0
officio 3 0
margin 82 0
eharrlichen 1 0
uiting 2 0
armontel 3 0
ound 94 0
herbeigeholt 1 0
oung 80 0
prachlehrer 1 0
mount 65 0
tristen 1 0
trufe 2 0
ndividualitaet 4 0
ounc 1 0
shelterd 1 0
truff 2 0
oumi 1 0
recipients 6 0
corruptioun 1 0
truer 18 0
mound 16 0
conciliis 1 0
eschwind 3 0
heifer 4 0
entsetzlich 10 0
seuil 1 0
oliticks 20 0
nection 1 0
ardinaelen 1 0
rsulines 5 0
aversions 2 0
substances 27 0
hoechlich 9 0
excellently 16 0
intendant 12 0
favors 24 0
ustermaessiges 1 0
kalkige 1 0
hesitations 2 0
calumniators 1 0
greenhorns 1 0
entmutigendes 1 0
favord 16 0
climates 24 0
potting 1 0
ousa 5 0
officer 242 0
offices 136 0
erzeugend 1 0
interlace 1 0
ouse 710 0
huffles 1 0
mouse 36 0
ours 364 0
uehnheiten 1 0
profitabler 1 0
ourt 432 0
ipple 1 0
imnmur 1 0
lohnet 1 0
mours 1 0
travelling 140 0
reputataion 1 0
physiol 1 0
taboo 8 0
oncluden 1 0
protege 4 0
unclosed 2 0
lohnen 2 0
nachschwelgte 1 0
uehre 3 0
ardly 31 0
oure 7 0
erdruss 49 0
ourg 5 0
ichenlaub 1 0
beeilen 3 0
haracters 47 0
lberten 11 0
uehrt 2 0
marges 1 0
mourn 18 0
truce 17 0
vorhabenden 1 0
xons 2 0
redeems 2 0
truck 15 0
ionaea 1 0
anschrei 1 0
furore 2 0
jockey 3 0
kicking 24 0
niedriges 1 0
outs 7 0
indexes 7 0
conceding 5 0
klopfende 1 0
niedriger 4 0
onvenience 3 0
inapplicable 3 0
weggerufen 1 0
oute 11 0
upgroweth 1 0
equivocate 1 0
onveniency 1 0
ardoe 1 0
niedrigem 1 0
niedrigen 7 0
outh 310 0
ippis 2 0
outi 1 0
bgesandter 1 0
vorzuzeigen 2 0
ippio 1 0
mouth 502 0
oust 5 0
ardou 1 0
bgesandten 4 0
giants 17 0
intermediaries 4 0
moutn 2 0
ardor 16 0
illermont 1 0
ardon 28 0
hinunterfliesst 1 0
trump 17 0
garroted 1 0
pectres 2 0
sowieso 9 0
olitical 53 0
corruptions 9 0
atroclus 9 0
curbeth 1 0
histoire 5 0
airhaired 1 0
pernbuechelchen 1 0
truly 332 0
patrimony 7 0
protean 1 0
ardie 6 0
nestlings 2 0
kosmikou 1 0
outshines 2 0
shipwright 1 0
sprech 4 0
trunk 86 0
orgenhaube 1 0
physick 1 0
ardis 7 0
ueberhaengenden 2 0
ardin 2 0
rhaltene 1 0
reudiges 1 0
ausdulden 1 0
dispitous 1 0
heighten 11 0
pattern 63 0
nbill 1 0
discomforte 1 0
bleeden 1 0
labour 1358 0
xore 1 0
physico 1 0
unconsecrated 1 0
eschwerde 6 0
physics 20 0
reizend 50 0
unabashed 4 0
vernagelt 1 0
discomforts 7 0
erminals 1 0
piloted 1 0
protect 143 0
hinlaenglich 12 0
gekommen 156 0
boiste 1 0
awright 1 0
lohnte 1 0
trups 1 0
potentates 9 0
postle 13 0
ipper 2 0
ippen 68 0
reissender 1 0
zwischen 253 0
reissenden 5 0
nannehmlichkeiten 3 0
hereinschauen 1 0
untersetzter 2 0
spiked 3 0
einwickeln 1 0
ilbermuenzen 1 0
uidance 1 0
chleifen 3 0
ortzuleiten 1 0
preveth 1 0
labors 40 0
urchgaenge 1 0
nbind 1 0
thoroly 2 0
abhaermen 1 0
gewuenscheten 1 0
assoil 4 0
chlendern 2 0
ouze 1 0
speshully 1 0
timing 3 0
schwierigsten 1 0
dienstlich 2 0
rixdollar 2 0
thicks 1 0
tristis 1 0
flamingo 1 0
arden 58 0
idgewood 1 0
bstgarten 1 0
contumely 4 0
thicke 3 0
abitur 1 0
spikes 8 0
affection 288 0
ambergischen 2 0
ccompts 2 0
ardec 1 0
entgegenleuchtete 2 0
pattens 2 0
affecting 28 0
climatic 2 0
arder 2 0
ardes 2 0
praelia 1 0
ienstleute 1 0
maimed 15 0
lockend 2 0
xoux 1 0
labord 3 0
tadttor 2 0
spread 338 0
dextraque 1 0
ofort 2 0
yacinthus 3 0
facetious 12 0
organizations 12 0
riegsplane 1 0
redheart 1 0
eberflusse 1 0
heroics 1 0
plainings 1 0
bemaechtigt 4 0
iguel 5 0
luncheon 37 0
heroick 1 0
anging 11 0
evellour 1 0
alicious 2 0
etiring 2 0
helmsmen 1 0
casket 11 0
ehoer 7 0
chliche 2 0
fluid 68 0
bstractedly 2 0
easygoing 1 0
uehen 1 0
portages 2 0
equena 1 0
erstarb 1 0
seconded 9 0
unfann 1 0
ergoetzend 3 0
verwandelt 22 0
housand 36 0
verwandeln 15 0
princesses 11 0
eerrettichpflanze 1 0
rannt 3 0
keletons 1 0
wundersame 7 0
usdruckes 1 0
subtleness 1 0
fluge 3 0
purring 4 0
ranne 3 0
scowled 2 0
thenienser 41 0
lugged 3 0
sprouted 4 0
daimiyos 2 0
fastest 6 0
oval 23 0
procedure 19 0
tinctly 1 0
ovar 134 0
ovat 2 0
ydney 8 0
fasteth 3 0
reiber 1 0
naufzwungen 1 0
reibet 1 0
ballte 1 0
ebacknes 1 0
fighter 17 0
yrrhonism 3 0
arcae 1 0
unterbringen 1 0
jealousies 12 0
fighten 1 0
reiben 4 0
unbar 1 0
chmelzung 2 0
ebensluft 1 0
ndromeda 3 0
verschoenern 3 0
ranus 2 0
achsicht 12 0
flues 1 0
aempfe 2 0
rantz 1 0
sympathizers 1 0
thiefe 2 0
cquit 1 0
runter 3 0
refrigerations 1 0
ifthly 3 0
sneezed 2 0
erstand 69 0
cloathed 6 0
aokoon 1 0
typically 1 0
tristre 1 0
asquier 2 0
adeloehr 1 0
ohnplatz 3 0
rants 23 0
kalkuliert 1 0
polygamy 4 0
cloathes 1 0
eldlagers 1 0
apours 8 0
hineinreitet 1 0
girdled 6 0
einfuhren 1 0
vines 36 0
verschoenert 6 0
weisere 1 0
fluff 1 0
itwerhaus 1 0
preyed 5 0
fastens 1 0
fluch 1 0
mockingly 2 0
wiespalt 6 0
polygama 1 0
entwendetest 1 0
exhibits 16 0
iedertraechtigkeit 2 0
llenthalben 1 0
ephele 1 0
sette 8 0
unfair 15 0
thorowe 1 0
ffspring 10 0
orbeare 1 0
ballot 24 0
ntient 3 0
over 4686 0
oves 13 0
erheitertem 1 0
erheiterten 1 0
oven 11 0
rlaubnis 29 0
laetterkoerper 1 0
submittest 1 0
turnouts 2 0
eingesendet 1 0
ovey 154 0
jemandem 2 0
tremulously 5 0
jemanden 17 0
oved 4 0
prerogative 29 0
thaetest 1 0
setup 1 0
wuehlt 1 0
ovel 7 0
iebente 3 0
posses 3 0
posset 2 0
oewenhaut 1 0
durchstossen 1 0
striking 219 0
moufs 1 0
eingeschlichen 2 0
iebesdienst 1 0
calumniate 1 0
outhey 137 0
mariners 16 0
mouff 3 0
escheute 1 0
meliore 1 0
foresight 22 0
meliora 1 0
blinkende 1 0
uehne 25 0
hantasie 45 0
tribble 1 0
intercept 6 0
hintansetzen 2 0
secondly 98 0
girdles 5 0
thunderbolt 28 0
ausack 1 0
yracusaner 1 0
lbula 1 0
equest 48 0
tincted 1 0
pejorate 2 0
achgenuss 1 0
brachtest 1 0
visedly 1 0
manouvres 2 0
pawnbrokers 1 0
table 810 0
ovis 7 0
ntiers 1 0
postolicae 1 0
ephews 1 0
exposures 3 0
ablehnend 2 0
lphabetical 1 0
ovie 21 0
angier 3 0
lbernheiten 3 0
rbeitern 3 0
rbeiters 1 0
chulmeisters 1 0
eschaeftigkeit 9 0
hostelries 2 0
setze 8 0
escent 6 0
nowles 1 0
unternehmt 1 0
setzt 66 0
escend 2 0
auberpalaste 1 0
cissars 2 0
unstfreunde 1 0
unternehme 2 0
xper 1 0
chilfmatte 3 0
fedder 1 0
bholen 1 0
angibt 1 0
stannaries 1 0
equere 3 0
propitiatory 1 0
oflakaien 1 0
huben 2 0
sipping 3 0
emented 1 0
ebuesch 2 0
nterweisungen 3 0
tremblings 2 0
uehlt 7 0
urchreisende 1 0
uerchterliche 1 0
usstellungen 1 0
depten 1 0
cheerlessly 1 0
coheres 3 0
alpole 20 0
estaltungen 1 0
aemchen 5 0
cohered 5 0
ausgezierten 1 0
workshops 2 0
uehmt 1 0
gardenful 1 0
tearful 16 0
sneezin 1 0
iblicus 1 0
anziehend 2 0
moult 2 0
nvitatory 1 0
fightin 5 0
uehle 14 0
overexertion 1 0
stamack 2 0
ebbeth 1 0
ungenutzt 3 0
heroine 38 0
ochwegs 1 0
chwindel 3 0
ranze 3 0
mould 256 0
bewilligt 2 0
possum 15 0
apefigue 1 0
bezirkt 1 0
curvature 1 0
erstach 1 0
ebenslust 3 0
insinuates 3 0
heroism 18 0
pielten 1 0
gravamina 1 0
yanked 3 0
yankee 1 0
delmanne 1 0
ailure 9 0
insinuated 12 0
ltham 3 0
rfreulich 1 0
oryism 8 0
crawled 35 0
puisne 2 0
iorgione 1 0
lehouse 3 0
delmanns 2 0
pitzen 4 0
inneschen 1 0
arcos 36 0
ntschliesset 1 0
unana 1 0
motor 6 0
reyness 1 0
nsertion 1 0
aemons 1 0
filched 3 0
anspornen 1 0
ntschliessen 1 0
scrupulousness 1 0
unapt 2 0
chleiers 2 0
gatten 1 0
verkuenden 4 0
lthea 1 0
rimichi 2 0
copper 112 0
erflucht 2 0
gattet 1 0
verkuendet 2 0
buhlet 1 0
mpotent 1 0
neminem 1 0
olorado 131 0
ovrs 2 0
promoters 6 0
ritheists 1 0
aketboots 2 0
roissart 7 0
unerreichbar 2 0
igure 19 0
artikel 1 0
spiles 1 0
depths 120 0
thorpes 2 0
forbiddeth 4 0
oderation 14 0
randy 7 0
nachlegen 1 0
rankheitsfurcht 1 0
eingeleitet 2 0
wantonly 20 0
zuzueignen 8 0
ormidable 2 0
ovum 26 0
wooing 14 0
deciphering 4 0
werdend 2 0
etterwolken 1 0
hinauftragen 1 0
instantly 204 0
ovts 2 0
unseeingness 1 0
rande 28 0
rezume 1 0
drawback 31 0
drueckte 67 0
gefleischt 1 0
rands 2 0
egensaetzen 2 0
stoehnend 1 0
ayswater 1 0
chneeman 1 0
komplette 1 0
tapestry 14 0
greatness 112 0
pedant 10 0
zusammenzulaufen 1 0
exhortation 13 0
randa 2 0
crawlin 2 0
ranch 39 0
rance 1217 0
arcks 1 0
rsatz 5 0
whisperings 7 0
ettycoats 1 0
oliaths 1 0
ranco 2 0
kreise 1 0
erwarte 17 0
flush 26 0
sumptuously 3 0
armorfelsen 1 0
tablish 2 0
thnological 1 0
farthermore 5 0
magicians 7 0
pedals 7 0
bissen 1 0
incased 1 0
onceptions 4 0
gegenden 1 0
flute 49 0
repulsiveness 1 0
bissel 9 0
einsichtigen 2 0
rabmaelern 2 0
maille 1 0
irklichkeiten 1 0
disburdened 1 0
rania 4 0
enraptured 3 0
streets 173 0
unbearded 1 0
washstand 1 0
mehren 3 0
arces 26 0
mbryonen 1 0
dummen 5 0
eisterwelt 1 0
dummer 2 0
streete 1 0
dummes 1 0
scriptum 1 0
terminations 2 0
motum 1 0
spille 1 0
lovedays 1 0
empelgestalt 1 0
umarmten 9 0
benefiting 4 0
rschlagenen 1 0
motto 35 0
humoristischer 1 0
range 139 0
bestreiten 1 0
rovinzialism 1 0
ragoman 1 0
jubeln 1 0
nrique 1 0
dreariest 3 0
urnace 4 0
fountained 1 0
anythin 5 0
latbed 2 0
urueckgesetzten 1 0
chimmers 1 0
archi 2 0
chimmern 1 0
ehold 30 0
arcia 5 0
erfinderisch 1 0
achrichten 25 0
quizzed 3 0
campanulate 1 0
hepherdess 1 0
preparedness 4 0
shirting 1 0
elements 184 0
instantis 1 0
ranes 1 0
possit 1 0
rotestantische 1 0
oraison 2 0
rdenkloss 1 0
taats 16 0
einsahen 2 0
wofold 1 0
unarm 2 0
arcas 3 0
antworten 23 0
zornig 6 0
laintive 1 0
antwortet 7 0
taate 8 0
suspending 7 0
unnennbaren 3 0
osture 4 0
foulest 8 0
asquins 1 0
marvellousiy 1 0
asquint 1 0
ranks 145 0
deadlights 1 0
ebuesst 1 0
flung 115 0
unard 3 0
brennende 3 0
runton 6 0
naturalised 1 0
orsitzer 1 0
marvellously 10 0
ranke 18 0
abjectly 2 0
werdenden 1 0
bellman 3 0
provender 2 0
ntlarvung 1 0
herumnahm 1 0
ddies 1 0
olizeieinrichtungen 1 0
porzellanenen 2 0
arceo 1 0
iguex 2 0
instanter 1 0
arcel 4 0
llipsiprymna 2 0
superstitions 14 0
wantoned 1 0
asquill 1 0
igues 12 0
arcee 1 0
filchd 1 0
ranit 6 0
taetigste 2 0
instep 3 0
inster 2 0
ordwest 1 0
dislocates 1 0
disapproval 9 0
ehrke 1 0
mullioned 3 0
beller 1 0
diverged 4 0
maschia 1 0
belles 4 0
bellen 2 0
dislocated 4 0
froren 1 0
diverges 1 0
onatello 1 0
oway 1 0
renville 13 0
daring 73 0
belled 1 0
owan 2 0
ependance 5 0
urmese 1 0
competent 45 0
schwankende 4 0
urcester 1 0
fortspielt 1 0
hornets 1 0
owas 1 0
aille 1 0
professors 51 0
ddled 1 0
ragbahre 1 0
mediocity 1 0
embertons 1 0
vertuscht 1 0
telling 228 0
owdy 10 0
perseverance 40 0
ehrig 5 0
eifall 98 0
posteritate 1 0
humanities 2 0
abformten 1 0
ailly 2 0
stillschweigende 1 0
connect 24 0
rational 104 0
ordered 220 0
lamininus 1 0
sombre 20 0
taching 1 0
tempore 3 0
orderes 1 0
exciting 57 0
orderer 1 0
enetration 1 0
rsene 1 0
instid 2 0
taffordshire 7 0
esuites 5 0
esichts 12 0
aengre 1 0
anstellte 4 0
ebronianism 4 0
esichte 29 0
huete 2 0
instil 4 0
ower 459 0
xperimental 1 0
eptimania 1 0
ofrat 11 0
owes 53 0
owen 93 0
metheglin 2 0
abated 18 0
disguised 29 0
estward 4 0
ergleichung 19 0
esuiten 9 0
owed 85 0
aengst 2 0
verschreibst 1 0
owel 7 0
disguises 6 0
projecting 43 0
astoral 5 0
arfay 2 0
ommandostab 2 0
bespritzen 1 0
blotted 20 0
nkern 1 0
amberger 5 0
aboriginal 13 0
oroner 1 0
mundum 2 0
unedo 1 0
orones 2 0
esirable 2 0
oronet 1 0
postmaster 17 0
ehren 26 0
eschaeftigungen 19 0
mundus 1 0
astcheap 2 0
abates 5 0
einzig 16 0
ohlbehaglich 1 0
huere 1 0
projection 15 0
rationem 1 0
bestehend 1 0
ehrer 17 0
uncountable 1 0
ehret 4 0
ergiften 1 0
generically 1 0
ailin 2 0
hypochondriac 2 0
oepfezeichnen 1 0
rosettes 1 0
lebenslustiger 1 0
definitively 2 0
campaigning 4 0
lebenslustigen 2 0
flowerless 1 0
freiere 3 0
chluepft 1 0
lisped 3 0
murmelnden 1 0
freiern 1 0
furca 1 0
omnivorous 3 0
driatischen 1 0
indemittel 2 0
andstrasse 3 0
nvying 1 0
orderin 1 0
aenger 29 0
impeach 6 0
immortal 103 0
uscheltuff 2 0
scourings 1 0
palten 3 0
aengel 6 0
aengen 4 0
sexes 35 0
childishness 7 0
fantastical 4 0
kidnaped 2 0
bschiedsgrusse 1 0
applys 1 0
egained 1 0
untergesteckt 1 0
tiefvaters 2 0
fluestern 1 0
owie 2 0
briefliche 1 0
einzureichende 1 0
castrated 1 0
owin 1 0
bendkuehle 2 0
microscopic 4 0
draftsmen 1 0
owly 1 0
astores 1 0
pitzbueberei 1 0
abwenden 6 0
eissonier 1 0
zurueckstoessest 1 0
rometheus 9 0
aborigines 13 0
mandatory 1 0
applyd 2 0
furbished 1 0
applye 1 0
orderly 35 0
oanoke 1 0
resteless 1 0
owls 29 0
abwendet 2 0
alefactors 1 0
jagged 11 0
geschlossnen 1 0
topazes 1 0
duenna 1 0
ailed 7 0
ascending 45 0
eereise 2 0
chickadee 1 0
ailey 39 0
leigeman 1 0
geknetete 1 0
rauminoet 3 0
chlacht 16 0
duenne 3 0
ailer 1 0
laucus 7 0
ailes 6 0
campings 1 0
lumenstraeusse 1 0
huelf 1 0
workfellows 1 0
gnatiana 1 0
disapprover 1 0
hergekommen 2 0
oolau 3 0
quietude 4 0
achtavierzgi 1 0
owns 154 0
ezept 1 0
disapproved 16 0
beguenstigst 2 0
buoyantly 1 0
omanenschreiber 1 0
ubiquity 4 0
ownd 3 0
seconding 2 0
owne 7 0
zweckmaessigsten 1 0
enander 12 0
inband 1 0
littergold 1 0
nebenher 4 0
scheiden 26 0
sovereignties 1 0
loetentoene 1 0
ausblieb 1 0
scheidet 4 0
achmittag 13 0
unenforceability 1 0
whencesoever 1 0
ueberlieferungen 1 0
abwendig 1 0
olyxenus 2 0
exhorted 11 0
entschiede 1 0
dealists 1 0
exhorter 1 0
arriage 54 0
scharfsichtigen 1 0
distended 12 0
einfloessest 1 0
beguenstigte 7 0
kotigen 1 0
rarae 1 0
lluminated 1 0
rtevelde 3 0
interlock 1 0
lieveth 1 0
ependants 6 0
dunfish 1 0
undfieber 1 0
bewegliche 7 0
arousing 6 0
dolefuls 1 0
owse 4 0
unoccupied 7 0
newfangle 1 0
pirituale 1 0
entgegensah 3 0
serviteur 1 0
owry 1 0
bellus 1 0
cappuccio 1 0
contrasted 17 0
undue 18 0
slashin 1 0
bellum 1 0
ooker 11 0
deputation 7 0
oderate 3 0
eligman 1 0
ilotica 2 0
schwebend 9 0
zielende 1 0
drauss 1 0
furze 1 0
ooked 5 0
draust 1 0
lorian 52 0
gesundetest 1 0
rhododendrons 1 0
arfur 6 0
mpfindungsfaehigkeit 4 0
salesmen 1 0
teinarten 4 0
bedenket 1 0
hinweggelebt 1 0
armesan 2 0
penniless 9 0
adversair 2 0
anstellen 3 0
executeth 1 0
movables 5 0
ookay 4 0
bellend 1 0
etteiferung 1 0
bedenken 18 0
demselben 44 0
owth 1 0
lorida 26 0
endidea 1 0
forfeited 29 0
turzes 1 0
owso 1 0
petted 13 0
forswore 1 0
tristissima 1 0
gerichtete 2 0
forsworn 1 0
muehsamen 1 0
paunch 2 0
ndzwecken 1 0
registering 2 0
oannou 1 0
volunteering 1 0
twists 4 0
ookin 1 0
declamations 1 0
nacreontea 1 0
eliverance 4 0
gauren 3 0
ancestral 18 0
eceptacles 1 0
spikelets 1 0
abasso 1 0
ookie 7 0
lisoun 5 0
purgative 4 0
ausgetrocknet 2 0
muehsamer 1 0
verhuete 1 0
verehrten 10 0
gegenueberstehende 1 0
bawdery 2 0
mashed 2 0
chucklings 1 0
verehrter 1 0
verehrtet 1 0
sewin 2 0
shrewedly 1 0
aboriau 1 0
iserere 2 0
entschlossenen 2 0
undry 2 0
bellow 5 0
naerrischer 2 0
atzisnames 2 0
mashes 1 0
naerrisches 2 0
sicknesses 2 0
replying 19 0
furry 2 0
lazzaroni 1 0
furth 3 0
goaded 13 0
erbundene 1 0
unobjectionable 5 0
ussbaeumen 1 0
romethean 2 0
arfst 2 0
esuitry 1 0
imonis 1 0
embellishments 1 0
urmeln 4 0
enntnissen 5 0
ayamon 1 0
definiteness 3 0
imoises 1 0
ehrte 3 0
seltensten 3 0
midmost 5 0
osbach 5 0
beguenstigen 7 0
llwill 1 0
atholische 1 0
beguenstiget 1 0
laudio 2 0
laudit 1 0
fortgefahren 1 0
circling 17 0
spatula 1 0
submitting 23 0
competency 1 0
wandelnden 3 0
ohlwollens 1 0
taebe 2 0
gestarrt 1 0
competence 7 0
verschmachtest 1 0
ittagsbrot 1 0
ailua 2 0
missayeth 1 0
twitch 1 0
durchgejagt 1 0
missayest 1 0
munera 1 0
adversary 30 0
furor 1 0
incubation 1 0
quadruped 3 0
tellify 1 0
postelgeschichte 1 0
rauenlob 1 0
projectile 6 0
ittelstande 2 0
transmigration 1 0
rbarmnus 1 0
egungen 9 0
nkeln 4 0
purgation 6 0
nkels 1 0
astenspeisen 1 0
solecism 2 0
forcibly 38 0
slashed 12 0
accustomed 270 0
contraband 4 0
aeuglings 1 0
quadruple 1 0
laudes 2 0
nkemp 1 0
afisen 2 0
ailor 11 0
slashes 2 0
fidget 1 0
facundia 1 0
forcible 22 0
laudem 2 0
lories 2 0
scattering 17 0
abgezogene 1 0
lauded 5 0
aufgeschlossen 4 0
apples 42 0
verehren 17 0
paralysing 2 0
ussbodens 1 0
boards 50 0
somber 17 0
inston 1 0
scoops 3 0
malarious 4 0
skeerted 1 0
stereoscopes 1 0
definers 1 0
lucifer 2 0
paltry 40 0
scampered 5 0
unconvertible 1 0
rauenzimmer 71 0
arnabas 3 0
odulations 2 0
wiederherstellt 1 0
nzuschauen 1 0
meridian 6 0
abgeholt 1 0
ippopotami 3 0
denenjenigen 2 0
wireless 4 0
orhergehenden 3 0
preachen 1 0
egenguss 3 0
areas 9 0
idakoua 1 0
preached 73 0
ransports 8 0
verabschiedeten 1 0
squoze 1 0
asteur 1 0
burghers 28 0
angelic 10 0
votaries 23 0
preacher 119 0
preaches 9 0
examining 66 0
incomparably 17 0
weissagen 2 0
announcement 107 0
hambray 1 0
aikio 1 0
genehmigte 1 0
pancake 1 0
therwise 13 0
erformers 1 0
rowbridge 4 0
ootoot 1 0
mowed 5 0
sticketh 2 0
andarus 82 0
rancaise 1 0
erhebenden 1 0
herauszuziehen 4 0
abgepasst 2 0
aredo 5 0
distinctive 23 0
ochgericht 1 0
oligarchy 32 0
arlsbad 8 0
oxes 4 0
oxen 69 0
ovipositor 1 0
oligarchs 4 0
undee 1 0
unden 35 0
yemitsu 4 0
areek 1 0
stiffens 1 0
incomparable 31 0
lasfluss 1 0
under 3460 0
undes 9 0
healthfulness 2 0
preparatives 1 0
isenus 2 0
ettesworth 2 0
divisions 45 0
hoeheren 16 0
hoeherer 7 0
hoeheres 2 0
untertaenigst 2 0
samisen 6 0
isenum 1 0
pulsing 6 0
ieblingspferd 1 0
erseverance 12 0
tapeziert 2 0
enforcement 10 0
countermarch 1 0
recisely 14 0
pulsion 1 0
udgell 5 0
mower 1 0
ausbesserte 1 0
ugbear 1 0
unday 281 0
frontlets 1 0
swaying 16 0
training 92 0
achstellungen 3 0
recautions 1 0
postquam 3 0
statuaries 2 0
seemingness 1 0
drowsily 5 0
verwandten 5 0
blossoms 42 0
undas 3 0
blossomy 2 0
newsletter 8 0
rrrraaaa 1 0
erdenden 1 0
verity 6 0
gleichzuachten 1 0
estrangement 5 0
anschwellender 1 0
rrrraaah 1 0
distressingly 1 0
ongola 4 0
inschlendern 1 0
presaging 1 0
owager 10 0
ealities 2 0
stellify 2 0
glittering 32 0
untertaenigem 1 0
untertaenigen 2 0
timidly 16 0
traightway 1 0
verite 1 0
ugendzeit 1 0
sewed 11 0
ripest 2 0
lections 26 0
klangen 5 0
sewer 4 0
sewes 1 0
eagues 6 0
idiotlike 1 0
geschwelgt 1 0
ongols 1 0
hoeherem 2 0
meiste 9 0
anmutsvollen 1 0
verschiedne 6 0
succor 10 0
laubst 11 0
zustroemen 1 0
heraufwaechst 1 0
preachin 1 0
ossuet 38 0
quation 1 0
angello 1 0
nursing 19 0
opposes 6 0
unedle 1 0
reascend 2 0
lanelle 1 0
ehrsuechtiger 1 0
rightened 2 0
ratzenbild 1 0
roudhon 2 0
arlands 1 0
ripens 2 0
chnitt 6 0
disconcert 3 0
tadle 4 0
brandings 1 0
indergeschichten 1 0
zurueckzubehalten 1 0
cernens 1 0
napkin 11 0
bedaechtige 2 0
streameden 1 0
opposed 150 0
undid 2 0
clviii 2 0
chofpelz 4 0
dirigere 1 0
irkungen 22 0
verehrte 11 0
bebende 1 0
laschenzuege 1 0
guetlich 1 0
quenchable 1 0
worketh 3 0
hookeriyahs 1 0
herzte 2 0
immortalised 1 0
laissez 1 0
himselve 6 0
ungezwungne 1 0
verily 65 0
vizier 2 0
ilkins 4 0
ncounted 1 0
arers 1 0
ermodorus 1 0
geoeffneten 2 0
achwalter 5 0
beluegen 2 0
eminine 1 0
rdwinden 1 0
cherubinnes 1 0
llerbeste 1 0
uillemin 1 0
fairyland 8 0
execute 71 0
readableness 1 0
imalayas 4 0
onservators 1 0
aress 1 0
asserters 1 0
ordernisse 1 0
laucon 87 0
imalayan 2 0
workest 1 0
iederfinden 1 0
postponement 4 0
examine 172 0
weissagte 1 0
unbroke 1 0
atorts 1 0
enschsein 1 0
industry 567 0
ueberladene 1 0
klostermaessig 1 0
turmwinde 2 0
nerwartete 1 0
arett 5 0
erfahre 2 0
lethon 2 0
workers 25 0
wohlhaebigen 1 0
eccentricity 9 0
isappointed 3 0
inisterre 6 0
aseness 5 0
increasing 224 0
mermen 1 0
unangenehme 7 0
ergents 1 0
eherrsche 1 0
merman 2 0
odious 109 0
bstbrecher 1 0
rapid 178 0
seven 570 0
abstehen 2 0
arena 24 0
wetterleuchten 1 0
versteinert 3 0
darker 40 0
ehrsaetze 2 0
sever 9 0
arent 18 0
farnesinischen 1 0
aufzupassen 1 0
darkey 12 0
uebrig 68 0
obacco 18 0
festsetzen 2 0
dropping 61 0
immutably 3 0
complaints 66 0
versicolor 1 0
darken 9 0
ingress 6 0
immutable 16 0
gefangenen 2 0
ashiers 1 0
eduerfnisse 26 0
unfamliar 1 0
ahraus 1 0
ktionen 1 0
garstige 5 0
erhitzt 5 0
recording 14 0
enclosures 6 0
rachtgaleere 1 0
paulding 1 0
wahnwitzig 2 0
sinius 2 0
threadbare 11 0
arthagenians 1 0
bschneidens 1 0
zusammenbricht 1 0
promernadin 1 0
winning 47 0
huntress 1 0
eilnahme 31 0
vrite 2 0
lemonade 4 0
atavistic 1 0
belaestigt 3 0
totschlage 1 0
preisgeben 2 0
eaport 1 0
unscreen 1 0
raper 2 0
rapes 6 0
firefanged 1 0
riesland 3 0
toehnen 1 0
mechanic 15 0
verargen 2 0
odrich 1 0
premises 40 0
ueberschwenglich 3 0
emphasizing 3 0
arigliano 2 0
eihentanze 1 0
darkie 2 0
magnification 1 0
stellst 3 0
zustroemte 1 0
lingern 1 0
begunnen 1 0
meisen 3 0
akademische 2 0
derlasskram 1 0
stellte 64 0
wohlgehen 1 0
viper 5 0
lingers 11 0
edargutio 2 0
eapons 9 0
ouchwood 2 0
gepfluegt 2 0
aengte 1 0
auberkreises 1 0
erlustigt 1 0
erlustige 1 0
schwemmt 1 0
zugute 16 0
hereinschien 1 0
avarian 5 0
obscurities 2 0
verify 15 0
ewimmel 6 0
plenitude 1 0
unscheinbarer 2 0
unscheinbaren 1 0
scopus 1 0
arely 4 0
degenerate 28 0
conscince 1 0
catchd 2 0
arems 1 0
einkaufen 1 0
ueberreichung 1 0
insult 104 0
verschieden 12 0
avarice 56 0
rbfeindes 1 0
seductively 1 0
liebhabe 1 0
areer 4 0
uetern 11 0
aturerscheinungen 1 0
mechanes 1 0
odrigo 2 0
caffold 1 0
vorrechnen 1 0
stufenweis 6 0
entelicus 1 0
stolzeres 1 0
oyal 85 0
rappe 1 0
andesbewohnern 1 0
oyan 27 0
hizzie 4 0
oyas 2 0
privilegierten 2 0
uncut 3 0
revision 18 0
pollyon 1 0
darkly 14 0
auseinandergeschroben 1 0
umwinden 2 0
hutting 1 0
ogelperspektive 1 0
hiraoi 19 0
ergleichungskreis 1 0
revising 3 0
seducing 7 0
tickets 24 0
rofess 1 0
partitioned 1 0
insure 23 0
emodice 1 0
usulmanen 1 0
rovinciales 1 0
schoolboys 1 0
erstmals 1 0
fortspiele 1 0
umschwaermt 1 0
premised 4 0
nglander 4 0
telegram 27 0
ejanus 1 0
attacking 38 0
otmaessigkeit 1 0
chraenken 3 0
unreizbarer 1 0
oyce 19 0
projections 8 0
baselessness 1 0
markedly 12 0
ravamina 4 0
umspannte 1 0
aehnlicher 5 0
aehnliches 13 0
aehnlichem 1 0
aehnlichen 20 0
frothy 5 0
rchytas 3 0
chluende 2 0
indianisch 1 0
enrios 2 0
absent 117 0
pedantic 11 0
ektiniten 1 0
actioned 2 0
anmasste 2 0
isiapour 1 0
uebereinstimmen 3 0
oyer 5 0
kyars 3 0
oyez 2 0
oyes 2 0
mgang 55 0
himmlisches 5 0
lussgeschieben 1 0
addressin 1 0
kyard 1 0
himmlischer 9 0
schwelgerische 1 0
vista 15 0
himmlischem 3 0
himmlischen 24 0
ungle 3 0
sanifying 1 0
sweepings 2 0
rostration 1 0
swimming 52 0
schwindelig 1 0
eyeballs 23 0
ieblingsplaetzchen 1 0
ablesen 2 0
devastated 11 0
ramontane 5 0
niedergeschlagnen 1 0
wahrem 1 0
flycatcher 1 0
wahren 53 0
herumtrommeln 1 0
obedientia 1 0
drawin 1 0
andseen 1 0
florins 9 0
deinceps 1 0
hereinschlug 1 0
eltenspiegel 2 0
disparaged 1 0
ungey 3 0
eniors 6 0
entangle 6 0
emeine 8 0
ethics 10 0
imolao 1 0
klavinnen 4 0
uebertrifft 2 0
eulogy 14 0
imperfectly 31 0
ymmes 6 0
entgegenstehenden 1 0
uebereinstimmig 1 0
versuchte 27 0
geistlose 1 0
habest 3 0
splained 1 0
abandons 2 0
ofter 2 0
nightgown 6 0
yrtenprinzchen 1 0
often 1598 0
fleetness 1 0
artyrdom 2 0
exametro 1 0
ungen 32 0
visor 3 0
podesta 1 0
angelegt 26 0
underworld 7 0
abandond 4 0
olitions 1 0
orwaenden 3 0
nnibale 3 0
beraufseher 1 0
anstrengt 1 0
concordance 1 0
obberies 2 0
unger 21 0
herausziehen 1 0
fluttery 2 0
olypus 1 0
epices 2 0
complained 72 0
vorgespannten 1 0
oddities 4 0
orthwest 5 0
erflehete 1 0
schwindelnd 1 0
flutters 3 0
haberi 2 0
habere 1 0
atuerliche 4 0
oyle 8 0
ainly 1 0
zusammenstellen 1 0
eichsverweser 1 0
enrion 2 0
impracticability 4 0
versetze 1 0
barring 6 0
breastbone 1 0
quadrangular 2 0
romptness 1 0
undertaking 71 0
versetzt 31 0
oyko 1 0
transcendant 2 0
wanting 146 0
ungezwungen 2 0
vollbringt 1 0
swiffes 2 0
syllabaries 1 0
xekution 3 0
versetur 1 0
ungry 6 0
tinctured 5 0
ividend 1 0
oyne 1 0
tagte 1 0
splitting 19 0
inienkerne 1 0
redheaded 1 0
eichtiger 1 0
eingetreten 7 0
imorous 1 0
stitches 9 0
stitched 2 0
abominated 1 0
dissonant 3 0
swingeing 1 0
astnachtstorheiten 1 0
charming 202 0
rankenberg 2 0
ermission 9 0
singen 49 0
ethink 1 0
saffron 6 0
singer 17 0
troesteten 1 0
singet 1 0
righte 7 0
shaggy 21 0
einwurzeln 1 0
weake 6 0
inertia 3 0
buzzards 7 0
pauper 14 0
emasculated 3 0
singed 4 0
praechtig 23 0
rights 379 0
administer 27 0
vangelists 2 0
crucifixion 1 0
guenstigern 1 0
ungst 4 0
stellen 52 0
guenstigere 1 0
pennisular 1 0
euerraeder 1 0
drawal 1 0
erschwundenen 2 0
oyon 1 0
distinguishd 8 0
excelled 19 0
raths 1 0
oftly 3 0
weidenden 1 0
enrith 1 0
oyse 2 0
ratia 1 0
degradation 78 0
stratified 3 0
hanatopogi 1 0
sezee 323 0
ooney 4 0
wahrer 10 0
wahres 11 0
ancestors 91 0
bagging 4 0
unecht 1 0
breasts 24 0
ungetruebter 1 0
merlin 3 0
zweifelten 1 0
desmesnes 1 0
ienstfertigkeit 1 0
hinefoot 1 0
northwesterly 3 0
stronomia 1 0
merles 2 0
bbreviatur 1 0
iedmont 5 0
singin 8 0
pollute 8 0
onforming 1 0
overflowed 16 0
somescheme 1 0
aturwerke 1 0
tokens 14 0
commensurate 4 0
diaphanous 1 0
republics 46 0
ratet 2 0
nabhaenglichkeit 2 0
obediently 13 0
rater 11 0
ainen 8 0
rates 87 0
slackness 2 0
zigzagging 3 0
pernhaus 2 0
drawer 18 0
uebereinstimmte 5 0
biegsamer 1 0
ooner 6 0
freiwillig 12 0
oones 1 0
redbreast 2 0
rated 49 0
mithfield 4 0
ainez 2 0
ausdrueckten 4 0
drawen 5 0
wrongfully 10 0
raten 19 0
ainer 2 0
aines 6 0
getuermten 1 0
verrannt 1 0
geleget 1 0
gelegen 36 0
anzuschleichen 1 0
buntbelaubten 1 0
beruhigten 1 0
issverstanden 1 0
incorporations 3 0
dmonitions 1 0
issverstandes 2 0
remorse 51 0
dissuade 9 0
aradiesen 1 0
produzioni 1 0
escheide 1 0
prickly 3 0
obadil 3 0
etrennte 1 0
davongefahren 1 0
zurueckblicken 1 0
literarischen 1 0
aufgelegt 3 0
beruhigtes 1 0
intendants 2 0
diskommerdate 1 0
herbeigeflossen 1 0
voraussah 2 0
schleusenweis 1 0
aradieses 14 0
drittletzten 1 0
gelang 20 0
hervorgesehen 1 0
umspannen 1 0
ngersche 1 0
becomingly 3 0
indolent 22 0
chwatz 1 0
mawkish 1 0
eniois 1 0
egremoine 1 0
zurueckziehn 2 0
ergwelt 1 0
tuckered 1 0
judicature 5 0
mimicked 3 0
unedel 2 0
zurueckzieht 1 0
dunkel 20 0
heartsease 1 0
naberly 1 0
abgewechselt 1 0
developing 18 0
chwarm 3 0
ernsthaftere 1 0
riangles 4 0
angelobet 1 0
iariorum 2 0
chwarz 1 0
kandal 2 0
upmost 1 0
gabs 3 0
ernsthaftern 1 0
ortbild 1 0
termination 18 0
incommoda 1 0
fakeers 4 0
examiners 4 0
incommode 4 0
onformity 2 0
immelsgabe 1 0
mpelled 2 0
aufgezaeumt 1 0
klapperten 5 0
unresisting 1 0
tryin 15 0
zunutze 1 0
ildsaeulen 3 0
onfutatio 3 0
alvasia 1 0
zurueckfallen 2 0
appertinent 1 0
transcriber 2 0
gaeb 3 0
onezawa 6 0
gaed 11 0
ntflohenen 1 0
yellowness 1 0
bolition 5 0
habeas 9 0
habeat 1 0
ermuntert 4 0
portico 9 0
transcribed 15 0
andaras 1 0
postponed 13 0
estminster 43 0
ermuntere 2 0
fawnin 1 0
unbreathable 1 0
unsresgleichen 1 0
icopolis 4 0
hambord 32 0
astell 5 0
olypes 1 0
anctuary 1 0
razors 2 0
asukabe 7 0
rasse 1 0
ungas 1 0
pricket 1 0
allmaehliche 1 0
gage 2 0
unchangeable 11 0
indweller 2 0
teerage 1 0
ffronts 2 0
collections 73 0
pricked 16 0
demnach 1 0
rigide 1 0
dooryards 1 0
shafts 22 0
endezvous 5 0
unchangeably 4 0
bashfulness 4 0
iviere 13 0
republishing 1 0
zweiundzwanzigsten 1 0
ausdruckvollsten 1 0
maarif 3 0
gaff 1 0
ettelweiber 1 0
stainless 4 0
mooned 1 0
ntschliessungen 4 0
gaen 2 0
lauben 36 0
republish 3 0
pedantry 14 0
tricious 1 0
habens 2 0
estelle 3 0
entangled 25 0
twentypence 3 0
veraechtlich 6 0
portion 393 0
gain 520 0
estellt 1 0
nkaeufen 1 0
rasps 1 0
eiferten 1 0
rauskopf 1 0
aubens 1 0
tages 4 0
roudies 9 0
unprovided 16 0
porting 1 0
yramide 11 0
chwerspat 2 0
schoehern 1 0
hretiennes 1 0
fawned 3 0
egoism 1 0
chenkt 8 0
chenke 30 0
entangles 3 0
lgebraic 1 0
oroosa 1 0
gags 2 0
circumference 18 0
yramids 6 0
igelovia 1 0
trating 1 0
terminating 12 0
lebten 12 0
organizing 3 0
statistics 8 0
addling 2 0
distinction 197 0
hitonissa 1 0
astern 104 0
herunter 68 0
enrico 2 0
enrick 2 0
pallium 1 0
vorausspaziert 1 0
enrich 22 0
highways 25 0
estorbenen 1 0
oolcombers 1 0
sinful 42 0
coddling 1 0
beerbar 1 0
lockrer 1 0
stracted 1 0
tranquil 44 0
redecessor 2 0
tortilla 1 0
ainst 1 0
voyage 106 0
asters 44 0
ltertums 6 0
astert 4 0
gait 30 0
laboriosae 1 0
elvicus 1 0
nducement 8 0
avageschiebe 1 0
verrueckt 10 0
randenburg 24 0
wiederfinde 3 0
ainte 29 0
game 315 0
kindergarten 1 0
tryst 5 0
aendre 1 0
merkte 52 0
asteth 2 0
iraeus 3 0
aints 22 0
ossuth 3 0
gals 50 0
enries 1 0
galt 10 0
nquestionably 3 0
astest 1 0
steuern 3 0
breite 13 0
cashier 3 0
chneewasser 1 0
aubert 2 0
livened 1 0
ozen 20 0
gelabt 3 0
raste 3 0
zurueckblickte 1 0
gale 36 0
enerality 5 0
anzumerken 1 0
gall 18 0
ranciscans 25 0
availed 29 0
eltteilen 1 0
futon 3 0
aufgefasst 2 0
workbox 1 0
bespeaking 2 0
variance 28 0
breise 37 0
traitorous 3 0
visit 490 0
gala 8 0
persoenlicher 1 0
gaol 10 0
nullum 1 0
arges 2 0
arget 1 0
eigensinnige 1 0
urinese 1 0
uebermaessige 5 0
amulet 6 0
arger 2 0
consigning 5 0
laengsten 2 0
gant 2 0
venison 24 0
uebermaessiger 1 0
familiarly 15 0
uebermaessigen 3 0
ganz 894 0
ipsey 1 0
persoenlichen 5 0
gane 6 0
gang 62 0
umkehre 1 0
aergste 1 0
ancestor 31 0
doores 8 0
gehorsam 2 0
gano 2 0
ebenslinie 1 0
umkehrt 2 0
merkst 1 0
chlussstein 2 0
velveteen 1 0
schmettre 1 0
bellied 5 0
gewoelbte 1 0
cherished 39 0
virum 1 0
virus 63 0
laboriosus 1 0
virtu 1 0
aufgezogen 5 0
einzufahren 1 0
bellies 12 0
cherisher 1 0
donnerte 3 0
cherishes 5 0
oindaniel 1 0
kurzes 5 0
rigins 1 0
zuruecksendet 1 0
kurzer 24 0
elbstgespraechen 1 0
kurzem 39 0
kurzen 34 0
breathe 67 0
gaps 13 0
lastizitaet 4 0
tropical 30 0
alerian 17 0
chwach 2 0
uelph 1 0
argin 5 0
breaths 5 0
forcibiy 1 0
unfit 64 0
perceiving 36 0
gape 9 0
argas 2 0
gasp 14 0
mitzuspielen 1 0
argest 1 0
furnish 127 0
interfusion 1 0
anschloss 1 0
silicates 1 0
gash 16 0
zusandte 2 0
aimin 3 0
ipsas 2 0
bedeckt 44 0
ondnacht 1 0
quorum 4 0
zurueckklaenge 1 0
adfectibus 1 0
argery 1 0
gars 2 0
gart 3 0
scheunenartigen 1 0
veined 3 0
ergetzten 1 0
phantom 46 0
omanches 1 0
hirdly 37 0
garb 24 0
llowing 7 0
gare 1 0
esitzer 24 0
portly 7 0
esitzes 6 0
gaul 1 0
uells 1 0
eloponnesian 4 0
firsichbaum 1 0
eichtigkeit 27 0
augmentation 29 0
hinausginge 1 0
hiebault 2 0
fettering 1 0
rustschildchen 1 0
gaud 1 0
gedachter 3 0
gedachtes 2 0
reliminary 1 0
gedachtem 3 0
gedachten 5 0
leeches 5 0
pyramidal 9 0
unfed 1 0
xexlesomai 1 0
abased 5 0
badiah 7 0
obwalteten 1 0
fusee 1 0
uella 2 0
argen 1 0
aryland 102 0
viros 1 0
uelle 75 0
wiedergutzumachen 2 0
alerien 12 0
fused 5 0
gata 3 0
ausgesehn 1 0
impletons 1 0
maritimum 1 0
scones 1 0
eligion 157 0
gate 188 0
issolved 3 0
gath 3 0
fusel 1 0
tryed 7 0
nvermeidlichen 1 0
chwane 6 0
gaws 1 0
onvince 1 0
egarian 1 0
flyin 3 0
chwank 1 0
oromandel 2 0
capricious 24 0
deferently 1 0
plashing 4 0
jestful 1 0
unaware 18 0
chwanz 1 0
portal 14 0
manipulation 3 0
bathroom 10 0
yrcnarice 1 0
dministrations 2 0
conscript 1 0
nderschter 1 0
laubenshelden 1 0
aimea 3 0
argent 8 0
ooman 5 0
cartesienne 1 0
resbyterianism 3 0
aimed 77 0
chwamm 2 0
sassafras 3 0
aimez 2 0
gave 1356 0
larmist 1 0
become 1221 0
depsticium 1 0
aufzuwiegen 1 0
atellen 2 0
believ 5 0
chwall 3 0
dunkle 15 0
extraordinarily 10 0
eldengestalten 1 0
literature 250 0
belies 1 0
erraeter 11 0
iddlesex 9 0
innuendoes 3 0
assekurieren 1 0
aufstund 2 0
stipulates 1 0
belief 210 0
immigration 1 0
belied 3 0
eminenti 1 0
ousine 1 0
slackened 11 0
ousing 2 0
zusammengebunden 1 0
rangiger 1 0
gelehrt 18 0
reville 1 0
cockchafer 2 0
rovencal 13 0
figgurs 2 0
uckung 2 0
conscious 185 0
heraufkommenden 1 0
impeded 11 0
political 707 0
solitary 123 0
chapman 2 0
atuerliches 1 0
ppposition 1 0
atuerlichen 3 0
ported 1 0
ousins 5 0
stamens 3 0
triacle 2 0
unrepresented 9 0
prachtreichen 1 0
endigen 18 0
porter 23 0
attische 2 0
itylene 9 0
reviles 2 0
maragden 1 0
raser 9 0
ungraciousness 1 0
ornsteingeschiebe 1 0
raset 1 0
overleap 3 0
eclaime 1 0
stipulated 25 0
flyer 1 0
gaze 175 0
reviled 6 0
rasen 5 0
fluttered 22 0
oomed 1 0
heffield 12 0
sundown 21 0
urlesque 1 0
yncretist 1 0
unexciting 2 0
flutterer 1 0
daubing 1 0
mittelmaessig 1 0
tiller 5 0
tilles 1 0
misunderstanding 27 0
irotteau 1 0
reserve 95 0
occupied 294 0
reservd 2 0
wartenden 2 0
gewirkte 3 0
disbanded 7 0
ignobiles 1 0
occupier 2 0
iraffe 4 0
occupies 38 0
ademoiselle 14 0
tillen 4 0
ineffectually 5 0
tilled 11 0
tudiums 1 0
rasch 35 0
merken 58 0
ichter 146 0
irrationality 1 0
ichtes 5 0
eimstange 1 0
ichtet 1 0
verschieben 3 0
falsehood 87 0
rarie 1 0
avaricious 12 0
oeglichkeit 21 0
chapmen 4 0
xtra 2 0
icewater 1 0
straightened 18 0
expiry 1 0
vergib 4 0
eitpferdes 1 0
ichten 12 0
imprudence 40 0
francescane 1 0
ppellants 4 0
refought 1 0
verschraenkend 1 0
expire 22 0
ipsum 3 0
impeccable 1 0
latonische 1 0
flutterin 6 0
isshelligkeiten 2 0
rightning 1 0
versuchen 25 0
itzgeralds 1 0
guillotined 3 0
ebengeschoepfe 1 0
cians 1 0
dampened 2 0
nspannens 1 0
rarer 12 0
righteous 58 0
singly 37 0
oolen 2 0
chuylkill 4 0
angelockt 1 0
ozzi 2 0
apostrophe 5 0
compliances 1 0
single 846 0
himneys 7 0
rared 1 0
gehalten 126 0
haertesten 1 0
handhaben 1 0
herabzuwuerdigen 1 0
loathlier 1 0
einbrechende 1 0
eschehen 2 0
modulation 2 0
reasonable 291 0
zusammengruppiert 1 0
generations 122 0
vortrefflichen 13 0
uneigung 15 0
biting 18 0
vortrefflicher 4 0
rokodil 1 0
vortreffliches 6 0
immodestly 1 0
ausweichenden 1 0
lossfedern 1 0
embracing 18 0
taete 14 0
westliche 3 0
jagend 1 0
uestschrank 2 0
belike 1 0
frosts 16 0
ugendblicke 1 0
reasonably 57 0
tweaked 1 0
modulating 2 0
frosty 12 0
hestnut 1 0
spatter 3 0
zuzumachen 1 0
repulsively 1 0
zubereitete 1 0
fasstest 2 0
discomposd 1 0
discompose 2 0
unknowable 1 0
abarro 1 0
creations 14 0
fusty 2 0
hoffenden 1 0
alerius 7 0
slight 309 0
argue 63 0
gelehnt 8 0
gewesene 1 0
rocodile 7 0
duerre 1 0
gauses 1 0
oolie 6 0
egeziel 1 0
plovers 1 0
duerft 5 0
singst 4 0
uelfs 1 0
speedeth 1 0
hineinschreit 1 0
scrupulously 11 0
unworldly 3 0
ncouragements 3 0
aufrichtete 1 0
plucked 33 0
homelikeness 1 0
shilling 70 0
shague 1 0
oolog 12 0
argos 3 0
argot 4 0
anubiana 1 0
austreten 1 0
ausgezweigt 1 0
uelfe 79 0
breitgedruecktes 1 0
fussy 1 0
eladen 1 0
ifferences 12 0
eminence 60 0
buerstete 1 0
spattin 1 0
belive 2 0
iteratur 6 0
latschens 1 0
portos 2 0
endigte 13 0
ieblicher 2 0
iebliches 2 0
moothness 1 0
vergab 1 0
endigst 1 0
premiums 7 0
chemin 1 0
xpedite 1 0
megcerosa 1 0
quoque 5 0
councellors 1 0
rentable 1 0
duerfe 23 0
remorseful 1 0
edantischen 1 0
exposition 20 0
igidity 3 0
flytin 2 0
renegades 2 0
chemic 1 0
schlimmste 5 0
overpowering 24 0
addresses 32 0
alletten 1 0
sunthing 1 0
albwirt 1 0
barrier 28 0
durchgeht 2 0
ichtig 4 0
ffusion 2 0
appreciations 1 0
belisk 15 0
ochstraten 1 0
depended 90 0
ipsis 1 0
whittlings 1 0
aengeweiden 1 0
addressed 208 0
alvator 3 0
deprecatory 1 0
verborgen 43 0
rmatten 1 0
ufferers 6 0
virer 1 0
cussednesses 1 0
eibertraenen 1 0
utrefaction 1 0
ancestry 11 0
rlaeuterung 4 0
essages 4 0
ehaeltnis 2 0
cheidewege 3 0
planvoll 1 0
auszuwaschen 1 0
surmount 12 0
eberzeugung 1 0
feeble 153 0
eloponnesians 1 0
crutiny 8 0
chemes 10 0
feebly 16 0
habitation 38 0
unterschiedenes 1 0
reparatives 1 0
cantores 1 0
chemel 8 0
ubstantially 1 0
verges 2 0
nullos 1 0
conversational 3 0
unentschlossen 1 0
heology 16 0
warmness 2 0
speakership 1 0
ausway 1 0
ounterfeits 3 0
toofies 3 0
uning 1 0
riginalausgabe 1 0
discernible 28 0
feuchten 3 0
authorizd 10 0
authorize 8 0
unsunned 1 0
esterly 1 0
mortalia 1 0
erholt 17 0
geleert 1 0
skillfully 5 0
topside 1 0
windpipe 5 0
lbernen 1 0
lbernes 4 0
erhole 1 0
increaseth 4 0
peaking 18 0
rsenik 1 0
chapter 172 0
urinales 1 0
barrows 1 0
rsenic 1 0
venings 3 0
tairs 7 0
cider 11 0
sterbend 5 0
eintreten 3 0
apostolisch 1 0
daikon 2 0
ascendent 1 0
colonization 6 0
iracle 3 0
ollekens 1 0
outsounds 1 0
union 266 0
iergefechtes 1 0
urnpikes 1 0
remotio 1 0
anhebn 1 0
unior 2 0
rsini 20 0
tailb 1 0
taile 3 0
meridie 1 0
ccurrences 3 0
sworn 59 0
erzenstraenen 1 0
eerfruechte 1 0
ignatelli 1 0
murmurs 19 0
provisioner 1 0
ahrend 1 0
ewoelbes 1 0
darein 9 0
tuskers 1 0
ewoelben 2 0
kontroversieren 1 0
swote 1 0
tails 42 0
authority 700 0
kanaka 14 0
siesta 8 0
wendend 4 0
sunflowers 8 0
geschweige 9 0
kolossales 1 0
chlagflusse 1 0
gelassnen 1 0
uebertoente 1 0
gelassnes 1 0
chlages 1 0
verweben 1 0
authorise 2 0
hervorkommen 3 0
avabroeckchen 1 0
hrenpforten 1 0
kolossalen 5 0
kolossaler 2 0
xtremitaet 1 0
erhoer 2 0
tains 8 0
taint 18 0
beseechingly 5 0
schlummernd 1 0
aterunser 2 0
troeme 1 0
nachsieht 1 0
groaned 34 0
indward 6 0
vasion 1 0
sagged 5 0
groanen 1 0
overshadow 3 0
loomsbury 2 0
shopkeeper 19 0
angereiht 1 0
tevens 1 0
drappy 4 0
subaltern 3 0
bersten 3 0
shipyards 1 0
musical 78 0
vivas 1 0
interpolate 1 0
unius 12 0
verisimilitude 5 0
beurteile 1 0
tempter 2 0
immelsfuelle 1 0
intelligence 273 0
azzards 2 0
gestamus 1 0
schriftlich 4 0
belches 1 0
elargiri 1 0
achtmuetze 1 0
restrict 6 0
belched 2 0
entspringen 4 0
calcareous 16 0
entspringet 1 0
ungertode 1 0
rsenal 1 0
hoodwink 1 0
tempted 92 0
raver 3 0
misborne 1 0
raves 10 0
jutted 1 0
raven 22 0
redoubles 1 0
ndignity 1 0
redoubled 15 0
huius 1 0
ooper 110 0
rausgenommen 1 0
raved 9 0
maundered 1 0
ausspricht 1 0
ravel 7 0
armaments 1 0
practicability 8 0
esteras 2 0
possibilities 27 0
usikuebungen 1 0
ageslicht 11 0
groanin 1 0
avardin 1 0
foliaged 4 0
ssassins 1 0
associate 38 0
brupfen 1 0
barouches 2 0
cheuer 3 0
nabenjahren 1 0
schwaecheren 1 0
cheuet 1 0
lorent 1 0
eilaeufer 1 0
physiologist 2 0
executives 1 0
resseide 8 0
resseida 1 0
ueberspannung 2 0
unzusammenhaengenden 1 0
eulich 8 0
ierocles 2 0
toasting 1 0
naemlichen 9 0
eliver 6 0
enefices 1 0
starrten 4 0
wecks 2 0
weckt 4 0
unite 80 0
truempfe 4 0
scattereth 3 0
units 4 0
kittens 3 0
unvergleichbaren 1 0
drooling 1 0
unity 94 0
algrave 1 0
eviction 1 0
wecke 18 0
substantiated 1 0
ehrzahl 2 0
augenblicklich 3 0
dreitausend 2 0
beurteilt 7 0
ueftericht 1 0
lorenz 8 0
postrophen 2 0
abgeschnittene 1 0
darest 3 0
aipio 2 0
gegangen 62 0
ebraeisch 1 0
evaporations 1 0
eaping 1 0
ebtors 6 0
consecutive 4 0
arnival 2 0
fronds 3 0
ravin 1 0
remoter 7 0
kratzte 4 0
aenken 2 0
fanned 10 0
styled 12 0
bsequies 1 0
gravitates 1 0
oxies 2 0
durchgeschlungen 1 0
egraebnisses 1 0
durchbohren 1 0
viragus 1 0
quicksilver 20 0
raune 1 0
angered 7 0
einung 94 0
komischer 2 0
komisches 3 0
rigines 1 0
sociated 1 0
geschmeichelt 2 0
komischen 6 0
raums 1 0
undarztes 4 0
raumt 1 0
styles 18 0
fannen 2 0
irrigated 9 0
bagpipe 4 0
estranged 6 0
chivalrous 12 0
herausgegeben 3 0
raume 9 0
yrtenzweigen 1 0
retreated 54 0
anyway 32 0
larming 2 0
reprobate 12 0
ororan 12 0
sonderbare 38 0
troest 2 0
campaigners 2 0
grading 3 0
surcoat 3 0
prachwerkzeugen 1 0
fecundity 1 0
epaeckes 1 0
ghosts 42 0
oxide 5 0
abgeschnittener 1 0
architektonisch 2 0
webte 1 0
errymen 1 0
sightless 7 0
versicherten 3 0
zersprengen 1 0
flabbiest 1 0
omesday 2 0
ergangenen 6 0
rahtgittern 1 0
rause 6 0
entfernend 1 0
ionardo 2 0
ortgange 1 0
ufterohr 1 0
urdoun 1 0
zugelispelt 1 0
ilanese 10 0
definite 94 0
unsterblich 5 0
arments 1 0
edoubts 1 0
riginal 38 0
aufrichtige 3 0
carelessly 56 0
vollziehen 2 0
erbarmte 2 0
iacconius 4 0
aulnagers 1 0
fireless 1 0
econdly 69 0
aunervolk 1 0
settling 45 0
emuetsbewegungen 4 0
uticorin 1 0
moveamur 1 0
wreaking 2 0
niversity 341 0
peripetia 1 0
arpets 1 0
sundial 1 0
ranaten 1 0
disobedience 9 0
erryman 1 0
substantives 1 0
lluminantem 1 0
suitcases 1 0
archment 3 0
cheidenden 4 0
herumreisenden 1 0
komplizierten 1 0
embarassd 1 0
eldlust 1 0
widerraten 1 0
authorized 21 0
lematis 5 0
wiederkaeuen 1 0
swoop 6 0
untinged 1 0
canteloupes 1 0
authorizes 4 0
swoon 20 0
speedful 1 0
einfelder 1 0
inreichen 1 0
unvernehmliche 1 0
fenfuessen 1 0
swoot 7 0
flinging 18 0
nkind 1 0
stubborn 32 0
merite 3 0
angereizt 1 0
rospects 7 0
aggressively 1 0
verwechselte 1 0
merits 83 0
iameter 6 0
aufgehalten 20 0
listlessness 4 0
ignominies 1 0
cribners 1 0
rigors 8 0
mitzufahren 1 0
raute 3 0
unify 2 0
rdische 2 0
herzieht 1 0
getretene 1 0
komplizierter 1 0
sword 224 0
swore 57 0
raust 1 0
fleecing 2 0
uftschicht 1 0
shamed 11 0
llweil 1 0
scharren 1 0
rsina 1 0
chellengelaeute 1 0
remendously 1 0
shames 2 0
wegschaffen 1 0
munity 1 0
hailing 4 0
shamen 1 0
wendete 40 0
playwright 2 0
caritatem 1 0
emphasis 45 0
herwin 1 0
inspir 2 0
wendest 2 0
merish 1 0
logically 4 0
uerwitz 1 0
mountance 4 0
ocelot 1 0
toothpick 1 0
counteract 20 0
elancholy 4 0
merita 2 0
ueberschweben 1 0
muniti 1 0
aeuerchen 3 0
swoln 1 0
trepsiceros 8 0
runswick 31 0
conventionalism 1 0
knightly 6 0
evanescent 4 0
elights 2 0
freigebigen 2 0
freigebiger 1 0
rueben 3 0
tlantic 56 0
vergebens 62 0
fronts 11 0
rueber 1 0
eiwort 1 0
choepfern 1 0
auffahre 1 0
uebrigens 55 0
choepfers 2 0
esonderen 1 0
eyther 3 0
garters 1 0
ittelmaessigkeit 1 0
tlantis 9 0
unich 5 0
esonderes 6 0
onesboro 3 0
abrogation 2 0
reutzberg 1 0
dichtrischen 1 0
getreu 4 0
verwechselnd 1 0
ahrheitsliebe 1 0
abzuhaengen 3 0
shanks 1 0
interthuer 1 0
aliquod 1 0
heraustragen 1 0
roehlichkeit 13 0
merino 1 0
chlafen 3 0
emedia 1 0
chlafes 3 0
murderous 16 0
killer 5 0
omplied 1 0
aliquot 1 0
ufmunterungen 2 0
lacked 30 0
onfidential 11 0
geschuetzt 2 0
hloes 2 0
hloen 1 0
weben 1 0
adduces 2 0
northwd 1 0
bedaechte 1 0
reloaded 6 0
foolishest 1 0
eiseberichten 1 0
urdock 1 0
shanna 2 0
adduced 11 0
gradation 9 0
uenus 2 0
despairing 27 0
ofraum 2 0
ratze 2 0
chiffer 18 0
nbequemlichkeiten 2 0
chiffes 3 0
expository 1 0
ratzt 1 0
remould 1 0
udging 7 0
chiffen 5 0
unproductiveness 1 0
brusquerie 1 0
ivided 5 0
uality 19 0
spokesmen 2 0
eberall 3 0
magerer 2 0
zerstampften 1 0
angstellt 1 0
aries 7 0
raubt 4 0
arien 6 0
ariff 9 0
gelehrten 6 0
presentiment 18 0
ueberspannten 2 0
raube 1 0
ravelled 1 0
inharmonious 4 0
merika 10 0
getraetscht 1 0
xvii 3 0
gelehrter 1 0
mbilden 1 0
eberamt 1 0
failings 7 0
eingelassen 6 0
uenna 1 0
ontpelier 1 0
probity 16 0
usterer 138 0
rigour 24 0
unverzagt 1 0
carrying 319 0
submergence 1 0
bespoken 1 0
reprehensions 1 0
tahle 1 0
haveing 1 0
lorded 1 0
slings 1 0
bloode 2 0
eformistes 1 0
nwuerdigsten 1 0
orgenstuhl 3 0
silencing 4 0
ergesst 3 0
remount 2 0
ymnes 1 0
threnes 1 0
bloods 3 0
outward 137 0
bloody 73 0
ymnen 1 0
uebernehmen 11 0
ergesse 1 0
poorhouse 3 0
straitned 1 0
uenos 4 0
ofuer 2 0
raveller 15 0
killed 264 0
knightes 23 0
albwahres 1 0
tahls 1 0
harbored 2 0
erbarmen 1 0
andtuecher 1 0
knighted 4 0
lordes 33 0
muscular 28 0
sombred 1 0
arian 4 0
emporstrebten 1 0
raufe 3 0
arazenisch 1 0
alcaics 1 0
ncoporation 1 0
chaeferin 3 0
aunders 5 0
herablassend 1 0
puenktlich 6 0
lockjaw 1 0
suspected 162 0
rauer 23 0
southwind 1 0
uenze 2 0
roudieism 1 0
arici 1 0
snuff 30 0
onsence 3 0
amiliaritaet 1 0
rauen 103 0
reddish 36 0
uvoerderst 2 0
rotations 1 0
verkuendigten 2 0
aufhandlung 1 0
rauds 2 0
olinshed 1 0
ahilis 1 0
seducers 2 0
slinks 1 0
dealings 50 0
deliver 122 0
wigkeit 23 0
headed 135 0
orosko 21 0
sinnst 1 0
sensibility 35 0
vorhabe 4 0
nstalments 1 0
effectuate 3 0
taemmchen 1 0
tonsured 1 0
shanty 8 0
rauco 1 0
thwarting 8 0
uncompanioned 1 0
pariently 1 0
auskundschaft 1 0
defining 8 0
ariel 10 0
aiola 1 0
beliebten 7 0
ompline 1 0
duneai 1 0
sonorer 1 0
lactuca 1 0
rauch 6 0
ungestalte 1 0
charities 10 0
lltaeglichen 2 0
jenseitigen 3 0
minished 5 0
snibbe 1 0
unrolling 4 0
woodenness 1 0
irreverence 4 0
killin 10 0
rofils 1 0
unmanufactured 2 0
judicially 4 0
entsagten 1 0
hearthrug 3 0
strengthe 3 0
darfst 14 0
petulance 11 0
deathlike 5 0
merica 1310 0
rivaterbauungen 1 0
snubb 1 0
gyration 1 0
strengths 2 0
vernal 4 0
header 68 0
raided 2 0
heades 9 0
brenne 3 0
belong 206 0
snubs 1 0
sandtest 1 0
andzeichnungen 1 0
uerdigung 1 0
brennt 14 0
uetige 1 0
attracting 14 0
rauhe 8 0
lattheit 1 0
ffizierstracht 1 0
lordly 10 0
probing 2 0
sanftesten 2 0
spokesman 7 0
sauerkraut 1 0
aborers 3 0
usteron 1 0
cupful 1 0
rofile 2 0
ariae 4 0
schamhafter 1 0
attraction 51 0
umgedreht 1 0
opinions 371 0
iyoto 7 0
hurches 16 0
purported 2 0
temlos 1 0
tatthalterin 1 0
ootsie 1 0
mgibst 1 0
insensate 5 0
quotes 18 0
quoted 89 0
entschuldigt 10 0
ruecke 12 0
restatement 1 0
unausgeloescht 1 0
ingraft 4 0
modischen 1 0
undercharged 1 0
baronetcies 1 0
ginneth 2 0
fuerchterlichsten 3 0
nwitting 2 0
something 1434 0
voluminously 3 0
doolie 7 0
hasuerus 1 0
gleichfoermigen 1 0
vangeliums 1 0
uwase 1 0
idolatrous 6 0
reenacre 40 0
nevertheless 222 0
ezirk 8 0
grandparents 2 0
respectable 165 0
becrammed 1 0
fromme 17 0
calumnies 2 0
gentillesse 1 0
daimiyo 18 0
icketson 1 0
ntiphanes 3 0
entkleidet 2 0
bedaechtest 1 0
romenade 10 0
lossprechen 2 0
casuists 2 0
frommt 4 0
nknown 10 0
euling 5 0
respectably 2 0
leetwood 9 0
uenee 1 0
rueckt 14 0
uneins 4 0
weary 154 0
pectacular 1 0
wears 48 0
vermut 1 0
oftor 1 0
dramatische 4 0
entkleiden 1 0
vainglorious 4 0
iehens 1 0
nachgezogen 2 0
nochmalige 1 0
weare 1 0
ratio 9 0
uende 15 0
huile 2 0
troestend 4 0
dmire 1 0
blushed 44 0
combative 4 0
independence 180 0
ersonalien 1 0
trostlosem 1 0
dialogierte 1 0
trostlosen 2 0
mpresar 1 0
deprecating 3 0
hervor 118 0
awkward 69 0
putrefaction 6 0
unsteadiness 1 0
loathing 35 0
ehirnschaden 1 0
exaltation 15 0
independency 15 0
linging 1 0
dampness 6 0
icurgus 2 0
deprecation 2 0
suspectin 1 0
vitae 7 0
blushes 10 0
edgewood 1 0
rator 16 0
vital 95 0
vitam 2 0
jestesses 2 0
belovd 3 0
dmits 1 0
opinioun 2 0
adalon 1 0
hierhergefuehrt 1 0
kalendes 2 0
preachings 1 0
rchitekturgebildes 1 0
schmachtenden 2 0
wiederzusehen 16 0
covertly 5 0
belehrte 2 0
weans 3 0
ascetic 7 0
annszucht 2 0
rofits 8 0
eimlichen 1 0
esaengen 7 0
removal 67 0
justament 1 0
lancelike 1 0
schweige 2 0
binding 64 0
clasping 13 0
professing 15 0
unternommen 11 0
negativ 1 0
abgeleitet 1 0
schweigt 10 0
oelzchen 1 0
competing 5 0
profession 178 0
provisional 5 0
arish 4 0
applauses 3 0
arise 270 0
schweife 2 0
lussufer 3 0
eminent 158 0
schweift 1 0
taelle 6 0
belehren 12 0
springly 1 0
troestete 9 0
tuechtigste 1 0
arita 2 0
widerlegt 2 0
barroom 3 0
chests 15 0
explaind 9 0
straightness 3 0
stellend 2 0
untergelegten 1 0
ersonality 2 0
lackin 1 0
ingefuehrt 1 0
ichtungsarten 1 0
rotestantismus 3 0
ratry 1 0
decorums 1 0
nachzudenken 8 0
explains 23 0
plinter 1 0
knightliness 1 0
vorbeifaehrt 1 0
ausjaeten 1 0
sehnender 1 0
stummick 4 0
schrecklichsten 5 0
terngewoelbe 1 0
nachdenkliche 1 0
forgone 2 0
sehnenden 2 0
ountries 85 0
arius 13 0
desserts 1 0
arine 12 0
quotas 12 0
combating 3 0
sinnen 8 0
huida 5 0
erbitterte 1 0
sinned 18 0
beiliegenden 1 0
mortally 12 0
erwuenschungen 3 0
arino 4 0
cavalcades 1 0
hatever 155 0
aring 4 0
resistless 3 0
fuenfundzwanzig 3 0
eimchen 1 0
inguistically 1 0
blooms 17 0
sparsamen 2 0
bloomy 1 0
justifyable 1 0
sparsamer 2 0
arion 18 0
etitioner 15 0
eyeshot 1 0
lackey 1 0
ugendeinfaellen 1 0
aukundigen 1 0
ingrate 7 0
ezier 1 0
blacklegs 1 0
aripu 1 0
ncensed 1 0
iehest 2 0
rheberin 1 0
dareinsetzen 1 0
ycliffe 1 0
ewandtnis 4 0
hobbling 3 0
stoundes 1 0
mmerdar 1 0
herumwand 1 0
obliquity 1 0
internacht 1 0
tonsure 3 0
zuerntest 1 0
nstruktion 3 0
unravaged 1 0
rueche 1 0
ratus 2 0
iehern 3 0
infachers 1 0
unhap 1 0
sinner 26 0
sinnes 1 0
orizont 12 0
weave 26 0
urschen 20 0
fortable 1 0
shaker 1 0
shakes 17 0
eagrim 1 0
arlot 5 0
shaken 60 0
verhuellen 4 0
arlow 2 0
ausgetrunkene 1 0
strengste 8 0
unanimous 27 0
geeignet 9 0
umflocht 1 0
meinst 17 0
zugerollt 1 0
armortempel 1 0
knowin 7 0
lostergeistliche 1 0
meinte 28 0
sprinkle 14 0
advancement 29 0
beschreibend 1 0
oimbra 1 0
shaked 1 0
hasted 2 0
chwierigkeit 9 0
weeks 242 0
rmordung 2 0
sinken 6 0
hasten 42 0
unkte 37 0
bitnet 3 0
weeke 2 0
zusammengesetzte 1 0
predigt 1 0
rzaehler 2 0
ngeheuren 1 0
shivaree 4 0
aeonides 1 0
resilience 1 0
rzaehlen 2 0
misguides 1 0
umsummt 1 0
chemistry 11 0
pediment 3 0
therebeforn 3 0
familiarities 3 0
rotokolls 1 0
intending 41 0
onfiteor 1 0
sharpening 8 0
therebefore 3 0
erformance 10 0
finster 11 0
osengeour 2 0
dappled 7 0
arnsdale 1 0
loquacious 3 0
shakin 8 0
hulas 2 0
asserting 29 0
blonde 8 0
ransfer 1 0
weedy 2 0
unvexed 2 0
ailings 8 0
weeds 54 0
sageer 5 0
knower 2 0
zuwaelzen 1 0
cherze 16 0
independents 1 0
siebentes 1 0
knowen 21 0
gunwhale 1 0
siebenten 3 0
eyetooth 1 0
fusion 4 0
scalping 1 0
knowed 6 0
inclares 1 0
sinker 1 0
hastig 6 0
ritschmeister 1 0
sinkin 1 0
indiscrete 2 0
ordnete 2 0
reieinigkeit 1 0
airus 1 0
chapmanhead 1 0
ooree 1 0
frostgespitzten 1 0
asender 4 0
vorauszusetzen 1 0
eixeira 2 0
ooren 2 0
peridots 1 0
vermin 16 0
arlor 1 0
arlos 1 0
ausschliesslich 11 0
dabliebe 1 0
revious 6 0
wohlberechnete 1 0
roubadours 1 0
egeistrung 3 0
infecte 1 0
lraunchen 1 0
airns 1 0
hinausgekehrt 1 0
shirkers 1 0
cloisterless 1 0
infects 5 0
skurried 1 0
vierundachtzig 1 0
wollene 1 0
mittaegigen 1 0
dispensations 8 0
calcined 1 0
delicacy 86 0
ottesspiegel 1 0
waltzes 2 0
particuarly 1 0
weeps 2 0
whereabout 1 0
erkwuerdigkeiten 9 0
ncorrectness 1 0
weepe 4 0
goldspielenden 1 0
waltzed 1 0
astiff 2 0
fiddle 25 0
voruebergehender 1 0
voruebergehendes 1 0
uerde 60 0
voruebergehenden 5 0
verschuett 1 0
verstellte 1 0
meinie 16 0
promptly 55 0
assertion 51 0
emulsifies 1 0
knowne 2 0
raxit 1 0
heldenmaessig 1 0
degeneracy 11 0
raxis 1 0
curriculum 2 0
umarbeitet 1 0
erzeih 4 0
removed 293 0
remover 1 0
removes 5 0
gebt 15 0
bindery 1 0
florets 2 0
martynia 1 0
ewohnerinnen 1 0
tressed 4 0
beflounced 1 0
loathier 5 0
registrare 1 0
chlaege 7 0
bordered 28 0
wimmelten 1 0
gebe 49 0
predial 2 0
tresses 23 0
wiedererkannt 1 0
chlaegt 1 0
erfidious 1 0
gebn 4 0
durcheinandergeschuettelt 1 0
uicciardin 1 0
gepolsterten 1 0
enchanters 1 0
avoids 5 0
syndicate 1 0
lacius 4 0
ngeachtet 6 0
chlaefe 3 0
prompted 39 0
ritteile 1 0
liebkosender 1 0
odliness 1 0
mphicles 1 0
rinfrescar 1 0
heatersaale 1 0
chlaeft 2 0
prompter 4 0
disgracing 5 0
gear 22 0
impostures 7 0
shattered 44 0
entspringe 2 0
arley 17 0
elixir 6 0
housebreaking 1 0
oxley 2 0
entertaining 49 0
arlet 2 0
rastevere 2 0
harbours 6 0
eschenke 22 0
entspringt 10 0
orthwith 10 0
ilkinsons 1 0
soiling 4 0
erbildeten 1 0
illiberality 3 0
nmittelbar 1 0
lunkett 1 0
entbundene 1 0
implicitness 1 0
predict 15 0
airly 2 0
faience 1 0
astily 3 0
llmaehlich 1 0
meinem 428 0
meinen 491 0
warnings 19 0
meiner 608 0
meines 240 0
meinet 2 0
egehren 3 0
menstruum 1 0
astile 24 0
vermag 28 0
weene 7 0
transcendent 6 0
application 143 0
eiligtuemer 1 0
verhuellte 3 0
kilometers 1 0
airms 2 0
eschichtskenner 1 0
feiffer 1 0
orothy 1 0
tations 6 0
armar 1 0
odbette 2 0
geometricians 4 0
ruidess 2 0
aumspitzen 1 0
emendata 1 0
eerrettich 3 0
unbewusst 3 0
strengten 1 0
zerschmelzen 3 0
olizeiherren 1 0
atrology 1 0
reifusse 1 0
awsons 4 0
containing 151 0
completed 126 0
aisie 1 0
dizzied 1 0
asting 9 0
acquiesce 15 0
moored 6 0
hultz 1 0
entgegengesetzte 7 0
kandinaviens 1 0
aisin 1 0
completer 1 0
schlummernden 2 0
completes 4 0
scorch 7 0
kleinlaut 2 0
elchman 1 0
flockmel 1 0
hasste 4 0
auricular 3 0
auseinanderziehen 1 0
gehn 78 0
astion 1 0
taken 1538 0
geht 265 0
taker 1 0
takes 403 0
onfessing 1 0
copperas 1 0
gehe 76 0
helleren 2 0
gegn 4 0
tengelmark 1 0
armed 162 0
eatitudinis 1 0
irchengebaeuden 1 0
wiliwili 1 0
uerdigste 2 0
seditious 2 0
nteil 68 0
onfession 33 0
uletzt 14 0
liquidity 2 0
indiscreet 24 0
entstehenden 1 0
unkindly 7 0
usrufungen 6 0
ccademie 1 0
overtopping 1 0
preach 122 0
oskana 2 0
estimates 13 0
omplaint 17 0
lueckliches 1 0
ntleibte 1 0
urpentine 1 0
cherin 1 0
luecklicher 4 0
splittern 1 0
aiser 136 0
aises 3 0
cheria 1 0
ommittee 310 0
rchestra 1 0
luecklichen 9 0
moorig 1 0
architects 11 0
uebung 36 0
censibus 1 0
irrten 1 0
ersonages 1 0
denudation 17 0
ebenbuhler 9 0
liveres 1 0
peremptorily 6 0
nsurers 1 0
gelt 3 0
gestickte 3 0
livered 6 0
compensates 5 0
espencer 1 0
doomes 2 0
inaction 11 0
gelb 8 0
heages 2 0
geld 1 0
stummicks 1 0
estimated 121 0
herging 2 0
scummings 1 0
anomalies 3 0
bildsam 1 0
compensated 35 0
ipango 1 0
eitermantel 1 0
doomed 51 0
gelebte 1 0
delicate 247 0
fluctuateing 1 0
simpleton 7 0
gypter 1 0
amerarius 1 0
unartikulierten 1 0
cherub 8 0
ecommendation 19 0
verstellen 5 0
cherty 8 0
gens 4 0
gent 62 0
knowlege 1 0
angrenzenden 2 0
cherte 3 0
dizzily 4 0
circuits 4 0
magnopere 1 0
embroiled 2 0
leanness 3 0
ntent 7 0
onsense 33 0
belobt 1 0
gene 2 0
egehrte 1 0
zusammenblasen 1 0
schwellt 1 0
wohlklingend 1 0
overland 2 0
angreift 2 0
gems 20 0
plexion 1 0
hulls 5 0
gemischtes 1 0
naccurate 1 0
allerbammer 1 0
faconde 1 0
cherry 20 0
inecures 1 0
aufzuspringen 1 0
unkle 1 0
divinen 1 0
buzzed 1 0
almyrie 3 0
ompetition 7 0
divined 15 0
apierknallen 1 0
fficio 1 0
pottage 7 0
architecture 59 0
uetterungsstunde 1 0
bgeschiednen 1 0
unperceiv 1 0
eighbourhoods 5 0
ilgmans 1 0
andhaeusern 1 0
divines 18 0
diviner 4 0
vaeterlicher 1 0
vaeterliches 2 0
disquiet 5 0
vaeterlichen 5 0
merican 730 0
pitaph 8 0
ergoetze 3 0
efugees 4 0
fortwachsen 1 0
menaced 13 0
alveston 6 0
gest 3 0
verlaengert 2 0
ergoetzt 10 0
ffizierchen 2 0
peches 1 0
ntere 1 0
busybody 3 0
verlob 1 0
entgegensetzten 1 0
nterm 2 0
successions 7 0
anstund 1 0
entschaedigt 3 0
interrupting 14 0
asskins 1 0
frisiert 4 0
moorra 1 0
nters 1 0
geri 1 0
fficii 1 0
ilgermuscheln 1 0
germ 10 0
gern 255 0
verlaengern 4 0
gers 3 0
misguided 4 0
yllable 2 0
overlaid 6 0
ntesi 1 0
auguries 1 0
bsequiousness 1 0
rivatgebaeudes 1 0
efficacious 15 0
menacer 1 0
menaces 5 0
overlain 1 0
unker 12 0
dviser 5 0
unkel 9 0
unken 7 0
gemischten 2 0
presentare 1 0
sulphuretted 2 0
investigations 12 0
edachtes 3 0
geus 2 0
uneham 1 0
holosan 2 0
bittrer 1 0
takin 11 0
ffices 27 0
getz 4 0
craftes 2 0
bittrem 1 0
fficer 48 0
printouts 1 0
eingebornen 2 0
cheron 23 0
verlor 37 0
gets 149 0
gett 1 0
afternoon 276 0
einzuziehen 2 0
gesw 4 0
finstre 1 0
twelvemonth 18 0
muerbe 1 0
interruption 58 0
eltgeistlichen 1 0
ansteckte 1 0
erschuf 2 0
eltgeistlicher 3 0
ghouls 1 0
reundesbriefe 1 0
usschweifungen 9 0
wedge 12 0
gettin 8 0
ermaehlungsfeier 1 0
zerruettet 10 0
untainted 6 0
entioning 1 0
orsorge 8 0
xxiv 4 0
percipient 5 0
xxix 1 0
xxii 5 0
ympos 2 0
zerruetten 2 0
overlade 1 0
wonnen 4 0
unimaginably 1 0
kyarpinters 1 0
wonner 4 0
amburgh 1 0
consults 4 0
rchester 6 0
unimaginable 7 0
ichols 1 0
uffering 12 0
wedes 12 0
preisest 2 0
weder 147 0
dainty 41 0
oscheen 1 0
verraten 38 0
wonned 3 0
subsequent 94 0
gauntlet 8 0
urinals 1 0
bewirtete 1 0
punctuate 2 0
hydropathy 1 0
jingle 2 0
resignierte 1 0
verhuet 1 0
anderstab 1 0
beugen 1 0
townships 1 0
chweiz 7 0
hassen 12 0
rowelled 1 0
stamina 1 0
excused 31 0
isciple 2 0
abwesende 1 0
casseroles 1 0
erschon 1 0
hasset 2 0
getten 2 0
irabel 2 0
excuses 24 0
shalle 5 0
auszog 4 0
vornehmsten 4 0
rawer 3 0
vornehmstes 1 0
eriodical 1 0
achschauen 1 0
onservatism 1 0
colorings 4 0
choristers 2 0
chweif 2 0
chweig 3 0
elbstpruefung 1 0
chwein 6 0
dishevelled 5 0
somers 1 0
ronleichnamfest 1 0
einladenden 1 0
shalms 1 0
zusammengereiht 1 0
edeemer 15 0
weden 87 0
perlite 3 0
poplars 10 0
beschaeftiget 6 0
onservative 10 0
scorne 1 0
beschaeftigen 23 0
tinguished 2 0
eeraeuber 8 0
scorns 5 0
demeritorious 1 0
hyaline 1 0
merged 7 0
shally 1 0
tyrant 123 0
wedde 7 0
libitum 4 0
randweis 1 0
tadtholder 2 0
vertrauliche 4 0
agedly 1 0
wohlangelegten 1 0
ripplings 1 0
cheque 11 0
caduceus 1 0
merger 1 0
merges 2 0
rachtliebe 1 0
pausig 1 0
arkey 1 0
expert 40 0
reundes 61 0
dickroten 1 0
arkes 13 0
arket 29 0
reunden 76 0
provoking 22 0
arker 42 0
arken 2 0
naechtlicher 1 0
naechtliches 2 0
unpractis 1 0
inactive 7 0
naechtlichen 12 0
utianus 1 0
reproofs 6 0
steerage 3 0
retineau 2 0
perling 3 0
punctiliousness 1 0
cheren 2 0
tandhaftigkeit 6 0
cherer 1 0
verlorengeht 1 0
aeimnestos 1 0
reichlichste 1 0
lugheit 41 0
reporters 4 0
adajoz 1 0
asther 2 0
desponding 6 0
galten 1 0
reconverted 1 0
ertfordshire 42 0
erblinkity 1 0
accabee 2 0
omline 1 0
alldorten 1 0
erforderlich 3 0
felicitations 1 0
resurrections 1 0
strenth 1 0
lachte 32 0
tesselated 9 0
highness 2 0
trestle 2 0
usurped 14 0
gypsum 1 0
itrination 1 0
lodheave 1 0
reundin 105 0
calenum 1 0
eistlichkeit 6 0
paused 114 0
chirping 3 0
chwere 7 0
delleuten 5 0
warstle 2 0
xxvi 4 0
pauses 17 0
chwert 41 0
durchgehen 4 0
hingezahlt 1 0
erfordern 1 0
xpediency 5 0
opfpolster 2 0
undress 4 0
rhetorisch 1 0
usurper 16 0
erfordert 11 0
armorierer 1 0
spannenlanger 1 0
chluesse 8 0
lachst 2 0
attaches 11 0
swineherds 1 0
ebackene 1 0
attached 199 0
chnupftuecher 1 0
calcining 1 0
olfenbuttler 1 0
consumed 117 0
hervorgebracht 24 0
dastehe 2 0
scores 27 0
xxxi 1 0
geziemen 1 0
leitete 7 0
autobiography 5 0
dastehn 3 0
heatergeraetschaften 2 0
fesaunce 1 0
dasteht 9 0
erschen 2 0
speedier 3 0
consumer 43 0
consumes 15 0
amburin 2 0
eisammensein 1 0
hervorschauen 3 0
poshteen 1 0
ssuere 2 0
cheidewand 1 0
unjun 1 0
wehklagen 1 0
ausgoss 2 0
aendedruck 6 0
geziemet 2 0
ishareen 5 0
scored 7 0
esichtern 8 0
steamships 1 0
iminutiv 1 0
meilenlange 2 0
injurd 7 0
enschenerziehers 1 0
injure 82 0
ausgespannte 1 0
affirming 11 0
harakteristik 1 0
injury 118 0
unstverlust 1 0
ciety 3 0
eschichtschreibers 1 0
asthma 7 0
eschichtschreibern 2 0
impernpfeilen 1 0
oderick 5 0
erhabne 3 0
xxxx 4 0
rragon 14 0
vivis 1 0
hereinruecken 1 0
bestrafen 7 0
expell 2 0
auerburschen 1 0
lacing 8 0
beugte 5 0
nziehungsgabe 1 0
ontrole 2 0
orough 2 0
ruehstueck 19 0
astoned 2 0
entgegenginge 1 0
verschwindenden 2 0
rydges 1 0
burgomaster 4 0
arlay 3 0
eisterzuegen 1 0
zusammengebundnen 1 0
asthof 7 0
airie 1 0
uebten 4 0
argile 1 0
auberschlage 1 0
auszuloeschen 14 0
berichtete 1 0
ontmartre 1 0
unjab 6 0
boasts 11 0
wankten 1 0
stillschweigender 1 0
stillschweigenden 2 0
erzens 96 0
gerupft 1 0
weakend 1 0
fervently 12 0
debtors 16 0
weakens 12 0
gelaehmt 2 0
raibis 1 0
andshut 2 0
rittain 3 0
appose 1 0
unvergaengliche 1 0
bezwangst 1 0
duenkt 18 0
atchtendonck 1 0
chwanendorf 1 0
vived 1 0
olecism 1 0
berichtend 1 0
expend 12 0
resignieren 2 0
mediamque 1 0
wollest 1 0
darksome 2 0
rallying 10 0
speeding 11 0
beigewohnt 6 0
pending 14 0
monument 65 0
ruendonnerstagsmusik 1 0
verzieh 5 0
exciteth 1 0
graphology 1 0
scrawniness 1 0
vivid 88 0
airds 1 0
infraction 1 0
combatting 3 0
zufuehrten 1 0
bglanz 4 0
lfonso 1 0
rleuchtet 1 0
swimmers 13 0
grellen 1 0
grappled 7 0
ntoxicated 2 0
speedily 97 0
laundryman 1 0
indliness 1 0
gentleman 502 0
cantoned 1 0
compromise 51 0
ymphe 8 0
cruder 2 0
schlummerte 1 0
nachdrucksvolle 1 0
uerkenfahnen 1 0
beschaeftigte 30 0
positively 89 0
zweifelsohne 1 0
odespost 1 0
urinary 1 0
onservation 2 0
auptpunkt 6 0
beschaeftigst 1 0
exhibited 94 0
erhaben 10 0
alhoun 4 0
cielo 1 0
feudalists 1 0
vivre 1 0
demarcation 3 0
tramplings 1 0
strenge 15 0
seufzenden 2 0
ymphs 15 0
enilia 1 0
blamelessness 1 0
overthrowing 4 0
aspersion 1 0
durchging 1 0
rtaxerxes 2 0
ergetze 1 0
gluecklich 292 0
duellum 1 0
toddard 2 0
uturum 1 0
efeated 1 0
oderini 1 0
ontrose 2 0
ascendant 10 0
saufgarde 1 0
skeery 1 0
expect 500 0
cantonal 3 0
azette 147 0
umlernen 1 0
rtists 4 0
expeck 2 0
gentlemen 315 0
zusammengefasste 1 0
grapplin 1 0
ehrenvollen 4 0
einleiten 1 0
egenstrichen 1 0
ointing 2 0
ontemptuous 1 0
leaders 118 0
gehaltenen 1 0
immerwaehrenden 5 0
surprisingly 5 0
refrained 12 0
isesteem 1 0
usedest 1 0
rzaehlte 2 0
aocoon 1 0
ontroul 9 0
lawlessness 3 0
leadest 2 0
excitement 151 0
tandes 11 0
tanden 1 0
geziemte 1 0
tandem 3 0
ergetzt 2 0
lumberin 2 0
niedergekniet 1 0
leadeth 2 0
erzett 1 0
aehnlichkeit 16 0
orthwich 1 0
iversions 4 0
arkte 19 0
rnstes 1 0
emphatic 12 0
owania 1 0
undreds 72 0
rnsten 1 0
shales 2 0
preisende 1 0
abwechselnd 5 0
unselfishness 5 0
ongues 7 0
arkts 1 0
lacial 1 0
readjust 4 0
begreifliche 1 0
rittany 18 0
expulsed 1 0
unterjochen 1 0
conventionalities 1 0
roadways 2 0
accrues 1 0
weakest 16 0
eingehuellt 4 0
randaughter 1 0
balancing 11 0
accrued 1 0
irschenreuth 2 0
incongru 1 0
withdraws 5 0
ialogues 18 0
readjustments 1 0
withdrawn 92 0
foineth 1 0
strebten 1 0
ooter 16 0
ootes 1 0
soothfastness 9 0
blockd 3 0
electronically 178 0
reproach 122 0
eitwuermer 1 0
hellbraune 1 0
contemplative 10 0
rivatneigung 1 0
roofin 1 0
ilbert 445 0
pitchy 4 0
glaenzendste 1 0
lumbered 1 0
eardest 1 0
tamys 1 0
hemlock 5 0
strategist 1 0
lumberer 2 0
ourtales 1 0
temper 242 0
aufgerichteten 1 0
pitchd 1 0
rzaehlt 4 0
arnum 2 0
object 851 0
sandstones 12 0
collations 1 0
kanakas 7 0
suffice 72 0
scribed 2 0
wollten 112 0
equanimitatis 1 0
wolltet 9 0
razen 3 0
riddling 1 0
ooted 2 0
etterschlaege 1 0
hundert 46 0
zugedacht 11 0
razer 1 0
consisting 94 0
abington 2 0
asanenschiff 1 0
ebirgshoehe 1 0
hervortoente 1 0
ontinue 5 0
unverified 1 0
unlearning 1 0
supperless 1 0
scribes 1 0
razed 2 0
bewachsenen 2 0
uarzgestein 1 0
zurueckzurufen 6 0
arnos 15 0
ginning 1 0
allzutief 1 0
preposition 1 0
allures 2 0
afreet 1 0
signally 9 0
roofed 23 0
allured 6 0
unintermitted 3 0
nzufeuern 1 0
plenteous 10 0
milksop 3 0
sonntags 2 0
riassic 4 0
beweint 1 0
talienern 3 0
unwarlike 6 0
andelstaetigkeit 1 0
onflict 14 0
tempel 4 0
talienert 1 0
tterance 1 0
elliptical 2 0
emancipate 15 0
romantic 64 0
kindest 5 0
beweine 1 0
talieners 1 0
erlustiget 1 0
erlustigen 2 0
aronius 4 0
unsthandel 1 0
blocks 35 0
laechenraum 1 0
versus 1 0
llowance 16 0
razie 7 0
razil 29 0
beben 1 0
oskovany 1 0
idiculous 2 0
verschuldt 1 0
enthaltsam 3 0
niversum 3 0
breiterer 1 0
esteemd 7 0
freined 3 0
bookcases 2 0
breiteren 1 0
enschenmassen 1 0
willinge 1 0
cordial 63 0
discrediting 3 0
akehouses 1 0
rutschen 1 0
owardes 2 0
willings 1 0
badder 1 0
erbundnen 1 0
ueten 3 0
ueter 69 0
uetet 2 0
tutzbaerte 1 0
larboard 4 0
marplot 2 0
crazy 49 0
kindely 1 0
nthea 1 0
razor 10 0
undistinguishable 6 0
irreverently 6 0
isosceles 1 0
unwary 7 0
henchmen 3 0
xxxiii 2 0
obtruded 6 0
manservant 3 0
wreathed 14 0
tance 2 0
durchschlaengelt 1 0
nterhaltlichkeit 1 0
fainest 1 0
fruehsten 8 0
neutrality 17 0
alderon 5 0
tuenden 1 0
tands 11 0
herson 7 0
esteems 2 0
gibbet 5 0
jubes 1 0
schwatzen 9 0
handfesten 1 0
latzes 4 0
tande 35 0
thoughtlessness 4 0
gewaltsamsten 1 0
raigie 1 0
unware 5 0
slopping 1 0
uetha 1 0
communities 57 0
schwarzblaugrauen 1 0
vorausgeht 1 0
immelsgegend 2 0
muesse 142 0
neutralise 5 0
crawl 42 0
abject 43 0
supersensitive 1 0
muesst 26 0
raetensionen 3 0
erbarium 2 0
lachendste 1 0
offrauen 1 0
terracotta 1 0
geschlossene 4 0
crave 14 0
ceremony 89 0
mooted 4 0
glukumalon 1 0
obtruder 1 0
loigne 1 0
wending 2 0
wiehernd 1 0
tuscht 1 0
henchman 3 0
verurteilten 1 0
durchsangen 1 0
voreinander 1 0
craze 1 0
paar 107 0
ridiculing 6 0
areschal 1 0
bittersweet 1 0
sucking 11 0
apologetic 8 0
attiadae 1 0
improbability 11 0
misstatements 2 0
realizing 5 0
distinguished 306 0
rimaries 2 0
soothely 1 0
llwand 1 0
aitre 1 0
abhandeln 1 0
distinguishes 26 0
chnapp 1 0
eutsche 20 0
amesakes 1 0
pade 62 0
destroyd 1 0
destroye 2 0
ipalda 1 0
schluege 2 0
chutzherrn 1 0
destroyn 1 0
pact 1 0
eberden 1 0
destroys 32 0
ttorneyship 1 0
verwegen 5 0
pallour 1 0
udgeons 1 0
elaechelst 1 0
judicabis 1 0
hersef 1 0
edankens 5 0
nelkenhaften 1 0
pace 188 0
erneuern 11 0
gepruegelt 1 0
ompelling 1 0
pack 133 0
erneuert 6 0
nnethes 5 0
difficultatem 1 0
padded 3 0
gnorant 6 0
mpact 1 0
relievers 1 0
workman 74 0
leutselig 3 0
owardly 1 0
latzregen 1 0
availability 1 0
uestions 26 0
vermehrst 1 0
fallacies 9 0
urkosten 1 0
paet 1 0
unbinds 1 0
aiunt 1 0
ueckblick 1 0
cornerstone 1 0
lodgers 3 0
ntroduce 2 0
vermehrte 36 0
bluffing 1 0
distinguishin 1 0
refused 316 0
etrachtungen 72 0
refuses 19 0
chuljungen 1 0
ueberzuschiffen 1 0
verzehrende 2 0
equel 1 0
pads 3 0
versah 10 0
innbacken 1 0
uesne 1 0
pallors 1 0
doorsteps 5 0
negotium 1 0
ontausier 1 0
dazzle 3 0
sollicitudinae 1 0
preche 1 0
bgoetter 1 0
paho 1 0
aeaeaerchenland 1 0
passionless 7 0
rueful 8 0
ontines 1 0
spasmodically 1 0
lcala 5 0
bebte 2 0
merest 5 0
inslie 3 0
anquish 1 0
lodgeth 1 0
tamed 12 0
hunts 3 0
ecollection 2 0
bebst 1 0
konvulsivisch 1 0
lawyerly 1 0
housandth 1 0
softeneth 1 0
imploring 11 0
precht 1 0
page 199 0
kuruma 39 0
ruefte 1 0
meanders 4 0
ordlaender 7 0
kontemplativen 1 0
nfruchtbarkeit 1 0
evanescing 1 0
lcamo 7 0
darauf 304 0
paix 1 0
cesare 1 0
ferderennen 2 0
tamen 2 0
tamer 1 0
wreckage 4 0
precis 1 0
pail 13 0
pain 943 0
kteure 2 0
hintragen 1 0
suspicion 225 0
refusal 81 0
unmatted 1 0
uneigungen 1 0
ablebodied 2 0
inaugurated 4 0
pair 221 0
ertraulichste 1 0
pais 1 0
versed 30 0
equal 945 0
neutralize 1 0
kteurs 3 0
gravity 78 0
paid 981 0
einschaetzen 1 0
verser 1 0
verses 148 0
arody 1 0
verset 1 0
eagled 2 0
sollicitudinem 1 0
auerbursch 2 0
rdeschranken 1 0
uests 6 0
oellerei 1 0
beruecken 1 0
pall 9 0
palm 78 0
perverting 3 0
contemplating 31 0
paly 1 0
pals 1 0
requireth 4 0
palu 1 0
eagles 4 0
secluding 1 0
typified 2 0
lachen 41 0
anonicum 1 0
auszumachen 3 0
laches 1 0
nfechtung 1 0
rville 2 0
pali 2 0
pecking 3 0
pale 276 0
dispelling 4 0
razzia 2 0
typifies 1 0
itrent 1 0
plutocratic 1 0
issimule 1 0
schleppend 1 0
kinderlos 3 0
uesst 8 0
misaventure 3 0
ankredens 1 0
schickten 4 0
erpsichore 2 0
chehab 1 0
judicial 46 0
andwerkspurschenartiges 1 0
enevento 2 0
jerbilla 1 0
tamps 4 0
tampt 1 0
ueste 33 0
forstraught 1 0
daraus 68 0
pake 14 0
schwachen 7 0
aturell 9 0
pans 9 0
pant 5 0
riedensstifter 1 0
schwacher 9 0
schwaches 4 0
pano 2 0
astonied 2 0
pany 1 0
ewimmels 1 0
awkwood 1 0
erzeugten 1 0
siedheissem 1 0
hemaenner 1 0
itrell 2 0
merely 752 0
pane 7 0
nachgegangen 3 0
pang 35 0
schwachem 2 0
pamp 1 0
ylvester 3 0
ntschaedigung 5 0
leistift 2 0
usstritte 1 0
cording 1 0
contemplation 68 0
eoffrey 15 0
chriftstellerinnen 1 0
ntiphone 1 0
blameless 21 0
unmow 3 0
ekesche 1 0
gefesselten 1 0
wegen 132 0
harisaeer 1 0
nscriptions 4 0
vermehren 37 0
buzoms 1 0
moutent 2 0
xpedients 1 0
tourelles 1 0
papa 133 0
hinzuschluepfen 1 0
galore 2 0
vermehret 2 0
keystone 3 0
orsooth 8 0
schwatzte 6 0
assertory 1 0
ishareens 4 0
tamme 2 0
ootch 1 0
utchinsons 2 0
assertors 1 0
trellises 1 0
umutung 2 0
trellised 1 0
nathehess 1 0
verfaehrt 5 0
schnellheilende 1 0
unbidden 5 0
glaeubger 2 0
vertically 6 0
mournfulness 2 0
part 3761 0
brecht 1 0
coadjutors 6 0
workmen 153 0
paddle 16 0
pare 7 0
signaled 2 0
para 1 0
unrestrained 17 0
uesse 39 0
parc 2 0
pard 1 0
hunks 1 0
insolently 5 0
fuzzy 2 0
park 63 0
thither 157 0
abmisst 2 0
itwirken 2 0
hibachis 1 0
zusammengesteckt 1 0
economics 2 0
dramas 10 0
geschluckt 1 0
beschlagen 5 0
patz 1 0
coherence 2 0
pats 2 0
annexation 6 0
manipulators 2 0
apoleonic 1 0
beady 3 0
eibschneider 1 0
hlinkets 1 0
incumbers 2 0
crabs 4 0
ergaenzte 1 0
ambiguous 18 0
eighties 2 0
path 345 0
zugestand 1 0
crack 60 0
oppens 1 0
pate 3 0
teardrops 1 0
beads 32 0
blankly 10 0
thermometers 1 0
adulterate 1 0
allistus 1 0
chuckow 1 0
gyarden 1 0
rayer 42 0
pass 772 0
past 714 0
hrlichkeit 1 0
rayes 1 0
uerze 10 0
berspannung 1 0
ocietatis 1 0
anhaben 2 0
rayed 2 0
eldmark 1 0
ingrayne 1 0
errimack 1 0
lodgings 31 0
supplanting 3 0
dehnen 2 0
pave 5 0
paynims 1 0
oppelt 2 0
infassungen 1 0
armth 11 0
thankfulness 1 0
revisal 1 0
schmerzlichsten 1 0
audeville 2 0
wurzeln 2 0
breathless 33 0
showcase 3 0
portionless 4 0
selbstischen 1 0
wretches 30 0
meriacn 1 0
visitings 1 0
gestossen 6 0
paye 6 0
incumbent 25 0
wretched 208 0
affaires 1 0
hydraulic 1 0
echnischen 1 0
sauberste 1 0
anzufesseln 1 0
enviously 3 0
ruegen 1 0
lphonsus 9 0
armor 42 0
humbe 1 0
taumelt 2 0
paws 17 0
pawn 3 0
rueget 1 0
teilnehmen 9 0
enedicti 2 0
gclaus 1 0
hereinto 2 0
stueckweise 2 0
appens 3 0
plucking 7 0
disgusting 25 0
garnishing 1 0
glistening 10 0
human 1328 0
streuen 3 0
darben 4 0
talus 16 0
considerations 83 0
unterjochten 1 0
decidedly 63 0
enedicts 2 0
nternational 12 0
appena 1 0
beach 89 0
coherency 1 0
uuwaawaa 2 0
blanket 53 0
articles 165 0
glossarial 2 0
ontrite 1 0
append 3 0
pays 109 0
einsam 26 0
appeln 6 0
blankem 2 0
einsah 1 0
blanken 3 0
halbjaehriges 1 0
larding 1 0
discount 14 0
armis 1 0
cigar 44 0
uenfzehnte 1 0
melange 1 0
adversity 54 0
piritual 10 0
enigmatical 1 0
ingleichen 1 0
inderungskraft 1 0
verree 2 0
coaches 11 0
coniferae 4 0
alsumdrehen 1 0
concubinage 4 0
stampft 3 0
roxall 1 0
catcalling 1 0
eistand 16 0
ostriches 8 0
obscures 4 0
irrupta 1 0
grievances 41 0
stamped 44 0
otenmahle 2 0
ansehnlich 3 0
losgewunden 1 0
tallmeister 20 0
prease 1 0
armly 2 0
befleckt 2 0
eniently 1 0
dweltest 1 0
ghee 1 0
icambro 1 0
ottesnam 1 0
obscured 16 0
correlatives 1 0
artificers 78 0
armer 38 0
armes 73 0
artenkultur 1 0
armem 1 0
eitwortes 1 0
armen 56 0
ngeschoepfe 1 0
prosody 1 0
aisle 27 0
thistles 2 0
essungen 1 0
aballo 1 0
estallung 2 0
ebenfalls 9 0
ideikommisse 1 0
zurueckweichen 1 0
ansfloete 1 0
beistehn 1 0
syllable 33 0
annehmen 22 0
flattour 1 0
beisteht 2 0
seditions 1 0
erewhile 1 0
gyardin 3 0
lberigo 1 0
chuckle 20 0
hineingelegt 1 0
oesophagus 3 0
thunderous 1 0
constitution 276 0
fefferkorn 2 0
posibility 1 0
entgegentragen 1 0
hinzoege 1 0
breath 322 0
blobby 1 0
inslow 4 0
ufgabe 11 0
radfords 1 0
garbled 1 0
gemaechlich 1 0
aison 12 0
thenceforward 10 0
peppering 1 0
enifle 1 0
einlassen 7 0
recians 2 0
ausschliessen 2 0
constituting 20 0
breast 220 0
prancing 4 0
craftsmen 6 0
aiment 8 0
gloriieren 1 0
beaut 2 0
ukaten 10 0
vwoats 2 0
crash 25 0
refutes 1 0
incumbrances 3 0
tales 102 0
watchmaker 5 0
eniers 3 0
knotte 2 0
darbot 5 0
mementos 1 0
refuted 13 0
autology 3 0
polyglot 1 0
abgesandten 1 0
arned 4 0
erviette 2 0
suckin 1 0
afresh 18 0
beaux 11 0
kuenden 1 0
arnet 3 0
shared 73 0
tawdry 3 0
components 2 0
arner 3 0
unlet 1 0
arnes 16 0
umzogen 5 0
ruhiger 18 0
rebillon 9 0
ruhiges 5 0
shares 25 0
ruhigem 4 0
ruhigen 39 0
resuming 5 0
sharer 5 0
appruved 2 0
herrem 4 0
ontemporary 1 0
pecial 64 0
uerme 9 0
arney 10 0
interlaced 4 0
overlord 1 0
nvogliava 1 0
prosper 39 0
connived 5 0
riegsheere 1 0
inselstriche 1 0
talia 3 0
talic 1 0
weezy 10 0
appeal 164 0
crate 2 0
riegsheers 1 0
talie 1 0
humus 20 0
ruegst 1 0
desirableness 1 0
appear 782 0
behaglicher 6 0
geruegten 1 0
irrkoepfe 1 0
geometry 38 0
experts 15 0
behaglichen 3 0
uerfe 1 0
unwahr 1 0
verrat 2 0
niversal 15 0
unerwidert 1 0
vorschiessen 1 0
trepidation 15 0
ezuegen 1 0
uerft 3 0
loderten 1 0
irtstochter 2 0
nspiration 3 0
ucchis 1 0
vorsichtige 2 0
swevenes 1 0
pholder 1 0
talan 14 0
gestatteten 1 0
crane 13 0
eschaeftsmann 1 0
beard 121 0
beare 8 0
fluesterte 9 0
crank 5 0
mplements 1 0
urgence 1 0
erzaehltet 1 0
weets 5 0
bears 160 0
sucker 2 0
ueren 27 0
erzaehlten 7 0
secures 20 0
abalen 2 0
sections 57 0
uerer 1 0
unanimity 13 0
arnac 2 0
weete 2 0
ghos 3 0
sucked 17 0
surpassing 20 0
flying 92 0
xcavated 1 0
recoined 1 0
secured 217 0
bwesend 1 0
enedick 3 0
distinctiveness 1 0
tempus 1 0
sluggishly 1 0
arnak 1 0
beast 175 0
omplete 2 0
dranke 3 0
neverdeal 1 0
urgency 5 0
atthieson 1 0
enedict 30 0
ungrateful 34 0
powwows 1 0
herrie 2 0
liarne 1 0
herrif 4 0
issbrauch 2 0
otyledonen 1 0
overlook 42 0
tempts 4 0
beats 26 0
wolltst 1 0
rentals 2 0
graceless 6 0
heedlessly 3 0
renzenloses 2 0
crape 15 0
dissevering 2 0
lmiren 4 0
tempte 2 0
unlac 1 0
humps 2 0
craps 2 0
niversel 1 0
modates 1 0
kriegten 2 0
saemtlicher 4 0
saemtliches 1 0
sharks 22 0
vorwaltete 2 0
mehedehet 4 0
saemtlichen 31 0
middlin 3 0
aronier 1 0
humor 64 0
ngewaschen 1 0
riegelte 1 0
nsurrection 1 0
unconstitutional 12 0
staving 1 0
versuchenden 1 0
augenscheinliche 1 0
udyard 2 0
ultiply 1 0
taudlin 1 0
allzuschoen 1 0
beams 84 0
untroestlich 1 0
forefinger 22 0
unresolved 1 0
chmeichelei 7 0
uerre 1 0
unstschaetze 4 0
umscherzte 1 0
enedigs 1 0
xiles 7 0
fireworks 1 0
crams 2 0
ufgang 2 0
accosted 11 0
beans 73 0
insurers 4 0
persecuting 9 0
urposely 1 0
cramp 15 0
rzklang 1 0
euschheit 2 0
persecution 77 0
weckmaessigkeit 3 0
etatlan 1 0
uerst 73 0
acclimation 1 0
inconstaunt 1 0
revisit 11 0
rutschte 1 0
seligste 2 0
sconces 1 0
ethodist 21 0
olluesten 3 0
elohnungen 4 0
echtlichkeit 1 0
provident 4 0
aiten 8 0
roportions 5 0
eminiscences 1 0
superstitiously 1 0
andungsplatz 4 0
oppelschrift 1 0
craft 86 0
uernt 1 0
uneigennuetziger 1 0
provideth 1 0
uneigennuetziges 1 0
uneigennuetzigen 3 0
dwarfed 7 0
newsletters 10 0
crags 9 0
nexorable 2 0
caeteris 1 0
ninepins 2 0
providest 1 0
sharpe 8 0
suckle 4 0
beweist 10 0
deathless 7 0
discover 373 0
raenkung 2 0
talkd 1 0
talke 2 0
wurzelte 1 0
toting 4 0
appointed 425 0
beweise 3 0
easonable 5 0
fitfully 6 0
aubgang 2 0
uerne 2 0
oehlmann 1 0
anschen 8 0
enedikt 1 0
espenstern 1 0
kneaded 3 0
talle 5 0
rzaehle 3 0
angebracht 11 0
vereinigt 14 0
knotty 4 0
pecies 11 0
talks 45 0
craig 2 0
lithograph 1 0
iteration 3 0
nlagen 14 0
oelestium 1 0
ottesgedanken 2 0
unclasping 3 0
destinies 11 0
insman 3 0
verlohnte 1 0
andsome 2 0
fluesternd 1 0
humid 9 0
mmerhin 2 0
beaks 7 0
vermenschlichen 1 0
ilverdollar 1 0
swordsman 2 0
variable 18 0
temple 205 0
unlit 1 0
signifying 12 0
quenching 3 0
revised 64 0
tally 7 0
urveys 1 0
umreissen 2 0
drunter 12 0
leading 269 0
martyrum 1 0
drunten 1 0
wehende 1 0
anguet 1 0
controuling 1 0
eleemosynary 2 0
magnanimously 4 0
hancellors 1 0
gallons 10 0
undamente 1 0
esichtszuegen 2 0
suchte 157 0
upgrade 1 0
farthing 20 0
cquaintance 37 0
overload 2 0
bestaubten 1 0
suchst 7 0
scudded 1 0
ollstaendiges 1 0
extinguishd 1 0
uebeltaten 1 0
weiss 484 0
meddlesomeness 1 0
missverstehen 1 0
occupations 51 0
weise 37 0
flocking 6 0
terrorem 1 0
vorschwatzen 1 0
weirs 2 0
reprocht 2 0
wallend 1 0
abaina 4 0
fourteenth 57 0
enrace 1 0
adroni 2 0
gratefull 1 0
adrona 1 0
fascine 1 0
weird 18 0
alvation 14 0
pilogue 2 0
warbling 4 0
erichtssaele 1 0
gibt 210 0
nuptials 5 0
onradin 1 0
postilion 1 0
schmeckte 3 0
veraendertes 1 0
woodsman 1 0
gibe 1 0
veraenderter 1 0
digressions 1 0
artillery 32 0
ueberhebt 1 0
veraendertem 1 0
weils 1 0
veraenderten 5 0
weilt 1 0
bschattungen 1 0
jostlement 1 0
ueberbliebenen 1 0
laceus 1 0
willingsbruder 2 0
insist 79 0
fortbegehrt 1 0
unedlen 1 0
usthaeusern 2 0
arpun 1 0
iebeshauch 1 0
spatters 1 0
erkwuerdigste 1 0
baggage 75 0
tutored 5 0
entrueckt 1 0
lacert 1 0
enslavement 18 0
gieb 2 0
geometer 2 0
scouts 9 0
stretch 78 0
injoyn 2 0
chapels 8 0
gallops 1 0
ngezogenheit 1 0
satellite 2 0
weint 8 0
verwahren 11 0
hupft 1 0
bargaining 6 0
sensuousness 1 0
verwahret 1 0
enigen 1 0
shouldst 11 0
deified 5 0
econnaissance 1 0
eniger 1 0
eniges 1 0
weine 5 0
klaerte 2 0
unvisored 1 0
uditorship 1 0
gick 1 0
unzertrennliche 2 0
ltesten 3 0
gift 124 0
taper 10 0
ausgelacht 1 0
tapes 2 0
subjugated 14 0
aufnahmen 1 0
retagne 11 0
subjugates 2 0
ristonymus 1 0
enigni 1 0
judgd 16 0
shouldna 2 0
judge 499 0
zurechtweiset 1 0
fuseth 1 0
omponist 2 0
wiggle 1 0
anyhow 40 0
foundations 108 0
ungenerous 13 0
wallets 1 0
unbedingte 1 0
occupati 1 0
cylinders 8 0
orgennebelung 1 0
rentano 20 0
exikaner 4 0
angetan 12 0
esumme 1 0
gallows 14 0
prostituiert 1 0
serener 1 0
tobten 1 0
barrack 13 0
tumults 13 0
bedde 12 0
ufsteigens 1 0
delaide 4 0
cohere 5 0
congratulated 14 0
rossknecht 2 0
ruehlingsluft 1 0
bedew 1 0
notables 2 0
herauszugeben 2 0
unneth 7 0
indness 23 0
omponius 3 0
touchstone 5 0
abzubrechen 4 0
riegesgott 1 0
atitude 4 0
manifests 8 0
scheinst 5 0
manifesto 1 0
gigs 4 0
heiserer 2 0
heiseres 1 0
tapas 1 0
ffenbar 2 0
rdzungen 4 0
aedalus 2 0
ersetzen 21 0
umaeus 4 0
equanimity 11 0
constancy 28 0
asserleitung 4 0
ersetzet 1 0
hinfahren 1 0
protracting 1 0
riedensfahnen 1 0
numbering 8 0
artenanlagen 2 0
llness 9 0
dransetzte 1 0
ettchen 1 0
besteigt 2 0
istaria 1 0
taende 16 0
weite 28 0
lutarch 23 0
unners 1 0
ikodemi 2 0
honoreth 1 0
aulvoll 1 0
erkulanische 1 0
zekiel 5 0
magenta 1 0
lorentiner 3 0
enigma 15 0
lorentines 12 0
barrage 2 0
gesetztern 2 0
around 684 0
everglades 2 0
sittsamen 4 0
belard 4 0
rustees 11 0
sittsames 1 0
bantering 6 0
gilt 42 0
refuting 6 0
otomac 4 0
constance 3 0
enigne 2 0
chliesshaken 1 0
dessengleichen 1 0
dyspeptic 2 0
enragd 1 0
prelude 11 0
enrage 2 0
gile 1 0
chulden 14 0
weive 3 0
adroit 7 0
glowered 5 0
auswaertige 1 0
oussel 2 0
underlichstes 1 0
bestehlen 1 0
uisses 1 0
verschliessen 8 0
frolic 18 0
reddened 10 0
vigourous 1 0
martyred 2 0
cheese 29 0
cheery 14 0
despatch 17 0
gins 3 0
vorschwatzte 1 0
weitesten 5 0
shoulder 232 0
tarrier 1 0
cheers 11 0
tarries 1 0
shoulden 2 0
breams 1 0
lonesome 17 0
uebertriebene 4 0
exchanges 25 0
onvicts 8 0
ging 432 0
elaender 2 0
gesiegelt 3 0
isconduct 8 0
onduras 1 0
gimp 1 0
exchanged 103 0
erforderliche 1 0
onvicte 1 0
tarrify 1 0
ltercation 3 0
rsola 1 0
aedamia 2 0
unpleasantly 13 0
halcedon 1 0
slaveholder 96 0
entwine 2 0
faerie 3 0
lacksmif 1 0
eltgetuemmel 1 0
errantry 1 0
elevations 3 0
steckengeblieben 1 0
cheere 4 0
outwards 12 0
angtry 1 0
angtse 7 0
arouse 29 0
destomehr 3 0
tarried 9 0
sacking 2 0
gemauerten 1 0
chargeable 15 0
swunk 3 0
swung 56 0
sugarless 1 0
objections 105 0
ntire 1 0
expurgated 2 0
girt 17 0
chucked 1 0
affrayed 2 0
enunciation 6 0
birches 4 0
attractive 61 0
gird 4 0
eduerftige 2 0
hergeht 2 0
derspart 1 0
girl 564 0
enticements 2 0
eichnungen 30 0
elisha 1 0
ettlauf 2 0
despondent 1 0
turgeon 14 0
indigestion 2 0
irtuositaet 1 0
uchanans 1 0
magnify 11 0
oskett 1 0
gits 38 0
impartment 1 0
erspiration 1 0
entgegenschwimmen 1 0
anzufangen 16 0
publick 227 0
elville 4 0
iminution 6 0
unsophisticated 3 0
publico 1 0
ebenslang 1 0
schlugen 9 0
gite 1 0
breaks 64 0
rawfishes 10 0
gist 2 0
geglueckt 6 0
breake 8 0
inquisitors 1 0
angton 4 0
magnifi 4 0
occupant 15 0
stampfenden 1 0
ersenkung 2 0
twirled 2 0
tarring 2 0
entwich 3 0
scheinet 6 0
struggling 64 0
give 2733 0
cartridges 5 0
stationd 4 0
ortschritte 2 0
suckles 1 0
tunneling 1 0
stations 20 0
rmordet 2 0
xions 1 0
propriety 104 0
demesnes 4 0
scheinen 104 0
ousson 2 0
klaerer 1 0
ebenslauf 1 0
suckled 4 0
klaeren 1 0
struthious 2 0
implicit 16 0
retensis 1 0
commencing 25 0
tschu 1 0
ualmes 1 0
metaphrasts 1 0
estmeath 2 0
taemme 1 0
jousts 5 0
tother 3 0
oulouse 33 0
mercia 1 0
rueder 19 0
taown 2 0
civilest 1 0
bivouacs 1 0
sicherheit 1 0
faerbt 2 0
befoedert 2 0
enunciating 1 0
tangen 6 0
aufgehen 4 0
befoedern 1 0
momentanen 1 0
eibesuebung 1 0
housewives 3 0
anzschaun 1 0
ampagna 5 0
ildungskraft 16 0
ntonischen 1 0
anfangs 38 0
temmen 1 0
anfangt 1 0
afayette 3 0
oppery 2 0
stossweise 2 0
anfange 5 0
loeblichste 1 0
projectors 17 0
tangle 14 0
tonehenge 9 0
ergehens 2 0
oeftere 1 0
ampagne 2 0
lotuses 5 0
oefterm 1 0
weich 9 0
oeftern 3 0
wonnevollen 1 0
rumpling 2 0
weigh 47 0
eftigkeit 37 0
geluestet 2 0
oefters 39 0
weige 24 0
esulus 3 0
breads 1 0
rearing 17 0
spishun 2 0
ersetzte 5 0
wearisome 15 0
spishus 1 0
reighton 1 0
designed 89 0
ergehend 1 0
esults 1 0
breach 37 0
geistlosen 2 0
hauceres 1 0
verstuemmelt 2 0
designes 1 0
suchen 102 0
chreckbild 1 0
verstuemmeln 2 0
mercer 2 0
merces 1 0
napuni 23 0
oresight 1 0
osmetics 1 0
urchsichtigkeit 2 0
trebens 1 0
geistloses 1 0
ffektation 3 0
coorash 2 0
felonies 1 0
dipped 23 0
incumber 1 0
apophthegms 2 0
tanzt 2 0
geballten 1 0
ammocks 1 0
partest 1 0
dipper 8 0
reezing 4 0
ostage 2 0
tanze 1 0
verhullt 1 0
ossessioners 1 0
exhaling 3 0
uncolored 1 0
gneous 1 0
arows 1 0
presuppose 5 0
demoiselle 2 0
onditoren 1 0
troffa 1 0
endlessly 3 0
astnachtszeit 1 0
shamedly 1 0
roeffnen 1 0
spacing 1 0
hindeutend 1 0
zweifellos 2 0
gwoehnlich 1 0
totaelan 1 0
aehrend 16 0
attainment 22 0
ueberschrieben 1 0
saddlery 3 0
dunces 8 0
furnace 24 0
lauhala 3 0
dmond 41 0
unharmonisch 1 0
aufdammt 1 0
manageable 2 0
unnts 1 0
lijjun 1 0
umkraenzt 3 0
uccess 81 0
exclude 51 0
urchschweifen 1 0
einpacken 1 0
onsummate 1 0
aldwell 6 0
ebenskraefte 1 0
eueranstalten 1 0
uetze 11 0
dueling 1 0
antennae 6 0
issgeschick 2 0
manhood 68 0
arose 212 0
identifying 4 0
stickler 1 0
eclares 1 0
ortugale 1 0
erfasser 23 0
iratori 14 0
manhole 3 0
scobaaar 1 0
hervorblickt 1 0
tragedians 8 0
ustness 2 0
zolgosz 1 0
disbursed 1 0
andwerke 1 0
ausgeladen 1 0
lantains 1 0
vorbeiging 4 0
drudging 3 0
perpetuity 6 0
edenken 21 0
kastellaehnlichen 1 0
andwerks 2 0
coagulate 1 0
publish 86 0
eclared 1 0
aroun 8 0
othergill 2 0
dvice 91 0
trickland 83 0
aticana 1 0
quaking 13 0
deprave 1 0
ghoer 1 0
aiuti 1 0
penances 3 0
ntier 1 0
pdam 1 0
remembring 1 0
embarrassments 2 0
arone 1 0
arona 1 0
aticans 1 0
orderliness 1 0
javelin 5 0
arony 4 0
townsmen 14 0
hinuebergerueckt 1 0
alembikes 1 0
portals 6 0
iszellaneenzimmer 1 0
artheleray 1 0
equos 2 0
saugten 1 0
liederartigen 1 0
verblichen 1 0
arons 9 0
radiating 3 0
abajee 1 0
cheeks 107 0
vintage 8 0
kleinlicher 1 0
ampaign 55 0
ucceed 1 0
kleinlichen 1 0
elaengerjelieber 1 0
ntico 1 0
despared 1 0
chuldiger 1 0
modifications 17 0
omendaki 1 0
portant 1 0
coverest 1 0
hoicest 1 0
uguenot 18 0
oesewichtern 1 0
bteilungen 1 0
anonical 3 0
ufleuchten 2 0
unterzubringen 1 0
scrumpshus 1 0
enforeing 1 0
overestimating 1 0
flaumen 2 0
dippin 2 0
nthony 43 0
anquets 1 0
archedeacon 2 0
niederzuschiessen 1 0
widespread 11 0
wehrt 6 0
apepsthimeno 1 0
anstrengen 1 0
hetorik 3 0
oemerberg 1 0
erwandte 10 0
bestehen 21 0
hetoric 16 0
bestehet 4 0
confronted 28 0
aufbringen 1 0
expand 25 0
hateful 47 0
squander 6 0
dyspepsia 3 0
rmistice 8 0
ntike 4 0
parabolas 1 0
devastating 1 0
sprachloser 2 0
urgeons 6 0
anstoessig 7 0
incompetent 13 0
ditions 10 0
ayflower 3 0
investigate 23 0
irreligious 12 0
hysical 6 0
devastation 15 0
ironlike 1 0
obilien 3 0
arold 9 0
seedwheat 1 0
arole 2 0
equid 1 0
penanced 1 0
rosebuds 1 0
appendices 8 0
neuentdeckten 2 0
wighte 5 0
nfralapsarians 2 0
equip 9 0
radiation 3 0
wehte 4 0
wights 1 0
auptwerk 1 0
velletrischen 1 0
aroma 8 0
assementarbeit 1 0
stellten 12 0
flirretst 1 0
theless 3 0
fiercest 8 0
trengthen 1 0
firelock 1 0
lmagest 6 0
mastodon 3 0
lightnin 1 0
unwashed 8 0
demureness 1 0
sandten 1 0
aidios 1 0
erwilderung 1 0
euerzeug 1 0
consolidated 10 0
oemerin 4 0
sieves 2 0
rmoric 2 0
oetzens 1 0
nadenschuesse 1 0
owards 34 0
iskredit 1 0
chwarzkuenstler 1 0
neumatics 2 0
disembarked 2 0
acburney 2 0
tanks 5 0
aiding 10 0
enignely 2 0
scowls 1 0
ueton 1 0
ersonally 7 0
adornments 4 0
acquaint 51 0
stammen 1 0
merble 1 0
stammer 3 0
ohiaku 3 0
retaind 2 0
amazing 42 0
gliness 1 0
longevity 3 0
hizten 1 0
nstehung 1 0
adrigal 2 0
pecked 4 0
uetif 2 0
authoritative 19 0
rbeitsamkeit 1 0
haeltst 13 0
eremanno 1 0
efractions 1 0
verwahrte 4 0
townsman 8 0
roficient 1 0
herberow 6 0
toadstools 2 0
tange 3 0
riticism 9 0
tilton 3 0
ausgerufenen 1 0
ingularity 2 0
hineingehoeren 1 0
blacksmiths 3 0
arper 10 0
arpet 1 0
erherrlichung 1 0
orrections 2 0
ppertinent 1 0
unlicked 1 0
achthundert 1 0
unner 1 0
shaped 86 0
shapen 25 0
dvertizer 1 0
ergwueste 1 0
shapes 94 0
schmecken 9 0
uebereinkommnissen 1 0
oodhouses 1 0
geradesten 2 0
riplex 1 0
umfasst 7 0
genugsamer 1 0
genugsames 1 0
genugsamen 3 0
fiercely 34 0
filters 4 0
abhielten 1 0
omerset 15 0
lacebo 7 0
attested 33 0
uebernimmt 4 0
vizor 1 0
frappantesten 1 0
ethapt 1 0
ussboden 4 0
lumenzacken 1 0
sophidian 1 0
dvise 3 0
andesoekonomie 1 0
gelassene 6 0
ghoul 1 0
geistlich 3 0
unnon 1 0
creetur 6 0
wehet 2 0
estricken 2 0
weher 1 0
schrecklichste 3 0
tante 2 0
ewirtschaftung 1 0
eneralaussicht 1 0
beschlaegt 1 0
tanto 2 0
verschloss 9 0
ghost 142 0
beziehe 1 0
mherwandelnden 1 0
angulo 3 0
bezieht 6 0
elassenheit 14 0
interlude 2 0
obance 1 0
chmuckes 1 0
clarifying 1 0
equalling 3 0
ssuing 1 0
orerunner 1 0
demanders 2 0
ueberdraengten 1 0
ejahen 1 0
anstrengte 2 0
sighting 1 0
tants 1 0
ermuten 3 0
beiseiteschob 1 0
fortenight 2 0
draped 18 0
theoretical 3 0
bereinigen 1 0
tapferen 1 0
ponderously 1 0
tapferer 2 0
tapferes 1 0
ungeheuere 2 0
raquaire 1 0
climbing 40 0
delicieuse 1 0
rosebush 3 0
commixtam 1 0
eldenmuts 1 0
propitiated 6 0
spiritually 6 0
ekenne 1 0
effigies 5 0
awanny 3 0
tiefinnerlich 1 0
entrenchment 1 0
obility 11 0
draper 6 0
gesunken 7 0
yrtenwald 1 0
aidike 2 0
unverdienter 1 0
unverdientes 1 0
geschriebenen 3 0
onstitutions 28 0
geschriebenes 3 0
andlanger 1 0
geregeltes 1 0
llustrium 1 0
heogitons 1 0
uskateller 1 0
tempest 58 0
andelsfreund 1 0
orgenfluegeln 1 0
zurueck 319 0
inerlei 1 0
ragging 2 0
ergehen 13 0
peckin 1 0
wegzuschleichen 1 0
euphorbia 1 0
ungeheuern 15 0
floesste 3 0
einfarbigen 1 0
bestehst 2 0
tilted 22 0
tempers 26 0
almasius 2 0
gedruckt 10 0
uette 15 0
verwendeten 2 0
herons 4 0
olitique 1 0
erechnung 2 0
wichtigsten 9 0
widerspenstig 1 0
elbstmordes 1 0
caesura 2 0
erschallten 1 0
broadcloth 5 0
ablehne 1 0
wumman 2 0
everlasting 63 0
laccus 1 0
esitztum 7 0
inienwaeldchen 1 0
thoughtfulness 6 0
revives 2 0
taette 8 0
auerweiber 1 0
faellt 58 0
revived 51 0
symbolischen 1 0
herauszufuehlen 1 0
zieht 60 0
squareness 1 0
eminoff 1 0
shoving 1 0
allergnaedigster 1 0
eminofs 1 0
gleesome 2 0
ompelleth 1 0
ompanioned 1 0
soviel 59 0
quirrel 1 0
tardy 7 0
ourangeau 2 0
foliage 49 0
ziehn 12 0
ziehe 13 0
flyeth 1 0
gelaeutert 1 0
softening 12 0
anagawa 1 0
apturing 1 0
rundet 1 0
praechtiger 6 0
oanzige 1 0
praechtiges 1 0
ighlands 20 0
reunite 3 0
runder 3 0
rundes 4 0
orthodoxy 19 0
praechtigen 15 0
rundel 3 0
rundem 1 0
stenches 1 0
runden 13 0
pontiffs 2 0
luckiest 2 0
oanzigs 1 0
reparations 11 0
chelle 4 0
inquisitive 21 0
merkwuerdige 11 0
usamoto 1 0
hurly 5 0
memento 5 0
tacheln 4 0
revival 70 0
oldstueck 5 0
rrested 1 0
escheidenheit 27 0
arrys 1 0
doubtin 1 0
tierisch 1 0
gezieret 1 0
iigata 22 0
psychical 5 0
irtlein 1 0
relieving 25 0
divided 291 0
noedel 2 0
pear 13 0
peas 15 0
peal 9 0
shavah 1 0
divides 29 0
ampanus 1 0
unaufhoerlich 7 0
peat 17 0
beschwichtigen 3 0
epetition 2 0
peak 43 0
pastoral 35 0
unwissend 6 0
ermordeten 2 0
ngreifenden 2 0
irection 43 0
pede 1 0
harbouring 2 0
hobbyhorse 2 0
angedeutet 4 0
umherschlingt 1 0
hatelet 4 0
heroes 60 0
hurii 1 0
hateley 1 0
benteur 1 0
tarin 1 0
berstender 1 0
berstendes 1 0
ceased 226 0
eichenbestattung 1 0
huris 1 0
tanner 2 0
peck 14 0
tarke 1 0
recurrence 6 0
tanned 15 0
ziert 4 0
doubtes 1 0
atadore 1 0
injures 7 0
doubted 115 0
prevalency 1 0
shaved 16 0
versaeumen 13 0
injured 98 0
prevalence 22 0
peep 20 0
dauerhafte 1 0
eurbach 2 0
peer 37 0
shaven 20 0
shaves 1 0
injurer 1 0
peed 8 0
cabman 1 0
enedight 1 0
herbeirueckte 1 0
kickin 4 0
betaken 3 0
esantinou 1 0
peel 3 0
ceases 59 0
peek 1 0
propositions 66 0
requiring 56 0
befit 3 0
aventures 5 0
retains 26 0
tares 8 0
galling 11 0
hinterdrein 4 0
arrow 63 0
orfeared 1 0
anderers 2 0
arrot 6 0
arron 1 0
anrufend 1 0
praesidentis 1 0
onception 15 0
sychometry 1 0
nsichtbar 2 0
tared 1 0
pegs 10 0
aufgeputzten 1 0
nwuerdigkeit 1 0
atteaus 1 0
inselstrichen 1 0
eatifikation 1 0
etceteras 1 0
eligkeiten 5 0
ecclessiastici 1 0
laccid 1 0
heroin 1 0
irises 2 0
vociferous 2 0
heroic 67 0
ittenprediger 1 0
hotness 1 0
tannin 1 0
wepten 1 0
vollgedraengt 1 0
oenobites 1 0
zuriefen 1 0
ignotius 2 0
ungewohnten 4 0
fevers 8 0
rarely 142 0
ungewohntes 2 0
aronets 1 0
denominate 7 0
zieme 3 0
emerkung 21 0
shavin 2 0
parlance 5 0
hurling 10 0
targe 5 0
spuerten 1 0
ziemt 8 0
working 267 0
hurch 846 0
abaoth 1 0
extractions 2 0
draussen 27 0
chagrin 16 0
bewilders 2 0
chelte 1 0
ziele 1 0
kicked 43 0
injuria 1 0
peis 2 0
wners 10 0
abaout 5 0
mbarrassment 1 0
reunion 23 0
befel 1 0
circlets 1 0
pell 5 0
digesting 3 0
relegation 1 0
dagegen 123 0
nektarischen 1 0
cuddles 1 0
ngeschriene 1 0
pelt 3 0
ncomplete 1 0
arriere 1 0
premiers 2 0
drizzling 4 0
betaeubte 3 0
husch 1 0
pelf 1 0
aturane 1 0
apprentice 19 0
comique 1 0
tausendfadig 1 0
erklaerten 7 0
unpretending 5 0
begat 6 0
apphic 1 0
began 1220 0
ahlkopf 2 0
thundering 18 0
teratodes 1 0
bamboo 54 0
begab 25 0
anzogen 2 0
chymical 1 0
cuddled 1 0
ustbarkeit 10 0
peke 5 0
taffords 1 0
penn 1 0
anomaly 6 0
vergeblicher 2 0
destestable 1 0
chaplet 3 0
indfaden 2 0
arson 42 0
oncezione 1 0
pens 18 0
iscreet 4 0
pent 11 0
hairdresser 5 0
rstarrt 1 0
digestion 20 0
vergeblichen 5 0
caleche 1 0
unklere 1 0
ampania 1 0
trillion 4 0
retention 1 0
eimlich 1 0
pend 2 0
suckers 6 0
guaranteeing 1 0
gehinderten 1 0
dispositions 31 0
relegating 1 0
luxions 1 0
shaping 9 0
ffended 1 0
trilling 3 0
hinunterrinnen 1 0
pithet 2 0
arsit 1 0
taetig 22 0
oliviers 1 0
comparentiae 1 0
orgave 1 0
subsided 39 0
lcest 1 0
rarest 7 0
einmal 560 0
subsides 2 0
abolishing 12 0
reproduc 1 0
retentive 4 0
kleptomaniac 1 0
aarlocken 2 0
merald 3 0
disgustful 1 0
hatelys 1 0
rundum 1 0
uswanderung 1 0
pert 6 0
asking 150 0
pern 13 0
vielversprechend 1 0
pero 1 0
ostquam 1 0
ontroversia 1 0
pera 16 0
hibiscus 5 0
peri 2 0
studiously 13 0
perk 1 0
pere 1 0
pharmacies 1 0
wonted 11 0
ollateral 1 0
mpere 1 0
xtremities 2 0
vaquero 1 0
ueberbildet 1 0
gravely 62 0
uardian 17 0
premiere 2 0
inquisitife 1 0
taetet 2 0
ailroad 10 0
empoverish 1 0
seclude 1 0
onosyllable 1 0
typical 22 0
raeunchen 1 0
ebronianisme 1 0
taeten 4 0
pets 5 0
achgefuehl 1 0
arser 8 0
arsen 5 0
assassination 9 0
wrists 20 0
onservenbuechse 1 0
frofer 1 0
glutton 7 0
sinunt 1 0
arses 2 0
turnpike 16 0
ertiefungen 3 0
lockten 2 0
pest 8 0
ergreifen 10 0
peso 1 0
issenter 1 0
tunities 1 0
digestifs 1 0
geputzt 10 0
explicite 1 0
slabbed 1 0
seither 2 0
geruhig 4 0
valuable 242 0
freethinker 2 0
footpaths 2 0
methods 151 0
guenstigsten 2 0
winesap 1 0
erfoderten 2 0
onclusion 21 0
overshadows 3 0
equatorial 5 0
undergarment 1 0
crimson 37 0
tself 12 0
absurdly 15 0
anomalous 4 0
tushes 2 0
pulchral 1 0
hinaufschlingt 1 0
peut 3 0
organs 68 0
suffers 45 0
wreckers 2 0
peus 1 0
egengift 3 0
nachrucken 1 0
compartments 7 0
leidanus 1 0
uenfundzwanzig 1 0
memorialist 1 0
permanent 146 0
berflaeche 13 0
infested 18 0
offenbarend 1 0
adscriptum 1 0
cheldt 1 0
versaeumte 5 0
aufgfordert 1 0
emulate 6 0
conexions 1 0
rlangte 1 0
placuerit 1 0
arsaw 1 0
chelde 3 0
sufferd 22 0
organg 3 0
unassuming 5 0
gravest 13 0
rookes 2 0
koestlich 14 0
railed 3 0
ustralia 4 0
pews 6 0
revivin 1 0
railer 1 0
hurts 22 0
gewgaws 4 0
sleepless 18 0
eerenge 3 0
reminiscences 6 0
thrusting 9 0
alburnum 1 0
hurte 1 0
arsch 4 0
unterschied 8 0
zurufen 1 0
inquisition 14 0
egisseurs 1 0
railes 1 0
hurso 1 0
hingefuehrt 3 0
unishments 9 0
rhenkten 1 0
bearled 1 0
rooked 1 0
durchschnitten 7 0
vermitteln 1 0
abzusehen 2 0
assassinating 1 0
indstoss 3 0
glad 521 0
hurry 102 0
ucharistic 1 0
kyked 1 0
taylors 1 0
verziert 12 0
wainscotings 1 0
recision 1 0
sittlicher 4 0
sittliches 2 0
urposing 1 0
coverlet 2 0
sittlichem 2 0
sittlichen 21 0
doocid 1 0
dvertiser 43 0
einverstanden 1 0
emerktes 1 0
droppers 1 0
heitre 2 0
commotions 4 0
authentick 6 0
uerwahr 3 0
izekoenig 4 0
railin 1 0
iegenhirten 1 0
chneid 1 0
beene 2 0
eligous 1 0
frendeet 1 0
propensity 28 0
hepperd 1 0
kyken 1 0
creme 2 0
ettling 2 0
aendel 23 0
aenden 91 0
fortzuwinden 1 0
aender 29 0
aeolian 1 0
femmes 1 0
drains 8 0
superfluously 1 0
traulich 4 0
artificium 1 0
gled 1 0
glee 14 0
gleg 5 0
oskins 2 0
coverlid 1 0
glei 15 0
oyager 1 0
glen 5 0
oyages 7 0
astard 3 0
diocesan 21 0
glib 4 0
radishes 4 0
designated 24 0
erwaehnt 8 0
purgatory 8 0
designates 3 0
serviceable 36 0
ogreish 2 0
erwaehne 4 0
oolidge 1 0
ausspioniert 1 0
creep 46 0
mastoid 1 0
astart 7 0
beeil 4 0
ervorum 1 0
consanguinity 3 0
urfaces 1 0
beneficial 89 0
roenungszeiten 1 0
relatively 14 0
seminarists 1 0
quarellzeichnungen 1 0
besetting 1 0
fangen 26 0
additional 314 0
editorials 1 0
unvermerkt 19 0
fanged 1 0
onservatives 10 0
eunouchos 1 0
antoeffelchen 4 0
erwaehlt 7 0
glutted 2 0
dispossession 1 0
droppeth 1 0
ollebuck 3 0
sensualist 6 0
tuarts 6 0
erwaehle 1 0
tratton 4 0
betraechtliche 1 0
ifficulties 35 0
belfry 3 0
sensuality 17 0
fanget 1 0
glio 1 0
hilarchus 5 0
esitzung 2 0
wardenship 12 0
fusions 1 0
digestive 14 0
erhaertung 1 0
existance 1 0
concreted 4 0
subterraneous 1 0
pfer 15 0
ueberschwenglichen 2 0
latonismus 4 0
riverbed 2 0
adversely 1 0
creak 4 0
pfel 5 0
cream 13 0
interplanetary 4 0
itterwerke 1 0
petticoats 13 0
ustigste 1 0
sazwischen 1 0
ascribing 5 0
surpator 1 0
pageants 1 0
speculations 46 0
zusammenzunehmen 1 0
nterbrechung 2 0
credo 2 0
writhe 2 0
vielfach 7 0
disinherited 5 0
creek 28 0
ondsichel 1 0
gatherer 11 0
hernes 1 0
creed 49 0
heruntergefallen 2 0
together 1378 0
ustification 22 0
losgebundenen 1 0
chompin 1 0
pensando 1 0
rinkende 1 0
writin 1 0
atonem 1 0
herbeizuschaffen 2 0
gathered 194 0
proconsuls 3 0
gneiss 8 0
atoned 6 0
ermaekeln 1 0
anzoege 2 0
chnell 12 0
scrimmage 3 0
francais 4 0
ppretiation 1 0
imalaya 1 0
umphrey 5 0
tablecloth 6 0
fathoming 2 0
ransack 2 0
railty 5 0
stossen 12 0
teamsters 1 0
astound 1 0
ransact 2 0
reiersmann 3 0
emovals 1 0
inship 3 0
ruenden 13 0
admonitions 1 0
ruendet 1 0
ackofenhitze 1 0
zehntausend 2 0
atones 1 0
apacity 22 0
arhchegoz 1 0
auseinanderfiel 1 0
breezy 6 0
cables 11 0
isease 7 0
onsonant 1 0
breeze 62 0
hilipps 3 0
ageshitze 1 0
cabled 4 0
hilippi 2 0
sphodelen 1 0
ousted 4 0
lasschrank 1 0
hilippa 10 0
umhalst 1 0
glow 62 0
hilippe 13 0
ffences 8 0
apping 2 0
stalking 23 0
neatest 3 0
gesunden 10 0
onsistency 2 0
unwatched 1 0
cordeth 1 0
leuchteten 2 0
insuring 4 0
atonis 1 0
badged 1 0
concretes 1 0
durchgeheilt 1 0
writen 7 0
hernia 1 0
badger 2 0
badges 8 0
beech 15 0
gesunder 4 0
gesundes 3 0
gesundet 1 0
tidbit 1 0
writer 259 0
writes 73 0
prophezeitet 1 0
ichibu 1 0
straught 1 0
otonda 2 0
collegians 2 0
glue 6 0
besinnend 1 0
starksten 1 0
gaudet 1 0
oesegeld 2 0
liance 1 0
envelop 4 0
glum 3 0
appily 16 0
ncroachment 1 0
shadoweth 1 0
getroesteten 1 0
gauded 1 0
allmaehlich 11 0
sticking 30 0
internisse 5 0
eniali 1 0
mutilated 14 0
uebereifrig 1 0
fiddler 5 0
fiddles 2 0
untsville 1 0
raurigkeit 9 0
aubourg 5 0
ohlverhaltens 1 0
marvailles 1 0
sorgenvolle 1 0
ntiquity 3 0
witzerland 92 0
programs 6 0
inflicted 63 0
obscur 1 0
unwert 2 0
ktricen 3 0
tappe 1 0
andraengte 1 0
entschiedenern 1 0
bananas 4 0
beriefen 1 0
zugehoeren 2 0
uneral 7 0
witserland 2 0
raduate 3 0
ahrbucher 1 0
lianas 2 0
measurements 16 0
zuzuschlagen 1 0
verschwunden 35 0
glut 4 0
ncapacity 3 0
harakter 107 0
arrod 3 0
befal 2 0
ountiful 1 0
afterward 95 0
andstande 1 0
xpressions 22 0
inside 182 0
enschensinn 2 0
plaisant 1 0
schwerem 5 0
schweren 23 0
argumentative 6 0
dilating 5 0
restrain 79 0
telleth 16 0
thereunto 6 0
crews 5 0
omplain 5 0
tapir 4 0
schwerer 13 0
schweres 3 0
heiter 48 0
rmorica 2 0
channels 39 0
ruchtstaub 1 0
hinagawa 2 0
affenklang 1 0
verziehe 1 0
arriv 12 0
anyons 12 0
tellers 7 0
arris 30 0
tecknadel 2 0
taple 21 0
ieraten 4 0
geschmueckt 17 0
sidings 1 0
kriegerischen 4 0
laetschern 2 0
llerheiternde 1 0
austus 7 0
aterschaft 4 0
indifferently 46 0
appier 1 0
unpurchasable 1 0
artificial 74 0
dilation 1 0
livenwaeldchen 1 0
astidiousness 1 0
iebenswuerdigster 1 0
olverhampton 2 0
ouston 19 0
masterwork 1 0
chronological 8 0
cosmopolite 1 0
durchblicken 2 0
einundfunfzigsten 1 0
unreason 2 0
devisest 1 0
retaken 4 0
dioceses 19 0
prefix 5 0
suesser 13 0
iebenswuerdigsten 1 0
radiates 1 0
suesses 3 0
ambulatory 1 0
stickier 1 0
unwell 9 0
grammar 18 0
suessem 1 0
suessen 39 0
beets 3 0
aushaltung 16 0
reminiscence 6 0
radiated 6 0
disliked 39 0
glimpflich 2 0
cress 1 0
deviseth 1 0
crest 30 0
lectress 1 0
ugenbrauen 5 0
temples 109 0
weggebrochen 1 0
dungaree 2 0
beschaeumten 1 0
dislikes 20 0
unhoerbare 1 0
afrisk 1 0
reparedness 2 0
unweld 1 0
uchtest 1 0
igeunerreichs 1 0
verkneifen 1 0
anyone 83 0
beschwichtigte 1 0
pfui 2 0
arrer 9 0
elinas 3 0
arres 1 0
arrel 10 0
elinan 5 0
arren 120 0
conspiring 4 0
iskussionen 1 0
buendig 1 0
arree 3 0
substitute 33 0
widertoente 1 0
uhmredigkeit 1 0
sundren 1 0
mediaveal 1 0
arret 3 0
overnments 64 0
witnesses 64 0
witnessed 74 0
expends 59 0
weggeschleppt 1 0
gloominess 1 0
gmacht 2 0
oenche 6 0
entgegenheben 1 0
ncyclopaedists 6 0
portsman 2 0
raepossession 1 0
vivacious 5 0
gepluendert 2 0
pointments 1 0
seniority 4 0
collegiate 7 0
cataclysms 2 0
bizarre 1 0
lawyers 111 0
prefer 191 0
egeneinander 1 0
zugehoerte 1 0
rittler 1 0
savageness 5 0
errgott 8 0
egenwetter 2 0
expence 46 0
exponent 7 0
forbeare 1 0
nternationalism 1 0
templar 1 0
passiveness 2 0
accidents 61 0
indifferentist 2 0
randenberg 1 0
breadstuffs 1 0
roserpine 7 0
flehentlich 2 0
ontreal 12 0
roserpina 3 0
fiddlin 2 0
rmorike 1 0
forbears 4 0
aggravations 3 0
arran 1 0
arrak 1 0
baenglichen 5 0
orridors 1 0
anfasst 2 0
beistand 1 0
drappers 1 0
nstitution 19 0
array 118 0
arraz 9 0
beers 2 0
teenkirks 1 0
arrar 2 0
antechambers 1 0
arras 1 0
anfasse 1 0
crepe 14 0
argumentation 5 0
munsie 2 0
tercelet 7 0
crept 86 0
elinda 3 0
ninepin 2 0
aiming 20 0
taten 24 0
vague 111 0
civility 69 0
tater 4 0
tates 927 0
geboten 5 0
tatet 1 0
extrordinaries 1 0
atmosphaerischen 1 0
insehn 3 0
soars 5 0
buendelweis 2 0
olemnely 3 0
reconcilement 1 0
lmanackorum 1 0
sommes 1 0
vollendete 6 0
lighting 30 0
aruba 2 0
corselet 1 0
vollendest 2 0
tirnfalten 1 0
rster 39 0
rstes 21 0
helpfulness 2 0
rsten 2 0
unten 52 0
coorbatch 6 0
omparison 12 0
rtaban 1 0
prestantissimi 1 0
unter 878 0
untes 1 0
bombshell 1 0
cruellest 3 0
biteth 1 0
aturday 108 0
beweget 1 0
nebenaus 2 0
indulgence 55 0
bewegen 44 0
ruehen 1 0
versagend 1 0
willigte 6 0
ergkronen 1 0
ecover 1 0
executions 4 0
azelle 15 0
ispaniola 1 0
azella 3 0
rueher 2 0
imposture 9 0
unbeautiful 1 0
insels 2 0
repetitions 9 0
discords 11 0
boudoir 4 0
grammes 4 0
iburce 12 0
roemisch 2 0
escuer 1 0
preponderates 4 0
denouncings 1 0
gefahrvollen 1 0
aussah 7 0
superinduce 2 0
uperior 14 0
unbestimmter 1 0
unbestimmtes 2 0
unbestimmten 3 0
moustache 12 0
gesturing 1 0
preponderated 1 0
pirituous 2 0
eiben 1 0
stiessen 4 0
eiber 66 0
lorimonte 1 0
eibes 15 0
curator 1 0
aschengelde 1 0
behol 6 0
ofbauer 1 0
verwehrt 1 0
euchte 1 0
romfield 3 0
ichern 1 0
spekulierenden 2 0
edouins 3 0
soapy 3 0
absale 2 0
wrongfulness 1 0
heophile 1 0
breeds 19 0
incoherency 2 0
aenade 1 0
nwendig 3 0
outskirt 1 0
ichere 1 0
enevans 1 0
himselfe 14 0
recorder 1 0
escued 1 0
subintroducta 1 0
breech 7 0
ichess 3 0
barnlike 1 0
recorded 70 0
irritation 32 0
mploymt 1 0
rrange 2 0
vultures 20 0
onnenscheine 3 0
reservoir 14 0
gepluenderten 1 0
township 5 0
aesthetic 8 0
elswand 1 0
gestreute 1 0
faengt 25 0
ssented 1 0
tentous 1 0
yearn 3 0
traurigste 1 0
chronicler 3 0
chronicles 2 0
vibrates 1 0
years 2686 0
yeare 2 0
aussen 25 0
pleading 17 0
eodoro 3 0
geschaeftige 6 0
raggedly 1 0
spoiles 1 0
berrying 2 0
gmnt 4 0
chronicled 4 0
yeard 1 0
woodside 2 0
geheimnisreiche 1 0
unermessliche 1 0
yeast 4 0
artyr 9 0
artyn 34 0
genoetigt 34 0
andbuecher 1 0
eftchen 1 0
presenting 38 0
rtifice 4 0
vibrated 6 0
curates 9 0
kraeuselten 1 0
portentous 11 0
insammeln 1 0
kenntnisgewandter 1 0
missguenstig 1 0
ucceeded 2 0
elesenheit 1 0
rederick 78 0
tator 1 0
bwesenheit 36 0
redericq 2 0
wende 6 0
ggressor 1 0
siezed 1 0
austreibt 1 0
eruvians 1 0
igantic 1 0
blushing 20 0
consistory 3 0
enterwoven 1 0
moveable 4 0
circumspect 17 0
twyfold 2 0
bewenden 3 0
spoiled 33 0
ausser 150 0
ausset 12 0
ausgespottet 1 0
wench 12 0
burnished 5 0
deutetet 1 0
spindelduerr 1 0
uedlinburgh 1 0
deuteten 2 0
eliogabalus 2 0
hinausgeschoben 2 0
omponent 1 0
nifles 1 0
unquenched 4 0
wailings 2 0
herumbalgte 1 0
implicitly 28 0
flornes 1 0
mployer 2 0
mimosas 48 0
piecing 3 0
emocracy 31 0
bitties 2 0
insect 43 0
rdiaeus 4 0
mountaineers 6 0
hornton 1 0
tanley 22 0
oericht 1 0
barrels 36 0
expense 890 0
headlands 8 0
faende 12 0
frogged 1 0
llegro 1 0
llegri 1 0
bogging 3 0
mouthed 19 0
efugnis 2 0
herausgelassen 1 0
ttachments 5 0
singled 11 0
versprechen 32 0
farthest 31 0
taerke 59 0
achziegel 1 0
ospital 39 0
rejoicing 34 0
yeald 1 0
zusammenbringt 1 0
casement 1 0
beclap 1 0
istance 40 0
chwenken 1 0
bzuege 3 0
schlafend 7 0
barrens 4 0
acerbity 2 0
singles 1 0
untie 10 0
disavowed 3 0
until 1019 0
garrisoned 8 0
mployee 7 0
cribs 3 0
concession 37 0
buccaneers 7 0
taste 359 0
enannten 1 0
plebeians 3 0
unsre 148 0
fother 2 0
urtgehn 1 0
llama 1 0
beide 166 0
whiskered 2 0
ebenwerk 1 0
eberlasse 1 0
jugum 1 0
nachsaenne 1 0
erblasste 2 0
riviledges 1 0
chlundes 1 0
bouquets 5 0
wegspuelen 1 0
bgeschiedene 1 0
hippogryph 1 0
allzulange 2 0
tasty 1 0
munter 27 0
aussog 1 0
uestigkeit 1 0
denarios 1 0
ergaenzen 3 0
eluebde 28 0
cried 586 0
varying 41 0
inconscious 1 0
eizeiten 1 0
yake 1 0
philanthropies 1 0
abblative 1 0
miserly 12 0
crick 1 0
dmund 11 0
baumelt 1 0
hinabkommt 1 0
avafluesse 1 0
baumeln 2 0
hrysilla 1 0
bedstraw 1 0
ommonweale 1 0
emeteries 1 0
dabehalten 1 0
yana 2 0
auseinandergingen 1 0
arums 1 0
hrewsburys 1 0
yane 12 0
zugewandt 2 0
estimmtheit 5 0
versengtem 1 0
versengten 1 0
fangst 1 0
trachtete 6 0
preist 7 0
dynamiting 1 0
orahnung 1 0
yams 1 0
jestify 1 0
oozes 3 0
prossen 2 0
einzusperren 1 0
ergreihen 1 0
verschiedentlich 2 0
ogami 1 0
bluebird 6 0
defenceable 1 0
herabfallen 1 0
sinset 2 0
logician 2 0
estehen 2 0
oekonomisiert 1 0
rubicund 1 0
visitant 7 0
niedergestreckt 1 0
struggleth 1 0
overseers 27 0
teuermanne 2 0
essarion 1 0
lapperbleche 2 0
miseria 1 0
oozed 5 0
convoke 2 0
hunching 1 0
nstancies 1 0
ebensomehr 1 0
effersonian 1 0
straucht 4 0
schluerften 1 0
yank 5 0
drakes 1 0
strugglest 1 0
scheidenden 5 0
yard 228 0
leinheit 4 0
undreamed 5 0
pressures 3 0
cackles 1 0
akington 1 0
verstorbenen 5 0
musings 2 0
ablegen 6 0
cackled 1 0
hereingesprungen 1 0
gerufen 16 0
verstorbener 1 0
andwerkskunst 1 0
lattin 2 0
jeglichem 1 0
sogenannte 12 0
jeglichen 2 0
echters 1 0
jeglicher 8 0
jegliches 1 0
lamentings 1 0
ogane 1 0
terbacar 1 0
paraphrastically 1 0
iedersehens 2 0
civilize 3 0
aptitude 11 0
unstrung 4 0
erbstes 4 0
cockpit 1 0
gatherum 1 0
hoppin 3 0
ruehmt 4 0
ufmerksam 3 0
vollendend 1 0
destrier 1 0
deathbed 10 0
gnat 9 0
flocculent 1 0
gnau 1 0
escutcheons 1 0
preise 2 0
gnaw 7 0
lexandern 4 0
xists 5 0
oozin 1 0
postmasters 5 0
ilberfische 1 0
iggles 6 0
gnad 1 0
gestampft 2 0
aufstieg 2 0
yarn 33 0
klemmte 1 0
ueckblicken 1 0
frohem 5 0
frohen 17 0
vergrauter 1 0
yave 1 0
esiegten 1 0
unmittelbarer 2 0
unmittelbares 1 0
willigen 3 0
dvancement 11 0
philanthropist 10 0
unmittelbaren 8 0
emocrats 16 0
froher 6 0
frohes 1 0
cientists 1 0
chmeckt 1 0
ndronicus 5 0
orthward 12 0
ischhaken 1 0
ederalist 4 0
ederalism 1 0
yatt 31 0
winnock 2 0
menschenfeindlichen 1 0
thamante 2 0
geaergert 2 0
prayeres 6 0
jesting 14 0
ruehrt 20 0
ettlers 13 0
ettlern 4 0
latten 8 0
rbano 1 0
insert 20 0
okroori 18 0
gauges 1 0
ruehrn 1 0
straeubte 1 0
aruge 1 0
anliess 2 0
rbana 4 0
gnello 1 0
muscovado 1 0
ovation 1 0
yawp 1 0
gauged 1 0
iogenismus 1 0
slishe 1 0
gnes 7 0
yawl 1 0
yawn 16 0
olyaenus 3 0
hopped 6 0
ruehre 1 0
latter 825 0
lattes 1 0
hopper 4 0
unfortunates 1 0
climbers 2 0
verstecken 12 0
crouche 1 0
partake 26 0
ausgesaet 1 0
disenchanted 1 0
portend 1 0
hussy 10 0
abgeschwemmt 1 0
estlessness 1 0
downright 28 0
emerillon 1 0
miswent 1 0
creeped 3 0
underestimate 1 0
canceled 1 0
welve 20 0
ampplatz 1 0
submitted 74 0
lashing 9 0
ondrously 2 0
allegorical 9 0
schmutzige 5 0
unsad 1 0
creepen 1 0
creeper 6 0
eingeflochtenem 1 0
accursed 20 0
aaann 1 0
limmerschiefer 5 0
advertisements 25 0
reiflicher 1 0
climbeth 1 0
overlive 1 0
achsranzen 2 0
artar 25 0
testamentory 1 0
schlaffen 1 0
azarists 1 0
gratuitously 5 0
inckelmann 10 0
roduced 3 0
befestig 1 0
askest 1 0
freundschaftlichste 2 0
orgens 42 0
llipsyprimna 2 0
portent 4 0
creatress 1 0
ausfuehren 12 0
aldwins 1 0
zusammenwohnten 1 0
consignees 2 0
unsch 82 0
resigniert 2 0
tanzende 1 0
muntre 2 0
askets 5 0
reentered 3 0
asketh 9 0
creepie 6 0
unstmittel 1 0
aradiese 12 0
eiberleut 1 0
nmuendigen 1 0
unsupportable 1 0
hestand 2 0
orwaerts 1 0
farseeing 2 0
phex 6 0
eingeschneites 1 0
vertue 1 0
einzutragen 1 0
vorbeigehe 1 0
convoys 1 0
unstable 15 0
galled 11 0
creepin 4 0
vorbeigeht 1 0
gehintert 1 0
hieroglyphic 3 0
convoyd 1 0
ombinations 4 0
osephus 1 0
deletions 1 0
argain 6 0
materielle 1 0
gnof 1 0
unhappily 24 0
cheide 4 0
vorausgesagt 3 0
isagreement 5 0
slitte 1 0
vicissitude 1 0
oolery 1 0
sturias 1 0
unfruchtbare 1 0
verweist 1 0
mortification 38 0
tausendsten 1 0
vaporings 1 0
ifteenth 4 0
ortugese 2 0
steering 21 0
rightness 5 0
demolished 10 0
pyramid 7 0
astonish 22 0
begot 22 0
appointees 3 0
traumartig 1 0
amazement 58 0
harpooned 5 0
leidsaum 1 0
husky 6 0
auslernen 1 0
beschwaetzen 1 0
ueberhaupt 77 0
arsus 2 0
depicts 2 0
ohngefaehr 3 0
arschroute 1 0
straeuben 2 0
ikelihood 1 0
nonage 1 0
steadfastness 16 0
schwaetzende 1 0
gschieht 2 0
iertelstunde 12 0
husks 6 0
tasks 18 0
argafy 1 0
gsessen 1 0
ueberspringen 2 0
ausrat 4 0
phip 1 0
aeuerlich 1 0
harpooner 12 0
roedelkram 1 0
gelegenen 7 0
setztest 1 0
condensing 1 0
monstroses 1 0
begin 413 0
betraying 21 0
orgenlicht 1 0
elbstbehagen 1 0
abschuettelnden 1 0
woodshed 2 0
omplements 1 0
geheuer 1 0
rubbings 1 0
nachschlaegt 1 0
nathelesse 1 0
estehts 1 0
examinierte 1 0
tolberg 1 0
ausgleichen 1 0
strewed 20 0
elipur 1 0
ewtown 1 0
achantinnen 2 0
underspore 1 0
schaltest 2 0
ppetit 11 0
fashionableness 1 0
ncouragement 26 0
verweine 1 0
oegelein 1 0
eiratsgut 1 0
outrigger 5 0
ugbears 1 0
dispositioun 1 0
fuellet 1 0
odestropfen 1 0
organisiert 2 0
unser 234 0
verweilt 6 0
schwarzlockige 2 0
llahs 4 0
gnug 6 0
bestellt 19 0
unset 12 0
handelnd 1 0
cheint 2 0
cheine 9 0
inwendig 15 0
furrowed 11 0
inbildungskraft 128 0
beget 23 0
agdzug 1 0
partans 10 0
reophylus 1 0
ausfuehrte 2 0
fuellen 8 0
urcheinander 1 0
decorous 9 0
versteckte 8 0
chicksalen 5 0
hostility 32 0
anzuschauen 6 0
corduroy 3 0
ripped 7 0
ausgesagt 1 0
gritted 2 0
authorised 14 0
rippel 3 0
husel 1 0
ruggedness 3 0
cancelli 1 0
ganokawa 1 0
porters 5 0
ucumber 1 0
ablegte 3 0
phos 1 0
eidelburg 1 0
authorises 2 0
newfangleness 3 0
unfoermlicher 2 0
zerbricht 2 0
unfoermliches 4 0
tunnelled 1 0
gnus 2 0
unfoermlichen 4 0
paziergaenge 11 0
niversale 1 0
saddling 1 0
entfaellt 1 0
naehertritt 1 0
raghimmel 1 0
ungewohnte 2 0
acetic 9 0
nachahmten 1 0
coherent 7 0
unctuality 2 0
sprachlose 3 0
honorables 1 0
haracteristick 2 0
arton 50 0
middest 2 0
onductor 11 0
encouraged 147 0
phra 1 0
belegt 2 0
odenkammer 1 0
bewegte 32 0
phre 1 0
alchemist 12 0
tearless 4 0
handelst 2 0
overlies 3 0
uhoererinnen 1 0
schaetzbar 2 0
ersammlungen 5 0
tarry 30 0
zurueckstossen 2 0
pities 6 0
cooperate 15 0
orbergs 3 0
overcome 121 0
persecutors 3 0
shatin 1 0
besitzet 1 0
esteins 2 0
besitzen 34 0
uebermaessig 6 0
pitied 32 0
pianofortes 1 0
arithmeticians 1 0
altimore 130 0
enignity 2 0
civilian 6 0
handelte 3 0
ocaccio 1 0
hutch 1 0
behet 1 0
workboxes 1 0
behew 1 0
orvordern 1 0
disavowal 3 0
enemies 336 0
honoring 1 0
elltuere 1 0
facsimiles 1 0
ooleet 1 0
greifend 1 0
tarts 3 0
gallon 10 0
gallop 46 0
segashuate 1 0
vertraulichen 10 0
nderneath 4 0
vertex 1 0
vertraulicher 2 0
vertrauliches 1 0
redentials 2 0
garlanding 3 0
written 804 0
generate 7 0
kichel 2 0
uerstenbergischen 1 0
dysentery 6 0
angestrengteste 1 0
verted 1 0
belebt 37 0
gesungen 13 0
ripple 14 0
agazitaet 1 0
roportion 44 0
orahnungen 1 0
gallup 2 0
tarns 1 0
artly 12 0
renouncing 5 0
hellerleuchteten 2 0
kosten 15 0
atolls 1 0
answurst 5 0
zusammengebundene 1 0
kostet 7 0
encourager 1 0
ueberhang 1 0
encourages 34 0
gradual 68 0
ruchtbares 1 0
schlummernde 2 0
chattenseite 1 0
behav 2 0
overeignties 1 0
dichten 3 0
herausstreichen 1 0
dichter 6 0
ueberhand 1 0
welch 39 0
rochaeta 2 0
deviates 2 0
aturzustande 1 0
erfections 4 0
hortness 1 0
artha 57 0
cheibe 3 0
weather 265 0
benachbarten 23 0
deviated 5 0
devolving 2 0
herunterkommen 1 0
gurgling 7 0
arths 2 0
goal 76 0
esuits 161 0
magnets 1 0
unconfined 1 0
unning 26 0
rydone 2 0
goat 54 0
anschaun 1 0
heroun 1 0
olognese 2 0
artie 10 0
anschaut 2 0
recoiled 12 0
gemischt 19 0
goad 8 0
substantially 8 0
phyl 2 0
galley 6 0
fuellte 11 0
mittelpunkt 1 0
artin 127 0
awnings 5 0
combatter 1 0
freight 31 0
gods 291 0
artig 42 0
olognesi 1 0
artii 1 0
undiminished 11 0
olitisch 1 0
consommation 1 0
ausbreiteten 4 0
meiden 2 0
schauderten 1 0
generals 45 0
trokes 4 0
intimated 21 0
generali 1 0
observ 26 0
filter 2 0
eligionists 1 0
intimates 15 0
ifference 46 0
hoguns 6 0
nachholen 1 0
etrachten 5 0
arbeitsamer 1 0
etrachter 1 0
begun 233 0
ilwinning 1 0
envenom 1 0
ssonanzen 1 0
generale 3 0
conspicuous 52 0
arnagie 4 0
wegzugehn 2 0
pointment 1 0
umaine 1 0
goer 3 0
goes 412 0
ratioque 1 0
destines 4 0
anymed 2 0
mulattoes 4 0
erhaltungsbefehle 1 0
selfconsciousness 1 0
favours 43 0
destined 154 0
painstaking 5 0
prohibitions 23 0
arten 114 0
hamblee 3 0
covering 78 0
artel 2 0
doppeltes 4 0
runkschiff 1 0
rieftraeger 3 0
artei 12 0
arted 1 0
crimped 2 0
doppeltem 1 0
doppelten 11 0
festhaelt 2 0
filthy 19 0
floating 76 0
doppelter 3 0
effingwell 2 0
incongruities 4 0
chottland 1 0
wells 33 0
arter 36 0
artes 3 0
arlsbader 1 0
artet 1 0
cabins 17 0
filths 1 0
ncivilised 1 0
arlsbades 1 0
overcoat 15 0
aufgeweckter 2 0
welle 4 0
beckon 3 0
palpitate 1 0
ourning 5 0
immigrated 2 0
etrachtet 2 0
welkt 1 0
weakned 1 0
versinken 5 0
tranquilized 1 0
tenance 1 0
sprouting 7 0
pick 99 0
ourtship 3 0
anlachen 2 0
worunter 8 0
vielerlei 16 0
fraternize 1 0
avoidance 4 0
begruben 2 0
exigible 4 0
pice 3 0
uester 6 0
eschraenktheit 2 0
utolycus 1 0
uesten 21 0
chlund 3 0
astilians 6 0
subigitoque 1 0
goin 45 0
eometers 1 0
ambert 5 0
degant 1 0
fearless 29 0
gepudert 1 0
piff 2 0
amberg 24 0
gold 991 0
gole 1 0
malison 3 0
golf 1 0
pier 20 0
pies 23 0
rechtfertig 1 0
piel 65 0
blotchy 2 0
comradry 1 0
odesschweisse 1 0
artistic 38 0
ilbenmassen 1 0
betagen 1 0
pied 2 0
moegest 2 0
wegzuruecken 1 0
iffused 1 0
arwell 2 0
tallraeume 1 0
lectorship 1 0
oganenqual 1 0
gony 1 0
ycas 1 0
unreaped 1 0
erzeihung 9 0
onjuncture 1 0
taves 2 0
commendams 1 0
chlafsucht 1 0
herauseilte 1 0
bschnitt 1 0
good 5304 0
faithful 187 0
pigr 1 0
uertlers 1 0
gong 8 0
grizzled 8 0
pigs 42 0
skeleton 27 0
leidchen 1 0
herzoglichen 1 0
angebotenen 2 0
schenhuegel 1 0
adoration 12 0
suspecting 23 0
iechtenstein 2 0
bestrebest 1 0
piga 1 0
ausharren 1 0
gone 1045 0
erichtsverhandlung 1 0
treuer 9 0
treues 6 0
herangekommen 5 0
idelity 13 0
uestio 2 0
treuem 1 0
treuen 16 0
clinging 34 0
vermeint 2 0
representation 116 0
faehiger 2 0
oshaftigkeit 1 0
bigitty 1 0
multiply 62 0
embrasures 2 0
faehigen 1 0
aeuler 3 0
aeulen 44 0
multiple 46 0
enchantments 5 0
rioress 6 0
apostles 23 0
nachsehe 1 0
artistes 1 0
aurels 4 0
verdingen 2 0
artistry 1 0
ewmarket 2 0
pile 84 0
andaechtige 3 0
accomodatus 1 0
fraternise 1 0
gosh 1 0
pill 6 0
ycee 3 0
uprightness 6 0
unnuetze 2 0
vermeide 2 0
herausputzen 1 0
uerstensohn 2 0
gory 3 0
onovan 1 0
pollutions 1 0
willkommner 1 0
piki 3 0
pike 16 0
ausgedauerten 1 0
eiden 62 0
gore 9 0
eider 43 0
eides 11 0
radiations 2 0
aufsperrtest 1 0
aurens 23 0
pink 61 0
unstgebilde 1 0
eftsoones 2 0
pine 205 0
urquoise 1 0
ping 4 0
pins 25 0
pint 15 0
hervordrang 3 0
unforgettable 1 0
chluss 15 0
loyalists 1 0
fraternity 8 0
gott 1 0
pina 3 0
reithaupt 1 0
spasiens 2 0
etropolitan 3 0
vorgeworfen 3 0
adultery 10 0
romping 4 0
arefull 1 0
befreite 10 0
zusammenzog 1 0
erkennende 1 0
picture 289 0
goss 4 0
ebaelkfragment 1 0
lamplighted 1 0
officious 10 0
thousand 1264 0
abgeschuettelt 1 0
geboren 52 0
gowd 2 0
unworthie 1 0
ennende 1 0
dunghill 7 0
bruise 6 0
homicide 11 0
pacify 6 0
gown 65 0
abilities 110 0
ollettes 1 0
rowers 3 0
erscheinende 2 0
moegens 1 0
luftig 1 0
pipe 121 0
ycia 1 0
ortritt 1 0
representative 252 0
actress 11 0
normity 1 0
staerken 4 0
pios 1 0
ycho 1 0
plenty 220 0
pion 1 0
staerker 41 0
goum 1 0
piny 1 0
hoogie 107 0
hinausfielen 1 0
gout 17 0
rowess 5 0
eingeholt 6 0
egistrarship 1 0
religieuses 2 0
geborgt 4 0
schlimmer 24 0
incongruousness 1 0
erschmachtenden 1 0
foreigne 2 0
renowned 54 0
ausdaecher 1 0
verpfaendete 1 0
getrosten 1 0
bewonder 1 0
geduldigen 1 0
rschoepfet 1 0
ongregation 24 0
tenancy 1 0
piqu 2 0
frenzying 1 0
damning 11 0
getroster 1 0
anstatt 54 0
impatience 60 0
raditionsbegriffe 1 0
schlimmen 10 0
irschchen 1 0
unedeln 1 0
uerkisch 2 0
pity 293 0
pitz 6 0
pits 18 0
burgher 9 0
choenes 3 0
pitt 1 0
burghes 1 0
iederbegegnen 1 0
bsichten 53 0
whimpring 1 0
pith 10 0
einewand 3 0
zuckend 1 0
orwurf 14 0
pite 5 0
uestus 1 0
piss 4 0
pist 4 0
mbracing 1 0
fusible 1 0
percase 11 0
verlarvten 1 0
nterhalb 1 0
harass 10 0
irreverent 6 0
nterhalt 8 0
eimens 1 0
fangled 4 0
ceedeth 1 0
immigrants 3 0
embroke 5 0
blandly 2 0
gepflegte 1 0
pius 1 0
pium 9 0
umstrickte 1 0
payement 1 0
aureus 1 0
mbarrassments 1 0
roeckeln 1 0
choenen 71 0
hustings 3 0
symmetrically 2 0
regsam 1 0
bichloride 1 0
befreien 19 0
infirmary 2 0
ziemlichem 1 0
ziemlichen 1 0
erzeigen 11 0
palmiest 2 0
aempchen 1 0
ziemlicher 8 0
erfallene 1 0
ufferer 2 0
arnley 1 0
emuehe 1 0
onours 8 0
befreiet 1 0
emuehn 1 0
iebschaften 1 0
verschmerzen 1 0
frailty 17 0
pacing 19 0
achtrag 3 0
rahmas 1 0
palmieri 1 0
zugehe 4 0
asamente 1 0
zugehn 1 0
infuehrung 2 0
gepredigt 1 0
nucleolus 1 0
construed 20 0
offerings 28 0
uebergetragen 1 0
stopcock 1 0
uperbum 1 0
overfloweth 1 0
teilnahmen 2 0
zugeht 6 0
replete 6 0
uardians 6 0
blemish 7 0
finance 18 0
retardierende 1 0
stepfather 86 0
ninety 78 0
treacheries 2 0
encircle 2 0
hilosophen 10 0
efiled 1 0
unshifted 1 0
hilosopher 68 0
alentine 16 0
ycus 1 0
ynergism 1 0
animils 2 0
reconquered 3 0
unkindest 1 0
solemne 3 0
iderwaertigkeiten 7 0
shippe 1 0
alentino 3 0
emuese 4 0
chnuerchen 2 0
humoristische 2 0
urghersh 1 0
gallery 67 0
innehat 1 0
bekam 11 0
emuets 17 0
kuerzeste 2 0
hostage 2 0
wakefulness 3 0
efilde 1 0
squeegees 1 0
emuete 23 0
mportant 3 0
abscheulichen 3 0
hinschleppen 1 0
abscheulicher 2 0
validly 1 0
otillon 1 0
redistribute 1 0
adriatischen 1 0
alvador 1 0
ihashi 1 0
ialekten 1 0
unversiegbare 1 0
chluck 4 0
reyfus 1 0
abgeschlagen 1 0
onoure 1 0
tutorship 2 0
sarcasms 6 0
onslung 1 0
ynergist 1 0
einwenden 2 0
wning 1 0
precarious 33 0
richteousness 3 0
creoles 2 0
fittings 4 0
apernzweige 1 0
landwirtlichen 1 0
hanging 157 0
gebuehrend 1 0
mafficking 1 0
prickled 1 0
ennents 1 0
nathematika 5 0
acgregor 1 0
arwin 93 0
rownhim 1 0
uchsschwanze 1 0
rahmin 12 0
harams 1 0
aufgestanden 16 0
pitalfields 3 0
pointing 67 0
loister 2 0
unbehuelflich 1 0
carols 3 0
reverentially 1 0
reviarium 1 0
socks 6 0
pidgins 1 0
theological 77 0
ovejoy 1 0
overclouded 3 0
countless 23 0
oiling 4 0
missfiel 5 0
prickles 1 0
emiambia 1 0
egriffen 11 0
turies 1 0
auszuschliessen 1 0
haraoh 15 0
arenthetically 1 0
elslager 1 0
adulterine 1 0
kidneys 4 0
helidon 1 0
esetzausfuehrer 1 0
entfuehren 5 0
workhouse 13 0
concealments 2 0
harshest 2 0
editors 16 0
orehead 3 0
spiteful 11 0
staerkte 1 0
einwendig 2 0
vorausgesehn 1 0
arepta 1 0
vaine 1 0
cymiter 1 0
hilosophie 22 0
vocalists 1 0
dearest 65 0
verdienet 2 0
gesundesten 1 0
taugt 8 0
eingetroffen 5 0
verdriesslichern 1 0
computerized 50 0
gewaffnet 1 0
zusammengehaltene 1 0
contradictions 14 0
aumachie 1 0
circuitously 2 0
crisp 18 0
hipman 8 0
taugn 1 0
arthage 18 0
retouched 5 0
aeumen 41 0
altaria 1 0
eprives 1 0
petard 1 0
flocks 82 0
lympische 2 0
mandements 1 0
qualitate 1 0
nocturn 1 0
arvel 2 0
micaceous 2 0
arven 3 0
apitaeler 2 0
gleichstelle 1 0
loungers 4 0
arved 2 0
eichs 11 0
unfatherly 1 0
eicht 6 0
apitaelen 1 0
pinnate 1 0
arkusturm 3 0
arvey 13 0
nullifying 2 0
gesticulating 2 0
arver 1 0
eprived 1 0
freche 5 0
heissesten 3 0
surfeited 2 0
hyillus 2 0
tumultuously 1 0
chestnut 29 0
schmale 6 0
esideria 1 0
uripiden 1 0
uripides 11 0
isparagement 1 0
premeditated 8 0
unmaessige 3 0
ompulsive 1 0
overing 1 0
cious 1 0
ardinals 7 0
lbigensian 4 0
felonous 1 0
turgid 2 0
gesticulation 2 0
fluechtige 7 0
ilcoran 1 0
hipmen 1 0
gabelle 2 0
geringschaetzten 1 0
lulling 1 0
dispensing 7 0
ngenious 4 0
schwererer 1 0
schwereren 1 0
finally 337 0
kyore 1 0
entworfenen 1 0
ntons 1 0
preexistence 11 0
aromatic 3 0
inventive 9 0
ntony 13 0
rsula 3 0
turgis 1 0
tretch 2 0
eiche 22 0
ausgebaut 1 0
palate 9 0
yder 5 0
ausgeht 3 0
ydes 1 0
unuch 2 0
apposite 3 0
ausgehn 3 0
noetige 4 0
eistenteils 1 0
petals 15 0
foppish 4 0
ittelalter 1 0
frained 1 0
hundertzuengig 1 0
pensively 7 0
ormonism 1 0
crazed 4 0
vermoegen 3 0
erhoehte 19 0
erzeigte 2 0
tethneoton 1 0
uesser 5 0
cantelopes 1 0
uesses 3 0
uelfreiches 1 0
uesset 1 0
crips 1 0
uessen 104 0
ccompanied 3 0
noetigt 7 0
indented 6 0
ludicrous 30 0
verdienen 27 0
etterario 1 0
haushaelterischer 1 0
erberian 1 0
niello 1 0
ahrhunderts 13 0
construct 21 0
ennaissance 1 0
yawningly 1 0
andringenden 1 0
onsecrated 1 0
balance 149 0
injected 3 0
mwandlung 1 0
ahrhunderte 8 0
weakening 20 0
exceeded 50 0
lcina 4 0
trandflaeche 1 0
ruechten 9 0
being 4372 0
heggsugg 2 0
balancn 1 0
mussten 69 0
etteraria 1 0
oviziat 1 0
uchstaben 13 0
edizin 2 0
ntosh 1 0
obrede 1 0
shires 1 0
chunks 1 0
chunky 1 0
clematis 3 0
besorg 3 0
crime 243 0
ydia 173 0
abyrinthus 1 0
ydie 28 0
cigarette 22 0
underrated 1 0
computation 8 0
gestaltete 1 0
laminae 1 0
kauila 1 0
warlike 27 0
treten 45 0
inigen 1 0
chunin 1 0
descrive 7 0
ausgebe 2 0
durchbrach 3 0
ompulsion 1 0
geradsinnigeren 1 0
effusions 5 0
verschaffte 12 0
brauchbares 3 0
strawberries 2 0
streitigen 1 0
iniges 1 0
brauchbaren 1 0
confineth 1 0
cries 89 0
follewed 1 0
evelation 12 0
gestaltend 1 0
zunehmende 3 0
bearing 165 0
elieved 2 0
embroil 2 0
entfuehrte 2 0
feldwirtschaftliches 1 0
crien 1 0
crier 3 0
tauld 3 0
capitally 1 0
antidote 9 0
teuflische 1 0
deputies 13 0
rettete 7 0
ebueschen 3 0
umfalln 1 0
eberbleib 1 0
umfallt 1 0
unaffectedly 3 0
hrales 4 0
balsams 1 0
dominoes 5 0
gularly 1 0
balsamy 2 0
usurers 3 0
eliever 1 0
inventing 11 0
bgezogenheit 1 0
aelsen 1 0
ngraver 1 0
paches 6 0
ongodly 1 0
noisome 9 0
constable 4 0
mpire 135 0
ntangled 2 0
rettern 9 0
pithalamion 1 0
wrappings 6 0
asquehanah 2 0
invention 110 0
taunt 10 0
tretis 1 0
tamper 8 0
ackelfalte 1 0
vierfach 1 0
pestered 4 0
uesste 1 0
zeremonienvolle 1 0
etolia 4 0
tatur 2 0
whining 6 0
expended 33 0
ithaeron 3 0
haeuslichen 9 0
ictoria 9 0
betagte 1 0
breaches 10 0
misjudged 7 0
haeuslicher 2 0
haeusliches 3 0
filename 6 0
isservice 1 0
sober 100 0
geirret 1 0
pinnace 2 0
quietest 5 0
ydra 4 0
hintergangen 4 0
participated 6 0
grumbler 1 0
arvus 1 0
grumbles 3 0
uebereinstimmt 1 0
uebereinstimme 1 0
denkender 1 0
herausspinnend 1 0
participates 2 0
bettelte 1 0
grumbled 15 0
imandra 1 0
arlequin 1 0
orristown 1 0
relationship 38 0
denkenden 1 0
chweinestall 2 0
otherways 1 0
geometers 9 0
wehmuetigen 1 0
specktin 1 0
wehmuetigem 1 0
achtsam 1 0
froehlichen 10 0
froehlicher 1 0
froehliches 4 0
ilitia 84 0
procreation 4 0
ewarnt 1 0
pesterin 4 0
pponent 2 0
sensless 1 0
geborne 2 0
exemplified 9 0
alkgebirg 3 0
riosto 10 0
rrgarten 1 0
arbeitet 14 0
arbeiten 24 0
caitif 1 0
rgreifen 1 0
riosts 1 0
zurueckrufen 2 0
niemal 4 0
feinere 9 0
exemplifies 1 0
feinern 8 0
verschoenerte 3 0
exasperated 19 0
nalecta 2 0
rchard 4 0
blanche 1 0
niedertraechtige 1 0
mitgenommen 9 0
anstand 3 0
gewonnene 1 0
carnal 9 0
zweitens 2 0
atherland 2 0
exasperates 2 0
kachektische 1 0
wenig 419 0
reichlichere 1 0
untre 2 0
rebelled 12 0
shpeming 1 0
yeath 2 0
cipio 26 0
unbewussten 1 0
anfinge 2 0
abkaufte 2 0
tampft 1 0
lectrical 4 0
sanftem 1 0
shinbone 1 0
sanften 23 0
tatue 21 0
speculatively 2 0
separated 134 0
histories 35 0
solidern 1 0
sanfter 10 0
erzeihen 8 0
sanftes 5 0
viragoes 1 0
arabesque 1 0
strutting 2 0
difice 3 0
disagree 12 0
iderwaertige 2 0
separates 27 0
reformations 4 0
comrades 33 0
anstach 1 0
subordinate 40 0
ettpolster 1 0
yourselfe 7 0
impostors 5 0
erlauschen 1 0
ausweist 1 0
trohhuetten 1 0
ncomes 1 0
emuehungen 35 0
repayment 18 0
erhoehen 17 0
devious 6 0
voisinage 1 0
tombesteres 1 0
erhoehet 3 0
ewards 3 0
durchwand 1 0
rachbegierige 1 0
mannerist 1 0
irritating 13 0
paradiesische 2 0
smellest 1 0
artnerschaft 1 0
mannerism 6 0
rowning 7 0
identius 1 0
inoffensive 14 0
hipley 4 0
faechelnd 1 0
foundation 191 0
interhaeuschen 1 0
hieroglyphical 2 0
erbrach 2 0
abfeilt 1 0
zusammenstossen 1 0
identity 40 0
eltstadt 1 0
rascally 6 0
wenty 66 0
olksfesten 1 0
roesus 15 0
verscherzten 1 0
rethrens 1 0
trounced 1 0
bruptly 1 0
taubs 2 0
juice 31 0
uhepunkt 1 0
sommeille 1 0
wente 19 0
orschusses 1 0
arkterzeugnissen 1 0
monastery 17 0
verblutet 2 0
juicy 9 0
verbluten 1 0
taube 9 0
ythischen 1 0
rioted 1 0
gleichzeitige 1 0
roeste 1 0
gehangen 2 0
participator 2 0
atzyname 1 0
ouache 2 0
imprisonments 2 0
beleuchtete 5 0
oodrich 1 0
defendant 15 0
uproarious 1 0
ambeth 3 0
ristodem 3 0
pozzit 1 0
irritability 5 0
chwulst 2 0
gesticktem 1 0
geistreich 8 0
gestickten 3 0
evennes 4 0
gestickter 1 0
unaehnlichers 1 0
atastrophen 1 0
berates 1 0
arvis 7 0
depenses 3 0
berated 1 0
cipal 1 0
seinigen 21 0
verschaffen 58 0
alorem 1 0
beraten 1 0
accompaniment 17 0
tenants 45 0
untye 1 0
progenies 2 0
lightsome 1 0
rchitecture 8 0
detachd 1 0
roesse 43 0
grovelled 2 0
aureat 1 0
negociated 2 0
corrigantur 1 0
grammata 1 0
habitat 1 0
ntrod 1 0
year 1685 0
yeah 5 0
hochgeehrt 1 0
ichigan 9 0
chauspielertalente 1 0
olemnity 3 0
doctrinal 9 0
yead 1 0
unangenehmer 4 0
liberals 1 0
redlichem 1 0
redlichen 4 0
unangenehmen 15 0
vernimmt 4 0
weggab 1 0
redlicher 4 0
redliches 1 0
ueberreichen 5 0
packer 2 0
hastenest 1 0
uffers 1 0
packen 9 0
egenpart 1 0
packet 29 0
brutishness 1 0
avalanches 3 0
dishonesty 12 0
esentliche 2 0
hasteneth 1 0
uffern 7 0
sinecure 4 0
admirationis 1 0
hardie 1 0
infantries 1 0
intentness 1 0
bildete 11 0
cornstalks 4 0
fortdauernden 2 0
leonymus 2 0
ephisodotus 1 0
werdn 9 0
auptkuessen 1 0
bildest 1 0
ilippo 2 0
werde 393 0
hipper 2 0
hippes 2 0
misrepresentation 10 0
musician 28 0
eneigtheit 1 0
hinschluepften 1 0
hippen 1 0
erchandizes 2 0
nomads 5 0
leaveth 1 0
arning 4 0
hopping 6 0
doctrinae 1 0
erpassen 1 0
estang 1 0
duskily 2 0
ngesehensten 1 0
gestaeupt 1 0
intrusion 19 0
grammars 1 0
inspirited 3 0
eusten 1 0
feathering 2 0
dematerialized 1 0
inadequacies 1 0
wingend 1 0
elagian 4 0
erquickendste 1 0
instructions 80 0
taxis 1 0
estals 2 0
estalt 211 0
ucullus 1 0
woeful 34 0
hipple 12 0
rixius 1 0
bogspavined 1 0
rammatik 1 0
excluding 22 0
serpent 36 0
unbarmherzigsten 1 0
nnemirl 4 0
rocession 2 0
uditorii 1 0
intrusive 1 0
airngorms 1 0
antecessors 1 0
staggered 31 0
anfing 39 0
hindosten 1 0
crucify 1 0
mettlesome 2 0
yede 5 0
euerwolke 1 0
ookery 1 0
hardly 774 0
neugeboren 2 0
fortstrickend 1 0
ausziert 1 0
geisterhebendes 1 0
ontheim 7 0
ergama 1 0
geisterhebenden 1 0
trenched 3 0
unterbrochenen 2 0
hervorzuheben 1 0
packec 1 0
propinqui 1 0
packed 69 0
idellage 1 0
trenches 18 0
astensonntag 1 0
bathos 1 0
nterdrueckung 3 0
foreweeting 1 0
mploy 3 0
vollstaendige 5 0
apitalists 1 0
maessige 3 0
meditatecf 1 0
royalties 60 0
anfilo 1 0
figurative 4 0
forgeries 7 0
ergamo 2 0
zwoten 1 0
chreibtafel 4 0
arnish 2 0
ebanon 2 0
wuerdigers 1 0
bildend 1 0
liberate 2 0
auptzug 1 0
responding 9 0
kenntlich 4 0
proceedings 79 0
vales 3 0
armelites 8 0
reichste 4 0
ssureth 1 0
reinforced 9 0
taetschelt 3 0
auptplaesier 1 0
ermunterten 1 0
valet 85 0
gesehn 39 0
berichtet 4 0
dirigieren 1 0
disinterment 1 0
tammes 3 0
belud 1 0
usammen 1 0
sandstone 69 0
valid 17 0
inwohnende 1 0
belts 11 0
unternehmen 15 0
omfortless 1 0
figgers 2 0
aloose 4 0
boundingly 1 0
ruederschaft 3 0
unangenehmere 1 0
usikalien 1 0
toeckchen 1 0
berichten 2 0
notenstock 1 0
werga 2 0
habiter 1 0
unangenehmers 1 0
hoarsely 12 0
styptics 1 0
uppenschrank 1 0
worthlessness 3 0
whichsoever 1 0
gladdeth 1 0
lderly 1 0
werft 1 0
ugustinian 9 0
inority 3 0
intellektualische 1 0
anfiel 1 0
onnerstag 15 0
watermillions 5 0
doctrines 176 0
gladdest 1 0
werfe 3 0
belov 7 0
below 761 0
wuetende 4 0
estate 232 0
yelp 4 0
eifen 2 0
uckets 1 0
weren 42 0
chwoerst 1 0
sofas 3 0
yell 22 0
habited 1 0
amphlets 6 0
jhampanis 1 0
paddles 7 0
ottmenschen 1 0
unternommene 1 0
begehrenden 1 0
lantations 32 0
ackernden 1 0
ferocity 25 0
sandstorm 1 0
paddled 6 0
yeou 9 0
harden 11 0
nfringments 1 0
uebergeworfen 1 0
sacrilegiously 1 0
harder 57 0
denkbar 2 0
rollers 8 0
announcers 1 0
derange 5 0
errieten 1 0
terrene 2 0
euerwaffen 1 0
uffell 2 0
derangd 1 0
raeriehuhn 1 0
benumming 1 0
rolleth 1 0
okratische 1 0
adjacent 21 0
streamlets 1 0
ableiten 1 0
uckerl 1 0
pricking 8 0
zugebracht 39 0
yeno 1 0
geschwungen 1 0
rauschen 3 0
raumgestalt 1 0
aloons 5 0
rollest 1 0
werge 5 0
yerd 6 0
yere 8 0
circumambient 4 0
commodore 2 0
erwahrung 4 0
atikans 1 0
wegzulenken 1 0
cclesiarum 2 0
osseau 2 0
palatial 5 0
wechsele 1 0
convocation 9 0
undred 40 0
biassed 1 0
anfaengt 8 0
mitzubringen 2 0
elagius 4 0
gladdens 1 0
shines 27 0
reverberatioun 1 0
meseems 8 0
shiney 1 0
otengericht 3 0
ueberhimmlischen 1 0
gaukelten 1 0
foamed 1 0
shiner 2 0
wellaway 1 0
gray 178 0
rbeit 106 0
beverage 5 0
entablatures 1 0
herumgerissen 1 0
fragenden 1 0
nightingales 3 0
beraubt 20 0
gram 4 0
gran 14 0
nspannung 1 0
structures 19 0
gras 3 0
grat 2 0
grau 9 0
yern 6 0
shined 3 0
flogen 6 0
yers 11 0
describe 160 0
grab 32 0
flambeaus 1 0
grad 13 0
obleman 10 0
battered 16 0
blaulichen 1 0
ichtiges 1 0
presently 171 0
wealthy 79 0
blaulicher 1 0
victimes 1 0
eceuil 2 0
efined 1 0
wealths 1 0
incomplete 75 0
raddish 1 0
venezianische 3 0
yeux 1 0
rranging 1 0
eihwasser 5 0
inarticulate 6 0
incture 1 0
biddings 1 0
coorse 2 0
transcontinental 4 0
sharing 27 0
wealthe 1 0
roepfe 1 0
eradicate 6 0
verdienst 2 0
yeth 3 0
ithuania 2 0
unordentlich 2 0
hypothenuse 3 0
ogers 10 0
aymarket 3 0
submit 149 0
undertow 2 0
verdiente 20 0
materialized 3 0
epeatedly 1 0
ovello 1 0
jfcooper 2 0
unloosens 1 0
verkuemmert 2 0
yews 1 0
admissible 9 0
befeuern 1 0
thriftiness 1 0
hurriedly 50 0
ntrag 13 0
regelate 1 0
ovelle 15 0
oundheads 1 0
wechseln 9 0
warehouses 11 0
ueberreichte 14 0
gret 6 0
grew 313 0
wechselt 1 0
packte 11 0
grey 237 0
receptacles 4 0
sensation 86 0
bittest 1 0
shinin 5 0
udolph 7 0
warehoused 2 0
oblemen 3 0
gree 12 0
abenteuerlich 3 0
ausgestiegen 2 0
rosodie 2 0
play 486 0
einstellt 1 0
maessigt 1 0
underten 2 0
chulze 2 0
taxes 470 0
gabled 4 0
synonymous 14 0
bittern 7 0
plag 1 0
bitters 3 0
bittere 1 0
gables 12 0
taxed 116 0
plat 6 0
entrapping 3 0
orshipping 1 0
plan 354 0
petting 1 0
speikin 2 0
intellectually 4 0
chiefetain 1 0
plac 19 0
spraengen 1 0
insichten 6 0
reverberations 3 0
reichten 5 0
rowded 2 0
uebergaengen 1 0
rwaehnung 1 0
unausloeschlichen 7 0
rechtfertigt 4 0
redoubling 2 0
schrecklicher 4 0
polities 3 0
schreckliches 1 0
gehaengt 5 0
ecolampadius 9 0
toskanischen 1 0
rivatkasse 1 0
conquering 44 0
graebet 1 0
ntreu 1 0
physician 113 0
inpouring 1 0
exultantly 3 0
rschlossen 1 0
ueberzeugend 1 0
grin 16 0
grip 32 0
hrfurcht 21 0
ntsagung 6 0
wohlwollenden 5 0
arents 25 0
gris 3 0
grit 4 0
biennial 1 0
gliedslangen 1 0
continuously 6 0
grid 1 0
abgewendet 2 0
carman 3 0
grim 61 0
amentieren 1 0
flowerets 1 0
oemern 5 0
ravines 41 0
forgeth 1 0
forgeta 1 0
petent 1 0
zugrunde 27 0
fosters 3 0
oushold 2 0
erbeugungen 1 0
herrscht 9 0
chimeras 4 0
annonian 1 0
artheit 4 0
miasmata 1 0
presented 270 0
descried 4 0
presentee 1 0
bittend 3 0
blaehet 1 0
inconstance 1 0
phoebe 2 0
herrsche 1 0
ausgefressene 1 0
licence 43 0
reprovable 3 0
palest 1 0
rudity 2 0
habitum 1 0
plee 1 0
rudito 1 0
nglueckliche 11 0
plea 27 0
expences 10 0
pled 1 0
ndividualism 1 0
flowereth 1 0
ondscheinbilder 1 0
invigorate 1 0
emporum 1 0
estade 3 0
ndividualist 1 0
forgets 17 0
ndzweck 13 0
weitaussehend 1 0
politics 205 0
schrecklichen 27 0
pathology 1 0
ravings 4 0
hebrecher 1 0
crucial 2 0
unveil 3 0
figuration 1 0
ovelty 2 0
grob 6 0
uckerbaecker 1 0
cognizant 3 0
biasses 2 0
ntrim 2 0
edmenham 1 0
structural 5 0
hindeuten 2 0
unbounden 1 0
usfuehren 1 0
unbounded 20 0
eptimus 1 0
spondera 1 0
geschichtet 2 0
politica 1 0
recommended 104 0
helpmeet 1 0
starboard 15 0
inconstancy 19 0
politick 4 0
politico 3 0
carmen 1 0
fidelities 1 0
eredith 2 0
unwit 1 0
unconstrain 1 0
plit 2 0
verschweigen 7 0
eschaeftigen 1 0
preparatory 15 0
tittle 7 0
chergenamte 1 0
plaguest 1 0
grow 312 0
vermiform 8 0
omdaniel 1 0
shrink 37 0
niederfallen 2 0
anthieri 1 0
licentious 28 0
eftigkeiten 1 0
verlangsamte 1 0
peregrinations 1 0
shrine 67 0
foolery 1 0
grog 5 0
rkenntlichkeit 5 0
spielten 21 0
iedervergeltungsrechts 1 0
hideousness 2 0
itzigen 1 0
develope 2 0
muliebris 1 0
nterredung 25 0
fibres 8 0
perticular 1 0
unkindely 1 0
developd 1 0
eduerfnissen 6 0
trickery 19 0
eduerfnisses 4 0
develops 7 0
radiance 22 0
tawny 20 0
bawling 4 0
unglaeubige 1 0
zugegeben 4 0
frailer 1 0
galleys 11 0
lleen 2 0
hybrids 1 0
tanquam 5 0
clenching 2 0
forgery 17 0
eriegetes 1 0
forgers 1 0
llees 1 0
zerfleischte 1 0
burgeon 1 0
freely 205 0
grub 15 0
omplikation 1 0
etterkunde 1 0
hristenheit 5 0
versutia 1 0
misdemeanours 1 0
oerfchen 1 0
erstuende 1 0
perturb 3 0
ufgaben 1 0
versaeumt 19 0
lamentably 2 0
rundunterschied 1 0
verhoeren 5 0
razzias 1 0
artemouth 1 0
genialen 2 0
niente 1 0
fibrin 1 0
ungranted 1 0
maennlicher 3 0
maennliches 1 0
lamentable 14 0
esprinkle 1 0
hesapeake 16 0
plow 22 0
plot 57 0
efaengnis 20 0
shrive 16 0
alfway 2 0
ploo 2 0
plop 1 0
gewissermassen 25 0
llein 128 0
ueberrascht 31 0
grum 1 0
grup 2 0
ialektik 4 0
maennlichen 9 0
playhouse 2 0
vermessenen 1 0
burgess 2 0
maennlichem 1 0
ersevere 1 0
retributions 4 0
ordlings 1 0
welfare 111 0
flourish 49 0
burnings 5 0
geaengstiget 2 0
zusammengekrochen 1 0
asenesses 1 0
prescriptions 5 0
ncreasing 1 0
emporal 3 0
unbroken 30 0
eroneser 2 0
undubitable 1 0
ownsend 3 0
linguam 1 0
robustness 1 0
convolvulus 1 0
rectories 3 0
eptiles 3 0
dratted 3 0
ohltaeter 11 0
ereitung 2 0
recovering 43 0
vollkommneres 1 0
freest 12 0
evantine 1 0
zwergenhaft 1 0
llens 2 0
wonach 5 0
atholizismus 1 0
versaeume 4 0
profligacy 13 0
unbalancing 1 0
angebliche 1 0
reclaimed 7 0
rreichte 1 0
ignification 2 0
opernican 5 0
wegkommt 1 0
chneeweiss 2 0
ehicle 3 0
wegkomme 1 0
njection 1 0
kissin 1 0
ewdigate 5 0
ndankbare 1 0
fattened 3 0
irregefuehrten 1 0
apographo 1 0
dilatory 6 0
chulen 4 0
erschiedenemal 1 0
chuler 2 0
genially 1 0
niaiserie 1 0
herunterreissen 1 0
inelastic 1 0
vengeful 3 0
ogels 3 0
nstrumentenspieler 1 0
plum 25 0
incertitude 2 0
ebendemselben 3 0
redecessors 3 0
origine 3 0
saeumend 1 0
egrenzung 1 0
plus 14 0
license 81 0
emporsteigt 1 0
gewachsener 2 0
ausarten 1 0
ndulgence 10 0
plug 18 0
onourable 40 0
gewachsenen 2 0
unleugbares 1 0
lckyl 1 0
llery 3 0
groveling 1 0
kissed 106 0
sorrowfully 16 0
reisende 1 0
reasure 15 0
hilippen 1 0
hinspringen 1 0
aeterna 1 0
chwierigkeiten 20 0
schooles 2 0
peradventure 18 0
reasury 31 0
extirpated 5 0
slights 1 0
incarceration 1 0
cloudlike 1 0
schooled 5 0
ontrivances 1 0
digitis 1 0
eppich 17 0
fattenin 1 0
karigaseki 3 0
peacemakers 1 0
kisses 30 0
alculation 3 0
aeugling 1 0
achiishi 3 0
timately 1 0
subversive 11 0
squidding 1 0
foaled 3 0
rschaffen 2 0
ravourarie 1 0
elegenheiten 24 0
freeze 16 0
vierzehnjaehriges 2 0
bathen 1 0
bathed 34 0
insanity 24 0
bather 2 0
bathes 1 0
bella 3 0
unrevised 1 0
schreckbar 1 0
umsichtiger 1 0
attorney 34 0
tcetera 1 0
belly 50 0
bells 64 0
swarming 9 0
assstab 5 0
oniface 4 0
crawls 3 0
belli 1 0
defunct 5 0
einforcemts 1 0
eichtums 7 0
vollkommeneres 1 0
belle 16 0
sugarloaf 1 0
origins 4 0
nkaustik 2 0
precentors 1 0
aspirants 6 0
elbstgefuehl 2 0
prodigiously 14 0
ergnuegens 20 0
analyzed 64 0
uppenspiels 2 0
lembert 3 0
arehouses 2 0
ergwerke 1 0
durchgefochten 1 0
pittance 5 0
tralsund 1 0
sohlenlosen 1 0
triumphierenden 2 0
commercial 109 0
malefactors 7 0
bgange 1 0
eitengebaeude 2 0
iderschall 1 0
agdhunde 1 0
ierling 1 0
kuerzeren 1 0
erfrischtes 1 0
scharfen 13 0
criminis 1 0
ubscriptions 5 0
erfrischten 2 0
scharfer 4 0
scharfes 2 0
geschaendet 2 0
uckeln 1 0
yrwhitt 38 0
births 13 0
ergbau 1 0
ollodabad 4 0
geruckt 1 0
failure 127 0
valiant 25 0
bolster 1 0
ablernen 1 0
aterialisten 2 0
ntoxication 3 0
birthe 2 0
sodes 1 0
fundholders 1 0
hrasicleia 1 0
abgerieben 2 0
echtglaeubigen 1 0
armseligsten 1 0
unregistered 1 0
alsingham 2 0
shriek 18 0
wohlempfundenen 1 0
opolis 1 0
ncorrupted 1 0
tumultuous 13 0
saeumete 1 0
lickfeld 1 0
onnenuhr 1 0
glasklaren 1 0
promiscuous 4 0
orthampton 4 0
suggestively 1 0
andfrieden 2 0
theosophy 1 0
einenden 1 0
anzutreten 1 0
hilippou 1 0
conchological 1 0
stundenlang 7 0
ceterae 1 0
vermehrt 32 0
vermehre 1 0
bewachsene 1 0
arcassonne 26 0
illings 1 0
criminel 1 0
veranstalten 3 0
dicated 2 0
ortions 11 0
recommenced 6 0
veranstaltet 4 0
ohenstaufen 1 0
shrift 7 0
ierlich 4 0
belch 1 0
meintswegn 1 0
hundertundfunfzig 2 0
hergebrachten 7 0
amiliengeheimnisse 1 0
forefathers 28 0
undersam 3 0
solenne 1 0
rahlen 1 0
ergluft 2 0
virulent 13 0
cunjun 3 0
thrusts 14 0
gezaehlt 5 0
schauderhafte 1 0
hundredweight 11 0
ntoxicating 1 0
holzgeschnitzten 1 0
asdrubal 4 0
continues 126 0
cunjus 1 0
sewing 33 0
yeden 1 0
arnies 1 0
oportet 1 0
ichtungsvermoegen 1 0
unrefuted 2 0
ebenaeusserung 1 0
continued 771 0
thabascan 2 0
heraufkam 6 0
salvatioun 1 0
achwaltern 1 0
nweisungen 1 0
ebrides 12 0
turfes 3 0
gossiped 1 0
bildlich 1 0
humaine 1 0
neunzehn 1 0
usfluechte 4 0
harbor 32 0
neeling 4 0
circa 3 0
rauschte 4 0
strologer 5 0
presentable 2 0
scalloped 2 0
criminal 124 0
marinzio 2 0
deutschem 2 0
deutschen 30 0
deutscher 16 0
stroking 9 0
deutsches 5 0
apostolick 1 0
arignano 1 0
graecae 1 0
stranded 5 0
dolefully 2 0
gezaehmt 1 0
nuttin 6 0
isalpine 2 0
schwippend 1 0
ellings 1 0
strandes 1 0
heronsews 1 0
carlet 3 0
thereupon 29 0
fitful 13 0
aufzudraengen 1 0
riforma 1 0
cognisance 9 0
edacht 1 0
regret 179 0
entiments 114 0
neugeborne 1 0
vorbeizogen 1 0
umidia 1 0
indnesses 4 0
station 182 0
iterarius 1 0
scomfisht 2 0
continual 110 0
shrill 43 0
ossess 1 0
stating 23 0
vielbedeutenden 1 0
eldpater 1 0
geahndete 1 0
reinstes 1 0
hilippus 17 0
reinstem 2 0
reinsten 14 0
trireme 1 0
wepte 3 0
subversion 4 0
etonne 1 0
mobocratic 1 0
doctrinarum 1 0
constraineth 3 0
unappealable 1 0
verwiesen 1 0
eiern 1 0
eurigen 2 0
waterplants 1 0
yger 3 0
yges 4 0
eitalter 10 0
pplause 18 0
bleben 1 0
hinaberry 1 0
subtly 2 0
footpads 1 0
kallam 1 0
ungemein 5 0
silliness 4 0
umfangenden 1 0
uckley 1 0
estfield 2 0
junto 1 0
constraining 5 0
replies 31 0
ublications 10 0
yckliffe 1 0
erbot 9 0
lopped 3 0
beigesetzt 2 0
tossen 1 0
fondling 8 0
mbrogio 1 0
rticle 49 0
harisees 5 0
sithens 1 0
tosses 6 0
grenades 2 0
canning 1 0
affianced 1 0
irchenreform 1 0
problematical 2 0
abzuweisen 1 0
hyperboles 2 0
wallenden 2 0
rovincial 25 0
chaedeln 1 0
besonders 285 0
besondern 41 0
autenstrauch 1 0
subtle 93 0
krankhaften 1 0
uerstliche 1 0
engths 2 0
haiden 1 0
besondere 36 0
ambitu 1 0
uffled 1 0
dumfounded 4 0
misjudgd 2 0
carving 20 0
grosser 146 0
grosses 69 0
hohlgeschnittene 1 0
ertiefung 1 0
grossem 41 0
grossen 443 0
lchymisten 1 0
delightsome 3 0
dapper 3 0
schliesslich 1 0
wechselseitig 9 0
chieftain 4 0
knirscht 2 0
blitzgeschwind 1 0
tractable 10 0
abtreten 7 0
knirsche 2 0
suvvigus 1 0
nschicklichkeiten 1 0
misjudge 2 0
angefahren 1 0
eapolitans 2 0
menschlichem 1 0
umhertreiben 1 0
jangle 2 0
menschlichen 67 0
overfed 1 0
raumwunsch 1 0
erbyshire 24 0
ushels 6 0
menschlicher 4 0
menschliches 3 0
unrelentingly 2 0
zurueckblieben 1 0
hereingeschlichen 1 0
lodging 60 0
washings 2 0
bezeugten 4 0
moralistes 1 0
brunettes 1 0
erbia 2 0
akamatsu 2 0
evolution 126 0
elafield 91 0
rhythmic 4 0
neckhandkerchiefs 1 0
acupuncture 1 0
ekunde 1 0
lanudean 7 0
vergoetterten 2 0
huzzy 3 0
omplexion 5 0
huzza 2 0
anoint 3 0
ienstboten 2 0
oldpfanne 1 0
erber 30 0
verschleudere 2 0
obendrauf 1 0
nauserei 1 0
easoning 12 0
achshunde 1 0
huldreichsten 1 0
borrows 11 0
embankment 15 0
milling 1 0
unregelmaessiger 1 0
unregelmaessiges 2 0
betrueg 1 0
betrueb 1 0
unendliche 15 0
raumzustand 1 0
areuth 2 0
jangling 5 0
ueberm 3 0
uebern 5 0
uebers 9 0
million 359 0
verschleudert 3 0
erotic 4 0
verschleudern 2 0
nachsann 1 0
legacies 3 0
fficials 1 0
isleben 2 0
vitally 9 0
dapple 2 0
vorzutreten 1 0
dnring 1 0
alcavala 2 0
smelling 16 0
entailing 2 0
homemade 7 0
gesellschaftlichen 5 0
verschraenkten 2 0
opportunities 63 0
pacific 8 0
renchman 26 0
moribus 2 0
schiessen 26 0
onstrictor 1 0
kaufen 19 0
erben 1 0
erbei 1 0
ecency 20 0
tonight 31 0
predecessors 49 0
replica 2 0
eculapius 1 0
laureate 7 0
parapet 12 0
erbat 7 0
jewellers 2 0
einzutauschen 1 0
glowering 3 0
ehenkter 1 0
altsinn 1 0
ehenkten 1 0
sewold 3 0
merklich 7 0
bente 1 0
transpir 1 0
nachgeaeffet 1 0
ushers 3 0
carter 8 0
benbild 10 0
cartes 1 0
commoveth 1 0
benso 24 0
ayakuchi 1 0
kisras 1 0
vertausch 1 0
vanes 2 0
hepherd 51 0
shroff 1 0
fortgejagt 1 0
carted 3 0
replied 1000 0
flagrantly 3 0
bearded 15 0
betastete 2 0
fruehen 9 0
bento 1 0
voudrois 1 0
burthensome 2 0
twentieth 34 0
beardes 1 0
frueher 87 0
ihnen 637 0
arfreitag 1 0
renchmen 12 0
ihner 1 0
jewellery 5 0
noculating 2 0
nnachgiebigen 1 0
insenbusch 1 0
emaelde 72 0
bracketed 2 0
refusing 68 0
ardently 20 0
decay 85 0
tensely 1 0
rinnerungstraum 1 0
crook 15 0
croon 2 0
cypresses 4 0
blackmailers 5 0
dispensers 1 0
engste 4 0
pointers 1 0
guenstigste 2 0
lasket 1 0
dispart 1 0
edited 87 0
fficiate 1 0
huccome 1 0
anierierte 2 0
deserts 44 0
maleficent 1 0
deserti 1 0
naction 1 0
opanz 1 0
crone 8 0
ndenken 64 0
vermeinten 8 0
tragischer 1 0
tragisches 2 0
hoechstem 3 0
hoechsten 77 0
hereinkommen 4 0
crops 64 0
cropt 1 0
fortgezeichnet 1 0
obinia 3 0
incompatible 17 0
oettliches 2 0
hoechster 8 0
oettlichen 3 0
wissend 1 0
hoechstes 1 0
aguchi 2 0
entateuch 3 0
kythe 1 0
elshwoman 6 0
aeschern 1 0
concolor 1 0
hinaustrieb 1 0
efranc 1 0
politicians 66 0
hindring 1 0
retting 2 0
patroons 1 0
tragischen 6 0
essingdraht 1 0
wiederfindet 2 0
othringen 1 0
unicorn 6 0
wiederfinden 6 0
crope 17 0
spiegelnde 2 0
ufaar 3 0
rkana 1 0
feindseligen 3 0
gelinder 4 0
gelindes 1 0
ipskonfetti 1 0
gelinden 2 0
culprits 1 0
bellenden 1 0
crois 3 0
laskan 6 0
umguertet 1 0
junge 100 0
unappeased 1 0
ortress 8 0
priestly 9 0
ewhampshire 1 0
turmes 1 0
ausschliesst 1 0
turfman 1 0
consisteth 1 0
ausdrueckend 1 0
generalties 1 0
luaus 6 0
ourdeaux 4 0
urigonus 1 0
overest 2 0
squall 14 0
heartrending 4 0
submarines 6 0
bedding 12 0
gesonderten 1 0
opernicus 13 0
erstreuungen 8 0
oenchlein 1 0
hendecasyllabic 1 0
numeral 2 0
rofessional 4 0
lowering 36 0
tediously 3 0
lullest 1 0
ocialists 5 0
zubereite 1 0
clarity 2 0
batons 3 0
travailed 2 0
ositives 1 0
applications 12 0
rschuetterung 5 0
ampaigns 2 0
ennesaw 1 0
sempstress 1 0
croft 1 0
ufane 1 0
sickness 102 0
governments 163 0
widerschien 1 0
squawk 1 0
aufgehaengten 1 0
fabriziert 1 0
arrieres 1 0
twight 3 0
aufnahm 8 0
molested 9 0
nterhemd 1 0
twiggy 1 0
suflered 2 0
erringen 1 0
junks 14 0
eimart 1 0
ergangene 8 0
astnacht 1 0
kaufte 8 0
bewegend 4 0
nriching 1 0
ookseller 2 0
uertreffliche 1 0
mazones 1 0
chuses 1 0
profligate 29 0
editor 96 0
dankbarer 2 0
dankbares 1 0
niepen 5 0
dankbarem 1 0
erlauchte 1 0
dankbaren 5 0
sieben 25 0
erbum 1 0
consistent 111 0
angeais 11 0
mortises 1 0
beratschlagten 1 0
onfiding 1 0
mpressions 15 0
hostels 1 0
ostbaren 1 0
angesehenen 3 0
cudgelled 2 0
powerfull 1 0
mortised 1 0
habsuechtig 1 0
gallant 63 0
debte 3 0
erfreuten 5 0
wohlgetan 5 0
ausgeschnittenen 1 0
priestes 6 0
ucentaur 1 0
vulpine 1 0
squash 7 0
hinueberzurollen 1 0
ueberschaut 1 0
furrowing 2 0
potagers 1 0
quodam 1 0
chnallt 1 0
hostess 15 0
croak 4 0
pompejanischen 1 0
sounde 1 0
einzufuegen 1 0
ttempt 23 0
ueberschaue 2 0
besetze 1 0
ualitaeten 1 0
efangener 4 0
anstimmen 3 0
grossly 24 0
valorous 2 0
aeschschraenke 1 0
ausdauernsten 1 0
efangenen 8 0
chnalle 1 0
square 286 0
erbst 9 0
euersteine 2 0
anarchism 1 0
mporters 2 0
besetzt 39 0
darkling 9 0
hofmaessig 1 0
anarchist 1 0
zuschliessen 2 0
squats 1 0
ealometer 1 0
foppery 2 0
wissers 1 0
unzer 6 0
allusion 72 0
lkrueglein 1 0
sounen 1 0
decimation 1 0
debut 1 0
ufall 67 0
auntleroy 1 0
diverted 30 0
sounds 144 0
vormaliger 1 0
utheran 71 0
yhee 1 0
agitators 1 0
humanum 1 0
numeris 1 0
vormaligen 3 0
crock 1 0
ceiling 60 0
deservd 3 0
deserve 171 0
follerin 3 0
auszuhalten 2 0
ropontis 2 0
mazonia 2 0
unhealthiness 2 0
eisfelder 1 0
lassitude 4 0
debts 108 0
commensurable 1 0
conquerour 3 0
persisted 57 0
gfunden 2 0
custumance 1 0
bestad 1 0
erald 91 0
reservoirs 10 0
jumps 10 0
ewants 1 0
alphabet 25 0
uessiggang 8 0
sittenlose 1 0
casually 11 0
eberblick 2 0
bleach 2 0
inzuru 4 0
recommendatory 2 0
duckling 2 0
schlaflos 1 0
erals 1 0
delighted 180 0
illigan 11 0
ogget 1 0
eigte 1 0
oggen 1 0
deals 31 0
eigth 1 0
dealt 86 0
easomen 1 0
ugehoer 1 0
magination 26 0
tephensons 1 0
chreihaendel 1 0
deflouring 1 0
shiver 21 0
cited 26 0
abnehmend 1 0
ockhart 2 0
geschlitzten 1 0
liquor 56 0
bewaffnete 2 0
gestellten 1 0
cites 8 0
disburden 2 0
handiwork 7 0
rankenbette 2 0
burthens 9 0
aussiehst 1 0
adulteration 4 0
haronne 1 0
atakomben 2 0
zuzuwehn 1 0
defrauding 7 0
arkness 8 0
lethargic 2 0
oestung 1 0
onntagsgast 1 0
rancriber 1 0
sogar 95 0
deans 12 0
eigre 1 0
ambling 4 0
churke 5 0
publications 20 0
geblitzt 1 0
ernsthaftesten 1 0
bested 2 0
gloriousness 2 0
ieleicht 1 0
eigns 1 0
listener 23 0
bestem 1 0
besten 174 0
ffenpossen 1 0
eklommenheit 1 0
heruntergenommen 2 0
bester 2 0
bestes 1 0
aggregating 1 0
burglar 1 0
listened 170 0
solute 1 0
amblika 1 0
benutzen 14 0
annehmlichste 1 0
brekfus 1 0
yclone 1 0
imnermus 4 0
overedo 2 0
mpolicy 1 0
erail 4 0
esidence 14 0
randzeichen 1 0
oggin 2 0
oggio 3 0
reueltat 1 0
attackable 1 0
blackbirds 1 0
geretteter 1 0
affording 40 0
thynge 1 0
geretteten 3 0
heobalds 4 0
eraet 3 0
deale 3 0
aggregation 5 0
verdienstvolle 2 0
ingratiate 3 0
arzia 1 0
ildbahn 1 0
absolving 1 0
transfigured 5 0
preordained 2 0
ccasional 2 0
ceeding 1 0
unverschaemt 2 0
augmenting 25 0
hinterher 4 0
vertauschen 4 0
yclops 1 0
ilangieris 2 0
oundless 1 0
chamhaftigkeit 4 0
iscuit 1 0
diplomat 3 0
eigne 20 0
spectres 2 0
itterspiele 1 0
niverselle 6 0
uebereinkunft 2 0
fuetzen 1 0
erade 7 0
interverting 1 0
khaki 8 0
bebaut 6 0
diligencia 1 0
casualty 1 0
waywardly 1 0
ermagaunt 2 0
oftness 1 0
procuring 53 0
deade 10 0
ekluse 1 0
soggy 1 0
eterkin 57 0
impression 268 0
gschahet 1 0
scarabaei 1 0
nordwestlichen 1 0
ocopahs 1 0
ditties 3 0
eigho 3 0
eight 587 0
aturmenschen 2 0
microns 1 0
anghorne 1 0
ersuades 1 0
arzen 1 0
abstracts 1 0
ersuaded 1 0
eisegesellschaft 3 0
inibus 1 0
abstracti 1 0
undertun 1 0
edermann 18 0
ewanny 1 0
leavened 2 0
spectral 2 0
izard 3 0
aschenkrebse 3 0
engulf 5 0
gequetscht 1 0
wakings 1 0
rchery 1 0
sprangen 12 0
lausibility 1 0
albheiten 1 0
ninjin 1 0
arybone 3 0
mgebungen 7 0
eliodorus 4 0
oermlichkeiten 1 0
quieting 4 0
icolino 3 0
bustled 3 0
mongoose 1 0
unvermoegenden 1 0
hingerissen 10 0
okerspiel 1 0
iktionen 1 0
stockbroker 1 0
ungenuetzt 1 0
herablassen 1 0
gude 9 0
edelste 9 0
lkhorn 9 0
immune 1 0
churns 1 0
austilgen 1 0
impressive 53 0
gewordnen 1 0
eigen 47 0
geographer 1 0
ellenised 1 0
eiger 7 0
bustles 2 0
epidemics 4 0
ausschnallen 1 0
suburb 6 0
umposiaka 1 0
hassten 1 0
hoamkimmst 1 0
sedulous 3 0
diversly 1 0
eingenommen 47 0
werse 2 0
nlightenment 2 0
ashallah 1 0
defenders 24 0
palfry 1 0
rminienne 1 0
citta 4 0
erhabenen 9 0
nglanders 1 0
werre 4 0
eihen 24 0
eiher 1 0
empfindlichste 1 0
nsamples 1 0
ewande 4 0
ecommend 1 0
intriguers 5 0
contravenes 2 0
erhabener 3 0
hinuntergleiten 2 0
debar 2 0
solidago 1 0
debas 1 0
contradicts 6 0
voelligsten 2 0
weissere 1 0
tessellated 1 0
piessgselln 1 0
nzidentpunkt 1 0
ihrentwillen 1 0
oalition 5 0
achtlager 3 0
namings 1 0
sternlichten 1 0
veriest 5 0
overdue 1 0
retaliate 9 0
circulations 1 0
heumatiz 1 0
ermodesworth 1 0
eimarus 1 0
valor 11 0
werte 4 0
protections 5 0
preferment 54 0
arwick 10 0
zugesteht 3 0
ontchartrain 2 0
zugestehn 1 0
notisses 1 0
zusammengerufen 1 0
irhing 1 0
coordination 1 0
mandamus 1 0
condescended 31 0
poco 1 0
zerschlagene 1 0
utstretched 1 0
clumping 1 0
lcman 1 0
benutzte 8 0
werne 1 0
poca 1 0
rosenrotes 1 0
demijohn 1 0
hineingetrichtert 1 0
iogenianus 1 0
cutteth 1 0
acchius 1 0
ultramontane 2 0
girdon 1 0
annehmlich 2 0
guid 25 0
gulp 5 0
vally 1 0
isdemeanors 1 0
vertauschte 3 0
mparts 1 0
girdle 32 0
besiegte 1 0
rompete 3 0
ueberlaeuft 1 0
impressing 8 0
poem 218 0
heruntergossen 1 0
skaunce 2 0
hinschlummre 1 0
gulf 36 0
andesflaechen 1 0
citra 2 0
poet 408 0
gull 3 0
nahrhaft 1 0
abzumessen 1 0
theology 100 0
uebeln 14 0
imaginary 91 0
pods 10 0
cutters 8 0
ediums 1 0
uebels 1 0
preparative 2 0
carron 2 0
eingeschifft 1 0
guns 55 0
unnotic 1 0
inicis 1 0
aufsprang 5 0
exation 3 0
dirigierte 2 0
enschenseele 2 0
kauert 1 0
bestir 4 0
preparation 67 0
besieges 1 0
ncouraging 1 0
besiegen 4 0
dresser 5 0
dresses 38 0
heerfulness 2 0
uperiors 6 0
dressen 3 0
telzen 1 0
deave 1 0
uebeck 6 0
aurice 21 0
gums 4 0
ruefully 7 0
besieged 21 0
dressed 199 0
orreggio 3 0
facilitating 16 0
eraus 1 0
launischen 1 0
jilted 4 0
launischer 1 0
chwangerschaft 4 0
valve 9 0
estures 1 0
eingesehenem 1 0
erard 15 0
poiz 1 0
sprudelten 1 0
church 566 0
shroud 8 0
disapprov 1 0
hmann 3 0
discontinue 5 0
zusammentun 1 0
unsympathetic 7 0
mysterious 203 0
ssuredly 26 0
polarization 1 0
undschaft 4 0
ansteht 5 0
behandeln 16 0
erase 6 0
choepfung 14 0
onsular 3 0
furtgnummen 1 0
emanded 1 0
behandelt 26 0
hmals 1 0
iogenianos 1 0
liquid 63 0
fortgerissen 3 0
nleidlich 1 0
auriel 1 0
schwaetzenden 1 0
girder 4 0
guru 8 0
thymol 3 0
deare 41 0
mutmassen 2 0
tokened 1 0
unyan 40 0
poll 26 0
euxelskerl 1 0
pole 48 0
ookham 1 0
conspiracy 39 0
amartine 6 0
oracular 9 0
eingetroffener 1 0
rasmuecke 1 0
recuperate 2 0
voraussetzt 4 0
apostolical 26 0
beobachten 30 0
bench 105 0
creatucere 1 0
ruefung 15 0
closeting 1 0
poke 9 0
clotlxxx 1 0
vornehmste 2 0
goettlichen 13 0
manufacture 183 0
goettlicher 2 0
ingeniously 9 0
goettliches 1 0
hoamkimmen 1 0
audaciousness 1 0
emordeten 1 0
arberini 3 0
tossed 65 0
beobachtet 14 0
goettlichem 1 0
insonderheit 1 0
pond 215 0
pone 2 0
ollmond 7 0
death 1365 0
ergaessest 1 0
adornment 8 0
defendeth 3 0
bestow 79 0
bends 73 0
differential 1 0
gehende 1 0
disapprovingly 3 0
erano 1 0
poms 1 0
ubmissiveness 1 0
iphthong 1 0
pomp 30 0
blendende 5 0
bende 19 0
siecle 17 0
abinettchen 2 0
anaticism 4 0
guts 2 0
value 1250 0
bursaries 2 0
benen 2 0
whitecaps 1 0
verified 22 0
ownship 2 0
llgem 1 0
gute 245 0
dears 3 0
oscolan 1 0
hinaufkommen 1 0
umidagawa 1 0
girded 3 0
gush 11 0
softe 6 0
irebrands 1 0
polo 10 0
verifier 1 0
langentbehrten 1 0
verifies 1 0
poly 1 0
polu 1 0
carrot 10 0
gust 18 0
pope 21 0
andelsbuechern 1 0
sharers 7 0
gesagt 95 0
calcination 1 0
urisdiction 2 0
poop 2 0
interruptions 13 0
poor 1334 0
sizilischen 1 0
suppleness 4 0
rinnert 2 0
pool 75 0
pooh 8 0
rinnere 1 0
pricketh 6 0
iessbachs 1 0
pony 39 0
rinnern 6 0
arseilles 10 0
clairaudience 1 0
pori 1 0
ammerde 1 0
abbatarian 3 0
pore 12 0
pisode 1 0
pork 15 0
angelegentliche 1 0
porn 1 0
adriatische 2 0
getroffenen 1 0
pleuch 2 0
liceret 2 0
chulklasse 1 0
ppearances 10 0
einstens 1 0
remediless 2 0
edeckung 2 0
retainers 27 0
aeunen 3 0
ehearsal 4 0
tickling 3 0
turbulent 28 0
therewithal 33 0
pops 1 0
uhoerern 5 0
nglishman 67 0
eerufer 1 0
cowhide 4 0
ighwater 3 0
concurrence 33 0
ebaerdensprache 1 0
pote 1 0
senses 260 0
lernst 1 0
unmore 3 0
beehren 1 0
pots 63 0
pott 9 0
bettelhafte 1 0
orderfuessen 1 0
uxbury 2 0
posy 1 0
post 178 0
spazierte 4 0
pota 1 0
tugenhafteste 1 0
posi 1 0
ambidexters 1 0
tanzten 3 0
pose 37 0
constructive 5 0
ossius 4 0
obstructionists 1 0
missbilligte 1 0
respect 592 0
erdom 1 0
besudelten 1 0
port 149 0
lernte 38 0
guys 1 0
einstein 1 0
missbilligst 1 0
vergnuegende 1 0
purveying 2 0
buyers 18 0
production 199 0
onfessionen 1 0
besser 227 0
toilettes 1 0
kunstreicher 2 0
ticklish 6 0
respeck 3 0
frightfully 6 0
entgegenschallte 2 0
iplomatica 1 0
identify 73 0
peinlichste 1 0
malevolence 11 0
pour 88 0
honorary 10 0
pout 32 0
poun 3 0
kunstreichen 1 0
ying 28 0
urzelburzius 1 0
rinnell 1 0
avocations 17 0
homilies 2 0
ewailing 1 0
aelter 8 0
edemptorist 1 0
sailest 1 0
aelten 2 0
hinauszureiten 2 0
eilftausend 1 0
oumergue 1 0
endigten 1 0
watchin 9 0
cuirass 1 0
hingefahren 1 0
yellows 2 0
catholic 2 0
bgarus 3 0
findendes 1 0
onnexions 3 0
phraseology 7 0
ineteen 4 0
moeglicherweise 2 0
geliehen 2 0
lashes 28 0
verstoert 1 0
vapor 7 0
behuete 2 0
unrecognisable 1 0
onsumta 1 0
modulations 1 0
lashed 18 0
leitung 1 0
battened 2 0
powerful 384 0
erdie 3 0
grammere 1 0
loedigkeit 4 0
erdil 1 0
erder 16 0
erdes 2 0
erdet 2 0
erden 19 0
ossing 1 0
wohlgefuehrtes 1 0
referee 1 0
roeter 1 0
points 299 0
orshippers 1 0
qualify 17 0
canyoncitos 1 0
constructing 15 0
eeedro 18 0
vierzigtausend 1 0
hittemore 1 0
ookish 1 0
vapid 5 0
iankeshaws 2 0
liocene 1 0
ossils 3 0
substantive 5 0
chickings 2 0
orkshire 20 0
credence 11 0
epraege 1 0
theologians 77 0
soapboilers 1 0
paling 7 0
einsprachen 1 0
construction 59 0
wooollen 1 0
dedit 2 0
rregular 2 0
fortasse 1 0
denunciatory 4 0
inistere 1 0
mountainward 1 0
nabwendbare 1 0
productive 202 0
aresin 1 0
eichtglaeubigen 1 0
inisterj 1 0
unsigned 2 0
unbedeckt 1 0
abbreviated 1 0
inisters 71 0
leiten 17 0
neidischen 3 0
functionless 1 0
vernuenftige 10 0
erect 75 0
nmetered 1 0
abashed 14 0
bwege 1 0
listning 1 0
goldenem 2 0
goldenen 17 0
erede 2 0
goldener 3 0
occasioned 139 0
referrd 12 0
goldenes 1 0
leitet 7 0
noisier 1 0
deeds 103 0
hoellischen 2 0
abashes 1 0
isputationes 1 0
ragsteinchen 1 0
cholasticorum 1 0
isputationen 1 0
beruehrten 2 0
erouse 1 0
shortening 2 0
turkey 16 0
hervorbringe 2 0
depreciated 12 0
lucum 1 0
rnstliche 1 0
erean 1 0
schickest 1 0
unimpeded 1 0
dislocations 1 0
hervorbringt 9 0
dilatation 1 0
orocco 7 0
ogive 1 0
ereat 1 0
bodekins 2 0
rrangemt 1 0
eikie 5 0
lacking 23 0
runkgemach 1 0
referrs 1 0
abschickte 1 0
obviating 2 0
reanimate 1 0
supervise 2 0
ossify 1 0
plethoric 2 0
urtouts 1 0
aengstlichern 1 0
occasional 132 0
treacherous 23 0
nchkeep 1 0
agxalon 1 0
pper 41 0
anzustreichen 1 0
curtsey 4 0
watcher 4 0
watches 16 0
meagrely 1 0
echinen 3 0
mixedness 2 0
palish 1 0
significant 25 0
woozled 1 0
complaisant 8 0
delicious 76 0
choepft 1 0
unstgriffen 2 0
watched 214 0
allgemeine 49 0
leaving 426 0
cheidung 2 0
martyrdom 19 0
plodded 1 0
reenacres 7 0
spazieren 20 0
forgave 10 0
lernen 69 0
ooking 43 0
rivatleute 1 0
jargonists 1 0
rozessionen 2 0
amblers 1 0
sorgenfreies 1 0
rbium 1 0
ontpellier 13 0
lumpish 4 0
lergyman 5 0
emblazon 1 0
waterworks 1 0
ochester 25 0
aguage 1 0
essayest 1 0
ragelonne 1 0
stranger 193 0
hastening 28 0
shirte 1 0
mbralocken 1 0
anufacturing 2 0
luoghi 1 0
shirts 19 0
drudgery 13 0
corruptionist 1 0
beeindruckt 1 0
utilized 1 0
usbruechen 2 0
anhielt 1 0
hilltops 1 0
overdriven 1 0
soulde 1 0
elegation 2 0
ursting 1 0
reiflich 1 0
choepse 1 0
merites 1 0
ppia 3 0
chowder 1 0
aerrisches 2 0
icilianer 1 0
erklang 4 0
bearers 26 0
merited 25 0
souled 8 0
udiences 1 0
schwebten 7 0
leitor 1 0
sunburn 8 0
pple 9 0
untroestbar 1 0
stormless 1 0
istemper 6 0
quarellfarben 1 0
bearest 3 0
ffenherzigkeit 3 0
ueberblickt 1 0
ginghams 1 0
sacredness 8 0
lergymen 7 0
beareth 10 0
soules 16 0
fashioning 8 0
durchbrochenen 1 0
noisily 6 0
cushioned 5 0
polling 2 0
ackellicht 3 0
giggling 2 0
flocht 1 0
temperately 6 0
ersammelten 3 0
untersagt 5 0
repeopled 2 0
onnigsegg 1 0
finsterer 2 0
dissipation 22 0
ommoved 1 0
obstructed 19 0
pardnerships 1 0
onsumes 1 0
iedervereinigung 1 0
geblendet 5 0
dissipating 2 0
gemustert 3 0
onsumed 1 0
apoproegmena 1 0
terrify 19 0
gewaltig 15 0
immerfort 16 0
luden 2 0
strangle 12 0
pedestrianism 1 0
benteurers 2 0
volcanoes 5 0
maltster 8 0
discontinued 4 0
terrier 7 0
differ 125 0
erdun 2 0
creashun 1 0
unmown 1 0
subliminals 1 0
pearunce 1 0
beguilest 1 0
encline 2 0
petite 3 0
agitations 5 0
hangings 9 0
achtelpfeife 1 0
erbergen 2 0
ittleweile 1 0
abortively 1 0
itzjames 4 0
uddiman 1 0
nfessura 2 0
leiste 1 0
ufpassen 1 0
gestaerkt 10 0
singleness 9 0
prosier 1 0
humanly 6 0
narrowly 28 0
gebilliget 1 0
broadswords 1 0
sented 3 0
ussprueche 3 0
apierlaternen 2 0
lling 1 0
soide 1 0
intractable 8 0
llins 1 0
humanis 2 0
leisur 2 0
civic 8 0
ackington 1 0
civil 386 0
iesenoperationen 1 0
mport 3 0
irchenstrafen 1 0
conquerors 39 0
dispend 4 0
civis 2 0
unjudged 1 0
luche 1 0
ustained 3 0
dogging 1 0
feierte 2 0
unuebersetzlich 1 0
chulenge 1 0
dispell 1 0
lumpige 1 0
prasselnd 1 0
verschlungenen 3 0
medicine 130 0
eifenblasen 2 0
deklamieren 3 0
einzuflechten 2 0
incompatibility 5 0
pompous 27 0
difficulties 219 0
winkelrechte 1 0
decry 4 0
saftig 1 0
nvermeidlich 1 0
unpromising 13 0
pietate 1 0
hueben 3 0
holiness 23 0
efreit 1 0
rueften 1 0
frazzle 3 0
forzas 1 0
laestig 10 0
bhorred 1 0
orstellungsart 10 0
visionaries 3 0
lcove 1 0
chnupftuch 9 0
garbage 2 0
lucht 26 0
ppty 7 0
kaempften 1 0
rostitutes 1 0
weglassen 3 0
mpost 2 0
lasgie 1 0
lucid 11 0
lucky 34 0
sentir 1 0
mitgeteilt 10 0
auflaeden 1 0
boisterous 19 0
sperits 2 0
ouisdor 1 0
eiratsantraege 1 0
cives 2 0
decoy 3 0
bgesandte 1 0
gilofre 2 0
enophantus 1 0
eproveth 1 0
aretti 4 0
arette 2 0
staerkste 6 0
vergiessend 1 0
rotates 1 0
atsaechlich 1 0
fulfils 3 0
fulfill 17 0
parasol 10 0
untutored 2 0
crowd 287 0
rbild 4 0
crowe 2 0
racticability 4 0
repose 98 0
pfelbaum 1 0
expressit 1 0
crencled 1 0
crows 15 0
enjoins 5 0
millenaries 1 0
understoode 1 0
grenzenlos 5 0
crown 278 0
sently 1 0
ercht 1 0
ercia 2 0
ensible 4 0
gwan 4 0
misbehaving 1 0
ercie 1 0
coopering 1 0
nhalts 4 0
narrowed 11 0
goldenly 1 0
helpmate 3 0
aufmachte 1 0
humanam 1 0
roetlich 4 0
ercer 3 0
mthause 4 0
narrower 18 0
llumin 3 0
flowering 18 0
iholo 2 0
edizinische 1 0
humanae 3 0
opfweh 6 0
freaks 9 0
getraute 10 0
blurted 9 0
decks 14 0
deckt 5 0
soils 5 0
ptime 1 0
broider 1 0
llium 1 0
maniere 1 0
irremovability 1 0
expressly 60 0
hooded 5 0
auderns 1 0
boundlessness 1 0
upreared 1 0
report 174 0
ogito 2 0
bgsehn 1 0
decet 1 0
lucre 7 0
decrepid 4 0
expresses 49 0
lumping 1 0
hristianikon 1 0
olfskill 1 0
begnuegen 8 0
chutzgott 1 0
expressed 259 0
uebernatuerlichen 3 0
floats 7 0
obliging 73 0
getraust 1 0
abtruennigen 1 0
ulcinellgebaerden 1 0
chwunge 1 0
estigkeit 6 0
eigentlich 112 0
waterfowl 2 0
ateful 1 0
verraet 4 0
ergpflanzen 1 0
soccage 1 0
humaner 2 0
croud 1 0
oegerln 1 0
pratique 4 0
humanen 2 0
rbino 5 0
astonaix 2 0
croup 1 0
traducing 2 0
empressement 1 0
informs 45 0
sentry 7 0
ption 2 0
cross 366 0
crost 1 0
demanding 22 0
informa 1 0
pringewurzel 1 0
informd 101 0
hilarity 3 0
equipoise 1 0
decrepit 5 0
trohhut 1 0
elodien 12 0
overthrow 62 0
diffus 2 0
specialty 3 0
leisch 13 0
martyreth 1 0
lindgebornen 3 0
respondent 6 0
hinaussehen 1 0
improperly 8 0
unteren 5 0
herkommen 6 0
soldiership 1 0
unduly 7 0
hampagner 1 0
unterer 1 0
erguson 6 0
ausbleibt 3 0
erlaeuterndes 1 0
footpath 10 0
menshun 1 0
deklamierte 2 0
utterbrot 3 0
reakage 1 0
sakrischen 1 0
remaining 162 0
dargebracht 4 0
ilanzieren 1 0
sakrischer 1 0
weltliche 2 0
transcribing 6 0
mageries 1 0
overthrew 12 0
gabbling 1 0
aghaftigkeit 1 0
ewitter 12 0
leisen 6 0
teurer 6 0
teures 2 0
xpoundings 1 0
leisem 1 0
iovane 1 0
eusserung 1 0
esellschafterinnen 3 0
teuren 2 0
concatenated 1 0
ogenhaft 1 0
litterateur 1 0
unbestaendiges 1 0
ehrgeizig 1 0
leiser 6 0
leises 1 0
prismatic 2 0
romotion 9 0
romoting 6 0
antimony 3 0
bgeholzt 1 0
plaguing 2 0
addicted 13 0
whirlwinds 13 0
oftener 45 0
blundering 20 0
alotti 2 0
bootmakers 1 0
chulknabe 1 0
unbestaendigen 2 0
sensui 1 0
unsociable 2 0
wiseacre 1 0
scobar 6 0
sensus 2 0
mphitheaters 2 0
sunbaked 1 0
tightly 43 0
inbrennen 1 0
straightforwardness 1 0
borderers 1 0
ingesperrt 1 0
egenwasser 2 0
eldgeschaeft 1 0
ruefullest 1 0
uddhists 3 0
yeless 1 0
praesertim 1 0
unloading 9 0
eingesogen 1 0
superduce 1 0
lippery 2 0
lippers 2 0
auberkreise 1 0
isigoths 5 0
aretes 1 0
garstig 3 0
maennlich 6 0
paddock 12 0
carpet 62 0
peculiarities 43 0
implements 29 0
verschlossenes 2 0
demagogues 6 0
inventors 9 0
verschlossenen 8 0
ouloigne 1 0
inventory 7 0
aksimile 1 0
uerstenknecht 1 0
ncertain 3 0
countermanded 1 0
drawings 8 0
ccumulation 3 0
commodis 3 0
conflicts 16 0
hangman 2 0
transmit 28 0
genders 2 0
wette 4 0
missbilliget 2 0
verblendet 4 0
saddened 10 0
miscalled 2 0
stendunt 1 0
wueteten 1 0
missbilligen 2 0
specially 121 0
uffice 10 0
naggin 2 0
yked 1 0
erhabnere 1 0
pushings 1 0
abmahnte 1 0
reppen 10 0
extemporize 1 0
overquantity 1 0
riumphbogen 1 0
rowing 16 0
arlisle 8 0
loebliche 4 0
tighter 9 0
warlock 1 0
ugendeindruecke 1 0
tighten 4 0
aphnens 1 0
lachenden 1 0
ugendglanz 1 0
wohnten 5 0
grabbers 3 0
prosing 4 0
manifes 1 0
llick 2 0
uffian 1 0
eingeben 3 0
busting 2 0
juvenile 11 0
lutherischen 1 0
laudations 1 0
pollonis 1 0
hymbra 1 0
ausgebildeter 1 0
aeltst 1 0
ausgebildetes 1 0
aufhalten 16 0
ausgebildeten 2 0
homilist 1 0
eldengestalt 1 0
onfessionis 2 0
announcing 21 0
degage 1 0
begnuegte 4 0
ertebrae 1 0
beckoning 10 0
gwss 4 0
carphe 1 0
dazusetze 1 0
auslegender 1 0
getrauet 2 0
ontributors 2 0
llied 9 0
getrauen 2 0
hemming 3 0
hesapeak 3 0
llies 32 0
llien 1 0
ykes 2 0
cannonading 2 0
gequetschten 1 0
festzuhalten 14 0
uebendes 1 0
aufmachen 1 0
piazza 14 0
tillage 38 0
ausschalten 1 0
vorgetragen 16 0
waimentatioun 1 0
befaellet 1 0
meinetwegen 2 0
condemning 13 0
ernstlichste 3 0
uckily 5 0
eyewitnesses 1 0
ercur 1 0
erwirbt 5 0
whetstone 1 0
angekauft 1 0
eschwoern 1 0
niesen 1 0
imputing 3 0
andwerkers 1 0
consciences 12 0
summarization 1 0
marvellousness 1 0
forfeiting 15 0
andwerkern 2 0
meagerness 1 0
vainest 2 0
highlows 1 0
auferziehen 1 0
lasgow 15 0
oliseums 1 0
acrifices 1 0
nauseous 15 0
migrations 5 0
leisse 7 0
morastigen 2 0
thiopicus 2 0
nglishmen 80 0
minerals 14 0
tickly 1 0
charfrichter 1 0
unktion 4 0
ranntwein 3 0
besuchten 5 0
palladium 2 0
tinkled 3 0
jocularly 1 0
vario 1 0
solid 233 0
gefuuunden 1 0
sinfulness 1 0
neglectfulness 2 0
ueberfahrtspunkten 1 0
betrunken 5 0
corporeal 19 0
ushing 32 0
generalizing 1 0
romwellian 1 0
missaries 8 0
statute 94 0
tickle 3 0
cardiac 1 0
ryumph 3 0
opfes 7 0
ootfah 3 0
ansichtig 2 0
ewaile 1 0
overdo 5 0
awsuits 1 0
hirokasawa 1 0
lexandrien 2 0
unparalleled 10 0
goldene 5 0
ujacius 1 0
ecently 3 0
spanning 4 0
eingedrueckte 2 0
willkommene 3 0
ingrafting 2 0
verbot 2 0
eprints 1 0
ezitation 5 0
cynically 5 0
ighlander 3 0
overed 2 0
verschlang 5 0
iertelstund 2 0
pudelnass 1 0
erfum 4 0
stature 37 0
alfour 4 0
entrepots 1 0
oliziano 1 0
forsooth 36 0
shabbily 4 0
unishment 39 0
meistenteils 18 0
murmured 76 0
weitens 1 0
sheepish 5 0
romances 14 0
aiting 5 0
millers 3 0
delgefallnen 1 0
weitergeritten 1 0
isappointment 18 0
ohlwollenden 1 0
reconsideration 4 0
romancer 1 0
feuchte 2 0
ueberkommen 2 0
persuasiveness 1 0
sagacious 23 0
overgo 1 0
capillary 1 0
fashions 27 0
soled 1 0
beset 33 0
illiard 2 0
watermelons 2 0
soles 10 0
projets 1 0
persaudit 1 0
omewhere 7 0
fortun 1 0
ltertuemern 2 0
crosslegged 1 0
osalienbergs 1 0
theretofore 3 0
soley 1 0
alford 2 0
besey 2 0
erdenken 1 0
wiedergeben 3 0
verbum 1 0
betrogenen 2 0
roberer 2 0
exsequar 1 0
infirmity 13 0
hinzugefuegt 1 0
ticker 1 0
ticket 44 0
besought 28 0
rwartetes 1 0
discomfiture 18 0
messingene 1 0
sequoias 1 0
fabelhafte 1 0
outlook 24 0
ommentar 2 0
glaenzend 11 0
tipstaff 1 0
ganthyr 1 0
oothingly 1 0
drohten 3 0
betrueglichen 1 0
artlerei 1 0
ueckkehr 23 0
chwatzend 1 0
consigned 16 0
oorhouse 1 0
besah 15 0
verbei 1 0
ekraechz 1 0
edipus 3 0
onntagmorgens 1 0
spearhead 4 0
mutation 1 0
swindling 5 0
unbillig 7 0
deswegen 61 0
ortrags 1 0
ronton 1 0
spasien 2 0
nsulaner 5 0
ortrage 1 0
enstergesims 1 0
gramophone 1 0
exactitude 1 0
listens 13 0
alentinian 2 0
wackere 6 0
agicians 1 0
natchul 6 0
perambulation 1 0
rownes 1 0
wackern 9 0
geheime 28 0
laessig 3 0
tanzend 3 0
coolie 23 0
coolin 1 0
underrate 3 0
istiller 1 0
eilte 123 0
ingrafted 1 0
ortraet 15 0
wunderklar 1 0
yrambel 2 0
prat 1 0
solle 76 0
overnt 3 0
hyaenas 12 0
hostile 130 0
yelling 22 0
pray 429 0
vorlegte 1 0
sollt 78 0
consular 2 0
geheilt 7 0
overne 1 0
solln 5 0
gnumma 1 0
nutzet 1 0
rownen 1 0
granary 4 0
verbis 1 0
nutzen 25 0
rowned 11 0
conflicting 25 0
aelium 1 0
anatomischen 1 0
infachen 2 0
allegorised 1 0
antiquarischen 2 0
thirsty 64 0
verwendete 2 0
aelius 4 0
thirsts 3 0
vulgaris 1 0
uffer 10 0
piercing 47 0
opfre 2 0
hergehenden 1 0
egenstande 18 0
seductions 3 0
vulgarly 7 0
ggressors 2 0
shrillness 2 0
andarins 2 0
coolly 55 0
saeumte 4 0
uleika 43 0
capitulate 1 0
eschicklichkeit 34 0
oinings 1 0
undergartens 1 0
boesartigen 1 0
itzlings 1 0
ommentarius 1 0
erfid 1 0
heutger 1 0
orgaenger 8 0
ongeus 2 0
nationalisieren 1 0
unbschaffens 2 0
ehmalige 1 0
chlafkammer 2 0
egenstands 9 0
heutgen 1 0
solos 1 0
llman 1 0
sketchability 1 0
uffen 3 0
prey 109 0
erfume 2 0
pres 8 0
pret 1 0
lopeite 1 0
preu 3 0
tobend 1 0
ezitativ 2 0
inwiefern 8 0
evenger 1 0
evenges 1 0
retender 5 0
oanzigen 1 0
steigernden 1 0
ahnarzt 1 0
knopert 1 0
lumenstuecke 1 0
erovingian 2 0
fiftieth 5 0
genutzt 6 0
gestanden 35 0
selsohren 1 0
achtgespenster 3 0
hoehnisch 1 0
iederichs 2 0
seidner 1 0
nnersten 7 0
seidnes 2 0
abhors 2 0
issipations 1 0
seidnen 5 0
stovewood 2 0
ergib 3 0
nnerstes 14 0
auseinandergeschobene 1 0
ompetitors 2 0
overty 25 0
erger 6 0
ergel 1 0
ergen 25 0
tammering 1 0
merique 2 0
erges 21 0
rchitect 2 0
indenbaeume 2 0
zierlichen 14 0
vermerkt 2 0
unzugaenglich 3 0
zierlicher 7 0
zierliches 2 0
situation 471 0
spaciousness 3 0
wingles 1 0
abliessen 1 0
handkerch 1 0
videbantur 1 0
erfull 1 0
trachten 2 0
lgiers 9 0
admitting 42 0
rkenn 1 0
aikoku 3 0
nachbarlichen 1 0
ingvoegel 2 0
genugsam 20 0
psychologisches 1 0
onfidenz 1 0
onfident 3 0
agasine 1 0
nachdenkende 1 0
prix 1 0
priz 1 0
rchias 7 0
mangelte 6 0
source 238 0
roeffnungen 1 0
schupft 2 0
pril 311 0
prim 6 0
prin 1 0
prig 3 0
beste 101 0
erfuhr 50 0
bests 1 0
abgekuerzten 1 0
verbal 21 0
betraentes 1 0
wrigan 1 0
verbas 1 0
ergeb 1 0
enschenkoerper 1 0
rchiac 2 0
overall 5 0
ylau 3 0
nasturtiums 1 0
wifter 2 0
impersonal 10 0
soured 4 0
unmolested 16 0
mimische 1 0
vernichtigt 1 0
winglii 1 0
reheated 1 0
razier 11 0
ersammlungszimmer 1 0
rankfurters 1 0
mstands 1 0
razien 14 0
achahmungsgabe 2 0
verraeterischer 1 0
eppermint 2 0
atriotism 11 0
cooled 21 0
verraeterischen 1 0
zierlichste 4 0
cooler 18 0
ehstens 4 0
ortrait 1 0
rblay 36 0
voyagers 3 0
usfuehrung 46 0
younglings 1 0
pallet 9 0
nonobservance 1 0
weitern 10 0
ussboten 1 0
unlawfully 3 0
ajouda 4 0
unbecoming 18 0
vorstellende 1 0
dispensary 1 0
saeumen 7 0
uotation 1 0
gekoepft 1 0
itterness 2 0
rchiep 1 0
xperiment 27 0
palled 5 0
visitations 9 0
frivolities 1 0
ergab 9 0
konsequent 4 0
masterful 8 0
changeth 7 0
geuebteste 1 0
isheries 9 0
rchitekt 5 0
solar 3 0
solas 4 0
stoerten 2 0
jedoch 98 0
pros 6 0
prom 2 0
pron 1 0
prop 15 0
ylie 1 0
ewahre 1 0
ausgezeichnete 2 0
voyageur 2 0
prov 4 0
prow 7 0
proa 4 0
saffroun 1 0
natched 1 0
prob 2 0
prod 1 0
weitere 17 0
rudimentary 4 0
disliking 5 0
baboon 9 0
prog 2 0
overawe 6 0
eimen 7 0
ctaeon 4 0
abholn 1 0
eimer 3 0
isherige 1 0
ezebel 1 0
orfbewohner 1 0
rastlosen 2 0
rastloser 3 0
solch 22 0
ogled 1 0
utlook 7 0
omniscient 4 0
ittance 1 0
ultaninnen 1 0
muskets 3 0
industrialism 3 0
occaccio 31 0
disembarkation 1 0
zoegernden 1 0
oligarchies 4 0
rasende 4 0
absences 3 0
auszuwirken 2 0
luffs 2 0
shabbier 1 0
repute 9 0
tactical 3 0
essung 1 0
gewaessert 1 0
oastings 1 0
vorlegen 7 0
fetter 10 0
fetten 2 0
heranspringend 2 0
razils 7 0
anderbilt 2 0
inheritances 4 0
gejagt 6 0
overate 1 0
razing 1 0
essayists 3 0
receptions 3 0
carding 5 0
sourly 2 0
beggared 2 0
ephthah 1 0
preposterous 22 0
ertraulichkeiten 2 0
statues 49 0
bookkeeper 1 0
pedestrians 5 0
onastery 1 0
ertriebne 2 0
auswesen 4 0
invalidate 2 0
eimar 8 0
huettenartiges 1 0
eimat 10 0
ziehende 1 0
dispensatories 2 0
ziehender 1 0
startles 2 0
beforementiond 1 0
regulated 139 0
injurias 1 0
beasts 150 0
ylor 3 0
phaeton 6 0
ylos 1 0
yrwhttt 2 0
startled 66 0
chuetz 5 0
moccasin 1 0
kirtles 1 0
iebesschmerz 1 0
lueht 1 0
unharness 3 0
usnehmerei 1 0
alvinisme 1 0
tributary 26 0
munterte 5 0
rnauld 5 0
widerglaenzen 1 0
zeneneinteilung 1 0
ereus 6 0
gesichert 11 0
bathing 25 0
adiecit 2 0
oceans 10 0
huckleberries 6 0
handmaiden 2 0
uncontradicted 2 0
iovanni 22 0
touched 207 0
raeutigams 5 0
erere 1 0
izeps 1 0
haltered 2 0
raeutigame 1 0
wachsames 1 0
ussgaenger 17 0
rkannten 1 0
gleichgeschnuert 1 0
overruling 2 0
eresa 6 0
thitherward 3 0
hawebake 1 0
emergence 2 0
resuscitated 5 0
touches 50 0
regulates 34 0
dirtier 2 0
deklamatorischen 1 0
dirtied 5 0
eresy 1 0
aales 1 0
nsinuations 8 0
emergency 19 0
allander 1 0
efinitionen 1 0
tergedder 18 0
aillandier 1 0
zuverlaessigsten 4 0
unstgeschaeften 1 0
bracket 2 0
opeio 1 0
sweeper 4 0
intriguing 6 0
opeka 1 0
partakers 4 0
canonising 1 0
deeps 22 0
sweeped 1 0
wohnlich 1 0
aepfeln 1 0
claimin 1 0
eremy 4 0
beggarly 15 0
deeth 2 0
molluscan 1 0
furnishd 7 0
erene 3 0
zurueckgehaltenen 3 0
lackeys 2 0
isshandlung 1 0
yndon 1 0
wolkenfaerbige 1 0
ronuba 1 0
ereno 1 0
atriotick 1 0
erenz 1 0
upartie 1 0
risqued 1 0
beres 1 0
equidistance 2 0
isdoing 1 0
soken 1 0
abouring 4 0
apprehend 85 0
icoteles 1 0
dullam 1 0
bered 2 0
berea 1 0
sambert 1 0
opend 2 0
rchive 43 0
verzeihst 2 0
rossheit 8 0
versammelte 10 0
deems 11 0
erely 7 0
ufgeregt 1 0
aneinander 19 0
reconstitutes 1 0
deemd 8 0
deeme 11 0
cookin 4 0
sweepin 1 0
recessit 2 0
zuzugeben 1 0
innespieles 1 0
opens 53 0
nverschaemter 2 0
gaberdine 1 0
onoclinal 1 0
alvinists 51 0
ehrgeld 3 0
unbiegsamste 1 0
ridgman 3 0
luete 12 0
erdringen 1 0
deepe 3 0
elletier 1 0
shmaelites 2 0
ookman 3 0
verage 20 0
juncture 10 0
wiedererkennen 2 0
auffasst 1 0
junctura 1 0
llumined 1 0
wegtreiben 1 0
joking 17 0
sodass 1 0
ransport 25 0
souter 1 0
arsillac 1 0
penhearted 1 0
unzulaengliche 1 0
opera 19 0
recessed 3 0
wegwendend 1 0
asinth 3 0
hinzufuegt 1 0
opere 1 0
wright 9 0
ferdebaendiger 1 0
irremacht 1 0
eichsknechten 1 0
unentbehrlich 10 0
eugierigen 1 0
abduction 2 0
wiftly 3 0
grinting 1 0
schueret 1 0
recesses 50 0
erein 9 0
irrecoverably 2 0
itterndes 1 0
opery 12 0
ouakim 13 0
letztenmale 5 0
edicean 1 0
sodann 66 0
absorbd 1 0
aufgriegelt 1 0
shabbi 1 0
siehet 6 0
blurred 6 0
poring 6 0
mandarin 2 0
ereft 1 0
absorbs 4 0
unmittelbare 8 0
idechse 1 0
aureateship 1 0
juris 3 0
yndes 1 0
ishevel 1 0
auszukommen 1 0
trueglich 1 0
gefuehlt 31 0
gentlest 12 0
nachdruecklichsten 1 0
brisket 2 0
fowarded 1 0
ahlband 1 0
pulverisiert 1 0
sieges 5 0
sieget 1 0
eingebuergert 1 0
eilly 22 0
siegen 2 0
ieblingsmaterie 1 0
epartments 10 0
beater 1 0
herabschauten 1 0
beaten 141 0
wonderful 304 0
chaotically 1 0
illicit 6 0
eelenmischung 3 0
bendessen 8 0
abermal 7 0
araclete 1 0
heraushalf 1 0
socialistic 2 0
hinzutritt 1 0
gypt 141 0
eliminate 7 0
urchzeichnungen 1 0
hakspeare 54 0
hocolate 3 0
lcaeus 6 0
fortan 3 0
meliorated 1 0
entwoehnt 2 0
blunders 22 0
usfahren 1 0
heavenly 54 0
naheter 4 0
naheten 1 0
beryl 1 0
zupfte 2 0
nkenntnis 3 0
stonecrop 1 0
yman 6 0
nightertale 3 0
wording 1 0
shamming 1 0
invidiosus 1 0
behooved 2 0
edraenge 20 0
berry 23 0
yndal 1 0
project 96 0
mortgaging 5 0
behooves 6 0
gyre 1 0
heodamas 2 0
quiekten 1 0
gyro 1 0
alebouche 3 0
eilig 39 0
solutions 12 0
cooked 30 0
eropes 2 0
jemine 1 0
figgered 3 0
reimuetigkeit 10 0
edraengt 1 0
injuring 22 0
fabrics 6 0
dvolutionnaire 1 0
reatnesse 1 0
cooker 2 0
cookes 2 0
etermining 2 0
fabrick 1 0
facerent 1 0
defer 17 0
eilfe 5 0
gefuehrt 59 0
verzeihen 18 0
urierschiffe 1 0
fortem 1 0
ictoire 2 0
natuerlich 88 0
forten 4 0
berth 9 0
ihrer 673 0
ihres 224 0
immature 2 0
getrocknetem 1 0
getrockneten 1 0
absondert 1 0
unctuous 2 0
ihrem 431 0
listeth 3 0
munterem 1 0
ihren 668 0
munteren 2 0
eilge 1 0
munterer 10 0
aterialismus 2 0
munteres 2 0
rbieten 1 0
ortwechsel 5 0
conscripts 1 0
einzelne 31 0
vermesse 1 0
grausamer 2 0
olgsam 1 0
ymer 3 0
grausames 1 0
grausamen 8 0
illogical 1 0
reibhause 1 0
ausgekehrt 1 0
caperings 1 0
claimed 95 0
aengstlichsten 1 0
chwiegertoechterchen 2 0
avernier 1 0
hervorbraechte 3 0
vorspringenden 1 0
psom 4 0
francaise 3 0
mortariumque 1 0
beros 2 0
eiled 1 0
ealitaet 3 0
arrearage 1 0
ebaelk 1 0
vorspringendes 1 0
eilen 61 0
awhaped 1 0
claimer 1 0
eiler 1 0
eilet 5 0
beron 1 0
unshakeable 1 0
auswerfe 1 0
defam 1 0
iomede 23 0
verfallen 8 0
allances 1 0
ationaldeklamation 1 0
lueck 269 0
caress 17 0
armipotent 1 0
fortin 1 0
fuerstlicher 3 0
fuerstliches 1 0
ncouth 2 0
fuerstlichen 15 0
defac 1 0
upferhaemmer 1 0
fructuous 1 0
eferendarii 1 0
anbellen 1 0
forthe 1 0
steckten 1 0
ravelling 18 0
uffolk 9 0
stecktet 1 0
ozerajup 19 0
duller 9 0
cutting 93 0
dulled 2 0
perambulate 1 0
forthy 3 0
shippes 10 0
ymms 1 0
aboranten 1 0
injuries 33 0
zusammengefunden 3 0
albgewahrwerden 1 0
usserordentliche 4 0
metaphysischen 2 0
mueden 3 0
verleihen 1 0
fluviatilis 1 0
scarred 12 0
ciences 31 0
itellozzo 2 0
amsoun 4 0
ielmehr 7 0
ommentaries 3 0
ardinick 1 0
beatin 2 0
stattet 2 0
omplutensian 1 0
statten 7 0
shipped 17 0
gallinas 1 0
enobscot 17 0
verirrt 4 0
ocratische 3 0
luegn 1 0
lexandrian 27 0
umliegenden 1 0
rbkam 1 0
briskly 19 0
retences 3 0
siegte 3 0
encompassing 3 0
liebenswuerdigste 6 0
ymns 1 0
misfill 1 0
drenchings 1 0
acchylides 4 0
overestimate 1 0
siegst 1 0
genealogies 7 0
ploughshares 1 0
voraussehen 1 0
uction 2 0
nverness 3 0
shooing 1 0
vergissest 1 0
roduktion 3 0
parthenos 1 0
regellosen 1 0
aetliche 1 0
sonnets 9 0
beuky 2 0
spanische 1 0
beschwoeren 7 0
isputes 30 0
ownsmen 1 0
sonme 1 0
uchenwaende 2 0
aetigkeiten 2 0
lipping 1 0
ixtinische 7 0
ymph 2 0
regelloser 1 0
sonne 4 0
bedaurten 2 0
windowpane 1 0
eufchatel 1 0
nchor 5 0
eloquent 60 0
nveloped 2 0
drawingroom 2 0
crumb 4 0
ophie 1 0
sonny 7 0
banishing 4 0
intimidated 10 0
nvelopes 3 0
vator 1 0
arnison 1 0
ichtschirme 1 0
arterficial 1 0
decreased 8 0
chwefelquellen 1 0
ausgebrannten 2 0
schoensten 110 0
roehlichen 1 0
schoenstes 2 0
havildars 1 0
vulgare 2 0
decreases 5 0
almagundi 2 0
ltvaeter 2 0
vorgekommenen 1 0
legalised 1 0
careah 1 0
voucher 2 0
villein 1 0
vouched 5 0
trockneten 1 0
secretness 1 0
ntinomians 1 0
sbestos 2 0
auptbruecke 1 0
zulassen 6 0
ersagte 1 0
obligatory 11 0
poised 8 0
sonic 1 0
cruel 283 0
falsified 6 0
zuversichtlich 2 0
beseelende 1 0
falsifies 1 0
jauntily 3 0
speisen 5 0
gelaeuterten 1 0
poises 1 0
rdenklosse 1 0
candidly 12 0
auskapelle 3 0
gwohnt 1 0
blickst 1 0
desjenigen 5 0
huelfreich 2 0
reemasonry 11 0
pocalypse 8 0
zusammengeschrumpften 1 0
commixture 2 0
repertrix 1 0
wahine 15 0
blickte 27 0
assachusets 4 0
assachusett 3 0
erburdened 1 0
drifting 15 0
rganisation 12 0
uehlbarkeit 3 0
erhub 8 0
escheator 1 0
beuks 6 0
gnaedigsten 1 0
rinceton 6 0
shipmen 1 0
arnaby 1 0
attacked 139 0
deliberate 60 0
career 113 0
arnach 4 0
oekonomisch 4 0
diminution 70 0
banknote 1 0
arnacs 1 0
otfall 3 0
manipulate 2 0
sullied 2 0
merrier 6 0
etoese 8 0
kneele 1 0
chleppkleidern 1 0
hitzige 1 0
titanic 5 0
aufwachtest 1 0
adcliffe 2 0
herying 2 0
atterwauling 1 0
gewollt 10 0
senatorship 1 0
thefollowing 1 0
crude 37 0
withstand 46 0
yammer 2 0
areful 3 0
ncover 1 0
commentators 13 0
fortbeschaeftigt 1 0
honestly 84 0
pissed 1 0
gewaschenen 1 0
uechersammlung 1 0
crapes 2 0
bewegenden 1 0
beugt 1 0
stalactites 2 0
tockwerke 4 0
onybody 1 0
schrecken 3 0
cringed 2 0
gibed 1 0
eyesight 9 0
izian 7 0
waysides 1 0
unfermline 1 0
hetzender 1 0
pissel 1 0
cable 19 0
heutige 6 0
lcuin 1 0
bestower 2 0
ownsman 1 0
hellwach 1 0
elaboration 6 0
erhob 27 0
retrograded 1 0
intervals 120 0
bestowed 125 0
dehnt 1 0
arnevalsfreiheit 1 0
fleissigsten 1 0
gemuetlich 1 0
etoene 1 0
crickets 4 0
angenommene 1 0
garrulity 5 0
respice 1 0
zurueckgewendet 1 0
ophus 1 0
yener 1 0
carefu 2 0
pinning 4 0
decides 17 0
gedeckte 1 0
sauntered 10 0
einst 45 0
asquehannah 1 0
freezing 20 0
estuary 2 0
complacently 6 0
tarrying 13 0
einte 1 0
sonst 323 0
lippity 5 0
remainder 93 0
geheget 1 0
merrily 38 0
ynch 7 0
aldebeck 2 0
cohorns 1 0
ausgesonnenen 2 0
dismembering 2 0
grander 10 0
hostler 1 0
verdeutlichen 2 0
deine 213 0
professional 79 0
decided 262 0
acchusstatue 1 0
lexandrians 3 0
erill 1 0
grandee 5 0
gricultural 2 0
granded 1 0
diminutive 33 0
nempfindlich 1 0
cache 1 0
tilbon 1 0
erils 3 0
chnelligkeit 4 0
furthermost 2 0
erily 10 0
zierlich 27 0
berkoerper 1 0
liedermaenner 1 0
ascelles 1 0
efficatious 1 0
dissipate 14 0
cacia 6 0
heartiest 3 0
gespalten 1 0
nlass 42 0
antwortete 68 0
automatically 4 0
erksteine 1 0
raviere 1 0
ennonitae 1 0
schuetzt 4 0
armorbruch 1 0
obitum 2 0
expectations 62 0
uftraegen 1 0
ourdain 4 0
weggeschossen 2 0
aechelte 1 0
anhaengen 4 0
patterned 3 0
poison 70 0
unstgeschmackes 1 0
bequemerer 1 0
bequemeres 1 0
persuade 117 0
irresolute 19 0
nlauf 1 0
ognac 1 0
omcare 1 0
erigo 1 0
resulted 37 0
inquam 1 0
anufacturers 20 0
solved 16 0
underlay 1 0
speiste 4 0
landlady 15 0
blicket 1 0
flunkeys 1 0
blicken 8 0
ierchen 2 0
solves 5 0
craped 1 0
muckraker 1 0
solvet 1 0
nfuehrer 9 0
preluded 1 0
commemoration 1 0
asche 27 0
olexander 6 0
waehrend 60 0
turmregen 1 0
engineering 9 0
denizens 5 0
decrease 9 0
nhappy 12 0
schwarzgraue 1 0
elsmassen 1 0
isported 1 0
preventative 4 0
commemorating 2 0
threescore 7 0
aschl 2 0
wiedererkennte 1 0
hackneyed 3 0
verrois 1 0
erien 1 0
affluent 6 0
ennonites 1 0
eidene 1 0
erier 1 0
herausgewuehlt 1 0
eries 10 0
arnard 3 0
lexandria 24 0
ynic 2 0
durchgesehn 1 0
proclivity 2 0
kneels 1 0
sickened 15 0
ontrariety 1 0
ingston 2 0
continuity 6 0
sieden 1 0
mschweifen 1 0
niedersenkte 1 0
furthermore 18 0
eidens 1 0
eident 2 0
raejudiz 1 0
airyland 2 0
feurigste 1 0
syndicates 1 0
arnass 1 0
schreckte 2 0
erici 1 0
derlernen 1 0
eligibility 3 0
mustang 2 0
erico 1 0
cruse 1 0
vereitelte 1 0
crush 26 0
grandma 9 0
wieviel 28 0
brachte 148 0
sonde 1 0
erida 1 0
araventure 7 0
souple 2 0
treason 36 0
flacher 4 0
leadings 1 0
partaking 5 0
flaches 3 0
flachem 1 0
treasor 3 0
flachen 14 0
misinformation 2 0
brachst 2 0
excusing 3 0
beshrewe 1 0
chaffering 3 0
grandly 8 0
concealing 22 0
agebuchs 2 0
masterdom 1 0
soned 1 0
oeglichstes 1 0
vater 2 0
vates 2 0
eried 2 0
erial 1 0
opham 1 0
infachste 1 0
ollmann 3 0
lizium 1 0
ophar 1 0
sones 3 0
grandpa 42 0
rivulet 3 0
gebogen 1 0
rtaud 1 0
acumen 4 0
essaying 3 0
officiers 1 0
hookeriyah 1 0
dematerialization 3 0
deign 6 0
auxillaries 2 0
nybody 1 0
gefueget 2 0
cruss 1 0
crust 25 0
befitted 3 0
auferei 1 0
songs 90 0
organization 45 0
einzigmal 1 0
untadelliche 1 0
ajima 3 0
hoffte 92 0
nches 6 0
shipman 1 0
ynos 1 0
secundum 4 0
diejenige 28 0
secundus 1 0
staerkere 3 0
lacketh 6 0
nomine 1 0
ogmata 1 0
mustard 7 0
ynod 20 0
proverbially 4 0
aegelchen 1 0
wakisan 1 0
innlichkeit 14 0
epikaloumenou 1 0
otherwise 623 0
sweeter 25 0
respite 21 0
rovinces 45 0
sweeten 6 0
ophia 7 0
tbara 160 0
laeppischen 1 0
elongating 2 0
zuleide 2 0
staerkern 8 0
inished 1 0
nackend 5 0
eibstueck 1 0
unwahrscheinlichen 1 0
gallenschwarz 1 0
ascal 17 0
choenheiten 29 0
ophei 1 0
gibts 2 0
hucydides 10 0
loping 3 0
iniatur 1 0
severall 1 0
fritters 2 0
ascar 7 0
zuschreibt 4 0
ulnare 3 0
struckshun 1 0
chauspielhaeusern 1 0
beigelegt 9 0
clothesmen 1 0
quartering 7 0
zusagender 1 0
essayist 1 0
gibst 17 0
vorfuhren 1 0
potentia 1 0
funnier 1 0
ersevereth 1 0
thankless 6 0
verdaechtiger 2 0
verdaechtiges 1 0
replenished 10 0
etallglanz 1 0
etroffenen 1 0
leries 1 0
giant 48 0
replenishes 1 0
armenio 3 0
aufhaelt 4 0
elaenderlein 1 0
anhaengte 1 0
jaehen 3 0
islanders 2 0
sempathy 2 0
sprudelnde 1 0
einai 1 0
panischen 1 0
panisches 1 0
beseek 4 0
exerts 10 0
beseem 1 0
beseen 3 0
cooing 2 0
seustis 1 0
uplicate 1 0
ookong 1 0
vernichtete 2 0
mahnen 1 0
oliardais 1 0
reluctance 30 0
oevius 1 0
reproductions 2 0
usikantenfrau 1 0
inhumane 4 0
auptpaar 1 0
adjoined 1 0
soliloquies 1 0
lurking 19 0
zwoelfe 5 0
somma 1 0
enetian 21 0
pallor 20 0
meilenweit 2 0
ersannen 1 0
oyage 21 0
hemehuevi 1 0
rumkriegt 1 0
ewalts 1 0
maintenant 1 0
betet 2 0
besehn 1 0
alconbridge 1 0
diameters 5 0
disowns 1 0
condottieri 1 0
emporgezogen 1 0
ueberlaesst 5 0
pallid 12 0
usteilung 2 0
gamemnon 13 0
faured 5 0
pontiff 5 0
tedder 2 0
arnawend 1 0
squeak 3 0
chaeferhund 1 0
squeal 5 0
uenstlerideals 1 0
alaistinou 1 0
lgernoon 1 0
thistledown 1 0
thriftless 5 0
nlage 31 0
deutliche 6 0
athfarnham 1 0
interposing 7 0
mistakes 43 0
candalous 1 0
mistaken 201 0
trassburg 11 0
umgehen 7 0
huddered 1 0
wandten 2 0
leichte 19 0
gabble 4 0
nscription 2 0
durchflogen 1 0
rehearse 19 0
erwidre 2 0
onfusion 27 0
chlorophyll 2 0
epideictic 6 0
somit 4 0
umgehet 1 0
betid 4 0
minimeque 2 0
vasty 8 0
examinations 15 0
einbogige 1 0
underjaw 1 0
rigade 6 0
wegtrieb 1 0
transacting 12 0
nland 2 0
bakers 4 0
ruedergemeinde 2 0
oyale 6 0
haengende 2 0
refolded 2 0
zerteilten 2 0
emphasised 1 0
unverrueckte 1 0
hoffen 71 0
vaste 1 0
classically 1 0
herandraengte 1 0
chulknaben 2 0
continuing 70 0
turned 1210 0
phaeren 9 0
wischennuance 1 0
mistakin 1 0
aeuber 15 0
asara 9 0
kaiserliche 1 0
notduerftige 1 0
sphere 86 0
anzureden 6 0
gewandten 4 0
firstling 1 0
ubmission 18 0
beter 1 0
hinaufgehen 1 0
verkleinern 3 0
beten 14 0
gehorchende 1 0
achtgebaerde 1 0
disabilities 11 0
flachgelegenen 1 0
predilection 6 0
turner 1 0
hineinlassen 1 0
verschollen 2 0
esozoic 3 0
rachten 2 0
lernten 3 0
transaction 50 0
turnen 3 0
reflectors 2 0
inquit 1 0
onstantius 4 0
pugs 2 0
quatted 1 0
gestaengelt 1 0
taeglich 59 0
clarion 2 0
purifies 4 0
clarior 1 0
efrain 2 0
acedaemonians 3 0
hineingeschielt 1 0
purified 14 0
asale 1 0
apeten 9 0
digress 2 0
gewandter 2 0
bellissime 1 0
puff 34 0
degli 1 0
grabbing 4 0
perchance 60 0
transcribers 3 0
acrinus 2 0
egleiter 22 0
vergnuegt 39 0
bhistee 1 0
ropositions 5 0
carder 1 0
chulter 15 0
ravenstreet 7 0
ungloved 1 0
abundantly 41 0
herunterflossen 1 0
vergnuege 2 0
aither 2 0
chwanefeld 1 0
geeignete 2 0
mynah 3 0
uckman 2 0
wegzufuehren 2 0
carded 3 0
chnitts 1 0
puir 18 0
incolnshire 3 0
elshwomen 1 0
decreasing 4 0
betak 1 0
pendent 2 0
wrought 196 0
hipaulovi 1 0
einfaeltig 3 0
teinreiche 1 0
ttends 1 0
doubteless 15 0
bracing 6 0
careworn 3 0
physiologists 3 0
pule 2 0
evidently 331 0
partaker 2 0
partakes 10 0
schreiseligen 1 0
besets 2 0
ungezaehlt 1 0
estimate 115 0
mitgeniesst 1 0
partaken 1 0
chlief 1 0
iquors 6 0
flaecher 1 0
conspirators 4 0
mightst 1 0
erhoerenswerten 1 0
bestowal 2 0
angeben 5 0
hinaufhelfen 1 0
uffon 5 0
duftigen 2 0
yelps 1 0
rummer 6 0
starting 78 0
xcesses 1 0
cabin 109 0
iliness 1 0
workmanlike 2 0
auberstab 1 0
durchgesiebt 1 0
conomics 3 0
detains 5 0
pump 19 0
erfervidly 1 0
exerei 1 0
uschaerfungen 1 0
puma 2 0
aractacus 1 0
pull 114 0
erhoerte 2 0
islike 9 0
unnoetn 1 0
posticae 1 0
puli 1 0
iscord 7 0
pulp 13 0
streichen 5 0
quoits 2 0
haphazard 8 0
rabmaeler 1 0
zirpt 1 0
regularly 98 0
rtiges 1 0
leiches 3 0
shoemakers 7 0
intimidator 1 0
details 127 0
onstantine 16 0
pirotisch 1 0
stutzten 1 0
uhoererin 3 0
abgestattet 1 0
jusqu 4 0
solum 2 0
treated 295 0
ntyre 1 0
entreaty 23 0
puny 20 0
solus 2 0
detaind 3 0
entreats 4 0
leichen 14 0
gekochter 1 0
einsilbig 1 0
outspoken 4 0
solve 27 0
peakers 1 0
rophaness 1 0
puns 2 0
punt 2 0
yells 7 0
reakers 1 0
aushauchten 1 0
ahnsinn 15 0
yoke 49 0
aufliess 1 0
eccentricities 9 0
ostracism 1 0
pure 380 0
llowances 1 0
melancholisch 1 0
roceeding 11 0
abgeschlossen 5 0
sapwood 1 0
treaten 1 0
apologising 7 0
ticism 1 0
verwinden 1 0
arnisch 9 0
unpleasantness 2 0
mandates 9 0
mitgeniesse 1 0
ahnluecken 1 0
hergelaufenen 1 0
tattling 2 0
juste 2 0
interrogated 7 0
ronson 3 0
ruhighalten 1 0
loftiest 9 0
turnin 5 0
noshima 1 0
pups 4 0
turnip 13 0
amazin 1 0
talians 36 0
rigate 6 0
erham 1 0
luges 1 0
umringen 1 0
puta 1 0
oxcombs 1 0
ronchet 3 0
lugen 1 0
puss 3 0
ternenhimmel 3 0
durchnahm 1 0
tollpatschig 1 0
gestemmte 1 0
oleridge 23 0
connection 162 0
freundschaftlich 5 0
abandoned 133 0
chlimm 2 0
bearin 1 0
inability 32 0
igurinus 1 0
einie 2 0
einig 35 0
fortifications 22 0
orrison 9 0
push 90 0
purr 2 0
wegzufahren 1 0
purt 1 0
herumschaute 1 0
eidigkeit 1 0
constitutions 49 0
grooming 3 0
miration 4 0
mortifying 26 0
cabal 3 0
betto 2 0
illiers 16 0
rectangular 5 0
precise 95 0
oothly 2 0
staleness 1 0
brennens 1 0
ductor 1 0
genealogical 4 0
yons 24 0
amazes 2 0
immons 1 0
abstractedly 10 0
amazed 39 0
puts 107 0
ugenbraunen 4 0
yond 8 0
yone 6 0
eings 12 0
erhad 1 0
vases 6 0
connecting 34 0
unterbrochen 24 0
putz 1 0
impolite 4 0
girbas 3 0
weyds 3 0
murdering 9 0
ueberschien 1 0
einde 59 0
rchitects 1 0
erstarren 1 0
feindselig 1 0
bearer 34 0
ersaeuft 1 0
beares 2 0
lasche 26 0
saloons 15 0
onveyances 1 0
allenthalben 7 0
bearen 2 0
wigkeiten 5 0
eined 1 0
scribbler 3 0
branches 257 0
ferdamme 1 0
einem 1830 0
einen 2198 0
tickleth 1 0
einer 1800 0
eines 715 0
beards 17 0
interrogator 1 0
scribbled 5 0
branched 9 0
beschaemten 2 0
beschaemter 1 0
hatterton 1 0
illigung 2 0
aengstest 1 0
emaeuer 8 0
ertness 3 0
plexus 1 0
rapassi 1 0
freispreche 1 0
splunge 1 0
immota 1 0
verrieten 4 0
ylordo 1 0
ylords 1 0
undyed 2 0
halberwachten 1 0
uffum 5 0
lerics 2 0
yore 27 0
bordering 17 0
erstarret 1 0
swoller 1 0
uperstitious 1 0
palmer 1 0
swollen 37 0
palmed 3 0
kupfernen 1 0
paarmal 4 0
romoters 1 0
borstigen 1 0
achtest 1 0
heruntersieht 1 0
geputzten 3 0
egenmittel 1 0
ssembly 254 0
your 7635 0
anstaunten 1 0
fumbling 9 0
zusammengerueckten 1 0
kourtoisieren 1 0
soppy 1 0
youl 2 0
essentials 7 0
renzlinie 2 0
iographies 1 0
barracks 11 0
chimneys 41 0
alberne 6 0
rauentracht 1 0
pimenides 1 0
omrades 1 0
diffusedly 1 0
achtete 16 0
printemps 1 0
produktiven 1 0
laugnen 1 0
ssemble 1 0
commodity 177 0
orrappit 1 0
entlockt 1 0
kraechzt 4 0
berryin 2 0
bewro 1 0
eterans 2 0
fliegenden 2 0
yellow 286 0
andbodens 1 0
assnehmungen 3 0
bewry 1 0
racoonskin 1 0
parsley 2 0
herauszieht 1 0
islets 3 0
uckerbrot 1 0
elprat 1 0
listing 95 0
ssiduity 3 0
flatted 2 0
elinunt 1 0
kraechze 2 0
disarrangement 2 0
etachment 8 0
ficiently 1 0
ongwood 1 0
fliegender 2 0
urfiled 1 0
nuckle 1 0
pierceth 1 0
recruits 9 0
tedium 9 0
renders 124 0
onsensus 2 0
xemplaren 1 0
fassest 1 0
bohren 1 0
anzufeinden 1 0
mighten 3 0
ransylvania 7 0
aeglich 4 0
renderd 17 0
fruenden 1 0
mighter 1 0
gebraucht 10 0
rendera 1 0
estivals 1 0
vicious 83 0
earthen 12 0
halboffnen 1 0
vielfaeltigsten 1 0
eeessen 1 0
mechani 1 0
voyaging 2 0
permitting 14 0
leinod 6 0
abaengstigen 2 0
inikoyama 1 0
schwebte 17 0
latchet 2 0
oncussions 1 0
harnegie 1 0
outstrip 4 0
adeleine 3 0
enaudie 1 0
nhardy 2 0
intorett 1 0
eltgegenden 2 0
oerpern 1 0
auszutrinken 1 0
farriery 1 0
niedrig 6 0
olumbian 12 0
ewaehr 1 0
losgelassen 1 0
bewog 3 0
disinterestedly 1 0
oerpers 28 0
verschwindende 2 0
haedras 1 0
wallfahrtetest 1 0
aurade 2 0
mpelopsis 1 0
ntschlagt 1 0
hervorbrach 2 0
wegsehen 1 0
zufaelliger 3 0
encyclopaedia 1 0
zufaelliges 1 0
atchfulness 5 0
ernstein 1 0
inadvertently 1 0
rendeet 2 0
intermete 1 0
ntschlage 1 0
zufaelligen 9 0
singling 1 0
imaginations 13 0
launische 1 0
kreditieren 1 0
ceptical 3 0
restriction 18 0
erstockung 1 0
relanders 1 0
alomon 7 0
verzogene 2 0
restricting 6 0
aterlandsliebe 1 0
eschuetzer 13 0
lingeringly 2 0
solitariness 1 0
issbegierigen 1 0
voglia 1 0
convulsively 13 0
gebrauche 1 0
competitions 1 0
fassend 3 0
abbeten 1 0
irrespective 8 0
nondagas 1 0
cheltenden 1 0
imagining 16 0
burying 32 0
conning 16 0
houghtlessness 1 0
ilchhaare 1 0
ntrigues 4 0
earthly 64 0
accosting 4 0
ufschlaegen 2 0
hereabout 1 0
uodez 1 0
acuter 1 0
gricola 8 0
beweg 1 0
pplications 7 0
potatoe 1 0
gemaessigten 2 0
absolut 5 0
abgebuesst 1 0
zufolge 1 0
sopus 1 0
reysed 1 0
absolve 7 0
forthcoming 9 0
bygones 2 0
jungfraeuliches 1 0
interment 2 0
gestillte 1 0
inspiriert 2 0
esorgnis 7 0
produktiver 1 0
bitterlich 10 0
cloister 18 0
abrikanstalt 1 0
ethmann 1 0
egengruss 1 0
jungfraeulichen 4 0
murderess 1 0
geruht 6 0
laboure 1 0
lutstroemen 1 0
einfach 37 0
gepflasterte 2 0
truggle 23 0
rtoetete 1 0
ergnuegliches 1 0
labours 83 0
expatiate 3 0
ekunden 1 0
elphischen 5 0
estroyed 1 0
begabten 2 0
greyhound 11 0
ernstere 2 0
chattelising 1 0
gerechte 4 0
eschreiben 3 0
herumzuspassen 1 0
yeour 1 0
odrigue 4 0
ushmen 1 0
eficiency 10 0
phinxkopfe 1 0
demolishing 2 0
kirting 1 0
swimmer 15 0
lenkindie 1 0
imbibed 10 0
moonlit 10 0
swimmen 1 0
ypen 1 0
ansardzimmerchen 1 0
zukaeme 1 0
ypes 4 0
imbibes 1 0
zaertliche 16 0
orgfaeltige 1 0
reorganisation 1 0
bussfertige 1 0
andauerndes 1 0
lunched 2 0
edikus 9 0
dintes 1 0
lunches 1 0
hangend 2 0
chrecklichen 1 0
unmusical 2 0
gefehlet 1 0
modernised 2 0
chrecklicher 1 0
chreckliches 2 0
faithfull 1 0
estroyer 3 0
ungebildet 2 0
ohlfahrt 3 0
blemishes 9 0
haedria 1 0
ontfaucon 2 0
schweben 20 0
slides 11 0
elehrung 6 0
giebt 6 0
ohenzollerns 1 0
digested 23 0
hinueberfuehren 2 0
schwebet 1 0
connive 4 0
hangest 2 0
aloman 3 0
ausgibt 1 0
hilostratus 3 0
flattered 48 0
echtfertigung 3 0
turbasse 1 0
hangeth 5 0
flatterer 9 0
arsilius 1 0
aulding 1 0
slided 1 0
tieftochter 2 0
swindlers 10 0
deftly 7 0
onvulsions 3 0
achteil 4 0
gasped 42 0
erkin 2 0
ariations 2 0
tirelessly 2 0
riauler 1 0
partaner 3 0
chricks 3 0
hehaes 6 0
leafcutter 1 0
edress 14 0
hypochondriacism 1 0
triumvirate 2 0
geschoepft 2 0
ventricles 2 0
cherwenzen 1 0
verabredete 5 0
portraetiert 2 0
hangers 4 0
bugles 1 0
ungentlemanly 1 0
rnaldus 1 0
shadow 234 0
arelst 2 0
pungence 1 0
ikkosan 2 0
desertion 18 0
verfertigten 1 0
rekapitulierte 1 0
philosophieren 1 0
advoutries 1 0
sodden 11 0
pungency 1 0
fortgeschlichen 1 0
pigtail 1 0
arnham 2 0
eymouth 9 0
faubourg 5 0
harmonising 1 0
alberts 1 0
achteln 1 0
compunctions 2 0
flatterin 2 0
veiled 45 0
vulcanizing 1 0
apparently 277 0
taperingness 1 0
ueberfiel 15 0
lackiert 3 0
umitor 1 0
erkel 2 0
erken 16 0
erkes 5 0
koepfen 1 0
indictment 4 0
dlemann 1 0
erker 18 0
sindon 1 0
asein 53 0
achleben 1 0
ookout 1 0
ochbeglueckt 1 0
unbiass 1 0
aschentuch 1 0
modernisms 1 0
achtend 1 0
listige 2 0
hoenoho 1 0
ooting 13 0
cravat 17 0
deserting 5 0
abstrakte 1 0
parleying 1 0
leines 3 0
renovated 2 0
threatning 7 0
aseby 1 0
leiner 5 0
melancholious 2 0
ustigeres 1 0
leinen 54 0
orfolk 15 0
wondering 48 0
feinste 4 0
flatten 1 0
ausbewohner 1 0
nesimus 2 0
caean 1 0
circumlocution 5 0
unerschoepflicher 1 0
religioese 7 0
flatter 101 0
unerschoepflichen 2 0
eweggruenden 1 0
bedfellow 2 0
shoestring 2 0
suitability 2 0
einzigste 1 0
uckuck 2 0
secondhand 1 0
schismatic 1 0
coxcomb 4 0
wohlproportionierten 1 0
verriet 9 0
gentilitie 1 0
novels 35 0
percent 2 0
ypus 1 0
lounging 9 0
widrige 1 0
onging 2 0
caeco 1 0
geliebet 5 0
enpeck 1 0
himnies 1 0
enteresstit 2 0
verschenken 3 0
eloponnesus 1 0
achters 2 0
acobinism 8 0
einfass 2 0
craved 11 0
hrixus 1 0
hirlwinds 9 0
confining 18 0
craven 4 0
cooped 1 0
achtern 2 0
emuetsruhe 7 0
craves 2 0
neither 1041 0
teilweis 1 0
cooper 1 0
interlacing 2 0
uneasy 84 0
gluten 1 0
pontoon 2 0
ohannisbrotbaeume 1 0
soone 5 0
verett 1 0
conciliated 3 0
plentie 1 0
innocent 175 0
repulse 8 0
swivels 2 0
ogota 7 0
chnabel 7 0
opine 1 0
pistle 26 0
sinews 27 0
soont 1 0
anzunaehern 1 0
sinewy 5 0
dagnyj 1 0
beguilement 1 0
segensreichen 1 0
auptpunkte 2 0
fictitious 32 0
bevor 14 0
nschrift 6 0
aufzuruehren 1 0
perceiv 5 0
angemeldet 2 0
devised 33 0
avoidable 2 0
istorazione 1 0
pontons 1 0
scaffoldings 3 0
andaisan 1 0
oalheavers 1 0
oping 2 0
ausging 5 0
eipen 1 0
edicine 7 0
ungemessenen 2 0
icomte 1 0
replenish 13 0
prevaild 18 0
taedte 18 0
typhoid 2 0
gewaltsame 3 0
elighting 1 0
ubsidies 1 0
ppeals 6 0
schooner 11 0
ungeneckt 1 0
einzuschieben 1 0
piston 22 0
pistol 53 0
neuangekommener 1 0
ibertate 2 0
prevails 34 0
intuens 1 0
ntergeschosse 1 0
tterbourne 1 0
escorted 13 0
priesthood 20 0
trickles 1 0
bezeichnend 2 0
andango 1 0
broughte 4 0
vinolent 2 0
hallcross 1 0
neuangekommenen 1 0
outdated 1 0
unweaned 2 0
niwashiro 1 0
scolds 1 0
incapacities 1 0
ouverneur 18 0
vault 24 0
commonly 459 0
ppears 1 0
opisc 1 0
blithely 1 0
samplers 1 0
opish 8 0
ongregations 5 0
ardiness 2 0
hotelkeeper 1 0
rigged 11 0
ssemani 1 0
trickled 9 0
araguay 8 0
adstock 2 0
zugibt 2 0
platitude 1 0
pwer 1 0
uderkoping 1 0
praetendiert 2 0
rigger 2 0
aeuserchen 1 0
nsulte 1 0
ahrszeit 11 0
ausbleiben 3 0
jokers 1 0
ardiners 6 0
delicias 1 0
nsults 5 0
vaunt 1 0
auerstochter 1 0
absichtliches 1 0
absichtlichen 1 0
strictly 115 0
arrogantly 2 0
lebenslang 1 0
bgeschiedenheit 3 0
haedrus 5 0
anmutig 11 0
gerton 5 0
proclaiming 15 0
weakenest 1 0
arengo 4 0
alvarys 1 0
inigemal 1 0
zuging 2 0
irrwarr 1 0
erite 1 0
opium 26 0
iagara 8 0
nterwalden 2 0
pedantisch 1 0
maligne 1 0
erits 4 0
harmlessness 1 0
rattlesnake 7 0
siatischen 1 0
twiney 1 0
disbelief 3 0
rtificer 5 0
rtifices 1 0
twined 7 0
deity 28 0
disdained 11 0
illuminiert 3 0
ccidie 2 0
imstande 27 0
weddings 5 0
valeting 1 0
ussenseite 4 0
pazierritte 1 0
eaufort 5 0
arthest 1 0
pistel 3 0
lebenslaenglich 2 0
rbour 1 0
eingerichteten 2 0
ewcastle 19 0
gerichtlich 2 0
eingerichtetes 1 0
erish 2 0
twinge 3 0
evening 713 0
ascom 1 0
intueri 1 0
heterogeneous 3 0
braucht 49 0
trahlend 1 0
ausgesucht 6 0
batest 1 0
geliebte 30 0
ascot 1 0
ascon 1 0
pistil 2 0
gebaerdeten 1 0
beerhouse 1 0
brauche 25 0
turtle 34 0
entadeln 1 0
angehen 5 0
irreconcilable 4 0
areotis 1 0
experiences 56 0
arenas 1 0
contagion 15 0
radation 1 0
specialist 2 0
perfluity 1 0
artenhauses 1 0
nwilling 2 0
phoned 7 0
alderfirst 3 0
irrende 1 0
eartily 2 0
ctavianus 1 0
governings 1 0
potestatibus 1 0
unbolting 2 0
bezeichnete 7 0
deith 5 0
ompared 8 0
conciliator 1 0
sooth 109 0
sooty 4 0
speciality 2 0
deism 2 0
chutzempfohlnen 1 0
experienced 140 0
ellisson 1 0
erins 14 0
sheriffs 1 0
bevel 1 0
underlie 5 0
yprians 2 0
ilbertin 1 0
eriod 17 0
uiverful 183 0
underlip 2 0
ratique 1 0
ferentes 1 0
seemilies 2 0
grabblin 1 0
handcuffed 2 0
neamand 2 0
izier 1 0
giddy 13 0
ndiscretion 4 0
fluechtete 6 0
essrer 1 0
essres 1 0
solidity 23 0
unstrest 1 0
seawood 1 0
undertakes 13 0
husbandry 36 0
spanners 2 0
nterarm 1 0
xzesse 2 0
undertaker 24 0
conquerable 1 0
undertaken 69 0
funeral 78 0
weetmeat 1 0
lisandre 3 0
understanded 1 0
wuerdigste 3 0
luice 1 0
hronologicae 1 0
outline 51 0
erichts 11 0
nominal 64 0
belasteten 1 0
vielfaeltig 1 0
belasteter 1 0
ndustry 69 0
ortstellung 1 0
chmiegsamen 1 0
restrictive 1 0
subtracted 5 0
hronological 1 0
tinking 1 0
ungesunden 1 0
understanden 2 0
eggewendet 1 0
verspraechen 1 0
erfreu 3 0
dandyism 1 0
ignetten 1 0
birren 3 0
substraction 1 0
ilybaeischen 1 0
verleidet 3 0
endangers 2 0
hydrophobia 2 0
comparatione 1 0
muehen 2 0
verleiden 2 0
uspense 2 0
hereintraete 1 0
conscrip 1 0
luids 7 0
talicus 2 0
rammatici 1 0
substracting 1 0
irectly 3 0
limpiade 2 0
sengten 1 0
youthful 51 0
avignan 1 0
nwiderstehlichen 1 0
irector 67 0
tavvum 1 0
brougham 13 0
assistance 257 0
dishonourableness 1 0
xchanges 1 0
lackbeard 2 0
mastering 5 0
undelayed 1 0
eisheitsbaum 1 0
wonder 497 0
uncoined 4 0
ravellers 5 0
scoffingly 1 0
mosquito 18 0
ermoegen 62 0
alatians 2 0
discreetely 1 0
ownpatrick 1 0
cadia 3 0
opien 6 0
righam 59 0
nsulis 1 0
opies 23 0
mindedly 1 0
verschlechtert 1 0
schlafendes 1 0
einnaehen 1 0
alfter 1 0
reestablish 1 0
einbrechenden 4 0
aufschlagen 3 0
haverin 3 0
statthabe 1 0
schlafenden 5 0
yelled 17 0
typhoon 4 0
einbrechender 4 0
ichtfinden 1 0
hatchets 2 0
sooft 12 0
outlive 7 0
ekouriona 1 0
edichte 24 0
speisten 3 0
buffoons 2 0
blitzte 1 0
antiquated 20 0
edichts 1 0
nuclei 2 0
eierfels 17 0
icolaus 3 0
eerkatzengesichter 1 0
amster 2 0
negociating 2 0
opics 1 0
untadeliche 1 0
estivate 1 0
ufheben 2 0
nominis 1 0
elusions 2 0
trudeleien 1 0
gemeiniglich 6 0
tility 13 0
muehte 1 0
oncessions 6 0
pinners 2 0
uszuege 1 0
unreserve 2 0
accordin 6 0
reconnaissance 5 0
projick 2 0
gewoehnlichere 1 0
winging 3 0
altfraenkische 1 0
iconio 1 0
uechengewaechsen 1 0
irectum 1 0
quatinta 3 0
einschlafe 1 0
swervement 1 0
alsehoods 1 0
unerring 10 0
laenztet 1 0
lfenbein 3 0
amball 1 0
squadron 8 0
erichte 10 0
vicarage 14 0
rueckendes 1 0
elehrten 6 0
elehrter 2 0
dastardly 10 0
lopfer 1 0
rofane 1 0
lopfen 1 0
husbandes 2 0
accorded 33 0
distractions 8 0
stricter 4 0
amstag 2 0
lvares 1 0
chloss 87 0
nominee 11 0
yuthers 1 0
yelleth 1 0
ogood 20 0
provocations 5 0
passageway 1 0
usschliesst 1 0
birthin 3 0
ircumnavigators 1 0
ronzen 1 0
ahrungsmitteln 1 0
beguetertes 1 0
husbanded 3 0
heliocentric 2 0
begueterten 2 0
accorden 1 0
provocatione 1 0
persiflage 1 0
herumdrueckt 1 0
brattling 1 0
aufhaben 1 0
absonderten 2 0
zusammengehaeuft 1 0
iedergeburt 2 0
ephemeral 6 0
sorta 14 0
ansenists 34 0
fellowships 1 0
locksmith 1 0
nationalist 1 0
inzwischen 26 0
nationalism 1 0
sorts 216 0
terrain 1 0
kalana 1 0
culpable 12 0
handwork 1 0
entnommen 1 0
diversities 11 0
genugtun 2 0
fuhren 24 0
falsen 1 0
occacio 1 0
nationality 21 0
falsed 1 0
aphlagonian 1 0
astragulus 1 0
amilienbeispielen 1 0
nangenehmes 1 0
erman 429 0
intreating 1 0
rimanes 2 0
rolling 88 0
begrudge 11 0
dexterous 17 0
eihnachtsabend 6 0
egnadigung 1 0
sterwoche 1 0
parsnip 1 0
suchlike 1 0
uebler 7 0
gottesfuerchtiger 1 0
ueblem 1 0
ueblen 4 0
gottesfuerchtigen 1 0
shrugs 3 0
betreten 21 0
uebergespannte 1 0
uebles 2 0
eisig 3 0
rblassen 2 0
espondency 1 0
cistern 4 0
lberne 1 0
prithee 2 0
carian 6 0
gemildert 6 0
uckrum 1 0
urders 7 0
unbekannten 18 0
zuruecksetzen 1 0
ansprechenden 1 0
demas 2 0
unbekannter 2 0
unbekanntes 2 0
predetermines 1 0
unguent 2 0
enedictines 8 0
expurgating 1 0
auptepoche 1 0
clipper 1 0
gifts 147 0
assistants 9 0
vorbedeutendes 1 0
ulness 4 0
predetermined 4 0
estufas 1 0
tottered 7 0
mutterseelenallein 1 0
outvoted 2 0
unpopular 36 0
luxuriously 4 0
expurgation 1 0
durchleitet 1 0
tilgen 4 0
panther 13 0
magically 4 0
efohlene 1 0
urdett 2 0
furthers 1 0
scootin 2 0
crypt 2 0
inconsequence 3 0
hervorglimmte 1 0
ninthe 1 0
oailles 17 0
transcends 4 0
elaborately 16 0
hindraengen 1 0
sorry 292 0
verzeigst 1 0
unobscured 1 0
benefice 17 0
furthest 10 0
raubengelaender 1 0
gifte 1 0
sutnev 1 0
clipped 15 0
undankbaren 2 0
astrologically 1 0
sutney 3 0
undankbares 1 0
eisen 48 0
panniers 2 0
exempt 34 0
eiser 3 0
eiset 1 0
falsch 14 0
feminist 1 0
incantations 6 0
ersoenchen 2 0
unflinchingly 2 0
oyful 1 0
rumors 10 0
faulty 20 0
faults 118 0
meditating 23 0
mysel 9 0
nterest 173 0
hoffnungsloses 1 0
algorithm 1 0
ueberzeugen 43 0
cryin 5 0
embroider 3 0
arnell 5 0
pottsylvania 1 0
carelessness 25 0
iltenberg 8 0
vociferously 5 0
shrubbery 14 0
ahnbuerste 1 0
ismounting 3 0
system 668 0
vacating 3 0
likelihood 22 0
phronesin 1 0
shrunk 29 0
transudation 1 0
yran 8 0
yree 1 0
uygens 1 0
aggriev 2 0
solemnities 2 0
rrival 62 0
vacation 16 0
terrace 46 0
verklemmte 1 0
eigenbaeume 2 0
yrenen 5 0
beieinander 5 0
outcome 13 0
gratulation 2 0
fortwirkend 1 0
lcyon 2 0
ailiffs 1 0
sacrosancti 1 0
ericles 16 0
historiam 2 0
historian 56 0
ucifera 1 0
excuseth 1 0
preceptors 5 0
nthank 1 0
meditation 32 0
rifleman 3 0
fuehlende 1 0
prosaic 6 0
arneol 1 0
lumen 79 0
rucibles 1 0
arthian 1 0
erobern 4 0
erobert 2 0
amongst 156 0
ranjuez 1 0
espondence 1 0
deprimiert 1 0
nnight 3 0
aptivity 3 0
anterevolutionary 1 0
erschwaegerung 1 0
nvironed 1 0
omeranian 1 0
adhere 27 0
weggelassen 1 0
rumour 22 0
compilations 2 0
catchword 1 0
territorial 16 0
bathman 1 0
cryen 6 0
totternd 1 0
ochdorf 2 0
yres 4 0
venezianischer 1 0
jumping 24 0
yril 2 0
venezianischen 13 0
yria 17 0
yric 1 0
rrived 8 0
yrie 3 0
erfoderte 3 0
flaccid 1 0
rrives 1 0
artenpartien 1 0
blitzen 1 0
orazens 1 0
assassinated 17 0
blossom 44 0
perched 22 0
vortrefflichste 2 0
caring 22 0
ascends 18 0
perches 1 0
arnese 10 0
aucasus 3 0
bominable 5 0
grado 1 0
nmoegliche 7 0
itchinof 4 0
meditative 7 0
arness 1 0
arnest 4 0
schoepferischen 1 0
aufgestossen 1 0
umhertrieb 1 0
demum 1 0
ehender 1 0
cratic 1 0
demur 4 0
elicissima 3 0
officiate 3 0
ebruar 33 0
arnett 2 0
shabby 26 0
warranties 60 0
territories 55 0
grade 29 0
ermus 2 0
ermut 1 0
schaetzten 2 0
aqueous 1 0
nmutige 1 0
ontrovers 2 0
myrna 28 0
chulzen 2 0
appliances 9 0
grabs 2 0
tropfsteinartigen 1 0
esitztuemer 12 0
sorer 1 0
oplar 5 0
sores 12 0
besprachen 4 0
chlange 3 0
derselbige 1 0
ueberschlug 1 0
safeguarded 3 0
grace 381 0
chulterblatt 1 0
pleeceman 1 0
arpassus 1 0
empower 1 0
crater 8 0
crates 2 0
utmassungen 9 0
woehnlich 1 0
aaten 2 0
sagamity 1 0
sorge 1 0
professorship 2 0
ydische 1 0
yron 68 0
chuhen 2 0
efaelligkeitswechsel 1 0
durchbrechen 2 0
aggiore 4 0
orgestern 4 0
fluviatile 1 0
forsee 1 0
yrol 1 0
ifferblatt 1 0
inforced 2 0
warriors 29 0
beschienen 2 0
chleiermacher 5 0
issverstand 2 0
sickerly 18 0
verbirgst 3 0
agitation 54 0
asserglase 1 0
elbstgespraeche 3 0
ausgeschmueckt 4 0
wesentliche 4 0
benefits 80 0
eiste 44 0
complaisance 11 0
myrrh 13 0
uncorked 3 0
untressed 2 0
dromedaries 5 0
pennyweight 6 0
generating 3 0
tricking 2 0
opacous 1 0
secerts 1 0
grilled 2 0
kneads 1 0
ennobling 4 0
lulls 4 0
artenhaeuschen 2 0
demonstrable 3 0
andgewehr 1 0
inforces 1 0
ueberzeugte 8 0
agitating 5 0
ehnsuchtsvoll 1 0
riflemen 1 0
ternenjunktur 1 0
demonstrably 1 0
foundling 2 0
gelegentlich 26 0
coundrel 1 0
ermon 15 0
auskleiden 2 0
dolatry 4 0
arthing 3 0
mwaelzungen 1 0
ratosthenes 2 0
icences 1 0
gastfreie 1 0
officials 71 0
umgerissen 1 0
generation 183 0
eisse 7 0
fauler 1 0
oncords 1 0
aeherkommendes 1 0
antechapel 1 0
blossem 2 0
blossen 15 0
carmine 3 0
einstehen 1 0
eisst 22 0
adyship 1 0
blosser 4 0
miraculous 48 0
blosses 4 0
yrrh 1 0
failing 55 0
oncorde 1 0
verlange 22 0
glaciers 1 0
ermin 1 0
egenbogen 1 0
feminine 48 0
sorne 1 0
nclos 3 0
aconian 14 0
intranced 1 0
ausbacken 1 0
gespart 3 0
fireplace 42 0
abilitie 1 0
ermit 70 0
scooted 6 0
yrus 23 0
broiled 4 0
ueblos 1 0
demon 29 0
stubbornly 15 0
zuckten 2 0
abjured 7 0
anzmeisters 1 0
eitenaltaere 1 0
zynischer 1 0
ansenisme 2 0
chreibtisch 10 0
gigas 1 0
zynischen 1 0
glaciere 1 0
yrte 43 0
sonnige 1 0
aufgeschwatzt 1 0
chreckbilder 2 0
sprawled 4 0
ausfreund 2 0
rumpet 1 0
lberts 4 0
shrubs 21 0
caged 4 0
traordinary 1 0
sorgt 6 0
herabgerollten 1 0
misgivings 7 0
ufzuloesen 1 0
unromantic 3 0
cages 6 0
umschrieben 1 0
cratch 1 0
supposition 95 0
ansprang 1 0
projectiles 4 0
siehst 49 0
olchergestalt 1 0
ivillari 1 0
purblind 4 0
ermia 1 0
dulien 1 0
sickerer 1 0
zweideutigen 4 0
diluted 3 0
continueth 2 0
ermel 2 0
ascertain 84 0
commoner 6 0
zweideutiger 1 0
bweichungen 2 0
itzkoepfe 1 0
ermes 20 0
verlangt 37 0
andsart 1 0
generative 4 0
pplication 50 0
yadoya 36 0
beschrieb 7 0
amonges 10 0
reinstating 1 0
iderlaufen 1 0
cloudless 11 0
ebendieser 1 0
inteneded 1 0
ebendiesem 3 0
ensterladen 1 0
ebendiesen 1 0
rchipelago 4 0
ungeratene 1 0
wohlgemut 1 0
ungratefulness 1 0
einflasche 1 0
ezension 1 0
erlag 1 0
unscrutinized 1 0
eschichten 28 0
uncalled 2 0
prophesies 1 0
nachreden 1 0
nchanging 2 0
squint 2 0
aubschnitzer 1 0
unwiederbringlich 3 0
shoemaking 2 0
submersion 1 0
ichelmond 1 0
prophesied 17 0
ackwards 2 0
abschreiben 1 0
disasters 16 0
spectatordom 1 0
barehead 1 0
ropagation 2 0
embraceth 1 0
mmoderate 1 0
nvergaengliche 1 0
delay 137 0
ediola 1 0
zernichtet 1 0
chlachtopfer 1 0
gewisser 39 0
geographical 24 0
gewisses 13 0
gewissem 1 0
gewissen 131 0
edriff 1 0
ropagating 1 0
pilework 2 0
astonishes 6 0
necessitating 2 0
weiteren 2 0
erkenntlichste 1 0
aufschlaegt 2 0
weiteres 4 0
omission 20 0
compared 201 0
uncovering 2 0
turret 28 0
eingeschuechtert 1 0
reiterated 11 0
compares 9 0
turrem 1 0
ineligible 1 0
battening 1 0
brenning 1 0
motherland 2 0
astonished 119 0
imposters 1 0
subscriptions 15 0
beauty 598 0
aufwarf 1 0
elodram 1 0
labored 11 0
baking 5 0
niverse 22 0
nutzlos 1 0
beauti 1 0
ccepted 2 0
useless 231 0
laborer 19 0
ascertaind 3 0
resonant 1 0
eingiessen 1 0
depositaries 2 0
chafferers 1 0
erkleidungen 2 0
arnings 2 0
resonans 1 0
rteil 45 0
wunderbarste 4 0
amphleteers 1 0
lightship 1 0
giess 1 0
eirat 27 0
sperren 2 0
forgive 135 0
pattering 3 0
charfsichtigkeit 1 0
pendant 8 0
getting 333 0
vintner 1 0
eagrave 2 0
ascertains 4 0
eronne 1 0
supervision 14 0
nglauben 6 0
ungehoert 1 0
rotseidenen 1 0
rovidentially 1 0
rippling 12 0
highte 24 0
falter 5 0
ibliotheca 3 0
unbesorgt 3 0
ulphureous 1 0
sukuno 1 0
falten 1 0
istances 3 0
ysam 1 0
fibers 3 0
aares 1 0
lumenmassen 1 0
nodule 1 0
schmaehlichste 1 0
curveless 1 0
physiognomischen 1 0
ograi 1 0
aregular 1 0
oyess 1 0
gaukelnde 1 0
quenches 2 0
begruebt 1 0
uerstentum 1 0
beside 348 0
ouleaus 1 0
casualness 1 0
quenched 13 0
satisfied 344 0
expunge 1 0
nachgestrebt 1 0
weithin 1 0
trickish 1 0
foolish 207 0
vollendet 19 0
alludes 6 0
expungd 1 0
quenchen 1 0
vollenden 18 0
besieg 1 0
igenheiten 12 0
unbestellt 1 0
alluded 51 0
manufactory 6 0
sperrit 1 0
desecrated 4 0
crystal 36 0
nless 47 0
oannis 2 0
reaking 4 0
satisfies 9 0
euerkraeften 1 0
rumpus 3 0
porous 17 0
aarif 5 0
mesmerized 1 0
sinkenden 5 0
yset 1 0
annheim 7 0
corporate 30 0
sinkender 1 0
bombardment 1 0
ysen 1 0
ootmen 1 0
chaltiere 1 0
tuechtigsten 1 0
ritualistic 2 0
squire 30 0
ysia 2 0
crassa 2 0
erkte 1 0
northern 137 0
luetenknospen 1 0
panting 28 0
ommoner 2 0
encounters 16 0
erbiete 3 0
squirt 2 0
caere 2 0
novice 12 0
rewarder 1 0
encounterd 1 0
erbiest 1 0
zaudertest 1 0
mammoth 2 0
rations 5 0
oannes 2 0
sutore 2 0
dichtverhaengten 1 0
ippomenes 2 0
juxta 1 0
rewarded 64 0
enacted 81 0
erkur 3 0
shades 52 0
utilised 5 0
eintuecher 2 0
pyre 13 0
nurslings 1 0
oannen 1 0
comparateevely 2 0
politely 32 0
durchzudringen 1 0
highly 344 0
deserters 6 0
illegally 7 0
offhand 4 0
ibations 1 0
chmerze 4 0
fatetur 1 0
eufelslarve 1 0
shaded 39 0
geringeren 4 0
giein 4 0
mphioun 2 0
pageantry 6 0
forging 2 0
geringeres 3 0
gefehlten 1 0
ysis 1 0
parsons 11 0
tterly 4 0
aaren 30 0
luemchen 1 0
inderskeletts 1 0
schadenfroh 1 0
murderers 16 0
delta 4 0
sperrte 2 0
uhigkeit 1 0
icolai 2 0
countrified 1 0
eceivd 1 0
eceive 8 0
endavesta 1 0
soelchene 2 0
zugesprungen 1 0
fassbar 1 0
eteriorated 1 0
indentures 1 0
woellt 2 0
atsides 1 0
woelln 4 0
requester 1 0
insanely 2 0
interpreter 43 0
elightful 7 0
hinausgebracht 1 0
convolutions 4 0
secondary 37 0
requested 98 0
unterhaltender 1 0
remorseless 10 0
unverstaendlicher 1 0
unterhaltenden 1 0
alfrid 2 0
interpreted 32 0
icolas 3 0
denkest 1 0
yson 4 0
erlos 7 0
delve 3 0
unusually 37 0
foretelling 11 0
abgelegten 1 0
gelding 2 0
aeufen 1 0
eronax 2 0
abgekocht 1 0
ythagorean 1 0
ongman 1 0
achfolgendes 1 0
mundic 1 0
imaginatioun 2 0
ildungsvermoegen 2 0
stoical 3 0
aeufet 1 0
slipper 2 0
threatened 104 0
aeufer 8 0
comparve 1 0
ommonly 3 0
udringen 2 0
threatener 1 0
instincts 41 0
schmelzen 1 0
slipped 91 0
extraplanetary 1 0
detriment 7 0
alfrey 4 0
onderbarkeiten 5 0
ungehofft 1 0
entscheiden 23 0
laborum 1 0
waffles 3 0
taeben 3 0
perceivest 1 0
denkend 6 0
aleikum 2 0
beaver 21 0
highes 1 0
reinigende 1 0
bjects 18 0
tranquillised 1 0
apexes 1 0
excitability 1 0
eceipt 33 0
higher 563 0
anskrit 3 0
unreadable 1 0
fooling 5 0
haba 4 0
ntergehen 2 0
ertullian 1 0
habe 1267 0
eirrt 1 0
crashy 1 0
heavenwards 1 0
villany 11 0
repertory 1 0
politest 2 0
naseweise 1 0
geradezu 14 0
entscheidet 5 0
covertures 1 0
souvenirs 1 0
ntercourse 5 0
erlin 60 0
aellen 41 0
frameworks 1 0
flimmern 1 0
hade 1 0
aegypten 2 0
stottern 1 0
hack 13 0
scunner 2 0
clippin 2 0
heatetus 1 0
ausgezogen 5 0
begruess 1 0
falsly 4 0
postmarked 1 0
chuckled 18 0
eriophyllous 1 0
besitz 2 0
bgeschmacktheit 1 0
woelfe 1 0
ubsistence 35 0
belastet 4 0
bouillon 4 0
hace 3 0
lektren 1 0
unloved 2 0
sichtbaren 8 0
squier 17 0
habn 23 0
sichtbarer 2 0
sichtbares 1 0
habs 1 0
habt 81 0
illiams 52 0
digious 1 0
neighbouring 108 0
potater 1 0
slices 10 0
vivifying 1 0
hipapu 1 0
ueberdraengt 1 0
artherzigkeit 1 0
chlamme 1 0
evonshire 8 0
haem 1 0
haes 2 0
presumptively 1 0
dells 4 0
einbergen 5 0
interdict 10 0
haec 1 0
batement 7 0
leiblich 1 0
omkirchen 1 0
della 13 0
sliced 2 0
emotion 154 0
hadn 73 0
delle 5 0
erunglueckt 1 0
ransois 1 0
fruende 1 0
exalting 3 0
oncepcion 1 0
hristentumes 1 0
currencies 6 0
expositions 4 0
haha 2 0
incipient 5 0
villain 31 0
gewohnt 88 0
schalsten 1 0
ungemischt 1 0
erlen 13 0
unofficially 2 0
playmates 8 0
uncontented 1 0
pythagoreisches 1 0
aufgefassten 1 0
ncreaseth 1 0
rtikel 5 0
indistinct 19 0
sklavische 2 0
anmerken 1 0
rausbeuteln 1 0
chnitzwerk 3 0
banisht 1 0
uinctilian 2 0
capering 4 0
haft 1 0
paddling 9 0
delin 2 0
gedenkest 1 0
schlichten 3 0
deliv 4 0
selbstisch 1 0
aronesse 42 0
hair 589 0
cafes 12 0
marriage 401 0
contestants 1 0
village 405 0
banishd 1 0
angekleidet 3 0
illustrious 80 0
haid 1 0
aufgetan 2 0
haie 1 0
rimaldi 1 0
ufenthalt 47 0
hail 49 0
hain 15 0
feverishly 2 0
squibs 1 0
incorporeal 2 0
epistles 10 0
poetical 46 0
erleb 1 0
zusammenzieht 1 0
topographical 1 0
taliens 2 0
hale 9 0
half 1820 0
iderwaertiges 2 0
halk 24 0
hall 447 0
quickest 8 0
halo 11 0
fastenings 7 0
unwitnessed 1 0
causelessly 1 0
ssurances 12 0
arrypin 111 0
shrieking 11 0
hala 8 0
halb 79 0
roundel 5 0
hake 2 0
eimweh 1 0
scratch 25 0
rounder 1 0
issgriffe 4 0
loiters 1 0
universale 1 0
ersoehnen 1 0
delbert 8 0
eroic 3 0
rounded 69 0
caids 1 0
ebendeswegen 1 0
issgriffs 1 0
iquet 1 0
hang 169 0
gleams 14 0
rechtschaffenen 6 0
taatssekretaer 2 0
hank 88 0
echselgefaelligkeit 1 0
schliessliches 1 0
sidled 2 0
grumpy 4 0
eroen 2 0
hant 3 0
rechtschaffener 2 0
ufeisen 1 0
untergehender 1 0
eroes 12 0
untergehenden 2 0
ausfrau 14 0
positives 1 0
vitiated 6 0
umschwebte 1 0
barbarously 5 0
dahlte 1 0
hanc 3 0
hand 2437 0
hame 46 0
tripartite 1 0
vertrauern 2 0
emstadt 1 0
pretties 1 0
hams 3 0
prettier 17 0
aeulenhalle 1 0
hals 1 0
herausgeht 1 0
halt 105 0
unimproved 19 0
empoeren 1 0
tropics 11 0
ifteen 23 0
regain 15 0
koenigliche 3 0
ewuerzladen 1 0
ufschneider 1 0
stampfte 2 0
begreifst 5 0
hilodemus 5 0
untersten 4 0
resolvd 19 0
resolve 75 0
rhapsodists 3 0
zugesagt 6 0
proscenium 1 0
happ 4 0
arentation 1 0
haps 12 0
gepriesene 2 0
haow 2 0
hapa 2 0
sotto 5 0
untersteh 1 0
hape 8 0
flouts 1 0
fflictions 3 0
freuen 38 0
gestis 1 0
pothecaries 3 0
astrologer 6 0
bwohl 4 0
bleistiftlich 1 0
bilocations 1 0
erode 1 0
eindseliger 1 0
haos 4 0
freuet 4 0
herausgebe 1 0
uesche 1 0
frustrate 10 0
aside 241 0
resolut 1 0
gorgeous 38 0
issensions 1 0
rthon 1 0
hark 10 0
hinausgeholfen 1 0
harm 206 0
hinazzi 1 0
ompkins 5 0
vermisstest 1 0
harp 47 0
provided 333 0
hart 238 0
rantors 1 0
regale 3 0
criptores 2 0
ramping 3 0
uebelgesinnten 1 0
uebelgesinnter 1 0
provides 23 0
hara 1 0
harb 2 0
hard 827 0
hare 96 0
forderte 15 0
harf 1 0
nachgelaufen 1 0
bevorteilen 1 0
alciferous 3 0
losreissen 8 0
herausguckten 1 0
kithed 1 0
asilica 3 0
asier 1 0
schriftstellerischen 1 0
vorgekommen 12 0
jiminy 1 0
stillschweigend 12 0
pupils 79 0
esostris 1 0
illustrates 12 0
merlasses 1 0
feinfuehlenden 1 0
hats 41 0
assiduously 9 0
hatt 11 0
prohibits 11 0
roundly 3 0
gebare 1 0
goldnes 1 0
iegeln 5 0
leaste 8 0
exerting 15 0
goldner 3 0
ythagoreans 3 0
hate 217 0
prohibita 1 0
goldnen 20 0
hath 725 0
lettered 2 0
hasn 32 0
gestes 7 0
ffeminacy 1 0
hasp 2 0
hass 2 0
gesteh 3 0
hast 469 0
exertion 81 0
ngewitter 2 0
verwitterte 1 0
illustrated 26 0
chuessel 11 0
inwendungen 6 0
famose 1 0
durchzufuehren 5 0
effacement 1 0
hase 6 0
hiribetsan 1 0
hash 4 0
havn 1 0
furial 1 0
ogues 6 0
anover 22 0
oguen 1 0
combatants 15 0
ncarnation 6 0
frigates 4 0
soude 4 0
auszufuehren 21 0
rabantern 1 0
concoctions 1 0
have 24656 0
freust 1 0
bruzzi 1 0
forfeiture 7 0
yths 2 0
haul 19 0
emperament 1 0
famous 223 0
albrausche 1 0
haur 5 0
haus 1 0
buxomly 1 0
hallowed 11 0
haut 5 0
freute 50 0
firmament 18 0
regard 753 0
haud 16 0
gebaut 43 0
chlaflied 2 0
minstrelsy 11 0
frights 2 0
mittens 5 0
alathiel 1 0
auszugehn 1 0
reverberate 1 0
yetta 1 0
nougat 1 0
outspokenness 1 0
ausgedehntem 1 0
ausgedehnten 2 0
unroofing 1 0
keration 1 0
upheaves 1 0
skurry 1 0
haws 1 0
patriot 19 0
roundin 1 0
redemptoris 3 0
gestae 5 0
ueckzug 3 0
hawa 3 0
upheaved 2 0
anwohnender 1 0
einzunisten 1 0
obligation 105 0
hawk 34 0
roundid 1 0
hawl 2 0
khole 1 0
voracity 1 0
hazy 6 0
umherlaufend 1 0
behorchte 2 0
orweary 1 0
intmentes 1 0
haze 18 0
angelegte 1 0
harsch 1 0
ichtschnur 4 0
direction 432 0
slippin 4 0
hays 1 0
uddeness 1 0
racious 7 0
fortlassen 1 0
wuchsen 3 0
inspector 2 0
ompignan 2 0
befliss 4 0
mportations 3 0
hatching 4 0
erechtigkeits 1 0
uebertrieben 11 0
empowerd 5 0
gestochenen 1 0
krueppligen 1 0
directing 25 0
mstaendlich 2 0
raudulent 3 0
rthur 102 0
edderburne 2 0
glebae 1 0
latani 1 0
winsey 2 0
carsdale 1 0
reichere 1 0
fortgeschickt 1 0
amilienvater 1 0
besehen 10 0
abreissend 1 0
lexander 108 0
exackly 2 0
vincial 3 0
mildewy 1 0
abgemerkt 2 0
inervatempel 1 0
orniculere 1 0
olledge 1 0
energischer 2 0
shouters 1 0
harrte 4 0
latant 2 0
fortgerannt 1 0
fertilizing 3 0
apertly 1 0
begreifen 52 0
aengstigen 9 0
intreats 1 0
usikern 1 0
dahingehn 1 0
pencils 3 0
hineinzugehn 1 0
fecit 1 0
litherly 1 0
drills 1 0
umschweben 2 0
weggerueckt 1 0
eckstang 1 0
enerations 5 0
reichend 1 0
hooting 12 0
sepulchrally 1 0
schwankender 1 0
umhergehend 1 0
vorauszusehen 4 0
schwankendem 1 0
peptone 1 0
schwankenden 7 0
buergerliche 6 0
urchin 8 0
geschuettet 1 0
inodorous 1 0
tugendsam 1 0
habergeons 1 0
asserflaeche 1 0
slovenly 12 0
radesmen 3 0
vikariieren 1 0
abwechselnden 6 0
inspected 6 0
auffallend 12 0
rashness 16 0
sotel 2 0
deots 2 0
unaehnlich 4 0
eroun 1 0
immorality 23 0
furies 2 0
ytus 1 0
wahrsten 2 0
infinitude 3 0
auswaschen 1 0
onnenkehr 1 0
rogheda 3 0
sleeplessness 4 0
deown 1 0
roareth 2 0
arnivora 1 0
stampfen 2 0
xposures 2 0
empfehlen 16 0
winsle 1 0
wohlgefallen 1 0
restorative 1 0
asilisk 1 0
ulkanitaet 1 0
aengstlichkeit 2 0
criptorum 1 0
amazonenhaft 1 0
verderblich 5 0
ydrangea 1 0
inundate 1 0
eroot 3 0
unavowed 1 0
uldoon 17 0
iquor 16 0
stehende 6 0
erope 2 0
enthusiastical 1 0
asion 1 0
radesman 9 0
ferrying 2 0
frenches 1 0
restoration 49 0
furiously 31 0
fortgesetzt 7 0
priority 1 0
mniscient 2 0
railways 4 0
atalans 2 0
fruchtbareren 1 0
geschneit 1 0
ngnade 1 0
plaiting 1 0
leased 11 0
vorstrecken 1 0
olkenstreifen 1 0
billows 24 0
erona 27 0
leases 13 0
ettungen 1 0
eroni 60 0
getters 1 0
seeumflossenen 1 0
billowy 5 0
snuffing 4 0
undervalue 3 0
eferences 1 0
lataea 3 0
getteth 4 0
sovreign 1 0
idleness 56 0
seidene 3 0
durften 11 0
ehedehet 2 0
gettest 3 0
vergassen 1 0
angelegen 7 0
incipias 1 0
incipiat 1 0
ccordeth 1 0
andikai 1 0
halbrunde 1 0
interhaare 1 0
appetizing 1 0
usikalische 1 0
mildern 3 0
dvertisement 8 0
housework 1 0
ailing 16 0
erold 7 0
ambush 8 0
ajory 1 0
harrow 3 0
mildest 9 0
ensamples 2 0
ahrelang 1 0
ajors 2 0
arnawends 1 0
lexandre 2 0
erome 22 0
melodies 9 0
hble 3 0
stacked 9 0
asily 4 0
ungenuegsamen 1 0
escalier 1 0
mumble 4 0
verdammten 1 0
nsolvent 1 0
uecklinge 4 0
etraenke 5 0
lavierspielers 1 0
beseelen 1 0
asina 2 0
protreptikon 1 0
verdammter 1 0
verdammtes 1 0
behighte 1 0
audegen 1 0
successively 35 0
asino 1 0
iocleides 1 0
asilike 2 0
asing 2 0
asilika 1 0
getragen 22 0
treiterei 1 0
kuendigte 3 0
ntigonus 4 0
anemone 2 0
scariot 3 0
graue 4 0
mixing 16 0
achtwandler 2 0
onegild 5 0
eitle 4 0
erner 69 0
ernes 1 0
mitleidige 2 0
ollects 2 0
ernen 15 0
erney 5 0
ashen 7 0
ernet 3 0
graut 2 0
wechselsweise 23 0
labellis 1 0
noctem 2 0
monies 11 0
betritt 3 0
uendische 1 0
indecently 1 0
erfecting 1 0
cardsharper 1 0
scouring 3 0
grate 15 0
ashes 118 0
scaring 6 0
unverantwortlich 2 0
ollected 4 0
experimenters 1 0
erbannung 3 0
oncealed 1 0
chweinehirt 2 0
induceth 1 0
oeherauch 2 0
losgeloest 1 0
superfeecially 1 0
charnitz 1 0
ackfisch 1 0
gottlos 3 0
investments 2 0
feats 24 0
transparent 37 0
erfection 22 0
orderseite 4 0
grasp 85 0
cooperatione 1 0
grass 458 0
erschwisterung 1 0
durchschauert 1 0
eelverderbnus 1 0
harren 2 0
edicatory 1 0
faehrlich 1 0
uoghi 7 0
monied 9 0
erndl 3 0
machicolated 1 0
philosophically 3 0
anthrepos 1 0
schaedlich 16 0
ikoeren 1 0
returning 223 0
zuruecklegt 1 0
repelled 17 0
undart 4 0
learly 43 0
riegsabsichten 1 0
schliefen 5 0
rmenia 4 0
euersteinen 1 0
xamen 1 0
parades 5 0
ueberging 5 0
ueberstimmt 1 0
fears 134 0
xfordshire 6 0
unleserlichen 1 0
betruegst 2 0
paraded 4 0
noctis 1 0
ruhjahr 1 0
victualling 3 0
dence 4 0
emancipation 32 0
satellites 5 0
distributors 1 0
quests 1 0
learns 33 0
acareus 1 0
learnd 4 0
torical 1 0
ffenbarungen 1 0
ietismus 1 0
iversely 2 0
learne 10 0
presumptuously 3 0
grape 30 0
asham 5 0
ashan 1 0
feast 107 0
parching 7 0
nwillens 2 0
embraced 54 0
learnt 112 0
whispering 37 0
allemant 1 0
colours 97 0
ramlaeden 1 0
resbyterians 15 0
umschlungen 2 0
transfixed 7 0
nterkleider 1 0
neuerdings 6 0
vegetate 3 0
embraces 17 0
denen 298 0
lichterloh 1 0
overwhelmed 31 0
outdoes 3 0
questa 3 0
ornbook 1 0
auszudrucken 2 0
duration 57 0
hermitage 6 0
itigation 1 0
nhoeflichkeit 1 0
transfixes 1 0
akakane 1 0
applaud 22 0
lunar 2 0
freten 1 0
amulets 2 0
gewogen 7 0
leichmass 1 0
grand 263 0
permeate 3 0
expounds 1 0
underwerke 3 0
gaetlich 1 0
auszuwittern 1 0
grano 1 0
expounde 1 0
feard 8 0
feare 6 0
emancipating 2 0
grant 189 0
rhetorician 10 0
bezug 1 0
crocodiles 30 0
lunch 37 0
limentum 1 0
grama 2 0
cientifically 1 0
crayons 1 0
grame 2 0
revealer 1 0
populaerer 1 0
borace 1 0
ausolus 2 0
revealed 96 0
grams 1 0
proportionierten 2 0
conjecturest 1 0
rinqueau 2 0
inerrancy 1 0
ungestraft 4 0
ueberstehe 1 0
scarify 1 0
birthplace 3 0
deflect 2 0
eitel 9 0
eiten 233 0
bezog 7 0
ergruenden 1 0
eiter 74 0
eitet 2 0
schliefst 1 0
weetest 2 0
koamin 1 0
ourdes 2 0
dward 144 0
dwarf 23 0
elbstmord 1 0
verlaubt 1 0
myths 11 0
gessen 1 0
schloss 35 0
entities 5 0
edehnten 1 0
stolze 4 0
betaue 1 0
ehirne 4 0
nterprises 1 0
eeraeubern 2 0
grumblingly 1 0
lunge 3 0
bergerette 2 0
esteemed 102 0
ausfliesst 1 0
ehirns 2 0
concentrated 32 0
continuous 36 0
peering 22 0
lungs 54 0
grain 147 0
combind 1 0
partanerin 2 0
trecke 7 0
combine 44 0
dwale 2 0
bescheidner 4 0
bescheidnes 2 0
cheerfully 39 0
ueberdacht 1 0
curbing 2 0
concentrates 1 0
poisoned 31 0
picking 38 0
labelled 4 0
iverseth 1 0
bescheidnen 3 0
vacuously 2 0
dyllen 1 0
ngouleme 3 0
trecht 24 0
graft 2 0
neuzeit 1 0
nennen 96 0
enschenstimme 1 0
paradox 14 0
outdone 5 0
nennet 4 0
besteigen 9 0
attempting 94 0
combing 6 0
verwunde 1 0
ermuedenden 1 0
cientiarum 1 0
faender 2 0
reichern 1 0
thority 1 0
ungescheut 1 0
faenden 5 0
unintelligent 2 0
alamitaeten 1 0
outdoor 7 0
iebschaft 5 0
verwundt 1 0
witness 149 0
losterpforte 1 0
xoronis 1 0
conform 20 0
urchen 2 0
zurueckzuschicken 2 0
orwerk 1 0
alchensee 4 0
anvertraut 6 0
happier 54 0
rayons 1 0
abgeschildert 1 0
reassure 10 0
neubelebt 1 0
nunneries 1 0
upheaval 6 0
couring 2 0
lehrreich 5 0
inorities 1 0
alledges 1 0
bedrueckt 1 0
betrieb 2 0
wintin 2 0
clergie 1 0
hedorlaomer 1 0
nvergaenglichen 1 0
miscreant 2 0
alledged 1 0
rousness 1 0
olorit 3 0
jendel 1 0
widerstrebende 1 0
umgeben 52 0
eschaemung 10 0
ernst 12 0
otwithstanding 50 0
griechischer 4 0
nought 59 0
griechischen 12 0
harmacus 1 0
rbsen 1 0
griechischem 1 0
wohlbekannt 1 0
arquiss 2 0
outraging 1 0
lainvilliers 1 0
aeusern 18 0
ourdon 1 0
ofjunker 1 0
gefressen 4 0
nterhandlung 4 0
ountenance 24 0
treckt 1 0
charwache 1 0
ueberdruss 6 0
arquise 1 0
repelling 9 0
aschentuechern 1 0
wkward 2 0
assandr 1 0
bishop 633 0
eistesfaehigkeiten 1 0
olored 1 0
lesend 2 0
uropeanised 4 0
surprisd 2 0
surprise 301 0
tafferel 1 0
criminality 6 0
dense 77 0
kapuliere 1 0
tecken 1 0
ireplace 2 0
recrudesced 1 0
hristianized 1 0
ernor 1 0
myste 1 0
andschaftszeichnen 2 0
ernon 13 0
andschaftszeichner 2 0
misstraut 1 0
stooping 35 0
tadeln 18 0
pathfinders 1 0
auervertiefung 1 0
hermometer 13 0
tadelt 4 0
loaders 1 0
lumpe 1 0
orwelt 2 0
ceiled 4 0
irkulation 5 0
betruegen 9 0
utschenfenstern 1 0
angelehnt 4 0
ollector 2 0
pantomimisch 5 0
landing 52 0
uxuries 3 0
tallbaum 2 0
listned 1 0
fisheries 22 0
dents 1 0
gerettete 1 0
swarms 14 0
bhaengen 1 0
flegtochter 1 0
prelatess 2 0
nennte 1 0
onsequence 50 0
armortaefelchen 1 0
waagerecht 1 0
streuten 2 0
naehesten 1 0
blends 1 0
nennst 6 0
thronged 30 0
uebergibt 2 0
lumpy 1 0
rdreich 18 0
lumps 11 0
rickety 6 0
courier 9 0
stampede 7 0
ungebraucht 1 0
lytemnestra 1 0
ashoe 1 0
einschieben 1 0
eitre 2 0
inappreciable 1 0
stelzenartigen 1 0
blench 1 0
consolidating 3 0
estimmendes 1 0
istanzen 1 0
stolid 12 0
conflagrations 7 0
tellings 1 0
indoors 13 0
hunten 1 0
prevailed 103 0
replication 2 0
graze 10 0
orwege 2 0
utherans 40 0
unaufgefordert 2 0
eschaeftigten 1 0
sympathetisch 1 0
consolidation 1 0
hunted 67 0
undertaxed 1 0
ndante 1 0
ombets 7 0
ipriani 1 0
efaess 13 0
ernin 5 0
hinfuehrt 1 0
denkt 75 0
disappoinments 1 0
surprizd 5 0
surprize 8 0
hineingesehen 1 0
wealful 1 0
prettily 17 0
grays 4 0
riffeln 1 0
stolfo 1 0
undays 32 0
denke 71 0
learen 2 0
eldkurs 1 0
hunter 113 0
ugaben 1 0
hierzulande 5 0
pinchings 1 0
uehrendes 1 0
ollectio 3 0
hckb 4 0
exploration 27 0
eichtkindern 1 0
ithras 1 0
townspeople 2 0
abgetragenen 1 0
otleidende 2 0
bisher 140 0
recruit 7 0
edaref 1 0
battlefields 1 0
ineffaceable 8 0
colophon 3 0
renched 2 0
enkzettel 1 0
turnout 1 0
rotagoras 6 0
winter 426 0
unveraendert 1 0
ineffaceably 2 0
vegetale 1 0
egners 3 0
culling 1 0
erggaerten 1 0
huntin 17 0
ufruehrer 3 0
arsenals 2 0
grave 345 0
egneri 1 0
denly 2 0
ueberspannt 1 0
aufgewandt 1 0
egnern 2 0
rencher 1 0
renches 3 0
stolen 64 0
eiterstod 1 0
stoles 2 0
ynaston 1 0
gravy 5 0
decretals 3 0
regoriou 1 0
ilently 2 0
lamentatioun 1 0
nlightener 1 0
gewirtschaftet 1 0
etection 3 0
otzebue 1 0
verstorbn 3 0
niedergelassen 8 0
microfilm 1 0
hoosehold 2 0
wohlschmeckend 1 0
zusammenhingen 1 0
arfare 1 0
dahinreisst 1 0
aufstutzen 1 0
assaro 1 0
disfranchisement 1 0
capered 1 0
heodorides 3 0
adolescence 1 0
unused 12 0
berhirten 1 0
coronach 1 0
ufstehen 1 0
aufgezeigt 1 0
symphony 5 0
clamorous 10 0
reeholder 9 0
naughts 1 0
naughty 22 0
circumcised 1 0
gruous 1 0
density 2 0
ambton 10 0
angetrieben 2 0
zigzagged 2 0
loszubrechen 1 0
reignissen 3 0
estroy 1 0
ogether 20 0
scooped 12 0
ealising 2 0
userlesnen 1 0
unverzeihliche 1 0
eichenbegaengnis 3 0
xceptions 5 0
reignisses 1 0
sensitized 2 0
nnkeepers 1 0
occupancy 3 0
recitations 2 0
fortgetragen 2 0
repellent 3 0
caked 1 0
erwendet 1 0
behielten 2 0
elongated 12 0
alexandrines 3 0
ittacus 3 0
ourges 37 0
ourget 3 0
cakes 54 0
nterior 3 0
peoples 37 0
hoertest 1 0
llgemeine 3 0
zusammenlas 1 0
auszuputzen 2 0
erguelen 2 0
ntering 3 0
drugges 1 0
vorzulegen 7 0
inroad 5 0
koenntst 1 0
beschenken 3 0
drugged 5 0
asanen 2 0
regorius 2 0
xtrication 1 0
otemporaries 1 0
peopled 27 0
askin 1 0
accomplish 81 0
inschraenkungen 1 0
nexplicable 1 0
whatso 22 0
itterwerk 1 0
depaint 2 0
etective 3 0
alleviates 1 0
unequivocally 3 0
umgehaengt 2 0
clerico 1 0
schenkten 3 0
irchhofe 3 0
elaeufigkeit 1 0
schenktet 1 0
happend 11 0
rueckstaendigen 1 0
alleviated 5 0
simmons 9 0
happens 227 0
sower 4 0
sowes 1 0
spaetern 8 0
indeterminate 4 0
spaetere 1 0
admonitionis 1 0
assays 2 0
nationalities 16 0
sowen 2 0
marchd 7 0
penthouse 1 0
erschiene 2 0
niedergeschlagen 5 0
chmerz 80 0
aufzuloesen 3 0
billmen 1 0
assaye 1 0
marigolds 1 0
ulpicians 8 0
chucking 1 0
rixdollars 3 0
rchbishoprics 1 0
erschiedene 2 0
generalissimo 1 0
leinmuetigkeit 2 0
lamentations 17 0
mmediately 28 0
lpenkette 1 0
agunen 15 0
ravages 19 0
hrbare 1 0
protruding 13 0
wintry 20 0
asked 1043 0
issgoennt 1 0
ravaged 9 0
prorsus 1 0
eigling 2 0
dahoam 1 0
gyptian 58 0
elegant 65 0
einstoeckigen 2 0
moepuu 4 0
downpour 2 0
asket 4 0
einstoeckiges 1 0
askew 3 0
edasus 1 0
imponderable 1 0
ieldeth 1 0
asken 34 0
unmistakeable 11 0
xequator 1 0
watters 1 0
embodiments 2 0
sowie 31 0
unrequested 1 0
bleaching 4 0
turnsol 1 0
aeussern 33 0
techin 1 0
caperin 2 0
donner 2 0
aeussert 4 0
egisters 1 0
vandalism 2 0
seinetwegen 6 0
zurueckgelegten 2 0
aeusserm 1 0
gewebter 1 0
aeuseln 2 0
gewebten 1 0
donned 2 0
gegenwart 1 0
aeussere 24 0
unmistakeably 2 0
kindischen 5 0
balade 1 0
careers 1 0
smearing 2 0
esumption 2 0
uenschelrute 1 0
condescension 31 0
overdone 5 0
cereus 2 0
promulgated 10 0
hintergehen 2 0
vorbrachte 5 0
aemmerschein 1 0
gospels 1 0
eserinnen 5 0
taketen 1 0
gyptien 1 0
achtlied 2 0
angeklungen 1 0
requirement 1 0
treben 17 0
sowed 9 0
ricking 1 0
neckkerchief 1 0
rithmetick 9 0
trebly 1 0
gespuert 2 0
unstwasser 1 0
clipping 5 0
teched 1 0
bergewicht 1 0
hollering 2 0
neidenswerte 1 0
gledes 2 0
womenfolk 1 0
counterpane 10 0
cradling 1 0
chemicals 2 0
eutero 2 0
mitkimm 1 0
quaeritur 1 0
escheiter 1 0
zufriedenen 2 0
berechtigt 12 0
zufriedener 1 0
machtlos 1 0
escheiten 1 0
laughin 6 0
leeding 5 0
drinne 3 0
aufgezehrt 6 0
treble 18 0
schreckten 1 0
impassive 9 0
continent 119 0
feels 118 0
plundering 10 0
another 2965 0
simultaneous 7 0
hineingearbeitet 1 0
betake 17 0
aumschule 1 0
regorian 3 0
tastefully 1 0
unreservedly 5 0
waterfall 11 0
tatesman 5 0
indenture 1 0
siding 2 0
hawsers 2 0
rantlys 16 0
hogans 1 0
beissende 1 0
ergnuegung 1 0
zusammenschuerzen 1 0
ranksas 1 0
arringtons 1 0
iederzukehren 1 0
dwelt 98 0
oppor 1 0
oppos 4 0
utorschaft 1 0
administration 245 0
sterling 138 0
ehrlos 1 0
elegate 14 0
dwell 129 0
chiefship 2 0
ichterpyramiden 1 0
hereinlocken 1 0
hden 1 0
geklappt 1 0
counterpart 11 0
menacing 15 0
geographically 2 0
occupants 12 0
aggrieved 18 0
bedeutend 25 0
wonderd 1 0
easonableness 1 0
immelsliedern 1 0
arliest 1 0
feele 2 0
wonders 48 0
influsses 2 0
wortkarg 1 0
unrecognised 3 0
experimenting 2 0
accomplice 12 0
auffindet 1 0
auffinden 3 0
gwachsen 1 0
nderground 1 0
alentinois 2 0
conflux 1 0
deetecters 4 0
derived 227 0
einsberg 3 0
harmonische 3 0
greek 2 0
green 540 0
regality 1 0
greet 20 0
onophysites 1 0
derives 58 0
futures 1 0
realization 15 0
wagons 21 0
olleben 13 0
erstaendnis 8 0
barbarischen 3 0
haracter 172 0
mesquites 2 0
brushwood 5 0
gredt 6 0
heiaus 1 0
deque 1 0
alpaca 3 0
irngespinst 2 0
anossa 1 0
hinhielt 1 0
itnesses 6 0
finishd 17 0
greed 28 0
arbezieux 8 0
harton 20 0
fortpacken 1 0
ihilism 1 0
especes 2 0
seedes 1 0
aendchen 4 0
iseased 1 0
oppty 2 0
raesident 2 0
ihilist 1 0
happeth 1 0
uebergrosse 1 0
iseases 9 0
hushing 1 0
rgenson 1 0
eichweite 1 0
grede 1 0
heapeth 1 0
arinere 1 0
gardening 6 0
oerdergrube 1 0
ntichristen 1 0
unbesonnenen 2 0
dringe 2 0
clippity 4 0
unbesonnener 1 0
ariners 1 0
ungehoerigen 1 0
ieblingsunterhaltung 1 0
feeds 27 0
orbeerzweigen 1 0
fuenfmal 2 0
abzustossen 1 0
enschenart 1 0
iebeslaune 1 0
eutels 1 0
greas 1 0
peaceably 21 0
great 7020 0
zusammenkam 1 0
heapest 1 0
ishonesty 1 0
peaceable 36 0
dringt 13 0
ristotle 45 0
monkey 49 0
precedence 19 0
longitudinally 5 0
lachende 1 0
nstalment 1 0
errschertraumes 1 0
precedency 3 0
verriete 1 0
monkes 3 0
laughen 3 0
brissels 1 0
eutens 1 0
laughed 267 0
erfertigen 1 0
zweihundert 7 0
moulder 3 0
aufzuerstehen 1 0
estren 1 0
cereal 2 0
nonentities 2 0
estrew 1 0
estrer 1 0
embarrass 23 0
estres 2 0
exculpatest 1 0
moulded 14 0
divisibility 1 0
buttoning 1 0
revisiting 2 0
drinks 49 0
spottenden 1 0
mischievousness 1 0
spottender 1 0
spottendes 1 0
drinke 8 0
orerst 2 0
ausweichend 1 0
subjecit 1 0
ucretius 4 0
hospitality 84 0
frontage 3 0
gewuerdigt 1 0
tatesmen 8 0
aussetze 1 0
granaries 7 0
ncircling 1 0
zuhoert 2 0
riclinaria 1 0
bedeutete 4 0
foretopsail 2 0
linguist 4 0
verbraucht 3 0
ewaechs 1 0
administrative 17 0
oldgulden 1 0
genannten 4 0
gestikulieren 1 0
headache 29 0
drinky 1 0
genanntem 1 0
olygnote 1 0
grunts 2 0
ufwiegler 1 0
aengstigte 4 0
rretter 1 0
indorsd 1 0
souze 1 0
leaped 49 0
erstellt 1 0
albfigur 1 0
armoniac 2 0
eldfruechte 1 0
riffin 2 0
kropolis 1 0
nterstate 2 0
piebald 1 0
unberatenen 1 0
zahllose 2 0
oretto 1 0
unsullied 4 0
storekeeper 11 0
thalers 2 0
withouten 16 0
bespritzt 1 0
enitius 1 0
amburg 25 0
anathematic 1 0
ensions 5 0
herabhaengende 2 0
understocked 13 0
unsollicited 1 0
rmuedeten 1 0
cluded 2 0
ithout 144 0
stripping 9 0
erzweifeln 3 0
poetries 2 0
tumbled 26 0
oretta 1 0
volltoenig 1 0
keeping 361 0
laphyrus 2 0
oshitsune 9 0
unsecured 1 0
maturing 1 0
plenish 1 0
likerous 6 0
interview 140 0
eschoepf 64 0
kadenz 1 0
orzeiger 1 0
italienisch 5 0
devotional 6 0
amuzzini 1 0
erwaehn 1 0
orzeigen 1 0
himborasso 1 0
huelflosen 1 0
unvermeidlichen 2 0
unsatisfied 7 0
apologetischen 1 0
armonies 1 0
itzhugh 1 0
unvermeidliches 1 0
heapers 1 0
rotestantism 59 0
riffel 2 0
armonien 2 0
expansive 7 0
uebermorgen 7 0
riffen 1 0
eistandes 1 0
ailiff 1 0
wunderschoenen 1 0
patterns 22 0
tumbler 11 0
tumbles 5 0
zurueckkam 14 0
egends 2 0
probierte 2 0
marble 97 0
egency 4 0
egende 3 0
ucayan 1 0
affentraeger 1 0
camayle 1 0
egenda 1 0
elephant 185 0
escalero 1 0
epresentation 17 0
euchler 3 0
zustutzen 1 0
assionately 1 0
attuned 2 0
tinerant 2 0
fatherland 4 0
ynods 4 0
depots 3 0
ynodo 1 0
agsthausen 16 0
dronelike 1 0
uestungen 2 0
egenswuensche 1 0
justle 1 0
rascaille 1 0
ywis 1 0
aturgaben 1 0
justly 197 0
beklemmt 4 0
privatgebrauch 1 0
udernden 1 0
depose 1 0
gesund 19 0
habilitated 1 0
otronto 1 0
juster 6 0
ebster 15 0
maturity 27 0
tutelar 2 0
abfuehren 2 0
somebody 119 0
neapolitanische 4 0
uendischer 2 0
justfy 1 0
ouncellor 2 0
anough 1 0
sceptered 1 0
versengen 1 0
ehrnen 3 0
notability 1 0
ueberschrie 1 0
biliousness 1 0
depen 2 0
uecherforschen 1 0
uendischen 1 0
unearthed 9 0
footman 15 0
unsereins 1 0
mpfindung 117 0
riangular 1 0
onfusedly 1 0
balista 2 0
hakespearischen 1 0
espects 39 0
scrawny 3 0
rtist 2 0
equals 28 0
undistinguished 6 0
euchlin 11 0
anathematon 1 0
ntwickelung 6 0
rarities 1 0
undarzte 1 0
motherless 4 0
surquedrie 1 0
festoon 1 0
scrawls 1 0
vermummte 2 0
eizures 1 0
corresponded 21 0
glebes 1 0
swiftness 26 0
ewissermassen 2 0
mechancete 1 0
nterstand 1 0
unterlaufen 1 0
mussels 1 0
isappearing 1 0
precedents 6 0
roterozoic 3 0
regaling 1 0
raenklichkeit 2 0
expansion 20 0
auberer 7 0
bewhelmen 1 0
recollects 4 0
aubwerk 1 0
chonung 7 0
anbettelte 1 0
heat 374 0
treads 6 0
heav 35 0
labium 1 0
chambers 67 0
oppel 1 0
auberei 8 0
careful 203 0
utmuetig 1 0
storage 13 0
gelders 1 0
opper 24 0
inestimable 30 0
elapsed 53 0
footmen 7 0
head 2035 0
betreffe 3 0
heaf 1 0
nthusiasm 5 0
rechtmaessig 3 0
heal 41 0
nduction 1 0
unbedeutenderem 1 0
heap 101 0
hilosophy 35 0
nthusiast 3 0
hear 1157 0
evolutionist 2 0
etrocknete 1 0
harten 16 0
hartem 1 0
harter 37 0
hartes 5 0
propitiate 5 0
roehliche 1 0
violences 2 0
enzano 2 0
treade 1 0
chellentrommel 1 0
luxury 120 0
vitalizing 1 0
rbitterung 1 0
grunde 2 0
ebriosity 1 0
koenntet 8 0
haussen 1 0
hech 3 0
heinstroms 1 0
scarlet 58 0
heck 4 0
bedurft 4 0
beschauen 11 0
inestimably 1 0
pieltisch 1 0
albkreise 2 0
haussee 11 0
rechtmaessige 2 0
unschmackhaft 1 0
nationalization 1 0
hebe 4 0
unharmonischen 1 0
herbeigebracht 4 0
chnauze 1 0
geschmackvollen 1 0
teachings 10 0
unsrige 6 0
auberin 4 0
leitenden 2 0
donors 12 0
singular 190 0
erwachenden 1 0
leitendes 2 0
hebt 17 0
chauerliches 1 0
geliefert 2 0
impeachments 2 0
elaechter 20 0
kelett 1 0
empoerte 1 0
fleshly 7 0
reprimands 1 0
ncome 7 0
heek 2 0
heel 41 0
heen 3 0
heep 11 0
ueckweg 5 0
heer 5 0
soule 30 0
orzueglichkeit 1 0
heet 5 0
orromaeus 1 0
flegeltern 1 0
flowen 1 0
gleichzumachen 1 0
squadrons 4 0
souls 166 0
forttreiben 1 0
neighbours 160 0
abstained 11 0
heed 91 0
feurig 3 0
flower 170 0
abstainer 3 0
flowed 68 0
heds 3 0
unearthly 14 0
epulchre 3 0
vertreibt 3 0
arktplatze 2 0
vraith 2 0
hehe 3 0
ochschaetzung 2 0
erstemal 14 0
assade 5 0
rdinances 2 0
oppressiveness 2 0
enthusiastically 8 0
vertreibe 1 0
snuffled 1 0
hegt 3 0
vulkanisch 1 0
esorgung 5 0
ousseaus 1 0
fifteenth 72 0
antuaria 1 0
lumenstrauss 3 0
treams 9 0
hege 2 0
carnage 17 0
godliness 4 0
unreine 1 0
ncona 9 0
pontage 1 0
sough 3 0
exalteth 2 0
quarrelled 15 0
fermented 7 0
hereinwirken 1 0
cuirassiers 1 0
heft 9 0
eidenacker 1 0
rigates 2 0
bezaubernd 1 0
disproportioned 6 0
erfuehrers 1 0
unattainable 8 0
bestehenden 4 0
riestly 1 0
ngraham 2 0
assage 31 0
heil 3 0
heim 47 0
subdivision 4 0
accoutered 1 0
acuminated 3 0
belustigt 1 0
heir 633 0
ecourse 2 0
heit 1 0
irosaki 2 0
opolo 7 0
meddled 2 0
heid 5 0
unition 6 0
derisively 3 0
rhoehung 3 0
swaggered 2 0
chossnarren 1 0
heik 42 0
rdnungslos 1 0
koennten 92 0
verjubelten 1 0
uspect 3 0
nlegung 1 0
queues 1 0
abzureisen 5 0
opoli 1 0
truculent 5 0
acknowledgment 25 0
seeehr 1 0
soure 1 0
held 998 0
hele 2 0
helf 3 0
assaic 1 0
stachen 2 0
hell 199 0
helm 13 0
flippantly 3 0
ictories 4 0
meddles 1 0
sours 5 0
hinaufzubringen 1 0
clerics 15 0
ictorien 1 0
nstoss 9 0
surrounding 84 0
souse 1 0
herzuschreiben 1 0
ergson 1 0
assail 15 0
readings 6 0
eenpalast 1 0
huelfreiche 4 0
endowing 1 0
hend 2 0
hene 1 0
nlike 14 0
south 312 0
onsented 1 0
rovisor 1 0
clucks 1 0
einhergehn 1 0
hemp 23 0
bedaechtlichen 1 0
ishopric 2 0
fleshed 5 0
hema 4 0
pfelbaums 1 0
urcell 1 0
assala 45 0
heme 1 0
meddlin 1 0
pfelbaume 1 0
fleshes 1 0
help 818 0
depth 231 0
smudge 2 0
helt 1 0
heedlessness 3 0
architectural 25 0
redilections 1 0
anceaux 1 0
confounding 12 0
depot 10 0
sterbende 1 0
sound 576 0
zruck 3 0
translate 20 0
patterer 1 0
heos 1 0
ictorian 2 0
vorbeireiten 2 0
heow 3 0
rwachen 4 0
souns 3 0
assals 3 0
andelskorrespondenten 1 0
fertilized 1 0
potager 1 0
ythology 4 0
rinzessinnen 2 0
incapacity 18 0
riester 22 0
heol 4 0
streamlet 1 0
heon 2 0
gartenumgebenen 1 0
hens 16 0
hent 48 0
thunderheads 5 0
unterbrach 21 0
fficacy 1 0
expenses 224 0
here 6354 0
flowry 1 0
herm 4 0
hern 2 0
fortwirkenden 1 0
hero 128 0
igennutzes 1 0
ajput 1 0
hers 124 0
hert 8 0
mitteilen 20 0
artenbeete 1 0
soups 5 0
assant 1 0
observations 111 0
riegsknecht 2 0
vermummen 1 0
hera 1 0
herb 29 0
herc 1 0
herd 112 0
mitteilet 1 0
diverting 12 0
rarsten 1 0
verlasse 13 0
gestreuten 1 0
ergefuehrt 2 0
slavewomen 1 0
hingestreckte 1 0
orests 4 0
bezauberte 4 0
ietleute 1 0
treats 24 0
interrogate 1 0
verlasst 2 0
raufkaemma 1 0
treaty 117 0
triumphing 7 0
rtige 1 0
daintiness 1 0
incessancy 1 0
vanishing 8 0
titbit 3 0
urnpike 1 0
erson 254 0
herunterzulocken 1 0
vollkommnen 11 0
satisfactorily 11 0
bubbled 4 0
riechisch 2 0
vollkommner 5 0
hastens 2 0
regere 1 0
decentish 1 0
ussians 16 0
apitulation 1 0
schritte 1 0
enitencer 1 0
ourier 4 0
hete 4 0
hesh 1 0
ewandes 4 0
disobedient 7 0
abgericht 1 0
hest 21 0
carnate 1 0
senden 6 0
seagulls 2 0
huetet 3 0
oodruff 1 0
hery 2 0
sender 3 0
sendet 7 0
upthrust 2 0
bubbles 28 0
inefficient 4 0
hueten 9 0
hese 1063 0
hinterlaesst 1 0
entitled 155 0
miseries 33 0
rchelaus 2 0
dessa 6 0
entgegenblicke 1 0
decedent 1 0
eitengebaeuden 3 0
llyne 1 0
plateaus 22 0
misgave 4 0
iebesflammen 2 0
incapacitate 4 0
storial 2 0
intrusted 28 0
pruned 3 0
entimiglia 1 0
moralische 7 0
chaeferinnen 2 0
eilnehmenden 3 0
heur 1 0
heut 35 0
abscheulich 8 0
winnow 2 0
egelmaessig 1 0
labias 1 0
proboscidian 1 0
villainies 4 0
hext 1 0
decomposing 2 0
dominate 1 0
bedeutungsvoll 1 0
roserus 2 0
haroah 1 0
hootin 1 0
vassalage 4 0
avendo 2 0
contributed 118 0
manifestation 21 0
hewn 19 0
lessend 4 0
hews 1 0
sendin 3 0
contributes 28 0
halambert 1 0
hevy 3 0
lessens 10 0
uerdigkeit 1 0
mightiest 11 0
hewe 3 0
euergipfel 1 0
hastely 1 0
unnaturally 12 0
unglegn 1 0
wiederherzustellen 8 0
avenge 35 0
udermantel 2 0
ochacker 1 0
geraumer 2 0
corpions 1 0
erdrueckten 2 0
hunner 3 0
balgen 1 0
retrospective 4 0
excisions 1 0
maigre 1 0
dional 1 0
graveside 1 0
iebentruestet 1 0
orwich 6 0
ufruf 3 0
battlefield 3 0
boshaften 4 0
rtigers 1 0
hingeben 12 0
boshafter 3 0
esitates 2 0
leavening 1 0
hooted 5 0
simpleminded 1 0
ouring 1 0
omenichinos 1 0
desir 7 0
throughfare 2 0
eobachtern 1 0
hooter 1 0
subaerial 1 0
stetige 1 0
rampeln 1 0
camel 139 0
cameo 5 0
delsten 4 0
ershe 1 0
worldes 1 0
retterverschlag 1 0
yaller 22 0
winner 6 0
anbrugh 10 0
winnen 2 0
abinus 2 0
schnaubt 2 0
ersia 6 0
ccording 89 0
otidaea 3 0
ungluecklichen 35 0
iniquity 26 0
ungluecklicher 11 0
unglueckliches 2 0
bereitetest 1 0
desks 6 0
ersen 13 0
stotterten 1 0
erses 14 0
ayraud 1 0
erser 2 0
unvorsichtigen 2 0
unvorsichtiges 1 0
ersey 73 0
bodyguard 5 0
dominant 25 0
mittain 2 0
emusat 1 0
soliciting 11 0
anbetungswuerdige 1 0
tattlers 1 0
asmin 8 0
maragd 1 0
rauerspiele 2 0
rauerspiels 2 0
extemporised 5 0
remoteness 10 0
firebird 1 0
sandbanks 6 0
mitteilst 1 0
menagement 1 0
stricken 59 0
detract 9 0
olours 15 0
liquefies 1 0
equisiten 1 0
partings 2 0
mitteilte 5 0
soyez 2 0
headstrong 21 0
pebbly 6 0
perspiration 16 0
arbentopf 1 0
andkorns 1 0
aeusche 1 0
treiter 3 0
altfranzoesisch 1 0
unglers 1 0
otherwhere 3 0
elsblock 1 0
estivity 1 0
entitles 10 0
onteferrat 1 0
uebergeben 18 0
eschmolzenen 1 0
mittags 1 0
xports 5 0
upferstichen 1 0
procrastinate 1 0
ersag 1 0
policies 19 0
rthography 2 0
ersah 3 0
luste 1 0
ersan 1 0
ewandtheit 10 0
lusti 1 0
taffelei 1 0
angebeteten 1 0
quanties 1 0
treites 2 0
nugae 1 0
enamels 1 0
unpoetische 1 0
snuffers 1 0
avenna 7 0
tither 3 0
tithes 16 0
envisioning 1 0
dexterity 73 0
ntschlusses 3 0
prechen 4 0
pebble 11 0
lusse 8 0
machtest 4 0
olitiques 1 0
apothneskein 1 0
proscribe 2 0
angewohnterweise 1 0
andrinetten 2 0
solicitations 10 0
anwesenden 2 0
ruthfulness 1 0
cbatana 1 0
rmangelung 1 0
rendezvous 5 0
ntzueckung 31 0
rifled 3 0
estimony 13 0
ordlicht 1 0
langwieriger 1 0
abundant 113 0
langwieriges 1 0
langwierigen 1 0
onstituted 1 0
rifles 57 0
bringend 1 0
critically 15 0
snervatezza 1 0
ichtschirm 1 0
alamander 1 0
brausende 1 0
difference 513 0
emeinsprueche 1 0
illerica 1 0
illiamses 4 0
schonten 2 0
geistvoll 1 0
lanchard 1 0
eizes 4 0
perlings 2 0
regiert 12 0
ishermen 3 0
durchdrang 4 0
canal 60 0
regiere 1 0
teuben 5 0
echfackel 1 0
tiptoes 2 0
hanspike 1 0
nnumerable 6 0
wundersam 6 0
instigation 14 0
davongegangen 1 0
undetermined 8 0
chlepproecke 1 0
gefehlt 11 0
erpent 3 0
orzellanfabrik 1 0
genuflexions 1 0
vorzueglicher 4 0
vorzueglichen 9 0
ogling 2 0
herunternehmen 1 0
instigating 2 0
marchant 1 0
ndergrowth 2 0
bringest 6 0
uninjured 7 0
uerpfosten 1 0
gaehnen 1 0
tiptoed 3 0
stoode 5 0
brutally 9 0
subsisting 25 0
avenue 81 0
fulminantis 1 0
eldentaten 2 0
nonplussed 1 0
postolica 1 0
canterin 1 0
postolici 1 0
eized 3 0
eternities 1 0
olygamy 1 0
eizen 24 0
osthaus 1 0
pictetus 6 0
policing 1 0
ersys 1 0
physique 10 0
euchten 4 0
laubenspaltung 1 0
andelsangelegenheiten 1 0
euchter 9 0
impoverished 11 0
folgten 17 0
acrosancta 1 0
bringeth 4 0
borgen 3 0
hinwegzieht 1 0
erdoppelungen 1 0
schmeichelhaft 7 0
probieren 2 0
erzuernt 1 0
edsworthian 1 0
patois 1 0
marchand 1 0
redness 4 0
erknuepfungen 1 0
aroused 73 0
careered 3 0
hervorwachsen 1 0
treibe 8 0
asileas 1 0
ndicateur 1 0
schritten 2 0
denatus 4 0
treibt 38 0
aeulenfuesse 1 0
amaldoli 3 0
verschleuderte 1 0
calumnia 1 0
edalus 1 0
floral 2 0
sophimes 1 0
atisbon 5 0
cantered 5 0
abinet 48 0
arouses 3 0
casings 1 0
aufsteigenden 1 0
abseligkeiten 2 0
piessen 1 0
kecker 1 0
kecken 1 0
ndursache 1 0
uelfreiche 1 0
chalmeien 1 0
eptentrioun 1 0
unverhoffter 1 0
bfall 3 0
hronikenschreiber 1 0
apprenticeships 6 0
extemporierte 1 0
emphasized 3 0
bucolic 4 0
onneville 2 0
unverhofften 2 0
nortelrie 1 0
wedging 1 0
stoope 1 0
efficient 31 0
gedachte 31 0
ifersuechtelei 1 0
hellbrennende 1 0
nclyclopaedia 1 0
anruehren 2 0
saeculi 1 0
edraenges 1 0
edication 1 0
waging 5 0
gimme 11 0
tripling 2 0
hinauswarf 1 0
vorzubringen 5 0
erste 181 0
blinzeln 1 0
blessd 2 0
lopstock 2 0
solche 150 0
stools 8 0
touchstones 1 0
siegrueckkehrendes 1 0
versifiers 2 0
egarding 6 0
prunge 1 0
shouting 45 0
egriffs 1 0
ansovino 1 0
campo 1 0
eberhaupt 4 0
camps 19 0
hastest 1 0
herbeifuehre 1 0
leodicus 2 0
iscredits 1 0
retrospection 1 0
egriffe 53 0
desto 198 0
rivatleben 2 0
teilnehme 1 0
bebten 1 0
tapezieren 1 0
benedetto 1 0
beschaeftige 4 0
racechurch 9 0
beschaeftigt 80 0
weeting 4 0
verloeschen 4 0
treich 16 0
chwanzmenschen 1 0
epresentative 34 0
hauberk 2 0
hervorgeschleppt 1 0
erbauliche 1 0
abgabst 1 0
rspruengliches 1 0
bserver 2 0
dotation 1 0
atianus 4 0
beschimpft 1 0
experimentale 1 0
gilds 1 0
lurch 5 0
borers 1 0
beleidigen 9 0
landowners 3 0
haitan 6 0
misbelievers 2 0
mothers 82 0
zusammennahm 1 0
pomegranate 5 0
safely 135 0
herkoemmliche 2 0
bbettors 1 0
senega 3 0
festerer 1 0
festeres 1 0
treget 1 0
festeren 1 0
impended 4 0
secludes 1 0
unalienable 7 0
festered 2 0
uebergebe 1 0
gekriegt 3 0
bserved 3 0
iddlemore 1 0
beleidiget 3 0
trimmings 4 0
excrescences 3 0
unraveling 3 0
derne 3 0
uebergebn 1 0
fremdesten 1 0
secluded 22 0
uebergebt 1 0
lured 4 0
sweetly 26 0
nachzuschreiben 1 0
depict 10 0
geheimzuhalten 3 0
perennial 12 0
aeanian 1 0
arthelemy 5 0
eerbusen 3 0
befuerchte 1 0
assails 3 0
elletristen 1 0
calms 2 0
aslon 1 0
halberstickten 1 0
calmy 1 0
luren 1 0
lures 7 0
wohnend 1 0
calld 2 0
calle 5 0
staubig 1 0
subjects 456 0
eberyting 1 0
lowgroun 1 0
inaugural 4 0
pickets 3 0
calls 148 0
needfully 3 0
cally 1 0
gilby 1 0
haengen 31 0
exportation 278 0
archaeologist 3 0
ehklagen 1 0
erris 2 0
leaned 84 0
cutpurses 3 0
errin 7 0
errit 2 0
greys 7 0
denouncers 1 0
leaner 2 0
uftgemaelde 1 0
urkenhout 1 0
upstream 2 0
ngelic 1 0
sympathetischer 1 0
ailors 2 0
calfe 1 0
sympathetischen 3 0
gestreichelt 1 0
unloaded 12 0
caitife 1 0
rawness 3 0
alquiere 1 0
togpingum 2 0
amilienschatz 2 0
cadences 5 0
dumbly 1 0
mistiness 1 0
thanksgivings 2 0
hrysostom 1 0
nuetz 1 0
geworfen 25 0
aufgewuehlte 1 0
disproved 5 0
gewissers 1 0
prelacy 1 0
uebergehe 5 0
orghese 6 0
caitiff 4 0
lurid 4 0
upplying 1 0
gewissern 1 0
opran 1 0
corroborate 4 0
seeker 4 0
ellenbaugh 8 0
seeken 5 0
verleimen 1 0
aengstliche 8 0
betrete 1 0
herausbringen 6 0
heilsame 3 0
chagrined 5 0
llvain 1 0
reasuries 1 0
unwuerdige 2 0
rumblings 5 0
eisegeldes 2 0
oninsegg 1 0
spectacular 6 0
uebergeht 3 0
disproven 1 0
gerettet 38 0
erred 13 0
thunderclap 2 0
leanin 1 0
calby 1 0
erren 90 0
ofttimes 1 0
ettelchen 10 0
jegliche 2 0
omplacence 1 0
andstreicher 1 0
desecrate 2 0
geschmeidig 1 0
nschuldige 3 0
wuesstet 1 0
translations 20 0
erres 2 0
lurks 3 0
huntsman 1 0
victuallers 1 0
wuessten 5 0
accompanies 13 0
handpress 1 0
olicitation 2 0
ueberzugehen 3 0
accompanied 243 0
vergaenglich 5 0
oylan 1 0
dutifully 5 0
ankelmut 2 0
shield 79 0
endeltreppe 2 0
importence 1 0
avowals 2 0
nvolved 2 0
feets 3 0
granges 2 0
cadenced 2 0
phenomenon 54 0
caled 1 0
herumliegt 1 0
aufwarten 5 0
ordgeschichten 1 0
cales 5 0
aufwartet 1 0
guaranty 4 0
ngeles 4 0
rabstein 2 0
unterrichtender 1 0
lienten 2 0
subdue 30 0
sycophancy 1 0
tanshopes 1 0
postolius 1 0
rwachsene 1 0
unterrichtenden 3 0
edanke 64 0
undern 10 0
undert 5 0
leanly 1 0
ajputs 2 0
abourers 8 0
unders 3 0
festknuepfte 1 0
acheroedischen 1 0
sketchy 1 0
eitenblicken 1 0
misdirect 1 0
erras 1 0
hervorgucken 1 0
erran 8 0
harmus 2 0
huntsmen 2 0
spiritedness 1 0
usurpations 4 0
nenviable 1 0
accelerate 2 0
erray 1 0
inducing 19 0
leichtsten 1 0
errat 3 0
oliante 1 0
derbe 2 0
aechelnd 6 0
aslar 1 0
seness 1 0
haucerian 1 0
bathers 4 0
ppealing 2 0
aechelns 1 0
leistocene 1 0
beseelt 3 0
curtail 4 0
curtain 72 0
esetzfreunde 1 0
dered 1 0
leanor 506 0
allement 1 0
deren 274 0
periwigs 3 0
isherman 5 0
oetterknabens 1 0
derer 16 0
invulnerable 7 0
gestritten 3 0
beseems 1 0
genuina 1 0
genuine 110 0
debonnair 1 0
ethought 4 0
tausendfaeltig 1 0
grene 1 0
laesern 4 0
danebenstehenden 1 0
renzenlose 1 0
chiefesses 1 0
socket 5 0
raziers 1 0
eleuchtung 7 0
wunderbarsten 8 0
rampeth 1 0
pfriemenartig 1 0
solder 1 0
auterkeit 2 0
expectantly 1 0
inobedience 1 0
folgsam 3 0
vorgelehnt 1 0
temporal 88 0
underdog 1 0
brierpatch 1 0
imenor 1 0
unschicklich 4 0
ochzeitstanz 1 0
eneralitaet 1 0
vorzusingen 1 0
beipflichteten 1 0
manliest 1 0
beholding 23 0
evolts 1 0
goodliness 1 0
unfastened 7 0
utheranos 1 0
abzuspiegeln 1 0
beleidigst 2 0
fundamental 81 0
melting 28 0
adical 4 0
verywhere 14 0
potamou 1 0
onventions 13 0
temperature 32 0
eltiteratur 1 0
orever 10 0
berauscht 1 0
depise 1 0
combers 1 0
geblickt 1 0
gilte 2 0
ilology 1 0
auchfaesser 1 0
razucena 6 0
evolve 4 0
klecken 1 0
beleidigte 3 0
ruralischen 1 0
worldly 94 0
reactions 2 0
encamping 1 0
ehorsams 2 0
junction 51 0
repack 1 0
itellonis 1 0
legation 2 0
ohnmoechtig 1 0
estaetigung 3 0
angiamele 2 0
brauchten 8 0
beseech 45 0
voyageurs 4 0
brauchtet 1 0
dvokaten 8 0
ugreifen 2 0
temporel 1 0
haengte 1 0
pester 6 0
alienated 9 0
pleasd 44 0
please 625 0
wunderten 1 0
abrile 1 0
haengst 1 0
ecollects 1 0
expelling 2 0
hervorzutun 2 0
sucessfully 1 0
bricklayers 10 0
raegheit 8 0
ircular 6 0
delusion 49 0
uebereinander 18 0
donian 1 0
prelate 8 0
orwitz 4 0
wohlerneuerte 1 0
renchards 1 0
tosawa 2 0
essidor 1 0
scraped 11 0
emuses 1 0
urtherance 1 0
abrina 1 0
scrapes 6 0
aumakuas 1 0
auszuzwacken 1 0
utterliebe 1 0
brightening 11 0
erdienen 1 0
transcend 2 0
erroneously 1 0
esetztes 1 0
convoked 19 0
stopen 1 0
kzent 1 0
dinburgh 51 0
bleachers 1 0
stamping 14 0
gills 3 0
tehlens 1 0
zunehme 2 0
hittenden 3 0
safety 208 0
foreboding 13 0
furder 1 0
ncoherent 1 0
imenez 6 0
quantite 1 0
ollegue 1 0
unstsammlung 2 0
gewoben 1 0
cynics 2 0
ngelus 2 0
landete 2 0
ngleworms 1 0
repaid 20 0
yzan 1 0
vincere 2 0
vorbeigeschritten 1 0
ascertained 69 0
fortgegangen 3 0
ichtstrahl 1 0
erdienst 29 0
zusammenzuruecken 1 0
boiled 52 0
perversion 7 0
vorbeigehen 7 0
sphedra 1 0
chriften 33 0
conjecturing 6 0
sententious 2 0
boiler 15 0
abrice 21 0
faveur 1 0
calve 1 0
assaith 1 0
ergdorf 1 0
innocuous 4 0
arquess 2 0
hintanzusetzen 2 0
imenes 2 0
pleads 3 0
safest 19 0
irklichkeit 13 0
huetete 3 0
ntsagens 1 0
landern 7 0
errun 1 0
mortices 2 0
fisherman 33 0
palanquin 2 0
landers 34 0
squeaky 1 0
mphitryon 1 0
agliasso 1 0
riffith 1 0
sowre 2 0
reposing 6 0
mringt 1 0
derse 4 0
harmed 2 0
hinbashi 3 0
abrief 1 0
disgorge 3 0
squeals 1 0
zischen 1 0
rantley 1 0
ueberstand 1 0
perversity 3 0
lessees 1 0
abriel 11 0
abrick 3 0
loetzen 1 0
vorbeistieg 1 0
harmer 2 0
harmes 2 0
erceive 2 0
selbstaendigen 1 0
threnodies 1 0
entablature 2 0
currying 2 0
isteners 1 0
speaken 12 0
derre 2 0
speaker 55 0
arqueur 1 0
zuletzt 220 0
abridg 1 0
squeaks 1 0
erron 3 0
stallcop 1 0
repair 70 0
bribery 14 0
entledigten 1 0
strickte 2 0
error 237 0
aechstens 1 0
reissigjahrige 1 0
casions 1 0
pretzel 1 0
colored 162 0
lural 1 0
quantity 982 0
dazutrete 1 0
ntgelt 1 0
betruebte 4 0
abriet 1 0
eracleia 1 0
ackebrett 1 0
pestle 3 0
pittrice 1 0
undsfott 1 0
eingefloesst 8 0
landend 1 0
facerem 1 0
fishermen 18 0
bribers 3 0
aligula 3 0
couplings 1 0
sweetheart 7 0
feife 9 0
hristgeschenke 3 0
objector 2 0
aillon 1 0
grido 1 0
esichtspartie 1 0
copiis 2 0
wuzzent 7 0
anbetraf 1 0
wehenden 3 0
assalts 1 0
ertrinken 2 0
eschaeftigung 37 0
agnificent 7 0
fronted 7 0
grief 155 0
massacred 12 0
unlikely 29 0
insurrections 5 0
colonie 1 0
feige 3 0
courant 1 0
ueldenstern 2 0
swashing 2 0
physisch 2 0
tricator 1 0
erschaffenen 1 0
feign 28 0
iberties 103 0
zareeba 4 0
mineralogisch 1 0
apportioning 2 0
ufbewahrung 1 0
honeycombed 3 0
arquhar 3 0
chestnutting 1 0
asoun 1 0
eingeschlafener 1 0
bsurditaeten 2 0
densely 18 0
odorless 2 0
unumschraenkte 2 0
uncourteously 3 0
massacres 4 0
wobei 34 0
deducible 2 0
freshe 38 0
ezahlen 1 0
ambereyed 1 0
vertrackte 1 0
unsurpassable 1 0
auntred 1 0
frontal 2 0
presbyters 2 0
geblieben 68 0
heulend 2 0
clippers 1 0
lussgeschiebe 1 0
overhaste 1 0
asons 3 0
unstliebhaber 2 0
uakers 66 0
tiresome 19 0
coping 6 0
vorigem 1 0
concluding 20 0
vorigen 40 0
educational 15 0
trangeres 2 0
voriger 4 0
voriges 2 0
hootoot 1 0
mesmerised 1 0
unloose 6 0
temporum 1 0
bureaucracies 1 0
arquette 2 0
hueren 1 0
fasslich 4 0
bhaenglichkeit 2 0
solang 3 0
directors 91 0
geplackt 1 0
bristen 1 0
inwieweit 1 0
overnight 5 0
menaceth 1 0
eftsoon 5 0
billige 5 0
eldarbeit 1 0
colones 1 0
industrially 1 0
unsuspicious 2 0
billigt 1 0
dainous 1 0
colonel 21 0
fresco 3 0
uaketh 1 0
raxinus 1 0
treffe 4 0
trenteln 1 0
unerschoepflich 3 0
amhaftes 1 0
pledge 37 0
enjoyed 216 0
vermuteten 4 0
allzureizenden 1 0
memoria 3 0
pleesir 2 0
boarder 1 0
okalmusik 1 0
erlenmuschel 1 0
geschlichtet 3 0
incomprehensible 38 0
boarded 11 0
temporis 1 0
ueckten 1 0
betrueben 7 0
lasping 2 0
entuckian 2 0
infantile 7 0
propounds 1 0
isolation 12 0
resorts 5 0
lendwerke 2 0
beigetan 1 0
nbewaffneten 1 0
playfellow 1 0
happily 83 0
lattour 1 0
ollegen 4 0
blessing 99 0
olleges 4 0
ussbaeume 4 0
aillie 7 0
ussicht 59 0
aengstige 1 0
rthodoxy 6 0
torments 21 0
densest 6 0
courage 345 0
aengstigt 6 0
hingekommen 6 0
hrwuerden 1 0
coronets 2 0
ersaeumnis 5 0
satisfaction 257 0
huldigten 1 0
nternet 37 0
ornemuse 1 0
vestments 7 0
apostacy 2 0
opula 1 0
azetteer 17 0
objected 60 0
acquaintance 235 0
ajorazzo 1 0
avelet 1 0
pertain 3 0
argeton 1 0
copied 52 0
frontis 1 0
modifies 3 0
construing 2 0
zahlt 3 0
oyoka 3 0
ropriety 15 0
boardin 1 0
copies 233 0
disponiert 1 0
hochhebt 1 0
hooves 5 0
aengliches 1 0
modified 24 0
bristle 3 0
zahme 2 0
border 48 0
landless 2 0
gruenender 1 0
ollegia 1 0
gruenenden 2 0
oyola 9 0
arienbild 1 0
acedonian 11 0
resigning 3 0
unerlaesslich 1 0
eferendum 4 0
hhds 2 0
frowned 13 0
humankind 8 0
einschroeter 1 0
erkuleskopf 1 0
ourduty 1 0
aillet 1 0
erstaendige 1 0
villify 1 0
umflossen 1 0
chmitt 1 0
ranting 10 0
unpunishd 1 0
azohumic 1 0
fifteen 268 0
infantine 2 0
nternal 8 0
oguery 1 0
orsaetze 6 0
hoerbaren 1 0
bristly 5 0
hristliche 1 0
berblick 1 0
bushiest 1 0
erufs 1 0
delusive 8 0
felsig 1 0
milestone 1 0
halfpenny 17 0
beteuern 1 0
beteuert 1 0
atchcoat 1 0
herkommt 5 0
apageien 2 0
auflacht 1 0
erves 7 0
erven 7 0
unorthodoxy 3 0
ervey 3 0
spiracy 1 0
denarii 2 0
eilften 1 0
leinodien 1 0
herkomme 2 0
oncealment 3 0
asper 1 0
eringste 9 0
marquee 1 0
aspen 12 0
gescheite 1 0
concisely 7 0
imekin 2 0
rthour 3 0
grits 2 0
spiraea 1 0
housing 3 0
irrecoverable 6 0
devil 234 0
owieso 1 0
untersuchen 14 0
redence 1 0
unravelled 2 0
erzenslust 2 0
betest 1 0
gyptern 1 0
spreadsheet 1 0
capel 5 0
odesschweiss 1 0
caper 2 0
grist 7 0
fitten 1 0
iebkosungen 21 0
expiating 2 0
betete 15 0
beteth 1 0
fitted 155 0
ettering 1 0
arliamt 7 0
mineralogists 1 0
oehmerwalde 1 0
wankenden 2 0
zagte 1 0
essians 6 0
fitter 14 0
derision 29 0
solace 32 0
grips 8 0
assailed 39 0
uebersetzung 6 0
unilluminated 1 0
expiation 1 0
alamedes 2 0
smugly 1 0
lonesomer 2 0
ouranteers 2 0
bounden 13 0
bolting 7 0
primrose 11 0
subjugate 8 0
ynergists 2 0
bounder 1 0
boundes 3 0
bolitionists 2 0
aspar 3 0
marquis 39 0
mpfehlungen 1 0
aufzusetzen 4 0
schuert 1 0
wiederkehrt 3 0
feist 2 0
bounded 53 0
derisive 1 0
intermingling 4 0
gripe 1 0
gunshot 1 0
senate 19 0
leichermassen 1 0
sluttery 3 0
orsetts 1 0
almouth 9 0
ermelinkragens 1 0
grins 2 0
grint 1 0
abzunehmen 1 0
fresse 1 0
ttave 1 0
disappear 47 0
hododendron 4 0
recession 2 0
striches 1 0
subjugare 1 0
crowding 20 0
fiftene 1 0
eacon 24 0
xcelling 1 0
ernaehrt 2 0
sefulness 16 0
strichen 1 0
hippocras 2 0
chrysalis 1 0
nachzusetzen 2 0
grimy 5 0
feire 1 0
grind 16 0
grine 1 0
nervous 87 0
dabbling 1 0
gring 1 0
onokaa 1 0
esellschaftstheater 2 0
rovince 204 0
mizzenmast 1 0
feind 6 0
feine 7 0
billing 1 0
lbogen 1 0
grime 1 0
fruehesten 2 0
dmission 10 0
feint 2 0
ugendjahren 1 0
ngelkleidern 1 0
omesteads 1 0
ainwrights 26 0
eachy 1 0
ootoots 1 0
wohnbar 1 0
admissions 6 0
spirals 5 0
unterhaltend 9 0
acedonius 3 0
unterhaltene 1 0
aehnlich 58 0
melancholies 1 0
asthause 2 0
isbursements 1 0
eache 1 0
hinzerrt 1 0
ndiscretions 1 0
congergashun 1 0
precariously 2 0
solain 2 0
chulstube 1 0
grill 4 0
rummaged 4 0
consolating 1 0
straightway 23 0
unimpeachable 4 0
annulled 5 0
feile 8 0
feffinger 3 0
zurueckwenden 1 0
donjon 2 0
ungehinderter 1 0
gestochen 7 0
hesterfield 8 0
daranzusetzen 1 0
consolation 89 0
apostasy 10 0
spirant 2 0
abolitionst 1 0
apostate 6 0
sycophants 2 0
allowances 13 0
eltmensch 1 0
spotless 14 0
verfuhren 2 0
untersuchst 1 0
arystus 2 0
clarisoning 1 0
membrane 6 0
conspiracies 7 0
upranaturalismus 1 0
ermutung 14 0
ynthy 9 0
inquitetude 1 0
nonceaux 1 0
housewife 4 0
rzieher 1 0
friedliches 1 0
zerrte 3 0
betend 3 0
friedlichen 9 0
untersuchte 2 0
harply 1 0
eventieth 1 0
althazar 8 0
bgeschiedenen 4 0
plunderers 6 0
footing 51 0
chmidt 10 0
verstorben 1 0
billion 52 0
goldsmith 11 0
herrisch 1 0
geworben 4 0
sittlich 2 0
efoerderung 2 0
mannichfaltigen 1 0
nvorsichtigkeit 8 0
griev 1 0
unimpair 1 0
beguilements 1 0
puppet 8 0
ertoent 1 0
huntingshirts 1 0
chmied 4 0
hoenician 5 0
griff 20 0
plane 40 0
unnennbare 1 0
hypocritical 13 0
canoe 55 0
pland 1 0
mittlerweilen 1 0
canon 62 0
woads 1 0
unserviceable 3 0
initiiert 1 0
rubbish 58 0
chwellenberg 7 0
geometrically 1 0
itbuerger 12 0
canna 21 0
canne 1 0
oecumenici 2 0
oquetterie 1 0
geplagt 7 0
florid 10 0
plans 141 0
plant 99 0
ginia 1 0
florin 2 0
canny 2 0
llbelehrende 1 0
entronnen 7 0
plank 28 0
ypercarpus 1 0
detur 1 0
geworden 208 0
erton 2 0
ythologia 1 0
readiness 46 0
ythologie 4 0
heologique 1 0
remitaner 1 0
versenkte 1 0
absichtlich 5 0
ertriebnen 4 0
swolowe 1 0
aufzufassen 2 0
wiederum 5 0
embryos 1 0
principalities 24 0
corrider 1 0
ohlhabend 1 0
freres 7 0
gings 2 0
dextrous 2 0
refilled 2 0
cratchback 1 0
unreinlicher 1 0
ginge 16 0
afternoons 13 0
detti 1 0
tapering 9 0
bendschimmer 1 0
precede 11 0
ubordination 2 0
shipapu 1 0
buschig 1 0
erstaendiger 2 0
ttack 22 0
erstaendigen 2 0
slightingly 3 0
zurueckgedraengt 3 0
zugeschickt 3 0
naccessible 1 0
erkules 8 0
unsettling 1 0
ttach 1 0
regellose 1 0
isdeem 1 0
oitiers 25 0
traeusser 1 0
giner 1 0
tubenbodn 1 0
iamonds 1 0
rekognoszieren 1 0
agdala 1 0
untersagen 1 0
tammtafel 1 0
plumpten 1 0
edusenmaske 1 0
ordinate 2 0
ploughs 4 0
bekleide 1 0
magnificentiae 1 0
empfindliche 3 0
harped 3 0
uphuism 1 0
arousse 2 0
unbestechliche 2 0
indignantly 16 0
wandernde 4 0
hial 4 0
proofing 2 0
harper 5 0
harpes 3 0
unacceptable 6 0
unassailed 2 0
binghamton 1 0
anciently 22 0
cleaving 6 0
oundation 116 0
vonnoeten 4 0
ochengeld 1 0
ausueben 10 0
mowing 3 0
clingingly 2 0
geraeumige 3 0
pleasings 1 0
torpedoed 1 0
rubbing 34 0
baldly 1 0
peasant 47 0
corridor 52 0
oteler 1 0
ertie 181 0
achlese 1 0
ederation 6 0
euborg 1 0
gossamer 6 0
cornice 9 0
maiden 109 0
rquickungen 1 0
hich 373 0
aturgesetzes 1 0
hick 4 0
heaping 7 0
maturely 5 0
ordinary 568 0
hiba 1 0
umherzieht 1 0
odesschmerzen 1 0
ransalpine 1 0
exculpation 2 0
umherziehe 1 0
hiey 1 0
rzherzoges 1 0
xempts 1 0
freizugeben 1 0
nventor 1 0
plate 161 0
zusammentreffend 2 0
verraeterisch 2 0
steamboats 7 0
hied 1 0
debutante 2 0
hief 81 0
simile 7 0
miserabyll 1 0
ugendschranke 1 0
canis 1 0
entruestet 5 0
optic 2 0
hier 785 0
hies 1 0
erthe 2 0
sidore 3 0
fatherless 3 0
creditors 45 0
essbuden 1 0
hieb 5 0
respectful 57 0
hide 220 0
transference 13 0
meisenstiche 1 0
thunderd 1 0
traditionally 2 0
estore 3 0
onolog 3 0
plats 1 0
platt 1 0
consubstantiality 1 0
ertia 2 0
thunders 11 0
atisden 1 0
severities 4 0
invalidity 2 0
bendmahls 1 0
glaeubigen 3 0
plaza 6 0
ertes 30 0
high 1763 0
mpatience 2 0
pillowcases 1 0
tasteful 2 0
higi 5 0
bemoaning 5 0
chliesser 2 0
erten 2 0
ferryman 3 0
xcepting 1 0
roedel 3 0
manienie 1 0
higs 80 0
administrators 18 0
ergoss 7 0
beseelte 2 0
modernized 2 0
trauerten 1 0
deter 21 0
changeless 7 0
hiff 1 0
synthetic 1 0
uesday 41 0
confide 29 0
auwerks 1 0
ttalk 4 0
xception 11 0
hift 2 0
balustrade 8 0
lutus 1 0
aufgewartet 1 0
heartbeats 2 0
methodize 1 0
candy 39 0
ichaelisfeste 1 0
erkstuecken 1 0
aguntum 1 0
ungeeignet 1 0
estons 1 0
exaltate 1 0
logicians 4 0
parable 10 0
thenischen 1 0
canes 1 0
akataki 1 0
plays 83 0
social 243 0
ubtilty 2 0
ermophiles 1 0
ferrymen 2 0
kopiert 1 0
playe 5 0
invalidism 1 0
uenderin 4 0
lusus 1 0
egegnet 2 0
riffles 1 0
sturians 1 0
hila 3 0
ahresfrist 1 0
eruch 12 0
hild 57 0
precept 20 0
versenket 1 0
hile 420 0
egegnen 2 0
hilf 3 0
ausuebte 3 0
hili 7 0
haiuta 2 0
insolent 52 0
wuehlet 1 0
nteressantes 2 0
wuehlen 1 0
poetasters 4 0
swaths 1 0
oetterbildern 1 0
sukhien 1 0
reawaken 2 0
einbildischen 1 0
lusts 5 0
chateaux 9 0
nkluges 1 0
colourable 1 0
lusty 59 0
informally 1 0
eitentuer 2 0
hike 2 0
swathe 1 0
xpound 2 0
versenken 1 0
entscheidenden 5 0
ohnsonese 2 0
unlimitedly 1 0
scrambled 19 0
entscheidender 1 0
erstehst 1 0
hina 116 0
apprehension 74 0
hinc 2 0
hind 57 0
hine 57 0
hing 208 0
scrambles 52 0
stoned 4 0
stellenweise 6 0
hink 66 0
reibjagen 2 0
distinctness 19 0
gniteth 1 0
aesterung 1 0
hims 2 0
richteten 5 0
lebendigste 1 0
nventions 9 0
himb 1 0
hime 3 0
xtortions 1 0
confirm 63 0
hill 311 0
orbflasche 1 0
warningly 1 0
hilo 11 0
estfeuerchen 1 0
hils 49 0
unfought 1 0
hilt 20 0
stones 300 0
diskutierten 1 0
rreligion 1 0
atalogne 1 0
intervene 10 0
ircassian 3 0
rhabenen 1 0
aultrommel 1 0
taunting 3 0
aufzukeimen 1 0
cognac 2 0
confind 5 0
rdensgeistliche 1 0
confine 46 0
fficers 125 0
hios 3 0
freemasonry 4 0
assels 1 0
dumean 1 0
abjuring 1 0
abdomens 1 0
verhinderten 2 0
degree 738 0
disheveled 3 0
cheidend 2 0
hinn 163 0
scramblin 2 0
hins 2 0
hint 92 0
nfassen 1 0
klassischen 4 0
puenktliche 1 0
statistische 1 0
prefigured 1 0
untersagte 1 0
hird 42 0
hire 59 0
deuce 12 0
donkey 30 0
niedliche 5 0
hirk 1 0
hirl 22 0
herzhaft 5 0
strippers 1 0
verbindend 1 0
putpose 1 0
funnels 1 0
assent 98 0
bounces 91 0
reuzwegen 1 0
uttons 3 0
verwitternd 2 0
obenswuerdige 1 0
allzureizbaren 1 0
bounced 2 0
ercelet 1 0
contours 1 0
umherstehen 1 0
tonenses 1 0
skirted 9 0
hips 97 0
treets 13 0
parenchyma 2 0
eingrissnen 1 0
gelenker 1 0
ubtilly 1 0
chlachten 1 0
hite 143 0
backed 47 0
ceinte 1 0
marvelousness 1 0
lourishes 2 0
torpedoes 3 0
fehle 8 0
hiss 4 0
hist 4 0
andschaftsgruenden 1 0
backer 2 0
fehlt 51 0
grantable 1 0
hish 2 0
ielding 26 0
hisk 2 0
disonant 1 0
edediah 1 0
hisn 2 0
ashington 203 0
hirt 4 0
versuendigt 2 0
dahlia 1 0
iederholen 2 0
sediments 7 0
halfpence 4 0
hive 23 0
duelling 2 0
ightingale 28 0
atalogus 1 0
kloans 1 0
subordinately 1 0
miracled 1 0
assern 3 0
bouncin 2 0
reconnoitered 3 0
seeing 454 0
frigate 3 0
assers 11 0
assert 73 0
atalogue 4 0
opfere 1 0
opfern 1 0
otterdam 3 0
gewohnter 1 0
placd 1 0
place 3114 0
hiva 16 0
gewohnten 10 0
informed 232 0
opfert 1 0
patriae 2 0
asseth 1 0
avaritious 5 0
dampfende 2 0
dissentient 3 0
hits 10 0
hequer 1 0
assess 5 0
apprehensive 30 0
enehmigung 1 0
perfunctorily 3 0
ellabat 1 0
wehrloser 1 0
olyphete 1 0
ngagements 4 0
stallage 1 0
informer 4 0
miracles 65 0
xempel 8 0
undivided 17 0
plait 5 0
lengary 1 0
canst 57 0
olypheme 2 0
retaliating 1 0
preconceptions 1 0
rickled 1 0
armchair 14 0
plain 609 0
imprisoning 1 0
damnosam 1 0
verfaulen 3 0
pantheon 2 0
plaid 6 0
regens 1 0
regent 26 0
geschehen 96 0
apportions 1 0
obscurorum 2 0
einfiel 6 0
verflochten 2 0
retaliation 7 0
hiwa 1 0
grudgingly 3 0
supposedly 5 0
acknowledged 188 0
ermagert 1 0
ruempfen 1 0
hizt 60 0
ancienter 1 0
labyrinthine 1 0
plagt 2 0
bewitched 13 0
lutes 9 0
regelt 1 0
sulloge 1 0
oerperliches 1 0
windfalls 1 0
lutel 1 0
acknowledges 17 0
egionen 7 0
luten 15 0
ipskoepfe 1 0
nfahrt 2 0
entivoglio 5 0
appuccini 1 0
aeusserliche 1 0
iyahara 1 0
pillowcase 3 0
canto 14 0
pleesur 2 0
eigenhaendige 1 0
betimes 8 0
ertue 6 0
nentschlossenheit 5 0
wharfo 2 0
nounce 1 0
wheezed 1 0
canty 1 0
granite 58 0
begnuegt 3 0
eology 2 0
wharfs 1 0
einernten 1 0
ertum 1 0
herunterhaengendes 1 0
herunterhaengende 1 0
panthers 4 0
hoopee 1 0
reputations 8 0
oversee 5 0
hooped 4 0
twinkling 16 0
ndeavors 12 0
orgeries 1 0
oceanic 1 0
disinfectant 1 0
wattled 1 0
fuenften 10 0
abgestritten 2 0
enchelwasser 1 0
ohlbefinden 1 0
carnival 5 0
ohlgefallens 1 0
rincipalities 1 0
applies 24 0
wattles 1 0
xhortations 2 0
hintreiben 1 0
sanchent 1 0
sideways 20 0
ildenholz 2 0
consolatory 8 0
corners 77 0
flanzensaeften 1 0
bivalve 1 0
aupttor 1 0
overmnent 1 0
niedern 7 0
anften 2 0
ilolilo 27 0
renegate 1 0
centralise 2 0
accumulates 8 0
ndeavour 7 0
beseeche 1 0
poltern 1 0
deploying 3 0
etersburg 5 0
signora 148 0
accumulated 92 0
oertlichkeit 1 0
imotheus 1 0
singuliere 1 0
muerrischer 1 0
muerrisches 3 0
underhung 1 0
misdeeds 9 0
practic 1 0
piquancy 1 0
edifantes 1 0
princedom 2 0
eemacht 2 0
maichi 2 0
zerrissen 14 0
udgment 80 0
dienstwilligen 1 0
troduced 1 0
practis 7 0
survivors 8 0
errliche 2 0
conjectural 2 0
asque 4 0
tasteless 6 0
applied 273 0
pferaltar 1 0
schalkhafte 2 0
etoerung 3 0
algate 10 0
ndeavord 1 0
stormes 1 0
erpass 1 0
beglueckte 2 0
algars 1 0
footprint 3 0
eternel 1 0
reputatioun 1 0
stormed 12 0
shielding 5 0
entflohen 8 0
beglueckst 2 0
kirchlich 1 0
erwog 1 0
illeicht 1 0
echales 1 0
retterstadt 1 0
ombardus 4 0
cooperation 8 0
ornson 1 0
otanist 1 0
aufreisst 1 0
issverhaeltnisses 1 0
arientag 1 0
cooperating 2 0
gatesi 1 0
hitechapel 2 0
unorganisierten 1 0
urueck 2 0
bringing 268 0
wundersamsten 2 0
begluecken 4 0
prohibited 83 0
nadengehalte 1 0
managers 19 0
southeast 5 0
huckster 1 0
relacion 1 0
leaked 6 0
solemnly 74 0
uonoparte 1 0
sideward 1 0
inaudible 7 0
rchibald 7 0
accoutred 2 0
ubehoer 2 0
confounds 7 0
huepft 1 0
contented 135 0
eseprobe 4 0
rovidence 122 0
allingford 2 0
nautical 2 0
fremde 37 0
kakemonos 3 0
epitomes 1 0
undoubtedly 140 0
ndeutungen 1 0
willkuerliche 1 0
ungespannt 1 0
riction 7 0
gruent 1 0
traduced 1 0
minderte 1 0
pleas 48 0
smuggling 34 0
zartesten 5 0
echalas 1 0
himmelblau 2 0
wegzubegeben 1 0
plead 47 0
stoisch 1 0
uonaparte 3 0
ailand 2 0
folgerechten 1 0
saloonkeepers 1 0
seenes 1 0
ungeruegt 1 0
precluded 10 0
erghem 1 0
weisser 11 0
weisses 12 0
weissen 27 0
hobgoblins 3 0
newone 1 0
eeleute 1 0
weissem 11 0
prefecture 2 0
orzueglichste 3 0
university 99 0
altherfirste 1 0
iedende 1 0
unwritten 8 0
intimidate 9 0
unwillkommne 1 0
uebersetztet 1 0
hofiert 1 0
hegatten 1 0
laughingly 7 0
necklace 13 0
precludes 5 0
rampage 2 0
leander 3 0
gruene 15 0
elegeias 1 0
instruktiv 1 0
pharmacopoeia 1 0
contreband 1 0
redigten 2 0
fficial 3 0
overset 6 0
skirmish 8 0
bligation 7 0
carfs 5 0
achlass 1 0
ausgezeichnet 2 0
ereinreiten 1 0
scorneth 1 0
marchers 1 0
oegerns 1 0
lasphem 1 0
vergoettert 5 0
carge 1 0
eimbucher 1 0
injunctions 10 0
vergoettern 3 0
wunderbare 25 0
cargo 52 0
aufnimmt 5 0
carer 1 0
cares 113 0
shrank 24 0
labels 2 0
unvorbereitet 1 0
erfuegung 19 0
freestone 1 0
document 41 0
meritote 1 0
iligence 15 0
killing 75 0
ournay 2 0
caria 1 0
untoward 9 0
godmother 6 0
capaciously 1 0
tellte 2 0
ournal 31 0
ommenced 1 0
disincumbrance 1 0
maltreating 1 0
elbstfuehrer 1 0
indefiniteness 1 0
halloons 1 0
auseinanderzubringen 1 0
ehraus 1 0
chibbook 1 0
fellum 1 0
importantly 1 0
girrit 1 0
regetour 2 0
aterproof 2 0
janglere 1 0
unpolished 6 0
carce 2 0
vitality 15 0
rdovician 2 0
erxes 1 0
tension 13 0
uchatel 7 0
aengern 3 0
ayabashi 1 0
precocious 12 0
waelzten 2 0
versprachst 1 0
aloooon 2 0
nuthin 36 0
aengers 4 0
cards 69 0
sorgenvoll 1 0
stuermisch 3 0
erschrocken 9 0
janglest 1 0
ourney 42 0
jangleth 1 0
cared 113 0
ruehling 12 0
piquante 1 0
obendrein 1 0
nfluence 78 0
atality 1 0
churlish 7 0
titles 104 0
uerstensohne 1 0
allavicini 1 0
sarcenets 1 0
entsendet 1 0
allavicino 1 0
cauldron 1 0
titled 4 0
nversehens 3 0
isschollen 1 0
fortzuschiessen 1 0
disgorges 2 0
eiterkeit 28 0
eisterin 5 0
weggenommen 5 0
entgegenwirkte 1 0
ecometh 1 0
vollstaendigste 2 0
hamlets 10 0
ierzulande 1 0
hallooed 1 0
girret 1 0
disgorged 3 0
errschen 1 0
gebuehrende 2 0
zurueckstehen 1 0
schlepp 3 0
payment 204 0
unprejudiced 7 0
batten 2 0
tellin 25 0
batter 4 0
etstunde 1 0
conquistadores 5 0
ierkoepfe 2 0
aengens 1 0
namesakes 1 0
gnorance 32 0
chuckling 11 0
artyman 1 0
mbrosia 2 0
petulantly 1 0
sclepiads 1 0
vitalist 1 0
presentations 4 0
domineer 2 0
unmehr 9 0
distinguishable 19 0
befringed 1 0
aryophyllus 1 0
erpflichtung 2 0
herumgegangen 3 0
interdicting 1 0
hereabouts 9 0
convoyed 2 0
eternal 152 0
babyhood 1 0
chamberere 2 0
commissionaire 1 0
fellow 518 0
riminum 1 0
urgatory 4 0
aengeln 1 0
oldfolk 4 0
rivateers 8 0
ugwumps 2 0
atents 1 0
improper 77 0
unmeet 1 0
anputzten 1 0
mysteriousness 1 0
shrivel 2 0
shriven 7 0
renegade 2 0
inappropriate 5 0
propagate 32 0
aedali 1 0
egebet 1 0
lorence 81 0
prescribing 4 0
egeben 1 0
orthodox 48 0
violoncello 7 0
combination 77 0
ausgefuehrten 2 0
telled 1 0
sacrificd 2 0
sacrifice 175 0
teller 11 0
nieces 17 0
tellen 100 0
fahrenzulassen 1 0
ragmenten 3 0
eyberger 1 0
isunderstandings 1 0
verbindliche 3 0
piratical 3 0
ilberforce 1 0
relished 7 0
uerschnalle 1 0
certitude 15 0
overrun 18 0
stosse 2 0
schwimmend 4 0
betroffen 19 0
glaubwuerdigsten 1 0
constructs 2 0
ehrbar 6 0
ewichte 2 0
resentiments 1 0
blaming 9 0
resound 9 0
mitbracht 3 0
relishes 1 0
infantrymen 1 0
osentasche 1 0
treulichste 1 0
errscher 7 0
nlifted 1 0
chittering 2 0
nordostwaerts 2 0
larches 4 0
stosst 1 0
commiserate 4 0
nahenden 1 0
terrors 47 0
notched 4 0
scorners 1 0
anfuhr 2 0
evolved 4 0
sketched 15 0
acksteine 1 0
bearbeitend 1 0
wortlosen 1 0
unartigen 1 0
breeches 20 0
ctaves 1 0
evolver 6 0
sketcher 7 0
unartiger 1 0
communings 1 0
sketches 11 0
unartiges 1 0
ornzweig 1 0
ouisdorn 1 0
erdicus 1 0
beschieden 6 0
ealakekua 1 0
ewissheit 30 0
besprechen 8 0
replenishing 5 0
senior 13 0
ergibt 3 0
ausgeschmueckten 1 0
assigned 85 0
erzaehlen 102 0
humorously 4 0
convenable 2 0
overran 7 0
plummeted 1 0
zugeteilten 1 0
gathocles 6 0
eader 48 0
eaden 4 0
hypocrisies 1 0
bloated 13 0
caput 3 0
leventh 1 0
aussuchte 1 0
einbilderischer 1 0
wohltaetigen 4 0
dischpatiern 1 0
knuepften 2 0
tuechtige 4 0
prosequi 1 0
heranreifen 1 0
craftily 14 0
forthelfend 1 0
harite 2 0
uckelby 14 0
knewen 1 0
vollkommen 94 0
nieder 116 0
ervts 4 0
requisite 104 0
simoom 13 0
pickling 2 0
harity 42 0
versprachen 6 0
inheres 2 0
nutive 1 0
ampfgewoelke 1 0
ngestueme 1 0
lauschende 1 0
eingeweiht 5 0
simony 3 0
wohlgegruendet 1 0
unwandelbare 1 0
anmutigsten 11 0
tkins 1 0
bereavement 3 0
reappear 9 0
schwadronieren 1 0
sonderte 4 0
capon 2 0
tichelreden 1 0
eitfolge 2 0
auberbuch 2 0
chelmenzunft 1 0
mutterings 2 0
hergefuehrt 1 0
unscrambling 1 0
agreements 9 0
varied 94 0
ostentatious 12 0
achtluft 1 0
hodiernis 1 0
uebergaenge 2 0
varies 48 0
comparentia 3 0
trustees 17 0
eolian 1 0
bearbeitete 2 0
erzaehlet 1 0
suedlichen 7 0
unmerklich 6 0
growling 4 0
squeeze 27 0
wegzutaendeln 1 0
duerstet 1 0
atalien 21 0
excisable 1 0
progenitors 12 0
streamers 2 0
rudder 8 0
backstairs 1 0
hemisphere 6 0
suedlicher 1 0
suedliches 1 0
withstond 1 0
anichees 2 0
rappists 1 0
unleavend 1 0
besotted 2 0
ebensgeister 1 0
locusts 12 0
nwendigen 1 0
prinkling 1 0
varice 15 0
cesspool 2 0
daheim 1 0
fruchtversprechenden 1 0
tammund 1 0
arrheit 2 0
uxine 5 0
inherit 23 0
bureaucrat 1 0
withstood 13 0
foretells 2 0
dewdrop 1 0
hergeritten 1 0
pewholders 1 0
cucurbita 1 0
istributed 1 0
trementem 1 0
amiliarity 3 0
schaendlich 6 0
amtkleide 2 0
teigern 1 0
eformation 90 0
scarpment 1 0
beengten 1 0
evanishment 1 0
bleeds 3 0
oriental 6 0
stound 7 0
llliebender 1 0
patria 2 0
rycius 2 0
fectly 1 0
ataline 1 0
assionists 3 0
erbleicht 1 0
craftier 1 0
riminel 2 0
tauchte 2 0
jauchzte 1 0
hermetically 9 0
bisogna 1 0
schoolfellow 2 0
horticulturists 1 0
poettereien 6 0
estify 1 0
hervorsteigen 1 0
herbstlicher 1 0
indhauch 2 0
ornstein 3 0
thunderbolts 10 0
grudge 28 0
snuffbox 1 0
iesengerippes 1 0
estien 1 0
ntiques 1 0
ubilaeum 1 0
cweorn 1 0
expiatory 2 0
vollkommne 7 0
bribing 3 0
trustworthy 27 0
inions 2 0
ervia 3 0
defending 71 0
vorerzaehlte 1 0
unvollstaendige 1 0
aglohn 1 0
enthuellt 4 0
ervii 1 0
genuegt 3 0
rtificial 1 0
bescheinigen 1 0
circulating 83 0
irresponsibility 3 0
solide 2 0
unavoidably 11 0
eacus 2 0
praeferendum 1 0
solida 1 0
estidy 1 0
informants 2 0
meddell 1 0
preussischen 1 0
cquiescing 1 0
capes 10 0
aspis 6 0
solids 7 0
ommended 1 0
unavoidable 47 0
hunker 1 0
haring 3 0
nachahmt 1 0
directions 127 0
enthuelle 1 0
background 33 0
beholders 3 0
ommenden 1 0
anzulassen 1 0
oriented 1 0
tillschweigend 1 0
erzlichkeit 2 0
riminal 1 0
fected 1 0
atalina 6 0
tymological 1 0
unrecht 18 0
hariot 2 0
assagiere 3 0
eichtsinn 14 0
capin 2 0
repeat 129 0
beholdest 8 0
epidosiren 1 0
superposed 3 0
repeal 40 0
ntiquar 2 0
erilous 2 0
octagonal 2 0
speeches 67 0
estimmbare 1 0
breechin 1 0
ergier 1 0
geflossen 4 0
pflegtest 1 0
orrupteth 1 0
rzvaeter 1 0
imitour 1 0
unternahmst 1 0
protectress 1 0
circulation 122 0
speeched 1 0
fferings 2 0
ergieb 1 0
poinsettias 2 0
lasterhaft 1 0
lolomai 2 0
nachdenken 3 0
powdered 15 0
depend 235 0
annaregen 1 0
grantee 1 0
onegall 1 0
masquers 1 0
granted 250 0
scornful 21 0
reizendesten 2 0
bekommt 2 0
uickening 1 0
ufund 1 0
entrepot 2 0
stuerzten 7 0
durchwalkt 1 0
onkoamin 1 0
certificated 4 0
ogleich 8 0
vertieft 7 0
blunderer 3 0
rtois 3 0
gemeldet 10 0
quality 289 0
achtlust 1 0
ottesdiensts 1 0
urling 3 0
certificates 12 0
utheranismi 2 0
tenebras 1 0
blundered 7 0
thiopians 1 0
footses 2 0
ottesdienste 2 0
durrupto 1 0
charlatans 1 0
tagnation 1 0
destruction 169 0
unchristianize 1 0
durchzuhelfen 1 0
chwungbretter 1 0
recensione 1 0
attelhenkens 1 0
skacely 2 0
granten 1 0
grimage 1 0
monotonous 30 0
achiavel 7 0
euerzeichen 1 0
besaenftigt 1 0
religioser 1 0
unfenced 1 0
grapevine 1 0
verstohlenen 2 0
asagen 1 0
xpeditions 6 0
vernarbt 1 0
zerknirschtem 1 0
compasses 3 0
conquers 11 0
eadow 6 0
feindliches 1 0
ascertainable 1 0
aussuchen 4 0
feindlichem 1 0
mgaenge 2 0
sidewalk 5 0
hochfliegendste 1 0
commending 4 0
repels 2 0
repell 2 0
herlocken 1 0
conquest 116 0
schwaetzen 1 0
onfessions 6 0
appliance 2 0
ummodeln 1 0
consciously 13 0
getrauten 4 0
primitus 1 0
pruegelte 1 0
ilettanten 2 0
renaissance 2 0
schluepfrigen 3 0
wurmstichige 1 0
jotted 1 0
rampant 8 0
stalled 2 0
uebertreffen 3 0
patrol 8 0
registry 2 0
patron 83 0
selectmen 3 0
oftentime 5 0
vidently 18 0
unwillkommen 1 0
bekomme 1 0
exempted 36 0
fluessige 1 0
racastorius 2 0
schluepfriger 1 0
dewes 1 0
ausgesuchtesten 3 0
undefended 5 0
atronage 5 0
compassed 3 0
ourmet 1 0
jauchzen 2 0
nclusion 1 0
roperties 9 0
brewhouse 1 0
ooster 3 0
irelays 1 0
sorgsame 1 0
dification 1 0
eglecters 1 0
ergriffene 1 0
rhaltung 14 0
ufopferung 8 0
pprentice 5 0
tumbrel 1 0
umgeworfen 1 0
tenebris 2 0
ancelot 4 0
patrician 3 0
unternahmen 5 0
eremiah 13 0
gepflanzten 3 0
alluring 15 0
flirted 4 0
indulged 49 0
knurrischen 1 0
asenbank 2 0
uacquero 1 0
vratch 2 0
uacqueri 4 0
eening 2 0
urpurmantels 1 0
logarithmic 1 0
nzufangen 1 0
indulges 6 0
restorers 2 0
estimable 18 0
throwing 116 0
rampart 9 0
combats 4 0
eopling 3 0
lieblicher 9 0
repens 1 0
anonge 5 0
liebliches 7 0
repent 50 0
reckonings 5 0
gipsy 5 0
eadly 1 0
lieblichen 11 0
destructive 47 0
ttendance 10 0
ssawatomie 2 0
palisade 2 0
leandro 4 0
restoreth 2 0
undertsten 1 0
juenglingsfreien 1 0
gescherzt 4 0
taudenmassen 1 0
erhuellung 1 0
bookstalls 1 0
gesprengt 3 0
deigned 9 0
ropertian 1 0
juxtaposition 6 0
erdammungs 1 0
usspenden 1 0
isasters 1 0
perversely 2 0
wohltaetiges 1 0
gelungenen 1 0
lessing 44 0
repeto 2 0
anones 1 0
heraushelfen 3 0
phegesis 1 0
tolemaeus 2 0
anonen 2 0
scraichin 1 0
unterkeit 14 0
vorerzaehlen 1 0
hingerannt 1 0
niceteia 1 0
bleeve 7 0
cannons 3 0
ewundrer 1 0
ohenlohe 1 0
senile 2 0
crudities 1 0
uschelkalk 4 0
unterwirft 1 0
hierhueben 1 0
rotundus 1 0
uebergangen 2 0
siebzehn 2 0
inclinable 2 0
grimace 11 0
gipon 2 0
ulcerated 2 0
videntur 1 0
halysia 1 0
apfere 1 0
floods 28 0
ontribution 2 0
hlau 1 0
apfern 1 0
ongregationen 1 0
zudrangen 1 0
lobenswertesten 1 0
orgenandacht 1 0
asciviousness 1 0
durchzukommen 1 0
famine 75 0
felons 2 0
charmless 1 0
arraying 1 0
oeschen 3 0
reconcilements 1 0
hypnotize 2 0
felony 13 0
kristallhelles 1 0
artentuer 2 0
corncob 2 0
rmselige 2 0
phantasmagoria 1 0
uthorised 1 0
geschwind 34 0
voruebergehend 2 0
urgesses 3 0
prohibiting 19 0
selection 80 0
begruesstest 1 0
tockungen 1 0
speakin 4 0
musement 13 0
wrenched 11 0
viertehalbtausend 1 0
hungry 84 0
nfernal 1 0
alerische 1 0
auptbrunnen 1 0
prohibition 89 0
oeuvre 3 0
riegstaten 1 0
disworship 1 0
abale 2 0
wrenches 1 0
helbourn 1 0
unbilliger 1 0
eintretendem 1 0
eintretenden 3 0
femme 4 0
unclose 5 0
racketing 1 0
unbilligen 1 0
andscapes 1 0
vainly 45 0
screening 2 0
confuting 1 0
eager 158 0
apferen 1 0
eages 1 0
angeschlagen 3 0
niemand 212 0
repass 4 0
repast 21 0
ringelnd 1 0
ongregational 1 0
orwort 1 0
arcourt 4 0
hoorer 2 0
soleum 1 0
caste 41 0
stangenaehnliche 1 0
abaft 1 0
gather 90 0
energies 46 0
transact 13 0
casts 7 0
andschaften 3 0
buildings 116 0
footway 2 0
outsiders 4 0
mpeached 1 0
protestant 2 0
zueignende 1 0
canevas 1 0
andschafters 1 0
respecting 140 0
atholik 1 0
landmarks 12 0
glaenzten 5 0
unbosoms 1 0
atholic 422 0
haises 1 0
breakfasted 20 0
irritate 14 0
ebetserhoerungen 1 0
fifties 1 0
repare 3 0
selecting 18 0
schaeumten 1 0
achhelfen 1 0
ebensgenusses 2 0
protrude 2 0
uldung 4 0
errewether 1 0
rtischockenlaender 1 0
aggrievedly 1 0
defensible 5 0
kostuemierte 1 0
frenzy 40 0
rayton 16 0
hypnotism 4 0
niemals 139 0
inconsistency 27 0
family 997 0
aximinus 6 0
beneficiorum 1 0
ohlstand 10 0
rontier 13 0
zubringen 21 0
teinbrueche 2 0
dahinschmelzendes 1 0
uaking 2 0
gestueckeltes 1 0
zealot 4 0
duemmer 2 0
assayer 2 0
ompliments 24 0
assayes 1 0
harlot 4 0
omkins 1 0
abominate 3 0
aufgespannt 2 0
stoehnten 2 0
ahrmarktsbrande 1 0
assayed 6 0
omplimente 3 0
idiosyncrasy 1 0
indubitably 3 0
versagt 21 0
carves 2 0
auptfiguren 1 0
aessigt 4 0
repays 4 0
carver 2 0
carven 10 0
carved 75 0
qualmte 1 0
usguss 1 0
lmach 3 0
energica 1 0
aback 11 0
arbledown 1 0
assts 1 0
expounded 24 0
naheliegende 1 0
argantuan 1 0
indubitable 9 0
assur 5 0
izzat 4 0
aguets 1 0
arlovingian 2 0
pianos 1 0
ebaucheries 1 0
bridesmaids 3 0
zerbroeckeltem 1 0
woful 14 0
stores 65 0
erdinand 126 0
aehnlein 3 0
cession 3 0
uspoli 4 0
storey 2 0
communions 2 0
expounder 1 0
enigmatic 2 0
stored 27 0
unburied 5 0
artausen 1 0
evenues 1 0
umwenden 1 0
eranged 1 0
wenigstens 163 0
cessing 50 0
eryon 1 0
umwendet 2 0
assol 20 0
ranslation 7 0
anpreist 1 0
uncloud 1 0
assos 1 0
positions 53 0
verhehlen 4 0
uodlibet 1 0
anpreise 1 0
verflogen 2 0
ranslating 3 0
entfuehrend 1 0
placehunters 1 0
respective 132 0
floors 30 0
larceny 3 0
araccioli 1 0
deyse 6 0
mortrewes 2 0
hlox 1 0
biscuits 13 0
seaweed 10 0
aeurin 5 0
hloe 2 0
floore 1 0
aehndrich 1 0
cricketing 1 0
laschenzug 1 0
inherited 45 0
yardstick 1 0
oldpapier 1 0
zitternden 2 0
underquelle 1 0
tropaeis 1 0
zitternder 2 0
aeander 2 0
persuading 21 0
amendment 16 0
erzaehlte 98 0
ungeheuer 7 0
astly 36 0
ariette 2 0
rederic 196 0
stoerend 1 0
hervortraten 4 0
einschenken 2 0
rlando 10 0
refrigera 1 0
erausgefuehrt 1 0
idechsen 1 0
isadvantages 3 0
midward 1 0
ingerzeige 2 0
uninterrupted 30 0
ungewoehnlich 1 0
aguely 1 0
heano 2 0
fearfully 13 0
grottos 7 0
soleil 1 0
uxley 3 0
irmament 2 0
ndemnification 1 0
bulkhead 5 0
eaboard 1 0
allicans 7 0
ergiss 5 0
schaudere 1 0
stipends 2 0
hairon 16 0
effecte 1 0
regrets 17 0
breitere 1 0
chiffbruchs 1 0
schaudern 3 0
estiny 5 0
harlie 1 0
kikheio 1 0
schaudert 4 0
hundertfaeltigem 1 0
departe 4 0
hundertfaeltigen 1 0
espaeche 1 0
leniency 2 0
eenness 1 0
greeble 1 0
versank 10 0
oktors 2 0
hundertfaeltiges 1 0
carabaeus 1 0
departs 9 0
vorausgesehen 4 0
heals 2 0
widersprachen 2 0
ghetto 2 0
onfuse 1 0
astor 18 0
interessantere 1 0
ludicrousness 1 0
inganno 1 0
aston 20 0
erzaehlst 1 0
esting 3 0
gathon 248 0
estine 1 0
iebetraut 51 0
lmightiest 1 0
consciscere 1 0
uebergang 10 0
herabzugleiten 1 0
aengeleuchter 1 0
drifan 1 0
breitete 6 0
ennybody 1 0
opeless 1 0
sharpers 2 0
abheben 1 0
boast 106 0
betrays 9 0
durchgelesen 4 0
healc 1 0
heald 1 0
heale 2 0
stalked 21 0
segment 1 0
erging 5 0
retaining 37 0
olyxena 4 0
marshaled 1 0
betrayd 1 0
olyxene 2 0
cater 3 0
gedenke 17 0
astir 6 0
eague 51 0
refeese 2 0
astin 1 0
boats 102 0
schichtenweise 1 0
gedenkt 11 0
fluechtigsten 1 0
irago 1 0
swinging 39 0
migrate 7 0
hairst 2 0
hymned 2 0
ffenchoeren 1 0
nittelreimen 1 0
undererscheinungen 1 0
sabellen 1 0
aufgeschwollnen 2 0
buessten 1 0
unloeblichen 1 0
schmettert 1 0
einstuermend 1 0
asualty 1 0
sharpest 7 0
ruefungsgeschichte 1 0
cathe 2 0
astle 44 0
loszuarbeiten 1 0
anoeuvres 1 0
wiederhaben 1 0
haired 29 0
drieth 1 0
recalls 16 0
bebend 3 0
unquestioned 6 0
subtractions 5 0
ncivility 1 0
enchanter 2 0
atelle 2 0
afferunt 1 0
contenting 7 0
nachsagte 1 0
verbitterten 1 0
haires 8 0
denouncing 15 0
erzen 286 0
uorum 6 0
albschelm 1 0
abard 8 0
driest 1 0
catch 159 0
desperadoes 2 0
nourishing 19 0
tillman 1 0
efitting 1 0
aster 303 0
astel 10 0
asten 35 0
contention 33 0
asted 4 0
explicit 24 0
abash 7 0
consequential 63 0
piphanes 2 0
abase 2 0
anhaenglichsten 1 0
astes 2 0
scrapple 1 0
choicest 13 0
ravidian 1 0
irach 6 0
reposeful 3 0
augenichts 2 0
ingangs 2 0
blackening 7 0
herschimmern 1 0
ingange 4 0
abate 18 0
cated 1 0
spingeth 1 0
unadvisedly 2 0
mitarbeitenden 1 0
catel 1 0
superannuated 6 0
veranda 3 0
estius 2 0
zalea 6 0
boars 9 0
temporize 1 0
girths 4 0
diametrically 7 0
sharpens 2 0
heady 3 0
enchanted 17 0
verhehlte 6 0
arewel 1 0
estive 1 0
eruption 6 0
crowdest 1 0
enntnisse 30 0
heads 271 0
board 263 0
aubvogel 1 0
boare 2 0
incontinent 1 0
huebsch 23 0
festivals 12 0
pursuing 49 0
frigore 1 0
cornder 14 0
ruinous 48 0
unmeasurable 6 0
arwinian 1 0
sawyer 1 0
bewachsen 7 0
goodlieste 1 0
krampfhafte 1 0
tosender 1 0
solely 117 0
tosenden 1 0
effects 315 0
eagle 73 0
solemn 198 0
eschlechtsregister 1 0
ecclesia 2 0
fulminated 1 0
estirs 1 0
rfuellung 9 0
fructifying 1 0
sluttish 1 0
booksellers 10 0
ohnsonian 2 0
udocus 1 0
pertinacious 6 0
heaat 1 0
harley 8 0
olupere 1 0
selective 1 0
harles 572 0
treffende 2 0
unblemished 9 0
durchdringe 1 0
ndividuelles 1 0
onsumption 14 0
esorgen 1 0
estirn 1 0
ergius 5 0
nsekten 3 0
tregetoures 1 0
clogged 6 0
conciliatory 8 0
felle 1 0
promoted 43 0
frameless 1 0
tionally 1 0
ournon 3 0
orchester 4 0
geldbringende 1 0
fells 2 0
molluscs 1 0
promoter 4 0
unmated 2 0
laster 1 0
promotes 13 0
lastet 4 0
aribbean 4 0
carve 15 0
grufen 1 0
league 26 0
seceded 1 0
unmaennlich 1 0
andring 1 0
affrontive 1 0
patter 9 0
seceder 1 0
vacations 4 0
patted 14 0
agdflinten 1 0
xpensive 1 0
herbeifuehrt 2 0
discharg 1 0
lawfully 17 0
pauletten 1 0
erwiderte 54 0
rioresse 1 0
hmed 1 0
coquitoque 1 0
mrisse 6 0
hmen 2 0
lasten 2 0
eputations 2 0
hierhergekommen 2 0
iscarriages 1 0
lasted 88 0
unstleben 2 0
scorning 9 0
modernise 1 0
seemly 13 0
uftritten 1 0
empowered 10 0
sewage 2 0
saltpetre 4 0
ehrere 8 0
ntschluss 57 0
enthielten 3 0
excellente 1 0
girls 218 0
isbelief 1 0
assistances 1 0
crochets 1 0
ungeheure 41 0
leinliche 1 0
ehrern 3 0
ehrers 2 0
evoked 9 0
wuerfelt 1 0
ranklin 98 0
evokes 1 0
carry 561 0
felis 4 0
aekchen 1 0
schlief 33 0
ttend 3 0
schmerzlichste 1 0
olonists 48 0
orurteilen 6 0
pursuits 79 0
auszurauben 1 0
klavenkleid 2 0
lgernon 2 0
aufbeissen 1 0
equemlichkeiten 5 0
vermahlen 1 0
hunnard 2 0
labama 16 0
beigetragen 4 0
haenomena 3 0
seemin 1 0
haenomene 2 0
carte 5 0
olydamas 1 0
employments 133 0
relighting 1 0
simmon 14 0
unmask 1 0
ungelenk 1 0
fortzugehn 1 0
schlich 28 0
carts 38 0
drifts 10 0
efriedigung 14 0
genealogists 1 0
aufzudruecken 2 0
felde 1 0
ndanero 2 0
teuern 3 0
labako 1 0
laetterteig 1 0
disbelievd 1 0
disbelieve 7 0
chutze 1 0
carol 2 0
ehaglichkeit 5 0
hrerbietung 3 0
erduldete 2 0
nfalle 3 0
french 49 0
utrigger 10 0
behutsamen 1 0
nfalls 2 0
dictated 51 0
dictates 26 0
eneration 23 0
eventer 3 0
hinzudringen 1 0
carnp 1 0
fifthly 2 0
erschuetterte 2 0
affronting 3 0
flipping 1 0
einander 152 0
esebuch 1 0
fisticuff 1 0
entlassen 13 0
billets 7 0
broached 4 0
zerstreuenden 3 0
ordentlichen 2 0
girrte 1 0
undelirious 2 0
nachsagen 4 0
wifely 5 0
auszusprechen 16 0
ablehnende 1 0
ethnology 1 0
reikorps 2 0
ordentlicher 9 0
seemen 3 0
seemed 1414 0
entgegenkommen 3 0
wandering 105 0
dungeon 27 0
hervorgesprungen 1 0
herueber 29 0
verbrachte 1 0
teuert 1 0
mattered 4 0
reflectively 12 0
uehrerin 1 0
girds 1 0
nulli 1 0
assermasse 2 0
buttressed 2 0
modernism 1 0
nullo 1 0
nutritious 5 0
anerkenne 4 0
coupling 3 0
consultors 3 0
orchestra 6 0
buttresses 8 0
appinesses 1 0
aufgestellte 1 0
ttest 5 0
iuliano 1 0
months 496 0
intonations 2 0
gireo 1 0
infinitive 2 0
modernity 1 0
diagnosis 2 0
zaak 1 0
austrinken 1 0
doctrinaire 1 0
enfloons 1 0
gelaeufig 5 0
geringschaetzige 1 0
gnoramus 2 0
achtzig 4 0
pattin 1 0
goeldenen 1 0
schlimm 9 0
unheilbare 1 0
swayed 20 0
dreamer 13 0
almanticenses 1 0
dreames 13 0
minimising 2 0
einstweilen 4 0
treits 3 0
swindle 3 0
considerable 726 0
girba 3 0
lichtlyin 3 0
agnificently 1 0
chutte 2 0
dreamed 106 0
vernachlaessige 1 0
ycaenis 1 0
enelaus 3 0
goldgeraendet 1 0
considerably 136 0
homeless 5 0
misslichen 1 0
carle 1 0
eekarte 1 0
vernachlaessigt 5 0
unmake 2 0
ausfaellt 1 0
unerhoertem 1 0
unerhoerten 2 0
aeusle 2 0
treite 4 0
troublemaker 1 0
ledigen 2 0
nulla 1 0
auptkirche 2 0
niedlich 2 0
unvorsichtige 2 0
hoamgangen 5 0
ronting 1 0
erdienste 23 0
pleen 4 0
province 229 0
nuetzlichsten 2 0
shifts 8 0
aturschauspiele 1 0
gruess 10 0
harken 2 0
heodora 1 0
lhazeni 1 0
toilsomely 2 0
uerstenhut 1 0
waverers 1 0
zeales 1 0
abzuhacken 1 0
angekuendiget 1 0
zaeh 3 0
heodore 109 0
uebergeschlagenen 1 0
repudiation 2 0
yracuse 21 0
elegies 3 0
drohend 7 0
zahl 2 0
zahm 6 0
casks 11 0
ensigns 2 0
eibsleute 1 0
stormy 27 0
aufmannsgesichter 1 0
onnexion 3 0
mpoerten 3 0
zagt 1 0
tamely 9 0
riegestunder 1 0
concordia 1 0
manierli 1 0
verkaufte 2 0
buying 63 0
zage 1 0
partially 58 0
storms 56 0
excellence 107 0
wheelwright 2 0
rulings 1 0
bolishing 1 0
eraneia 1 0
excellenct 1 0
carcasses 4 0
excellency 10 0
plein 7 0
cased 1 0
religiosity 1 0
eightieth 1 0
satisfactory 107 0
weitergebracht 1 0
dialectic 17 0
distributive 2 0
braunes 2 0
rnsthaft 1 0
aeuser 43 0
blueberry 2 0
aeusen 1 0
braunen 9 0
alaries 11 0
amblin 2 0
brauner 1 0
zuruecksah 1 0
heaternamens 1 0
storks 6 0
erdiene 1 0
region 202 0
elegiac 23 0
irchengeraete 1 0
miserere 1 0
storia 2 0
reciprocal 13 0
vertical 21 0
rovocations 2 0
einleitende 1 0
lders 1 0
aufmerksam 77 0
abgemietet 1 0
sensorium 1 0
cases 604 0
alleluja 2 0
regime 15 0
leasance 5 0
waescht 1 0
eissenstein 1 0
assio 2 0
unhonored 1 0
soliloquy 10 0
storing 6 0
aelbermass 1 0
beklemmten 2 0
hellblauer 1 0
ebacknesmacher 1 0
conferd 1 0
teazing 1 0
rionfante 1 0
loosing 1 0
uerdige 1 0
lieutenants 10 0
nquest 2 0
ithgow 1 0
patache 1 0
ambler 10 0
perorations 2 0
shepherdess 3 0
concordat 1 0
gyptische 1 0
ambled 4 0
ancaster 31 0
conjectured 6 0
umidity 1 0
ldest 1 0
divested 14 0
inheritor 1 0
halbkluges 1 0
conjectures 28 0
hoopoe 1 0
nendlichen 6 0
hostelere 3 0
nfluenza 1 0
isdain 3 0
nendliches 1 0
ariolatry 1 0
arefoot 1 0
ketides 1 0
distribution 120 0
eventus 1 0
evidenced 10 0
confess 262 0
consuming 21 0
ibraltar 17 0
herhing 1 0
logographers 1 0
evidences 21 0
nquete 1 0
asser 192 0
dimples 5 0
asses 23 0
assel 5 0
kennenzulernen 12 0
assen 90 0
storve 1 0
assed 2 0
conferr 1 0
confers 3 0
felte 5 0
dimpled 7 0
sengen 1 0
emoiselle 2 0
senger 1 0
assez 1 0
senget 1 0
lastly 54 0
asset 2 0
possemus 1 0
insidiously 4 0
painards 1 0
saftigsten 1 0
nstauratio 1 0
hoopin 1 0
orgerers 1 0
drohete 1 0
streitige 1 0
iessbach 1 0
comedians 2 0
zart 15 0
ongregationis 1 0
distributing 21 0
partisan 22 0
girth 15 0
stotternde 1 0
ereilest 1 0
laveholding 1 0
simmer 3 0
stampeded 2 0
zard 3 0
lifelikeness 1 0
repudiating 4 0
beschaedigt 8 0
embassy 17 0
knuepft 4 0
shambling 4 0
tenshun 1 0
heilenden 1 0
scarcer 2 0
heilender 1 0
daemmernden 8 0
predetermination 2 0
contributor 12 0
pleon 1 0
treacle 1 0
anfred 11 0
daemmerndes 1 0
regimen 16 0
amisards 1 0
felon 9 0
gutherzige 2 0
lastik 1 0
schmaehte 1 0
assan 20 0
elektrischer 2 0
lastin 2 0
stories 252 0
assai 1 0
regium 1 0
durchfuehrten 1 0
elektrischen 2 0
dictator 13 0
anfrey 1 0
assae 1 0
hereinging 1 0
storied 9 0
assay 24 0
utherzigkeit 5 0
assau 9 0
locations 3 0
regius 1 0
assar 1 0
assas 4 0
vorhandenen 1 0
pertinence 1 0
overflowing 15 0
ellampe 1 0
sollet 1 0
sollen 228 0
lateness 2 0
felice 2 0
kettle 18 0
paragon 6 0
pellucid 5 0
angenehme 53 0
iyojintake 1 0
lieglein 1 0
hecco 2 0
hnen 216 0
ambria 9 0
ambric 2 0
groom 50 0
rifted 1 0
uetonius 5 0
devices 45 0
lassen 516 0
lthough 164 0
prachunterrichte 1 0
analysis 28 0
riften 1 0
zugezogen 5 0
dayelight 1 0
erkannten 10 0
riedrich 42 0
occurrite 1 0
grope 11 0
dialectician 3 0
unities 6 0
ildhauer 5 0
vollbewohntes 1 0
schlank 3 0
dmittance 2 0
carriage 381 0
irginius 8 0
regnas 1 0
dicitur 1 0
dispirit 1 0
awreke 1 0
somethin 12 0
schlang 6 0
diversions 12 0
ignorieren 1 0
loswerdn 1 0
arragona 1 0
ateran 14 0
loswerde 1 0
sesquipedalian 1 0
balsamische 1 0
scraggy 2 0
irginity 5 0
uccours 1 0
wolkenlosen 1 0
eiligtum 14 0
vertraue 2 0
versendet 1 0
missbrauchten 1 0
ervetur 1 0
rtificers 9 0
vertraun 1 0
ervetus 3 0
versenden 1 0
zwoelf 23 0
undone 37 0
vertraut 19 0
orsebreaking 1 0
lgesiras 1 0
wohne 8 0
roaring 42 0
alagonia 1 0
analyses 5 0
schlaue 5 0
wohnt 18 0
beleuchteten 1 0
otteswelt 1 0
loeckchen 1 0
vidence 24 0
vocabularies 1 0
analysed 9 0
pounced 5 0
rteilsspruch 2 0
ngleland 8 0
schlaun 1 0
concocts 1 0
hergingen 1 0
slightness 1 0
contoured 1 0
verkaufen 13 0
evinced 17 0
regnes 8 0
regnet 3 0
unaffektierte 1 0
abfallen 2 0
cercis 1 0
spakest 1 0
fingering 11 0
deliriously 3 0
enpence 3 0
evinces 1 0
fulness 20 0
ugendeindruck 1 0
egierigen 1 0
groin 3 0
warldly 2 0
gewischt 2 0
occurring 16 0
irngespinsten 1 0
barrator 1 0
bdankung 1 0
ambray 7 0
rdscholle 2 0
plies 4 0
silbergroschen 2 0
bocca 1 0
althasar 1 0
affords 138 0
verstopft 4 0
ambrai 9 0
plied 9 0
depositions 4 0
mediaeval 26 0
aterie 9 0
niceties 2 0
plift 1 0
prohibitory 3 0
oilers 1 0
eitalters 1 0
uniting 20 0
ustering 1 0
redeten 9 0
deanship 5 0
redetet 1 0
groff 2 0
ldine 2 0
cyclones 1 0
tainted 12 0
nlust 3 0
reizbares 1 0
gesorgt 23 0
veraechtliche 1 0
aessger 1 0
vetustissimum 1 0
zerstoerte 7 0
einsaugt 1 0
undoes 1 0
commendeth 1 0
anzleien 1 0
harffs 4 0
horough 4 0
nutmeg 3 0
lecshuneer 1 0
osalienberg 1 0
schenkest 1 0
alanites 2 0
deadlock 4 0
simplifies 1 0
kurzsichtige 1 0
homoeopathic 2 0
edrohet 1 0
cajoled 3 0
sandalwood 2 0
schildern 9 0
schildert 3 0
coquetry 5 0
disburdens 1 0
greenhood 1 0
accumulation 61 0
householders 1 0
coquette 2 0
abzuweichen 3 0
kneten 2 0
mathematische 1 0
ichterworte 1 0
confiscation 10 0
simplified 6 0
egitimation 1 0
ersprechens 1 0
erhaltens 1 0
complication 11 0
causa 1 0
ourret 1 0
grobe 3 0
causd 2 0
cause 1174 0
ircling 2 0
vertragt 1 0
aterne 6 0
pourtrayor 1 0
erhaltene 1 0
purveyors 1 0
caust 1 0
estination 7 0
unsaleable 3 0
cruppers 1 0
wiedererhalten 2 0
nearsightedness 1 0
complicating 1 0
alcraft 1 0
eziehung 8 0
confiscating 3 0
orkmanship 4 0
morrowing 1 0
groan 46 0
unaufgeschnitten 1 0
groat 11 0
disoblige 4 0
aileys 5 0
defeating 4 0
loveless 2 0
accumulating 20 0
nachsaehe 1 0
erschooossen 1 0
nerving 2 0
nfange 21 0
ondescension 2 0
chanoine 2 0
fortleben 2 0
ossueti 1 0
shrews 3 0
lassts 1 0
schlagend 1 0
speares 4 0
nfangs 12 0
clashing 4 0
eschriebenes 1 0
reizten 1 0
omtees 1 0
asalle 1 0
givin 2 0
gewandelt 2 0
blamest 2 0
iungerent 1 0
euerkreis 1 0
huelfe 2 0
videmus 1 0
abfordern 1 0
shrewd 33 0
shrewe 1 0
demonstration 35 0
actions 251 0
vorwitzigen 1 0
unmixd 1 0
geplaettet 1 0
chiffskunst 1 0
aileth 9 0
oileis 1 0
dienstfertige 1 0
unterzeichnen 1 0
demonstrating 4 0
giver 21 0
gives 478 0
unterzeichnet 1 0
consulting 30 0
vorstellten 2 0
clashily 1 0
weathering 6 0
plenary 1 0
ueppigkeit 7 0
oedera 1 0
speared 1 0
bleedzed 3 0
nscriptionum 1 0
verjagt 3 0
startling 46 0
hailed 22 0
ribboned 1 0
rionis 2 0
fambly 16 0
lightnings 13 0
aggerdorn 1 0
dramatization 2 0
disappointed 122 0
aufgfallen 1 0
nfancy 6 0
given 1780 0
eintuechern 1 0
ausgestochen 1 0
zurueckzog 11 0
molasses 19 0
ircle 19 0
sixpenny 3 0
pubic 1 0
abbinical 2 0
pursuance 11 0
quibble 1 0
mericans 223 0
hooked 29 0
overned 7 0
geschnuerten 1 0
irginian 7 0
mericana 1 0
irginias 1 0
enclose 13 0
hookey 1 0
ltherfirst 1 0
ausbluehte 1 0
ergangnes 1 0
nterste 1 0
heinous 4 0
embargo 2 0
ergangnen 1 0
ufzug 13 0
dominion 87 0
asalte 2 0
hecks 2 0
aernhaeuter 52 0
narchie 1 0
beschaemt 20 0
smugglers 2 0
nrufungsformeln 1 0
actious 1 0
neugiiierig 1 0
ellamye 1 0
grows 138 0
oileau 23 0
quickset 1 0
assasip 1 0
caves 19 0
nervige 1 0
verzehrender 1 0
harers 1 0
irche 103 0
irtshaeusern 4 0
pacers 1 0
gebietend 2 0
losriss 2 0
zerstoeret 2 0
regenerate 1 0
ernstesten 4 0
revengeful 7 0
wolluestigen 10 0
ccordant 4 0
rappings 1 0
formulary 8 0
wolluestiges 1 0
mungana 1 0
overseeing 2 0
hoak 1 0
mbroider 2 0
hoam 9 0
schlafe 7 0
schlaff 2 0
formulate 6 0
xcellencies 12 0
hoar 14 0
betitelt 1 0
ehrwuerdiger 3 0
consistorial 3 0
ehrwuerdigen 10 0
zerstoeren 18 0
hoax 1 0
unverdiente 3 0
bewusst 22 0
losritt 1 0
schlaft 1 0
xplosion 2 0
growl 24 0
pepromenon 1 0
cavil 3 0
grown 261 0
entresol 1 0
orruption 10 0
undown 1 0
schlage 7 0
unintelligible 25 0
waspish 1 0
supplanted 5 0
freili 5 0
ntertan 1 0
trappures 2 0
embarkd 3 0
nachzuahmen 10 0
uebliche 1 0
republicanism 3 0
schlagt 3 0
excitedly 3 0
grove 48 0
heruebergestiegen 1 0
irces 3 0
wohin 73 0
receptacle 12 0
iederlesen 3 0
embarks 2 0
himerical 1 0
rwaermung 1 0
ircen 1 0
cogitated 1 0
forfeits 7 0
cucumber 3 0
replace 104 0
overnor 375 0
tthis 2 0
alzmaeste 1 0
nachdenkenden 1 0
zubereitet 11 0
utzdocke 1 0
freier 28 0
worldwide 2 0
freies 8 0
freiem 15 0
hoch 96 0
freien 58 0
groun 49 0
zubereiten 2 0
sketchable 5 0
group 119 0
hock 4 0
oberdeau 2 0
tobaccos 1 0
hobn 1 0
gross 254 0
untinctured 2 0
urposes 35 0
hobt 1 0
lassie 11 0
anzufeuern 1 0
orgenbrecher 1 0
eclipse 8 0
serioese 1 0
cknowledge 1 0
erflehen 3 0
overnmt 2 0
poetisch 5 0
managing 27 0
mpoerung 3 0
orderseiten 2 0
hoer 18 0
hoes 13 0
consistories 1 0
forementiond 1 0
mbildung 1 0
dicitis 1 0
ommervogel 1 0
hoed 6 0
discontinuance 2 0
iagram 1 0
lasses 15 0
lasset 2 0
ammerfraeulein 2 0
eidenschaften 53 0
padding 1 0
flaking 1 0
hodo 1 0
aedern 4 0
akquiriert 1 0
decamped 1 0
luminiferous 1 0
shilly 1 0
fearfulness 1 0
agrarian 2 0
chritte 37 0
undore 2 0
genesend 1 0
genesene 1 0
auszurichten 3 0
discomforting 1 0
hode 58 0
ostindischen 1 0
woher 30 0
unmasked 4 0
sometime 31 0
undoubted 24 0
hogs 18 0
unbrauchbar 4 0
armorpilaster 1 0
pupule 2 0
oadjutor 1 0
abraid 7 0
liquids 6 0
olicitor 4 0
hinamen 2 0
unploughed 2 0
agriculturists 1 0
sprengte 2 0
ebaerden 30 0
oleracea 1 0
rlaube 1 0
vaulted 14 0
heban 10 0
ohave 11 0
eisezustand 1 0
abble 6 0
gereizter 1 0
rencontres 1 0
elestina 2 0
ufzuegen 1 0
voellige 16 0
umstellt 1 0
sixpence 61 0
zuckender 1 0
zuckendes 1 0
disseminated 3 0
ohawk 9 0
upsprung 2 0
transfix 1 0
hoff 10 0
geerbten 1 0
auszufahren 2 0
ldham 5 0
hoir 4 0
trusting 44 0
ungepredigt 1 0
compuserve 3 0
uebschen 1 0
spark 32 0
vermahnen 1 0
orurteil 18 0
oundabout 3 0
smelting 6 0
spare 180 0
evitation 1 0
zamon 1 0
asual 2 0
withholden 4 0
wandelt 6 0
rlaubt 5 0
uotas 1 0
pawnshop 2 0
durchgefuehrten 1 0
spars 12 0
accepimus 1 0
entomological 1 0
wandeln 10 0
casemated 1 0
overspreading 2 0
hohe 45 0
eiligste 2 0
spasm 8 0
rcana 1 0
poundin 1 0
hohl 2 0
analytic 2 0
treadmill 3 0
umberland 17 0
arnevalsabend 2 0
notwendig 46 0
ueberstieg 4 0
aulician 3 0
holb 1 0
fabricated 5 0
hold 872 0
gatherings 8 0
nfanta 4 0
harems 1 0
hinaman 5 0
asserbehaeltern 1 0
nfants 2 0
nasskalter 1 0
inwirkungen 2 0
immediate 339 0
nterpretations 3 0
subtlety 17 0
landlord 198 0
session 128 0
abbit 522 0
bundance 5 0
utcher 5 0
leanoridas 1 0
berries 26 0
hond 4 0
hone 32 0
spang 6 0
homo 1 0
isadvantage 12 0
elsschlucht 1 0
spana 2 0
rediscover 1 0
spans 6 0
ohrenhaupt 1 0
ollaender 2 0
hatchway 2 0
murderously 1 0
pounded 23 0
holy 263 0
secularisation 1 0
geschenkt 12 0
spank 1 0
monitor 5 0
foreshadowed 1 0
spann 2 0
home 1590 0
wittiest 1 0
hole 215 0
pounder 3 0
holi 1 0
voruebergehende 5 0
marching 39 0
holm 2 0
holn 3 0
eterson 4 0
holp 5 0
oodbridge 1 0
subtlest 4 0
holt 23 0
erwacht 9 0
inikin 1 0
blindlings 1 0
hope 1304 0
bradate 2 0
ehrplan 1 0
erwache 1 0
hook 51 0
nregelmaessigkeit 3 0
hoop 13 0
iraud 2 0
hoot 10 0
epriesenen 1 0
ergebe 1 0
displeasance 6 0
parsnips 3 0
discouragements 4 0
roerterung 2 0
allotting 1 0
replant 1 0
bookshelf 1 0
hooa 1 0
astus 7 0
epigrammatists 14 0
hood 38 0
loading 22 0
hoof 23 0
heavy 578 0
hong 3 0
honi 1 0
urnieren 1 0
ahrgaenge 1 0
honk 3 0
irate 2 0
memorierte 2 0
inabsteigen 1 0
aufmunternden 1 0
enschenstimmen 1 0
erbitte 2 0
hora 1 0
hord 1 0
undarten 1 0
hore 47 0
abbes 1 0
ontrolleur 1 0
teckbriefe 1 0
oterop 2 0
abbey 27 0
brusqueness 3 0
streaming 21 0
bobby 1 0
aufmunternder 1 0
ciphers 4 0
whirlpools 5 0
heave 11 0
ueberzeuge 2 0
catte 3 0
ghelli 1 0
esichtspunkte 6 0
heats 27 0
worshippe 1 0
ueberzeugt 74 0
arliaments 27 0
ecoming 2 0
irard 3 0
hops 22 0
pappenen 1 0
mustered 8 0
wogte 1 0
rejectiones 2 0
hota 2 0
possessd 7 0
osalie 3 0
hote 20 0
itronenwaelder 1 0
girles 1 0
osalia 2 0
hillingworth 6 0
ortheastern 1 0
reactionaries 1 0
heath 13 0
ergmann 4 0
nauclerus 1 0
nvenomed 1 0
bradawl 1 0
hoso 25 0
chauwuerdiges 1 0
zurueckzureisen 1 0
ebensmuede 1 0
hoss 24 0
host 149 0
neasinesses 4 0
heate 3 0
uoted 1 0
abraet 1 0
progressed 9 0
hinwolltet 1 0
geachtet 7 0
elestial 9 0
hose 472 0
ntermission 1 0
wandern 11 0
regory 48 0
hears 51 0
heart 1847 0
sichtbar 29 0
transforming 7 0
wanders 13 0
wandert 1 0
possesso 1 0
astro 7 0
horn 66 0
pideictica 1 0
horp 1 0
umgehangen 1 0
excellences 13 0
progresses 2 0
contumacious 1 0
hors 5 0
leaning 100 0
concoction 3 0
hort 21 0
guerdoning 2 0
dickleibig 1 0
erzog 25 0
hove 6 0
herselve 3 0
subtlely 3 0
asselndes 1 0
bepackt 1 0
abbai 1 0
driftwood 10 0
inbruchs 1 0
houn 2 0
ezepte 1 0
houp 3 0
concocting 2 0
hour 985 0
heark 2 0
hout 1 0
chiefohr 1 0
gites 1 0
abbay 4 0
heard 1621 0
hasheesh 1 0
heare 7 0
idistis 1 0
sought 272 0
heaps 31 0
compacts 4 0
yrischer 1 0
hoto 1 0
hots 2 0
mondsuechtig 1 0
fence 126 0
trepan 1 0
ruthlessly 10 0
showman 2 0
intentional 6 0
stillehielten 1 0
edifying 13 0
wegzuziehen 2 0
adventitious 3 0
hows 5 0
eedlework 1 0
shepherded 1 0
existiert 3 0
bombastic 1 0
ierzehntes 4 0
worshiper 3 0
anzeigt 1 0
krummgetreten 1 0
benennet 1 0
unbottomed 2 0
howl 22 0
cauld 4 0
eidentum 1 0
howo 1 0
vortreten 2 0
caulk 1 0
reiredoute 1 0
anzeige 1 0
egregiously 3 0
flohen 5 0
cauls 1 0
awestruck 1 0
calumnious 2 0
infectious 10 0
vernuenftigste 1 0
ccipiti 1 0
charmeresses 1 0
herausgezogen 2 0
izzie 11 0
uintilian 3 0
zuzusprechen 1 0
unconstitutionality 1 0
chummin 1 0
ohacz 1 0
ithera 1 0
encouragements 20 0
merryin 2 0
ikerly 1 0
papaute 1 0
petitioners 5 0
shieldest 1 0
sprengen 1 0
scientiarum 1 0
ithern 9 0
lnstead 1 0
itherr 1 0
ambouzled 1 0
ithers 1 0
otenwuermern 1 0
repine 9 0
uschauers 1 0
uschauern 12 0
acholderbeerkerne 1 0
ranking 6 0
hebettes 1 0
ammelns 1 0
promiscuously 2 0
wiedererzaehle 1 0
zusammenfassen 1 0
herrlichsten 24 0
reputation 239 0
atween 5 0
sublim 1 0
pigsnie 1 0
rcady 1 0
uation 1 0
tavern 34 0
awreak 5 0
intentioned 1 0
gewoehnlchen 1 0
rankish 3 0
rcadi 2 0
abzuwerfen 2 0
rcade 1 0
kaltem 2 0
kalten 12 0
insegnung 3 0
djustment 1 0
kalter 5 0
kaltes 2 0
hunger 91 0
ivination 3 0
sollst 52 0
depair 1 0
hunged 1 0
ckhaus 3 0
ustimmung 1 0
uenstlergeschmack 1 0
misapprehension 4 0
multifarious 1 0
sollte 519 0
seethe 4 0
reasons 320 0
begging 45 0
denunciation 9 0
chluesselloch 1 0
aesarean 2 0
feline 1 0
lyshits 1 0
akefield 8 0
olicitorship 1 0
lattice 16 0
sollum 1 0
uartieren 1 0
ichthyologists 1 0
azarone 1 0
onorio 17 0
avowing 3 0
brechen 14 0
ondelraendern 1 0
elitations 1 0
urueckhaltung 8 0
hippos 8 0
anfangen 31 0
efaengniswaerter 1 0
ersification 1 0
misanthropical 1 0
abformen 1 0
flickered 12 0
ohann 111 0
patroon 2 0
zurueckdenke 1 0
serenades 1 0
abbuk 1 0
grilling 1 0
onoria 1 0
utland 6 0
supervened 2 0
serenaded 5 0
irbel 3 0
patrons 37 0
encyclicals 1 0
regions 129 0
quadrupled 4 0
irksome 12 0
regioni 1 0
basketry 4 0
regione 1 0
hristentum 1 0
utgenossen 1 0
ohala 5 0
forslothe 1 0
overconfident 2 0
vermocht 7 0
suspeecion 2 0
whisperest 1 0
demonstrated 28 0
endavestas 1 0
sorgfaeltigste 1 0
sheddings 2 0
prostrated 9 0
potsherds 1 0
auszubleiben 1 0
constables 13 0
laverocks 2 0
wundersamste 3 0
prefects 2 0
spoutings 1 0
ickling 1 0
unsrigen 9 0
herausfuettern 1 0
spake 107 0
anonymous 68 0
auptstrasse 3 0
eighboring 2 0
poiche 1 0
aessern 3 0
patrols 1 0
abbot 20 0
atalonia 14 0
heben 13 0
orrains 1 0
gedauert 4 0
onored 3 0
space 365 0
ausgebogt 1 0
prostrates 1 0
disengaged 17 0
epigram 95 0
hebes 43 0
depart 88 0
egentschaft 1 0
orraine 23 0
demonstrates 14 0
circuitous 11 0
disengages 1 0
commitment 1 0
fading 28 0
spade 33 0
jocular 4 0
izzud 2 0
rechnete 5 0
wogen 1 0
empfunden 29 0
rumble 11 0
zuzeiten 3 0
thrilling 26 0
ententively 1 0
rechnest 1 0
graulich 1 0
oellische 2 0
aggregate 17 0
moments 197 0
vornehme 7 0
worshiped 2 0
arstellungskraft 1 0
spaet 59 0
otwein 1 0
hervorzunehmen 1 0
zuzureiten 1 0
ubourg 3 0
ributaries 3 0
bluebells 3 0
municipalities 1 0
reasoun 1 0
ithdrawn 2 0
iebespaare 1 0
hebby 3 0
concernant 1 0
uskommen 1 0
herselfe 4 0
orgenlande 1 0
isaster 2 0
unguided 2 0
chmach 2 0
references 84 0
betiden 1 0
fefferwasser 1 0
betides 1 0
imultaneously 3 0
brutto 1 0
olpato 2 0
aberl 1 0
betided 1 0
iredo 1 0
ltimatum 2 0
schoolroom 5 0
apperceive 1 0
mittaegigern 1 0
brutta 1 0
etulance 2 0
younger 189 0
rtwin 2 0
surprized 13 0
laveholders 7 0
zusammensetzen 1 0
aehheit 1 0
schmaelzt 1 0
mittaegigere 1 0
trente 1 0
irect 6 0
overpraises 1 0
entliessen 1 0
abidin 2 0
chmack 1 0
orfall 9 0
aussinnen 2 0
ttracting 3 0
hristianised 1 0
aithfully 1 0
pickedness 1 0
angetragen 2 0
efluester 1 0
deservedest 1 0
eadowbrook 1 0
olksmasse 1 0
aunched 1 0
omeranzen 4 0
stoves 2 0
verzerrte 1 0
giterns 1 0
memoirs 14 0
signify 34 0
armoutier 3 0
ttraction 2 0
anguishous 1 0
nachregnete 1 0
succinct 1 0
orsaelen 1 0
dvising 2 0
regioun 6 0
nachgebildet 4 0
abeuf 1 0
plendid 2 0
loosely 32 0
qualities 320 0
concordant 2 0
heeds 5 0
register 29 0
ivilian 1 0
beiderlei 1 0
simpty 1 0
orfahr 4 0
anmeldete 1 0
ereinfahrt 1 0
hervorstechendem 1 0
rofaneness 2 0
dubious 27 0
adagaskarisch 1 0
abend 47 0
requisites 21 0
moralising 2 0
aufreizen 1 0
conglomeration 4 0
erverse 1 0
entgegenstuerzen 1 0
propitious 19 0
aignard 1 0
vortrefflich 28 0
dreieinig 1 0
geschwebt 5 0
uermern 2 0
vernarrt 1 0
olkenschafe 2 0
confusioun 1 0
ersicherungen 3 0
omelette 2 0
umherblickenden 1 0
esters 1 0
incendiary 8 0
turban 10 0
universally 125 0
abgewoehnen 1 0
soldiers 271 0
soldiery 18 0
mazone 22 0
heear 1 0
esembling 1 0
ossacs 1 0
nurtured 5 0
dreingeschlagen 1 0
mazons 7 0
eltenste 1 0
unguardedly 2 0
elegeia 1 0
llerliebste 2 0
hintoist 2 0
orspiegelungen 1 0
uffalo 14 0
estern 112 0
uebelverhehlter 1 0
eject 18 0
newefangled 1 0
thriftly 1 0
einsperren 2 0
fuenfzig 4 0
jaeten 1 0
bronzeartig 1 0
pestilenzialischen 1 0
chmale 1 0
begruessen 11 0
echanik 1 0
mighty 476 0
erschallen 4 0
echanic 3 0
ropertius 2 0
expensively 2 0
uncommonly 17 0
enturing 1 0
drastic 3 0
plendor 6 0
mightn 2 0
besuchend 2 0
spear 55 0
aeussren 1 0
ognizance 4 0
orempfindung 1 0
spiring 1 0
mighte 74 0
satisfyed 1 0
ourted 1 0
tenacity 10 0
electronic 83 0
iscaris 1 0
souded 1 0
speak 1107 0
zurechtzuweisen 1 0
abeln 7 0
iebeswahnsinn 1 0
gutgesittet 1 0
stockenden 1 0
elsenkluft 1 0
feffersack 1 0
abels 1 0
ottesdienstes 2 0
reversal 2 0
allzugrosse 3 0
eparate 2 0
stockender 1 0
stockendes 1 0
umwundnen 1 0
signing 12 0
verurteilen 1 0
prostratum 1 0
abided 5 0
municipality 1 0
prorogu 3 0
egentropfen 1 0
achbarskinder 2 0
besmotter 1 0
oheit 16 0
heranbildet 1 0
separable 1 0
loosest 4 0
squaimous 2 0
pinnacles 15 0
indeterminable 1 0
abides 14 0
indergesicht 1 0
stupider 1 0
ttractive 1 0
abiden 2 0
verlernen 2 0
estilence 3 0
shepherding 1 0
iebesgefuehle 1 0
oppelte 2 0
metiond 1 0
beschmutzt 1 0
eruhigendes 1 0
erzehrst 1 0
orraete 4 0
turbid 3 0
negatively 4 0
transept 5 0
donais 1 0
suendiger 1 0
zusammensetzte 1 0
benachrichtiget 1 0
formierte 1 0
benachrichtigen 3 0
ezweig 1 0
reverses 15 0
chitinous 2 0
unhallowed 3 0
amocharis 2 0
alunken 4 0
reversed 25 0
severed 25 0
spying 9 0
raehten 1 0
arrestation 1 0
metrius 3 0
schliesse 5 0
eibsleuten 1 0
severer 6 0
bleich 4 0
esteht 2 0
ossegespann 1 0
cleavage 1 0
igeunerin 11 0
construe 13 0
nskilfulness 1 0
illkuerliche 1 0
bleibt 140 0
eunzehnjaehrigen 1 0
spirite 1 0
onstituion 3 0
seaward 7 0
littlest 4 0
ourtly 1 0
achttau 1 0
sheppon 1 0
spirits 274 0
schleunigste 1 0
mietfreies 1 0
fassten 9 0
overley 6 0
schliesst 30 0
ealer 19 0
ergehn 1 0
unapproachable 3 0
ergeht 3 0
menschliche 29 0
rudest 21 0
sonderlich 16 0
pudgy 1 0
racegirdle 3 0
ealed 3 0
enturies 5 0
lallender 1 0
ergehe 2 0
ivility 12 0
broader 21 0
hinschleppten 1 0
broaden 1 0
mpetuosity 1 0
ambour 1 0
arischal 3 0
esteem 177 0
bleibn 1 0
aguish 1 0
administering 12 0
egistratur 1 0
geharnischter 1 0
blither 1 0
bleibe 29 0
ruders 29 0
geharnischten 2 0
palais 1 0
ochgebornen 1 0
cogitavit 1 0
ittanning 2 0
hereinzufuehren 1 0
mincing 3 0
verleitet 3 0
engagement 56 0
verleiten 5 0
oenigreich 8 0
voluminousness 1 0
ferde 143 0
donate 14 0
palace 208 0
schmaeler 1 0
heers 1 0
amboos 1 0
lodestar 2 0
heern 2 0
bullitions 1 0
ferds 1 0
counterfeited 10 0
heese 5 0
overlap 8 0
usstapfen 2 0
fered 1 0
olierens 1 0
gefahren 14 0
unvail 1 0
anselinos 2 0
overlad 1 0
heerd 7 0
olgsamen 1 0
simpel 3 0
stupidly 9 0
schmaelen 2 0
irens 3 0
simper 1 0
soling 1 0
hertrieb 1 0
dextrarius 1 0
feudin 1 0
eruehrungspunkte 2 0
radically 7 0
aufrichtigsten 2 0
leaded 1 0
griddle 1 0
wolkigem 1 0
emittance 2 0
highwaymen 1 0
leader 120 0
einfaches 3 0
carridge 1 0
deprecated 6 0
einfacher 4 0
leaden 15 0
stirrings 1 0
abeza 6 0
einfachen 13 0
hybernating 1 0
uesnay 1 0
perties 1 0
stoppages 1 0
ergers 1 0
liebenswuerdigers 1 0
uebergehen 9 0
abutments 2 0
schwaechen 6 0
aguilt 6 0
otenhemde 1 0
schwaecher 4 0
commandments 8 0
aestermaul 1 0
electable 4 0
uesnai 3 0
assault 38 0
dmetus 8 0
stepsanos 1 0
trassen 53 0
layfair 1 0
disservice 3 0
rdbroeslein 1 0
bithness 2 0
reliance 27 0
dauntless 6 0
heels 67 0
aufschlug 5 0
hunder 25 0
deprecates 1 0
drians 6 0
respasses 3 0
sophists 3 0
onthieu 1 0
ortpflanzung 2 0
broadly 6 0
raumbilder 1 0
rdneten 1 0
liqueur 1 0
scraich 2 0
egebenheit 17 0
highwayman 2 0
angweiligkeit 1 0
hrases 8 0
vorausahnen 1 0
pheliens 4 0
uarterly 5 0
hrasen 8 0
leadin 1 0
simple 521 0
embezzled 2 0
patzen 1 0
angehoert 8 0
musterte 3 0
confusions 6 0
boese 31 0
chrittsteine 1 0
heeks 3 0
angehoere 6 0
chweigend 1 0
kuehlten 1 0
ncomium 3 0
confusione 1 0
uchanan 8 0
bequests 1 0
ersterbn 2 0
auptsorge 1 0
ausgetrieben 2 0
moneyless 1 0
transfer 48 0
wullen 1 0
aarlocke 2 0
alkfelsen 15 0
vermittelst 1 0
rudely 39 0
estell 1 0
sincereness 1 0
uesnel 6 0
apparelling 1 0
inseparable 33 0
overlie 1 0
severos 1 0
ergelt 4 0
erschallte 1 0
riumphbogens 1 0
zweckmaessig 7 0
belebende 3 0
zudringlich 3 0
meagreness 2 0
vorgehalten 1 0
inseparably 12 0
reincarnation 1 0
estein 14 0
rudent 1 0
deviate 6 0
goldgestickten 1 0
nterval 1 0
feudal 82 0
hoppers 2 0
anooes 1 0
abeye 1 0
possesed 1 0
simply 352 0
umfries 5 0
rummond 7 0
duenkten 4 0
marmungen 7 0
reizenden 24 0
ruining 14 0
claration 1 0
reizender 15 0
echamps 1 0
reizendes 5 0
magnifying 9 0
unktionen 5 0
durchschimmerte 1 0
aehnchen 2 0
nonchalantly 1 0
pitching 5 0
eindschaft 1 0
solvency 1 0
ranfaengliche 1 0
dispended 4 0
unrepentant 2 0
victorious 57 0
senkte 2 0
winzes 1 0
mindeste 28 0
ffiziers 5 0
refusals 5 0
ffiziere 10 0
cholastics 18 0
lacessit 2 0
ransported 1 0
bowlders 1 0
durchzustehlen 1 0
cholastico 1 0
enitent 1 0
nodded 88 0
tremor 13 0
xplosive 1 0
schwelgen 1 0
biography 12 0
hinwegzuschmelzen 1 0
battle 330 0
ecropian 1 0
stritten 13 0
transferred 46 0
bedaechtig 6 0
circulatory 1 0
zebu 1 0
bodie 4 0
uerzburg 1 0
felled 15 0
durchzuwirken 1 0
snubbed 5 0
servation 1 0
antiquarians 2 0
resemblances 9 0
sophisms 6 0
zean 7 0
wavering 22 0
insupportable 28 0
metropolitan 2 0
instructive 23 0
zufriednen 1 0
tilling 3 0
pictets 2 0
zufriedner 2 0
undles 1 0
bscheues 1 0
lovelier 5 0
poiein 1 0
hypochondria 1 0
zeal 139 0
emulator 10 0
ssyrian 1 0
insupportably 1 0
wagten 3 0
feller 4 0
stowed 5 0
wanderest 3 0
argravine 2 0
killers 2 0
particularibus 1 0
propinquity 1 0
agerstaetten 1 0
indiscreete 1 0
unpityingly 1 0
estful 1 0
disputantes 1 0
fuerkimmt 1 0
timphalides 1 0
anmasslich 1 0
wanderers 7 0
killest 1 0
iedesel 3 0
sewers 2 0
noddin 1 0
icentiner 2 0
ortality 8 0
versperren 2 0
dissolving 13 0
improver 3 0
improves 18 0
harged 2 0
recommendation 20 0
heaetetus 1 0
ienstmagd 1 0
streichend 1 0
unfolded 23 0
boded 4 0
slaughter 34 0
abstaeuben 1 0
improved 192 0
herbuliez 3 0
punishable 6 0
cranberries 1 0
unrewarded 1 0
harges 22 0
philologist 5 0
animals 396 0
iessbaeche 1 0
fellaw 10 0
stowre 1 0
uehrende 1 0
alsehood 1 0
nvironing 1 0
fellah 1 0
ranzoesischen 2 0
bekaze 2 0
ergleichen 10 0
rozession 8 0
angemessene 3 0
noddle 1 0
ufzehren 1 0
eeward 5 0
bodes 4 0
ighthouses 1 0
jaehzornige 1 0
schraege 1 0
streicheln 1 0
vorlesen 7 0
ohanneskaeferln 1 0
zehn 41 0
prosecutions 7 0
impertinences 1 0
osanna 2 0
demonstrative 17 0
nasalcas 4 0
arnung 9 0
eingestandene 1 0
verursachte 5 0
instruction 120 0
ourser 1 0
ourses 1 0
several 1490 0
scourged 4 0
ircul 1 0
hinaufkam 1 0
instructing 12 0
geschichteten 1 0
morrowning 3 0
scourges 2 0
uperintendency 1 0
oursel 4 0
olkenmassen 1 0
affeehaeuser 1 0
higgish 4 0
zeit 3 0
zeig 1 0
bewiesen 11 0
byssinia 79 0
reverted 10 0
vorkamen 4 0
excrement 1 0
infinitely 82 0
achkommen 5 0
feuert 2 0
brushy 1 0
inducted 2 0
higgism 4 0
querulously 6 0
hunnera 3 0
fostress 1 0
yracusan 5 0
nennest 5 0
efehlshabers 1 0
echamel 1 0
auszuraufen 1 0
hinwegeilte 1 0
reprimanded 3 0
escalade 1 0
hristuns 1 0
nuovo 1 0
ehentes 2 0
misstrauen 1 0
engineerin 1 0
zens 1 0
eltoberflaeche 1 0
miserably 14 0
dunkelsten 1 0
animate 23 0
democracies 13 0
abeas 1 0
zene 148 0
aufgewacht 3 0
eberzaehlen 1 0
heartache 2 0
primings 1 0
hundertfaeltige 2 0
abgeschmackte 4 0
alarmin 1 0
anopus 1 0
trench 35 0
gepfuschten 1 0
miserable 189 0
uuummer 1 0
bruenstiges 3 0
ateoka 1 0
eisitzer 1 0
nquire 1 0
saintlike 1 0
ichtmassen 1 0
etteifer 1 0
einundzwanzig 1 0
nquiry 38 0
solvents 1 0
conditions 276 0
daytime 11 0
lessons 83 0
verstattet 3 0
emulates 2 0
yrtenfraeulein 22 0
verstatten 2 0
puces 2 0
stallion 6 0
chuerzenbandl 2 0
sgill 4 0
arwood 2 0
donandus 1 0
ndependently 1 0
grossmuetig 7 0
onnenuntergang 16 0
weggeweiht 1 0
appraised 3 0
brutes 34 0
skoptika 1 0
ahrmarkt 2 0
eitengassen 1 0
felices 1 0
uppenspiel 7 0
usalman 1 0
raddock 5 0
aurois 1 0
nuova 1 0
senken 4 0
moneychangers 1 0
isposing 2 0
shikar 1 0
drizzly 1 0
egislator 6 0
engineered 2 0
sthonia 1 0
ezerre 1 0
guertete 1 0
indwelling 5 0
ttich 1 0
nachgeholt 2 0
ttica 4 0
orsemen 3 0
shrunken 14 0
actings 1 0
verzehrten 9 0
vitremite 1 0
abzufinden 1 0
transmutes 1 0
windstorm 1 0
deficiencies 19 0
erschaffelt 3 0
astronomy 34 0
cogent 5 0
drizzle 7 0
ingebungen 1 0
trenge 8 0
enthusiastisch 2 0
horseshoe 6 0
nterhaltung 67 0
aktuspflanzungen 1 0
transmuted 5 0
schlechtere 1 0
ngelhardt 1 0
miscreants 5 0
egenwaertig 4 0
ameibein 1 0
overpopulated 1 0
coldness 12 0
darzutun 1 0
enceinte 9 0
gedaucht 1 0
herausgesucht 2 0
rabanten 1 0
acedemonians 1 0
eengel 1 0
orbeifliegen 1 0
brutal 84 0
arbenkopf 2 0
taatsminister 1 0
trustful 7 0
irdle 2 0
rabanter 1 0
gerissen 8 0
hrax 1 0
alpitations 1 0
herauskommen 4 0
zest 21 0
mpfindungsvermoegen 7 0
zuschicken 2 0
ossart 1 0
zuschickte 1 0
hrem 28 0
hren 136 0
cashiered 1 0
hrer 34 0
conditioun 2 0
hres 19 0
bissinie 9 0
hrew 2 0
ronged 1 0
zurechtlegt 1 0
tundenlang 2 0
hred 1 0
howarti 2 0
hree 188 0
gebieten 11 0
eindrang 1 0
schauerlichen 4 0
rishman 27 0
schauerlicher 1 0
headings 5 0
taming 2 0
poiema 1 0
gesprochen 65 0
homelife 1 0
angeworfen 1 0
aurora 1 0
disprove 5 0
laughable 9 0
ettlement 15 0
alisburia 3 0
eructation 1 0
homelier 1 0
eintretende 2 0
dubitabis 1 0
gebietet 2 0
eremony 10 0
altdeutsche 1 0
elektrische 1 0
esleyan 2 0
kenside 1 0
aeumchen 2 0
uniteth 2 0
laughably 1 0
vergoldete 5 0
hris 19 0
ttila 5 0
delegations 3 0
verursachen 4 0
leache 1 0
cologne 2 0
cawed 2 0
eimkehr 1 0
saeuselte 5 0
notebook 1 0
zuzunehmen 3 0
readable 130 0
alarmed 78 0
herbstliche 1 0
constrain 9 0
rishmen 12 0
unruhigen 12 0
pruefend 1 0
unruhiger 6 0
irden 1 0
tourneying 2 0
unruhiges 2 0
potentially 3 0
uranian 1 0
urueckfuehren 1 0
trennt 10 0
pickled 4 0
ockvogel 1 0
cawfy 1 0
ckerbodens 1 0
hedge 35 0
enudation 3 0
ebates 6 0
pickles 5 0
delegating 1 0
appraisal 1 0
formieren 2 0
aswim 2 0
homelike 2 0
begruesste 25 0
witchery 2 0
gegolten 2 0
luestern 12 0
arguments 194 0
abgesprochen 2 0
shreds 11 0
delegation 12 0
hipperwill 2 0
animaux 1 0
busses 2 0
velina 21 0
demosion 1 0
unavailable 1 0
aubings 1 0
guards 27 0
erduldeten 1 0
edding 6 0
smoulders 1 0
widowhood 5 0
unschaetzbare 6 0
yacinthe 4 0
arridentibus 1 0
zierten 3 0
carriers 18 0
lourish 1 0
hinsehen 1 0
splandians 1 0
caretta 1 0
decorators 1 0
eingebildetes 1 0
orleser 3 0
aurischen 1 0
emperate 2 0
grandiloquence 1 0
bogus 5 0
dmiranda 1 0
indigence 8 0
eingebildeten 8 0
hrow 4 0
upholstery 5 0
professedly 10 0
benahm 9 0
ommando 1 0
echtsmann 1 0
ommands 5 0
xecution 57 0
disciplinarian 1 0
result 443 0
botanic 2 0
rovinzen 15 0
hingeneigt 1 0
ochelais 2 0
andstaedtchen 1 0
hron 17 0
zusammenzustecken 1 0
lement 104 0
lemens 9 0
mperfections 6 0
resume 38 0
collisions 6 0
historischen 5 0
ompensation 5 0
creels 3 0
consorts 2 0
sunset 80 0
irgen 2 0
emeingeist 1 0
monstus 14 0
blustering 8 0
straining 11 0
unleidliches 1 0
neuangefressene 1 0
unleidlicher 3 0
erkaufte 2 0
unleidlichen 2 0
uprising 7 0
drueckendes 1 0
drueckender 1 0
reproduce 26 0
lebensgrosse 2 0
besides 497 0
aitarin 1 0
aments 1 0
ngemessenheit 1 0
ratory 7 0
flitch 1 0
enquiring 9 0
succouring 1 0
aggling 1 0
fornication 3 0
schwarzlockig 1 0
oeffentliche 20 0
allzuvolles 1 0
zuschicke 1 0
gscheiter 3 0
rators 6 0
mummery 3 0
feste 15 0
carriest 2 0
liebgehabt 1 0
eltsamste 2 0
nachsprengte 1 0
adversus 2 0
loadstone 1 0
ventail 1 0
shovelful 1 0
possessive 2 0
hegen 9 0
kulking 1 0
hauteur 3 0
monstrously 6 0
dareinmischte 1 0
transplanting 6 0
akana 3 0
abgelegen 2 0
umbrella 14 0
citeth 1 0
eingeschobene 1 0
antagonisms 13 0
irkung 73 0
ntouched 1 0
seidlitz 1 0
alumniators 1 0
goldglaenzenden 1 0
akano 2 0
ungratefully 3 0
vixenish 1 0
creeps 10 0
creepy 3 0
carrieth 4 0
euerbild 1 0
illuminates 3 0
reundschaft 63 0
ueberschauen 11 0
asserstand 1 0
lamellae 9 0
nformer 1 0
nformen 2 0
chichten 2 0
nformed 2 0
reminds 33 0
undignified 6 0
chnupftuche 1 0
angeknuepft 1 0
adjusts 3 0
hilibert 5 0
nformes 1 0
uppliest 1 0
ubscriber 2 0
fesst 2 0
women 925 0
woman 1465 0
achstuchmantel 1 0
unterdrucken 2 0
surname 16 0
wombe 2 0
fulgor 1 0
suguriko 2 0
incula 3 0
wombs 3 0
nibbing 1 0
abutment 3 0
erichtsbote 1 0
etrugs 2 0
akajo 3 0
onzalez 1 0
creeds 15 0
igestion 3 0
preconcert 1 0
angelical 1 0
obelisks 4 0
creeks 6 0
ostbeef 1 0
breeziness 1 0
joyously 18 0
rlebte 1 0
enquiries 30 0
acacias 3 0
knuepfen 4 0
knuepfet 1 0
incurs 3 0
louring 1 0
boggy 3 0
defeats 11 0
bandits 3 0
verschoben 7 0
incurr 3 0
orfeiture 2 0
alstuecher 2 0
specialized 6 0
zerknirschen 1 0
chastest 1 0
sychometrie 1 0
immensen 1 0
uthentick 1 0
elladila 1 0
antagonised 1 0
immured 7 0
whence 222 0
achstreben 1 0
mehedehets 3 0
quantitative 1 0
wanness 1 0
ovedale 1 0
picureans 2 0
arquin 5 0
zeigten 23 0
arquis 30 0
prechwurzel 1 0
aenalus 1 0
sweepily 1 0
entliess 5 0
misapplication 4 0
circumscribed 11 0
freshness 37 0
infatuation 13 0
bohea 1 0
stubble 8 0
eistesbeschaffenheit 1 0
rectify 6 0
adverted 4 0
ndignation 20 0
kinges 10 0
generalled 1 0
vallibus 1 0
unsichtbar 7 0
ysteries 2 0
dachten 9 0
avendishes 1 0
nanntet 2 0
nestling 4 0
swells 8 0
reckond 2 0
herumhupfen 1 0
valance 1 0
unterstuende 1 0
creating 35 0
ysterien 1 0
reckons 2 0
eanes 2 0
verweisen 2 0
nannten 9 0
sweeping 42 0
erzuernet 1 0
rheumatic 4 0
eanin 5 0
starve 41 0
starvd 2 0
wohnet 2 0
celery 7 0
eanie 2 0
schwammig 1 0
oetarum 1 0
wohnen 31 0
creation 82 0
zusammengetroffen 2 0
presages 3 0
cupiditatibus 1 0
banding 1 0
cadets 3 0
reature 36 0
torture 71 0
rheumatiz 2 0
scheide 3 0
unmentioned 3 0
scheinender 3 0
wolfish 8 0
scheinenden 2 0
ermittlung 1 0
ildchen 3 0
marring 9 0
whenne 2 0
eance 1 0
riumphzug 1 0
rospekt 1 0
starte 2 0
presaged 1 0
aladino 2 0
amends 21 0
deception 44 0
punishing 19 0
fellows 120 0
reighters 1 0
cantering 6 0
starts 39 0
amende 1 0
beatitudinis 1 0
dareinmischen 1 0
prophaning 1 0
overwillingness 1 0
morden 1 0
servitia 5 0
fetis 2 0
angsamkeit 4 0
orinthian 3 0
opposites 5 0
verkaeuflicher 1 0
usammenkuenften 1 0
esounded 1 0
redound 7 0
erkaufen 6 0
fetid 7 0
upplicating 1 0
eaner 2 0
hsen 1 0
schluchzt 1 0
kraeftige 1 0
starre 2 0
ungeheuerste 3 0
practising 21 0
fetes 2 0
nascht 1 0
olkenstreif 2 0
onfoundedly 1 0
pryers 2 0
unbedeutend 9 0
starry 15 0
wolde 1 0
attachiert 1 0
starrt 2 0
iebzehntes 2 0
ergiesset 1 0
rivatabsichten 1 0
schwammen 3 0
stubbes 1 0
wolds 1 0
upplication 3 0
discordant 16 0
riechenland 14 0
chlorine 1 0
gleichstellte 1 0
makeless 1 0
colander 1 0
illuminated 33 0
ppleditch 64 0
esatz 1 0
erania 1 0
fencing 10 0
rewarding 7 0
constellated 1 0
appearmed 1 0
regulate 86 0
aufruehrische 1 0
esetzt 6 0
gleichstellen 1 0
verspaetet 1 0
herbeizuholen 1 0
hegte 6 0
esetze 35 0
eddies 16 0
esare 9 0
highsounding 1 0
eptunus 1 0
rection 3 0
creative 17 0
isoliert 1 0
esaro 1 0
scheine 5 0
verschwenderisch 2 0
feted 2 0
zarte 13 0
horpes 2 0
irtschaftskenntnisse 1 0
ruguay 1 0
teuermann 5 0
collegial 3 0
collegian 2 0
chreibtische 3 0
nsiedler 2 0
servitor 4 0
allerangenehmste 2 0
esuitenorden 1 0
laettchen 12 0
entention 1 0
atients 8 0
charlachlaeppchen 1 0
artengange 1 0
ekkatur 2 0
vierzig 12 0
counteracts 1 0
evince 9 0
foddered 1 0
drueckenden 4 0
fetch 90 0
mbrellas 1 0
foresters 1 0
ngesprochenen 1 0
merciable 10 0
outlines 36 0
oktorapparate 1 0
audibly 2 0
endorsement 2 0
aladies 1 0
possession 330 0
aesthetisches 1 0
aesthetischem 1 0
aesthetischen 1 0
runaway 31 0
disconnected 5 0
outlined 11 0
expunged 2 0
plausibilty 1 0
bandied 3 0
aeumens 1 0
audible 18 0
drausst 4 0
eigung 165 0
weiterzulesen 1 0
depredation 1 0
niquity 4 0
disordering 3 0
esang 75 0
naechst 2 0
akata 3 0
botanists 1 0
rokurator 5 0
moderhaft 1 0
anvertrauen 4 0
rospers 1 0
interlocked 1 0
watchyoumaycollums 1 0
ehramgur 3 0
scarlatina 1 0
antagonists 14 0
genommenen 1 0
befangen 2 0
genommenem 1 0
condemns 8 0
deceptive 6 0
vergegenwaertigen 9 0
gasolene 1 0
scheint 224 0
refracted 1 0
wolle 138 0
ugendsame 1 0
ebating 1 0
ontaining 1 0
guarded 72 0
perspicuity 7 0
tramping 7 0
ausspart 1 0
regulars 11 0
wolln 6 0
unstliebe 1 0
possessing 56 0
abgelegne 1 0
vergluehst 1 0
angestellten 1 0
utwards 1 0
wollt 84 0
hochmuetigsten 1 0
watzizname 1 0
zugehauen 1 0
ouvain 22 0
rossvaters 8 0
noticing 20 0
ratifying 3 0
alliteles 3 0
ittagsmahl 3 0
ufaelligerweise 2 0
exerzieren 1 0
kingly 13 0
recting 2 0
urnbull 12 0
gebahnt 2 0
irgil 46 0
sartin 3 0
irgin 36 0
powerhouse 1 0
cheerless 6 0
grimier 1 0
contracted 88 0
supportable 3 0
underline 59 0
underling 3 0
parliament 88 0
vergegenwaertigte 2 0
spews 1 0
peewit 1 0
quosdam 1 0
winecellar 1 0
wundervolle 2 0
ausbellen 1 0
percolated 2 0
zerhackten 1 0
appetitive 3 0
rouleaux 3 0
speyk 4 0
beitrage 1 0
ococurante 2 0
attitude 141 0
strology 3 0
expounders 1 0
undemocratic 1 0
unright 1 0
princples 1 0
respectum 1 0
virtues 136 0
twelfths 1 0
haushaeltisch 1 0
envelopper 1 0
auptschwierigkeit 1 0
withdrawing 33 0
astride 13 0
annunciabit 1 0
losmacht 2 0
enthaltsame 1 0
ealth 130 0
anvertraute 2 0
desert 231 0
wainscot 4 0
deserv 7 0
cithara 1 0
incertaque 1 0
pellicles 6 0
misbehaved 3 0
oerster 1 0
abgelebtes 1 0
disorganised 2 0
lueckswechsel 1 0
scrutinous 1 0
zusehends 3 0
happiest 53 0
ealot 1 0
upping 4 0
exicon 1 0
ferth 2 0
besiege 8 0
abgelebten 2 0
igenschaft 9 0
aiyagawa 2 0
strewing 2 0
heftete 5 0
selbstgeschaffnen 1 0
timidest 1 0
hineinzureden 2 0
epraesentation 2 0
suiting 6 0
ferum 1 0
hinketh 1 0
olossians 1 0
mendacity 3 0
ruehlingshauch 1 0
iggesnie 1 0
besieht 1 0
erbittliches 1 0
hinkest 3 0
distract 14 0
courtezan 1 0
whomever 1 0
virtual 7 0
ausgekleidet 1 0
ferre 2 0
schalten 8 0
ivulets 3 0
states 452 0
tchison 1 0
sotsnxxx 1 0
petitioning 10 0
traceries 2 0
sleighte 1 0
ferry 22 0
horheit 2 0
carbonate 9 0
machest 2 0
hinkers 1 0
enedictins 1 0
umzugehen 12 0
dastehst 2 0
eruptions 3 0
heatines 7 0
dalkets 1 0
ontrasted 1 0
onsard 1 0
oyonari 1 0
chymica 1 0
enedictine 20 0
eigentuemlich 3 0
korinthischen 4 0
dearer 107 0
grubbed 1 0
asafetida 1 0
rememberest 1 0
infortune 4 0
erapis 2 0
ompeian 1 0
zerschnitten 1 0
characterizes 1 0
herueberwiegte 1 0
foertchen 1 0
dearly 47 0
kindness 170 0
ncidentally 1 0
puffd 1 0
lectuary 2 0
minding 4 0
ltertuemer 6 0
recalculating 1 0
statue 72 0
instimmung 2 0
purchas 3 0
schaltet 3 0
ekelhafte 2 0
singleminded 1 0
abfaedne 1 0
cademy 35 0
chipped 4 0
status 18 0
teilzunehmen 4 0
wohlbehagliches 1 0
atience 28 0
ergehungen 2 0
ferne 22 0
nurrt 1 0
albatross 1 0
ealms 1 0
abomination 7 0
ferny 2 0
ispence 1 0
oracles 8 0
ferns 17 0
schauerlich 1 0
nurse 88 0
amning 1 0
pristine 2 0
blameing 1 0
rwachens 1 0
uppity 1 0
ausfuelltest 1 0
characterized 10 0
eally 43 0
listering 1 0
murmelte 4 0
leischfarbe 1 0
overnment 698 0
ngleterre 2 0
verlassend 2 0
anseatic 1 0
hirasawa 4 0
verlassene 2 0
uenchs 1 0
rancois 14 0
pidemical 1 0
riadnen 1 0
stinging 16 0
onastic 1 0
nstructs 1 0
ufriss 3 0
ouceperes 1 0
wohnte 12 0
herzten 1 0
pretense 19 0
credit 280 0
soapsuds 3 0
cxlvii 2 0
ferme 1 0
versparen 1 0
herunterhing 1 0
childlikeness 1 0
unserigen 1 0
laeden 1 0
ferly 1 0
unbribable 1 0
issverstaendnisse 4 0
likerousness 2 0
varieties 46 0
angenehmste 21 0
moluments 12 0
aehmchen 1 0
appellations 2 0
suendlich 3 0
entgegenbringt 1 0
hintritt 1 0
einigen 186 0
einigem 28 0
murmelnd 1 0
chwueren 2 0
einiger 120 0
einiges 35 0
ocytus 3 0
discomposed 4 0
fulfil 56 0
greeing 1 0
llyrians 1 0
unterhalten 83 0
watchd 3 0
eloquently 8 0
brimstones 1 0
puffs 7 0
sitzenbleiben 1 0
einfaeltigen 2 0
reprinted 27 0
puffy 3 0
ezirken 3 0
waking 68 0
schaetzenswert 1 0
hackeray 7 0
unstanschauung 1 0
aufnamen 2 0
uendel 21 0
folgsamer 1 0
cloddy 1 0
uenden 8 0
dearth 26 0
eamen 21 0
eloquentes 1 0
wilfully 13 0
neingfalln 1 0
orarbeiten 2 0
erechtigkeit 35 0
powwowed 1 0
dejection 23 0
persoenliche 3 0
portending 1 0
uender 3 0
ddisons 1 0
herbeieilenden 1 0
wandelnde 3 0
disowned 4 0
elkowa 1 0
gentlewomen 1 0
tauglich 2 0
einraet 1 0
celerity 6 0
highest 475 0
onfabulation 1 0
chastely 1 0
leinmuetiger 1 0
overpowered 21 0
importunities 7 0
whylest 1 0
etreuen 1 0
ruppen 9 0
rechtmaessiges 1 0
aecilienfeste 1 0
remember 659 0
aesarini 1 0
scions 4 0
speit 1 0
mschweif 2 0
zusammenstellt 1 0
alabarisch 1 0
respecter 3 0
eloquentia 1 0
ichtputzen 1 0
emoval 14 0
paintbrush 1 0
rechtmaessigen 1 0
warthiness 1 0
bogen 2 0
respected 88 0
ornehme 3 0
abgab 1 0
eaman 3 0
erstaunenswuerdig 1 0
allfahrt 7 0
equestration 1 0
eswick 1 0
gebieterisch 1 0
speca 1 0
spect 12 0
devoting 22 0
specs 1 0
elting 1 0
dynasty 16 0
olidays 1 0
perfite 1 0
speck 71 0
gewankt 1 0
machst 11 0
zerknittern 1 0
ueberblaeut 1 0
etymology 1 0
ntsetzlich 1 0
gentlewoman 8 0
modification 72 0
machte 378 0
guuerdon 1 0
verzweifle 4 0
contemptibly 1 0
scituated 2 0
raesentierteller 1 0
nschauen 29 0
extemporiertes 2 0
extemporierten 3 0
verstirbt 4 0
contemptible 73 0
einstudiert 1 0
speed 208 0
ueberschaute 4 0
herumzuschweifen 1 0
durchwunden 2 0
hefte 2 0
itterzug 1 0
orimer 1 0
exican 40 0
foresees 8 0
ostentatiously 4 0
hintereinander 9 0
revivals 2 0
foreseen 45 0
moreen 1 0
scribe 3 0
inlopen 1 0
aufgehaeufelte 1 0
gedroht 4 0
foreshadowing 3 0
uaenetus 1 0
impedimenta 5 0
refraind 1 0
lunders 3 0
distrain 3 0
egfeuer 4 0
versatility 5 0
draengten 10 0
lundern 1 0
agonized 4 0
shutte 1 0
moraine 1 0
underlies 3 0
gegenueberliegende 1 0
draengtet 1 0
democratized 1 0
impediments 8 0
incentive 6 0
pessima 1 0
onciliation 2 0
quinch 2 0
usterohr 3 0
capitalists 18 0
mishap 10 0
quince 3 0
rranged 5 0
premonitions 17 0
etachd 1 0
ullness 1 0
dastehen 2 0
refrains 1 0
aergernisse 1 0
orimbo 1 0
ochamt 3 0
erechtigten 1 0
gegenseitige 2 0
stated 176 0
contractor 2 0
ausgefuellten 2 0
sightedly 1 0
cruciform 1 0
usammentreffen 3 0
quinas 5 0
antagonistic 12 0
pretends 28 0
isclose 1 0
idlothian 2 0
disagreement 8 0
temperateness 1 0
reshies 1 0
sperm 2 0
releive 1 0
opinion 1036 0
weakling 6 0
etavius 2 0
devotion 95 0
majorities 3 0
sidewise 3 0
beduenkeln 1 0
osthumus 1 0
neunundneunzig 1 0
hingemacht 1 0
overborne 1 0
uppies 2 0
pretence 69 0
erhehler 1 0
oritzens 1 0
umbellus 1 0
pectacle 4 0
html 7 0
otschlaege 1 0
exaggerate 18 0
locution 2 0
spell 50 0
taerker 1 0
ebenbuhlerin 15 0
taerken 1 0
unbelievers 10 0
ochara 1 0
pigweed 1 0
underlich 3 0
abillon 3 0
etrunkner 1 0
ompeius 4 0
spelt 5 0
weaves 3 0
buckeling 1 0
desperandum 2 0
weaver 37 0
redounded 2 0
humorist 4 0
platform 69 0
thimbleberries 1 0
spend 250 0
rivalled 5 0
urrencies 4 0
degrade 17 0
zusammenzukommen 1 0
emoved 3 0
gewandt 9 0
undaunted 10 0
spent 395 0
usduenstungen 2 0
respectit 1 0
ueberdeckte 1 0
einnahmen 3 0
ingspiels 1 0
knuepfte 10 0
haelfest 1 0
respectin 1 0
imparted 33 0
esenchen 2 0
eingesegnet 1 0
usfluesse 1 0
herumging 1 0
implanting 1 0
uergerfamilie 1 0
ohier 3 0
avenport 2 0
emergencies 13 0
hervorgehen 3 0
buchstabierte 1 0
surveying 21 0
understanding 264 0
nnerliche 1 0
shortest 23 0
remedial 2 0
ephaestion 1 0
chranne 1 0
dringendere 1 0
morest 2 0
dringenders 1 0
heine 1 0
humbler 10 0
ruederlichem 1 0
strolled 43 0
tranger 18 0
version 147 0
auszudauern 1 0
humbled 21 0
ympathie 5 0
heins 1 0
prudence 95 0
vereinfachen 1 0
insoluble 6 0
olidago 1 0
entgegengetreten 1 0
browns 4 0
catechisms 5 0
immediately 871 0
missioni 1 0
hoodlum 2 0
zerfallen 9 0
heims 28 0
deevilich 2 0
enezuelans 1 0
oranstalten 1 0
missions 54 0
idealists 2 0
heilt 1 0
chranke 5 0
abius 5 0
woelbet 1 0
boist 1 0
ueberraschte 12 0
garnish 1 0
eburtstag 11 0
iesengrunde 1 0
deservings 1 0
ploutein 1 0
demoralise 1 0
ajestatem 1 0
boise 2 0
entwachsen 1 0
kindle 31 0
woelben 2 0
auszusehen 2 0
lebloses 2 0
leblosen 3 0
anzuknuepfen 3 0
kindly 172 0
enerationen 1 0
boite 1 0
komischerweise 1 0
ogging 1 0
http 139 0
conferees 1 0
lasting 80 0
laeche 27 0
tieferliegenden 1 0
bairnie 2 0
chlosshofe 7 0
entlaesst 1 0
humbugged 1 0
pdated 1 0
narcotic 4 0
quires 1 0
uncunning 1 0
swaggerers 1 0
asselbe 2 0
grandpapa 1 0
entombed 7 0
metapheesics 1 0
ambuscades 1 0
gewundene 1 0
asselas 6 0
machen 739 0
moduses 1 0
rtschaften 9 0
hineintritt 1 0
aterlandes 8 0
allegorischen 2 0
koerperliche 9 0
unpatched 1 0
kicks 10 0
eldmaeus 1 0
apropos 2 0
cindynus 1 0
evattern 1 0
heigh 3 0
slacken 8 0
rsparnis 1 0
orinus 1 0
ueckchen 1 0
ringleader 1 0
usurious 1 0
stumpfen 8 0
slacked 3 0
cornmuse 1 0
folglich 3 0
behangnen 1 0
geraeumt 1 0
lmire 9 0
oralien 1 0
vertrauten 4 0
oncurrent 1 0
vertrauter 6 0
weissgrauen 1 0
clocks 12 0
orhoefe 2 0
sgood 36 0
sedentibus 1 0
vormachen 1 0
katchinas 7 0
joiners 3 0
wooer 4 0
skilfully 28 0
licour 1 0
amelot 3 0
uxury 16 0
saticfaction 1 0
browes 5 0
hirakasawa 1 0
spiegeln 4 0
isitant 1 0
orinth 19 0
treatess 1 0
ildwerke 1 0
abits 27 0
browed 7 0
befooling 1 0
naeherzufuehren 1 0
schelal 1 0
edingungen 26 0
iriam 5 0
nweeting 2 0
boire 2 0
schlucken 1 0
heidi 1 0
ierter 4 0
shortens 2 0
gewundert 1 0
caddis 1 0
iertes 20 0
morrowings 1 0
rganismus 2 0
childerungen 1 0
opfschmuckes 2 0
bimeby 55 0
spica 1 0
spice 15 0
arthager 1 0
metals 181 0
screen 52 0
arabbas 1 0
begrudging 1 0
democraticness 1 0
usthaeuschens 1 0
lilium 1 0
stroyin 1 0
woode 3 0
masquerades 2 0
spick 2 0
kleinlichste 1 0
escap 3 0
idothea 1 0
escal 1 0
stellenden 1 0
remedies 22 0
woods 366 0
weissbestaeubte 1 0
heiau 1 0
spicy 2 0
recaptured 1 0
boild 1 0
woody 5 0
greediness 3 0
remedied 20 0
wooed 7 0
unterthan 1 0
brusquely 3 0
metand 1 0
pellichus 1 0
orderungen 18 0
rennender 1 0
auptzuege 1 0
spied 14 0
elderly 38 0
ckerbaues 1 0
missglueckt 3 0
gushed 11 0
demoralize 1 0
huar 2 0
buchstabieren 1 0
einstossen 1 0
ravishment 2 0
spier 4 0
grunt 12 0
spies 23 0
erchant 46 0
gushes 5 0
silkstocking 1 0
erbesold 1 0
reliquary 2 0
boils 3 0
spiel 3 0
arcianus 1 0
ufinus 4 0
augured 1 0
plots 22 0
indignity 13 0
odlike 3 0
muessige 3 0
ophistereien 3 0
aedagogik 2 0
ufinum 2 0
ressur 1 0
ittags 1 0
muessigen 6 0
rchon 1 0
huck 4 0
arboard 1 0
purchis 2 0
muessiges 1 0
rchiven 1 0
wonne 2 0
muessiger 5 0
wunderlich 25 0
eformity 3 0
annihilate 19 0
rchives 55 0
pounds 564 0
hineintretend 1 0
orinna 1 0
represented 277 0
pinhook 1 0
vacantly 9 0
orinne 2 0
herumrollten 1 0
icanor 5 0
pounde 1 0
lotelle 1 0
wischenzeit 10 0
ngraving 1 0
speunce 3 0
favouring 13 0
chmeicheleien 5 0
fluctuation 5 0
hineinkommen 3 0
spitted 1 0
classis 1 0
eidenschaftlich 1 0
versetzten 3 0
hues 17 0
huer 7 0
pounce 8 0
urgaon 2 0
huet 10 0
wonld 1 0
entzogen 9 0
whereunto 2 0
diction 19 0
backbone 6 0
magician 23 0
hued 5 0
idealisch 4 0
triumph 167 0
alternatively 118 0
horror 153 0
fluctuating 10 0
eburtstages 1 0
classic 28 0
ittage 3 0
riages 1 0
huda 3 0
toxophilites 3 0
ufaellig 1 0
entlewomen 1 0
hude 1 0
wonnereich 1 0
widening 10 0
hugs 3 0
losschiessen 1 0
unblackened 1 0
provost 6 0
lightheartedness 1 0
cholarship 1 0
huge 211 0
kraeftgen 2 0
hugh 1 0
exclaimed 249 0
possessedst 1 0
splendide 1 0
quique 1 0
reconstruct 7 0
vergossen 2 0
huft 1 0
affable 11 0
heizt 1 0
ustand 139 0
amphitheatre 19 0
ommerkorn 1 0
eaper 1 0
omanendichters 1 0
ereditas 1 0
gebrannter 2 0
gebranntem 1 0
eingefleischten 1 0
wringing 11 0
classes 238 0
ejanira 2 0
gebrannten 1 0
churning 2 0
ejanire 1 0
phantasierender 1 0
wiederkommen 6 0
organisations 1 0
huic 1 0
tadelst 1 0
daunting 1 0
vorliegenden 3 0
affably 2 0
cavillation 1 0
dramatisch 2 0
uenzsammlung 1 0
tadelte 7 0
completest 6 0
huhu 4 0
contamination 2 0
legitima 1 0
anbrechendem 1 0
ausgekuensteltsten 1 0
ufaellen 2 0
classed 21 0
surplice 4 0
entlewoman 9 0
anbrechender 1 0
escue 1 0
irius 2 0
swooned 15 0
tolemaic 4 0
searcheth 1 0
laetation 1 0
ledige 3 0
huke 1 0
miasma 1 0
oversprad 2 0
bstraction 1 0
apiere 33 0
panegyric 10 0
perfidiously 2 0
nachzusehen 4 0
embattled 5 0
hervorbrachte 10 0
horrid 75 0
silbergesticktes 1 0
spittle 3 0
resten 1 0
uerstenstamme 2 0
restel 1 0
fagots 6 0
indorsements 1 0
ungifted 1 0
igenheit 9 0
completely 356 0
tadelnd 1 0
rested 115 0
browse 2 0
hump 8 0
gnyaws 1 0
heius 1 0
oudoun 2 0
rchanian 1 0
ueberraschet 3 0
positiv 1 0
eapel 129 0
fever 112 0
kirmishes 6 0
ustave 2 0
remuable 2 0
ueberraschen 15 0
orphyrogenitus 2 0
humb 1 0
humi 1 0
femininely 1 0
humo 1 0
archbishoprics 2 0
unbefangen 1 0
kotched 3 0
discursive 3 0
aussehe 3 0
enopsanto 1 0
unitedly 3 0
mangonells 1 0
adjutant 2 0
hamounix 1 0
eyelids 32 0
hula 13 0
huld 1 0
wyford 1 0
screws 4 0
hull 13 0
hulk 3 0
foderten 1 0
heist 1 0
heiss 28 0
echanische 3 0
splotch 2 0
compilers 1 0
heism 1 0
earest 10 0
provoke 41 0
ebenstrieben 1 0
idealised 2 0
lilied 1 0
hunt 123 0
heirs 29 0
okomoku 3 0
eestadt 1 0
victimized 3 0
lilies 22 0
eigennuetzigste 1 0
huna 46 0
unausweichlich 1 0
hunc 1 0
earers 6 0
hung 231 0
hunk 1 0
entstuerzen 1 0
antrust 1 0
schnell 163 0
rester 3 0
restes 1 0
erusalems 2 0
heire 1 0
reichhaltige 1 0
malady 44 0
epublikanischen 3 0
uenftigen 1 0
achbarshaeuser 1 0
iring 1 0
rebate 1 0
bemaechtigten 5 0
eforming 1 0
desirest 1 0
straflos 1 0
herbeitrug 1 0
stanzas 33 0
unprejudicd 1 0
desireth 11 0
fulfillment 5 0
stingeth 1 0
hexametron 1 0
restle 1 0
chramme 3 0
vulkanischer 1 0
discendum 1 0
dramatists 17 0
einzufloessen 8 0
hinterliess 12 0
impressiveness 3 0
einplumpen 1 0
intermediary 8 0
vulkanischen 7 0
hute 2 0
vulkanischem 2 0
agonas 1 0
hush 13 0
husk 5 0
ablaze 7 0
huss 1 0
zerstoere 1 0
chreiberohr 1 0
deaths 19 0
hust 1 0
unterkriechen 2 0
highbacked 1 0
herbeigekrochen 1 0
mochten 20 0
zusieht 1 0
textile 2 0
bestellten 1 0
consorted 6 0
zieh 2 0
amphitheater 1 0
zerstoert 24 0
huse 2 0
kampieren 1 0
reprovers 1 0
blowing 65 0
gaetet 1 0
ugars 1 0
rleans 90 0
unanimously 24 0
aufheitern 1 0
hurl 15 0
hurn 1 0
intermediate 50 0
hurr 1 0
hurt 191 0
officinalis 1 0
enkenden 1 0
errueckte 1 0
pensel 1 0
steinichtes 1 0
steinichten 1 0
emporheben 1 0
penser 29 0
erseus 2 0
tracings 1 0
olothurn 1 0
byssinians 19 0
rlaub 5 0
stares 3 0
usikantenbande 2 0
bestellter 1 0
mbassadors 6 0
benumbed 7 0
erards 1 0
neotera 1 0
outstanding 2 0
gefragt 11 0
scheinbarer 2 0
aufgeschossenen 1 0
issbilligens 1 0
einschmeicheln 1 0
kibed 1 0
mentors 2 0
scheinbaren 5 0
caeteradesunt 1 0
aprade 2 0
ierseins 2 0
pensee 1 0
huts 34 0
meistbietenden 1 0
ythere 3 0
onveyance 13 0
pulsations 5 0
auffahren 2 0
ythera 5 0
auffahrer 2 0
intenfass 2 0
gondola 4 0
ersers 1 0
ambergisch 1 0
verheert 1 0
rfordernissen 1 0
slaveholding 40 0
roesche 2 0
entkommen 7 0
agenreihen 1 0
ambletonian 4 0
xtension 6 0
gaben 59 0
widersprechen 9 0
inexplicable 43 0
ugang 4 0
chivalric 7 0
kollationieren 1 0
starer 1 0
ugans 1 0
iedriges 2 0
xploration 1 0
creaters 2 0
stared 73 0
inexplicably 1 0
exchangeable 28 0
jumbled 3 0
pensai 1 0
fortlaufenden 2 0
herumgefuehrt 3 0
beizumessen 3 0
unmistakable 18 0
eleganter 2 0
pensar 1 0
stockten 1 0
antomimen 4 0
gabbe 1 0
jumbles 1 0
prosperity 206 0
snappishly 1 0
ynonimous 1 0
mmorality 4 0
rocodiles 3 0
hineinsehen 2 0
gymnastischen 1 0
unmistakably 5 0
restor 4 0
starch 17 0
reston 4 0
wones 1 0
hygeens 14 0
prospering 2 0
fette 2 0
abhor 14 0
reisest 1 0
eltenheit 2 0
gestaerket 1 0
schemed 4 0
aeumlein 1 0
ustace 2 0
zinc 4 0
totters 3 0
holdselig 1 0
schemer 2 0
audacity 23 0
schemes 51 0
emoshima 1 0
rasselnder 1 0
rcher 3 0
witchingly 1 0
distraction 21 0
eanne 11 0
ingleys 5 0
triumphierend 1 0
pensor 1 0
nutze 1 0
promulged 1 0
erworrene 1 0
efusal 3 0
herauffuehrte 1 0
sanguis 1 0
illuminieren 1 0
otices 3 0
shelving 3 0
inhaerens 1 0
plintered 1 0
starns 2 0
ability 193 0
herauslehnen 1 0
aumeister 15 0
uartermaster 3 0
beiseitetrat 1 0
baboons 20 0
beechen 4 0
recompensatioun 1 0
beeches 6 0
distracting 6 0
gravitaetisch 2 0
ischievous 1 0
cannibals 3 0
patented 1 0
woned 2 0
docible 1 0
herabgestiegen 3 0
aimbourg 1 0
yzantinus 1 0
dressiert 1 0
aengstet 2 0
praktischen 5 0
benezer 3 0
familious 5 0
praktischer 1 0
overbalance 4 0
achtfeuer 1 0
nknuepfen 1 0
abstaining 4 0
foothold 14 0
schemil 2 0
misfit 1 0
eranstaltung 1 0
rchiv 3 0
rchis 1 0
bereitwillig 1 0
distention 1 0
retorting 2 0
incovenient 1 0
ulcinell 12 0
appauding 1 0
nutzt 3 0
reisend 1 0
rchie 3 0
superfluity 16 0
erseys 31 0
versehene 2 0
farblosen 2 0
xtensive 2 0
skilful 69 0
starke 17 0
mineralischen 1 0
cookery 13 0
necromancer 1 0
elegantly 9 0
ygmeadum 1 0
intelligent 127 0
efused 1 0
positus 1 0
edelmuetig 1 0
increasingly 7 0
indications 28 0
freudiger 5 0
flameless 1 0
freudiges 2 0
undetragen 1 0
morgen 65 0
emission 5 0
chmeisst 1 0
freudigen 1 0
freudigem 4 0
ambulanten 1 0
strollte 1 0
dimpling 6 0
enkend 1 0
consciousness 143 0
dishonored 3 0
ersehe 1 0
ohemians 1 0
tightened 10 0
ugabe 2 0
ottesverehrung 2 0
elighten 2 0
disordinance 1 0
atinity 5 0
transparencies 1 0
womit 166 0
ranzoesisch 9 0
cocoanut 1 0
woelbte 2 0
croweth 1 0
hautein 1 0
ignominy 10 0
wiederkehrtest 1 0
plottings 1 0
eighteenth 67 0
eleasing 2 0
toasted 5 0
enkens 2 0
organisers 1 0
cerriall 1 0
ndank 3 0
geruesteten 1 0
verkochen 1 0
eddler 1 0
toaster 1 0
oriole 2 0
oechnerin 9 0
ehuete 3 0
imilitude 4 0
boomerang 2 0
monster 73 0
abily 1 0
listierspritze 1 0
trother 3 0
awless 1 0
ristallen 1 0
papermoney 1 0
rsparnus 1 0
retreating 28 0
abies 1 0
divertissements 1 0
ortured 1 0
beseitigt 1 0
verschmitzter 2 0
waters 251 0
joinest 1 0
xcessive 1 0
anarchy 24 0
utwardly 1 0
imprecations 4 0
befaende 4 0
chreibereien 1 0
nutes 1 0
orioka 2 0
oehlerhuetten 1 0
anachronisms 5 0
aemmerlein 1 0
gossiping 3 0
schienest 1 0
wischenzeiten 2 0
gruff 1 0
adjured 3 0
aulaffen 1 0
umspinnen 1 0
orrice 1 0
somedeal 11 0
overweighs 1 0
inoculated 1 0
adjures 1 0
watery 19 0
evenness 4 0
herumreiten 1 0
rmidens 1 0
hauled 28 0
heroische 2 0
thenche 1 0
aseloecher 2 0
gabst 5 0
gruel 7 0
antabit 1 0
gruen 13 0
scuffling 2 0
unsparingly 4 0
unschicklichste 1 0
natuerlichem 3 0
commixed 8 0
buttonwoods 1 0
natuerlichen 48 0
abian 2 0
expiations 2 0
demurely 1 0
natuerliches 3 0
natuerlicher 32 0
aupthaar 1 0
ufficiently 1 0
bescheinet 1 0
culpability 1 0
atrocities 6 0
vorzuschlagen 4 0
debuetiert 1 0
mingling 26 0
morgos 1 0
undisguised 9 0
quiescent 1 0
widerwaertiger 2 0
schelte 6 0
entretenu 1 0
widerwaertiges 1 0
widerwaertigen 2 0
praying 46 0
ausvatern 1 0
encompassed 5 0
rauffuehrung 1 0
vollgedraengten 1 0
ophomores 9 0
heridan 19 0
periodic 59 0
contrarious 2 0
undstueck 1 0
toecke 3 0
predetermine 1 0
creamy 10 0
nibbles 3 0
aufbieten 1 0
creams 2 0
judiciousily 1 0
hinterwaerts 5 0
grubs 2 0
nibbled 8 0
quellen 2 0
ugald 1 0
queller 1 0
feuds 4 0
quelled 4 0
abide 97 0
luttony 4 0
plutocrat 1 0
staircases 7 0
chranck 2 0
familiarised 1 0
reminders 3 0
earful 2 0
uergschaft 1 0
earfulness 1 0
festtaegigen 3 0
prebendal 3 0
presentment 1 0
lleghanies 10 0
yzantines 3 0
aeonian 1 0
hehre 1 0
gable 12 0
create 163 0
amelyn 1 0
esbos 5 0
comforts 52 0
blasphemous 7 0
blasphemour 1 0
dishing 1 0
nuisance 16 0
erself 7 0
mebles 2 0
propertie 1 0
fretted 20 0
eopoldo 1 0
crease 2 0
ueberhaeuft 1 0
pigeons 17 0
shurst 1 0
challenges 3 0
ispelst 1 0
gromai 1 0
liefern 3 0
ersehn 1 0
kinder 45 0
plerumque 1 0
annualere 1 0
challenged 17 0
anvinio 1 0
gspassen 1 0
ophomoric 1 0
threatned 7 0
atinist 2 0
earning 82 0
liefest 2 0
reconducts 1 0
exultant 4 0
emuehung 19 0
horribilisque 1 0
undurucu 1 0
adjectival 1 0
ranslator 2 0
avished 1 0
gaeng 1 0
dukedom 1 0
vergelten 1 0
angeheitert 1 0
ngeschicktesten 1 0
intellects 24 0
oxcroft 2 0
choenheitsgefuehl 1 0
haesslichen 5 0
haesslicher 4 0
mulberry 10 0
thrummings 1 0
yeomen 4 0
seiest 4 0
esern 18 0
cellular 7 0
forsche 3 0
ubsidy 26 0
esert 38 0
esers 1 0
unrealised 1 0
andwerksfertigkeit 1 0
misery 188 0
zahnarztmaessig 1 0
quiten 2 0
misers 1 0
maelstrom 1 0
prying 10 0
efriedige 3 0
southsouthwest 1 0
bfree 4 0
vieljaehrigen 1 0
udiciary 6 0
hinwendet 2 0
innocuously 1 0
bountifulness 1 0
nochmals 30 0
amesters 4 0
unsavoury 3 0
ndeed 306 0
vorbeifliegt 1 0
kennest 4 0
beherbergt 2 0
chweben 1 0
eberraschten 1 0
thochts 2 0
renewings 1 0
zulaufen 1 0
quarterdeck 1 0
skizziert 2 0
adjectives 3 0
dragging 40 0
hinwenden 2 0
injustices 1 0
akest 2 0
platoons 3 0
eaktion 1 0
mindful 21 0
zugenommen 6 0
ealousy 34 0
scratchers 1 0
akete 3 0
aketh 7 0
auszahlt 1 0
lobenswert 1 0
esena 1 0
neglected 170 0
akets 1 0
oodstock 2 0
esens 29 0
simmering 3 0
pukka 6 0
moeblieren 1 0
piquant 3 0
uferstehung 3 0
gasoline 4 0
lubricated 1 0
kennend 2 0
leidenschaftlicher 5 0
seiend 1 0
piphany 1 0
fuehrend 5 0
enshrined 4 0
gaein 9 0
leidenschaftlichen 13 0
leidenschaftlichem 1 0
negotiations 33 0
ehoshaphat 8 0
esell 1 0
weiterzustreben 1 0
akenham 1 0
chariot 21 0
hissed 8 0
hissef 1 0
valiantly 10 0
hisses 3 0
atschluesse 1 0
igress 8 0
angsucht 1 0
terbliche 1 0
injustice 247 0
chreibet 1 0
vergitterte 1 0
andmanne 1 0
aumburg 4 0
fluster 1 0
anachronism 6 0
enefits 17 0
tremors 3 0
rohungen 9 0
raunrote 1 0
suspender 1 0
ickness 20 0
ugean 2 0
gespannten 2 0
gespanntem 1 0
zusammengestuerzt 3 0
ranscribers 2 0
zankte 2 0
suspended 100 0
aderchi 1 0
retractions 1 0
chreiber 21 0
appearing 73 0
zankst 1 0
losgekommen 1 0
chreiben 10 0
courtly 18 0
rattan 1 0
ichards 6 0
governail 1 0
batches 1 0
chraube 2 0
urrounded 1 0
astille 27 0
transportierte 1 0
aufstehend 2 0
spitzig 1 0
ttendant 1 0
hinaufsteigt 1 0
lemans 1 0
agereisen 1 0
stimmte 9 0
colorless 10 0
gothic 1 0
discussed 82 0
eitknechte 2 0
bayonet 5 0
garments 69 0
pproving 1 0
eculiarities 2 0
irkel 10 0
pivotal 1 0
akers 5 0
irken 7 0
ausgestopfte 1 0
disfigure 3 0
tremour 2 0
charisq 1 0
enighted 2 0
ierras 1 0
measuring 23 0
gaebt 1 0
angezogen 18 0
steward 31 0
erwechslung 2 0
tuechtigem 1 0
adjudicating 1 0
olofernes 5 0
equipping 1 0
tuechtigen 10 0
mperfection 3 0
onginus 1 0
tuechtiges 2 0
tuechtiger 5 0
ardinalswuerde 1 0
charity 121 0
chinesische 5 0
discusses 3 0
gaebe 23 0
hinauslaeuft 2 0
zurueckscheuchen 1 0
afterglow 4 0
gewoehnlich 90 0
cuckoos 1 0
misconceives 1 0
harterhouse 1 0
sweepers 1 0
complexities 1 0
misplay 1 0
akele 1 0
berschuss 1 0
nullifies 1 0
mpetuous 2 0
rattes 1 0
threadlike 1 0
leistifte 2 0
aedchen 353 0
nders 1 0
sehnlich 5 0
adjudication 1 0
eredsamkeit 17 0
nreasonable 1 0
sorglich 3 0
spitzen 8 0
ndern 3 0
piscary 1 0
cuckold 7 0
contaminate 1 0
ndere 12 0
spitzes 1 0
wassailers 1 0
aettigung 1 0
apologies 23 0
oppelblicks 1 0
livelihood 16 0
udelsack 1 0
umultuously 2 0
asloecher 1 0
lbergati 1 0
riamum 1 0
earos 1 0
heled 1 0
laendliche 2 0
incidental 5 0
myriads 18 0
ouveau 2 0
umsonst 41 0
nurseries 2 0
rumpeter 1 0
sufferance 10 0
arrangements 77 0
bestaetigten 3 0
schrillen 1 0
earns 7 0
impregnate 1 0
magistracies 2 0
earne 1 0
iderot 3 0
nsolent 1 0
hreefold 1 0
baffle 9 0
helde 2 0
itwirkung 4 0
seagirt 1 0
fictile 1 0
cyclamen 4 0
enetians 31 0
gallicanisme 1 0
equivocal 5 0
helby 1 0
combust 1 0
uibbletown 1 0
infelicity 1 0
illamant 2 0
affability 9 0
summarized 1 0
aliquando 1 0
goettlichste 1 0
ibernier 1 0
bolic 1 0
crudity 3 0
erajat 1 0
balconies 12 0
beseeches 3 0
instructors 10 0
clattereth 1 0
differing 43 0
helan 2 0
stockinged 1 0
urchtsamsten 1 0
coiling 1 0
abbrach 2 0
pollokopf 1 0
rattly 1 0
ousehold 5 0
forestays 2 0
matterly 1 0
hinabstuerzenden 1 0
balconied 1 0
eference 7 0
citing 5 0
injoyns 1 0
rattle 34 0
acmillan 3 0
udaism 2 0
beissender 1 0
ameron 88 0
weapon 80 0
bespread 2 0
earme 1 0
beiwohnen 1 0
walnuts 11 0
mbrosius 1 0
early 781 0
tridge 3 0
earls 2 0
aufstutzten 1 0
trides 2 0
earle 1 0
ahreszeit 11 0
riamus 2 0
einschuetten 1 0
tuttering 2 0
tobenden 2 0
osweyde 1 0
sapping 2 0
kennels 2 0
durchzuarbeiten 1 0
dirges 1 0
herzogl 1 0
disaffected 17 0
hochgeschaetztes 1 0
weltlich 2 0
transportieren 2 0
stimmen 5 0
frischeren 1 0
emperess 2 0
boles 4 0
forestall 3 0
shendeth 1 0
eares 9 0
irsenhaare 1 0
earer 28 0
irdisch 1 0
consecrated 36 0
earin 1 0
kuehnem 1 0
kuehnen 7 0
kuehner 2 0
epigrammatic 2 0
yagnis 1 0
unglueckselige 1 0
ledger 7 0
uebergefuehl 1 0
nerreichbaren 1 0
ledges 32 0
beseechen 1 0
consecrates 2 0
beseeched 2 0
irkus 1 0
interviewers 1 0
fiction 55 0
ismarck 1 0
earch 13 0
pouped 1 0
unstgegenstaenden 1 0
afeguard 1 0
eseus 1 0
epigrammatos 1 0
gaert 1 0
epigrammaton 10 0
handfuls 12 0
gezeichnet 34 0
vinculo 1 0
pistoles 2 0
sorgten 1 0
repeatedly 78 0
spitzte 2 0
utskauf 1 0
erwearied 1 0
detectives 10 0
conjuncture 7 0
olloquies 1 0
puting 3 0
subverting 1 0
rischgewagte 1 0
acclesfield 1 0
eared 6 0
nectarous 1 0
citius 1 0
ernants 1 0
eards 1 0
gebadet 2 0
ables 18 0
abler 8 0
longingly 1 0
remises 2 0
crowded 109 0
earde 2 0
weidlich 4 0
morally 17 0
hervorkeimen 1 0
charfsinn 4 0
vorzumalen 2 0
esetz 39 0
pedestrian 3 0
angefasst 4 0
stingers 2 0
flinty 2 0
cowries 1 0
advancd 5 0
ernannt 3 0
uffuehrungen 1 0
rectitude 17 0
advance 280 0
chaussee 2 0
uebereinzustimmen 2 0
gefiele 1 0
flints 27 0
pistolae 4 0
jointure 2 0
geranium 1 0
kastenweis 1 0
retumed 1 0
filigree 3 0
istorians 6 0
apotheosis 2 0
disregarded 32 0
osciusko 1 0
okendamper 5 0
hinuebergesehen 1 0
andrechten 1 0
pondered 18 0
anaana 3 0
elegraph 1 0
chauplatz 13 0
ondenglanz 1 0
gesturings 1 0
gestutzten 1 0
gestutzter 2 0
succatash 1 0
laceynr 2 0
callyhootin 1 0
choliast 1 0
intensifying 2 0
vellum 6 0
einziggeliebte 1 0
zwaengen 1 0
alance 3 0
ollkommenen 1 0
errings 3 0
zurechtefinden 1 0
calacanthus 1 0
choenheit 109 0
eliques 1 0
emorie 1 0
reshmen 13 0
undeniably 9 0
ollkommenes 1 0
lurched 4 0
steemed 1 0
timidity 20 0
bolder 7 0
hardhack 1 0
hereingedrueckt 1 0
anaries 2 0
putting 228 0
consomma 1 0
swered 2 0
vierzigstuendigen 1 0
fluechtig 10 0
xportation 7 0
tribus 1 0
euerbraenden 1 0
gefiehl 1 0
spurned 9 0
blickenden 1 0
hnden 1 0
transgressions 9 0
alsamo 12 0
ertiary 1 0
mindere 1 0
ndachtsort 1 0
oelbaeume 3 0
romholm 1 0
meinetwillen 4 0
mindern 2 0
porterless 1 0
unerschlossen 1 0
ilurus 1 0
straften 1 0
osenranken 1 0
ourteenth 19 0
halloo 4 0
ourneymen 2 0
usgrabung 2 0
unfinished 20 0
hallow 9 0
darueberweg 1 0
generality 41 0
gangst 1 0
decades 4 0
fluechten 3 0
harmlessly 3 0
eliquie 2 0
beiwohnte 1 0
buckshot 1 0
reaches 71 0
reacher 6 0
soldaten 1 0
atholicity 3 0
arguerite 20 0
onarch 8 0
aufgestuetzten 1 0
surpasses 15 0
surpassed 41 0
avision 3 0
onsets 1 0
cceptation 1 0
penury 6 0
harlottens 1 0
magnifique 1 0
rfrischungen 4 0
verschlossen 29 0
distributions 3 0
hypocrites 8 0
truscan 1 0
rofessions 13 0
reached 603 0
eingeschobenen 1 0
ahrhaftig 5 0
discreetly 8 0
hageres 1 0
hagerer 2 0
acanthus 2 0
herabfaellt 1 0
fortwuchsen 1 0
shieldes 4 0
shielder 1 0
unsightly 5 0
whereupon 26 0
curtailed 7 0
oustache 1 0
atholicism 32 0
bibliography 14 0
nweisung 1 0
shielded 8 0
hinkawa 1 0
oggled 1 0
einzusaugen 1 0
ourneyman 1 0
xplaining 1 0
ediaeval 2 0
losgerissen 1 0
culmination 8 0
oggles 1 0
anonymously 2 0
affixed 17 0
shoveling 1 0
desart 1 0
esolations 1 0
foresaid 8 0
laenchen 1 0
darauflegte 1 0
undeniable 22 0
feuerten 1 0
eapot 3 0
anspannen 2 0
edifices 5 0
implizitaet 1 0
abgeschiedenen 8 0
trampled 35 0
eapon 6 0
solution 79 0
nvernunft 1 0
dickste 1 0
einhauchen 1 0
subterraneously 1 0
regardless 42 0
tramples 4 0
enschenverstand 2 0
hallen 1 0
cities 201 0
halles 1 0
relaxing 5 0
gemmes 3 0
halley 1 0
verbanden 1 0
eleitzeichen 1 0
fundholder 4 0
professor 307 0
bequeathed 22 0
naufhaltsam 1 0
disputare 1 0
importations 7 0
ernando 2 0
patschen 1 0
usikverwandten 1 0
rancheria 1 0
humouring 3 0
laengen 1 0
excitements 4 0
laenger 88 0
uadrupeds 1 0
hindurch 16 0
iberniae 1 0
unablaessig 9 0
uschusses 1 0
avising 1 0
surmullet 2 0
onopuha 1 0
reshman 5 0
iberniam 1 0
befaehrt 1 0
ibernian 1 0
ankoemmt 1 0
symmetrische 2 0
originality 17 0
almbaum 1 0
ierson 1 0
raeuperl 1 0
aslumber 1 0
competitors 44 0
pumpkins 6 0
alamon 67 0
adventures 55 0
adventurer 15 0
erheiternder 1 0
pieced 2 0
erheiternden 1 0
untwisted 1 0
adventured 2 0
unbelieving 3 0
premonitory 6 0
faultlessness 2 0
inarette 1 0
hohlschwebenden 1 0
aufgehaengt 5 0
nuver 3 0
riefchen 4 0
wirkli 2 0
enkindled 2 0
pieces 333 0
plows 2 0
rechtschaffene 1 0
jumpin 1 0
spire 7 0
onsent 42 0
particulars 75 0
agician 2 0
spirt 1 0
aertchen 6 0
calculation 50 0
crumble 15 0
moring 2 0
schneeweisses 3 0
arenaceo 1 0
ameson 1 0
spike 4 0
schneeweissem 1 0
schneeweissen 1 0
mesquite 1 0
wools 3 0
einiche 1 0
vertrautere 1 0
maudlin 2 0
alamis 2 0
bewaehret 1 0
superinduced 2 0
spill 13 0
wooly 1 0
chooner 2 0
frischeste 3 0
spile 1 0
impassively 1 0
lectricity 6 0
dasitzen 1 0
rcita 16 0
kraenkliches 1 0
ntbehrliches 1 0
kraenklichen 1 0
rcite 63 0
spilt 11 0
bewaehren 1 0
kraenklicher 1 0
orporations 7 0
jumped 80 0
amateur 10 0
reizumhangen 1 0
perculsus 1 0
ehlers 1 0
ehlern 6 0
jahrein 1 0
mrissen 2 0
tallund 1 0
komplettes 1 0
professes 29 0
calculating 6 0
spine 19 0
fallenden 1 0
laetterschichten 1 0
unbraced 1 0
vermauerte 1 0
parasite 6 0
apostrophising 1 0
professed 80 0
gedrungene 1 0
syche 98 0
beglueckten 1 0
spins 3 0
cordiaily 1 0
onseil 1 0
quirts 1 0
ricordarsi 1 0
recapitulates 1 0
spiny 1 0
vertrautest 1 0
quirks 2 0
laengst 28 0
enulphus 1 0
sonderbarern 1 0
eltere 1 0
metates 1 0
tolerating 4 0
trickl 1 0
charitable 66 0
tricke 4 0
morire 1 0
firschen 3 0
charitably 7 0
rosenfarbe 1 0
gelblich 1 0
heftige 18 0
toleration 22 0
hammers 14 0
tranken 6 0
allerersten 1 0
eseque 1 0
gropings 2 0
thenion 2 0
quirin 1 0
torchlight 4 0
uffians 1 0
euerberg 1 0
mitfuehlen 1 0
proscribes 1 0
bestatten 2 0
subsisted 21 0
gewissenhaft 5 0
stateroom 7 0
impieties 1 0
boldly 66 0
proscribed 13 0
vergoettre 1 0
erwuenschte 3 0
ierdurch 1 0
naehnlichkeit 1 0
buntbekleidet 1 0
fortwirfst 1 0
zanken 2 0
ecklenburg 7 0
esichtsmasken 2 0
albinsel 3 0
wirket 2 0
wirken 38 0
triche 1 0
distichs 4 0
albschuhe 1 0
waketh 2 0
oeffentlichem 2 0
perfect 633 0
proescripta 1 0
fewer 46 0
ngrate 2 0
perfeck 2 0
unbending 9 0
gemmun 2 0
spite 342 0
sponging 6 0
nachtsamen 1 0
spits 5 0
nashmi 1 0
lobend 1 0
yeoman 14 0
stockte 7 0
ypermnestra 2 0
urtains 3 0
oeffentliches 2 0
oeffentlicher 2 0
spitz 4 0
ameses 3 0
hinunterschluerfte 1 0
oeffentlichen 44 0
spicier 1 0
minstrelsies 1 0
ouisburgh 5 0
miscry 1 0
forsake 33 0
kidde 1 0
efaessen 2 0
alcutta 20 0
unalterable 17 0
dovizia 1 0
dissimulances 1 0
nstruther 1 0
sorgsam 5 0
ussenstehender 1 0
tricks 61 0
woosh 2 0
nsulting 1 0
fleeing 15 0
sanctimonious 2 0
eatch 1 0
halons 6 0
relents 2 0
gehauenem 1 0
herrennen 1 0
stivers 9 0
ausdehnen 1 0
toerung 2 0
versehe 3 0
goshawk 4 0
lumenbank 1 0
versehn 2 0
commited 1 0
unscheinbarsten 1 0
properly 308 0
staunt 1 0
munterste 1 0
durchgeschwaermten 1 0
gehauenen 1 0
omorrah 3 0
aemmerlich 1 0
pleinly 1 0
ingspiel 1 0
ensigncy 1 0
ntitled 1 0
handwriting 22 0
wohlgebauten 6 0
eglatere 1 0
unalterably 1 0
successour 1 0
wohlgebautes 1 0
kraft 1 0
charges 85 0
charger 1 0
umults 1 0
schmaler 3 0
schmales 1 0
schmalen 6 0
charged 132 0
edified 3 0
umulte 2 0
licked 9 0
successors 52 0
eated 6 0
skaffold 1 0
dalliances 1 0
unstraeflich 1 0
licken 23 0
ersendung 1 0
hinzueilt 1 0
lickes 2 0
licker 2 0
licket 1 0
eyeless 1 0
astings 22 0
servirsi 1 0
zurueckgefallen 1 0
howlings 5 0
maddened 19 0
welndxxx 1 0
grocers 1 0
trials 42 0
rubrizierte 1 0
grocery 9 0
anrechne 1 0
eltliche 1 0
edifice 21 0
profligates 2 0
restless 76 0
agneraux 1 0
laecheltest 1 0
organised 38 0
aufmuntern 3 0
mansard 1 0
hairiness 1 0
rodigality 3 0
weared 5 0
thenian 50 0
jeremiads 1 0
artigsten 8 0
nimation 1 0
liebevollen 5 0
wearer 18 0
enthalte 3 0
impoverishing 4 0
wearen 2 0
perfide 1 0
sausten 1 0
tyrannisieren 1 0
echzehntes 3 0
organiser 1 0
revoltingly 1 0
steeled 4 0
dunkelgelockten 1 0
liebevoller 2 0
perfidy 14 0
cheiterhaufen 1 0
ideous 1 0
enuegsamkeit 3 0
income 110 0
joining 39 0
kraln 1 0
naeherkaeme 1 0
searching 52 0
wehrtere 1 0
zerstoben 1 0
calculateur 1 0
lickin 2 0
atare 1 0
overwhelmingly 4 0
atary 1 0
beeing 2 0
ablegt 1 0
rebeck 2 0
diorama 1 0
ebraeuche 2 0
mortifications 4 0
bewaehrte 2 0
gjagd 4 0
houlder 5 0
ounterfeiters 1 0
canonry 2 0
carpentry 2 0
proscribing 2 0
ticensis 1 0
unwisely 3 0
forewarns 3 0
sackcloth 4 0
marines 1 0
mariner 7 0
esellschaftswagen 1 0
incoln 65 0
aufmuntere 1 0
rymanthian 2 0
otharios 21 0
verhehlt 1 0
eville 4 0
mischt 4 0
seicht 1 0
carnally 2 0
irmly 2 0
krank 41 0
apitalschluessel 1 0
experiencing 3 0
stockin 3 0
potsylvania 1 0
coterie 4 0
mische 2 0
onumenten 2 0
property 608 0
quiescebant 1 0
durchsegeln 1 0
ugger 7 0
verspottet 2 0
ugget 2 0
verspotten 1 0
altercated 1 0
evilly 1 0
script 1 0
wirkte 11 0
heiligste 2 0
hyar 2 0
upplys 15 0
indecencies 1 0
watercourse 6 0
vermaledeite 2 0
deluges 2 0
orreggios 1 0
tierischer 1 0
tierischen 7 0
hemme 1 0
clogue 1 0
doggedness 1 0
luscious 2 0
eraman 1 0
innober 1 0
deluged 3 0
swaggering 5 0
thralldom 2 0
spicery 4 0
bubble 13 0
interceding 2 0
iedgras 1 0
ordinance 33 0
conjugatus 1 0
fishers 6 0
niederfielen 2 0
recollected 25 0
chueler 29 0
leichtglaeubigen 2 0
eformers 37 0
neutralized 1 0
pumps 5 0
pumpt 1 0
faggots 5 0
atapa 1 0
smashes 1 0
virtueless 2 0
versely 1 0
fishery 36 0
ngluecksvogel 1 0
itterung 16 0
governance 40 0
smashed 16 0
unfeigned 15 0
fallende 4 0
zureicht 1 0
scrimp 1 0
andelsmann 11 0
acpherson 5 0
zureiche 1 0
stocken 10 0
lickte 1 0
superba 1 0
zuegelloses 1 0
prebendaries 14 0
stocked 17 0
ngravers 2 0
bedeutsam 1 0
ombatants 1 0
ertaudiere 1 0
easts 11 0
garners 1 0
arwoche 4 0
organisms 4 0
ufbruch 1 0
auerbrunnen 1 0
conjuror 1 0
facilitate 38 0
tlanta 7 0
uzerne 2 0
gefeiert 7 0
delection 1 0
wealthier 8 0
quiver 32 0
elbsts 1 0
bgruende 3 0
uenfte 4 0
allzuviel 1 0
hemis 1 0
eburtsort 2 0
headlong 41 0
illumi 1 0
efechte 3 0
crumbes 1 0
gehoerend 1 0
omorrow 2 0
uggel 1 0
organising 6 0
kraut 4 0
videtur 1 0
kraus 2 0
gages 1 0
esentments 4 0
quadron 19 0
iedrigkeit 2 0
reprints 2 0
garnets 1 0
irmes 7 0
weissgekleidete 2 0
relente 1 0
rebell 1 0
verseht 1 0
gaged 1 0
hinhaengen 1 0
rebels 28 0
tlanty 1 0
outhampton 5 0
nkindness 2 0
rectors 7 0
compiling 5 0
munterten 4 0
gelegene 1 0
bobbling 1 0
liegenlassen 1 0
rectory 22 0
gaenzliche 6 0
quelque 2 0
usters 3 0
aufzuzaehlen 1 0
confluent 6 0
inlist 3 0
irnes 1 0
irnen 14 0
ustern 4 0
hymn 22 0
partanern 1 0
frequently 744 0
aufgepackt 2 0
nhaenglichkeit 8 0
worth 649 0
fertile 133 0
irndl 21 0
fertili 1 0
wohlan 1 0
hyme 3 0
otteswort 1 0
gotism 1 0
reconstructed 9 0
acclivity 2 0
bloweth 3 0
zusammensitzen 1 0
eyeleds 2 0
viertel 2 0
vierten 8 0
wrinkle 5 0
rotkorb 1 0
lastete 1 0
nschriften 4 0
lasteth 4 0
worum 4 0
ufregende 1 0
ordnance 5 0
remiums 2 0
dilemma 14 0
unfehlbar 5 0
emjenigen 1 0
foundry 2 0
rebeuf 2 0
wagtest 1 0
bindings 4 0
lifetime 48 0
eaton 2 0
weichend 2 0
tandesgebuehr 1 0
hendy 5 0
emorse 3 0
vierter 1 0
untingdonshire 2 0
eserin 1 0
astfreundschaft 1 0
beredeten 2 0
gedemuetigten 1 0
worry 45 0
bonne 8 0
courses 37 0
egregious 7 0
busuud 3 0
motives 134 0
hervorstieg 3 0
horned 22 0
worse 405 0
ysanias 1 0
courser 12 0
prosecuted 17 0
coursed 2 0
tagelang 3 0
fertige 1 0
hornes 15 0
horner 1 0
worst 255 0
hornet 7 0
krochen 1 0
igenwillens 1 0
eilbronner 1 0
uppler 2 0
vexiert 1 0
zugekehrt 2 0
uebelkeit 2 0
waveringly 1 0
emptations 3 0
description 237 0
kuehlen 5 0
kuehles 1 0
kuehler 2 0
uhiger 1 0
vanishes 14 0
xpulsion 3 0
rgument 41 0
wohler 4 0
bonny 22 0
utoren 2 0
hence 241 0
owderham 1 0
kademien 3 0
vanished 110 0
dadurch 185 0
icajah 3 0
eralds 5 0
pendants 1 0
tribal 4 0
hilfreich 2 0
suddenly 641 0
canumque 1 0
nglaenders 2 0
perpetuation 3 0
relented 2 0
stairway 6 0
nglaendern 1 0
arabischer 1 0
liebliche 21 0
futurity 6 0
chalkspossen 1 0
poured 123 0
carpenter 62 0
carriages 67 0
ersammlung 31 0
dietary 1 0
largely 117 0
uplicates 1 0
apprising 1 0
astonishd 2 0
eserve 11 0
flirts 2 0
ausgelassen 4 0
chaines 1 0
auptmauer 1 0
chained 23 0
upgrow 1 0
akzeptiert 2 0
umgekehrte 1 0
hyre 1 0
hyrn 1 0
zornentbrannt 1 0
dishonours 1 0
corruptio 1 0
elicited 8 0
zusammenbeissen 1 0
eserts 6 0
achfrage 1 0
otwendigkeit 20 0
maranatha 1 0
evilacqua 1 0
belisken 4 0
cushion 12 0
verarmt 1 0
femininity 5 0
geschleudert 4 0
zugaenglich 2 0
bender 1 0
baenderung 1 0
veranlasst 18 0
benden 2 0
hytt 2 0
bended 8 0
steekit 4 0
superfluous 48 0
estroehde 2 0
tribes 66 0
histle 1 0
nterhaltungen 15 0
leidend 5 0
eutlich 1 0
practisour 1 0
chatterings 1 0
oodlums 1 0
mature 37 0
reeking 6 0
bonds 46 0
ieblingswuensche 1 0
magnolia 5 0
arquisinnen 1 0
gruenden 7 0
kraal 1 0
typifying 1 0
corrupted 58 0
akham 1 0
forgiven 38 0
weiterzukommen 2 0
forgives 4 0
gruendet 6 0
boney 1 0
laubens 8 0
ivingstone 1 0
bayonets 5 0
bones 224 0
eberraschung 1 0
corrupter 1 0
uebeltaetige 1 0
eater 8 0
quavers 2 0
boned 3 0
eaten 96 0
daughter 616 0
glacialis 1 0
eatin 6 0
largest 113 0
whelps 2 0
leidest 1 0
mauvais 2 0
largess 5 0
consoled 21 0
stremadura 3 0
ssociates 1 0
rotting 10 0
feuerrot 1 0
inlinn 1 0
herabzustuerzen 1 0
elicitas 2 0
consoles 1 0
ssociated 1 0
consoler 1 0
eaths 7 0
uenger 2 0
prosecutor 2 0
verargt 1 0
pestilence 27 0
ersicherung 13 0
histon 1 0
infoermigkeit 2 0
poureth 1 0
brillantes 1 0
pflanzen 6 0
herzustellen 4 0
leidern 26 0
hundertsten 1 0
nvermoegens 1 0
ouvert 1 0
amerad 5 0
ententive 1 0
olleagues 17 0
beehrt 3 0
splen 1 0
eiderdown 1 0
helve 3 0
nvermoegend 1 0
uivera 2 0
missiles 4 0
pecunial 3 0
oudray 5 0
ledden 1 0
escarboucle 1 0
superlucration 1 0
gewahrt 1 0
granitic 2 0
pulia 1 0
diffunt 3 0
amensfest 1 0
tarting 5 0
aillery 2 0
owders 1 0
ratrum 2 0
naccustomed 1 0
liquors 35 0
boriginal 1 0
arkttagen 1 0
arcassone 1 0
worde 10 0
retreateth 1 0
diejenigen 50 0
krampfhaft 1 0
erfuhren 5 0
founden 6 0
medizinisch 1 0
wordn 16 0
founder 49 0
founded 267 0
words 1293 0
ersank 1 0
ersann 1 0
wordy 1 0
psychometric 8 0
busted 5 0
auslaufen 3 0
finemque 1 0
aussaye 2 0
glowing 65 0
opfschmerz 1 0
ebirgsstock 1 0
lmshouse 1 0
unwisdom 3 0
zuerkannt 3 0
ausanne 4 0
woran 23 0
cymbals 5 0
inerventempel 1 0
humorous 32 0
wringeth 1 0
kuehlte 1 0
rivilegium 1 0
zurecht 9 0
corruptly 4 0
seidne 2 0
eminaristen 1 0
flocked 19 0
behoved 19 0
upgleam 1 0
enstervertiefung 1 0
helpe 9 0
splay 1 0
pulls 13 0
anxiety 171 0
behoves 9 0
pully 1 0
sepuchral 1 0
sympathising 4 0
helps 29 0
befanden 14 0
invidious 14 0
squinched 1 0
cholastic 13 0
amounteth 5 0
mortmain 1 0
chreiend 1 0
misgone 3 0
reissigjahrigen 1 0
echoings 1 0
eraclitus 7 0
unausloeschlich 2 0
enkart 8 0
eingehuellten 1 0
ergebenen 1 0
epigrammatum 1 0
andelsstadt 2 0
weasel 1 0
arasque 1 0
descry 5 0
reisinn 1 0
reising 2 0
cholastik 1 0
ntwuerfen 1 0
worms 517 0
wormy 2 0
weichere 1 0
ambiguousness 1 0
forisfamiliated 1 0
worne 1 0
besprach 3 0
orinthischen 1 0
eltenheiten 1 0
fatigue 63 0
fatigud 2 0
warrants 3 0
weikampfs 1 0
orinthischer 1 0
helle 18 0
aertyrertodes 1 0
weikampfe 2 0
flockin 1 0
foolhardiness 2 0
unbebauten 1 0
guttural 9 0
largeness 7 0
andelsstand 1 0
pulpy 7 0
erturben 1 0
ntreaties 1 0
genossnen 1 0
hello 2 0
genossner 1 0
hellt 1 0
hells 3 0
works 674 0
constrictor 3 0
urgeon 5 0
noosers 1 0
drawbacks 31 0
ausgelegt 4 0
pourtraying 1 0
afters 1 0
world 2395 0
bziehen 1 0
reproachful 13 0
embarked 16 0
vierund 1 0
diabolically 2 0
guardian 65 0
urgent 29 0
fanatic 12 0
ircello 1 0
orwegians 1 0
acramentarian 1 0
entbehrlich 2 0
etturine 2 0
frequenter 2 0
regierte 2 0
assachuset 2 0
angefangene 5 0
heranbildende 1 0
camail 1 0
etturins 2 0
frequented 26 0
bstand 2 0
worme 2 0
overmuch 1 0
unterstuetzt 5 0
pergolas 1 0
reminding 25 0
eobachtung 16 0
married 367 0
disburse 1 0
overthrows 2 0
rchipel 1 0
udaeus 3 0
rospect 24 0
diffusd 1 0
marries 10 0
diffuse 14 0
ratsam 2 0
split 58 0
embalming 1 0
sardonic 5 0
banqueting 2 0
bebauten 3 0
outlived 9 0
different 1986 0
bebautes 1 0
heftigem 1 0
absurdities 16 0
npeopled 1 0
apreae 3 0
entzweigeteilt 1 0
heftigen 26 0
reproving 3 0
heftiges 3 0
heftiger 25 0
neives 3 0
ivinatione 1 0
workd 1 0
worke 12 0
superabundance 11 0
olster 12 0
ufficed 1 0
overthrown 27 0
cossack 1 0
aggageers 99 0
bermuts 1 0
pedibus 2 0
urgess 3 0
weeding 3 0
herbarium 6 0
ccasions 32 0
astounding 21 0
bartlose 1 0
bdruck 6 0
onaten 11 0
urgery 2 0
eheimschrift 1 0
crudeness 2 0
splitbottomed 1 0
bolts 32 0
helfe 4 0
earts 28 0
hergegeben 3 0
eradheit 2 0
harities 3 0
schwaermerischen 4 0
helft 3 0
schwaermerischer 2 0
earth 1250 0
pulse 29 0
descriptive 14 0
earte 1 0
inlassschranken 1 0
worin 157 0
dmiralty 9 0
ersehnten 1 0
ueberliefre 1 0
rahmins 11 0
pinafore 2 0
bangings 1 0
episode 22 0
mannikin 3 0
illumined 18 0
immelsgegenden 3 0
mitleidig 2 0
reunited 1 0
adjunct 2 0
exhibit 59 0
illumines 1 0
ndeth 1 0
sycophant 6 0
ablest 63 0
merchantable 9 0
ranched 1 0
kluegste 2 0
entferntesten 8 0
northwestern 2 0
clasped 50 0
obaipuris 1 0
rancher 1 0
affront 25 0
obstinacie 1 0
ranches 16 0
insiedel 1 0
bomos 1 0
aegeln 3 0
durchwuehlt 2 0
zusehr 1 0
uebersehen 19 0
zusehn 1 0
emeinschaft 8 0
detracts 2 0
surmounteth 1 0
hemet 1 0
hemes 2 0
conferences 12 0
istorical 63 0
zusehe 1 0
courtes 1 0
ausfuehrlichsten 1 0
liebhaben 4 0
itzgerald 1 0
courted 16 0
ugeln 7 0
prosaische 2 0
ildwerken 1 0
puirest 2 0
aegers 4 0
incorrupt 1 0
angingen 1 0
huegeligen 1 0
scalante 1 0
borstig 1 0
conjured 9 0
recognizable 6 0
elgrade 2 0
zusammengefesselt 1 0
cinquieme 1 0
ssocie 1 0
variant 4 0
atronenernst 1 0
cautioning 3 0
conjures 3 0
dynamic 3 0
conjurer 20 0
opingan 4 0
rivilegien 14 0
arraccische 1 0
inzendorfischen 1 0
shepherds 42 0
recklessness 5 0
insists 28 0
eeresufer 2 0
immelskugel 1 0
barmherzigen 1 0
wuerzen 1 0
agloehnern 1 0
eason 307 0
leadefship 1 0
tesselation 1 0
durchkreuzte 1 0
serrated 1 0
ausdehnte 3 0
ranslated 8 0
erleeedigen 1 0
untrueglicher 1 0
rheitert 1 0
courtin 4 0
nachgebend 1 0
smashin 1 0
aegern 2 0
untruegliches 1 0
blueness 1 0
restorations 3 0
orison 8 0
feedback 1 0
brither 1 0
nalogie 1 0
impetuosity 14 0
exhalations 21 0
leichheit 5 0
inclusive 13 0
regieret 4 0
scabies 3 0
hinaushebt 1 0
hintendrein 7 0
seventeen 66 0
ersagt 2 0
regieren 18 0
instaendigste 1 0
staves 13 0
gigantea 2 0
heokritou 1 0
uthertum 1 0
nimbleness 1 0
martinet 1 0
sudorifics 1 0
ruhighielte 1 0
uckerman 1 0
vorgeschriebene 1 0
bellerin 1 0
auffallender 4 0
dvances 2 0
hesitancy 1 0
bramble 10 0
eaconsfield 1 0
erkappung 1 0
maggior 1 0
rless 2 0
muessest 1 0
emoter 1 0
vorzuleuchten 1 0
malpractices 3 0
easel 3 0
elknap 2 0
adequate 66 0
hichever 5 0
preceesely 2 0
puled 1 0
bombs 5 0
gehaltner 1 0
abgelehnt 2 0
arufuto 8 0
dations 1 0
eased 19 0
bustle 24 0
nglaublich 2 0
buckskin 7 0
ortunes 14 0
ypochondrist 2 0
somnambulation 1 0
shredded 2 0
meisterhaft 3 0
appertaining 10 0
ugend 265 0
ugene 20 0
bendfliegen 1 0
schicklichste 1 0
staved 3 0
ugent 2 0
hindurchschimmerte 1 0
coales 6 0
harpoon 14 0
bomed 3 0
fufzgimal 3 0
hereinvexierst 1 0
olbach 5 0
gigantic 58 0
witzigste 1 0
guarding 22 0
eiratskontrakt 1 0
inclusion 1 0
ohlen 23 0
thalluses 1 0
ountless 1 0
idealizing 1 0
aibancho 2 0
oeflingen 1 0
xpenses 4 0
coreligionists 5 0
bustin 1 0
eases 2 0
manufactories 8 0
easen 1 0
tiefverborgnen 1 0
spoke 542 0
luctuation 1 0
ridentini 3 0
asserts 12 0
oetterbilds 1 0
approved 107 0
would 12923 0
illson 1 0
surmounting 4 0
aufgefuehrt 28 0
getraeumt 8 0
breadths 1 0
overeducated 1 0
ueberschauend 1 0
produit 1 0
heraufritt 1 0
tionne 1 0
backbite 2 0
toenet 1 0
toenen 2 0
nfriedmacher 1 0
eaves 36 0
eaver 7 0
osebud 1 0
woellts 3 0
eaven 237 0
anilla 67 0
wuerkte 2 0
ituationen 8 0
statistical 2 0
beschreiben 24 0
anchorite 3 0
anille 1 0
plush 4 0
gaits 2 0
irronio 1 0
approver 2 0
etrified 1 0
treffend 2 0
approves 7 0
ntdeckungen 2 0
evollmaechtigten 1 0
empoisoner 1 0
moires 1 0
irous 7 0
lockengiesser 1 0
begleitenden 1 0
praiseth 1 0
esitz 85 0
lapping 6 0
pologie 5 0
unreasoning 6 0
zusprach 1 0
pouted 5 0
riefschaften 3 0
rivetted 2 0
ufstellung 1 0
bandana 3 0
erribly 1 0
lvira 2 0
bedarfst 1 0
ngineers 1 0
oetterbilder 1 0
citharist 1 0
hnehin 1 0
lvire 1 0
staerksten 18 0
oerperliche 2 0
eaved 3 0
eformgeschichte 1 0
hastity 4 0
isitationszeit 1 0
disclaimers 120 0
chirkings 1 0
eselle 5 0
suffficient 1 0
dickens 1 0
spoil 42 0
racers 3 0
irori 7 0
errible 6 0
approval 65 0
egenflusses 1 0
uchstabens 2 0
breaksmen 1 0
pologia 2 0
appeareth 2 0
pfeilfoermigen 1 0
ejaculated 12 0
jects 1 0
beklatschte 1 0
severally 27 0
mekake 1 0
nermuedliche 1 0
gains 55 0
ejaculates 1 0
belongings 9 0
dermalen 1 0
hasting 1 0
experiment 131 0
docks 4 0
illakha 1 0
fierce 113 0
gaind 12 0
unbehaglich 5 0
gaine 2 0
steerer 2 0
tephen 42 0
esire 62 0
leeeben 1 0
steered 10 0
heory 4 0
orkehrung 1 0
eibesgestalt 1 0
caitives 2 0
riseis 2 0
spots 51 0
flagstaff 2 0
athseba 1 0
spott 1 0
matted 34 0
icroscope 1 0
enlightenment 12 0
gaily 26 0
ignalen 1 0
predestiny 1 0
respectively 34 0
rotector 9 0
tetches 1 0
irony 25 0
matter 1404 0
yistiddy 10 0
bandage 9 0
enschenleben 4 0
caterpillar 6 0
jobbers 3 0
ionischen 3 0
producd 3 0
conjunction 42 0
ruces 1 0
esiod 17 0
fracknes 1 0
irons 16 0
jobbery 3 0
spout 10 0
nnigkeit 6 0
tioned 1 0
product 32 0
quat 1 0
heoph 1 0
quam 7 0
quap 1 0
heruntergelaufen 1 0
quay 19 0
andsleute 6 0
echsel 9 0
produce 1405 0
quaw 1 0
zuredet 1 0
quad 6 0
qual 12 0
loadeder 1 0
quak 1 0
heops 8 0
ichaels 1 0
quae 13 0
ueberstrahlen 1 0
benennt 2 0
durchgluehte 2 0
lengthe 1 0
spook 4 0
illetten 1 0
roughed 1 0
gemaessen 3 0
blitzschnellen 1 0
governess 17 0
temzuge 3 0
ueberwachsen 2 0
ruckt 1 0
piegelzimmer 1 0
spoon 31 0
pliant 6 0
spoor 3 0
descensum 1 0
cliques 2 0
tephan 1 0
esims 4 0
rucke 1 0
differs 34 0
erzwingen 1 0
losbraust 1 0
esina 1 0
yconius 1 0
ierueber 6 0
ermaehlung 4 0
roughen 1 0
esind 1 0
unmerry 1 0
hinriechen 1 0
rougher 7 0
governeth 1 0
geholfen 10 0
praechtige 7 0
iroka 1 0
seaports 2 0
hastily 150 0
prosings 1 0
iesengrund 1 0
tional 1 0
wound 163 0
overmastering 1 0
allzugross 1 0
detrimental 8 0
traeten 1 0
knavish 6 0
ppeared 2 0
quer 11 0
ques 1 0
laehmten 1 0
lengthy 6 0
irois 1 0
gander 2 0
gemaesser 1 0
rucht 25 0
dispiteous 4 0
lengths 19 0
acicular 1 0
ssoile 1 0
quem 5 0
foment 5 0
unstrichter 2 0
ialectic 1 0
ioloncello 1 0
quei 1 0
sport 89 0
quel 3 0
lingered 49 0
sichere 5 0
erodicus 3 0
tiften 1 0
lieutenant 24 0
aenaden 3 0
ommandment 4 0
quib 1 0
quia 2 0
quid 12 0
rivalries 3 0
tumban 1 0
tiftes 1 0
tifter 2 0
euvres 4 0
remittance 4 0
pardoning 4 0
ochida 1 0
eviews 1 0
forsook 15 0
rocefisso 1 0
opfschmuck 1 0
etires 3 0
akerii 3 0
ochiel 3 0
zuruecklernt 1 0
cartridge 1 0
ezauberten 1 0
bawled 4 0
bravado 6 0
throwed 1 0
reseated 1 0
collapsed 16 0
werggestalt 1 0
geaengstete 1 0
subtraction 3 0
throwen 2 0
lordings 7 0
steamers 21 0
proving 42 0
usfragerei 1 0
gyptians 57 0
promote 164 0
relentings 1 0
schaubaren 1 0
sonderbarste 7 0
thrower 1 0
etired 1 0
quiz 3 0
abichts 1 0
dodge 7 0
consolidate 1 0
verkennen 8 0
verkennet 2 0
irewards 1 0
nutzbare 2 0
risest 1 0
splendore 1 0
ettelsaecken 1 0
sichert 2 0
subtracting 1 0
riseth 5 0
ochigi 3 0
quit 146 0
quis 3 0
sichern 32 0
pluck 41 0
pologue 1 0
quin 2 0
quip 1 0
circulates 11 0
riseld 14 0
crudely 3 0
zertruemmern 1 0
oritur 1 0
circulated 56 0
traversed 31 0
zertruemmert 4 0
ravenous 5 0
genugsame 2 0
terblichen 12 0
alavera 1 0
nsichtbare 1 0
anresa 3 0
plantains 1 0
purveyance 17 0
ightful 1 0
district 125 0
unwished 1 0
insiedlers 1 0
hrfeige 5 0
quoi 1 0
robstueck 2 0
quod 11 0
weiblich 1 0
heckling 1 0
alleweil 1 0
unumgaenglich 1 0
grocer 15 0
lichte 3 0
zogt 1 0
akeres 1 0
ndian 323 0
convention 30 0
lichts 2 0
ischfang 1 0
traverses 3 0
zogn 1 0
kindlichen 4 0
sugarusaka 1 0
askeraden 1 0
impairts 2 0
pologys 1 0
plugs 2 0
ausgetreten 3 0
plump 16 0
uoncompagni 3 0
abfaellt 2 0
plums 4 0
plume 8 0
uebermorgn 1 0
ausbitten 1 0
plumb 8 0
xplicit 9 0
hepen 1 0
whoever 75 0
unbosomed 1 0
fountains 27 0
gestutzt 2 0
ntscheidungen 1 0
taxable 5 0
altroemische 1 0
elemachus 6 0
minutae 1 0
plung 1 0
provide 271 0
eulogiums 1 0
quos 3 0
auszuueben 8 0
termorrer 4 0
inhumanity 17 0
uerkensaebel 1 0
ewsletter 6 0
akewell 1 0
estimmung 31 0
wholesale 39 0
scuppers 2 0
cowardliness 1 0
luxemburgs 1 0
tumble 19 0
ndies 149 0
splendours 7 0
ndien 8 0
initial 7 0
calomel 3 0
leinstes 1 0
leinsten 1 0
calves 14 0
pastimes 7 0
iderspruechen 1 0
interests 365 0
erblich 2 0
ambours 2 0
eviere 1 0
lefanten 2 0
zone 8 0
amiably 3 0
suavely 1 0
heraufkommt 1 0
lienation 2 0
meddlers 2 0
hether 223 0
riseur 1 0
nachsuchte 1 0
amiable 139 0
minutes 366 0
ndigo 1 0
echste 3 0
minuter 1 0
chuelers 2 0
ndige 1 0
chuelern 6 0
bawlin 1 0
uichard 2 0
anliegen 1 0
crudest 2 0
ansensius 1 0
proclaims 10 0
mitgespielt 2 0
overruled 13 0
lmost 64 0
schlangenfoermig 1 0
oosevelt 857 0
lavour 1 0
herunterbringt 1 0
gefertiget 2 0
affirmed 37 0
kenning 1 0
sacredly 4 0
neighbourhoods 2 0
peanner 1 0
rfolgs 2 0
silversmiths 3 0
antigrapso 1 0
amilienszene 1 0
tacitly 8 0
rfolge 1 0
splendour 60 0
sychiques 9 0
einstellten 1 0
schreckt 1 0
booby 1 0
zurechtputzte 1 0
nsinuation 8 0
snowdrifts 1 0
coincidently 1 0
itbuergerin 1 0
zweifeln 14 0
issionary 11 0
oellenangst 1 0
ohnny 16 0
zweifelt 1 0
entwirrte 1 0
declivity 8 0
ulzers 4 0
shopmen 2 0
wegraeumend 1 0
vorahndend 1 0
mormal 1 0
phrygischer 1 0
swarmed 25 0
eignem 11 0
sequoia 1 0
eignen 72 0
eignes 28 0
swarmen 1 0
eigner 20 0
onfinement 4 0
eignet 2 0
antalon 2 0
transpontine 1 0
editerranean 51 0
zweifele 1 0
engrossers 4 0
gejammert 2 0
weimarischen 1 0
ufregung 1 0
intitled 15 0
uhbette 2 0
loster 37 0
boody 1 0
losten 2 0
vollsten 2 0
asenbluten 1 0
vorfielen 1 0
egociator 2 0
dramatized 1 0
ughan 1 0
einrich 10 0
latonic 17 0
monastic 11 0
retailer 14 0
adjoining 65 0
enster 139 0
unwillingness 13 0
nsinuating 1 0
verabredet 5 0
betaeubt 9 0
retrograde 3 0
houlders 4 0
retailed 2 0
freckle 1 0
herausgegangen 2 0
gaeing 2 0
punka 1 0
slobbering 1 0
odellieren 1 0
entweihten 1 0
verweilen 25 0
stocking 12 0
aleakala 1 0
weifelnden 1 0
intellec 2 0
administring 1 0
lichen 6 0
evigne 1 0
bandbox 2 0
orgebirg 2 0
swarmin 1 0
houldest 1 0
avancieren 1 0
entging 5 0
fortitude 57 0
uckleberries 1 0
scenting 4 0
hente 2 0
strengem 1 0
strengen 14 0
ausnehmend 1 0
pretentious 3 0
intitles 2 0
impulsively 7 0
strenges 4 0
strenger 10 0
bidden 14 0
needles 47 0
dispensed 19 0
erlangt 9 0
bidder 6 0
ondered 1 0
dispenser 4 0
dispenses 5 0
bidded 1 0
busily 56 0
erlange 3 0
urnkeys 1 0
energetically 11 0
roedelware 1 0
abode 82 0
permission 185 0
squirearchy 1 0
ueppigen 5 0
schwitzen 1 0
shinning 1 0
unconditionally 4 0
autremite 1 0
durchwuerkt 1 0
tallies 5 0
beiseite 29 0
engendered 18 0
pityful 1 0
atastrophe 8 0
hergebracht 4 0
cupbearers 1 0
jambischen 1 0
division 163 0
unbefangene 1 0
impaired 23 0
ruben 3 0
upholding 11 0
groundlessly 1 0
scabbit 2 0
thochtless 3 0
printer 18 0
punts 1 0
printen 1 0
aepstliche 2 0
printed 175 0
toerten 1 0
choolmen 4 0
realities 30 0
zurueckgewiesen 2 0
verarbeitet 1 0
leidige 4 0
erannoetigung 1 0
wohlgekleidet 1 0
nlivened 1 0
mention 368 0
advocated 26 0
hantasiebilder 1 0
aburnum 1 0
rschrocken 1 0
henon 4 0
verarbeiten 5 0
ilbersphaere 1 0
zugepflastert 1 0
vorteilhaft 8 0
kivver 1 0
contemplated 43 0
henne 3 0
ebensfreude 3 0
asserfaeden 1 0
advocates 29 0
rotective 4 0
disfigurement 2 0
carriole 1 0
cribbling 3 0
henna 2 0
reforms 44 0
nfringers 1 0
seinige 13 0
boxroom 1 0
reforma 1 0
contemplates 4 0
reforme 6 0
bonum 1 0
jedermanns 1 0
gestreckten 1 0
predestining 1 0
shopman 1 0
honeysuckle 5 0
okinnen 1 0
twistings 1 0
nderstand 4 0
durchfaehrt 2 0
spurres 2 0
moisty 2 0
luechtig 1 0
echtes 3 0
huhite 1 0
spurred 10 0
ausgetobt 1 0
gutherzig 1 0
busied 24 0
echter 3 0
trigel 2 0
unaccustomed 11 0
ekanntschaft 63 0
echten 37 0
echtem 2 0
wegnehme 1 0
irnis 1 0
verwerfen 1 0
nderes 1 0
nderer 2 0
verlassnes 1 0
busies 1 0
everlastingly 5 0
millionaire 12 0
busier 2 0
pflanzte 4 0
carceration 1 0
animas 1 0
senseless 22 0
lasphemer 1 0
halcedonian 2 0
orrows 3 0
circularly 1 0
unenvied 1 0
unheal 1 0
eingewickelter 1 0
ughes 38 0
knittin 2 0
overshake 2 0
dispensieren 1 0
lentiful 5 0
structure 87 0
chough 1 0
ergebnern 1 0
geschlossen 32 0
authentic 35 0
enschlich 1 0
lasphemed 1 0
prommus 5 0
stacking 3 0
einritt 1 0
about 5682 0
traeume 5 0
branching 4 0
abour 95 0
atcht 1 0
unfaithfulness 3 0
vertikalen 3 0
above 1747 0
orrour 1 0
wuerken 3 0
traeumt 6 0
wuerket 1 0
liegenblieb 1 0
eauty 47 0
praesentiere 1 0
eauto 1 0
boote 1 0
enmassed 1 0
aulschellen 1 0
booth 2 0
istening 2 0
praesentiert 3 0
outheastern 1 0
animam 2 0
rotection 64 0
animal 419 0
boost 4 0
onsist 4 0
emophilus 1 0
edriaci 1 0
ermaehlten 1 0
evitentur 1 0
ozano 3 0
orrors 5 0
discomposure 9 0
omparatively 1 0
entwirren 2 0
krankes 1 0
kranker 1 0
kranken 7 0
augment 43 0
outnumber 2 0
boots 106 0
booty 10 0
affluents 9 0
liquidation 1 0
rreichung 1 0
esign 118 0
hinunterwirft 1 0
subverts 1 0
quitane 1 0
hreescore 1 0
ueberredete 4 0
roughte 1 0
irkenreiser 1 0
demgemaess 1 0
irregefahren 1 0
suffering 243 0
chronology 7 0
eclectic 1 0
essbude 1 0
roughly 41 0
uranfaenglichen 1 0
esieh 1 0
achfahr 1 0
zurueckkamen 1 0
unappreciated 1 0
einschlaeferte 1 0
athers 86 0
abors 1 0
einfasst 2 0
tribulatioun 1 0
apitaine 1 0
monkeys 14 0
imageries 1 0
predestination 7 0
systematical 4 0
neglectedly 1 0
verderbende 1 0
ezauberung 10 0
vegetable 121 0
ozart 2 0
transcrib 1 0
ausgenommen 13 0
entzueckende 1 0
abortives 1 0
muesstet 2 0
lossom 7 0
apprehends 8 0
muessten 30 0
prologue 34 0
daddies 1 0
litzen 2 0
aboth 1 0
onscientiarians 1 0
heocr 3 0
indisches 1 0
moonelight 1 0
aking 39 0
usgewanderten 8 0
uebereingekommen 1 0
eside 28 0
aguilten 1 0
achdruck 4 0
battailes 2 0
booke 2 0
parallelogram 2 0
erkaltet 2 0
erkalten 3 0
tueckzahlung 1 0
ldefonso 2 0
abomi 1 0
shillings 401 0
grobes 1 0
religioesen 3 0
elevator 6 0
groben 8 0
iechbette 1 0
religioeser 1 0
rojects 3 0
eschylus 13 0
neuralgia 1 0
toward 495 0
atharine 17 0
books 709 0
marigold 2 0
coruscations 2 0
atharina 2 0
tribulations 4 0
tongue 268 0
gangrened 1 0
aboon 8 0
laiming 1 0
unhewn 1 0
punch 14 0
erneuertes 1 0
uehrenderes 1 0
unterschreibt 1 0
ongress 613 0
supereminet 1 0
ohnen 12 0
athews 1 0
eltall 2 0
aboot 37 0
auslachen 1 0
installation 4 0
piegel 38 0
federal 52 0
fieldfare 2 0
pewter 7 0
biddin 2 0
include 56 0
erneuerten 2 0
betokened 9 0
dankbar 36 0
pretentions 2 0
eaune 7 0
ermesse 1 0
ohnes 12 0
ceilings 12 0
ohner 6 0
truegliche 1 0
andelsgeschaeften 2 0
booms 3 0
auptkapital 1 0
ozawa 3 0
egatees 1 0
verschneiten 1 0
morsels 4 0
verstiegen 1 0
fortzumodellieren 1 0
sweven 9 0
nforced 1 0
barbarians 24 0
divorces 2 0
herculean 3 0
churlishness 1 0
zuschanden 1 0
usulman 1 0
divorced 11 0
cortex 1 0
vorzulesen 3 0
omparisons 3 0
onditions 16 0
ineaments 1 0
aisermuenzen 1 0
venting 3 0
ehlaut 1 0
retenders 3 0
fannenflicker 1 0
tendons 2 0
zuschreit 1 0
jowled 1 0
schaukelnder 1 0
aussprach 6 0
chignon 3 0
awcett 1 0
egenmantel 1 0
mayoralty 2 0
ongreve 63 0
sludge 13 0
gaiters 5 0
thereagainst 1 0
assistant 40 0
jammern 3 0
miswritten 1 0
unbewunden 1 0
hurtleth 1 0
antalus 3 0
meschance 1 0
yadoyas 20 0
electioneerers 1 0
hurtlest 1 0
iederlichkeit 1 0
matron 24 0
jammert 3 0
losgeworden 1 0
reversion 6 0
abstammend 1 0
gelenkigsten 1 0
thimble 5 0
firebrand 3 0
herae 1 0
rueck 2 0
lossac 2 0
ndependance 1 0
ueberfloss 1 0
racchi 3 0
herab 41 0
entwickeln 36 0
ensues 5 0
entwickelt 17 0
merchant 235 0
fancying 12 0
intermitted 2 0
bronze 65 0
jetzige 7 0
gewacht 1 0
ensued 24 0
raccio 2 0
ruebe 1 0
abzulegen 2 0
returns 135 0
glimmers 2 0
flailing 4 0
abstreiten 1 0
elevates 3 0
returne 3 0
returnd 16 0
jeers 5 0
admonishing 2 0
elevated 49 0
sweetnesse 1 0
discriminations 1 0
niederstreckte 1 0
einflussreiche 1 0
flimsy 11 0
weggegaukelt 1 0
ungebahnten 1 0
ungebahntem 1 0
glimmerig 1 0
mechanics 31 0
asloechern 1 0
ebdome 2 0
schauenden 1 0
emselves 2 0
unremittent 1 0
retractationem 1 0
ueberschuetten 1 0
aschgrauem 1 0
ueberschuettet 1 0
decorates 1 0
teetotallers 2 0
steeply 3 0
ruehe 5 0
erquicklich 4 0
unhesitatingly 10 0
mstaendlichkeit 4 0
aufschliesst 2 0
repetition 29 0
nment 1 0
crateriform 3 0
impossibilities 1 0
premeditation 3 0
religionist 1 0
imploringly 9 0
steeple 8 0
nsprueche 18 0
tudent 6 0
discrimination 11 0
doeth 1 0
ruege 3 0
doesn 87 0
xhausted 2 0
exquisite 119 0
bores 5 0
gormandizer 1 0
evergreen 10 0
hussars 1 0
rueft 1 0
tioles 1 0
doest 2 0
sobbing 21 0
borel 6 0
boren 3 0
matrem 2 0
discriminating 9 0
bored 24 0
schraichin 1 0
statuary 5 0
premeditating 1 0
btained 3 0
inckes 1 0
uenket 1 0
abrik 4 0
responsible 87 0
uenkel 6 0
abris 2 0
etitum 1 0
atsumae 2 0
rurality 1 0
egabten 1 0
errichtet 8 0
errichten 4 0
borgt 2 0
denominated 22 0
mtmann 15 0
niedergekommen 2 0
ueberlieferten 1 0
nzufriedenheit 3 0
ueberliefertes 1 0
mularter 1 0
copyright 482 0
slaught 1 0
icaenetus 2 0
grievously 23 0
cronched 1 0
unholden 1 0
aerzten 1 0
borax 1 0
halbgrauen 1 0
sisterin 1 0
hinstrebte 1 0
nnexation 1 0
evolveth 1 0
gwineter 80 0
glazing 1 0
rientnals 1 0
lauschen 1 0
industriously 16 0
abwiegt 1 0
doers 4 0
mornin 56 0
morality 138 0
ausersinnt 1 0
garnard 1 0
eichentuch 2 0
concierge 11 0
yokes 2 0
abrey 9 0
breshheap 1 0
utochthonen 1 0
kriechende 1 0
bushel 51 0
ekhousa 1 0
lossary 2 0
summiert 1 0
bushes 122 0
lasgerion 3 0
bendgewuehls 1 0
invalueable 6 0
praisings 1 0
aufzuwaschen 1 0
ichaelistag 1 0
winnowed 4 0
sidling 1 0
losses 45 0
facheux 1 0
decorated 41 0
lossen 1 0
faggot 1 0
metalab 4 0
dumpfigen 1 0
steeper 3 0
familiarized 3 0
yoked 5 0
moralist 3 0
beduenkt 1 0
finned 1 0
ochaltar 3 0
headmasters 1 0
eerinsekten 1 0
steeped 15 0
allonga 2 0
finnes 1 0
atern 1 0
ischerwohnungen 1 0
ruene 1 0
darzubringen 1 0
atera 1 0
chuelerin 5 0
werfend 1 0
gefangenhielten 1 0
liessest 3 0
sisterly 9 0
ohrab 1 0
abral 1 0
dictate 32 0
insipid 14 0
heilbringenden 1 0
aters 139 0
manifest 105 0
beisammenstehen 1 0
halkes 1 0
lilacs 1 0
orshrunk 1 0
aufgehaeuft 4 0
choten 3 0
glimmered 9 0
evolvers 1 0
kiled 1 0
manierenreichen 1 0
vertiefte 2 0
achsfackeln 2 0
wessen 5 0
nschauung 8 0
ometime 6 0
securities 17 0
aufbinden 2 0
bullocks 8 0
dankend 1 0
apenbroeck 1 0
hastiness 2 0
flinch 6 0
eflections 32 0
ingreifen 2 0
nfailing 1 0
reineren 1 0
brooks 9 0
gemman 1 0
estraint 7 0
gangai 1 0
reineres 3 0
uchenbaeckers 1 0
schlaefrig 2 0
deserved 91 0
brooke 5 0
trifft 22 0
ueckgefuehrt 1 0
vergessende 1 0
rallied 13 0
contemptus 1 0
idneys 1 0
interwelt 1 0
unsoiled 2 0
elthaendeln 2 0
advertisement 28 0
disinherit 2 0
cyprus 1 0
mechanism 11 0
corset 5 0
heron 6 0
aithazar 1 0
etitia 2 0
fidgetty 1 0
iberrepublik 1 0
daunder 2 0
brooms 3 0
auptkirchen 3 0
knitted 8 0
quibbles 4 0
strictures 4 0
mpfindlichkeit 14 0
supporter 15 0
stayed 76 0
glaetten 1 0
swerve 8 0
abovementioned 2 0
vergessenen 1 0
supported 286 0
rische 1 0
ithouten 4 0
abnormally 3 0
culminating 3 0
iedereinsetzung 2 0
lauschte 7 0
mphasis 2 0
research 25 0
sophomore 1 0
halbabgeschiedner 1 0
brambles 11 0
juengste 16 0
geschoben 8 0
lternburg 1 0
amateurs 5 0
eingeteilt 4 0
gekraust 1 0
harrowers 1 0
ordovan 1 0
draggled 1 0
alamity 6 0
flings 8 0
sisteren 1 0
drueckend 3 0
panesperon 1 0
gangen 3 0
engrossing 19 0
irrig 4 0
zugewoelbt 1 0
verweilte 11 0
trifle 76 0
beheaded 6 0
ganged 1 0
deliverd 42 0
ketching 1 0
perfume 23 0
putteth 3 0
gargoyle 1 0
oldiers 73 0
gales 12 0
oldiery 3 0
delivery 12 0
alerkunst 1 0
eulogists 6 0
battled 7 0
klatscht 1 0
urchspielet 1 0
appertained 1 0
possessors 16 0
raurigen 2 0
battles 69 0
delivers 8 0
doffs 1 0
aetulicus 1 0
bewitchingly 1 0
butterflies 13 0
kleineren 4 0
obscene 6 0
broods 5 0
lginbrod 38 0
stockman 1 0
uebergingen 3 0
licentiously 2 0
vaterlaendische 3 0
wimmeln 3 0
mildesten 1 0
scalpings 1 0
heris 1 0
herif 4 0
wimmelt 1 0
brooch 16 0
omprehended 1 0
durchstreiften 1 0
irret 2 0
halcyons 5 0
belligerently 1 0
anzugehoeren 2 0
fagged 5 0
gluecklicheres 2 0
irren 26 0
verlangend 4 0
avonarola 6 0
proudness 2 0
nsurance 11 0
iddlestick 3 0
aemmerlichkeiten 1 0
kleineres 1 0
hisper 1 0
ebensowohl 1 0
omnenus 1 0
idelia 1 0
direct 404 0
districts 75 0
wunderlichsten 9 0
anstrengenden 1 0
housekeeper 34 0
pindel 1 0
vorzudringen 3 0
confuse 7 0
vernehmet 1 0
borry 1 0
chiselling 1 0
herabgeschoben 1 0
vernehmen 45 0
hippensburg 1 0
haudin 2 0
spectabiles 1 0
lowings 1 0
nheriting 2 0
weislichen 1 0
sunbeams 21 0
glassware 2 0
missverstandener 2 0
etreide 3 0
hakspearean 1 0
esley 10 0
iebhabereien 4 0
hallucinatory 2 0
stallions 7 0
serang 4 0
uncouple 1 0
ternzeichen 1 0
nachgeholfen 2 0
erzierungen 1 0
egensatz 5 0
herds 55 0
aufmerksamen 3 0
aufmerksamer 9 0
lastage 1 0
phrontidas 1 0
engerer 1 0
fernglaenzend 1 0
aniily 1 0
astabat 1 0
vertrading 1 0
aufgefunden 1 0
borne 205 0
hrwuerdigkeit 1 0
fightings 3 0
grollte 1 0
ittwochs 1 0
irrah 3 0
seraph 1 0
schismatics 1 0
herde 2 0
ticular 2 0
movings 1 0
chosse 11 0
deserves 72 0
eschauers 1 0
impassability 2 0
rbitrator 1 0
confessions 10 0
roundish 1 0
herbs 28 0
farcical 3 0
herausgaben 1 0
eauchamp 1 0
unashamed 3 0
elopements 1 0
affirms 5 0
heran 42 0
leichsam 1 0
herbe 3 0
affirmd 2 0
affirme 1 0
euchtigkeit 9 0
nattractive 1 0
herba 1 0
ompuserve 11 0
disproportionate 4 0
flutterest 1 0
uftroesle 1 0
ungernder 1 0
proveth 7 0
northeastern 2 0
decencies 3 0
woelltst 1 0
schrillte 1 0
sternely 1 0
vernachlaessiget 2 0
vernachlaessigen 7 0
puppi 1 0
urging 32 0
eleager 85 0
empowering 2 0
lonelier 4 0
andraengt 1 0
puppy 10 0
ntelope 9 0
submissions 2 0
aufgetragenen 1 0
competitive 9 0
wovon 98 0
liegengeblieben 1 0
technisch 1 0
direkt 2 0
yistdiddy 1 0
latchkey 1 0
hereingefahren 1 0
tenaciously 5 0
ministered 3 0
usammenhange 8 0
relinquish 16 0
ironclads 1 0
schreckhaften 2 0
ngines 5 0
chiefkoepfe 1 0
digestives 1 0
beruehmt 12 0
streekit 2 0
violettlich 1 0
chutzheilige 1 0
ausakademie 1 0
rounding 5 0
ufsatze 2 0
esatzung 2 0
emissary 9 0
gedreht 3 0
hinstreckt 1 0
urlington 5 0
nunmehr 98 0
horing 2 0
parchment 38 0
accountes 1 0
gewichen 1 0
commissioned 17 0
eschmacks 10 0
indheit 17 0
ruder 142 0
gingham 3 0
accounted 80 0
inclin 11 0
oncilabulum 1 0
urueckgelassenen 1 0
commissioner 16 0
troopers 12 0
xtinction 2 0
hiltern 1 0
ruddy 25 0
comestible 1 0
olander 2 0
reineste 1 0
confute 2 0
ustina 2 0
wohlhaebig 1 0
divinities 11 0
ustine 1 0
forborne 3 0
delstein 2 0
hinkomme 2 0
ighteen 7 0
customhouse 3 0
geaengstigt 7 0
talismans 5 0
overeign 41 0
girrendes 1 0
etrodorus 1 0
erbudda 1 0
proverb 57 0
beruehrt 14 0
niedergelassenen 1 0
erlassen 6 0
achination 1 0
wunderschoen 2 0
eschmacke 3 0
aufrichten 5 0
eckenham 2 0
eichesten 1 0
gewichtig 1 0
auptgesims 1 0
euaggeliou 1 0
aufrichtet 1 0
getrachtet 3 0
schweiften 1 0
intrench 2 0
eutschlands 1 0
practice 379 0
practicd 2 0
congress 53 0
interfused 3 0
greetin 3 0
ausgefuettert 1 0
dressings 1 0
loeffelt 1 0
gangbarsten 1 0
despoiling 1 0
gesellschaftliche 1 0
agiographical 1 0
geraeumig 1 0
aperient 1 0
belebend 2 0
kovbrug 1 0
audiamus 1 0
geraeuchtes 1 0
brellas 1 0
ueckling 3 0
anruehrte 1 0
inlets 4 0
unfzigen 2 0
moneymaking 1 0
solicitude 34 0
enquere 3 0
derjenige 29 0
rudge 1 0
ftercast 2 0
quaintence 1 0
enfolded 1 0
alloons 1 0
herumschweifenden 1 0
aufrichtig 18 0
porringer 1 0
gramercy 1 0
entscheidende 2 0
seriousness 24 0
direst 4 0
ennsylvania 220 0
unbekuemmert 5 0
loucestershire 3 0
greeted 37 0
eihuelfe 8 0
triebn 1 0
acedonia 7 0
indruckes 1 0
askaskia 1 0
hristnacht 1 0
morose 14 0
enlivening 4 0
acrobius 5 0
choses 1 0
chosen 254 0
alberhobene 1 0
fidgeted 4 0
gemaestet 1 0
triebe 1 0
riapus 15 0
outbreaks 8 0
elegiacs 2 0
wovor 1 0
chemischen 1 0
ogenrand 1 0
ustiza 2 0
erlassne 2 0
gyptiers 1 0
herzusagen 3 0
awgivers 1 0
proposition 119 0
agedieb 1 0
andlungsweisen 1 0
affidavit 3 0
estored 2 0
herauszuwickeln 1 0
exulting 5 0
ightely 1 0
answereth 1 0
pusillanimity 5 0
umschaun 1 0
barrelled 14 0
belebest 1 0
multicoloured 1 0
erguenstigung 2 0
abtrat 3 0
encorporing 1 0
revetments 3 0
schraegen 1 0
auline 13 0
trieft 1 0
disqualified 5 0
ouverneurs 4 0
apologise 15 0
abspiegelte 1 0
aulina 3 0
ately 6 0
delightedly 3 0
einreihen 1 0
chauspielerin 6 0
vilainously 1 0
ckzimmer 2 0
lossagt 1 0
humbugs 1 0
furnishings 2 0
recreation 23 0
feilspiel 1 0
ancient 709 0
earsarge 1 0
unstzwecke 1 0
hastige 1 0
ominichin 2 0
absagen 2 0
apologist 4 0
erturned 1 0
spicken 1 0
atena 1 0
wester 1 0
octrinae 1 0
apprenticeship 27 0
atent 4 0
variety 227 0
hipwrack 1 0
vector 1 0
bservation 41 0
befrachten 1 0
estimmtes 3 0
inordinately 1 0
kunstmaessig 1 0
threatend 1 0
dealed 1 0
unststuecke 6 0
craziest 1 0
connected 243 0
nignity 1 0
dealer 45 0
elastic 28 0
muslins 5 0
indoostani 1 0
threatens 19 0
ertzian 1 0
lizabeth 737 0
aitenspiel 1 0
aromatics 1 0
juedisches 1 0
juedischem 1 0
juedischen 3 0
niedergesetzt 4 0
elations 47 0
ilicians 2 0
remorselessly 3 0
ausendfaeltig 1 0
futility 3 0
ensure 59 0
ewaechses 1 0
abgeschiedene 1 0
admixture 20 0
ewaechsen 1 0
ittagsessen 2 0
retarded 17 0
olbert 24 0
rkadia 1 0
ugine 1 0
ilbenmass 3 0
atein 3 0
vollstaendig 11 0
zerdrueckten 2 0
esenger 1 0
ragments 6 0
amoriciere 1 0
uebersetzt 6 0
ragmente 4 0
hrasymachus 60 0
pruechlein 1 0
triumphieren 2 0
eringapatam 1 0
hastier 1 0
rzeugung 1 0
gerutscht 2 0
aulish 2 0
octrines 8 0
jedes 89 0
premature 13 0
irchstuehle 1 0
jeder 325 0
jedem 147 0
eleagou 1 0
jeden 214 0
moralize 1 0
surrounds 23 0
bbruch 4 0
raditionalism 1 0
icquigny 1 0
exceedest 1 0
ustica 1 0
ustice 190 0
farrier 1 0
woven 46 0
competition 180 0
rabenschwarze 1 0
pupil 61 0
erails 1 0
practise 65 0
illsbro 3 0
heightening 6 0
rakelness 1 0
abrechnet 1 0
udsonius 1 0
jedge 1 0
leichtem 8 0
rueckenstock 1 0
leichtes 8 0
scroll 7 0
leichter 42 0
eyelash 3 0
leichten 34 0
harassing 5 0
haucer 391 0
sorgenfrei 1 0
anfragen 1 0
ueberleuchtete 1 0
ealanders 1 0
excepto 1 0
esitzungen 10 0
auszudruecken 27 0
lurked 10 0
rotreptika 4 0
aytime 1 0
liffords 1 0
elbows 22 0
sternest 5 0
crucifigi 2 0
apologize 11 0
bronco 1 0
haling 1 0
unified 1 0
ezeugungen 2 0
chinesischem 1 0
chorus 32 0
ugenzeuge 1 0
durchkreuzt 1 0
zweitenmale 2 0
categorical 2 0
avisson 2 0
negociations 1 0
uildings 28 0
schiefrige 1 0
zupresst 1 0
chauspielerei 1 0
daydreams 1 0
corral 8 0
haucht 2 0
upport 63 0
stoebert 1 0
oligista 1 0
shovelled 1 0
wohlerhalten 3 0
hakesperian 1 0
etroit 4 0
uppose 82 0
einleuchtet 1 0
morsche 1 0
crucified 2 0
uirinal 3 0
roheren 2 0
vorzeichnen 1 0
lowdownest 1 0
ramification 1 0
nhabitants 122 0
ateau 1 0
heulten 1 0
enezuelan 4 0
ngehemmt 1 0
undertakings 11 0
clutching 11 0
yashiki 2 0
vernachlaessigte 4 0
abrechnen 1 0
inclos 3 0
abensteine 1 0
loopholed 3 0
lumenstraeussen 1 0
herzlich 31 0
fishing 97 0
cuisine 3 0
disparts 1 0
ntschlusse 4 0
ineteenth 7 0
cookshops 1 0
perturbations 2 0
billigender 1 0
underwriter 2 0
sufferers 52 0
ruggy 2 0
verbrachten 1 0
atham 5 0
athal 1 0
eavourish 1 0
athan 6 0
randfathers 3 0
ttonement 1 0
erschreckend 1 0
pieler 1 0
seines 319 0
tragical 9 0
seiner 1040 0
pieles 1 0
seinet 2 0
pielen 11 0
seinen 831 0
brough 1 0
epanto 3 0
seinem 627 0
nverwandten 2 0
mpropriety 2 0
ansfeld 4 0
atchelors 2 0
aymaster 2 0
irtag 1 0
einforcement 6 0
hordes 4 0
xcellencys 11 0
epante 1 0
fagging 1 0
ancilla 1 0
haennus 1 0
flight 161 0
esuitergenerals 1 0
grafting 2 0
hinaufwaerts 9 0
ruges 7 0
isturbance 5 0
slothful 8 0
beschaute 2 0
ittelstandes 1 0
nglischen 2 0
rchangel 5 0
askenkleidern 1 0
headline 1 0
ngenders 1 0
ueberessenen 1 0
forecastles 1 0
suffereth 1 0
sufferest 1 0
eseidents 1 0
rajanische 2 0
frechen 2 0
frecher 2 0
rmenius 1 0
deaden 6 0
freches 1 0
echoes 22 0
elttische 1 0
angenehmern 2 0
sympa 1 0
angenehmers 2 0
llowed 1 0
angenehmere 4 0
angeschafft 6 0
echoed 36 0
igennuetzige 1 0
baldric 1 0
umfangen 4 0
gwunschen 1 0
arolinas 3 0
hallucination 15 0
andringlich 1 0
deadly 96 0
aladin 2 0
creaks 1 0
verflossen 4 0
bothe 45 0
erlasse 2 0
scrubbings 1 0
celato 1 0
cautus 1 0
cautum 1 0
nverwandtin 1 0
tudiosus 1 0
clerked 1 0
einklemmten 1 0
regniger 1 0
acchanals 1 0
cloath 1 0
agility 23 0
preserving 41 0
elpless 2 0
impune 2 0
outgoing 2 0
verknuepften 2 0
instrument 166 0
adjournd 7 0
starvation 10 0
uppliant 1 0
incian 1 0
mtmannes 1 0
vergnuegtesten 2 0
clerkes 43 0
djutanten 1 0
perform 170 0
knavery 4 0
eazle 1 0
rancais 4 0
schraenkt 2 0
ueberstroemet 2 0
biding 6 0
ivingston 10 0
upiters 10 0
rhapsodische 1 0
itadelle 1 0
assendi 1 0
hiteness 1 0
pliers 1 0
strainers 1 0
verdoppelten 2 0
verdoppelter 1 0
betrachteten 4 0
impertinent 52 0
boten 2 0
umherschwaermten 1 0
betrachtetet 1 0
verlangendes 1 0
uestenumschiffung 1 0
eazey 1 0
evidencing 1 0
draught 44 0
ochmut 4 0
schneeweisse 1 0
barrelful 1 0
gsagt 23 0
kinde 3 0
ffair 45 0
etinue 1 0
kinds 263 0
onderbares 2 0
onderbarer 2 0
schenkaestchen 1 0
auszuziehen 9 0
eschleppe 1 0
kinda 1 0
hautain 3 0
persecute 19 0
imperative 26 0
unbruised 1 0
herauszudenken 1 0
gamus 1 0
mittellaendische 1 0
followin 3 0
gamut 4 0
dediokotas 1 0
goblet 3 0
acholder 6 0
ziemlich 68 0
hacked 7 0
dissevered 6 0
charade 1 0
ueberfluss 11 0
flanzenmeer 1 0
ederwerk 1 0
onstance 89 0
gruenlich 1 0
farrhof 3 0
chastize 1 0
heatergarderobe 3 0
kings 115 0
anaelchen 1 0
botan 1 0
unmanned 1 0
impugn 1 0
mediumship 2 0
cloaks 16 0
escaladed 1 0
phylloxera 1 0
tadelnswert 1 0
kinge 14 0
invalidated 1 0
onstancy 9 0
pinsters 1 0
rising 299 0
chlacken 3 0
usammensetzungen 2 0
chlagbaum 1 0
oenkopi 7 0
goblin 6 0
hysterical 15 0
follower 12 0
putat 1 0
inkhorns 1 0
erformed 5 0
followed 757 0
heste 1 0
schuechterne 1 0
ekoula 1 0
icinius 1 0
velvet 56 0
chloroforming 1 0
hests 2 0
jeher 23 0
negleckin 2 0
meddling 21 0
lappern 2 0
nachfolgten 1 0
teakettle 3 0
illows 2 0
verwechseln 2 0
wornach 8 0
halbwachsener 1 0
reeting 4 0
violations 6 0
fiende 1 0
avorite 2 0
verboten 11 0
incing 1 0
kuylkill 2 0
oestreichischen 1 0
ueberstroemte 1 0
bravely 23 0
reality 288 0
hilister 3 0
fiends 7 0
tidewater 1 0
attallions 1 0
lournoy 5 0
realism 2 0
misgive 1 0
aufgefuellt 1 0
putrid 10 0
quacks 1 0
actuals 1 0
punktiert 2 0
solider 1 0
heaterschriftsteller 1 0
winkenden 1 0
huldigte 1 0
negligee 1 0
ndroscoggin 1 0
solidem 1 0
soliden 3 0
ceremonies 40 0
realise 29 0
irton 48 0
upfte 1 0
kreischendem 1 0
rmenier 1 0
usthain 1 0
amassing 13 0
xcellences 1 0
ypical 1 0
bravere 1 0
mitting 3 0
tumulatus 1 0
incite 7 0
cramping 3 0
subsidence 13 0
ncessant 1 0
ntscheid 1 0
realizd 1 0
schleichest 1 0
realize 54 0
kimmt 16 0
illages 6 0
particularises 1 0
ngrily 1 0
wunderkraeftige 1 0
blearing 2 0
dissuasion 2 0
sublunarischen 1 0
lcmena 4 0
athos 2 0
uckerbrotes 1 0
kimma 1 0
illaged 1 0
choenste 17 0
athom 1 0
athol 1 0
capillaire 1 0
ngrimm 1 0
uidebook 1 0
ceremonial 18 0
stehlender 1 0
mirrored 4 0
andsmaennin 1 0
bravest 20 0
assemblee 1 0
assembled 129 0
bandeau 1 0
ebildeten 3 0
trident 3 0
ompilation 1 0
assembles 2 0
pushd 1 0
hupften 1 0
mpartially 1 0
mercilessness 1 0
isrespect 3 0
quotation 15 0
absconded 5 0
bravery 19 0
chifflein 1 0
pincushion 2 0
striving 55 0
inpacken 7 0
stewing 2 0
ingerspitzen 1 0
assents 4 0
verzaubern 1 0
gangt 1 0
gangs 12 0
trooping 2 0
wanzigstes 1 0
swoopin 1 0
neutralises 1 0
ossessed 3 0
assente 2 0
heritage 24 0
jobbing 11 0
irtin 13 0
angeordnet 4 0
ouisville 20 0
unwilligen 2 0
lbrecht 6 0
irtie 1 0
impute 25 0
palmistry 2 0
gebracht 120 0
actuate 11 0
irths 6 0
tueckische 1 0
anzieht 3 0
horcht 4 0
oehlung 2 0
deserter 8 0
vansary 1 0
achbaren 1 0
ossesses 1 0
scabby 1 0
anziehn 1 0
ettstreite 2 0
piscine 1 0
siebenzehn 1 0
spiritualities 2 0
aldstroeme 1 0
hetis 5 0
organizes 1 0
eroelle 3 0
einzuverleiben 2 0
mummies 1 0
elsbrocken 2 0
eihrauch 3 0
organizer 1 0
organized 24 0
suddetto 1 0
eschaeftig 2 0
pusly 1 0
leiseres 1 0
impure 17 0
nonspiritualistic 1 0
raeuleins 1 0
tamboured 1 0
peevish 23 0
solidly 5 0
ythias 1 0
ythian 5 0
hacknied 2 0
swooped 3 0
extradited 1 0
zoegern 3 0
abzusetzen 1 0
eruesten 5 0
ather 361 0
upholders 1 0
zoegert 1 0
pessimistic 1 0
answering 88 0
eights 7 0
zurueckzukommen 5 0
unusualy 1 0
eckerbissen 4 0
eighty 109 0
inevitableness 1 0
spionieren 1 0
unstratified 1 0
irtes 3 0
irten 11 0
erherrlichet 1 0
envoyes 1 0
deserted 91 0
horche 2 0
essgewand 2 0
eclamation 2 0
composure 64 0
credentials 4 0
fidgets 1 0
schleichend 1 0
hilistus 1 0
liegenden 5 0
achbarin 12 0
nickschen 1 0
epitaphs 30 0
chuetzer 1 0
chuetzet 1 0
usthaus 2 0
ngriff 6 0
eighte 1 0
eighth 47 0
cribblers 3 0
minstrels 7 0
chuetzen 2 0
veluti 1 0
athis 2 0
governing 52 0
herausgeschlagen 2 0
iaet 8 0
eschaeften 21 0
physiologically 1 0
astrologers 6 0
celand 7 0
illory 1 0
odynerus 1 0
outweighs 3 0
fidgety 4 0
ickerings 1 0
unkenntlich 2 0
irrepressible 6 0
ueberlieferung 5 0
purus 1 0
exculpatory 1 0
rufet 2 0
rboukale 1 0
rufen 37 0
uglia 1 0
stimuli 1 0
beschwichtigendes 1 0
arabeln 3 0
eiphobus 8 0
kosteten 2 0
knowledge 879 0
choenres 2 0
bosky 2 0
oodenough 3 0
donkeys 16 0
surprizing 12 0
purty 1 0
harpooning 2 0
breadfruit 3 0
chemhamphoras 1 0
onscious 4 0
ulianus 3 0
bottle 76 0
elbitz 66 0
pursu 5 0
spiegelhellen 2 0
interweave 3 0
procured 95 0
pursy 2 0
saccharine 1 0
consisted 149 0
ortugal 167 0
hreadneedle 1 0
aubereien 2 0
misgied 1 0
roeserl 1 0
gesammelt 17 0
zugaenglicher 1 0
daunteth 1 0
glanzreichsten 1 0
ossessor 4 0
evices 5 0
seriem 1 0
herselven 1 0
dauntest 1 0
denuded 9 0
ovellen 2 0
series 177 0
umkehrend 1 0
umwickelte 1 0
procures 2 0
procurer 1 0
purse 66 0
einschraenken 4 0
erduldet 3 0
langsame 3 0
thickness 148 0
sympathise 16 0
pfuschen 1 0
fielst 1 0
monkish 9 0
ribible 2 0
sympathist 1 0
pardoners 2 0
beimessen 2 0
efreier 1 0
einrichtete 2 0
venerate 1 0
apostolic 18 0
ausnahmen 2 0
sightseeing 7 0
accompani 1 0
overburden 2 0
bewaessert 1 0
eltgeistliche 1 0
pardonere 3 0
ials 2 0
naufkriegst 1 0
accompany 93 0
perspicuous 5 0
emoire 9 0
erdulden 11 0
acquirable 2 0
einliess 2 0
habitaculum 1 0
apiece 10 0
emoirs 34 0
ilostrato 2 0
atrioten 1 0
sempstresses 1 0
prevenient 2 0
ermuedet 8 0
consistin 2 0
unverhohlen 1 0
ermueden 5 0
iang 2 0
erriere 2 0
gamekeeper 1 0
indissoluble 6 0
consistit 1 0
herzt 2 0
lterations 9 0
efreien 1 0
vertraeglich 1 0
ruffs 1 0
iant 8 0
achforschens 1 0
prettiest 19 0
ymnase 1 0
likened 9 0
oertchen 5 0
herzu 3 0
iana 42 0
hackenay 1 0
unloving 4 0
iane 6 0
verdriesslich 49 0
einredn 1 0
schoeneres 2 0
eronese 2 0
leiseste 1 0
paleontologist 1 0
indissolubly 4 0
distempers 3 0
grimmer 1 0
schoeneren 1 0
unshakenly 1 0
articularly 3 0
interwand 1 0
anzleihockereien 1 0
beeinflusst 1 0
asswage 1 0
reprieved 2 0
nebulosa 1 0
kamidana 1 0
unstgeist 1 0
athing 1 0
affinities 6 0
incius 2 0
statuesque 3 0
unartige 1 0
ewoehnlich 7 0
kimbo 2 0
onfidences 1 0
shamblingly 1 0
nerves 91 0
zusammengerollt 1 0
lampes 1 0
sylum 2 0
hurtling 1 0
intrepid 13 0
iedersehn 6 0
nerved 3 0
usfuehrlichste 1 0
sustinet 1 0
irrte 4 0
grimmigste 1 0
iart 1 0
favourite 205 0
iary 22 0
biedern 1 0
scruff 1 0
irrst 3 0
omputations 1 0
iard 1 0
soumission 1 0
thenais 2 0
herum 86 0
warrayed 1 0
arziss 30 0
sophist 5 0
entomologists 2 0
eoteros 1 0
towell 2 0
heruntergebrochen 1 0
warrayen 1 0
inviolate 11 0
abzuwaegen 1 0
brausenden 1 0
towels 14 0
verawed 1 0
absal 5 0
sophism 5 0
eingewickelt 2 0
placemen 2 0
erfallen 1 0
bkunft 4 0
sluice 2 0
aracallischen 1 0
omniscience 5 0
herte 1 0
transit 8 0
verstimmt 6 0
grimmig 12 0
hintenaufstehenden 1 0
racked 13 0
herts 3 0
huldigen 2 0
upfer 12 0
ochverrats 3 0
scrubs 1 0
ichtrische 1 0
handkerchiefs 9 0
blythe 1 0
esimsen 1 0
luring 2 0
quivering 28 0
racket 23 0
racken 26 0
herse 1 0
fundament 2 0
rotecters 1 0
alliances 16 0
verleugne 1 0
iremreh 1 0
artolome 1 0
durchdrangen 1 0
hothouse 1 0
nebulous 5 0
ohrzerreissendes 1 0
peinigen 3 0
wordsmanship 1 0
esquirehood 1 0
irror 1 0
herry 6 0
disheartens 1 0
curiosities 10 0
kuenstlichste 3 0
rmenian 2 0
andrinettens 1 0
taubwolke 1 0
ensterseite 1 0
hesse 1 0
harping 3 0
rueth 3 0
pured 2 0
thyrsus 1 0
idicule 11 0
sprad 2 0
etrocknet 1 0
puren 15 0
greener 4 0
nachsichtigen 1 0
schafften 1 0
unbesudelt 1 0
purer 17 0
ruess 5 0
gamou 1 0
metapsychics 2 0
zaertlichern 1 0
precentorship 1 0
spray 43 0
zaertlichere 1 0
rackin 3 0
eihungen 1 0
rejoicings 7 0
urgoin 2 0
kaolin 1 0
tamarisks 1 0
andgeschicklichkeit 1 0
aufspringenden 1 0
chastity 45 0
ladwin 1 0
invitingly 1 0
ascondere 1 0
professionalism 1 0
ragoedie 7 0
upert 2 0
phaere 3 0
collecting 55 0
treatham 4 0
inokiyama 1 0
perspective 9 0
subordiniert 1 0
halcis 1 0
undulates 1 0
andwerkslehrlingen 1 0
abtat 1 0
xporting 2 0
dogma 17 0
asiphae 1 0
undulated 1 0
ohrer 1 0
ettigkeit 1 0
encomiums 5 0
ohren 6 0
gehandhabt 1 0
weggeschwatzt 1 0
cudgels 5 0
gfallst 3 0
enstruum 1 0
meezles 5 0
dahinten 2 0
obligations 63 0
ebensregung 1 0
ohnmaechtig 4 0
stilltraurige 1 0
umsummen 1 0
dahinter 12 0
stockholders 1 0
beforehand 63 0
obsidian 4 0
collection 178 0
dogge 2 0
enschen 699 0
annheimer 2 0
neighebour 7 0
clangorous 1 0
kills 21 0
transpo 1 0
verbaerge 2 0
killn 1 0
barleie 1 0
purge 10 0
purgd 2 0
verschonte 1 0
emboldned 1 0
ustoms 32 0
towers 103 0
ohrin 3 0
schermittwoch 2 0
sophime 1 0
hintrete 2 0
pielerinnen 1 0
gamin 3 0
ixpence 3 0
offshoot 2 0
dederit 1 0
reverance 1 0
hilflosen 1 0
accented 6 0
oreknowledge 1 0
craytur 3 0
umbringen 8 0
chastisd 1 0
chastise 10 0
oleariam 1 0
aedchenzustande 1 0
artburg 4 0
ibby 2 0
aempfern 1 0
vicars 10 0
amester 1 0
kilns 1 0
verschont 4 0
vicary 1 0
ahekili 31 0
openhagen 7 0
degrees 289 0
rechtschaffnen 3 0
games 44 0
sprig 3 0
ibbs 3 0
gamey 1 0
gemein 15 0
vittles 17 0
hingehoert 1 0
uaelereien 1 0
hesis 1 0
sprit 2 0
risked 9 0
digestions 2 0
ibao 1 0
rholung 4 0
atriotic 1 0
distress 233 0
wathed 1 0
gelbbraun 1 0
donations 244 0
roppmann 3 0
apitaens 1 0
sheriff 29 0
attleship 4 0
uniform 93 0
erregten 18 0
causer 1 0
verlegener 1 0
conveyancing 1 0
runkeness 1 0
causes 367 0
causen 1 0
collective 36 0
doges 2 0
finger 170 0
sympathize 12 0
sieveful 1 0
ehrichts 1 0
artkopf 1 0
caused 242 0
verlegenen 2 0
injudiciously 1 0
fingen 29 0
gefuehllose 1 0
genitals 2 0
uglas 1 0
brotherhoods 2 0
reteba 1 0
evolving 1 0
ougeant 1 0
ochnie 1 0
noyous 1 0
ilvester 1 0
uebelsten 1 0
unkundig 4 0
echtsfrage 1 0
fourfold 1 0
egenpartei 4 0
spree 5 0
dilecto 1 0
reversals 1 0
disseverance 2 0
bottom 359 0
esmes 1 0
esmer 2 0
ustort 1 0
solicit 23 0
arthioly 1 0
ogengaengen 1 0
quiteth 1 0
fixture 2 0
nsensibility 2 0
ibel 7 0
irsch 11 0
praising 31 0
broths 1 0
iber 17 0
toerig 3 0
bosom 178 0
enagerie 1 0
caloric 1 0
ibid 2 0
disputing 12 0
foreside 1 0
membership 4 0
omniscients 1 0
network 11 0
osegay 2 0
rundgesetze 1 0
realisieren 1 0
kilts 1 0
wachende 1 0
causin 2 0
enslavd 4 0
hesef 1 0
morrer 1 0
enslave 34 0
leafage 6 0
conferring 13 0
understandeth 2 0
ndlos 1 0
charging 21 0
abbreche 1 0
rondeau 1 0
deafen 1 0
deafer 2 0
understandest 2 0
conferred 48 0
apitaele 3 0
juridical 1 0
aurigenus 1 0
overbearing 11 0
durchdraengt 1 0
orrupt 4 0
delphischen 7 0
servabit 1 0
eronica 1 0
improbable 91 0
ufpacken 1 0
artensen 1 0
appendix 15 0
drunkards 5 0
eronian 1 0
squirting 1 0
gaped 3 0
ettstellen 2 0
peusippus 1 0
improbably 4 0
elvetica 1 0
omfort 30 0
eurteilung 2 0
himmelfrohen 1 0
filthiness 3 0
nnocent 36 0
southern 111 0
wintered 2 0
aiserliche 8 0
ratzen 3 0
artfulness 1 0
lavier 11 0
onsort 2 0
treatise 63 0
hervorquellende 1 0
somnambulic 2 0
kraeftig 13 0
refflichkeiten 2 0
aabbath 1 0
ible 148 0
lobenswuerdige 1 0
uenstlers 11 0
uenstlern 20 0
esper 2 0
hervorstach 1 0
auctor 1 0
espen 2 0
unbeschadet 2 0
forefront 1 0
forttrug 3 0
steadier 3 0
steadied 8 0
acksonville 2 0
hinterliessest 1 0
harpers 4 0
upide 2 0
erprobt 1 0
ibot 1 0
languor 13 0
nachtsamkeit 2 0
shortage 1 0
ouvois 28 0
upids 1 0
onsole 2 0
chattenreiche 1 0
finish 101 0
morrow 314 0
upido 8 0
funkelte 1 0
psuain 1 0
ufaelle 8 0
objurgation 2 0
spute 3 0
christians 2 0
bestachen 2 0
etraying 2 0
finite 14 0
uctioneers 2 0
quaffs 1 0
kuendigt 1 0
waechst 22 0
reversely 3 0
abgewartet 2 0
njuries 10 0
funkelst 1 0
ruint 1 0
peacefully 17 0
ruins 115 0
hysiological 1 0
groans 13 0
smashing 5 0
ruine 1 0
ruind 1 0
disallowing 3 0
comprehensively 1 0
lavian 2 0
nmity 6 0
onsulting 1 0
onvulsionnaires 3 0
ulbegrud 1 0
appended 7 0
disqualification 8 0
zuck 1 0
yrakuser 1 0
incapable 176 0
casernier 1 0
nochenbau 1 0
corrupts 6 0
heval 1 0
kuemmerte 2 0
marmorne 6 0
oelkchen 6 0
villainous 12 0
foolscap 1 0
biblische 1 0
owdoin 10 0
groats 2 0
scalawag 1 0
aeusedreck 1 0
baronisierte 1 0
skelter 4 0
ibst 2 0
gestures 34 0
muscles 68 0
alabar 4 0
alabat 6 0
consumptive 3 0
iesenteppich 1 0
auslachte 1 0
waldichte 1 0
hinwegzusetzen 1 0
muscled 5 0
ruise 1 0
unstspiegel 2 0
pringerinnen 1 0
argosies 1 0
defects 52 0
ibra 3 0
carefulness 3 0
vieljaehrige 1 0
alvatoris 1 0
umenides 2 0
zuhi 1 0
erstorbenen 4 0
retain 110 0
woelfte 1 0
olynesians 2 0
erstorbenes 1 0
itronenblueten 1 0
retail 31 0
ahrhaftigkeit 1 0
steadily 113 0
obenswuerdiges 1 0
arburton 7 0
ntichrist 1 0
prayest 1 0
pontificate 7 0
infected 13 0
hineingeht 2 0
fragmentarisch 1 0
verstuenden 1 0
arrenness 5 0
blondes 1 0
blonder 1 0
future 603 0
banter 5 0
schlupften 1 0
blonden 7 0
hessalonians 1 0
erworrenheiten 2 0
workings 12 0
besaenftigten 1 0
plumbago 1 0
angewiesen 7 0
gradations 11 0
prayere 10 0
upils 1 0
avalier 12 0
efuehl 140 0
efuege 1 0
eskhatou 1 0
persectando 1 0
fruehzeitig 6 0
boven 4 0
thnologic 1 0
chtsamkeit 1 0
flimsey 2 0
prayers 115 0
aufzutrennen 1 0
nghilterra 1 0
auchfleisch 2 0
communicates 10 0
ubsoil 2 0
geschlagenen 1 0
ibya 2 0
ibye 1 0
gallicani 1 0
petitioned 11 0
gallicane 1 0
geschmiegt 1 0
behandelten 2 0
ustody 3 0
rschuettrung 1 0
ufruhr 7 0
retans 2 0
ustode 7 0
discriminately 1 0
ephestia 1 0
petitioner 3 0
ustodi 1 0
ueberrock 4 0
gekuesst 5 0
bantam 2 0
communicated 98 0
ruits 10 0
epitumbion 1 0
gujari 1 0
bricklayer 2 0
iadem 2 0
ochopa 10 0
erneuerte 10 0
treaties 34 0
predisposition 2 0
bocage 1 0
verkuerzten 1 0
saidest 2 0
erlaubt 48 0
krieg 1 0
erschreckt 14 0
onfounds 1 0
aultieren 2 0
chiffstransport 1 0
erlaube 2 0
rhoehungen 3 0
esindels 1 0
curdled 4 0
excrements 1 0
onscince 1 0
destructible 1 0
mpostures 1 0
automobile 66 0
nahrhafte 1 0
curdles 2 0
fluttering 28 0
heilende 1 0
aegyptisch 1 0
aufgetuermt 2 0
patience 157 0
stupified 4 0
geschlichen 4 0
pteruges 1 0
lavius 2 0
retard 14 0
complications 7 0
affinis 1 0
sonntaegige 1 0
delegates 59 0
bower 11 0
ilkworm 1 0
andarbeit 2 0
bowed 100 0
elvetius 1 0
rachen 5 0
ravening 1 0
rachel 2 0
tretches 2 0
balmily 1 0
serene 60 0
through 3420 0
uninhabitable 3 0
strength 574 0
gedient 7 0
anzueignen 1 0
orstellungs 1 0
rloff 1 0
gappe 1 0
demutvollen 1 0
gelbfaltiges 1 0
puttana 1 0
inlaid 20 0
delegated 12 0
rloes 2 0
unbalanced 3 0
virtuti 1 0
rachbegier 1 0
rophetenstadt 1 0
ackelschein 2 0
raetlich 6 0
receiuses 1 0
enschengeschlechts 3 0
uphra 573 0
enschengeschlechte 1 0
congressional 2 0
roundest 1 0
sollicit 4 0
verschweben 1 0
ndone 2 0
hinbaun 1 0
quenchless 3 0
swanhood 1 0
solicitous 16 0
unstabsichten 1 0
worthiest 8 0
indiscretion 9 0
scruples 30 0
sympathies 38 0
lavish 30 0
rounders 1 0
beetles 6 0
vielgeflickten 1 0
erschrecke 3 0
puttin 7 0
icah 1 0
estover 1 0
laceration 2 0
rachis 3 0
scrupled 6 0
ican 1 0
ceptional 1 0
etrappel 1 0
knechtische 1 0
icar 4 0
labyrinth 10 0
strengte 1 0
kiosk 1 0
erwandtschaft 7 0
assignments 1 0
uebernachten 6 0
gegoennt 10 0
iced 3 0
efamation 5 0
unremitting 10 0
ehemaliger 1 0
ebatten 3 0
wachenden 1 0
anxious 330 0
artistical 1 0
participating 2 0
morsel 34 0
yracusans 2 0
halfen 1 0
lacerating 1 0
creaking 15 0
humiliate 1 0
espot 7 0
uehseligkeit 2 0
impson 3 0
ubscribers 10 0
fetters 27 0
guillotine 4 0
orabet 1 0
icci 11 0
renunciations 2 0
uebrigbehalten 2 0
adjudge 1 0
beholes 1 0
nhoeren 1 0
benefitting 1 0
participation 29 0
abridgment 3 0
nlaessen 5 0
rnament 12 0
geklebt 3 0
beholde 1 0
odestag 1 0
hereinkriegn 1 0
rabella 1 0
arabere 1 0
wigwams 4 0
hexameters 6 0
beholds 10 0
aketen 1 0
llenbogen 4 0
klarsten 4 0
rutilis 1 0
lamour 8 0
severance 12 0
nectarine 1 0
messen 4 0
chauspieler 105 0
bscheidenden 1 0
besagten 1 0
garlands 28 0
rmites 1 0
verborgt 1 0
beautifully 66 0
ehemaligen 13 0
gepraegt 1 0
otteswerke 1 0
spurs 30 0
reprieve 3 0
erroeten 3 0
spurt 9 0
losloeste 1 0
ices 28 0
wandelbar 1 0
schaedlichen 2 0
accounts 159 0
spellings 1 0
detritus 1 0
spurn 8 0
schaedlicher 1 0
methodisch 1 0
forearms 2 0
chmalkaldic 3 0
ierarchy 1 0
tretched 2 0
bookshelves 2 0
fahrender 2 0
rmbaender 2 0
gegenueberstehenden 1 0
icin 1 0
onderoga 1 0
rlond 1 0
whymsical 1 0
ichs 2 0
arthirse 1 0
heifers 2 0
ibberish 1 0
icht 291 0
percentage 7 0
ichy 2 0
quaelt 7 0
dargestellt 13 0
micht 11 0
roundels 2 0
usefull 2 0
hineinsenkt 1 0
iche 5 0
ichd 1 0
animus 3 0
ichi 1 0
roundell 1 0
animum 1 0
versorgenden 1 0
ichl 6 0
syndic 3 0
avenging 14 0
quaele 1 0
ungelegnen 2 0
papered 2 0
entsprungen 9 0
ivulsis 1 0
ungelegner 1 0
fahrenden 1 0
extemporized 1 0
lewdness 1 0
icke 1 0
illainy 1 0
highfalutin 1 0
ungentlemanlike 1 0
ickn 1 0
malaria 4 0
illains 9 0
punctum 1 0
undazzled 1 0
spume 1 0
latform 4 0
refunded 2 0
gapes 1 0
neinigkeit 1 0
alaala 1 0
vorteilhafteste 2 0
ruids 3 0
unsmiths 2 0
contentiousness 1 0
spumy 1 0
unvollstaendigen 2 0
verfechten 2 0
aucune 2 0
embrandt 2 0
treating 53 0
emulating 2 0
gunboat 3 0
beaugte 1 0
onauworth 3 0
completing 18 0
extracted 35 0
licate 1 0
apicem 1 0
synod 7 0
suffer 436 0
abzutun 4 0
projector 10 0
utheranism 27 0
apices 1 0
geglaubt 19 0
yoner 1 0
iniensproessling 1 0
edingung 19 0
scepticism 25 0
ruhig 107 0
efeuert 1 0
bulrush 3 0
harrowing 5 0
komponiert 2 0
clashed 5 0
einschiffte 1 0
verirret 1 0
atien 3 0
icks 31 0
rachst 1 0
icky 7 0
enquiry 68 0
abusd 1 0
ntereinander 1 0
abuse 115 0
ouffleur 3 0
icon 2 0
rachte 2 0
seligen 17 0
einzuschlagen 3 0
seligem 1 0
onerous 8 0
seliger 8 0
icot 2 0
seliges 1 0
geschmiedete 1 0
smokehouse 1 0
enquire 47 0
enquird 1 0
inlass 2 0
tastefulness 1 0
montana 2 0
uecksichten 2 0
omprehension 1 0
tregetours 2 0
completion 16 0
litter 19 0
bourg 1 0
schauten 2 0
littet 1 0
stillvergnuegtem 1 0
beurlauben 1 0
litten 4 0
renners 1 0
akone 2 0
abuts 1 0
petition 59 0
wiedergeboren 3 0
schwaenzen 1 0
ierher 3 0
unreclaimed 1 0
putrifying 1 0
rchilochus 6 0
apical 12 0
heocracy 2 0
rekognosziert 1 0
hinauffuehrte 1 0
abung 1 0
otestate 3 0
asseoir 1 0
loadstones 1 0
abune 2 0
articulated 4 0
unwiderleglich 2 0
iable 1 0
mystically 1 0
utherlan 62 0
little 5421 0
vorhielt 1 0
perpendicular 48 0
boult 1 0
atian 2 0
nachklang 1 0
aussteigend 1 0
bould 1 0
ighting 2 0
xtasy 1 0
conversion 108 0
adakschan 1 0
wallende 1 0
brilliant 164 0
clabbered 1 0
smoldering 2 0
bound 489 0
horeau 1 0
retainer 6 0
oatcakes 1 0
putzt 1 0
tollste 1 0
impertinently 1 0
uftreten 1 0
ightily 2 0
epopulation 1 0
gyptiaca 2 0
hingehoerte 1 0
retained 105 0
farrers 2 0
olemnly 1 0
extenuate 6 0
alachy 1 0
genossene 1 0
verschwendete 2 0
mumbling 11 0
convinces 4 0
icus 1 0
irklich 6 0
rablegung 1 0
anrief 1 0
alacca 3 0
uendflut 1 0
eraete 2 0
artentuere 2 0
ehnliches 1 0
yonne 3 0
convinced 226 0
laskans 1 0
symmetrical 2 0
ything 2 0
anriet 1 0
augustly 2 0
ganze 361 0
haleth 1 0
ogelsteller 1 0
tendril 1 0
spurted 4 0
tomorrow 55 0
bathrooms 1 0
bough 28 0
wisseuschaft 1 0
pagans 2 0
doctrina 4 0
conversing 34 0
egleitung 7 0
doctrine 300 0
rencontre 1 0
ylades 4 0
arschall 4 0
rozzum 1 0
ppurtenances 2 0
buschige 2 0
esetzgeberin 1 0
chlafzimmer 8 0
hinauffuehren 4 0
clearance 5 0
tudies 17 0
cupboard 19 0
itronenbaeume 3 0
fraessen 1 0
miniatures 3 0
braeunen 1 0
trotter 5 0
abuli 2 0
tudied 1 0
breadthwise 1 0
emperour 1 0
rinkgeld 9 0
hetzt 2 0
piously 1 0
oneticut 1 0
facilities 24 0
shuffle 8 0
trotted 19 0
tudien 17 0
astrakhan 1 0
emperore 3 0
convincin 2 0
omplaining 3 0
ecidedly 2 0
einlaufen 1 0
imposition 15 0
emperors 23 0
verborum 1 0
erwickelungen 1 0
hyperborean 1 0
oracte 2 0
buskin 2 0
ausgaben 2 0
irtus 3 0
evermore 75 0
cattered 5 0
unersetzlich 1 0
irtue 203 0
erbundener 1 0
ouvernement 1 0
ruhte 18 0
racial 12 0
racian 1 0
suitors 12 0
agonised 7 0
ndoes 1 0
leichtbedeckten 1 0
ndoer 1 0
ruhst 3 0
gewoelbten 6 0
suffic 1 0
ridentinum 1 0
savedest 1 0
conspectu 1 0
emulation 18 0
proviso 1 0
nauseated 1 0
ergrauten 1 0
arschaft 3 0
virulence 2 0
calculators 4 0
rishna 12 0
trottin 3 0
inland 90 0
nasser 1 0
unblushing 2 0
rossheiten 1 0
zweieinhalb 1 0
infamies 1 0
darumherumgewickelt 1 0
ntiquitaetensammlungen 1 0
ovelist 1 0
iliciers 1 0
iliciern 1 0
stattfaenden 1 0
prompts 12 0
athanas 1 0
atium 2 0
befoerderlich 1 0
geflossenen 1 0
hingehoeren 3 0
kinky 1 0
artinswand 1 0
ivisions 4 0
marauding 3 0
generalization 3 0
vollzustecken 1 0
advisable 26 0
esort 1 0
ative 7 0
tlara 1 0
lacaerts 1 0
amestown 2 0
fluechte 1 0
managed 150 0
herbeitreten 1 0
ampdens 1 0
finial 1 0
heute 152 0
raetlicher 1 0
samisens 2 0
einschlagen 1 0
hething 1 0
manager 89 0
vouchesafe 16 0
renelle 1 0
manages 7 0
seichter 1 0
strangling 10 0
seichten 1 0
condemned 157 0
upriseth 3 0
prolongs 4 0
unconditional 14 0
excelsa 1 0
nassen 3 0
wanderndes 3 0
onstables 7 0
verschliessbar 1 0
reataunt 2 0
uebervorteilen 1 0
jonisches 1 0
jonischen 5 0
anzufuellen 1 0
kinna 3 0
achender 1 0
futilely 3 0
dubbing 1 0
wandernden 3 0
fleetly 1 0
polemics 2 0
heure 3 0
rbprinz 2 0
oracle 14 0
earilier 1 0
subjacent 1 0
idas 6 0
doing 634 0
macrocosm 1 0
atire 4 0
joinant 1 0
mortar 50 0
remarques 1 0
gaols 6 0
hergnarrt 1 0
idea 790 0
inchot 5 0
rctic 5 0
issionen 1 0
straineth 1 0
idee 2 0
ided 1 0
idei 1 0
sheathed 2 0
disorganized 2 0
jettisoned 2 0
shyness 13 0
mortal 177 0
irund 2 0
icksburgh 6 0
consumption 296 0
hisker 1 0
schaekern 1 0
katheudon 1 0
dabbed 3 0
beissen 3 0
hiskey 6 0
rampled 1 0
pomade 4 0
aturaliensammlung 2 0
ivifica 1 0
elationen 1 0
penitentiary 3 0
seconda 1 0
slaveholders 116 0
idge 5 0
herruehren 1 0
scharfbenamsten 1 0
inches 483 0
weggeschlichen 2 0
seconds 64 0
vangelisten 1 0
secondo 1 0
inchen 3 0
seconde 1 0
alifornien 2 0
abstainers 1 0
atima 6 0
synge 1 0
otions 22 0
canoeists 1 0
ierian 3 0
idem 1 0
ideo 1 0
heunt 16 0
ides 46 0
ider 11 0
ueberwindung 1 0
akota 20 0
advertiseful 1 0
akote 1 0
atine 2 0
racine 1 0
ating 6 0
ucchesini 3 0
racing 17 0
abbatical 1 0
randmothers 1 0
languid 23 0
dleness 20 0
heult 1 0
onvulsivische 2 0
uehsames 1 0
bendbesuch 2 0
tudium 19 0
lovingly 3 0
atins 3 0
mortem 2 0
transcendentalists 1 0
schlechterdings 2 0
aenzerinnen 9 0
wengerl 2 0
oseidon 7 0
exkolieren 1 0
ugnes 1 0
ation 210 0
halbaufgebluehte 1 0
outflying 1 0
einsprechen 1 0
omoios 1 0
ruhet 1 0
gestrickte 1 0
wastepaper 1 0
condense 3 0
mannigfaltigem 1 0
elucidations 1 0
ruhen 34 0
enlargement 11 0
mannigfaltigen 17 0
klammerte 2 0
meisenhaufen 2 0
ertherian 1 0
dabble 1 0
boute 8 0
putte 3 0
patients 30 0
ondbewohner 1 0
driiitte 1 0
refflicher 1 0
anzibar 4 0
esois 1 0
hackte 1 0
ewissensskrupel 1 0
putty 8 0
beurlaubte 2 0
elkens 1 0
bedraengte 2 0
fleeter 1 0
oversights 3 0
checkmate 2 0
rossonkel 1 0
vorgelesen 6 0
distinct 247 0
profanation 4 0
anziehen 8 0
ehaviour 25 0
goldfish 4 0
projected 97 0
eligible 32 0
wiewohl 23 0
idly 32 0
bouts 4 0
mortis 1 0
efinement 1 0
elvetian 1 0
unstepochen 2 0
rainfall 14 0
lumensitz 1 0
idle 189 0
onopoly 11 0
plight 21 0
godowns 2 0
redelivers 1 0
mannigfaltiger 1 0
herzunehmen 1 0
galoche 1 0
jehus 1 0
whipcord 1 0
caravansary 1 0
verirrte 3 0
erzwungene 2 0
nachgeahmten 1 0
umuten 1 0
fining 2 0
ohlverteilten 1 0
goldne 16 0
findest 10 0
idol 43 0
idon 6 0
unglaz 1 0
doled 1 0
zwar 187 0
rattled 26 0
whitewashing 1 0
omente 5 0
spaehen 1 0
stabis 1 0
finders 3 0
coincide 14 0
unrefreshed 1 0
omenta 1 0
flannil 2 0
opihis 7 0
lumenfelds 1 0
ervices 45 0
ewegung 145 0
idna 1 0
newspaper 79 0
oulton 2 0
oorsill 1 0
rejects 9 0
harretts 1 0
unwahrscheinlichere 2 0
transitional 1 0
commission 107 0
dragoman 200 0
poachers 3 0
oments 9 0
dishcloth 1 0
findeth 2 0
incerest 1 0
nvent 1 0
dereinstiger 1 0
nmenschlicher 1 0
ntelligences 1 0
ntelligencer 3 0
rattles 11 0
tartufe 1 0
cavaliers 3 0
idot 2 0
idow 18 0
unladen 1 0
motioned 15 0
itwerbern 2 0
gulches 1 0
dolfs 1 0
hinschlich 1 0
losterbibliothek 1 0
garde 2 0
ungenuegenden 1 0
cimeter 1 0
earthy 14 0
atler 15 0
earths 5 0
sustaind 8 0
idst 6 0
confouding 1 0
achaon 1 0
beobachtete 14 0
rollten 5 0
aufzuschneiden 1 0
zwei 258 0
mieux 1 0
ndrae 1 0
sustains 11 0
fantasy 18 0
drehender 1 0
begrenzten 2 0
peppermint 4 0
gargoyles 3 0
oultry 1 0
reignisse 8 0
douterent 1 0
earthe 12 0
gards 1 0
uversicht 6 0
unexplorable 1 0
inmate 8 0
piebaldness 1 0
stabbd 1 0
beshrew 1 0
elbourne 1 0
amsgate 3 0
comprehensible 5 0
flannel 3 0
obsequentes 1 0
hinsetzen 2 0
quaelende 1 0
termini 2 0
assaults 14 0
erraces 1 0
eihentanz 2 0
ausgebeten 2 0
kirin 3 0
beikommen 3 0
lwaine 10 0
erraced 1 0
nvest 1 0
ausruft 3 0
predigen 2 0
idth 1 0
isanthrope 1 0
ngeweihten 1 0
rationalists 4 0
braving 1 0
onitor 3 0
rending 14 0
egruessung 1 0
ertrieb 1 0
mixtures 6 0
nunciature 2 0
cinamome 1 0
ndrew 35 0
verdorbene 2 0
zuerkennen 1 0
gesaust 1 0
ndres 3 0
struck 378 0
sprained 5 0
versunken 8 0
eckengemaedes 1 0
ndrea 3 0
hrennamen 2 0
ommercial 17 0
privateers 3 0
eleased 2 0
upplications 1 0
harlotry 4 0
chirruped 1 0
weightless 1 0
taplegate 1 0
unwavering 3 0
erbage 1 0
enliven 7 0
rtswechsler 1 0
betwixte 6 0
idyl 2 0
koestlichsten 6 0
wonnest 1 0
oertern 2 0
wetteten 1 0
determinately 1 0
bstinate 2 0
anklagen 3 0
uaerenda 1 0
ffers 5 0
angerichtet 2 0
beschuetzte 6 0
magnetick 1 0
berueckt 1 0
boukir 1 0
romotions 1 0
postbill 1 0
aertlichkeit 51 0
einfalle 1 0
felicitas 1 0
issbilligung 1 0
hinwegzuschleichen 1 0
mixturam 1 0
verzuckerte 1 0
tinklings 1 0
nxious 5 0
antharides 1 0
abhaengige 4 0
niedergehalten 1 0
cleaved 1 0
druckendem 1 0
findend 1 0
idzu 6 0
ssuming 4 0
achael 1 0
hinuebergegangen 1 0
cleaves 5 0
cleaver 1 0
gapeing 1 0
buckwheat 4 0
naberhood 11 0
besondrer 1 0
asclepias 1 0
recriminated 1 0
auptanzeige 1 0
patriotic 41 0
antille 1 0
bensowenig 3 0
rganised 1 0
priesen 1 0
erghaengen 1 0
mitgspielt 1 0
haushaeltischen 2 0
iebesbriefen 1 0
bosomed 3 0
ffend 1 0
achail 3 0
jelly 8 0
eharren 1 0
ellars 1 0
herumluegt 1 0
feinblaettriger 1 0
egierungs 1 0
alcoholic 2 0
rattlin 1 0
aufgegriffenen 1 0
backbane 2 0
harlotte 352 0
feliciter 1 0
sensuous 11 0
ellard 1 0
mattocks 2 0
stable 121 0
zwoa 1 0
arbentopfe 1 0
respond 13 0
olzstall 1 0
summikta 1 0
pusson 2 0
ylvanus 1 0
ebenstagen 1 0
indemnifying 3 0
andesverweisung 1 0
eological 18 0
eklogai 1 0
unwatered 1 0
hinunterschiebt 1 0
oncordat 20 0
concealment 31 0
tanislaus 2 0
drohtest 1 0
maunna 3 0
stenten 5 0
dolts 1 0
landholder 1 0
curing 20 0
stereotype 1 0
unerbittlich 4 0
batters 1 0
nashuns 1 0
battery 19 0
geklecksten 1 0
iece 77 0
mettle 3 0
curios 8 0
durchsehen 1 0
erfrischte 1 0
iebs 1 0
draughtes 1 0
trangresseth 1 0
vorkommen 20 0
nterhaltende 2 0
occurred 230 0
overstrung 1 0
replaces 32 0
replaced 59 0
services 161 0
iebe 577 0
arilla 3 0
envying 3 0
reventing 2 0
comatose 1 0
cabinet 88 0
omened 3 0
gorgeousness 4 0
noechel 3 0
undertone 6 0
wohlgefiel 1 0
garte 5 0
balancieren 1 0
xoduses 1 0
lutocrats 2 0
campfires 1 0
undertook 66 0
annazar 2 0
campus 4 0
prosecute 25 0
ermutlich 5 0
ieda 1 0
enlisted 14 0
iede 5 0
misunderstand 9 0
revention 7 0
laundries 1 0
relincourt 1 0
ntenanted 1 0
raetention 1 0
masthead 1 0
iege 21 0
tinsel 2 0
ironbound 1 0
penant 1 0
auvage 2 0
iefl 1 0
succubus 1 0
auerstuecke 1 0
besuchen 54 0
epletion 1 0
ieft 1 0
niederschlagen 2 0
garra 4 0
epigramma 6 0
einschiffen 2 0
effluvia 2 0
iefe 26 0
orrowers 2 0
unwrapped 1 0
meditatively 4 0
tinople 1 0
herrliche 47 0
mitteilten 3 0
recipient 10 0
needeis 1 0
bluntness 1 0
metten 1 0
oncordia 2 0
imagined 160 0
prudishly 1 0
dochter 3 0
gleichlautenden 1 0
imaginem 2 0
amballus 1 0
iehs 1 0
verfehlten 1 0
golden 180 0
imagines 16 0
ieht 10 0
ennsylvanians 2 0
verfehlter 1 0
goldes 2 0
pianissimo 1 0
plaintiff 5 0
plowshare 1 0
rationalised 1 0
marmorner 2 0
anmelden 1 0
iehe 7 0
marmornen 2 0
vegetieren 1 0
catalogued 2 0
analoa 3 0
bstrac 1 0
estimmungen 2 0
iego 1 0
beschuetzet 1 0
unziemlichste 1 0
iegt 3 0
beschuetzen 18 0
iegs 3 0
dolly 1 0
indham 11 0
dolls 19 0
onserate 1 0
befluegelten 1 0
jussiones 1 0
unknown 368 0
dolor 1 0
unadvised 3 0
estrebungen 6 0
grafter 1 0
bstinacy 5 0
tatting 1 0
neueingesetzten 1 0
gefuerchtet 5 0
youyou 1 0
outsmart 1 0
grafted 2 0
anzukommen 2 0
erunreinigung 1 0
curiam 1 0
curial 1 0
friendly 214 0
langten 2 0
gesaugt 1 0
flames 77 0
suspiciously 9 0
daughters 174 0
ielt 2 0
interludes 1 0
eitenblick 2 0
premonitoires 1 0
usammensetzung 2 0
migrated 11 0
interwove 2 0
ueberzeugten 5 0
cynosure 3 0
iele 19 0
ueberzeugter 1 0
einschlafen 4 0
ield 47 0
ueberzeugtes 1 0
clover 4 0
anchorage 5 0
cloves 4 0
cloven 6 0
dolia 1 0
migrates 1 0
striding 5 0
instructor 8 0
otherham 2 0
olkmann 6 0
altelline 1 0
ufklarung 4 0
einzugraben 1 0
flamed 11 0
entgangen 9 0
eimwege 1 0
spolianda 1 0
geschlemmt 1 0
bstiegen 1 0
ramissene 2 0
ageless 1 0
dragomen 4 0
entlemans 1 0
cynicism 7 0
uszierungen 1 0
iene 38 0
ungeheueren 2 0
iend 1 0
cheiden 2 0
amilienkreis 1 0
reeholders 11 0
priests 157 0
ersehnt 1 0
iemt 2 0
flowrons 3 0
wiglebenden 1 0
iena 7 0
miens 2 0
prieste 6 0
bowse 1 0
resent 73 0
matrons 8 0
omnino 1 0
irchturn 1 0
irchturm 2 0
flushed 48 0
botanical 4 0
dabeisitzt 1 0
unthinkable 2 0
ichtchen 1 0
ldrian 2 0
prenciple 2 0
abusing 27 0
ausbilden 9 0
flushes 1 0
geschmackvolle 2 0
koeniglich 3 0
flaked 1 0
stacks 6 0
solstice 1 0
beginnings 21 0
flakes 16 0
ieou 1 0
abusion 3 0
ugleich 14 0
arinam 1 0
ubfumigations 1 0
iesl 1 0
niedergesetzten 1 0
stockade 5 0
ieso 5 0
ebensgewerbes 1 0
iest 1 0
lushed 1 0
malten 1 0
ominicans 37 0
iess 3 0
assailants 9 0
oretoken 1 0
iery 1 0
daherstieg 1 0
usfeilung 1 0
ldrich 12 0
asserfaelle 2 0
harmloseste 2 0
iese 265 0
ueberbieten 1 0
ambassadors 20 0
cheiben 11 0
ueberbietet 1 0
ferments 1 0
iero 7 0
jungen 172 0
iern 4 0
iographia 1 0
jungem 1 0
transported 66 0
zusammengeleiteten 1 0
iers 3 0
iographie 4 0
stealing 45 0
ranksome 2 0
junger 60 0
unseparated 1 0
resend 45 0
clairvoyance 20 0
junges 18 0
friendliest 3 0
iera 2 0
luebell 11 0
osdick 1 0
iere 42 0
concocted 2 0
ierd 81 0
lithely 1 0
ieul 1 0
reserv 2 0
ieur 3 0
quantities 124 0
herabstieg 1 0
watermills 1 0
agreable 42 0
ieut 2 0
believing 94 0
ieux 4 0
iety 28 0
fetlocks 3 0
herbeikommt 1 0
midst 196 0
camped 21 0
hinuebergesetzt 1 0
ovenanting 1 0
highway 36 0
stockende 1 0
amazingly 8 0
beachtete 1 0
hewes 2 0
esenting 1 0
umbilden 2 0
dactylic 1 0
hewen 3 0
iets 2 0
polierten 1 0
sculptor 15 0
einzureden 3 0
poliertem 1 0
ausschliessende 2 0
unlaced 1 0
dominators 1 0
iete 4 0
ttributes 3 0
uydam 1 0
iews 44 0
ttributen 4 0
conjugal 14 0
bekamen 1 0
hewed 5 0
raculous 1 0
evereach 9 0
unbefangnen 1 0
lustrums 1 0
dilectus 1 0
ildung 58 0
abusive 11 0
guarranteed 1 0
umgelost 1 0
blackened 21 0
telluric 8 0
amuccini 1 0
ieve 1 0
ananee 1 0
entschwunden 1 0
nebeneinander 22 0
agreably 5 0
overboard 15 0
qualified 104 0
urchtbarkeit 1 0
fawnskin 1 0
invincible 30 0
reared 43 0
ananas 1 0
wegfliegt 1 0
eldsaecke 1 0
ersehen 5 0
stillelag 1 0
eiligkreuzdunnerwetter 1 0
blessedness 6 0
arnefield 1 0
enthesilea 1 0
campin 1 0
hewas 1 0
leichnis 9 0
omeone 3 0
qualifies 4 0
frenchified 1 0
riticisms 2 0
eindunste 1 0
drapiert 1 0
gedielt 1 0
bowls 23 0
repitation 1 0
geraecht 2 0
maessigsten 1 0
digression 13 0
hambly 1 0
pantomine 1 0
ravellings 1 0
overheard 21 0
ansard 2 0
iezu 4 0
pirouetting 2 0
conservatively 2 0
flimmernde 1 0
artefull 1 0
vorwurfsvoll 1 0
pantomime 4 0
ischarged 1 0
approximating 1 0
mouthpiece 7 0
ugaepfel 1 0
trocious 2 0
pielsachen 1 0
spicula 1 0
monopoly 206 0
herrschte 3 0
erleiher 2 0
orporate 2 0
oxygen 2 0
inopportunely 1 0
lookings 1 0
approximation 9 0
laeuft 21 0
flatness 4 0
digressing 1 0
disport 23 0
includes 87 0
hinabschlichen 1 0
inderschoene 1 0
dispose 81 0
disposd 28 0
betroege 1 0
audlin 1 0
denominational 1 0
gutturally 1 0
gnnorance 1 0
ommerabende 1 0
egessen 1 0
reckless 54 0
hither 119 0
included 233 0
unallied 1 0
egelseite 1 0
unnachahmlichsten 1 0
sperhawk 4 0
unrestrain 1 0
askengesellschaft 1 0
ertinax 6 0
leichgesinnten 1 0
bowin 1 0
triumphierten 1 0
properties 36 0
bowie 5 0
euersbruensten 1 0
ebenzimmers 1 0
lericalis 1 0
ffekt 26 0
yielde 2 0
chiffchen 1 0
xtinct 1 0
ausdischkariert 1 0
palette 3 0
bescheidener 4 0
tundenrechnung 1 0
paletti 1 0
bescheidenes 1 0
iscalced 5 0
boxes 43 0
boxer 4 0
ersten 367 0
erstes 5 0
ollektorien 1 0
benefit 230 0
erster 15 0
boxed 11 0
irbelwind 1 0
abzunoetigen 1 0
pisteln 1 0
ristalle 1 0
transporting 17 0
ausvater 1 0
errschern 2 0
isgust 7 0
olzwerk 2 0
unermuedet 9 0
unschluessig 2 0
ruize 3 0
anchmal 18 0
shamefully 13 0
ckers 1 0
ckern 1 0
anchman 1 0
errschers 1 0
gsehn 8 0
reateth 1 0
caduto 1 0
bescheidenen 3 0
narrer 1 0
zurueckfuhr 1 0
erbaps 1 0
schmeichelte 17 0
vergewissern 1 0
shucks 5 0
arbette 1 0
mpfehlungsschreiben 7 0
valour 57 0
alazio 1 0
beginners 3 0
hamber 39 0
unbewohnt 3 0
einschluepfen 1 0
elcher 9 0
nachgeben 9 0
besinnen 8 0
elches 14 0
abgerundet 1 0
ausgetuscht 1 0
agenschlag 1 0
ngluecksscharen 1 0
beehives 1 0
broughtest 2 0
elchen 5 0
beginneth 4 0
elchem 1 0
entepigadia 1 0
aturschauplatze 1 0
illamont 1 0
chaenactic 1 0
elched 1 0
ebeine 6 0
rockwardine 1 0
geklettert 1 0
offensten 2 0
bensolcher 1 0
utlying 1 0
cavils 1 0
reconcentration 1 0
offenbart 2 0
resistence 1 0
erband 3 0
ansahe 1 0
grounds 137 0
achieving 9 0
taphon 1 0
gestirnten 2 0
ifer 24 0
hinuebertrug 1 0
offenbare 1 0
grounde 5 0
valore 2 0
asserbaeche 1 0
allendar 1 0
inding 29 0
pportunist 1 0
unschuldigerweise 3 0
entremette 1 0
ngratitude 10 0
unaussprechlichsten 1 0
midee 1 0
zuruft 1 0
pwards 2 0
auswachsen 1 0
aufhuepfen 1 0
popelot 1 0
roistered 1 0
verbeck 1 0
achbar 33 0
jargon 16 0
disordered 23 0
raedicatorum 2 0
nachgehangen 1 0
pportunity 93 0
yields 38 0
lattheiten 1 0
disgust 92 0
antiles 2 0
aufhebe 1 0
requisition 17 0
enophila 1 0
achary 1 0
egicides 2 0
enophile 9 0
ogoods 1 0
haucero 1 0
einzelnen 54 0
ffect 107 0
einzelnes 1 0
einzelner 6 0
aufzudringen 1 0
etatis 1 0
everity 7 0
einschlaegt 1 0
trichen 1 0
alencian 1 0
schmeichelnd 4 0
widerlegen 1 0
indict 1 0
schuetzten 1 0
zweitenmal 17 0
struts 7 0
verberg 1 0
haesslich 7 0
hineinzustuerzen 1 0
juvenis 1 0
tinted 11 0
incerely 1 0
niedergestochen 2 0
olourings 1 0
zufaellige 9 0
ortitude 29 0
risiert 1 0
gender 6 0
emphis 3 0
vielversprechender 1 0
kraeftiges 3 0
kraeftiger 4 0
everish 1 0
kraeftigen 7 0
rofoundly 1 0
euntes 11 0
uncemented 1 0
eunter 1 0
plastischen 1 0
unsittliche 2 0
eunten 1 0
unueberwindliche 9 0
verschwieg 2 0
achate 1 0
ifle 2 0
xpands 1 0
kraeftigem 1 0
ohlgeruechen 2 0
aufhebt 4 0
ueberzeugung 37 0
caving 1 0
isguiz 1 0
exists 122 0
abzudanken 2 0
erbaut 13 0
disguis 2 0
antreffen 9 0
nformation 215 0
threshold 66 0
anzheit 1 0
ontumacy 1 0
anklagte 1 0
leichmut 2 0
portfolio 2 0
thatch 18 0
chicanery 3 0
ussenende 1 0
inserting 5 0
mutlosen 1 0
hommage 1 0
ainsborough 1 0
plastischer 1 0
pectator 49 0
gefangenzunehmen 1 0
cavity 31 0
furnaces 9 0
sofort 3 0
orbereitung 10 0
verbena 1 0
nvader 1 0
ommodities 27 0
ookalofts 14 0
insertion 7 0
demeanour 31 0
indigo 25 0
istortions 1 0
ductorum 1 0
esichtszuege 5 0
strung 8 0
clouds 214 0
sipped 9 0
debeam 1 0
herrschen 13 0
homeomeria 2 0
coniferous 1 0
emuehte 1 0
langsam 72 0
frisked 1 0
unheeded 9 0
usbrueche 3 0
herrschet 2 0
repaying 1 0
nleitung 10 0
baldest 1 0
pflegen 31 0
decried 2 0
usfuellung 1 0
underscoring 1 0
cloudy 15 0
accustoming 4 0
anticipate 26 0
eynolds 23 0
disorderly 28 0
everino 1 0
larorum 1 0
truisms 2 0
pazierfahrten 4 0
shizawa 1 0
wimmelte 1 0
prunkhaft 1 0
arcissus 7 0
kites 5 0
regales 1 0
ugenlider 2 0
uelques 1 0
donis 10 0
haughtiness 7 0
empire 242 0
visual 6 0
entoux 1 0
leare 1 0
allzugrosser 4 0
ildred 1 0
allzugrosses 1 0
eston 39 0
aktus 1 0
cksaeulen 2 0
atzenandacht 1 0
overnorship 2 0
ennikot 1 0
olstein 4 0
regaled 4 0
onything 11 0
leaps 10 0
estow 1 0
estor 5 0
leapt 12 0
hineinfahren 1 0
erkshire 8 0
indeth 1 0
flanks 19 0
noblesse 5 0
hervorzurufen 2 0
ebenmenschen 2 0
usefulness 26 0
indert 1 0
ermegild 8 0
beflissen 2 0
kithe 3 0
least 1727 0
zurueckkaeme 2 0
itelkupfer 2 0
indern 86 0
momentuous 1 0
eltkenntnis 2 0
enkweisen 1 0
ifty 21 0
astiani 2 0
inmates 21 0
chwarzenberg 2 0
reufreund 3 0
proffered 19 0
expatiated 3 0
ifth 31 0
learn 460 0
kopfunter 1 0
einpackten 1 0
einzufassen 1 0
gewisse 81 0
ifts 12 0
atrophies 1 0
aufwecken 3 0
rumps 1 0
pencer 12 0
jenen 82 0
lease 231 0
leash 8 0
jenem 60 0
ifte 1 0
zufuehrte 1 0
jenes 79 0
jener 146 0
eptembers 1 0
gatha 1 0
gnaedig 6 0
nstehungsgeschichte 2 0
gathe 1 0
autonomy 1 0
shack 6 0
diately 1 0
ecclesiis 1 0
donec 1 0
prachorgane 1 0
leave 1022 0
defluxion 1 0
bourgeois 94 0
friars 23 0
looseness 5 0
partitions 7 0
diskreditiert 1 0
shade 191 0
vetoed 3 0
entose 1 0
newspapers 76 0
syllables 23 0
auptgebaeude 2 0
ittsburgh 3 0
wohlbedachter 1 0
entors 3 0
einweihen 1 0
estle 2 0
sanctions 12 0
versplittern 1 0
shady 41 0
usdruecke 10 0
companion 195 0
foast 2 0
achoran 1 0
ccusations 7 0
gates 82 0
intentionally 16 0
rohibition 3 0
ntkoerperung 1 0
genauere 1 0
estif 2 0
hieraus 5 0
fortgebrannt 1 0
metrum 1 0
genauern 2 0
estin 3 0
charted 2 0
verzogener 2 0
hierauf 26 0
shaft 27 0
unausstehlich 1 0
charter 28 0
charten 1 0
olstern 1 0
remorselessness 2 0
bookseller 14 0
eitersknecht 2 0
intermeddle 6 0
ctave 2 0
lainness 2 0
succeeding 55 0
erehrern 4 0
narrow 331 0
primerole 1 0
auszeichnete 3 0
obstructiveness 1 0
tuckin 1 0
gated 1 0
contradict 33 0
johnswort 6 0
shape 294 0
freigebornen 1 0
merlatter 2 0
jenke 11 0
eltmeere 1 0
debent 1 0
uprecht 1 0
arascon 17 0
chwelle 20 0
dissimuler 1 0
regally 1 0
chwaermer 9 0
isquietude 1 0
ewahrung 1 0
emembrance 5 0
simmered 2 0
unstgefuehl 1 0
anflehe 1 0
spilled 10 0
expectancies 2 0
sekkieren 1 0
chnoerkel 2 0
arrear 4 0
vacuum 6 0
nterscheidung 1 0
orsican 1 0
share 457 0
vacuus 1 0
uempfe 6 0
alerschule 1 0
bezueglich 1 0
ctavo 3 0
ested 3 0
shark 25 0
concilii 2 0
ebate 9 0
esten 52 0
imidity 4 0
sharu 2 0
concilio 1 0
hinsehnende 1 0
rabian 20 0
ahndend 1 0
sharp 254 0
estes 20 0
ummereien 1 0
ester 18 0
temperament 45 0
allzufeine 1 0
einschlief 4 0
eineidigen 2 0
pochte 4 0
shake 123 0
tucken 1 0
ozner 2 0
tucker 5 0
shakl 1 0
ilvery 4 0
shadowless 2 0
foams 1 0
erfolgung 3 0
auszeichne 1 0
herumwandeln 1 0
shallowing 2 0
cabalistic 3 0
deprivation 5 0
ntario 1 0
rabica 6 0
tucked 16 0
elinquency 1 0
secretions 6 0
tapers 9 0
shaky 5 0
ehrbare 1 0
shale 1 0
zufuehren 2 0
entgegensetzte 1 0
shall 3965 0
emuehen 5 0
metron 1 0
shalt 154 0
dienstfertigen 2 0
vornen 2 0
murmurous 1 0
foamy 2 0
bekannt 142 0
aufweckte 1 0
aktiv 2 0
dienstfertiger 1 0
vermischt 2 0
shame 259 0
igby 8 0
indent 3 0
whisperd 3 0
haemischer 2 0
kitty 1 0
rabien 2 0
shams 6 0
whispers 19 0
ineyards 1 0
ttribute 1 0
enceforth 8 0
schrumpflich 1 0
shand 2 0
estai 1 0
pencil 32 0
shank 4 0
foals 4 0
complying 16 0
schaendlichsten 1 0
sorgfaeltige 1 0
erwiesen 6 0
flanze 7 0
eihenfolge 1 0
caviar 1 0
usselcap 1 0
lakonischen 4 0
companied 1 0
gstellt 1 0
maintain 341 0
companies 95 0
onathan 33 0
ernachlaessigte 1 0
lakonisches 1 0
maulin 1 0
slanderest 1 0
chulkindern 1 0
irclet 1 0
ircles 4 0
rumbs 2 0
anticipations 17 0
ngelegenheiten 20 0
rawford 16 0
whittled 4 0
isyphus 5 0
peinigte 2 0
severing 2 0
antikes 1 0
antiker 6 0
toothache 4 0
antiken 11 0
gewalt 1 0
festgenommen 1 0
zerdraschen 1 0
athirst 3 0
ecrire 1 0
guarantee 27 0
beputzten 1 0
leach 7 0
journalists 6 0
ypochondrie 1 0
hawbuck 1 0
clairvoyants 1 0
stillness 42 0
herumwandern 2 0
gewann 16 0
onquerour 1 0
paternally 1 0
nbekannte 15 0
maddens 1 0
erichtsstube 3 0
recovered 131 0
igel 2 0
vorgezeichnet 3 0
igen 1 0
orsicht 20 0
iger 27 0
recoveren 1 0
awfullest 1 0
metres 16 0
bholung 1 0
rinkgeschirr 1 0
ecrite 1 0
mauled 1 0
rabe 30 0
cloths 34 0
dichterischen 7 0
ackpferden 1 0
dichterisches 1 0
getraenkt 1 0
ighs 4 0
unattractive 6 0
ight 663 0
gewagt 11 0
vergaellt 1 0
clothe 39 0
hamely 2 0
ersuch 27 0
iggy 1 0
arrell 6 0
might 4688 0
leade 1 0
arrels 7 0
eschlechts 18 0
donum 1 0
nachfolgend 1 0
hlorinde 2 0
leads 136 0
allzuguenstig 1 0
gewahr 58 0
durchdringend 2 0
rbitrary 2 0
cousins 28 0
eschlechte 6 0
rade 237 0
ihretwillen 2 0
maddest 1 0
contrition 21 0
raenkende 1 0
spillin 1 0
ract 10 0
elicately 1 0
nowledges 1 0
entheus 2 0
ishfort 1 0
laetze 14 0
ensures 5 0
severity 69 0
rach 3 0
rack 49 0
jardin 3 0
race 437 0
desperateness 1 0
arrens 3 0
raco 1 0
ensured 7 0
outstream 1 0
raby 1 0
zutaetig 1 0
calping 4 0
cassino 1 0
rabs 315 0
rabins 4 0
leafy 8 0
nregung 1 0
geklagt 1 0
slanderers 1 0
ecameron 9 0
plaything 6 0
pardons 6 0
rinzipal 1 0
entone 1 0
quickly 453 0
raft 178 0
guarantor 1 0
insurrection 16 0
durchsuchen 3 0
yclopaedia 2 0
asserwaage 1 0
coastwise 2 0
raff 3 0
unscathed 5 0
mainspring 3 0
necdote 5 0
impregnated 9 0
raef 1 0
suicide 37 0
vollzogen 1 0
ausbruetet 1 0
raet 3 0
heralding 2 0
crosslegs 1 0
feasibility 2 0
hnungen 10 0
rady 3 0
erigeron 1 0
acauley 2 0
ieblingen 2 0
verlobest 1 0
pendan 1 0
unertraeglichsten 1 0
hoarding 3 0
aturszene 2 0
rahm 7 0
erfuehr 1 0
faddles 1 0
raht 1 0
leaks 3 0
receiving 307 0
despairingly 2 0
igns 8 0
scatheful 1 0
leaky 4 0
risible 1 0
hereforth 1 0
igny 1 0
arreri 1 0
looseneth 1 0
ewusstsein 34 0
baptizing 2 0
hammock 3 0
arrero 12 0
ragn 1 0
igne 2 0
elseninsel 1 0
angebauet 1 0
einzuschlummern 1 0
orschritte 1 0
ragt 10 0
schlotternden 2 0
yebrows 1 0
cosmos 1 0
rags 24 0
ebber 35 0
stouping 1 0
abondantes 1 0
geschichtskundigen 1 0
lbizzi 1 0
rage 247 0
ebbed 5 0
ruehlingsblick 1 0
aumels 1 0
ragg 1 0
outgoings 1 0
ieronimo 4 0
donna 4 0
arrest 74 0
unprincipled 24 0
angegeben 11 0
agdgesellen 1 0
retirement 35 0
herabzufuehren 1 0
donne 1 0
rumor 8 0
obscurely 10 0
ecclesiae 2 0
hezut 1 0
leane 1 0
rain 477 0
raik 2 0
arrett 5 0
rail 182 0
lifeless 16 0
hereingeschafft 1 0
contemplance 1 0
rais 12 0
igor 9 0
igot 2 0
inmmediately 1 0
acaulay 10 0
onquerors 2 0
raid 5 0
rals 2 0
abschreckte 1 0
eingeschlagene 1 0
auftritt 4 0
contribute 155 0
rummy 1 0
moralities 1 0
araphrases 1 0
aufschrecken 1 0
donor 3 0
orstellungen 42 0
quileia 2 0
erfuell 1 0
zusammenberief 1 0
rabius 1 0
cornmeal 1 0
rall 55 0
igre 1 0
eunuch 2 0
extention 1 0
fondness 33 0
agdhaus 2 0
eersheba 1 0
entomb 1 0
cottonwood 9 0
reckommends 1 0
unfairly 5 0
eunuca 1 0
etirement 12 0
durchsichtiger 1 0
leans 4 0
omnium 6 0
durchsichtigen 4 0
leant 6 0
unmaessigste 1 0
estra 1 0
raka 119 0
entgegensetzen 1 0
various 559 0
arrington 7 0
irleto 1 0
regnichte 1 0
crests 14 0
scratchy 1 0
estre 1 0
rake 83 0
emuehens 1 0
metaphysician 3 0
rant 50 0
rans 28 0
hinzugerannt 1 0
rano 2 0
anales 1 0
rzherzogs 15 0
luckily 6 0
conversely 3 0
rzherzoge 20 0
gaffen 4 0
igur 54 0
dissimilarity 2 0
ranz 119 0
rand 298 0
outherner 7 0
ranc 4 0
uncorrupted 5 0
rane 9 0
heruebereilten 1 0
liebgewinnen 1 0
wantonness 15 0
rank 286 0
rann 3 0
auferbaut 1 0
rang 81 0
nullification 1 0
heraldic 9 0
igue 5 0
rams 6 0
cosmic 8 0
cicada 1 0
iranesi 3 0
ramp 3 0
igto 1 0
privation 10 0
beschuetzt 11 0
pardoun 1 0
rame 5 0
audium 2 0
interpretation 50 0
rama 18 0
jemal 1 0
reascended 1 0
inclose 15 0
looking 950 0
inclosd 52 0
achiglione 1 0
oelluft 1 0
sputtering 1 0
retterflaechen 1 0
allzuvieler 1 0
ensuror 1 0
kintra 2 0
forthausen 1 0
rapt 6 0
raps 17 0
zziz 1 0
unterlass 1 0
rape 7 0
wuerden 151 0
systems 63 0
anzetteln 1 0
rescia 2 0
indful 1 0
wuerdet 6 0
ovembers 1 0
rapp 1 0
pstart 1 0
beschuetze 1 0
racketed 1 0
heralded 4 0
arsmetrike 1 0
quicker 30 0
faintings 2 0
bgabe 1 0
dahinaus 1 0
infuriate 5 0
quicken 13 0
pontificat 2 0
atmos 3 0
enominations 2 0
heraldes 1 0
rotectress 1 0
ueberzuspringen 1 0
pontifical 1 0
sehnet 2 0
frisking 3 0
sehnen 9 0
analei 1 0
achgenusse 1 0
artholomew 16 0
giveth 8 0
commanders 10 0
perswaded 32 0
emuetsregungen 1 0
loquacity 2 0
otioning 1 0
reasonble 1 0
rard 1 0
rare 205 0
raro 1 0
geleisteten 1 0
geleistetem 1 0
ippencott 1 0
preceded 66 0
gases 1 0
amasawmy 1 0
rescow 1 0
verbotnen 1 0
obscurest 1 0
precedes 15 0
essir 1 0
rara 1 0
jailer 8 0
profound 150 0
flammt 2 0
rechristened 2 0
aspiration 6 0
gbarus 1 0
pochas 3 0
briefness 1 0
ratz 1 0
abeyance 6 0
bewies 9 0
domes 6 0
raub 1 0
raud 6 0
wrongdoers 2 0
condescendingly 2 0
trespace 4 0
jailed 1 0
turesqueness 1 0
overgrown 23 0
commandeth 2 0
domed 1 0
rate 548 0
gbarri 1 0
rath 10 0
achievable 1 0
ontlaur 1 0
ratt 4 0
rats 19 0
emissions 2 0
rato 3 0
vistas 9 0
merriest 3 0
friendes 36 0
teratological 1 0
rast 1 0
wuerdig 40 0
owlien 1 0
ncroachments 3 0
syrup 12 0
rash 62 0
givest 4 0
rase 6 0
ottentots 3 0
rasp 4 0
disporting 2 0
rass 17 0
wrestling 13 0
forestry 1 0
laeser 12 0
psychometrical 1 0
klettere 1 0
rawe 1 0
klettern 1 0
authorization 1 0
esingen 1 0
benteuerlichste 2 0
aufgebrochenen 1 0
bsessed 1 0
ravi 2 0
dearths 2 0
ravo 15 0
ilgrimstone 14 0
rauw 18 0
schwaechere 2 0
anblickt 2 0
dismissed 61 0
essel 66 0
ondering 1 0
essen 38 0
rave 33 0
schwaechern 1 0
segneten 1 0
aufgebrochen 1 0
raum 56 0
reckeless 6 0
plaintive 17 0
rauf 3 0
esses 10 0
esser 38 0
rauh 6 0
raus 1 0
dismisses 2 0
brittle 13 0
raut 41 0
proconsul 1 0
raun 1 0
impounded 1 0
discoloured 11 0
schuldlosen 1 0
lawful 71 0
raya 1 0
atmet 1 0
domestick 9 0
faennchen 1 0
progressively 4 0
durchsuchte 1 0
atmen 5 0
originators 1 0
raye 1 0
approachableness 1 0
orsichtsmassregeln 1 0
oraussetzungen 1 0
smotin 1 0
uebernatuerliche 1 0
brillantenen 1 0
oegern 2 0
irreparable 6 0
ngeheure 2 0
bzahlung 1 0
cicala 3 0
domestics 3 0
abyss 38 0
keerless 2 0
voiceful 1 0
dearthe 1 0
vorbeizieht 2 0
orrowing 1 0
klettert 1 0
xplanations 5 0
rawn 4 0
wiedererstatten 2 0
eulogized 1 0
iscovered 2 0
irreparably 4 0
vorbeiziehn 2 0
avengeth 1 0
ghastlier 2 0
ersteigen 2 0
blinkten 1 0
genera 4 0
penitences 1 0
obliterated 18 0
preacheth 1 0
reaped 21 0
penitencer 1 0
beneide 3 0
reaper 4 0
obliterates 1 0
jailor 5 0
orurteile 11 0
preachest 2 0
orurteils 1 0
easants 9 0
losterfrau 1 0
aegrum 1 0
genese 1 0
blackness 21 0
necromantic 1 0
rdzunge 3 0
psychometers 8 0
unentbehrliche 1 0
angefallen 3 0
raze 2 0
appetites 33 0
chnarchen 3 0
erschiedenheit 11 0
dismissal 14 0
preachers 45 0
essay 28 0
superioris 1 0
thermometer 25 0
essau 1 0
rays 73 0
swellings 1 0
eported 2 0
wahrgenommen 4 0
anzmusik 1 0
typtological 1 0
leeward 19 0
heraldry 4 0
fraglichen 2 0
ueberdauert 1 0
involuntarily 24 0
kisra 1 0
tecture 1 0
erlichingsche 2 0
hereingekommen 2 0
onjugation 1 0
rescue 61 0
abgeschiedner 1 0
prodigy 16 0
spyen 2 0
antonness 1 0
kisse 1 0
dagging 1 0
owling 2 0
contrapshun 1 0
lumenkohl 2 0
omitian 1 0
arcades 6 0
determination 93 0
stretching 39 0
kirre 1 0
ongitude 2 0
eutonius 1 0
retribution 11 0
adversaries 48 0
chopping 17 0
nowsdays 1 0
massiveness 3 0
throughly 1 0
grouped 8 0
ueschen 7 0
verbannen 11 0
primerose 1 0
bivouacked 3 0
recusabo 1 0
teamster 2 0
beidlebig 1 0
beabsichtigte 2 0
parallelograms 1 0
akten 1 0
verbannet 3 0
eifersuechtige 1 0
enjamin 23 0
achtessen 4 0
hundredthly 1 0
maukin 2 0
kirts 1 0
kirchlichen 6 0
liniment 3 0
verwundene 1 0
verwundend 1 0
gleichzustellen 2 0
forester 3 0
owlish 1 0
eimchens 1 0
azelles 2 0
oblenz 2 0
ndros 1 0
rtabanus 1 0
eriously 4 0
rban 27 0
closet 62 0
ministrations 4 0
jaybird 1 0
tapfer 6 0
closes 21 0
closer 78 0
ebzeiten 5 0
ufraeumen 3 0
closed 305 0
herbeieilten 1 0
achgeben 3 0
rules 253 0
ruler 108 0
tejischen 1 0
nschluessig 2 0
aianisme 1 0
ruled 60 0
amorously 2 0
secularised 2 0
heronneaux 1 0
reluctant 31 0
auffallendsten 2 0
dmilon 1 0
higgling 1 0
ruehlingsmorgen 1 0
oegeln 8 0
bemooste 2 0
ranslations 3 0
forested 3 0
ahndete 4 0
aitakushi 4 0
widersprechende 4 0
beacons 6 0
ebensunterhalt 1 0
sammelten 3 0
zuzuteilen 1 0
aeffchen 1 0
covetted 1 0
ihil 1 0
sehnte 10 0
sestertius 2 0
xtent 13 0
impassible 3 0
populace 18 0
verwundern 15 0
bloeder 1 0
forestay 1 0
housekeeping 12 0
aedchenfreund 1 0
curfew 2 0
ignified 1 0
domus 2 0
rogueries 1 0
similarity 19 0
forestae 1 0
osalienfestes 1 0
verwundert 36 0
bgang 4 0
verwundest 1 0
ithstand 1 0
uyers 2 0
oblest 1 0
rben 8 0
erlogene 2 0
enactments 8 0
latitudinarian 2 0
verwundete 5 0
ehelichen 2 0
outpost 4 0
freiwillige 3 0
closeness 3 0
erwachend 3 0
ihon 2 0
toerichten 1 0
anerkannte 3 0
toerichter 2 0
beeves 1 0
essun 1 0
toerichtes 1 0
idersachern 1 0
resden 10 0
aufgeheiterten 1 0
ernimmst 1 0
pochen 10 0
essus 3 0
iogeneia 2 0
retributive 2 0
insight 25 0
kurrier 1 0
fewness 1 0
labelling 1 0
outpour 2 0
plunked 1 0
bschiednehmen 1 0
slitting 1 0
circumcision 2 0
essrs 25 0
gasps 4 0
ilometer 1 0
magnetism 6 0
recusant 1 0
anneschi 2 0
edrueckungen 1 0
ublimation 1 0
urnberg 12 0
eschwerden 7 0
laesst 187 0
treddin 1 0
daselbst 41 0
uscovia 1 0
lowrons 1 0
sprinkles 2 0
ochelsee 1 0
rbin 2 0
ransubtantiation 1 0
arathonian 1 0
iability 1 0
palliators 1 0
enfeeble 1 0
rbis 2 0
sprinkled 25 0
breedeth 1 0
acceptation 3 0
ornamentally 2 0
beneideten 2 0
andelnden 1 0
omminges 1 0
obliged 569 0
blackberries 3 0
schleppt 2 0
nglueck 85 0
zufaelligerweise 5 0
ntipater 20 0
bankrupts 4 0
knechtisch 1 0
leuchtenden 1 0
ihre 1215 0
laesse 2 0
unexampled 12 0
lgarotti 2 0
ihrn 6 0
elirium 1 0
chlauheit 2 0
anakil 1 0
interposition 16 0
romanhaften 3 0
abulae 1 0
inconsiderable 35 0
rulle 1 0
concrete 47 0
ihug 2 0
eeschnecken 1 0
cauliflower 3 0
squabbles 4 0
morgendliche 1 0
praktisch 3 0
reathed 3 0
gimlet 2 0
blighted 13 0
beobachtend 1 0
etaefel 1 0
ihue 3 0
narten 5 0
esson 3 0
essop 3 0
ruffling 1 0
ugrim 1 0
luckier 1 0
washing 41 0
obliges 33 0
undenkbarer 1 0
geschnittenen 7 0
romanhafte 1 0
patronise 4 0
ypobolimaeus 1 0
hadert 1 0
almanac 5 0
rooping 1 0
unplumbed 1 0
abgetuencht 1 0
ernsten 15 0
ernstem 3 0
hadern 3 0
gezeichneten 1 0
orturmes 1 0
ernster 7 0
involuntary 27 0
youth 459 0
ernstes 5 0
versteh 6 0
amplifications 1 0
peavine 1 0
uying 3 0
erecynthian 1 0
sternvollen 1 0
lecto 1 0
ermonax 1 0
erjury 2 0
verschlemmen 1 0
acherl 2 0
aergsten 3 0
handrails 1 0
uzzards 1 0
verbarg 32 0
approache 2 0
irdscher 1 0
isitants 2 0
egative 3 0
perturbation 15 0
yourn 1 0
entile 1 0
brutalising 1 0
youre 3 0
venerian 1 0
rownups 1 0
ewahrsam 2 0
angstanden 1 0
strotzen 2 0
hitcombs 1 0
tattooed 10 0
orgenseite 2 0
gefertigt 6 0
jamming 1 0
youse 2 0
fluechtenden 1 0
betrognen 1 0
sichersten 10 0
tucks 4 0
sicherster 1 0
yours 271 0
adopted 221 0
standard 195 0
stoures 1 0
abgerufen 2 0
delinquent 1 0
wackren 1 0
artelmann 5 0
wackrer 4 0
wackres 2 0
zusammengewachsen 2 0
reimposed 3 0
zeugtest 1 0
cryptographs 1 0
entgegenglaenzte 2 0
insinuations 6 0
anzulangen 1 0
omponisten 3 0
clearer 43 0
gesetzmaessigen 1 0
nforgetable 1 0
strafbar 3 0
verband 11 0
verwegener 2 0
protestation 4 0
haumette 2 0
appreciatively 1 0
cleared 78 0
aswooping 1 0
batting 1 0
hochgelahrter 1 0
young 2009 0
sinnreichsten 1 0
obsolete 19 0
hochgelahrten 1 0
youths 21 0
kraftlos 2 0
paintings 29 0
laeren 2 0
reputed 25 0
plaited 11 0
scension 2 0
vollgueltigen 1 0
riechst 1 0
gerechtfertigt 3 0
immelsklarheit 1 0
taples 2 0
riesterstand 1 0
mitzuteilen 18 0
chnepfen 1 0
stretchers 3 0
unststudien 2 0
alettus 2 0
untarnished 3 0
pockes 1 0
acetosa 2 0
amassed 8 0
pocket 201 0
suffocating 9 0
revoking 1 0
averaging 1 0
inception 2 0
focus 8 0
ittletown 1 0
sproede 1 0
sojourned 3 0
changing 154 0
entire 351 0
hemistry 2 0
approach 214 0
crowning 13 0
qualifications 60 0
nunziatura 1 0
uncleansed 1 0
precursor 4 0
sojourner 5 0
lantagenets 5 0
curling 14 0
arrogancy 1 0
camuse 3 0
suffocation 2 0
ithdraw 3 0
herumgetragen 1 0
classroom 1 0
entish 2 0
verfuehrerisch 3 0
arrogance 29 0
orecast 1 0
verlebte 1 0
iebhabertheater 1 0
kommen 343 0
nachzuspueren 3 0
incomprehensibility 2 0
ttajano 1 0
kommet 1 0
costly 31 0
gaven 1 0
entgegenneigend 1 0
particularly 331 0
iebesbeduerfnisses 1 0
rideswide 2 0
rivalship 2 0
entium 1 0
jubilee 4 0
housekeepers 3 0
omerus 1 0
diffame 4 0
entity 12 0
oussinsches 1 0
appanage 1 0
plaintively 5 0
prevents 51 0
achens 4 0
rstling 1 0
rupee 1 0
terriers 2 0
ithdrew 2 0
rejoin 9 0
erkranketest 1 0
ersons 147 0
rejoic 1 0
ention 8 0
beneath 553 0
apetentuere 2 0
houting 1 0
libation 8 0
prevenus 1 0
uncolour 1 0
istempers 2 0
erwiesene 1 0
erstarrte 2 0
ndliche 1 0
entgegenzukommen 1 0
hugeness 1 0
achend 1 0
bodekin 1 0
verkroch 1 0
leden 4 0
annskuenste 1 0
ausruecken 1 0
poaching 1 0
angeschmauchtes 1 0
irnbaums 1 0
bermals 1 0
kademie 13 0
terrfying 1 0
oythress 9 0
ntweichen 1 0
ottfrieds 1 0
ledde 1 0
verschlangen 1 0
drueckten 8 0
aeusserlichkeiten 1 0
orwegian 1 0
geistliche 15 0
moderately 29 0
ganzen 320 0
ganzem 17 0
absconds 1 0
npracticd 1 0
himmelweit 1 0
rcas 1 0
ganzes 96 0
trojanische 1 0
ganzer 23 0
sepulchred 1 0
annealed 1 0
angesprochen 2 0
peeled 11 0
futilities 3 0
gedoerrte 1 0
backwoods 9 0
saeugenden 1 0
vorgehen 8 0
resign 53 0
ungestueme 1 0
irkland 2 0
andgriffe 1 0
reside 66 0
usammenhang 20 0
erpasse 1 0
verhehlten 1 0
unstverwandten 1 0
dadroben 1 0
raking 2 0
knight 175 0
andaemonium 4 0
disclaiming 4 0
guileless 2 0
dishevelment 2 0
diesmal 81 0
inkelzuegen 1 0
sepulchres 5 0
iederkehr 9 0
perette 2 0
appetitlich 1 0
baldige 3 0
alamocco 1 0
coster 1 0
langour 1 0
laettern 14 0
fortlebt 1 0
abbacies 10 0
retches 14 0
tandard 11 0
ornehmern 1 0
strolabe 3 0
needing 6 0
atient 9 0
ollkommenste 5 0
preexists 4 0
retched 5 0
ruetteln 1 0
ruettelt 1 0
berhaeupter 1 0
residences 14 0
angeschmiedet 1 0
intenfisches 1 0
ldrichs 1 0
acheet 51 0
riechen 20 0
congealing 1 0
entflohene 1 0
streifenhaft 1 0
hecked 2 0
unterhielten 10 0
ergbewohner 2 0
mbarcation 1 0
elligerent 1 0
chattenmassen 1 0
hecken 1 0
imbrute 2 0
stufenweise 3 0
oachman 1 0
evacuated 3 0
ewehrs 1 0
lecke 9 0
onquering 1 0
unststudium 1 0
kampanischen 1 0
versprechenden 2 0
ngeheuer 15 0
ewehre 2 0
filching 2 0
kraenkt 3 0
sepulchral 17 0
untrammelled 2 0
raftsman 1 0
quibus 1 0
ornstalks 1 0
rakish 2 0
iebenswuerdige 1 0
omeric 7 0
wusstest 1 0
philosophe 3 0
dominions 119 0
flourishing 51 0
vortex 9 0
aimlessly 6 0
accountin 1 0
eghorn 2 0
rollope 4 0
shopkeepers 19 0
atschlaege 1 0
pettifogging 2 0
reaties 11 0
kivas 4 0
ackside 1 0
dangling 13 0
steersman 4 0
philosophy 452 0
anmasslicher 1 0
auptfalten 1 0
anmasslichen 1 0
terrific 25 0
hinschauend 1 0
uguri 1 0
cherben 1 0
unangemeldet 1 0
likeliest 4 0
gallinaceous 1 0
cobalt 2 0
freundschaftliche 3 0
beaches 5 0
tomatoes 4 0
rebound 3 0
upferstich 10 0
einkuepers 1 0
bemasteten 1 0
entice 7 0
ntsagen 1 0
sprechenden 1 0
herrlicherer 1 0
bieder 1 0
embarrassd 7 0
ugust 237 0
formiert 1 0
lecno 2 0
garrulous 7 0
ivingtons 1 0
ngezogenheiten 2 0
einquartiert 4 0
gelassener 2 0
kommst 17 0
ielgefaerbt 1 0
gelassenen 4 0
poleis 1 0
kiver 3 0
protrudes 1 0
suavity 3 0
hauchte 2 0
awaited 42 0
protruded 6 0
bruised 30 0
similitudes 4 0
durchflochten 3 0
steersmen 1 0
hainous 1 0
leinasien 1 0
resist 110 0
schallenden 1 0
ranitart 1 0
bruises 9 0
eilagen 1 0
ungerecht 15 0
messingenen 1 0
zurueckgelehntem 1 0
erfectly 6 0
orthington 1 0
values 34 0
asphyxiated 1 0
radotieren 1 0
uropas 2 0
zerbrechlich 3 0
laermt 2 0
tricked 5 0
durcharbeitete 1 0
ormandy 7 0
idersprechen 1 0
tricken 4 0
efinition 8 0
illanovanus 1 0
valued 77 0
rimasse 1 0
eilnehmer 5 0
epresentations 11 0
ffice 113 0
abgwirtschaft 1 0
ausgeteiltes 1 0
ausgeteilter 1 0
lbermarle 1 0
vorlaeuft 1 0
neices 1 0
lebst 2 0
reating 1 0
ffections 13 0
mockingbird 1 0
vitreous 1 0
lebte 49 0
eilnehmen 1 0
overning 1 0
mbroidery 1 0
iedestalflaeche 1 0
misuse 10 0
einstellen 1 0
teacups 2 0
gaunt 17 0
erturbation 1 0
esung 1 0
ildbret 1 0
abuses 79 0
auptteile 1 0
cedars 22 0
echanismus 3 0
kroch 5 0
achtquartier 1 0
auptsache 3 0
dooms 2 0
sainte 5 0
flanked 11 0
ometas 1 0
eceipts 2 0
kennenlernte 3 0
errschergeschlechte 1 0
saints 49 0
ussufs 1 0
abused 57 0
reascending 1 0
berfluss 3 0
dispatch 25 0
righteously 3 0
itteilen 1 0
esult 3 0
promise 300 0
promisd 5 0
tubbs 8 0
gewirkt 19 0
oquet 1 0
oneycomb 3 0
benumm 1 0
esume 1 0
riksson 1 0
bewahren 15 0
benumb 2 0
kniete 12 0
zurueckgezogene 1 0
pended 1 0
worldliness 6 0
penden 2 0
ripening 9 0
unadulterated 3 0
otdurft 5 0
esund 2 0
pender 1 0
rcus 2 0
erfolgten 2 0
unrespected 1 0
evadas 2 0
beginning 497 0
abusin 2 0
ssezat 2 0
befuerchtet 3 0
ausreiten 1 0
befuerchten 10 0
enomination 8 0
atoms 44 0
erfassers 5 0
reation 19 0
blassrote 1 0
ondescend 1 0
soften 20 0
dichtende 1 0
illkecker 1 0
trickle 8 0
atone 15 0
softer 29 0
transalpine 1 0
gfreut 4 0
erwaehlten 1 0
chwerer 3 0
immelreich 2 0
tuben 3 0
approximately 9 0
tubes 15 0
tuber 1 0
tubed 1 0
gfreun 3 0
duenstenden 1 0
repulsed 14 0
incubus 5 0
chemseddin 1 0
decreta 1 0
deviously 1 0
manifold 32 0
unbelebten 1 0
bounte 16 0
ortelyou 3 0
vaunte 1 0
reative 1 0
gauge 10 0
bounty 192 0
sensitive 69 0
blazonry 3 0
erstossung 1 0
canonist 1 0
etaeubung 4 0
esuit 74 0
nirgend 8 0
tattler 2 0
zuschrieb 3 0
ompnour 55 0
brichin 1 0
diligently 21 0
ussuph 1 0
atoit 1 0
scrooched 2 0
workroom 4 0
oggerel 1 0
eavenly 21 0
gebuertig 4 0
tratagem 4 0
arteilichkeit 5 0
erschiedenes 1 0
incumbency 2 0
ourgeoisie 1 0
empfangenden 1 0
gaudy 14 0
akura 1 0
reatise 22 0
ecrecy 7 0
verkundschaft 1 0
verringerte 2 0
uchladen 1 0
arometer 4 0
unworthiness 6 0
essation 4 0
mpfange 5 0
oemerinnen 3 0
anzugehen 1 0
eldentugenden 1 0
sooner 242 0
helden 1 0
envenoming 2 0
dentist 2 0
predicts 1 0
athrein 1 0
aufnothigt 1 0
ccasion 125 0
gelaechelt 2 0
tattlin 4 0
stealeth 1 0
coronet 11 0
abschrecken 5 0
corones 1 0
ecrees 3 0
softly 102 0
unterschaetzen 2 0
coroner 10 0
syllogistic 3 0
accommodations 11 0
anhaltend 3 0
dentity 3 0
ndure 2 0
heraussehe 1 0
moepuus 2 0
quaintness 1 0
suedwaerts 9 0
splenetick 1 0
wohlgesinnte 2 0
adelnswerte 1 0
verfielen 1 0
reigelassenen 1 0
burials 5 0
ebbro 1 0
auberwelt 1 0
ogotan 1 0
esuch 32 0
ocility 3 0
stealers 4 0
auchwolke 1 0
erselfe 2 0
verzaehln 1 0
gutmuetiges 1 0
gutmuetiger 2 0
tougher 5 0
diapstharesetai 1 0
gutmuetigen 3 0
proofreading 3 0
landlords 40 0
drawling 1 0
peculorum 1 0
gutmuetigem 1 0
usschweifendste 1 0
gimlets 1 0
shawl 23 0
entgegensieht 1 0
eweint 1 0
ochachtung 16 0
usslied 3 0
ldridge 2 0
runel 2 0
laspasten 1 0
edaechtnisse 3 0
dragonnades 1 0
unterschrieben 2 0
erspriesslich 1 0
nistete 1 0
nistern 1 0
hunakele 1 0
vertriebenen 1 0
kennenlernen 22 0
arcissen 1 0
orderberge 1 0
fellaws 1 0
sneeringly 2 0
runde 63 0
spoilsmen 5 0
caverns 16 0
itineraries 1 0
membunce 5 0
grower 13 0
issbraucht 1 0
growin 7 0
antippe 2 0
resentfully 4 0
pusillanimous 4 0
runck 3 0
ufsaetze 3 0
anzustaunen 1 0
leben 159 0
lebet 2 0
trompled 3 0
tactician 1 0
himpery 4 0
unnethes 15 0
festoons 12 0
eriphian 1 0
rder 119 0
antraefe 3 0
thorough 76 0
warders 1 0
rden 36 0
erselbe 3 0
sympathisiert 1 0
gebricht 3 0
marvelous 38 0
dreinteufelt 1 0
bravoes 2 0
ieseln 1 0
junketers 1 0
duplex 1 0
eparation 25 0
ansens 1 0
melancholy 183 0
afforded 195 0
runig 1 0
focht 5 0
gauze 7 0
comitatus 1 0
auptakteur 1 0
paladins 1 0
chwerts 1 0
impatient 75 0
rincipia 1 0
rauchende 1 0
finding 287 0
chwerte 2 0
plumbing 2 0
contentedly 8 0
nhoehen 1 0
verlaeufst 1 0
clamoured 5 0
rincipio 1 0
etroffene 1 0
igonier 1 0
eweise 7 0
omplexions 1 0
euphonious 2 0
lebig 2 0
turnings 2 0
lowring 1 0
rungs 1 0
eingebildete 1 0
ihnere 2 0
tromplin 1 0
errschaft 26 0
decrees 105 0
mexikanischer 1 0
tuart 91 0
shave 17 0
tuary 1 0
decreed 33 0
ostpferde 1 0
eichsvoelker 1 0
growls 4 0
indeed 1581 0
ijon 10 0
aeuschchen 1 0
beseelter 2 0
raindrops 1 0
bermass 1 0
beseeltes 1 0
volunteered 10 0
gefuellt 7 0
rinciple 31 0
ustausches 1 0
yelping 4 0
comparatively 77 0
ingeschlagen 1 0
schlagende 1 0
peekin 1 0
ecstatic 5 0
clearin 2 0
aneinanderfesseln 1 0
fruitless 35 0
haenomenon 2 0
patronize 3 0
isenbahnlinie 1 0
chooling 1 0
articulations 1 0
doors 209 0
ltitude 1 0
mportunity 2 0
ribbands 2 0
ntwicklung 22 0
zusammengekneteten 1 0
lmighty 82 0
nverwandte 1 0
austschlag 1 0
snowball 1 0
incerity 28 0
youthe 5 0
esuvs 6 0
ungluecklicherweise 10 0
heavings 1 0
nipples 2 0
ansehn 6 0
titleless 1 0
oorsels 3 0
unreinlich 1 0
esuwa 1 0
aufgepasst 2 0
eeennen 1 0
hadden 2 0
dahinwandelten 1 0
dessen 317 0
haddee 1 0
retractation 6 0
sungen 2 0
puzzl 1 0
hiking 3 0
einheimische 1 0
leidung 39 0
eutseligen 1 0
unmittelbar 35 0
chwerin 3 0
lysiums 1 0
irebrand 2 0
anzueglichen 1 0
ieshuegel 8 0
lorentine 10 0
haddde 1 0
luessen 1 0
clearly 357 0
stockend 2 0
snabruck 2 0
namenlosen 1 0
rdor 2 0
orizonte 3 0
devilish 16 0
mannikins 2 0
rmentieres 1 0
esuve 1 0
atour 6 0
ansehe 8 0
egation 23 0
remitted 18 0
atoun 3 0
irtemberg 3 0
geendigt 22 0
brichst 1 0
doore 3 0
neubeseelte 1 0
villanage 5 0
einbildet 4 0
hnung 24 0
issbrauche 1 0
lanken 2 0
einbilden 13 0
eninsula 7 0
rdre 6 0
seemingly 38 0
nihilo 2 0
runos 1 0
huckychow 1 0
achfal 1 0
bruited 2 0
gesetzten 7 0
wohlgesinnet 1 0
gesetztem 2 0
verwitterlichen 1 0
gesetzter 3 0
gesetztes 1 0
wardens 2 0
lanket 3 0
lankes 2 0
skyars 1 0
stages 46 0
mistry 1 0
growth 147 0
ntelligible 1 0
runne 1 0
spottende 1 0
aprune 1 0
impunity 32 0
heraborgelt 1 0
graduate 6 0
husbandman 27 0
kolossalischen 1 0
eruecke 8 0
needful 39 0
chickliche 1 0
yrtenbaeumen 1 0
incognitos 1 0
jerks 8 0
insicht 26 0
jerky 5 0
nterlippe 1 0
uskegee 1 0
unerforschlicher 1 0
zuruecklegen 2 0
neiden 1 0
humoredly 1 0
mediumism 3 0
ussten 2 0
entsetzlichsten 4 0
curled 25 0
foodless 1 0
haengengeblieben 1 0
opportunitys 1 0
ranziskus 7 0
rabmal 5 0
empels 18 0
obligd 45 0
eruecht 4 0
oblige 120 0
zusammenstoppeln 1 0
invasion 59 0
precedent 23 0
resteeped 1 0
shert 2 0
arribs 1 0
symbolische 2 0
dorrt 1 0
bolted 33 0
erueche 2 0
rechtliche 2 0
lokona 5 0
milch 1 0
phraim 2 0
rural 34 0
glimmende 1 0
arrick 19 0
stadia 1 0
husbandmen 21 0
paroxysm 16 0
engirdling 1 0
isorder 15 0
orgendunst 1 0
gedeucht 1 0
gutgeartetes 1 0
discouragement 25 0
sunder 15 0
ploetzliches 1 0
lumiere 1 0
ploetzlicher 1 0
ploetzlichen 3 0
aufbewahren 1 0
shelf 51 0
greenbacks 4 0
shell 84 0
onnenland 1 0
chleichen 2 0
excursionists 1 0
unthinking 6 0
fellers 9 0
uronen 1 0
arried 11 0
ereiferte 1 0
oblije 3 0
anchors 6 0
peaceful 59 0
miles 781 0
monarch 42 0
reenleaf 1 0
alsola 2 0
arrier 1 0
arriet 2 0
arries 1 0
marquisate 1 0
lyrics 7 0
crinolettes 1 0
milde 9 0
amputieren 1 0
cormparative 1 0
ikar 1 0
shend 4 0
ypressenzweig 1 0
cloyed 2 0
limitours 1 0
aufzubringen 1 0
avistock 1 0
asservations 1 0
gestattete 4 0
requisities 1 0
shent 11 0
achieveth 1 0
uliacan 2 0
dorns 1 0
eathcote 2 0
ischoefe 5 0
shewn 27 0
shews 12 0
audois 2 0
nervousness 10 0
schwaeche 1 0
variation 35 0
perlaver 1 0
rchedice 1 0
empers 8 0
audohn 5 0
beharrte 2 0
notduerftig 3 0
antithesis 11 0
oyalists 2 0
lerntest 1 0
empery 4 0
chattenbilder 3 0
atrol 1 0
balmage 1 0
atron 13 0
empest 5 0
umgearbeitet 1 0
baggepipe 1 0
sundry 89 0
ugendwaerme 1 0
darstellende 1 0
kyarved 2 0
declivities 1 0
milia 3 0
milie 1 0
ahrlich 12 0
xenforde 1 0
ikes 2 0
olanus 1 0
atican 27 0
unobtrusive 1 0
motiviert 1 0
tomoye 2 0
olanum 2 0
iked 1 0
ausgesogen 1 0
superciliousness 2 0
ikel 2 0
iken 2 0
doiphus 1 0
infamous 48 0
geehrt 13 0
reba 1 0
stimulated 17 0
milks 1 0
lotion 5 0
marryed 1 0
milky 3 0
reas 1 0
rear 102 0
reat 794 0
stimulates 1 0
ausgeblasenen 1 0
mineralized 1 0
mister 3 0
reap 31 0
ortzulaufen 1 0
erbleibn 1 0
misted 2 0
tueri 1 0
read 1284 0
shete 1 0
reak 3 0
vermachen 4 0
opinio 1 0
ream 25 0
real 1104 0
arrils 1 0
telegraphers 1 0
prolongations 3 0
erraeterin 1 0
rede 61 0
kruemmte 1 0
reda 3 0
sinnloser 1 0
xtream 1 0
ufhaeufung 1 0
gedrehte 1 0
diastatic 1 0
redo 1 0
redl 1 0
treasons 4 0
kommende 1 0
huellen 3 0
bristles 8 0
rect 2 0
confiscated 10 0
apable 2 0
huellet 1 0
recs 1 0
plaetscherten 1 0
gestierte 1 0
kyarvin 2 0
bristled 5 0
rece 1 0
recd 22 0
herrier 1 0
mills 13 0
unterzuziehen 1 0
iesental 1 0
reck 16 0
rebs 1 0
ikin 8 0
mille 3 0
shewe 5 0
reason 1367 0
ntimations 2 0
arrion 1 0
kruemmer 1 0
arrior 2 0
alkoefen 1 0
cknowledgement 2 0
kruemmen 1 0
innkeeper 16 0
ungoverned 1 0
geringschaetzte 1 0
leein 2 0
identification 6 0
rees 14 0
gayer 3 0
reer 1 0
reet 1 0
ruchlosen 1 0
ruchloser 1 0
ausgefertigten 2 0
opined 2 0
reef 16 0
tymologe 1 0
bestrahlten 1 0
reed 34 0
reen 96 0
reep 1 0
distressfully 1 0
reek 512 0
reel 21 0
opines 1 0
redt 2 0
ikko 30 0
reds 9 0
aureole 2 0
ialto 3 0
erraeterei 3 0
auszugiessen 1 0
doses 8 0
aufzutuermen 1 0
mitators 1 0
eingedrungen 4 0
sheaf 8 0
dosed 4 0
hronicle 53 0
leeks 2 0
regt 12 0
pressive 2 0
expending 6 0
cleanses 1 0
rege 18 0
shear 4 0
einstellte 1 0
vaults 35 0
banqueter 2 0
regs 1 0
nipperdoling 1 0
ollander 3 0
outgrow 4 0
cleansed 7 0
subjoined 1 0
reft 14 0
taatskoerper 1 0
affektvoller 1 0
pettishly 4 0
mustern 4 0
musters 1 0
grillisieren 1 0
voiceless 10 0
atsch 3 0
geeilt 3 0
anuscrit 1 0
debate 51 0
wesentlichen 8 0
boisterously 5 0
wesentlicher 1 0
herring 15 0
eibchen 8 0
ausnehmen 3 0
traipsin 2 0
olange 6 0
orians 1 0
reasts 5 0
reim 1 0
vorbereitet 37 0
reif 17 0
entladet 1 0
quotations 22 0
reis 74 0
ausdruecklichen 3 0
emeinheit 1 0
reit 1 0
ausdrueckliches 1 0
rein 99 0
vorbereiten 12 0
arritz 4 0
erfassender 1 0
debase 4 0
introduc 4 0
entladen 1 0
reib 1 0
shuttered 2 0
reie 13 0
reid 4 0
zeigend 2 0
bysmal 1 0
rell 1 0
espousals 1 0
ufstiftungen 1 0
tulips 3 0
arrive 171 0
arrivd 69 0
tukkatur 1 0
ialog 5 0
antrafen 1 0
ortrefflichste 2 0
ecilie 14 0
ikra 5 0
ynoscephalae 1 0
ecilia 23 0
losloest 1 0
orgesehn 1 0
werter 5 0
wertes 1 0
werten 12 0
launcegay 2 0
sharves 2 0
chleichst 1 0
earnestness 33 0
guidance 45 0
franzoesisch 2 0
umkleidet 1 0
shavings 9 0
neidos 1 0
bounce 4 0
renk 1 0
renn 3 0
diplomatize 1 0
disputieren 1 0
pression 3 0
renz 1 0
reny 5 0
rent 642 0
explanatory 63 0
rena 4 0
hochfliegenden 3 0
ildner 1 0
inclind 15 0
bewahrst 1 0
incline 39 0
rend 19 0
severely 72 0
cerulean 2 0
leere 15 0
rene 22 0
canoemen 1 0
assorted 4 0
vorbeikreuzten 1 0
egstrecke 1 0
ungarrisoned 1 0
sauntering 4 0
gekehret 2 0
marvelled 1 0
olitician 6 0
rely 72 0
evaded 10 0
bounds 78 0
dragoons 3 0
asurstein 1 0
eformantes 1 0
gewinnt 15 0
durchlaufen 5 0
uffaloes 3 0
rept 1 0
inutes 9 0
repp 1 0
atiocination 1 0
evades 1 0
repy 2 0
indars 1 0
ditcher 3 0
trolling 1 0
lispelnden 1 0
ovement 12 0
ditches 17 0
misnomer 3 0
pressing 92 0
zeigest 1 0
sheik 52 0
inuten 13 0
aylors 3 0
repe 1 0
insides 1 0
kniend 6 0
levity 20 0
fallaciousness 2 0
zwingt 8 0
erculanum 1 0
missus 12 0
reon 5 0
beharren 5 0
bewahrte 5 0
ochzeittag 2 0
zwinge 1 0
martagon 1 0
pimplamai 1 0
tinued 1 0
esellschafterin 3 0
hinuntersprang 1 0
ditched 1 0
arings 2 0
ecreta 3 0
persevere 25 0
iderstreit 2 0
ialis 1 0
obscurity 64 0
executively 1 0
ecrets 10 0
onderful 8 0
rere 9 0
llerliebster 1 0
unsuitable 23 0
llerliebstes 2 0
sequere 1 0
prolissita 1 0
ildnis 16 0
leeve 9 0
gewinkt 1 0
henpecked 1 0
schnellem 1 0
schnellen 12 0
leets 9 0
schnelles 3 0
schneller 36 0
antoffel 2 0
phrase 128 0
yowls 1 0
affluence 14 0
arines 1 0
deshabilles 1 0
sheds 31 0
ariner 5 0
iebesgedanken 1 0
nsincerity 1 0
rett 11 0
severest 21 0
gewinne 2 0
rete 11 0
reth 6 0
disacknowledge 1 0
sifting 11 0
reiesten 2 0
lifelang 2 0
sheer 55 0
sheet 70 0
reto 1 0
sheen 34 0
retl 1 0
sheep 191 0
admonishingly 1 0
rest 1088 0
icquilo 1 0
anguedocian 1 0
ress 48 0
anseribus 1 0
ebensaenderung 1 0
bfahrt 3 0
saltness 1 0
uebereinkommt 1 0
agellan 2 0
anfaenglich 5 0
inccoop 1 0
ometen 1 0
mandement 2 0
rese 1 0
schmeckten 4 0
customed 1 0
njected 1 0
tueck 150 0
marooned 2 0
reso 1 0
usband 88 0
resi 2 0
resh 12 0
customer 15 0
egensatze 1 0
blueberries 1 0
uenstlerinnen 1 0
fascinate 7 0
erfrischen 5 0
thawed 3 0
incredulously 3 0
oricha 1 0
reve 1 0
affanni 1 0
mongrels 2 0
afterwards 522 0
atque 8 0
reux 2 0
reut 11 0
mishaps 2 0
reuz 15 0
forenichts 2 0
orneron 1 0
needest 2 0
reue 42 0
reud 8 0
dessentwillen 1 0
rfinderin 1 0
unaquainted 1 0
reun 2 0
aufzusuchen 20 0
abgebrochenen 1 0
laesternd 1 0
ommertagswanderung 1 0
draengend 2 0
needeth 47 0
unversehens 5 0
oletanes 2 0
entgegentretenden 1 0
sailor 52 0
quidem 2 0
atriarcha 1 0
maugre 8 0
uphorion 5 0
ortschritt 2 0
rexo 2 0
ettungsmittel 1 0
opious 1 0
pproached 1 0
betrogne 1 0
verkoerpre 1 0
nonsensically 1 0
liegenbleibt 2 0
choepfraeder 1 0
ebeck 1 0
linings 1 0
instructed 93 0
rewe 1 0
ebecc 2 0
aecilientage 1 0
auptquartier 3 0
pielwerke 3 0
rews 1 0
pproaches 1 0
ollandus 1 0
reated 7 0
protuberances 2 0
lovingkindness 1 0
osenduft 1 0
therewith 33 0
erueber 1 0
monopolized 9 0
boulti 3 0
gepeinigte 1 0
reater 6 0
ilbe 9 0
versuch 2 0
ilan 49 0
ilas 10 0
eheating 1 0
umarmen 3 0
willkommener 2 0
epitaph 32 0
willkommenen 3 0
ettrennens 1 0
lothes 13 0
reys 1 0
lother 5 0
heticus 1 0
gladdened 7 0
prietor 1 0
ildt 1 0
herbeistroemende 1 0
corinthischen 1 0
edfordshire 1 0
ilda 1 0
gawky 2 0
ehrerinnen 1 0
ilde 52 0
legendary 8 0
ahlungen 1 0
misreported 1 0
genaue 13 0
unwahrscheinlich 8 0
collorer 1 0
famosen 2 0
gesteckten 1 0
corpulent 4 0
tudio 4 0
sayings 15 0
capitols 1 0
unsaubern 1 0
ilch 21 0
eliveries 1 0
urthermore 17 0
olygonum 2 0
fortbewegt 1 0
ilft 1 0
debbil 5 0
hinausgelassen 1 0
omniscent 1 0
higglers 1 0
ilfe 16 0
sailin 5 0
filenames 2 0
helfen 64 0
besuchte 26 0
iles 163 0
iler 2 0
ilet 6 0
reconstructing 2 0
zurechtruecken 1 0
iley 115 0
outgrew 1 0
ungfrau 16 0
ueberredung 3 0
nochenmark 1 0
devilled 1 0
selections 2 0
iled 1 0
ilen 3 0
breeding 56 0
sottoposta 1 0
flourisheth 3 0
laenzt 1 0
ilia 1 0
ruthless 6 0
ilie 6 0
reckest 1 0
leece 2 0
leech 9 0
irchin 1 0
conventicle 3 0
owsoever 2 0
gepeiniget 1 0
keuscher 1 0
misses 8 0
flails 1 0
missen 3 0
recketh 7 0
showered 9 0
programme 13 0
poleto 2 0
stonecutters 1 0
onscience 24 0
missed 65 0
reathe 3 0
impossibilitie 1 0
angemutet 1 0
doctorship 1 0
befiehlst 2 0
betrogen 44 0
shapelessness 1 0
anapee 10 0
disputierte 1 0
orombona 1 0
mortifies 5 0
ilka 10 0
levies 7 0
ilke 29 0
oenigreiche 2 0
mortified 33 0
olzwarth 1 0
sailed 45 0
exponierte 1 0
levied 89 0
sailes 1 0
niederschlaegt 1 0
oenigreichs 1 0
iliz 2 0
adjusted 21 0
boulli 1 0
ilig 7 0
orzellania 3 0
collectors 8 0
machten 106 0
proclaim 26 0
ilin 1 0
birthday 16 0
illy 110 0
capitoul 1 0
beschuldigte 2 0
strivings 1 0
ablutions 6 0
ruemmungen 6 0
musketeers 1 0
ollicitor 4 0
ieblingsgeschichten 1 0
olivine 1 0
pseudonym 4 0
xpecting 1 0
lenheim 10 0
illi 3 0
eziers 6 0
illn 2 0
irchen 37 0
illo 1 0
ersenkt 1 0
illt 1 0
missal 2 0
ills 128 0
rfey 2 0
ogliani 3 0
ilky 1 0
zuzustellen 3 0
squinting 7 0
illa 34 0
gawdy 1 0
aufzubuerden 1 0
ille 30 0
lemons 3 0
tingling 3 0
arderobe 24 0
reatly 2 0
reconstruction 7 0
ilks 5 0
truthful 14 0
cotemporary 2 0
keinerlei 2 0
ueckenstacheln 1 0
fodre 1 0
unschaetzbar 3 0
atres 2 0
eobachtungsgeist 1 0
interlinear 2 0
uppet 1 0
factitious 8 0
nattention 4 0
geforscht 1 0
ippocrene 2 0
ansehen 35 0
upper 258 0
arious 21 0
ledge 39 0
commanding 46 0
unregelmaessig 3 0
ebery 3 0
gelatinous 3 0
ebers 2 0
hemispheres 1 0
tadtberges 1 0
eactionists 2 0
orzugs 2 0
verdaechtig 11 0
gepflegt 2 0
leinliches 1 0
rstlich 2 0
escorts 1 0
emphatischen 2 0
emphatischem 1 0
aintain 2 0
everlas 1 0
thorowly 3 0
uppel 10 0
oribus 4 0
reshes 1 0
uppen 19 0
looketh 6 0
ledig 4 0
raumgesichte 1 0
reator 59 0
wrongdoing 3 0
ongregatio 3 0
ebets 2 0
mournfull 1 0
lookest 3 0
widersetzten 1 0
ebete 7 0
ilpa 1 0
rupft 1 0
selbstverfertigt 1 0
plenishings 1 0
drunks 1 0
gekleideten 2 0
discerning 29 0
leichtsinnige 5 0
smoldered 1 0
corolla 1 0
iploma 1 0
appoint 79 0
ilot 3 0
redericksburg 2 0
misbelieve 1 0
angleichen 2 0
clowns 1 0
reatur 12 0
available 106 0
apertures 8 0
gleaming 17 0
ugenhagen 1 0
ebens 192 0
uneinigen 1 0
stadtholdership 1 0
atras 14 0
antragen 1 0
ebene 1 0
stiebte 1 0
colloquy 3 0
ustspiel 2 0
fuscher 3 0
especially 601 0
unstprodukte 1 0
ausrichten 9 0
lookers 4 0
uninformed 4 0
unststils 1 0
sincerer 1 0
ilun 2 0
ilts 4 0
igilance 15 0
swarthy 13 0
ausweicht 1 0
lobten 2 0
achdem 60 0
umarmte 14 0
atred 8 0
ilst 2 0
tythes 4 0
earsts 1 0
launisch 3 0
leaflet 1 0
ladimir 73 0
reatys 1 0
hildishness 1 0
eichlich 1 0
menstruation 1 0
reshly 1 0
croziers 1 0
halblaut 4 0
piritualism 6 0
upply 22 0
ngeschlachte 1 0
ropheten 19 0
ebein 2 0
eruehrungspunkten 3 0
nattentive 1 0
ungeniessbar 3 0
rancueil 1 0
matronly 3 0
demurred 2 0
conversant 18 0
ilva 38 0
ruppe 32 0
daggere 1 0
pproaching 2 0
ebels 10 0
kiwes 1 0
chrecknissen 1 0
ebell 4 0
ebeln 2 0
xtreme 11 0
herkaeme 2 0
dispute 150 0
uphaudin 2 0
verblieben 2 0
tremble 48 0
tudes 9 0
rugged 48 0
quicke 1 0
fraction 17 0
daggers 5 0
uppos 1 0
ondereth 1 0
chretiennes 1 0
herbracht 1 0
sausage 3 0
ermonde 110 0
ntwuerfe 12 0
obschon 2 0
scheitern 1 0
earson 1 0
eisterhaus 1 0
downtrodden 3 0
raelectiones 1 0
honourableness 1 0
individual 400 0
goldsmiths 1 0
comprehends 14 0
stounds 1 0
chreckhaftes 1 0
ripened 23 0
gefunden 171 0
regards 91 0
betupft 1 0
orhuegel 1 0
cheinbarkeit 1 0
aufgeschnappt 1 0
beschuldigen 2 0
ilze 2 0
mitleidiger 1 0
abgebildet 7 0
mitleidigen 3 0
mitleidigem 1 0
entley 8 0
preaching 86 0
mitleidiges 1 0
exique 1 0
euphemistic 3 0
upstarts 2 0
bewilligten 1 0
usschlagende 1 0
rfut 1 0
weavers 26 0
yllenius 1 0
uebereinstimmende 2 0
andlung 45 0
laundress 4 0
debonair 12 0
euerbade 1 0
herzliches 4 0
bricked 6 0
herzlicher 7 0
herzlichen 14 0
mince 8 0
intrinsically 10 0
unhampered 1 0
unimpressed 2 0
arbenkunst 1 0
aufdringen 5 0
iscovering 2 0
neumodischen 2 0
herzlichem 1 0
neumodischem 1 0
iscourses 12 0
quitted 57 0
ausgredt 2 0
opulent 29 0
raemunire 2 0
reserves 10 0
reserver 2 0
yourselves 90 0
pringfield 5 0
auernkrieg 1 0
coatit 2 0
ravelingen 5 0
scathing 1 0
reserved 125 0
rteries 1 0
talisman 9 0
verlegen 17 0
standeth 16 0
imbo 2 0
mined 1 0
imbs 9 0
rawfish 1 0
miner 9 0
ilment 1 0
minds 364 0
renascence 2 0
bouche 3 0
fortkommen 2 0
savoriness 1 0
faltete 3 0
chulthess 1 0
modulus 1 0
policy 318 0
iman 2 0
minde 2 0
imas 1 0
chuerze 5 0
falters 1 0
pistons 1 0
efreshments 1 0
noblemen 3 0
unpoetical 1 0
heightened 29 0
headedness 3 0
police 122 0
sepulture 10 0
unfunded 8 0
waterloggedness 1 0
hickasaw 1 0
musstest 1 0
benommen 2 0
wheels 83 0
rutes 2 0
unreasonably 8 0
timental 1 0
heimliches 4 0
schleudern 1 0
heimlicher 8 0
uspicious 1 0
schallte 1 0
mings 2 0
iands 1 0
cutlass 1 0
heimlichem 3 0
mitessen 1 0
ogollon 1 0
wheele 2 0
cloistered 3 0
heimlichen 20 0
scholarship 15 0
cloisterer 3 0
offensively 2 0
leidenschaftliche 10 0
salutations 12 0
schaeumendes 1 0
schaeumender 1 0
schaeumenden 4 0
aturdays 5 0
schnaubende 1 0
impower 4 0
mines 183 0
alaeologi 1 0
grotto 8 0
whirleth 2 0
beleive 2 0
prodded 1 0
translating 7 0
hungrily 1 0
benito 2 0
minim 2 0
malcontent 2 0
pening 7 0
minit 4 0
rupfen 2 0
nobleman 29 0
lordships 4 0
nowhere 89 0
undertundfunfzig 1 0
ossessions 5 0
andkerchief 2 0
screeching 3 0
lehen 2 0
jetty 4 0
tutelary 1 0
clattering 8 0
wallfahrten 2 0
imer 3 0
eniesse 2 0
imes 143 0
warding 1 0
oesterreich 1 0
herunterkam 3 0
acquaints 1 0
eniesst 2 0
umwunden 3 0
imea 1 0
schwangen 1 0
absently 10 0
translation 69 0
haschen 1 0
hinzuwerfen 1 0
imeo 1 0
hinting 11 0
duennen 2 0
actuating 1 0
silberne 5 0
erhaeltnissen 24 0
minks 2 0
imid 1 0
iscoveries 11 0
kizze 3 0
implication 3 0
rgan 14 0
aselgerte 1 0
erhaeltnisses 6 0
zurechtrichten 1 0
istempered 1 0
ruths 8 0
peeped 17 0
fristen 3 0
ekaze 1 0
langue 1 0
heroisch 2 0
rtsheilige 1 0
ruthe 4 0
duenner 2 0
successor 65 0
mittlern 9 0
pannier 2 0
lleghenies 1 0
mittlerm 1 0
coated 21 0
herausgeholt 1 0
kraenzten 2 0
mittlere 9 0
succession 156 0
thoerichten 1 0
xtremists 1 0
aessliche 1 0
nterhandlungen 3 0
verdriesslichsten 1 0
courteously 18 0
hobbies 4 0
attun 4 0
unreasonable 92 0
realtion 1 0
ukunft 55 0
osttags 1 0
bewilligte 3 0
isans 1 0
wuerdigte 3 0
minor 70 0
uptak 2 0
chwefel 3 0
zuruecke 5 0
segnest 2 0
jetzo 13 0
imme 6 0
prepayment 1 0
isani 1 0
identical 32 0
durchzuschlagen 1 0
gedraengt 20 0
jetzt 446 0
rges 3 0
rger 1 0
segnete 6 0
puberty 1 0
zurueckerwarten 1 0
cbtls 3 0
fortkommst 1 0
sitzest 2 0
rged 2 0
einschloss 1 0
ausdruecklich 13 0
egleite 1 0
imla 4 0
rgel 8 0
minny 2 0
unberuehrt 5 0
isami 2 0
dissimulations 2 0
successive 54 0
osttage 3 0
coates 1 0
untergekrochen 1 0
hristnings 1 0
desirous 118 0
beschweren 4 0
arstellung 22 0
beschweret 1 0
allensteins 1 0
curacy 2 0
attos 2 0
atton 3 0
weggereist 1 0
teaches 33 0
jueckt 1 0
spotteten 3 0
teacher 88 0
indpipe 2 0
rendred 1 0
similarly 17 0
defraying 39 0
roenlandsfahrt 1 0
immy 18 0
choosen 1 0
isaki 2 0
vicarious 3 0
chooser 1 0
tappen 1 0
chooses 37 0
kinsfolk 5 0
tapped 15 0
schermittwochsbetrachtung 1 0
ioclesian 1 0
immo 1 0
immt 5 0
gotter 21 0
elation 40 0
ausschaun 1 0
gotten 21 0
polive 1 0
unmanliness 2 0
bloodstone 2 0
ungestaltete 1 0
unorganised 3 0
abgespielt 1 0
agschein 1 0
silverware 5 0
horrified 12 0
impo 1 0
entgegenspricht 1 0
imps 10 0
nnecessary 1 0
unwandelbar 1 0
rusoe 1 0
dough 20 0
pannils 1 0
rivacies 1 0
elating 4 0
beschleunigt 2 0
herabgelassen 2 0
hinschleicht 1 0
reappoint 3 0
asthauses 1 0
ermehrung 3 0
rzeneien 2 0
polity 31 0
tutelage 3 0
imon 37 0
andkutschen 1 0
dditions 4 0
iiilly 1 0
nclinations 21 0
chattierungen 6 0
ewerbsleute 1 0
cordially 50 0
schwaende 1 0
ioscorides 2 0
polite 96 0
entertainment 57 0
mallet 5 0
verdorbner 1 0
inveighs 2 0
peepin 1 0
unreflecting 2 0
zertritt 1 0
fraught 18 0
persuadit 1 0
kreuzen 3 0
forthelfen 1 0
imri 2 0
ignited 1 0
legno 1 0
nticles 3 0
charnel 3 0
verlegte 1 0
detained 35 0
polish 18 0
onstitutional 15 0
allgemeinsten 3 0
segelte 1 0
audeat 1 0
imum 1 0
allgemeinster 1 0
irrigation 22 0
ontinuing 2 0
unguarded 19 0
aufzufangen 1 0
geschaukelten 1 0
lasscheiben 2 0
douce 5 0
entgegenkamt 1 0
hinthon 1 0
exorcised 1 0
lehrtest 1 0
russe 5 0
iants 3 0
anaiden 1 0
trauerte 2 0
aufkommen 1 0
judgments 32 0
doubt 1133 0
employing 84 0
puddling 3 0
trauerst 1 0
rkuehnt 1 0
duennas 1 0
uergerhaus 1 0
schallen 3 0
arasite 1 0
millennium 9 0
wheezy 1 0
salamander 5 0
geendigtem 4 0
hornsteinartigen 1 0
inveigle 2 0
laermenden 2 0
moderating 4 0
efilden 4 0
laermender 1 0
spanked 1 0
urotas 1 0
laermendes 1 0
spanker 1 0
heionoe 1 0
braeunlichen 1 0
legte 92 0
enhance 13 0
earles 2 0
kyarpet 1 0
rgon 1 0
fishwomen 1 0
purchase 350 0
purchasd 8 0
rgos 5 0
rnaehrer 1 0
rgot 1 0
esttagskleidern 1 0
imur 6 0
pimply 3 0
imus 2 0
moderation 58 0
anstossende 1 0
nackten 8 0
nacktes 2 0
nackter 1 0
twitted 1 0
hopkeepers 10 0
onstitutiones 1 0
amplius 1 0
legum 2 0
eroberten 1 0
watchword 3 0
complacent 6 0
ispens 1 0
twitter 2 0
eceived 13 0
pprehension 15 0
eceiven 1 0
poling 4 0
allotted 36 0
gefrornem 1 0
metamorphosis 3 0
dispers 1 0
eceiver 4 0
nterliess 1 0
ubstance 17 0
eceives 2 0
entreated 22 0
ongrush 8 0
peepul 3 0
superlatives 4 0
allurement 1 0
verboet 1 0
knickt 1 0
peedily 1 0
herauswaerts 1 0
chriftstellern 2 0
guerdon 10 0
hausen 2 0
hervorgerufen 5 0
chriftstellers 2 0
ianor 4 0
accidental 50 0
verstimmte 2 0
rusus 2 0
spankin 1 0
tryumphd 1 0
wealth 481 0
ianni 1 0
rusty 36 0
rquickten 1 0
postulate 1 0
uspicions 14 0
rusts 14 0
crumple 4 0
ianne 4 0
advancing 114 0
ruste 3 0
sprightly 10 0
berhaupte 1 0
hereintretenden 1 0
erbatojo 1 0
metamorphosed 4 0
verkuerzest 1 0
cyclone 2 0
eisenden 17 0
unessential 2 0
wildesten 1 0
prefect 6 0
bluehende 8 0
offenstand 2 0
metamorphoses 1 0
laengs 2 0
eisender 6 0
uschelwerk 1 0
apposed 1 0
unkempt 4 0
xorbitant 1 0
rdain 2 0
rejoyces 1 0
coasts 27 0
mystische 3 0
rgus 9 0
auseinanderzuzerren 1 0
refflich 2 0
dispens 2 0
pistols 27 0
herankommend 1 0
alapha 1 0
pistola 1 0
tulpen 1 0
ichtergemuet 1 0
inures 1 0
tricoli 1 0
grinding 26 0
hemostodice 1 0
minae 6 0
minah 2 0
rgya 1 0
ccomplices 3 0
verlegne 1 0
standest 5 0
verstreichen 2 0
einschichtig 1 0
inured 8 0
sciens 1 0
elative 1 0
ispels 1 0
ispeln 1 0
clientage 1 0
ollheit 6 0
eradicating 4 0
impheling 1 0
corollaries 1 0
pimped 1 0
hungrier 1 0
persuaded 153 0
revellers 2 0
absentee 3 0
absented 5 0
laenge 1 0
standers 3 0
achspuppen 1 0
gewaehrtest 1 0
erstopfet 1 0
lnath 2 0
persuades 2 0
commissary 4 0
interfere 116 0
intangible 7 0
constantia 1 0
aepfel 6 0
unueberwindlicher 2 0
feenhaft 1 0
unueberwindliches 2 0
unueberwindlichen 2 0
urueckkunft 8 0
fruchtreiche 1 0
edistribution 1 0
fehlenden 2 0
irchlein 1 0
uperintendant 2 0
asthmatic 1 0
grotesque 42 0
inal 5 0
ntileon 1 0
canoness 2 0
empfindlichen 3 0
inas 1 0
rgelschall 1 0
gudgeons 1 0
convivial 7 0
bendglanz 1 0
inab 2 0
scantness 3 0
empfindlicher 5 0
edistributing 1 0
ouvelles 1 0
siegend 1 0
inai 2 0
diplomatist 6 0
inah 10 0
einfache 10 0
squinted 1 0
eueren 2 0
uasimodogeniti 1 0
apaneus 1 0
inds 107 0
indu 7 0
aeuslichkeit 1 0
indy 16 0
longish 3 0
harmonize 3 0
hervorrollten 1 0
weedside 1 0
kinnen 1 0
inde 80 0
kinner 2 0
versprochen 34 0
indi 2 0
nachspringen 1 0
wiedererhielt 1 0
wirfst 1 0
siegelt 1 0
ariens 1 0
bazaars 1 0
testimonials 4 0
palliation 2 0
ince 432 0
siegeln 2 0
inci 6 0
inch 223 0
spiritualistic 14 0
mimes 1 0
infa 1 0
rusca 3 0
elucidation 4 0
uncoverted 1 0
lookout 11 0
legal 370 0
grosse 293 0
palliating 1 0
strohlumpenen 1 0
aedchenkoepfchen 1 0
attenhall 1 0
ines 73 0
iner 23 0
espionage 2 0
inew 1 0
ariels 2 0
bukawa 4 0
regarding 133 0
uhestand 1 0
pessart 2 0
ined 1 0
onstitution 208 0
inem 14 0
apanese 302 0
ommissionership 1 0
inen 43 0
eispielen 3 0
rather 1639 0
orbidding 1 0
izarro 3 0
siandrism 1 0
harvesting 3 0
oepfer 12 0
oepfen 11 0
siandrist 1 0
wohltaetige 6 0
ewohnerin 1 0
ings 69 0
ingt 7 0
xceeding 3 0
echselkind 1 0
inge 111 0
proselyte 1 0
vormalige 1 0
praetors 2 0
delikaten 1 0
ingo 1 0
orkommnisse 1 0
feeeenig 1 0
cambric 5 0
misgiving 10 0
klingt 16 0
neigen 3 0
winepress 1 0
inke 9 0
jests 22 0
atuerlichkeit 6 0
legei 2 0
usiness 219 0
ittler 1 0
extempore 2 0
legen 33 0
legem 1 0
straitness 2 0
inexpressibly 9 0
enthauptet 2 0
mimic 13 0
klinge 1 0
leges 4 0
caitiffs 1 0
uebscheres 1 0
eitgenossen 4 0
gfragt 4 0
pretension 12 0
gesandt 4 0
inie 13 0
strologers 1 0
gehaeuft 5 0
glueckt 4 0
schauend 3 0
inis 2 0
onstitutionum 1 0
lockheads 3 0
upset 26 0
inly 3 0
ablaugnen 1 0
lossoms 1 0
noggin 1 0
cleanse 5 0
versiegenden 1 0
legge 1 0
nwesen 3 0
allervollkommensten 1 0
inky 5 0
discarding 1 0
kunstschwatzenden 1 0
underpferd 1 0
gefristet 1 0
olsena 1 0
gayly 10 0
spectacled 3 0
zusammenzustellen 2 0
pielpartien 1 0
vorhalten 1 0
chunkin 3 0
princes 262 0
berherrschaft 4 0
irtschafterinnen 1 0
spectacles 21 0
sweets 12 0
abbatstille 1 0
inks 7 0
ntersuchung 21 0
inkt 4 0
correspondences 3 0
inny 2 0
palliative 5 0
rusks 1 0
ausstatten 2 0
deluded 21 0
terribly 39 0
anaele 6 0
legie 2 0
sweete 27 0
gantee 1 0
leibenden 1 0
igismund 15 0
unpremeditately 1 0
inns 17 0
ermahnte 7 0
terrible 302 0
perforated 5 0
ckerland 1 0
instauravit 1 0
ebelbefinden 1 0
sheltering 6 0
alsely 1 0
inna 6 0
perforates 1 0
inne 178 0
schauert 1 0
drearier 1 0
lauscht 2 0
urymedon 1 0
bloodstained 1 0
lengthens 1 0
tipulations 2 0
umstaendlichern 1 0
beneficially 4 0
campanulas 1 0
christlicher 3 0
thennes 10 0
christlichen 5 0
dosia 1 0
cheapest 18 0
coincidences 8 0
blasphemers 1 0
rganic 1 0
tufts 11 0
askerade 5 0
ouquier 1 0
iraeeus 1 0
eingedrueckt 6 0
engenders 6 0
atson 10 0
courtesans 3 0
inexpressible 24 0
sweepy 1 0
inon 8 0
nvalides 1 0
inos 103 0
inor 90 0
auriston 1 0
inot 3 0
chaises 3 0
sweeps 17 0
uditor 1 0
campanula 3 0
ytherean 1 0
attis 1 0
enters 65 0
inse 1 0
attir 1 0
insi 1 0
attin 32 0
entern 2 0
anfahren 1 0
entere 1 0
enterd 9 0
stersonntag 1 0
saison 1 0
womanly 30 0
andleute 3 0
murmuring 25 0
ueberredungskraft 1 0
umhergetragen 1 0
disappearing 18 0
scratching 17 0
segnend 3 0
transliterated 2 0
avoided 85 0
overeignty 18 0
transliterates 1 0
dministring 1 0
promptitude 6 0
cleanin 1 0
zusammenstimmen 1 0
flache 8 0
alfridus 1 0
mplicuitque 1 0
parasitic 3 0
euerster 1 0
gazen 1 0
into 7709 0
gazer 3 0
ints 22 0
bemuehte 13 0
entete 1 0
attle 58 0
gazes 4 0
benign 24 0
uantum 5 0
etonymien 1 0
ummermuth 2 0
inta 1 0
pupillage 1 0
arrogates 2 0
inte 1 0
sunken 32 0
tartled 2 0
inflictions 3 0
inti 1 0
teachin 1 0
tufan 1 0
tufas 1 0
bersdorfer 1 0
arrogated 2 0
bureaucracy 12 0
inst 12 0
bestimmterer 1 0
descended 180 0
deludes 4 0
rhetor 2 0
neapolitanischer 2 0
overwork 4 0
infrequent 2 0
neapolitanischen 5 0
atter 228 0
ccused 6 0
attel 10 0
atteo 3 0
atten 23 0
cleanly 10 0
attei 2 0
iebesgestaendnis 1 0
entend 1 0
gunwales 3 0
diameter 93 0
imprisons 2 0
rchitecturally 1 0
anzukuendigen 5 0
einschlug 2 0
yoxed 1 0
attet 1 0
displaying 21 0
imprisond 1 0
gazed 96 0
isaea 1 0
armekiden 1 0
assurance 134 0
ccuser 5 0
inus 4 0
orethought 1 0
inur 1 0
charmed 37 0
entenz 1 0
langen 84 0
langem 8 0
ernardo 2 0
roessern 1 0
charmes 1 0
vertagt 1 0
charmer 5 0
langes 17 0
sitzend 25 0
langer 25 0
drearily 2 0
harmonies 23 0
orbeireitenden 1 0
incommunicable 4 0
substituieren 2 0
fondateur 1 0
zuzutun 1 0
eehelden 1 0
assacres 1 0
autumnal 15 0
lotery 1 0
kunstlebendigen 1 0
staked 13 0
eweggrund 1 0
hikers 1 0
erechtigkeiten 1 0
attie 9 0
uccumbed 1 0
jammernden 2 0
stakes 6 0
attic 8 0
unravelling 1 0
ernards 1 0
hawking 8 0
onnenglanz 2 0
parasites 4 0
staken 1 0
egrabenen 1 0
ruchbar 2 0
oblique 14 0
attan 2 0
renovelen 1 0
tuffs 3 0
ilkenny 1 0
exordium 5 0
ierchens 1 0
ncites 1 0
spaciously 2 0
patroness 17 0
attar 1 0
lefte 3 0
izards 1 0
harmonist 1 0
encrusted 3 0
eschlecht 33 0
beizukommen 4 0
flanzenzeugung 2 0
kaltbluetigen 1 0
thoericht 1 0
neigte 16 0
ermelinmantel 1 0
acapa 1 0
gelbhaeutiges 1 0
ueckenhafte 1 0
harmonise 3 0
ucenda 1 0
expostulation 7 0
mcicora 5 0
gullies 6 0
bravste 2 0
aufgehenden 3 0
wuerdigen 33 0
wuerdiges 5 0
wuerdiger 7 0
aufgehender 1 0
ripeness 4 0
canorum 1 0
excursion 34 0
rganum 27 0
eichennatur 1 0
aufgepraegt 1 0
ildmay 1 0
lefts 1 0
atsumever 2 0
aeckchen 4 0
sickerness 8 0
mperialism 9 0
beschwerte 3 0
endeavored 51 0
fastnesses 4 0
eruvian 1 0
mitigations 1 0
ovember 260 0
uenstlerschar 1 0
bemuehet 1 0
coarse 194 0
commination 1 0
uncertainties 3 0
bemuehen 10 0
vorgemeldeten 1 0
pitzedeiner 1 0
xhibition 8 0
herumkrabbeln 1 0
cleaner 4 0
vermessen 2 0
exigencies 26 0
altorientalischen 1 0
iderdown 1 0
wichtige 17 0
cleaned 21 0
leichgestimmter 1 0
zusammenschlagenden 2 0
teinkante 1 0
catered 2 0
aufgestutzt 2 0
unbezwungner 1 0
wunderbares 8 0
sanctifee 2 0
uechtigkeit 6 0
expostulating 3 0
risings 2 0
methodical 11 0
iobe 8 0
fortreden 1 0
mprovisatore 1 0
bolsters 2 0
avahaendler 1 0
ecapitulation 2 0
foggy 6 0
grinder 6 0
zuruecknahmen 1 0
taluses 1 0
lphonso 1 0
wunderbarer 5 0
wunderbaren 31 0
tufen 39 0
lphonse 5 0
mecanicien 1 0
chweden 1 0
winnowing 2 0
woodchucks 8 0
matings 1 0
unjustifiable 15 0
ipling 7 0
hiloktets 1 0
unfoermliche 2 0
seventies 2 0
agreement 104 0
kiesig 1 0
egetation 14 0
reshape 1 0
stoutly 10 0
bgrundes 1 0
anruft 2 0
derelict 1 0
levers 4 0
albanischen 1 0
agelschlossen 1 0
concensus 2 0
fortzubewegen 1 0
beware 37 0
aegide 1 0
frischere 1 0
bemerklich 5 0
umstehenden 1 0
utility 57 0
certifies 2 0
optimistic 1 0
fecerant 1 0
certified 9 0
quilibrium 2 0
irstcomers 1 0
baumreiche 1 0
absolved 6 0
ruggets 1 0
endicanti 2 0
aulwuerfe 2 0
euxippus 2 0
ordhunden 1 0
cellor 1 0
legality 3 0
chlafkamerad 1 0
auszublasen 2 0
ungrig 1 0
melancholic 3 0
ribe 22 0
bbaten 1 0
bescheiden 24 0
rian 10 0
verantworten 2 0
atriarchenluft 1 0
riam 15 0
rial 24 0
ausschlaegt 1 0
unglaubliche 7 0
riar 21 0
surrender 56 0
stampfend 3 0
troestlichen 3 0
intentions 65 0
hinueber 41 0
materials 243 0
addened 1 0
desola 1 0
indignant 52 0
eingehen 5 0
sailing 61 0
lanets 6 0
fliederwerk 1 0
iogo 1 0
befolgt 1 0
normous 2 0
punches 3 0
regatte 4 0
rida 1 0
egotiation 2 0
ridd 1 0
technical 22 0
puncher 2 0
uengsten 6 0
backside 1 0
ride 361 0
punched 5 0
spirited 91 0
euxippou 1 0
troestlichem 1 0
dating 10 0
legalize 3 0
herunterbrachten 1 0
itterstuecke 1 0
erschossen 10 0
nauseating 3 0
voelligen 19 0
voelligem 2 0
voelliger 10 0
eldengroesse 1 0
ntwined 1 0
rich 754 0
voelliges 3 0
rick 9 0
unterlieg 1 0
arnungen 2 0
rice 271 0
crazily 2 0
migrants 2 0
onderbar 7 0
ribs 30 0
ueberziehe 1 0
riff 6 0
rife 6 0
morrows 1 0
wringin 2 0
release 279 0
ssaulted 1 0
releasd 3 0
ispanice 1 0
weggeschafft 2 0
agglomeration 2 0
stouter 1 0
prettiness 8 0
ungrel 1 0
dovra 1 0
ries 23 0
rier 11 0
riet 4 0
reizehnte 1 0
rien 9 0
bewahr 1 0
catechism 11 0
anfertigte 1 0
chlachtbank 1 0
eipzig 19 0
polkas 1 0
catechise 2 0
inneren 3 0
innerem 1 0
dation 1 0
rieb 28 0
drachms 10 0
ried 9 0
aribbs 1 0
undeterminate 1 0
refreshments 9 0
iola 4 0
riel 7 0
ublished 7 0
rieg 25 0
rief 595 0
bewail 19 0
niedergelegt 5 0
echtsgelehrsamkeit 1 0
ntiphonere 1 0
baobab 4 0
eraeusch 14 0
riumphatoren 1 0
unordentlichen 2 0
jambeaux 1 0
istorique 4 0
holiday 29 0
racanon 1 0
particulere 1 0
peeren 1 0
coverts 4 0
rigr 6 0
auseinanderzuwickeln 1 0
ions 12 0
hollyhocks 2 0
thereabouts 4 0
uebersehe 4 0
peered 16 0
shanties 4 0
uncocked 1 0
unordentlicher 1 0
ablief 2 0
rigg 1 0
grandmother 59 0
llbogen 5 0
unvaryingly 2 0
einsamsten 2 0
heraufsah 1 0
herueberscheinend 1 0
rift 6 0
aufdrueckte 1 0
edburgh 1 0
hawkers 2 0
imboldened 1 0
intment 1 0
ommissioners 51 0
rchaean 11 0
depredators 1 0
unerlaessliches 1 0
epublikaner 1 0
ehemalige 4 0
schweigend 10 0
weaned 2 0
fortresses 23 0
presseth 2 0
conceptions 22 0
materialization 8 0
inexplicible 1 0
disdaining 7 0
taedtchens 8 0
acetiae 1 0
itizens 89 0
rauften 1 0
rincipal 7 0
annesgefuehl 1 0
lanell 1 0
anbringen 5 0
harsalia 3 0
utilina 1 0
pprenticeships 1 0
growen 7 0
rill 5 0
rile 3 0
greements 7 0
esolved 7 0
fliehender 1 0
growed 3 0
materiaux 1 0
coastways 2 0
esolves 24 0
stepdaughter 1 0
ublisher 6 0
aintains 2 0
permutation 1 0
bnormal 1 0
nachhelfend 1 0
innerer 4 0
freundlichst 2 0
inneres 5 0
erschaffe 1 0
fortressed 2 0
outgoes 5 0
adeligen 1 0
ilding 1 0
workable 1 0
naeherzubringen 1 0
possierliche 1 0
unparalieled 1 0
anchorites 1 0
erschafft 3 0
catechize 1 0
xekutionszug 1 0
agebutte 2 0
territory 123 0
rink 23 0
grovel 4 0
ring 338 0
ethereally 1 0
shift 42 0
rint 305 0
pocras 1 0
rins 2 0
underland 13 0
quaviva 5 0
inclemency 4 0
iots 2 0
rind 8 0
flanzenarten 1 0
durchlebter 1 0
screamin 1 0
ensuing 25 0
iota 3 0
rimm 4 0
eiratsvorschlag 1 0
isdon 1 0
isdom 142 0
rims 3 0
rimo 1 0
chaired 1 0
dictionary 7 0
rime 53 0
rima 2 0
leise 81 0
disunion 9 0
felucca 1 0
stolzer 2 0
stolzes 2 0
stolzen 3 0
wegzufallen 1 0
downa 2 0
surmounts 2 0
rips 4 0
leiss 30 0
uebersendung 1 0
benher 1 0
ripe 80 0
protested 80 0
edenklichkeiten 9 0
rion 4 0
riot 24 0
abcock 6 0
andalism 1 0
rior 13 0
ious 5 0
absolute 282 0
rinz 86 0
ioux 3 0
mmortals 4 0
oices 6 0
sweaty 1 0
groves 36 0
icolosi 1 0
ioye 1 0
documents 31 0
sweats 2 0
levees 1 0
mystification 3 0
documenta 1 0
etterfahne 1 0
leite 1 0
endeavours 74 0
flambeau 2 0
overrating 2 0
egyptians 1 0
umpfheit 1 0
catholiques 1 0
neebours 2 0
oambleibn 1 0
beigefuegten 1 0
ugliness 29 0
swears 10 0
ittagwind 1 0
ritt 66 0
tagecoachmen 1 0
rits 2 0
driatic 6 0
rito 2 0
schweigest 1 0
gleichgueltiges 1 0
ritz 35 0
gleichgueltiger 2 0
uvergne 2 0
spiritus 1 0
sweare 3 0
strankle 1 0
uldreich 1 0
spiritum 1 0
gleichgueltigen 11 0
egruesst 1 0
disunite 2 0
shied 2 0
dungarees 7 0
dowie 3 0
rite 23 0
beengt 2 0
risp 18 0
riss 28 0
gentilest 5 0
gentiless 4 0
shies 1 0
operibus 1 0
alanne 1 0
triennial 1 0
eiberkleider 1 0
rist 10 0
emperours 1 0
mriss 7 0
detailed 21 0
ranitgeschiebe 2 0
strafwuerdig 1 0
rish 81 0
etalle 1 0
risk 174 0
rise 583 0
kuriert 5 0
enigkeiten 1 0
herzlichste 3 0
errgottn 3 0
melancholly 6 0
berdeen 11 0
educations 2 0
ueberzieht 1 0
unglueckselges 1 0
rivy 6 0
exiled 20 0
uperintendent 8 0
zerschmolzene 1 0
rive 15 0
tremens 1 0
exilen 1 0
protectionists 2 0
derbilt 1 0
rius 2 0
achmittagsandacht 1 0
idealism 5 0
atirical 1 0
shipd 1 0
tribunals 20 0
celled 1 0
shipp 1 0
ships 174 0
raters 2 0
utilize 3 0
flagless 1 0
idealist 2 0
felling 4 0
rium 1 0
atwin 1 0
romanticists 1 0
roprietor 14 0
dower 3 0
egyptiaca 1 0
uroram 1 0
arkening 1 0
spaniel 11 0
aupteingang 3 0
dowdy 1 0
innerst 1 0
wistful 19 0
agotte 1 0
herausstehen 1 0
yrtensprosse 1 0
itting 11 0
boehmischen 1 0
earner 1 0
exiles 5 0
shire 20 0
ertruemmerte 1 0
exiler 1 0
nhumanity 4 0
tentative 2 0
ariant 1 0
arians 1 0
shirt 89 0
erwirrungen 2 0
heapside 5 0
levell 2 0
cinematograph 2 0
ariane 50 0
levels 16 0
repeople 2 0
ariana 4 0
philan 1 0
constantly 304 0
ltershofen 1 0
earned 66 0
ornwall 9 0
rize 20 0
irradiated 1 0
cellar 67 0
orient 5 0
ipan 2 0
meinigen 20 0
oriens 1 0
bescheidne 4 0
enkmal 9 0
shill 3 0
indifferent 154 0
chaunting 1 0
screamed 40 0
aberglaeubischen 1 0
unworthy 102 0
cellam 1 0
vorgefabelt 1 0
decanters 1 0
rchaeus 1 0
sorgtest 1 0
hreats 3 0
bekaeme 2 0
collaborated 1 0
telegraphing 2 0
avisand 1 0
tremely 1 0
durchgenommen 1 0
ebensende 1 0
auszuzieren 1 0
erichtshaltern 1 0
ungfern 1 0
dawdles 1 0
devoureth 2 0
olidity 3 0
bermalige 1 0
adhering 13 0
shine 72 0
dawdled 1 0
verderblichen 3 0
bewegtes 2 0
turrets 20 0
shiny 13 0
shins 2 0
bewegten 25 0
bewegtem 1 0
oneself 14 0
aechern 6 0
runzlichter 1 0
aechers 1 0
camels 135 0
quaelest 1 0
zurueckgelegt 10 0
leiad 4 0
orrain 1 0
anzuhalten 2 0
krumm 2 0
surfers 1 0
dishabille 1 0
rejoinder 9 0
grouse 7 0
riefwechsel 2 0
neglect 136 0
retrograding 1 0
despis 5 0
employers 35 0
ipen 1 0
snappish 1 0
ipes 4 0
iper 4 0
engineers 16 0
illogically 1 0
ruinieren 1 0
origny 2 0
firework 1 0
opital 1 0
pubished 1 0
apocryphal 2 0
innovating 2 0
nfailingly 2 0
dispise 1 0
douze 1 0
straitened 6 0
leibt 13 0
chutzpatronin 1 0
ansteigende 2 0
disclaimed 6 0
aricks 1 0
anzeichnen 1 0
leich 22 0
lynching 2 0
ebild 2 0
ction 73 0
disclaimer 4 0
innovation 19 0
ceaseless 28 0
eulschlaege 1 0
eingeredet 1 0
omptroller 3 0
leibe 4 0
cting 16 0
kreischte 1 0
leibo 1 0
leibn 1 0
uschenbroek 1 0
leidt 4 0
tributaries 18 0
counterbalances 1 0
stairs 132 0
unverlierbares 1 0
unvollendet 3 0
stealthy 13 0
doute 2 0
generosity 48 0
counterbalanced 5 0
hoelzernen 7 0
leien 1 0
ukukes 1 0
amalgamation 4 0
offenbarte 2 0
decollete 2 0
unbenutzt 1 0
yoming 10 0
cameos 3 0
innerliche 10 0
andhaeuser 3 0
ebiet 4 0
faehige 1 0
douse 1 0
alcoholics 2 0
achsmalerei 2 0
leide 19 0
llegorische 1 0
rquickung 6 0
ipio 1 0
leids 1 0
metier 1 0
contortions 7 0
snapping 4 0
acchi 1 0
origin 167 0
herumzsuchen 1 0
dozing 6 0
cavillers 1 0
modestly 21 0
ornende 1 0
curtained 5 0
xcavation 1 0
blaulich 1 0
dugout 1 0
spanish 1 0
ufschrift 2 0
zusamt 2 0
languorous 1 0
imbrued 3 0
wabian 1 0
usfahrenden 1 0
bezuechtigt 1 0
eligions 6 0
amalgamating 1 0
origia 1 0
wohlueberdachten 1 0
atuta 1 0
wohlueberdachtes 1 0
zugleich 185 0
transcribe 71 0
chorowicz 1 0
transcribd 1 0
ertraue 2 0
bitterness 77 0
verstimmen 1 0
friedlich 8 0
asenjaeger 1 0
ausschlafen 1 0
darstellen 17 0
mplicit 1 0
paradiesisch 2 0
camest 1 0
salvashun 2 0
malign 13 0
onorable 8 0
ohammed 28 0
unsaubrer 1 0
abylonia 1 0
aecheln 34 0
origen 12 0
elborne 2 0
amplify 2 0
reslau 7 0
origer 1 0
reslaw 1 0
escoeur 1 0
ouderc 1 0
schematisieren 1 0
dmonished 1 0
ippo 3 0
windings 10 0
aeckerling 2 0
camera 3 0
exuberant 6 0
remembrance 87 0
dwellinghouse 2 0
cravings 2 0
biologic 1 0
univarsaly 1 0
rmanglung 2 0
despot 27 0
ippe 9 0
hoelzernes 1 0
verbose 2 0
asperities 1 0
aschine 2 0
bandaging 1 0
nipping 2 0
hergelaufene 2 0
domination 24 0
cleanest 5 0
ipsa 3 0
ferociously 5 0
ipse 3 0
hallelujahs 1 0
ipsi 1 0
tiefempfindende 1 0
nbestaendigkeit 5 0
weaving 42 0
cribblative 1 0
ypocritical 1 0
antique 37 0
torches 14 0
hobbled 12 0
unterstuetzte 3 0
asylums 3 0
dominating 7 0
stiegen 20 0
erwaehlend 1 0
isbon 40 0
abwendend 1 0
remitting 3 0
merkend 1 0
vorhaben 2 0
hobbles 2 0
entrichten 4 0
zuwider 23 0
malice 62 0
entrichtet 1 0
vorbeiritt 3 0
oftner 3 0
ntertassen 1 0
audate 2 0
threshing 11 0
eligious 39 0
gelingen 12 0
aturn 19 0
nmuts 3 0
mimicry 4 0
ature 492 0
domiciliary 2 0
atura 2 0
ertrank 1 0
leine 81 0
ipso 2 0
phoenix 3 0
surfeit 1 0
encumberance 1 0
painting 77 0
ertrand 3 0
crumbling 25 0
ipsy 3 0
valves 13 0
amounting 29 0
ortherners 1 0
ainters 1 0
agitator 3 0
diploma 3 0
genores 1 0
lechhaube 1 0
appertaineth 5 0
ebhuegel 1 0
marabou 1 0
forementioned 1 0
anacee 2 0
erlogner 1 0
halbentwickelte 1 0
lehnt 6 0
crownes 8 0
donated 6 0
uffhead 1 0
minus 12 0
stattgefunden 1 0
ayland 3 0
leidlich 15 0
troemungen 3 0
andusky 1 0
ruton 1 0
schnelle 5 0
thenians 20 0
alsche 4 0
offenbaren 3 0
rozess 6 0
minui 1 0
offenbaret 1 0
brithermen 1 0
entlangreiten 1 0
fideicommisses 1 0
nemosyne 2 0
mints 7 0
zusprachen 1 0
speculate 16 0
whirling 21 0
ueberdachte 3 0
tieferes 1 0
aprice 1 0
ophienmoschee 1 0
perdurable 3 0
othschild 1 0
tieferen 2 0
crowned 84 0
ebecca 60 0
unjaded 1 0
exporting 28 0
ableiteten 1 0
bestimmtest 1 0
fifers 1 0
diadem 4 0
devotedly 2 0
doves 17 0
interlining 1 0
argilla 1 0
alazzata 1 0
luebeard 1 0
rutus 15 0
abolishes 3 0
zurechtegestellt 1 0
egruendetes 1 0
caverned 2 0
conscientious 30 0
egeisterung 18 0
trilled 1 0
abolished 41 0
lehre 2 0
prescience 12 0
endeavoring 40 0
ucelle 1 0
aturwissenschaft 1 0
rutty 1 0
uidest 1 0
lehrt 8 0
chancellor 29 0
rhubarb 2 0
obscure 86 0
ambassade 1 0
eueste 1 0
ationaltheaters 1 0
ertrags 1 0
stehenbleibt 1 0
hervorquellen 1 0
rashalmen 1 0
ertrage 2 0
iaour 3 0
angeschirrt 1 0
hetzte 2 0
oenigssohn 5 0
ische 96 0
curtseyed 3 0
democratical 14 0
uynes 1 0
throttling 1 0
lanetary 1 0
puerile 13 0
ygang 5 0
eingegossen 2 0
apsburgs 1 0
lavonians 4 0
darstellte 10 0
nlucky 2 0
angestrichen 9 0
uncivilly 1 0
eingeschenkten 1 0
geschoren 2 0
foist 2 0
krude 1 0
incarcerations 1 0
stains 6 0
lasterhaften 1 0
depresses 1 0
ommodore 4 0
rupees 8 0
oible 2 0
staing 4 0
uhmsuechtigen 1 0
hetzen 2 0
prachkuenste 1 0
depressed 30 0
ctium 2 0
fuenfgezackte 1 0
voluntary 91 0
isces 4 0
schematisierte 1 0
ebirg 23 0
watercourses 9 0
foire 1 0
method 339 0
gestraeubt 1 0
rondpoints 1 0
abgeschnitten 12 0
examples 92 0
coveted 18 0
quadukt 1 0
premonition 11 0
reitenfeld 1 0
witzerlande 1 0
sozusagen 3 0
riveters 4 0
freundlicher 12 0
freundliches 8 0
transcript 3 0
entham 5 0
ragsteinlein 1 0
holiest 4 0
herauszuklauben 1 0
tuhle 7 0
accus 1 0
starched 9 0
elfenstein 2 0
zulispelt 1 0
angenommener 2 0
ewegen 1 0
herumzieht 1 0
aspersions 3 0
mentioning 47 0
ctive 7 0
ungekuenstelt 1 0
entrifugal 2 0
ebiss 2 0
enregister 1 0
esittete 1 0
staind 2 0
herumziehe 1 0
throttled 2 0
perswasion 1 0
verschmausen 1 0
aufhielten 2 0
iscay 3 0
beibehalten 1 0
realistic 6 0
successes 18 0
ussweg 2 0
firewood 4 0
foils 2 0
accom 2 0
angenommenen 2 0
avoiding 48 0
development 117 0
zusagt 3 0
hillocks 4 0
ibelwahrheit 1 0
freundlichen 19 0
freundlichem 2 0
pistles 5 0
uutuned 1 0
ground 1179 0
flanzen 29 0
moonlight 87 0
nowhars 2 0
jeune 2 0
pretexts 5 0
stateliest 3 0
affairs 453 0
ausgeuebten 1 0
bedenklichem 1 0
warmest 42 0
bedenklichen 4 0
confidence 266 0
groups 35 0
vchen 1 0
ourishment 2 0
hineinkommt 2 0
unskilled 9 0
eography 8 0
krampfhaften 2 0
compliance 77 0
bedenklicher 5 0
roasted 20 0
unterstuetzen 1 0
ucclasse 1 0
mineralogischer 1 0
ffort 8 0
alauns 1 0
forages 1 0
wastes 20 0
waster 1 0
zusagen 4 0
artinico 2 0
wasten 3 0
explanation 178 0
andmann 2 0
cupiditas 3 0
evisal 1 0
wastel 2 0
jointed 3 0
hinziehend 1 0
stillehielt 2 0
wasted 76 0
ungehindert 8 0
exporters 5 0
souverain 1 0
eblot 1 0
ueberschritt 1 0
ibyllen 3 0
umpback 1 0
dutiable 1 0
thoughtfully 38 0
lanctu 2 0
eveille 1 0
folly 202 0
badeten 1 0
hinzuzufuegen 1 0
estraeuchen 1 0
kennenlerntest 1 0
ntuition 1 0
lifters 1 0
popinjay 6 0
ennonite 1 0
tambourines 2 0
rotesilaus 2 0
sharpen 8 0
stupefaction 9 0
fencers 1 0
sharper 10 0
sharpes 1 0
ischbeinischen 1 0
cicatrice 1 0
evised 3 0
ryopes 1 0
beausire 1 0
sharped 1 0
devallt 2 0
souhaite 1 0
undowered 1 0
efangenschaft 8 0
echnungen 2 0
sharply 58 0
enatoren 1 0
portalled 1 0
folke 13 0
lifteth 1 0
ochloecher 1 0
uehrung 21 0
impalpable 3 0
patronage 60 0
dismount 13 0
espoette 1 0
untersteht 1 0
fochten 2 0
strident 2 0
citron 3 0
curers 2 0
erased 7 0
restaurieren 1 0
hwarted 1 0
treasury 56 0
ygeia 1 0
erwachsener 2 0
mirna 5 0
ferdchen 1 0
folks 101 0
reappearance 2 0
instinktiver 1 0
erwachsenen 2 0
mismanagement 6 0
chwertstreich 1 0
unterstehe 1 0
curest 1 0
unmoegliche 1 0
fanatical 15 0
ygeen 1 0
treasure 145 0
properest 4 0
unpowder 5 0
opulace 6 0
ryopia 1 0
aernhaeuters 3 0
artistique 1 0
shrugging 3 0
iario 1 0
ztecs 2 0
ryopis 1 0
folio 9 0
weicher 3 0
weiches 4 0
wonning 2 0
achforschung 2 0
weichen 27 0
penner 1 0
monuments 41 0
gluehte 3 0
thornless 1 0
taendelhaften 1 0
unthanked 1 0
moiety 1 0
ntlassung 2 0
ewoehnt 1 0
aeltester 11 0
adeiras 1 0
feukranz 1 0
stienne 1 0
aeltesten 23 0
fischreiche 1 0
abzuschaffen 1 0
folgt 29 0
textes 24 0
fruitlessly 4 0
hinterbrachte 1 0
ertrautesten 1 0
ijlah 1 0
portholes 1 0
jointly 18 0
shley 13 0
folge 6 0
hilippeaux 1 0
assisted 109 0
hampartie 1 0
emmensammlung 2 0
regardful 1 0
penned 6 0
euererzeugnis 1 0
fflicted 4 0
ranichtanz 1 0
thusiasm 1 0
owmintrduce 1 0
rdinance 1 0
folds 33 0
akobus 1 0
conveyances 7 0
rogress 93 0
festsetze 1 0
vorgaengigem 1 0
vorgaengiger 1 0
migrashun 1 0
aulhirschkuh 1 0
nwendung 14 0
bought 213 0
boughs 65 0
wohlgebildeten 7 0
wohlgebildetem 1 0
impressions 68 0
selbstgefaelliger 1 0
selbstgefaelligem 2 0
wohlgebildeter 3 0
wohlgebildetes 3 0
cajoleries 1 0
blinzte 1 0
charred 12 0
concupiscent 5 0
mirth 84 0
adminiration 1 0
equisitions 3 0
nbehaglichkeit 2 0
augenblickliches 3 0
imposed 210 0
stomata 1 0
environments 3 0
davonging 1 0
missives 3 0
cutlery 4 0
ique 2 0
broadening 2 0
grindeth 1 0
professionally 3 0
wastin 1 0
augenblicklichen 8 0
diminuetur 1 0
enhardt 5 0
imposes 21 0
stationers 1 0
erasle 1 0
sassier 1 0
eefahrt 4 0
hartnaeckiges 1 0
usschau 2 0
waessrichten 1 0
gagements 1 0
stationery 2 0
hartnaeckigen 2 0
verification 4 0
distraught 4 0
battail 1 0
unstfreunden 1 0
untowardly 1 0
veritabyll 1 0
ierzon 2 0
lanche 18 0
inkaret 2 0
phimus 1 0
zugreifen 3 0
verfressen 1 0
icksburg 2 0
verjammert 1 0
lancet 5 0
lances 13 0
oblong 29 0
agitated 67 0
beetle 24 0
esindel 3 0
abuino 1 0
design 211 0
ersterben 1 0
lanced 1 0
ausschlagen 3 0
ebles 1 0
ebler 1 0
jenseit 2 0
angordnung 1 0
untheit 1 0
arivansa 1 0
kinked 1 0
ebereilung 1 0
drittens 1 0
euphemism 1 0
ueberwaegen 1 0
monumenta 1 0
plunder 55 0
todkrank 1 0
abgelegenen 3 0
isery 20 0
landen 3 0
inunda 1 0
lander 6 0
fracture 1 0
muskrat 1 0
istresses 11 0
osterity 31 0
uppers 2 0
festoyer 1 0
esichtsmaske 4 0
rbeitsleute 2 0
gutmuetig 4 0
landed 115 0
eclarationis 1 0
conceitedly 1 0
villanies 1 0
enquirers 2 0
astracani 2 0
allodri 1 0
iebeswunden 1 0
epistle 19 0
conglomerates 1 0
zufrieden 112 0
anchester 16 0
ueberschrieb 1 0
sequor 1 0
loszuwinden 1 0
grinders 4 0
usterhaft 1 0
belohnte 4 0
willkomm 4 0
phenomenally 1 0
istressed 2 0
trombones 1 0
laudinens 1 0
ichiren 2 0
unending 6 0
standing 521 0
clientele 1 0
gegliederten 1 0
unsuitableness 1 0
tukko 1 0
undersized 3 0
irascibly 1 0
anthracite 1 0
durchgaengiger 1 0
bendbrot 2 0
exploding 2 0
uchthaus 1 0
dirois 1 0
cupation 1 0
intoxication 19 0
spanola 1 0
fluechtigem 2 0
pronounces 14 0
hervorblicken 1 0
lackmail 1 0
inherent 30 0
cbyls 1 0
echnerei 1 0
paralogisms 2 0
pronounced 121 0
fluechtiges 1 0
foerdernis 1 0
fluechtiger 2 0
immelhoch 1 0
disappears 26 0
fluechtigen 8 0
oncealing 1 0
wastry 1 0
allegorisieren 1 0
ntersuche 1 0
laerchen 83 0
trollopin 1 0
coaxed 10 0
disappeard 1 0
employees 14 0
ubjection 4 0
olatto 1 0
cornplete 1 0
sprechend 3 0
uskete 1 0
lcamenes 2 0
traegst 6 0
gesessen 9 0
lcamenen 1 0
trespass 30 0
ehrfurchtsvolle 1 0
zusammenschrumpft 1 0
afenplatz 1 0
standish 1 0
orrass 1 0
pheasant 5 0
uskets 1 0
usketo 2 0
gestiegen 7 0
slither 1 0
attentions 55 0
atyrs 8 0
marital 3 0
ltezza 1 0
ussland 2 0
arrenszenen 1 0
hochbegluecktes 1 0
mispainted 1 0
heretics 25 0
malgre 3 0
rdens 4 0
redressed 5 0
apitol 31 0
stumpften 1 0
ausserordentlichsten 2 0
hortly 18 0
zufluesterten 1 0
iram 45 0
impertinence 20 0
roemmigkeit 11 0
irau 1 0
gluehen 5 0
starling 1 0
eleskop 1 0
stanza 41 0
duellieren 1 0
standith 1 0
infecting 1 0
blinzen 1 0
aggrandisement 3 0
infection 10 0
leming 7 0
bgehen 5 0
mired 1 0
conditionally 4 0
achstums 3 0
irds 18 0
gluehet 2 0
eipsig 1 0
intoxicating 11 0
mitation 12 0
desist 15 0
concourse 8 0
eipsic 3 0
monopolised 6 0
irde 1 0
predatory 2 0
desird 1 0
desire 666 0
uenglings 9 0
zweckmaessige 3 0
erkundigten 4 0
irby 2 0
smeared 13 0
uggestion 4 0
uenglinge 12 0
irce 7 0
oldader 2 0
irch 3 0
tropfenweise 1 0
rders 36 0
onductors 7 0
civilization 89 0
ungelehrigen 1 0
gropes 5 0
iarum 1 0
stomach 61 0
irascible 4 0
liegend 9 0
belohnen 12 0
umstuermt 1 0
abolitionist 9 0
groped 10 0
abolitionism 2 0
belohnet 1 0
prescribe 24 0
enschenkraft 2 0
liegent 1 0
nsinniges 1 0
ueberwindest 2 0
imports 22 0
erlernen 1 0
frippery 3 0
ires 26 0
seldomer 1 0
eafaring 2 0
ommemoration 2 0
sailors 58 0
distrust 49 0
uftroehre 1 0
zusammengepackte 1 0
abigangen 1 0
ired 9 0
mitating 1 0
nsinnigen 3 0
orrals 3 0
apiths 1 0
etronius 2 0
ortschreiten 2 0
fuller 31 0
antiperistasis 1 0
worships 4 0
ueberbleibenden 1 0
verfolgt 13 0
worshipp 1 0
oosened 1 0
embracements 1 0
irgo 3 0
applying 48 0
prichwort 2 0
erwundeten 9 0
verklingen 1 0
irgt 1 0
lemish 12 0
verfolge 2 0
pennon 3 0
ausages 1 0
irge 3 0
fulfilling 19 0
peepholes 1 0
angelegensten 1 0
bsurdities 3 0
obertsons 1 0
unstgegenstaende 1 0
snipped 3 0
tafelnd 1 0
quengeln 1 0
echanical 2 0
iris 8 0
seamless 5 0
ashburn 18 0
edeutsamkeit 4 0
ruehstuecke 1 0
gruebelte 1 0
hneten 1 0
venture 188 0
venturd 8 0
chweine 4 0
draengende 1 0
aponicum 3 0
irid 1 0
entferntern 2 0
quartered 22 0
horter 6 0
irin 1 0
vorlaeufig 4 0
beruhigst 2 0
irls 21 0
verminderte 1 0
mutilations 2 0
voluminose 1 0
illions 18 0
irma 1 0
arrara 13 0
beruhigte 12 0
originating 6 0
dmirable 3 0
maggots 4 0
haunts 27 0
gerfalcon 1 0
menacingly 1 0
rles 34 0
gebessert 6 0
hireable 1 0
irkt 1 0
yphoon 2 0
parvenu 5 0
solitum 1 0
eigentuemliche 6 0
atonement 14 0
tugboats 1 0
asterted 1 0
irke 1 0
unzaehlige 19 0
vorsichtig 14 0
disgrac 1 0
belabour 2 0
ineffable 8 0
scheinbarsten 1 0
eraten 1 0
ortrefflicher 1 0
inconvenient 45 0
chweiss 4 0
unzaehlich 1 0
aubvoegel 1 0
irne 5 0
gleicher 38 0
gleiches 7 0
errified 2 0
gleichen 44 0
zosusagen 1 0
gleichem 13 0
ellmour 1 0
anbietet 3 0
aeternaque 1 0
zugericht 1 0
zaehlt 6 0
irna 5 0
ordertatze 1 0
electrified 9 0
origination 2 0
zaehle 4 0
solennen 1 0
zaehln 1 0
bsorbed 1 0
anbieten 7 0
artiality 13 0
aussehenden 1 0
grooms 7 0
hervorblickte 1 0
stufenartigen 1 0
zerstueckelten 2 0
aussehender 1 0
onquistadore 2 0
affiance 2 0
gesticulate 1 0
ausgeuebt 6 0
cavern 15 0
interlinked 1 0
irol 4 0
iron 389 0
drischt 1 0
staple 10 0
answers 95 0
chweige 1 0
conformation 3 0
irse 5 0
skaddle 2 0
approacheth 3 0
paragraphs 13 0
collaborator 1 0
regardeth 1 0
lbinus 5 0
irrt 4 0
answerd 7 0
fokes 59 0
gewinnsuechtigen 1 0
haraktere 12 0
abgelaufen 2 0
pringle 6 0
dowry 8 0
wizardry 2 0
chweife 2 0
rdwinkels 1 0
irre 22 0
aufdemonstrieren 1 0
bbetracht 1 0
harakters 14 0
oumans 1 0
philon 1 0
haraktern 2 0
allzuzaertliche 1 0
trictly 3 0
chachteln 2 0
assompierres 2 0
monopolists 8 0
ekorationen 12 0
philoi 1 0
longest 28 0
utcheson 3 0
stablewards 1 0
egignation 1 0
innovators 5 0
oisonous 1 0
quarterly 7 0
bouffe 1 0
longeth 10 0
magpies 4 0
uppeln 5 0
vergangne 1 0
irts 5 0
irtu 1 0
irty 2 0
seigniors 1 0
haltst 2 0
dissever 2 0
ansteckendes 1 0
irte 11 0
irth 19 0
saeumten 1 0
machina 3 0
machine 163 0
verziehenden 1 0
irst 278 0
herieth 1 0
dauchten 1 0
leutherne 1 0
angehefteten 1 0
ausserordentliche 11 0
zaeher 1 0
chlafgeld 1 0
obieski 1 0
practically 101 0
unmixables 1 0
urchins 6 0
braeunlich 2 0
crookedness 2 0
sinnreich 1 0
camlet 2 0
obiesky 2 0
gullets 1 0
angehoerte 1 0
stingin 1 0
downy 4 0
downs 6 0
ispart 1 0
intervales 2 0
alsity 1 0
ausdenkt 1 0
laehmt 2 0
cousinship 1 0
kaeme 25 0
logieren 2 0
monograph 9 0
taggerish 1 0
aturleben 2 0
ielpunkt 1 0
hinaufgestiegen 2 0
pollen 2 0
groove 7 0
einstmal 1 0
chauplatze 3 0
hinderlichen 1 0
sepulcher 2 0
uskeln 4 0
echanicks 2 0
olizeischranken 1 0
chwimmgebaeude 1 0
singularly 56 0
anymeds 1 0
machirs 1 0
gesponnenen 2 0
ornelis 12 0
uerkenzug 1 0
derbern 1 0
vorspiegelt 1 0
trenuous 1 0
ornelia 1 0
nventario 1 0
forbearing 11 0
pulling 54 0
thyself 66 0
vorspiegeln 1 0
pantomimischen 4 0
kidnapper 3 0
sraelite 2 0
gefallenen 2 0
hinwegwischt 1 0
kidnappen 1 0
scream 34 0
delectables 1 0
teinbrockens 1 0
incentians 3 0
isere 2 0
evereux 2 0
irza 3 0
distinguish 139 0
irzl 1 0
decorative 8 0
fishworms 2 0
gefallende 1 0
irtues 35 0
undament 3 0
haunch 2 0
verbirg 1 0
ruyere 2 0
othermanite 1 0
alklager 1 0
ebornen 1 0
uillermins 1 0
danseur 1 0
coverin 1 0
kidnapped 3 0
uropaeer 4 0
zerfloss 4 0
abdidit 1 0
farmhouses 5 0
gushin 1 0
overvalued 3 0
prominent 73 0
lphabete 1 0
nbeschenkt 1 0
angehoeren 5 0
jewel 21 0
rsachen 36 0
hauncy 2 0
zusagte 4 0
freakishness 1 0
hinking 19 0
overvalues 1 0
reprehension 1 0
assandrea 1 0
oenigstracht 1 0
vergangen 10 0
broadest 3 0
unterhielt 29 0
alaval 1 0
eadenhall 1 0
entame 1 0
abandon 84 0
iterary 50 0
njured 1 0
onstantinople 34 0
broadens 1 0
beruhigen 25 0
durchbrennt 1 0
tranquilly 8 0
onstantinopel 2 0
verbind 1 0
beruhiget 2 0
aegerhause 1 0
everere 1 0
motorcycle 1 0
aprons 2 0
absieden 1 0
hesitated 89 0
tranquille 1 0
devotees 10 0
alaestina 1 0
dispatching 1 0
amehameha 9 0
lotahs 1 0
ffray 1 0
rmseligkeiten 1 0
hesitates 6 0
erasus 1 0
kidnappin 1 0
unterliessen 2 0
yrrhene 1 0
zerbeisst 1 0
alkberg 1 0
einsitziges 1 0
isbl 4 0
barrister 6 0
geritten 11 0
kuesstest 1 0
innehmende 1 0
verdrossen 5 0
olymedes 2 0
centipedes 4 0
ungodly 7 0
mansion 53 0
emained 1 0
entail 17 0
everenz 3 0
enunciated 8 0
isas 5 0
puggaree 1 0
decimals 1 0
penmen 1 0
caveat 1 0
engluting 1 0
reasoning 186 0
everend 45 0
cockneyfied 2 0
pihikao 1 0
ohicans 1 0
geschaeftig 18 0
iderspruch 11 0
icenser 1 0
decoration 15 0
icenses 1 0
druckt 1 0
passionately 34 0
decorating 3 0
implanted 16 0
rophonius 1 0
traceable 2 0
dedications 16 0
filtring 1 0
anifestly 1 0
isca 1 0
elbstlob 2 0
erzogtum 1 0
isch 92 0
broadcast 9 0
rumschreist 1 0
decanted 1 0
orality 38 0
pamphleteer 4 0
agdtasche 1 0
elbstbetrugs 1 0
eltnes 1 0
oenchen 4 0
ttending 1 0
decanter 7 0
sepulchre 10 0
sepulchra 1 0
isen 14 0
heriffs 7 0
iser 5 0
andwerksbuden 1 0
ises 2 0
entaur 5 0
ehnsuechtigen 1 0
geschleppt 1 0
oftore 2 0
tightness 4 0
ekeln 3 0
alsies 1 0
eewesens 1 0
nsichtbaren 4 0
ekelt 1 0
impurities 7 0
isht 1 0
relinquishing 3 0
belaestigen 1 0
stillesteht 1 0
resses 4 0
freting 1 0
aufhetzen 3 0
ineffably 1 0
weiterschicken 1 0
isha 1 0
anstossend 1 0
olgenden 7 0
flachliegenden 1 0
riasbrief 1 0
nachfolgenden 1 0
rmar 7 0
zuendeten 3 0
ishi 1 0
ubalis 10 0
stillestehe 1 0
halted 60 0
depopulate 2 0
doorways 12 0
armorbild 2 0
latonischen 3 0
unhusked 1 0
misled 33 0
halten 232 0
halter 10 0
haltet 9 0
covered 565 0
eprehension 3 0
juengern 5 0
atherers 2 0
juengere 13 0
cleverer 5 0
olecisms 1 0
rteiler 1 0
outright 17 0
uropaeum 1 0
beherzigen 2 0
disdainful 9 0
public 1827 0
ltmunster 1 0
rteilen 4 0
evolvermann 1 0
isguises 3 0
recoiling 5 0
ontumely 1 0
lockenzeichen 1 0
imposts 5 0
isit 33 0
perching 3 0
mouthpieces 2 0
heaviest 18 0
horsed 1 0
ressen 6 0
garrison 38 0
ucerne 5 0
horses 641 0
ressed 3 0
achts 17 0
onnenstrahlen 1 0
verwickelter 1 0
ratias 1 0
ratian 1 0
verwickelten 4 0
rtchen 1 0
mislay 1 0
verleiht 5 0
gridironing 1 0
rmen 115 0
isle 20 0
eltenpaar 1 0
nveiled 3 0
eppichen 14 0
rmel 3 0
coalheavers 1 0
drudge 4 0
nternehmung 10 0
ardenas 14 0
rmes 2 0
rmer 6 0
lenkt 3 0
mainstay 1 0
alboa 1 0
pflegte 56 0
enlists 4 0
herkamen 2 0
scheinheilig 1 0
isky 1 0
dissembled 4 0
onsolidated 1 0
packages 10 0
sluiced 1 0
rmee 10 0
rmed 11 0
erkzeugen 1 0
albot 54 0
warming 12 0
ueberfuehren 1 0
angewiesene 1 0
rauensperson 3 0
erzeichnisse 1 0
hobby 4 0
aaa 1 0
desiring 28 0
aag 1 0
uschezeichnung 1 0
aal 74 0
ichtpunkt 1 0
ishey 1 0
ishes 33 0
aas 2 0
aar 85 0
uyter 1 0
aat 6 0
isher 12 0
aubgewinden 1 0
icardo 2 0
abb 1 0
ished 1 0
aba 4 0
festgebaut 1 0
isms 1 0
abe 64 0
pleasance 71 0
abi 1 0
nachfragn 1 0
tercelets 1 0
abn 1 0
icardy 3 0
grostemma 1 0
uncouthly 1 0
abt 29 0
abs 4 0
thicknesses 2 0
wistari 1 0
aby 63 0
glareth 1 0
aca 11 0
acc 1 0
ace 88 0
aci 5 0
espousing 2 0
ach 434 0
aufzusehen 2 0
ack 187 0
zurueckzuhalten 5 0
anschetten 1 0
auskleidung 1 0
inclare 2 0
rauschenden 2 0
ebenswege 2 0
act 760 0
inister 159 0
rmit 1 0
rmin 5 0
add 298 0
ratify 9 0
ade 55 0
medallions 2 0
adj 2 0
adi 1 0
folgendergestalt 2 0
adn 1 0
adm 1 0
alatinus 1 0
ado 13 0
erwicklungen 2 0
ady 567 0
etailers 1 0
ison 2 0
nnovator 1 0
mitre 4 0
lenns 2 0
reasoners 7 0
aec 1 0
riveting 2 0
aeg 1 0
lanais 2 0
ael 2 0
morals 85 0
wonderingly 7 0
auszuwaehlender 1 0
isse 5 0
aes 1 0
aer 17 0
ishap 2 0
isri 2 0
aet 2 0
beigefallen 1 0
spiesstragenden 1 0
kahle 1 0
rezitierend 1 0
unbaendiges 2 0
morale 1 0
unbaendiger 1 0
achdenken 33 0
warmish 2 0
unbaendigen 2 0
aff 10 0
afe 5 0
achst 1 0
enlivened 13 0
mitts 1 0
cleverly 19 0
crepes 1 0
fonne 1 0
aft 102 0
afs 2 0
darbieten 4 0
achte 10 0
textuel 3 0
aga 4 0
age 1494 0
agd 51 0
darbietet 3 0
enommee 2 0
agg 5 0
agi 1 0
loosening 12 0
ago 606 0
agn 7 0
alben 4 0
ags 31 0
alcesines 1 0
snowstorms 1 0
alber 1 0
rantlyite 2 0
agt 33 0
chatelaine 3 0
zusammenberuft 1 0
bewept 1 0
rantlyism 1 0
reinforce 6 0
reinforcd 2 0
ists 8 0
codicis 1 0
aha 3 0
ahe 3 0
unwhipped 2 0
morass 2 0
scuffle 13 0
trances 1 0
ahl 37 0
ahn 41 0
ista 2 0
ahm 24 0
earing 21 0
ahr 140 0
iste 7 0
aht 1 0
ahu 6 0
wahrlich 5 0
harrycane 1 0
issi 1 0
hazardours 1 0
vereinigte 6 0
aia 1 0
dockyard 3 0
covenin 1 0
isst 17 0
aehnliche 21 0
ambergern 1 0
aid 364 0
aig 1 0
substructure 1 0
ommodity 8 0
aii 1 0
aik 12 0
aim 123 0
ail 66 0
neber 3 0
ain 710 0
chulterminologie 1 0
eingereiht 1 0
neben 112 0
ais 14 0
air 1092 0
aemmerung 14 0
ait 36 0
nebem 1 0
wuerklich 38 0
itremite 1 0
tranced 1 0
affektvoll 1 0
aiz 28 0
enkins 8 0
cleavages 1 0
aja 1 0
pology 13 0
orisons 10 0
erzerole 2 0
achon 2 0
aji 1 0
ersies 4 0
plained 4 0
ekhei 1 0
ajr 3 0
lenth 3 0
urzelmaennchen 3 0
reviling 9 0
heirloom 2 0
aka 16 0
panharmonic 3 0
ersien 6 0
isus 3 0
ake 352 0
plainer 6 0
lenty 27 0
aki 7 0
plainen 2 0
tunic 7 0
realisiert 3 0
orisoun 1 0
rating 8 0
aku 2 0
albam 1 0
egleitern 1 0
gewalttaetigen 1 0
akt 8 0
himehuevi 1 0
ulgarian 1 0
appintment 2 0
aky 25 0
spannten 1 0
orbei 2 0
nsolence 12 0
symmetry 5 0
alb 5 0
ald 107 0
choppers 1 0
alf 69 0
ale 388 0
usammenstoss 1 0
orbes 9 0
ali 48 0
all 20254 0
epigraphy 1 0
alk 67 0
alm 21 0
alo 3 0
already 1323 0
ariffs 1 0
alt 126 0
als 3875 0
devouring 21 0
alz 4 0
aly 1 0
broidered 2 0
tremulous 28 0
ama 396 0
eseeching 11 0
amb 19 0
ame 454 0
ami 4 0
amm 17 0
mprovement 38 0
aml 6 0
amo 4 0
overbalances 1 0
amn 4 0
amp 105 0
ams 5 0
ennight 1 0
hoate 3 0
amu 3 0
amt 4 0
widerlegte 1 0
issyllabic 1 0
entledigt 1 0
amy 2 0
aethiopisch 1 0
einnehmen 9 0
flabby 1 0
anzustecken 1 0
resolv 10 0
ana 26 0
and 141550 0
buffetings 1 0
ration 18 0
anc 2 0
tunde 157 0
anf 1 0
dissembles 1 0
trousseau 1 0
ane 453 0
dissembler 1 0
ang 103 0
ani 3 0
ank 211 0
ebuesche 6 0
ann 714 0
tunes 10 0
ano 3 0
tuner 1 0
laecherliche 7 0
ersian 31 0
ant 100 0
ans 203 0
coilons 1 0
ielgeliebten 3 0
anu 6 0
uebersaet 2 0
ungemischten 1 0
iterant 1 0
nfreundlichkeit 1 0
chuetze 3 0
unbridge 4 0
anz 47 0
hoary 13 0
any 10938 0
ungemischter 1 0
njuria 1 0
illiput 2 0
getriebner 1 0
erhueben 1 0
inclair 1 0
overbalanced 2 0
tuned 10 0
ristagoras 2 0
chuetzt 1 0
schaudre 2 0
aol 22 0
oellreich 1 0
aon 2 0
aos 7 0
foods 13 0
thought 2934 0
prostitution 6 0
aow 3 0
privatelie 1 0
chwaerzer 1 0
compiaciuto 1 0
apa 335 0
oigny 3 0
apf 2 0
ape 99 0
aph 1 0
inistre 1 0
erfrischendes 1 0
resort 76 0
apn 1 0
stalls 21 0
app 14 0
apo 11 0
tummy 1 0
unterlegt 2 0
apt 283 0
aps 7 0
repoussoir 1 0
sunlit 7 0
auszuwaehlen 1 0
rmus 1 0
testament 2 0
letchered 1 0
rmut 12 0
shallowest 4 0
metayer 2 0
delivrer 1 0
marrowy 1 0
uspension 6 0
bevorzugte 1 0
custodes 1 0
indringen 1 0
gentility 5 0
prostituting 2 0
erhaltensten 1 0
uestung 12 0
ironwork 5 0
lexandrines 1 0
belegen 2 0
grandniece 1 0
lexandriner 1 0
arb 3 0
dropsical 4 0
ara 106 0
enkende 4 0
ard 332 0
fortwirkte 1 0
arc 17 0
cokewold 2 0
nglandman 2 0
arf 16 0
are 19420 0
arg 14 0
ari 3 0
arl 176 0
ark 147 0
arn 7 0
arm 491 0
asepsis 2 0
arp 6 0
aro 4 0
arr 18 0
beliebtesten 1 0
art 1424 0
ars 215 0
aru 9 0
arx 1 0
arz 3 0
ary 245 0
meteor 3 0
orallenmuscheln 1 0
stalke 1 0
inistry 79 0
orage 1 0
asa 6 0
pringer 4 0
scrawl 2 0
ase 272 0
pringen 1 0
eproaches 3 0
ash 77 0
ask 771 0
rapture 31 0
gekauften 1 0
stalks 23 0
aso 2 0
asn 7 0
asp 5 0
ass 507 0
spaeteren 4 0
ast 524 0
arrach 1 0
spaeterer 2 0
asy 12 0
rative 1 0
spaeteres 1 0
arrack 1 0
dressieren 1 0
ata 8 0
scrutinize 4 0
begleite 3 0
mpregnate 1 0
ate 275 0
ath 159 0
ati 1 0
papillae 1 0
ratius 3 0
zweifle 7 0
atm 1 0
itteln 6 0
neamd 2 0
ato 62 0
imothee 1 0
rmagh 2 0
att 22 0
ats 26 0
khaioi 1 0
neama 6 0
custodie 1 0
atz 8 0
ittels 2 0
aty 34 0
ital 1 0
iplers 2 0
itan 5 0
aub 16 0
aue 1 0
aud 27 0
auf 4719 0
ueberleeebt 1 0
volunteer 14 0
aui 24 0
orals 23 0
usammenstuerzen 1 0
aum 184 0
aul 191 0
aun 29 0
aus 2358 0
itae 6 0
tumid 1 0
aur 14 0
oumeau 1 0
aut 44 0
auw 1 0
onnabend 10 0
pagination 1 0
aux 23 0
approaching 142 0
auz 1 0
bdalla 1 0
ubjekt 1 0
ava 32 0
latitudes 6 0
auerteig 1 0
ave 405 0
orain 1 0
acids 37 0
amorousness 1 0
avj 1 0
olonization 3 0
particulier 1 0
avo 1 0
recreations 5 0
xpositions 1 0
itch 35 0
rancour 16 0
ermangelt 3 0
adherent 5 0
avy 75 0
juengerer 1 0
awa 16 0
gegruendet 12 0
juengeren 4 0
schlaefert 1 0
awe 74 0
etterin 2 0
awd 29 0
acies 1 0
acier 1 0
awk 71 0
awl 2 0
awn 8 0
rmada 6 0
aws 195 0
ermangeln 1 0
verpalisadiert 1 0
axe 75 0
peevishly 6 0
ravishing 9 0
evenfall 2 0
axo 1 0
ishop 131 0
item 15 0
itel 19 0
allerlevest 1 0
unsanctified 1 0
scraps 18 0
ites 18 0
aye 126 0
longing 64 0
traeussermaedchen 2 0
ayn 1 0
mites 4 0
ishnu 8 0
ays 170 0
itteil 1 0
radually 10 0
rnay 1 0
neath 1 0
lends 27 0
unfledged 2 0
exercisd 3 0
ctobr 4 0
abgenutzt 2 0
aza 3 0
exercise 376 0
aze 7 0
unfaehigen 1 0
exsurgit 1 0
scrape 19 0
miths 5 0
ithe 2 0
jugular 1 0
wegwerfen 2 0
rnat 1 0
cooking 35 0
azu 17 0
antiquities 7 0
azy 7 0
mastication 3 0
display 86 0
ilders 1 0
soothsayer 4 0
ildern 27 0
orans 1 0
nears 1 0
lende 6 0
chastened 5 0
painters 16 0
zeichneten 3 0
arrake 17 0
klagten 1 0
eraubt 1 0
colossal 22 0
voluminous 11 0
masticating 1 0
autograph 22 0
duenkst 1 0
uysum 13 0
lenge 2 0
wispernden 1 0
alarmd 4 0
rohung 8 0
tumps 1 0
tumpf 10 0
aufhorchen 1 0
aufmunternd 1 0
grenzen 1 0
ausgesendete 1 0
pronunciation 19 0
lussgotte 1 0
acchantin 1 0
ariety 17 0
heugenis 1 0
pstood 1 0
duenkte 3 0
morbid 19 0
courteous 61 0
orauf 5 0
ncomiums 4 0
moorings 10 0
ubject 150 0
hoben 1 0
decorations 10 0
rmbrust 2 0
orars 5 0
rnen 3 0
database 1 0
itle 22 0
nbegrenzt 1 0
henceforward 13 0
eiserkeit 1 0
anopolitou 1 0
hoisting 3 0
depressing 17 0
moderators 1 0
zaertlichste 8 0
album 3 0
heophilanthropic 1 0
alarms 17 0
arrant 14 0
wizened 4 0
omelets 2 0
elphinen 2 0
orast 3 0
vereinigen 21 0
timbers 23 0
vorzog 6 0
unfained 1 0
vereiniget 4 0
verleite 1 0
uadrant 2 0
lways 13 0
oumele 1 0
rkunden 1 0
depression 25 0
albus 1 0
commandant 4 0
bad 830 0
verwuestet 3 0
bah 2 0
bag 110 0
bai 1 0
bak 1 0
ban 6 0
crowing 9 0
petered 1 0
retrospect 3 0
serrurier 1 0
barricades 4 0
uiding 1 0
bap 1 0
eldherrn 1 0
igismond 1 0
bar 120 0
lobenswuerdigsten 1 0
bat 101 0
bas 10 0
bav 1 0
bau 1 0
baz 1 0
bay 99 0
atzen 2 0
epaulet 1 0
verwuesten 2 0
apitel 304 0
entresols 1 0
alama 6 0
respec 2 0
bbe 117 0
hereintraten 2 0
ubscribe 2 0
alame 1 0
wahrhaftig 11 0
verblinden 1 0
babylonischen 1 0
schwanden 1 0
fordrunken 2 0
bby 1 0
icasis 1 0
barricaded 2 0
enthalten 43 0
duenken 4 0
miscellaneous 23 0
alane 4 0
alang 2 0
verblindet 1 0
vorenthalten 3 0
anlocken 2 0
alant 1 0
rnim 8 0
unuebersehbare 1 0
indigent 5 0
rieselte 3 0
verhindere 1 0
quilts 7 0
ulgarity 1 0
citole 1 0
aeussersten 18 0
duenket 1 0
orrent 10 0
amorouse 1 0
iton 2 0
aeusserster 1 0
neighberhood 1 0
bed 821 0
sooths 2 0
bee 46 0
beg 227 0
bei 1468 0
bel 55 0
ben 52 0
feound 1 0
itse 1 0
lemme 9 0
ber 507 0
bet 71 0
bes 7 0
audern 10 0
orkhouse 2 0
repositories 6 0
shunned 13 0
verhindern 12 0
bey 11 0
isgah 2 0
verhindert 10 0
butchering 2 0
alatie 2 0
acynus 1 0
apital 60 0
apitan 2 0
heroines 9 0
itre 2 0
goodnesse 1 0
gelagert 3 0
belehrt 7 0
iasms 1 0
crepuscular 2 0
finances 20 0
igishi 1 0
itty 115 0
ccession 3 0
lephant 21 0
illuminations 3 0
ycorne 1 0
borderland 1 0
nruhigen 1 0
alais 18 0
misst 1 0
derloest 2 0
itti 1 0
aivetaet 3 0
lemon 11 0
betokens 2 0
itto 2 0
tragische 6 0
itts 8 0
misemploy 1 0
outlawed 1 0
freundlich 89 0
deviltry 1 0
verhallet 1 0
dunkelnden 1 0
geometrical 14 0
alatin 4 0
arigny 2 0
ausgeschickt 4 0
morbos 1 0
ettgesangs 2 0
tatters 5 0
itta 5 0
itte 98 0
lcathous 1 0
uemmert 1 0
tugging 8 0
gnaweth 1 0
ppomattox 2 0
bib 1 0
bid 213 0
itsu 1 0
uttered 163 0
comprehensive 26 0
nforderung 2 0
privateer 4 0
bie 1 0
einreiten 1 0
big 592 0
frustrated 19 0
overnors 71 0
bin 801 0
itwe 9 0
esamtzeichen 1 0
bit 293 0
bis 613 0
chuesse 6 0
communaute 1 0
trohdach 2 0
alatee 1 0
sequel 10 0
admiringly 1 0
alade 2 0
alatea 3 0
andfahrten 1 0
alady 1 0
surface 562 0
verhallte 1 0
uyshe 21 0
ergiessen 6 0
receiveth 1 0
mists 24 0
risqueing 2 0
fretful 6 0
rievously 2 0
misty 26 0
someday 1 0
spaeten 3 0
ccasionally 15 0
coherencies 1 0
nergie 6 0
sunnes 1 0
mista 3 0
itus 13 0
evival 3 0
unobstructed 3 0
anagra 1 0
eymour 29 0
beardless 2 0
rummaging 2 0
bankruptcy 19 0
attesting 2 0
sapientae 1 0
spaeter 35 0
unreflective 1 0
legends 36 0
ausgesuchte 1 0
prefere 1 0
preferd 1 0
bla 1 0
ambergsche 1 0
heophanes 3 0
ble 16 0
ecides 1 0
ecider 1 0
parsonage 18 0
zischelte 1 0
nimalium 1 0
terbenden 3 0
prefers 12 0
preferr 1 0
ecided 1 0
pilloried 2 0
overnour 7 0
bls 2 0
alates 1 0
nthropological 1 0
herrard 2 0
taedtern 1 0
bly 1 0
frappanter 1 0
utteral 1 0
punishment 158 0
zerriss 10 0
motions 100 0
alaga 2 0
quillt 3 0
befleissen 1 0
iddington 1 0
quills 4 0
frizzling 1 0
stande 7 0
einstock 1 0
stands 266 0
itzo 3 0
orace 62 0
itzt 37 0
bne 3 0
rnte 7 0
ainting 5 0
poetter 1 0
voranknieende 1 0
atheniensischen 1 0
orrect 1 0
aright 45 0
drueck 1 0
itze 35 0
rnst 70 0
scantiness 5 0
bnt 1 0
leichtlich 2 0
permanently 21 0
stanes 2 0
orrede 2 0
bob 4 0
eakling 1 0
evived 2 0
boa 2 0
bod 1 0
bof 1 0
neugierig 21 0
bog 17 0
announcements 1 0
indistinctness 1 0
bol 1 0
bok 1 0
bon 14 0
impelling 5 0
dozens 6 0
ausgerichtet 8 0
boo 7 0
phinxe 1 0
bor 3 0
bot 24 0
bou 108 0
box 244 0
deliberatioun 1 0
tachelkugeln 1 0
alaam 37 0
bow 175 0
ngewissheit 15 0
boy 826 0
ungues 1 0
wahrhaftem 1 0
curbed 3 0
upstairs 45 0
receivers 4 0
wahrhaften 2 0
itters 2 0
wahrhafter 2 0
ittern 10 0
fuergehn 1 0
troking 1 0
orallen 2 0
ebendieselbe 1 0
eptimius 2 0
nsignificant 1 0
alace 13 0
braechte 8 0
unsteadily 7 0
essentially 68 0
grenzte 1 0
schwistertkinderstochter 2 0
eingespannt 1 0
stance 1 0
stanch 4 0
hoard 21 0
unraveld 1 0
sassers 2 0
plunges 10 0
wohlgebaute 1 0
chatzgraeber 1 0
toration 1 0
endungen 4 0
laegen 3 0
unravels 5 0
bre 2 0
laeger 8 0
spanned 12 0
spannen 2 0
unbeschaeftigten 1 0
affaels 11 0
erpflichtungen 1 0
amtrocke 1 0
bro 1 0
ached 11 0
artinitz 1 0
brr 1 0
vollzugiessen 1 0
chequed 1 0
achel 6 0
adamchen 1 0
achen 171 0
hingewendet 1 0
imbroglio 1 0
achet 3 0
aches 9 0
retraced 5 0
versammeln 17 0
ommagene 1 0
ersion 10 0
etails 7 0
plunged 58 0
apists 13 0
shooter 9 0
smuggle 13 0
versammelt 29 0
dgeworth 2 0
suesse 20 0
scarabaeus 17 0
bst 10 0
hynossyhoss 1 0
ieblingsdichter 1 0
angezuendetes 1 0
verkenn 1 0
angezuendeten 3 0
etats 3 0
menacings 3 0
ovedays 1 0
agamore 8 0
plainly 189 0
antigene 1 0
amesake 2 0
offensive 67 0
texture 23 0
nnually 3 0
esteeming 6 0
bud 15 0
ruehmten 6 0
buh 1 0
bug 94 0
overnome 1 0
bun 1 0
carvings 10 0
emarete 1 0
utwille 3 0
bur 1 0
rivattheater 1 0
but 19115 0
bus 4 0
bravura 1 0
buy 299 0
cornders 2 0
ewoelbe 18 0
hingestellt 3 0
fragments 154 0
iscoverers 3 0
betreiben 5 0
unterbauen 1 0
mineralizing 1 0
precederent 1 0
hoals 2 0
offension 1 0
angnommen 2 0
shootin 4 0
nutshell 4 0
agdhofe 1 0
alays 1 0
vitall 1 0
vitals 11 0
ilderung 1 0
haslett 5 0
gehaltene 3 0
entgegengesetzt 3 0
prisoners 96 0
misch 2 0
xtrem 2 0
earkee 1 0
aggard 1 0
vitail 2 0
earken 10 0
mutability 1 0
unagoge 1 0
prisonere 2 0
aedalian 2 0
successful 229 0
farthings 3 0
sassest 2 0
deliberations 21 0
weaker 57 0
olskern 1 0
gaukelnden 1 0
tulip 8 0
weaken 31 0
bye 91 0
scavengers 4 0
mediocre 4 0
baffling 5 0
viation 1 0
fauenfeder 2 0
dahinein 1 0
llegheny 1 0
stamin 1 0
siderable 2 0
alati 2 0
inconveniencies 5 0
roat 2 0
mised 1 0
robb 2 0
alata 2 0
beschreibenden 1 0
alassa 1 0
etang 2 0
roak 2 0
road 835 0
abgezogenste 1 0
chwenkfeld 4 0
peddling 1 0
roas 5 0
roar 83 0
roam 21 0
onfetti 2 0
roan 3 0
auteles 1 0
leveland 28 0
halved 3 0
iderschein 12 0
natural 1139 0
autelen 1 0
umgebracht 3 0
bedeutende 24 0
comprehension 37 0
hitaker 1 0
naturae 1 0
halves 14 0
firstfruits 1 0
meanderings 1 0
ruyas 2 0
ueberwiesene 1 0
siderably 1 0
ausgeziert 7 0
aggage 8 0
andesherr 1 0
heinsberg 6 0
plaints 3 0
cavilling 2 0
unterworfen 5 0
rode 187 0
misgo 1 0
rock 349 0
dagewesen 2 0
byass 3 0
etall 3 0
roch 2 0
ebenszeiten 1 0
entnervenden 1 0
etals 11 0
irrational 24 0
uerftigkeit 1 0
erkoren 2 0
iaster 1 0
leman 15 0
sparingly 13 0
wandelten 4 0
mmortal 11 0
kuehltest 1 0
roce 4 0
alaste 7 0
equisition 6 0
fleeces 13 0
comfortless 2 0
soothe 22 0
ccommodation 14 0
ersius 2 0
erleugnung 1 0
miser 14 0
robe 109 0
eunion 1 0
scowling 4 0
alasts 4 0
xecutive 78 0
robs 6 0
akkurat 1 0
udivit 1 0
hundering 2 0
inefficacy 1 0
curare 1 0
hinsetze 1 0
eiblied 1 0
hintern 6 0
vendetta 1 0
ertreib 1 0
dozes 1 0
hintere 6 0
richtiger 5 0
dozen 168 0
richtiges 3 0
hinsetzt 1 0
ewoelke 1 0
natured 66 0
roem 2 0
stravolse 1 0
utterly 250 0
deciding 23 0
roet 1 0
dozed 2 0
utschpferden 1 0
braeche 2 0
roes 1 0
natures 92 0
hoads 1 0
naturel 3 0
emperores 1 0
riadne 9 0
reparation 25 0
metaphysicians 5 0
richtigen 12 0
rods 52 0
spannte 4 0
cab 24 0
esquier 1 0
farmyard 3 0
cad 2 0
curate 22 0
weakly 16 0
nomadic 8 0
cam 11 0
unzaehlgen 1 0
cal 2 0
rohe 9 0
argrave 7 0
can 7635 0
dusting 2 0
cap 117 0
alary 11 0
cas 10 0
car 60 0
cat 114 0
alarm 101 0
caw 1 0
alaro 1 0
rogs 1 0
privately 42 0
stamps 10 0
laziness 8 0
cleaning 13 0
lemer 1 0
urensoehnchen 1 0
umgelegt 1 0
aggahr 2 0
distracted 49 0
bewege 2 0
etail 15 0
monsoon 6 0
nachschleichen 2 0
dgals 1 0
iume 3 0
wiederauflebenden 2 0
oblivious 7 0
ornejus 1 0
uneigentlich 1 0
pianoforte 8 0
covetous 19 0
monsoons 2 0
alast 46 0
roft 2 0
alass 1 0
bewegt 37 0
roja 1 0
flauchterin 2 0
cce 1 0
costing 5 0
egierungskunst 2 0
spontaneous 27 0
ccl 4 0
rois 2 0
cct 2 0
gloomy 94 0
ccx 12 0
roix 18 0
chwung 12 0
roit 2 0
copyist 4 0
deference 35 0
buggies 5 0
mansuetude 1 0
readeth 1 0
preciated 1 0
lostrennen 2 0
anneshoehe 1 0
djektiva 1 0
wohlgebildet 4 0
uggernaut 2 0
role 18 0
ejected 80 0
unersdorf 1 0
bevoelkert 6 0
hodes 22 0
roll 135 0
essayed 15 0
cen 5 0
cep 11 0
cer 5 0
hereinschleichen 1 0
kinswoman 4 0
hodez 1 0
zurueckgelassenen 2 0
smoaking 1 0
clergial 1 0
ossetti 2 0
aumstueck 1 0
commonness 2 0
urface 32 0
dogges 2 0
decapitate 1 0
brannten 5 0
concretions 20 0
einzuordnen 1 0
panics 3 0
readers 336 0
enchantment 9 0
leppo 1 0
ufwaerterinnen 2 0
ergamentrolle 1 0
dogged 8 0
eriest 1 0
panick 2 0
rone 27 0
rong 11 0
qualvoll 1 0
rona 1 0
esanges 5 0
orday 1 0
stillverzehrendes 1 0
eingesperrte 1 0
beddin 1 0
abgewandten 1 0
romp 1 0
lysischen 1 0
copying 12 0
serious 377 0
cha 1 0
slavering 1 0
uaderstuecken 2 0
ordan 4 0
delivering 16 0
che 18 0
chh 1 0
chi 5 0
romm 2 0
cho 21 0
ooseveltians 8 0
chr 4 0
otschaften 1 0
cht 11 0
chs 2 0
shadowing 4 0
chu 20 0
divergence 4 0
erwachten 3 0
heruntersprangen 1 0
atermelons 1 0
wuerkliche 1 0
ascend 55 0
vorschreibe 1 0
ehrgebaeude 1 0
ropf 5 0
rope 135 0
cio 2 0
ropp 1 0
auricles 4 0
hostelry 10 0
seminaries 19 0
cis 1 0
cir 1 0
cit 39 0
civ 1 0
ascent 39 0
roos 1 0
verstorbene 1 0
root 169 0
derart 1 0
pioneers 11 0
roof 259 0
greyness 2 0
nnectens 1 0
rood 4 0
knirschte 1 0
roon 1 0
etallen 2 0
roop 3 0
rook 10 0
forleten 1 0
room 2128 0
vorschreibt 3 0
erkenhout 8 0
consistantly 1 0
ront 7 0
rons 2 0
shadowily 1 0
unprogressive 2 0
cke 29 0
rony 1 0
ubtleties 1 0
ammeln 2 0
bestride 2 0
rore 1 0
vorteilhafte 2 0
predisposed 2 0
liederlich 3 0
compendiums 1 0
wohlgeratenes 1 0
executor 5 0
orden 35 0
hatham 10 0
cle 7 0
garlicky 1 0
ordes 13 0
order 1736 0
cli 1 0
abbeys 5 0
griculture 13 0
foudre 1 0
clv 1 0
skimmed 8 0
auszuarbeiten 3 0
tankard 1 0
ropy 1 0
phosphorescent 1 0
rops 14 0
derangement 4 0
awaihae 2 0
lechze 1 0
athering 3 0
roth 2 0
rots 7 0
roto 1 0
inexpressive 1 0
lechzt 1 0
rosy 20 0
roctors 1 0
rote 33 0
abgerundeten 1 0
gaming 8 0
allerliebst 11 0
ross 33 0
rost 54 0
rearings 1 0
auseinanderzugehen 1 0
cob 9 0
mitbeten 1 0
cod 9 0
cog 1 0
rose 560 0
ussage 3 0
rosa 9 0
atherine 189 0
com 248 0
elestrina 3 0
col 20 0
enkungs 4 0
con 65 0
rovo 2 0
sylvan 4 0
cop 4 0
cor 3 0
cou 2 0
cot 10 0
cow 91 0
alden 83 0
cov 1 0
sumpin 5 0
coy 6 0
behoveful 1 0
aldes 3 0
alder 8 0
benedictory 1 0
liegeman 3 0
pixenus 1 0
rove 6 0
zurueckwuenschen 1 0
hereintritt 2 0
ommentary 4 0
reitend 4 0
roul 1 0
panied 1 0
roun 158 0
initials 10 0
llmaechtige 1 0
rout 58 0
lautus 3 0
roup 3 0
rous 8 0
panier 13 0
gestemmt 1 0
rotz 10 0
roud 13 0
longside 4 0
paniel 2 0
verzoegerten 2 0
panien 12 0
oualgonal 1 0
continerly 1 0
tricolour 2 0
wundertaetig 2 0
punctiliously 4 0
agwerk 2 0
rationalistischen 1 0
klingen 9 0
roxy 1 0
heransprengten 1 0
ausgehauenen 1 0
klinget 1 0
pother 1 0
cowering 6 0
cre 4 0
bildet 24 0
cri 1 0
bilden 51 0
lautre 2 0
rown 196 0
hstande 1 0
rmenians 1 0
zugeschrieben 1 0
etturinen 2 0
cry 397 0
rows 80 0
tupid 2 0
zusammengestellt 3 0
bezwingest 1 0
productions 60 0
cso 16 0
rowe 1 0
rowd 9 0
ueberbracht 1 0
knackes 1 0
csv 1 0
fullness 8 0
shose 1 0
ingloriously 2 0
cta 3 0
ivat 2 0
clergion 1 0
kyacks 1 0
knacken 1 0
tliche 1 0
rdine 1 0
roze 2 0
typographical 4 0
cto 2 0
ctr 2 0
cts 84 0
aplander 3 0
ival 2 0
ivan 7 0
murmelnde 1 0
cub 7 0
cue 4 0
cud 8 0
ekker 1 0
naemlich 49 0
cui 1 0
oversleeping 1 0
arsetshire 2 0
praesepe 1 0
cum 27 0
financiering 2 0
cul 4 0
directs 25 0
roye 6 0
shots 27 0
vorzufuehren 1 0
cup 145 0
elsens 4 0
cus 1 0
endemiaire 1 0
cur 10 0
cut 578 0
feurigsten 1 0
aleen 1 0
blinkers 1 0
microscopical 1 0
aufweckt 1 0
fermentations 3 0
shout 40 0
contrued 1 0
letzte 79 0
onnenschirm 1 0
visere 1 0
peinliche 1 0
panish 317 0
librarian 5 0
allzuunangenehme 1 0
shove 9 0
prandeat 1 0
eistige 1 0
hirsty 2 0
rdenstaube 1 0
lready 37 0
savigorous 1 0
munitioned 1 0
bildeten 9 0
besuchenden 1 0
onical 1 0
iscerning 1 0
beurteilten 1 0
ehricht 5 0
initiate 4 0
ictographs 1 0
shook 205 0
eriousness 2 0
shoot 107 0
shoon 3 0
abbess 5 0
hinunterschollerte 1 0
knirschen 1 0
aerrischwerden 1 0
clatter 17 0
iven 22 0
chlunde 1 0
ives 105 0
shope 10 0
iver 247 0
perswade 6 0
derben 7 0
speckless 1 0
allzureizend 1 0
derbes 1 0
ichtern 10 0
cyl 1 0
derber 1 0
shops 62 0
cyr 1 0
ived 3 0
grenze 1 0
kirchliche 1 0
erkrankend 1 0
lechen 1 0
geloffen 1 0
chilling 9 0
entgegengesetztesten 1 0
lassics 2 0
teuernden 1 0
angewendete 1 0
lifting 59 0
oncordats 1 0
mritsar 5 0
muckheap 1 0
panion 1 0
libraries 13 0
shore 272 0
freshing 1 0
folkes 6 0
bicker 1 0
pumping 5 0
flagstones 3 0
shorn 15 0
cachinnation 1 0
knapsack 2 0
short 1108 0
ordgestirnes 1 0
turmeric 1 0
aettigkeit 1 0
countered 2 0
abreast 9 0
bestritt 1 0
ebensquells 1 0
nwendige 3 0
hundertfaeltig 1 0
ternhold 1 0
acceding 1 0
consistency 21 0
ingenuities 2 0
consistence 7 0
ortherner 2 0
isgusts 1 0
rzaehl 5 0
genaehrt 10 0
hosteler 1 0
ivil 85 0
ivin 1 0
convincing 39 0
leper 5 0
ivis 1 0
orcum 1 0
ukuihaele 1 0
nterbefehlshaber 1 0
vielfarbichter 1 0
outlawry 1 0
ruzifix 3 0
grenzt 3 0
serried 1 0
ivii 1 0
eisepass 1 0
seltsamsten 4 0
xpansion 5 0
ennyhow 1 0
aufgefrischt 1 0
auptstueckchen 1 0
inherits 4 0
crutch 9 0
oechterchen 4 0
performer 28 0
peldhurst 12 0
tutors 8 0
acked 1 0
performed 202 0
aodamia 2 0
persuasions 7 0
acker 1 0
orwuerfe 32 0
ackel 9 0
erwachsen 6 0
mathematischen 1 0
acken 32 0
ackey 1 0
prevalent 23 0
acket 9 0
showd 2 0
dab 4 0
zusammenkaeme 1 0
dad 3 0
entkraeftet 3 0
dah 1 0
italic 1 0
showe 3 0
leidende 2 0
dan 52 0
dam 174 0
moebliert 2 0
shows 164 0
dar 271 0
shown 317 0
dat 684 0
das 6431 0
inhering 3 0
entkraeften 1 0
showy 10 0
daw 5 0
mittelmaessige 4 0
day 4012 0
oncordant 2 0
andschuhen 1 0
ommune 2 0
reundliches 1 0
esaenge 13 0
lacerations 2 0
terrorised 1 0
ehorchen 1 0
ausgemalt 1 0
ngesichte 4 0
quiltin 1 0
tuous 2 0
eschreibe 1 0
paziergang 18 0
osseter 1 0
braechen 1 0
unsichere 1 0
curriers 1 0
erdgebornen 1 0
consuetudine 1 0
chwerlich 1 0
unsichern 6 0
rudities 2 0
ngesichts 1 0
brimming 4 0
declining 49 0
vervollstaendigt 1 0
vollzogenen 1 0
unsichers 1 0
eldzuegen 2 0
uehmlich 1 0
eifrig 22 0
offnungen 48 0
omespun 3 0
gelaeufige 2 0
chauffeur 1 0
phalanxes 1 0
cottagers 2 0
dds 1 0
hodie 1 0
astereth 1 0
dea 50 0
mischances 1 0
dee 47 0
deg 3 0
instigate 3 0
fortzuwandeln 1 0
dei 3 0
del 64 0
den 7449 0
dem 4844 0
tramcar 1 0
der 14209 0
ivre 1 0
det 1 0
expectare 1 0
des 3466 0
leasures 18 0
foots 4 0
dew 66 0
hinaufsehen 1 0
articular 30 0
dez 4 0
dey 492 0
auspresste 1 0
whipper 1 0
idelissimus 1 0
crookedly 2 0
impact 3 0
shock 89 0
reassures 1 0
whipped 61 0
renomination 2 0
folios 5 0
poetess 1 0
shode 2 0
reassured 7 0
herabzog 1 0
treatment 122 0
ovetous 1 0
readful 2 0
dge 4 0
dicular 1 0
etcha 1 0
coveteth 2 0
allelon 1 0
vineyard 14 0
ntiquities 2 0
iachylon 1 0
volcano 23 0
ausgeweint 1 0
orsprache 1 0
foote 4 0
kaiko 2 0
shoes 142 0
riesterin 25 0
maximum 13 0
spielenden 3 0
did 4736 0
begreifest 1 0
dif 3 0
remounted 7 0
die 16295 0
fragrant 19 0
dig 35 0
handsomest 17 0
loswordn 1 0
feered 2 0
dik 1 0
leathers 1 0
belebet 1 0
din 22 0
leathern 12 0
dim 86 0
anifesto 5 0
dip 15 0
dio 1 0
dir 929 0
dit 4 0
dis 175 0
iereses 1 0
anlangen 1 0
diu 4 0
isier 1 0
beleben 18 0
dix 1 0
limestone 45 0
impair 3 0
espoten 4 0
nstauration 1 0
toericht 22 0
erdinands 7 0
ntzueckendes 1 0
nigrus 1 0
sassness 1 0
hideous 68 0
erdinandi 1 0
vertigo 2 0
excursions 21 0
uterpe 2 0
letzen 1 0
expiration 20 0
ivus 1 0
unschmelzbare 1 0
inoculate 1 0
eking 1 0
ratschlagen 2 0
deserving 35 0
itzkopf 1 0
derivations 1 0
krampft 1 0
careering 4 0
favorers 1 0
guzzle 1 0
umpenkoenig 1 0
unschuldigsten 1 0
uhlerinnen 1 0
dle 8 0
ebote 6 0
esetzgebung 3 0
delmuts 1 0
rumpets 2 0
shoal 3 0
shoat 1 0
embracings 1 0
longated 1 0
dly 7 0
olloquy 1 0
inbruch 1 0
merchan 2 0
schwaetzt 1 0
tricoloured 4 0
uepfchen 1 0
alcom 1 0
ebony 9 0
acing 10 0
neces 1 0
oligarchical 20 0
bespannt 1 0
clothespress 1 0
nkognito 4 0
ffixed 1 0
gesaete 1 0
fools 43 0
letztemal 5 0
orced 3 0
rasmus 26 0
dob 2 0
spekten 1 0
doe 83 0
fewest 7 0
dog 237 0
dol 4 0
trading 56 0
orhabens 3 0
don 1475 0
sholy 1 0
strebe 2 0
dom 3 0
orcas 13 0
doo 14 0
dor 2 0
versified 2 0
beibrachte 1 0
dot 7 0
belebte 14 0
dow 2 0
ichters 16 0
stream 350 0
hadwicks 1 0
esuitenkirche 2 0
stickle 2 0
oratores 1 0
vollbracht 8 0
ausikaa 5 0
streck 1 0
awaiian 49 0
foole 2 0
anlasse 1 0
strebt 6 0
altherfaste 1 0
shone 118 0
versifier 6 0
ctors 2 0
waechsernem 1 0
wohlverteilten 1 0
zurede 1 0
discreet 49 0
werfen 42 0
adjustments 4 0
nourishes 7 0
orche 1 0
dra 1 0
gestellt 47 0
unerringly 1 0
annagen 1 0
gsund 3 0
paenis 1 0
grennt 2 0
stickst 1 0
tribune 2 0
necht 74 0
expectant 14 0
orcia 5 0
dry 440 0
offertory 1 0
streak 16 0
dvance 3 0
handsomely 16 0
folgendem 1 0
achskerzen 3 0
gulpings 1 0
verwundet 23 0
litany 5 0
verwunden 4 0
alced 1 0
pecunia 2 0
dst 2 0
ymphonie 9 0
folgendes 14 0
neckt 4 0
folgender 3 0
necks 28 0
indispensible 10 0
folgenden 37 0
hausgehalten 1 0
rlaeuterungen 1 0
marvaill 1 0
ohnsafte 1 0
bgopr 4 0
wiespalte 1 0
duerstete 1 0
oratorio 2 0
necke 11 0
mouffle 2 0
elinquish 1 0
orces 29 0
rdballs 1 0
verting 1 0
ffund 1 0
jiffey 2 0
dub 3 0
indispensibly 2 0
avowal 14 0
duc 10 0
due 564 0
gnoble 1 0
nourished 22 0
dug 94 0
onjecture 5 0
dul 1 0
acine 20 0
dun 8 0
shoji 20 0
dum 15 0
pumpkin 8 0
crusty 2 0
duo 3 0
dur 1 0
tunny 1 0
dus 17 0
eausejour 1 0
reizen 20 0
avowed 48 0
orfaellen 5 0
hatful 1 0
duz 21 0
gesamten 2 0
auffallendste 1 0
tunni 1 0
dolaters 1 0
orbin 6 0
gadong 1 0
magnetic 6 0
orbit 10 0
errorizing 1 0
tunne 2 0
salutary 42 0
blaugruen 1 0
vermeinen 1 0
ruehmliche 1 0
ministre 4 0
prevision 7 0
foreknowledge 6 0
gepeinigt 3 0
hineinzulegen 1 0
ministry 78 0
zuschreiben 11 0
invective 13 0
examiner 2 0
examines 7 0
ravaging 3 0
partition 18 0
musingly 11 0
ebermut 1 0
oligarch 4 0
anlangte 2 0
examined 151 0
gewiegt 3 0
allemal 25 0
lorreich 1 0
ubduction 1 0
belittling 1 0
dahinzuschmelzen 1 0
bundling 1 0
drilling 3 0
orbid 2 0
stickes 2 0
nfamous 1 0
rerogatives 2 0
sticken 2 0
sechzehnjaehrige 1 0
maximes 2 0
dedicate 12 0
seducer 3 0
dye 32 0
seduces 2 0
swifter 7 0
dyl 2 0
impart 33 0
sticked 6 0
etzler 39 0
starving 28 0
astenfabrikation 1 0
schmackhaft 3 0
itinerant 4 0
sunburned 6 0
equeath 1 0
foreknow 1 0
voiden 2 0
nswers 13 0
stationary 47 0
swiftly 54 0
loafin 1 0
voided 12 0
geheiratet 1 0
omersetshire 2 0
llgegenwaertge 1 0
richness 21 0
setzten 36 0
disarray 1 0
unzeitigem 1 0
setztet 1 0
unzeitigen 2 0
agister 6 0
orbon 1 0
discrete 2 0
whizzing 3 0
isits 18 0
distillery 6 0
akedeia 1 0
sumpon 1 0
einzuholen 4 0
unbezwinglicher 2 0
themselves 2216 0
unbezwinglichen 1 0
defenceless 15 0
nfallibility 6 0
stickin 5 0
untraceable 1 0
bezaubernde 1 0
zusammenstuerzen 2 0
protuber 1 0
diademe 3 0
beugten 1 0
catter 1 0
puritanically 1 0
tribute 45 0
omforted 1 0
beddes 3 0
itinerary 1 0
pugnacious 6 0
nclination 36 0
nebst 19 0
onnenstrahl 2 0
bedded 15 0
omforter 2 0
chapmanhood 1 0
exceptional 34 0
cattle 272 0
wuerklichen 3 0
skulking 10 0
arzissen 11 0
wuerkliches 2 0
wahnsinnig 6 0
convince 110 0
convincd 9 0
mercial 1 0
unanswered 9 0
ead 197 0
hocks 6 0
eaf 21 0
boldest 8 0
eah 70 0
eak 12 0
eam 8 0
eal 113 0
ean 122 0
exorbitances 1 0
eap 5 0
eas 32 0
nosegays 2 0
ear 785 0
atallions 1 0
eau 6 0
lauter 41 0
eat 400 0
lautet 2 0
eav 8 0
lautes 5 0
nbemerkt 1 0
ompromise 1 0
articulis 1 0
dallies 1 0
ision 16 0
ebb 13 0
onarque 1 0
eba 1 0
nserer 1 0
ebe 24 0
schlau 1 0
schloesse 1 0
whiteness 30 0
ypothese 3 0
ebn 6 0
dallied 1 0
entsprungenen 1 0
ittagseite 1 0
ebt 58 0
gelobt 9 0
onstituencies 1 0
maximeque 1 0
aufzuladen 1 0
stehenlassen 3 0
incarnation 7 0
eby 9 0
entsprungenes 1 0
stwinde 1 0
seduced 20 0
ising 24 0
ech 3 0
eck 62 0
kaido 3 0
prentit 2 0
auszukehren 1 0
hickories 6 0
klingte 1 0
peristaltic 1 0
ecr 45 0
ecu 1 0
ect 25 0
schlaf 1 0
enquirer 2 0
gesaegt 1 0
schlag 2 0
boldely 14 0
eda 4 0
lauten 8 0
lautem 4 0
ythonesses 2 0
ainault 2 0
ede 126 0
aberration 8 0
edh 1 0
allzulebhaft 1 0
quatrains 1 0
traurigsten 2 0
edi 1 0
fressen 7 0
enquired 13 0
absticht 1 0
thrush 13 0
edn 2 0
squeezed 19 0
edo 27 0
propellers 1 0
edr 1 0
eds 12 0
edu 70 0
alcun 1 0
ammern 1 0
thrust 119 0
estaurationsgabe 1 0
hujusmodi 2 0
ammers 7 0
squeezes 2 0
ahnsinns 5 0
eed 53 0
pennines 5 0
splotched 2 0
eef 9 0
congratulations 26 0
servations 2 0
eek 42 0
eem 10 0
eel 56 0
untying 2 0
penninen 14 0
een 79 0
nehmen 212 0
eep 52 0
eitstern 1 0
ees 43 0
eer 163 0
hirroo 1 0
eet 16 0
gesaeet 2 0
ssential 3 0
abreisen 10 0
ahnsinne 3 0
enafro 2 0
nehmet 1 0
eff 1 0
advantage 612 0
efiance 7 0
empirics 1 0
eft 45 0
cheitel 5 0
efy 2 0
wegpfeifen 1 0
splotches 1 0
ega 5 0
copyists 2 0
mollified 9 0
ege 171 0
flatterest 1 0
rgentina 3 0
rioting 3 0
egg 35 0
errari 3 0
ego 10 0
erraro 1 0
isobeisant 1 0
unleavened 2 0
egs 7 0
strath 1 0
egt 6 0
strate 1 0
zuschwor 1 0
khronos 1 0
errare 1 0
shrie 1 0
errara 15 0
khronon 1 0
victims 57 0
ehd 2 0
ehe 117 0
flatterers 16 0
auburn 4 0
orschrift 9 0
ehl 6 0
unanswerd 1 0
ehn 18 0
economy 93 0
community 234 0
ehr 43 0
eht 64 0
ontented 1 0
ehs 2 0
ittelmaessigen 1 0
ehu 2 0
hinanfuehrt 1 0
turge 1 0
infachheit 1 0
infiltrations 1 0
autier 2 0
ridings 1 0
ansteckende 3 0
aetlichkeiten 1 0
eib 138 0
exhale 4 0
rhythms 10 0
eid 40 0
nefer 1 0
eig 6 0
eif 2 0
eii 2 0
eih 2 0
eim 23 0
eil 362 0
drilled 12 0
ein 5616 0
oilet 1 0
eis 22 0
eir 2 0
eit 941 0
eiz 36 0
hereinbrachte 1 0
darkens 2 0
errungen 1 0
overgoings 1 0
forza 15 0
avours 14 0
ngewohntheit 1 0
strata 114 0
rtillerie 1 0
wonderly 1 0
eschiebe 6 0
ridiculous 148 0
perceptions 34 0
xcess 6 0
bestimmt 83 0
communism 1 0
gavest 1 0
eke 507 0
arying 2 0
subdivisions 9 0
orfes 4 0
dancers 20 0
communion 37 0
errane 1 0
oille 1 0
straps 5 0
errand 27 0
parishioners 12 0
mollify 3 0
versprach 74 0
oilly 1 0
eferendarius 1 0
verwehrte 1 0
ropose 2 0
xcept 38 0
ehmhuegel 1 0
shred 11 0
elb 3 0
ela 2 0
eld 272 0
geworfenen 1 0
elf 66 0
ele 8 0
hofft 20 0
horiion 1 0
deputed 4 0
ell 1301 0
minister 260 0
elk 9 0
elm 20 0
elp 53 0
elo 2 0
shrew 25 0
befouled 2 0
elt 640 0
erghoehe 1 0
typewriter 1 0
els 18 0
confunce 1 0
elz 2 0
ely 4 0
deputes 1 0
errant 8 0
ema 2 0
eme 2 0
ourfold 1 0
emd 3 0
emi 13 0
oncilio 1 0
oussoul 1 0
wonderin 1 0
emo 6 0
emp 8 0
errall 10 0
ems 1 0
latonists 4 0
oncilii 2 0
vereinten 1 0
emu 1 0
weimal 1 0
fioriture 1 0
emy 1 0
precisely 146 0
fortn 1 0
bridgment 1 0
hoffe 71 0
percolation 7 0
strand 14 0
deathly 6 0
estentasche 1 0
constituent 7 0
kalte 10 0
picturing 5 0
communing 4 0
ena 4 0
forts 44 0
moanings 1 0
end 1909 0
ounging 1 0
unterwerfen 10 0
enf 1 0
strang 2 0
ene 33 0
eng 30 0
forty 436 0
preoccupation 4 0
enj 2 0
einfachsten 1 0
eni 3 0
enl 41 0
enk 15 0
omersetshireman 1 0
enn 920 0
tures 1 0
eno 10 0
ommersett 1 0
tured 1 0
ent 139 0
ens 17 0
circonstance 1 0
forum 4 0
eny 4 0
vermeinte 6 0
eoe 1 0
corkscrews 1 0
minners 2 0
agnetnadel 1 0
loafer 3 0
discretionary 7 0
beutst 1 0
eon 7 0
eop 1 0
heosophie 1 0
eos 11 0
eou 3 0
eot 2 0
anhood 2 0
eow 3 0
besonderes 7 0
entschliessen 24 0
enthusiasts 12 0
turnt 2 0
pummelling 1 0
turns 126 0
turne 5 0
besonderer 8 0
loafed 1 0
awakenings 1 0
amerata 1 0
uickly 2 0
besonderen 1 0
besonderem 1 0
rmbruesten 1 0
epe 3 0
nexpectedly 3 0
turnd 12 0
epi 2 0
vernahmen 5 0
mirabilis 2 0
eschieht 1 0
ept 77 0
forte 19 0
anhope 1 0
forth 872 0
chlitten 2 0
classifying 1 0
epy 2 0
forti 1 0
osville 2 0
wearisomeness 1 0
rqua 2 0
prairies 7 0
abverdient 1 0
nuegen 1 0
accusations 25 0
ncluding 1 0
islet 3 0
isles 3 0
ausrath 1 0
eldhuehner 1 0
ghostland 1 0
erb 3 0
uenfzehntes 1 0
era 35 0
erd 13 0
odgings 9 0
melodramatic 1 0
neuliches 1 0
ere 1177 0
erg 49 0
eri 31 0
erl 31 0
zurueckzugeben 2 0
zuschwur 1 0
erk 70 0
ern 21 0
euphrasy 1 0
erm 11 0
ero 53 0
err 311 0
aution 19 0
lowliness 3 0
ert 75 0
ers 17 0
pistolary 4 0
plighted 7 0
eru 44 0
erz 431 0
boasted 41 0
ery 284 0
esa 6 0
ebrun 1 0
awfully 27 0
ese 1 0
aubermacht 1 0
esh 2 0
esk 3 0
seignorage 34 0
eso 1 0
journeys 18 0
ess 49 0
esu 3 0
est 506 0
ittelzahl 1 0
eisegeld 3 0
entiment 27 0
forne 1 0
talentreichen 2 0
undertake 105 0
eta 3 0
etc 300 0
eatures 6 0
ete 11 0
eth 15 0
usspfade 6 0
boaster 2 0
eti 3 0
tirnknochen 1 0
geguckt 1 0
trafficking 3 0
beguiled 13 0
umwirbelt 1 0
eto 6 0
etr 1 0
charlatan 2 0
ett 43 0
ets 3 0
anzerhemde 1 0
weggewaschen 3 0
etz 16 0
hodoclea 2 0
ingdoms 7 0
alshoods 5 0
durchstrich 2 0
rigorous 23 0
eue 25 0
foretell 13 0
eud 1 0
nightingale 44 0
eug 14 0
euf 1 0
wergen 1 0
euk 1 0
eum 11 0
oilus 2 0
acknoledge 1 0
eintrinkern 1 0
eun 1 0
eus 46 0
eur 1 0
unexpectedly 43 0
eut 23 0
ueberwaeltigte 3 0
eux 2 0
raganza 3 0
ertreibung 1 0
praedestiniert 1 0
ruefulness 2 0
forma 2 0
errats 1 0
eva 9 0
evd 5 0
eve 64 0
clefts 5 0
evi 7 0
gereuen 3 0
chirketh 1 0
evo 1 0
llesina 1 0
boastin 1 0
evs 1 0
endeavor 65 0
strawy 1 0
evy 1 0
ewa 1 0
turms 1 0
stoischen 1 0
forme 2 0
turme 5 0
formd 12 0
hinwandelt 1 0
ewe 6 0
uedens 1 0
willingsschwestern 1 0
lustigen 15 0
figuerlich 1 0
hespis 1 0
straws 8 0
emigrated 1 0
lustiger 10 0
uchstabe 5 0
ewn 1 0
erraud 2 0
forms 357 0
lustiges 4 0
ews 157 0
summon 33 0
talkative 6 0
gaehnenden 1 0
bobble 1 0
isenbahn 3 0
eggars 3 0
liketh 34 0
dyeing 9 0
ixey 1 0
exe 4 0
ismal 4 0
niederlaendischen 1 0
misstrauischen 1 0
strada 1 0
niederlaendischer 2 0
supplications 5 0
exp 1 0
exo 1 0
ext 128 0
withers 6 0
calaboose 2 0
mercers 1 0
voices 129 0
ixen 2 0
ugenmerk 4 0
errace 12 0
ixes 1 0
argues 18 0
eye 719 0
xceed 1 0
glaring 35 0
schnellsegelnd 1 0
verloschen 4 0
mixer 1 0
hinueberschlafend 1 0
eyo 11 0
mixes 5 0
mumisierten 1 0
obbists 2 0
onfrennelness 1 0
eys 1 0
ixed 11 0
argued 40 0
vermischtes 1 0
eyx 2 0
rras 2 0
omeranians 1 0
vermischten 2 0
bepflanzt 10 0
stedder 1 0
eza 11 0
rray 3 0
zittre 1 0
ongolian 1 0
eze 5 0
schied 6 0
detaictives 3 0
schief 6 0
aungatter 2 0
exaction 4 0
umbrel 1 0
ezo 48 0
schien 548 0
schier 2 0
scaling 2 0
vorsahen 1 0
nterpreting 1 0
disregarding 7 0
tockades 1 0
strack 4 0
exacting 20 0
gerichtetes 1 0
oreno 1 0
intuitions 5 0
orposten 1 0
eggary 2 0
ouldings 3 0
gerichteten 2 0
evidential 2 0
einfloessten 5 0
healeless 1 0
likest 1 0
orenz 1 0
gnawing 13 0
agnino 2 0
crivener 1 0
anvertrauten 1 0
aufsteigen 2 0
oreto 1 0
misgovernment 6 0
knickern 1 0
wallowing 5 0
orest 35 0
schick 9 0
durchwuerzte 1 0
urzelmaennlein 5 0
arktplatz 2 0
unbridled 4 0
spagne 1 0
mixin 2 0
orets 1 0
ropper 1 0
bobbin 1 0
adscriptitii 1 0
zagender 1 0
cially 1 0
tamarind 11 0
umgebene 1 0
sheerest 2 0
paepstlicher 1 0
snatch 33 0
algen 6 0
summit 76 0
paepstlichen 5 0
wunderlichere 1 0
revilers 2 0
witheld 1 0
zsammfinden 1 0
bereitstand 1 0
lerie 1 0
burnin 5 0
estgewirre 1 0
heralds 14 0
rret 1 0
voiced 10 0
ribbalashun 1 0
rren 5 0
verwehren 2 0
refreshed 24 0
darkeys 1 0
ratschlagte 2 0
rrea 1 0
lergy 31 0
tiefer 32 0
tiefes 5 0
strebenden 1 0
ausgeruestet 1 0
beteuernd 1 0
chnueren 2 0
gereichen 3 0
seegyar 7 0
trymon 1 0
amessids 1 0
verloschne 1 0
emporschwaemme 1 0
fought 163 0
fad 28 0
fac 3 0
packett 1 0
packets 11 0
fan 30 0
fam 1 0
errain 3 0
tiefel 6 0
far 2622 0
tiefen 50 0
tiefem 5 0
fat 177 0
lauses 3 0
fas 9 0
fau 1 0
fay 23 0
nstructio 1 0
flemeth 1 0
rapsodeis 1 0
physiology 6 0
bobbed 5 0
remunerated 1 0
reamble 3 0
acquaintanceship 1 0
ingeschraenktheit 3 0
entzwingt 1 0
kramtet 1 0
elater 1 0
elated 14 0
imposanten 1 0
brokers 2 0
algar 8 0
rocrustean 2 0
asserflor 1 0
getaeuscht 14 0
yttelton 2 0
differences 53 0
packers 3 0
burned 136 0
differenced 1 0
burner 8 0
vorglogn 1 0
ilberglocke 1 0
pulleys 3 0
lerks 5 0
lausen 1 0
bronchitis 3 0
ernicle 1 0
rria 1 0
recherche 2 0
aergerlicher 1 0
ordained 57 0
ockentracht 1 0
dominance 1 0
gedeckten 2 0
ixom 2 0
aradises 1 0
ixon 6 0
strake 6 0
wondered 100 0
asserflut 1 0
fed 142 0
pekulationen 8 0
ueberwaeltiget 1 0
asthofe 5 0
ueppige 1 0
fee 156 0
scourgings 2 0
eierlichkeiten 10 0
ueberhinflog 1 0
fen 19 0
schwarztaffeter 1 0
fem 1 0
fer 461 0
summte 1 0
fet 8 0
iebreich 1 0
sullenly 9 0
feu 7 0
orbericht 1 0
few 2349 0
fez 3 0
asthofs 1 0
fey 2 0
bookstall 1 0
ueberwaeltigen 6 0
ffa 1 0
quoting 10 0
strain 90 0
ffe 1 0
pullest 1 0
rumpelt 1 0
strait 24 0
lerne 13 0
friedliche 3 0
oiler 2 0
personally 74 0
pullets 2 0
oiled 19 0
darkest 18 0
lernt 16 0
zusammengeflickten 1 0
tamarisk 1 0
stigma 3 0
ixty 9 0
ausgestatteten 1 0
viscid 8 0
straft 1 0
uirbouly 1 0
iedehopf 1 0
ixte 1 0
candidate 129 0
ixth 12 0
unprofitableness 1 0
alleine 6 0
urdering 2 0
strafe 1 0
ratchet 1 0
countesses 2 0
millioun 1 0
aegyptischen 7 0
convenients 1 0
krepiert 2 0
letztenmal 7 0
altascibetta 1 0
ialekts 1 0
kerosene 12 0
radford 15 0
olombrano 2 0
nstructor 3 0
tellungen 12 0
aufgeklaertesten 1 0
zaaahlst 1 0
deformity 17 0
hoffnungsvolle 4 0
gegraust 1 0
aufzutischen 1 0
fib 1 0
trockene 6 0
fia 1 0
brimstone 9 0
fif 1 0
fie 3 0
einhart 1 0
fig 4 0
revellous 1 0
revellour 2 0
unbuttoned 4 0
fin 15 0
mettled 1 0
rstehen 1 0
liverotto 4 0
appointing 26 0
fio 1 0
fir 50 0
hoein 1 0
eeping 14 0
mendacio 1 0
fit 471 0
fis 2 0
fix 180 0
rror 29 0
periphrastic 1 0
cleets 1 0
rrow 3 0
mitbringst 1 0
ichtigkeit 18 0
onsuming 1 0
affenhaft 1 0
gegriffen 3 0
lebensgross 1 0
orsichtigkeit 2 0
folksy 2 0
wunderguten 1 0
zurechtwies 1 0
eteor 1 0
reithof 2 0
soothly 34 0
eopuolani 1 0
vermindert 3 0
bystander 1 0
aufdraengen 1 0
clockmaking 1 0
schwaechlichen 2 0
rrrp 1 0
anzuenden 6 0
forrerd 2 0
intimacy 55 0
apuziners 1 0
plainest 14 0
vermindern 5 0
tummelten 1 0
enabling 30 0
hoeft 1 0
hating 19 0
tombstone 8 0
onvenient 2 0
flo 7 0
proima 1 0
umgekehrt 5 0
fly 207 0
grepha 1 0
chweizer 6 0
fennes 1 0
iddlebrook 2 0
rrte 1 0
ereinigten 1 0
schism 35 0
glarice 1 0
weinen 27 0
rotsammetner 1 0
ufklaerungen 2 0
chwerter 4 0
schist 3 0
unworkable 1 0
garment 58 0
misbecoming 1 0
needy 8 0
needs 151 0
triumphantes 1 0
rebuking 2 0
needn 30 0
sowohl 63 0
plaineth 1 0
raktische 1 0
kontrastierenden 1 0
echanischen 2 0
toured 2 0
weinet 1 0
conscionably 1 0
rrrr 1 0
fob 2 0
schreibselige 1 0
chidester 1 0
foe 62 0
fog 40 0
watersacks 1 0
christening 4 0
foi 1 0
bossie 2 0
fon 3 0
croonin 2 0
oreas 4 0
fop 5 0
noetigten 7 0
amerced 1 0
for 34454 0
brightned 1 0
loneliness 37 0
egetables 3 0
fou 2 0
twilight 73 0
fox 95 0
issbilligen 1 0
njoyments 3 0
alers 5 0
relinquished 18 0
tallknecht 1 0
sonneverfinsternd 1 0
alert 35 0
ugendmuster 1 0
orean 1 0
alern 4 0
shawmies 1 0
potion 4 0
alery 1 0
conserve 6 0
hoebe 1 0
treetops 1 0
thelstan 1 0
procursors 1 0
mmortality 5 0
uncondescending 1 0
scyphus 1 0
beteuerte 6 0
ffizin 1 0
ointure 3 0
ereford 2 0
soothed 20 0
ustaenden 8 0
culpture 2 0
fra 5 0
ndankbarkeit 4 0
reiundzwanzigsten 1 0
othario 95 0
fre 1 0
grinned 20 0
uilder 2 0
insomuch 10 0
soothes 3 0
soother 1 0
likely 704 0
fro 95 0
gespiegelt 2 0
poorely 3 0
fru 3 0
fry 12 0
ugustana 2 0
utomedon 9 0
uebsche 2 0
onsistorial 1 0
oliseo 4 0
annoying 15 0
eliboean 1 0
alemi 1 0
bossed 1 0
haketon 1 0
fluctuated 1 0
eproof 2 0
fearlessness 5 0
auffallende 4 0
assachussett 1 0
accomplices 13 0
verwehtes 1 0
alens 1 0
bosses 2 0
oreen 1 0
juberlee 1 0
centipede 3 0
ftp 121 0
weggemaeht 1 0
boagrion 1 0
alent 52 0
uestion 65 0
paganism 5 0
preevilege 2 0
disposition 202 0
oelbaeumen 3 0
schilt 6 0
fui 8 0
misunderstood 30 0
ful 13 0
fun 66 0
crooned 4 0
fum 62 0
triumphantly 20 0
fur 57 0
fut 2 0
fus 31 0
delayest 1 0
traipsing 2 0
inclosing 15 0
offenherzig 1 0
plying 3 0
eitenden 1 0
plainely 1 0
contentment 30 0
laudable 35 0
infidel 12 0
sufficient 809 0
egardless 4 0
manigfaltigen 1 0
laudably 1 0
author 559 0
heightens 3 0
rutscht 1 0
umzaeunete 1 0
achzuahmende 1 0
villanous 3 0
iergeldern 1 0
olzportionen 1 0
unerlaessliche 3 0
orely 2 0
tireless 9 0
aeuschen 7 0
eriwigs 1 0
scheinbare 7 0
mixed 165 0
rmeen 2 0
redestination 4 0
amaaina 1 0
displeaseth 3 0
chmerzens 11 0
lwert 1 0
candidacy 4 0
likens 1 0
wrecking 1 0
iswasser 1 0
readier 5 0
smocks 1 0
liegende 3 0
erehrung 19 0
tendencies 54 0
guardians 100 0
schleppte 5 0
herzuschiessen 1 0
nachdrueckliche 1 0
conveniency 36 0
ackre 1 0
diagonal 4 0
transmute 3 0
tripodon 1 0
aterhaus 2 0
readily 294 0
militaerischen 2 0
eschicks 1 0
meditations 20 0
gefertigten 1 0
griffins 2 0
convenience 45 0
yrenees 12 0
geteilt 10 0
tileris 1 0
ringlen 2 0
cleanseth 2 0
eschicke 3 0
loadin 2 0
forks 10 0
blindness 24 0
forky 3 0
herunterliefen 1 0
pempte 1 0
ttained 1 0
foller 1 0
coolies 34 0
protokollieren 1 0
ngelchen 3 0
dervishes 1 0
olempnis 2 0
personifiziert 2 0
upheavals 1 0
distracts 3 0
executed 108 0
treuere 1 0
vindicates 2 0
odfeind 2 0
lizabethan 15 0
poorest 44 0
treuern 1 0
rsch 1 0
executes 6 0
ouleau 1 0
cripure 1 0
interm 2 0
intern 3 0
inters 5 0
mitbringen 5 0
irregefuehrt 2 0
eklen 1 0
operarius 1 0
narchy 5 0
herausholen 1 0
everberant 1 0
unfaithful 10 0
consequent 45 0
wormeaten 1 0
vindicated 16 0
olkenflor 1 0
iaxis 1 0
ordly 2 0
bschiedsbesuchen 1 0
ordre 1 0
loader 1 0
luminously 2 0
nekdote 1 0
sighted 29 0
loaded 94 0
chwerste 3 0
direful 1 0
ahnsinnige 2 0
exiling 1 0
loaden 2 0
rses 1 0
assregeln 6 0
rivateer 1 0
rsel 1 0
forgo 2 0
chasers 1 0
erichtspersonen 3 0
ilderbuecher 1 0
adaway 1 0
verjuice 1 0
recluse 7 0
sanguinely 1 0
forge 25 0
laboratories 2 0
onjugal 1 0
chasest 1 0
fordo 4 0
weinst 1 0
therisca 1 0
fords 8 0
gab 336 0
bscurity 5 0
gae 4 0
gag 18 0
treuend 1 0
adawed 1 0
bedarf 33 0
gaf 3 0
ordon 11 0
gam 1 0
uartering 2 0
gal 47 0
gan 318 0
etext 1465 0
gap 13 0
gas 28 0
ehbock 1 0
gar 562 0
gat 2 0
erborgenen 4 0
gay 134 0
noetigste 3 0
ebrii 2 0
foret 3 0
reading 399 0
hoert 68 0
chaseth 1 0
beweiset 1 0
weinte 30 0
healthiest 1 0
beweisen 27 0
inbred 4 0
uperstition 6 0
rodukten 1 0
annihilation 21 0
rdered 1 0
southwestern 1 0
foray 4 0
hoern 1 0
lassend 2 0
flegetochter 1 0
hoere 46 0
laurel 51 0
laurer 1 0
reeling 11 0
schwermuetigen 1 0
longues 1 0
schwermuetiges 1 0
forby 6 0
isciplined 1 0
eklinierend 1 0
laurea 1 0
cooling 20 0
unemployment 1 0
annihilating 4 0
eingeschaltet 4 0
force 830 0
forcd 2 0
suffuse 1 0
andgrafen 1 0
geb 11 0
gee 2 0
eliboeus 61 0
geh 50 0
gem 26 0
sedentary 9 0
gen 26 0
unvergleichliche 3 0
ges 93 0
ger 4 0
rsparnissen 1 0
get 2301 0
gew 1 0
laideurs 1 0
ebrew 28 0
gey 2 0
beeswax 1 0
limitieren 1 0
antitelepathic 1 0
oodrow 3 0
urisdictions 4 0
vorbeistreifen 1 0
foran 1 0
transformation 15 0
zuvorkam 2 0
indiscriminately 9 0
meditatioun 1 0
omaschans 1 0
verschlafene 2 0
sightes 2 0
schmiess 1 0
hesnut 1 0
reiburg 7 0
rustling 25 0
abweicht 1 0
assengers 6 0
eters 2 0
ggs 2 0
goodwives 1 0
etern 14 0
scoriae 1 0
allerweil 1 0
lechzende 1 0
upholds 2 0
rdenklosses 1 0
taverner 2 0
zurueckschicken 1 0
auptirrtum 1 0
scatteredhis 1 0
debouch 1 0
zugefallen 4 0
orspiel 1 0
asture 7 0
hervorragend 1 0
kakia 1 0
gia 1 0
ngenehmers 1 0
gib 28 0
gie 26 0
gig 10 0
gif 2 0
liebsten 13 0
liebstes 1 0
jedgment 3 0
liebster 3 0
gim 3 0
zusammengeschafft 1 0
gio 2 0
gin 110 0
arpoon 1 0
gis 4 0
schleunige 2 0
git 222 0
peeling 5 0
schleppen 9 0
subdivide 4 0
ubsequently 2 0
giv 13 0
salient 17 0
lateinischen 6 0
vielfarbig 1 0
pashent 1 0
itiated 1 0
smaragd 1 0
follow 566 0
intent 144 0
fuenfen 1 0
astute 7 0
erlaymont 1 0
raslin 1 0
ehearsals 1 0
abelais 5 0
intend 117 0
orher 1 0
zusammenlegen 1 0
flicker 6 0
spannt 2 0
flicken 1 0
ilfully 2 0
civilians 3 0
spanne 2 0
verlorene 1 0
egelberges 1 0
eilnehmung 14 0
flicked 2 0
fluctuate 6 0
acobs 18 0
glb 1 0
kecklich 1 0
gle 1 0
icepond 1 0
othano 1 0
gli 6 0
schwankte 4 0
butiful 1 0
komplimentierte 1 0
ubilee 3 0
giubilo 1 0
languishes 2 0
gly 1 0
overflowings 2 0
emetic 6 0
iederlanden 5 0
commixtures 1 0
chnuert 1 0
rotbraunes 1 0
contemporaneous 2 0
sights 32 0
languished 9 0
rste 18 0
ussehn 1 0
litterputz 1 0
verziertes 1 0
unstarbeiten 1 0
verzierter 4 0
trellis 4 0
alienating 5 0
acoda 1 0
gewendet 13 0
hinueberfahren 1 0
paesse 3 0
onothelites 2 0
shton 2 0
eiberfeind 1 0
kanth 1 0
sighte 6 0
rdnet 1 0
strapped 9 0
stings 18 0
storeplaces 1 0
aaal 2 0
capitals 129 0
eonard 18 0
inscriptions 24 0
stingy 4 0
aaaa 4 0
orealis 2 0
verfaellt 2 0
freshman 1 0
onsistorio 1 0
ekenntnisse 6 0
goe 2 0
god 205 0
aphira 1 0
aaas 1 0
simpers 1 0
badness 19 0
erborgnen 4 0
gol 5 0
goo 1 0
reader 350 0
gon 45 0
verbenas 2 0
aadi 1 0
olloway 1 0
ascita 1 0
got 1563 0
gow 1 0
gov 1 0
liveried 2 0
wogenden 2 0
eschreis 1 0
institution 120 0
prognostications 3 0
hohle 3 0
achdenkend 1 0
ducational 1 0
orhin 1 0
awkins 37 0
liveries 4 0
shipment 2 0
abellians 1 0
underkind 2 0
aach 1 0
iffereau 1 0
alienation 8 0
gstreift 1 0
portentously 1 0
letzt 2 0
tundenschlagen 1 0
verzierten 4 0
plastering 9 0
instituting 4 0
cowskin 12 0
ettfuesse 1 0
ussell 32 0
deleterious 2 0
ambetta 1 0
nehmt 5 0
alshood 9 0
emeter 9 0
reaffirmation 1 0
aage 7 0
nehme 23 0
gra 2 0
trunkene 1 0
epesche 1 0
connoisseur 6 0
inkling 8 0
ctual 1 0
slanderous 2 0
anzublicken 1 0
ethod 73 0
ichtige 1 0
londinchen 1 0
readed 1 0
inanity 1 0
edouten 2 0
arraway 139 0
oudrays 3 0
ubscription 14 0
purposely 28 0
readen 5 0
iazza 5 0
ethon 1 0
entscheidendsten 1 0
slipshod 2 0
easurements 1 0
divination 7 0
reindeer 1 0
acedonians 1 0
ollowen 1 0
trepidations 1 0
unenlivened 1 0
gleichgesinnte 1 0
heaves 1 0
hardiest 6 0
taunens 1 0
oints 31 0
mposition 3 0
heaved 11 0
esterners 1 0
disrespect 11 0
heaver 1 0
ullinger 4 0
izam 1 0
bottines 1 0
lbacini 1 0
orhof 4 0
blackmailer 1 0
heaven 481 0
oulanger 1 0
ebelmorgen 1 0
injuriously 4 0
unhappy 187 0
erbrechens 1 0
gud 1 0
ifferent 12 0
gum 44 0
discredited 8 0
gun 158 0
hohes 5 0
hoher 9 0
hohem 10 0
gut 544 0
hohen 104 0
geuebt 13 0
guv 1 0
guy 9 0
azettes 2 0
erharrt 2 0
advantges 1 0
calamo 1 0
riotously 1 0
ieselbigen 1 0
prolix 5 0
tutto 3 0
smothered 20 0
tutta 1 0
ankuendigt 2 0
coolest 5 0
hrlich 1 0
tutte 2 0
unerklaerbar 1 0
contending 49 0
olitik 5 0
irates 2 0
ebensbeschreibung 1 0
ominibus 1 0
ochfort 1 0
wunderment 1 0
ollowed 1 0
readin 9 0
schimmerte 2 0
aquier 1 0
carouse 2 0
bezwingen 2 0
aals 6 0
nitrites 1 0
aall 1 0
orspent 1 0
undiscreet 1 0
soldierly 5 0
aama 1 0
alzburg 2 0
shelling 2 0
wiedersehen 23 0
unentschieden 1 0
izen 1 0
izes 2 0
tutor 99 0
eknow 2 0
continence 4 0
ierteljahr 3 0
ustrunde 1 0
aale 21 0
ulcinellen 1 0
tomach 3 0
inveterate 22 0
ntagoras 3 0
aldwiese 1 0
fuenfte 2 0
gym 1 0
ccustoming 1 0
nuncio 19 0
ethes 1 0
ether 52 0
abgewogen 1 0
ethel 9 0
anzenden 1 0
iebenswuerdigkeit 11 0
lovemaking 1 0
accidentally 39 0
erians 1 0
vorgebunden 1 0
kuemmerlicher 3 0
nsemble 1 0
kuemmerlichen 4 0
kuemmerlichem 1 0
kuemmerliches 1 0
embosomed 1 0
wiederangekommen 1 0
reassumed 1 0
alicia 2 0
enutzbare 1 0
jousted 2 0
ammils 1 0
alicht 2 0
ollowin 1 0
joustes 3 0
stinkt 1 0
jousten 1 0
stinks 4 0
etier 2 0
nipple 3 0
eburt 32 0
schwaermt 1 0
woodcuts 1 0
penknife 6 0
acorn 4 0
schnitzen 1 0
negus 1 0
schoss 14 0
vorlautes 1 0
cajoling 1 0
troestet 3 0
alila 1 0
hoiau 1 0
vorlauten 1 0
erkeltagen 1 0
mankind 384 0
troesten 15 0
marshes 12 0
pigment 3 0
uncover 3 0
foure 8 0
uiucvmd 4 0
euerung 1 0
vermerken 2 0
plaetschernd 1 0
eanness 3 0
mstaende 83 0
erquickenden 3 0
amarantrotem 1 0
sewerage 1 0
onsonian 1 0
ebuty 1 0
onstruction 15 0
aufbewahrt 9 0
fount 6 0
zamine 3 0
atheists 5 0
rtes 7 0
agwine 3 0
afterpiece 1 0
elamon 1 0
aars 1 0
onntest 1 0
omatoes 1 0
onnenschein 19 0
alini 1 0
found 2830 0
rtee 1 0
rievous 2 0
aling 1 0
etide 1 0
rten 77 0
auche 1 0
cruelty 139 0
beating 69 0
unawakened 1 0
intimate 159 0
orndlich 2 0
hinwiesen 1 0
hinlebt 1 0
labenden 1 0
verkranket 1 0
siebenjaehrigen 1 0
aucht 5 0
auchs 1 0
aphian 5 0
aare 53 0
ritterlichen 3 0
pensioned 4 0
preface 21 0
etiam 4 0
iaries 2 0
criptis 1 0
feelin 13 0
erkeley 4 0
hab 234 0
had 25842 0
ekenntnisses 1 0
hac 2 0
align 1 0
ebung 1 0
ekenntnissen 3 0
haf 1 0
guided 72 0
hae 73 0
hah 6 0
hag 2 0
tuehlchen 2 0
sighes 5 0
hai 2 0
guides 40 0
hal 2 0
idyllischen 1 0
nnate 1 0
foule 10 0
han 212 0
yellower 3 0
ham 17 0
school 490 0
hap 31 0
ibliothek 17 0
ilberdraht 1 0
pensioner 2 0
guiden 1 0
har 48 0
ehmfigur 1 0
hat 8012 0
has 9277 0
hav 3 0
overmasters 1 0
hau 12 0
haw 7 0
onight 3 0
erhaengnis 2 0
hay 41 0
nkommens 1 0
sighed 75 0
buttoned 7 0
bguss 9 0
rminius 12 0
weighs 16 0
yellowed 6 0
weight 463 0
hbe 1 0
loveliest 17 0
xaminations 1 0
aast 1 0
irrefatigable 1 0
schone 1 0
hbl 12 0
measure 465 0
weighd 2 0
schont 3 0
aliis 10 0
weigen 4 0
rtiz 2 0
impossible 749 0
acopo 1 0
readth 3 0
inkaeufer 1 0
orgus 1 0
hirteen 8 0
ointed 1 0
lewedness 3 0
witticisms 1 0
tantalise 1 0
unbestaendig 2 0
ircumference 1 0
izon 1 0
commissioners 34 0
sophistications 1 0
angenagt 1 0
alike 202 0
impossibly 1 0
scholl 1 0
teilhaft 3 0
eraglio 2 0
urueckhaltungen 1 0
campanili 1 0
feelen 2 0
alico 3 0
atrosen 2 0
hea 3 0
rotectorate 1 0
hed 3 0
feeled 1 0
alice 28 0
hee 60 0
heh 3 0
iberals 7 0
ruesseler 1 0
hen 4307 0
guidit 2 0
haking 2 0
hem 40 0
her 18543 0
het 13 0
hes 3 0
chasmed 1 0
hev 10 0
respectslike 1 0
versoehnt 8 0
hew 18 0
hez 3 0
hey 3507 0
feeler 1 0
ndependent 25 0
visite 4 0
forewarning 1 0
faffen 12 0
unuchus 1 0
cipionis 2 0
beding 1 0
beschlossen 21 0
elvellyn 1 0
oined 2 0
scentless 2 0
disqualify 4 0
herausgetrieben 4 0
alien 41 0
insultingly 2 0
anlanden 1 0
superstruc 1 0
uebersteigen 2 0
eingewurzelt 3 0
acoma 1 0
tuten 3 0
sonderheitlich 1 0
hhh 1 0
nipped 6 0
unskilful 10 0
schmieden 3 0
artaker 1 0
ebuke 1 0
pannen 1 0
unplaned 1 0
genialisch 1 0
herausgerissen 5 0
zusammenklingen 1 0
orham 3 0
hid 96 0
acheath 35 0
causeless 6 0
hic 9 0
hie 48 0
hig 83 0
straying 4 0
hil 36 0
hin 343 0
crockery 3 0
him 16735 0
oings 2 0
hip 87 0
hio 48 0
kannt 2 0
hir 1 0
nachstehenden 1 0
hit 229 0
his 42684 0
hiv 11 0
nachstehendes 2 0
fearers 1 0
forebode 1 0
schoben 1 0
zweimal 16 0
eingegrabenen 1 0
schoen 254 0
gekraenkt 5 0
paeter 4 0
bittender 1 0
inveteracy 3 0
cipionem 1 0
ebensglueck 1 0
interference 94 0
abbits 17 0
alian 2 0
retwisted 1 0
eception 29 0
beschuht 1 0
auseinandersetzen 1 0
devolves 5 0
feareth 3 0
confectionery 4 0
confectioners 1 0
uttermost 11 0
correspondingly 4 0
visits 80 0
wegzuholen 1 0
demokratischen 1 0
devolved 12 0
themslves 1 0
alias 10 0
ciliation 1 0
lithyia 1 0
sustonished 1 0
reproached 27 0
missgoennt 1 0
alibi 3 0
etrospect 2 0
harassments 1 0
lette 4 0
folget 3 0
folgen 63 0
entgegengebauten 1 0
chintzes 1 0
misconstrue 2 0
iddons 3 0
fearest 2 0
reproaches 24 0
oefter 23 0
disarmed 11 0
izzy 96 0
abbi 4 0
vermochten 2 0
rmunterungsmittel 1 0
abbe 2 0
stride 12 0
skimming 3 0
dogday 1 0
horridest 1 0
knowledging 1 0
misdeparteth 1 0
ristomenes 2 0
maaal 1 0
oelbild 1 0
strict 109 0
hne 37 0
abal 3 0
auart 6 0
bemalt 2 0
aban 1 0
beschneidet 1 0
beschneiden 2 0
abak 1 0
visualizes 1 0
everence 7 0
ebaelkes 1 0
stateliness 5 0
auslegen 5 0
begiessen 2 0
ebensgroesse 8 0
hob 38 0
hoc 8 0
abas 1 0
hoe 50 0
organ 87 0
rinakrien 1 0
hog 16 0
celandine 1 0
gardens 100 0
hieregati 1 0
hol 21 0
trafficks 1 0
hon 57 0
hom 31 0
hop 34 0
hoo 34 0
orgau 4 0
hor 32 0
extenso 2 0
hot 388 0
hos 6 0
characteristic 112 0
hou 339 0
puffings 1 0
woefulest 1 0
how 3416 0
uncouth 22 0
bguessen 1 0
ebtag 5 0
tusks 19 0
strich 4 0
kamst 5 0
thurrok 1 0
heatergebaeudes 1 0
upbraided 7 0
amerino 1 0
arkgraf 1 0
reyhounds 1 0
vorsagte 3 0
journies 3 0
wizard 6 0
loetenspielern 1 0
inborn 8 0
erkstattbesitzer 1 0
umherschweift 1 0
aufzufallen 1 0
herumgeschlichen 1 0
randmother 7 0
comforters 2 0
aldeswell 1 0
rbarmer 1 0
inladendes 1 0
rbarmen 5 0
hre 233 0
ytherea 4 0
tadtrate 1 0
allzuwohl 2 0
awkesworth 7 0
iarium 4 0
kinners 1 0
abes 2 0
asketry 1 0
aber 2010 0
strapping 3 0
hro 19 0
abel 12 0
hrn 2 0
aben 75 0
abei 40 0
hrs 2 0
muttered 61 0
tadtrats 1 0
urbanarum 1 0
hrt 1 0
hogunate 1 0
abed 2 0
elthaendel 1 0
orgia 16 0
vision 211 0
dredger 1 0
behandelte 9 0
colonnade 1 0
gereichte 2 0
oefling 1 0
abet 7 0
personalities 13 0
orget 3 0
orges 1 0
irault 1 0
hst 1 0
enusses 16 0
abie 4 0
warnten 1 0
ueberlegene 1 0
comforteth 1 0
hte 1 0
annuelles 1 0
orgen 190 0
htm 1 0
drillers 1 0
lammenglut 1 0
omputer 2 0
verabredetermassen 1 0
bewerkstelligen 1 0
dimunition 1 0
hogge 1 0
hub 10 0
huc 5 0
hue 86 0
huh 2 0
hug 10 0
icicle 1 0
hui 1 0
fortunes 117 0
hun 1 0
hum 21 0
relinquishment 2 0
zeitiger 1 0
bilges 1 0
irginians 5 0
hut 77 0
simulation 1 0
hus 700 0
weihen 2 0
huv 1 0
huz 2 0
eflects 1 0
weihet 1 0
erwaehlte 1 0
hva 2 0
mirage 6 0
oftyest 1 0
saucers 8 0
abit 15 0
poetise 1 0
unleidlichsten 1 0
abis 2 0
bestirrd 1 0
savoring 1 0
abir 1 0
abio 1 0
abin 3 0
covetise 10 0
cogitating 1 0
baksheesh 1 0
bewitching 12 0
iterature 12 0
milkweed 1 0
harisaical 1 0
jaguar 7 0
ably 15 0
eberlegenheit 1 0
uckkasten 6 0
ethuen 1 0
ablo 1 0
vergebliche 6 0
fosse 1 0
orgie 3 0
liebevoll 8 0
cogitation 1 0
ighill 1 0
orgin 1 0
travail 16 0
undreamt 1 0
mastig 2 0
aukuenstler 1 0
awakning 1 0
strike 190 0
angelegter 1 0
cruelly 51 0
revelling 3 0
angelegten 2 0
ottespfennig 1 0
somersets 1 0
decamping 1 0
olestation 4 0
able 1315 0
vorliegend 1 0
hym 1 0
cclesiae 5 0
subjectioun 2 0
hogan 5 0
hys 2 0
etgen 1 0
misinfohmed 1 0
decently 21 0
ismes 4 0
lauernder 1 0
ismet 4 0
ighing 1 0
ismen 1 0
lauernden 1 0
orgon 3 0
zeugen 2 0
waermsten 1 0
mprinte 1 0
abob 2 0
verteid 1 0
chneiderinnen 1 0
omestic 7 0
nnali 1 0
nnals 5 0
ontinguity 1 0
allzuwuerksamen 1 0
angezeigt 5 0
eistern 16 0
peasants 44 0
isappointments 4 0
eigneurs 1 0
verweilend 1 0
vorausreiten 1 0
ontalto 1 0
strife 73 0
blinking 10 0
monastiques 2 0
cudivogius 1 0
disabused 2 0
orgne 1 0
eisters 52 0
meagre 33 0
ruce 14 0
strien 1 0
cursorily 2 0
hinderance 2 0
inscribere 1 0
ortgehen 1 0
ohlgetroffen 1 0
masted 2 0
forleteth 2 0
ameliorating 2 0
ruch 4 0
ruck 25 0
abbilden 1 0
rubs 5 0
copartners 1 0
abor 35 0
expecteth 2 0
abot 4 0
aboo 1 0
copartnery 10 0
gestehet 1 0
vorbog 1 0
mastes 1 0
master 1080 0
ruby 11 0
negro 128 0
amelioration 1 0
riotoures 3 0
rube 5 0
exanmple 1 0
gestehen 57 0
rubb 3 0
hatefulness 1 0
zuruecklassen 5 0
ermocleides 1 0
ungelegensten 1 0
apitols 5 0
outpaced 1 0
ruet 1 0
verweilest 1 0
turvy 4 0
traffickers 3 0
apitola 1 0
rueh 3 0
urchase 5 0
gratings 1 0
apitole 3 0
ruen 7 0
ruel 10 0
imperitans 1 0
nterviews 2 0
ebtor 2 0
husking 1 0
rude 300 0
propelling 2 0
abre 10 0
difying 1 0
durchzogen 3 0
mahajuns 2 0
durchscheint 1 0
unmindful 16 0
virtusque 1 0
pigramma 1 0
scalded 8 0
vorwerfen 3 0
bewillkommt 2 0
zusammenberufen 1 0
promulgate 1 0
abus 3 0
hedworth 3 0
iam 6 0
ial 2 0
auber 9 0
eholding 1 0
ian 10 0
berboden 1 0
auben 16 0
coagulations 1 0
ias 4 0
rugs 11 0
iar 7 0
iat 1 0
waelzen 2 0
lesen 83 0
auctoris 1 0
iaz 8 0
jagten 2 0
ruft 26 0
turze 1 0
ibb 1 0
leset 2 0
nvious 3 0
verfinsterte 2 0
ibc 4 0
egularity 3 0
ibl 2 0
werben 4 0
streifweis 1 0
umsicherten 1 0
ruff 2 0
rufe 5 0
elehrte 1 0
ibt 17 0
ibs 1 0
quemque 1 0
chneeball 1 0
bulletin 2 0
coveting 3 0
gsprunga 1 0
circumvent 3 0
harpoons 7 0
alhes 1 0
ostamenten 1 0
ica 1 0
ausverfassungen 1 0
entstand 24 0
ice 338 0
shrug 11 0
ausbrechend 2 0
ici 1 0
ich 9813 0
shrub 14 0
ick 66 0
alidas 1 0
aureate 11 0
etractation 6 0
ico 9 0
aliday 4 0
erschwindet 1 0
heissgelaufen 1 0
ict 1 0
ruit 8 0
ruin 292 0
icy 33 0
rgyllshire 1 0
vorbei 75 0
scriptured 1 0
ida 46 0
idd 25 0
confluxions 1 0
ide 113 0
ochkirchen 4 0
flavored 2 0
odolphin 11 0
idi 6 0
bursts 20 0
idn 16 0
ruhl 4 0
extends 49 0
ordbrenner 1 0
quaeque 2 0
ido 27 0
ruhe 3 0
scriptures 8 0
ids 8 0
judging 58 0
ruht 23 0
ruhn 6 0
huskily 4 0
beschuldigest 1 0
ieb 37 0
ied 64 0
rule 443 0
ieg 21 0
acsimiles 1 0
ief 7 0
ieh 40 0
rauschende 4 0
iem 2 0
iel 42 0
kamen 130 0
ien 5 0
auban 2 0
ies 81 0
ier 291 0
ieu 21 0
travaux 1 0
urchaus 1 0
iet 64 0
deservest 1 0
iew 124 0
beschwerten 1 0
hergwiesen 1 0
ominican 29 0
rapturous 6 0
simulating 1 0
stinte 3 0
creeturs 15 0
fastings 1 0
iff 6 0
oetliche 1 0
rreclaimable 1 0
erschwinden 1 0
ife 618 0
orful 1 0
uerfluegel 1 0
aubat 3 0
sittliche 8 0
ontecorvo 1 0
acquittance 2 0
auptlehre 1 0
elanti 2 0
entgegenblickten 1 0
tagtaeglich 6 0
unaccosted 1 0
deficiency 48 0
nklaenge 2 0
ift 18 0
anzustellen 6 0
iga 2 0
confronting 8 0
ige 7 0
lownishly 1 0
rung 21 0
tingle 6 0
igh 104 0
runi 2 0
rund 82 0
usapia 2 0
rune 3 0
igo 3 0
ign 9 0
rump 4 0
tenement 12 0
igs 4 0
enable 230 0
heatre 15 0
unseligen 3 0
tanguntur 1 0
rums 5 0
liverian 1 0
unseliger 1 0
humbleness 5 0
gebietendes 1 0
onspiracys 1 0
freimuetiger 1 0
gebietenden 1 0
ruly 32 0
onzentration 1 0
erwaehlen 6 0
ihi 1 0
mpulse 4 0
ihn 2155 0
ihm 2394 0
ihr 2192 0
scriptural 13 0
hogun 7 0
rull 2 0
rminian 6 0
slaketh 1 0
mannigfaltgen 1 0
ebaeudes 11 0
ebaeuden 12 0
freimuetigen 2 0
simpeln 1 0
zufielen 1 0
loudbursts 1 0
romancers 1 0
ingebung 2 0
cushions 28 0
classical 75 0
iii 101 0
isolated 32 0
affectionate 194 0
durchkrochen 1 0
weihte 2 0
erwaehlet 2 0
inking 9 0
iis 14 0
ssyrians 1 0
meager 1 0
uebrigen 194 0
ufgrabenden 1 0
belustigten 1 0
uebrigem 1 0
uebriges 3 0
delineate 4 0
denaturalized 1 0
contrivance 47 0
foten 3 0
iji 1 0
abstract 66 0
lmanza 3 0
runo 3 0
helianthus 1 0
runk 22 0
husbond 1 0
runs 144 0
llersinnlichsten 1 0
embellishment 4 0
ilbenmasse 1 0
ike 203 0
iki 4 0
ukikiki 1 0
ikh 1 0
aiserstadt 1 0
preclara 1 0
unjabis 2 0
seacoast 7 0
capitale 1 0
iku 2 0
lehrten 4 0
waelzte 1 0
ilb 1 0
ila 129 0
ild 223 0
fotch 9 0
ilf 1 0
zigzags 9 0
ile 243 0
ill 1910 0
gotischen 2 0
ilk 37 0
ilm 4 0
ilo 16 0
ugendtraeume 2 0
ilt 25 0
ils 3 0
rupt 2 0
untergehen 5 0
ilz 4 0
rupp 18 0
ily 5 0
atmospheres 2 0
austuere 11 0
awbone 1 0
ima 14 0
imb 6 0
ime 540 0
reduzieren 2 0
rute 6 0
ruth 174 0
purposeth 1 0
capitain 2 0
ichardson 10 0
deportment 32 0
imm 17 0
imo 1 0
oapies 1 0
imp 3 0
lesse 8 0
friable 4 0
ims 2 0
rust 143 0
supremum 1 0
ticketed 1 0
renzscheide 1 0
atmospheric 8 0
russ 23 0
ahadeo 2 0
emoving 3 0
zeugte 6 0
ravagers 1 0
ina 26 0
ind 722 0
kamoi 2 0
ruse 3 0
tinged 13 0
zuzusehen 2 0
ine 410 0
ing 980 0
avoirdupois 5 0
ini 7 0
ink 134 0
inn 289 0
lutstropfen 3 0
ino 109 0
inq 1 0
rush 146 0
int 43 0
ins 347 0
tinges 2 0
verdeckt 4 0
iny 2 0
naturali 1 0
titmouse 1 0
threaded 13 0
schwanken 2 0
rauchten 1 0
rury 10 0
iog 1 0
crookit 3 0
iol 1 0
nailed 22 0
ion 42 0
herantritt 1 0
iot 2 0
hugged 3 0
ipa 1 0
horoughly 1 0
ipe 20 0
aliant 3 0
stiles 1 0
contortion 1 0
zuruecktreten 2 0
ipp 1 0
acch 1 0
fower 2 0
acca 2 0
ips 27 0
ipu 1 0
ergleute 2 0
stiled 3 0
pistolets 3 0
ruts 5 0
harangue 13 0
accu 1 0
damaliger 2 0
rutz 2 0
titular 4 0
damaligen 9 0
elmholtz 1 0
alkan 1 0
interrested 21 0
spornen 1 0
lineaments 8 0
vollkommenern 1 0
vocabulary 14 0
sclepiadae 1 0
alkar 16 0
paroquet 2 0
ira 1 0
ird 48 0
vollkommenere 1 0
irf 1 0
reizte 6 0
ire 172 0
ungebaerdig 3 0
youreself 1 0
iri 1 0
acer 1 0
irl 83 0
irk 14 0
quelconque 1 0
irn 18 0
irm 1 0
ahrten 1 0
irr 2 0
suction 7 0
irt 86 0
irs 23 0
aced 1 0
disparater 1 0
acee 1 0
aeuslein 1 0
isa 73 0
devouren 1 0
herabsah 1 0
nailes 5 0
ise 61 0
acey 2 0
aces 25 0
devourer 1 0
isi 2 0
nailer 2 0
ish 67 0
achs 10 0
isk 2 0
onstraineth 1 0
arrayed 19 0
ism 1 0
acht 513 0
controls 8 0
fledged 2 0
iso 6 0
isn 104 0
telltale 1 0
iss 1470 0
taratan 1 0
gebuesst 2 0
huggin 1 0
ist 4651 0
pushes 13 0
linkendes 1 0
acid 61 0
lacquered 12 0
uechenmoerseln 1 0
issertations 4 0
ita 14 0
ite 63 0
iedergangen 1 0
ith 1239 0
nuptial 5 0
iti 4 0
conciliate 14 0
readles 1 0
iserable 4 0
ito 1 0
uerkischkorn 1 0
itr 8 0
itt 41 0
eizende 1 0
its 7580 0
rosvenor 12 0
einzustehen 1 0
massiv 1 0
nullify 4 0
itz 36 0
ity 265 0
utwill 1 0
ache 244 0
inderschuhe 1 0
wunderhuebschen 2 0
acha 1 0
ballooning 1 0
crooked 53 0
espenste 2 0
ius 53 0
accaria 4 0
aendekuessen 1 0
tapster 1 0
aslake 1 0
treifschuss 3 0
rfehde 3 0
sclepiades 5 0
iserably 1 0
acke 10 0
burgeoning 1 0
iva 2 0
authorship 12 0
exactest 1 0
aliani 1 0
clearings 2 0
disinterestedness 7 0
durchschmiegte 1 0
ive 224 0
ausgestorbener 1 0
henbane 2 0
ausgestorbenen 2 0
enacts 1 0
acis 1 0
strews 3 0
voraus 47 0
ivy 47 0
tarantula 1 0
madly 27 0
iwa 1 0
olitude 8 0
uebereinstimmendes 1 0
iwi 1 0
ulging 1 0
enacus 2 0
pushed 145 0
strewn 26 0
uebereinstimmender 1 0
zerstoerende 1 0
stilly 1 0
underbred 1 0
abpachten 1 0
andwerkstriebe 1 0
rinzipien 1 0
schlug 64 0
erkenne 16 0
massen 1 0
acknowledgeth 1 0
epredations 3 0
acme 1 0
stills 2 0
fortlaufen 3 0
intermingled 10 0
egenvorstellungen 1 0
lewed 22 0
stillt 2 0
ispol 1 0
massed 11 0
rstaunens 3 0
aslant 2 0
aupassant 1 0
ixt 3 0
fertigmacht 1 0
counsaile 1 0
acks 4 0
ouncellours 1 0
masses 115 0
chlupfwinkel 3 0
acky 4 0
iyo 16 0
otenrichter 1 0
angekommene 3 0
entschuldiget 3 0
versprichst 3 0
hypotheses 23 0
fathers 116 0
ungeschminkten 1 0
bandyings 1 0
rillhoferschen 3 0
entschuldigen 19 0
undredth 1 0
iza 1 0
ntertainments 3 0
zerschnittene 1 0
ize 5 0
ostonian 4 0
acob 66 0
peperit 1 0
erbschleichen 1 0
izt 8 0
iedererinnerung 1 0
penetratingly 1 0
stille 82 0
lioness 12 0
tumblings 3 0
upferbilder 1 0
zuweiset 1 0
nullity 2 0
herzustellenden 1 0
upothesin 1 0
beweinen 3 0
onsisturi 1 0
precision 45 0
erwitterer 1 0
correspond 51 0
ahrzehnt 1 0
elapse 11 0
sensate 1 0
plausibility 6 0
paessen 5 0
ueberladen 2 0
spoonfuls 2 0
nuptiis 1 0
elapsd 1 0
onnenaufgange 1 0
acow 2 0
spitously 1 0
derivable 2 0
abetter 1 0
acon 365 0
hilltop 5 0
exuberantly 2 0
lacmore 1 0
inchester 13 0
einundzwanzigsten 2 0
unschickliche 3 0
thoroughbreds 1 0
abetted 7 0
glistened 9 0
dortour 1 0
scaldin 1 0
pawing 3 0
raeusperte 1 0
nterredungen 3 0
rillhofers 3 0
viator 1 0
foldings 1 0
ollmondnacht 2 0
vorbeikommen 1 0
skepticism 4 0
pibroch 1 0
braggarts 1 0
iudecca 3 0
controul 16 0
uegelruecken 1 0
bziehenden 1 0
acre 48 0
umfloss 2 0
outburst 23 0
acra 3 0
erkennt 18 0
hypothesis 40 0
allerhoechste 1 0
comprehend 94 0
bestrebte 2 0
comforting 15 0
ergpalaesten 1 0
letted 2 0
bastions 8 0
jab 1 0
barking 21 0
acts 234 0
edankenstriche 1 0
imputations 5 0
reconciles 3 0
fowth 2 0
ferarum 1 0
hervorzubringen 19 0
jam 10 0
jar 28 0
hateth 7 0
hoker 1 0
jurisdictions 8 0
jax 6 0
jaw 36 0
jay 13 0
levin 1 0
reconciled 46 0
folgendermassen 6 0
epidemischer 1 0
mortals 49 0
bstweiber 1 0
acto 1 0
letten 6 0
alblaeden 1 0
proofs 68 0
letter 889 0
raezision 4 0
acti 1 0
acte 1 0
brandes 1 0
isordered 2 0
espousd 2 0
auslegte 3 0
sommerlichen 1 0
poisons 8 0
aristocracy 51 0
espouse 5 0
zuwirft 1 0
crowsfeet 1 0
branded 18 0
besoffen 3 0
tarnished 8 0
eiertagen 1 0
gardien 4 0
mortale 1 0
ationalrepraesentation 1 0
soundings 2 0
weiveth 2 0
urmeltier 1 0
acus 2 0
aufgestellten 2 0
agnesia 3 0
olivey 9 0
olives 8 0
mmateriality 2 0
behaglich 10 0
forgettin 2 0
ourangeaux 1 0
spornte 3 0
wegnehmen 3 0
entences 8 0
turmwind 4 0
chopper 1 0
jed 1 0
lettin 6 0
jen 1 0
schiedest 1 0
verzweifelte 2 0
jeo 2 0
jer 1 0
chopped 17 0
expung 1 0
jet 12 0
eraphim 3 0
jeu 1 0
jew 2 0
machinations 9 0
bsalom 3 0
flattering 72 0
numerable 1 0
ussfertigkeit 2 0
nempfindliche 1 0
pondering 18 0
streit 1 0
nfinitude 1 0
levna 1 0
isorderly 2 0
commonwealths 14 0
xciii 1 0
hervorgebrochen 1 0
herauslesen 1 0
redatory 1 0
distance 674 0
prospects 39 0
erdissertieren 1 0
pinosists 2 0
aenzen 3 0
einfahrend 1 0
aenzer 7 0
zurechtgerueckt 1 0
street 294 0
strees 3 0
annuities 41 0
osaical 1 0
acqua 1 0
immensities 1 0
doppelte 13 0
roaches 1 0
schneckenhafte 1 0
forgetten 1 0
geplumst 1 0
jompre 1 0
puenktlichste 1 0
aubheit 1 0
regimini 1 0
alkon 10 0
olivar 10 0
ohenfriedberg 2 0
reenfield 1 0
fortgelebt 2 0
gepriesen 7 0
affronted 10 0
crotchet 2 0
schaendlichen 6 0
kiddes 1 0
ericht 46 0
jib 1 0
fowls 29 0
aschen 11 0
jig 4 0
romises 4 0
ascher 1 0
jin 3 0
weenest 1 0
zahmsten 1 0
jip 2 0
verbury 2 0
wiegespraech 1 0
abgewonnen 5 0
jis 1 0
burros 23 0
fowle 2 0
jiu 1 0
awakened 72 0
burrow 85 0
heathens 3 0
ericho 1 0
bligationen 1 0
unification 1 0
eutschland 58 0
hately 2 0
tenacious 16 0
collapsing 5 0
tinder 8 0
romised 1 0
erlichingen 35 0
wickedly 10 0
herauskamen 1 0
bottles 31 0
champaign 3 0
alkin 4 0
madam 60 0
eberrresten 1 0
humouredly 2 0
alachee 1 0
prosperrity 1 0
reachers 6 0
uakelchen 1 0
reachery 8 0
uslegung 10 0
stress 26 0
weeneth 4 0
chandelier 1 0
auricius 1 0
manteau 1 0
unsuspecting 21 0
xcise 3 0
bottled 5 0
inzendorf 2 0
schaendlicher 1 0
estamentary 1 0
schaendliches 1 0
isterns 4 0
entschuldigte 14 0
degustation 1 0
orhofe 2 0
devoured 34 0
herbeigetreten 2 0
palmyra 4 0
pianist 1 0
orhofs 2 0
rotulos 1 0
totally 109 0
grinion 8 0
heathery 1 0
schmal 6 0
adam 70 0
chirking 1 0
ohaves 4 0
achteile 1 0
aerzchen 1 0
unquestioning 2 0
corrections 15 0
alked 1 0
sickliness 1 0
aschinen 5 0
job 34 0
lettre 1 0
aledonia 3 0
alken 13 0
peculum 3 0
destitution 2 0
joe 1 0
jog 2 0
alker 35 0
strenk 2 0
addi 1 0
alkes 1 0
bestrebet 1 0
genuegsamen 1 0
adde 5 0
bestreben 3 0
jot 9 0
emberton 6 0
maden 3 0
addy 14 0
joy 375 0
streng 16 0
conjunctures 2 0
pathetischer 1 0
ambergs 1 0
strene 2 0
withall 2 0
adds 101 0
smutterlich 1 0
schattigen 1 0
euerste 2 0
verschiessen 2 0
acchantinnen 2 0
andsknecht 9 0
trimblin 1 0
tymolog 1 0
shuns 6 0
eisterflut 1 0
bequeathe 1 0
shunt 1 0
pluenderte 1 0
nnotations 1 0
asterisk 62 0
rejoyce 12 0
rejoycd 3 0
maces 2 0
llustration 2 0
scherzhaften 3 0
orbogen 2 0
orige 19 0
scherzhaftem 1 0
memorizing 2 0
habitacles 1 0
ermentation 3 0
adeo 3 0
aden 43 0
religiously 8 0
adem 1 0
quakings 1 0
adel 20 0
wrongly 6 0
vernacular 7 0
ugluft 1 0
schoepf 2 0
straightening 11 0
defiantly 8 0
verdigris 1 0
foerderte 3 0
entendre 1 0
ngersoll 2 0
ades 47 0
ader 14 0
adet 1 0
irschen 3 0
aristocrats 3 0
ebuehr 1 0
ories 123 0
urderers 11 0
abasement 10 0
ellemont 1 0
rbschaft 10 0
hiermit 5 0
ellwisher 1 0
feignedly 1 0
lraunenwurzel 1 0
adjure 1 0
etriegen 1 0
counteracting 3 0
annskuensten 1 0
jbickers 2 0
ordainedly 1 0
oriel 6 0
mindedness 5 0
orueberrennen 1 0
calaminaris 1 0
solidatus 1 0
durchscheinenden 3 0
angularity 1 0
thelbert 20 0
undeliverable 2 0
usanne 1 0
adge 2 0
schoene 283 0
applicant 2 0
cynocephalus 1 0
dissatisfaction 13 0
insufficiency 9 0
jub 3 0
validity 6 0
jug 40 0
ummoned 1 0
jul 1 0
juk 3 0
jun 5 0
fortgeschickte 1 0
etire 4 0
jut 2 0
jus 1 0
adji 32 0
alixt 5 0
differentiate 2 0
structed 1 0
ahrung 34 0
entfuhr 2 0
nterpreters 1 0
hinaufgetrieben 1 0
detachment 9 0
disadvantage 29 0
adir 1 0
mache 48 0
slingshot 2 0
lumenbeeten 2 0
macha 1 0
adig 1 0
adjust 16 0
macht 270 0
nforcement 1 0
adiz 21 0
vigorous 115 0
western 105 0
menschenreichen 1 0
zierlichsten 1 0
adix 3 0
ttuning 1 0
theatrical 11 0
rmies 43 0
wronges 1 0
azianzen 1 0
trembling 120 0
packing 13 0
erulean 1 0
sumsen 1 0
wronged 22 0
pardoner 1 0
archeveche 1 0
twelvepence 3 0
dieselbe 22 0
pardoned 12 0
adly 1 0
ambessa 1 0
foerdernd 1 0
parliamentaria 1 0
abprallen 1 0
deifying 1 0
uftzeichen 1 0
ubjekte 3 0
einfoermigsten 1 0
adle 1 0
mannigfaltige 10 0
nviron 1 0
rmide 1 0
executors 8 0
prompt 36 0
unrighteous 16 0
alibis 1 0
rwan 10 0
fustian 1 0
stuerzte 23 0
ppointment 28 0
promis 11 0
reachd 1 0
adoc 1 0
eillerie 2 0
inculpatory 1 0
nvestigation 1 0
zweifelhaften 3 0
chasing 9 0
folgte 48 0
ottontail 1 0
artikulierte 1 0
alius 1 0
uhige 1 0
adna 1 0
etion 2 0
oelkern 9 0
verfangen 3 0
vorzusagen 3 0
alive 238 0
pursuit 114 0
smarting 3 0
erozepur 1 0
neist 4 0
oring 1 0
hodawund 1 0
zweifelhafter 2 0
bedeut 2 0
furchtsame 1 0
aesthetisch 1 0
erlauchten 2 0
levee 4 0
hingebracht 2 0
ntellectually 1 0
readmit 1 0
briefest 11 0
indirectly 106 0
rigonometry 1 0
oodwin 1 0
commissioning 1 0
adon 2 0
atriplex 1 0
irrigating 6 0
anonica 1 0
stimmt 6 0
bedeth 1 0
hoiel 1 0
versorgten 2 0
scrabble 1 0
ruhmredig 1 0
talebearer 2 0
eepers 1 0
reacle 2 0
schmeichle 3 0
mortars 6 0
aucis 1 0
erwaehnte 5 0
orbereitungs 1 0
champagne 31 0
ontanus 2 0
aliph 1 0
rotunda 2 0
level 362 0
astering 1 0
leven 17 0
leves 3 0
rmins 2 0
lever 44 0
onsumers 2 0
rdour 1 0
adri 1 0
consents 8 0
shuts 13 0
adre 4 0
oritz 20 0
schlummre 1 0
irngespenster 1 0
pursues 10 0
pursuer 4 0
adua 21 0
kritischen 4 0
kritisches 1 0
cheroot 3 0
retrenched 1 0
hoice 50 0
dging 1 0
bifurcated 1 0
preservation 83 0
kai 35 0
pursued 146 0
kak 3 0
kam 413 0
kan 2 0
hateau 15 0
fours 9 0
plusieurs 1 0
cripple 20 0
kau 3 0
aupttuere 2 0
adst 4 0
utoritaet 2 0
raupeln 1 0
rschuetterungen 1 0
pitfall 1 0
illkomm 4 0
orbeigehen 11 0
ameliorate 1 0
provincials 4 0
alist 1 0
gerieben 2 0
brokking 1 0
gemietet 3 0
achlaessigkeit 8 0
etriegst 1 0
ainbel 1 0
postoffis 1 0
anuensis 1 0
afelplaetze 1 0
oekonomie 3 0
bluteten 1 0
izzles 1 0
urenaiou 1 0
stilts 2 0
egenteile 1 0
versichert 29 0
aliban 1 0
goliardais 1 0
versichern 29 0
rwin 8 0
arometers 1 0
ohawks 2 0
ygeens 1 0
unscrew 1 0
abverdienen 1 0
seminaires 2 0
nofrio 2 0
prerogatives 16 0
biologist 1 0
mutilich 1 0
gebieterischem 1 0
ypsipile 1 0
analogical 1 0
painless 2 0
ypher 1 0
communicativeness 2 0
delving 5 0
wynne 55 0
keg 4 0
keh 1 0
sondergleichen 1 0
kek 1 0
kel 8 0
ken 66 0
audis 1 0
kep 25 0
ker 18 0
proned 4 0
intake 1 0
key 95 0
pulchre 1 0
albgott 4 0
ffront 5 0
outhdowns 1 0
abolishd 1 0
versichere 4 0
launch 19 0
nondescript 3 0
aschlappen 1 0
uperfluity 3 0
aufschlugen 1 0
masque 3 0
reacts 3 0
eologie 5 0
breiteten 1 0
ussars 2 0
preservative 7 0
adze 1 0
herausgekommen 3 0
despoil 2 0
irtstischen 1 0
ullingar 1 0
indiscriminating 1 0
vorzunehmen 3 0
erkemer 1 0
usance 2 0
hochgeachtet 1 0
kie 1 0
kid 24 0
stuerzen 11 0
decompose 1 0
toddle 3 0
geschaudert 1 0
ntaeus 4 0
shibboleths 1 0
kio 1 0
kin 166 0
audet 5 0
audes 1 0
kip 1 0
kit 2 0
throughout 336 0
ebuets 1 0
ndearments 1 0
auslieferten 1 0
advices 2 0
begierigen 2 0
angenehmster 1 0
eldspiel 1 0
angenehmsten 17 0
ehrwuerdig 10 0
werdet 45 0
werden 1330 0
plaining 3 0
blissfully 4 0
deigns 1 0
despots 12 0
ballots 3 0
applaudierte 2 0
displeasing 14 0
melodiousness 1 0
pomades 1 0
folklore 1 0
adislaus 1 0
shufflings 1 0
ostbareres 1 0
rompetergesichte 1 0
plagiarism 2 0
unverschuldete 1 0
errnhuters 2 0
deprived 114 0
zudringende 1 0
erkwuerdige 6 0
intact 9 0
deigne 1 0
ohnedem 4 0
geordnet 8 0
rinzipium 2 0
rotherhood 1 0
deprives 6 0
plagiarist 1 0
decrying 2 0
omedie 1 0
leury 7 0
bendrot 1 0
omedia 1 0
iederbringung 1 0
verbleichen 1 0
deepening 9 0
llustrative 1 0
annoyeth 7 0
assessors 6 0
bestechen 3 0
herumzulaufen 1 0
nastasiou 1 0
hardiness 13 0
gesittete 1 0
oioen 1 0
riotous 10 0
riotour 2 0
ntutored 1 0
koa 1 0
dortoir 1 0
ortspiele 2 0
anonist 1 0
allenus 4 0
ktober 59 0
cherries 3 0
enendez 2 0
guerdons 2 0
apotheosize 1 0
kos 1 0
kou 1 0
kow 16 0
anzumassen 2 0
empfehlender 1 0
fortreisst 2 0
aedt 1 0
orice 1 0
gesteigerte 1 0
egegnissen 1 0
aeci 1 0
bevorstehen 1 0
dislodging 1 0
erwaehnen 8 0
shuck 9 0
continents 58 0
informant 3 0
aslach 2 0
eschauungen 1 0
ewunderung 25 0
intage 1 0
neigt 4 0
orian 4 0
balloons 1 0
hoisy 1 0
hablais 1 0
hoist 4 0
neigh 6 0
emptation 18 0
joroyas 2 0
lurschuetz 1 0
prettyish 2 0
erwaehnet 2 0
bankruptcies 4 0
estreitung 1 0
itherwise 2 0
taengelchen 1 0
undecked 1 0
oriae 2 0
freeborn 1 0
balloon 4 0
compliments 50 0
leuve 1 0
nxiety 10 0
angewandt 2 0
fearful 92 0
amaldolese 1 0
traulichen 2 0
bretheren 1 0
angesetzte 1 0
durchdachten 1 0
cassock 3 0
nuncios 1 0
nglaenderin 1 0
onciana 1 0
uhlen 1 0
interessantesten 5 0
schrecklich 11 0
tinkle 4 0
weisst 54 0
aehe 110 0
disproportion 8 0
wegreisen 2 0
geleugneten 1 0
rofessor 129 0
rocureurs 1 0
schmiegte 1 0
rabbit 44 0
arpies 3 0
eyewitness 1 0
unliche 1 0
weisse 17 0
stirps 3 0
kte 10 0
zierliche 8 0
devoutly 12 0
hearen 5 0
successfully 66 0
auptszenen 1 0
meanwhile 46 0
aegn 1 0
narrative 82 0
riumphant 1 0
circular 85 0
stirre 1 0
hearer 5 0
aege 1 0
vorher 76 0
rareness 2 0
compactly 4 0
dismembered 6 0
artgefuehl 1 0
unbuckle 2 0
fustic 1 0
hinzunehmen 1 0
argoil 1 0
almen 3 0
kum 9 0
bittre 3 0
pitiably 1 0
almer 2 0
nationaler 1 0
mmazzieren 1 0
burgoo 1 0
itzungen 1 0
umgesattelten 1 0
example 549 0
pitiable 21 0
crulle 1 0
schattig 1 0
angestaunter 1 0
vermeiden 26 0
almet 1 0
vorteilhaften 8 0
almes 3 0
umgewendet 2 0
nabenkleidung 1 0
beruechtigten 2 0
hervorglaenzend 1 0
vorteilhafter 2 0
rabble 20 0
schmiegst 1 0
unquiet 4 0
vorteilhaftes 1 0
erinnerlich 1 0
mathematician 10 0
irrefragable 4 0
utworn 3 0
kwe 1 0
verschwand 24 0
irrefragably 1 0
tinkin 2 0
verstaendigsten 1 0
brevity 10 0
aelt 4 0
ulpits 1 0
thundercloud 2 0
ambitione 1 0
commingled 5 0
impressible 2 0
aeme 1 0
orrespondance 1 0
bondage 56 0
metalled 1 0
implement 7 0
holte 16 0
export 29 0
hierher 36 0
others 1878 0
enthielt 28 0
cajolery 1 0
astons 1 0
hearin 3 0
versagter 1 0
traitress 1 0
sparte 2 0
versagten 1 0
eholders 1 0
foyer 1 0
resists 5 0
aele 5 0
ahometans 7 0
sparse 4 0
kye 3 0
inderella 1 0
argoes 3 0
arbiters 4 0
entangling 2 0
sparso 1 0
kyo 5 0
almal 1 0
cesses 1 0
compacted 4 0
recomforted 1 0
orlof 11 0
ussite 1 0
zurueckzugehen 4 0
demungeachtet 1 0
patiently 56 0
sparth 1 0
almar 1 0
almas 1 0
ebronius 13 0
imperilling 1 0
leyel 63 0
utenacht 1 0
exposd 4 0
vorgebracht 2 0
expose 82 0
berichtigt 3 0
tinker 7 0
entgegenzuarbeiten 1 0
aene 1 0
aend 5 0
lasticity 1 0
nforderungen 7 0
ambitions 11 0
ebensoviel 8 0
itelsucht 1 0
aussehend 1 0
sunburnt 3 0
neverending 1 0
fearing 58 0
lkingham 1 0
allzu 24 0
apostle 28 0
udicum 2 0
ussprache 1 0
almsgiving 1 0
geschnitztes 2 0
propos 27 0
propor 1 0
porticoes 4 0
altering 23 0
hierhin 1 0
arpino 1 0
foundement 1 0
despaired 14 0
astore 1 0
rheber 4 0
burghs 4 0
holoi 1 0
blotch 1 0
holoe 3 0
totenstill 2 0
fermentation 8 0
ihresgleichen 8 0
astors 2 0
aerz 50 0
orastes 2 0
aery 11 0
aers 1 0
aert 1 0
propre 1 0
luechtlings 2 0
bittie 1 0
aese 5 0
auptkanal 2 0
meadow 57 0
hugely 3 0
luechtlinge 4 0
rhapsodies 2 0
teckbriefjaeger 4 0
hollo 1 0
zuvorkomme 1 0
geklatscht 1 0
vinegar 15 0
oussins 2 0
hippopotamus 42 0
etzthin 2 0
aerm 22 0
outworn 4 0
zuvorkommt 1 0
horrify 2 0
fertigte 1 0
aere 31 0
oussillon 5 0
wonderstruck 1 0
holly 18 0
angenehm 86 0
aett 16 0
translated 64 0
lad 95 0
fraternities 1 0
lac 4 0
hablis 1 0
laf 3 0
lae 1 0
lah 1 0
lag 128 0
ambitious 56 0
atgeber 4 0
holla 1 0
lak 2 0
lan 166 0
lam 6 0
tiffness 1 0
lap 77 0
lar 5 0
lat 22 0
las 293 0
lau 7 0
lax 21 0
ewcome 1 0
law 1199 0
blinnan 1 0
lay 1078 0
lba 62 0
stances 3 0
frische 19 0
lbe 3 0
andstrassen 1 0
condition 609 0
missbraucht 3 0
oisch 1 0
aeth 1 0
aufsetzt 2 0
aete 7 0
translates 4 0
aeta 5 0
erliert 1 0
lbs 25 0
missbrauche 1 0
environs 3 0
nraten 1 0
uschauer 65 0
heseus 66 0
astown 1 0
alterius 1 0
chloriding 1 0
hearde 17 0
icturesqueness 1 0
ageing 1 0
allye 1 0
ringsum 14 0
ittleton 5 0
holic 2 0
ldo 1 0
aevi 2 0
tudieren 2 0
basketfuls 1 0
meldete 5 0
expedition 136 0
itadel 3 0
leb 10 0
lea 10 0
led 647 0
absorb 19 0
lef 28 0
selbstvergessen 1 0
lee 23 0
leg 126 0
orzeit 3 0
lei 20 0
len 8 0
lem 10 0
kinnten 1 0
lep 1 0
leo 1 0
ler 1 0
ethode 7 0
let 1862 0
les 66 0
lev 2 0
lex 5 0
snatching 15 0
lew 1 0
ley 2 0
istelgruppe 1 0
pervious 1 0
weitem 16 0
weiten 49 0
rendered 301 0
weites 25 0
weiter 299 0
crocheted 3 0
enroll 1 0
hilfsbeduerftig 1 0
libels 2 0
lga 8 0
agenthron 1 0
hugest 2 0
scenario 1 0
kannst 86 0
intractableness 1 0
graphic 5 0
onntagsnacht 1 0
irektors 5 0
uncoils 2 0
demandes 1 0
lhi 1 0
heatheness 1 0
issembling 1 0
animumque 1 0
unaspiringness 1 0
achbildung 9 0
demanded 192 0
lib 6 0
lid 30 0
almon 1 0
lif 3 0
lie 474 0
carnation 4 0
issis 7 0
almos 1 0
lik 7 0
lin 4 0
ussian 44 0
lim 4 0
lip 57 0
lio 3 0
tomers 1 0
lit 62 0
lis 6 0
slapping 3 0
issie 1 0
liv 21 0
homes 52 0
registers 8 0
lix 1 0
hinfallen 1 0
skyhigh 1 0
tageea 1 0
aufgerissen 2 0
fertigen 6 0
nnybody 1 0
fertiges 1 0
opinionated 1 0
kannte 83 0
ausbreiten 4 0
befolgter 1 0
schmilzt 2 0
befestige 1 0
dugouts 2 0
sepulchural 5 0
nproductive 2 0
ljw 8 0
befestigt 23 0
ausbreitet 5 0
powerlessness 1 0
monasteries 17 0
lka 1 0
onntags 14 0
lke 1 0
schnobend 1 0
manchmal 135 0
confectionary 1 0
rdnung 97 0
rasure 3 0
lla 36 0
piderm 1 0
reitner 2 0
duftige 1 0
ommissarii 1 0
sparen 11 0
lle 124 0
demandin 1 0
anymedes 3 0
oktores 1 0
verhaeltniswuerdige 1 0
spares 1 0
eriness 1 0
dunque 1 0
costage 4 0
flanzensaefte 1 0
lls 3 0
untadelig 1 0
emblems 10 0
irgendeine 35 0
liberi 1 0
wegreiste 1 0
lly 15 0
spared 93 0
intermittently 1 0
bestraft 7 0
lma 8 0
societas 1 0
vignette 3 0
isset 1 0
tatement 5 0
homae 2 0
isses 5 0
orley 1 0
scapegoat 1 0
issel 1 0
herubimical 1 0
issen 37 0
chwaerzeste 1 0
fliehend 2 0
washes 3 0
intercanyon 1 0
washer 2 0
lms 2 0
ussies 5 0
vorgeschoben 1 0
homas 292 0
issed 3 0
washen 1 0
anachair 2 0
avaters 2 0
compescere 1 0
almly 1 0
nationally 3 0
acedemon 2 0
auger 107 0
metallic 10 0
ranadiers 1 0
rhapsodist 1 0
orassus 2 0
hominumque 1 0
onntage 1 0
gerendo 1 0
andelsgewinnes 1 0
uneigennuetzig 1 0
afar 52 0
chlackenberge 1 0
lob 1 0
specchi 1 0
abjure 6 0
abjurd 1 0
loe 3 0
vorgstellt 1 0
computed 37 0
loh 2 0
log 88 0
reliability 1 0
translator 7 0
lol 1 0
annweiblichkeit 1 0
lon 3 0
courtseying 2 0
lop 4 0
loo 2 0
lor 16 0
lot 197 0
los 123 0
computer 187 0
lov 44 0
verabsaumt 1 0
ausgepichte 1 0
computes 2 0
low 769 0
periwinkle 7 0
erliege 1 0
rdres 1 0
erliegt 1 0
orlds 4 0
unseared 1 0
deadened 7 0
lps 39 0
zusammenfuhren 1 0
aught 147 0
imprints 2 0
onciliorum 1 0
etalliation 1 0
gleitete 1 0
lnaschar 2 0
verschenkt 3 0
issal 2 0
affa 2 0
eingemischt 1 0
affy 1 0
foyle 1 0
perjuries 1 0
afft 1 0
orlin 2 0
afel 46 0
afen 18 0
sparks 21 0
curiosity 184 0
harmacopoeia 1 0
shriveled 5 0
ruption 1 0
vermeidet 1 0
ibernia 1 0
puzzling 8 0
battoemen 1 0
noyances 1 0
anzubauen 2 0
westerner 1 0
rsterer 1 0
entfern 1 0
verschenke 1 0
afer 8 0
entschlummerten 1 0
lse 9 0
erhaelt 29 0
hymnals 1 0
ermehrungskraft 1 0
lso 153 0
pleaceman 3 0
stirbt 12 0
wiederkam 3 0
expediting 2 0
synonym 3 0
lsy 1 0
temperaments 4 0
erzogs 6 0
faintest 22 0
rwiderte 1 0
erzoge 1 0
efuehles 4 0
lte 178 0
iuncta 1 0
washed 136 0
lto 4 0
efuehlen 10 0
ethods 28 0
bestiges 1 0
fingierten 4 0
ondschein 16 0
cooperated 1 0
nelle 1 0
nella 4 0
lub 57 0
beaters 9 0
lua 1 0
lud 16 0
reclamation 6 0
ibylline 1 0
lmadovar 1 0
lue 56 0
fitting 55 0
lug 12 0
eighteenpenny 1 0
lui 5 0
allam 2 0
gallantry 23 0
lum 10 0
allan 2 0
lur 1 0
lut 107 0
compassion 63 0
foundered 2 0
lus 4 0
allad 10 0
lux 2 0
allay 8 0
usatze 1 0
lva 15 0
allas 18 0
verderbend 1 0
gelaendet 1 0
lvi 1 0
gadfly 2 0
uicksilver 1 0
afis 25 0
tupidly 1 0
etteljunge 1 0
eniuses 2 0
ancientness 1 0
whichever 9 0
oanschichtigen 1 0
societie 1 0
compassing 2 0
acrid 1 0
ntertaenigkeit 2 0
lawgiver 12 0
conventionally 2 0
reverting 8 0
acris 1 0
unternehmend 2 0
accelerating 4 0
allda 1 0
allmaechtigen 1 0
gewidmet 19 0
fussin 1 0
ulphur 4 0
medieval 11 0
modellierte 1 0
brieflie 1 0
foxes 12 0
unlikelihood 2 0
wogten 1 0
tablecloths 1 0
lye 4 0
toleraverat 1 0
verwitterter 1 0
verwitterten 2 0
verwittertem 1 0
ryan 11 0
ccess 1 0
dhurra 36 0
ryal 11 0
ballets 1 0
victual 7 0
displaced 9 0
peppered 2 0
darsen 1 0
ryag 1 0
washin 1 0
displaces 1 0
uancen 2 0
signal 79 0
ryad 1 0
augmentations 2 0
bsentees 2 0
abzulenken 2 0
achzustreben 1 0
rotzkopf 1 0
hivering 1 0
acred 14 0
isque 21 0
greets 3 0
gemisshandelt 1 0
acres 63 0
unsches 7 0
societes 1 0
swordsmanship 1 0
liveable 1 0
ebensjahre 1 0
beherzt 1 0
gallantly 12 0
cozened 3 0
undershirt 1 0
ungeschickter 3 0
eruechte 2 0
ausloeschen 3 0
hathams 1 0
ryce 2 0
ohnedies 9 0
eiberseelen 1 0
maena 1 0
fortgesetzte 5 0
transplanted 7 0
watered 30 0
ausgescholten 2 0
travels 35 0
brauchtest 1 0
fussed 3 0
travell 4 0
chwermut 10 0
burdening 5 0
cozener 1 0
chiffwesen 1 0
uegengeschichte 1 0
ryer 1 0
unmelted 1 0
foermliches 2 0
wegarbeiten 1 0
plinters 1 0
efiedern 1 0
foermlichen 1 0
orcellian 1 0
fascinated 24 0
surpation 5 0
ebronian 2 0
ryed 1 0
pancreas 1 0
fascinates 1 0
karan 1 0
ekannten 20 0
ordwood 1 0
proudly 31 0
signes 5 0
ekannter 1 0
signer 1 0
auern 89 0
interruptin 1 0
thalie 2 0
alletts 1 0
allette 4 0
signed 67 0
ccent 3 0
dronkelew 2 0
tinction 1 0
attemper 3 0
acrae 1 0
einsilbige 1 0
travers 1 0
odellstellung 1 0
auert 1 0
reditbriefe 1 0
mad 230 0
terrorized 3 0
mag 242 0
struppigen 2 0
mai 4 0
mah 9 0
thaler 1 0
mak 22 0
mam 29 0
mal 43 0
oermlichkeit 1 0
man 10105 0
map 30 0
olition 1 0
woodpeckers 1 0
mas 3 0
mar 11 0
ausgeglichen 2 0
mau 1 0
mat 55 0
maw 7 0
may 9088 0
alteriert 1 0
endeltreppen 2 0
ccept 4 0
spater 2 0
erwarben 2 0
isguise 5 0
mbr 1 0
awfulness 3 0
fenced 8 0
edekunst 1 0
arvajal 1 0
kreuzenden 2 0
rgentaro 1 0
gitern 4 0
justifeed 2 0
oulevard 5 0
vorsorglich 2 0
nterpretation 1 0
nneth 3 0
ryin 1 0
iolette 1 0
gehaessigen 1 0
vertrau 3 0
vertrat 2 0
imperatively 7 0
lexis 69 0
interrupted 143 0
oirae 1 0
vertrag 1 0
fences 21 0
auens 1 0
usammenstimmung 1 0
leomenes 1 0
harvests 4 0
mea 1 0
eispiele 18 0
mee 3 0
ergebens 16 0
symbols 15 0
mei 15 0
mek 3 0
bliesen 4 0
mem 14 0
mel 1 0
meo 1 0
men 4515 0
iggerson 1 0
nnere 8 0
mes 1 0
mer 144 0
contrasts 12 0
herbeizufuehren 2 0
met 733 0
mew 7 0
twaddle 3 0
nnern 15 0
tieren 1 0
oncreted 1 0
auszubreiten 4 0
ersplitterer 1 0
unsersgleichen 2 0
erblicktet 1 0
ernuenftigern 1 0
orbitten 1 0
rebendary 2 0
erblickten 13 0
slaking 3 0
unjined 1 0
mitschuldig 1 0
iddles 1 0
estricke 1 0
iddler 2 0
akanasu 1 0
dwelle 4 0
engrosser 1 0
belted 4 0
archness 3 0
unprelatical 1 0
itchburg 4 0
bedclothes 5 0
spasio 1 0
ernstlich 25 0
ueberbleibseln 1 0
guertet 1 0
engrossed 34 0
tripothetos 1 0
frozen 45 0
ryme 1 0
genauster 1 0
vangiles 1 0
tierce 2 0
schmiegen 3 0
priestess 17 0
spasia 10 0
revolters 4 0
nempfinderin 1 0
mollusc 1 0
genausten 5 0
elusiveness 1 0
complyed 1 0
moegliche 13 0
alevolent 1 0
holen 48 0
mia 2 0
arduously 1 0
minorenn 1 0
blamming 1 0
benignly 5 0
holed 1 0
mid 58 0
entzweit 3 0
modellieren 1 0
eigentlicher 3 0
mio 3 0
min 21 0
ryon 3 0
echtsum 1 0
sammele 1 0
butterfly 19 0
eigentlichen 16 0
mis 8 0
aufgehaschten 1 0
hippopotami 42 0
mir 3655 0
holet 1 0
inscribing 2 0
mit 5726 0
sammelt 5 0
sammeln 11 0
eigentliches 2 0
mix 52 0
holes 124 0
adsden 1 0
ruchtvorrat 1 0
associates 53 0
vorgesteckt 1 0
weihuuundert 1 0
holde 19 0
inkeln 5 0
verhintern 1 0
lozenge 5 0
allup 1 0
allus 3 0
associated 65 0
holds 145 0
rigorism 1 0
rigorist 2 0
erinnerten 6 0
ausgefordert 1 0
nvites 1 0
eruechen 1 0
montanus 1 0
lateral 16 0
heimtueckisch 1 0
raughte 4 0
hysiognomie 4 0
eighteenpence 4 0
greedy 45 0
appiness 109 0
heroical 3 0
burrows 260 0
hysiognomik 1 0
ogitavit 1 0
schattige 1 0
talkest 1 0
utherland 260 0
erablassung 4 0
nvited 2 0
mly 1 0
zusammenkamen 2 0
allow 548 0
mma 20 0
alloy 16 0
mme 5 0
oppernigk 1 0
talkers 3 0
alloo 3 0
udibrastick 1 0
allon 3 0
atschhand 1 0
bitten 57 0
proper 837 0
beschriebenen 3 0
hydrangea 2 0
bitter 238 0
allot 3 0
bittet 6 0
oojalup 8 0
adiantifolia 3 0
umhuellten 2 0
lunarian 1 0
teadiness 6 0
outgrowths 1 0
propounded 10 0
bitted 2 0
widerstoesst 1 0
dwells 26 0
strongholds 8 0
uvenal 16 0
ausloeschte 1 0
velleities 1 0
mni 4 0
raughts 1 0
shapeless 13 0
herannaht 1 0
ommentators 1 0
agas 3 0
nstruthers 1 0
emembrancer 1 0
romancing 1 0
agan 35 0
ulpice 4 0
mob 52 0
allis 1 0
argosy 1 0
chweisse 1 0
flasters 1 0
iaisons 1 0
mod 1 0
cksaale 1 0
moi 5 0
mok 1 0
hilippsen 1 0
rangling 2 0
auslesen 1 0
mon 29 0
allin 1 0
mop 8 0
mos 29 0
mor 16 0
mou 3 0
mot 1 0
darlings 4 0
kaynard 1 0
mov 1 0
mox 1 0
vorzubeugen 1 0
overspread 13 0
punctilious 2 0
syllabary 1 0
freeserve 2 0
attempts 153 0
rrtums 2 0
serieux 1 0
eiselbaer 1 0
mph 2 0
erzogen 34 0
anthology 4 0
superioress 3 0
mps 1 0
nghien 1 0
ontague 30 0
ighest 2 0
masons 9 0
dormouse 1 0
anoever 2 0
fertilize 1 0
ogelscheu 1 0
oppernick 1 0
signature 21 0
vertrug 1 0
orgiver 1 0
abzwingen 1 0
coppice 9 0
leinere 1 0
esquires 2 0
aufer 9 0
aufen 44 0
akanaii 17 0
entstehe 1 0
entstehn 1 0
agel 2 0
rawbacks 7 0
agen 292 0
agem 12 0
entsteht 28 0
spasst 1 0
judgeth 1 0
aged 96 0
fortjagten 1 0
aufes 1 0
nharmed 1 0
zitzen 1 0
legerdemain 3 0
prolixity 3 0
bewerben 4 0
aget 4 0
auffi 1 0
ages 417 0
comprehensiveness 1 0
auffe 1 0
occultations 1 0
ager 33 0
allem 180 0
verbetet 1 0
ohlbefindens 2 0
allen 516 0
niedergegangen 2 0
annschaft 4 0
alles 1270 0
prognostication 1 0
aller 294 0
fertility 74 0
allee 3 0
alled 6 0
waileth 3 0
verbeten 1 0
litzmaedchen 1 0
perfecting 5 0
ujujuheh 1 0
olitian 4 0
iddlin 1 0
allet 3 0
nnecy 2 0
alley 47 0
ssemby 1 0
mte 5 0
expecting 65 0
hunderten 1 0
spasms 5 0
olitica 1 0
erzogin 10 0
repacking 1 0
acerdotum 1 0
mts 1 0
imocritus 1 0
jaah 1 0
anmutigem 2 0
aggy 19 0
anmutigen 9 0
anmutiges 1 0
anmutiger 2 0
mue 1 0
mud 148 0
mug 3 0
muh 3 0
mum 8 0
orker 4 0
jade 5 0
mus 27 0
mur 2 0
olitics 16 0
mut 1 0
ausgesoehnt 1 0
entfliehe 1 0
aurence 8 0
randing 1 0
entfliehn 1 0
jovial 6 0
orked 1 0
uedost 2 0
majestaetisch 1 0
delknabe 1 0
agio 15 0
blosse 19 0
anhing 1 0
tudierzimmer 1 0
agin 46 0
greens 16 0
acron 1 0
uckmausern 1 0
agic 5 0
jack 8 0
agie 2 0
allia 2 0
auptleute 1 0
vorgereift 1 0
ortolans 1 0
allic 4 0
estrafung 1 0
aufgeklaert 6 0
hemiambic 1 0
ekret 1 0
greene 14 0
graping 1 0
knallen 2 0
landscape 94 0
perfection 211 0
hichevache 3 0
zugewiesen 1 0
prevailing 38 0
expertness 2 0
geringste 24 0
ivinities 1 0
commendations 3 0
tachelschweine 2 0
lockerer 2 0
lockeres 1 0
aloha 8 0
transcendental 4 0
educate 20 0
acuns 1 0
anthropoid 1 0
straggle 3 0
allweil 8 0
ingelspiel 1 0
reccienart 1 0
procurator 3 0
hinaufkommt 1 0
hinauszukommen 2 0
jaeh 1 0
ntails 5 0
agle 11 0
contains 187 0
ertravelled 1 0
mahnt 1 0
mye 1 0
sumachs 4 0
alkenberg 2 0
containd 3 0
folded 66 0
plumply 1 0
connotation 1 0
treulos 3 0
alois 7 0
heatly 3 0
gesittet 1 0
verbreite 1 0
aufgebrachten 1 0
heseida 4 0
agog 5 0
gelind 7 0
jagt 5 0
ibble 1 0
ewuehl 2 0
agny 1 0
dartes 1 0
darter 2 0
utzanwendung 2 0
indigne 1 0
inkauf 1 0
illeggiatur 4 0
ssociators 6 0
ncompetence 1 0
chewed 12 0
darted 45 0
agne 1 0
tinier 2 0
agna 10 0
consumable 42 0
unchained 1 0
dinburghs 1 0
emerge 24 0
xtract 18 0
eicheren 1 0
bitterer 7 0
itizen 45 0
itglaeubigen 1 0
pilasters 1 0
unwiderstehlich 13 0
leasantly 1 0
nachsenden 2 0
smarian 1 0
errnhuter 1 0
erscheinest 1 0
whate 9 0
plumper 3 0
herumspringen 1 0
hypnotic 2 0
blinkte 2 0
agos 1 0
agon 1 0
modeled 2 0
jail 51 0
plumpen 2 0
syllogisms 5 0
rustgesang 1 0
urierzettel 1 0
gluttonous 3 0
bitteren 1 0
bitterem 1 0
breakings 1 0
beschert 5 0
brummelte 1 0
rmipotent 1 0
entwerfen 4 0
whase 3 0
becalmed 3 0
compradores 1 0
corowne 1 0
bezeugte 5 0
hochbepackte 1 0
ekuba 3 0
ustspiele 1 0
ufloesungen 2 0
aloer 1 0
kauen 3 0
aloes 2 0
osidonius 1 0
infaelle 2 0
capabilities 8 0
agencies 14 0
grovelling 11 0
youres 5 0
eichliches 1 0
whaur 9 0
unclasped 1 0
agre 1 0
urchgaengig 1 0
heaton 1 0
aloft 51 0
kauft 3 0
jang 3 0
ensington 3 0
oninck 1 0
umzublicken 2 0
dartle 1 0
dwelte 1 0
nab 10 0
zuflatterte 1 0
nad 6 0
sechszehnten 1 0
nae 19 0
nah 55 0
honte 3 0
nag 4 0
nai 1 0
wakening 2 0
erborgtes 1 0
ague 19 0
nam 3 0
darkness 283 0
nap 13 0
meabis 1 0
jane 4 0
nat 1 0
nas 1 0
mkreis 1 0
ibber 5 0
nax 1 0
naw 2 0
verlebten 1 0
bowlegged 1 0
nay 153 0
agst 5 0
marquises 2 0
thousands 182 0
milkiness 1 0
irolerin 1 0
mistihead 1 0
agte 8 0
expulsion 18 0
jamb 2 0
ridgewater 1 0
stillte 1 0
despektierlich 1 0
materialist 3 0
empfohlen 12 0
nnovation 4 0
landward 2 0
nce 159 0
nch 4 0
encourage 197 0
encouragd 4 0
zweiten 54 0
bereisen 1 0
optimist 1 0
jape 18 0
nct 1 0
shadders 2 0
obstinate 39 0
roberung 6 0
ecretary 140 0
zweites 5 0
agus 4 0
zweiter 1 0
agur 2 0
nde 228 0
periently 2 0
ndo 1 0
ublicity 3 0
nds 13 0
berglauben 7 0
ndt 1 0
aufzuopfern 9 0
ndw 1 0
ndy 2 0
materialize 2 0
forgetful 18 0
honos 1 0
telegraphed 7 0
honor 201 0
jars 18 0
roclaim 1 0
baenglich 1 0
ned 1 0
nec 7 0
nee 6 0
nel 1 0
apparaile 1 0
neo 4 0
ersuade 1 0
ner 29 0
bureau 16 0
eitenflaechen 1 0
net 497 0
nes 38 0
neu 65 0
nex 30 0
new 2756 0
frolicsome 4 0
overhearings 1 0
ney 1 0
einfloessen 11 0
ubinen 1 0
heater 173 0
rasses 1 0
weening 7 0
ngelskoepfen 2 0
rassen 1 0
stuermische 1 0
eeresbewohner 1 0
heated 48 0
imothy 9 0
befiehlt 8 0
lethargy 12 0
wynnes 3 0
llgemein 1 0
neunmonatlichen 1 0
herruehrenden 1 0
essance 3 0
precipitate 22 0
wohldenkende 1 0
inwohnerinnen 1 0
odewaren 1 0
fended 1 0
terrestre 1 0
influenced 70 0
vorzuenthalten 1 0
emerit 5 0
ngd 6 0
reaching 151 0
hinunterliessen 1 0
seeping 4 0
nge 14 0
ontaine 4 0
heaths 1 0
ontaing 1 0
celarent 1 0
ngl 1 0
influencer 1 0
influences 93 0
eingegangen 3 0
unwuerdigen 1 0
ekreuzigten 2 0
greift 11 0
rankenwaerter 1 0
indefensible 8 0
chlucht 2 0
lueftete 1 0
metallurgy 1 0
expulsive 1 0
ipsorum 1 0
fender 3 0
hollyhock 1 0
nestful 2 0
greife 1 0
fripperies 1 0
herumgaloppierte 1 0
uebertragen 16 0
ontains 2 0
telegraphic 3 0
nence 1 0
vergriffen 1 0
threshed 4 0
gleichere 1 0
pease 2 0
nie 285 0
availlon 1 0
nig 2 0
stritt 4 0
trammel 1 0
nil 2 0
nin 6 0
nip 5 0
pears 9 0
nio 2 0
tumbling 18 0
ethnikon 1 0
peart 5 0
builds 11 0
nit 29 0
mkehrenden 1 0
niv 1 0
gloire 1 0
nix 48 0
designless 2 0
pearl 27 0
einzuschlaefern 4 0
immelslicht 1 0
esinnungen 66 0
expediently 1 0
confutation 2 0
teering 7 0
fainter 11 0
prouder 8 0
amuses 9 0
students 194 0
woodpecker 2 0
andlish 5 0
coppery 1 0
amused 79 0
verturn 1 0
hooky 1 0
complexly 2 0
hooks 24 0
jaws 59 0
verture 1 0
peard 2 0
builde 1 0
befriedigenden 1 0
dartut 1 0
befriedigender 1 0
chaeferstab 1 0
alladolid 3 0
wailful 1 0
murrain 1 0
undertier 1 0
erforderlichen 2 0
nly 240 0
hooin 1 0
orneo 1 0
aleozoic 3 0
ornen 3 0
umhergejagt 1 0
ornes 3 0
orner 13 0
stript 5 0
ornet 1 0
achmittage 5 0
rzte 4 0
nconquered 1 0
stripp 1 0
orney 1 0
strips 40 0
agegen 22 0
benediction 11 0
blinked 3 0
forgetting 39 0
reiterate 1 0
recedent 7 0
stripe 8 0
woodcock 1 0
bejahete 1 0
ornee 1 0
ivines 9 0
rassle 1 0
verkrochen 1 0
imagind 3 0
jays 4 0
nna 109 0
ahai 1 0
imagine 412 0
nne 75 0
whack 6 0
ahad 34 0
imagina 1 0
unmarried 35 0
autain 1 0
coppers 7 0
imaging 2 0
diesseits 3 0
herankommen 3 0
nno 4 0
roberungen 4 0
nns 5 0
mbiguities 1 0
surmise 17 0
stripy 1 0
materialism 3 0
ahat 1 0
nny 1 0
ahan 1 0
achmittags 3 0
aloud 111 0
zurueckbleibt 2 0
aloue 1 0
deadness 3 0
efters 1 0
ahal 1 0
involving 16 0
aspires 9 0
nob 2 0
pidgun 1 0
eruempelgewoelbe 1 0
nod 36 0
cruize 1 0
naturedly 11 0
string 80 0
noe 7 0
nog 2 0
alour 5 0
peaty 4 0
noi 3 0
nol 1 0
maehten 1 0
non 155 0
nom 1 0
panter 1 0
noo 16 0
nor 2441 0
not 30929 0
aspired 19 0
nos 9 0
nov 6 0
nox 5 0
losters 6 0
now 5829 0
alagrida 1 0
astronomers 8 0
faintly 52 0
mischievous 64 0
ouldiers 1 0
rnodernized 1 0
amascus 1 0
berufen 12 0
irtsgarten 1 0
hoofs 26 0
unvereinbaren 1 0
panted 12 0
container 1 0
ornin 3 0
criteria 2 0
stillen 95 0
versuendigen 1 0
stillem 4 0
aloon 50 0
stiller 15 0
unterliegt 4 0
oitou 1 0
etoit 2 0
stilles 9 0
ieshuegeln 1 0
narrischer 1 0
ornie 1 0
ugustins 2 0
achtelgeschrei 1 0
nachtraeglichen 1 0
hingetriebene 1 0
stilled 5 0
enesende 1 0
latoniker 2 0
practicable 60 0
ugustine 24 0
ahem 1 0
uzara 3 0
ativity 1 0
juckte 2 0
oerperlichkeit 3 0
survived 43 0
alopp 2 0
etztern 1 0
sporntet 1 0
rloesers 1 0
aher 100 0
hoods 4 0
ommeraufenthalts 1 0
ahen 1 0
kroenten 1 0
hampooers 1 0
logarithm 1 0
anstaunt 2 0
assermassen 1 0
whars 1 0
nst 7 0
eruecken 4 0
gedenken 22 0
laeschchen 6 0
nsw 3 0
ontemplations 1 0
pantry 4 0
reichsten 6 0
survives 8 0
wharf 17 0
republikanischen 2 0
mirtheless 1 0
auiki 1 0
gedenket 3 0
nte 4 0
ungary 35 0
alory 3 0
nti 31 0
entehrende 1 0
nth 121 0
jalousies 1 0
nto 247 0
unterhaelt 13 0
blinken 4 0
nts 2 0
hinausgeht 1 0
amillentee 1 0
bargains 7 0
zuruecktretenden 1 0
versuendiget 1 0
egenstueck 1 0
verpfaenden 1 0
nub 2 0
hinausgehe 2 0
opocobya 10 0
desselben 45 0
geschnuert 2 0
olizei 5 0
ekula 1 0
geheimnisvolle 7 0
nun 1060 0
num 7 0
nur 2255 0
etoen 6 0
nut 29 0
nus 1 0
overflow 16 0
schleich 4 0
whale 27 0
threaten 32 0
inverted 18 0
nennt 24 0
ahin 14 0
ahim 1 0
survival 12 0
subalternen 1 0
unsurpassed 1 0
ahib 77 0
nvy 30 0
oertlichkeiten 1 0
agdalene 3 0
hillour 3 0
iranda 1 0
nenne 10 0
alome 8 0
bewohnbar 1 0
eservatum 6 0
cruise 4 0
rassus 1 0
basketful 1 0
darkned 1 0
nconsciously 1 0
spalten 3 0
acute 62 0
ahls 2 0
herbeigerufen 2 0
astner 12 0
onnenweiser 2 0
transpired 12 0
anschauenden 2 0
ssiento 2 0
ahle 1 0
fainted 12 0
spaltet 1 0
alomo 2 0
invests 3 0
alone 1129 0
strive 52 0
ontemplating 1 0
along 952 0
whang 1 0
iscreant 1 0
behests 10 0
breres 3 0
theoretisch 1 0
alons 3 0
heraufziehn 1 0
oetical 3 0
stokers 1 0
acuum 16 0
ballast 3 0
abnehmen 13 0
gelism 1 0
aloof 16 0
contained 260 0
bildende 10 0
oveteth 1 0
nya 1 0
ontemplation 4 0
fainthearted 1 0
tienne 2 0
approv 7 0
ibbon 18 0
einfloesste 3 0
ahnt 2 0
ahns 1 0
nyn 2 0
conmbined 1 0
uehrern 1 0
valets 13 0
flanzenwelt 1 0
nyx 2 0
uehrers 7 0
cholasticism 17 0
koptika 4 0
nza 2 0
ibald 1 0
caroles 1 0
schrie 26 0
warfare 35 0
eereslinie 1 0
ormon 6 0
brassiness 1 0
ahmt 1 0
aysern 8 0
eringen 1 0
tuberculosis 1 0
peach 29 0
sluicing 1 0
zerlumpte 1 0
abgefressen 1 0
aysers 4 0
cupids 1 0
geklungen 1 0
ahne 11 0
asudden 4 0
ittelpunktes 1 0
camelopards 1 0
foretold 24 0
nempe 1 0
peace 732 0
ampfeuer 1 0
dormitories 2 0
nfaengen 1 0
brother 712 0
assilievna 2 0
burdie 2 0
meadowsweet 1 0
idding 1 0
svasion 1 0
brothel 1 0
dauntedly 1 0
tomato 1 0
claws 23 0
bisschen 29 0
edemptorists 2 0
ouillon 4 0
cheval 1 0
magos 1 0
cupied 1 0
acasoli 1 0
clave 1 0
hingestreckten 1 0
magni 1 0
onions 22 0
magne 1 0
ahon 24 0
magna 2 0
entweichest 1 0
pitznamen 1 0
hingestreckter 1 0
survivor 15 0
actor 24 0
fusuma 14 0
ekten 1 0
irardons 1 0
prospered 7 0
ugendhaften 1 0
ahoy 1 0
gashing 1 0
mulatto 16 0
uehrend 1 0
verweichlicht 1 0
defendants 1 0
ahrt 27 0
ahrs 4 0
evonian 2 0
aubles 1 0
ahrl 4 0
ahrn 2 0
traeuchen 2 0
schrei 1 0
buffoonery 2 0
dragooned 1 0
nymphs 19 0
ahrh 1 0
actin 5 0
oodbury 4 0
vangelicals 2 0
ahre 163 0
ildpferdjaeger 1 0
clapt 3 0
ocksley 1 0
clapp 2 0
claps 2 0
ufzuege 1 0
heightned 1 0
clash 12 0
ausmacht 4 0
exclaimd 1 0
herunterbringen 1 0
burden 151 0
clasp 21 0
oab 4 0
ahum 1 0
oad 70 0
brightest 20 0
oah 20 0
ausmache 2 0
oak 103 0
magst 19 0
eringes 4 0
oam 6 0
oal 69 0
class 664 0
oan 29 0
oap 10 0
oas 2 0
oar 18 0
oat 29 0
tartines 1 0
gamble 2 0
wohlfeil 2 0
oaz 34 0
ausspaehend 1 0
obb 1 0
encrease 11 0
oba 3 0
uemmernis 1 0
obe 23 0
obi 2 0
rabant 2 0
clary 1 0
obn 2 0
exclaims 8 0
obo 1 0
significantly 7 0
andleben 2 0
ektar 3 0
obt 2 0
aufregende 2 0
obs 8 0
natuerlichste 2 0
natuerliche 34 0
oby 6 0
unappropriated 1 0
nemys 1 0
oce 2 0
hustete 2 0
oci 2 0
och 414 0
ock 87 0
lueckspilz 1 0
issus 4 0
marveling 1 0
oco 4 0
clams 3 0
augur 2 0
opibus 1 0
oct 1 0
issue 125 0
ocy 7 0
savours 7 0
oda 12 0
peaks 50 0
odd 108 0
savoury 5 0
ode 144 0
traditional 23 0
acted 223 0
issts 1 0
sehend 4 0
ermanization 1 0
ods 87 0
peake 1 0
zerfallenden 1 0
promptness 3 0
chillean 1 0
rangenwalde 1 0
rumpled 5 0
ttention 75 0
actes 3 0
ody 189 0
graybeards 1 0
eventually 22 0
dermassen 1 0
freebooting 2 0
oeb 3 0
racceschi 1 0
elpomene 4 0
alertness 2 0
angerfield 2 0
echtuebungen 2 0
oeh 7 0
usgleichung 1 0
abgerueckt 1 0
oem 10 0
oel 16 0
barbare 1 0
barbara 2 0
oes 180 0
oer 15 0
epioretus 1 0
oet 122 0
abwartete 4 0
oew 3 0
anzustossen 1 0
nonentity 2 0
brillante 1 0
clane 1 0
rastet 1 0
ofa 8 0
rasten 7 0
allerorten 4 0
instrumentality 6 0
off 2138 0
ofe 51 0
clank 5 0
beruhen 3 0
ofi 49 0
clang 4 0
furtherover 2 0
clans 10 0
oft 546 0
bevoelkerten 2 0
idolize 1 0
ofs 2 0
fitters 1 0
innehielten 1 0
oga 1 0
emesis 13 0
oge 13 0
overstocking 1 0
ogg 1 0
dwelled 10 0
vorwirft 1 0
chlafende 2 0
ogo 1 0
frotteth 1 0
marshal 16 0
claim 225 0
ouvelle 3 0
dwellen 3 0
ogs 17 0
appeasing 1 0
dweller 4 0
astlos 1 0
saumselig 1 0
fittest 32 0
ontignation 1 0
cowards 12 0
heiterste 4 0
causeth 7 0
eeresstroemungen 1 0
aelices 1 0
erbrecherin 2 0
augre 5 0
alkalis 1 0
learnings 1 0
ohe 8 0
nward 2 0
ohi 1 0
headquarters 17 0
ohl 77 0
reenland 7 0
homme 3 0
ohn 1028 0
utschern 1 0
aufzumuntern 3 0
ohr 10 0
retrieve 1 0
nwary 1 0
cowardy 1 0
hinaufgerissen 1 0
uebertrafen 3 0
erfasst 2 0
oia 1 0
ausleute 3 0
peals 5 0
oid 2 0
epresentatives 102 0
oil 146 0
uscovites 1 0
oin 7 0
ois 8 0
oir 2 0
elbitzens 1 0
oix 2 0
erlischt 1 0
oja 1 0
augte 1 0
hillock 3 0
hohlen 8 0
beukie 2 0
hohlem 1 0
ltaeren 1 0
rdkugel 1 0
stuermte 2 0
geisterhaft 2 0
auernherberge 1 0
hohles 2 0
hohler 1 0
chauspielern 18 0
oke 182 0
chauspielers 4 0
gestrenger 2 0
oises 1 0
iltitz 7 0
lengthways 5 0
oki 12 0
promised 267 0
orcester 12 0
fixtures 1 0
veritabler 2 0
istor 1 0
usaren 1 0
isrepresentation 5 0
oko 2 0
indurated 2 0
oku 2 0
bellowings 2 0
istol 6 0
silkworms 1 0
unpunctuality 1 0
zurechtegemacht 1 0
promises 82 0
ituations 6 0
ola 6 0
arvalho 2 0
old 4420 0
olf 105 0
ole 231 0
spectators 81 0
etterbeobachter 1 0
olg 1 0
acclamations 7 0
geuebtern 2 0
oli 2 0
oll 91 0
olk 166 0
oln 1 0
angustie 1 0
olm 1 0
olo 73 0
heathendom 1 0
olt 26 0
ols 10 0
quaesivi 1 0
abscheulichste 1 0
uebertraegt 1 0
olz 20 0
oly 208 0
cankered 1 0
royalist 2 0
honin 2 0
oma 8 0
precluding 2 0
lifelong 10 0
omb 5 0
ome 1602 0
expres 1 0
gesplittert 1 0
omi 1 0
untruisms 1 0
unterweisen 1 0
liiopoi 3 0
ncient 18 0
omm 43 0
omo 10 0
pliability 1 0
omp 10 0
oms 14 0
unzivilisiert 2 0
omr 1 0
omt 1 0
rphischen 4 0
tickerei 4 0
rastle 3 0
irsche 1 0
enaissance 61 0
onb 1 0
ona 8 0
ond 109 0
onc 1 0
aiad 1 0
entgegengesehen 1 0
one 14526 0
ong 141 0
orlacherin 4 0
shyin 1 0
onk 20 0
onn 18 0
nmerkungen 14 0
ono 5 0
immelsfreiheit 1 0
onr 2 0
valeat 1 0
ont 26 0
ons 60 0
picnics 5 0
roletarians 1 0
oundelay 1 0
anaticks 1 0
ony 40 0
ffectionately 4 0
gkhea 1 0
undergraduate 2 0
nossing 3 0
bereitet 34 0
spinsterhood 1 0
aide 16 0
tarryin 1 0
ood 521 0
oog 2 0
oof 10 0
aida 2 0
innumerable 114 0
ooh 8 0
boldeness 1 0
ook 497 0
fusiform 1 0
oom 89 0
ool 100 0
oon 152 0
oop 5 0
oos 9 0
smoker 2 0
oor 315 0
ugusta 5 0
cheune 2 0
oot 105 0
smokes 1 0
aids 19 0
quarreled 2 0
verunstaltet 2 0
bereiten 20 0
ooz 1 0
reaveth 1 0
innumerably 1 0
hongs 1 0
bereiter 1 0
ebieterin 10 0
enkindle 3 0
undevotional 1 0
nuepfe 1 0
opf 169 0
smoked 29 0
ope 583 0
ugusts 3 0
uguste 1 0
aengstlich 38 0
opi 146 0
aqueducts 2 0
unencumbered 1 0
opp 3 0
enviroun 1 0
opo 1 0
ops 4 0
pianure 1 0
reavest 1 0
eigneur 2 0
chleuder 1 0
ixtinischen 7 0
opy 53 0
merson 5 0
ielfaeltig 1 0
ormal 6 0
orman 26 0
victrix 1 0
ormat 1 0
gegenwaertige 12 0
istil 1 0
rgoetzlichkeit 1 0
affeewirt 1 0
istig 1 0
tuyau 1 0
honey 188 0
hones 2 0
locksmiths 1 0
orb 11 0
privity 23 0
herangebracht 1 0
ora 203 0
ord 957 0
aiei 1 0
orc 1 0
proached 2 0
orf 36 0
ore 261 0
org 212 0
ori 16 0
aiea 2 0
ork 664 0
orn 112 0
orm 98 0
feldfluechtigen 1 0
orp 3 0
conlucare 1 0
oro 1 0
orr 2 0
ort 444 0
ors 4 0
ory 69 0
succeed 177 0
edschan 1 0
aien 2 0
osa 4 0
ose 63 0
vierzehn 27 0
considertion 1 0
nwesenden 1 0
osh 28 0
embowered 7 0
tempestuous 11 0
osl 73 0
rizzly 1 0
oss 117 0
ghostlike 2 0
nemie 1 0
herauszufordern 1 0
ost 440 0
oechern 1 0
brevior 1 0
ota 4 0
reuzwirt 1 0
alisman 6 0
reasserting 1 0
ote 78 0
oth 303 0
unleidlich 4 0
proachcd 1 0
gstriegelt 1 0
narrating 3 0
smokin 9 0
oto 2 0
informers 6 0
agnard 1 0
ott 375 0
gambre 1 0
ots 10 0
ektor 2 0
herauslegten 1 0
omehow 5 0
fetiches 1 0
adelnswuerdige 1 0
durchpusten 1 0
otz 1 0
actus 1 0
oison 11 0
chwimm 1 0
untruthfulness 2 0
aigs 4 0
honbl 1 0
aigo 1 0
oud 1 0
ormel 4 0
gambol 1 0
ormen 18 0
verbergt 1 0
ipsons 1 0
onetsurugawa 4 0
oul 54 0
oun 1 0
conscription 3 0
ister 434 0
chapleted 2 0
oup 6 0
istel 1 0
ous 7 0
our 9516 0
isten 30 0
istem 1 0
out 7474 0
ouw 3 0
ouy 2 0
unaussprechliches 3 0
oux 38 0
unaussprechlicher 2 0
verberge 1 0
eathless 3 0
hinwandelte 1 0
ormed 6 0
ova 26 0
unaussprechlichem 1 0
ove 516 0
rizzon 3 0
unaussprechlichen 4 0
ewuerm 1 0
ordbrennern 1 0
withold 3 0
ippotragus 5 0
obstinacy 34 0
mathematicorum 1 0
ovr 51 0
mages 5 0
ovt 1 0
mager 2 0
stillatory 1 0
loafers 5 0
geoeffnet 8 0
connoisseurs 4 0
ovy 1 0
errammelt 1 0
owa 10 0
rugschluessen 1 0
insecurity 7 0
owe 265 0
beganne 1 0
magic 72 0
ails 30 0
ciacca 2 0
arizade 1 0
owl 41 0
own 6146 0
schneuzen 1 0
wonderfulness 1 0
ows 11 0
bottoms 15 0
tritten 1 0
verlischt 1 0
magis 5 0
aimd 1 0
ermeidung 1 0
owz 1 0
magin 1 0
ewuerz 1 0
aily 26 0
consequences 174 0
hirley 5 0
ederzuege 1 0
oxe 1 0
heiterten 1 0
bitterly 53 0
schnurrte 2 0
leinstaedtisches 1 0
prolonged 53 0
aila 3 0
stuermen 3 0
oxy 2 0
vollgepfropft 3 0
efforts 266 0
oissy 2 0
oya 3 0
erkehrtes 1 0
ereafter 6 0
oyd 3 0
auswaehlte 1 0
rotachus 2 0
vineprop 1 0
ains 44 0
aint 371 0
ilting 1 0
hearty 76 0
nfaenger 2 0
oys 34 0
iederkehrenden 1 0
xtrait 2 0
aing 2 0
sported 8 0
utestring 2 0
echtstunden 1 0
angemassten 1 0
renouncement 3 0
shyly 3 0
hearth 80 0
lengthened 9 0
suffices 11 0
aenner 159 0
hearts 150 0
sufficen 1 0
ainz 16 0
ungerne 2 0
schupste 2 0
ainy 1 0
inverse 5 0
antiago 3 0
aims 35 0
obtuse 3 0
privily 62 0
sufficed 22 0
hirlby 2 0
obtusa 4 0
hearte 147 0
ozu 12 0
aime 5 0
aine 133 0
ublickly 1 0
shirted 1 0
hearse 9 0
oppington 3 0
narration 18 0
owland 6 0
sporter 1 0
mersed 2 0
gruendlich 8 0
wegsprangen 1 0
moderne 3 0
sprachlos 1 0
bumpkins 1 0
accedunt 1 0
croaking 9 0
moderns 7 0
gourdful 1 0
einenzeug 1 0
orpus 13 0
calculate 74 0
felicitate 2 0
uericher 2 0
aterialism 2 0
ammage 1 0
entanglement 4 0
auken 1 0
croiroit 1 0
heroically 4 0
onsistory 6 0
startlingly 2 0
ankommen 5 0
airy 33 0
aucluse 16 0
airs 32 0
elocution 3 0
airo 22 0
airn 3 0
raeparaten 1 0
gluehten 2 0
talking 357 0
airm 2 0
realising 7 0
fortuitous 1 0
aise 8 0
aentel 2 0
lavishness 2 0
elltuer 1 0
idicules 1 0
lektra 4 0
remberg 3 0
bearbeitet 5 0
sedimentary 1 0
oothach 2 0
schwor 7 0
plentiful 56 0
proude 10 0
kitchenes 1 0
listig 4 0
aire 4 0
aird 3 0
bearbeiten 2 0
achahmers 1 0
aity 1 0
gruengekroenter 1 0
smugglin 1 0
tethered 8 0
aits 1 0
feedin 2 0
preternaturally 3 0
hillips 60 0
pad 8 0
entecostal 1 0
pah 1 0
goldbesetzten 1 0
pag 2 0
mportation 18 0
pal 2 0
pan 37 0
toddled 1 0
appeasingness 1 0
pap 1 0
herbergen 1 0
par 41 0
rchestratus 1 0
canvassing 5 0
ollbarts 1 0
pat 20 0
aisy 2 0
pas 18 0
pav 3 0
pau 3 0
feudatories 1 0
pax 2 0
paw 18 0
plaindre 1 0
pay 894 0
acontala 1 0
brilliantly 9 0
aith 83 0
candidates 79 0
darkened 33 0
aite 3 0
angebunden 4 0
sinking 111 0
traduce 4 0
ernaehrte 3 0
intrinsical 1 0
vorweisen 1 0
entwendete 2 0
wiedergab 3 0
rmourers 1 0
espouses 1 0
verlogener 1 0
psychology 19 0
benehmen 7 0
jawbreakers 1 0
ousseau 23 0
fogging 1 0
hilling 16 0
dareinstarren 1 0
eomanry 3 0
ahrungssorgen 1 0
espoused 15 0
bulletins 2 0
dispossessed 3 0
lepidium 1 0
audacious 14 0
victory 198 0
akobson 1 0
begossen 5 0
uniforms 10 0
aius 33 0
gessisti 1 0
elsenlage 2 0
equivocally 1 0
victors 5 0
aive 1 0
bridals 1 0
ioneers 1 0
smuggled 11 0
feeder 5 0
entfiel 1 0
heathenish 5 0
unpaid 14 0
pea 10 0
pec 1 0
smuggler 8 0
italienischen 18 0
milliner 6 0
peg 25 0
uperfluous 1 0
eutralitaet 2 0
pen 131 0
italienisches 1 0
per 756 0
aiya 2 0
italienischer 5 0
oldschmieds 1 0
pet 26 0
peu 2 0
pex 2 0
amorphous 1 0
mprovements 17 0
pew 18 0
arawanen 2 0
parsimony 20 0
breathlessly 10 0
ivreen 2 0
zwider 1 0
interresting 11 0
cruple 4 0
weislich 9 0
nterirdischen 2 0
ottesdienstliche 1 0
fehlten 9 0
schlussfoermigen 1 0
ssociation 182 0
jeeringly 1 0
stemmed 2 0
lustrous 14 0
onarchs 1 0
erzenspruefung 1 0
cademiarum 1 0
disgusted 55 0
beurre 1 0
oppressd 2 0
imprison 9 0
attributed 133 0
prattled 2 0
ersucht 2 0
thuriel 1 0
onarchy 7 0
hervorgelockt 1 0
heathenism 3 0
attributes 48 0
heraushingen 1 0
verbrochen 4 0
phy 1 0
esponse 1 0
loiter 4 0
zuruecktreibt 1 0
cupped 2 0
kemped 1 0
olonisten 2 0
vorlas 5 0
holster 1 0
wasche 1 0
aufhaeufe 1 0
hervorzuziehen 2 0
pic 8 0
abbath 83 0
pie 30 0
racquets 1 0
teinhauern 1 0
pig 48 0
aphorism 3 0
makai 1 0
pil 1 0
pin 52 0
erodium 1 0
olyhymnia 2 0
ersuche 20 0
ternhimmel 2 0
lewedeste 1 0
pit 69 0
pis 1 0
piu 5 0
acksteinschichten 1 0
ascals 7 0
ausgesetzt 26 0
esponsa 1 0
eschicht 1 0
snapped 22 0
schwer 83 0
lcibiaden 1 0
cuppes 1 0
schlecht 55 0
lcibiades 24 0
ntresols 1 0
snapper 2 0
pfaehlen 1 0
buttering 1 0
beeathe 1 0
globes 5 0
saidst 1 0
wailing 28 0
abigwunschen 1 0
darnel 1 0
zurueckgenommen 1 0
confuted 3 0
unpack 2 0
anzuweisen 1 0
praesentablen 1 0
bersetzung 2 0
letzteren 4 0
saftiger 1 0
letzterem 1 0
andlord 3 0
darned 6 0
satisfying 15 0
saftiges 1 0
accomplishd 2 0
aterialien 8 0
brannte 11 0
distaste 7 0
virulently 1 0
ply 11 0
verbosity 2 0
greaze 1 0
estructress 1 0
eclusion 1 0
springlike 2 0
perfumed 5 0
perfumes 12 0
perfumer 2 0
sraelites 3 0
bendmahl 2 0
etuemmels 3 0
railroaded 1 0
othing 358 0
determinedly 2 0
scrutinised 3 0
bestreut 3 0
erfreust 1 0
thickly 42 0
zwickt 2 0
yperion 1 0
rohblick 1 0
ajas 1 0
ajar 11 0
brutality 25 0
erfreute 9 0
ajah 1 0
pod 5 0
chilleis 1 0
ivildo 2 0
potuto 1 0
uebermaechtig 2 0
poi 18 0
pon 415 0
pom 1 0
pop 7 0
anzkunst 4 0
einbezahlt 1 0
por 2 0
pot 82 0
pos 13 0
pou 2 0
ascars 1 0
pox 15 0
pow 17 0
nzuegliches 2 0
echtmeister 2 0
getruebt 6 0
ctivity 26 0
fainting 18 0
gemodelt 2 0
koenigliches 1 0
koeniglicher 1 0
koeniglichem 1 0
koeniglichen 6 0
ernaehren 4 0
enevolences 2 0
reponderance 1 0
ernaehret 2 0
epidus 2 0
ouillee 1 0
brutalize 1 0
llspielende 1 0
pra 2 0
pre 59 0
pri 1 0
asserschwall 1 0
stiver 1 0
gedraengte 5 0
intrinsic 17 0
pro 104 0
stives 1 0
loomington 1 0
poached 1 0
pry 13 0
poacher 1 0
ichesias 1 0
dahinriss 1 0
schoolmaster 21 0
thicken 5 0
eroding 1 0
reamer 1 0
thicker 20 0
thicket 22 0
xemplum 2 0
anything 1186 0
reminiscently 1 0
fortgehenden 1 0
verscherzt 2 0
esancon 2 0
eschichtsbuecher 1 0
dahinritt 1 0
hakama 5 0
esuwas 2 0
eisterschaft 1 0
vorbilden 1 0
wuesste 28 0
eburtsfeste 1 0
inklang 1 0
objectless 1 0
circuous 1 0
pub 58 0
pug 4 0
aeschen 2 0
freckles 2 0
puk 1 0
pun 3 0
pup 2 0
pologistin 1 0
puo 1 0
nklaeger 5 0
pur 77 0
misleads 1 0
dahinglegn 1 0
put 2052 0
ddetiongue 1 0
pus 1 0
baptise 2 0
achtmessen 1 0
odifikation 1 0
reintroduced 1 0
freckled 4 0
aushaelterinnen 4 0
cleed 3 0
indrance 1 0
pedal 1 0
reflushing 1 0
baptism 12 0
oehrbrunnen 1 0
arelessness 2 0
nwesenheit 4 0
irgendwann 1 0
rechheit 6 0
durchgedacht 4 0
nsicherheit 2 0
ncluded 3 0
oivre 1 0
ponderous 25 0
gereizt 10 0
aterialize 4 0
scintillations 1 0
pernere 5 0
omherrn 1 0
cleft 28 0
ittelpunkte 3 0
suburban 9 0
periplus 1 0
emporgetragen 1 0
ueberholt 1 0
mechanischen 8 0
goading 1 0
versuchsweise 1 0
chweinen 1 0
unwiderstehlichste 1 0
eraenderungen 29 0
wischengebirg 1 0
ausgegrabene 2 0
beguenstigt 20 0
sorgfaeltigen 2 0
anzmeister 1 0
geheftet 12 0
seufzend 2 0
sorgfaeltiger 5 0
lister 1 0
listes 15 0
mimisch 1 0
eifern 1 0
listen 192 0
abbacy 2 0
uerderung 1 0
major 95 0
tockings 6 0
lmagro 1 0
ezahlung 1 0
grubbing 1 0
snatchest 1 0
erkundigen 17 0
workshop 8 0
kindische 2 0
vekron 1 0
allotment 2 0
soldiering 1 0
unstverstaendnis 1 0
chillens 3 0
agelang 1 0
orpse 1 0
emuetliche 1 0
vorstellen 47 0
litanies 4 0
elsklumpen 1 0
freebooters 2 0
unpass 1 0
erleugnet 1 0
ngedenken 1 0
thirteen 82 0
grieved 47 0
suburbes 1 0
inroads 12 0
wunderschoene 3 0
allistion 4 0
grieves 10 0
ausgepluendert 2 0
schwur 25 0
unverfaelschten 1 0
ajor 112 0
ediolanum 1 0
eternity 40 0
entkoerpert 2 0
fortgrennt 1 0
abbage 1 0
clear 761 0
jammervoll 1 0
clean 261 0
duplication 1 0
listed 51 0
onmouth 7 0
aturalien 1 0
baptize 2 0
cacoethes 1 0
entkoerpern 1 0
globus 1 0
ticking 5 0
suffragan 1 0
zurief 4 0
mildernde 1 0
brushed 24 0
astrow 2 0
executing 28 0
elaendern 2 0
resage 1 0
absconding 1 0
brewin 1 0
irngespinste 1 0
aracenic 1 0
confusio 3 0
hinstellte 2 0
concubine 4 0
usayan 10 0
aukler 5 0
distilling 1 0
rmond 5 0
triviality 1 0
xemplar 3 0
braeunt 1 0
brushes 6 0
millions 281 0
lisses 1 0
nquiring 1 0
prologi 2 0
einbauern 1 0
varmints 1 0
lissen 3 0
echtssache 1 0
umzuschauen 3 0
courtezans 1 0
maist 8 0
bordiert 1 0
durchsichtig 2 0
trivialita 1 0
emigrants 11 0
spreads 19 0
lberfeld 24 0
beherrscht 5 0
roebuck 1 0
erodias 2 0
chivalry 35 0
merkten 4 0
stroemt 2 0
ngenehmste 3 0
odiousness 2 0
packten 2 0
crenella 1 0
lleyne 1 0
echtmaessigkeit 1 0
wiederkommt 3 0
elueste 1 0
zuweilen 17 0
erpresst 1 0
materializations 7 0
brewed 6 0
echnically 1 0
gezoegert 1 0
absurd 228 0
modesty 48 0
hustles 1 0
wiederkomme 2 0
egensatzes 1 0
brewer 20 0
hustled 3 0
unelastic 1 0
ajus 3 0
statistischen 3 0
pecks 4 0
revolting 18 0
cupola 5 0
gelaeufigen 1 0
rnaments 5 0
uncourtly 1 0
nooses 2 0
nnira 1 0
potten 1 0
forgetteth 1 0
esitztums 2 0
potter 17 0
amaskus 1 0
alpho 1 0
sqush 1 0
irtshaus 7 0
onkurrenten 1 0
iberius 15 0
irgenti 11 0
ecompense 1 0
einzuwenden 9 0
insomnia 2 0
potted 3 0
lodgment 1 0
pecie 2 0
schwimmenden 3 0
blowsy 1 0
iminish 2 0
swonken 1 0
subsists 17 0
irchbuch 2 0
horologe 2 0
hrentitel 3 0
demigod 4 0
treibend 1 0
edgwood 1 0
variants 2 0
narmed 2 0
rtisans 1 0
westering 1 0
executive 76 0
frousy 1 0
nestles 2 0
ontinentals 1 0
uhestaette 2 0
aralytic 1 0
anticipated 51 0
filioque 1 0
stimulants 3 0
penitance 1 0
theosophical 3 0
hoots 2 0
tegreif 1 0
unpublished 3 0
caricaturing 1 0
whitening 2 0
randeur 9 0
blowin 7 0
cherzhafteste 1 0
ausrief 10 0
cherice 2 0
nateral 2 0
dialektische 1 0
byssinian 47 0
ausschlug 4 0
greate 64 0
ersonenzahl 2 0
ostrich 4 0
ungeachtet 56 0
nnius 2 0
rmour 2 0
geseufzt 2 0
bestaerken 3 0
greasy 22 0
berauschen 1 0
ffikin 1 0
orschlaegen 2 0
eytrel 1 0
grease 23 0
rvine 1 0
nestled 11 0
rving 5 0
manoeuvres 4 0
anticipates 8 0
health 337 0
manoeuvred 3 0
erkundigte 21 0
maize 7 0
agents 135 0
imperatur 1 0
laeutet 1 0
laeuten 3 0
lisson 1 0
hinblickst 1 0
hoose 25 0
imperatum 1 0
hervortretend 1 0
confuses 2 0
suffrages 16 0
bestellen 11 0
bottomless 9 0
eroneserinnen 1 0
confused 79 0
feuerig 2 0
orphyrogennatus 1 0
therefrom 20 0
bewaldeten 2 0
despyte 1 0
selected 196 0
esignless 1 0
ondensing 1 0
hoops 6 0
utterflies 3 0
rundlichen 1 0
artarin 1 0
arkanlage 1 0
uemmer 1 0
dorthin 17 0
valley 204 0
entgegenzusehen 1 0
populous 51 0
tramped 6 0
nigenitus 11 0
caricaturist 1 0
portraitures 4 0
ensilvanian 1 0
smorin 2 0
magazines 15 0
agitate 8 0
nachgeahmt 11 0
graesslich 5 0
execution 145 0
roduktionen 2 0
acropolis 1 0
hinstellen 3 0
afelzimmers 1 0
splashes 2 0
emeinsames 1 0
erfreuen 34 0
vorkam 13 0
losgezaehlt 1 0
erfreuet 1 0
angeschwollene 1 0
akah 1 0
measles 5 0
acobus 2 0
shipwrights 1 0
splashed 14 0
esandte 3 0
believers 14 0
dortige 1 0
iwilani 13 0
vigilantly 3 0
egengewicht 1 0
nterscheiden 1 0
unschnapf 3 0
trample 10 0
negligible 2 0
mosquitoes 26 0
hierbei 1 0
fortfahrend 2 0
convocati 1 0
ncertainty 12 0
vorgelegt 4 0
believest 1 0
furtfahrn 1 0
roepferl 1 0
widerfahren 12 0
ekleidet 1 0
cognomen 1 0
ntrepidity 3 0
esinnens 2 0
verhasste 4 0
unslept 1 0
superiority 175 0
verbrenne 1 0
proctors 1 0
believeth 2 0
unsuspected 9 0
aslaked 1 0
umsehen 9 0
fluffing 1 0
aked 9 0
rretteten 1 0
efferson 21 0
greasiness 1 0
orobo 1 0
chiefertonlage 1 0
udrang 3 0
akea 1 0
aket 13 0
windswept 1 0
akes 43 0
mitunter 14 0
acobin 11 0
greyhounds 11 0
iberias 2 0
aker 63 0
nthinking 1 0
creakings 2 0
compleatly 3 0
aken 13 0
streetwards 1 0
abwarten 13 0
irgends 1 0
maids 22 0
behende 6 0
trunkenen 2 0
bezeugen 3 0
abzuschrecken 4 0
uchhandel 1 0
eigentlichste 1 0
jean 10 0
braever 1 0
rofound 1 0
washtubs 2 0
obgleich 72 0
emonstration 7 0
weiterzusprechen 1 0
weitentfernten 1 0
achteule 1 0
squad 4 0
qua 7 0
sighing 14 0
engraving 5 0
que 28 0
squar 6 0
wantrust 1 0
eistliche 25 0
squat 12 0
beleckte 1 0
qui 33 0
squaw 2 0
aarnadeln 1 0
eorgetown 3 0
quo 9 0
unskilfully 1 0
jede 139 0
unreserved 6 0
guiltless 8 0
ject 1 0
answeren 1 0
einfloessendes 1 0
japery 2 0
narrators 3 0
menschenfreundlichen 1 0
akin 39 0
answered 759 0
menschenfreundliches 1 0
menschenfreundlicher 1 0
mpereurs 1 0
indians 1 0
impassiveness 1 0
discoverable 9 0
unemotional 1 0
lichens 5 0
ontesquieu 17 0
ecompence 1 0
gluttonies 1 0
statuettes 3 0
gelber 1 0
forevermore 8 0
masked 20 0
gelbes 1 0
shrivelled 10 0
balcony 21 0
glimmenden 1 0
jeer 2 0
toddlin 2 0
artarus 8 0
cherish 32 0
eltsame 2 0
ammany 13 0
hymeden 1 0
ethlem 1 0
dunner 15 0
vigilantes 1 0
klavenmaessiger 1 0
prolong 20 0
nquiries 8 0
jeds 1 0
ewogenheit 1 0
unrechte 1 0
fortuitously 1 0
benmass 3 0
espousal 3 0
hoped 206 0
languageform 1 0
kauzt 1 0
nchkeeps 1 0
akob 3 0
scatter 16 0
scatted 1 0
hopes 259 0
trurian 2 0
ausfindig 4 0
ausritt 1 0
bestellte 8 0
nsterblichkeit 2 0
arzwischenkunft 1 0
iscreetly 1 0
zurueckkaufen 1 0
agency 60 0
alissot 2 0
compleated 10 0
accenting 1 0
eguenstigungen 2 0
shirred 1 0
squot 2 0
ausriss 1 0
coquet 1 0
chasubles 2 0
behilflich 3 0
emelli 1 0
emporgearbeitet 1 0
losesten 1 0
auerwerke 1 0
beautifies 2 0
deshalb 32 0
minority 73 0
bestaerkte 5 0
vermeintlichen 2 0
andkarten 2 0
biceps 2 0
beautified 2 0
healer 8 0
hoppesteres 2 0
maile 5 0
aufgesucht 4 0
syllogises 1 0
beurds 2 0
royaller 1 0
disciple 36 0
mails 8 0
healed 20 0
confabulation 1 0
lissed 1 0
squid 18 0
ellerbord 1 0
friendliness 13 0
randees 4 0
squir 3 0
laughs 23 0
akri 4 0
ausweinen 1 0
hinblicken 1 0
zugetraut 4 0
aksh 1 0
maior 1 0
ereinigung 9 0
hopas 16 0
procurd 4 0
laughe 1 0
gloats 2 0
procure 134 0
blockhead 6 0
trumpeting 2 0
aphael 8 0
openings 11 0
mainu 2 0
blooming 28 0
orone 9 0
akra 5 0
coquin 1 0
ierlichkeit 11 0
ristall 4 0
mains 1 0
gelben 6 0
eltbuergers 2 0
gelbem 1 0
xpostulations 1 0
eatherbys 8 0
asserfahrt 4 0
jene 200 0
mittleren 1 0
eschaeftsleute 1 0
rchards 1 0
schimaerisches 1 0
umzubilden 3 0
heransprengend 1 0
mittlerer 7 0
schimaerischen 1 0
aengstlicher 10 0
iplomaten 1 0
rab 246 0
springboards 1 0
aengstlichen 9 0
rad 59 0
repining 10 0
raf 92 0
hosen 12 0
rag 29 0
rai 1 0
spanischer 3 0
ral 1 0
spanischem 1 0
woodchoppers 6 0
rak 2 0
bellowing 8 0
ran 422 0
ram 26 0
spanischen 14 0
rap 14 0
ierarchie 1 0
zusammenstuerzte 1 0
rar 2 0
internally 8 0
rat 29 0
ras 13 0
rav 1 0
rau 349 0
withered 80 0
exicans 7 0
rax 2 0
raw 97 0
ollendet 1 0
raz 1 0
ray 224 0
shaking 99 0
ergessen 3 0
opifex 1 0
rbe 6 0
exicana 1 0
laufen 30 0
efractory 1 0
ofgarderobewesens 1 0
ypria 1 0
personages 17 0
rch 3 0
ungern 31 0
ections 2 0
vereinen 4 0
ungers 3 0
rco 1 0
vereinet 1 0
nailing 3 0
aushaelterin 3 0
awarded 6 0
brevia 1 0
aufeinander 7 0
indices 2 0
rde 148 0
schuld 26 0
reifenkopf 1 0
ypris 5 0
ungluecklich 35 0
rds 3 0
plighte 1 0
rdu 1 0
epraeg 1 0
jerk 24 0
invents 4 0
tumblers 3 0
thiopian 2 0
rea 2 0
red 734 0
ree 150 0
fahlgruenen 1 0
leichgueltigkeit 33 0
withies 1 0
reg 7 0
ipsius 1 0
kompromittiert 2 0
rei 18 0
rel 2 0
ren 18 0
rem 2 0
rep 1 0
etsey 13 0
iplomatic 4 0
janseniste 2 0
uckindiewelt 1 0
rer 1286 0
akya 1 0
ret 2 0
werkes 1 0
res 27 0
rev 6 0
reu 13 0
rew 8 0
itleben 3 0
rey 28 0
sheering 1 0
tumblest 1 0
aumes 11 0
commendable 16 0
heaper 1 0
aumel 13 0
eltalls 1 0
aumen 4 0
ungeon 1 0
hochverehrte 1 0
therefore 2834 0
heaped 43 0
arbeite 3 0
nourishment 24 0
bezeichne 2 0
uprooting 1 0
jets 4 0
scarecrow 4 0
campaigner 2 0
congregationis 1 0
verlasting 1 0
affectione 1 0
rgo 9 0
rgs 1 0
bedchamber 5 0
rulliber 2 0
ausfinden 2 0
gelebt 26 0
jest 106 0
ammermaedchen 3 0
erhalte 8 0
ediente 21 0
mortify 7 0
transiently 1 0
rho 1 0
escritoire 7 0
gesinnt 9 0
orsch 1 0
geharnischt 1 0
verhaltenen 1 0
horrour 1 0
rib 4 0
rid 162 0
aptness 2 0
darkening 14 0
lebtest 2 0
rie 5 0
rig 15 0
ulcanus 2 0
rik 4 0
rin 4 0
rim 127 0
rip 21 0
ploetzliche 1 0
rit 22 0
ris 4 0
riv 1 0
sylvestris 2 0
riz 24 0
pennyroyal 2 0
suchwise 1 0
albgoettern 1 0
uaelen 1 0
angefeuchteten 1 0
schauervolles 1 0
horizontallyfrom 1 0
mmergruene 1 0
sublunary 2 0
aryels 1 0
darking 1 0
omelia 1 0
meridional 4 0
decimated 2 0
anknuepfen 4 0
educator 2 0
rdischen 2 0
seasonings 1 0
inances 4 0
hoardest 1 0
eblase 1 0
whitewashed 24 0
holydays 1 0
endeared 8 0
wriggling 8 0
acquirements 26 0
horrors 53 0
rle 1 0
perfidiousness 2 0
impresses 3 0
rly 8 0
younge 35 0
alsch 1 0
unpremeditated 2 0
impressed 90 0
chwoer 1 0
rme 108 0
alay 10 0
bloomers 3 0
espanschaft 1 0
albs 1 0
alorian 1 0
lkaron 1 0
albl 3 0
rms 99 0
kraenken 5 0
rmy 227 0
alad 3 0
unstneigung 1 0
autein 1 0
informing 45 0
rne 5 0
rng 1 0
lifelike 3 0
alas 131 0
alar 1 0
rno 5 0
alat 3 0
demjenigen 41 0
haranguing 4 0
bajulus 1 0
rairial 1 0
rns 1 0
alam 1 0
jansenisme 2 0
alai 1 0
alah 1 0
alde 13 0
jangled 4 0
hiring 14 0
horus 5 0
rob 50 0
rod 104 0
roc 7 0
rof 10 0
zwitzert 1 0
roe 3 0
roh 8 0
aufsuchend 1 0
erglaenzt 1 0
rog 9 0
buoyancy 6 0
roi 2 0
orset 5 0
rol 3 0
orses 25 0
rok 1 0
ron 60 0
rom 909 0
rop 17 0
rot 79 0
ros 9 0
nzerstoerlichen 1 0
rov 2 0
rou 7 0
row 133 0
alser 1 0
roy 70 0
sorrowfullest 1 0
ueberhangenden 2 0
ueberhangendem 1 0
unsealed 1 0
weitergehn 1 0
rzuernte 1 0
wegnahm 2 0
omelet 2 0
aufgeblasen 1 0
jangler 3 0
herabzuziehen 1 0
weitergeht 1 0
suggested 222 0
jangles 2 0
chicktest 2 0
nzeichen 2 0
alco 1 0
fermenting 3 0
alch 1 0
unbarmherzige 2 0
desideratum 5 0
ungfer 3 0
usgrabungen 1 0
wohlhabende 2 0
alfi 1 0
educates 1 0
annoverarlo 1 0
naedige 4 0
ketches 3 0
orris 47 0
orrit 1 0
thamas 1 0
artenmauer 2 0
fiendlike 2 0
altar 76 0
kilted 1 0
tagged 2 0
elbstbildnis 2 0
orrie 1 0
orrid 3 0
secondarily 3 0
yuther 9 0
alef 5 0
damnably 1 0
musquash 2 0
herardini 1 0
opographical 1 0
rre 5 0
aleb 2 0
alee 1 0
hosts 16 0
aled 1 0
abzugewinnen 5 0
alea 2 0
enison 4 0
males 20 0
malen 23 0
absque 1 0
antonese 2 0
ationalists 5 0
aley 11 0
rrs 1 0
ropertys 1 0
rrr 1 0
ales 137 0
aler 38 0
malfi 1 0
alet 7 0
haulieu 2 0
rry 9 0
tyrants 34 0
alen 5 0
calculations 16 0
ferdehaar 1 0
ausflickt 1 0
cataracts 15 0
dorther 1 0
alem 25 0
bhang 5 0
ischaufsaetze 1 0
ribands 5 0
angewendet 15 0
rse 1 0
mutilate 1 0
rsi 1 0
astral 3 0
capitular 4 0
uncurtained 1 0
foretime 1 0
hoste 4 0
rst 46 0
ascendents 2 0
damnable 5 0
signor 2 0
subjugating 3 0
malik 1 0
malie 2 0
smartness 4 0
mbilicaria 1 0
where 3851 0
overdence 1 0
rta 48 0
leischwaren 1 0
stitch 15 0
rte 78 0
enviable 6 0
hierein 1 0
wofuller 1 0
parklingdow 1 0
adaqua 1 0
rts 57 0
einheit 17 0
procuratour 1 0
astray 32 0
zuwerden 1 0
opiert 1 0
subjugation 7 0
defingito 1 0
rub 45 0
ketchin 3 0
ruf 7 0
rue 240 0
ruh 3 0
rug 30 0
whelp 3 0
rul 2 0
towering 23 0
tyranniz 1 0
whelm 4 0
justified 110 0
run 667 0
rum 69 0
gelohnt 1 0
proclivities 2 0
rut 5 0
unassisted 8 0
rus 3 0
ruz 6 0
procurators 3 0
enerally 7 0
alik 1 0
gehindert 11 0
alii 29 0
conflictin 1 0
alia 12 0
caballus 1 0
malis 1 0
aiserin 3 0
blowed 6 0
hotographs 2 0
eltonian 1 0
justifier 1 0
blowen 3 0
justifies 7 0
alio 2 0
flichten 18 0
alin 1 0
alln 2 0
crunch 3 0
allo 7 0
novelty 46 0
alli 5 0
reflections 90 0
alle 1202 0
alla 14 0
symmetric 2 0
missdeuten 2 0
alma 2 0
allz 1 0
sniffed 8 0
ally 157 0
whene 4 0
erirrung 5 0
schuyt 1 0
abounding 39 0
eformationszeitalter 1 0
alls 60 0
iebhaberin 1 0
profanations 1 0
herzlichgeistige 1 0
recurret 1 0
introduce 108 0
introducd 5 0
xpectants 1 0
alke 3 0
alka 1 0
uechenmaedchen 1 0
recurred 7 0
restricted 36 0
elevators 1 0
ecade 1 0
arktschreier 1 0
malle 2 0
ryd 1 0
nfuehrung 4 0
alks 1 0
nequal 1 0
rye 26 0
albtraum 1 0
emberley 53 0
curricle 2 0
instruktive 1 0
andsherr 1 0
discloses 1 0
herauszusehen 1 0
almo 1 0
oelbaum 1 0
ruestigen 1 0
zurueckzuziehen 2 0
boughed 1 0
cleave 18 0
ruestiger 1 0
affectiont 1 0
affections 74 0
smoored 2 0
rzt 69 0
tutzer 1 0
alme 2 0
elegenheit 204 0
lallte 1 0
nerre 1 0
aenderte 2 0
herausgeschwungen 1 0
almy 4 0
boughes 6 0
buttocks 4 0
eneralis 1 0
alms 18 0
hinausging 3 0
scholasticate 1 0
orror 12 0
orrow 25 0
alpi 3 0
alpe 1 0
alph 8 0
avored 1 0
nglaeubig 1 0
reaker 1 0
appeaseth 1 0
hrysanthemum 1 0
hochleben 1 0
quaelte 3 0
eindringlich 6 0
totgeschossen 1 0
astric 1 0
graseten 1 0
rinnrung 1 0
iebhaberei 15 0
alos 1 0
alor 4 0
contingencies 6 0
alon 4 0
antiphonere 1 0
eyffert 1 0
wrangling 5 0
alpa 1 0
wheyt 2 0
irektion 5 0
niedergelassene 1 0
alow 2 0
hinuebertragen 1 0
gelegt 52 0
habits 177 0
iebesverbindungen 1 0
tyranny 108 0
habiti 1 0
uhren 1 0
habite 1 0
alse 23 0
nighttime 1 0
askerville 1 0
orplatz 1 0
receding 9 0
warderere 1 0
nervy 1 0
plaques 2 0
eingefassten 1 0
overburdened 3 0
nervo 1 0
valetudinarians 1 0
nerve 30 0
ehster 1 0
unbaendigsten 1 0
zeichnen 34 0
alts 3 0
falzgraefischer 1 0
geleit 3 0
altn 1 0
alto 1 0
piment 1 0
zeichnet 5 0
toddies 1 0
causing 34 0
kraenkte 7 0
sac 6 0
ocuments 7 0
alue 94 0
reject 58 0
sae 22 0
sad 254 0
sag 81 0
saf 1 0
sai 1 0
blutrot 2 0
kayel 1 0
sah 636 0
alty 1 0
ankomme 3 0
eniste 1 0
sam 23 0
atchelor 6 0
sal 3 0
san 2 0
disclosed 13 0
sap 20 0
malte 8 0
sar 8 0
sau 3 0
sat 748 0
saw 1897 0
wheresoever 4 0
ammlungen 5 0
sav 11 0
also 2814 0
ankommt 5 0
say 4023 0
ssence 3 0
alsh 1 0
withdrawings 1 0
alte 189 0
educated 169 0
lechours 3 0
reintroduction 1 0
alta 7 0
heights 42 0
heighth 1 0
gesteckt 10 0
affectioun 4 0
vorfuehrten 1 0
rankreich 16 0
lambkin 2 0
standen 102 0
alwa 1 0
aensel 2 0
sch 3 0
ueberspuelt 1 0
aensen 1 0
ccles 1 0
obstinately 22 0
horch 2 0
nternehmens 4 0
andmiliz 1 0
vorige 16 0
aegerei 1 0
nuetzt 5 0
onspirators 5 0
bonelace 2 0
kleinsinnigen 1 0
esuitenkollegium 1 0
urgoyne 35 0
anzugeben 7 0
cleane 5 0
alum 8 0
rustfleck 1 0
nuetze 7 0
steileren 2 0
strops 3 0
gescheiter 4 0
alve 2 0
urgoyns 3 0
etrie 1 0
fehlgeschossen 1 0
lordeship 1 0
strond 1 0
knackte 2 0
strong 956 0
standby 1 0
vantage 15 0
abholen 2 0
ascendency 17 0
barbers 4 0
gescheiten 5 0
proven 11 0
proves 78 0
sea 815 0
proved 331 0
see 4250 0
sed 12 0
sef 3 0
etreu 1 0
iberi 1 0
sei 1005 0
seh 59 0
wheat 166 0
horal 2 0
sel 23 0
ibero 3 0
ibern 2 0
sen 29 0
verstummten 1 0
seq 4 0
sep 1 0
pleadings 6 0
ses 5 0
ser 51 0
seu 1 0
rtoedung 2 0
set 1549 0
sotterranea 1 0
sew 12 0
sev 8 0
unzusammenhaengende 1 0
sey 10 0
sex 110 0
sez 190 0
strook 9 0
onstrain 1 0
companioned 2 0
uverlaessigkeit 1 0
lautesten 3 0
nachahmenden 3 0
raunschweig 1 0
gestaltlose 1 0
halbreuig 1 0
cestes 1 0
freshest 5 0
ensconced 2 0
aufforderte 2 0
stroll 21 0
crusaders 5 0
marriages 29 0
gelangten 10 0
hervorquoll 1 0
cested 1 0
canonizatione 1 0
oussaye 1 0
cleard 1 0
mphictyon 1 0
teasing 12 0
unterdes 1 0
cleare 2 0
lutocracy 9 0
freshets 6 0
alyn 3 0
sha 11 0
ersonnene 1 0
leanings 6 0
shd 23 0
ublishing 4 0
abzufahren 1 0
gebrannte 3 0
pidjin 1 0
she 12209 0
antinomia 1 0
lessened 27 0
aintings 1 0
nweri 1 0
shk 1 0
euchelmoerder 2 0
nwert 3 0
sho 67 0
delknaben 4 0
eyeball 2 0
whimpers 2 0
herbeigeschafften 1 0
inotaur 4 0
moechten 69 0
sondieren 1 0
shy 39 0
divorcing 1 0
etturin 14 0
phinxen 3 0
moechtet 1 0
sia 56 0
etrag 1 0
sic 64 0
sie 8095 0
herunterfahren 1 0
sif 3 0
fortnights 1 0
etrao 1 0
undermines 1 0
circumlocutions 3 0
sim 2 0
clears 3 0
sil 1 0
sin 276 0
sip 9 0
sis 17 0
sir 452 0
etray 1 0
onstranz 1 0
sit 342 0
wuesten 8 0
frownd 3 0
six 870 0
sanguinary 12 0
undermined 27 0
wuester 1 0
upferbibel 1 0
wuestes 2 0
aulet 3 0
aules 1 0
eihbibliothek 1 0
ensterchen 1 0
stroke 100 0
willkuerlich 8 0
frowns 5 0
fivefold 1 0
itgreaves 3 0
andelsleuten 1 0
decocted 1 0
ubique 2 0
vicarages 1 0
retardation 1 0
manifestations 49 0
quaelen 11 0
transmits 4 0
rasping 5 0
subdividing 4 0
dyers 8 0
peers 22 0
isyphids 1 0
thanks 149 0
imagery 10 0
indooism 2 0
fettered 14 0
gleiche 29 0
hetilla 5 0
peere 1 0
beladenen 1 0
conflicted 1 0
sky 336 0
hauling 9 0
compromises 4 0
aturalism 4 0
inteilung 4 0
corduroyed 1 0
sle 30 0
aturalist 3 0
omplaints 16 0
orrat 11 0
entgegen 113 0
compromised 7 0
instigations 1 0
arunter 1 0
geschuerzten 1 0
sly 39 0
ambe 1 0
vorgeschmaust 1 0
sma 17 0
peeps 2 0
tellung 35 0
ambs 1 0
ambu 1 0
beschien 4 0
wegschwindet 1 0
strove 44 0
gemartert 2 0
literatures 4 0
vergibst 1 0
beruhigenden 2 0
thanke 6 0
thankd 2 0
stoking 1 0
gleicht 14 0
armpits 4 0
robabiliorism 2 0
combustible 2 0
amar 1 0
ioptrics 4 0
separations 4 0
gereiht 2 0
strowe 1 0
amal 29 0
frowzy 2 0
waitresses 1 0
ecchoed 1 0
terbebette 1 0
amda 2 0
manliness 9 0
orrel 1 0
sob 11 0
soe 16 0
annotations 2 0
orren 8 0
sod 15 0
sog 2 0
chainings 1 0
gebrauchten 1 0
ligging 3 0
orres 4 0
soi 5 0
esuitenordens 1 0
orrer 1 0
einspaennigen 2 0
ofmeistern 1 0
som 1 0
gullibility 1 0
standin 2 0
frowsy 2 0
son 775 0
sop 3 0
entfloh 3 0
sor 3 0
sou 1 0
sot 65 0
sow 20 0
sov 16 0
soy 2 0
revolutoins 1 0
etoiles 1 0
spa 1 0
spe 2 0
beispielmaessig 13 0
amby 2 0
wunderreicher 1 0
kaemet 1 0
orrey 1 0
clepe 7 0
tinned 10 0
ggravate 1 0
kaemen 13 0
spy 40 0
majour 1 0
toothing 1 0
xcursion 7 0
widewhere 3 0
gaddah 1 0
amey 1 0
levesell 2 0
sqq 8 0
sqr 31 0
unterdon 1 0
singularity 6 0
chillier 1 0
wheen 3 0
freshens 1 0
ameh 14 0
sra 2 0
amed 7 0
wheel 118 0
mpfindungs 3 0
clere 2 0
shriveling 1 0
amev 1 0
clerk 96 0
nergy 3 0
vorstellte 19 0
omoedien 3 0
liebeviel 1 0
cleri 1 0
ames 349 0
amen 226 0
cotillion 1 0
issemblers 1 0
clero 1 0
amel 10 0
ssa 2 0
dancing 86 0
iebesgoettin 4 0
erirrten 1 0
sse 2 0
inviolable 11 0
igueroa 2 0
buried 243 0
fauchen 1 0
hinzureiten 1 0
unchipped 1 0
meretrice 1 0
reputable 13 0
wohleingerichtete 1 0
lauern 4 0
sapiences 1 0
ssy 2 0
buries 4 0
maked 30 0
mushroom 3 0
lauert 3 0
sta 1 0
ste 5 0
vielkoepfige 1 0
defrayed 30 0
inviolably 1 0
stl 1 0
reputably 1 0
sto 10 0
horse 925 0
iguerol 1 0
inliegenden 1 0
sts 5 0
sty 18 0
sua 4 0
enschlichen 1 0
suc 2 0
sub 48 0
sue 71 0
sud 9 0
etrus 7 0
suf 2 0
sui 1 0
suh 72 0
endites 1 0
ostille 1 0
fliegende 1 0
sum 431 0
grounded 41 0
darkies 9 0
suo 3 0
neighboring 31 0
sun 780 0
sup 15 0
schwuel 1 0
sus 4 0
sur 47 0
sut 2 0
ntsatz 1 0
sproeden 3 0
verlachte 1 0
vergalten 1 0
alsam 2 0
chlaraffenleben 1 0
grounden 2 0
amil 1 0
paralyzes 1 0
amik 2 0
amie 1 0
zerflossene 1 0
herauskaeme 1 0
makes 712 0
maker 69 0
amid 137 0
tickled 5 0
maken 18 0
paralyzed 4 0
uergern 6 0
uscovite 7 0
tickles 2 0
tickler 1 0
amit 10 0
amis 3 0
amin 10 0
ordwind 1 0
contacts 2 0
amll 1 0
symbol 28 0
platonischer 1 0
uergers 3 0
citoyennes 1 0
indolence 24 0
bedashed 1 0
kaemma 14 0
platonischen 2 0
belohnten 1 0
makin 20 0
burial 54 0
stundenweit 1 0
weissagenden 2 0
fiscalite 1 0
moechtst 1 0
provok 4 0
anecdotal 1 0
dreadfully 28 0
sequestered 1 0
aufgedunsene 1 0
guerres 1 0
horne 278 0
bending 57 0
etrug 12 0
crumbs 19 0
transformations 3 0
aults 31 0
horny 8 0
horns 57 0
dazugetreten 1 0
saac 32 0
superlativeness 1 0
sym 4 0
befreunden 1 0
ontaene 1 0
uestern 1 0
enkaustischen 1 0
wegeile 1 0
fraternal 4 0
ueberblick 8 0
amoa 3 0
strucken 1 0
accusers 8 0
emulous 7 0
ungeheures 8 0
aulus 13 0
ungeheurer 7 0
ungeheuren 18 0
ammi 1 0
amme 3 0
kaempf 1 0
nunnes 1 0
amma 26 0
enitor 1 0
unbedeutendes 2 0
ticklin 2 0
unbedeutender 1 0
sheaves 9 0
ammy 1 0
unbedeutenden 6 0
amerons 1 0
befreundet 4 0
amms 1 0
phrenologists 1 0
amps 7 0
sack 48 0
ampo 4 0
etron 1 0
ampe 22 0
ampf 25 0
aulou 1 0
hinarbeitend 1 0
tranquillita 1 0
amor 6 0
addieren 1 0
amok 2 0
anecdotes 21 0
dauerten 3 0
amon 10 0
bespoke 5 0
peech 52 0
ampa 2 0
tranquillity 50 0
unablaessigen 1 0
somewheres 1 0
unablaessigem 2 0
whitewash 9 0
erdrueckt 2 0
amos 4 0
antrifft 6 0
necklaces 5 0
neuerrichteten 1 0
laborious 40 0
aennlichkeit 2 0
bosoms 9 0
saeh 5 0
sympathetic 29 0
osidonia 1 0
dustless 1 0
coorbatches 3 0
glamorous 2 0
omplained 1 0
terminatis 1 0
joyousness 2 0
valise 7 0
anapaests 2 0
blouse 11 0
vorzuwerfen 6 0
usikanten 3 0
euhaftigkeit 2 0
amra 1 0
aterworks 1 0
eitengalerie 1 0
sade 1 0
painture 1 0
duftete 1 0
aninmals 1 0
sagn 15 0
prophylactic 1 0
realms 25 0
sago 4 0
cocktails 3 0
zuschlug 1 0
strode 27 0
grandeurs 1 0
ondeszendenz 1 0
tremendous 106 0
sagt 141 0
privateering 1 0
sags 1 0
excommunicated 5 0
ostchaise 1 0
seething 5 0
tab 7 0
twelfth 35 0
neque 4 0
saiden 4 0
tac 3 0
smoove 1 0
wastrels 2 0
rdenkinder 1 0
sage 105 0
tae 3 0
tah 19 0
iebesgoetter 6 0
tag 4 0
tai 1 0
umhuellt 4 0
tal 1 0
tak 29 0
amst 2 0
ichterzuege 1 0
tan 18 0
tam 2 0
nweit 1 0
tap 18 0
tar 42 0
tat 115 0
tas 5 0
saft 3 0
taetigsten 1 0
tax 759 0
orqua 1 0
tay 30 0
suffrage 62 0
udienz 3 0
priestcraft 4 0
flichtsgefuehl 1 0
safe 265 0
vorhin 10 0
precludeth 1 0
sizzled 1 0
taatsleuten 1 0
sair 10 0
sail 104 0
factional 3 0
antient 16 0
sais 2 0
empfaenget 1 0
terminates 13 0
kindhearted 3 0
jovially 3 0
aemmern 2 0
hores 5 0
participle 9 0
haltenden 2 0
tch 2 0
horen 2 0
mutigsten 1 0
said 9070 0
terminated 34 0
smooth 149 0
horde 5 0
sahn 3 0
amur 2 0
amus 3 0
niedertraechtigen 1 0
really 990 0
saht 1 0
saidde 1 0
allzuweit 2 0
weisen 34 0
entlefolks 1 0
insatiate 5 0
realme 2 0
naiven 4 0
weiser 8 0
rascality 5 0
schwurt 1 0
refreshing 24 0
onfused 2 0
ibeux 2 0
peedy 2 0
sahe 12 0
belligerent 1 0
iereck 2 0
entreisse 1 0
dopting 1 0
thrones 9 0
saka 2 0
tea 250 0
alute 1 0
ted 3 0
poleaxe 1 0
tee 2 0
teh 3 0
teg 2 0
exterity 4 0
classmen 2 0
ten 951 0
sake 481 0
tem 42 0
tep 31 0
ter 636 0
kennst 16 0
bildlosen 1 0
tes 5 0
ufputz 1 0
aufzuhaengende 1 0
tew 5 0
tez 1 0
click 58 0
theologou 1 0
frueheste 1 0
udovico 2 0
entreisst 2 0
counterpoise 5 0
aufzuraeumen 2 0
ajaden 2 0
begetting 9 0
samt 7 0
hough 487 0
reissen 17 0
samp 1 0
auskreuz 1 0
cliff 89 0
tausendarmger 1 0
clift 1 0
reprimand 6 0
same 5003 0
sunning 3 0
uguenots 52 0
achahmerei 1 0
dahergesprungen 1 0
eidenschoessling 1 0
samm 3 0
reigns 30 0
doption 3 0
houfe 1 0
familiars 1 0
salt 197 0
efallen 18 0
lammie 4 0
bevies 1 0
spiral 13 0
trumpeters 4 0
irrecognizable 1 0
tha 7 0
the 280199 0
sale 148 0
sala 1 0
paralytic 4 0
reisset 1 0
zuvorgekommen 1 0
throned 2 0
salm 13 0
tho 332 0
sall 3 0
hauchten 1 0
lichtvollen 1 0
wuerde 548 0
mocracy 1 0
thr 2 0
thu 1 0
thy 1258 0
citrination 1 0
converting 16 0
kickings 1 0
referreth 1 0
emaechern 1 0
undismay 1 0
picknicked 1 0
tic 4 0
tie 68 0
til 21 0
tin 54 0
tim 2 0
tip 48 0
eherbergten 1 0
tir 5 0
tit 2 0
vulgarest 2 0
tis 350 0
puddles 10 0
sans 13 0
apitaen 9 0
gaeben 2 0
verdenkt 1 0
obbett 1 0
nuetzliche 6 0
sane 8 0
sand 381 0
sang 144 0
apitael 1 0
puddled 2 0
transplantation 1 0
forethought 2 0
dahergehn 1 0
reigut 1 0
eintrauben 2 0
orgetful 2 0
sann 10 0
sank 122 0
reopening 3 0
fickleness 3 0
throngs 3 0
uerften 1 0
cohabit 3 0
kennte 2 0
tenanted 10 0
obbery 5 0
lammed 4 0
theologie 3 0
beizendem 1 0
specked 1 0
suitably 12 0
obbers 7 0
uselessness 5 0
lammen 24 0
neues 36 0
etymologische 1 0
haggard 13 0
saph 1 0
neuer 20 0
sigheth 5 0
neuen 157 0
suitable 159 0
neuem 10 0
shworth 1 0
asserstrom 1 0
uerftge 1 0
sate 9 0
damageous 1 0
anau 12 0
fiercer 11 0
liebtest 3 0
signatures 5 0
eckenstuecke 1 0
cathedrals 7 0
patriaeque 1 0
sash 11 0
sass 95 0
taatsmanne 1 0
dinners 27 0
uebermannte 1 0
umringt 3 0
achwuehlen 1 0
sary 1 0
anab 7 0
wunderlichste 6 0
tna 1 0
nsinnigkeit 1 0
anthill 2 0
florentinischer 1 0
uesstet 1 0
joice 1 0
deferre 1 0
subterfugiant 1 0
uessten 2 0
anal 69 0
bartering 2 0
anai 4 0
anae 191 0
ecessaries 15 0
ande 110 0
esellschafters 1 0
cursedly 2 0
save 463 0
tod 5 0
toe 25 0
freventlich 2 0
ancy 31 0
toi 1 0
andt 2 0
tol 1 0
ands 145 0
ton 62 0
tom 21 0
ueberliessen 5 0
top 430 0
too 3755 0
tot 51 0
casting 58 0
tou 10 0
flicht 57 0
tow 51 0
toy 16 0
ance 57 0
etude 1 0
ullibardine 1 0
ideell 1 0
spirit 931 0
irresolutely 1 0
reclaim 8 0
alunk 1 0
warmes 3 0
warmer 32 0
warmem 1 0
warmen 9 0
anco 1 0
atawbas 2 0
ittagmahl 1 0
eitverlust 1 0
uasimas 1 0
warmed 33 0
satt 13 0
anch 25 0
hysicians 9 0
erspektivstunde 1 0
ingezogenheit 1 0
brutification 1 0
aney 1 0
anez 5 0
durchschaut 1 0
academic 11 0
anft 3 0
apitals 7 0
instaurationem 1 0
eihnachten 3 0
markest 4 0
saws 7 0
tra 5 0
vierzehntaegige 1 0
gallivanting 1 0
frascatanischen 1 0
rednerische 1 0
ygmalion 2 0
constitutes 41 0
elsweg 1 0
markete 1 0
andy 44 0
freisten 3 0
latticed 1 0
archway 3 0
anet 98 0
sinkend 1 0
anew 51 0
markets 59 0
anes 12 0
anem 1 0
try 498 0
anen 1 0
lattices 3 0
constituted 89 0
sible 3 0
sudele 1 0
avocation 4 0
erschwendung 6 0
exterior 33 0
kennenlerne 1 0
pitzfindigkeit 1 0
eseeetz 1 0
daringly 3 0
sayo 2 0
descension 1 0
equipage 15 0
sayn 62 0
tsu 1 0
leinmut 2 0
malerische 7 0
geflissentlich 1 0
says 901 0
undated 1 0
anicol 2 0
durchschaue 1 0
eflect 8 0
ange 57 0
tiptoeing 1 0
spires 13 0
tto 2 0
saye 2 0
typhlosolis 1 0
achillea 1 0
angs 2 0
angt 1 0
ango 22 0
sudeln 1 0
tty 1 0
entgehen 16 0
grapple 8 0
angl 1 0
vergessend 4 0
tub 36 0
caught 430 0
tua 1 0
exceeds 46 0
tud 1 0
eccle 1 0
tue 23 0
tuh 2 0
tug 21 0
heophilus 2 0
tuk 1 0
uhten 1 0
tun 390 0
tur 1 0
alver 1 0
tut 102 0
familiaer 3 0
penning 5 0
jumble 3 0
alven 1 0
zuschick 1 0
handicraftsmen 4 0
urenne 6 0
anik 1 0
nobilis 1 0
ania 1 0
iolence 20 0
yrannei 5 0
anic 2 0
opposite 417 0
rznaerrin 1 0
xtremitaeten 1 0
dasmal 1 0
yrannen 5 0
terlings 1 0
offering 86 0
reacted 5 0
andwerksmaessige 1 0
twa 29 0
heldenmuetige 1 0
enslaves 1 0
enslaver 3 0
lantation 16 0
synchronises 1 0
manly 95 0
two 5267 0
umsichtige 1 0
warmly 62 0
apitano 1 0
ombinationen 2 0
calmly 40 0
anly 14 0
twy 4 0
ristiden 1 0
reissue 1 0
ausmachte 2 0
abgestumpfte 1 0
ecessarily 3 0
participate 20 0
ristides 12 0
eformatione 1 0
viscidity 1 0
anke 24 0
waists 9 0
anka 2 0
ediocria 1 0
txt 183 0
filling 66 0
rockery 1 0
rockers 1 0
anky 2 0
enslaved 33 0
anks 36 0
purple 87 0
futons 5 0
ankt 9 0
edanterei 1 0
clipt 6 0
anno 8 0
anni 1 0
clips 3 0
anne 67 0
roprietors 2 0
anna 9 0
mightest 8 0
participant 2 0
tys 1 0
manor 27 0
eventeenth 3 0
ottaehnlichkeit 2 0
uenschtest 1 0
anoa 3 0
tyx 4 0
etaphysik 1 0
dying 162 0
malversation 7 0
anny 18 0
chrysanthemum 1 0
roughness 12 0
einschliessen 4 0
whinnyings 1 0
archesen 1 0
davongetragen 1 0
anns 3 0
implicius 1 0
manna 5 0
tzo 2 0
emperence 1 0
zurueckzufahren 1 0
rauertoenen 1 0
tzt 2 0
imocrates 1 0
easiest 28 0
mproving 2 0
questioners 2 0
manne 32 0
mannd 1 0
orton 75 0
johny 1 0
banish 21 0
conterbutions 1 0
draperies 1 0
house 2450 0
implicite 1 0
perduta 1 0
eishaupt 1 0
implicity 23 0
anoo 1 0
arfenspielers 3 0
anon 348 0
ermelin 1 0
apologues 1 0
hours 672 0
opposing 49 0
suppositions 19 0
etaphysic 2 0
houre 1 0
headless 3 0
iberal 14 0
reihen 3 0
nette 3 0
leidvoll 1 0
preading 2 0
anzuspornen 2 0
gegraben 8 0
tenders 2 0
aengstigten 1 0
houry 2 0
anor 8 0
inexpert 1 0
umoristische 1 0
anot 1 0
geloeste 2 0
butterless 1 0
edanterie 2 0
hochwuerdiger 1 0
loomingdale 1 0
triplicated 1 0
chloesser 6 0
ntifed 1 0
required 514 0
climb 74 0
depainted 4 0
pennies 6 0
schnurrt 1 0
unsleeping 1 0
erklingend 1 0
clime 12 0
ortus 1 0
hierhergebracht 3 0
warmth 94 0
inveigh 3 0
anathema 1 0
betruegliche 1 0
ugenblick 305 0
hinaufarbeitet 1 0
ueberstandnen 1 0
uitors 4 0
smooths 1 0
aufputzen 1 0
requires 300 0
ants 27 0
anto 4 0
ibibe 1 0
ausrufen 4 0
hungert 1 0
hungers 1 0
anti 107 0
anua 2 0
manus 3 0
uae 6 0
uad 1 0
uai 1 0
harrass 5 0
ual 19 0
anst 6 0
survive 50 0
uan 42 0
anso 1 0
hornblende 1 0
suggestiveness 1 0
flatterten 1 0
hound 38 0
houng 2 0
uav 2 0
immlischeres 1 0
uay 11 0
ansi 2 0
espielen 12 0
ccots 3 0
osenbueschen 1 0
ante 87 0
uba 38 0
anta 38 0
clink 3 0
ube 20 0
aburett 2 0
cling 28 0
umfassenden 2 0
ubi 1 0
ubn 2 0
soothsaying 1 0
superfine 2 0
outlaw 6 0
ipsabguss 2 0
outlay 17 0
basilisks 1 0
ritannia 2 0
uby 1 0
ritannic 5 0
uca 5 0
infusion 8 0
uce 4 0
ortyn 1 0
exhort 15 0
istinguished 1 0
uci 1 0
uch 1751 0
antelopes 44 0
tattooing 5 0
uck 41 0
naehergebracht 1 0
raising 262 0
hochschwanger 1 0
yrannie 1 0
drinking 189 0
ucs 2 0
ucr 2 0
anus 7 0
eturn 58 0
obenauf 5 0
usquehanna 1 0
ucy 71 0
hould 134 0
dauerndes 1 0
dauernder 1 0
udd 1 0
netze 1 0
hilippine 1 0
ude 19 0
sogenannten 14 0
availeth 9 0
wuerfe 3 0
oabin 1 0
raisins 4 0
sogenanntes 1 0
dauernden 4 0
sogenannter 4 0
infusing 6 0
udo 1 0
uds 2 0
verhaltniss 1 0
ernhardt 1 0
benutze 1 0
laterally 5 0
ued 1 0
ueh 4 0
baralipton 1 0
aluze 1 0
uem 2 0
uel 14 0
upgathering 1 0
xpences 16 0
carbuncles 1 0
iberia 9 0
uen 2 0
counterpoize 1 0
hisers 1 0
ues 1 0
uer 125 0
benutzt 12 0
uet 2 0
burdened 17 0
lectures 31 0
uey 1 0
lecturer 18 0
espielin 2 0
uez 7 0
disreputably 1 0
riebfeder 2 0
ufa 1 0
benutzten 2 0
uff 8 0
ufe 7 0
manceps 1 0
omebody 14 0
disreputable 10 0
lectured 7 0
ufo 1 0
uft 149 0
ufs 4 0
chopsticks 4 0
repeald 4 0
undarzt 9 0
altra 1 0
eigers 2 0
uge 194 0
ugg 3 0
ugh 1267 0
ettle 11 0
appened 1 0
ugo 8 0
ugn 3 0
ugs 1 0
ugt 29 0
etreat 15 0
hinausdeutend 1 0
einoeden 1 0
enoughe 1 0
paralysis 5 0
chultheiss 1 0
altro 1 0
anemones 4 0
uhe 151 0
anze 64 0
impres 1 0
alathia 1 0
uhl 1 0
uhn 3 0
luikit 2 0
uhm 21 0
infidels 12 0
luikin 3 0
schwoll 3 0
threpe 2 0
uhr 5 0
uht 2 0
ountained 1 0
waiten 1 0
verlass 3 0
iberty 263 0
uia 1 0
waited 225 0
awkwardly 13 0
ettin 2 0
uid 8 0
verbraeunt 1 0
schnupp 1 0
uik 15 0
discolours 1 0
hotel 158 0
uil 2 0
entsetzlichste 1 0
irchhofes 1 0
hoten 2 0
uin 27 0
ntrage 2 0
uis 7 0
unstrap 1 0
uir 3 0
uit 24 0
spassten 1 0
verhetzten 1 0
eflexe 1 0
eseech 1 0
eigern 2 0
oakwood 4 0
uji 1 0
repeals 2 0
erirrungen 3 0
ielleicht 67 0
waiter 19 0
reasiness 2 0
elfishness 1 0
ecate 1 0
ufaellige 2 0
ortal 18 0
uke 284 0
zerstoerten 8 0
impudent 31 0
kundgetan 1 0
uki 6 0
livestock 2 0
ukl 1 0
verwunderten 7 0
ornvieh 1 0
uky 7 0
gibbets 1 0
puzzles 6 0
puzzler 1 0
thereafter 45 0
blindes 1 0
blinder 1 0
conviction 170 0
uld 68 0
ulf 25 0
irkels 3 0
ule 32 0
ortar 1 0
uli 16 0
ull 287 0
ulk 8 0
puzzled 55 0
ulm 1 0
ulp 1 0
ntigua 4 0
nchiridion 2 0
ult 4 0
urward 1 0
reisten 3 0
uls 2 0
twopence 7 0
alton 9 0
uly 298 0
uma 34 0
alebearers 1 0
arraign 5 0
ettel 12 0
etten 38 0
tooping 1 0
ume 41 0
umi 4 0
enderuds 1 0
ettet 1 0
blindem 1 0
umm 3 0
ettes 2 0
blinden 5 0
etter 781 0
blumenpflueckenden 1 0
ump 14 0
ums 41 0
blinded 33 0
rinzessinnenspass 1 0
deteriorating 5 0
rattlers 1 0
verlang 1 0
enerable 3 0
herunterfliesst 1 0
umz 1 0
nstitutiones 1 0
ilgrimschaft 2 0
una 18 0
eatonian 4 0
und 22811 0
ecclesiast 1 0
unc 44 0
irkens 1 0
olworthy 1 0
une 336 0
vestiges 9 0
ung 14 0
uni 45 0
eingebildet 4 0
unk 3 0
deterioration 9 0
unn 4 0
convicting 1 0
boughte 2 0
uno 27 0
unt 266 0
uns 1991 0
posuit 1 0
unz 1 0
orted 1 0
flanzenorganisation 1 0
tewell 1 0
drawlings 1 0
altic 11 0
chlusssteine 1 0
orten 119 0
uod 1 0
zusammenzuwirken 1 0
ortes 44 0
altif 4 0
orter 9 0
rojekte 6 0
aunch 1 0
manch 5 0
vignonese 1 0
tehende 1 0
luechte 1 0
bettors 2 0
umband 1 0
uos 2 0
corroborated 10 0
slamming 4 0
akekau 4 0
uoy 1 0
incent 35 0
gesegneten 2 0
upa 1 0
warnet 1 0
electrical 7 0
invidiously 2 0
ziehend 3 0
safeguarding 1 0
upi 2 0
eiblichkeit 1 0
zaubern 2 0
warnen 11 0
xcluding 1 0
upp 7 0
wuerzt 1 0
calmer 10 0
upo 29 0
aunde 1 0
ortez 7 0
warned 85 0
ups 13 0
albification 1 0
ommissiond 1 0
gesegnetes 1 0
militates 3 0
mandy 1 0
touche 2 0
kreidenhaft 1 0
calmed 5 0
ommissions 9 0
commise 1 0
sniffin 1 0
educing 2 0
unverwerfliche 1 0
militated 3 0
wornout 1 0
sians 1 0
waiters 9 0
bridged 3 0
polecat 3 0
subterfuges 1 0
xpression 35 0
aunes 2 0
ura 5 0
urd 3 0
urf 9 0
ure 135 0
specimens 68 0
urg 12 0
uri 12 0
aunen 23 0
corroborates 1 0
url 1 0
onderlichkeiten 1 0
urk 38 0
aneignen 1 0
urn 65 0
urm 38 0
uro 2 0
threes 3 0
urr 1 0
aoer 1 0
reveller 3 0
urt 7 0
urs 16 0
revelled 8 0
urv 1 0
edulla 1 0
manda 5 0
urz 23 0
ury 18 0
selfishly 3 0
fortschleppt 1 0
incest 2 0
rocketh 1 0
repealing 8 0
usa 12 0
afelservice 1 0
deswillen 2 0
usc 1 0
zuzuziehen 2 0
use 1545 0
ortin 2 0
usd 1 0
usi 1 0
ush 39 0
usk 4 0
altet 5 0
usq 1 0
orthy 13 0
siahs 1 0
ncyclopedie 3 0
uss 159 0
chnarcheln 1 0
mange 2 0
olcanoes 1 0
ust 465 0
altem 3 0
ortia 2 0
usy 18 0
alten 314 0
auflodern 1 0
altes 24 0
alter 238 0
incert 1 0
angestellt 14 0
ontainebleu 1 0
manes 3 0
eitenerhoehungen 1 0
ute 91 0
uth 5 0
rdstoss 1 0
establishment 225 0
uti 2 0
erwuestungen 1 0
utn 4 0
transepts 9 0
utm 3 0
uto 1 0
ikado 13 0
utt 3 0
mechanische 6 0
uts 12 0
atpura 21 0
utz 18 0
uty 138 0
abgiessen 1 0
peisung 1 0
cantaloupe 1 0
attornies 1 0
neidlos 1 0
waitin 19 0
uuh 1 0
blindly 21 0
untersucht 4 0
bbitte 2 0
herannahte 1 0
beanestraw 1 0
incere 2 0
vollendenden 1 0
wiedersah 1 0
itzralph 1 0
manif 1 0
transformed 34 0
manie 1 0
mania 9 0
assisting 28 0
sobriety 9 0
mangy 7 0
ecame 3 0
geschnoerkelte 1 0
thread 83 0
ertility 1 0
mango 8 0
lavery 64 0
rangenaeste 2 0
zuschieben 1 0
altho 11 0
eifalls 7 0
spreein 1 0
threat 35 0
lavers 1 0
ecall 13 0
aunay 1 0
orthe 2 0
untersuche 1 0
hingerichtet 1 0
verstaende 1 0
aluce 2 0
aoli 3 0
vorbeikommt 1 0
geahndet 2 0
schrieben 4 0
psalteries 1 0
aola 1 0
issertation 5 0
divulge 9 0
aols 4 0
deceivement 1 0
kashitsukeya 2 0
anlacht 1 0
aolo 8 0
callls 1 0
einzulegen 2 0
arthenons 1 0
eriwig 1 0
hervorriefen 1 0
widerlichste 1 0
versification 16 0
agische 2 0
decayed 56 0
equerry 3 0
salzige 2 0
fisticuffs 4 0
uya 1 0
wildering 1 0
alued 1 0
ammweg 1 0
priming 1 0
soellt 1 0
canaglia 1 0
experimento 1 0
schmerzenvoll 1 0
scab 2 0
inedits 1 0
experiments 133 0
aone 8 0
scan 5 0
falsing 1 0
scap 1 0
ueberdampft 1 0
alues 4 0
ungefaehren 4 0
ausdrehten 1 0
apitelzimmer 1 0
gebunden 13 0
irreconcileably 1 0
ungefaehrer 1 0
niedergrabend 1 0
bother 28 0
uzl 1 0
aomi 7 0
gefaerbte 1 0
tenantry 1 0
cholar 8 0
fervidly 1 0
extensive 187 0
irreconcileable 1 0
inedita 1 0
zusammenkaufte 1 0
coasting 9 0
hypocritically 2 0
callin 10 0
oxidising 1 0
gemalt 33 0
mamma 30 0
stringes 1 0
falsity 7 0
kaltscheinenden 1 0
woodland 29 0
aubengange 1 0
bawble 1 0
bezaubernden 3 0
stringed 2 0
bezaubernder 1 0
kennet 2 0
ollicitation 2 0
uarantine 1 0
kennel 3 0
kennen 125 0
monthes 1 0
compromising 8 0
orson 1 0
abrogate 2 0
schlechtes 5 0
schlechter 20 0
schlechten 20 0
usschliessendes 1 0
bridges 44 0
schlechtem 1 0
brantes 1 0
scar 22 0
scat 3 0
simoniacs 1 0
commits 7 0
onzert 9 0
callow 1 0
dreihundert 6 0
itbrueder 1 0
yprus 5 0
marbled 1 0
silbernen 6 0
aori 3 0
wueste 6 0
pandered 1 0
marbles 3 0
ontinually 3 0
charakteristischen 1 0
wuesst 6 0
trousseaux 1 0
ransylvanian 1 0
kenned 2 0
futiltiy 1 0
cubic 20 0
erdichten 1 0
verschlagen 1 0
ufspannung 1 0
mammy 13 0
erdichtet 4 0
gratifying 21 0
auptplaetzen 1 0
allapais 8 0
cubit 1 0
rapturously 3 0
mpromptu 2 0
zbrochen 1 0
repeats 18 0
intonation 3 0
ausherrn 3 0
befriedigten 5 0
odsley 3 0
callus 1 0
nonconformities 1 0
jine 10 0
brocade 10 0
brogue 1 0
thoroughfare 10 0
befriedigtes 1 0
vergleicht 5 0
aoud 1 0
mopped 2 0
icophemus 1 0
embattlements 1 0
val 3 0
mhersitzenden 1 0
van 116 0
ommerz 1 0
wundern 7 0
aunte 1 0
nests 20 0
var 1 0
spoiling 7 0
vat 1 0
ommers 1 0
abreiben 1 0
wundere 1 0
aunty 3 0
aunts 18 0
metallurgist 1 0
pilche 1 0
jilt 2 0
echlin 2 0
gurrin 1 0
wundert 4 0
odenzimmer 1 0
wunders 1 0
broiling 7 0
unvollkommen 2 0
extension 73 0
ampbell 20 0
mysteriously 8 0
falsify 3 0
aunus 3 0
schwimmen 10 0
hergestellt 9 0
ettre 1 0
ulsfuehlen 4 0
aout 2 0
vicissitudes 15 0
scho 19 0
erwuenscht 10 0
riedens 7 0
cubed 2 0
scht 1 0
godfather 1 0
empires 20 0
brawnes 2 0
rdeche 1 0
braechtest 1 0
cubes 4 0
hotly 3 0
ndividuals 16 0
sche 21 0
subjectos 1 0
gestoppeltes 1 0
aybook 1 0
upsetting 4 0
anthromorphic 1 0
delineation 4 0
herunterlockte 1 0
runkard 1 0
elevenpence 1 0
iameters 1 0
onzept 2 0
ottenburgh 2 0
uessiggaengern 1 0
laurier 1 0
aufgetragen 13 0
sheaths 3 0
nummos 1 0
eigens 2 0
allimachus 20 0
vel 3 0
aegyptische 5 0
ven 496 0
treasonably 1 0
omment 2 0
ver 103 0
atemlos 3 0
ves 29 0
arabesqued 1 0
vex 14 0
aunoy 1 0
entgegenwachsen 1 0
treasonable 8 0
vey 1 0
ildungstriebe 4 0
lxxxvii 1 0
arabesques 5 0
dissipations 2 0
iederlegn 1 0
gewaltigsten 1 0
rescript 1 0
mpanation 3 0
acrament 4 0
peght 5 0
schwoer 5 0
uckhurst 1 0
jist 66 0
potestatem 1 0
einzige 95 0
ichbaum 1 0
appertain 11 0
invecchia 1 0
necesse 1 0
ollhauses 1 0
eigene 45 0
eigend 1 0
verbrannte 2 0
warnte 3 0
improv 7 0
gelogen 1 0
averred 5 0
choler 1 0
hervortrat 4 0
rstarrung 1 0
weicheres 1 0
auszurotten 2 0
profundere 1 0
ollhausen 1 0
witterfield 2 0
scot 3 0
carpets 13 0
silting 2 0
aturnine 3 0
rdensklerus 1 0
aulani 8 0
scow 8 0
via 13 0
vid 27 0
banged 5 0
vie 13 0
ildungs 1 0
ordergrund 6 0
vii 116 0
vil 51 0
ydenham 1 0
sleepily 3 0
vin 2 0
vim 3 0
dykes 5 0
slighter 6 0
vis 11 0
bangen 2 0
fuehrten 24 0
nabhaengigkeit 5 0
bangem 1 0
viz 149 0
inspired 102 0
unveraenderlich 4 0
empfehle 2 0
slighted 14 0
flammis 1 0
espression 1 0
inspires 19 0
inspirer 1 0
pilfer 2 0
howls 4 0
convictions 41 0
subjectis 1 0
appropriate 51 0
thrasher 4 0
herauszuwinden 1 0
scra 1 0
taedtischen 2 0
reciting 7 0
sprits 2 0
shiftless 3 0
ssistance 78 0
dopted 1 0
dwelleth 8 0
erithous 5 0
owerful 8 0
dwellest 1 0
newer 9 0
confirmaiton 1 0
thrashed 3 0
newes 1 0
ausgaeten 1 0
orway 17 0
issionaries 6 0
scheinheiligen 1 0
nstrumente 9 0
sprint 1 0
aufgeworfen 1 0
ammerfrau 1 0
skittle 1 0
alindy 5 0
vmd 6 0
ophists 9 0
spring 478 0
verleumderische 1 0
inwuerfe 2 0
urprise 6 0
reccien 1 0
vorbeizugehen 2 0
herzfoermige 1 0
bendluft 2 0
iederlage 3 0
misapprehended 1 0
delineating 2 0
patriotick 19 0
apan 156 0
flammen 2 0
apal 56 0
enslow 1 0
quenche 1 0
edlichkeit 4 0
urnaces 2 0
apae 1 0
private 777 0
kicherte 1 0
chauspiel 62 0
orweg 4 0
wueten 2 0
wuetet 2 0
finely 47 0
sleeping 134 0
armorne 1 0
voi 2 0
vol 246 0
orgenlaender 3 0
von 5784 0
vom 501 0
ommixed 2 0
vor 1488 0
fliehn 7 0
lliance 31 0
rhetorischen 1 0
vos 1 0
scum 4 0
iclatoun 1 0
flieht 7 0
vow 34 0
scua 1 0
scud 2 0
eraisonnement 1 0
erichtshalter 6 0
joked 1 0
fliehe 5 0
special 317 0
taunted 3 0
fliege 2 0
environment 10 0
nstruments 24 0
jokes 26 0
sidis 1 0
wohnende 1 0
fliegt 8 0
oblation 1 0
slightly 168 0
auszins 1 0
apfe 1 0
inflooence 1 0
matins 5 0
called 1935 0
howdy 8 0
erheitern 4 0
gluehend 3 0
zurueckgetreten 1 0
apey 1 0
apex 45 0
mating 1 0
hower 4 0
newly 74 0
apfs 1 0
erheitert 5 0
gility 1 0
antipodes 3 0
islander 1 0
bethinks 1 0
decadence 7 0
thropist 1 0
callousness 1 0
leukin 3 0
programmes 3 0
specify 3 0
leukit 2 0
apes 27 0
aper 170 0
dritten 29 0
apet 3 0
shirkin 1 0
purprestures 1 0
apel 1 0
drittes 3 0
vry 1 0
dritter 5 0
picles 1 0
orwin 2 0
equivoque 2 0
orheiten 17 0
wayfarer 7 0
atagonian 2 0
zeichnerische 1 0
ierced 1 0
ampshire 46 0
verlebt 2 0
roesser 1 0
hinausfahren 2 0
undersold 7 0
aulbeerbaeume 2 0
uiproquo 1 0
belabored 2 0
standhaftern 1 0
etruegers 2 0
ccupied 1 0
istricts 12 0
fuerbring 1 0
species 337 0
einzeln 35 0
pickende 1 0
privilegiert 1 0
teenth 1 0
enedictus 2 0
chosshuendchen 1 0
entomologiques 1 0
ehrgeizigen 1 0
finery 19 0
rurales 1 0
shakest 1 0
dwellers 12 0
hortatory 2 0
irolmao 1 0
gentilless 1 0
finest 118 0
finess 1 0
geredet 7 0
vus 1 0
shaketh 1 0
bangin 1 0
gewannen 5 0
keynote 2 0
subjected 121 0
archaisms 2 0
apid 2 0
artesianism 1 0
runway 2 0
pancakes 4 0
shirked 3 0
seasonably 6 0
orpses 1 0
enafort 1 0
gesellet 1 0
gesellen 6 0
urprize 7 0
apio 2 0
apin 2 0
empfehlt 1 0
abstracting 1 0
herbeikam 9 0
aple 1 0
emaelden 13 0
prudential 4 0
ationalereignis 1 0
eapolitan 7 0
transposition 1 0
aply 4 0
onopion 1 0
surrdunded 1 0
wilight 2 0
emaeldes 2 0
uncandid 1 0
seasonable 7 0
lackburied 1 0
sprize 2 0
abstraction 14 0
hinaufgekommen 3 0
hintersten 1 0
caller 2 0
ahrzeuge 1 0
hiodamas 1 0
resolutely 32 0
wranglers 2 0
callen 2 0
hiatus 1 0
urelia 1 0
undeveloped 7 0
illumining 3 0
umultuieren 1 0
linseed 1 0
venders 2 0
halbem 5 0
vaporation 10 0
halben 25 0
behuelflich 3 0
halbes 6 0
halber 8 0
verschlafen 2 0
auches 1 0
ngravings 2 0
eformer 5 0
gesellig 6 0
sprich 4 0
auchen 2 0
ausdauernden 1 0
estattung 2 0
etrayers 2 0
velvets 5 0
auchet 2 0
undervaluing 2 0
ecent 4 0
velvety 3 0
bicched 1 0
unanxious 1 0
egegnung 2 0
psalms 10 0
auszusetzen 11 0
eformed 4 0
urelie 58 0
saplings 7 0
appe 10 0
mmigrants 1 0
appa 2 0
inturn 2 0
appy 30 0
colourless 7 0
ackinaw 1 0
aurer 2 0
griffen 9 0
eingemachte 1 0
flieth 1 0
aurel 1 0
weaning 1 0
fliest 1 0
declination 2 0
remaind 5 0
shadowiness 2 0
rejuvenated 3 0
errliches 1 0
errlicher 1 0
errlichen 3 0
apos 1 0
aurez 1 0
countenance 263 0
apor 2 0
versorge 1 0
bargaret 1 0
ctually 2 0
remains 375 0
apri 12 0
waiteth 8 0
skylights 1 0
fortdauernde 1 0
eltgarten 2 0
white 1231 0
fodert 2 0
rmangeln 1 0
primogeniturae 1 0
tamarinds 3 0
fodern 8 0
buttonless 1 0
whist 7 0
ffectionate 3 0
impost 6 0
thrast 1 0
hillipses 2 0
narwhal 1 0
jostled 5 0
fielde 3 0
apra 2 0
servants 409 0
hacher 3 0
oaded 3 0
greatwalls 1 0
patriotism 56 0
fields 319 0
orylus 2 0
physic 21 0
erzuckungen 1 0
abgeredeten 2 0
oressus 1 0
apts 1 0
aptn 6 0
import 68 0
illing 9 0
ausruhen 1 0
parleys 1 0
tallage 3 0
apuc 1 0
ecemr 1 0
apud 1 0
impose 59 0
naediger 6 0
imposd 1 0
apua 11 0
fielen 32 0
condensation 7 0
iercie 1 0
thrash 9 0
wad 34 0
fielet 1 0
wag 10 0
waf 1 0
wai 3 0
wah 4 0
wak 2 0
griffin 1 0
frisieren 3 0
wan 38 0
diousness 2 0
ettplatze 1 0
auram 1 0
wap 1 0
was 45377 0
war 5422 0
ausgsagt 2 0
wat 14 0
apse 3 0
waw 1 0
andbuch 1 0
illion 9 0
way 3452 0
wax 89 0
apta 1 0
versorgt 9 0
apst 34 0
auras 1 0
auswesens 1 0
viceroys 2 0
ausputzt 1 0
halaris 3 0
usirus 1 0
uildhall 1 0
bekilted 1 0
unaccountable 27 0
wch 15 0
unexaggerated 1 0
aput 1 0
abwehren 1 0
flimsiness 1 0
agfair 1 0
roesste 7 0
nmindfulness 1 0
resumably 1 0
impossibles 1 0
wundertaetige 1 0
ympathetische 1 0
puzzlin 1 0
unaccountably 9 0
roughened 6 0
howso 1 0
duftet 2 0
dunkelbraunes 1 0
eceit 6 0
ofmeisterschaft 1 0
web 25 0
wee 11 0
rafften 1 0
wed 30 0
vernuenftigsten 1 0
weg 144 0
wei 34 0
weh 24 0
illian 1 0
illiam 479 0
rudders 4 0
wem 31 0
wel 3 0
wen 24 0
castles 23 0
wes 3 0
wer 226 0
leinode 1 0
wet 192 0
sided 13 0
wey 2 0
wex 1 0
narcissus 7 0
reifen 7 0
ecipher 1 0
rivatbrief 1 0
conduite 1 0
aynooth 5 0
atyress 1 0
reifer 2 0
castled 1 0
reifet 1 0
halbzerstoerten 1 0
sides 402 0
ussteuer 1 0
unburdened 3 0
esperzeit 1 0
thrang 2 0
sider 2 0
kraftlosen 1 0
sdms 8 0
thrall 13 0
kyards 1 0
gamblers 7 0
tincturd 1 0
auffuehrte 2 0
reichbebautes 1 0
tincture 3 0
ehrsamen 1 0
baengliche 1 0
wge 4 0
oenigszierde 1 0
theoretically 5 0
purred 2 0
remonstrate 7 0
iloquium 1 0
perennieren 1 0
oevipes 1 0
talentvollen 1 0
wha 23 0
chokes 5 0
whe 2 0
choked 34 0
mpresario 1 0
who 12178 0
anblickend 1 0
verschmitzte 1 0
tewart 11 0
auernkomoedie 1 0
zrecht 1 0
why 986 0
gesellte 11 0
wie 3352 0
wid 295 0
teward 6 0
wig 32 0
stonishment 5 0
wim 3 0
wil 1 0
sprigs 2 0
win 146 0
wip 2 0
wis 73 0
godhead 3 0
wir 2215 0
wit 288 0
wix 2 0
stockwelschen 1 0
roessre 1 0
healthiness 1 0
oyster 13 0
wunner 31 0
ueberirdischen 12 0
civilizing 5 0
flitted 8 0
grandioses 1 0
nthusiasten 1 0
ueberirdischer 1 0
losing 100 0
pickin 3 0
unabateable 1 0
bedrid 1 0
flitter 1 0
rrivals 1 0
whigs 1 0
outlet 20 0
sicht 9 0
tummelin 2 0
sichs 6 0
findet 100 0
geloest 10 0
anderbilts 1 0
ausmachen 6 0
finden 360 0
spangled 12 0
nternehmungen 10 0
findes 1 0
methodic 2 0
finder 5 0
echnen 2 0
harmaceutriae 1 0
filleth 2 0
peise 13 0
disavowing 1 0
undergestalt 3 0
enazet 1 0
oschee 1 0
gedieh 1 0
weggibst 1 0
fillets 2 0
setzest 1 0
masonry 18 0
spreche 10 0
accusing 14 0
langgedehnter 1 0
ruehmte 11 0
sudden 381 0
nwise 2 0
wml 32 0
oscher 1 0
weathercock 4 0
sprecht 2 0
uslueften 1 0
sicke 10 0
nwist 1 0
almanacks 2 0
egenwurmer 5 0
cincture 1 0
sunflower 2 0
arfenspieler 22 0
eigensinniger 1 0
eigensinniges 1 0
sickt 1 0
withdrew 80 0
eigensinnigen 6 0
urners 1 0
eigensinnigem 1 0
xcuse 34 0
alermitaner 1 0
instaendig 6 0
bondman 10 0
bachelorhood 1 0
quidquid 1 0
curvets 1 0
verstaendigen 10 0
rusticating 2 0
verstaendiger 7 0
woa 1 0
woe 203 0
excessively 42 0
wod 1 0
sterblicher 1 0
orestes 1 0
ueberspuelen 1 0
chlechte 9 0
orester 1 0
ngelherzens 1 0
wol 1 0
woo 7 0
findin 3 0
won 488 0
wop 1 0
corpses 10 0
wou 12 0
wot 182 0
wow 4 0
which 30805 0
meilleure 1 0
wox 2 0
ledernen 4 0
coinage 44 0
gezittert 1 0
wpe 2 0
wroughte 1 0
achever 1 0
never 4709 0
unfern 4 0
neven 4 0
honoureth 1 0
klaerste 1 0
mightily 25 0
schilderte 2 0
nreellste 1 0
ausation 2 0
nettfuessige 1 0
whiff 12 0
montero 1 0
waived 4 0
hoves 1 0
hover 10 0
llernatuerlichsten 1 0
immertuere 1 0
homerischen 2 0
hovel 5 0
nsects 3 0
contrary 546 0
verschaff 1 0
rvalan 1 0
misinterpretation 2 0
afenleute 1 0
unerhoerte 3 0
akamiyo 1 0
ibius 2 0
smouldering 8 0
aufgefahren 1 0
heartlessness 3 0
withdraw 77 0
wry 6 0
whipt 4 0
aufgeschoben 1 0
whips 12 0
coincided 8 0
pickax 7 0
urneys 2 0
unrepented 1 0
coincides 3 0
elvedere 11 0
resentments 6 0
repentit 2 0
roesten 1 0
wth 2 0
ungentle 1 0
roestet 2 0
fodder 17 0
illius 2 0
arbadoes 8 0
loaves 14 0
ugenwimper 1 0
contrast 89 0
gespraechig 3 0
uenstlich 1 0
rigadier 8 0
absolvieren 2 0
palingenesist 1 0
auffuehren 11 0
aufzuschliessen 9 0
urzelfasern 1 0
unfelt 3 0
wud 13 0
reifte 1 0
wuf 1 0
iefseufzend 1 0
wuh 1 0
wuk 15 0
wum 3 0
whirl 32 0
wun 4 0
farrago 1 0
egnuegt 1 0
wus 3 0
ierraten 1 0
nthonys 1 0
flushing 4 0
aemmrung 1 0
kletterten 1 0
wuz 410 0
ntsetzliche 2 0
dauerte 20 0
entgegensehenden 1 0
changeful 5 0
verweilten 4 0
ymeneus 1 0
erharrte 1 0
ewinnst 1 0
halanx 1 0
ntermezzo 3 0
aldensian 1 0
gebrannt 3 0
romantische 2 0
picket 7 0
unperformed 1 0
alvia 1 0
while 2808 0
picked 111 0
www 19 0
documented 1 0
alvin 67 0
picker 1 0
usiris 1 0
undankbar 4 0
heruntertrennen 1 0
durchleuchtet 1 0
ubscribing 2 0
geforderte 2 0
mirthe 1 0
acation 1 0
mgangs 8 0
leuchte 1 0
rekindle 1 0
xminster 1 0
hippodrome 2 0
repented 17 0
calker 3 0
eighed 1 0
proscripta 1 0
warped 5 0
emdtasche 1 0
mgange 10 0
discrepant 1 0
einsegnete 1 0
calked 1 0
seal 52 0
uentziger 1 0
seam 3 0
wyl 1 0
veritable 22 0
uellen 21 0
whine 5 0
findst 1 0
unfehlbare 3 0
ueller 1 0
veritably 3 0
mightier 11 0
roundabout 11 0
manchen 57 0
purpos 1 0
deacon 12 0
whims 21 0
auper 1 0
manches 128 0
mancher 37 0
aupen 1 0
orremuzza 2 0
manchem 20 0
wiederkommend 1 0
maple 18 0
arthquake 1 0
sech 15 0
rischauf 1 0
dervis 1 0
titmice 2 0
wallowed 2 0
oratory 13 0
crusading 1 0
seco 1 0
oncerning 11 0
anguages 29 0
etwan 2 0
issfallen 2 0
clever 95 0
annimmt 8 0
ruehmen 20 0
agonising 2 0
madeira 1 0
etwas 638 0
bespitzt 1 0
sanctification 6 0
haranguers 1 0
usammenkunft 5 0
seat 327 0
gegraemt 1 0
seas 90 0
mphiorax 1 0
orators 15 0
lliebenden 1 0
poniarded 1 0
seed 183 0
seep 10 0
seer 7 0
seek 261 0
thankes 3 0
seen 1874 0
andelshauses 1 0
seem 909 0
dazusetzen 4 0
aesslichkeiten 1 0
erlagen 1 0
compelled 253 0
febrifuge 1 0
sibyl 1 0
thanked 61 0
compeller 1 0
ereditary 2 0
thankfu 3 0
uermchen 2 0
erzensfreundin 1 0
joine 2 0
secr 1 0
sect 90 0
depressingly 1 0
erkwuerdig 3 0
seda 1 0
banasawa 3 0
espensterhause 1 0
essopfer 3 0
pariegyric 1 0
erschaffen 8 0
joins 14 0
dialogo 1 0
interrogatories 1 0
joint 130 0
aiheisan 2 0
flachliegend 1 0
luechtige 1 0
greeably 2 0
segn 2 0
wheezing 4 0
greeable 3 0
aqua 1 0
lliciana 2 0
riverince 1 0
tableaux 1 0
peier 4 0
nachzugehn 2 0
gnotum 1 0
xai 4 0
byway 2 0
ussbreit 1 0
alacrity 20 0
sahest 1 0
nzaehlige 1 0
scruple 49 0
sees 185 0
hineinschlueg 1 0
keerin 3 0
wedenborgians 2 0
ingenious 126 0
sein 2471 0
wantoning 1 0
unheralded 1 0
seit 133 0
hygeen 12 0
privacy 16 0
seis 1 0
hearken 61 0
cudna 7 0
istribute 1 0
ildungen 1 0
seid 96 0
zusammengezogene 1 0
readjusted 2 0
scrutetur 1 0
lyceens 1 0
isunderstanding 3 0
herzugewuenscht 1 0
sehr 1150 0
xcv 1 0
seht 34 0
sehn 79 0
xcy 10 0
pedigree 12 0
irandola 1 0
ueberwaeltigt 7 0
uncovered 18 0
nterberger 1 0
uncleaned 1 0
dampfenden 1 0
passende 1 0
sehe 156 0
ewinnen 3 0
ondness 9 0
gwines 2 0
etreats 1 0
ewinnes 1 0
zusammentreffenden 1 0
esichtchen 2 0
eherrschers 1 0
gebuehre 1 0
hoemaker 3 0
reight 3 0
stemmte 4 0
chevisance 5 0
uixotic 1 0
composeth 1 0
ssociate 1 0
sympathizing 10 0
xen 2 0
contract 78 0
onspiracy 3 0
xes 5 0
oodall 1 0
ornaments 65 0
joist 2 0
asserkluefte 1 0
rumored 4 0
erkeleys 1 0
judgin 3 0
esolution 73 0
benders 1 0
proletarian 9 0
revolutionary 39 0
seiz 3 0
contrack 1 0
proletariat 62 0
sical 1 0
confounded 61 0
mitgegeben 2 0
rundtriebe 1 0
dowered 3 0
wickerin 1 0
enevolent 4 0
semi 34 0
musketry 3 0
seln 1 0
ulterior 5 0
oliath 14 0
ufsicht 12 0
esetzgebers 1 0
sell 309 0
sely 9 0
sels 4 0
alway 95 0
ertruegen 1 0
self 687 0
ufkuendigung 1 0
selb 7 0
unctilios 1 0
seld 2 0
peint 2 0
vorgespiegelt 3 0
rdennes 1 0
egleiterin 6 0
peine 1 0
erwechselung 1 0
xii 30 0
thinketh 37 0
xil 1 0
zerruettete 2 0
artemisia 1 0
aupte 25 0
wasserreichen 1 0
xit 14 0
xis 3 0
xiv 8 0
creatures 203 0
usstest 2 0
xix 6 0
ustgeschrei 1 0
sensibilities 8 0
thinkest 5 0
judged 107 0
zugesellt 2 0
counseleth 1 0
sent 1051 0
sonder 1 0
iebesgott 2 0
marauders 1 0
tartarium 1 0
nnoye 1 0
echnik 4 0
sene 1 0
errlichkeit 28 0
judges 130 0
send 603 0
esichtsform 2 0
composers 1 0
weigerte 5 0
edunca 3 0
seqq 5 0
thinkers 23 0
threatenings 1 0
verdorrten 1 0
caudle 1 0
kerblunkity 1 0
astonieth 1 0
sheared 2 0
setzend 1 0
vollschenkte 1 0
uenstling 8 0
brawler 2 0
halaba 4 0
cuddy 3 0
staende 3 0
magical 29 0
truggles 6 0
harmless 124 0
contrair 4 0
exceeding 69 0
gegossene 1 0
xlv 1 0
arat 3 0
laurere 1 0
aras 5 0
einlaedt 1 0
forcarveth 1 0
sese 1 0
athaus 3 0
dreissigsten 1 0
avalcaselle 1 0
nordnungen 6 0
naechtlich 3 0
repetticoated 1 0
arbe 49 0
cements 2 0
serv 3 0
tendrils 8 0
volunteers 24 0
yardarm 4 0
stuerzenden 1 0
aran 5 0
serf 36 0
sera 1 0
arah 18 0
evacuate 4 0
arad 1 0
mulatter 1 0
explorations 14 0
arab 1 0
ebenlaube 1 0
ruptions 1 0
registrar 2 0
defence 307 0
arcy 421 0
befaenden 1 0
arcs 1 0
eloigner 2 0
xod 4 0
wrathe 3 0
hearsay 6 0
ardo 1 0
tukhen 1 0
xon 1 0
ardi 1 0
implys 2 0
materializing 7 0
seul 1 0
arde 6 0
pervert 12 0
methodically 2 0
sets 85 0
arby 2 0
sett 2 0
defends 6 0
yfield 1 0
defendu 1 0
omissions 7 0
punchers 1 0
arco 10 0
blouses 2 0
aecheltest 1 0
strangled 11 0
harrete 1 0
midwinter 8 0
igenschaften 31 0
adage 4 0
defende 1 0
arch 343 0
arce 2 0
setl 1 0
abenteuerlichen 4 0
fenninge 1 0
thyselven 1 0
arey 2 0
omposition 27 0
aret 1 0
arew 2 0
laglieder 1 0
bekaemen 1 0
palmers 3 0
ntoninus 14 0
eigning 6 0
sews 1 0
oltaires 1 0
sewn 9 0
arfe 14 0
area 46 0
udapest 1 0
areb 5 0
emprise 7 0
gamekeepers 1 0
ardy 10 0
ards 20 0
nachgesehn 1 0
ares 24 0
delmann 12 0
arer 1 0
awesomeness 1 0
bedaechtigen 2 0
arel 2 0
bedaechtigem 1 0
success 459 0
aren 52 0
wohlbewohnten 1 0
aufwachte 4 0
ared 5 0
wallopin 1 0
wohlbegueterten 1 0
lenient 6 0
eflexion 3 0
inhospitable 17 0
steaming 12 0
orspiele 3 0
trottoir 1 0
aussi 1 0
marginal 9 0
ccleve 1 0
hearses 3 0
imanthes 1 0
arge 26 0
schmutzig 2 0
cottonwoods 2 0
outosi 1 0
eterodox 1 0
seye 1 0
auszeichnenden 1 0
tattered 13 0
argu 1 0
gelobte 1 0
argo 10 0
albbetrogene 1 0
ntschiedene 1 0
wohlvorgetragener 1 0
rschrecken 1 0
udenherz 1 0
ophien 1 0
anzusehn 4 0
xus 1 0
arie 30 0
orschlaege 9 0
arid 12 0
arif 14 0
aria 456 0
raisers 1 0
verkuendigen 4 0
loyalty 50 0
masks 11 0
preened 2 0
verkuendiget 1 0
xvi 2 0
geloben 2 0
picnic 4 0
ontinent 81 0
arit 1 0
ubeanus 2 0
standhaft 6 0
captivating 13 0
aris 391 0
llegorie 1 0
ario 2 0
arin 3 0
oktorrolle 1 0
despair 182 0
nzeigen 3 0
parcels 17 0
arli 4 0
tubborn 3 0
breeder 2 0
chords 10 0
hinuntergehen 1 0
uebertroffen 5 0
unzertrennlich 6 0
weibischen 1 0
arly 34 0
captivation 1 0
mason 12 0
arls 12 0
weedledum 1 0
dumpfichten 1 0
arlo 6 0
iftbecher 1 0
aturwerk 1 0
availing 9 0
consequence 462 0
aething 1 0
arke 8 0
pairtrick 2 0
xxi 2 0
arka 2 0
chores 2 0
inductions 2 0
herausragt 1 0
ntflieht 2 0
arky 1 0
framework 15 0
arks 18 0
discolored 6 0
uechengaerten 1 0
arkt 14 0
xxv 5 0
attorneys 10 0
oliche 1 0
xxx 58 0
chored 1 0
ppointing 5 0
tokening 2 0
prophesying 3 0
arni 1 0
woelbten 1 0
arne 3 0
assessor 1 0
herzugeben 2 0
ugendfuelle 1 0
elevating 8 0
ophian 1 0
accustomd 1 0
itaneien 3 0
dauernde 2 0
arns 1 0
arno 140 0
landeten 3 0
arme 72 0
ausis 3 0
armd 3 0
empelform 1 0
codification 1 0
arma 27 0
veraechtlichmitleidigen 1 0
affected 266 0
auritius 1 0
herueberzutragen 1 0
army 506 0
hintaumeln 1 0
oathing 1 0
scypen 1 0
arms 728 0
ommier 1 0
governor 106 0
lusheburghes 1 0
enigstens 17 0
massa 21 0
ecreation 3 0
arpi 3 0
achesis 8 0
pursue 118 0
verrichteten 1 0
laurels 14 0
unluckily 12 0
masse 8 0
schelmisch 2 0
elevation 100 0
gemieden 1 0
aroc 1 0
drinketh 7 0
outbursts 8 0
arob 1 0
choral 9 0
chwogern 2 0
arow 9 0
verstaerkt 2 0
heimliche 15 0
aros 3 0
drainage 23 0
ausgewaschen 2 0
accustoms 2 0
aron 96 0
arrn 2 0
arro 8 0
esenden 1 0
prototypes 1 0
marry 277 0
arre 3 0
residierte 1 0
umkommt 3 0
usbands 17 0
adate 3 0
justness 4 0
dazzled 18 0
etzge 1 0
farnesische 1 0
arra 7 0
wiederholender 1 0
eland 6 0
loaths 10 0
zerlumpt 1 0
arry 448 0
dazzles 6 0
uitten 1 0
umkomme 1 0
thinks 237 0
marsh 10 0
arrs 3 0
elany 7 0
drinkers 3 0
lavierten 1 0
forecast 5 0
owboys 1 0
unnecessarily 18 0
deteriorate 5 0
cormorant 3 0
ogmatica 1 0
vergroessernde 1 0
sopping 1 0
chauspielhaeuser 2 0
aulenzen 1 0
thinly 25 0
arqs 1 0
gefuehrten 1 0
warice 1 0
aulenzer 2 0
soothsayers 1 0
arto 1 0
baendigen 4 0
headland 8 0
artl 6 0
gilded 31 0
leinareta 1 0
precursors 2 0
arth 119 0
ausgjagt 1 0
oschus 3 0
arti 1 0
ungleiche 1 0
hitting 7 0
accident 159 0
auwetter 1 0
arte 22 0
etzen 5 0
rissell 1 0
aphlagonia 2 0
defense 38 0
etzel 8 0
fehlgeschlagenen 2 0
litzschnell 1 0
arty 139 0
artt 1 0
inclement 1 0
arts 346 0
enares 2 0
etzer 8 0
aennlein 7 0
crawfish 1 0
rectilineal 1 0
obbins 2 0
ideals 69 0
yam 7 0
uneasily 19 0
yal 1 0
achiavellen 1 0
yan 2 0
aushalter 2 0
yap 2 0
arsi 1 0
arsh 6 0
aushalten 14 0
ffirmeth 1 0
alites 1 0
arse 15 0
obbing 1 0
thinke 8 0
marts 4 0
commanderies 1 0
eviewers 1 0
angeschwemmt 1 0
adaws 1 0
arst 4 0
loated 1 0
angerechnet 1 0
elait 3 0
drizzles 1 0
ankenwerk 1 0
gedder 2 0
ainted 16 0
arve 3 0
schaukelte 2 0
proclaimed 69 0
alternation 1 0
things 2650 0
ainter 6 0
prophetically 1 0
aintes 2 0
kuehnste 1 0
laming 1 0
yck 3 0
arup 1 0
garnicht 2 0
arus 1 0
nglishwomen 2 0
arum 119 0
adapt 20 0
ulgrave 2 0
arva 1 0
oneliness 1 0
zusammenstimmten 1 0
rezitiert 2 0
yde 16 0
sieze 1 0
unstelement 1 0
ahatma 2 0
exports 21 0
adara 7 0
aufspringen 1 0
yds 1 0
zusammenhaengend 2 0
allzuscharfen 1 0
ersuchten 1 0
yea 45 0
handsomer 8 0
yee 1 0
yed 1 0
pinafores 2 0
ranscriptions 1 0
auter 3 0
syllogism 2 0
yel 1 0
yen 18 0
auten 3 0
autem 4 0
loathe 4 0
yes 291 0
xsurge 1 0
yer 255 0
durchreisen 2 0
yet 3205 0
thinge 2 0
yew 6 0
yez 3 0
spitzfindig 1 0
undauntedly 2 0
alternating 3 0
anigou 1 0
affrays 1 0
capinereien 1 0
opulation 9 0
civilised 113 0
acancies 5 0
anraet 2 0
andkuss 1 0
ochefoucault 1 0
arzi 1 0
alzen 2 0
coloring 5 0
aufruecken 1 0
enonists 1 0
slaves 513 0
hlegma 1 0
arys 2 0
ieselbreccien 1 0
nglishwoman 1 0
slaver 2 0
plowing 6 0
ufhalt 1 0
ercantile 7 0
brightens 3 0
opposeth 1 0
tolomy 1 0
sursanure 1 0
aufgestiegen 3 0
arze 2 0
ausgelaufen 3 0
dortigen 6 0
adame 221 0
hoffnungsvoll 2 0
adama 2 0
elage 1 0
preadeth 1 0
imprudently 9 0
ussboeden 1 0
unansehnlichen 1 0
zusammenpacken 1 0
koerperlich 5 0
mouldering 8 0
ecuniary 2 0
warily 7 0
schaukelnd 1 0
ulattoes 1 0
aeften 1 0
zurueckwies 1 0
chronologies 1 0
yin 3 0
liquorishness 1 0
etiers 1 0
yip 1 0
auptlaermecke 1 0
yit 29 0
esuitenfabeln 2 0
immobile 2 0
tennis 3 0
nachaeffend 1 0
coffined 1 0
erwaltung 10 0
stronge 7 0
dvocate 9 0
lamenting 19 0
governed 161 0
owering 3 0
ephzibah 1 0
offereth 1 0
pelts 9 0
peremptory 12 0
ueberlasse 6 0
zahnlueckig 1 0
alandrino 1 0
yke 2 0
ermaechtnis 9 0
alzac 21 0
offerest 1 0
trampling 11 0
vermischest 1 0
ueberlasst 1 0
getrieben 40 0
aeonen 1 0
entschied 5 0
tterbury 1 0
elbstigkeit 1 0
outstarting 1 0
erarbeitung 1 0
erioden 1 0
indemnified 1 0
yly 1 0
feigning 16 0
asas 2 0
yme 1 0
heftigste 5 0
verzaehl 1 0
paradieren 1 0
banned 2 0
ymn 14 0
dinning 2 0
artisan 12 0
iciter 1 0
sprout 5 0
unreality 1 0
aendelei 2 0
alternative 33 0
banner 22 0
sensually 1 0
verkuendigte 7 0
bannen 6 0
ingular 2 0
asal 2 0
yne 4 0
yng 4 0
handsomly 3 0
calciferous 15 0
ynn 22 0
bondmen 13 0
nucifera 1 0
suggestions 41 0
estiours 1 0
yno 3 0
eingedruckt 1 0
mherst 3 0
durchbrochen 1 0
pupilage 3 0
ropfen 19 0
olderness 2 0
reuzeln 1 0
egehrlichkeit 1 0
warish 5 0
rrantes 1 0
gerecht 11 0
yod 1 0
blacksmith 23 0
infaeltigkeit 1 0
nalogies 1 0
entgegentrat 2 0
yon 15 0
chreckliche 1 0
abzutragen 4 0
mbiguity 1 0
you 24148 0
yow 2 0
ruderschaft 1 0
oleaster 1 0
ype 1 0
asco 4 0
asch 4 0
precipitous 25 0
dishevell 1 0
locupletes 1 0
corpse 73 0
ubtraction 1 0
mirror 167 0
aeulnis 2 0
ballant 6 0
unpropitious 5 0
apparitor 1 0
misplaces 1 0
asey 14 0
bashfully 2 0
versiegelt 4 0
erthoud 2 0
ases 49 0
aurus 5 0
rueckwaertsglitschen 1 0
cxxxiii 1 0
versiegeln 1 0
oratius 1 0
gutters 4 0
neutrals 1 0
tought 2 0
roglio 3 0
toughs 1 0
ueberrede 1 0
outraged 21 0
standhaftes 1 0
yrd 2 0
fifteenpence 2 0
herabfallend 1 0
verspreche 11 0
yre 10 0
march 183 0
cargoes 5 0
kreucht 1 0
aser 3 0
asel 1 0
asen 29 0
marcy 1 0
outrages 18 0
springtide 2 0
ryness 1 0
thrive 53 0
ased 1 0
misplaced 9 0
versprecht 1 0
osenknopf 1 0
disagreeableness 6 0
lavato 1 0
schmiedete 1 0
onnegefuehl 1 0
ntreue 4 0
asha 19 0
reputing 1 0
sometimes 1240 0
disperlite 1 0
questions 355 0
corpus 23 0
siehe 9 0
subalterns 3 0
dandelion 7 0
audissart 1 0
agittarius 1 0
subalterne 1 0
ashi 9 0
sieht 259 0
mares 22 0
ngeduldigen 1 0
nnres 1 0
hatter 35 0
afterthought 3 0
auroy 1 0
hatten 451 0
storybook 1 0
roglie 5 0
gobble 5 0
hattet 1 0
thrist 1 0
enschenkehlen 1 0
diaphora 2 0
userwaehlte 3 0
darzubieten 1 0
spoilers 3 0
hittier 6 0
ballanc 1 0
swiftest 10 0
waiting 304 0
entgeht 2 0
castoff 1 0
entschiedensten 2 0
ahrdamme 1 0
hamberlain 14 0
ueberziehen 1 0
mousseux 2 0
entgehn 2 0
heartlessly 2 0
exposes 13 0
chweigen 7 0
exposee 1 0
isdainful 1 0
chellenkappen 1 0
exposed 193 0
uintains 1 0
entgehe 2 0
checkered 5 0
superintendency 2 0
superintendence 10 0
ierauf 16 0
ashy 6 0
reappears 9 0
asis 8 0
scrutinized 9 0
appening 2 0
affraid 16 0
asil 5 0
ehandelt 3 0
anderemal 1 0
asin 10 0
knirrte 1 0
christliche 3 0
questiond 1 0
ierbei 1 0
alligenes 2 0
betraechtlichsten 1 0
lector 41 0
upestoresen 1 0
ersaettigt 2 0
asle 38 0
ndulge 1 0
befroren 1 0
ekanntmachung 1 0
manfully 16 0
pertains 2 0
markd 2 0
ueberreif 2 0
umgebnen 1 0
oration 12 0
ustspieldichter 1 0
aske 36 0
aska 1 0
sieur 1 0
hereinbraust 1 0
leichnissen 2 0
jolif 1 0
aufliegen 1 0
esserwisser 1 0
recapitulating 2 0
chlossenger 5 0
asks 58 0
asserfall 1 0
bewunderungswuerdig 1 0
conjoining 5 0
sieve 5 0
hineinblicken 1 0
hervorgehoben 2 0
reinlichste 1 0
chtelszentner 1 0
inference 76 0
radicals 2 0
recapitulation 1 0
oemische 8 0
snakes 29 0
reimal 2 0
unpatronised 1 0
einglernt 1 0
broadside 8 0
unerfleht 1 0
ntreated 1 0
lodemanage 1 0
exposal 1 0
erthold 1 0
chwarzen 1 0
besonnen 5 0
chwarzer 1 0
hinablaufen 1 0
spoileth 1 0
combmaker 1 0
etition 38 0
marks 118 0
hildish 2 0
untenanted 2 0
ittagswind 1 0
marle 1 0
nterschiede 2 0
cheaper 157 0
unterliess 3 0
ervorbringens 1 0
umbers 58 0
aspe 2 0
radicans 1 0
thrill 29 0
ballade 1 0
scampering 5 0
chreitet 2 0
tockbridge 3 0
dramatically 7 0
ecess 5 0
ballads 17 0
jolly 59 0
marod 1 0
citizen 108 0
kimona 1 0
marmt 1 0
ikely 2 0
floated 63 0
gelockt 2 0
bretfull 1 0
boating 3 0
ason 83 0
nexus 1 0
whimplin 1 0
hinueberblickt 1 0
surveys 5 0
reimen 2 0
undsgenossen 1 0
wofuer 9 0
unveraenderliche 1 0
kimono 14 0
thiope 1 0
auferlegt 4 0
auris 2 0
herbeischaffte 1 0
ncampments 2 0
scherzte 12 0
equivocated 2 0
aggravatingly 1 0
maros 1 0
nexte 14 0
ersecutor 1 0
ribbidge 2 0
auptplaetze 1 0
lternately 1 0
eigener 8 0
schulgerechten 1 0
ulcinells 1 0
astl 189 0
eigenes 17 0
ersuchung 15 0
eigenen 89 0
ulcinelle 5 0
eigenem 3 0
asti 4 0
durchschimmern 1 0
torkelt 1 0
aste 48 0
aused 1 0
foundational 1 0
asty 2 0
hessapeak 3 0
refinement 35 0
asts 2 0
zac 2 0
repealers 1 0
versiegelten 2 0
auses 99 0
auser 2 0
zag 2 0
asso 35 0
fungous 1 0
servility 12 0
assi 1 0
ausen 4 0
zan 2 0
asse 73 0
oratier 1 0
zar 17 0
huckleberrying 2 0
assa 16 0
lbenfeld 1 0
loyally 11 0
auseinandergegangen 1 0
zay 7 0
lambent 5 0
assy 2 0
asst 58 0
ortunately 41 0
obtrusiveness 1 0
sabbath 1 0
azaleas 8 0
castors 1 0
carping 4 0
omforts 4 0
isitors 9 0
accepteth 1 0
ektuere 2 0
asserstrahl 1 0
ntiken 6 0
thrift 15 0
oratief 3 0
asur 1 0
schamlosen 1 0
unnatural 63 0
uelsen 1 0
bespeak 3 0
gestriges 1 0
conciliandam 1 0
knitting 25 0
gestrigen 6 0
lauream 1 0
vorbeifahren 1 0
thries 6 0
omforte 1 0
alyns 1 0
dicotyledonous 1 0
electioneering 1 0
asus 3 0
oliday 5 0
zugefuegt 1 0
supernormal 2 0
oscius 1 0
uaranteed 1 0
wohlwill 1 0
rmbrustschiessen 1 0
ostentation 10 0
tadtgeschichte 1 0
falsely 37 0
uarantees 1 0
zee 5 0
cheaply 11 0
zen 9 0
keeper 50 0
oratian 5 0
thrice 44 0
onigsberg 11 0
bewrayen 1 0
keepen 2 0
teeterin 1 0
hyperclerical 1 0
smarter 1 0
smarted 6 0
leugne 17 0
oldschmuck 1 0
damaging 7 0
superintendents 4 0
bestaendigste 1 0
ungewisse 5 0
ipsform 1 0
ausch 12 0
commend 27 0
commenc 1 0
alessen 2 0
musterhaftes 1 0
guitar 17 0
ermaines 1 0
comment 91 0
ueberschleicht 1 0
commutative 1 0
rospectus 1 0
cessions 1 0
corown 1 0
reimte 1 0
besonnte 1 0
wegeilte 1 0
abschlagen 4 0
allverhindernder 1 0
asenbaeuchen 1 0
washerwoman 4 0
palatable 13 0
pugnaciously 1 0
overtaken 20 0
zig 2 0
discarnate 11 0
abtraglich 1 0
strichweis 1 0
zip 116 0
bandeaux 1 0
keepit 4 0
iblis 2 0
herbeischaffen 5 0
underneath 29 0
iederkunft 4 0
gestiftet 6 0
iblia 1 0
keepin 4 0
utomobile 1 0
ophist 14 0
iordano 4 0
unbeschriebenen 1 0
ernrohr 2 0
immemorial 32 0
unuttered 4 0
officiously 1 0
amplitude 5 0
patriarchalischen 1 0
rubicondo 1 0
hervorbrechen 2 0
springtime 4 0
schmelzenden 1 0
siege 55 0
ekstatischen 2 0
irksomeness 1 0
ekstatisches 1 0
freundlichsten 2 0
eloraine 1 0
ueberschauten 2 0
illibullero 1 0
ndentures 1 0
entgegenrollende 1 0
orfaelle 6 0
ongratulation 2 0
dylls 1 0
dylle 2 0
niedersieht 2 0
washerwomen 2 0
atan 32 0
irgendeinmal 1 0
ibles 16 0
commercio 1 0
wischen 14 0
litmus 2 0
dreimaliges 1 0
cuffs 9 0
rasart 1 0
erworbene 4 0
atal 2 0
ueberwiegenden 2 0
atai 5 0
radwardine 2 0
gedrohet 1 0
ophism 1 0
atae 1 0
dignified 63 0
overspring 1 0
onnabends 2 0
reawakened 1 0
lected 1 0
mborah 1 0
mercury 24 0
nadenzeichen 1 0
seelenvergnuegt 1 0
denounced 54 0
reakfast 14 0
bedrohenden 2 0
scherzen 7 0
zog 139 0
spiteously 1 0
ruffle 9 0
denouncer 3 0
nbegreifliche 1 0
ewehrschrank 1 0
gobbet 1 0
denounces 1 0
plagiarists 2 0
zor 1 0
pursed 2 0
tryptic 1 0
questioun 1 0
freeholders 2 0
stannin 4 0
mateur 1 0
smartly 5 0
purses 5 0
physischen 5 0
atch 44 0
physischer 1 0
presuming 17 0
lfeta 1 0
uckerwerk 6 0
beduerft 1 0
enkensart 2 0
keenly 33 0
lagstaff 6 0
ublikums 22 0
ates 74 0
ater 789 0
beduerfe 11 0
resolution 163 0
atet 1 0
gearbeiteter 1 0
atyren 4 0
mulleins 1 0
gearbeiteten 3 0
definitions 17 0
orzeigenden 1 0
ashamed 172 0
oliere 20 0
exorbitantly 2 0
civilly 18 0
virtually 35 0
ridericus 1 0
zra 4 0
enturiators 1 0
disengaging 2 0
pathetisch 2 0
ateo 2 0
aten 22 0
feierlichst 1 0
atem 21 0
omuluses 1 0
ated 3 0
aciturne 1 0
wischte 1 0
edlock 1 0
itherto 20 0
bulbous 1 0
grapnel 1 0
erfundene 1 0
closd 1 0
aths 7 0
athl 2 0
mauka 3 0
megalen 1 0
etraye 1 0
athe 2 0
close 842 0
corona 1 0
goslings 1 0
hilistine 5 0
itherus 3 0
entweihet 1 0
entweihen 2 0
nigger 117 0
darinnen 4 0
armonie 29 0
hilistins 1 0
movable 14 0
oiners 1 0
organte 2 0
aufgehobene 1 0
bulking 3 0
citizens 314 0
vorgestellt 43 0
civiliz 1 0
herunterzusetzen 2 0
ccuse 1 0
annoyance 54 0
unstund 3 0
auszustatten 3 0
ycenae 5 0
epideixeis 1 0
zun 9 0
alatini 1 0
verlaufen 3 0
zum 975 0
zur 671 0
alatine 75 0
incendiarism 1 0
alatino 1 0
nfirmaries 4 0
raction 3 0
tonyhurst 1 0
clomb 4 0
atie 1 0
eoparden 1 0
resolvieren 1 0
duesterer 2 0
tantrum 1 0
arsenic 3 0
vielhundertjaehrigen 1 0
ortland 2 0
brocage 1 0
oestlichsten 1 0
atis 1 0
castigation 5 0
esenlose 1 0
abellen 1 0
atin 267 0
yawned 5 0
civilis 1 0
purvey 8 0
ladman 1 0
sumach 5 0
kuenstlichgesetzten 1 0
unzufrieden 11 0
maunu 1 0
smallest 167 0
choose 356 0
proboque 1 0
aborigine 3 0
ausschluerfen 1 0
entschlag 1 0
angetroffen 11 0
lutocrat 1 0
zwo 7 0
dherents 3 0
mixture 77 0
segnet 1 0
mately 1 0
segnen 3 0
zungenfertig 1 0
maums 1 0
clomp 2 0
oligostikhia 1 0
daraufpochte 1 0
objectivity 1 0
woefully 5 0
ecide 1 0
calpen 1 0
andgrube 1 0
ordfraeulein 2 0
ilgrimage 1 0
achklang 1 0
emoderandus 1 0
disowning 3 0
mismanage 1 0
strychnine 1 0
atna 1 0
mitteilbaren 1 0
shad 3 0
tourmaline 1 0
slouched 4 0
unterhandlen 1 0
rebus 3 0
nstreben 1 0
loudcapt 1 0
espraeches 2 0
atme 1 0
espraechen 14 0
unterlag 1 0
volumes 67 0
zzo 1 0
lukewarmness 1 0
allzuplatonischen 1 0
clogs 19 0
lukewarm 11 0
hottentottischen 1 0
beschaut 2 0
nstaendigkeit 1 0
nstinctively 5 0
local 251 0
festgeschlossenen 1 0
rebse 1 0
decisions 42 0
arraconensis 1 0
onjurer 4 0
tigerishly 2 0
ujauchzungen 2 0
cognisant 1 0
disregards 1 0
helfendes 1 0
weitersuchst 1 0
bulkier 1 0
schildernde 1 0
vouchers 1 0
repousse 1 0
urnkey 1 0
shap 4 0
shas 1 0
sham 15 0
verflossener 1 0
atow 8 0
shan 36 0
atop 6 0
rebro 1 0
atom 11 0
shaw 17 0
aton 12 0
shav 2 0
ueberstrengte 1 0
shed 93 0
shortsighted 3 0
ethiopians 1 0
stupefies 1 0
clanging 1 0
kursorische 1 0
atre 1 0
unlocked 11 0
clods 11 0
xchanging 2 0
joose 1 0
dichterische 6 0
einmuetig 1 0
stupefied 11 0
ondenlichte 1 0
beschwerend 1 0
struttin 2 0
onsoled 1 0
finale 2 0
obsequiosity 1 0
erthrow 1 0
demuetige 1 0
clock 243 0
recriminations 5 0
quadrangle 5 0
artitur 1 0
auung 1 0
monthly 21 0
gewordenen 2 0
reciters 2 0
cloff 1 0
etschaftsiegel 1 0
atte 31 0
beschloss 16 0
atth 3 0
unkeuschen 1 0
retracted 3 0
atty 7 0
riadnekopf 1 0
unserved 1 0
beglaubigten 1 0
paradises 1 0
atts 7 0
ommitee 1 0
atso 1 0
extreamly 23 0
gezierten 1 0
thilke 84 0
gezierter 1 0
appendages 9 0
shet 17 0
shew 96 0
vordersten 2 0
komponierte 1 0
shes 5 0
sher 3 0
verwischen 1 0
ccult 3 0
elbst 33 0
formally 22 0
mauve 1 0
zoology 2 0
outran 4 0
ausstudiert 2 0
outras 1 0
lobes 9 0
denselbigen 2 0
ship 315 0
arueber 8 0
atyrus 3 0
eingeschlossenen 1 0
driveling 1 0
loben 40 0
songes 10 0
ypsipyle 2 0
savored 1 0
shin 11 0
schnupft 1 0
wrappin 1 0
eritas 3 0
togedder 1 0
cardiacle 1 0
prejudged 1 0
magische 5 0
gewissenhafter 2 0
atun 5 0
gewissenhaften 1 0
atum 4 0
gutgesinnter 2 0
atul 1 0
strutted 2 0
eistimmung 5 0
parlare 1 0
perationen 3 0
architektonischem 1 0
derwarten 1 0
ojimachi 1 0
architektonischen 5 0
hinwieder 2 0
architektonisches 1 0
lobed 3 0
requital 3 0
atur 431 0
ichelangelo 7 0
mobility 3 0
tallest 5 0
ueberrest 3 0
abgetreten 2 0
verdriessliches 1 0
verdriesslicher 6 0
verdriesslichen 6 0
dishonourably 1 0
unchanging 3 0
broken 525 0
ithered 1 0
itchl 1 0
unalterd 2 0
insamen 5 0
broker 2 0
pudding 10 0
insames 1 0
etrommel 1 0
leinste 1 0
dishonourable 16 0
shiu 1 0
umbels 2 0
ussenabort 2 0
iking 2 0
centered 6 0
temporaries 1 0
atzl 22 0
losers 8 0
challenging 5 0
ankommenden 3 0
odemanage 1 0
aniels 1 0
ewinsts 1 0
piteous 51 0
utedel 1 0
atyr 14 0
flaming 29 0
frueheres 1 0
frueherer 6 0
frueheren 13 0
gerochen 1 0
beeifert 1 0
eiheishi 2 0
atze 16 0
hispers 1 0
harrower 1 0
harrowed 6 0
beeifern 2 0
cuius 2 0
shoo 2 0
shon 2 0
shop 133 0
ufficeth 4 0
verruchten 1 0
riglyph 1 0
nkonsequenz 2 0
show 747 0
shov 1 0
shou 10 0
shot 353 0
enaten 1 0
floatin 1 0
uermlein 1 0
erthrew 1 0
loseth 2 0
wimming 8 0
durchweicht 1 0
feverish 25 0
wimmins 1 0
genossen 43 0
shoe 60 0
shod 11 0
molestation 3 0
angangen 1 0
sorgend 2 0
unamiable 4 0
hanksgivings 2 0
wahrhafte 3 0
saubres 1 0
shearing 5 0
riesterinnen 2 0
rostgefuehl 1 0
penny 75 0
exuberances 1 0
gentlemanly 13 0
rebel 28 0
hoices 1 0
contralto 1 0
uehnheit 6 0
orlesung 14 0
ungeons 1 0
synecdoche 1 0
itheron 4 0
anxieties 13 0
sprawling 8 0
unequivocal 4 0
unrequited 3 0
allerschlechtesten 1 0
hearidas 1 0
itcat 2 0
anlangten 3 0
pringing 2 0
eradicated 8 0
etrarc 2 0
unthought 2 0
hartshorn 1 0
lobos 1 0
eradicates 1 0
parched 19 0
elche 39 0
aube 23 0
xtraordinary 8 0
coaxing 8 0
nickenden 1 0
sifter 6 0
halbfreier 1 0
elchs 1 0
artouche 1 0
ancreatic 1 0
auai 6 0
inchwife 3 0
pense 1 0
artolino 1 0
cloze 11 0
andschranke 1 0
eherrscherin 4 0
sifted 9 0
schuldigen 4 0
thenaeus 14 0
thenaeum 6 0
pensa 1 0
gorgeously 6 0
shut 274 0
venerated 6 0
einsmals 1 0
aucy 1 0
iadochi 1 0
niederen 1 0
wrapper 8 0
auco 1 0
niederer 1 0
cloud 186 0
chools 28 0
rebia 1 0
audi 1 0
detailing 2 0
sanctifying 4 0
aude 2 0
gewoelbeten 2 0
sseverations 1 0
shun 33 0
wrapped 67 0
ibola 14 0
shuk 1 0
rithmatic 1 0
rhombic 1 0
tendhal 7 0
lumenbeete 1 0
slates 43 0
temporarily 16 0
threst 1 0
aubo 1 0
gemauerte 1 0
aubn 1 0
paralyses 2 0
andpriester 2 0
etrano 2 0
ommitte 1 0
resurrection 13 0
auberschleiern 1 0
requited 8 0
clote 1 0
auch 2344 0
weathervanes 1 0
slated 1 0
abgoettischen 1 0
clotl 3 0
paralysed 17 0
onjuror 1 0
aetlichste 3 0
cloth 220 0
bedurften 2 0
terracing 1 0
ecina 1 0
definitioun 1 0
pistarenes 1 0
auer 126 0
aues 4 0
penoncel 1 0
aufn 1 0
geachteten 1 0
lobte 21 0
rimassen 1 0
aufm 1 0
clown 11 0
outros 1 0
thresh 2 0
aufe 22 0
clout 5 0
nnual 5 0
enshaw 3 0
enator 67 0
oligarchically 1 0
aggestans 1 0
ecils 5 0
auen 2 0
clove 3 0
gebueckt 3 0
mastiffs 1 0
arthenius 1 0
ecile 14 0
unbeschmutzt 1 0
affiliate 1 0
siftin 1 0
unrestrainedly 1 0
nschlags 3 0
projects 62 0
reaks 4 0
ivelihood 4 0
echer 20 0
flickering 20 0
echel 1 0
illett 13 0
echen 2 0
ueberkocht 1 0
echee 1 0
loath 8 0
loats 1 0
buzzard 5 0
mater 3 0
ratherer 1 0
mates 11 0
nigher 7 0
ensing 1 0
accurately 52 0
aufs 197 0
bawdes 1 0
fuereinander 2 0
augn 1 0
eldgueter 1 0
edieval 2 0
augh 7 0
setewall 2 0
teeter 1 0
auge 1 0
expound 17 0
achwelt 3 0
ension 2 0
ennsylvanian 3 0
illers 11 0
auptgebaeuden 1 0
nrechten 1 0
auptgebaeudes 1 0
discouraging 16 0
felicities 2 0
humanely 3 0
nternally 2 0
unststueck 7 0
nbrunst 6 0
illere 2 0
agacity 2 0
incorrect 14 0
rdentlichste 1 0
jobs 13 0
ojano 1 0
ppellations 1 0
arpason 1 0
vorsehend 1 0
tending 40 0
piling 9 0
heraussieht 1 0
alisto 1 0
ostwaerts 3 0
asieren 1 0
corresponds 20 0
leaping 29 0
reinstituted 1 0
aule 5 0
srael 19 0
auld 26 0
hervorgetan 1 0
echau 2 0
aula 3 0
broils 4 0
neusten 5 0
eugnissen 2 0
aisergueter 1 0
pward 1 0
disillusion 3 0
nshrined 1 0
rrichter 1 0
ault 36 0
defamation 3 0
apathetically 2 0
auls 4 0
etzte 12 0
aulo 1 0
auli 1 0
ntbloessung 1 0
champions 10 0
matin 1 0
ellchen 1 0
terling 17 0
intrag 3 0
schlechteste 1 0
reams 9 0
signd 11 0
rminians 5 0
aune 41 0
ntainted 1 0
rritation 1 0
auna 4 0
livenbaeumen 1 0
gleichfarbigen 1 0
signe 6 0
ebrigens 1 0
desisted 6 0
signs 163 0
auns 2 0
jogg 2 0
aunt 275 0
captured 46 0
ccidental 1 0
reals 2 0
aume 20 0
nonpaying 1 0
captures 2 0
verschenk 1 0
estonen 1 0
jeedgment 2 0
stalwart 14 0
oetterlehre 2 0
elays 1 0
aums 5 0
carolling 2 0
realm 45 0
reall 1 0
hervorstechende 2 0
lameur 1 0
aliska 1 0
arletons 1 0
pende 5 0
humanest 1 0
corned 1 0
odoriferous 2 0
ackrent 1 0
cogitare 1 0
particeps 1 0
reate 2 0
sick 309 0
sich 7418 0
joie 1 0
output 2 0
errour 4 0
corner 290 0
aupt 48 0
rease 1 0
cornes 2 0
ensity 1 0
torrential 3 0
elaxation 4 0
reast 14 0
join 188 0
itany 1 0
costume 75 0
reary 4 0
pened 3 0
ontinuance 18 0
zusammengetroedelt 1 0
epairs 3 0
aggressiveness 4 0
itans 1 0
descrying 1 0
sibi 5 0
autos 1 0
autou 1 0
plowmen 1 0
aedchengesichter 1 0
itane 1 0
vorueberzuziehen 1 0
sian 2 0
auftaten 2 0
epaire 1 0
rears 6 0
gefaehrdeten 1 0
lamest 1 0
rearm 1 0
sias 1 0
cogitate 1 0
pretenses 2 0
iskretion 1 0
raternize 1 0
aure 8 0
elate 4 0
sien 5 0
sieh 19 0
thinking 517 0
aura 21 0
itama 2 0
dissolve 31 0
prejudice 120 0
winglian 7 0
mitzugehen 4 0
begaben 9 0
auro 1 0
penal 16 0
composing 30 0
itals 1 0
ontmorencys 1 0
pence 48 0
side 1852 0
averley 3 0
counseling 1 0
reaps 1 0
eumont 2 0
joke 68 0
lawfulness 2 0
honouring 8 0
eumond 1 0
itala 1 0
schleppenden 2 0
truthfully 4 0
autre 1 0
unfits 2 0
auto 3 0
sigh 113 0
fruchten 1 0
lament 33 0
aute 8 0
errore 2 0
sign 225 0
haertsten 1 0
schelmische 1 0
sift 8 0
luederlichste 1 0
orzug 31 0
vespers 2 0
fruchtet 2 0
quarellkopien 1 0
enjoyd 3 0
joly 1 0
artiste 2 0
regenerebbe 1 0
ause 610 0
alstuchs 1 0
ustomer 6 0
ausa 1 0
joli 1 0
apitalfehler 1 0
acheret 1 0
aust 12 0
angewandte 1 0
auss 1 0
elass 1 0
lumenbueschel 1 0
jolt 5 0
errors 182 0
perturbing 2 0
preconcerted 3 0
reave 4 0
retrians 2 0
reorted 1 0
anotragus 2 0
auve 1 0
handicraft 4 0
lamely 1 0
enjoys 34 0
vorbeiziehen 2 0
aessigkeit 3 0
enjoyn 1 0
viable 1 0
apitolinischen 1 0
alitmore 1 0
pener 5 0
declines 9 0
umstrickt 1 0
auspicious 5 0
raternity 2 0
rauenzimmers 3 0
reaty 78 0
uthority 98 0
nsehen 51 0
loafing 2 0
saddlebags 1 0
rauenzimmern 5 0
illens 2 0
declined 82 0
lobby 7 0
orndorf 2 0
matto 1 0
esellschaft 423 0
howling 27 0
reath 18 0
reats 4 0
dunstreiche 1 0
implicated 5 0
matte 2 0
weiterlesen 1 0
losely 7 0
cunning 100 0
preamble 10 0
aulefd 1 0
elbow 49 0
ovelace 14 0
reread 2 0
sike 2 0
randishing 1 0
deterred 20 0
errlichkeiten 6 0
staerkt 1 0
chimpfen 1 0
composite 12 0
gedankenvoll 1 0
afelzeug 1 0
corpora 1 0
squeezing 8 0
espinstes 1 0
massy 8 0
mastiger 1 0
argillaceous 8 0
quivers 3 0
dherence 3 0
masts 17 0
echts 18 0
loaca 1 0
odzelwski 1 0
uzman 1 0
intruding 5 0
subdelegues 1 0
reopagus 1 0
riginalabguessen 1 0
ochzeitfest 1 0
geaeussert 3 0
ndeutung 4 0
referring 32 0
joss 3 0
artists 40 0
oellteufl 2 0
cactus 3 0
aturalisten 1 0
corniculere 1 0
ppoint 3 0
editorship 1 0
silk 184 0
foxhounds 1 0
sill 9 0
oeffne 4 0
edraengtheit 1 0
loads 29 0
silt 8 0
orsetshire 2 0
cloak 63 0
volkreichen 1 0
woolsack 4 0
fourth 205 0
enounce 1 0
erschleichen 2 0
wiefern 1 0
sion 7 0
gallusses 1 0
falschs 1 0
vorfinden 1 0
verderbe 1 0
kindlier 1 0
brushing 12 0
erschwoerung 4 0
horizontal 39 0
disrelish 1 0
implon 1 0
hustling 1 0
thawing 9 0
totknallte 1 0
sink 141 0
mpeachment 2 0
sint 3 0
heranklettern 1 0
entweihte 1 0
sins 105 0
cituation 10 0
falsche 23 0
sine 8 0
sind 1310 0
verderbt 6 0
bendbeleuchtung 1 0
opkobets 2 0
sing 223 0
angeschrieben 4 0
derkennst 1 0
erzwungnen 1 0
ammerdiener 5 0
curving 10 0
assessed 42 0
kindlich 3 0
istonian 1 0
echte 71 0
unzufriednen 1 0
virtus 1 0
infantry 38 0
interea 1 0
kimmst 5 0
goodsized 1 0
assesses 4 0
unzufriedner 1 0
bestritten 3 0
flapping 12 0
virtue 474 0
nighte 5 0
punching 4 0
strokes 36 0
preclude 9 0
disapprobation 23 0
blutige 4 0
jowl 5 0
sips 1 0
sipt 1 0
urning 36 0
pairing 4 0
stroked 14 0
nights 153 0
casional 3 0
ntgeisterung 1 0
alleyrand 2 0
aufzuruetteln 1 0
froehlichsten 1 0
getaeuschte 1 0
beichtet 1 0
ebirges 3 0
sist 2 0
mendmts 1 0
reach 586 0
ebirgen 10 0
approximations 1 0
jaehrliche 1 0
react 3 0
beichten 3 0
gendarmes 1 0
komponieren 6 0
aval 12 0
avan 1 0
luidum 1 0
unkelstein 108 0
oeffel 3 0
inipunxint 1 0
ustreisen 1 0
dissemination 1 0
einigermassen 65 0
sight 764 0
sighs 29 0
ratuity 4 0
spitzt 1 0
rockden 3 0
banked 6 0
enschens 1 0
joye 8 0
bruederlichen 1 0
sirs 3 0
wohlgetroffene 1 0
dachtest 1 0
keener 20 0
joyn 23 0
banker 29 0
okomata 5 0
joys 32 0
oslems 2 0
pinnrocken 1 0
orzueglich 3 0
oodess 1 0
urnips 1 0
sire 17 0
aturforscher 1 0
nstrument 24 0
obtainment 1 0
loams 1 0
complacency 18 0
disseminating 2 0
elber 2 0
urnish 1 0
loamy 2 0
underbare 3 0
distressed 59 0
complacence 3 0
gentlenesse 1 0
verreisen 5 0
tolled 3 0
usdruck 64 0
sits 71 0
anagement 21 0
hianus 1 0
sitt 1 0
loyalties 1 0
tollen 3 0
prominently 11 0
tolles 3 0
sitz 8 0
toller 3 0
oeffer 1 0
distresses 9 0
ungelenkes 1 0
balsamic 2 0
vorueberzogt 1 0
site 79 0
reisschrift 1 0
ensign 9 0
iligent 2 0
echne 1 0
wohlgeruestet 1 0
kindling 14 0
sith 2 0
grayish 4 0
remisses 1 0
geschildert 8 0
avez 2 0
avet 1 0
feierlichen 14 0
aves 36 0
disbelieving 2 0
feierliches 1 0
aver 7 0
feierlicher 2 0
lakonisch 3 0
mpositions 4 0
orthhampton 1 0
nntal 2 0
loant 2 0
veraenderlich 1 0
loans 15 0
uengern 6 0
wohlerleuchtet 1 0
aennchen 4 0
uengers 1 0
empress 6 0
sive 5 0
aven 37 0
interim 5 0
kraeftigste 1 0
aved 2 0
avec 3 0
arsenal 8 0
atlantick 1 0
zugesehen 3 0
auptallee 1 0
sociology 1 0
enjoin 10 0
rownings 1 0
illbeck 1 0
ladled 1 0
teilnehmende 5 0
epfelbaeume 1 0
mated 5 0
ready 687 0
chlossvogts 1 0
clutched 15 0
verstohlnen 3 0
sixt 3 0
match 108 0
reads 37 0
spitze 2 0
understan 4 0
eckoning 4 0
weiundzwanzig 1 0
clutches 3 0
isappears 2 0
ladles 1 0
reade 7 0
ausgeraete 5 0
hochmuetige 1 0
recline 2 0
seaport 7 0
discourage 61 0
engagieren 2 0
avit 1 0
martagons 1 0
delineations 1 0
siegelte 1 0
zudem 1 0
adele 1 0
avia 4 0
adeln 14 0
eringe 2 0
liebendes 1 0
liebender 1 0
liebendem 1 0
nastasius 3 0
liebenden 6 0
ertificates 5 0
adels 2 0
uelfsmittel 7 0
merlion 2 0
avis 8 0
erengaria 2 0
ergwasser 1 0
size 285 0
supposin 3 0
ersinnen 1 0
resumption 6 0
rejoice 68 0
auszuzahlen 1 0
avie 1 0
avid 327 0
sonnet 8 0
eisling 2 0
balanced 28 0
elect 54 0
haftete 1 0
balances 6 0
gebohnten 1 0
levying 25 0
disunited 6 0
herumsprang 1 0
multiplication 36 0
gnyawin 1 0
adens 1 0
etzter 1 0
etzten 2 0
scheren 2 0
luesterne 2 0
ghostial 1 0
untergetaucht 2 0
hodanthe 3 0
unlatching 1 0
inaccessible 22 0
slumberous 3 0
insanities 1 0
rauschend 1 0
edienung 6 0
pholsterer 1 0
tenses 3 0
orlacher 16 0
iopeithes 1 0
illebois 1 0
ascended 65 0
ntioch 5 0
ntzuecken 39 0
inflammable 10 0
onzilium 1 0
handbreadth 1 0
tensed 1 0
scurshuns 1 0
making 1150 0
ontmajour 3 0
supposes 48 0
reduc 6 0
wistfully 14 0
characterised 10 0
flossen 9 0
eonnet 1 0
tadtpfarrer 1 0
redte 1 0
supposed 770 0
adulterations 1 0
eichsarmee 1 0
redst 3 0
bemerkte 96 0
eckig 1 0
behaegliches 1 0
ystema 1 0
ridicul 1 0
anatomist 1 0
vorauszukosten 1 0
ohlnferdl 1 0
ddition 27 0
hitfield 4 0
nachlief 2 0
avow 33 0
aconus 1 0
avoy 31 0
ystems 7 0
artengefaess 3 0
avor 35 0
larence 4 0
traurig 39 0
avon 7 0
dreinzureden 1 0
rearrangement 1 0
enants 8 0
ausgesehen 7 0
irrelevant 8 0
avre 3 0
inktur 1 0
erinnr 2 0
juristisch 1 0
ommandments 5 0
avra 2 0
oaken 11 0
primacy 10 0
oakes 3 0
omischen 1 0
erfahrenen 2 0
gesetzet 1 0
manuscripts 53 0
egenstroeme 1 0
einnimmt 1 0
tudenten 2 0
reservation 34 0
billow 4 0
stantly 2 0
disciplinable 1 0
enlisting 6 0
eberfluss 3 0
arnevalszeit 1 0
tightens 1 0
eineckische 1 0
oikemaha 1 0
raechtiges 1 0
unterzukommen 6 0
raechtigen 1 0
choene 78 0
raeumender 2 0
oligno 4 0
ueffelherde 1 0
oligni 2 0
conserved 6 0
ecket 2 0
topknot 1 0
ecker 5 0
eckel 6 0
ecken 39 0
oligny 18 0
conserver 1 0
verbildet 2 0
conserves 1 0
ntzueckte 1 0
outwardly 11 0
ruhigsten 2 0
watermillion 10 0
eretofore 3 0
verbilden 1 0
myselve 1 0
olrain 1 0
slinking 4 0
alumnies 2 0
ueberspringendem 1 0
herschreiben 3 0
hinderances 3 0
perfected 16 0
secession 2 0
esertion 2 0
egengeschenks 1 0
zurueckgegeben 1 0
azogle 4 0
paupers 7 0
tightest 1 0
rneuung 1 0
ewaltsamkeit 1 0
schuerfte 1 0
ausschaust 2 0
feigneth 1 0
ntrieb 6 0
omanoffs 1 0
avum 1 0
tablissements 3 0
unwuerdig 10 0
olingbroke 14 0
divinister 1 0
fortbilde 1 0
tontines 3 0
umschauenden 1 0
anatomize 1 0
auptmarkt 2 0
distressful 2 0
anbrechende 1 0
richesse 3 0
olicies 1 0
ielfach 1 0
schwaermender 1 0
gnyawed 1 0
rcades 1 0
articularity 1 0
opening 207 0
schwaermenden 1 0
veruebt 1 0
zerrissenen 5 0
roping 4 0
pillow 52 0
aufgeschlagen 13 0
umpires 1 0
irstly 8 0
cordin 2 0
praemotionis 1 0
rcadia 13 0
eleva 1 0
herumtaumeln 1 0
lutstrom 2 0
nbequemlichkeit 12 0
hantieren 1 0
oliged 1 0
advises 5 0
adviser 17 0
aindemain 1 0
freudetrunkner 1 0
verletzte 2 0
complied 26 0
spected 1 0
otdurften 1 0
verborgensten 2 0
items 17 0
complies 3 0
thirty 539 0
cular 1 0
bankers 28 0
perfectly 534 0
dominates 5 0
ebruary 166 0
eitverderb 2 0
levation 3 0
natuerlichers 2 0
rownrigg 6 0
easings 2 0
ntistrophe 1 0
dollars 407 0
ratspiesse 2 0
eeresflaeche 1 0
ycladen 1 0
iderstande 1 0
yclades 3 0
ivining 2 0
warneth 1 0
hilders 1 0
oechste 8 0
wohlausgesonnenen 2 0
itels 1 0
hildern 2 0
ensnares 1 0
thirst 83 0
ieblingsarie 1 0
sugurata 1 0
belebten 8 0
ensnared 5 0
belebter 2 0
impian 1 0
phantasieren 2 0
sapience 10 0
verzoegert 2 0
belebtes 1 0
neidete 1 0
eleus 3 0
arrasio 1 0
vorsaetzlich 8 0
unskilfull 1 0
icious 7 0
pestilential 2 0
reden 158 0
reddy 3 0
sophisters 1 0
tenuous 10 0
husbaud 1 0
caustic 5 0
redde 4 0
orzellanerde 1 0
leichgueltige 1 0
dominated 7 0
spectin 3 0
exerceese 2 0
disjaskit 2 0
zerstueckelte 1 0
luices 1 0
kuehlenden 1 0
away 2497 0
ermanischen 1 0
orthography 5 0
awal 1 0
awak 2 0
specter 15 0
dogmatism 1 0
chiebkasten 1 0
epistolarum 1 0
befolgen 3 0
outnumbers 2 0
minnows 2 0
picketed 3 0
iciosa 2 0
rejoins 1 0
chwarten 1 0
mpossible 36 0
churchyard 22 0
gebuehret 1 0
ensnarin 1 0
nbruche 1 0
advised 69 0
aconde 1 0
bemerken 86 0
chlittenfahrt 1 0
redas 1 0
roisade 1 0
hreaten 1 0
alight 18 0
rogramme 1 0
doubtingly 1 0
surveyors 4 0
celebrities 1 0
redit 67 0
thirle 1 0
elena 8 0
primate 5 0
uquesne 3 0
elene 5 0
elend 19 0
disafforested 1 0
enancy 1 0
fabliau 1 0
elent 1 0
gebuehrte 2 0
owiemesser 2 0
bemerkst 1 0
primary 44 0
igginsworth 4 0
awes 1 0
cackle 4 0
ompositeur 1 0
herrlich 47 0
advisor 54 0
askwell 1 0
ajisty 1 0
dankten 3 0
gesetzte 1 0
characterises 6 0
inheriting 2 0
danktet 1 0
lateaus 2 0
sentinel 8 0
cargare 1 0
awdy 1 0
ommines 1 0
myselfe 4 0
enango 2 0
dominator 1 0
awen 1 0
ssaying 1 0
redet 21 0
awed 19 0
disclosures 3 0
unworthiest 1 0
aufging 5 0
geschworen 8 0
ixtures 3 0
ungratified 2 0
erjenige 6 0
inflexibly 1 0
heareth 4 0
eleit 5 0
unueberlegter 1 0
eleis 1 0
ysters 2 0
husband 541 0
acceeded 1 0
unueberlegtes 1 0
cordes 1 0
intoed 1 0
blasting 3 0
canonicity 1 0
eckon 5 0
ikkim 2 0
ntschliessung 13 0
betters 6 0
gekroenten 1 0
ystery 14 0
inscription 30 0
banana 5 0
obtain 299 0
adept 5 0
hndung 5 0
weicht 6 0
awfu 3 0
itwould 4 0
oktormantel 1 0
gluehender 2 0
gluehenden 15 0
weiche 6 0
gluehendem 1 0
hearest 2 0
itgefuehl 4 0
repairing 17 0
cohesion 6 0
appraisers 1 0
alternately 40 0
agliassen 1 0
compline 2 0
insulted 42 0
xpilly 1 0
annerism 1 0
rmstuhl 1 0
conversations 23 0
mpecinados 1 0
wegginge 1 0
elegy 4 0
tachment 1 0
achstehendes 2 0
schwere 13 0
hearers 36 0
mesmerically 1 0
aderl 2 0
oerbaenken 1 0
tobende 1 0
ordogne 1 0
progance 2 0
spizes 2 0
lakonische 1 0
enance 6 0
urfuersten 2 0
verletzen 6 0
awin 1 0
bliebst 1 0
corded 4 0
llgemeines 2 0
mutually 35 0
llgemeinen 5 0
wickelte 2 0
awls 4 0
eckendorf 1 0
immlische 2 0
vermaehlen 5 0
journeymen 21 0
uschauerin 1 0
errial 1 0
recon 2 0
ernuenftigen 2 0
ernuenftiges 1 0
accepting 54 0
ernuenftiger 1 0
mavis 2 0
verlauten 1 0
provinces 219 0
gestrickt 1 0
whoso 47 0
awjy 1 0
bewogen 10 0
ehrbrief 3 0
nterlande 1 0
whose 1774 0
awks 3 0
abbots 11 0
vegetated 2 0
awne 3 0
voruebergegangene 2 0
amoureux 2 0
olossus 1 0
spectre 12 0
anquet 2 0
reminisced 1 0
vvocato 1 0
impish 1 0
lasschraenken 1 0
oechten 7 0
awns 1 0
oechter 15 0
oechtet 2 0
thanein 1 0
addle 10 0
gesiegt 2 0
outrun 6 0
giantess 2 0
depositories 2 0
inflexible 23 0
schwellenden 1 0
ahndenden 4 0
ahndendem 1 0
obenhin 4 0
tenthe 3 0
ecundus 2 0
eelenwandlung 1 0
dialect 33 0
conceiving 12 0
added 607 0
eriode 2 0
fuerstlich 2 0
occasiond 6 0
adder 10 0
mazurkas 1 0
occasione 1 0
adden 1 0
lenipotentiary 4 0
zuversichtliche 1 0
boundaries 23 0
hoquen 1 0
bespake 1 0
meshes 2 0
repraesentieren 1 0
whoop 9 0
einfaellt 7 0
dentification 7 0
andelsverkehr 1 0
eriods 1 0
rojekten 1 0
occasions 324 0
skar 1 0
avourite 3 0
gesiebt 1 0
sked 2 0
dasein 2 0
whorl 7 0
inisterium 1 0
unterkommen 2 0
whore 2 0
durchflochtene 1 0
awry 4 0
dispendest 1 0
aktusarten 1 0
arrogant 20 0
erschrecklicher 1 0
boundaried 1 0
uckerware 1 0
vermaehlet 1 0
laenglich 2 0
onzilio 1 0
tenths 20 0
veranlassen 5 0
accusour 1 0
yolden 1 0
vestries 3 0
gaengelt 1 0
auptmasse 1 0
exhausted 136 0
elehrigkeit 2 0
herkoemmlicherweise 1 0
lternative 3 0
uebelgekleidete 1 0
wirklich 177 0
eaumarchais 10 0
zuckt 4 0
piscopius 1 0
espiesen 1 0
inadvertent 2 0
quintessence 2 0
downfal 1 0
inexpiable 1 0
angewaelzt 1 0
beistimmender 1 0
einschlummern 1 0
messages 31 0
transferability 1 0
skew 1 0
kopfueber 1 0
skia 1 0
aulwurf 1 0
skin 282 0
skim 7 0
skip 13 0
kizzchen 1 0
sichergehen 1 0
blutgen 1 0
ulieribus 1 0
complishment 1 0
meaton 2 0
recur 20 0
ienerin 3 0
cleped 7 0
ndifference 3 0
tented 1 0
intone 1 0
rstarren 1 0
assimilate 3 0
pilgrim 18 0
clepen 3 0
recte 3 0
authorizing 3 0
statutes 44 0
hochverehrten 1 0
ntipho 1 0
blieben 25 0
errier 17 0
sprung 72 0
erriet 2 0
erries 2 0
onstable 23 0
rickings 1 0
rocknet 1 0
bedlam 1 0
ausgebildet 11 0
curdling 2 0
nmassung 7 0
verwarnen 1 0
ivinity 8 0
ezaehmte 1 0
insinuate 17 0
felicitous 4 0
uebertraft 1 0
fouler 4 0
wundersames 1 0
egenstaende 110 0
eisterreiche 1 0
wundersamer 3 0
eldfrucht 1 0
wundersamen 5 0
einreissen 1 0
enscel 1 0
staccato 3 0
unterdrueckten 2 0
geringern 8 0
geringerm 1 0
ugendliebe 2 0
geringers 4 0
mpudence 8 0
adulation 8 0
plausibilitie 1 0
evangelist 3 0
elancholly 1 0
vampire 3 0
errick 5 0
scrutinizingly 1 0
geringere 2 0
justification 49 0
longboat 2 0
fouled 2 0
pachydermatous 1 0
fruehere 10 0
rachttore 1 0
celluloid 1 0
dismember 2 0
iogaphia 1 0
contrariety 11 0
fruehern 14 0
masculine 17 0
frueherm 1 0
impina 5 0
cockerels 2 0
eonore 1 0
auvre 1 0
lodge 33 0
farfetched 1 0
weiden 5 0
eutscher 11 0
meates 1 0
erapion 1 0
eufelei 1 0
weidet 1 0
solitaires 1 0
wohlbeleuchteten 1 0
digestible 4 0
unbekannt 38 0
loche 4 0
prophecies 17 0
agenbreiten 1 0
achslichtern 1 0
ractice 66 0
rasend 15 0
emnants 1 0
redlichsten 1 0
ntiope 1 0
ollandists 1 0
servilely 3 0
urbanity 3 0
ocellus 1 0
vermaehlte 3 0
nihilism 1 0
pillar 34 0
immelsstrichen 2 0
southwesterly 2 0
peony 4 0
beastes 20 0
outset 19 0
elancholie 6 0
schlechteren 1 0
zuruecksieht 1 0
olossen 2 0
mprudence 6 0
overturning 4 0
atronen 1 0
clucking 1 0
locis 1 0
billig 42 0
bursary 1 0
lampooning 1 0
organdy 1 0
overtaxed 1 0
ntrige 1 0
arbitrator 1 0
supports 33 0
vermaehlst 1 0
hervorgetreten 9 0
blizzard 2 0
dditional 5 0
oncordiae 1 0
renewal 32 0
inisterial 7 0
vorwaertsdringen 1 0
verderben 22 0
lochs 2 0
infallibly 30 0
definitely 26 0
pilled 4 0
rispissa 1 0
verfertigt 6 0
salvation 54 0
lockt 3 0
locks 48 0
allerseltensten 1 0
ddness 1 0
vortrefflicheres 1 0
maladies 21 0
hereinkommt 2 0
cogency 1 0
organge 1 0
weitlaeufige 4 0
infallible 50 0
muetterlicher 1 0
muetterliches 1 0
stipendiary 1 0
lobster 8 0
muetterlichen 5 0
ighway 3 0
beastie 2 0
eingemauert 4 0
greves 7 0
gospel 66 0
ntring 1 0
onnection 19 0
aphnis 11 0
locke 5 0
innigere 1 0
zuschaut 1 0
foully 7 0
resides 27 0
saengen 1 0
recal 2 0
weigelein 1 0
innigern 1 0
escurialartig 1 0
nutting 1 0
verwaists 1 0
icturesque 2 0
educed 3 0
elchisedek 1 0
organic 20 0
verschraenkte 1 0
unprovident 1 0
incredible 71 0
etztre 1 0
illdee 2 0
scabbard 4 0
mawnins 1 0
seedling 2 0
renewed 66 0
pedlar 1 0
incredibly 3 0
scherze 2 0
daguerreotypers 1 0
verkaeuflich 2 0
eutschen 20 0
eldom 4 0
scherzt 3 0
chocks 1 0
eldon 1 0
innesaenderung 2 0
resided 42 0
alledem 1 0
leucht 3 0
boatman 3 0
bounteous 5 0
grantest 1 0
abstatten 1 0
glowed 17 0
axes 78 0
whole 2994 0
axen 2 0
unbesonnene 1 0
glower 1 0
granteth 2 0
plasters 2 0
annotationem 1 0
ommenting 1 0
isfits 1 0
bestimmenden 1 0
furchtbare 3 0
veranlasste 6 0
aussondern 1 0
beastly 6 0
bestehende 2 0
nbeaten 5 0
constitute 64 0
akamoki 1 0
appellant 2 0
leonicus 4 0
dawneth 2 0
orhang 33 0
axed 4 0
udringlichen 1 0
reissigen 1 0
ashingtons 4 0
aphnen 1 0
eldin 5 0
litiga 1 0
postscript 8 0
reces 1 0
sprucy 1 0
ardanapalus 2 0
ischoefen 1 0
refulgent 5 0
counselled 9 0
spruce 8 0
dishpan 1 0
uzoor 1 0
embellishing 2 0
reckinridge 1 0
frockcoats 1 0
nurture 10 0
alledgd 1 0
alledge 1 0
cujus 1 0
ufsuchen 2 0
egging 2 0
upferstiche 1 0
angesteckt 7 0
sprengt 2 0
axis 9 0
recks 1 0
erovingians 2 0
boatmen 11 0
racthus 1 0
ablisten 1 0
parables 1 0
budding 5 0
herunterwallt 1 0
beerdiget 1 0
journeyman 18 0
epeated 2 0
recke 7 0
verhauchet 1 0
aturrecht 1 0
inhabits 8 0
raditionally 1 0
ettegesang 1 0
uskunft 12 0
battercakes 1 0
axin 3 0
hinrichi 1 0
axim 17 0
gauging 2 0
billes 1 0
pantheistic 4 0
billet 10 0
untouch 1 0
addon 1 0
abstruser 1 0
elden 102 0
orkings 2 0
unebenes 1 0
hamaerops 1 0
abstrusen 1 0
eldes 10 0
elder 88 0
erdaechtigsten 1 0
recis 1 0
cophagi 1 0
prescribed 52 0
billed 1 0
bahalten 1 0
edienter 6 0
axle 8 0
dampfte 3 0
ugenblickliche 1 0
edienten 34 0
uqust 1 0
prescribes 6 0
ebensmass 1 0
ypressen 6 0
eacemaker 1 0
recht 547 0
selfishness 25 0
command 368 0
sentries 2 0
inversions 2 0
liehend 1 0
passiiieren 1 0
canyons 38 0
refus 10 0
slag 3 0
politically 16 0
slab 18 0
stimation 3 0
amain 24 0
counsellor 13 0
ennsylvannia 1 0
ufficing 1 0
because 2345 0
dargetan 1 0
assigning 14 0
mayor 9 0
ngenannte 1 0
urypylus 2 0
uguesclin 2 0
osling 1 0
pennyworths 1 0
sensations 48 0
refte 1 0
occidere 2 0
bereichern 3 0
mulation 6 0
brusque 3 0
tessellation 1 0
achelor 8 0
issions 13 0
bereichert 3 0
hosphoraufloesung 1 0
elerium 1 0
aelteste 11 0
itterhaus 1 0
measur 3 0
piesschen 1 0
logau 1 0
bridled 3 0
auzen 1 0
eiligst 3 0
flavour 30 0
slay 69 0
uggestions 8 0
gentlemanlike 13 0
klaeglich 1 0
vorschlug 3 0
bridles 9 0
slam 11 0
louting 1 0
affenstillstande 1 0
amals 8 0
anzureizen 2 0
elgia 1 0
slat 3 0
slaw 8 0
axon 119 0
midshipman 2 0
slap 18 0
elerity 20 0
complainings 1 0
ikmet 1 0
republic 93 0
amado 10 0
inwardly 17 0
pringeth 1 0
slee 1 0
perdonate 1 0
sled 3 0
personates 1 0
jossa 1 0
overheated 8 0
chaining 1 0
childerung 10 0
personated 2 0
hinterlassenen 4 0
hinzurechnen 1 0
capping 1 0
mayst 29 0
nachgeschlichen 3 0
aliero 1 0
somniferum 1 0
oppeling 1 0
eitpunkte 1 0
beneficiary 1 0
pringern 2 0
vestry 5 0
uckungen 1 0
disgustfull 1 0
entfalle 1 0
erwuenschter 5 0
illuminati 1 0
vegetabilischer 1 0
verzagte 1 0
erwuenschten 7 0
outspread 9 0
stablishmt 1 0
perturbed 3 0
bewohnt 4 0
inconsistencies 17 0
muskavada 1 0
urmounteth 1 0
bewohne 1 0
amage 13 0
illuminate 4 0
adorning 4 0
enfranchised 1 0
isrepresentations 5 0
brauchbare 1 0
ocialism 28 0
ocialist 11 0
schattichte 2 0
manchfaltigen 4 0
residue 18 0
icherung 1 0
sles 9 0
corpion 1 0
angefesselt 1 0
slen 1 0
arsonage 16 0
slew 48 0
slid 30 0
oeniglichen 1 0
reinen 50 0
slim 13 0
cumin 1 0
reinem 6 0
marketable 4 0
reiner 20 0
ponderest 1 0
reines 9 0
gnadenlos 2 0
towered 9 0
bewandert 1 0
accumbered 1 0
ergleich 4 0
gitations 1 0
apellen 6 0
impfen 1 0
aliens 9 0
unblinking 1 0
weggehoben 1 0
permeating 3 0
abelaisian 1 0
zusammenzuhalten 2 0
axus 1 0
fterwards 22 0
barefooted 12 0
ngenuity 4 0
sichter 2 0
enstern 22 0
ensters 3 0
extensiveness 2 0
logis 1 0
login 106 0
pesky 3 0
potato 15 0
erippe 3 0
pictus 1 0
unimpassioned 2 0
potash 6 0
slit 30 0
concessions 39 0
slip 89 0
umherstanden 1 0
harmlose 1 0
dawning 10 0
logic 61 0
reined 6 0
rbetto 1 0
wingless 1 0
ointement 1 0
schmunzelnd 1 0
gemeinsamen 5 0
indigenous 8 0
netzfoermiger 1 0
intense 132 0
nachlassen 3 0
pittoresque 2 0
hergeholt 1 0
entfalte 1 0
chibouques 1 0
saubern 2 0
declensions 1 0
acedaemonian 2 0
ergebung 6 0
regal 10 0
opewell 1 0
sumere 1 0
autres 1 0
slop 2 0
ickerin 1 0
adger 1 0
unstbezeugungen 4 0
calcul 1 0
editations 3 0
cannonaded 1 0
adges 1 0
sloe 1 0
forceable 2 0
ainers 2 0
intents 8 0
fellowshiped 1 0
istorienmaler 1 0
achsfackel 1 0
dmitted 1 0
elasteecity 1 0
loswinden 2 0
motioning 3 0
uglier 1 0
verfehlt 10 0
intente 1 0
corbel 8 0
inflowing 1 0
refec 1 0
orathea 1 0
rotesque 1 0
incredibility 1 0
bilked 1 0
erthern 11 0
osarium 1 0
corpuscula 1 0
erthers 12 0
toedlich 4 0
perte 1 0
straffaelliger 1 0
lading 10 0
journeying 11 0
patches 30 0
ungekraenkt 1 0
amaze 1 0
vigourously 1 0
angefangener 1 0
maessiges 1 0
cherubs 2 0
maessiger 8 0
peeches 17 0
angefangenen 2 0
slow 224 0
maessigen 17 0
ertigkeiten 1 0
patched 9 0
maessigem 2 0
perty 1 0
silks 23 0
iertanze 1 0
silky 8 0
cloisters 8 0
soweit 7 0
embroiderer 1 0
maybe 50 0
perrt 1 0
ayas 1 0
ontinued 11 0
ragoedien 1 0
auzun 16 0
eereisen 1 0
aybe 38 0
mantrap 1 0
ommons 103 0
rackley 1 0
sills 3 0
isputiere 1 0
atfield 8 0
vestal 2 0
overeigns 2 0
taatsleute 1 0
cronching 1 0
silly 103 0
hevalier 8 0
andelsstaedte 1 0
eterminations 4 0
ayah 5 0
gnomes 3 0
perse 2 0
embroidered 32 0
entschlummern 1 0
gossip 35 0
zappelt 1 0
sorceresses 1 0
perry 3 0
zappeln 2 0
isdaining 2 0
slur 1 0
slum 1 0
calabash 4 0
erring 9 0
picure 1 0
refit 2 0
silex 3 0
refin 1 0
feoffed 1 0
uxemburg 1 0
schimpflich 2 0
erbsttagen 2 0
ompesson 5 0
erious 6 0
phonetics 1 0
glukupikros 1 0
olycrates 1 0
froherer 1 0
stroemten 3 0
cellulose 3 0
germinate 3 0
ebrissensis 1 0
ayez 2 0
esannen 1 0
ayer 2 0
nwandlung 1 0
statured 1 0
admittedly 1 0
ayes 6 0
vested 48 0
refft 1 0
eltsamsten 1 0
empfiehlst 1 0
ntithesen 1 0
aufschreit 1 0
nsubstantial 1 0
gnomic 1 0
algates 4 0
losgedacht 1 0
uengste 4 0
krausen 1 0
ayel 1 0
ranvelle 4 0
refer 77 0
remarch 1 0
aeterlinck 7 0
onquin 1 0
ntschuldigungen 1 0
achelet 1 0
verzagen 1 0
durchwischen 1 0
jiggled 1 0
hatred 156 0
dikotyledonisch 1 0
frying 10 0
hypnotized 1 0
loaned 10 0
ommode 1 0
raebern 5 0
verzerrten 1 0
guises 1 0
immergruenendem 1 0
lofts 7 0
brimful 3 0
etruchio 1 0
lofty 121 0
probed 1 0
amard 5 0
treifregen 1 0
auftraegt 2 0
ladies 401 0
stablishes 1 0
uebermaechtige 2 0
amask 2 0
enormously 6 0
trotters 2 0
ontributions 9 0
futile 27 0
oeconomical 1 0
umbill 1 0
undeserved 10 0
sowerd 1 0
onfucius 10 0
silts 1 0
gloating 2 0
lither 2 0
visibly 20 0
acknowledging 28 0
chlaeferin 2 0
orboten 4 0
amass 2 0
amast 1 0
schonende 1 0
dissatisfactory 1 0
uzrut 3 0
eloping 1 0
uktion 1 0
chaerfung 1 0
inbibed 1 0
indefatigably 2 0
ayin 1 0
indefatigable 19 0
augments 11 0
ornfields 1 0
ausgesprochenes 2 0
ausgesprochener 1 0
mizzen 1 0
chuften 1 0
spelled 5 0
hauseten 1 0
tomahawks 1 0
uckinghamshire 2 0
respektables 1 0
respektabler 1 0
blutete 4 0
gebrochen 11 0
ayle 9 0
onquer 1 0
ausgesprochenen 1 0
heatergesellschaft 2 0
visible 227 0
foolhardy 1 0
amang 2 0
hpaar 2 0
parabola 1 0
amant 2 0
reproaching 7 0
easilie 2 0
ontinual 1 0
amann 1 0
ayne 22 0
vorausgehenden 1 0
ogwood 1 0
ractere 1 0
stablished 23 0
prepense 2 0
occured 1 0
stimulus 9 0
regiment 72 0
approaches 49 0
regimens 1 0
tenpin 1 0
ungerechte 2 0
approached 143 0
beinandlassen 1 0
succumb 14 0
fussing 6 0
unfold 31 0
convicts 8 0
spellin 2 0
stidder 4 0
thirde 14 0
storming 5 0
einfanden 1 0
epaeck 6 0
assures 36 0
volleys 2 0
herauds 1 0
ennyson 5 0
mountam 1 0
erbauten 1 0
kochte 4 0
perch 35 0
grandchild 2 0
perea 1 0
essbare 1 0
schaff 5 0
ostilities 8 0
seneschals 1 0
thirds 36 0
sman 1 0
ayou 3 0
siebzehnten 1 0
ayor 23 0
perdu 2 0
atydid 1 0
verschiedensten 3 0
schaerfte 1 0
labourer 102 0
ayre 1 0
consequently 317 0
elfen 1 0
deranges 1 0
elfer 1 0
elfet 1 0
deranged 8 0
peras 3 0
echery 1 0
arements 1 0
echers 2 0
ventrilocution 1 0
nbesonnenheit 3 0
acknowledgments 12 0
echern 3 0
schade 8 0
stravaguin 3 0
einladet 1 0
mounted 139 0
stormily 2 0
einladen 6 0
essential 230 0
ayti 1 0
lateinische 3 0
hebend 1 0
aeumchens 1 0
bristling 13 0
rophee 2 0
aschengeldes 1 0
fighters 7 0
warning 111 0
abgelegt 5 0
robabilism 7 0
robabilist 1 0
ayst 1 0
laboured 49 0
dominatur 1 0
besprent 1 0
bility 17 0
rophet 23 0
ightly 4 0
heaterdichter 1 0
robability 12 0
ueberfuellt 3 0
illani 1 0
smif 2 0
blutend 2 0
ispiteous 1 0
smil 1 0
risoners 30 0
prolegomena 1 0
ichthofen 2 0
misadvise 2 0
slayth 1 0
oenntest 4 0
atterwuds 3 0
bekraeftigte 1 0
pictae 1 0
ersuchte 14 0
alehouses 1 0
attended 265 0
sultriness 1 0
reawakening 1 0
aldstroms 1 0
cully 1 0
illany 2 0
achahmung 24 0
ewoehnliche 1 0
triumphiert 2 0
ybarite 1 0
aldstrome 1 0
ecler 1 0
losengier 1 0
etschwuth 3 0
enveloping 4 0
bekleidenden 1 0
bekraeftigen 3 0
ibres 1 0
aufgefressen 2 0
capacious 15 0
vessel 99 0
ersucher 1 0
uebersetzungen 1 0
roclaims 1 0
einbecher 1 0
tyauve 2 0
corals 2 0
ersuchen 8 0
noffin 4 0
perma 1 0
spousals 1 0
zuend 1 0
smit 5 0
eologisches 1 0
iodorus 15 0
absinth 2 0
entenzen 3 0
ivieres 1 0
utensils 29 0
ystifikationen 2 0
jibboonwallah 2 0
rascal 36 0
schwieg 34 0
eklatante 1 0
founde 2 0
admonish 6 0
antoffeln 8 0
vaunted 1 0
reeze 3 0
richtigsten 2 0
enkmale 6 0
delegate 13 0
founds 2 0
nlandens 1 0
vaunter 8 0
iocletian 1 0
peril 72 0
folgende 12 0
vollero 2 0
vollern 1 0
aatfruechte 1 0
loffe 1 0
chober 1 0
complete 514 0
scheute 11 0
founda 1 0
deutlicher 18 0
fertilising 2 0
deutlichen 6 0
perpe 1 0
ictionary 12 0
ingeengten 1 0
kencho 1 0
berechnen 5 0
ohnsitze 1 0
allgemeinen 65 0
allgemeinem 1 0
meared 1 0
soopless 2 0
allgemeiner 10 0
peror 1 0
signalled 2 0
allgemeines 11 0
isenstein 1 0
raffled 1 0
illain 13 0
berechnet 3 0
egligence 6 0
ehearsing 1 0
ornmeal 1 0
schaerfer 2 0
schaerfen 3 0
durchschien 1 0
eingelegte 3 0
displace 5 0
inksum 1 0
hervorblickend 2 0
weidete 1 0
revolutionise 1 0
sympathy 221 0
versiegter 1 0
vierhundertfuenfundachtzig 1 0
illage 13 0
gnomai 1 0
revolutionist 1 0
auferlegen 1 0
rasche 6 0
remarkd 1 0
betting 5 0
bischoeflichen 3 0
ainful 3 0
chluchten 4 0
erwuenschung 1 0
nhappiness 7 0
eclat 4 0
remarks 157 0
reece 157 0
bendbrote 1 0
outhcote 2 0
reech 1 0
azar 1 0
egalopolis 1 0
achskluempchen 1 0
fretfully 5 0
azan 4 0
glimmerings 1 0
eburts 1 0
nschauens 2 0
pillared 1 0
raschi 1 0
nterschrift 1 0
iacinthus 1 0
geheimnisvollsten 1 0
opponents 118 0
gezaudert 3 0
eldsorte 1 0
azad 2 0
ladleful 1 0
ntique 1 0
zutraglich 1 0
chlusse 6 0
weggegangen 4 0
scythe 17 0
schaun 7 0
cabaret 1 0
seniors 4 0
schaut 14 0
smut 6 0
fresher 8 0
durchrennend 1 0
freshet 4 0
abolitionists 20 0
rriving 5 0
smug 1 0
boshaft 4 0
freshen 2 0
daunted 7 0
zukuenftiger 1 0
abnegation 2 0
betenden 1 0
zukuenftigen 3 0
etramples 1 0
hervorzulocken 2 0
outrance 1 0
oeflinge 1 0
schaue 2 0
itaten 1 0
zitiert 1 0
heraust 2 0
unwillkuerlichen 2 0
sorghum 1 0
rashear 1 0
weifel 66 0
esseltuch 3 0
werggesellschaft 1 0
powdering 6 0
utmuetigkeit 8 0
azes 1 0
verstuemmelte 1 0
hakespearische 1 0
awareness 3 0
ruehrendes 4 0
ruehrender 3 0
versprich 1 0
ruehrenden 8 0
unwillkuerliches 1 0
diaconis 1 0
paeher 2 0
reefs 4 0
rdichtung 1 0
llatakoora 1 0
siked 4 0
reiferen 1 0
ordofan 18 0
parloir 1 0
rieselten 1 0
omnipresent 4 0
anzler 1 0
superficially 3 0
sikes 2 0
resolutions 42 0
alshach 1 0
anzlei 2 0
freshit 1 0
reedy 7 0
birdlime 2 0
reeds 39 0
rfreuliches 4 0
tahlkabel 1 0
rfreulichen 1 0
scharf 23 0
astardly 1 0
slayer 3 0
ollkommenheiten 7 0
pulsation 2 0
acombe 3 0
aliffe 1 0
ffairs 206 0
befleissigen 1 0
disconsolately 1 0
corage 20 0
angesiedelt 1 0
ammler 3 0
loest 10 0
loess 2 0
azit 1 0
excavations 11 0
displays 65 0
zirkelrunde 1 0
egweiser 1 0
reeks 101 0
ingmauer 1 0
alifax 25 0
loete 10 0
triking 1 0
mbattell 2 0
reeke 2 0
asleep 189 0
ablaufen 4 0
displayd 1 0
proach 1 0
wellbrink 1 0
aestchen 8 0
makers 36 0
icherste 1 0
smartest 3 0
einsteigend 1 0
contrite 3 0
freshly 23 0
stovepipe 3 0
scheues 1 0
anatomies 1 0
scheuen 9 0
parlour 50 0
resourceful 3 0
irruption 4 0
stomachs 4 0
founts 1 0
sikra 1 0
picter 3 0
benachrichtigt 3 0
isiting 3 0
schami 1 0
makest 7 0
cachet 1 0
illars 5 0
mending 28 0
apperceivings 1 0
outure 1 0
schams 1 0
capacity 137 0
inescapable 1 0
eingeladener 1 0
hilotherus 1 0
illard 3 0
aensestall 1 0
contrivd 1 0
aaaffen 1 0
schale 2 0
launichte 1 0
zugesetzt 3 0
maketh 49 0
ffinity 2 0
contrive 32 0
ueberliesse 2 0
emaciated 8 0
schalt 15 0
unbinden 1 0
efehlshaber 1 0
oakum 4 0
unimaginative 6 0
dashed 75 0
inwrapt 1 0
rlegung 1 0
utnams 1 0
grinning 19 0
hervorsteigt 1 0
dasher 2 0
erpetual 6 0
otomayor 1 0
parodierte 1 0
culty 1 0
parlors 6 0
diaconal 1 0
erudition 5 0
reens 1 0
unforseen 1 0
adarene 1 0
maxim 60 0
uretes 2 0
kzents 1 0
nachwaehrte 1 0
grammatically 1 0
demoralized 1 0
intenan 1 0
eschauung 8 0
ohnehin 21 0
undisguisedly 1 0
maladministration 2 0
flopping 2 0
bewohnten 4 0
intruders 5 0
aufstuetzt 1 0
iraffes 3 0
leanliness 3 0
reene 10 0
beschliessen 3 0
verhaetschelt 1 0
epiphausei 1 0
intends 35 0
ubertsburg 1 0
tranquilizing 2 0
derlebn 2 0
verfuehrische 2 0
schamhaft 1 0
derlebt 1 0
igestalt 1 0
igennuetzigkeit 1 0
snaw 10 0
heresies 3 0
ruddock 1 0
rediction 3 0
reely 3 0
eldkasten 1 0
ongevity 1 0
reels 2 0
dashes 11 0
azoo 1 0
dignitatem 1 0
orhandene 1 0
assured 322 0
egenzeit 2 0
eislich 1 0
potage 1 0
snap 16 0
versinkenden 1 0
exultingly 6 0
alilee 3 0
pervades 7 0
ermehrt 1 0
newsboy 1 0
alileo 21 0
furtively 5 0
trassenraeuber 1 0
elina 124 0
caspischen 1 0
estrenger 1 0
estuaries 1 0
kidnap 2 0
racking 3 0
alilei 4 0
elini 1 0
adith 2 0
almanacs 1 0
xcommunication 1 0
choing 2 0
neugieriger 1 0
anwandelnden 1 0
almanack 2 0
neugierigen 3 0
misslingen 3 0
snarls 2 0
smallpox 9 0
ities 18 0
uiverfuls 5 0
joust 2 0
dreckly 1 0
asparagus 4 0
eucht 2 0
primers 1 0
ecord 19 0
genervt 1 0
obedient 75 0
glossy 20 0
arbitrii 2 0
alleged 51 0
schwamm 8 0
bezauberter 1 0
bezaubertes 1 0
bezauberten 11 0
schwand 1 0
anschwillt 1 0
elila 1 0
schwang 2 0
alleges 2 0
allienus 2 0
behandeltest 1 0
deckbeams 1 0
revolutionising 4 0
segelten 1 0
verreissen 1 0
rasher 2 0
ornwallis 5 0
rashes 1 0
umschattet 1 0
occuper 1 0
irremachte 1 0
rotherhead 1 0
gemalte 3 0
timmchen 1 0
unfurl 2 0
apitels 3 0
stiess 20 0
arsetti 1 0
edraengnisse 1 0
fioriscono 1 0
verspart 2 0
apiteln 1 0
pandering 2 0
skipping 7 0
conversation 403 0
monarchy 79 0
monarchs 10 0
orheit 16 0
econs 4 0
galoppieren 1 0
schwirrten 1 0
external 131 0
counterpleaded 1 0
itian 2 0
unststueckchen 4 0
creatura 1 0
econd 97 0
creature 314 0
irresolution 7 0
orbonne 31 0
withholding 13 0
elige 1 0
bluehenden 10 0
proterois 1 0
deploys 1 0
creaturs 1 0
bluehender 1 0
determin 12 0
raffick 1 0
eitkuerzungen 1 0
outfits 1 0
heophrast 5 0
avasour 1 0
eucas 1 0
randung 3 0
olterra 2 0
casteth 5 0
schwarz 18 0
nterdruecker 2 0
ascrib 2 0
ingeling 1 0
efective 1 0
pervaded 28 0
bewundre 1 0
auszuheben 2 0
imbribus 1 0
uteoli 1 0
elief 37 0
ikoer 1 0
throate 1 0
azzi 1 0
throats 23 0
vorgeschwebt 1 0
cheeping 1 0
reich 53 0
bedeute 6 0
throaty 2 0
eliev 1 0
erlaben 1 0
ongressional 4 0
nachgaehnte 1 0
organische 1 0
treuherzig 5 0
reibt 4 0
nraged 2 0
oscar 1 0
proceed 278 0
urvature 1 0
acorns 5 0
attenwerks 1 0
aussuchten 1 0
academies 4 0
lapwing 2 0
siehest 6 0
vindicable 1 0
assumed 140 0
oscan 2 0
weggeschmissen 1 0
assumes 24 0
plumage 13 0
rashly 13 0
elice 2 0
vulgarity 20 0
farforthly 3 0
irregular 93 0
haeuften 2 0
elics 3 0
ecome 3 0
adverting 1 0
escends 1 0
ading 1 0
choirs 2 0
uerbisse 1 0
arbeiteten 4 0
ishclout 2 0
achtgibst 1 0
ouceur 1 0
chwoger 20 0
reitage 1 0
ukkurs 1 0
elgians 1 0
ruehrst 2 0
onnenduft 1 0
ebruell 2 0
reign 196 0
iolinist 1 0
elial 3 0
overloaded 1 0
tuberosa 1 0
rdbebens 1 0
ruehrte 18 0
kidney 1 0
reift 6 0
akeers 2 0
elias 1 0
vulgarise 2 0
mineral 17 0
volubly 1 0
vulgarism 1 0
lendwerken 1 0
schenke 2 0
reife 1 0
uhlberg 2 0
mahogany 13 0
shabbiness 2 0
eucalion 2 0
eislein 1 0
voluble 5 0
beuferten 1 0
kettles 5 0
loins 13 0
schenkt 7 0
lessandro 1 0
admonishes 3 0
reier 4 0
snow 242 0
sichrer 7 0
ubicon 2 0
erfaehrt 12 0
admonished 5 0
inzelheiten 2 0
ulberry 1 0
agebuch 7 0
reien 12 0
despise 97 0
despisd 3 0
verlornen 7 0
primere 1 0
ealencycl 1 0
baldigen 2 0
ehltritts 1 0
verlornes 1 0
cypher 1 0
intended 588 0
retaliated 6 0
reeland 41 0
incantation 1 0
reide 6 0
begriff 8 0
academics 1 0
jaundice 2 0
procur 8 0
despite 110 0
zweckmaessiger 1 0
eingetunkt 1 0
entralisation 2 0
bloodroot 1 0
viands 7 0
wechselnden 2 0
sinne 9 0
oants 1 0
password 56 0
befehle 1 0
snug 15 0
sinnt 2 0
deliverers 3 0
snub 5 0
sapphire 5 0
displayed 145 0
fowling 4 0
befehlt 3 0
allegro 2 0
erleuchtete 11 0
classing 1 0
convalescent 2 0
libris 1 0
durchgezeichnet 1 0
elaval 1 0
drivable 1 0
unpinned 1 0
odbett 1 0
rkenntnispunkt 1 0
gittin 50 0
panels 17 0
rawhided 1 0
openest 1 0
paziergange 11 0
umstaendlich 28 0
rrenden 2 0
ambrosischen 3 0
chicklichkeit 1 0
gefastet 1 0
olterer 8 0
galoppierte 4 0
clairvoyant 10 0
esmond 1 0
riginalitaet 4 0
delivereth 6 0
verlangten 10 0
dislodged 4 0
ockenperuecken 1 0
deafened 3 0
tollgewordenen 1 0
verstellter 4 0
beginnt 11 0
erkriechst 1 0
beginne 4 0
prosperous 65 0
wegsprang 1 0
traddle 1 0
calico 28 0
onstrous 2 0
rcheveche 3 0
continuo 1 0
friendship 238 0
rightfully 8 0
anudder 9 0
ongodlies 1 0
geschmackvoll 6 0
schwach 34 0
lattraender 1 0
nducements 2 0
resignd 3 0
continue 389 0
vacate 4 0
ausersehn 1 0
ompadours 1 0
cautiously 29 0
orgensonne 8 0
loysius 1 0
quivered 33 0
auchbesen 1 0
favoritism 1 0
guilty 263 0
guilts 7 0
birdies 6 0
ziemliche 8 0
compleat 23 0
aussprechen 9 0
sinkt 9 0
sinks 44 0
zugut 1 0
ruehrig 3 0
gitten 1 0
experiensque 1 0
gitter 1 0
ottheit 18 0
agriculture 149 0
aedobaptists 1 0
auptmanns 7 0
gebraten 2 0
herausgesetzt 1 0
abgeschnurrt 1 0
iscountenanced 2 0
ubjects 112 0
rotation 4 0
generic 2 0
visand 1 0
uerdigen 1 0
kombiniert 2 0
jouit 1 0
uerdiger 1 0
stalagmites 1 0
abbitten 2 0
eppichwirken 1 0
solstitial 1 0
asserfarbenmalerei 1 0
pronunciations 1 0
unquestionably 20 0
snares 17 0
estoration 27 0
verkleideten 4 0
chalkheit 3 0
abzeichne 1 0
snared 1 0
wohlfeiler 3 0
verschobenen 1 0
riangel 2 0
victoriously 1 0
baldigst 1 0
tantalizing 5 0
wohlfeilen 1 0
mischiefs 9 0
subscribers 17 0
iting 1 0
theoretic 1 0
implants 2 0
bonmots 1 0
chattenriss 2 0
outrageously 3 0
unquestionable 16 0
unfounded 9 0
ffizzi 1 0
gesuender 1 0
emahlin 22 0
judg 9 0
rwaegung 1 0
jugs 4 0
riveted 21 0
elita 1 0
elite 6 0
juga 1 0
ruehret 1 0
allodial 1 0
ruehren 25 0
timepiece 1 0
elito 1 0
instalments 2 0
polygonum 1 0
infolded 1 0
allischen 2 0
classics 45 0
scouting 2 0
aitaikushi 1 0
disgracd 3 0
disgrace 125 0
quiverings 1 0
lussartige 1 0
choice 256 0
brimmed 8 0
visage 51 0
appointment 151 0
gelten 42 0
eingaerten 2 0
herumtaendelte 1 0
sobs 22 0
feasible 10 0
bekannte 25 0
exorcise 2 0
thwarted 14 0
soak 16 0
elish 2 0
exorcism 2 0
ondoliere 1 0
soar 11 0
whoofed 1 0
besprochen 4 0
enmeshed 1 0
osarges 4 0
arbitrarily 9 0
soap 37 0
elion 1 0
classify 6 0
riangle 2 0
tragisch 3 0
sody 1 0
ladiator 1 0
kstase 4 0
elios 2 0
rocking 26 0
eliou 1 0
fennig 2 0
banking 42 0
laendlichen 3 0
general 1722 0
ammerdieners 1 0
kochen 4 0
irchtuere 1 0
meandering 5 0
chalices 1 0
sods 3 0
process 223 0
feverous 2 0
revolations 1 0
spaete 7 0
obtrusive 1 0
zusammenschreiben 1 0
koenigaehnliche 1 0
soda 19 0
sock 4 0
sinus 1 0
reeches 5 0
unfaehige 2 0
impels 2 0
unforeseen 23 0
mitspielen 2 0
auftragen 2 0
ekoech 1 0
primaries 4 0
ausruhte 2 0
dishonoured 5 0
euben 9 0
jump 77 0
scrubby 5 0
soft 339 0
schwenken 3 0
sofa 99 0
oliman 7 0
warres 2 0
amble 15 0
soff 1 0
unintentionally 9 0
warren 1 0
annerets 1 0
eggehn 1 0
goslin 1 0
trying 311 0
impell 3 0
unruhige 7 0
gwinter 1 0
undefuehren 1 0
anzuerkennen 6 0
soil 342 0
kuemmerlich 11 0
uckingham 41 0
mantles 7 0
alabaster 8 0
ontingences 2 0
fathoms 5 0
osary 3 0
bewaehrten 2 0
hearing 233 0
regum 1 0
ufheiterung 2 0
feigned 27 0
buxomness 1 0
uiana 1 0
overshadowing 5 0
emotional 11 0
unvermuteter 1 0
chluchzen 1 0
unvermuteten 3 0
regte 7 0
waehlend 1 0
counselors 1 0
ithar 1 0
jung 33 0
oeschung 8 0
adhuc 2 0
sogn 1 0
asterisks 3 0
auberlaterne 2 0
junk 17 0
imbecility 10 0
junr 1 0
ruehlingsvegetation 1 0
guilds 5 0
apathetic 10 0
edlere 4 0
impregnably 1 0
covetousness 15 0
oango 1 0
rnaud 4 0
jure 7 0
begreife 9 0
chambermaids 1 0
edlern 3 0
trotteth 1 0
guiler 1 0
impregnable 14 0
urviance 7 0
mantled 4 0
begreift 15 0
aufgehn 2 0
harides 1 0
oolsack 1 0
warran 2 0
aufgeht 6 0
ranquility 6 0
granting 49 0
enimore 7 0
soldierlike 1 0
jupe 1 0
oanie 32 0
llgewaltigen 1 0
aufgehe 1 0
mungoose 1 0
oaner 3 0
some 8356 0
vorgeschrieben 6 0
besudelt 5 0
gelandeten 1 0
samurai 9 0
primarily 10 0
armouth 1 0
seligpreisen 1 0
accretion 1 0
petit 3 0
solv 1 0
meistens 24 0
osawa 1 0
anpries 2 0
auszutreiben 1 0
soly 1 0
interseite 1 0
just 2465 0
warray 4 0
sole 188 0
schriftlichen 2 0
sold 291 0
jury 38 0
thomistich 1 0
iegsamkeit 2 0
sola 4 0
moralises 1 0
soll 576 0
solo 7 0
eternally 27 0
soli 2 0
impend 1 0
quaestus 1 0
armoury 2 0
eggens 2 0
moralised 1 0
ergoetzten 7 0
einpraeget 1 0
hereinbrechen 1 0
bewegtesten 1 0
einpraegen 3 0
omeranzenbaeumen 1 0
nimosity 3 0
absprach 1 0
sines 2 0
unonen 2 0
sooo 1 0
cockades 2 0
lohim 1 0
rogues 11 0
soon 2038 0
sinew 14 0
soom 1 0
sons 131 0
sont 10 0
ransformation 2 0
demolition 2 0
displacement 5 0
fieberhafter 1 0
song 233 0
auffmann 1 0
heartless 20 0
sinfu 2 0
haridas 2 0
sone 7 0
portmanteau 4 0
sond 7 0
sono 1 0
sonn 3 0
classified 5 0
elinquent 1 0
distinctly 140 0
vacant 76 0
ibrations 3 0
returnable 3 0
singe 13 0
toupee 1 0
forelegs 1 0
ahlungs 1 0
impede 9 0
juts 1 0
manurance 1 0
ladend 1 0
meditandum 1 0
machinery 109 0
moralisch 8 0
singt 27 0
summed 15 0
sings 15 0
gloria 1 0
ventricle 4 0
summen 1 0
elham 4 0
relanded 2 0
glorie 1 0
summer 430 0
ambeh 1 0
banded 3 0
summes 2 0
mprudencies 1 0
erordnungen 5 0
amben 2 0
ausdrueckt 2 0
heraufgebracht 1 0
incidents 63 0
ucrates 3 0
ausdruecke 2 0
nourish 12 0
unangenehm 14 0
unstsachen 2 0
resigns 4 0
chaster 1 0
ahamas 1 0
amber 10 0
ambes 3 0
pandar 2 0
soot 7 0
overmaster 2 0
succour 18 0
fechten 6 0
bishops 271 0
ueberliefrung 1 0
vornehmlich 3 0
accredited 6 0
erkwuerdiges 3 0
dieting 1 0
aufzuzeichnen 2 0
herumzustimmen 1 0
unvollkommenen 2 0
groeber 2 0
cunha 1 0
unvollkommenes 1 0
unvollkommener 1 0
bservations 35 0
durchzutreiben 1 0
trecken 2 0
pilots 4 0
einunddreissig 2 0
sorg 1 0
sors 1 0
sustineam 1 0
definitive 7 0
verfuehrerisches 2 0
sort 936 0
snowshoes 2 0
verfuehrerischen 2 0
ickwick 1 0
undankbare 1 0
eggett 1 0
eugriechenland 1 0
sore 146 0
petty 75 0
since 1776 0
soun 36 0
succory 1 0
soup 19 0
coiner 1 0
ontagion 5 0
outwit 6 0
gewandte 3 0
oanna 3 0
soul 1018 0
souk 1 0
quantum 1 0
petre 3 0
sour 26 0
coined 33 0
schenhaufen 1 0
vergeudet 1 0
sous 9 0
teenhoven 1 0
cherzes 1 0
cherzen 7 0
unmutig 5 0
oanne 9 0
succors 1 0
probra 1 0
cockleshell 1 0
umlauts 1 0
ochverrat 2 0
soth 1 0
demoralised 2 0
chastis 1 0
discredit 40 0
sots 1 0
runkene 1 0
sote 1 0
glosed 1 0
sowr 1 0
lecken 4 0
sowl 3 0
andgeistlichen 7 0
sown 22 0
nkommenden 6 0
logos 1 0
sows 3 0
viereckiges 1 0
boathouse 1 0
hymeneals 2 0
ublication 9 0
gammon 1 0
hibelline 1 0
raetension 3 0
zugelassen 1 0
glosen 1 0
particles 90 0
particler 1 0
viereckigen 3 0
genesen 3 0
pontaneous 1 0
sowe 5 0
beiwohnend 1 0
ummaries 1 0
krauten 1 0
reger 1 0
reget 1 0
repents 1 0
stattgeben 1 0
clung 45 0
stiffy 1 0
achsbach 1 0
pests 3 0
favoring 6 0
regen 6 0
adien 1 0
mitspielte 1 0
adies 60 0
dogmas 12 0
signalizd 1 0
adieu 21 0
signalize 1 0
ahrenden 1 0
wickenham 2 0
gaetliche 1 0
convoking 2 0
uicide 9 0
bezahlt 24 0
langgewuenschter 1 0
clump 18 0
eglected 1 0
herunterziehen 1 0
menschenleer 1 0
peninsula 6 0
simon 1 0
ediface 1 0
huimanu 1 0
runkards 1 0
heitersten 6 0
osaic 3 0
eftsoons 1 0
osaik 1 0
preponderating 2 0
genesis 1 0
ringeth 1 0
ountertail 1 0
gefasset 2 0
profundity 2 0
oodles 1 0
interlassenschaft 1 0
mazed 7 0
sufferings 70 0
eiligen 43 0
eperotetheis 1 0
eiligem 1 0
steedes 7 0
aufzutreten 4 0
nfair 1 0
unterste 4 0
ueberallhin 2 0
blancmange 1 0
eiliger 14 0
ligature 9 0
osais 1 0
campaign 157 0
mazes 3 0
systematically 18 0
heiterster 1 0
uleiman 18 0
einpraegte 2 0
ithou 1 0
conflict 124 0
simil 1 0
wegreissen 1 0
ithon 1 0
ommoners 2 0
aelterer 9 0
traders 70 0
hellebore 1 0
aelteren 10 0
derivative 5 0
nachfahrenden 1 0
scrutinizing 7 0
regio 1 0
nfall 21 0
ertrunken 3 0
rizona 61 0
regia 3 0
definition 63 0
fieberhaften 3 0
meanness 66 0
accustom 11 0
auseinanderschnitt 1 0
lutsturz 2 0
bandit 2 0
slumbers 17 0
issheiraten 3 0
gesenkten 1 0
phantasmal 1 0
externos 1 0
regor 1 0
regon 10 0
orfdekoration 1 0
tephenson 1 0
moralists 12 0
nfant 9 0
weiterhoeren 1 0
nfans 1 0
leagued 15 0
modernen 4 0
draining 11 0
dasass 1 0
proces 1 0
nfang 57 0
deplore 7 0
leagues 23 0
xekutionen 3 0
nfamy 4 0
simul 1 0
urthens 4 0
fascination 27 0
simus 1 0
cluck 2 0
itself 1544 0
regna 1 0
untertan 1 0
rstaunlichen 1 0
regni 1 0
nfame 1 0
favorite 66 0
regne 22 0
eingekommen 1 0
civilized 81 0
stephanos 3 0
ocieties 10 0
anstaendigste 5 0
ossideone 1 0
mboise 22 0
ambur 1 0
mutandis 2 0
nanimity 2 0
ittenlehre 6 0
spat 12 0
grimaces 6 0
ommonalty 1 0
fascinating 37 0
rattling 17 0
bewailed 9 0
onjuich 8 0
unfreundliche 2 0
hristophers 1 0
nathonen 1 0
spak 8 0
regle 1 0
poking 3 0
spar 15 0
clues 5 0
ithin 104 0
span 11 0
countefit 1 0
brocht 3 0
sped 27 0
spec 10 0
capriciously 4 0
houseled 2 0
ntwerpen 2 0
zurueckgelassen 12 0
arrange 65 0
bezahle 1 0
ntwerper 2 0
reigebiger 2 0
assessing 1 0
egegnete 1 0
vorzuseufzen 1 0
mitzugeben 2 0
exactions 6 0
egenstandes 7 0
echtschaffenheit 3 0
dessenungeachtet 2 0
published 308 0
antzick 1 0
umschwaermten 1 0
escendants 6 0
publishes 2 0
publisher 16 0
edankenlos 1 0
visiage 1 0
omische 2 0
repente 3 0
petal 2 0
herumtrieb 1 0
mescal 4 0
clubs 20 0
utward 3 0
leckte 1 0
zurueckwarf 2 0
respiting 1 0
bespruehten 1 0
genteely 3 0
thirsted 6 0
baumlose 1 0
fetisly 6 0
stifle 4 0
wateringpot 1 0
mazon 11 0
amphitheatralischen 2 0
etaliation 1 0
spen 3 0
bstammung 2 0
verstanden 18 0
ithes 2 0
ither 88 0
esserung 13 0
schwenkte 2 0
ambro 1 0
derivation 6 0
spew 2 0
ithen 1 0
mpudent 2 0
holmondeley 1 0
deinde 1 0
nfortunately 48 0
ienstbarkeit 1 0
redistribution 1 0
aschenmessern 1 0
itania 1 0
itanic 1 0
overturneth 1 0
xciting 2 0
exploitations 1 0
bunkers 2 0
amera 1 0
teasingly 1 0
throbs 5 0
congratulatioin 1 0
redistributing 5 0
verfluchten 3 0
erschiedenheiten 1 0
verfluchter 1 0
mpressive 1 0
promenade 9 0
armorbilder 2 0
heraufzugeben 1 0
unwiling 1 0
schnaubend 1 0
ringing 35 0
throat 143 0
dwindles 2 0
amess 1 0
verrichtete 4 0
osaiken 1 0
andtuch 2 0
zubildet 1 0
ieblingstraume 1 0
mercifu 2 0
aufzufuehren 7 0
espiaille 1 0
copyrights 1 0
unomia 1 0
aufgingen 1 0
fanciful 23 0
auerkinder 1 0
latonick 1 0
reconciliation 42 0
spis 1 0
usflucht 1 0
rgoetzlichkeiten 7 0
heathnen 1 0
spin 14 0
dwindled 5 0
spit 26 0
itanei 3 0
orefathers 7 0
amels 7 0
amely 5 0
geruehrte 2 0
urzelhand 1 0
onians 1 0
amocrates 1 0
magnificence 42 0
verschollene 1 0
gleichsam 102 0
duplicates 2 0
effulgence 6 0
amend 27 0
nacheinander 4 0
ohanna 2 0
irrgeleitet 1 0
rabsteine 3 0
ament 2 0
joyance 2 0
removable 3 0
amens 7 0
amene 1 0
iebesnaechte 1 0
exchange 279 0
exchangd 3 0
mercies 6 0
ameni 1 0
asttagen 1 0
spon 8 0
poirtou 2 0
errest 1 0
usages 14 0
ardnerstown 3 0
abzuziehen 3 0
vertraulich 16 0
deinen 124 0
deinem 78 0
aquarium 3 0
deines 38 0
accazzy 1 0
deiner 128 0
charakteristisch 4 0
biloba 1 0
hinausgerueckt 1 0
randson 2 0
honestest 3 0
vergreifa 1 0
sprudlig 1 0
echtkunst 2 0
honestete 1 0
strangely 67 0
xistenzen 1 0
lachhand 1 0
xtravagance 5 0
ebulon 1 0
episcopalians 1 0
anlangt 1 0
misgovern 1 0
journals 21 0
xtravagancy 2 0
aversus 1 0
spot 443 0
arasconnais 2 0
skillet 2 0
beschleunigte 1 0
laddie 1 0
skilles 1 0
mpression 13 0
traffickings 1 0
archiwives 1 0
spaded 1 0
laddin 2 0
skilled 36 0
geruehret 2 0
spry 1 0
ohannisbrotbaum 1 0
riederiken 1 0
anhalten 1 0
orgefuehl 3 0
symmetrisch 2 0
zurueckgebannt 1 0
edeutender 1 0
besondre 4 0
edeutendes 4 0
intermission 10 0
seedlings 1 0
hoisseul 1 0
amela 2 0
hasenfuessig 1 0
ezeichnet 1 0
upborne 1 0
anblick 1 0
hadnever 1 0
amele 1 0
indurations 1 0
spades 10 0
ipskristalle 1 0
dywrk 4 0
spun 34 0
sput 1 0
unvorteilhaftesten 1 0
reffliche 3 0
rioters 1 0
spur 32 0
moodiness 4 0
idiomatic 1 0
laeubig 1 0
neckischer 2 0
osehr 5 0
anzeigten 1 0
twisting 24 0
xplikationen 1 0
ausgestrecktem 1 0
uebereilende 1 0
chasser 1 0
ausgestreckten 3 0
olmetscher 3 0
vending 2 0
velouettes 1 0
spiration 2 0
bandoline 3 0
strangers 125 0
postrider 2 0
auffordert 3 0
rdella 1 0
auffordern 2 0
cenotaph 2 0
tarrsinns 1 0
iuseppe 1 0
achiavell 44 0
vercome 1 0
contracts 35 0
strangest 17 0
sternness 6 0
astelfidardo 1 0
ausgegraetschten 1 0
enlightned 6 0
rneuerte 1 0
absegelt 1 0
chinking 1 0
eitenwege 1 0
benedictions 2 0
osicrates 1 0
verlief 2 0
ommersitz 1 0
verlieh 5 0
ladder 65 0
anzunehmen 30 0
rennung 16 0
verlier 3 0
expanding 6 0
gownsmen 2 0
mitigating 4 0
ractate 1 0
sleepeth 5 0
achname 1 0
gambling 11 0
interfuere 1 0
byraft 1 0
ypressenholz 2 0
beitragen 3 0
anschreiben 1 0
pistareens 1 0
ulogies 1 0
wissbegierigen 1 0
lechzenden 1 0
mitigation 5 0
uidas 10 0
litteral 1 0
gefallene 2 0
bitumen 2 0
angewaermt 1 0
sleepest 4 0
rgoetzungen 12 0
tercels 3 0
ulgate 9 0
radition 8 0
unterdessen 8 0
conditioners 1 0
interfuess 1 0
pickerel 12 0
fedders 3 0
increased 316 0
inheritors 1 0
sleepers 12 0
graziers 8 0
uided 3 0
increases 100 0
stentatious 1 0
pockets 56 0
ellas 19 0
mollett 4 0
ellar 1 0
mollets 2 0
erregt 34 0
ellat 1 0
herbeieilte 1 0
ellay 1 0
aehnelte 1 0
uides 2 0
curly 12 0
astraten 1 0
curls 31 0
hervorzuholen 1 0
xtinguish 1 0
hestes 5 0
atyrist 1 0
hester 11 0
arthians 2 0
guesswork 1 0
ammoth 1 0
owdenknowes 1 0
philological 2 0
eratschlagung 2 0
staterooms 3 0
embarking 5 0
einzustecken 1 0
verspottete 1 0
ecree 3 0
umwoelkt 1 0
mitgegangen 2 0
adler 1 0
vornehmem 1 0
affiliation 2 0
vornehmen 22 0
adley 8 0
insipidities 1 0
ipecacuanha 1 0
yourself 530 0
ungewisses 2 0
ouched 2 0
ungewissen 3 0
wehmuetige 1 0
errege 1 0
communicable 1 0
ouches 5 0
eportment 2 0
oucher 17 0
auszusprechende 1 0
atyrius 1 0
spaces 48 0
neighborhood 99 0
ammond 11 0
trotting 15 0
umphaisin 1 0
gloved 2 0
onfiscation 3 0
presided 23 0
likelier 2 0
anblies 1 0
curio 3 0
jowls 1 0
presides 7 0
gloves 28 0
umwoelktem 1 0
hiervon 4 0
anticlimax 2 0
erliebten 7 0
vornehmes 2 0
vornehmer 5 0
kahunas 3 0
apithai 1 0
knisterten 1 0
summenden 1 0
sowing 7 0
schliessest 1 0
unomus 2 0
ecret 28 0
menagieren 1 0
pposed 1 0
bedewed 1 0
esidenz 3 0
symbolize 4 0
sticke 3 0
anmachen 1 0
chwoert 1 0
esident 2 0
vouchsafe 9 0
nersetzliche 1 0
adlam 1 0
sudout 1 0
ropagande 1 0
attenham 3 0
hebais 2 0
quacking 1 0
auditory 7 0
ropaganda 6 0
auditors 10 0
herabgelassenen 1 0
eptember 266 0
pewee 2 0
beleidingen 1 0
eingezaeunt 1 0
dizziness 6 0
hebaid 3 0
aufschrieb 1 0
nterstuetze 1 0
ebenslaufs 1 0
unraetlich 1 0
sticks 70 0
errers 1 0
curbs 1 0
sticky 7 0
dawening 1 0
excessive 74 0
langfuessigen 1 0
meistern 2 0
bbildungen 2 0
hinschreibe 1 0
atyrize 1 0
cures 19 0
gewaelzten 1 0
uninitiated 3 0
amilienmuenzen 1 0
meteorological 1 0
striegeln 1 0
sticht 4 0
tenures 3 0
indirekten 1 0
aufschrien 1 0
aining 2 0
gelegnen 1 0
usarbeitung 2 0
curds 1 0
oodmen 1 0
allegorische 3 0
iejenigen 2 0
distressing 35 0
foreland 1 0
euers 8 0
euern 10 0
euerm 5 0
cured 48 0
etragens 9 0
playthings 2 0
heband 1 0
scavenger 1 0
condescending 8 0
lueckes 18 0
usfragn 1 0
package 9 0
ubalternen 2 0
magnificenza 1 0
meanly 18 0
ossevin 1 0
suicidal 3 0
uerklich 1 0
einbildisch 1 0
itanos 1 0
nterjektion 1 0
eschoepfen 3 0
aterials 18 0
herwaerts 1 0
inspiration 52 0
eschoepfes 4 0
geschmacklos 4 0
bsatze 1 0
wischenraum 3 0
uidin 1 0
curat 1 0
delaying 6 0
schnitt 9 0
mentioned 402 0
profit 609 0
wegschluerfte 1 0
oodman 4 0
zerschmetternd 1 0
direkten 1 0
convertible 3 0
ighland 6 0
griechisch 1 0
sandwich 2 0
ahaina 1 0
spersions 2 0
soever 68 0
convertibly 1 0
hebans 5 0
urzelhaut 1 0
woodcocks 2 0
enlistment 1 0
ungewiss 8 0
reflected 104 0
guinea 45 0
gewaehrten 2 0
meanin 7 0
wellenartig 1 0
tabsoffiziere 1 0
nachsuchend 1 0
bwaerts 1 0
birdgun 1 0
reizt 6 0
inundations 9 0
intill 5 0
schenk 1 0
sonorous 17 0
nvertrauts 2 0
proede 2 0
reises 4 0
scheme 153 0
lobbyists 2 0
getrennte 1 0
obtint 1 0
cleansing 5 0
reisel 1 0
reisen 18 0
rumours 18 0
coiled 12 0
ingerzeig 2 0
symbolism 6 0
oolhardiness 2 0
paltered 1 0
servatos 1 0
deceptiveness 1 0
breastwork 1 0
cantonments 2 0
sonntaeglich 1 0
earness 3 0
irolamo 4 0
earnest 186 0
uenstlerblick 1 0
packsaddle 2 0
aufgeladen 3 0
pennons 2 0
archiepiscopate 1 0
meanes 6 0
meaner 9 0
deride 6 0
meanen 1 0
surgical 10 0
chwiegereltern 1 0
verfolgte 10 0
erthier 1 0
wartet 9 0
hungrig 2 0
warten 39 0
complain 116 0
olombians 4 0
allinger 2 0
estoert 2 0
persimmon 3 0
getreuherzige 1 0
otstechen 1 0
oetterverehrung 1 0
wegnahmen 1 0
otthard 1 0
frescos 2 0
isintegrated 1 0
scheid 2 0
contagions 1 0
greetings 5 0
betteln 4 0
liking 40 0
schein 1 0
verderbtes 1 0
umbled 1 0
verderbten 1 0
advertence 2 0
artentueren 1 0
erzklopfen 3 0
umbler 2 0
silbergrauen 1 0
ntsetzens 1 0
ermogenes 4 0
sposito 1 0
deductive 2 0
eyebrow 3 0
dringendste 2 0
bruellenden 1 0
formularies 12 0
tanbury 2 0
foliaceous 2 0
implicate 1 0
chnauzbart 1 0
orgagna 1 0
beautify 4 0
nterprise 1 0
inclosures 1 0
eudal 6 0
heresens 18 0
ezzonico 5 0
entgelten 1 0
clerge 2 0
eservation 1 0
commemorated 5 0
sqrs 5 0
vergisst 8 0
bedrohliches 1 0
transactions 41 0
beauties 50 0
citrine 2 0
nventarienstueck 2 0
chickliches 1 0
aemmerchen 3 0
erbaermliche 2 0
commemorates 2 0
yrtenhecken 1 0
valleys 50 0
chicklichen 2 0
nterricht 10 0
osituren 1 0
minenti 1 0
gespeist 5 0
fuerbringt 1 0
gewaehrt 29 0
noodle 1 0
fuerbringa 1 0
scheel 1 0
fortgefuehrt 3 0
clergy 258 0
ewspaper 9 0
convicted 27 0
bastards 1 0
iesskaennchen 1 0
cleric 8 0
zerfallenen 2 0
unerfreulichen 1 0
zerfallener 1 0
navvies 1 0
auptaltar 1 0
ongresses 2 0
unerfreulicher 1 0
infatuate 1 0
ergamente 1 0
ballasted 1 0
unterrichten 20 0
unterrichtet 30 0
reiste 6 0
mutations 1 0
abreden 1 0
enthaelt 19 0
bruestet 2 0
contagious 9 0
gleiten 1 0
deafness 2 0
petroleum 2 0
processerit 1 0
argheit 2 0
clerke 3 0
abmerken 1 0
thrown 337 0
eheimnisses 3 0
subscribing 2 0
throws 44 0
irelocks 1 0
nschlitt 1 0
clerks 40 0
eheimnissen 4 0
relevant 1 0
unbutton 1 0
deduction 15 0
dependants 17 0
littered 5 0
produc 17 0
ommittees 32 0
reinvigorated 1 0
throve 4 0
uleikas 1 0
anuevres 1 0
ffaere 1 0
grauliche 1 0
nterprize 5 0
unterschiebt 1 0
eroeffneten 4 0
ruhender 1 0
orstellung 59 0
schwebe 3 0
hexameter 16 0
ruhenden 2 0
uarreling 1 0
amden 7 0
rfahrenheit 2 0
auffahrenden 1 0
entinels 3 0
deducting 17 0
ozietaet 4 0
xpress 36 0
erheiterte 6 0
intestate 1 0
schwebt 18 0
convulsions 14 0
reisst 24 0
ntrepreneur 3 0
kontrapunktische 1 0
stiddy 1 0
nstrengungen 1 0
eugierigkeit 2 0
getrennet 2 0
oscia 2 0
dwelling 128 0
enedicite 5 0
fighting 144 0
herankommt 1 0
upitertempels 2 0
templative 1 0
selbstgewaehlten 1 0
collaborateurs 1 0
ecitative 1 0
rotherly 1 0
redicament 1 0
ecitativo 2 0
lindernden 1 0
loisa 4 0
gurgle 3 0
udovisi 4 0
autumn 105 0
irremachen 11 0
chmerzen 61 0
chmerzes 3 0
haettest 21 0
amech 3 0
upfern 3 0
upfers 1 0
geraeuschvollen 1 0
ascony 3 0
potest 3 0
indestructibility 1 0
auszubrueten 1 0
eptentrion 1 0
osche 1 0
hinausgelangt 1 0
latonist 1 0
eteurung 2 0
stimate 5 0
huckleberry 4 0
nfuehrers 2 0
ampfwolken 1 0
unbiegsamer 1 0
unbiegsamen 1 0
geschundenen 1 0
imprinting 2 0
crimsons 1 0
nesseltuchnen 1 0
enalty 4 0
begruessten 7 0
interviews 17 0
chwaetzern 1 0
corroborations 1 0
buzzing 14 0
gewaehlt 17 0
scholarships 2 0
durchstroemt 1 0
ebunge 8 0
colluding 1 0
dueftet 1 0
vorbeigingen 3 0
iderspiel 3 0
olinos 8 0
ubiaco 1 0
reins 60 0
ellenism 2 0
refilling 3 0
rpflanze 5 0
unchristened 1 0
disorganising 1 0
kuenstlichere 1 0
reine 30 0
dueften 1 0
knotigen 1 0
unfixed 2 0
throne 122 0
throng 48 0
schmerzhaften 2 0
oundations 7 0
andirons 1 0
schmerzhafter 2 0
sions 2 0
dividiert 1 0
hoffartig 2 0
unstgriffs 1 0
reili 1 0
beschleunigen 9 0
nsolicited 1 0
ojiri 3 0
tmust 5 0
inuring 1 0
unstgriffe 9 0
odiously 1 0
periodical 22 0
alleawert 1 0
herunterzugehen 1 0
advertise 11 0
reist 5 0
reiss 1 0
tantivy 2 0
humility 65 0
ommitteth 1 0
potent 26 0
reitag 14 0
cognate 3 0
birdless 1 0
inclosure 4 0
pitzbuben 2 0
uderschlaege 1 0
roughing 1 0
upplyed 1 0
verkaeuen 1 0
ornstrauch 3 0
reise 62 0
servataris 1 0
marster 10 0
pprehensions 23 0
alerakademie 1 0
auseinanderging 1 0
uncongenial 5 0
answerable 13 0
eahner 2 0
vercoat 1 0
aufgespuert 1 0
onkuenstler 2 0
schlenkern 2 0
linierten 1 0
meesery 2 0
oscoe 15 0
slishes 1 0
botany 5 0
perceptible 28 0
usaeus 2 0
scheut 5 0
derive 215 0
derivd 5 0
ohanni 1 0
aikaefer 2 0
sorglos 7 0
verfolgen 11 0
bellezze 2 0
conventual 1 0
penchant 3 0
seafarer 2 0
abmerkte 1 0
ountance 1 0
zephyrs 2 0
uetschchen 1 0
bedrohete 1 0
proems 1 0
twisted 58 0
enamel 2 0
panful 1 0
averted 21 0
minence 4 0
abgenommen 8 0
ausdrucksvollen 1 0
praeludiert 3 0
unwomanly 2 0
echard 5 0
perceptibly 5 0
oscow 15 0
kneelings 3 0
poniards 1 0
intire 2 0
scheue 3 0
ugmentation 2 0
abjuration 2 0
ntikengemmen 1 0
reitet 7 0
gleisst 1 0
perspicacious 1 0
nstalten 42 0
annoyances 3 0
sric 1 0
reiten 34 0
broade 1 0
langhalsige 1 0
uices 3 0
tenure 27 0
hearful 1 0
olgendermassen 1 0
echtfertigungsdekrets 1 0
abschlaegige 1 0
ompanation 2 0
reive 1 0
lichtes 1 0
broach 4 0
bezeichneten 3 0
inlisted 5 0
brooking 2 0
niederzusetzen 1 0
herself 1185 0
ormwesen 1 0
fryday 1 0
lichten 3 0
lichtem 1 0
lichter 1 0
numerical 22 0
uperficially 1 0
dependance 4 0
fleuron 1 0
taxing 35 0
veesits 4 0
eclaration 64 0
eeprodukte 1 0
ehrwuerdige 7 0
annuitant 2 0
omplettierung 1 0
uncleared 1 0
rashaw 17 0
haraktermasken 1 0
reite 21 0
herumzuirren 1 0
throes 5 0
nahezusein 1 0
conformed 8 0
illumin 1 0
spilling 5 0
salary 125 0
ebrueder 1 0
lutegel 1 0
wittes 5 0
nfantin 1 0
odesty 9 0
childe 14 0
blameworthy 3 0
ndianerfrau 8 0
avant 1 0
erfolgen 2 0
litagoras 2 0
blasts 19 0
erfolger 2 0
ssertions 2 0
compassionate 11 0
eviseth 1 0
frailest 2 0
otengraeber 1 0
scheinende 4 0
ngluecke 3 0
cuppered 1 0
contradickin 2 0
grandiloquent 2 0
ntdeckung 38 0
gefaehrlich 50 0
glade 23 0
wegzufangen 1 0
bairnies 2 0
venous 14 0
eschaemen 1 0
enschenwitz 1 0
beizufuegen 1 0
haunteth 2 0
ordergruende 1 0
nibble 8 0
avanny 2 0
acroix 1 0
handsomeness 1 0
alutati 1 0
zaenkisch 1 0
posture 16 0
avanna 1 0
eugne 1 0
rightfulness 2 0
eating 131 0
information 492 0
ingeweihten 1 0
unguenstiger 2 0
verjoyed 1 0
shoals 7 0
unguenstigen 3 0
fuehren 105 0
fuehret 4 0
aulitch 27 0
undulate 2 0
wrests 4 0
uerfelspiel 1 0
beyant 1 0
myriad 13 0
innumerous 3 0
ellespont 4 0
clappeth 1 0
wohlgeackerte 1 0
osges 1 0
redigt 6 0
urgfrieden 1 0
nstituto 1 0
gelanti 1 0
gmeldt 1 0
nibbed 1 0
anflehten 1 0
remer 1 0
teilet 2 0
nstitute 12 0
remem 1 0
immerleute 1 0
remen 2 0
transfiguring 1 0
heraufgesprungen 1 0
scholars 128 0
remes 1 0
allzusinnliche 1 0
ngluecks 4 0
welter 2 0
etsteinische 1 0
motive 142 0
uechenbrauch 1 0
nalogy 1 0
polliums 1 0
raecht 1 0
eugin 1 0
alimathias 1 0
colouring 22 0
rotwollenen 1 0
conducive 16 0
effeminacy 5 0
luetchen 1 0
unwaveringly 2 0
caliber 1 0
lapels 1 0
raecia 2 0
remde 53 0
avana 2 0
sightseers 1 0
braeunliche 1 0
haushaeltig 1 0
gelange 2 0
discharger 1 0
discharges 7 0
geraubten 1 0
complimented 10 0
eschauende 1 0
aufgestutzten 1 0
tripping 6 0
chilly 14 0
partment 4 0
frustrations 1 0
discharged 61 0
chills 7 0
eindraengen 2 0
blassen 3 0
endome 7 0
herbeibrachten 1 0
andolfo 11 0
cordials 1 0
avage 23 0
avanti 1 0
faiths 5 0
resonance 1 0
ebenswonne 1 0
nfantry 1 0
rtikeln 1 0
gelangt 36 0
remit 10 0
tombstones 11 0
ergenrother 6 0
spyglasses 1 0
ilderstuermer 1 0
ontemptible 1 0
vaccination 6 0
siaten 2 0
endoor 1 0
civilities 16 0
ichaelis 1 0
remin 4 0
aukward 1 0
admus 1 0
redundance 1 0
teilen 32 0
unfallen 3 0
obscurantists 2 0
redundancy 7 0
avaho 68 0
gehaessig 2 0
avail 108 0
ntertainmts 1 0
ubaltare 1 0
impoverish 7 0
eugen 23 0
calibre 8 0
innerlich 15 0
oasts 7 0
jugglers 11 0
colourist 1 0
avais 1 0
avait 2 0
distillations 1 0
jugglery 1 0
cantankerous 3 0
ampleness 1 0
dogskin 1 0
verherrlichte 2 0
grudged 2 0
irondin 1 0
remor 1 0
shoats 1 0
ueberdenken 3 0
grudges 2 0
nterwerft 1 0
ebildes 2 0
mitteilt 1 0
pigeon 8 0
circumstances 731 0
sneaks 2 0
conveniently 41 0
aufgerieben 5 0
unmingled 3 0
pernicious 53 0
oologique 1 0
richomanes 1 0
uitting 1 0
itschuldige 1 0
circumstanced 19 0
zehnmal 4 0
scription 2 0
angarep 10 0
cemeteries 5 0
faites 1 0
salade 1 0
ighwaymen 1 0
mbalm 1 0
gefallen 120 0
footer 1 0
cusst 5 0
toughened 2 0
soulless 5 0
blindfold 12 0
siatic 31 0
footed 34 0
salads 2 0
vacillating 1 0
custo 1 0
fourpence 24 0
muscle 20 0
aufgestellt 26 0
lowborn 1 0
verwalten 3 0
contiguity 5 0
venosa 2 0
ppressors 1 0
verwaltet 1 0
hervordrangen 1 0
odesta 9 0
mitteile 1 0
willingen 1 0
uengling 104 0
witten 1 0
underbares 1 0
conducing 1 0
underbaren 4 0
sehnlichst 2 0
underbarem 2 0
lessandria 1 0
witted 12 0
egenguessen 3 0
weswegen 3 0
fairies 8 0
subsoil 6 0
styling 2 0
itchcock 31 0
ueberblicken 1 0
eheimstes 1 0
chelmenfabrikant 1 0
blates 3 0
redits 2 0
incommunicativeness 1 0
monitors 2 0
countenanc 1 0
sorrowest 1 0
glatt 9 0
ector 29 0
placidity 9 0
andolph 12 0
aerber 2 0
ontribute 1 0
bewirtet 5 0
fuehrte 108 0
paminondas 1 0
ucellai 1 0
bewirten 6 0
astigkeit 1 0
sorroweth 1 0
intertuere 2 0
llister 2 0
prevented 239 0
glaus 1 0
ideikommissgut 1 0
antlers 7 0
ortley 1 0
areless 7 0
egenwaertige 7 0
schuechtern 10 0
glaub 26 0
beiderseitige 1 0
ordinar 3 0
eugnen 3 0
rgebnisse 1 0
eugnet 1 0
joynd 10 0
uebergebogen 1 0
atigued 1 0
convenientes 1 0
pouting 3 0
anegyrick 2 0
joynt 22 0
glare 43 0
zustand 1 0
joyns 2 0
atigues 3 0
bewusstlos 1 0
llumining 1 0
discountenancing 4 0
diverticula 1 0
oldketten 1 0
budges 1 0
budget 4 0
duerfest 1 0
ehltritt 1 0
arsilio 4 0
orromeo 10 0
tigerish 1 0
vertriebene 2 0
glass 354 0
chrein 2 0
robian 1 0
impetuously 10 0
remonstrating 3 0
oerser 1 0
capitouls 1 0
ssay 31 0
chreib 1 0
niedergegangener 1 0
ssac 1 0
adorned 45 0
kramen 1 0
nsrigen 8 0
geschliffene 1 0
orromee 1 0
rchenholz 1 0
glary 1 0
ssai 2 0
clumsiness 1 0
memory 354 0
pattings 1 0
behaupte 3 0
reanced 1 0
disaster 40 0
antograpso 1 0
runanburh 1 0
currants 2 0
nmerkung 8 0
rfreulicheres 1 0
progeny 9 0
ordinem 1 0
affirmations 1 0
earliest 140 0
laerchens 4 0
lyceums 1 0
nkaufs 1 0
larendon 13 0
acitus 12 0
dogmatic 26 0
funnel 18 0
oases 4 0
arsilli 2 0
glang 1 0
demande 1 0
extant 36 0
gland 9 0
outings 1 0
preliminaries 9 0
arsilly 111 0
emanthalskette 1 0
iegszeichen 1 0
sedulously 3 0
esuvius 1 0
flowers 290 0
flowery 12 0
ssex 53 0
suckling 3 0
wretch 75 0
hwackum 1 0
robing 1 0
leombrotus 2 0
ppliance 1 0
zulaeuft 1 0
yarrow 6 0
mplification 1 0
sses 1 0
fourpenny 2 0
ordings 14 0
sorrows 48 0
ssen 35 0
homesickness 4 0
bright 431 0
ssig 4 0
aufginge 1 0
erzaehl 2 0
gracious 106 0
easement 3 0
inwove 1 0
prassten 2 0
exiliert 1 0
omanzen 2 0
eldherren 2 0
ewgate 15 0
gefoerdert 4 0
ottage 3 0
joyus 1 0
oasis 4 0
aufblickend 1 0
etrograd 2 0
eherrschung 1 0
nitrous 1 0
mproperien 1 0
disjoining 1 0
wittre 1 0
cutch 1 0
balousa 1 0
ergament 5 0
unzaertlichen 1 0
enkungsart 23 0
ikopolis 29 0
urleigh 17 0
glair 1 0
avary 1 0
ustrocknung 1 0
avasu 45 0
gottgfaelligen 1 0
gedonnert 1 0
houndes 11 0
rigenes 1 0
seltsam 21 0
rundzuege 1 0
heedit 2 0
loskaufen 2 0
remonstrative 1 0
hounded 1 0
herumkrabbelte 1 0
weiterhalf 2 0
whippings 3 0
cutem 1 0
funkelt 1 0
signalizing 1 0
verherrlichet 1 0
nsurrections 4 0
edford 53 0
uilding 27 0
chwebens 1 0
ontezuma 3 0
psychic 17 0
ielded 1 0
verherrlichen 2 0
revenge 115 0
austrinkt 1 0
illenium 2 0
etches 1 0
invijjus 2 0
glaid 2 0
glaia 3 0
ueberblickte 1 0
igaster 1 0
floweth 1 0
chmiede 2 0
funkeln 1 0
eugnis 16 0
demands 152 0
ewgaws 1 0
mbrose 11 0
mbracia 2 0
ssoc 4 0
ulsion 1 0
siren 4 0
bewillkommten 1 0
sires 4 0
wachsenden 4 0
frustra 1 0
lapdog 1 0
spunging 4 0
robity 5 0
fferten 3 0
memoir 7 0
wonnerfully 2 0
excogitate 1 0
verdienest 1 0
rreichbare 1 0
auszuschalten 1 0
eberreste 1 0
hindred 1 0
sentenc 2 0
heodomas 2 0
ochzeitsfest 1 0
eschimpfung 2 0
fassbaren 1 0
einkommen 1 0
etliche 18 0
uprose 8 0
stunde 1 0
geschichte 1 0
inscribed 32 0
loquence 5 0
grumble 3 0
hierueber 32 0
issensbegierde 1 0
durchgezogen 1 0
ewellery 1 0
temporalities 5 0
ellon 243 0
mbraced 2 0
retrieved 5 0
ellow 100 0
baba 2 0
infaltspraetensionen 1 0
plurality 23 0
avannah 13 0
retriever 2 0
theplan 1 0
retrieves 1 0
tautology 2 0
ressida 121 0
resside 18 0
losgesagt 2 0
miiindestens 1 0
esondres 1 0
untidiness 4 0
merchantman 6 0
byleve 1 0
abgetoetet 1 0
acceded 11 0
lolls 1 0
bestehe 4 0
erchandize 6 0
davonziehn 2 0
bestehn 1 0
pumped 1 0
ssue 9 0
wohlverdienten 1 0
back 2520 0
ssut 1 0
bach 3 0
besteht 23 0
heeded 10 0
pumpen 1 0
darlegt 1 0
nspired 3 0
engagements 49 0
norous 1 0
euterei 1 0
robins 2 0
escensories 1 0
nreinlichkeit 4 0
relax 14 0
relay 1 0
trafficker 1 0
babe 19 0
dissuading 3 0
herzubringen 1 0
itles 7 0
raccoon 4 0
ironesi 1 0
baby 142 0
mbraces 1 0
trafficked 2 0
rundbildung 1 0
relic 20 0
aeftchen 1 0
riental 29 0
alling 13 0
curst 3 0
egelrunde 1 0
cadetship 1 0
eufel 46 0
chreck 5 0
lenisch 1 0
arbier 2 0
briers 6 0
bads 1 0
frayed 4 0
immaculate 4 0
zurueckhalten 6 0
hyaena 5 0
sachte 27 0
ergaenglichkeit 2 0
curry 7 0
bade 105 0
alcott 60 0
baec 1 0
merchantmen 1 0
substratum 6 0
curse 62 0
hinweggerissen 1 0
ockspeise 1 0
floesse 3 0
littleness 2 0
maniac 7 0
ueberschleichen 1 0
immaculata 1 0
mechanistic 1 0
nobility 44 0
ellie 8 0
bagr 1 0
bags 35 0
curve 39 0
overhanging 32 0
chneegipfel 2 0
brewers 1 0
condemnation 54 0
brewery 12 0
alcove 13 0
pavement 55 0
vergangene 4 0
esichtsfarbe 4 0
irregularity 15 0
rottenness 1 0
alliol 3 0
inconsequent 1 0
remdes 3 0
deriving 10 0
oarse 1 0
insupposing 1 0
joyed 2 0
remden 73 0
ashville 1 0
hoellische 3 0
pampered 8 0
remder 12 0
madhouse 4 0
siris 8 0
misgoverned 2 0
bait 60 0
perjured 2 0
joyes 2 0
inspections 1 0
nostrils 60 0
bail 6 0
chwendimann 1 0
diaetetische 2 0
revenue 758 0
sufficiency 13 0
gefuehllosen 1 0
schwarze 30 0
nbezwinglicher 1 0
sorbed 1 0
toadeater 1 0
leichtesten 4 0
counterblast 1 0
mildewed 3 0
hateauroux 1 0
utilising 2 0
elemaque 1 0
shadder 3 0
baid 2 0
shimmered 5 0
embodyings 1 0
larendel 1 0
elled 1 0
artesians 1 0
aluces 6 0
isagreements 1 0
pflegend 2 0
ellen 36 0
nhabern 1 0
bako 1 0
ellem 1 0
balk 5 0
eller 32 0
ball 172 0
elles 105 0
germinated 1 0
ittsamkeit 4 0
bale 6 0
ellet 1 0
redouble 4 0
bald 654 0
spindle 28 0
verunglueckt 2 0
hostilities 31 0
extortionate 3 0
hummock 3 0
waving 66 0
spindly 3 0
winnings 2 0
aufrichtigen 1 0
ampoon 1 0
aufrichtiges 2 0
aufrichtiger 3 0
freeing 6 0
bake 15 0
smiten 2 0
incorrigible 7 0
elmen 1 0
vacillation 5 0
hiding 52 0
predicate 1 0
bank 509 0
bang 20 0
alltimes 1 0
elmet 1 0
bane 25 0
band 112 0
smites 1 0
etribution 1 0
chulweisheit 1 0
osend 1 0
atrimonial 3 0
achtzeit 2 0
dvapora 1 0
allied 45 0
unruffled 5 0
balm 12 0
coventry 12 0
terbende 1 0
illusionist 1 0
ocanda 1 0
aenderkreises 1 0
disobeyed 6 0
regained 28 0
allien 3 0
allies 58 0
alcolm 5 0
alcony 1 0
ressing 5 0
ramante 3 0
lachend 11 0
heognis 12 0
lieved 1 0
uproar 19 0
undschafter 1 0
zukam 3 0
endowd 1 0
nevitably 5 0
stat 1 0
twinkle 5 0
star 78 0
eberschiffchen 1 0
ntertauchen 1 0
oerter 1 0
misrule 3 0
imaginiert 1 0
stay 350 0
achtzehn 7 0
stag 12 0
stad 1 0
stab 8 0
baok 1 0
stan 40 0
ythagoraeer 1 0
erlong 1 0
uebezahl 1 0
stak 4 0
confederated 9 0
barb 2 0
ukuenftige 1 0
migratorius 1 0
supineness 2 0
numbers 243 0
affectation 32 0
confederates 9 0
barm 2 0
barn 94 0
elmar 1 0
izzarro 1 0
bark 121 0
nfern 1 0
bare 315 0
ercure 1 0
schluepft 2 0
eanzeln 1 0
goobers 5 0
ortnight 11 0
palpitating 11 0
bard 8 0
lackwall 1 0
schmeichelten 1 0
hrough 183 0
erwerben 33 0
oxalena 1 0
ercury 47 0
stumps 23 0
moughty 4 0
anguedoc 10 0
peckseiten 1 0
allias 50 0
dureth 1 0
ehosaphat 1 0
ergangenheiten 1 0
tragedian 4 0
glaenz 1 0
smithy 2 0
widerwillige 1 0
stumpf 3 0
yzicus 8 0
smiths 7 0
unceremonious 2 0
hiffern 1 0
brauchte 35 0
stumme 5 0
ersidaque 1 0
bats 2 0
ermutigter 1 0
admit 371 0
brauchst 7 0
admir 8 0
detraction 4 0
rattletrap 3 0
bath 65 0
bate 3 0
detracting 1 0
stew 24 0
lachest 1 0
oseph 139 0
bars 69 0
urviedro 1 0
bass 16 0
wegzustossen 1 0
steh 10 0
eagerly 115 0
groundsel 1 0
lfred 7 0
ster 1 0
bask 4 0
bash 2 0
step 379 0
sunshade 1 0
sten 28 0
marchants 1 0
stel 1 0
base 253 0
blasen 1 0
stem 43 0
enehmen 4 0
toerungen 1 0
stia 2 0
verspaeteten 1 0
umgetriebnen 2 0
invoices 1 0
baud 1 0
reskogemaelde 2 0
azwischen 2 0
oards 11 0
thalassa 2 0
uckmauserei 1 0
baut 9 0
tragedies 17 0
priceless 11 0
missionary 38 0
rbsuende 1 0
bauk 1 0
undernome 1 0
ntrenchment 1 0
aynard 1 0
ornehmsten 2 0
horsely 2 0
zurueckgezogen 3 0
priggish 1 0
forestallers 4 0
estraeuche 4 0
stiften 5 0
unverrueckten 1 0
osers 3 0
across 669 0
admen 1 0
ngredients 4 0
unacknowledged 3 0
nhoped 1 0
ibyan 1 0
bawd 2 0
sprichwoertlich 1 0
tadtgespraeche 1 0
disputations 5 0
removals 1 0
chmetterlingslarve 1 0
unerschuetterlich 1 0
ressids 2 0
abeout 1 0
unverruecktes 1 0
tauschet 1 0
alkmuehlen 1 0
misslungene 2 0
stifter 1 0
tauschen 4 0
teilte 14 0
bawn 4 0
bawl 3 0
stit 2 0
bawm 1 0
stir 101 0
iebesfeuer 1 0
oryielde 1 0
existence 518 0
endoza 8 0
whooping 3 0
disputatious 3 0
aschenkrebs 1 0
unscrupulously 1 0
millefleurs 2 0
strigil 2 0
baye 1 0
eschlag 2 0
acrost 2 0
rnest 5 0
bays 14 0
ellut 2 0
stol 3 0
eibrocks 1 0
behielt 18 0
enmity 42 0
antuan 3 0
durchzusetzen 2 0
piasters 1 0
cloakes 3 0
pflege 5 0
cubite 1 0
zertruemmerten 1 0
naufhoerlich 1 0
ommanding 8 0
eonidas 17 0
cloaked 4 0
hitehall 11 0
pflegt 66 0
cubits 3 0
uproot 3 0
erlorn 1 0
practique 1 0
geschosste 2 0
overpays 1 0
nfidels 3 0
philosophizing 2 0
dammed 2 0
empfangen 42 0
empfanget 2 0
toughness 6 0
osier 1 0
zukoennen 1 0
sanctuary 27 0
eltsamerweise 1 0
aufrechtzuerhalten 1 0
lagius 1 0
acobitism 1 0
okuspokus 2 0
aldhoerner 1 0
stot 1 0
forelock 2 0
stor 4 0
stop 293 0
ston 1 0
loons 2 0
orpiment 2 0
bequemten 2 0
stow 2 0
backwoodsman 2 0
einlaesst 2 0
auffassen 2 0
bbas 2 0
reprovingly 2 0
stre 3 0
loops 4 0
lgeciras 2 0
ngeduldig 6 0
stammelnd 4 0
characterize 10 0
classleader 1 0
evaporated 10 0
uncivilisable 1 0
elous 1 0
copartneries 1 0
predestines 2 0
stud 1 0
amity 7 0
ausreihe 1 0
brauchen 63 0
stun 4 0
amius 1 0
avallo 4 0
truncheon 1 0
nitrogenous 1 0
predestined 9 0
angeruehrt 1 0
loors 3 0
bbbb 4 0
spoused 2 0
mendment 8 0
illsborough 9 0
loose 259 0
bbes 2 0
legonta 1 0
boarders 2 0
bber 1 0
ulatto 1 0
derentwillen 2 0
arsyas 7 0
unahen 1 0
lecteurs 1 0
hilebus 1 0
wandelnd 1 0
schrittweise 1 0
lerkship 1 0
bbey 21 0
itellon 2 0
backwoodsmen 6 0
scholastic 7 0
hessalonica 12 0
pageant 10 0
itole 1 0
females 20 0
mourningfully 1 0
preciousness 1 0
erluste 3 0
apellmusik 1 0
nocco 1 0
flinched 8 0
lecturing 7 0
vocatus 1 0
vintages 1 0
lootz 4 0
pilleurs 1 0
tormentise 1 0
erlusts 1 0
ewerbes 4 0
referment 1 0
artigste 4 0
styl 1 0
cupolas 4 0
adown 63 0
wandelst 1 0
ochaber 1 0
skinned 23 0
patzenkopf 1 0
wandelte 4 0
ehrstuhl 1 0
stye 3 0
uelfsbeduerftige 1 0
eweihes 1 0
osina 1 0
stammelte 2 0
osing 3 0
amiro 2 0
adoya 4 0
couche 3 0
osimo 2 0
ookrooris 1 0
chronometers 1 0
lumbers 1 0
koodoo 1 0
forschten 1 0
effery 1 0
erstwhile 6 0
bbit 1 0
misdated 2 0
rthurian 1 0
characterise 3 0
malediction 1 0
ueberlief 4 0
queezed 1 0
tormenting 6 0
avalry 5 0
amiss 79 0
yrtaeus 1 0
lemency 5 0
elucidate 2 0
rbeitszimmer 1 0
elope 1 0
ranklins 1 0
reole 1 0
elops 4 0
rankling 1 0
overpast 1 0
unprocurable 1 0
petticoat 16 0
bbie 2 0
vibrating 11 0
overpass 3 0
lemence 4 0
saurisch 1 0
amily 172 0
spinach 2 0
verdorret 1 0
ervorbringung 3 0
dulcimer 2 0
verdorren 2 0
ondition 51 0
hinabkam 2 0
aterschwanz 1 0
ochabar 1 0
vibration 12 0
gemerkt 11 0
tallmeisters 1 0
dversaries 8 0
saturation 1 0
bridle 80 0
entrance 164 0
motley 13 0
parteiisch 1 0
rchbishopric 3 0
lomied 4 0
maenad 1 0
breastplate 4 0
unhumanizd 1 0
neospiritualistic 1 0
elons 15 0
driving 108 0
elony 1 0
amino 2 0
ecure 3 0
effete 1 0
amina 1 0
aming 8 0
infalls 1 0
amine 10 0
enigste 2 0
rzengels 1 0
acedaemon 4 0
fortdauerte 1 0
zerschmetterten 1 0
lliott 4 0
gescheuten 1 0
sentias 1 0
iebesverstaendnis 1 0
adova 2 0
alvolio 1 0
orbeireiten 1 0
enjoining 3 0
onecticut 1 0
franzet 2 0
palfreys 1 0
nocks 1 0
olitically 1 0
ieland 52 0
fortschicken 1 0
getadelt 8 0
chirurgic 1 0
misinformed 6 0
gedoppelten 1 0
hinwolle 1 0
elpke 1 0
hawser 4 0
iecher 1 0
civily 1 0
ueckenschwaerme 1 0
didicit 1 0
angebornen 4 0
bbot 14 0
ahlspruch 2 0
sitze 17 0
ebensnot 1 0
debauchees 4 0
erschieden 1 0
lieues 1 0
desisting 4 0
sitzt 31 0
rento 2 0
ruffianly 3 0
suas 2 0
bestest 1 0
remain 542 0
ermessenheit 3 0
degraded 64 0
rents 69 0
suae 1 0
upiter 135 0
luches 1 0
overpaid 1 0
geschossen 10 0
suam 1 0
rente 5 0
oellentropfen 1 0
luchen 5 0
renta 5 0
degrades 2 0
whelming 1 0
erprobet 2 0
couchant 2 0
elbstgedichtetes 1 0
nobly 34 0
mitsegele 1 0
austerities 4 0
unfamiliarity 2 0
lastschleppende 1 0
erproben 2 0
aufweckten 2 0
newcomers 1 0
urbem 1 0
uerstenhofmeistern 1 0
ampler 4 0
such 7847 0
bereitete 10 0
angebornes 4 0
prodigals 3 0
splashing 10 0
oppressions 14 0
wunderwirkende 1 0
suck 16 0
sterility 8 0
reuzer 3 0
javeline 1 0
arrowroot 2 0
arberi 1 0
erdinanden 4 0
suff 7 0
fledglings 1 0
hanticleer 22 0
resignedly 1 0
propitiously 1 0
pendulum 4 0
chlussbekenntnis 1 0
enuegen 1 0
oveliness 1 0
sues 3 0
aptest 1 0
oopuloa 1 0
suet 1 0
elphi 55 0
grossmuetigste 1 0
allzuhochfliegende 1 0
museum 25 0
degradin 2 0
embarrassing 12 0
remand 1 0
sued 6 0
elphy 1 0
javelins 1 0
unwinking 1 0
vergingen 3 0
oshua 13 0
wiederfand 2 0
ausstellen 1 0
anstehen 2 0
ndulgences 11 0
ukretien 1 0
shuffleboard 1 0
ntriketh 1 0
robierstein 1 0
zerreiben 1 0
unpathed 3 0
effectively 11 0
eemelihead 1 0
massively 2 0
urbar 1 0
brightness 47 0
excellencies 1 0
urban 8 0
departmental 1 0
untermischter 1 0
durfte 53 0
loods 6 0
guerroyer 1 0
prized 27 0
eckett 2 0
oegliches 1 0
mangle 3 0
abello 1 0
rkundigungen 3 0
savoured 3 0
antrat 2 0
confirming 13 0
auslaesst 1 0
evastations 2 0
antraf 8 0
doddering 1 0
assoilzie 1 0
collison 1 0
keimenden 1 0
comprising 3 0
alleus 1 0
ungleichen 2 0
ausgeweitet 4 0
naturalness 1 0
hroughout 52 0
prizes 36 0
oeglichen 1 0
suis 2 0
tranquility 10 0
suit 195 0
aufzuwerten 1 0
onntagstracht 1 0
tercel 7 0
erchandise 4 0
eckers 2 0
eckern 1 0
zuenden 1 0
eckerl 2 0
rolongs 1 0
zuendet 1 0
signboards 1 0
egenstaenden 49 0
fortzuschleppen 2 0
halbzirkelndem 1 0
alleys 13 0
rectifying 3 0
sulk 3 0
unoertlich 1 0
unbuckling 1 0
membranous 1 0
wesentlich 2 0
tornado 4 0
thiopia 2 0
handywork 1 0
linoes 1 0
renzy 1 0
peripatetic 2 0
extreemly 1 0
renze 22 0
perjenete 1 0
eschance 1 0
verachtende 1 0
bestens 2 0
looke 8 0
allery 9 0
lookd 3 0
abschliessen 1 0
disability 1 0
ockungen 2 0
hicaneries 1 0
suoi 2 0
jailkhana 1 0
ingerab 1 0
allers 14 0
suns 10 0
ergwaeldern 1 0
looks 331 0
atrapen 4 0
direfully 1 0
mitnahm 1 0
sunt 6 0
iebenswuerdigeres 1 0
osial 10 0
defalcations 1 0
arbeit 1 0
oralists 2 0
sunk 136 0
sung 82 0
sune 7 0
estrain 1 0
baptized 10 0
aertius 9 0
sump 20 0
burgomasters 2 0
effect 973 0
idiotically 1 0
gefaucht 1 0
childishly 5 0
osiah 19 0
sums 84 0
abruyere 1 0
volley 8 0
intelligibly 8 0
vollen 23 0
remark 175 0
vollem 5 0
estikulation 1 0
voller 31 0
volles 3 0
allett 6 0
explication 20 0
sidedness 2 0
damned 44 0
disbelieves 1 0
floeten 1 0
intelligible 75 0
looms 7 0
floetet 2 0
gestehest 1 0
tadtschreiber 1 0
chwaermereien 4 0
loomy 1 0
disbelieved 4 0
etterschnelle 1 0
mattere 56 0
auferstandenen 1 0
savourly 1 0
ungracious 4 0
strifes 2 0
linois 1 0
urzelarten 1 0
kleiner 50 0
suos 1 0
ausgeredet 2 0
kleines 38 0
couldst 6 0
kleinen 276 0
matters 463 0
sonorousness 1 0
kleinem 4 0
posterity 74 0
elmarie 4 0
escapade 5 0
extent 435 0
inundsiebenzig 1 0
vulcanised 1 0
oervyl 1 0
trembles 8 0
insipidity 2 0
dresse 21 0
apprehending 13 0
assumption 25 0
trembled 74 0
compressing 5 0
rends 3 0
sury 6 0
surf 51 0
weichliche 1 0
sure 1164 0
zustehn 1 0
escendant 1 0
rompetenschall 1 0
posterior 17 0
proceeding 65 0
unburthen 1 0
groyning 1 0
extend 125 0
manger 7 0
ntangibility 1 0
unjabi 4 0
uschelkalks 1 0
renck 1 0
rench 1007 0
chweinchen 1 0
tragbare 1 0
nastics 1 0
compression 3 0
zusteht 1 0
bindendem 1 0
muesstest 1 0
bhuet 3 0
geschicktesten 3 0
gmonten 1 0
rence 3 0
hergeleitet 1 0
etitioning 1 0
windflowers 2 0
conjointly 2 0
umkamen 1 0
renay 2 0
lendoveer 1 0
ewerage 1 0
dversity 2 0
urate 3 0
debauchery 8 0
urigen 3 0
inzelnen 3 0
urano 1 0
istoric 1 0
funnin 1 0
heimfuehrte 1 0
istoria 7 0
language 496 0
sites 146 0
aiteninstrumenten 1 0
istorie 3 0
exters 1 0
abgerundete 1 0
strangeness 16 0
attacks 80 0
odeskrampfe 1 0
sarcumstance 1 0
urraar 1 0
caricature 9 0
voracious 1 0
attackd 3 0
decaying 29 0
achthofs 1 0
counsail 3 0
centrale 3 0
ialogue 12 0
topography 2 0
eschick 32 0
ashness 3 0
aradise 52 0
ombriciens 1 0
urana 1 0
ersepolis 5 0
raeber 4 0
elaborde 1 0
raeben 2 0
lonso 1 0
tears 343 0
clamber 1 0
laugheth 2 0
kraine 5 0
unmaessig 4 0
urapu 4 0
bildlicher 1 0
ialogus 1 0
teare 1 0
terminology 1 0
abbrannte 1 0
ebensweisen 1 0
sithe 5 0
weideten 1 0
verisimilitudes 2 0
oldauisch 1 0
specification 1 0
fruehzeitigen 3 0
accumulations 4 0
fruehzeitiges 2 0
rhythm 29 0
spouted 5 0
eraubung 1 0
fruehzeitiger 3 0
tease 2 0
staedtischen 2 0
renew 34 0
emporhob 1 0
renes 2 0
attachd 13 0
transcription 66 0
herbeigeschafft 4 0
xposition 3 0
aradies 22 0
mitgrissen 1 0
whalesome 1 0
aerbung 3 0
ntgegen 1 0
gageous 1 0
stuermten 1 0
achlaessigkeiten 1 0
asphodel 3 0
writhing 11 0
malleable 1 0
ekleidung 5 0
himera 1 0
abwarf 1 0
eschirr 1 0
aisersiegel 1 0
sicherstellen 1 0
overdressed 3 0
uggage 1 0
sitte 4 0
etschaft 1 0
erzweiflung 39 0
eschamps 1 0
customary 58 0
ortour 1 0
abropedilos 1 0
taetten 1 0
roaming 9 0
ueberhangende 2 0
itnet 11 0
situa 1 0
maidenhead 19 0
evergreens 5 0
laermten 1 0
attache 1 0
esperiden 2 0
abends 75 0
esperides 4 0
hemistokles 1 0
ortosa 1 0
suggests 46 0
glaze 1 0
communication 125 0
ippokrates 1 0
wegblasen 1 0
cabinets 3 0
geheimnisvollen 8 0
profited 13 0
moccasined 1 0
artensaele 1 0
geheimnisvolles 1 0
teaze 1 0
liveliest 3 0
unwillig 10 0
reliquaries 1 0
flowing 93 0
onoluluans 1 0
fosterlings 1 0
noble 448 0
angebissen 1 0
inimitably 1 0
student 98 0
egasee 1 0
sideportal 1 0
horseflies 3 0
dicate 1 0
heaterstuecken 1 0
rgeisst 1 0
zuvorkommende 1 0
somcthing 1 0
rennt 7 0
schwiegen 8 0
artfully 24 0
dicast 3 0
bricks 45 0
kolossale 2 0
renne 3 0
erulam 1 0
lonzo 4 0
inimitable 11 0
nobis 4 0
cutty 1 0
schwatzt 2 0
bedesmen 5 0
disavow 1 0
ntscheidung 11 0
communicating 47 0
sitting 392 0
chwerkraft 1 0
ortons 2 0
stealthiness 2 0
schluerfe 2 0
eliberation 5 0
egards 35 0
revulsion 7 0
rebirth 2 0
remse 1 0
schluerft 2 0
blending 13 0
eserving 1 0
uenkerl 1 0
erkzeug 16 0
veered 8 0
alereien 2 0
bequemste 1 0
budded 2 0
nneres 4 0
entsetzt 3 0
rrraaaaaah 1 0
lagging 1 0
ntertain 2 0
rabhuegel 2 0
emuetsbeschaffenheit 3 0
adopt 87 0
ortona 3 0
stoneth 1 0
teady 6 0
wischenstuecke 1 0
bridge 187 0
inquere 3 0
vermissten 1 0
discovered 431 0
strengthening 16 0
ighwayman 3 0
lftes 2 0
fassenden 1 0
verlieben 3 0
inquest 12 0
flatboats 1 0
learista 1 0
poisoning 8 0
adore 15 0
discoverer 8 0
calendar 10 0
erbeuten 1 0
piggin 1 0
manful 2 0
salaam 5 0
issgestalt 2 0
empleton 1 0
popularisation 1 0
adorn 26 0
seekranken 1 0
amili 1 0
hrgefuehl 1 0
remov 9 0
hlwardt 4 0
herbanne 1 0
mbart 2 0
clamavi 1 0
amidu 1 0
aufgenommenen 1 0
ackwerkverfertiger 1 0
awerau 2 0
ergleichungspunktes 1 0
erschien 56 0
lonas 1 0
twining 5 0
lympiodorus 1 0
ilicischer 2 0
aufgefordert 11 0
enefiting 1 0
tvsrv 4 0
emendation 1 0
hatreds 1 0
empfaende 1 0
etersplatze 1 0
medicines 28 0
smirch 2 0
behight 4 0
remble 1 0
remus 4 0
ialogen 3 0
willingly 90 0
untasted 5 0
astlewood 1 0
zumal 12 0
hankfulness 1 0
hictaws 1 0
grownups 3 0
apekhthi 1 0
infamen 1 0
emphasize 3 0
aunigel 1 0
herrschaftlichen 1 0
effeminate 19 0
teach 210 0
bedenkend 5 0
uenkeln 1 0
brides 2 0
uenkels 1 0
squeaking 4 0
epotism 1 0
theymust 1 0
footnotes 3 0
elody 7 0
plitting 1 0
orstellungskraft 3 0
sehnlicher 3 0
uegner 3 0
ausgeloest 1 0
leidungsstuecke 5 0
wiedererkennt 1 0
arrodsburg 1 0
verreaching 1 0
taatsbuerger 1 0
oathe 2 0
immensity 7 0
capsules 1 0
satyrs 4 0
belobten 1 0
amian 30 0
linnen 1 0
chauspielerinnen 5 0
oncure 1 0
teams 6 0
slanting 10 0
oaths 30 0
orgehende 1 0
linnet 2 0
londe 4 0
oncurl 1 0
rangements 1 0
unverbesserlich 5 0
ngeformte 1 0
elobt 1 0
verzeihliche 1 0
bondes 1 0
lementa 1 0
zugemessen 1 0
souveraenen 1 0
uzzey 1 0
lemente 26 0
uzzes 1 0
uralt 2 0
dichterisch 1 0
medicinal 5 0
longd 1 0
ickleness 1 0
longe 64 0
longs 13 0
beengte 1 0
colonnades 2 0
lements 15 0
instrels 1 0
roadsides 1 0
fortzupflanzen 1 0
uestenkostueme 1 0
bridal 19 0
chwalbacher 1 0
untrimmed 3 0
lympischen 1 0
empfaengt 7 0
misinterpreting 2 0
succeeds 34 0
ollgewinn 1 0
verhaeltnismaessig 6 0
papiernen 2 0
dolorous 4 0
instrahlung 1 0
inadmissible 10 0
pavilion 5 0
ruchtstaemme 1 0
aennerbrust 1 0
aufbahn 7 0
angepasst 2 0
ensoriousness 1 0
ermuedeten 1 0
colonnaded 1 0
ecuba 2 0
enamored 1 0
delude 3 0
belauschte 1 0
andford 3 0
uriosity 14 0
heidnische 2 0
erbrecher 7 0
assionate 2 0
tuechtig 7 0
erbrechen 28 0
expostulations 3 0
ignunce 1 0
eauties 16 0
ispensations 1 0
zusammenbleibt 1 0
smirks 1 0
reconquer 1 0
abgfuttert 1 0
lovaks 1 0
aldanha 2 0
couleur 1 0
envined 1 0
manumit 1 0
uelsenfruechten 1 0
eautify 1 0
obstreperous 4 0
alomonischen 1 0
nightlong 1 0
teaks 1 0
orrectness 1 0
estimonials 2 0
vortrug 3 0
nsterblichen 14 0
mausoleum 4 0
emphasise 2 0
humdrum 4 0
avalen 1 0
honorabelste 1 0
celibacy 18 0
raecae 1 0
verliebte 5 0
ondscheins 2 0
teeming 10 0
resemble 62 0
meseveral 1 0
ranada 13 0
begannen 1 0
stratagem 14 0
bewared 1 0
ondscheine 4 0
ranach 1 0
aertliches 1 0
aertlicher 1 0
assassins 5 0
bessinier 2 0
toecken 1 0
reverie 20 0
ransgressions 1 0
rehearsal 6 0
bessinien 1 0
munching 3 0
arechal 7 0
gladiator 1 0
accesible 1 0
virginem 2 0
emmygrants 1 0
uerftigen 3 0
garstigen 5 0
prache 87 0
remarking 18 0
garstiger 1 0
arsigli 1 0
garstiges 3 0
glens 3 0
instrel 5 0
acifists 1 0
liesse 21 0
ussknechten 1 0
uenstlerwesen 1 0
loqui 1 0
verfluchte 9 0
itque 1 0
enschenschicksal 1 0
rostigen 1 0
narcotise 1 0
atthaeus 3 0
lasglanz 1 0
zerlumpten 4 0
subsiding 8 0
zerlumpter 1 0
billigste 1 0
frenziedly 1 0
reports 70 0
avern 14 0
hristabel 1 0
yelpings 1 0
aerger 11 0
auptsinn 1 0
chapitre 1 0
pruechen 2 0
skreening 1 0
otteslehre 1 0
adrad 2 0
riskiere 1 0
pontaneously 3 0
thumbed 2 0
avert 21 0
superseeded 1 0
vendors 2 0
avers 11 0
forlore 1 0
revered 30 0
visibility 3 0
virginal 1 0
adras 14 0
riskiert 1 0
hinaufrueckte 1 0
ommunion 18 0
bouncing 3 0
peisekammer 3 0
exhilarating 4 0
vertraute 22 0
trundling 1 0
liesst 3 0
fluidity 2 0
glegt 1 0
forlorn 34 0
grenadiers 8 0
schlankere 2 0
glegn 3 0
fairest 37 0
effluvium 2 0
urdus 1 0
departed 126 0
croppin 1 0
eingestemmten 1 0
sprinkling 7 0
departen 1 0
adoring 1 0
exhilaration 7 0
disconsolate 9 0
eronischen 1 0
ortinbras 2 0
nterthan 1 0
itleidens 3 0
enigsten 1 0
foreigners 118 0
eolithe 3 0
lapaau 1 0
eufzern 1 0
glees 3 0
oodfall 2 0
chapiter 1 0
stoesst 10 0
aubergewalt 1 0
brutale 1 0
avens 1 0
hitchin 2 0
eiraten 4 0
eidenwuermer 1 0
roadside 17 0
evangelisation 2 0
ricchezze 1 0
understand 845 0
hervorschlagen 1 0
innovator 1 0
eingeflochten 4 0
teeds 1 0
bildenden 9 0
chwester 105 0
reclaiming 1 0
hochgelobet 1 0
ollingen 1 0
estirnen 1 0
ureau 6 0
sszeit 1 0
ownshend 8 0
verbrennest 1 0
ollinger 3 0
noecheln 1 0
unperturbed 1 0
hyear 2 0
ntertaining 2 0
gleed 2 0
benoetigt 1 0
auszustehen 6 0
onumenta 1 0
croppes 1 0
inconsistent 71 0
ollektaneen 1 0
gewiesen 8 0
messenger 76 0
onumente 10 0
onuments 6 0
oremost 5 0
rozessakten 2 0
glede 4 0
imbitters 1 0
arrears 6 0
utschenschlag 1 0
gleam 52 0
glean 2 0
provokingly 1 0
durchscheinend 1 0
easterly 1 0
entgegensaeuselt 1 0
lorae 1 0
erschrecklich 2 0
riendship 76 0
ehrlich 18 0
engarland 1 0
loral 5 0
cropped 5 0
demaine 1 0
clappith 1 0
swat 2 0
kteur 3 0
swar 3 0
misbehave 1 0
pelisse 1 0
swap 4 0
lagged 5 0
swam 38 0
swan 24 0
undesur 1 0
sway 39 0
glebt 2 0
funfzigsten 1 0
herabschlaegt 1 0
swab 1 0
angestrengt 1 0
glebe 1 0
eufzete 1 0
aufzufinden 3 0
udworth 1 0
bushells 1 0
requi 3 0
couchen 1 0
sneers 2 0
trippeln 1 0
coucher 1 0
couches 7 0
sorely 29 0
entschluepfte 2 0
orthumberland 9 0
funfzigstes 1 0
nerachtet 1 0
orvette 4 0
ounsellors 1 0
alkgestein 2 0
hansom 4 0
couched 19 0
arbled 1 0
surging 7 0
custodian 11 0
coextensive 1 0
uiker 1 0
performing 60 0
eschauen 4 0
seltnes 1 0
eschauer 6 0
seltner 6 0
gazelles 21 0
aritaet 2 0
onreale 5 0
estimmt 1 0
frevelhafte 1 0
sterreichs 1 0
chritt 75 0
pensioniert 1 0
elpomenio 1 0
clauses 5 0
witnessing 13 0
rettfiguren 1 0
swathed 6 0
elpomenie 1 0
interchange 12 0
ehofften 1 0
jarringly 1 0
erlaeutert 2 0
umrissen 5 0
verschwammen 1 0
urinam 2 0
juryman 2 0
ugustanae 3 0
benefactress 2 0
wegfliesst 1 0
ungedultige 1 0
maners 2 0
zerstossen 1 0
dunstige 2 0
emeinsten 1 0
colors 52 0
flechten 3 0
unbeschreiblichsten 1 0
hererzaehlen 2 0
ounticellar 1 0
hilomelen 1 0
unaltered 9 0
usgemachte 1 0
weathers 7 0
billigten 1 0
itres 1 0
entrust 12 0
religion 634 0
schnellste 5 0
blossstellen 1 0
narcotics 5 0
bdul 1 0
custodiet 1 0
verflowings 1 0
senatores 3 0
reverts 2 0
halbrunden 2 0
useinanderweichen 1 0
teething 1 0
hitched 12 0
reposes 3 0
eborah 3 0
liesen 1 0
lieset 1 0
llgemeinheit 2 0
gesellige 4 0
hinwoelbte 1 0
reposed 18 0
revard 1 0
evelations 4 0
hitches 1 0
connubial 1 0
rologue 67 0
revasa 13 0
eulen 6 0
evision 3 0
trapped 12 0
eateth 3 0
ccorded 2 0
solicitor 1 0
ergriff 44 0
wiederzuerkennen 2 0
estinen 1 0
hinausgegangen 6 0
rschoepfung 1 0
geprueft 10 0
trapper 7 0
swif 1 0
indaric 3 0
hyacinth 4 0
enedetto 2 0
ultiplication 1 0
updated 4 0
jurymen 4 0
swim 66 0
injurious 49 0
ngetuem 1 0
commune 23 0
chapelets 1 0
lephants 14 0
hospitii 1 0
zupft 1 0
rediger 5 0
istoriques 2 0
yesterday 237 0
erlaeutern 1 0
bowers 5 0
aufhingen 1 0
manent 2 0
aschentuecher 1 0
temerity 12 0
eaters 6 0
infinitesimal 7 0
eclining 2 0
bowery 1 0
communicative 8 0
fructify 1 0
engineer 17 0
aubvogels 1 0
disposable 1 0
mprudent 3 0
aufgab 2 0
vertrauen 24 0
faring 7 0
colour 279 0
urder 32 0
arkets 8 0
hinaufruecken 1 0
arkett 1 0
urden 7 0
llustrious 3 0
urdey 1 0
aufloeste 3 0
ldmixons 1 0
unrestful 1 0
lizzies 1 0
reichlich 25 0
ienenstocke 1 0
gleve 1 0
imself 24 0
ommunism 14 0
otteln 2 0
verehrungswuerdig 1 0
probabilities 15 0
euillet 1 0
dervish 2 0
urdon 1 0
traeumten 1 0
uillaume 4 0
angerannt 3 0
tropfsteinfoermige 2 0
eulah 9 0
gratefulness 1 0
bowels 26 0
ommunist 9 0
einfaesschen 1 0
arkers 5 0
raehen 2 0
corporal 10 0
vorwaertsruecke 1 0
esandtschaften 1 0
steckenblieb 1 0
aufzuheben 8 0
nconveniences 3 0
hierdurch 1 0
premotion 1 0
sinuous 6 0
limestones 1 0
onsiderable 1 0
ottens 24 0
uncultivated 41 0
unverschlossenen 1 0
aluteth 3 0
gemahlen 1 0
reverse 86 0
udienzsaal 1 0
reversd 1 0
dawdlers 1 0
espanen 1 0
overtraded 1 0
swop 2 0
genewine 1 0
chnoerkeln 2 0
subsidies 18 0
swow 2 0
beam 31 0
begrub 2 0
beak 16 0
ecollections 2 0
extricates 1 0
delmut 2 0
bead 4 0
unbeschreiblich 9 0
adrid 45 0
uftstrom 1 0
beat 204 0
oraussetzung 1 0
rinzess 5 0
beau 8 0
contadina 1 0
bear 604 0
beas 1 0
brightened 23 0
bean 22 0
drohende 1 0
ombards 4 0
chelmenlieder 1 0
rehearsen 2 0
vigilant 37 0
vortrommle 1 0
ainwfight 1 0
caliger 2 0
ombardy 30 0
searing 1 0
rehearsed 3 0
ntology 3 0
extricated 4 0
wolkenartig 1 0
anceth 1 0
dairies 4 0
colony 204 0
misconstrued 2 0
beck 8 0
erzittre 1 0
mortarium 1 0
nnaeherung 7 0
ommunity 14 0
swum 2 0
beca 1 0
rostrate 2 0
brewing 3 0
sinnreichen 1 0
hyena 2 0
otters 3 0
rincipals 1 0
hospital 180 0
ottery 6 0
interviewer 1 0
abzuschuetteln 2 0
manege 1 0
amlet 64 0
solicited 24 0
bebe 1 0
lachshaare 1 0
hyrsis 5 0
chokolade 2 0
clippitin 1 0
interviewed 1 0
conical 13 0
momentariness 1 0
juggling 8 0
ochzeitsgebrauch 1 0
terior 4 0
fissures 7 0
settlements 71 0
egalio 2 0
been 13106 0
numbing 2 0
eherne 3 0
cordiality 23 0
antzic 2 0
achgiebigkeit 9 0
beef 52 0
githago 1 0
scolding 14 0
warfaring 1 0
eizkragen 1 0
lowliest 1 0
egalia 11 0
elbstvertrauen 1 0
saepius 1 0
diverse 42 0
beet 2 0
beer 62 0
netter 3 0
bees 39 0
limitations 18 0
nettes 2 0
hyrsos 1 0
ineinanderflossen 1 0
traenenvollem 1 0
traenenvollen 1 0
hellish 4 0
bamboos 5 0
bede 4 0
eschoss 4 0
netted 2 0
litigious 1 0
ustavus 26 0
xpositors 1 0
diverts 4 0
beds 89 0
begs 15 0
altfraenkisch 1 0
dissipated 24 0
orschluss 1 0
luxuriance 9 0
nbegrenzten 1 0
andlungen 61 0
unsafe 23 0
apologetique 2 0
hidest 1 0
unmatched 1 0
nbegrenzter 1 0
precentor 14 0
quadrons 2 0
skinked 1 0
hideth 2 0
lucent 3 0
genauesten 4 0
freewill 1 0
ortrag 10 0
befo 31 0
aaanst 1 0
rehearsale 1 0
zurechtemachten 1 0
ergrevieren 1 0
rerogative 6 0
verstaerkte 7 0
repel 17 0
regarded 438 0
dissipates 6 0
quadroon 16 0
wohlangelegt 1 0
volcanic 26 0
utychus 1 0
consociate 1 0
sperrten 1 0
tects 1 0
orwache 1 0
bein 22 0
beim 178 0
deriveth 1 0
aufrollte 1 0
centinal 1 0
nachzumachen 2 0
patronomic 1 0
einungen 14 0
overwrought 1 0
anheften 2 0
reply 331 0
voneinander 28 0
topian 5 0
topias 1 0
stoerte 7 0
behalten 38 0
egally 2 0
nobilest 1 0
blandishment 1 0
ernstlichsten 1 0
alentia 1 0
ohltaeters 1 0
entkleidete 2 0
tecum 1 0
behaltet 1 0
fotched 1 0
unnuetz 8 0
taatskutsche 1 0
fratello 1 0
embarrasseth 1 0
alenten 12 0
alentes 2 0
conclave 33 0
dominie 1 0
erdriesslichkeiten 2 0
unbewirtet 1 0
hitching 6 0
shoelace 1 0
fuenfe 4 0
aufens 5 0
publicans 3 0
entailed 15 0
gravestones 2 0
likeliness 1 0
noden 1 0
hinaufgerichtet 1 0
repin 1 0
geoeltem 1 0
beschauend 1 0
esprez 2 0
heatrical 2 0
raehte 3 0
bordels 1 0
reposit 1 0
bene 17 0
subterranean 12 0
bend 220 0
rbfeind 1 0
rightmindedness 1 0
befinde 26 0
hinabziehen 1 0
ungehoerig 1 0
bels 3 0
reppe 57 0
belt 47 0
chmausen 2 0
beln 1 0
bell 147 0
iliaceae 1 0
erginny 1 0
eicestershire 3 0
bellying 1 0
lamentation 18 0
mprisoned 1 0
naeherkommen 2 0
repos 1 0
bema 4 0
astrological 6 0
unwropped 1 0
anatomy 9 0
ungallantly 1 0
aufern 1 0
spazierenzugehen 1 0
caldrons 2 0
erbitten 1 0
untaintedly 1 0
enzinger 9 0
redenden 1 0
aufers 1 0
schwankt 9 0
ersonnen 4 0
isieux 1 0
bens 1 0
hyrsus 1 0
topics 32 0
bent 193 0
herzhaften 1 0
ommanders 6 0
postdate 1 0
bewohnen 4 0
honking 4 0
playfully 12 0
derbarmt 1 0
armingpan 1 0
museful 1 0
withhold 28 0
bevelled 1 0
innrer 1 0
utherpsychologie 1 0
embittered 11 0
innres 4 0
urday 1 0
vastness 9 0
teddy 4 0
entehren 1 0
gefaehrlichst 1 0
individuell 1 0
anlace 1 0
verschlingen 6 0
emporgehoben 6 0
dreitaegigen 1 0
envious 26 0
assinisse 1 0
egreift 1 0
ejagten 1 0
breakfasting 2 0
elsruecken 3 0
odesurteil 3 0
heoretically 1 0
hererzaehlte 1 0
bern 5 0
trituration 6 0
bystanders 14 0
diverge 3 0
opponent 45 0
bere 2 0
nbehagliche 1 0
oldeth 1 0
international 14 0
repub 4 0
tueckkugel 1 0
underst 1 0
assinissa 1 0
tanabata 1 0
kragas 1 0
triturating 2 0
ezeugen 1 0
klopfte 8 0
asbestos 3 0
borders 44 0
eruest 5 0
best 1870 0
redraws 2 0
ommandeur 1 0
anmutige 11 0
alpereve 1 0
goodlihead 3 0
sputter 3 0
underte 1 0
idealistic 1 0
bete 10 0
regulating 34 0
gewinnen 60 0
gruenende 2 0
bery 1 0
gewinnet 1 0
repre 1 0
undervalues 1 0
bers 3 0
compound 35 0
asserguss 1 0
seventieth 5 0
chrift 14 0
regulation 70 0
enippus 5 0
fattish 1 0
undervalued 5 0
unaufloeslichen 3 0
impolitically 1 0
onventuals 2 0
corroded 3 0
entschluepfen 3 0
frauds 18 0
convulse 1 0
seltnen 4 0
eebucht 1 0
statesmanship 1 0
agdgefolge 1 0
eifroecke 1 0
teche 1 0
symbolic 10 0
bets 4 0
beuk 14 0
crystallize 1 0
ernehmen 8 0
moechtest 7 0
auszustaffieren 1 0
schwellend 1 0
ernehmet 1 0
rninx 1 0
conniving 1 0
mermaid 4 0
metamorphose 2 0
undwerk 1 0
urcht 61 0
urchs 1 0
purporting 4 0
fatting 1 0
schoolgirl 1 0
ubaltern 1 0
unpalatable 4 0
reaction 51 0
wavers 1 0
jubilant 6 0
bevy 5 0
tecks 1 0
orientalischem 1 0
teckt 1 0
ajesties 6 0
verfallenden 1 0
oldest 50 0
uenglein 2 0
stagnation 4 0
household 137 0
gullet 4 0
chlafengehen 1 0
verfluchen 1 0
refugees 6 0
instinct 116 0
haemische 1 0
chintz 6 0
loped 1 0
avaria 48 0
umkommen 2 0
unharvested 1 0
semisoun 1 0
lopes 7 0
hereintrat 32 0
replacing 27 0
nviolable 2 0
bewohnte 6 0
areering 1 0
ierlichers 1 0
sorest 6 0
ristophanic 1 0
expires 3 0
iombino 4 0
prickasour 1 0
verlorne 4 0
microcosm 2 0
expired 24 0
politische 3 0
ustenance 1 0
rischen 1 0
sneeze 1 0
oldene 1 0
stoeret 1 0
characteristics 26 0
ominally 3 0
characteristick 2 0
groundless 35 0
abhange 2 0
stoeren 26 0
nocte 2 0
ampson 9 0
consignments 2 0
ormation 12 0
verantwortlich 1 0
erwendung 1 0
iegelsteinen 1 0
equestrian 3 0
sturdy 29 0
uftton 1 0
stepping 34 0
apprenticed 2 0
scheinbar 6 0
siven 1 0
hydra 3 0
compatible 29 0
sonderbarerweise 1 0
lopin 6 0
achricht 91 0
runkordnung 1 0
knackten 1 0
deutsche 24 0
distemperance 1 0
niformity 2 0
verloren 118 0
apprentices 23 0
boarding 17 0
cutari 1 0
emokratie 1 0
fuenfhundert 1 0
ussenbleiben 4 0
nettle 4 0
unprosperous 4 0
dominus 2 0
geeigneten 1 0
patchouli 1 0
sturbs 1 0
undergo 47 0
verloer 1 0
legionaries 2 0
aechtgen 1 0
eujahrstage 1 0
enwrapped 1 0
ucephalus 1 0
einpferdigen 1 0
imeguen 2 0
emporium 7 0
ristophanes 13 0
kunstreiche 3 0
musike 1 0
rwartung 28 0
preferably 2 0
almerston 1 0
rrgaengen 1 0
crystalline 8 0
delsteinen 2 0
wurdet 1 0
armater 1 0
descending 78 0
wurden 221 0
ahnwitziger 1 0
preferable 28 0
gestoert 20 0
punctuality 12 0
gesticulations 2 0
klopfen 3 0
verstaerken 4 0
repentings 2 0
lackwell 2 0
remier 2 0
allmal 4 0
rances 54 0
ecclesiastic 13 0
gefaehrlichen 20 0
gefaehrliches 3 0
gefaehrlicher 10 0
verlobt 1 0
nbehuelflichkeit 1 0
soiled 17 0
teiltest 1 0
ewunderer 2 0
verlobe 1 0
haunting 11 0
manded 1 0
oranges 9 0
repay 40 0
cherbelesen 1 0
fixieren 1 0
unsaid 3 0
avarre 28 0
misapprehend 2 0
doated 1 0
mander 2 0
underdo 1 0
icinironi 8 0
enalties 2 0
livings 4 0
himbun 1 0
urillo 3 0
verrenkt 2 0
valuing 3 0
fairly 216 0
gschrieben 2 0
stahlen 1 0
unsustained 1 0
aufzufodern 1 0
otanical 1 0
ibirien 1 0
markten 1 0
acheverell 3 0
pommels 1 0
shocks 15 0
shortly 205 0
verrennt 1 0
besaenftigen 9 0
criterion 20 0
dementit 2 0
ickkopfe 1 0
ungestoert 9 0
racchen 1 0
ornamental 41 0
rnstead 43 0
playfulness 5 0
ekloeppelt 1 0
deciphered 2 0
zusah 2 0
unaufhoerlichen 2 0
unaufhoerliches 1 0
efface 3 0
agdelain 1 0
ampenschein 1 0
linked 23 0
linker 5 0
pfusche 1 0
linken 18 0
amned 1 0
tyrannised 1 0
embarrassment 45 0
gedienet 1 0
divests 1 0
pfuscht 1 0
forswearings 1 0
amnes 1 0
ncubus 1 0
cclesiastical 13 0
cclesiasticam 2 0
resse 5 0
stupifying 1 0
interrogations 3 0
otsunagi 3 0
cclesiasticae 2 0
interpreters 12 0
musing 16 0
nvincible 1 0
masquerade 3 0
icaea 1 0
erbindung 71 0
hidias 15 0
teetotaller 3 0
hidian 1 0
chines 1 0
capuchin 1 0
ueffelherden 1 0
remedy 144 0
herunterneigten 1 0
demented 5 0
wegkehren 1 0
adjustable 1 0
hesitate 71 0
blackboard 3 0
ornamented 44 0
jabber 2 0
traktierte 1 0
nnette 1 0
ataract 13 0
strikes 44 0
gluecken 3 0
chachspiele 1 0
funked 1 0
millennarians 1 0
verschwiegenen 1 0
eroeffnete 26 0
heaterkleidern 1 0
genennet 2 0
offmeister 9 0
tancarus 1 0
improvement 421 0
falding 2 0
erstreckten 2 0
interpretess 1 0
ornamentes 1 0
begoss 2 0
stumpfsinnig 1 0
osmos 2 0
russians 12 0
debateable 1 0
oehlungen 1 0
unformed 1 0
andragola 4 0
motherhood 6 0
itteltuer 2 0
zitternde 2 0
shorten 11 0
ildness 2 0
shortes 1 0
shorter 49 0
kuenftige 22 0
ivilians 1 0
uebernaehme 1 0
urged 157 0
schwindlig 2 0
urgen 1 0
teines 4 0
lasglocke 1 0
urgel 2 0
urges 8 0
fundamentals 2 0
ariscotti 1 0
drench 5 0
fairer 25 0
wlatsem 1 0
aterstadt 15 0
resum 1 0
urghs 1 0
oaster 2 0
beschraenket 2 0
mpfaengnis 1 0
nmanly 1 0
beschraenken 2 0
nschaun 1 0
uartiere 3 0
jeunesse 2 0
reste 5 0
icuessa 1 0
rests 70 0
uartiers 2 0
milord 1 0
bleating 10 0
einseitigen 1 0
pipers 1 0
gulped 5 0
resst 1 0
estechlichkeit 1 0
hickens 3 0
impaling 1 0
utenburg 2 0
nostrum 2 0
orallenfischer 1 0
buhlten 1 0
nachweisen 1 0
syfe 2 0
ingenii 2 0
schmeichelnder 1 0
bsurden 1 0
schmeichelnden 4 0
loten 1 0
zweifelndem 1 0
lumbago 1 0
zweifelnden 1 0
lotel 88 0
whopper 5 0
unresting 2 0
rememb 3 0
admission 63 0
kuehnlich 2 0
urgan 1 0
blaute 1 0
scheinest 1 0
tuempfchen 2 0
auszustreuen 1 0
ugmented 1 0
wohlgemeintes 2 0
wohlgemeinten 1 0
ilbenfall 1 0
wiftness 6 0
teinen 26 0
unternimmt 2 0
itbruder 1 0
erwartet 42 0
jolting 3 0
erwarten 79 0
universam 1 0
universal 218 0
yrtenzweige 4 0
ordostwind 1 0
verbroeselt 1 0
labyrinths 2 0
chinks 5 0
estitutionist 1 0
ueberlebe 2 0
underskirt 2 0
ersprochenen 1 0
redolent 8 0
hickery 2 0
aufstehen 6 0
multiplicity 11 0
endlos 2 0
tidiness 1 0
bruechige 1 0
unamen 1 0
psprings 1 0
ndying 1 0
nostrae 1 0
eimgange 1 0
wlatsom 1 0
freedee 1 0
ittle 137 0
etaphern 1 0
nostram 1 0
abgefertigt 5 0
eniessenden 2 0
cherzreden 1 0
ouching 6 0
odesgoettin 1 0
coughe 1 0
leckchen 2 0
crescetur 1 0
arelesses 1 0
maconnerie 2 0
rauenspersonen 1 0
isturbances 6 0
impleton 1 0
umiliation 1 0
carbonised 1 0
losin 2 0
upernatural 1 0
olesworth 1 0
chwefelkies 3 0
eltre 2 0
outweigh 8 0
verabschiedete 1 0
incautious 3 0
bestand 21 0
colourful 1 0
uilty 4 0
ebotes 1 0
zuzuschreiben 8 0
inflexibility 2 0
evasions 4 0
individuals 200 0
manche 100 0
happeneth 2 0
printsellers 1 0
elton 8 0
herumtraegt 1 0
assensum 1 0
siastic 1 0
opranen 1 0
taphylinus 1 0
ucharist 27 0
syne 8 0
forttraeumen 1 0
anstellt 2 0
everywhere 259 0
gladly 109 0
nclito 1 0
olterers 1 0
onuloo 2 0
esprit 2 0
plainness 1 0
retchedness 2 0
gastric 4 0
chnittchen 1 0
frolicksome 1 0
coughs 1 0
resseidis 2 0
situated 103 0
ineveh 4 0
ewberry 2 0
eliebter 17 0
eliebtes 1 0
debauching 2 0
iegelring 2 0
itter 73 0
aptize 1 0
lobbies 1 0
itten 37 0
ittel 110 0
nausrennen 1 0
libelled 1 0
edaillen 1 0
equipoised 1 0
anwenden 13 0
bergauf 2 0
rbilde 4 0
erthrown 2 0
eligionsneuerung 1 0
ellfare 5 0
nostril 4 0
uebungen 11 0
eliebten 61 0
designate 12 0
ameluke 1 0
osmer 1 0
chested 6 0
ustatia 7 0
angezogener 1 0
anwendet 3 0
undertooke 1 0
rviragus 12 0
durbar 1 0
resen 1 0
prachtvollen 2 0
prachtvoller 2 0
eltic 3 0
guard 199 0
lagert 1 0
aterielles 1 0
centimes 1 0
verzaertelten 1 0
splintered 3 0
fhatt 1 0
pparat 1 0
freedom 474 0
eltis 1 0
canzoni 1 0
conquerours 1 0
focussed 1 0
dementat 1 0
lagern 1 0
orsehung 4 0
betrifft 26 0
gemessensten 1 0
ittar 2 0
rescu 1 0
efolges 2 0
hilocles 1 0
libertines 4 0
overtrading 8 0
cussing 3 0
decreeing 2 0
rueckkehr 1 0
ittag 30 0
worshipper 14 0
orderung 6 0
elastischem 1 0
hotter 15 0
hottes 1 0
euglin 2 0
ewahrwerden 1 0
losse 1 0
typhoons 1 0
husker 1 0
sanjaks 1 0
worshipped 31 0
attractiveness 4 0
begreiflich 21 0
aertels 1 0
glades 8 0
battleships 5 0
beschraenkte 4 0
meekely 4 0
losst 1 0
rchbishop 96 0
tormenteth 1 0
aptist 17 0
unasked 8 0
prebendary 26 0
zugeben 12 0
mbriel 1 0
gladde 2 0
vaudeville 1 0
esiderius 1 0
unauthorised 1 0
resil 1 0
uebelgesinntesten 1 0
fervour 25 0
rgetzungen 1 0
spielen 94 0
spielet 2 0
varnished 3 0
unaluu 1 0
bestahl 1 0
miscalculated 2 0
elten 22 0
greatful 1 0
guano 4 0
aptism 4 0
elter 1 0
eltes 1 0
auschgold 4 0
ankerott 1 0
denouement 2 0
loste 2 0
ageloehner 1 0
laubensgenossen 1 0
limitatioun 1 0
cougar 15 0
splitter 1 0
pparel 6 0
disbanding 1 0
kroenen 2 0
abwesend 7 0
competently 3 0
stupid 116 0
perpetuae 1 0
kach 1 0
perpetual 120 0
perpetuam 1 0
dunkelm 1 0
dunkeln 16 0
ancers 1 0
oenitentiae 1 0
zusammenhielten 1 0
importunate 11 0
humidity 1 0
wresting 1 0
apitaelform 1 0
rthodoxorum 1 0
vernaccia 1 0
hinueberzog 1 0
asakata 1 0
ataliens 10 0
wischenraeumen 1 0
ammas 15 0
corporis 1 0
raefin 84 0
entzweizuschlagen 1 0
farmin 2 0
ackataia 2 0
morgenlaendischen 4 0
chmiere 1 0
hansoms 1 0
kaem 4 0
ressois 2 0
fuerchterliches 2 0
uftrag 30 0
sixth 67 0
fuerchterlicher 3 0
isolate 1 0
artistischen 1 0
fuerchterlichen 12 0
stehenden 12 0
customers 50 0
skulked 2 0
citadels 2 0
sixty 214 0
rillen 30 0
ituation 66 0
slepte 2 0
chimes 3 0
verworren 8 0
chimed 4 0
wischenspiele 1 0
schnellten 1 0
itruv 5 0
mpunity 5 0
ercenaries 3 0
oslim 1 0
anblickten 1 0
ernichtung 4 0
deepened 28 0
verrament 1 0
kago 2 0
disembowelled 1 0
asserbaechen 1 0
vehement 16 0
apologetically 10 0
hebette 1 0
lauwarmes 1 0
ohrinnen 1 0
verwandtschaeftliche 1 0
prospective 16 0
abfallenden 1 0
ingkaestchen 1 0
stehendem 1 0
meekest 3 0
ommunications 3 0
roameth 2 0
pastoralism 1 0
oerdernis 1 0
boorishly 1 0
eldzug 1 0
ichterstuhl 3 0
morgenlaendischer 1 0
geschlummert 2 0
verheirateter 1 0
glaubtest 1 0
hocaea 3 0
reron 3 0
scintillation 1 0
eleidigung 6 0
farmed 4 0
empfanden 7 0
nsicht 14 0
disaggregates 1 0
sermoning 3 0
uebergeraeumige 1 0
adsen 2 0
uggets 2 0
ueckwege 3 0
aradeis 2 0
fragrance 33 0
displeas 3 0
zerflossen 3 0
farmer 233 0
echtschaffenen 1 0
hammocks 1 0
rerum 3 0
herzufahren 1 0
bscheuliche 5 0
mechanical 67 0
counsels 34 0
molestiert 1 0
verschmaehte 5 0
unwiderstehlichen 6 0
unwiderstehliches 3 0
unwiderstehlicher 1 0
sephisms 1 0
klopfenden 1 0
verschmaehst 3 0
unpronounceable 2 0
bestreichen 1 0
chimpf 2 0
aufloesen 4 0
etaphysics 4 0
oamlicher 1 0
uckwheat 2 0
reappointed 4 0
sluggardy 3 0
complines 1 0
unerwartet 11 0
aufloeset 2 0
itron 1 0
hantle 8 0
kami 1 0
uillt 1 0
brought 1517 0
kamm 1 0
stupor 8 0
assenten 1 0
kamt 1 0
composed 239 0
robzeit 1 0
unschuldigste 2 0
assented 36 0
eather 32 0
kundschaften 1 0
eathen 4 0
unsound 17 0
aturerscheinung 2 0
knoecheltief 1 0
disembark 1 0
composer 6 0
composes 5 0
mrcnext 3 0
kalt 31 0
urrent 10 0
ahmens 2 0
ilberstoff 1 0
mercurial 3 0
nflug 1 0
stuppa 1 0
einfoermig 3 0
kale 1 0
uills 1 0
urfew 2 0
prospecting 3 0
froemmer 1 0
postures 3 0
spielte 41 0
umzusehen 14 0
outrage 63 0
raefte 75 0
brennen 10 0
edeihen 2 0
glabra 2 0
wiggled 1 0
hantom 4 0
edaillon 2 0
chimla 4 0
kann 1095 0
ausreden 5 0
knewest 4 0
sordid 22 0
counseil 1 0
hinschuetten 1 0
beschneite 1 0
postured 1 0
dramyttium 1 0
oneless 1 0
kana 15 0
ontrition 1 0
losed 1 0
outraie 1 0
loses 52 0
loset 5 0
loser 18 0
reiteration 2 0
zugespitzte 1 0
losen 3 0
sonorously 1 0
pastorals 3 0
gebundener 1 0
marvelling 1 0
erstaunen 2 0
kapo 2 0
relying 12 0
ersticke 1 0
witsch 2 0
efangennehmung 1 0
erstickt 4 0
stumble 12 0
tratonicus 10 0
placuit 1 0
variedly 1 0
ebenszeit 1 0
musket 6 0
somewhere 135 0
einforcements 5 0
environ 3 0
mancipation 5 0
objective 10 0
lorel 1 0
cclesiasticus 1 0
ueberlebt 5 0
kase 11 0
inclinations 37 0
thalamon 1 0
cclesiasticum 5 0
nichtly 2 0
teele 49 0
inkonsequent 1 0
teems 1 0
otenmahlen 1 0
hoeflichste 1 0
ittelart 1 0
reiterating 1 0
collie 2 0
lorde 12 0
lords 76 0
karg 4 0
chilus 1 0
alvinisten 1 0
rwell 1 0
kari 4 0
redeemed 13 0
curtains 56 0
durchs 28 0
kaut 1 0
elson 10 0
urels 1 0
teens 2 0
kaua 1 0
orothea 12 0
urely 130 0
ugmentis 25 0
hetrurischen 1 0
crippled 16 0
oaxer 7 0
hanted 1 0
kaum 273 0
uelflosen 1 0
aborious 1 0
misanthropy 9 0
lorez 1 0
hampaign 56 0
plaudern 2 0
abertausend 1 0
einhelfen 1 0
blauer 3 0
kata 2 0
misanthrope 5 0
onopolies 4 0
proceedeth 2 0
censorious 3 0
unsearchable 1 0
neblichte 1 0
blauen 25 0
avapai 16 0
ntfuehrung 2 0
conveniencies 16 0
laughing 183 0
vermehrenden 1 0
declare 208 0
ueberlege 2 0
bedacht 13 0
puellae 1 0
rophesies 1 0
declard 2 0
receded 9 0
lorie 4 0
ueberlegn 1 0
rwerb 10 0
aggerston 2 0
claiming 26 0
puellas 2 0
kawa 1 0
ransmigrations 1 0
rillon 1 0
pugnacity 2 0
loris 1 0
farmhouse 9 0
iiinner 1 0
gmeint 10 0
pinching 8 0
studios 1 0
becamean 1 0
athlete 10 0
esdemona 1 0
luellen 2 0
itsel 7 0
bragwort 1 0
athless 1 0
composts 1 0
aiwetter 1 0
altruism 1 0
ueberlegt 8 0
kruemmete 1 0
ymbeline 1 0
steereless 1 0
bhai 1 0
kayu 4 0
doleful 12 0
figures 196 0
irregehen 1 0
endearings 1 0
figured 24 0
clapping 13 0
linius 1 0
scurried 1 0
egotistical 6 0
glacis 1 0
shoddy 4 0
manoeuvre 12 0
pygmies 5 0
heftigsten 14 0
urteldaube 1 0
chattenseiten 2 0
perishable 16 0
turnpikes 6 0
roguishly 1 0
teckbriefjaegerlein 1 0
phosphate 1 0
ammon 7 0
taatsmann 4 0
heavenward 2 0
weifelnd 1 0
andragora 1 0
eustempel 1 0
ompostella 1 0
plungings 1 0
roblem 4 0
kraeuselte 1 0
nichten 2 0
betriege 1 0
escapeth 1 0
rdinary 6 0
collay 10 0
teeth 190 0
emeaean 1 0
escapest 1 0
drivest 2 0
declame 1 0
collar 45 0
ammit 3 0
hawmies 1 0
joyfully 14 0
cknowledgments 7 0
ickedness 21 0
verdriesst 8 0
thrills 4 0
ophronia 1 0
lanterns 35 0
ortsmt 1 0
rioresses 1 0
invocation 12 0
kaze 54 0
nachzublicken 1 0
expenditures 2 0
alleyway 1 0
bnahme 1 0
drivers 24 0
erteidigungszustande 1 0
provoked 41 0
sittest 2 0
intestine 10 0
promulgation 2 0
verstaendige 16 0
verschmaehen 3 0
provokes 5 0
upplement 6 0
objection 123 0
lorne 1 0
sitters 12 0
herueberquartiert 1 0
lodius 1 0
raeger 2 0
brudderin 1 0
objecting 6 0
gesegnetsten 1 0
erugia 6 0
alvinistic 12 0
lilting 1 0
majestate 1 0
muskit 4 0
ouriste 3 0
sixes 1 0
elsen 101 0
sacked 3 0
begone 13 0
crashed 10 0
heissest 2 0
undulfus 3 0
triffst 3 0
ynthia 187 0
ammel 1 0
lagdon 1 0
nanstaendigkeit 1 0
ammer 61 0
chrysanthemums 1 0
collet 3 0
brennte 1 0
accepted 209 0
omanischen 1 0
ammed 7 0
ymberly 1 0
erstaunte 10 0
zurueckschaudern 1 0
sitteth 8 0
declaim 2 0
testimony 148 0
ammet 1 0
eingeschlaefert 1 0
erstaunst 1 0
lorse 1 0
trebsames 1 0
herauszupft 1 0
hinueberbringe 1 0
ausarbeiten 1 0
intertangled 4 0
stonish 2 0
komparierenden 1 0
studier 1 0
studies 115 0
etitioners 6 0
greatest 859 0
oslem 1 0
infahrt 4 0
keuchend 1 0
studied 127 0
hereindringenden 1 0
hantal 3 0
xamples 11 0
apierbogen 1 0
ppointments 10 0
slidden 1 0
betriegt 3 0
reres 1 0
ulfillment 2 0
plenishing 2 0
kruemmten 1 0
awneys 1 0
reusa 1 0
vagrancy 1 0
ampfe 7 0
oppelfenster 1 0
nform 3 0
rueckten 3 0
smacks 3 0
aupteigenschaft 1 0
rnold 305 0
ndaechtigen 2 0
amilcar 2 0
postman 1 0
ussgaengers 1 0
ussgaengern 3 0
reveet 2 0
gateways 8 0
wedded 62 0
scarified 1 0
abgeschlossene 1 0
upstood 1 0
unverwandtem 2 0
unverwandten 1 0
bepackten 1 0
galvanism 1 0
urial 5 0
gehoeret 1 0
eilchen 12 0
wedder 16 0
ehemet 3 0
herumbeissen 1 0
wedden 1 0
inkenden 1 0
isenach 1 0
niederhauen 1 0
dieselbige 3 0
gehoerig 7 0
southerners 1 0
zerstreute 7 0
benefactions 4 0
laudian 7 0
unremitted 4 0
highroad 3 0
elven 1 0
elvet 3 0
ypresse 6 0
elves 6 0
hushed 15 0
bewirken 6 0
strument 1 0
teige 1 0
zerstampft 2 0
emissaries 3 0
entgegenstand 2 0
godheads 3 0
aesschens 1 0
osenoele 1 0
urich 35 0
glitt 2 0
ddertongue 1 0
forcutteth 1 0
weltering 5 0
unishable 1 0
abutted 1 0
ingehen 2 0
pinioned 1 0
illiterate 21 0
farest 1 0
iccio 1 0
advis 7 0
arlstadt 20 0
moistening 1 0
reizende 23 0
glise 5 0
vorbeidraengte 1 0
approachable 2 0
eisekoffer 1 0
sitzendes 2 0
incision 2 0
sitzenden 6 0
fareth 9 0
cowardice 42 0
hronik 1 0
mitspieln 1 0
laecherlich 22 0
guckt 2 0
manuals 4 0
nachlaessig 7 0
verglich 8 0
aenkchen 1 0
aushaeltst 1 0
oldier 20 0
ottian 1 0
weggezogen 4 0
blaked 1 0
indispensable 74 0
atarrh 2 0
letchers 2 0
chlangen 6 0
burningly 3 0
unsupported 13 0
zustatten 17 0
perforating 1 0
acceptor 3 0
otgrave 1 0
ampen 10 0
hrongs 1 0
indispensably 8 0
wolfishly 1 0
ampfes 1 0
wildes 9 0
reuss 1 0
wilden 26 0
mbiss 1 0
amper 3 0
immelslande 1 0
wilder 19 0
verlechter 1 0
teile 5 0
soberest 3 0
hinzugehn 1 0
satrapies 1 0
leopards 7 0
teils 111 0
wirksamsten 1 0
muetterlich 1 0
loved 420 0
outriggers 1 0
owsomever 1 0
loven 4 0
hronen 1 0
ebruelle 2 0
pplotments 1 0
sacht 3 0
hrones 3 0
revent 1 0
uebereinanderpurzelten 1 0
efensio 3 0
reuzt 1 0
herausgefordert 6 0
teilt 8 0
glint 2 0
ederigo 1 0
reuze 3 0
bewillkommte 2 0
ehrliche 10 0
deferred 13 0
ehrlichs 1 0
netway 2 0
ecollect 3 0
teins 2 0
acquiring 74 0
noise 173 0
chweidnitz 2 0
teine 52 0
ffenders 6 0
lovey 1 0
wastage 2 0
reminder 4 0
revelt 1 0
lover 246 0
loves 133 0
revels 11 0
yklopen 2 0
einsetzt 1 0
noisy 52 0
agieren 2 0
ungedruckten 2 0
eighton 3 0
imponieren 1 0
justices 14 0
onsider 28 0
reminded 74 0
overgrow 1 0
manati 1 0
gaukelt 1 0
ompelled 1 0
uncreated 1 0
ampan 2 0
scientifically 5 0
erkstatt 3 0
bhub 1 0
gaukeln 1 0
sluggard 3 0
ounsellor 6 0
sacks 24 0
gehoerst 2 0
liederlichen 3 0
verbessert 6 0
elvetischen 1 0
prangend 2 0
estruepp 2 0
schenket 1 0
teigs 1 0
teigt 1 0
schenken 17 0
reverd 1 0
lovis 1 0
revere 16 0
lovin 2 0
iturg 1 0
comparison 150 0
ierzehnte 2 0
avish 1 0
osebush 1 0
revery 2 0
avise 3 0
revert 10 0
ellegarde 1 0
revers 1 0
uried 1 0
paeterhin 1 0
redraw 2 0
urien 3 0
verbessere 1 0
klippeln 1 0
lasmasse 1 0
improve 132 0
improvd 3 0
uries 10 0
verbessern 8 0
weddin 7 0
urier 12 0
arufutogawa 3 0
doating 1 0
ottesfurcht 2 0
hrenstellen 2 0
optisch 1 0
unverzeihlich 3 0
vaticinations 1 0
bedrohe 1 0
renicola 1 0
zitternd 6 0
mphyction 1 0
tiquette 2 0
avity 1 0
begeht 1 0
descendeth 1 0
recasting 1 0
hayloft 1 0
begehn 2 0
geologue 1 0
manciple 2 0
anlegte 3 0
interdicted 6 0
pelagus 1 0
osalind 1 0
osaline 1 0
urige 1 0
uenstliches 1 0
saliva 5 0
gehoerte 16 0
begegn 1 0
pretreptikon 1 0
lining 16 0
cautery 2 0
urigx 1 0
ignificavit 1 0
eighths 9 0
nnachahmlich 1 0
orhambury 5 0
louke 1 0
beimass 1 0
zitterte 5 0
hinaufgefuehrt 1 0
abgedruckt 1 0
ballance 5 0
zugeeignet 4 0
redenztellern 1 0
rotege 1 0
quagmire 11 0
sliders 1 0
efaengnisse 1 0
schimpft 1 0
ouchardon 1 0
syphon 2 0
ettres 7 0
estirred 1 0
ankred 4 0
redrew 1 0
pacifying 2 0
suaviter 1 0
sabot 1 0
muslin 24 0
wandered 86 0
tachelguertel 1 0
ollinses 5 0
ampeyo 2 0
otting 1 0
adorers 1 0
immediatly 1 0
wanderer 11 0
waterwagons 1 0
trunchoun 1 0
languidezza 1 0
abzaehlt 1 0
ausgeschlafen 1 0
eckereien 6 0
begets 7 0
scholium 2 0
uarrels 4 0
sumpfige 1 0
ternen 5 0
behelfen 4 0
perplexed 43 0
authenticity 15 0
olksreichtum 1 0
ernardin 1 0
hererzaehle 1 0
reichbeladnen 1 0
undefil 1 0
outweighed 4 0
whaleship 3 0
gemeinschaftliches 1 0
perplexes 5 0
manala 1 0
gemeinschaftlicher 2 0
misrepresent 6 0
oepfchen 11 0
unsertwillen 3 0
zitterst 2 0
biah 1 0
ilzsucht 1 0
orgefuehle 2 0
biad 17 0
eelection 1 0
rotect 1 0
featherd 1 0
hymodes 2 0
statecraft 2 0
gemeinschaftlichen 3 0
ambiguously 2 0
feathery 10 0
beunruhigt 11 0
feathers 47 0
anordnet 1 0
bias 10 0
majestatem 1 0
dishonorable 13 0
anordnen 1 0
pathless 4 0
sleuth 2 0
winsome 2 0
erleichtern 11 0
reuet 2 0
erleichtert 18 0
dauphin 1 0
beschraenkenden 1 0
eighted 1 0
mockery 19 0
tenoned 1 0
reuer 1 0
weeehren 1 0
spierin 2 0
losschlugen 1 0
reuen 2 0
lount 4 0
reuel 1 0
entfliessen 1 0
touchest 3 0
laudius 7 0
luttes 1 0
ersonen 131 0
akuratoge 1 0
rdensonne 1 0
andbaron 1 0
sable 16 0
istinctions 3 0
auernhaeuser 1 0
reude 254 0
indigestible 6 0
begnuegten 2 0
toucheth 3 0
redrawing 4 0
witchcraft 6 0
uinta 1 0
vorgegebene 1 0
mutabit 1 0
ymposium 1 0
ampus 4 0
clarionets 1 0
vorgeheuchelt 1 0
ternal 19 0
manage 166 0
isfortunes 20 0
drehte 4 0
evenements 1 0
erminologie 6 0
drehen 5 0
ducatoons 3 0
allerhinderlichste 1 0
louse 1 0
cabbage 29 0
chicke 1 0
unlacquered 1 0
haeuft 2 0
osidippus 4 0
guffled 1 0
abhaengig 5 0
cudgelling 2 0
iccus 1 0
umuhana 28 0
nappeth 1 0
verbleiben 1 0
haeufe 1 0
biet 1 0
mutable 4 0
stensibly 1 0
bier 14 0
hannon 1 0
bien 13 0
lousy 1 0
reciprocation 2 0
onnaught 1 0
bide 30 0
rmuedung 3 0
bidd 1 0
egelmaessigkeit 3 0
zurechtekoemmt 1 0
ehnsessel 1 0
preventive 4 0
aushaelter 2 0
chickt 1 0
reuil 1 0
eingeengt 1 0
reuig 3 0
ajuete 4 0
bids 30 0
famished 5 0
chicks 1 0
ingegni 2 0
comradeliness 2 0
lichtbraune 1 0
dultery 1 0
inesse 2 0
glasses 71 0
einerseits 2 0
xtending 1 0
ersonal 32 0
discoursed 6 0
performers 8 0
ecorder 2 0
incisive 2 0
discourses 20 0
biff 1 0
rkenntnisvermoegen 1 0
ilbererle 1 0
redress 47 0
ollinson 7 0
abandoning 13 0
issetaetern 1 0
taates 3 0
abhalten 18 0
gloffstein 1 0
wiederfindend 1 0
taaten 12 0
sabre 7 0
recognizing 17 0
menschenfreundliche 1 0
pinnweben 2 0
bursten 3 0
flammten 1 0
wanderte 2 0
minutiae 1 0
kkord 2 0
oncession 2 0
abhaengen 4 0
wiederkehren 3 0
gepressten 2 0
osoms 1 0
perceives 18 0
gepresster 1 0
ollaenderinnen 1 0
gepresstes 1 0
reund 324 0
ousekeepers 1 0
quickstep 1 0
perceived 198 0
ample 87 0
eniessen 1 0
residents 23 0
luendert 1 0
uinzy 1 0
deuced 5 0
abgerissen 2 0
rotestationen 2 0
einigten 1 0
unalloyed 2 0
zerlegt 1 0
gehoeren 21 0
fooles 8 0
funere 1 0
quicknesse 1 0
imonian 1 0
begierdenfreien 1 0
breezes 9 0
ersteckte 1 0
ondescending 1 0
gefaltet 4 0
leniently 2 0
lauding 1 0
purposeless 3 0
laudine 6 0
amply 34 0
fooled 17 0
wildly 41 0
inaccessibility 1 0
ktion 2 0
edaechtigkeit 1 0
omposers 1 0
misjudgment 1 0
ilsynton 1 0
bursted 1 0
osoki 7 0
decora 1 0
hinschwimme 1 0
gaping 23 0
reductions 8 0
whetting 3 0
beklommen 2 0
bracelets 15 0
unfathomable 9 0
avidity 13 0
widrigen 12 0
bind 66 0
depending 28 0
widriger 3 0
prevention 8 0
bilt 1 0
uinen 32 0
lsynbrod 1 0
vergangner 1 0
preventing 47 0
aduky 2 0
nineteen 51 0
consignd 3 0
vergangnen 3 0
bilk 1 0
bill 180 0
hirling 2 0
taatsgeschaeften 1 0
bile 7 0
turtlehead 1 0
accordeth 2 0
consigns 1 0
reton 14 0
adult 18 0
bios 1 0
ilberts 3 0
hinreichen 10 0
unwemmed 3 0
ehende 1 0
chluepfrige 1 0
insteigen 1 0
roteus 4 0
eluco 1 0
fuddermo 2 0
luegelspiels 1 0
ushering 1 0
bassides 1 0
stockhoch 1 0
bekommen 40 0
hysterically 3 0
bins 1 0
retna 5 0
uggler 1 0
uggles 7 0
verteilt 8 0
uechengewoelbe 1 0
involvd 2 0
involve 30 0
enmark 52 0
adung 1 0
elude 10 0
rothaarigen 1 0
wiederholend 2 0
govemed 1 0
deucht 18 0
urham 4 0
jackknife 1 0
arfenspielerin 1 0
aviad 3 0
deluding 7 0
elbstverteidigung 3 0
delivd 1 0
paralyze 2 0
cheated 18 0
retun 1 0
launching 7 0
ndigung 1 0
retty 13 0
anerkanntem 1 0
unsely 2 0
anerkannten 2 0
erplexing 1 0
bird 208 0
uince 1 0
retti 2 0
rette 5 0
nohow 3 0
unterrichtete 5 0
entring 5 0
ublimity 1 0
aerterin 5 0
amoan 1 0
dreien 2 0
randison 18 0
allads 4 0
dreier 1 0
ederhut 2 0
bist 256 0
overstrained 1 0
biss 5 0
outpourings 5 0
elanippides 4 0
graziose 1 0
uinea 24 0
bite 65 0
ehrenhafte 2 0
strippe 2 0
uined 1 0
andwerksburschentraditionen 1 0
caracols 1 0
uerschchen 1 0
custos 1 0
decoys 1 0
custom 225 0
allace 25 0
ktrice 1 0
birk 1 0
fattest 2 0
unenlightend 1 0
uincy 27 0
slewed 1 0
interpret 24 0
uindi 1 0
anormite 1 0
onciliabulum 1 0
orporal 5 0
ecision 7 0
husing 1 0
preparate 1 0
coches 1 0
cheatin 1 0
uinny 1 0
nfirmities 9 0
calamities 42 0
haettn 2 0
eleucid 2 0
riginals 2 0
erantwortung 4 0
haette 715 0
bits 50 0
bitt 14 0
classification 16 0
ulcinellbeinchen 1 0
queenly 2 0
riginale 4 0
wilderness 112 0
peytrel 1 0
unaque 1 0
uperficial 1 0
erplexity 1 0
loudy 1 0
centrifugal 6 0
louds 24 0
endham 1 0
fattens 3 0
einreitend 1 0
insinuating 16 0
temperings 1 0
oreigner 4 0
ittre 2 0
insinuation 6 0
euergeschrei 1 0
wickau 2 0
eunte 2 0
schwingen 4 0
firsichblueten 1 0
darumgehaengt 1 0
etcalf 1 0
nutemeg 1 0
shetten 1 0
loude 10 0
ungewoehnlichen 3 0
iskurse 3 0
marvellous 62 0
umpenbeschaeftigungen 1 0
ungewoehnlicher 4 0
ehenna 3 0
ungewoehnliches 1 0
unseen 52 0
residency 24 0
angegebene 1 0
ldenbarneveld 2 0
piazzas 1 0
rimming 1 0
daemonium 1 0
verziehen 11 0
tehen 5 0
utenberg 1236 0
arbeitscheuen 1 0
lough 6 0
ipparchus 2 0
immortelles 2 0
whistlers 1 0
ccounting 2 0
residence 135 0
reticulatus 1 0
ellenweite 1 0
ouchers 1 0
apprehensions 34 0
paralyse 2 0
attains 17 0
affrighting 1 0
attaint 1 0
entries 6 0
frappe 1 0
fixedly 13 0
martial 35 0
hampagne 3 0
rompington 1 0
aufwenden 1 0
haeton 1 0
bilious 6 0
dition 18 0
eweihtes 1 0
arketenderinnen 1 0
declaiming 5 0
attaire 1 0
artikuliert 1 0
tinkering 2 0
aufsteigt 1 0
artikuliers 1 0
abzumahnen 1 0
martian 1 0
erwartend 3 0
verhaengt 2 0
albtraume 1 0
flinching 1 0
louis 6 0
micron 16 0
wicked 201 0
wicker 9 0
hannel 23 0
wuenschenswerten 1 0
corsaint 1 0
ommandant 1 0
wuenschenswerter 2 0
wicket 13 0
noetigen 21 0
uninfluencd 1 0
noetiger 8 0
sabel 1 0
biscuit 11 0
abgeschossen 2 0
utwillens 2 0
ntoinette 3 0
aving 219 0
interpreting 10 0
avine 2 0
erschone 1 0
sized 29 0
befriedige 2 0
ienstmaedchen 1 0
raemer 9 0
dishwater 1 0
roemisches 1 0
roemischer 2 0
stripes 27 0
aufwickeln 1 0
precipitation 5 0
ampanile 1 0
consummate 15 0
sizes 87 0
besaenftigte 2 0
junipers 6 0
befriedigt 15 0
gleichlautend 1 0
herbere 2 0
grimmiges 1 0
tadteifer 1 0
grimmiger 3 0
lothe 2 0
partments 1 0
amour 6 0
grimmigem 1 0
amous 3 0
grimmigen 3 0
erkaelteten 1 0
whimsies 1 0
millet 19 0
fastidiously 1 0
miller 34 0
roemischen 19 0
taetige 17 0
hastelet 2 0
anlegen 7 0
bedroht 5 0
avior 3 0
nspruch 16 0
ebenbeschaeftigungen 1 0
erscholl 5 0
loths 4 0
invested 24 0
lotho 4 0
manlike 1 0
pactness 1 0
milled 1 0
hitemarsh 3 0
ithdrawing 1 0
drugging 4 0
impersonally 3 0
harmonizes 1 0
erdichtete 1 0
glich 17 0
harmonized 7 0
tannard 1 0
mancherlei 55 0
ounsaile 1 0
perfectioun 1 0
queenes 2 0
striped 22 0
erwartest 3 0
urgos 1 0
urgot 2 0
clothesless 1 0
erwaermte 2 0
erwartete 36 0
glide 17 0
attaile 1 0
vagrants 2 0
vertragen 9 0
reuzspinne 1 0
stummen 5 0
stummes 2 0
faille 1 0
sunshire 1 0
hysterics 9 0
abnahm 5 0
verheimlicht 2 0
dreist 4 0
romantique 1 0
manlier 3 0
onfidence 71 0
nventory 1 0
absucht 2 0
webenden 1 0
unglueckseligen 4 0
imbledon 1 0
sizar 1 0
funded 9 0
zerstreuen 16 0
erbeten 3 0
aahumanu 1 0
pbuilds 1 0
urgin 1 0
gardener 21 0
pecially 4 0
nausea 5 0
retch 18 0
roadway 21 0
proposals 28 0
amore 2 0
selantiariou 1 0
iederholungen 1 0
istolog 1 0
icarage 3 0
abzusenden 2 0
rangen 4 0
ranges 49 0
avila 3 0
ranger 2 0
einschlugen 1 0
precipitating 4 0
gefordert 13 0
avils 2 0
ranged 19 0
durance 3 0
erschoss 1 0
ortuum 1 0
upremely 2 0
unaffected 25 0
lodges 23 0
einseitig 1 0
esolutions 40 0
iderpart 2 0
lodger 4 0
labidibus 1 0
bedroom 22 0
bewilderingly 1 0
muddier 1 0
vollschreiben 1 0
lodged 63 0
retan 2 0
avalanche 5 0
retal 1 0
amoth 1 0
muddied 1 0
medled 1 0
slavemarket 1 0
enseits 1 0
sunshine 125 0
unapprehensive 1 0
haggles 1 0
imbecilities 1 0
retie 1 0
avies 6 0
fingers 239 0
retic 1 0
avier 9 0
cubites 1 0
isserlin 1 0
alfalfa 2 0
enecrates 1 0
losgearbeitet 1 0
kurzlockichten 1 0
leersten 1 0
tromzug 1 0
berdeenshire 1 0
ounsels 3 0
linking 1 0
sunshiny 3 0
woolsey 1 0
onterfei 1 0
orture 2 0
chatelaines 1 0
ucretia 27 0
among 2348 0
elemahoa 1 0
haggled 1 0
amona 1 0
cclesiastics 1 0
galvanize 1 0
amons 1 0
ampanien 1 0
aufgemuntert 4 0
lingua 3 0
veraeussern 1 0
nochmaligen 1 0
paralzes 1 0
unlighted 6 0
bewunderten 5 0
veraeussert 1 0
splimmy 2 0
ibernisch 1 0
gcoaz 4 0
lotta 1 0
nubibus 1 0
gekraeuselt 3 0
hergesagt 1 0
uinae 1 0
summend 2 0
entriss 5 0
retet 5 0
medley 7 0
perfections 14 0
chlossgarten 3 0
amoos 1 0
departures 3 0
uetzliche 5 0
acquainting 11 0
unterrichtend 2 0
disgracefully 4 0
rsulinenordens 1 0
gesaeugt 1 0
reten 4 0
oldish 1 0
verbringen 2 0
dimensions 36 0
gespiesst 1 0
esperation 4 0
hinreichte 2 0
principality 29 0
reclayme 1 0
lotus 19 0
rigorously 6 0
nbesonnenheiten 1 0
istolen 7 0
istoles 1 0
lomacy 25 0
zerfaellt 1 0
nnexed 1 0
withstanding 3 0
ergetzte 4 0
erwaermen 3 0
lotte 7 0
ubilieren 1 0
cascade 4 0
opfnicken 1 0
hinzuzusetzen 1 0
failed 344 0
eleucus 7 0
ortuna 2 0
cclesiastica 1 0
cclesiastici 3 0
abegge 1 0
noetigte 18 0
ortune 108 0
ischoeflichen 1 0
polemischen 1 0
lginbrodde 3 0
tatutes 7 0
unsers 76 0
orbidden 1 0
ssertion 9 0
unserm 117 0
uthberd 1 0
ennzeichen 6 0
unsern 219 0
eluge 5 0
failen 3 0
olding 9 0
eenmaerchen 2 0
tatuten 1 0
dreint 2 0
summers 12 0
adure 1 0
llschmeichelhafte 1 0
adura 2 0
awneth 1 0
anmutung 1 0
okrates 1 0
summery 1 0
avids 2 0
medlar 9 0
unsere 198 0
amole 1 0
uthbert 9 0
urkey 37 0
ettstelle 2 0
osque 1 0
schmeichelnde 2 0
uratori 1 0
acallester 1 0
mehrmals 14 0
pposite 3 0
eibwache 2 0
eihnachtsfeiertage 1 0
ansprechen 7 0
eurer 24 0
leopatra 11 0
eurem 8 0
euren 16 0
rancid 1 0
cenary 1 0
rancia 1 0
urken 1 0
ranche 6 0
realness 1 0
guess 139 0
eures 5 0
entschiedne 1 0
bayous 1 0
guest 107 0
happening 29 0
rmonica 2 0
uripus 1 0
rovisions 32 0
saeen 7 0
latteries 1 0
attamed 1 0
emphatische 1 0
growler 1 0
rancis 152 0
icenz 2 0
visitin 1 0
failures 21 0
growled 9 0
rmoniac 1 0
steppin 1 0
zugegen 10 0
ampden 3 0
icene 3 0
talienische 14 0
hinunterblickt 1 0
burrowing 6 0
schmutzigsten 1 0
sonderbarsten 9 0
flanzung 2 0
jerking 10 0
skholastikos 1 0
hindurchzieht 1 0
stowing 2 0
attenter 1 0
evourers 1 0
surpriz 8 0
arnabite 1 0
skholastikou 1 0
choenheitssinne 1 0
foreignness 1 0
myrtles 3 0
enlivens 3 0
nalyze 1 0
mehrjaehrigen 1 0
tyrannies 4 0
jerkily 2 0
prodigies 20 0
breccienartig 1 0
pfeln 1 0
shudderings 1 0
volume 197 0
istigkeit 1 0
verlosch 2 0
unweariedly 1 0
ratorien 1 0
tekel 2 0
pfeif 1 0
overnours 4 0
vagrant 7 0
abridging 3 0
volunt 1 0
erzieltest 1 0
ngrafted 1 0
praisd 1 0
appellative 1 0
praise 237 0
accuracies 1 0
hinausgeschwatzt 1 0
visited 190 0
woodcraft 1 0
ietpfennig 1 0
voluit 1 0
uickness 1 0
rancor 3 0
officering 1 0
appellation 18 0
utifulness 1 0
grossartig 1 0
lericus 4 0
fordere 1 0
uerstengunst 1 0
orschuss 3 0
zittertest 1 0
entschieden 35 0
zuzuwehen 1 0
transshipped 1 0
ahreszeiten 1 0
hankcher 2 0
houette 1 0
intersected 9 0
ratorian 7 0
eldung 1 0
sorgte 7 0
remind 68 0
sanitas 1 0
orsatze 6 0
jaehrlich 6 0
pastors 13 0
apsttums 1 0
uncrannied 1 0
fordert 18 0
lingen 2 0
ermutungen 5 0
bureaucratic 2 0
codicils 1 0
fordern 21 0
fattening 8 0
cussin 2 0
verlorst 2 0
linger 35 0
ausgeschlagne 1 0
ausgestorben 3 0
artnaeckige 1 0
abmattenden 1 0
sethen 1 0
unctions 4 0
surpris 3 0
ierabras 1 0
intenser 2 0
tyrannise 1 0
immurement 1 0
salubrious 1 0
cocoons 2 0
streichelte 3 0
portends 3 0
bumpers 1 0
ettingen 6 0
aldsassen 1 0
saehe 26 0
ergetzen 2 0
laggard 1 0
waxwork 2 0
thrifty 16 0
ntertanen 9 0
urkie 1 0
bestanden 13 0
architektonische 5 0
aufkeimen 1 0
troepfelnde 1 0
davonlaeuft 2 0
ebensbeschreibungen 1 0
renovelances 1 0
urkle 4 0
utzenden 1 0
asanenkahn 1 0
joyous 40 0
vorgefordert 1 0
ponheim 1 0
lebhafterer 1 0
basaltic 2 0
beseitigen 1 0
aufstellt 2 0
stepped 108 0
remiss 2 0
cussed 1 0
entsuendigt 1 0
hawked 2 0
pfers 1 0
zinnias 1 0
eesits 1 0
igennutze 1 0
audaciously 4 0
chiari 1 0
steppes 1 0
ignoranza 1 0
milker 1 0
auberkraefte 1 0
erblendung 6 0
latzknecht 2 0
olzhauer 1 0
amran 20 0
muttering 25 0
hawkes 4 0
gemeine 10 0
milked 4 0
fuehlen 86 0
temptingly 2 0
buckling 2 0
indernisse 14 0
commoda 1 0
durchwaessernden 1 0
fuehlet 2 0
spirituals 1 0
gemeint 10 0
olumbisches 1 0
mploying 1 0
hylis 1 0
escending 3 0
eschaeft 45 0
primeval 22 0
infinitives 1 0
forgiveness 42 0
rewer 1 0
insalubrity 1 0
revellings 3 0
fantastically 3 0
abweichender 1 0
rsenals 2 0
myrtle 13 0
abweichenden 3 0
rewel 1 0
ungeregt 1 0
recommend 112 0
unabhaengigen 2 0
unabhaengigem 1 0
widme 4 0
disabled 19 0
understond 1 0
croyez 1 0
wilful 18 0
sneaked 4 0
antivy 1 0
orhallen 1 0
wrestled 5 0
wrestler 5 0
wrestles 2 0
understood 441 0
ankbarkeit 25 0
sauber 4 0
pringwurzel 1 0
fuerchtete 57 0
olumella 8 0
anzuwehen 1 0
onversations 7 0
arnevalstorheit 1 0
designd 20 0
eidenvertrieb 1 0
mentally 16 0
disables 1 0
genious 1 0
gepicht 1 0
aulchion 1 0
castings 324 0
ignorance 230 0
erculaneum 1 0
designs 98 0
hidden 190 0
bezeigt 4 0
caounty 1 0
errassen 1 0
gehandlangt 1 0
spirituale 1 0
uchess 42 0
behelden 1 0
traeumend 6 0
conquer 111 0
ectarian 1 0
unsinnigen 4 0
fuerchtest 1 0
wurril 1 0
mbrega 9 0
unsinniger 2 0
uburbs 1 0
unsinniges 1 0
verfehlen 4 0
bezeige 1 0
wissenswurm 42 0
einzuleiten 5 0
ohnhaus 1 0
mplacable 1 0
vierfuessigen 3 0
wegbleiben 4 0
istercian 3 0
natomie 6 0
contorted 6 0
endured 64 0
citadel 16 0
dashboard 3 0
billigere 1 0
enduren 1 0
onsieur 52 0
endures 11 0
rashuns 5 0
depends 204 0
nonslaveholder 1 0
unendlichmal 1 0
paedagogischen 1 0
underselling 3 0
rnsthaftern 1 0
ebensbewegung 1 0
variances 1 0
dependents 9 0
rudderless 1 0
prachorganen 1 0
heartly 3 0
nterweges 1 0
ratorium 2 0
moderated 10 0
anzusprechen 1 0
rbeiten 42 0
commons 11 0
fuerchtend 2 0
rbeiter 2 0
slanted 10 0
mployments 13 0
anting 3 0
hardship 42 0
geldbringenden 2 0
martins 5 0
moderates 2 0
pposing 2 0
befitting 4 0
lmirens 1 0
aultiere 8 0
theologian 15 0
nstiegs 1 0
episcopal 45 0
ufnehmen 1 0
veneration 38 0
keck 1 0
aultiers 2 0
sorgen 40 0
beknieen 1 0
oorshedabad 1 0
width 60 0
tampering 6 0
carbolised 1 0
randes 4 0
widow 161 0
applicants 6 0
eligkeit 28 0
ortulaca 1 0
sinnenden 1 0
irmness 16 0
heepishness 1 0
ymnosophisten 1 0
ersparen 11 0
pfertische 1 0
randee 4 0
gewoehnten 2 0
fungst 4 0
rhetoric 52 0
endurin 6 0
orgfaeltig 1 0
uehlung 9 0
handicap 1 0
icety 1 0
lerical 2 0
ontgomery 35 0
outsoars 1 0
keen 118 0
keek 1 0
keel 4 0
keer 17 0
keep 1318 0
sdrubal 2 0
hicanery 1 0
eischman 1 0
toilworn 1 0
llerdings 1 0
unsford 27 0
inspruch 2 0
hampagnerflasche 1 0
kein 436 0
utwillige 1 0
excommunication 18 0
slantin 8 0
chutzgeistes 1 0
nwiefern 1 0
rauernde 1 0
fungus 2 0
chutzgeister 1 0
hanselines 1 0
kehr 2 0
scorching 16 0
coining 5 0
governorship 5 0
tillhalten 2 0
gelacht 5 0
sneakin 1 0
uncorrected 1 0
jasper 2 0
kegs 1 0
inartificial 2 0
antike 3 0
cortesia 1 0
downcast 6 0
gueux 1 0
disjointed 9 0
behaglichste 1 0
icero 55 0
andflaechen 1 0
hearten 1 0
urioso 6 0
humanist 4 0
keke 2 0
unmixedly 1 0
unzulaenglich 2 0
halbbewusst 1 0
hearted 83 0
leepeth 1 0
lodert 1 0
aufzuweisen 4 0
oventry 8 0
carnations 2 0
heartes 25 0
leepest 1 0
angesetzt 1 0
zugehen 4 0
ausgestreut 1 0
zurechtezubringen 1 0
nojos 1 0
canyon 55 0
weniges 8 0
weniger 187 0
fellowshipped 1 0
erlitt 1 0
wenigem 8 0
wenigen 87 0
astellio 1 0
breadcrumbs 1 0
ueckreise 3 0
ruchsess 1 0
sonsten 3 0
humaniores 1 0
weidenartig 1 0
alfischbauch 1 0
mindesten 21 0
hinuebergebracht 1 0
blaspheme 1 0
foolin 5 0
istoire 44 0
blasphemy 14 0
carpentering 2 0
creaming 3 0
humanity 171 0
pflichtig 1 0
baptismal 1 0
uncivil 9 0
randma 36 0
kelp 1 0
foreseeing 8 0
urring 1 0
roguery 2 0
zuzustutzen 3 0
urious 8 0
betoken 2 0
nselhafte 1 0
nitrates 1 0
unsche 10 0
zumuten 4 0
tausendfach 3 0
acillac 1 0
bestriding 1 0
idnight 69 0
eruchs 1 0
kent 4 0
nsigns 1 0
medjud 1 0
museums 8 0
issgestalten 1 0
djacent 1 0
unpractical 2 0
kene 1 0
kenn 17 0
verstehend 1 0
kens 8 0
pideictic 1 0
entgegenzusetzen 1 0
outgrowth 1 0
monasticism 1 0
etrogene 1 0
hearths 3 0
bleiten 1 0
randpa 84 0
ueppig 2 0
compelling 37 0
adulterated 7 0
ataoli 1 0
forteile 1 0
arsons 7 0
geschwinde 6 0
random 39 0
schleicht 11 0
netzte 1 0
personality 25 0
lowed 6 0
randon 1 0
intently 25 0
onsidering 21 0
twanging 2 0
enealogical 2 0
projicio 1 0
kept 871 0
wedges 3 0
pulverizing 1 0
zeichnerisch 1 0
unlucky 41 0
venues 1 0
elmsman 1 0
traightening 1 0
wedged 8 0
fuelle 2 0
verstehest 1 0
wurruk 1 0
languish 12 0
ueberlass 4 0
bespiegelt 1 0
kest 1 0
ventur 1 0
ventus 1 0
fuellt 10 0
erkendam 2 0
astellan 5 0
dependency 25 0
lower 477 0
termin 6 0
kers 1 0
hellblonde 1 0
decree 69 0
angareps 4 0
kerb 4 0
untiring 7 0
humanize 2 0
oeffnen 9 0
tandarten 1 0
oeffnet 11 0
stutze 1 0
hipwright 1 0
shrieked 18 0
ueberlaut 1 0
wider 165 0
aufwartete 1 0
auflebenden 3 0
widen 18 0
indefinitely 16 0
zuvor 15 0
orcery 1 0
strings 69 0
windowsill 1 0
ineral 5 0
dependence 66 0
yrtenfraeulei 2 0
laudern 2 0
hrenbette 1 0
stringy 2 0
lowin 1 0
sadly 60 0
astland 2 0
somnolence 1 0
rmschienen 2 0
langeweilte 1 0
onautal 1 0
somnolency 1 0
acktraeger 1 0
umstaendlichen 1 0
recoinage 11 0
tremulousness 1 0
hervordringenden 3 0
moderator 3 0
umstaendlichem 1 0
loslassen 4 0
onventionstaler 1 0
ermaphroditen 1 0
pezereien 3 0
verwandelter 1 0
assenger 4 0
bemueht 25 0
verwandelten 3 0
uixote 13 0
enschwerdung 1 0
auswaertigen 2 0
gesellten 3 0
enmities 8 0
auswaertiges 1 0
termes 16 0
waehlten 1 0
intentes 1 0
usammensein 1 0
aluting 2 0
grayness 3 0
umstaendlicher 1 0
termed 53 0
ptimist 2 0
blab 4 0
keys 33 0
koestlichen 19 0
lowly 38 0
fuehlte 195 0
radlaugh 1 0
blau 3 0
roetliche 1 0
blas 2 0
ospels 4 0
postles 25 0
erheissung 1 0
blap 1 0
blam 8 0
koestliches 3 0
keyh 1 0
koestlicher 4 0
faltered 12 0
auernmanier 1 0
couriers 1 0
alcareous 1 0
embroiling 3 0
iedereintritt 1 0
compliant 3 0
fuehlst 13 0
vergroesserten 1 0
stolpert 2 0
grillenhaftes 1 0
elwyn 1 0
faints 3 0
goatherd 1 0
sitzbaren 1 0
ahrzeichen 2 0
elvile 3 0
pressively 1 0
entkoerperten 2 0
ymptome 3 0
tyrannize 2 0
etolians 5 0
erdammnis 1 0
scharfsichtig 1 0
praisin 2 0
entkoerperter 1 0
diseases 52 0
oncrosst 1 0
renouvelle 1 0
teishi 1 0
fainty 1 0
diseased 21 0
rottenwerk 1 0
warships 6 0
uergerlichen 1 0
aglioni 1 0
conformably 9 0
sacra 3 0
ventor 1 0
aturamque 1 0
bled 14 0
ventos 1 0
wicks 5 0
entranced 9 0
sacre 1 0
aeckerknechte 1 0
sacri 1 0
axioms 5 0
ausgetrunken 3 0
blew 71 0
conformable 14 0
inderzeug 1 0
incurring 14 0
urity 9 0
bler 1 0
entrances 8 0
alstuch 17 0
insolence 52 0
caution 88 0
cambricks 2 0
ausgeschlagen 3 0
innovates 1 0
maginary 2 0
urist 1 0
congealed 8 0
ausserdem 3 0
elmont 3 0
ungefaehr 60 0
tammutter 1 0
materially 40 0
anuarius 1 0
danebenstellen 1 0
ligneous 2 0
uring 289 0
urine 4 0
blessings 56 0
conquerores 2 0
valuations 3 0
ewould 1 0
paroxysms 7 0
chwestern 22 0
amque 2 0
praised 80 0
esperate 2 0
geaengstigten 2 0
harried 6 0
hailings 1 0
rstgebornen 3 0
einzuschluepfen 1 0
ffenbarung 1 0
ventre 1 0
praisen 1 0
weierlei 1 0
andstein 1 0
merlatters 2 0
praises 44 0
dversary 4 0
nechte 31 0
quidvis 1 0
blim 4 0
sauces 3 0
blin 2 0
frolics 4 0
saucer 22 0
eckwourth 2 0
eraendrung 1 0
blig 1 0
vehicles 7 0
endigt 9 0
misconception 6 0
kerngsunder 1 0
frolick 1 0
unfeastly 1 0
blip 5 0
ospel 44 0
reves 2 0
beauftragt 1 0
niederzulegen 3 0
penitus 1 0
vindicative 1 0
nfaenge 3 0
ungelaeutertes 1 0
restitution 2 0
urios 8 0
stormbound 1 0
durcheinanderwarf 1 0
revel 27 0
linens 1 0
ocinian 6 0
hervoratmenden 1 0
entweder 49 0
vented 3 0
urried 1 0
liness 1 0
gayest 8 0
ythereiadasque 1 0
estately 3 0
llgemeinste 2 0
intermaenner 1 0
ufwaerterin 1 0
mildness 16 0
synonyms 2 0
outrunning 1 0
ewaendern 1 0
blanched 6 0
eproach 8 0
enounced 1 0
sauced 1 0
contumeliously 1 0
synonyme 1 0
gendering 3 0
gayety 14 0
peculiarity 44 0
gestockt 2 0
geladen 13 0
eintrifft 1 0
espond 1 0
emanating 9 0
eugier 8 0
gleisnerisch 1 0
endite 9 0
herubina 1 0
ugeteiltes 1 0
arsfelde 1 0
ichaelmas 5 0
gewoehnliche 16 0
sonderliche 5 0
ockaermel 1 0
natolia 2 0
hinaussetzen 2 0
doardo 1 0
nferiority 1 0
liners 2 0
pruehfeuer 1 0
erzueckte 1 0
wegzureissen 1 0
gruendliche 1 0
revis 1 0
vindication 19 0
blot 14 0
hawing 3 0
estalinnen 1 0
reveal 57 0
ambushed 2 0
ohnenden 1 0
auceboats 1 0
lumenzierde 1 0
weinten 3 0
achhert 1 0
llathorne 90 0
unfehlbarers 1 0
flouncing 2 0
portents 3 0
blow 305 0
ejects 2 0
losgeholfen 1 0
itwer 2 0
erlihy 10 0
itwen 1 0
ausgebreitet 6 0
urius 1 0
aufwaermen 1 0
bloc 2 0
ittelmaessige 3 0
ending 47 0
thirlian 1 0
ewoehnliches 2 0
ohltaten 6 0
visitor 106 0
ewoehnlichen 1 0
ettuno 1 0
zitterten 3 0
erlier 1 0
revok 1 0
erschrak 22 0
schenkte 10 0
uncross 1 0
anlangenden 1 0
nsight 2 0
inerva 34 0
flaemisch 1 0
ettung 17 0
pueblo 16 0
nready 1 0
considers 63 0
avantes 2 0
culpons 2 0
allowing 91 0
ngesaeumt 1 0
elvish 5 0
nschein 8 0
unsaddled 2 0
befreit 9 0
imsstein 1 0
considerd 30 0
piping 11 0
tuesday 1 0
challenge 36 0
turnkeys 1 0
laubenswesen 1 0
fortification 5 0
vindicating 6 0
ercome 2 0
govern 118 0
ominated 2 0
vergrueben 1 0
governe 3 0
ranite 7 0
governd 5 0
ltershalber 1 0
remote 177 0
hilosophiae 3 0
begins 154 0
ilanz 1 0
edicatoria 2 0
reving 1 0
rnste 12 0
bekaaannt 1 0
framed 51 0
aturwirkungen 1 0
wasteth 5 0
eltueberwindern 1 0
emeindevorsteher 1 0
obago 1 0
unwichtig 1 0
drueckendern 1 0
sister 599 0
eschichtserzaehlung 1 0
beging 4 0
frames 50 0
skated 2 0
ilano 1 0
einbiegen 1 0
entfernen 55 0
nonymous 12 0
korrigieren 2 0
costumes 9 0
backslider 2 0
entfernet 1 0
skater 3 0
skates 1 0
riechische 1 0
unterzuschieben 2 0
speake 15 0
blur 5 0
isques 3 0
delberten 1 0
dramaturgische 1 0
revile 6 0
insidious 25 0
uisse 2 0
rdschollen 1 0
hineingerissen 1 0
numbskull 2 0
shonda 1 0
uilders 4 0
itzet 1 0
arnesina 2 0
itzes 3 0
nbelief 1 0
headwind 1 0
itzen 10 0
arnesine 2 0
miling 3 0
xplained 2 0
virelai 1 0
americans 1 0
blue 472 0
oerensagen 1 0
speaks 152 0
poach 1 0
governs 25 0
yashikis 3 0
apologists 5 0
anuskript 19 0
beklatscht 4 0
shuddered 36 0
gestiours 1 0
unawed 2 0
beneidenswuerdig 1 0
illenery 1 0
ergstaedtchen 1 0
undisciplined 15 0
hanked 8 0
claimant 2 0
alluvion 1 0
hanker 4 0
snowless 2 0
guckte 1 0
ettrennen 3 0
determinate 15 0
euten 52 0
obald 23 0
eutel 9 0
ventures 9 0
urmel 2 0
omanorum 2 0
eutet 2 0
revise 12 0
euter 5 0
erechtigte 1 0
revisd 1 0
ortyna 1 0
spirting 1 0
sagen 526 0
ondnaechte 1 0
sages 15 0
oratorios 2 0
removd 8 0
saget 2 0
medium 534 0
deductions 12 0
educting 1 0
remove 281 0
chrank 7 0
applauding 6 0
ventured 114 0
anzuraten 2 0
unaway 2 0
talexxx 1 0
inquisitively 2 0
edard 2 0
schluchzend 3 0
abgewinne 1 0
renvillian 1 0
inthrops 1 0
uisne 1 0
enigmas 5 0
heodoron 1 0
pswell 1 0
schwindli 1 0
rkundigung 3 0
bewaile 2 0
heranschwillt 1 0
kaelter 1 0
verwahrlosten 1 0
heodoret 1 0
kfus 1 0
eodepart 1 0
oratories 3 0
wrack 6 0
growers 14 0
ostas 1 0
lgate 8 0
edals 3 0
alluvium 1 0
revivd 5 0
untingdon 11 0
revive 38 0
ribbons 12 0
ewohnheit 48 0
egiminus 1 0
erchts 1 0
wight 203 0
verbiage 1 0
spears 15 0
aughters 13 0
meetings 60 0
speare 1 0
wolluestige 4 0
vacancy 22 0
icardie 2 0
naehrtet 1 0
evatter 3 0
naehrten 4 0
onscientiae 1 0
rguments 18 0
verworfen 4 0
edant 12 0
rkenntnis 8 0
assiodorus 1 0
erschlag 2 0
lineal 4 0
rgumente 6 0
linear 1 0
robust 24 0
hervorleuchtet 2 0
rancesco 15 0
ostal 2 0
rancesca 1 0
auszurufen 1 0
kingfisher 1 0
milieu 1 0
bewails 1 0
erbesserung 4 0
sagst 21 0
twain 45 0
interestin 2 0
wigen 2 0
bearings 15 0
vincit 3 0
tempo 3 0
descendant 9 0
penetrating 40 0
temps 6 0
ccoutrements 3 0
eschwister 15 0
wethers 3 0
ictorious 3 0
unmaessigem 1 0
begirt 2 0
goosequills 1 0
unmaessigen 1 0
wohnbarer 1 0
heodoric 4 0
terror 195 0
landschaftliches 1 0
orzimmern 1 0
herausgefuehrt 1 0
aeufers 1 0
solitaire 1 0
andkoerner 1 0
schwindet 3 0
unconsciousness 13 0
indiscriminate 8 0
nonce 16 0
sentimentally 2 0
tempt 41 0
hymns 30 0
fruehmorgens 1 0
lossening 1 0
strahlend 1 0
aeufern 1 0
landschaftlichen 2 0
atawba 1 0
orzimmers 1 0
precipitately 3 0
hymne 1 0
vieing 1 0
allzubekannt 1 0
ulcinellenkoenig 1 0
fortgelassen 1 0
elzac 4 0
groweth 8 0
vonandgangen 1 0
auftreiben 1 0
unmaessiger 2 0
ostel 1 0
penetration 21 0
belauschen 3 0
unmaessiges 3 0
leugnete 5 0
osten 28 0
growest 1 0
ostet 1 0
wastest 1 0
mutantur 1 0
oster 16 0
proponents 1 0
wastery 1 0
rezel 2 0
fantastic 51 0
leugnest 1 0
obart 1 0
interested 213 0
wiger 1 0
unspeakably 7 0
ackbiting 5 0
innigste 5 0
rotion 1 0
hinunterzugreifen 1 0
outcries 9 0
heimgefallen 1 0
retarding 2 0
erlass 5 0
korrigierte 1 0
zusammenzuschneiden 1 0
schaffet 2 0
agliostros 1 0
schaffen 56 0
efehlshaberei 1 0
erlauf 8 0
bible 19 0
wickedness 77 0
ossip 1 0
biblo 1 0
orldliness 1 0
artkopff 1 0
ossis 2 0
recognize 99 0
egruessungen 1 0
thereagain 1 0
echoing 7 0
recognizd 1 0
inning 5 0
nomen 1 0
nomes 1 0
shomon 4 0
innine 1 0
erlaub 2 0
riscoll 1 0
ichen 5 0
allican 45 0
ichel 8 0
roedelkrams 1 0
bricht 17 0
iches 15 0
artridges 4 0
icher 14 0
lebhafteste 21 0
wherewithal 24 0
impeachment 12 0
oldman 1 0
pasting 1 0
scripture 16 0
ausfechten 1 0
receivd 158 0
receive 791 0
surplus 149 0
auxiliaries 22 0
prallt 1 0
mschwebenden 1 0
abstains 2 0
dominaeque 1 0
entfernte 42 0
unspeakable 16 0
mallpox 1 0
amuck 3 0
reudvoll 1 0
daherritten 1 0
guestes 4 0
alsities 3 0
disanul 1 0
ntercession 4 0
placing 71 0
hotius 1 0
ependency 1 0
rotika 5 0
dministrator 1 0
interposd 1 0
interpose 17 0
vollzog 1 0
conformists 2 0
encroach 14 0
ependence 11 0
pastime 12 0
insufficient 64 0
untergehende 4 0
despondency 5 0
ergossen 1 0
grindstone 4 0
medias 2 0
schilderten 1 0
geborstene 1 0
fuegen 5 0
ichat 2 0
receipt 51 0
tyrannizes 1 0
ohammedan 4 0
ougall 4 0
tyrannized 2 0
urnellus 1 0
chlafstaette 1 0
ggregate 2 0
niederlaendisch 1 0
deckende 1 0
napping 5 0
theniensischen 3 0
aritime 4 0
beizustehn 2 0
exegetist 1 0
terris 1 0
blatherskites 1 0
squames 1 0
beieinflussen 1 0
icippus 1 0
medico 1 0
harrying 1 0
solltest 20 0
inschenk 1 0
altanisetta 6 0
mocking 14 0
innige 2 0
nclosd 7 0
zurueckkehrtest 1 0
unbegreiflich 7 0
rompeterstueckchen 1 0
rotundity 2 0
beseechings 1 0
ennbahn 4 0
bruising 1 0
kleitoi 1 0
vacante 1 0
erhebend 1 0
urmah 1 0
hempen 4 0
erchen 1 0
pserei 1 0
uration 5 0
underrating 1 0
standpoint 16 0
indomitable 8 0
harrassed 2 0
heodorus 3 0
erched 3 0
tabi 2 0
tampered 8 0
questioning 28 0
tabe 3 0
tabs 1 0
rotius 10 0
fuegte 27 0
gedoppelte 1 0
enraged 19 0
taat 22 0
unbeschaeftigt 2 0
erspicuity 2 0
knieend 5 0
indictable 1 0
matsuri 7 0
schmeichelhafte 1 0
utherlegende 1 0
euton 3 0
touching 134 0
unversiegelt 1 0
xercise 29 0
happenings 4 0
terres 1 0
decked 17 0
unparallel 2 0
decken 7 0
herumzufliegen 1 0
alsches 1 0
berzeugung 7 0
ilate 5 0
backgrounds 3 0
exulted 2 0
faithless 19 0
alschen 2 0
preventest 1 0
sliding 28 0
elsenplatte 1 0
tadl 1 0
hilosophies 1 0
reatures 46 0
tadt 295 0
majestick 1 0
blankness 2 0
companiable 2 0
flaemische 1 0
vindictive 16 0
reaturen 1 0
zusammenhing 2 0
employs 88 0
spiritless 9 0
tade 1 0
consider 631 0
proofread 119 0
applaudita 1 0
logwood 1 0
savagely 19 0
lebhafte 32 0
tack 6 0
employd 23 0
employe 2 0
tact 24 0
epicure 5 0
instinktiv 1 0
innehmer 2 0
orbilde 4 0
tausenderlei 2 0
nibbling 6 0
ossum 59 0
tabu 2 0
tace 5 0
lodden 1 0
aufgetischt 1 0
unnuetzlich 2 0
revivalist 2 0
substitution 9 0
ougaud 3 0
majesties 4 0
unauspicious 1 0
rofligacy 1 0
unmuzzled 1 0
schaffte 7 0
stronomy 3 0
taff 12 0
etropolis 6 0
nostalgia 2 0
taen 3 0
requirements 38 0
tael 2 0
hervorgebrachten 1 0
iedings 1 0
terrae 1 0
membri 1 0
substituting 8 0
taet 4 0
taerkere 1 0
marking 12 0
arities 1 0
zoegen 2 0
ustande 72 0
marguerite 1 0
safer 26 0
tahl 2 0
emblazoned 3 0
conqueror 37 0
ospigliosi 1 0
salons 2 0
vivacity 23 0
ustands 5 0
waveless 1 0
fterward 19 0
illuart 5 0
bargaines 1 0
kontrastiert 2 0
unmerkliche 1 0
ufluchtsort 1 0
briars 10 0
overballance 1 0
tistery 1 0
ebensstrafe 1 0
loyal 49 0
ctorum 2 0
unvermoegend 1 0
tagt 4 0
acobins 5 0
tags 7 0
vinariam 1 0
abelei 1 0
saloon 18 0
wavelets 2 0
achtzugeben 1 0
deriding 1 0
annshuete 1 0
tage 13 0
ariangles 1 0
fortsetzten 5 0
tella 5 0
loyds 7 0
ondibert 3 0
negotiated 5 0
osinentrauben 1 0
telle 239 0
chlosstor 2 0
barnyard 5 0
magnetische 1 0
boorish 8 0
emendations 2 0
everlastin 1 0
tain 24 0
bungalow 7 0
quollin 1 0
tail 168 0
bargained 2 0
amson 14 0
tells 326 0
tellt 5 0
ajestaet 34 0
inctured 1 0
iberalitaet 2 0
veralteten 2 0
ependents 4 0
ichfield 2 0
cirsium 1 0
ottles 2 0
taly 299 0
tale 405 0
insulated 3 0
zurueckzuschlagen 1 0
talk 607 0
injecting 2 0
tall 211 0
tali 1 0
nteresting 4 0
ablehnenden 1 0
allein 563 0
taks 4 0
befindest 1 0
atsizname 2 0
neulich 25 0
slowness 6 0
treichen 2 0
philosophiques 1 0
take 2910 0
obviate 3 0
equipois 1 0
orkommenheiten 1 0
icentiousness 2 0
orgaenge 1 0
adishes 1 0
deckte 7 0
nvijjus 1 0
taki 10 0
odiless 1 0
trifled 9 0
pipkin 1 0
tans 1 0
blanks 7 0
ensation 12 0
tant 3 0
flaxdressers 1 0
eusserungen 1 0
herrnhutischen 4 0
eintoenig 3 0
blanke 2 0
trifler 3 0
trifles 44 0
tanz 1 0
wronging 1 0
tang 2 0
taxations 2 0
tand 68 0
tana 1 0
rinnenden 1 0
thraldom 6 0
presbyter 1 0
tank 9 0
vantgarde 1 0
acholderkerne 1 0
allusively 1 0
conjecturally 1 0
efevre 2 0
espied 19 0
darling 52 0
ondenlicht 1 0
tamp 38 0
urled 1 0
eibliedchen 1 0
parlement 5 0
espien 2 0
tame 36 0
onaunau 2 0
tamm 5 0
illustrations 25 0
mannigfaltig 10 0
auskommen 1 0
taps 9 0
ondays 1 0
farbig 5 0
hildren 155 0
tape 14 0
ymphes 1 0
onvivial 1 0
ymphen 21 0
unparteiische 1 0
insinawaysion 1 0
shooke 1 0
sulkiness 1 0
alleem 11 0
rwache 2 0
unfrequently 10 0
tapa 2 0
lpilles 3 0
amsey 1 0
culprit 15 0
espite 83 0
ugendfreund 1 0
amses 1 0
cquisition 5 0
tanners 4 0
carpenters 22 0
ktivitaet 3 0
dolikhos 1 0
conquered 149 0
ettowe 2 0
ignoramus 3 0
amerikanischer 1 0
gefaellten 2 0
tark 5 0
tarl 1 0
unterzeichnete 1 0
avails 6 0
tare 8 0
tarf 1 0
member 263 0
tars 14 0
tart 12 0
carpentere 7 0
espise 1 0
tarr 3 0
eremonienvisiten 1 0
taro 7 0
zusammengereihte 1 0
tarn 2 0
geschlossener 1 0
hindert 12 0
geschlossenes 2 0
availd 1 0
allege 11 0
tard 1 0
ewspapers 11 0
radationen 1 0
reathless 1 0
handiest 1 0
hinderd 2 0
acobite 6 0
hindere 1 0
hindern 21 0
geschlossenen 5 0
hinders 20 0
causarum 1 0
vaunting 6 0
akkordiert 1 0
politesten 1 0
efensivwaffe 1 0
taug 2 0
acquiesced 4 0
taub 29 0
rarefied 16 0
individualized 1 0
linded 1 0
tatu 1 0
rarefies 5 0
linden 3 0
oldnen 1 0
eifensieder 9 0
tatt 16 0
tato 2 0
herbage 21 0
reyer 5 0
maijesty 1 0
tate 1064 0
ossen 6 0
aknowledgments 1 0
seriously 127 0
awning 8 0
fireplaces 10 0
nomad 3 0
osses 18 0
erversion 1 0
task 200 0
purpuras 1 0
troestliche 1 0
amsay 8 0
nomal 1 0
zusammengebaut 1 0
acquiesces 1 0
salamed 1 0
wiehern 1 0
ranken 29 0
ranker 3 0
abhaelt 1 0
accordant 4 0
alledg 1 0
delete 57 0
ierhetze 1 0
cementing 1 0
embruing 1 0
versagen 20 0
leadership 18 0
ranked 21 0
bnen 1 0
austriaca 3 0
getriebenen 6 0
ressure 11 0
conjoins 1 0
poodle 1 0
veraendernden 1 0
daherkomme 1 0
eitliche 2 0
fortnahm 1 0
uebergange 1 0
whizzed 1 0
conjoint 5 0
atuerlich 5 0
taut 5 0
falutin 1 0
stehengeblieben 5 0
armament 6 0
undefinable 3 0
briefer 4 0
zuvorkommend 2 0
joyned 3 0
amillies 1 0
procession 58 0
eheime 4 0
adzes 3 0
taxi 1 0
entzuendete 2 0
hinzubringe 1 0
ityus 3 0
usforderung 1 0
wield 14 0
haumont 8 0
villagers 14 0
declar 11 0
processing 10 0
queerly 1 0
rdbeerbaum 1 0
saeva 2 0
marchioness 5 0
verletzende 1 0
shipyard 3 0
hergeben 5 0
umetere 1 0
entitle 15 0
erweilst 1 0
hanion 2 0
chiffs 3 0
unterschieben 1 0
ygmalions 1 0
chiffe 28 0
muendlichen 2 0
bullets 18 0
andrinette 3 0
ordergrundes 1 0
briber 4 0
bribes 18 0
unmercifully 10 0
ausstossen 1 0
bewilderment 15 0
insbury 3 0
inepti 1 0
amgunga 2 0
mblem 3 0
tays 2 0
disobliged 2 0
esperately 1 0
harrows 1 0
khan 1 0
pfluecken 1 0
schmeichelt 9 0
bribed 12 0
aeusserungen 14 0
schmeicheln 22 0
ypothesimania 1 0
ertrauens 1 0
heodoras 1 0
yrtenreis 3 0
secretaries 6 0
misinformd 7 0
ankaeme 1 0
uenstlerbank 2 0
provincial 83 0
istinction 19 0
monumental 23 0
oreltern 6 0
apologised 6 0
verschmilzt 2 0
elvederschen 1 0
celebrate 24 0
notierte 2 0
rankly 1 0
seltene 7 0
abinett 17 0
coconut 7 0
eguiled 1 0
praevisa 2 0
apologises 3 0
teinschnallen 1 0
rehearsing 3 0
rankle 1 0
guessed 39 0
anfuellten 1 0
wiegt 3 0
rkenntnus 1 0
elsriegel 1 0
halcondylas 1 0
jeering 3 0
echtschaffene 1 0
eitschen 1 0
guesses 2 0
nitrate 2 0
vorzeichnete 1 0
swaddling 3 0
durchwaschen 1 0
bewaffnet 7 0
ewissenszwang 1 0
atavia 6 0
hymen 1 0
nolds 1 0
eventless 1 0
micrococci 1 0
summary 19 0
madness 78 0
auszuruhen 4 0
roszenium 2 0
emuetern 7 0
helburne 18 0
osalgar 1 0
saess 3 0
herumfahren 1 0
usherest 1 0
urchmaersche 1 0
erzeugen 6 0
canisters 1 0
instils 1 0
effaced 19 0
negotiator 1 0
scutcheons 3 0
instill 4 0
ercier 2 0
ercies 9 0
silurus 2 0
ieblingsbild 1 0
eduction 3 0
orlace 1 0
hirlwind 19 0
dependent 159 0
phlegm 2 0
groundnut 2 0
briefly 46 0
expiated 7 0
swelling 30 0
declin 1 0
waengen 1 0
incautiously 1 0
magnanimity 18 0
unrivalled 10 0
davonjagt 1 0
queered 1 0
declaimers 1 0
hampagnerglases 1 0
queerer 2 0
eheiss 1 0
spectubble 2 0
espial 2 0
vielmal 1 0
alluvial 7 0
weissesten 2 0
uehlrad 1 0
composedly 6 0
aemslein 1 0
kulinarische 1 0
begibt 1 0
ergiers 1 0
immelsbahn 1 0
olchisch 1 0
ueberschlaegen 1 0
publicity 34 0
nbedeutende 1 0
ieblingsprojekten 1 0
ueberboten 1 0
paraders 1 0
travelers 21 0
profoundest 5 0
anspricht 2 0
eedless 7 0
publicist 2 0
delicately 18 0
gnashing 7 0
nrecht 22 0
quidding 1 0
chwirren 1 0
demoliri 1 0
wieso 1 0
achahmen 4 0
urrows 1 0
elyot 2 0
ondage 15 0
chariots 10 0
smokless 1 0
unbegreifliche 4 0
shameless 26 0
versagte 9 0
acility 6 0
demolish 9 0
ueckerinnerung 2 0
aufsitzen 2 0
abliess 2 0
odriguez 3 0
gegenstaende 1 0
triturate 2 0
geblasenen 1 0
nachbildet 1 0
nachbilden 3 0
ndymion 6 0
enforcements 1 0
saild 3 0
urons 2 0
mgegend 1 0
saile 1 0
erusalem 28 0
alligata 1 0
poche 28 0
geblendetem 1 0
sails 41 0
geblendeten 1 0
entflammen 1 0
unshut 1 0
iederhol 1 0
arthagena 4 0
rechtlichen 1 0
broiding 1 0
topple 9 0
necken 6 0
abouten 2 0
rechtlicher 1 0
neckes 1 0
urope 913 0
advoca 1 0
uropa 11 0
wherefore 33 0
ambient 1 0
necked 13 0
blamed 61 0
kindliness 7 0
prosperously 3 0
departments 40 0
practises 10 0
efraudierende 1 0
umarraga 1 0
sweeteness 1 0
saint 43 0
shallop 1 0
alaesten 6 0
unrefined 1 0
colormasters 1 0
practised 84 0
xternal 2 0
aunton 1 0
ilcox 9 0
beggaring 1 0
dissect 1 0
blamer 1 0
shallow 84 0
tourists 14 0
ristogiton 1 0
wurmte 1 0
congestion 2 0
blames 8 0
widersprechenden 2 0
auntre 1 0
chiesa 1 0
urmudgeons 1 0
rezensieren 1 0
astagnetten 1 0
beklommenes 1 0
interessierte 7 0
wichen 1 0
conquests 40 0
oteinah 2 0
benevolent 50 0
lamentng 1 0
externalities 1 0
beggen 1 0
begged 121 0
hineinzugehen 1 0
hruysoloras 1 0
heodotus 1 0
angeraten 1 0
ueberspringend 1 0
contiguous 8 0
blamin 1 0
anifestations 1 0
ottoms 1 0
descanting 2 0
eistiges 1 0
poisoners 2 0
irresponsible 10 0
unopened 14 0
expectancy 4 0
inkstand 3 0
marters 5 0
molecular 1 0
chrecknisse 1 0
intercommunications 1 0
oscovite 1 0
ghastly 35 0
atisfied 3 0
unshod 5 0
icinironis 1 0
haendelten 1 0
subordinierte 2 0
geschritten 1 0
ictaean 1 0
oesche 1 0
saith 148 0
chateau 28 0
trepang 1 0
boar 18 0
ollkuehnheit 1 0
decline 90 0
aufzufrischen 2 0
declind 4 0
cowboys 8 0
oescht 1 0
verdaue 1 0
lxvii 1 0
nordnung 20 0
nvorsichtig 1 0
disclaimd 1 0
soldering 1 0
disciplining 1 0
guise 38 0
republication 1 0
mdurman 1 0
undiscerning 8 0
journeyedst 1 0
rozesses 2 0
eltbeherrscher 1 0
vagaries 8 0
lbernheit 5 0
hiesige 3 0
minorities 17 0
quilting 1 0
erzeugte 2 0
disclaims 120 0
husban 2 0
glows 6 0
xviii 8 0
uatemala 1 0
incisors 1 0
sacred 254 0
abgehalten 10 0
witzle 1 0
icino 4 0
oldoni 3 0
tumbledown 1 0
verschnaufen 1 0
boat 284 0
notieren 2 0
entitul 1 0
raeuterbuendel 1 0
cockle 3 0
scandalum 1 0
hurchyard 3 0
verdarb 2 0
urore 2 0
boroughs 2 0
liebkoset 1 0
glove 22 0
urora 13 0
body 1661 0
arbary 7 0
visioun 1 0
schaetzbarer 3 0
mazement 5 0
schaetzbaren 2 0
boes 6 0
thoughtlessly 1 0
raende 1 0
itzwiggin 2 0
bode 10 0
geschickte 11 0
alchas 7 0
arbara 8 0
conducted 130 0
icily 25 0
cockneyism 1 0
lowlifeted 1 0
ragstuecke 1 0
unshit 1 0
wurmen 1 0
personification 7 0
timulus 1 0
liebkosen 3 0
icile 2 0
ourtenay 1 0
riumph 18 0
unrechtmaessig 1 0
equipped 29 0
interfering 20 0
verdant 6 0
lamented 19 0
raenen 159 0
sauern 1 0
gloss 12 0
ythonissa 1 0
bogs 4 0
etastasio 2 0
sauere 2 0
alchen 4 0
llschoengewachsne 1 0
echanics 5 0
eingezogen 9 0
guilt 96 0
bofe 12 0
honorably 3 0
tauglichste 1 0
waldigen 1 0
xplikation 1 0
verdank 1 0
ecretorum 1 0
mbrage 1 0
erbstnebel 1 0
honorable 44 0
woollen 44 0
hypre 1 0
experimentis 1 0
devoutlier 1 0
raengt 1 0
isanthe 1 0
chauspielkunst 3 0
chiefs 76 0
roundelay 1 0
echanick 2 0
bois 1 0
chiefe 6 0
mployees 1 0
bgegangenen 1 0
unaufhaltsam 13 0
canebrake 1 0
yllene 3 0
boil 20 0
atratze 2 0
geloseter 1 0
icaragua 1 0
cementeth 1 0
avahos 23 0
importunity 4 0
eddin 2 0
andkerchiefs 3 0
unverdorben 1 0
ehnder 4 0
farces 2 0
emanations 3 0
assimilated 3 0
pulseless 1 0
voluptuous 5 0
cocked 18 0
allays 2 0
farced 1 0
unfrequented 7 0
eakers 1 0
visions 53 0
kids 16 0
eddle 1 0
neckte 1 0
hollerin 11 0
erfreulich 19 0
thoughtful 49 0
supprest 1 0
bemeldete 1 0
suppress 56 0
certificat 1 0
kick 39 0
iebzig 1 0
slaughters 1 0
assimilates 2 0
mbrace 2 0
ildad 1 0
atariff 19 0
stuffing 5 0
experimenter 2 0
chiebt 4 0
bomb 2 0
eschwaetz 4 0
imprisoned 45 0
ermeated 1 0
raenkt 1 0
puffball 1 0
spinnen 6 0
atrontaschen 1 0
fibrous 4 0
acktrog 1 0
searcht 1 0
spinner 6 0
thelling 1 0
avisement 1 0
boll 1 0
bulldog 8 0
ntegrity 35 0
bold 138 0
admiral 5 0
edder 1 0
kiff 2 0
overlooking 16 0
clippings 1 0
edden 2 0
endleton 1 0
uerwarte 1 0
allard 2 0
edded 2 0
bolt 42 0
kies 2 0
eschwaerm 1 0
boon 24 0
welakahao 1 0
boom 15 0
pranks 12 0
book 861 0
rquicklichste 1 0
terrorizing 2 0
avventura 1 0
ollycoddle 1 0
makeshifts 2 0
osung 2 0
participles 1 0
boot 46 0
ertraeglichkeit 2 0
boor 1 0
alaestra 1 0
versteckten 5 0
aptain 150 0
interessieren 10 0
hollered 12 0
bone 99 0
allast 3 0
osenstoecke 1 0
bond 73 0
bona 7 0
izekoenigs 3 0
versteckter 3 0
searche 1 0
verstecktes 2 0
emmungen 3 0
nooks 5 0
bony 17 0
bons 2 0
whaleboats 1 0
ectures 9 0
erasing 1 0
begotten 27 0
experimental 21 0
allant 5 0
eschuldigungen 3 0
nveteracy 1 0
bord 3 0
cenery 6 0
monition 1 0
saide 117 0
admired 89 0
images 129 0
postcript 1 0
downtown 2 0
illustri 1 0
fortkraenkelte 1 0
illustre 1 0
itigliano 1 0
imaged 4 0
unzerstueckt 1 0
empoisoning 1 0
allanc 1 0
damage 94 0
gleamed 13 0
boss 42 0
interjection 1 0
kimi 1 0
increment 4 0
angestossen 2 0
franzoesische 8 0
kimm 14 0
ildhauerei 1 0
prangt 1 0
bote 1 0
dispensaries 1 0
noons 3 0
admirer 19 0
kiln 4 0
admires 12 0
kilt 2 0
kundiger 1 0
utulians 1 0
veraechtlichsten 1 0
itbuergern 3 0
roundness 2 0
bort 3 0
chiene 1 0
alighting 7 0
wrongest 1 0
born 565 0
nouvelle 1 0
pfiff 1 0
wildwood 1 0
freeman 27 0
kill 275 0
conductor 24 0
bore 217 0
sallow 13 0
interpolated 3 0
restonpans 1 0
mboss 1 0
reemasons 14 0
gesaeter 1 0
cclamations 2 0
herbeireizte 1 0
orchid 1 0
indernis 12 0
dogmatical 5 0
loutro 1 0
bout 285 0
saufen 1 0
boun 17 0
mployers 4 0
hervortreten 3 0
bouk 1 0
verkruemelt 1 0
kins 3 0
bove 56 0
hinausstreckt 1 0
himmelsuesse 1 0
hyper 2 0
seltenere 1 0
bots 1 0
chield 4 0
bruetete 1 0
king 585 0
kind 1895 0
kine 8 0
bidde 1 0
kink 1 0
admirin 2 0
both 2656 0
footstep 9 0
imagin 5 0
ctopus 1 0
ongelours 1 0
vorbeidringen 1 0
pastoring 1 0
saiah 10 0
prance 2 0
biddy 1 0
liebkoste 4 0
cavalier 9 0
gespraechige 1 0
bows 51 0
igensinn 8 0
rzeiten 2 0
bided 1 0
bown 1 0
bowl 63 0
ufschlag 1 0
tanning 3 0
understands 36 0
scandaliz 1 0
ungemessner 1 0
inglorious 8 0
ungemessnen 2 0
ungemessnem 1 0
achtgegeben 3 0
hrwuerdiger 2 0
accompanying 32 0
understande 6 0
hingeschlichen 1 0
vermicelli 2 0
eaucaire 7 0
exoteric 5 0
safeguards 1 0
noose 7 0
freemen 34 0
orchet 1 0
esuming 1 0
orcher 1 0
pletely 1 0
assignable 4 0
auchermaennlein 1 0
bluestocking 1 0
schleifen 1 0
bowe 3 0
echanician 1 0
unterbricht 2 0
gleichfoermig 2 0
bides 4 0
taneous 1 0
mussed 1 0
obbie 4 0
leonine 3 0
planation 2 0
gloat 5 0
kisi 3 0
switches 7 0
boys 290 0
depraved 24 0
mussel 1 0
avois 1 0
perfidious 13 0
avoit 1 0
kiss 130 0
njustices 1 0
avoir 2 0
kist 4 0
endera 1 0
befragt 3 0
parage 2 0
uncivilised 5 0
eschwerlichkeiten 1 0
misrepresents 2 0
deerskins 1 0
leprosy 2 0
amping 2 0
kirk 4 0
kiri 1 0
kirn 3 0
globo 1 0
personal 403 0
applauso 1 0
ballants 3 0
globe 59 0
damals 103 0
switched 2 0
applause 35 0
blighting 3 0
petrifaction 1 0
enders 3 0
splints 7 0
fortfahre 5 0
hazarded 7 0
ambuscan 9 0
endeth 7 0
ilboa 2 0
endete 3 0
raenze 2 0
coldly 34 0
stotternd 1 0
amusd 4 0
amuse 57 0
greying 1 0
smoothly 20 0
tenor 10 0
utrage 2 0
inward 80 0
personae 2 0
ihretwegen 2 0
unatai 1 0
zuzog 1 0
glises 1 0
disrobing 1 0
tsunomiya 1 0
kith 1 0
academical 5 0
stepson 1 0
rezzo 3 0
ulverschlag 1 0
embrowned 1 0
bonnets 5 0
kita 4 0
ichts 77 0
haerea 1 0
kite 12 0
ampion 9 0
assport 1 0
sahen 82 0
unbegrenzten 4 0
sahel 1 0
unbegrenzter 1 0
ichte 55 0
unbegrenztes 2 0
sahet 1 0
denomination 34 0
pflegten 11 0
shipping 37 0
franca 1 0
sweetmeat 3 0
zugegangen 6 0
wohlgefaellig 2 0
france 1 0
uiton 4 0
splendidly 10 0
endenz 1 0
moonbeams 4 0
berhofmeisters 1 0
handrail 1 0
siegreichen 1 0
persones 1 0
saugenden 1 0
francs 29 0
uritan 21 0
egimentsraeten 1 0
wraye 1 0
mourroit 1 0
geduldig 12 0
ramladen 2 0
artigene 1 0
siegreicher 1 0
disarms 1 0
kiva 6 0
equipoized 1 0
circumscription 3 0
aziness 2 0
farewells 2 0
damask 16 0
parade 30 0
ilversmith 3 0
apprise 1 0
capitalling 1 0
tadtzentrum 1 0
wischenposten 1 0
apprisd 1 0
appalling 21 0
jersey 1 0
savagery 7 0
cobbled 1 0
oboken 2 0
leafless 11 0
naively 1 0
harisee 5 0
antons 7 0
cobbles 3 0
cobbler 19 0
disfranchised 4 0
football 5 0
sechzig 3 0
lintern 1 0
entweiht 2 0
disconcerting 8 0
sahib 1 0
orderpfoten 2 0
verfallene 1 0
avoid 262 0
mythologisch 1 0
salmen 3 0
urnip 3 0
postpon 3 0
edensarten 3 0
naivete 1 0
rother 151 0
hazardor 1 0
ichor 3 0
aufgebunden 2 0
schwellende 1 0
nveterate 1 0
agacious 1 0
ierlicheres 1 0
ardebrace 1 0
recognise 51 0
unsanitary 1 0
anlehnt 1 0
geduldet 5 0
lsland 1 0
reduce 133 0
andgueter 1 0
eitverhaeltnisse 1 0
reducd 5 0
bzuge 1 0
gedulden 3 0
smoothed 28 0
ampier 1 0
estaendnis 6 0
vermutlicher 1 0
uebergnaedige 1 0
lysses 17 0
smoother 6 0
pobox 138 0
practitioners 7 0
toothless 5 0
sahst 1 0
avages 8 0
altfraenkischen 1 0
rusade 3 0
eclension 1 0
sizable 1 0
uneinig 1 0
preferring 16 0
quizzing 1 0
upgathered 1 0
sequences 1 0
entwichen 3 0
personis 1 0
rachtanlage 1 0
hilosophess 1 0
immigrant 5 0
abgenoetigtes 1 0
coiners 1 0
hereinsandte 1 0
einspannen 1 0
urnus 3 0
ussfall 1 0
extremes 35 0
ichly 1 0
alastzirkels 1 0
anction 19 0
iesbach 3 0
gossips 6 0
ilben 3 0
hilosophers 11 0
bankbill 1 0
ilber 17 0
squamae 1 0
escheid 5 0
gossipy 1 0
ellowstone 4 0
improvements 114 0
waiving 1 0
sanctificaition 2 0
toying 3 0
lcamene 1 0
bauchles 2 0
osuhl 2 0
tockdale 1 0
frankd 1 0
unersaettliche 1 0
nostics 1 0
entfaltenden 1 0
godson 2 0
franko 1 0
parait 1 0
uflauf 1 0
franks 1 0
personne 1 0
olarstern 1 0
hazardry 3 0
verachteten 1 0
alstonstal 1 0
colder 20 0
rechters 1 0
elsenklumpen 1 0
switchin 1 0
amuel 405 0
gladiators 2 0
venality 1 0
lariata 1 0
tense 8 0
tenth 68 0
wissenschaftliche 2 0
liehen 6 0
tents 52 0
sausende 1 0
antoes 1 0
tente 1 0
orbildchen 1 0
heodosia 9 0
hoptank 1 0
tenus 1 0
ampico 4 0
pleuplades 1 0
apprizd 1 0
tempting 15 0
tenue 1 0
squalid 13 0
chided 2 0
fuehle 75 0
reinstate 4 0
ertraeglichem 1 0
wegstiehlt 1 0
ertraeglichen 1 0
ruendlichkeit 2 0
anctity 3 0
endear 5 0
ertraeglicher 2 0
profanely 4 0
ruennlein 1 0
guild 12 0
publickly 29 0
esellschaftsblick 1 0
fuehlt 75 0
geography 22 0
guile 8 0
rnten 2 0
twant 2 0
alcohol 2 0
glose 12 0
beleuchte 2 0
invokes 4 0
glory 264 0
chiden 1 0
vacationing 1 0
chides 3 0
ekuanaoa 1 0
unshet 2 0
orcius 1 0
invoked 13 0
themselve 2 0
llgemeinheiten 1 0
strictest 13 0
leeping 6 0
dosage 2 0
ranien 63 0
lamplight 9 0
ranier 1 0
dormitory 2 0
dungeons 13 0
zulangen 1 0
insinuators 1 0
democrat 6 0
honeycombing 1 0
versprechend 1 0
gloom 76 0
extremos 1 0
aufzehrte 1 0
uited 1 0
overworked 6 0
inconstant 9 0
effusively 3 0
gluecklichem 3 0
ialogs 2 0
nones 8 0
upralapsarian 1 0
gluecklicher 34 0
ostia 79 0
glueckliches 9 0
arster 2 0
brutish 7 0
gluecklichen 70 0
ostie 1 0
chirped 1 0
dissent 23 0
calamitous 4 0
sagte 969 0
compelleth 1 0
express 350 0
exprest 2 0
ungestuem 8 0
bridegrooms 1 0
oniggolde 1 0
ehnens 1 0
geaendert 8 0
prophane 1 0
eberrock 1 0
eheimnisreiches 1 0
hastened 102 0
avowe 1 0
einschlaferst 1 0
avowd 1 0
moondera 1 0
unterschieden 8 0
lefant 1 0
aenemark 2 0
vigilies 1 0
avows 3 0
bruetenden 1 0
oryield 1 0
oston 440 0
orbeigehn 3 0
aghaste 1 0
ergrimmte 3 0
rebuffed 1 0
unhonoured 1 0
eschenk 19 0
oelnern 1 0
orcing 1 0
musste 368 0
figure 357 0
ssertors 2 0
applauds 3 0
figurd 1 0
xteriorly 1 0
parata 1 0
passports 6 0
twang 7 0
gipciere 1 0
achtundvierzigsten 3 0
gaenzlichen 3 0
provisionally 4 0
einigung 2 0
gaenzlicher 1 0
screech 5 0
icias 12 0
shibboleth 1 0
eschmeidigkeit 3 0
avord 1 0
mstand 27 0
tyrannising 1 0
eitsche 5 0
noyance 1 0
ebligkeit 1 0
aunter 1 0
dematerializations 1 0
hereinzubrechen 1 0
nterweisung 2 0
hindurchdringen 1 0
ostre 2 0
bumping 3 0
stotterte 1 0
physicians 42 0
avors 12 0
children 1030 0
ostri 1 0
review 36 0
wrath 95 0
avoro 1 0
interrupts 7 0
umworben 1 0
revier 2 0
guide 202 0
tenet 6 0
psprang 1 0
uftwiderstand 1 0
einwilligen 1 0
armelite 5 0
beggar 27 0
aunted 6 0
merciless 37 0
eschews 1 0
leaflets 1 0
nightmarish 1 0
aderbornischen 1 0
eingefasst 6 0
urney 94 0
hellstem 1 0
andstaende 1 0
artoffeln 1 0
hellsten 6 0
revice 1 0
urnet 5 0
waistcoats 6 0
gazette 1 0
ueberlaestigen 2 0
knaves 6 0
screens 14 0
molars 2 0
tesichorus 1 0
flycatchers 1 0
erlebt 8 0
wrongful 1 0
maidenhair 3 0
ankrupt 1 0
ereiten 1 0
hingebend 1 0
urned 1 0
urner 38 0
avour 75 0
oerdern 2 0
squalor 5 0
endell 3 0
illsboro 1 0
urnel 2 0
avona 2 0
obbed 2 0
pickings 1 0
ourteous 4 0
uniformity 33 0
enumerations 3 0
wogegen 2 0
avons 2 0
growing 215 0
squally 1 0
unterbrochene 4 0
urueckweichen 1 0
obber 1 0
obbes 4 0
squalls 3 0
elphische 1 0
tasked 1 0
salmon 12 0
wrapt 10 0
wraps 7 0
tence 1 0
rmstrong 5 0
ausgehungerter 1 0
auntie 1 0
fuehrn 1 0
alliard 1 0
liegst 2 0
remona 1 0
raconteur 1 0
saugen 1 0
direckly 3 0
alchus 2 0
fuehre 13 0
ottoes 2 0
remont 4 0
feelers 2 0
argumtntative 1 0
stabilen 1 0
topped 8 0
fuehrt 59 0
wrang 5 0
unmuendigen 1 0
feeleth 4 0
toppen 1 0
trickleiter 1 0
interplay 2 0
technically 3 0
erstreckt 6 0
glode 2 0
knebelten 1 0
abhorred 11 0
dennoch 18 0
verschlucken 3 0
grotesquely 2 0
tends 107 0
cquainted 1 0
atechise 1 0
herumfragen 1 0
daecht 4 0
atechism 8 0
wreck 44 0
harmonises 2 0
nterregnum 1 0
ersoehnt 1 0
ungezogene 1 0
harmonised 2 0
incinnatus 1 0
tyrannous 4 0
squares 29 0
investment 6 0
onstantinoupolei 1 0
cleanness 4 0
poems 167 0
eacham 9 0
peingen 1 0
squared 11 0
starreless 1 0
couvre 1 0
ekenner 1 0
gerieten 5 0
clamped 3 0
ekennen 2 0
instens 2 0
welche 897 0
zumachen 1 0
wreak 13 0
shingled 4 0
iretap 2 0
iscouragement 5 0
statelily 1 0
violating 10 0
effrontery 15 0
jesses 1 0
bewirbst 1 0
nimmermehr 5 0
holoku 3 0
bubbling 11 0
obvious 171 0
ounterfeit 3 0
nochenmasse 2 0
infuriated 15 0
draeuet 1 0
ammerjungfern 2 0
neighborliness 1 0
gumption 2 0
shingles 20 0
dispraise 1 0
hyran 1 0
predicted 19 0
anzuzuenden 5 0
cinder 8 0
nschlag 20 0
riendly 4 0
unchecked 7 0
duumvir 1 0
ilentiarii 1 0
geerntet 1 0
ungeheureres 1 0
ttamed 1 0
uckelige 1 0
eingefahren 1 0
eiseabenteuer 1 0
ufinius 1 0
aushofmeister 3 0
harmonisch 3 0
aeuchern 1 0
cumbent 1 0
fluffy 2 0
effectiveness 3 0
obern 17 0
wiedererlangt 1 0
instein 1 0
loecke 2 0
erschufst 1 0
obere 8 0
tween 14 0
runckii 1 0
tweed 3 0
obert 121 0
bloodthirsty 1 0
romanae 1 0
imonade 2 0
romance 49 0
achrinne 1 0
veredeln 3 0
bereaved 5 0
hinzugehen 2 0
umners 1 0
veredelt 4 0
ermaid 1 0
ufzeichnen 1 0
ngelegenheit 15 0
ilent 1 0
indelibly 4 0
diffuseness 5 0
mbrasures 1 0
alidity 5 0
nwholesomeness 1 0
poets 207 0
summieren 1 0
smiteth 4 0
ausgiebig 1 0
indelible 9 0
belongeth 6 0
ermain 67 0
euxis 5 0
edest 1 0
rzaehlende 2 0
indistinguishably 1 0
statelier 1 0
leinigkeit 10 0
frankly 47 0
usarion 6 0
qualifiziere 2 0
ealand 5 0
lbanians 3 0
poete 1 0
eomenia 1 0
eptoceros 1 0
allegory 22 0
twere 34 0
unsentimental 1 0
gewelkten 1 0
omineering 1 0
poesy 8 0
ambrosia 3 0
disable 4 0
outguards 1 0
babbling 5 0
catamount 1 0
ominions 23 0
mbria 1 0
outhernhay 1 0
multitudinously 1 0
feiler 8 0
hysics 4 0
oscommon 4 0
riendes 1 0
feilen 4 0
hysico 1 0
angstroth 1 0
conducible 1 0
insteps 1 0
oruebergehn 3 0
ermaea 1 0
cironian 1 0
remonitoires 1 0
hauncys 1 0
hysick 7 0
hearteless 2 0
ohlrabi 2 0
ngetreuen 3 0
orrespodence 1 0
feiles 1 0
including 311 0
achsprechen 1 0
twelf 2 0
erstreckend 1 0
euxel 5 0
alluding 9 0
testingly 1 0
euxes 5 0
lendwerk 5 0
hewing 3 0
salaams 3 0
violation 51 0
indistinguishable 2 0
chneidens 1 0
aennerstimme 1 0
uphrasy 1 0
obeys 10 0
ineness 2 0
edern 7 0
futiles 1 0
chlappseil 1 0
etaining 1 0
kimmerischen 1 0
mtschreiberstochter 1 0
halbweg 2 0
xecrated 1 0
insgeheim 2 0
orgenlaendischer 1 0
instern 3 0
orgenlaendischen 1 0
professorial 1 0
commingling 1 0
ondescends 1 0
remounts 1 0
eformsbestrebungen 1 0
hymning 3 0
unbestaendige 1 0
efangnen 3 0
verschworen 1 0
clamour 36 0
auphine 2 0
frankes 3 0
actolus 1 0
eberrest 1 0
specialties 1 0
erschulden 2 0
equiponderate 1 0
chnecke 2 0
appointments 46 0
gulps 2 0
ountain 36 0
schickliche 8 0
probable 308 0
gscheits 1 0
ussworm 1 0
benbildlichkeit 1 0
watchful 33 0
heldest 1 0
peitsche 1 0
gscheite 1 0
knechtisches 1 0
restrained 66 0
eitenweg 2 0
groceries 7 0
probably 991 0
jurisdiction 74 0
ausgeschlossen 6 0
boistously 1 0
eschichte 219 0
teat 2 0
teau 1 0
tear 130 0
teas 6 0
attack 289 0
ncouraged 4 0
ndowed 4 0
skinny 2 0
attach 39 0
teaz 1 0
esperian 1 0
wadder 1 0
tead 10 0
wrecks 9 0
ilfer 1 0
team 50 0
platoon 1 0
teak 2 0
unmapped 1 0
comerce 1 0
auphiny 1 0
bwechseln 1 0
nfanticide 1 0
tooted 1 0
wadded 6 0
oerben 9 0
lessening 26 0
ostensible 11 0
voruebergeschwommen 1 0
tede 1 0
tootin 1 0
tedious 63 0
ingedenk 1 0
adesoy 1 0
obeck 2 0
verbiete 2 0
chmorfleisch 1 0
olkentochter 1 0
swoonings 1 0
atechisme 1 0
tech 8 0
clamors 1 0
emuetigkeit 1 0
interlocking 2 0
gulls 5 0
gully 18 0
astetchen 2 0
ferdekenner 1 0
clamord 1 0
alarmingly 1 0
ithoute 41 0
iederlaendern 2 0
thumbs 6 0
scientist 6 0
ourbonism 4 0
orbilder 1 0
erzogenen 1 0
nutility 1 0
intermingle 4 0
istelmassen 2 0
atechisms 1 0
lciatus 1 0
riechenvolk 1 0
teen 6 0
ockenay 1 0
ostensibly 7 0
teel 7 0
argwoehnischen 2 0
teem 5 0
wreche 3 0
ominously 6 0
bstbaeumen 1 0
conveniences 35 0
herankam 2 0
ictions 3 0
unfeignedly 3 0
edaktion 1 0
azagay 1 0
tehn 2 0
anatomische 1 0
teht 13 0
vermaehlt 4 0
assenliedern 1 0
childbed 2 0
tehe 2 0
renouvelant 1 0
unstkenntnis 2 0
attain 90 0
vorgestern 4 0
windlass 1 0
benignant 5 0
brickwork 1 0
begleiteten 6 0
chaden 21 0
guished 1 0
daedal 2 0
feebler 3 0
ieblichkeit 2 0
litterateurs 1 0
ravels 18 0
verstuend 1 0
ufenthaltes 4 0
welded 8 0
tege 1 0
beneidet 5 0
hinausstieg 1 0
thirties 1 0
widerspenstigen 1 0
feebled 1 0
litterateure 1 0
beneiden 7 0
emuetsart 9 0
iamond 13 0
obedt 3 0
exponents 6 0
complainers 3 0
studyin 3 0
comedies 20 0
yville 1 0
etternich 2 0
dreifache 2 0
motionless 74 0
phrenesy 1 0
tein 48 0
teil 16 0
fuehllosen 1 0
gekniet 2 0
celebrates 3 0
gulfs 4 0
verschraenkt 1 0
artmann 1 0
uehrungen 1 0
ignificance 1 0
ultivator 2 0
ravens 6 0
andschaftsmaler 6 0
teig 3 0
satire 31 0
satins 2 0
andsmaenninnen 1 0
opuntia 1 0
orsters 2 0
repassing 3 0
tell 2029 0
efiehlt 1 0
lastende 1 0
eteriora 1 0
gules 1 0
squarely 22 0
ueberleben 3 0
sworded 1 0
auftat 6 0
celebrated 183 0
nightcaps 1 0
pfaeffisches 1 0
chitophel 2 0
teld 1 0
trumpets 14 0
womanhood 19 0
circumspectly 2 0
maechtige 13 0
pielleute 1 0
swordes 3 0
created 268 0
wharves 11 0
ferent 1 0
umzutauschen 1 0
affaells 1 0
triemen 2 0
eacher 8 0
uebergluecklich 3 0
eaches 5 0
quinine 9 0
creater 4 0
creates 32 0
torrents 41 0
okhara 1 0
itzchen 1 0
orstern 1 0
eached 1 0
verjuengte 1 0
zuschnallen 1 0
agewerk 1 0
tens 17 0
gulch 4 0
tent 111 0
tabernacle 6 0
sakes 18 0
elsewhere 143 0
urvyance 1 0
unrelieved 4 0
comedian 4 0
exceedingly 283 0
tend 144 0
immerians 2 0
restraints 67 0
ofmarschalls 1 0
tems 1 0
temp 1 0
aghaftesten 1 0
geistigste 2 0
illiberal 11 0
leprous 1 0
wenigsten 39 0
velocity 18 0
chamberlain 5 0
diamond 53 0
unwuerdigsten 1 0
ravery 14 0
trumpery 7 0
schmalleibigen 1 0
possibil 1 0
teps 13 0
unbelohnt 2 0
erlebten 1 0
ruhigeres 1 0
iglien 2 0
credulous 21 0
eichtvaetern 1 0
reprehending 1 0
postera 1 0
twouldn 1 0
billowing 1 0
apparition 22 0
toteler 1 0
nuetzlich 38 0
securitatis 1 0
conjectur 1 0
jester 2 0
aturgegenstaenden 1 0
rognosticks 1 0
supine 1 0
mentions 39 0
drivelling 2 0
roccoli 1 0
etaphor 1 0
mentiond 50 0
obstructions 12 0
eadiness 19 0
notabilities 5 0
bram 1 0
bran 10 0
brag 4 0
term 216 0
tern 17 0
brac 5 0
eneficent 1 0
undgeschwistern 1 0
uerstchen 1 0
eichnung 42 0
possible 1148 0
sleepiness 1 0
postern 3 0
misapplied 4 0
arktes 2 0
ruminate 2 0
astrecht 1 0
eleukou 1 0
treitens 1 0
fortzog 1 0
zugezogener 1 0
ergeltungsrecht 1 0
tets 5 0
tringer 3 0
urple 2 0
fergit 8 0
uebrigbleiben 3 0
adamant 6 0
depravity 14 0
tete 29 0
leviathan 3 0
hervorschimmern 1 0
inveigling 2 0
imperfection 28 0
treeless 3 0
possibly 350 0
astmaehlern 1 0
eebohm 1 0
test 127 0
bray 1 0
zurueckbringen 2 0
braw 3 0
posteln 2 0
originale 1 0
brav 28 0
superhighways 1 0
visaged 1 0
bras 1 0
brat 5 0
zuschlaegt 1 0
imbibe 4 0
imbibd 1 0
visages 8 0
hochadeligen 1 0
agdalen 24 0
effund 1 0
bred 79 0
hootoots 2 0
nbezwinglichkeit 1 0
aginus 1 0
teinschnitt 1 0
frenzies 2 0
optics 2 0
menade 1 0
ollins 193 0
ornehmer 1 0
brer 7 0
ornehmes 1 0
sidence 1 0
ornehmen 5 0
teve 2 0
bren 6 0
laminius 2 0
originals 14 0
frenzied 15 0
jested 2 0
olling 7 0
artley 2 0
bref 5 0
homogen 2 0
abenteuerliche 1 0
canebrakes 3 0
priest 251 0
expands 4 0
prosecutors 2 0
schedule 3 0
overwhelming 37 0
usruestung 1 0
crystallises 1 0
boistes 1 0
zuwachsen 1 0
bullies 6 0
deklamiert 2 0
stehenbleiben 2 0
brownness 3 0
ildly 1 0
orschlag 34 0
undeserving 9 0
delenda 1 0
text 606 0
irmingham 18 0
ecisions 13 0
eibnitz 1 0
sollicite 1 0
ndoubtedly 26 0
ersonals 1 0
brew 13 0
riumvirn 1 0
usstellung 1 0
menace 24 0
sollicits 1 0
successe 1 0
bullied 4 0
aufrid 3 0
brig 3 0
bric 6 0
brib 1 0
verjuengen 2 0
luminousness 2 0
bhorrence 4 0
fehlende 3 0
encreas 2 0
neunundvierzigsten 1 0
government 1327 0
dieserwegen 1 0
exemptions 8 0
counterfeiting 2 0
brim 29 0
brin 1 0
olucca 1 0
roemische 13 0
klar 54 0
klav 1 0
foetchen 2 0
unentwickelt 1 0
apland 1 0
morgentaulich 1 0
andsitzes 1 0
fortifying 7 0
hilology 2 0
ronunciation 3 0
onture 4 0
klarste 5 0
ttalia 1 0
aluted 1 0
eachum 40 0
trayal 1 0
seemlieste 1 0
ectora 1 0
spiritualised 2 0
bumped 5 0
errlicheres 1 0
ectore 1 0
swelleth 1 0
tuerme 5 0
vollkommenste 6 0
alutem 1 0
lverstone 2 0
boomings 1 0
delooded 1 0
jawbreaker 3 0
charboucle 1 0
originate 14 0
ouisbourg 6 0
sperance 1 0
bumper 1 0
lambkins 1 0
veterans 10 0
interhaus 1 0
ollies 11 0
faithfullest 1 0
ponere 1 0
anctam 2 0
ollier 29 0
dividers 1 0
syringe 2 0
syringa 2 0
dainteous 2 0
wohlunterrichteter 1 0
durchbringen 1 0
lukewarmly 1 0
sechste 2 0
incrusted 3 0
erlauben 28 0
wohlunterrichteten 1 0
tyrannical 41 0
ersonage 4 0
ilden 4 0
ilder 77 0
ildes 9 0
urpur 4 0
gigglement 1 0
brok 1 0
inform 145 0
attalions 10 0
strickend 1 0
vertrautesten 2 0
ttalus 3 0
gebruetet 1 0
yrakus 5 0
wecken 19 0
deuchten 1 0
entrenched 2 0
edels 1 0
elenge 3 0
oellampe 1 0
brow 130 0
edeln 10 0
drawing 393 0
edelm 1 0
brot 14 0
interpretations 8 0
vexation 40 0
reibfeder 1 0
vermeid 1 0
egresses 1 0
biere 2 0
ickly 1 0
umschaffen 2 0
fluent 14 0
ncipient 1 0
uiver 3 0
cracking 10 0
mismanaged 8 0
lumenstraeusschen 1 0
unique 28 0
arinelli 2 0
proselytes 6 0
aldane 1 0
tuerzt 2 0
ickle 2 0
switching 4 0
noviciate 1 0
bluffed 1 0
ahmten 2 0
recothick 1 0
adrassis 1 0
laminian 1 0
pebbled 3 0
ermann 51 0
ermans 64 0
edens 4 0
bluffer 1 0
perquisites 7 0
bluffen 1 0
blassroten 2 0
ermany 341 0
complainants 1 0
edene 1 0
wisdoms 1 0
barbaries 1 0
creased 3 0
wegzugehen 4 0
elende 6 0
exploiting 2 0
controlled 50 0
glassily 1 0
iktion 2 0
creases 4 0
pruneth 1 0
biete 6 0
aliment 4 0
verstaendigern 1 0
fluess 1 0
sugarplum 1 0
unertraeglich 32 0
chmitze 1 0
nakedness 15 0
boulevards 1 0
elenke 2 0
iegenhirt 2 0
wiederzugewinnen 1 0
uhlerin 3 0
herumziehenden 2 0
aplace 1 0
murderer 55 0
passten 3 0
emitic 1 0
blankest 1 0
umfangend 1 0
ecalmed 1 0
eneath 29 0
hysikalische 1 0
disrupt 2 0
guffawing 1 0
ileam 1 0
murdered 57 0
ingfinger 1 0
ieilles 1 0
hookeryha 1 0
akristeien 1 0
ilead 2 0
nstances 29 0
musikalisch 1 0
blankets 50 0
forlaft 1 0
haedimus 3 0
ahingebung 1 0
halbeter 1 0
abakspfeifensaeulen 1 0
barbarian 8 0
ollkuehnheiten 1 0
rstaunlicherweise 1 0
semblances 2 0
viewless 13 0
fortzufahren 10 0
growths 5 0
ustathius 1 0
herabhaengenden 2 0
ickey 1 0
icket 1 0
flexure 1 0
indefeasible 1 0
erkaltete 1 0
gleaned 4 0
icked 2 0
icker 3 0
profiting 5 0
icken 1 0
obden 1 0
billeted 1 0
preliminary 85 0
trainload 1 0
colliers 2 0
treadeth 1 0
ircumspection 6 0
obtrude 3 0
eschlechtern 4 0
ndiskretion 6 0
ohnmaechtigen 1 0
herausgesehn 1 0
understudy 1 0
ahnreigesicht 1 0
ouvenirs 2 0
expanse 22 0
emuetsstellung 1 0
providence 53 0
plaisterers 1 0
architect 21 0
luegsten 1 0
portraying 3 0
unhurried 1 0
irksames 1 0
nangenehmste 1 0
treadest 1 0
zusammengepackt 1 0
explosions 2 0
verraeterische 2 0
bield 2 0
urphy 5 0
etapher 1 0
fellowshiping 1 0
fortwaelzte 1 0
rrwege 1 0
spiritualists 13 0
eohunter 1 0
houghs 1 0
hought 45 0
speranza 1 0
edeen 1 0
regulations 114 0
rudiment 1 0
urpin 5 0
nconsistency 2 0
oontzman 1 0
klug 54 0
kinfolks 4 0
klum 1 0
glaenzende 9 0
rumgumption 2 0
erlaubte 26 0
ramifications 5 0
losgebrannt 1 0
demean 3 0
dmitting 7 0
acancy 7 0
pebbles 45 0
erlaubst 4 0
swindled 1 0
swindler 8 0
aufgaert 1 0
swindles 1 0
partridge 25 0
eschosses 1 0
qualification 24 0
erbandes 1 0
nconsistence 1 0
pudern 1 0
hergebrachte 2 0
ausserordentlicher 2 0
aerten 51 0
aertel 5 0
ausserordentlichen 24 0
rchesters 1 0
aufsah 1 0
hennes 7 0
rmenisch 1 0
spoettischen 5 0
atchina 4 0
atching 7 0
schwarzkoepfige 1 0
aerter 3 0
extinct 28 0
hingegeben 8 0
aertes 99 0
tepid 2 0
nschlittlampen 1 0
instead 625 0
brindle 2 0
sinnliche 5 0
mprisonment 5 0
bullion 97 0
biegt 4 0
okals 1 0
clamouring 3 0
flabbily 1 0
contravening 1 0
ehrmals 1 0
superiour 1 0
overlookest 1 0
shrewish 1 0
verweigere 1 0
ursue 1 0
agrees 21 0
agreen 1 0
instruct 43 0
unerfahrnen 5 0
outeville 1 0
edham 4 0
atchmen 1 0
hinatown 1 0
instruck 2 0
malcontents 7 0
overlookers 1 0
utrauens 4 0
collibus 1 0
festgenaeht 1 0
gundy 1 0
notch 7 0
pblown 1 0
unerfahrner 1 0
unerfahrnes 1 0
octogamy 1 0
eitentor 1 0
stowres 1 0
unspottedness 1 0
resignation 44 0
ebauchery 1 0
measurement 8 0
censors 4 0
atchman 2 0
achgetuemmel 1 0
behorcht 1 0
weckst 1 0
agreed 250 0
chatzes 8 0
secretly 67 0
verstummte 4 0
othaufen 1 0
unfriendly 33 0
aebel 2 0
okako 1 0
weckte 9 0
apharus 1 0
ueberwinden 17 0
rundmaxime 1 0
ueberwindet 4 0
ssail 1 0
ueberwinder 7 0
okale 1 0
schuettete 4 0
assoiling 1 0
eldbinde 1 0
ruizing 1 0
pinakos 1 0
teste 1 0
insiedelei 3 0
notes 183 0
perforations 2 0
remodeled 2 0
bekraenzt 1 0
einzugehen 6 0
smithed 1 0
official 219 0
unmanageably 2 0
esseren 3 0
bsen 1 0
usrichtung 1 0
mutineers 2 0
shouldered 18 0
testa 1 0
travailing 2 0
brainless 2 0
testu 1 0
phaenomena 9 0
abzuleiten 3 0
tests 60 0
testy 4 0
esseres 6 0
milkiest 1 0
espectfully 1 0
brasswork 1 0
unmanageable 10 0
inhabitest 1 0
urste 1 0
einsenkt 1 0
animatedly 1 0
haoles 5 0
egraebnis 1 0
doctoring 5 0
aufeinandergepackt 1 0
ueterbesitzers 1 0
uebelnahm 1 0
huebscher 6 0
ekleidete 1 0
ursts 1 0
erdien 1 0
beschneiten 2 0
huebsches 5 0
huebschem 1 0
huebschen 13 0
offending 23 0
armaids 1 0
tunnelling 1 0
radock 3 0
noted 94 0
horizon 108 0
ebensgefuehl 1 0
progressive 39 0
gesprungen 10 0
herumliegen 2 0
noten 17 0
unattended 7 0
bridgement 1 0
unbeweglichem 1 0
unrise 2 0
couthe 2 0
cumulated 1 0
unbeweglicher 1 0
unbeweglichen 1 0
bravo 3 0
erweckten 3 0
erdita 1 0
burdensome 18 0
brave 167 0
couthy 2 0
railleries 1 0
iebesgewinn 1 0
propounding 2 0
acheilenden 1 0
ritonen 5 0
ntention 35 0
brawn 4 0
unintended 2 0
brawl 4 0
erndeln 2 0
tarpaulins 1 0
chaulust 1 0
laegers 1 0
chabod 3 0
leichteres 1 0
leichterer 1 0
tetch 5 0
ceasless 1 0
ighteousness 6 0
leichterem 1 0
leichteren 1 0
schuetteln 2 0
arktraum 1 0
reenwich 17 0
taatshaushaltes 1 0
unripe 6 0
emark 10 0
hiozzotte 1 0
imbeln 1 0
chluchzend 1 0
notin 1 0
ampness 2 0
postboy 3 0
displeasure 35 0
pahiuhiu 1 0
erdriessliches 1 0
exploitation 12 0
declares 49 0
kunnts 1 0
ruminatin 1 0
achhuelfe 2 0
declaren 1 0
schuettelt 3 0
herausstehende 1 0
soundly 15 0
brast 3 0
brass 118 0
obham 6 0
yranni 1 0
kunnst 1 0
imbers 2 0
eintuch 2 0
nfreundlich 1 0
stachligen 1 0
gaolers 2 0
sustentation 1 0
brash 3 0
yranny 50 0
emals 1 0
emalt 1 0
adrassee 1 0
unneeded 1 0
progression 8 0
brats 1 0
bratt 2 0
uftgestalten 1 0
osenkranz 5 0
eraeusche 3 0
reload 2 0
treithengst 1 0
stattliche 1 0
candwell 8 0
betokening 1 0
declared 380 0
winglians 3 0
uniors 1 0
progressing 3 0
boulders 18 0
vielgeliebten 1 0
versahen 2 0
bemerkten 8 0
bemerktet 1 0
emand 31 0
entgegenzuengelte 1 0
braun 7 0
peinigt 1 0
armselige 2 0
hinnahm 2 0
ractatus 1 0
hiletas 1 0
eitental 1 0
emans 4 0
ueberlistete 1 0
chiffsgesellen 2 0
feinem 5 0
ruminates 2 0
urses 11 0
feinen 21 0
nospe 4 0
urser 1 0
allwal 2 0
applaudiert 1 0
skills 2 0
efindet 2 0
differently 61 0
colocynthis 2 0
jestingly 3 0
pielraum 1 0
soughing 1 0
deceivable 2 0
efinden 5 0
chwitzbaeder 1 0
oerder 4 0
feines 4 0
emeinsinn 1 0
feiner 14 0
vocata 1 0
ebaelks 1 0
ibertys 2 0
aebte 1 0
goldgewirkte 1 0
eeking 3 0
possessio 1 0
ebaelke 3 0
ursed 4 0
fleissigen 3 0
beisammenschliefen 1 0
fleissiges 2 0
enutzens 1 0
graessliche 2 0
fleissiger 5 0
alotragus 2 0
ponina 1 0
profitieren 1 0
zubrachten 1 0
samer 4 0
haraohs 2 0
scrawling 1 0
verherrlicht 5 0
erlichingens 2 0
aufsass 1 0
ehetape 3 0
vermoechte 3 0
verstummen 2 0
porcupine 4 0
verlieren 59 0
skilld 1 0
spurns 2 0
skille 1 0
mballa 2 0
ocktasche 1 0
spurne 1 0
abscheuliche 1 0
rithemius 1 0
standigen 1 0
uebersaeten 1 0
auseinanderfiele 1 0
withereth 1 0
staeuben 1 0
iederhergestellten 1 0
sounden 1 0
soundet 2 0
sounder 7 0
spurge 1 0
soundes 3 0
wohinein 1 0
strellita 2 0
achbarhaeuser 1 0
clemency 8 0
sounded 93 0
dererjenigen 1 0
recurs 8 0
inwendigs 1 0
superb 60 0
eneficial 1 0
haeronea 3 0
bste 1 0
beisammenstehn 1 0
hurricanes 3 0
lidensian 1 0
wehrlos 3 0
orbits 6 0
moistures 1 0
poppies 10 0
rchimedes 3 0
kuenstlerische 1 0
gehasst 1 0
hineingeflossen 1 0
aufgeboten 2 0
legale 1 0
xplore 2 0
inwendige 3 0
unpresidented 1 0
durable 46 0
diocrity 1 0
durably 1 0
gradients 1 0
gunny 2 0
bedinge 1 0
indshauch 2 0
interhalt 5 0
possessor 26 0
yrants 16 0
bothered 9 0
summons 37 0
mstaenden 68 0
eerfuehrer 5 0
apparelled 4 0
bedingt 2 0
ursch 2 0
herausforderte 2 0
utobiography 15 0
ramins 1 0
alculate 1 0
unterliegen 2 0
entzieht 1 0
agamores 1 0
entziehn 1 0
ramine 1 0
legant 1 0
erkstaette 2 0
doomesman 1 0
leganz 2 0
aufgerufen 1 0
entziehe 1 0
avoritverwuenschung 1 0
counterfeiteth 1 0
denoting 9 0
effectuated 3 0
ember 52 0
matrimonial 6 0
reassembled 1 0
spurts 7 0
schaerft 3 0
erdict 3 0
esticulantes 1 0
verwihrt 1 0
feelingly 4 0
dividing 41 0
hahnsome 1 0
weifelsucht 1 0
aufgeschlagenen 2 0
ponies 26 0
amphilus 6 0
rinciples 117 0
osfori 1 0
flirtashus 1 0
hrygian 8 0
usterities 1 0
menschlich 8 0
rotestant 198 0
witest 1 0
unfriended 1 0
orbins 1 0
rumoured 3 0
schliessen 40 0
nstandes 1 0
grille 1 0
rthodox 3 0
assortment 50 0
irsekoernern 1 0
eligoland 1 0
ollity 1 0
aerchen 39 0
raeutigamskleide 1 0
thankfully 5 0
ttacked 1 0
artington 2 0
atalonians 2 0
vorgebaute 1 0
aminfeuer 2 0
speunces 1 0
gepeitscht 2 0
fastidious 16 0
raeuberische 1 0
detentions 1 0
revisited 2 0
ollius 4 0
orbild 1 0
option 11 0
popping 2 0
xploit 2 0
beklagten 6 0
ncompasses 1 0
fergot 3 0
uniper 2 0
legate 17 0
beklagtet 1 0
crackled 3 0
electris 1 0
ewachung 2 0
fluids 5 0
unscrewed 1 0
retaking 1 0
peutetre 1 0
crackles 1 0
electric 34 0
herbeigewinkt 1 0
enecas 2 0
eyliger 1 0
tarken 1 0
optimi 1 0
clavonia 1 0
verlierst 2 0
auszudenken 4 0
bewahrt 12 0
yramid 7 0
embellishes 2 0
hilistines 5 0
bewahre 7 0
embellished 8 0
ordinarily 30 0
childern 3 0
nothings 8 0
nachahmen 4 0
payroll 1 0
nachahmet 1 0
scientiis 1 0
drawled 5 0
getrennten 4 0
ehrbares 2 0
herausfordernd 1 0
ehrbarer 1 0
salte 7 0
unterwarf 2 0
arnesische 1 0
militarism 4 0
teilnehmend 3 0
ehrbaren 2 0
flanzenleben 1 0
willy 1 0
zuckte 5 0
salto 1 0
willt 3 0
aeternaq 1 0
salts 5 0
wills 16 0
salty 6 0
willn 1 0
loftiness 5 0
laymen 15 0
regimented 3 0
salue 1 0
wille 4 0
tiefvater 1 0
rogressivism 6 0
beschnittnen 1 0
bridling 2 0
nahegingen 1 0
ilful 2 0
terra 15 0
salms 17 0
terre 3 0
esuitesses 1 0
eachtung 1 0
observd 8 0
ingangstuere 1 0
observe 316 0
insiedler 2 0
errlichste 3 0
hierarchical 1 0
oberen 5 0
wilfu 2 0
reanimated 2 0
stillheitern 1 0
inquartierung 1 0
excruciating 3 0
terse 1 0
unpitying 2 0
ndowment 1 0
tuendchen 2 0
enedig 38 0
ritons 25 0
nosed 9 0
screams 13 0
wiles 9 0
chaack 1 0
geistige 9 0
salon 24 0
enserichs 1 0
tauschten 1 0
gehauen 6 0
haedrias 3 0
watching 163 0
ruehrende 3 0
perhaps 1739 0
subterfuge 5 0
euerprobe 1 0
iornede 1 0
baccalaureate 1 0
durchstrahlt 1 0
zuleid 2 0
platte 2 0
mistresses 21 0
solidness 1 0
issension 1 0
layman 6 0
childlike 6 0
auptpunkten 1 0
esetzleuten 1 0
ordinaries 2 0
instrumentalities 2 0
rdesprachen 1 0
lapsed 9 0
nachzuschicken 1 0
speechless 15 0
euerblick 1 0
frothed 1 0
disputed 39 0
plates 53 0
individuellen 5 0
entbehre 1 0
sitzende 4 0
auszubrechen 4 0
disputes 81 0
habitable 8 0
lapses 4 0
mkmat 4 0
plated 3 0
entbehrt 4 0
halting 24 0
deckten 2 0
ebirgsart 4 0
noses 21 0
subscription 27 0
ereticks 1 0
kneeleth 4 0
slitmills 1 0
arrenschiff 1 0
westren 1 0
knew 1616 0
knee 76 0
mmacolata 1 0
holpen 3 0
slender 83 0
troublesome 53 0
trinity 1 0
sputin 8 0
yearningly 1 0
reichhaltiger 2 0
versoehnen 3 0
ruehlingssonne 2 0
ekoration 11 0
lueckselige 2 0
salva 3 0
misslich 2 0
versoehnet 1 0
salve 1 0
thas 7 0
that 59636 0
verdienten 12 0
thar 94 0
wahrnahm 2 0
osition 14 0
than 10030 0
thaw 6 0
fasces 1 0
oerers 1 0
possessed 331 0
uszeichnung 2 0
emporstrebenden 2 0
erwaehnten 3 0
oerern 1 0
mwinde 1 0
thae 10 0
unartig 5 0
dilution 1 0
arikatur 2 0
possesses 84 0
diagonals 1 0
hracian 4 0
eturneth 1 0
anueri 1 0
udbury 3 0
legacy 15 0
befuerchtete 3 0
ilbergeschirr 1 0
sputed 1 0
betrachtet 44 0
lengthwise 2 0
onceal 1 0
betrachten 35 0
zuschlagen 1 0
missent 2 0
onceau 1 0
pausing 25 0
capacities 18 0
purpling 1 0
disabuse 4 0
regimental 4 0
influx 8 0
oeflichkeiten 3 0
cousin 147 0
welfth 6 0
benignely 1 0
redeemable 4 0
zerbroeckelt 2 0
sputen 1 0
knit 37 0
consternation 16 0
urglaries 1 0
salad 7 0
umgebenen 1 0
adaptation 16 0
wrest 14 0
arbonnais 1 0
nnehmlichkeit 2 0
thew 1 0
tered 1 0
schwarzsammetnes 1 0
thet 2 0
ther 93 0
ripping 6 0
insensibly 22 0
brand 29 0
teres 1 0
aderia 3 0
they 18333 0
umgebende 3 0
perpetually 49 0
thee 940 0
ordergrunde 7 0
dgecumbe 1 0
ugvoegel 2 0
frustration 2 0
theo 1 0
gesunde 13 0
them 13865 0
then 5353 0
inteilungen 1 0
thel 3 0
emale 16 0
insensible 55 0
aufgehetzt 1 0
eintragen 1 0
unangetastet 3 0
chronically 1 0
herumjage 1 0
baelder 1 0
waistcoat 21 0
knob 5 0
urrer 29 0
axwesen 1 0
rapscallion 1 0
urrey 10 0
covenant 10 0
iguana 2 0
insuperable 11 0
taellen 1 0
emain 3 0
email 183 0
ealings 6 0
stoicism 3 0
kindeness 3 0
unions 17 0
sensual 18 0
dretched 1 0
foremast 4 0
achbarinnen 7 0
auschen 4 0
norme 1 0
dismantle 1 0
arnische 4 0
urree 1 0
scantest 1 0
ecurrent 1 0
urren 1 0
compressed 76 0
nachahmte 2 0
baseless 4 0
culotte 2 0
buttermilk 11 0
risking 6 0
rauthaupt 1 0
yramus 4 0
nconveniency 1 0
blickten 5 0
irthday 1 0
rchitekturidee 1 0
nconvenience 13 0
deformities 2 0
unangefochten 2 0
effluence 3 0
rosion 2 0
this 22158 0
ilget 1 0
sleekly 1 0
ilger 8 0
sinless 2 0
thir 1 0
sneezeth 1 0
thin 247 0
brake 16 0
knoo 1 0
flugschar 1 0
purplish 2 0
infaellen 4 0
thic 2 0
know 4467 0
knot 49 0
ontempt 45 0
emahl 25 0
aerrin 5 0
urran 2 0
amphibious 9 0
imprint 7 0
rrtuemer 5 0
gummy 2 0
fuertreffliche 1 0
urray 41 0
indisposed 8 0
frustrating 1 0
schwimmende 1 0
festlicher 1 0
swirling 9 0
caterpillars 1 0
festlichen 5 0
examination 173 0
mbroidered 1 0
skimpy 1 0
easuring 1 0
impious 32 0
muschlig 1 0
wrene 1 0
stemless 1 0
securing 81 0
aderno 2 0
ellestrina 1 0
wrens 2 0
cumbersome 4 0
erschlossen 1 0
herabgesetzt 1 0
veery 2 0
mbrun 1 0
veers 2 0
rosily 2 0
urrah 5 0
neueroeffnete 1 0
dumbfounded 4 0
terdo 1 0
lapsus 1 0
cutler 1 0
localities 22 0
misdirection 3 0
courts 112 0
ridiculously 3 0
salis 1 0
terne 31 0
naechtliche 7 0
beyond 782 0
thna 1 0
ranceschini 1 0
terms 386 0
ampelon 1 0
emach 2 0
schwache 12 0
dventure 11 0
owever 203 0
holour 1 0
iergarten 1 0
ewport 15 0
eicester 5 0
dereliction 2 0
evaporable 1 0
terns 1 0
zurueckstrahle 1 0
thly 3 0
renomee 1 0
wiedergefunden 2 0
umherschleichen 1 0
ordaens 1 0
wilei 1 0
ploughshare 8 0
nbetung 6 0
precautions 39 0
north 319 0
everities 1 0
traussenfedern 1 0
verachtenswuerdigen 1 0
klassifizieren 1 0
salle 7 0
wilds 13 0
course 1627 0
thoo 24 0
wilde 36 0
ontwel 1 0
sally 4 0
brain 166 0
thou 1679 0
thos 3 0
tammbaume 1 0
thot 1 0
enobscott 3 0
forcing 38 0
bigot 3 0
braid 10 0
esetzliches 1 0
superstition 74 0
courte 1 0
eschichtschreiber 10 0
danach 2 0
flavoured 5 0
quirrels 6 0
rossoheim 1 0
salem 1 0
thro 140 0
itronenspaliere 1 0
bicolor 1 0
thry 2 0
sales 18 0
hipments 1 0
striven 12 0
abzwingt 1 0
indignation 114 0
allongas 2 0
platzt 2 0
teris 1 0
bight 1 0
strives 11 0
ielten 1 0
platze 1 0
ccordingly 88 0
brace 8 0
robheit 1 0
brach 26 0
dasjenige 75 0
amidships 3 0
haunche 2 0
contacted 1 0
decoction 2 0
antheism 4 0
nkosten 11 0
verliesse 1 0
superiors 48 0
security 257 0
buck 22 0
buch 1 0
hysik 1 0
abstinence 23 0
plattsten 1 0
eingetragen 1 0
abgefahren 1 0
beantwortet 3 0
confidently 32 0
edges 52 0
edger 3 0
locomotives 4 0
beantworten 8 0
ewitters 2 0
parishes 26 0
termi 1 0
plodding 11 0
zusammenarbeiteten 1 0
kleinliche 1 0
edged 21 0
navigators 5 0
salid 1 0
euresgleichen 1 0
illustrating 6 0
austracht 1 0
rdenskreuz 2 0
heruntergehen 1 0
telzchen 2 0
mergencies 1 0
gebogner 1 0
unvergleichlichen 6 0
forwardness 2 0
buds 18 0
unvergleichlicher 1 0
without 4325 0
auchwolken 2 0
veils 4 0
establishd 15 0
twins 4 0
verhallten 1 0
compartment 18 0
sovereignty 44 0
flapper 4 0
platten 3 0
ntients 4 0
weggedacht 1 0
whatsoever 76 0
postoffice 2 0
thus 1952 0
thut 20 0
grifft 1 0
norato 2 0
thue 2 0
ecalling 2 0
thud 5 0
wohlfeile 1 0
pocrypha 2 0
bude 2 0
uarnacci 2 0
thun 30 0
moeglichste 5 0
griffe 1 0
placate 2 0
poise 6 0
ameraden 6 0
hilemon 2 0
otschlag 1 0
chmuckkaestchen 2 0
darreichte 2 0
comber 2 0
bugs 10 0
bkoemmling 1 0
laesslich 1 0
aufgefischt 1 0
deceitful 18 0
combed 18 0
obius 1 0
committed 238 0
kcrady 1 0
committee 107 0
etainers 1 0
ruined 155 0
achslicht 1 0
osolie 1 0
hippings 2 0
veins 97 0
ankuendigten 1 0
hewell 1 0
lesseneth 1 0
illustration 51 0
buff 10 0
novel 96 0
veine 1 0
cuttin 9 0
eingeimpften 1 0
beglueckt 4 0
crosselet 4 0
enennungen 1 0
aufgaben 1 0
nschlaegen 1 0
ajestaetsrecht 1 0
umtauschen 1 0
geniert 1 0
wischenakte 1 0
buik 4 0
eintrug 1 0
gracefully 23 0
beweglich 6 0
verzaehlst 1 0
issenswerten 1 0
koam 6 0
koan 14 0
caryatides 1 0
clavers 2 0
ausgegangen 5 0
remunerative 2 0
epenting 3 0
lagoons 3 0
ausgemacht 9 0
eakened 1 0
entlaufenen 1 0
llmannigfaltge 1 0
haunches 7 0
complaind 2 0
ueberlegung 23 0
frolicking 2 0
nachus 1 0
eloquence 129 0
heruntergesetzt 2 0
wrien 2 0
bebuscht 1 0
combin 1 0
genussreiches 1 0
twill 12 0
genussreicher 1 0
pinnenfuesse 1 0
aedel 2 0
sociale 1 0
visionen 1 0
twine 14 0
aedes 1 0
flapped 7 0
mobile 5 0
aeder 11 0
floggings 3 0
quietus 3 0
nachts 24 0
aeden 14 0
armistice 6 0
ypatia 3 0
aldeck 5 0
acidity 5 0
complains 12 0
complaint 80 0
visioned 2 0
geniess 3 0
pinnacle 11 0
cuttle 1 0
novis 2 0
fahreten 1 0
placard 4 0
lintons 1 0
offense 31 0
cutted 1 0
oyelle 1 0
cutter 9 0
fourteenpence 2 0
einsehen 15 0
wrist 13 0
auszustechen 1 0
hristopher 545 0
koff 3 0
bump 2 0
bringer 1 0
oakwoods 1 0
sixpences 4 0
teven 1 0
bringen 205 0
write 612 0
innoxious 1 0
envoys 5 0
henkin 1 0
bulb 4 0
unconventional 1 0
bstracto 1 0
maltreated 4 0
astecoat 1 0
writt 1 0
einforcemt 1 0
eingeimpft 1 0
bracer 2 0
harshly 27 0
automaton 4 0
install 3 0
bstracts 2 0
strongly 227 0
befinden 21 0
manifested 60 0
befindet 33 0
stroemte 3 0
dranken 1 0
bulk 88 0
bull 121 0
ilius 5 0
braced 5 0
urves 4 0
eleite 3 0
grazier 2 0
tibi 3 0
urvey 15 0
instant 341 0
bracht 13 0
buoy 5 0
ermuedend 1 0
ourants 1 0
twixt 7 0
kohl 1 0
ouranto 1 0
erjeant 2 0
jejune 1 0
bung 2 0
apitolinische 1 0
belehrend 6 0
bund 1 0
curtailments 1 0
enthroned 2 0
buns 5 0
bunt 11 0
usammentritt 1 0
popguns 1 0
exuviae 2 0
curtisied 1 0
bunk 2 0
instand 4 0
dicker 1 0
tide 84 0
dickes 1 0
pleasured 1 0
twise 3 0
paltungen 2 0
jahrelang 7 0
infirm 20 0
ausbliebe 1 0
sapient 1 0
dicken 5 0
unbussfertiger 1 0
dickem 1 0
oogley 1 0
scrupulous 35 0
preconceivd 1 0
preconceive 1 0
twirl 3 0
cobblers 6 0
herbergage 3 0
remunerating 1 0
zusammentreffen 8 0
ritual 15 0
tica 5 0
tarren 2 0
tick 10 0
objet 1 0
tich 7 0
amortised 1 0
pleasures 145 0
reichen 55 0
tarred 1 0
stumped 2 0
reichem 1 0
interlineations 2 0
reichet 1 0
twist 41 0
flounders 3 0
reicher 15 0
reiches 7 0
crossness 1 0
tiff 5 0
assimilating 1 0
busk 4 0
bush 118 0
busi 1 0
combat 36 0
manifestly 32 0
buse 6 0
alarmieren 1 0
sacrificed 50 0
primitives 1 0
stumpfe 1 0
tier 8 0
ties 62 0
erranting 1 0
sehnlichsten 1 0
busy 149 0
primogeniture 10 0
bust 14 0
aufzufischen 1 0
busu 1 0
rauttage 1 0
remuneration 5 0
buss 16 0
sacrifices 40 0
tief 80 0
burn 133 0
tieg 7 0
tied 161 0
sacrificer 1 0
abitations 3 0
vermass 1 0
wring 13 0
wacherlwarmi 1 0
automatic 15 0
sociate 1 0
verfuegen 3 0
assimilation 3 0
ntuned 2 0
darting 14 0
abgerissener 1 0
gloomiest 1 0
bury 43 0
uergerin 2 0
purpurglaenzende 1 0
burs 5 0
hervorzuruecken 1 0
herauszuheben 1 0
tidy 15 0
burr 4 0
quietly 195 0
zugedeckt 2 0
zurueckzukehren 6 0
nouth 1 0
grieve 45 0
grievd 1 0
ermuedete 1 0
materiellen 4 0
oversight 3 0
rancavilla 1 0
athenburgh 1 0
konn 8 0
criticising 5 0
elehrenden 1 0
eligionsunterricht 1 0
eelenverkaeufer 1 0
kona 2 0
buth 1 0
discordance 1 0
poieo 1 0
buta 1 0
snakish 4 0
ranscript 1 0
reassurance 1 0
tift 3 0
komm 35 0
vortrage 1 0
auffeuer 3 0
satirize 1 0
buts 1 0
butt 36 0
usammenseins 1 0
glimmering 16 0
grazing 11 0
beeinflussen 2 0
orstadt 3 0
raving 20 0
ravine 42 0
spoonful 1 0
haischen 1 0
pursuivantes 2 0
baiting 2 0
eufelsklaue 1 0
straighte 4 0
trumping 1 0
begueterte 2 0
unburdening 1 0
kopf 1 0
combining 25 0
roebchen 1 0
disparate 2 0
overmatch 3 0
straights 2 0
largesse 4 0
tragedy 77 0
miniature 23 0
ignoratio 1 0
hervorkeimende 1 0
deliglit 1 0
nferiors 4 0
buys 19 0
till 1810 0
attend 230 0
kose 1 0
unexhausted 2 0
wrighte 1 0
shamefacedness 1 0
forsaken 34 0
tilt 12 0
frescoes 5 0
salutory 1 0
bringin 3 0
oulting 1 0
tile 38 0
immense 211 0
ssyria 1 0
orkers 3 0
uthors 27 0
frescoed 1 0
trumpits 2 0
obile 17 0
offenes 2 0
offener 3 0
idowhood 1 0
offenem 2 0
offenen 18 0
ection 24 0
buye 1 0
attent 1 0
forsakes 2 0
victuals 27 0
anschlossen 1 0
bunched 1 0
obili 7 0
snatchd 1 0
oberts 13 0
tink 8 0
oberto 1 0
bunches 2 0
bullock 11 0
effort 248 0
eispielmaessig 7 0
einzuengen 1 0
tint 28 0
kuesst 6 0
nachzustellen 1 0
acquirement 5 0
foreknows 3 0
stronger 230 0
cience 43 0
stronges 2 0
ting 4 0
artram 3 0
foreknown 2 0
sessio 1 0
tine 1 0
kuesse 4 0
oberst 1 0
quieter 7 0
ravish 9 0
hanking 3 0
childless 20 0
quieted 17 0
insurgents 9 0
koss 2 0
kost 4 0
einzukaufen 2 0
time 7116 0
buzz 8 0
inanzen 1 0
alazansa 1 0
unendlich 53 0
laubensbekenntnis 1 0
electoral 19 0
illustrative 4 0
kowl 5 0
poilt 1 0
ildtaetigkeit 1 0
tips 45 0
poils 3 0
sovereignly 1 0
offence 116 0
undissembled 2 0
tion 24 0
sopsron 1 0
iudad 2 0
oncert 10 0
twigs 32 0
nugatory 2 0
ehrerbietiger 1 0
ortensius 1 0
ehrerbietigen 2 0
raither 7 0
ravity 9 0
attery 13 0
tiny 63 0
bringts 1 0
atters 75 0
attern 3 0
rstaunen 48 0
bunchin 1 0
metropolitans 5 0
tirp 1 0
chwaetzen 2 0
enntnis 48 0
tirn 24 0
scooping 1 0
elterschaffung 1 0
offends 7 0
chwaetzer 1 0
incests 1 0
triangle 19 0
schlenderte 2 0
tourist 38 0
choenberg 1 0
hreatenings 1 0
tirb 3 0
tragend 4 0
bibbing 1 0
feigne 1 0
attest 5 0
tire 12 0
deficient 47 0
uftdruck 1 0
onestogoe 9 0
efuting 1 0
feigns 3 0
oopers 1 0
prepositions 1 0
schuldige 1 0
rosody 1 0
arkgrafen 3 0
leoetes 2 0
chmulewitsch 1 0
offende 2 0
bequemere 2 0
elsgipfel 1 0
trinket 4 0
novam 1 0
derfahrn 1 0
alstaff 6 0
trinken 38 0
verteidigenden 1 0
neuchen 1 0
hyself 2 0
nouveaux 1 0
geschwitzt 1 0
intoned 1 0
oraussagung 1 0
atteux 1 0
oerfer 9 0
retence 20 0
unaufhaltsames 1 0
emden 4 0
emdes 3 0
uruma 4 0
eretical 1 0
efieder 1 0
wissenschaft 8 0
fortgehen 4 0
twice 242 0
reveale 1 0
uflebung 1 0
unaufhaltsamen 1 0
unchausen 2 0
bijou 1 0
chsenhetze 1 0
teure 5 0
reveals 31 0
satirist 9 0
stipend 9 0
reichst 3 0
point 1178 0
gnaedigen 12 0
indolences 1 0
tive 1 0
workpeople 1 0
aechsten 8 0
bringst 8 0
gnaediger 8 0
smiting 1 0
oncern 42 0
pinprick 2 0
radikaliter 1 0
aechstes 1 0
satirise 2 0
rettchen 1 0
stroemen 2 0
oncept 2 0
diplomatically 1 0
fugitive 61 0
grownup 1 0
panoplied 1 0
posting 55 0
prairie 13 0
twies 1 0
nozzle 1 0
gushing 3 0
zuwirfst 1 0
determining 37 0
reichte 48 0
burgesses 3 0
pruning 6 0
untsman 1 0
playtime 1 0
abstehende 1 0
harvested 4 0
eiwesen 1 0
ufaelligen 1 0
foregoing 78 0
nselfahrt 1 0
ondenlichtes 1 0
atchets 1 0
hancellor 46 0
illingly 1 0
edict 24 0
opportunity 520 0
winne 5 0
edici 34 0
enschenoede 1 0
mbued 1 0
winna 2 0
diurnal 4 0
rglist 1 0
abgesaegt 1 0
waverer 1 0
advising 20 0
weetheart 1 0
indrung 1 0
edify 4 0
sceptical 21 0
ellipsiprymna 1 0
ntersuch 1 0
regelmaessiges 2 0
riccia 1 0
eaknesses 2 0
regelmaessiger 1 0
hristlichen 1 0
entatus 2 0
summing 3 0
ontinents 1 0
alfried 4 0
brooches 4 0
griefs 10 0
regelmaessigen 7 0
uabia 1 0
aeche 8 0
encroachments 12 0
griefe 1 0
ekorationsart 1 0
uzzarelli 1 0
orglosen 1 0
engrafted 1 0
winke 1 0
poeple 1 0
stehend 5 0
erwehrte 1 0
heranhob 1 0
konnten 142 0
summits 22 0
verfehlte 5 0
nstinkt 8 0
unpassend 1 0
tumpfnase 1 0
equipiert 1 0
poignantly 4 0
ontegut 1 0
aciturnity 1 0
uddington 2 0
druggery 1 0
niederdruecken 1 0
illingen 2 0
auditorium 2 0
elucidated 1 0
hinuebergefuehrt 1 0
ausgestattet 8 0
vermodertes 1 0
eistlicher 4 0
angetraut 1 0
durchsuchtest 1 0
eistlichen 32 0
unterdrueckt 2 0
rambling 18 0
disparage 7 0
volage 1 0
zusammengepfercht 1 0
erlaufen 1 0
ufaelliger 1 0
hoenizien 1 0
ristide 1 0
tangible 24 0
cumbered 3 0
winky 1 0
nough 23 0
winks 1 0
winkt 5 0
patriots 29 0
souneth 2 0
vemisst 1 0
distempered 6 0
tortuously 1 0
unjustified 1 0
ictionnaire 4 0
tracking 4 0
glued 6 0
inausgehen 1 0
proximo 2 0
rheumatism 16 0
preexist 1 0
attainted 3 0
executioner 13 0
eighbourhood 6 0
ontpazier 1 0
durchschmetterte 1 0
ntentionen 2 0
hinaufsteigst 1 0
centralised 4 0
conitum 3 0
innerlichst 2 0
taatsverfassung 1 0
herueberbrachten 1 0
teuer 22 0
reconciling 7 0
ichenholz 1 0
vorbringe 1 0
vorbringa 1 0
buoyant 10 0
ugaenge 3 0
jungfraeuliche 1 0
paradoxical 9 0
erhabensten 5 0
einzuhauchen 1 0
depopulating 1 0
creance 4 0
almshouses 1 0
candalizer 1 0
chlaegst 1 0
looming 5 0
crossbedded 1 0
ulpenbeete 1 0
winst 1 0
erusinus 1 0
hoehern 24 0
accommodating 10 0
depopulation 2 0
eichenbuecher 1 0
niversitaetsgebaeude 1 0
enschengestaltung 1 0
ordrung 1 0
indruck 91 0
weltliches 1 0
accepte 1 0
schaemest 1 0
weltlichen 21 0
gangway 1 0
nstinct 3 0
usschweifung 1 0
hoehere 16 0
zucena 6 0
accepts 69 0
scaunce 3 0
apless 1 0
embra 1 0
xpedient 3 0
zierte 1 0
scorted 3 0
ueckfall 1 0
ordrunk 1 0
erumtraegern 1 0
flatirons 1 0
vivant 1 0
wavered 32 0
movements 96 0
unternahm 5 0
transform 9 0
competitor 9 0
unehrlichs 1 0
shakings 3 0
nouns 2 0
trinkst 1 0
obias 4 0
unbends 2 0
hoeflichen 1 0
codger 1 0
likenesses 4 0
einsichtig 1 0
kaisha 1 0
letzten 130 0
traffick 1 0
hoefliches 2 0
iebesunglueck 1 0
auberinnen 1 0
ackensack 4 0
traffics 1 0
wholesomeness 2 0
sterreich 1 0
accommodation 55 0
erhabene 7 0
ersaeufen 1 0
electors 94 0
entgegenstehn 1 0
favourites 18 0
notre 1 0
mortuum 1 0
yiant 1 0
freeholds 4 0
saner 2 0
comradely 1 0
notonly 1 0
inoede 4 0
letzter 2 0
letztes 2 0
edits 1 0
extort 7 0
mprinting 1 0
irchenfeste 1 0
iling 1 0
leuchtend 1 0
edita 1 0
ueberbliebene 1 0
pliancy 3 0
sanft 41 0
unclothed 9 0
heirate 1 0
insternis 17 0
ynocephali 1 0
nnatural 2 0
wohlbebaenderten 1 0
narrisch 2 0
sange 5 0
anrichteten 1 0
hochrot 2 0
outherners 5 0
verdecken 2 0
ilima 4 0
manure 25 0
aufgfunden 1 0
urtis 12 0
sangs 2 0
triformis 1 0
ssays 23 0
verwunderiger 1 0
ccompt 2 0
laments 6 0
iosken 2 0
bschieds 1 0
enschenfleisch 1 0
bschiedn 1 0
laecherlichsten 1 0
beschattet 5 0
bschiede 11 0
uizot 2 0
ristipp 1 0
icora 5 0
urchasing 1 0
edius 1 0
erschoepfen 4 0
languour 2 0
meanewhiles 1 0
edium 17 0
interpositions 2 0
unbarmherzig 8 0
limping 2 0
ueberfuellten 2 0
tetes 2 0
alders 4 0
empfaenglicher 2 0
wohlhabenden 1 0
holily 3 0
tetel 43 0
igentuemlichkeiten 4 0
molding 3 0
wohlhabender 3 0
euseelaender 1 0
premusses 1 0
elected 134 0
medizinischen 1 0
ellenschlag 1 0
lamenta 1 0
holing 1 0
geschoepftem 1 0
outeille 2 0
wangere 1 0
censuring 6 0
erwehren 13 0
sance 1 0
uergetes 2 0
urter 1 0
hrygius 2 0
notte 3 0
urten 1 0
lampblack 1 0
chlingungen 1 0
ngestalten 1 0
aumschlangen 1 0
uncivilized 3 0
begleitend 1 0
fremmed 1 0
propaganda 8 0
glares 3 0
eteoren 1 0
vermiculate 1 0
sands 31 0
protoplasmic 1 0
obsoletely 1 0
archetype 4 0
aecherlichers 1 0
upremacy 7 0
sandy 109 0
inauspicious 3 0
humanitarian 3 0
orcerer 2 0
andzungen 1 0
folding 24 0
voluptuousness 4 0
chlaegen 5 0
nfaelle 6 0
erhellt 7 0
acaria 1 0
aeuflein 1 0
schmaelern 2 0
sanna 2 0
snuggle 1 0
unroot 1 0
horchende 1 0
sanne 2 0
aldens 1 0
glared 9 0
schwierig 5 0
inzelne 10 0
zustande 11 0
verstrichen 2 0
lieblich 30 0
keuchten 1 0
secreted 9 0
icolo 2 0
ilies 2 0
urprised 3 0
edgings 1 0
urton 5 0
urprises 2 0
wines 58 0
ilien 3 0
secretes 4 0
ingelassenen 1 0
hillsides 7 0
ushlike 1 0
yrrhenians 1 0
extoll 1 0
rteile 11 0
ktuar 1 0
privilege 165 0
decisively 10 0
evangelical 13 0
selbige 2 0
numnbers 1 0
hiving 1 0
oergel 1 0
rosper 1 0
alidone 1 0
einhuellend 1 0
extols 2 0
scantlin 1 0
boundless 44 0
edina 3 0
speediest 5 0
pollinaris 1 0
rsache 100 0
elector 40 0
alencia 17 0
leuchtete 6 0
glutt 1 0
bradatas 2 0
wings 126 0
unroll 3 0
erhelle 1 0
begleitete 25 0
wince 4 0
blasphemer 4 0
urtle 6 0
zuziehen 4 0
issipation 10 0
beneidenswert 2 0
erwuenschteste 1 0
bekennen 30 0
drawers 22 0
overextensive 1 0
ilian 1 0
ilial 1 0
oucquet 2 0
holies 1 0
holier 5 0
doctorate 1 0
churkerei 1 0
erschoepfte 3 0
andesleuten 1 0
wriggle 7 0
innerlichem 1 0
innerlichen 18 0
drawest 1 0
erenissima 1 0
innerliches 1 0
wined 2 0
innerlicher 1 0
according 861 0
manuel 5 0
amilienaehnlichkeit 1 0
factories 11 0
powder 73 0
windy 22 0
skylark 1 0
draweth 3 0
geschobnen 1 0
winds 182 0
roommate 1 0
complicity 5 0
ruring 4 0
aecke 4 0
fortune 519 0
winde 1 0
zieren 7 0
schwankend 6 0
eingegeben 1 0
gehandelt 17 0
holick 1 0
disfiguring 2 0
ytisus 1 0
inducements 6 0
eintritt 4 0
aufgehende 3 0
blasphemed 1 0
onukalani 5 0
salades 1 0
oenigstochter 1 0
winch 1 0
ediktaliter 1 0
egierungsgeschaefte 1 0
ssens 4 0
ssent 14 0
lebendig 53 0
cicadas 1 0
glaubt 69 0
imperishable 14 0
apologizes 1 0
chaechtelchen 1 0
riegsgott 1 0
triturated 7 0
onigfarbe 1 0
erdeck 15 0
walzen 2 0
featureless 9 0
ameraedin 1 0
ocietys 2 0
rippled 17 0
tallknechten 1 0
atisfactions 2 0
courtyard 18 0
entwendeten 2 0
geheimsten 2 0
agdeburg 12 0
erdammter 1 0
glaube 59 0
pavilions 2 0
lapped 5 0
primer 1 0
scantily 11 0
trigonometrical 1 0
ferden 22 0
manual 17 0
ferdes 3 0
zufluesterte 1 0
banknotes 4 0
rosley 8 0
ripples 7 0
primed 1 0
reizendste 2 0
eakness 18 0
gemeinsten 3 0
hisholm 1 0
illar 11 0
untaxis 1 0
npleasant 1 0
genickt 1 0
illah 1 0
eisens 1 0
bewacht 3 0
hinlegen 2 0
erugino 1 0
hervorragten 2 0
reassemble 2 0
umenes 1 0
gwunna 1 0
withstandeth 1 0
crashing 6 0
prikosen 1 0
simpelsten 1 0
nwissenden 1 0
effrey 1 0
lebendem 1 0
agrise 5 0
lebenden 8 0
erstachen 2 0
slovenliness 2 0
lebender 1 0
ischzeit 1 0
iebenden 14 0
rammar 19 0
zugetan 4 0
heranzulocken 1 0
oblag 1 0
ildnissen 3 0
ildnisses 2 0
censurest 1 0
ansenistic 2 0
edley 3 0
violators 1 0
erzeleid 1 0
uenstlerauge 1 0
edler 25 0
edles 8 0
rejuvenescence 1 0
fangleness 1 0
bille 1 0
edlen 50 0
ripplin 5 0
rquickendes 1 0
hochschaetzte 1 0
uerchterlich 2 0
chlorodyne 4 0
edlem 3 0
seventeenth 65 0
henonceaux 19 0
reizehntes 4 0
unenlightened 5 0
tudents 8 0
billy 1 0
primam 1 0
united 254 0
primal 70 0
numberless 30 0
bonzes 1 0
debarred 7 0
monsieur 1 0
behavd 5 0
behave 63 0
ilftes 6 0
orrower 1 0
unites 10 0
triforium 1 0
eometry 4 0
archaeology 4 0
occasioning 15 0
rscheinungen 12 0
bills 124 0
hervorquollen 1 0
ansenistes 2 0
rammel 1 0
aefig 6 0
assailant 8 0
ollhause 2 0
halbentbloessten 2 0
heruntergesunken 2 0
epretion 1 0
epublicks 6 0
iebender 2 0
hythmus 4 0
hrimpton 1 0
nsofern 2 0
antworte 3 0
broecklig 1 0
scandalous 33 0
rammed 7 0
crossways 4 0
fternoon 19 0
rmorican 2 0
excepted 53 0
aehigkeiten 28 0
gekeimt 1 0
weiterfindst 1 0
unbewohnten 1 0
vorzugehen 2 0
saemtlich 14 0
perfecit 1 0
awmills 1 0
eitfaden 3 0
artone 4 0
ingenerable 1 0
edlam 4 0
obley 1 0
pposers 2 0
delhoefen 1 0
obler 1 0
obles 9 0
ortefeuille 3 0
artons 6 0
bilge 6 0
faboulus 1 0
sarge 1 0
witzers 10 0
vorzuarbeiten 2 0
preoccupied 6 0
enediktion 1 0
eistesprodukt 1 0
preoccupies 1 0
bloodsucker 1 0
yield 191 0
agrief 4 0
groebsten 3 0
cathedral 155 0
smellin 1 0
polar 6 0
ongcoat 1 0
aphanus 1 0
attainments 15 0
aefer 2 0
haarnahe 1 0
shoutings 2 0
aefen 3 0
artopp 2 0
extream 9 0
eltlebens 1 0
ittergutes 1 0
frankincense 5 0
herfallen 1 0
bilin 4 0
cliffs 46 0
texes 1 0
cliffy 1 0
investiture 5 0
oncher 1 0
pruenge 7 0
norden 1 0
oblig 31 0
uncapable 2 0
sprudelnden 2 0
eneiden 1 0
glatte 2 0
spooning 1 0
expatriation 1 0
weltfremder 1 0
ichaelstown 2 0
weltfremden 2 0
efolge 17 0
poesis 1 0
swished 1 0
anunkeln 1 0
uddermo 1 0
iglath 1 0
bilde 6 0
diminished 88 0
sarco 1 0
uaere 1 0
reconnoitre 4 0
murrend 1 0
parliamentary 25 0
wahrscheinlich 77 0
diminishes 40 0
agione 1 0
ichtzuaendernde 1 0
oelpapier 1 0
uaest 1 0
poles 59 0
contingent 9 0
verschlimmern 1 0
untaxed 2 0
unenburgh 1 0
poled 7 0
verschlimmert 4 0
entaurs 7 0
harybdis 5 0
entaury 1 0
ferment 11 0
halbzerkratzten 1 0
profuse 26 0
illud 2 0
fiddlers 6 0
assstabe 3 0
rahminism 1 0
ootnotes 4 0
aalfenster 1 0
blackburied 1 0
kuerzer 5 0
penserus 1 0
irenen 10 0
proxies 1 0
ldermen 2 0
ruizers 2 0
prairienet 86 0
rocesses 1 0
disagreeables 1 0
unterirdischen 3 0
pregnancy 1 0
tarnish 2 0
primum 2 0
himsey 1 0
aerung 5 0
preceeding 1 0
demand 433 0
illst 15 0
ersteigerung 1 0
idealische 10 0
himsel 28 0
trennten 4 0
innuendo 2 0
verfuehrt 6 0
accentuate 3 0
orfsaengerin 1 0
atkins 1 0
ummings 2 0
seasticks 1 0
errlich 6 0
primus 1 0
watchman 4 0
tationen 2 0
dividend 19 0
eiseplan 3 0
abstruse 15 0
cupreous 1 0
mawnin 20 0
gehaessige 1 0
gefaellige 8 0
dawnings 1 0
uhrwerke 2 0
reinforcing 1 0
gloriossisimo 1 0
peindre 1 0
birthdays 2 0
uicciardini 1 0
tennenartig 1 0
ebensart 29 0
shewed 18 0
angerweile 4 0
aywood 6 0
isited 1 0
unfreundlich 7 0
bloodshed 16 0
beorderte 1 0
doughty 6 0
elegentlich 1 0
isiten 1 0
mantis 7 0
untrodden 4 0
vulnerable 3 0
ungemessene 1 0
shewen 1 0
unrestricted 6 0
desiderata 1 0
efraessigkeit 1 0
lderman 5 0
oological 5 0
gewoehnlichem 1 0
illow 7 0
illon 1 0
illot 1 0
fonygraf 1 0
smelled 15 0
tillschweigen 18 0
attract 64 0
knotted 27 0
poetas 1 0
illquits 1 0
withred 1 0
eschriebene 1 0
eiltaenzers 1 0
bights 1 0
piggesnie 1 0
shiverings 1 0
hireling 5 0
mantle 30 0
watchmen 4 0
gewoehnlicher 9 0
eiltaenzern 1 0
gewoehnliches 2 0
outrageous 31 0
gewoehnlichen 57 0
stonework 2 0
infringed 9 0
hythmen 4 0
hauberks 2 0
clarification 1 0
ontingency 1 0
acrorum 1 0
zurueckbringst 1 0
ortals 8 0
erurteilung 2 0
ultitude 14 0
hornbook 1 0
rheumatics 3 0
emporzusteigen 1 0
whistling 28 0
goenne 2 0
judiciously 16 0
illainies 1 0
mantel 9 0
ontinental 75 0
umzaeunt 1 0
goennt 2 0
nluckily 2 0
coarsened 4 0
primly 1 0
hollow 138 0
cleanliness 15 0
copiers 3 0
chaffhausen 2 0
ustache 15 0
aefte 2 0
inconsiderate 9 0
verguldet 1 0
longueurs 1 0
angebrachte 2 0
obscurantism 2 0
emigrations 1 0
austuer 5 0
aschenspielerstreich 1 0
candidature 1 0
chafft 2 0
aftites 1 0
amendement 1 0
burbled 1 0
soaring 8 0
seltnere 1 0
esunder 1 0
flagrancy 1 0
nflexible 1 0
romantisch 1 0
garboardstrake 1 0
illis 4 0
instantaneously 15 0
aessigung 10 0
bomination 1 0
heeses 1 0
umhergehen 1 0
illin 1 0
shipwrecks 2 0
wunderwirkendes 1 0
illig 3 0
illie 25 0
trackers 2 0
wohlversorgte 1 0
amicable 6 0
noxes 1 0
apuchin 2 0
influencd 4 0
influence 644 0
amicably 5 0
aeufchen 4 0
marshall 1 0
chafen 2 0
undelivered 1 0
ahmuds 1 0
chafes 1 0
sechsen 1 0
begaeben 1 0
supersession 1 0
correction 34 0
chafed 4 0
marshals 2 0
okens 2 0
polemical 7 0
primis 1 0
coundrels 3 0
ottospiel 2 0
diagrams 3 0
fascinator 1 0
lappin 1 0
umenia 2 0
adjudged 12 0
bloodshot 11 0
bustling 10 0
verrichte 1 0
halblaute 1 0
correcting 19 0
veracious 3 0
geselligste 1 0
nvermoegen 1 0
illet 5 0
ellegrini 2 0
inoculators 2 0
ellegrino 6 0
aergerlich 5 0
illen 100 0
krat 1 0
glutinous 4 0
iller 58 0
ittorino 1 0
azaine 1 0
illed 5 0
emoluments 24 0
enthusing 1 0
ausholen 1 0
sportiveness 1 0
midges 1 0
eugnisse 5 0
liebenswuerdige 19 0
eturning 16 0
breff 4 0
ueberlegten 1 0
sweatmeats 1 0
orking 7 0
beruehmten 12 0
ochamte 1 0
rrangement 2 0
beruehmtes 1 0
onconformist 1 0
cogitations 1 0
beruehmter 2 0
grigent 2 0
omenten 3 0
rogressively 1 0
schaemen 13 0
nackte 6 0
vergunna 1 0
tablissement 5 0
orbote 2 0
woanders 1 0
unspoken 5 0
vergunnt 2 0
lumenkraenzen 2 0
lubberman 1 0
tuermte 1 0
queenlike 1 0
amputate 1 0
sneakingly 1 0
missary 3 0
plutocrats 4 0
gestimmten 1 0
offered 296 0
audiences 8 0
artner 1 0
artney 3 0
quivalent 1 0
gestimmtes 1 0
auffaellig 1 0
associat 1 0
giftes 8 0
chaemt 3 0
orsaetzen 5 0
duerftest 1 0
unconstrained 1 0
innercent 1 0
beschuldigten 1 0
holler 82 0
igration 1 0
somewhar 3 0
gifted 39 0
chaeme 2 0
orgengrauen 1 0
stigmatize 5 0
leearten 1 0
somewhat 633 0
choensten 1 0
sundering 3 0
nowle 4 0
coercing 1 0
ffizier 25 0
detention 8 0
missals 1 0
ithonus 2 0
alolookang 1 0
uadet 1 0
erspread 3 0
bream 2 0
extiles 1 0
tlas 8 0
einschleichen 1 0
eusserstes 1 0
canines 1 0
klopfend 1 0
iebenschlaf 1 0
ubempre 1 0
zerstudieren 1 0
herumgingen 1 0
accountants 1 0
forbidde 3 0
distrusted 11 0
lagues 2 0
ebaerde 12 0
coalescing 1 0
appareling 1 0
achsenhausen 1 0
breda 1 0
isapplication 2 0
brede 10 0
uswaertigen 1 0
flaxdresser 1 0
client 8 0
ffering 4 0
recalculate 1 0
directed 301 0
controuled 1 0
coercion 4 0
ochaltare 1 0
kauzend 1 0
wreath 14 0
breed 64 0
wegzugeben 1 0
unbedeutende 2 0
hantast 2 0
inimici 1 0
tunnel 13 0
commissaries 1 0
kegelfoermigen 1 0
ompleted 2 0
bgemessen 1 0
entremess 1 0
intoenige 1 0
ocietas 1 0
tles 1 0
bsaetzchen 1 0
salubrity 2 0
forcest 1 0
rstaunung 2 0
tley 25 0
olloti 1 0
placebo 1 0
itterkeit 5 0
director 21 0
accents 36 0
ossenspiele 1 0
assembling 10 0
tantalisingly 1 0
salable 1 0
harmonious 31 0
orbole 4 0
verdict 36 0
theocratic 1 0
emisch 2 0
betrauern 1 0
theocratie 1 0
payments 29 0
telegraphy 2 0
trawberry 1 0
extras 2 0
ulteney 2 0
levigated 4 0
rittel 3 0
pfennigs 3 0
telegraphs 1 0
uncouthness 1 0
breaf 1 0
rittet 1 0
nheimliches 1 0
ufmerken 2 0
bread 270 0
ritter 8 0
rittes 22 0
break 315 0
ritten 28 0
predominate 11 0
ollows 4 0
powere 2 0
araphrase 1 0
commissariat 1 0
eselligkeit 4 0
rgendein 1 0
powers 507 0
missaid 5 0
ompute 1 0
leburne 2 0
erreiche 3 0
aufpassen 2 0
skirts 33 0
tuermen 2 0
coercive 4 0
hrismus 1 0
directly 447 0
gerichtet 46 0
glassy 4 0
angebauten 2 0
withsay 4 0
pokes 2 0
underneed 1 0
angebautes 1 0
chleppe 1 0
poker 20 0
magnanimous 7 0
poken 2 0
nachgeschickt 2 0
weisgemacht 1 0
ofttime 1 0
chleppt 3 0
hnherr 1 0
poked 10 0
ueberbrachte 1 0
verfallnen 1 0
reunde 286 0
predominant 20 0
froemmste 1 0
durste 17 0
isitor 4 0
namasticon 1 0
umelus 1 0
schaemte 8 0
ueberfuellung 2 0
ontrebande 1 0
reunds 2 0
flucht 2 0
reskozierden 1 0
wreake 1 0
echnische 1 0
limbered 1 0
erreicht 44 0
algenberge 4 0
fluche 1 0
coloured 132 0
berglaubens 1 0
coloures 1 0
schaemst 1 0
inrichtungen 3 0
zusammengestuerzten 1 0
grandmothers 8 0
emery 1 0
auftut 4 0
arblehead 20 0
esistance 15 0
intercourse 105 0
embassage 1 0
krug 1 0
behalf 109 0
einzugeben 1 0
schaelte 1 0
inderung 7 0
lechery 10 0
lighten 19 0
sideboard 7 0
luegelein 1 0
unbaertigen 1 0
suffused 8 0
lighted 144 0
browsing 2 0
assemblies 72 0
uenstlersinn 1 0
nsehens 9 0
gakusha 1 0
brews 1 0
eintraf 4 0
zumachte 1 0
suffuses 1 0
heerin 1 0
auftun 7 0
eintrat 8 0
inflicts 6 0
losgebunden 2 0
ominations 2 0
wiped 43 0
geheissen 6 0
herumgedreht 2 0
gazelle 23 0
malgemation 1 0
harsher 4 0
bookstore 1 0
ahoolawe 1 0
ollond 1 0
erders 8 0
erdern 7 0
laying 98 0
easteeks 2 0
playin 9 0
lighter 78 0
vacated 7 0
nachhaltig 1 0
novum 1 0
willkommensten 1 0
novus 1 0
giftige 1 0
orgeschmack 1 0
hallelujah 2 0
ement 3 0
partanische 1 0
tuetze 2 0
hochschaetzen 1 0
predicaments 1 0
squatty 1 0
brere 1 0
behagt 2 0
chinkenbein 1 0
ausruhten 1 0
extreme 229 0
linksum 1 0
solamente 1 0
eighbours 40 0
hervorwuchs 1 0
brest 13 0
bresh 9 0
feathered 9 0
aumstamm 2 0
uadrille 3 0
nforce 1 0
offendeth 1 0
ersischen 3 0
ersischem 1 0
oenchskleidungen 1 0
hotusitz 1 0
iebesboten 1 0
umlegen 1 0
clariouns 1 0
uddered 1 0
ememb 6 0
confederacies 3 0
lderney 2 0
granduncle 1 0
rstwhile 1 0
vertrieben 9 0
eingeschraenkten 2 0
strations 1 0
squshed 2 0
saphs 1 0
revolvers 2 0
erdens 2 0
verdien 3 0
abernacle 2 0
brent 6 0
heweth 2 0
firelight 14 0
ndulgencies 3 0
childish 65 0
lightly 111 0
processors 59 0
brenn 6 0
prilis 1 0
electmen 19 0
radual 1 0
breasting 2 0
tiftsdame 3 0
russisch 1 0
aishaka 1 0
emele 1 0
ethlehem 1 0
apucini 1 0
regretting 13 0
ilkie 2 0
unison 8 0
haarige 1 0
orgnetten 1 0
espasian 2 0
immerie 1 0
manses 2 0
irchhofmauer 1 0
laechelndem 2 0
impress 58 0
laechelnden 5 0
vorstehenden 1 0
chatzkammer 1 0
laechelnder 1 0
igernol 1 0
vorstehendes 1 0
lawless 26 0
vorstehender 1 0
regular 290 0
coddle 2 0
bigger 51 0
pelican 2 0
imbricated 1 0
byes 1 0
offenders 13 0
shamelessly 4 0
byen 1 0
empyreumatical 1 0
imprest 2 0
inhabitant 30 0
rosenfingrichten 1 0
unbefangener 2 0
unblushingly 1 0
shipboard 1 0
unbefangenen 3 0
parochial 12 0
anksagung 1 0
haddock 1 0
vorkommt 8 0
officere 1 0
ezember 33 0
ochfahrt 1 0
vorkomme 1 0
breit 29 0
hinausblicken 1 0
officers 386 0
alisarda 1 0
epublican 161 0
reflexions 1 0
crypts 3 0
ilken 2 0
ilkes 7 0
ftsoon 1 0
nhoehe 2 0
disloyalty 6 0
wipes 4 0
wiper 1 0
tringers 1 0
schuldlos 3 0
strudele 1 0
heered 1 0
nowel 1 0
reflexion 4 0
rontiers 17 0
lsdann 8 0
suffocated 9 0
noway 1 0
eingestehn 1 0
emedy 16 0
ribonian 1 0
verfuegte 1 0
securely 41 0
byke 2 0
player 16 0
chaean 2 0
erklimmen 1 0
luxurious 33 0
playen 6 0
uecksicht 8 0
bevorstehe 2 0
iebstahl 2 0
impartially 17 0
onmouthshire 1 0
sappy 2 0
yallerjackets 1 0
unguessed 1 0
played 167 0
uotations 2 0
abgeteilt 1 0
ebelschauer 1 0
bevorsteht 6 0
giftig 1 0
breme 2 0
bevorstehn 1 0
behalt 2 0
oroscope 1 0
tortoises 2 0
vorueber 35 0
yracy 1 0
ictor 28 0
punctilios 1 0
roams 2 0
freshening 1 0
thenceforthe 1 0
musements 6 0
footguards 1 0
ngeschicklichkeit 5 0
kses 1 0
iffering 2 0
roame 2 0
nsigned 2 0
damson 3 0
lhazen 2 0
otary 2 0
eathens 9 0
ilchspeisen 1 0
vorgelassen 1 0
exorcisations 1 0
frantic 22 0
subtile 15 0
urzel 24 0
hazzard 2 0
ternholds 2 0
infinite 174 0
purveys 1 0
pleasantness 10 0
venger 2 0
tamasha 1 0
clothiers 5 0
creaked 7 0
schaffenden 1 0
bowing 18 0
galloped 21 0
stewards 8 0
eweisen 2 0
orrough 4 0
scampish 1 0
ncestral 1 0
acrifice 17 0
ilney 1 0
impassioned 26 0
abbreviation 1 0
seemliness 1 0
aehre 3 0
toothdrawer 1 0
versation 2 0
alatinate 13 0
infinity 16 0
arneval 19 0
forbruised 1 0
untiaturem 1 0
augerquicklich 1 0
infert 1 0
uechelchen 3 0
vaccinated 7 0
barouche 4 0
vergoetterte 1 0
infers 7 0
tragico 1 0
unterwaerts 2 0
nherded 1 0
hesaurus 3 0
dateless 1 0
impeached 10 0
essners 1 0
overcoated 1 0
wiste 25 0
sleeper 15 0
sleepes 1 0
sleepen 6 0
unlikeness 1 0
wisst 12 0
oundhead 1 0
efaelligkeiten 7 0
blubberin 2 0
ictim 1 0
hristiern 1 0
decrepitude 1 0
widerstehend 1 0
errscherbahn 1 0
society 991 0
tmen 1 0
byss 1 0
matrimonio 1 0
mealmen 1 0
geniale 1 0
hinzuziehen 1 0
olonels 1 0
gueltigen 1 0
cablegram 1 0
gallopin 6 0
imperturbably 3 0
gueltiger 1 0
versatile 3 0
societe 3 0
zurueckhaltend 3 0
centum 1 0
roans 1 0
erwogen 1 0
misslang 1 0
imperturbable 4 0
aehne 15 0
zuzubringen 10 0
paidike 1 0
extinguished 46 0
easures 95 0
oelkerschaften 2 0
satin 33 0
tuetzige 1 0
eshech 1 0
gifting 1 0
ollards 4 0
extinguishes 1 0
satis 2 0
randwolken 1 0
edney 1 0
erglaenzen 2 0
extinguisher 1 0
edner 8 0
ednes 1 0
mottled 6 0
wellen 2 0
byte 53 0
welles 1 0
vorlaut 1 0
fortzubringen 1 0
easured 1 0
schools 155 0
kindnesses 1 0
nunmehro 2 0
roats 1 0
himmai 1 0
schoole 4 0
ommendations 2 0
welled 3 0
ponds 28 0
pondo 1 0
ponde 1 0
ercator 2 0
choolmasters 2 0
recumbent 4 0
roast 18 0
echerches 3 0
mechanically 17 0
pones 1 0
goatherds 1 0
binna 2 0
zaehlte 4 0
sandpaper 1 0
reenwood 1 0
onamici 1 0
witch 24 0
infect 6 0
roars 10 0
rhymes 16 0
verblasst 1 0
manured 6 0
akahara 2 0
sated 2 0
straits 6 0
gutem 32 0
guten 288 0
rhymer 1 0
anwesende 1 0
guter 126 0
rhymed 2 0
gutes 65 0
coltes 1 0
uettchen 1 0
schooon 1 0
kratzt 2 0
widerspricht 4 0
tratagems 2 0
adjoins 3 0
chatted 11 0
verwirre 2 0
manures 1 0
eathers 4 0
verwirrt 22 0
rudeness 32 0
aufkam 1 0
muggling 4 0
chatter 23 0
chatten 76 0
chattel 19 0
regimentals 4 0
expedients 29 0
brigantine 3 0
possibility 141 0
ireker 2 0
oroccan 2 0
bettering 9 0
seltsamere 2 0
broeckelnden 1 0
seltsamern 1 0
aehen 2 0
aeher 2 0
durchzugehen 5 0
binin 1 0
andidacy 1 0
auszulegen 4 0
barbarous 139 0
ndertaking 12 0
franklins 1 0
adamantes 1 0
wishy 2 0
supply 400 0
wherein 92 0
rosser 3 0
rosses 12 0
askenarbeiten 1 0
appreciative 5 0
klagt 5 0
rossen 23 0
morgenden 5 0
wishe 1 0
unwiderruflich 3 0
wishd 17 0
wahreste 1 0
scorner 4 0
erbettelt 1 0
scornes 2 0
verklang 3 0
scornen 1 0
patchwork 4 0
ergoldung 4 0
chattig 1 0
ngabe 4 0
egebenen 1 0
untamed 5 0
herbury 1 0
supple 17 0
hoenicia 2 0
postmark 4 0
peintres 1 0
strains 18 0
grotesques 1 0
chattin 1 0
ottomans 1 0
eitschrift 10 0
pumila 1 0
straind 1 0
etudes 1 0
seidenes 1 0
ergisst 1 0
elswaende 3 0
mannigfaltigste 7 0
wechselseitige 2 0
ejahrte 1 0
materialischen 1 0
irelay 1 0
attired 8 0
hospitalities 1 0
ebensvorfaelle 1 0
mournfully 8 0
zuschob 1 0
verworfenen 1 0
verworfenes 1 0
griping 3 0
kraust 1 0
forfochten 2 0
alehouse 9 0
geschliffnen 1 0
estirne 5 0
nfoermlicher 1 0
cunningly 11 0
pomps 2 0
ubliko 7 0
unable 263 0
rescuing 3 0
ingratiated 2 0
weakened 39 0
verdrueckten 1 0
maidenhood 7 0
urials 2 0
seidenem 1 0
seidenen 5 0
pazierritt 2 0
otage 1 0
athletes 14 0
seltener 6 0
verbindt 1 0
seltenes 1 0
asiliken 1 0
meagerly 1 0
eisterruf 1 0
albkuenste 1 0
pecuniary 63 0
seltenem 1 0
seltenen 7 0
uthydemus 2 0
wigschaffenden 1 0
sicherer 6 0
verbinde 1 0
whereof 45 0
pepper 16 0
ventriloquist 2 0
aufgehaeuften 3 0
ictys 1 0
rechtfertigen 11 0
ungeschwaechte 1 0
ventriloquism 1 0
regulus 1 0
ausscheiden 1 0
obviated 4 0
klang 9 0
scorned 12 0
ublime 25 0
schonte 1 0
supped 2 0
geblutet 1 0
sychics 1 0
essells 2 0
center 59 0
merkliche 5 0
suppen 2 0
eminentes 1 0
consultative 1 0
supper 162 0
detested 32 0
wiser 70 0
aussieht 12 0
blendenders 1 0
cucumbers 13 0
aterfamilias 1 0
cented 1 0
esinnungswechsel 1 0
missleitet 1 0
udiciousness 1 0
studio 6 0
allicanism 20 0
andelsfreunde 2 0
eschrieb 1 0
adierung 8 0
enarrant 2 0
hertily 2 0
markably 1 0
abnimmt 3 0
dventures 7 0
lyant 1 0
markable 1 0
heimgekehrt 1 0
ererzaehlung 1 0
payable 85 0
wisps 8 0
unsucsessful 1 0
roads 153 0
zusammengeschwemmten 1 0
adamantly 1 0
klapp 2 0
undesired 3 0
consultation 19 0
athletic 9 0
ilfred 7 0
exertions 69 0
pumice 9 0
zersuchen 1 0
anarchists 3 0
whereon 17 0
klare 7 0
eingelaeutet 1 0
wetterwendisch 1 0
priori 24 0
saettigt 1 0
ebbadee 9 0
nschuld 46 0
wisse 29 0
ausuebt 2 0
physicists 1 0
roach 2 0
aechelchen 2 0
vorgezeigt 4 0
zerzaust 2 0
tininess 1 0
volupere 2 0
arteln 1 0
impracticable 59 0
apperceiv 1 0
centre 159 0
artels 2 0
wrangler 1 0
wrangles 1 0
niggard 3 0
infest 9 0
pticae 1 0
verstoesst 1 0
zaehmen 2 0
hinestones 1 0
verklagt 2 0
siebenundzwanzig 1 0
verbrennen 5 0
hickory 24 0
psaltery 1 0
priory 4 0
ausuebe 1 0
contradicted 17 0
ewonnenen 1 0
aehrt 1 0
durchaus 76 0
repudiated 8 0
sassy 5 0
ublick 107 0
wisly 22 0
artene 2 0
lyart 1 0
geheucheltem 1 0
hornbeam 1 0
delicacies 3 0
inquieti 1 0
suppos 20 0
artens 8 0
besieging 6 0
upinen 1 0
besserem 1 0
besseren 1 0
besseres 9 0
ymphonies 1 0
besserer 2 0
penible 3 0
ilchester 5 0
ymphonien 1 0
apoplectic 1 0
eingfalln 2 0
whereso 4 0
advocating 6 0
verletzter 1 0
orschlags 1 0
expediency 12 0
penetrate 74 0
witnesseth 2 0
gutta 1 0
orschlage 4 0
gangbaren 1 0
klave 12 0
blitzartig 1 0
eisteskraefte 2 0
orporation 14 0
kten 11 0
whereto 9 0
medicinally 3 0
deuten 15 0
deutet 22 0
igentlich 11 0
chutzverwandten 1 0
indringlich 1 0
anbot 4 0
aecherdienst 1 0
efangene 4 0
maennilich 1 0
ommissary 13 0
smiler 1 0
smiles 68 0
anaes 1 0
uncharitable 9 0
auermaedchen 2 0
ieblingsmaterien 1 0
rtemis 17 0
brickmakers 1 0
tnat 1 0
profile 23 0
abgemattete 1 0
armington 3 0
efflux 1 0
ilmer 2 0
opportunely 3 0
honeymoon 5 0
insofern 26 0
exzellenter 1 0
overthrower 1 0
smiled 167 0
dilate 6 0
censur 5 0
census 1 0
eproofs 1 0
brinke 1 0
immidiately 1 0
pringt 1 0
wherewith 29 0
meisten 102 0
prings 33 0
begude 2 0
cclesia 1 0
orotheen 2 0
tausendfaches 2 0
thrived 2 0
envenime 1 0
pahoas 1 0
aufgeschrieben 1 0
tausendfachen 1 0
unchronicled 1 0
orteil 96 0
onless 1 0
lothing 15 0
thriven 2 0
pursuivants 1 0
thrives 4 0
eintreffen 2 0
errgoettchen 1 0
ngluecksel 1 0
bneigung 5 0
olmenero 2 0
anais 3 0
uncharitably 1 0
rsprungs 1 0
anaan 7 0
diairesis 1 0
bringt 77 0
velop 1 0
brings 137 0
sublimities 1 0
heatergerueste 2 0
volens 1 0
zuechtigen 1 0
chlaftrunke 1 0
bringe 40 0
impiety 17 0
emilia 2 0
verklaerenden 1 0
dilapi 1 0
upwards 119 0
zerbrachen 3 0
odelle 1 0
erassel 1 0
ausbrachen 2 0
anace 25 0
zaghaft 1 0
influenza 3 0
compatriots 1 0
bzug 5 0
exculpated 2 0
ouraine 30 0
requesting 27 0
tellerartigen 1 0
verliehen 4 0
uftstoss 1 0
corrective 7 0
adelte 1 0
gewuenscht 34 0
conveying 14 0
delights 49 0
echtschaffen 1 0
ewdness 1 0
wurdest 2 0
beschwur 2 0
hampions 1 0
ultiplicity 9 0
anada 105 0
ottingen 1 0
poetry 361 0
prince 340 0
ritzen 3 0
uttaetigkeit 2 0
generalities 5 0
unhuman 1 0
verschabten 1 0
unfruchtbarem 1 0
ortoise 2 0
unfruchtbaren 2 0
viscounts 3 0
rsprunge 2 0
ueberall 111 0
wirst 103 0
geliebtes 2 0
aegde 7 0
geliebter 8 0
itterideen 1 0
entgegenleuchten 1 0
appreciating 3 0
arbengesicht 4 0
cloathd 3 0
geliebten 49 0
vivere 2 0
navigation 53 0
reichtest 2 0
whereat 3 0
whereas 139 0
rgiessungen 6 0
lothier 1 0
bonnie 8 0
scalper 1 0
ruised 1 0
heeler 10 0
appreciation 45 0
holera 1 0
aegel 4 0
hretien 1 0
ruises 4 0
heeled 9 0
aeger 23 0
edeutendsten 1 0
ruemmerwueste 1 0
avanese 1 0
eilfertigste 1 0
cloaths 3 0
distillment 1 0
eerfuehrerschaft 1 0
whereby 91 0
dosted 1 0
lightenin 1 0
eerherrschaft 1 0
jugendlichstem 1 0
shrouded 13 0
antworteten 2 0
hervorbrachten 2 0
teyne 1 0
spitzfindige 1 0
abzuschmeicheln 1 0
scalped 3 0
sucklings 1 0
unstudied 3 0
odadilla 1 0
lierbul 2 0
eschraenkten 2 0
twenty 1053 0
strepsiceros 3 0
annagement 3 0
verriegelt 1 0
insiedeln 1 0
unquenchable 3 0
zertretene 1 0
nfossi 1 0
breastpin 1 0
nendlichkeit 1 0
poetes 1 0
hrgeiz 5 0
unvarnished 3 0
illys 7 0
verriegeln 2 0
orsprung 7 0
licitum 1 0
ministering 7 0
onloost 1 0
urteilte 4 0
haeufiger 5 0
condolence 3 0
raiters 2 0
chloessern 4 0
haeufigen 2 0
nherent 1 0
eegewaechsen 1 0
twitching 6 0
kriechen 2 0
landschaftliche 2 0
eschraenktes 1 0
lathing 2 0
ihrigen 21 0
sacristans 1 0
eichselsterne 1 0
beguil 5 0
flavours 3 0
dignation 1 0
ngluecklichen 21 0
bonnet 46 0
ausrichtete 1 0
ngluecklichem 1 0
hardihood 12 0
ngluecklicher 7 0
omenico 1 0
ufficiency 5 0
jammervollen 1 0
wohlanstaendigere 1 0
elbstverteidigungs 1 0
umhergetrieben 2 0
lulled 13 0
noyades 2 0
turquoise 13 0
einstockes 1 0
bedient 21 0
nonsense 65 0
dogmatische 1 0
efestige 1 0
ergroesserungsfaehigkeit 1 0
luller 1 0
oyning 1 0
velyn 5 0
abgehauenen 1 0
bibbers 1 0
ngewisse 2 0
poetic 29 0
diversified 10 0
klage 6 0
thumped 5 0
lessington 2 0
gesetzmaessige 2 0
lightened 8 0
consonance 1 0
bediene 4 0
illum 1 0
gekehrt 22 0
enkinson 10 0
illus 1 0
disgraced 35 0
maledictions 3 0
glands 30 0
blockaded 4 0
gelinge 1 0
wirft 13 0
abschlug 2 0
anlegt 2 0
tightening 5 0
einfaeltigsten 1 0
agiere 1 0
blockades 2 0
losgesprochen 3 0
sincero 1 0
sleeps 28 0
censer 2 0
unverletzt 2 0
loriosus 1 0
sleepi 1 0
pitilessly 2 0
sleepe 8 0
wires 21 0
effler 2 0
distinguerlo 1 0
drangen 5 0
consistently 35 0
dranget 1 0
sincere 167 0
chrysothamnus 1 0
gelingt 10 0
binds 14 0
rennpunkte 1 0
reudenberg 1 0
oldatenmarsch 1 0
vaccinator 6 0
evant 4 0
yrates 2 0
anaya 9 0
daidokoro 11 0
glance 246 0
binde 1 0
allerscharfsinnigste 1 0
middle 462 0
rudiments 17 0
thumpin 1 0
polis 1 0
unnoetigen 2 0
etagere 1 0
unnoetiger 2 0
everyday 8 0
uergerschaft 1 0
diary 19 0
conjuring 9 0
disgraces 3 0
venery 3 0
texts 487 0
anari 1 0
incepto 1 0
anark 1 0
singularities 2 0
beteuerten 3 0
arteretus 1 0
wirbt 1 0
fesselten 1 0
chlaefrigkeit 1 0
chreibart 1 0
mandans 1 0
draengt 21 0
kuenft 1 0
chuyler 23 0
xplications 1 0
sleety 1 0
effectes 1 0
declaims 1 0
unexpectedness 3 0
draenge 1 0
sleets 1 0
controversiarum 1 0
prueche 5 0
effected 90 0
omiduca 1 0
angefangne 1 0
forefather 2 0
wired 7 0
weggekuesst 1 0
hivers 2 0
polls 7 0
chleusen 1 0
pollo 75 0
wirds 1 0
weinend 7 0
andgemaelde 1 0
ausgelesen 1 0
polla 1 0
sleepy 24 0
unlessoned 1 0
ondenscheine 3 0
stablishments 4 0
teilten 8 0
prints 15 0
riches 122 0
ilmot 2 0
bekanntlich 1 0
richer 75 0
unprotected 8 0
wirch 9 0
gutenberg 96 0
bedeutendes 4 0
dichte 2 0
bedeutender 14 0
geschaffenen 1 0
kubo 1 0
bedeutendem 1 0
bedeutenden 23 0
aufschreckt 1 0
hrenaemtern 1 0
alengre 1 0
cutcheones 1 0
bragget 1 0
miteinander 42 0
lerisei 1 0
richly 51 0
orrowed 1 0
profits 395 0
velit 1 0
haffee 1 0
velis 1 0
addington 4 0
cerrial 2 0
versatos 1 0
profite 1 0
anaos 5 0
edenkliche 1 0
middes 2 0
upophithurizomena 1 0
ujauchzen 2 0
farrhofes 1 0
republican 39 0
saucily 1 0
ecclesiastical 190 0
oniligaster 1 0
hocked 1 0
lthesa 19 0
ecclesiasticam 1 0
ollapse 1 0
zusammensuchen 1 0
ethnological 2 0
ausserordentlich 29 0
ecclesiasticae 1 0
hocken 1 0
kudi 1 0
hockey 1 0
gusto 3 0
swallow 85 0
gusts 15 0
gusty 3 0
haviimg 1 0
lementino 5 0
unzaehligemal 2 0
lementine 3 0
osicrucian 1 0
sleeve 42 0
censor 2 0
unarmed 23 0
velle 1 0
ueberqueren 1 0
mmanuel 2 0
oorkotan 1 0
erschienen 35 0
wirke 3 0
evada 9 0
restview 3 0
malvagi 1 0
debarring 1 0
evade 24 0
overlooks 11 0
traeumende 2 0
ausdrueckenden 1 0
achtigallen 3 0
anaka 35 0
midday 13 0
braggin 1 0
abzusteigen 2 0
unerwartete 18 0
geteilter 1 0
angefangen 35 0
gelinde 6 0
overlookd 3 0
geteilten 1 0
oststation 1 0
elisarius 2 0
aegra 1 0
geteiltes 2 0
lakeway 1 0
aodiceans 2 0
adness 16 0
ravoes 1 0
aerkte 2 0
venena 1 0
castanets 1 0
anhielten 1 0
anals 8 0
ohlwollen 8 0
ascaille 1 0
toas 1 0
ueberaus 1 0
petulant 11 0
anama 24 0
gbnewby 1 0
toad 10 0
ministerial 22 0
chisel 8 0
dorture 1 0
martyrs 18 0
transportabel 1 0
deductible 72 0
wirkt 18 0
kugg 1 0
cryeth 2 0
bwechselungen 4 0
desperate 99 0
saved 205 0
ayenne 1 0
feifen 6 0
wagonload 2 0
sponsive 1 0
nephews 6 0
verbrenn 1 0
riedrichen 5 0
aulichkeiten 1 0
saven 2 0
saves 37 0
tock 37 0
encyclical 1 0
saver 1 0
chirpe 1 0
andle 14 0
eschaefts 2 0
marched 75 0
ernuenftige 4 0
dealing 72 0
isions 1 0
bahnen 1 0
drinkeless 1 0
impetuous 31 0
abgestiegen 1 0
einfahrst 1 0
eschaefte 50 0
ausschweifender 2 0
ausschweifendes 1 0
marches 14 0
vesuvianischen 1 0
anschaffen 2 0
ausschweifenden 5 0
alender 2 0
abmessen 2 0
haengend 2 0
artarium 1 0
ersuendigungssachen 1 0
fuenfundfuenzig 1 0
tartly 1 0
abwerfen 1 0
fantasies 7 0
rarified 7 0
alendar 4 0
toff 19 0
toen 1 0
kuli 21 0
didit 1 0
ulalia 1 0
toes 22 0
objectors 6 0
ilpin 4 0
vorspukten 1 0
toed 3 0
epiballomai 1 0
predictions 18 0
aufhob 7 0
andor 16 0
aperture 15 0
invalids 13 0
squalidness 1 0
moking 6 0
andon 11 0
malvesie 1 0
ssize 5 0
andom 1 0
damnation 19 0
deliverance 32 0
coulde 46 0
entdeckt 40 0
yazinthrot 1 0
beatification 2 0
agnesian 2 0
couldn 210 0
kund 7 0
chaudern 2 0
ssisi 8 0
fitness 33 0
kuni 1 0
layers 19 0
kuno 1 0
replacements 1 0
ilpha 1 0
dobbin 1 0
rocus 1 0
ungaited 1 0
toga 3 0
commodiously 3 0
attributable 5 0
wrote 529 0
marchin 1 0
wroth 33 0
blazes 5 0
bazars 1 0
iebeserklaerungen 2 0
layeth 1 0
nachzuschelten 1 0
blazen 1 0
entdecke 6 0
andid 2 0
blazed 15 0
kumm 1 0
teevens 1 0
chirme 1 0
plating 4 0
turtles 6 0
breakdown 1 0
yrcan 1 0
zurueckgekehrt 5 0
tois 1 0
alfischfange 1 0
onaparte 11 0
popes 6 0
eingebuergerten 1 0
toic 10 0
toil 108 0
urchasers 1 0
petrifying 2 0
rnennung 1 0
didde 3 0
unsteten 1 0
uprightly 4 0
henish 2 0
acacia 2 0
auchsaeulen 1 0
deacons 7 0
kurz 89 0
tole 21 0
ebaeude 69 0
arnestly 1 0
told 1535 0
roperly 1 0
toll 42 0
illstone 2 0
ilford 3 0
losgebrochen 1 0
schlachten 2 0
lowlands 2 0
luxuriant 17 0
gewirkten 6 0
gesaettigt 1 0
rocyn 3 0
nether 6 0
teinbruch 1 0
toke 2 0
cottages 16 0
kura 4 0
ltheer 1 0
wives 161 0
raechen 20 0
kraenkern 1 0
leisthenes 1 0
tarted 10 0
andel 41 0
andem 1 0
wived 1 0
sakusa 6 0
tone 453 0
inwurf 4 0
unverhuelltem 1 0
savor 3 0
anden 21 0
tono 1 0
andet 1 0
pedantische 1 0
ander 21 0
andes 27 0
herausgerettet 1 0
aufzuhalten 6 0
cottager 1 0
elegos 3 0
toms 3 0
elegoi 1 0
coronation 9 0
ilpay 4 0
tomi 1 0
umzukommen 3 0
tome 2 0
tomb 117 0
verdammte 2 0
minuteness 12 0
leichtsinniger 4 0
anchor 23 0
abwich 1 0
ufschub 5 0
tolz 24 0
abwies 1 0
tope 8 0
tops 84 0
arkhen 1 0
abgereist 3 0
wehrten 1 0
aerial 15 0
rimaticcio 1 0
leichtsinnigen 3 0
savin 2 0
ausendfaeltiger 1 0
enhancements 3 0
rdaltertums 1 0
toot 5 0
nwissenheit 11 0
squirming 5 0
ruenette 1 0
tentious 1 0
aehneknirschen 1 0
herumdrehen 1 0
took 1876 0
toof 5 0
kraenkend 2 0
juggle 1 0
tood 4 0
toop 5 0
aufkeimenden 2 0
tool 33 0
toom 1 0
unfashionable 3 0
tony 1 0
mericanus 4 0
selbsterzognen 1 0
unimpaired 12 0
stimulating 15 0
ereuthetai 1 0
tons 44 0
edaechtnisses 1 0
snivelling 2 0
boundary 39 0
torm 20 0
andau 1 0
obtaind 14 0
onpleasant 2 0
torn 111 0
mandate 12 0
tork 3 0
lussregion 1 0
erhassten 1 0
tors 1 0
endelssohn 2 0
verbreitete 12 0
tore 63 0
tord 1 0
stimulation 2 0
entgegenzugehn 2 0
oelkerstaemme 1 0
uilielmus 1 0
imaginings 6 0
oennern 4 0
foredone 1 0
specific 30 0
hnherrn 1 0
obtains 26 0
couraging 1 0
consecrating 4 0
lassroom 1 0
zuliebe 6 0
atsuka 1 0
viciousness 2 0
egehungen 1 0
eirithous 1 0
largeish 1 0
obtaine 1 0
oenners 1 0
comedown 1 0
ddressed 10 0
entails 6 0
developments 10 0
isposed 2 0
arkham 3 0
unglaublichem 1 0
verhaertet 1 0
unglaublichen 9 0
impairing 3 0
saust 4 0
consecration 11 0
ndustrie 4 0
tots 1 0
poops 2 0
unglaublicher 13 0
elective 17 0
astbourne 1 0
uendrada 1 0
isposen 1 0
tote 19 0
isposer 2 0
tota 1 0
niederstolzierte 1 0
upreme 45 0
canopied 1 0
transmited 1 0
intrigues 25 0
uprema 1 0
nterlopers 2 0
intriguer 5 0
originibus 1 0
tost 3 0
toss 23 0
confound 27 0
ungewahrsame 1 0
alpariso 1 0
tory 47 0
reincarnated 4 0
atsuma 1 0
granules 5 0
supplying 65 0
verbluefft 2 0
ssign 1 0
chimmelhengst 1 0
pliable 6 0
dicing 1 0
immelte 1 0
caldarium 1 0
smallmost 1 0
anches 9 0
anchet 1 0
anchez 2 0
needlework 3 0
herumplagte 1 0
prodigious 55 0
schoolmasters 3 0
hitewashed 1 0
feiert 4 0
sauve 1 0
ueberein 11 0
vendor 1 0
oberflaechlich 1 0
uebereil 1 0
obeyed 69 0
feiern 10 0
desstwegen 1 0
shiverin 2 0
eschraenkung 6 0
tout 6 0
upholder 2 0
tour 37 0
tous 3 0
begleitende 1 0
tunted 1 0
ddresses 9 0
blazon 2 0
korinthisch 1 0
fandian 1 0
libeler 1 0
waehlenden 1 0
geziemender 1 0
trocknen 10 0
nachzuhaengen 9 0
starnies 2 0
granular 2 0
didst 43 0
ildschnitzer 1 0
avaunt 6 0
tartar 8 0
pezifikation 1 0
tartan 1 0
hinunterging 1 0
town 973 0
luxuriate 2 0
alvinist 30 0
ampton 13 0
beruechtigt 2 0
alvinism 35 0
anchen 2 0
bischoefliche 1 0
trocknet 3 0
andys 1 0
trockner 1 0
ancher 3 0
trocknes 1 0
towe 9 0
ootchka 2 0
unstfreude 2 0
shivered 15 0
oking 1 0
ttorney 32 0
canopies 2 0
atsuri 3 0
doomesday 1 0
intrigued 2 0
saure 3 0
omeward 1 0
traeumenden 1 0
poore 34 0
sorrowed 1 0
unperfected 1 0
election 182 0
otheboys 1 0
toys 19 0
ankuendigest 1 0
fluently 4 0
necessaries 101 0
amosata 1 0
vergroesserte 1 0
unglaubliches 2 0
pitiful 33 0
beaverwool 1 0
sorcerer 18 0
utzend 13 0
blutgelbrot 1 0
ystemsprache 1 0
itgefuehle 1 0
withheld 23 0
einbeinigen 1 0
didos 1 0
wirkenden 2 0
wirkender 2 0
rauenberg 1 0
chirin 1 0
ristodemus 1 0
erfahrungsart 1 0
browbeat 1 0
outwitting 1 0
ncestors 24 0
blazin 2 0
orters 2 0
eaulieu 6 0
roche 2 0
andun 1 0
andvi 1 0
brutual 2 0
umwittern 1 0
zuechtig 2 0
stillzustehen 1 0
aettest 2 0
flammend 1 0
xekutionsmorgen 1 0
quanimity 1 0
stubby 3 0
teamboats 1 0
ndachtsorte 1 0
aturprodukts 1 0
reverberating 6 0
niederliess 2 0
immaterial 17 0
venturesome 6 0
honorific 1 0
geschaetzt 17 0
beschwor 7 0
wrong 670 0
witnes 1 0
incredulous 18 0
monarchical 14 0
romasdes 2 0
igeunern 3 0
mmeasurably 2 0
uaint 1 0
aufheben 13 0
aynier 1 0
hstens 1 0
rocne 4 0
chlossen 3 0
chlosses 10 0
bootless 1 0
hinabsah 1 0
chlosser 1 0
ramatic 3 0
aijesty 1 0
orcordat 1 0
isposal 5 0
erusal 4 0
necessarios 1 0
sedately 1 0
inwards 19 0
oetzenbildes 1 0
okiyo 40 0
ankuendigend 1 0
shekels 5 0
ttakapas 10 0
omerville 2 0
verdammen 5 0
andre 125 0
didna 9 0
fantasiam 1 0
processe 2 0
rannten 4 0
geringem 1 0
geringen 25 0
dicite 7 0
imprisonment 40 0
geringer 13 0
subtler 2 0
andra 1 0
geringes 5 0
necessarily 526 0
rocky 65 0
obeyin 1 0
rocks 249 0
parallel 74 0
orgenlaenderin 1 0
chiras 1 0
rocke 1 0
eattie 10 0
desperado 1 0
garrulously 2 0
chirch 2 0
herumdrehte 2 0
lutonisches 1 0
rdenkloesse 1 0
iebevoll 3 0
whalebones 1 0
ollten 17 0
inhabitants 383 0
rmatteten 1 0
nvalide 2 0
horseman 16 0
bring 871 0
brine 15 0
sauce 9 0
brink 35 0
reeding 3 0
erlisten 2 0
uegels 6 0
bivouac 6 0
uegeln 12 0
umbrageous 2 0
olltet 2 0
gewesenen 1 0
irregemacht 1 0
norice 6 0
saucy 9 0
departing 20 0
irndel 1 0
inmischung 1 0
heutiges 1 0
unlooked 9 0
furnishes 23 0
heutigen 12 0
saude 2 0
diced 1 0
rolatiques 1 0
gunnels 1 0
contrivers 4 0
olksfest 1 0
briny 4 0
onuapo 1 0
ancle 1 0
upstart 12 0
moonlike 1 0
ordering 30 0
heterodox 4 0
verdure 19 0
feigem 1 0
chartists 1 0
nordische 2 0
furnished 161 0
bwiegen 1 0
sauer 11 0
hitzigsten 1 0
womanhead 10 0
niggers 60 0
edora 8 0
irredeemable 1 0
rottolis 1 0
aeldchens 1 0
appendage 5 0
bantered 1 0
rgumenten 1 0
umzuschreiben 1 0
yammered 2 0
irtsstube 1 0
sillier 1 0
sanctity 25 0
ancey 2 0
horsemen 19 0
insignia 2 0
fiddling 3 0
lightness 27 0
ancer 9 0
presumed 47 0
ycidas 3 0
recompense 46 0
ances 4 0
ancet 1 0
upheaving 1 0
ceaselessly 4 0
empfindlichsten 2 0
undersigned 2 0
dicam 1 0
eidende 1 0
presumes 2 0
epigrammasi 1 0
aufgebundene 1 0
utenstreichen 1 0
usswerk 1 0
arbour 70 0
percheius 1 0
crabbed 2 0
brike 1 0
arkins 1 0
uahoh 1 0
epigrammata 3 0
gibbering 2 0
arking 2 0
upream 1 0
nachgfragt 1 0
geschickter 11 0
venue 23 0
ancha 1 0
underliches 2 0
getroestet 10 0
underlicher 2 0
grappling 7 0
geschickten 16 0
hinterlassen 12 0
venus 5 0
overhang 5 0
sanction 42 0
ancho 1 0
anche 5 0
obody 78 0
manors 11 0
dutiful 16 0
beunruhigte 5 0
reilich 45 0
herumgeballt 1 0
brims 2 0
entstanden 18 0
domiciled 2 0
heraufkommend 1 0
anchu 1 0
emies 1 0
eminof 62 0
vents 33 0
cheapened 2 0
insignem 1 0
unauthenticated 1 0
arnessed 1 0
heruebergekommen 1 0
ramrod 2 0
vente 1 0
lordless 1 0
olumus 1 0
disheartning 1 0
kehrte 21 0
anstehend 2 0
arbors 1 0
electing 20 0
wegschneidet 1 0
ssenkehrer 1 0
rusading 2 0
ucksicht 1 0
osalynd 1 0
brier 17 0
chatterin 1 0
artars 14 0
sauld 2 0
chwaechen 3 0
istoriensis 1 0
swooning 7 0
alloys 1 0
inquirers 3 0
ombassa 1 0
uebriggeblieben 13 0
literally 93 0
artary 7 0
brige 1 0
buntseidenes 1 0
arnevalsmenge 1 0
oboli 1 0
uchhaendler 2 0
quipagen 4 0
artenhaeusern 1 0
monosyllables 1 0
nterhaendler 3 0
quipages 1 0
hinterlassne 1 0
obold 1 0
ortdauer 3 0
pertinacity 10 0
gibberish 4 0
hervorstechend 1 0
zurueckzusehn 1 0
appositely 2 0
eussern 1 0
duchies 1 0
bleiche 4 0
brigs 1 0
umgueldeten 1 0
ausgezackten 1 0
nstitut 4 0
attison 1 0
avatar 1 0
verkuemmerte 1 0
generally 1101 0
herruehrt 1 0
attaining 26 0
efolgung 1 0
ssian 10 0
vitalized 1 0
anced 3 0
bribd 1 0
chatterer 4 0
musivische 2 0
bribe 34 0
einstimmte 1 0
pools 42 0
vermore 1 0
ancini 1 0
libello 1 0
ancing 11 0
herbekommen 1 0
briar 8 0
idgwick 1 0
allowd 11 0
oerner 9 0
allowa 1 0
brotherhood 22 0
saugt 1 0
relentless 8 0
chattered 8 0
unstfreund 3 0
punning 4 0
ernunft 42 0
edoch 4 0
erspare 1 0
nkindled 1 0
wrench 9 0
zueignet 1 0
compagnie 2 0
ransactions 25 0
ersparn 1 0
zueignen 12 0
ehmaligen 4 0
erspart 2 0
algebraic 1 0
bride 69 0
menageries 2 0
distastes 1 0
sledge 5 0
dzuma 1 0
aldonatus 2 0
lpins 3 0
nfluences 5 0
erweiterten 2 0
ancill 1 0
entbloessen 2 0
brick 88 0
oelblatt 1 0
abarbeite 1 0
embezzling 1 0
allows 51 0
brief 115 0
edoes 1 0
embruted 1 0
bakehouse 1 0
keyboard 2 0
himney 12 0
avater 1 0
cringing 12 0
pylons 1 0
steinerne 4 0
vremond 1 0
hausseebau 1 0
mittlerweil 1 0
regiments 20 0
gunners 1 0
gunnery 1 0
edoute 1 0
vociferated 3 0
censers 1 0
lpine 2 0
arsmetrik 1 0
chinkapins 1 0
scorpions 4 0
nfallibly 1 0
inhabitancy 1 0
orkmen 6 0
fondled 4 0
roperty 36 0
beunruhiget 2 0
arbois 1 0
ueberdem 2 0
ollands 1 0
beunruhigen 4 0
allory 1 0
boesen 27 0
vener 2 0
vibrant 1 0
afisfaction 1 0
marchus 1 0
ollande 1 0
boesem 3 0
lapsantem 1 0
olumns 4 0
chimpfreden 4 0
boeser 8 0
boeses 9 0
erlornen 3 0
tiefeln 9 0
allora 1 0
twelve 363 0
erklirrten 1 0
ohlgezogen 1 0
inflicting 9 0
allots 1 0
ueberkleidern 1 0
gekuettet 1 0
satsu 3 0
anschaffte 1 0
auctioneer 11 0
absurde 1 0
aeaeaergern 1 0
incontestible 2 0
erformances 9 0
satte 5 0
aluing 1 0
wuensche 54 0
primordials 12 0
resentation 2 0
wuenscht 52 0
rivatbeleidigungen 1 0
orschend 1 0
umherstand 1 0
chneidersfrau 2 0
nfallible 1 0
ausschreiten 1 0
einstimmig 5 0
recompence 7 0
scurrying 3 0
escholtene 1 0
chuppen 1 0
orschens 1 0
ancies 3 0
urtschicken 1 0
lavishing 1 0
straffe 1 0
technicalities 3 0
ueberdas 2 0
cryden 1 0
ollson 2 0
enclosed 54 0
abstinet 1 0
orkman 1 0
eschrei 28 0
ndermeles 1 0
strafet 1 0
vouchsafes 1 0
allons 2 0
bazaar 6 0
skiver 1 0
erhebet 1 0
vouchsafed 19 0
erheben 26 0
oningsegg 5 0
bluntly 8 0
infliction 9 0
unbedingteste 1 0
extract 45 0
urzon 2 0
bestrode 2 0
exasperating 15 0
robbd 1 0
encloses 3 0
hippopotamnus 1 0
ondgesicht 1 0
emits 5 0
expleverit 1 0
allopp 1 0
atgeberin 1 0
retireth 2 0
onstraining 3 0
wenigste 3 0
daherziehen 1 0
withy 1 0
dicts 3 0
ilots 5 0
ayward 2 0
retroversion 1 0
usschluss 1 0
skeerin 1 0
landrata 2 0
withe 1 0
alloon 3 0
herumfuehre 2 0
strafen 6 0
phalansteres 1 0
vence 1 0
yrant 26 0
aeldern 6 0
tiefern 2 0
chneider 10 0
eature 1 0
yrann 4 0
rudernd 1 0
fractions 7 0
orschers 1 0
tiefere 4 0
ancien 4 0
biped 2 0
lightelie 1 0
ncredible 2 0
ancian 1 0
discounting 16 0
immelsblau 1 0
symbolised 1 0
farforth 10 0
propagated 13 0
verwirft 2 0
zuliess 1 0
therapeutic 1 0
entbloesste 2 0
closing 76 0
venom 16 0
soapboiler 1 0
symbolises 1 0
cobbling 3 0
gheirat 4 0
arauntre 4 0
combustibles 1 0
whosoever 9 0
eminie 4 0
valueing 1 0
ocagna 1 0
andidates 7 0
antastic 2 0
orderius 2 0
treicheln 2 0
incerus 1 0
eisbau 1 0
olumes 4 0
alloit 1 0
johnny 5 0
bleibst 9 0
propagates 1 0
eminis 1 0
adeira 12 0
ancti 1 0
coshered 2 0
jellyfish 1 0
behooveth 1 0
depositary 3 0
profittes 1 0
ancta 2 0
robes 31 0
hinschreiben 2 0
eckoes 2 0
uegerl 1 0
roben 21 0
zusammenhalte 1 0
shadowed 14 0
drooping 27 0
exasperation 1 0
ingagement 1 0
witty 23 0
ancto 2 0
skeered 2 0
robed 8 0
truckle 1 0
witte 4 0
inverstaendnis 1 0
orwande 8 0
unravel 8 0
perverted 11 0
heartbroken 1 0
ntellect 1 0
chifferhosen 1 0
hinzugeben 9 0
vorwaertsgegangen 1 0
vibrate 2 0
proselytism 2 0
stucco 1 0
spitting 6 0
ersifyer 1 0
angehabt 1 0
aufgebracht 7 0
eminds 1 0
profiled 2 0
brist 2 0
kwip 2 0
rnolds 1 0
waterborn 1 0
briss 1 0
mattock 3 0
auditores 1 0
kargaz 1 0
profiles 6 0
venin 2 0
brisk 20 0
gewichtige 1 0
osthorns 1 0
colonisation 5 0
dahinterher 1 0
ancor 1 0
wissenswerten 1 0
iamese 3 0
affianbaenden 1 0
chilluns 36 0
dicht 6 0
rloesung 1 0
fractious 2 0
einstimmen 1 0
blunted 12 0
guuut 1 0
somewhats 1 0
usinesses 1 0
yeddings 1 0
sanctify 9 0
ertrauter 7 0
rankenlager 2 0
robin 7 0
hilocopo 2 0
wahrscheinlichen 1 0
dicks 1 0
relyed 1 0
kargen 2 0
skewers 2 0
emima 2 0
oughtest 1 0
wahrscheinlicher 4 0
pasquinades 1 0
warnende 1 0
orschein 14 0
ungraciously 4 0
refreshment 11 0
eritable 1 0
dicke 6 0
aupterfordernisse 1 0
ertrauten 9 0
defenselessly 1 0
gelehnet 1 0
hessalians 1 0
goodeness 1 0
andidate 6 0
emine 1 0
coalesced 1 0
emini 1 0
eldmarschalls 1 0
sleigh 4 0
cormorants 2 0
motels 1 0
usueben 1 0
erfechter 1 0
pummel 1 0
belauscht 1 0
rupture 16 0
rasiers 1 0
afflict 8 0
prison 169 0
prescrib 1 0
chreibens 3 0
pores 25 0
gelehrte 3 0
uschuss 1 0
neutral 36 0
eliciting 1 0
jaehrig 1 0
rewrite 2 0
subjectively 1 0
tronically 1 0
ausgezaehlt 1 0
tirelessness 1 0
ancock 40 0
roete 2 0
bummin 1 0
eschwer 1 0
archialy 2 0
ujets 1 0
deluge 19 0
verwickelte 4 0
covenants 4 0
muehselig 2 0
durchdringen 2 0
verdient 78 0
fervent 24 0
borrowed 104 0
geschmaelert 1 0
poren 3 0
deliciously 13 0
alsogleich 1 0
eschwaetzigkeit 2 0
borrower 12 0
combines 7 0
risostomo 1 0
pored 4 0
photograph 17 0
reikoenigsfeste 1 0
zuruecklaesst 9 0
combined 92 0
ightmare 1 0
nstosses 1 0
liberal 173 0
senates 1 0
kundig 3 0
chearful 20 0
belonging 130 0
inoculating 1 0
incredulity 24 0
ockermans 1 0
atrizzi 1 0
geomancy 1 0
abhauen 1 0
gebrochenen 3 0
weighted 5 0
gebrochener 2 0
oncilium 1 0
verleumdet 1 0
olonius 5 0
crackers 5 0
strange 673 0
verdiene 10 0
iedersehns 1 0
ildermann 1 0
halbgeloeschtes 1 0
diffi 1 0
isciplinis 1 0
haritable 2 0
aelte 19 0
legislature 58 0
espyen 2 0
prisms 3 0
methinks 28 0
durchwatend 1 0
schaetze 10 0
strande 1 0
nbranded 1 0
pigpens 1 0
confinement 38 0
hinzuzugesellen 1 0
ricochet 2 0
jugera 1 0
schaetzt 7 0
engender 15 0
olonist 2 0
weiterreden 2 0
unstwert 1 0
ittelsmann 1 0
morbidly 5 0
baldigste 2 0
schmaehliche 1 0
unstwerk 14 0
heiteren 1 0
otengerichts 3 0
crutches 11 0
heiterem 5 0
vermilion 15 0
hopeless 68 0
strands 5 0
anwandte 1 0
schonender 1 0
darbringen 1 0
heiterer 20 0
heiteres 5 0
trunkner 1 0
artial 20 0
trunknen 2 0
umherzugehen 1 0
belegenen 1 0
bemerkend 1 0
elsklippen 1 0
extremest 5 0
besiegers 6 0
birth 269 0
obwohl 10 0
emlin 1 0
stabilissimusque 1 0
uckboards 1 0
loving 121 0
assegnare 1 0
thunderstricken 1 0
estroys 2 0
dishevel 1 0
estival 5 0
hinzuzudenken 1 0
nauseam 1 0
prohibet 1 0
unstwelt 1 0
hubbub 4 0
bleibet 1 0
pollinari 1 0
udermesser 4 0
eizhafter 1 0
einzulassen 8 0
clashings 3 0
euratsgut 1 0
nderwaerts 1 0
edros 2 0
noetigsten 4 0
granddaughter 15 0
verge 21 0
eester 2 0
peptic 1 0
bleiben 187 0
uelfreich 1 0
bigail 4 0
roductions 9 0
millstones 1 0
intermixed 6 0
prohibit 24 0
chisels 1 0
restlessly 11 0
eierhof 1 0
mannes 4 0
canibus 1 0
manner 1785 0
artien 3 0
artier 1 0
wochenlang 1 0
arties 23 0
crisscrossed 1 0
verbs 4 0
ausmalte 1 0
almsbury 1 0
ausbieten 1 0
italics 2 0
belittle 2 0
interlarded 2 0
oudaness 6 0
ricket 1 0
senator 16 0
descriptioun 2 0
farrer 26 0
edric 2 0
emler 4 0
clumsily 9 0
entereth 1 0
ltertumstudien 1 0
artige 17 0
hinueberbog 1 0
aelle 20 0
edondo 1 0
verbirgt 14 0
rofan 1 0
jonische 1 0
italici 1 0
misinform 1 0
oyalties 58 0
redeem 32 0
department 85 0
wuetend 6 0
cosmical 1 0
prised 3 0
allude 33 0
annoverazione 1 0
courge 2 0
ferdehufe 3 0
uncontested 1 0
inanition 2 0
ermudians 1 0
zuzogen 2 0
comparisoun 2 0
eliquienhand 1 0
hienieden 3 0
midair 1 0
shrivels 2 0
icuner 1 0
treading 19 0
encamped 20 0
erledigen 3 0
ufwarmen 1 0
yrene 6 0
bigamy 5 0
caresses 12 0
misforgave 1 0
apparatus 20 0
liberti 2 0
zurueckkommst 1 0
aufsuchten 1 0
caressed 14 0
oketterien 1 0
omewhat 11 0
scheussliche 1 0
starben 1 0
liberty 559 0
wuetete 2 0
meeting 312 0
illkuer 22 0
esinnung 27 0
ckersmann 2 0
ayonets 1 0
iambic 10 0
olonial 5 0
humming 13 0
comparisons 14 0
poque 1 0
wohlwollende 4 0
seasoning 4 0
ankinde 1 0
feindseligste 1 0
limousine 3 0
hristie 1 0
nnihilation 3 0
positiveness 2 0
grottoes 3 0
davits 3 0
emerging 11 0
squaring 2 0
binoculars 3 0
schlaflose 2 0
sperhawke 1 0
tegreife 9 0
hristin 1 0
henomenes 3 0
ngels 12 0
ngeln 6 0
ngelo 17 0
vorlege 1 0
anged 2 0
manned 7 0
bison 10 0
vorlegt 2 0
ngela 3 0
withal 46 0
selfinterested 1 0
brickmaking 1 0
mischance 25 0
infractions 1 0
utlines 1 0
stimmten 4 0
achtsachen 1 0
housewarmings 1 0
ynchburgh 1 0
nointing 1 0
getragnem 1 0
confraction 1 0
beauteous 4 0
arting 6 0
abgemalt 2 0
accountable 28 0
exaggerates 4 0
artini 2 0
correctors 2 0
artino 2 0
empfindungsvollen 2 0
herwirbelnd 1 0
shrivest 1 0
erulle 1 0
cestorides 1 0
verstaendigste 1 0
exaggerated 50 0
otent 1 0
olonies 374 0
proximity 22 0
olonien 3 0
betretend 1 0
untameable 2 0
heiterte 1 0
olltst 2 0
complaining 28 0
agabunden 1 0
rickly 1 0
uaker 17 0
uakes 1 0
leichteste 5 0
arsuppini 3 0
britet 2 0
roege 1 0
umgefallen 1 0
volatile 9 0
ungestoerte 1 0
redend 1 0
angab 3 0
wither 13 0
tray 79 0
erderben 13 0
ugendmut 1 0
coverings 6 0
rueckchen 1 0
traw 10 0
hammered 12 0
trat 178 0
erkannte 49 0
harmoniert 1 0
infant 59 0
erderber 1 0
otengerichte 2 0
trag 4 0
redest 4 0
traf 29 0
ergessenheit 3 0
trap 66 0
tram 3 0
bejahten 1 0
incurably 1 0
reassuring 4 0
incurable 19 0
redete 42 0
infamy 35 0
suessesten 10 0
ollmaenner 1 0
trab 1 0
estaendigkeit 2 0
impulsiveness 1 0
ungestoeret 1 0
redeth 1 0
ngers 18 0
oters 1 0
rewiped 1 0
ngern 7 0
inanities 1 0
benevolences 1 0
aufgehobener 2 0
exchand 1 0
aufgehobenem 1 0
infalt 9 0
strebende 1 0
aufgehobenen 1 0
waterlogged 2 0
artist 92 0
satisfactions 9 0
initiations 1 0
infall 18 0
selbiges 1 0
selbiger 5 0
paleness 7 0
profanities 2 0
damped 5 0
selbigen 9 0
ausmalen 1 0
inkstone 1 0
consenting 16 0
replenishment 2 0
postacy 4 0
sloughs 2 0
wiegten 2 0
henomenon 1 0
henceforth 53 0
facilius 1 0
eetings 17 0
hensions 1 0
schmerzhaft 4 0
photogragh 1 0
wonderland 2 0
suffisant 7 0
grandiose 3 0
ilwaukee 2 0
artium 2 0
facility 39 0
betrachtetest 1 0
dampft 1 0
dageblieben 1 0
defeated 87 0
trey 1 0
artius 4 0
trew 1 0
tartling 1 0
ndertakers 2 0
teigen 3 0
teiget 1 0
assumptions 2 0
edfellow 2 0
damnatory 1 0
etherland 4 0
companioning 1 0
treu 28 0
tres 2 0
mports 4 0
tret 3 0
arkaway 2 0
damper 1 0
porch 90 0
acclaimed 2 0
stramme 1 0
tree 616 0
flooding 3 0
trea 2 0
nachteiligen 2 0
greableness 1 0
mugglers 3 0
guardrooms 1 0
infare 2 0
oettergestalt 1 0
ertraenken 1 0
uebermaennliche 1 0
egasus 4 0
abweisen 4 0
kehret 1 0
endsch 1 0
uenstig 1 0
delved 4 0
argareten 2 0
hristus 15 0
versierende 1 0
otest 1 0
hiccupped 2 0
hristum 1 0
uebergab 8 0
anschaulich 6 0
kehren 16 0
delver 1 0
delves 1 0
undsfoetter 1 0
vorlese 1 0
acburneys 1 0
olumbus 26 0
mezzotints 1 0
landslide 2 0
alunke 1 0
otett 2 0
reelected 5 0
fermerere 1 0
erhabnen 4 0
furrows 44 0
ffection 55 0
hinzufuegen 1 0
erhabner 1 0
conjurers 3 0
flasterwege 1 0
trio 10 0
niedergehenden 1 0
trip 109 0
anent 1 0
trim 19 0
trix 1 0
oxalate 1 0
dispassionately 1 0
getrocknet 4 0
levelling 4 0
oyesse 1 0
trig 1 0
trie 1 0
population 240 0
usignan 2 0
auszugleichen 2 0
katechisierte 1 0
adepti 1 0
trapdoor 2 0
gekleidet 25 0
hearfulness 6 0
adepts 2 0
intoxicate 1 0
zurueckkommen 6 0
straggles 3 0
kneeled 7 0
dunanze 1 0
sawin 3 0
casuist 2 0
reprehend 2 0
egenguesse 1 0
deforms 1 0
herumgewaelzt 1 0
disparity 4 0
scalled 1 0
insulations 1 0
ohlengewoelbe 1 0
klebt 2 0
desultory 14 0
unbezwungne 1 0
parsimonious 8 0
wegzulaufen 1 0
straggled 4 0
onsettle 2 0
uensten 14 0
ipetta 2 0
redigtstuhle 1 0
absprechend 1 0
ortion 12 0
pronouncements 9 0
gemodelten 1 0
underwear 3 0
preseveres 1 0
ortior 1 0
bookstores 1 0
isappoint 1 0
monomania 2 0
berforstmeister 3 0
scholay 2 0
swaggers 1 0
ionnois 1 0
maesta 1 0
scholar 94 0
preeminence 1 0
orting 1 0
rillhofer 253 0
lightered 1 0
anzusehen 52 0
parchments 2 0
sawed 6 0
ckstein 1 0
symbolized 3 0
ispiteously 3 0
trow 60 0
symbolizes 1 0
trou 1 0
bewirte 1 0
sawes 1 0
trot 43 0
ntinous 2 0
smelted 1 0
lachbrot 1 0
troh 10 0
zusammenfanden 2 0
indignatory 1 0
trod 28 0
troo 1 0
trop 3 0
trom 38 0
postage 5 0
witticism 3 0
einkommt 1 0
attempered 1 0
wolluestigsten 3 0
zugangen 1 0
underwent 19 0
scholer 2 0
saluteth 1 0
schlummern 1 0
untington 2 0
solchene 3 0
ascensioun 1 0
plainted 1 0
scintillate 1 0
forestalling 3 0
lachtest 2 0
ausdauert 1 0
ausdauern 4 0
plaintes 1 0
elebes 1 0
irtentasche 1 0
isings 1 0
precincts 11 0
anlius 2 0
homeopathic 1 0
brunette 2 0
eleben 1 0
kneading 7 0
geschaerft 4 0
aschungen 1 0
klein 53 0
yarded 1 0
howdyin 1 0
fortzukommen 1 0
within 1734 0
olumbia 18 0
ortuguese 71 0
cavalcade 5 0
lostergebaeude 1 0
oerper 78 0
ausaltare 1 0
bowler 1 0
arpedon 4 0
riderless 1 0
hitehead 5 0
ortify 1 0
bowled 4 0
zuschriebe 1 0
shrewedness 3 0
ravishments 1 0
kipper 1 0
schwaerzesten 2 0
dermerk 1 0
wohlfeilern 1 0
trug 68 0
aehmung 1 0
begangen 11 0
vermied 9 0
whimpering 12 0
hrowsters 1 0
beveled 1 0
canvases 3 0
true 1812 0
ausputzen 3 0
enouvier 1 0
laughter 116 0
rothalamion 1 0
rauszuholen 2 0
dangerous 326 0
arthen 2 0
effectually 120 0
arther 9 0
gestiefelt 2 0
proverbes 2 0
arthes 1 0
yswick 5 0
philistine 1 0
griechische 11 0
bewirkt 8 0
hristes 5 0
rgelbauer 1 0
ortico 4 0
orbury 2 0
ueberwindenden 1 0
hypocrytical 1 0
hristen 13 0
pruefte 1 0
anucks 1 0
hristel 1 0
uninteresting 27 0
nstitutions 12 0
yearling 2 0
caliphs 1 0
online 8 0
uttonian 1 0
roposing 2 0
attemperly 2 0
onciliat 1 0
ambassadry 1 0
fashioner 1 0
footboys 1 0
ugenschein 2 0
mistreated 2 0
briser 1 0
ortici 5 0
henana 1 0
entgegengehen 1 0
dividjun 1 0
ergreifa 1 0
fashioned 103 0
ergreife 2 0
kyar 12 0
pregnable 1 0
indruecke 23 0
bebuschten 1 0
disastrous 32 0
uhrmann 2 0
arthia 1 0
glaidden 2 0
speechlessness 1 0
farsed 1 0
poppy 5 0
herumgeschwemmt 1 0
knocked 73 0
arthis 1 0
lectuaries 1 0
arbute 2 0
newsboys 1 0
ehntes 7 0
hitcomb 1 0
ehnten 10 0
wonderfully 61 0
oncord 55 0
ergreift 11 0
wading 12 0
admonition 19 0
aelic 1 0
hedgerows 3 0
rapelle 1 0
kleidet 6 0
unambitious 1 0
forlete 2 0
kleiden 10 0
lagoon 4 0
irchenvaeter 1 0
ascensions 1 0
ristram 4 0
inladung 8 0
mitsingst 1 0
arburg 3 0
conforms 5 0
vermine 1 0
espenster 9 0
gefischt 1 0
heidnischen 1 0
oinville 1 0
ollust 32 0
descriptions 54 0
dieux 4 0
graveyard 21 0
evett 2 0
halbwahren 1 0
emporary 1 0
herabkommen 1 0
henard 1 0
adjusting 9 0
chestnuts 16 0
ospitaelern 1 0
ausgehalten 4 0
avillon 3 0
erschlagener 1 0
nselvolke 1 0
dieus 1 0
begemmed 1 0
ausgetunkt 1 0
arthly 3 0
conforme 1 0
prospectors 1 0
ungesaeumt 5 0
eflexions 3 0
allenstein 7 0
knocker 3 0
erhitzten 3 0
saintly 9 0
crasser 1 0
evere 9 0
knockin 5 0
apture 1 0
oncome 1 0
forwarding 7 0
everi 1 0
influesse 6 0
oliloquy 1 0
overpowers 1 0
evers 2 0
khuden 1 0
evern 2 0
gelungen 12 0
gemischte 3 0
ueberlegen 14 0
every 4911 0
phantastischen 1 0
glaive 1 0
anhattoes 5 0
cosmogonal 2 0
lackamore 1 0
anucci 3 0
aeler 18 0
bewirbt 1 0
aelen 4 0
exogenous 1 0
artificio 1 0
glueckseligen 4 0
eshalb 9 0
abzubuessen 2 0
allzeit 2 0
leisesten 5 0
during 1439 0
estrueppe 1 0
leisestem 1 0
tsch 5 0
eshakl 6 0
allzugeschickt 1 0
lathery 1 0
eshaki 2 0
muggler 1 0
raetzer 1 0
sharpness 9 0
ensilvanians 2 0
wiedergibst 2 0
peduncles 2 0
birch 15 0
lathers 1 0
ahmoud 1 0
exemplifications 1 0
fandets 1 0
renadiers 2 0
anrufen 3 0
eschirre 1 0
hochschwangere 1 0
renadiere 3 0
etachments 1 0
uinenwueste 1 0
diete 1 0
equivocating 1 0
dieth 3 0
erstaendigsten 2 0
eunruhigung 1 0
fandest 1 0
birds 237 0
anlief 1 0
evene 1 0
hristians 102 0
ausikaas 1 0
erachtung 18 0
diest 2 0
uncertainly 3 0
comeliness 7 0
hristiana 5 0
tseu 3 0
birde 4 0
inarticulately 1 0
buoying 2 0
event 311 0
ladstone 117 0
evens 2 0
diese 1251 0
linton 17 0
calicoes 5 0
downstream 6 0
gesucht 38 0
ldebaran 3 0
nabsehlich 1 0
equivocation 2 0
rundbegriffe 1 0
elease 11 0
abstritt 1 0
fterwit 2 0
blinkenden 3 0
epideiktikon 1 0
triefenden 2 0
alchemists 3 0
terben 4 0
nonplus 2 0
storytellers 1 0
eistaender 1 0
artificer 46 0
diene 3 0
fondest 8 0
abridgement 9 0
eistaenden 1 0
artifices 11 0
allure 8 0
eluriad 1 0
glaion 1 0
bessere 27 0
unvergaenglichen 2 0
aufzeichnen 3 0
contacting 55 0
explosively 1 0
bessern 27 0
besserm 3 0
eneralstaaten 2 0
aufzeichnet 1 0
uncorrupt 2 0
arresting 5 0
bessers 1 0
abzufallen 1 0
anesh 12 0
disheartened 10 0
verduerben 1 0
ildredge 2 0
arieties 3 0
aneth 2 0
ayette 11 0
frequent 194 0
egenwassers 1 0
nergetic 1 0
pneumonia 1 0
iukiu 1 0
mposts 1 0
ommunes 3 0
ottagers 1 0
ecruited 1 0
constructed 84 0
halbtot 1 0
gediehen 3 0
eltwesen 2 0
vermiss 3 0
lothest 1 0
unstnotwendigkeit 1 0
currently 48 0
dient 9 0
aleeren 2 0
ambassador 65 0
allust 1 0
mantelshelf 1 0
stoniness 1 0
ueberlegst 1 0
kumerlated 1 0
leichtglaeubige 2 0
ueberlegte 5 0
usano 1 0
envied 20 0
richts 2 0
orestalling 1 0
richti 2 0
usant 1 0
richte 2 0
artful 32 0
endurd 3 0
endure 183 0
disremembered 1 0
hairpins 4 0
rchaeology 1 0
cultured 5 0
essence 72 0
hinanfuhr 1 0
uncertainty 61 0
robbed 43 0
mutigem 1 0
mutigen 3 0
unsheathed 1 0
choepfer 10 0
mutiger 5 0
daemmernd 2 0
chuerfens 1 0
barbarity 27 0
entamer 1 0
potis 1 0
vetch 1 0
vollbringen 6 0
achlaessige 1 0
aertner 4 0
llison 3 0
matronhood 1 0
hiftings 1 0
unkindness 8 0
ellotta 2 0
rilliant 2 0
complainedest 1 0
robber 15 0
superscriptions 1 0
couple 98 0
oilcloth 4 0
rdaepfel 1 0
aehtischchen 1 0
assachussetts 1 0
alhousie 9 0
versinnlichen 2 0
ndigent 2 0
inhaling 3 0
anfasste 2 0
unscrupulousness 1 0
vivify 1 0
jedermann 63 0
endung 22 0
ilton 60 0
uparkhon 1 0
reversions 1 0
ependencies 1 0
barbarism 24 0
middling 28 0
cultures 1 0
vorwaertsruecken 1 0
indited 2 0
bestaendiges 4 0
bestaendiger 2 0
othar 2 0
geheuchelt 1 0
bestaendigem 2 0
bestaendigen 10 0
sanctuaries 2 0
happiness 385 0
rrettung 1 0
bafflements 1 0
abknallen 1 0
unstgenusse 1 0
otham 3 0
osaunen 1 0
foerdert 3 0
kuehlt 2 0
emnon 6 0
foerdern 5 0
vorsehen 2 0
erhoehteren 1 0
kuehle 1 0
aenze 6 0
aenza 3 0
aretted 1 0
leften 1 0
vening 69 0
buncoed 1 0
cabs 1 0
aermen 9 0
erlust 52 0
aermer 1 0
indleband 1 0
enticingly 1 0
aermel 5 0
ietlinge 1 0
connects 16 0
daemmerte 2 0
saunters 1 0
iecles 1 0
aense 2 0
tapeworm 1 0
orratskammer 1 0
kranke 7 0
chleife 4 0
einzupacken 2 0
selchtigkeit 1 0
usawa 1 0
nonchalant 1 0
onigseim 1 0
awbey 3 0
othic 37 0
espatch 1 0
chleift 1 0
sleeves 41 0
other 9634 0
cads 1 0
ollweg 1 0
sleeved 3 0
venial 15 0
notduerftigen 2 0
oblations 3 0
esalonghi 3 0
gmerkt 1 0
itleiden 20 0
erwandeln 1 0
itornell 1 0
shackles 4 0
liezer 1 0
verdicts 4 0
vorzustehn 2 0
detaching 7 0
rinnerungskraft 1 0
aesonnement 1 0
inhabiting 8 0
ortgelehrten 1 0
eiffensteins 2 0
weinest 1 0
posteriorly 1 0
proofed 2 0
xertion 14 0
selfhood 1 0
alleging 3 0
anifestation 1 0
scissor 1 0
nhappinesses 1 0
einzukassieren 4 0
eigenmaechtiges 1 0
aschbecken 1 0
fahrende 3 0
reemason 2 0
resounded 12 0
cage 53 0
verduerstet 1 0
burglary 2 0
commissions 12 0
irchenbesuchen 1 0
hervorschimmerten 2 0
eweggrunde 1 0
complement 17 0
immelskind 1 0
saintes 6 0
waylaying 2 0
ommission 64 0
widerklang 1 0
perplexd 1 0
commissiond 4 0
bitte 57 0
applicable 93 0
linten 2 0
funfzehnten 1 0
lintel 4 0
hraseology 1 0
shackled 6 0
cafe 15 0
ivilization 9 0
ladyship 51 0
eanings 1 0
vetet 1 0
eroeffne 4 0
agdkleidern 1 0
uproaring 1 0
hellste 2 0
overjoyed 7 0
roher 4 0
rohes 2 0
tugendhafte 1 0
bitty 2 0
guetige 3 0
ressern 1 0
odgment 2 0
rohem 1 0
rohen 13 0
simpler 25 0
simples 6 0
weakness 165 0
ravour 1 0
errlichers 1 0
caid 1 0
potte 4 0
chleier 25 0
eeseite 1 0
othin 6 0
uance 1 0
espenstergeschichten 1 0
zusammenfliesst 1 0
ilten 1 0
holdin 5 0
ettstroh 1 0
erabredung 5 0
herunterfallen 3 0
burglars 3 0
enueser 2 0
beetroot 1 0
usatz 1 0
onigsegg 1 0
negligences 1 0
cahe 4 0
compilation 7 0
garboard 5 0
punctuation 62 0
naehrend 2 0
ampstead 2 0
erkaeltete 1 0
udaically 1 0
unlautern 1 0
anier 18 0
entsagt 2 0
prosecution 28 0
aniel 35 0
ebirgspanorama 1 0
burgartig 1 0
flummery 2 0
eduld 42 0
unterwegs 27 0
allowable 60 0
naught 113 0
cake 49 0
broil 4 0
foughte 2 0
kuenstlichen 6 0
hantantrum 2 0
lightning 93 0
schuetzenden 1 0
broke 318 0
parements 3 0
temporizing 1 0
cais 1 0
stuffs 7 0
naehrest 1 0
chivin 1 0
auszuliefern 1 0
ungeduldig 28 0
fartes 1 0
verandas 1 0
duchess 12 0
vollzaehlig 1 0
choices 1 0
exzerpiere 1 0
ruidical 2 0
zuzuhoeren 3 0
calx 1 0
algebra 11 0
calp 1 0
lephanten 1 0
unavertible 1 0
aeons 14 0
came 2454 0
masterfulness 1 0
leobulus 2 0
agliass 1 0
departest 1 0
holdem 2 0
leichtbewegliche 1 0
describen 2 0
matting 15 0
geologists 13 0
holder 29 0
anfassen 2 0
departeth 2 0
holdes 5 0
unerschoepfliche 4 0
describes 65 0
holden 25 0
schweigenden 3 0
call 1027 0
linsey 1 0
calm 183 0
uechsen 3 0
calk 2 0
cali 1 0
calf 37 0
onnenhimmel 1 0
cald 1 0
arbeitete 20 0
cale 6 0
refraktaere 1 0
cala 3 0
auditours 1 0
cant 18 0
exchequer 16 0
cans 3 0
sattle 2 0
mother 1382 0
underwerk 1 0
mothes 1 0
trostreichen 1 0
gesammelten 2 0
eiserocken 1 0
acandard 1 0
ovinian 5 0
aufgewiegelten 1 0
consecrate 6 0
eproducible 3 0
camp 314 0
arbeitend 2 0
cane 58 0
enuegsam 2 0
foregathering 1 0
bedeutendere 1 0
anico 2 0
kannten 11 0
anici 2 0
verandah 30 0
casuistry 4 0
ondorcet 2 0
anick 2 0
caps 30 0
kanntet 1 0
lapham 6 0
chwenkfelds 1 0
unersaettlichen 1 0
nankeens 1 0
crying 87 0
relighted 2 0
breechcloth 1 0
almbaums 1 0
assailing 3 0
sensing 1 0
hypochondriacal 5 0
allzugern 1 0
trohwitwe 1 0
capi 1 0
aquatic 8 0
itterbuecher 1 0
cape 14 0
vidual 1 0
casa 1 0
usage 64 0
ascination 2 0
beklage 2 0
carv 3 0
cheapness 49 0
cart 99 0
chiffsherrn 1 0
eregrinus 1 0
cast 369 0
emaessheit 1 0
haddest 9 0
vestibule 18 0
broad 319 0
cask 2 0
educt 2 0
casi 1 0
nebeldunkler 1 0
tter 12 0
cash 53 0
case 1589 0
offegut 1 0
rivalling 4 0
cara 2 0
eonhardt 23 0
educe 1 0
verzieren 2 0
reveled 2 0
uebertreffe 3 0
ortfliessens 1 0
smelter 1 0
effigy 8 0
cars 45 0
fauxbourg 1 0
carp 2 0
deutlichsten 1 0
kuehne 3 0
carn 1 0
beklagn 1 0
carl 2 0
ahomedans 1 0
beklagt 2 0
refolding 2 0
cark 1 0
annunciation 2 0
carf 2 0
card 72 0
care 866 0
alderbest 1 0
loitering 5 0
ntschluessen 1 0
enuesse 6 0
feisten 1 0
gekannten 1 0
gekannter 1 0
caus 7 0
alleinseligmachende 1 0
haddeus 1 0
transfers 2 0
caup 2 0
iculus 2 0
transferr 1 0
burthen 20 0
cauk 1 0
caul 1 0
insubordinate 2 0
alpareve 1 0
cate 1 0
mentioun 6 0
ereitschaft 2 0
decomposed 6 0
elsenkluefte 1 0
aintenance 3 0
rguing 2 0
usurpation 5 0
niederschlugen 1 0
wretchedest 1 0
cats 19 0
brods 2 0
xhortation 2 0
rogne 1 0
groschenweise 1 0
smitted 1 0
klingeln 1 0
vests 1 0
endued 6 0
smitten 25 0
estraints 9 0
saluting 5 0
northwards 5 0
verirrenden 1 0
andelshause 1 0
otaniker 1 0
shrewdly 6 0
zurueckbleiben 9 0
gefasst 52 0
described 380 0
kneeling 32 0
rawhide 6 0
rbaermlichkeit 1 0
rogue 10 0
pruefet 1 0
cave 62 0
schlaengelte 1 0
cava 2 0
zurueckgewuenscht 1 0
shatter 9 0
ttic 13 0
cholarum 1 0
aerkten 1 0
erlaeuterte 1 0
einhaendigen 1 0
orazones 2 0
unraveled 1 0
tthi 1 0
tweren 2 0
honeyshucks 3 0
elbowing 3 0
eislingens 3 0
satten 2 0
crosswise 1 0
drivellers 1 0
schushun 1 0
reptilian 2 0
patching 2 0
stehlen 5 0
abgerennt 1 0
qualunque 1 0
stuffy 3 0
consonants 4 0
requently 6 0
winderzeugend 1 0
matrices 1 0
prosecuting 9 0
nonsence 1 0
pruefen 13 0
kuenstlicher 4 0
retexts 1 0
antebrege 1 0
kuenstliches 2 0
timmrechts 1 0
increase 592 0
increasd 7 0
irchlichen 2 0
klingend 3 0
ekundanten 1 0
ocqueville 3 0
disproving 1 0
ranquilla 2 0
eilfsilbige 1 0
urteilen 13 0
archepiscopal 1 0
dunkelgrauem 1 0
dunkelgrauen 1 0
onvinced 5 0
dragg 1 0
digna 1 0
drags 5 0
assemblage 16 0
auserwaehlt 1 0
awake 116 0
digne 11 0
disheartening 2 0
rechtfertigte 3 0
ringsumher 1 0
imputation 23 0
draft 90 0
ipichari 14 0
sianou 1 0
artern 2 0
summten 1 0
arters 2 0
draff 3 0
caze 15 0
eichenfeier 1 0
angry 319 0
artery 36 0
symptoms 30 0
angst 3 0
argaretta 6 0
rabesken 5 0
hinzudichtete 1 0
hesitation 91 0
racciano 1 0
einlade 1 0
hesitating 27 0
underliche 1 0
anuary 265 0
drain 16 0
blendete 2 0
rudenza 1 0
feintise 1 0
gefahndet 1 0
hender 2 0
poses 1 0
practicer 1 0
rollende 4 0
column 57 0
hstand 1 0
practices 56 0
digniori 1 0
mottoes 3 0
ilson 89 0
sympathetically 6 0
blendest 1 0
practiced 29 0
dicere 1 0
attioli 63 0
kramte 2 0
obson 6 0
discharge 79 0
ollapses 1 0
herumziehen 1 0
dischargd 6 0
eisebeschreibung 3 0
aneinanderknuepft 1 0
arshness 1 0
artensaale 2 0
zusammengewuerfelt 1 0
schonen 18 0
indirekt 1 0
inserviam 1 0
schonet 1 0
cornelian 1 0
roasting 17 0
angesehen 36 0
dight 13 0
unruly 9 0
awaii 75 0
herfuehren 1 0
thnaton 2 0
explained 248 0
gefangengenommen 1 0
sayin 36 0
ispositionen 1 0
nheritance 4 0
await 30 0
ungrounded 1 0
awain 2 0
innigstem 1 0
innigsten 5 0
practicam 1 0
practical 155 0
ilanthus 2 0
endearing 7 0
crucifixes 5 0
observant 18 0
verzierte 3 0
blendend 3 0
eissdorn 1 0
geseufzet 2 0
sayst 5 0
avanciert 1 0
ersuasive 1 0
ahrhunderten 15 0
zaudernden 1 0
bists 1 0
ndankbaren 1 0
befoehlen 1 0
hubarb 1 0
ndankbarer 1 0
architrave 1 0
trimonial 1 0
herumhaengt 1 0
pipestems 1 0
schlechtesten 5 0
perseveringly 6 0
embarkation 5 0
ublini 1 0
vorsichtiger 4 0
diggy 6 0
eitbahn 2 0
icyon 1 0
husten 1 0
seinesgleichen 9 0
looselimbed 1 0
chminke 4 0
angle 79 0
congregate 5 0
discoverd 16 0
ourtanvaux 1 0
landslips 5 0
ossibly 32 0
beibringen 3 0
discovers 39 0
genannte 1 0
ausgepfiffen 2 0
discovert 1 0
bellowed 6 0
gegend 1 0
stupendous 29 0
taatssachen 1 0
discovery 190 0
unembarrassed 5 0
ossible 3 0
urprizes 1 0
achthimmel 1 0
sayof 1 0
anges 23 0
insatiably 2 0
angen 29 0
angel 151 0
besserte 1 0
alleviation 4 0
anger 278 0
homeliness 1 0
posts 54 0
hocion 1 0
ronleichnamstag 2 0
insatiable 23 0
himillo 1 0
artenumgebungen 1 0
reviewed 6 0
essenus 2 0
redden 2 0
einlass 1 0
oderns 2 0
ilsey 3 0
anzudeuten 4 0
wiederholter 4 0
wiederholtes 1 0
inquirant 1 0
redder 8 0
aemme 3 0
incenza 25 0
alleviating 6 0
ennywhar 1 0
wiederholten 11 0
unfettered 6 0
wiederholtem 2 0
inscriptional 4 0
mittelst 1 0
contriving 14 0
ibraries 2 0
ersuasion 10 0
zusammenheischt 1 0
haltend 3 0
eminently 69 0
naturalistic 1 0
closets 3 0
envenomd 1 0
fabliaux 1 0
ublius 1 0
schmerzensvollem 1 0
revelry 3 0
elicacy 7 0
orzellan 3 0
eptford 1 0
uprise 2 0
senkrecht 3 0
miscarriage 6 0
emmen 3 0
unzertrennt 1 0
aemon 2 0
exaggerator 1 0
oatcake 1 0
emmes 6 0
bissl 1 0
possi 1 0
deferential 4 0
hoarded 2 0
uprist 1 0
unauthorized 4 0
posse 5 0
aempf 1 0
beendigten 1 0
refectory 1 0
closest 30 0
incents 1 0
occurrences 23 0
repartee 5 0
verny 1 0
wuetigem 1 0
periodisches 1 0
counts 17 0
wuetigen 1 0
county 112 0
pilgrimage 43 0
kostspieligen 1 0
eastward 22 0
trompin 3 0
ustitia 2 0
ualis 1 0
eprover 1 0
ascaris 4 0
drawe 1 0
draws 72 0
unbaendige 4 0
drawn 620 0
elastische 1 0
drawl 4 0
extremity 61 0
bemerkenswert 1 0
afeard 6 0
aenke 18 0
closely 209 0
rasidas 1 0
fuenftausend 3 0
epubliken 4 0
inderheit 1 0
zusammengepaart 1 0
herniedergebracht 1 0
lteration 13 0
drave 3 0
lagenszeit 1 0
milchweissen 1 0
verna 1 0
hustle 5 0
extremist 1 0
gezogen 74 0
agrant 1 0
tuas 2 0
geniuses 5 0
zulieb 2 0
ankleideten 1 0
shelterless 3 0
watchers 9 0
ports 57 0
einlaub 1 0
annigfaltigkeit 19 0
obliterate 6 0
nfortunate 4 0
tuae 1 0
porth 1 0
porte 2 0
tuam 2 0
bewitch 1 0
incensd 1 0
porta 1 0
incense 43 0
welkin 5 0
polternden 2 0
luckie 2 0
blossfueasset 1 0
lecturers 2 0
alltaeglich 4 0
veron 1 0
anonimous 1 0
porus 3 0
auskonstruktion 1 0
ansetzte 1 0
counte 1 0
redescended 1 0
ublicolae 1 0
lowland 1 0
amenszug 1 0
bigness 6 0
betrachte 9 0
hipment 3 0
abdicates 1 0
ceaux 5 0
subbubs 1 0
noised 2 0
unequal 68 0
roesseren 1 0
griphoi 1 0
ualen 11 0
cocoanuts 1 0
noises 28 0
enthusiastischen 4 0
tuck 94 0
alumny 8 0
taciturn 6 0
blutverschmierten 1 0
tubs 5 0
ntbinden 1 0
tromple 2 0
dealers 66 0
veril 1 0
aenge 39 0
aengt 1 0
scending 3 0
tube 78 0
odenjoppe 1 0
ausgestandenen 3 0
iverted 1 0
nisten 2 0
tubb 1 0
artmouth 21 0
tubn 1 0
elects 1 0
motife 1 0
ichtung 49 0
draus 6 0
electa 1 0
rofis 1 0
tufa 5 0
uebermanieriert 1 0
venness 1 0
anham 4 0
rofit 28 0
drauf 41 0
mealing 4 0
rofil 2 0
inservire 1 0
erfolgte 6 0
poenitentia 1 0
tudy 33 0
avaceppi 1 0
lovely 212 0
normal 36 0
damsel 8 0
sedentarie 1 0
einzutreten 3 0
gelehret 1 0
hineingriff 1 0
jostlings 1 0
roesseres 1 0
credulity 16 0
durchschreiten 2 0
angelegentlich 3 0
tude 4 0
nnennbaren 1 0
welked 1 0
weitlaeuftigste 1 0
rahtpuppe 1 0
dahintenlassen 1 0
immensely 29 0
observeable 1 0
retiring 23 0
rudence 77 0
onations 86 0
festgemalt 1 0
ueberheb 1 0
umbinden 1 0
esignationen 1 0
theatricals 3 0
tugs 2 0
iebensgeschichten 1 0
trymonias 1 0
wischenraume 1 0
spectacle 65 0
drank 121 0
einchen 1 0
lluminati 3 0
forwarded 45 0
verus 1 0
erthshire 1 0
tufe 13 0
reentrance 1 0
tuff 3 0
forwarder 1 0
forwardes 1 0
tuft 12 0
wynford 2 0
drang 17 0
indecorum 4 0
abstirbt 1 0
vehemence 41 0
verye 1 0
unwillingly 16 0
unsavory 1 0
aeldchen 3 0
aende 151 0
scandalised 2 0
uncompliant 1 0
sayen 2 0
ighlanders 8 0
sayer 1 0
embezzlers 1 0
tuis 1 0
draps 5 0
drapt 8 0
bitin 2 0
gebuehrender 1 0
gedemuetiget 1 0
abathean 1 0
enuetts 1 0
cease 164 0
tuhl 20 0
agrada 1 0
etiquette 25 0
ntonation 1 0
rejoined 55 0
uechtern 1 0
drape 1 0
verry 1 0
timocratical 4 0
barockes 1 0
ceana 2 0
verso 1 0
onsists 2 0
tromped 1 0
drake 5 0
verse 128 0
versa 9 0
bitch 1 0
himing 1 0
indirect 43 0
sharpened 11 0
ondlichte 2 0
snowstorm 3 0
bouquet 10 0
etaphors 1 0
idiosyncrasies 3 0
lovers 153 0
posed 11 0
barbaric 9 0
okman 1 0
bareness 10 0
iamaka 2 0
verre 3 0
urquedrie 1 0
verra 23 0
andesbewohner 1 0
treadles 1 0
tund 12 0
stooden 3 0
albinkognito 1 0
zovius 2 0
begruendet 3 0
vertu 3 0
lovest 6 0
teifes 1 0
tune 43 0
drams 1 0
aware 287 0
erenaden 1 0
drama 40 0
tums 1 0
albwahrheiten 2 0
tump 1 0
award 11 0
tumm 1 0
ecumenical 1 0
untergingen 1 0
herzruehrende 1 0
biten 1 0
elerities 2 0
motion 309 0
ceans 1 0
ebensreihen 1 0
naeherrueckte 1 0
elicate 3 0
bites 14 0
efficacy 31 0
chneebergen 1 0
fragment 44 0
detractors 4 0
unsuited 4 0
tull 1 0
loveth 24 0
independently 29 0
vierstimmigen 1 0
begruenden 3 0
ardours 2 0
cancel 3 0
oyfully 1 0
unsicher 4 0
pollution 7 0
tugendhaftesten 3 0
trennen 26 0
iliades 1 0
exhaled 3 0
polluting 4 0
fluchte 3 0
hantoms 1 0
perspired 2 0
abgeschoren 1 0
exhales 2 0
aufzumerken 1 0
geschuettelt 2 0
tuns 1 0
tunt 1 0
uietam 1 0
vierhunderten 1 0
walkin 10 0
snaring 1 0
hantome 3 0
awdry 6 0
knackt 1 0
austueren 1 0
squatting 13 0
ture 11 0
turf 70 0
sommamente 1 0
turd 1 0
rfindungen 7 0
pronounc 1 0
turm 22 0
turn 877 0
gewonnen 39 0
matchbox 1 0
abbaths 3 0
apoplexy 12 0
harmonischen 8 0
arpenter 3 0
harmonischer 1 0
bstufung 2 0
weeping 111 0
alkers 4 0
treetop 1 0
harmonisches 1 0
tuti 1 0
spouting 3 0
tute 1 0
idyllische 1 0
empty 216 0
tust 13 0
federate 1 0
ichelieu 23 0
besamen 1 0
erratic 6 0
tush 1 0
ccam 2 0
exhorbitant 1 0
seacoasts 1 0
walken 3 0
walker 5 0
ausfuellte 3 0
perambulates 1 0
tusk 8 0
walked 453 0
gegessen 8 0
piritualists 1 0
importune 4 0
turr 2 0
alkely 2 0
emonstrances 3 0
fivepence 11 0
tury 4 0
turz 5 0
rojan 19 0
effecting 13 0
deliberates 5 0
protectionism 1 0
erraten 23 0
erratet 1 0
salting 5 0
thieves 56 0
deliberated 12 0
eltgeschichte 3 0
chwiegertochter 2 0
schaendliche 5 0
ubinenmund 2 0
nvermutete 2 0
prognathous 3 0
aticanus 1 0
tuum 3 0
tuts 1 0
overeating 1 0
permissible 5 0
aupthelden 1 0
passant 2 0
oncurrences 1 0
yrina 3 0
enriade 4 0
madmen 3 0
terrifying 5 0
festhielten 2 0
heutge 1 0
schickst 3 0
voters 28 0
knockers 1 0
exhaustless 2 0
orsini 1 0
uechtige 1 0
ergnueglichkeit 1 0
pinnradl 1 0
ntroducing 6 0
ardouin 1 0
erstickte 5 0
schickte 31 0
abyrinth 5 0
malevolent 11 0
abwischen 1 0
ancestress 4 0
empre 1 0
waschen 6 0
chikawa 5 0
questing 1 0
heutig 1 0
lastonbury 1 0
ringings 1 0
causeways 4 0
stagger 14 0
pitzbua 1 0
aehere 4 0
esponses 1 0
pitzbub 1 0
eschewing 3 0
berglaube 3 0
achtwaechters 1 0
adurch 9 0
andhuegel 1 0
vollhaltige 1 0
ahershalal 1 0
knocketh 1 0
troughs 3 0
question 1034 0
heraufkamen 1 0
empor 20 0
imiles 2 0
uffuehrung 28 0
ccha 3 0
mathematic 1 0
baertigen 1 0
armorarten 1 0
awakned 1 0
assoziieren 1 0
zurueckbegeben 2 0
rooting 2 0
emple 102 0
duerren 5 0
exington 26 0
madman 16 0
verlangst 1 0
refixed 1 0
scrolls 3 0
zusammengenommen 6 0
bgeschlossen 1 0
teckbrief 3 0
foresworn 1 0
ishery 22 0
esores 1 0
lgebra 5 0
geliebt 46 0
uditorium 6 0
gruendest 2 0
corrects 3 0
konzentrierte 1 0
duerres 1 0
hinauswollen 1 0
pronouns 3 0
thyselfe 5 0
zuruecknehmen 4 0
egenspfaender 1 0
queening 1 0
ceded 9 0
randywine 2 0
yrius 2 0
effective 66 0
cedes 1 0
hitzig 1 0
racaille 1 0
debtor 28 0
reinforc 1 0
rissoles 1 0
hinueberhaengen 1 0
daubed 7 0
gruendete 5 0
correcte 1 0
enclin 5 0
conclusively 5 0
rdenleben 1 0
rausam 2 0
lechour 6 0
ilvia 1 0
membered 1 0
uetzlichen 3 0
uetzliches 2 0
undercalculate 1 0
alignity 2 0
ilbergeraete 1 0
ickman 1 0
illanage 1 0
verlangte 58 0
eoples 6 0
angemerkt 1 0
splits 2 0
malvastrum 1 0
yrici 1 0
ankin 4 0
erbittend 2 0
fabelte 1 0
animalischen 2 0
unimportant 26 0
worked 205 0
diked 1 0
worken 10 0
accuser 10 0
accuses 2 0
besorgter 2 0
fluchen 2 0
unbekuemmerte 1 0
worker 18 0
workes 19 0
besorgten 1 0
dumplings 2 0
roils 1 0
opyright 68 0
wohlgepolsterten 1 0
schicklichen 6 0
abgeredet 3 0
dreiarmige 1 0
roili 2 0
umgestaltet 1 0
vanities 17 0
rlesiennes 1 0
unschaedliche 2 0
umworbene 1 0
yardsticks 1 0
pedants 3 0
annufacture 1 0
schicklicher 1 0
hilada 19 0
footmarks 1 0
yrian 12 0
hilade 4 0
affiziert 1 0
palieren 3 0
prepossession 4 0
dread 268 0
typewriters 2 0
yriad 1 0
shattering 6 0
atires 3 0
onkink 1 0
otion 114 0
raedern 1 0
distribute 335 0
ankle 27 0
atiren 1 0
rausen 5 0
ingredient 7 0
accused 87 0
ccot 6 0
pimento 1 0
ieschen 1 0
orsica 6 0
anker 3 0
otive 18 0
tuebchen 2 0
erbittern 1 0
ankes 2 0
hintenauf 1 0
auptmannskopf 1 0
ammerherr 3 0
anken 7 0
domestic 207 0
prepossessing 9 0
paying 249 0
workin 7 0
ankey 1 0
nderson 8 0
unnatuerlich 2 0
deputierten 1 0
eardrops 1 0
erbittert 6 0
edelen 1 0
barreled 1 0
vertuous 4 0
civilisees 1 0
cornpartment 1 0
suedwestlichen 1 0
bronzene 1 0
limned 2 0
durcheinanderspielen 1 0
mellow 17 0
trennte 9 0
outmanoeuvre 1 0
uscan 11 0
offeecial 1 0
hiedurch 5 0
mikron 1 0
gentleness 94 0
inculcating 2 0
cragginess 1 0
eerfuehrers 1 0
paisible 1 0
aynaldus 4 0
zurueckhaelt 1 0
rausio 1 0
esponsio 1 0
henchemen 1 0
humoured 18 0
weglenken 1 0
ccts 1 0
wrung 20 0
ugemessne 1 0
ankam 10 0
overhauled 2 0
aradox 3 0
revoked 2 0
trains 36 0
komplett 1 0
ebenswunden 1 0
savings 25 0
wacht 2 0
etrarchs 1 0
arthusians 1 0
wache 3 0
grouping 7 0
doings 40 0
respectfully 22 0
statesmen 68 0
ckchen 2 0
errasse 8 0
gehorchen 13 0
abgeben 9 0
verlanget 1 0
bedauerten 5 0
oubigant 2 0
arianne 33 0
trails 29 0
fallest 1 0
limner 1 0
oodnight 1 0
oloures 1 0
islodged 1 0
falleth 10 0
nfringements 2 0
hlinket 1 0
hosses 5 0
walles 7 0
wallet 10 0
intollerable 7 0
ausfuellen 12 0
eccaria 2 0
muerber 1 0
wallen 3 0
waller 1 0
hampion 4 0
imarosa 1 0
uncomplying 1 0
walled 36 0
ankee 13 0
transversely 9 0
schicket 1 0
intollerably 4 0
tapstere 2 0
schicken 39 0
oliticians 18 0
endloses 1 0
urassic 4 0
enlightening 3 0
llerheiligsten 1 0
usschweifende 1 0
unbestimmt 6 0
majesty 72 0
twuzn 1 0
uncensured 2 0
statesman 69 0
insmals 1 0
verehrlich 1 0
augenfaellig 2 0
bestimmen 22 0
ommunikation 2 0
meekness 13 0
babblement 1 0
verlangen 27 0
uctuosa 1 0
equitable 36 0
hodegone 1 0
ppleditches 1 0
coiffures 1 0
usche 3 0
distill 2 0
identifizieren 1 0
konzentrieren 1 0
distils 2 0
fuetterten 2 0
geschliffne 2 0
sehnsuchtsvoll 2 0
equitably 4 0
eiopopeio 1 0
ueckwaertsgang 1 0
melles 1 0
gravitation 4 0
scanned 10 0
scanner 1 0
encircling 3 0
empirischem 1 0
verdunkelt 5 0
independance 1 0
eilsamkeit 1 0
ereditatum 1 0
vermisste 7 0
bodied 11 0
blickest 1 0
exalts 2 0
bodies 457 0
equivalents 5 0
illkuerliches 1 0
persoenlich 9 0
uesternheit 3 0
aepsten 1 0
emporzurichten 1 0
pfelschimmel 3 0
aufgeregt 7 0
indestructible 7 0
endlosen 1 0
geradewegs 2 0
homewards 2 0
bickering 1 0
emove 3 0
gravitating 3 0
ausgedrueckt 11 0
erledigt 1 0
ntinomist 1 0
otier 1 0
unusualness 1 0
incriminating 1 0
eologists 1 0
emory 31 0
nrufen 1 0
elumbo 1 0
sheers 1 0
ypermnestr 1 0
confusedly 13 0
evile 1 0
forgotten 295 0
evils 157 0
debasing 6 0
evill 1 0
reparatory 2 0
inconceivable 20 0
brows 51 0
sumptuous 13 0
seasons 98 0
restaurierenden 1 0
ampeluna 1 0
grunelt 2 0
poysonous 1 0
ommervoegel 1 0
obust 1 0
dazuzusetzen 1 0
araffa 8 0
brown 202 0
publicly 59 0
restler 2 0
sirens 3 0
erbaulicher 2 0
ntinomism 2 0
reappearing 1 0
emote 2 0
erbaulichen 2 0
anish 18 0
inconceivably 2 0
durchflochtenes 1 0
uebergetreten 1 0
dacoit 2 0
enschensinns 1 0
gfahlt 2 0
sonderbares 5 0
nerveless 10 0
proportionate 19 0
sonderbarer 8 0
oetigste 1 0
vermute 5 0
battaile 6 0
pound 191 0
sheets 44 0
otice 82 0
dreamings 1 0
drollery 3 0
huepfen 5 0
auswetzen 1 0
fallend 3 0
geglaubte 1 0
length 778 0
anity 44 0
intestinal 10 0
keyhole 4 0
bodice 4 0
chreibzeug 1 0
homuncio 1 0
zurueckliess 6 0
adrucci 1 0
moated 3 0
sonderbaren 47 0
rfolg 13 0
uhebank 2 0
geschieht 36 0
hantomen 3 0
aggravates 4 0
drapers 1 0
pouts 16 0
drapery 9 0
emons 4 0
rmuedet 1 0
schuelerhaften 2 0
fuming 6 0
edute 1 0
resorted 32 0
ppointed 2 0
lying 339 0
wallte 1 0
klueger 10 0
ubstruktionen 2 0
huepfte 2 0
ermoegens 15 0
erpowered 1 0
aggravated 22 0
eduse 2 0
vollstaendiger 4 0
edusa 5 0
pouud 1 0
achsen 5 0
vollstaendigen 5 0
klipp 1 0
verschlingend 1 0
evies 6 0
spawned 1 0
tromboli 1 0
evier 13 0
broth 5 0
pours 11 0
eview 12 0
publican 2 0
schaeumende 1 0
pourd 1 0
albranche 3 0
brost 1 0
waendehoch 1 0
yrisch 1 0
crossbar 1 0
ompostell 2 0
uckahoe 21 0
ompostela 1 0
spuelt 1 0
achforschen 1 0
cabbages 24 0
trenchant 2 0
merenti 1 0
ancestresses 2 0
pouse 10 0
inexpedient 2 0
emond 1 0
roportionen 1 0
uniformed 1 0
okote 4 0
ammerish 1 0
forties 1 0
epelled 1 0
oting 4 0
arrangement 160 0
eonhard 1 0
somefin 2 0
unvermeidlich 5 0
agnoscam 1 0
terraces 20 0
eigennuetzigen 4 0
phosphorus 4 0
brook 43 0
circumstanc 1 0
broom 17 0
wallow 9 0
homesteads 1 0
brood 23 0
kylark 1 0
choepfungen 1 0
cquired 1 0
wallop 1 0
abarbeiten 3 0
abarbeitet 2 0
oemerzeit 1 0
ngine 10 0
befits 8 0
twar 4 0
novelists 7 0
twas 43 0
twan 14 0
keinesweges 18 0
tway 52 0
fountainhead 1 0
broos 2 0
anila 5 0
fahret 1 0
stutzen 6 0
verschnitten 2 0
erkmal 2 0
terraced 11 0
vermisset 1 0
durchpeitschen 2 0
gentry 20 0
vermissen 9 0
pocketed 4 0
ueberbreiten 1 0
cochere 1 0
fortify 11 0
undesigning 4 0
adaptations 2 0
fahren 38 0
ssoil 1 0
clustering 6 0
evice 1 0
nnsbruck 9 0
egrand 46 0
boredom 3 0
psychological 9 0
untruths 1 0
abgelockt 1 0
overwhelms 3 0
beschenkt 3 0
isobedient 1 0
wirtschaften 2 0
alaemon 1 0
stinken 3 0
genung 1 0
overwhelmd 1 0
giebst 1 0
phosphoric 1 0
meaningless 8 0
incinnati 15 0
rauten 1 0
daucht 1 0
repinings 2 0
abtraegt 1 0
retzen 1 0
offeecially 1 0
empis 3 0
mullion 2 0
spattered 3 0
inebriated 1 0
prognostics 1 0
spinster 7 0
clyack 2 0
seizure 5 0
worlds 37 0
quadroons 1 0
ieldings 1 0
idotta 1 0
cedar 22 0
profane 30 0
etrueger 2 0
thumbscrews 1 0
misrepresentations 8 0
ernachlaessigung 1 0
sellschaft 1 0
ilver 64 0
auszufuellen 10 0
errscherin 2 0
bekoemmt 1 0
twel 80 0
stutzig 2 0
roceeds 2 0
eiltaenzer 8 0
nstantly 7 0
eraenderung 54 0
debuts 1 0
worlde 21 0
gelbgruenen 1 0
icknor 1 0
tarboosh 1 0
trahan 9 0
ammerschade 1 0
aufgeworfenen 1 0
perambulator 3 0
ufmunterung 6 0
ynasty 1 0
eyeglasses 6 0
ominikaner 2 0
educationalists 1 0
estranging 1 0
takings 1 0
courtesies 8 0
wholly 320 0
ediocrity 1 0
ruehlingsluefte 1 0
seales 1 0
nclosures 4 0
courtesied 1 0
genuit 1 0
uniformly 30 0
schiessende 1 0
avidum 1 0
enclos 12 0
lectoral 8 0
emped 1 0
eschuetzerin 2 0
heaterprobe 1 0
sealed 66 0
beteten 1 0
neuerlich 1 0
praesentierten 1 0
empel 57 0
troubling 22 0
mgetrieben 1 0
ochwuerden 2 0
emper 32 0
chutzpatrons 1 0
draufgebn 1 0
prisonnier 5 0
glossiness 1 0
twix 10 0
muzzle 12 0
kamaainas 1 0
orzimmer 5 0
pacificumque 1 0
discordable 1 0
reland 172 0
orrisons 3 0
twig 16 0
twit 2 0
rachtgebaeuden 1 0
twis 4 0
twin 17 0
sparrers 1 0
canary 4 0
erweckt 9 0
ethereal 23 0
nderthalb 1 0
reudegeheul 1 0
astellana 2 0
drapeau 1 0
hracischen 1 0
temperance 49 0
geschwaecht 2 0
entschlossen 34 0
despisers 1 0
spotten 5 0
lenticular 1 0
mouthfuls 1 0
ungainly 11 0
golten 3 0
arglistig 1 0
limmer 1 0
spotted 21 0
agitatedly 1 0
relate 92 0
aternoster 3 0
rohst 1 0
bodily 103 0
antiques 3 0
neversurrenders 1 0
controlling 31 0
biology 11 0
despisest 1 0
ichtswuerdige 1 0
elecampane 1 0
xchequer 17 0
inequality 44 0
isklumpen 1 0
ishgig 1 0
trahle 2 0
spottet 3 0
annuals 3 0
ussehns 1 0
hovering 14 0
arleian 4 0
wabia 1 0
despiseth 3 0
boding 3 0
bscond 1 0
imitours 1 0
uhamed 22 0
blickend 2 0
ruchtbau 1 0
hueglig 1 0
ruchtbar 1 0
emporgetrieben 1 0
caricatured 5 0
simplest 43 0
pouch 5 0
unstoppered 1 0
trifleing 1 0
gathering 69 0
caricatures 5 0
rrgaenge 2 0
pflichtmaessig 2 0
onversion 3 0
sprosst 1 0
entgingen 3 0
uphron 1 0
migratory 3 0
tinging 2 0
freedoms 2 0
evite 3 0
ritain 839 0
twos 1 0
unqualified 9 0
thinned 10 0
circumventing 2 0
twon 4 0
catholique 2 0
entimentalism 1 0
hlenfeld 1 0
evity 6 0
hakespeares 9 0
thinner 29 0
crupper 3 0
aetselhafte 1 0
ppiani 1 0
overacute 1 0
garantiert 1 0
stutzte 9 0
oravia 3 0
phobeitai 1 0
hakespearen 3 0
bullying 6 0
hamaeleon 1 0
battlemented 2 0
uanto 1 0
spherical 6 0
derniers 3 0
anteroom 2 0
erraris 1 0
auncelot 4 0
orthumbrian 1 0
nutshells 1 0
provehat 1 0
boulevardiere 1 0
friedlichste 2 0
erbindlichkeiten 3 0
aerated 1 0
evise 1 0
zaehere 1 0
omicide 1 0
vollstrecken 1 0
elegates 56 0
irnschale 1 0
ations 77 0
uarez 5 0
aracen 4 0
awful 147 0
butted 1 0
zufriedenzustellen 2 0
nglia 1 0
druckte 1 0
smaragden 1 0
silence 430 0
erueckenmachers 1 0
extortion 12 0
cean 29 0
ausschwaetzen 1 0
inviting 32 0
snuffling 1 0
superintendant 1 0
ailment 3 0
ewissenssache 1 0
treppauf 1 0
tetigkeit 2 0
calamus 6 0
iddeford 1 0
ceas 2 0
despotic 36 0
zuvoerderst 3 0
catapuce 2 0
euerstrom 1 0
anathematised 3 0
leineren 1 0
cede 1 0
insolvent 4 0
submarine 2 0
pazierengehen 5 0
rincipessa 1 0
boldness 25 0
montuosi 1 0
fulfilment 20 0
twuz 16 0
adegonde 2 0
ejecting 1 0
perceptive 1 0
crenellations 2 0
fostering 11 0
claspknife 1 0
profaneness 7 0
vermisst 9 0
extorting 2 0
falterest 1 0
onstrained 2 0
overburthened 1 0
vermisse 1 0
aracas 2 0
fuehlbarer 2 0
generates 7 0
reclysterizare 1 0
ugstueck 1 0
aseins 37 0
himseys 1 0
generated 28 0
oekonomische 2 0
unmoved 14 0
disown 9 0
drovers 3 0
groomed 1 0
reudentage 1 0
useth 8 0
trafst 1 0
vexed 39 0
shoemaker 25 0
gradualhy 1 0
users 121 0
ceed 1 0
anlys 1 0
kristallenen 1 0
zutrauen 2 0
ejection 2 0
vexes 1 0
lubens 1 0
aracens 8 0
liberally 37 0
verpfuschen 1 0
gesehenen 1 0
aesar 55 0
roles 1 0
rigidity 10 0
trespassers 5 0
achkommenschaft 7 0
meretricious 3 0
assoile 1 0
auspruegeln 1 0
untrust 2 0
loftily 1 0
usselin 2 0
zeitlebens 9 0
nvestigates 1 0
wouldst 14 0
waert 7 0
abhielt 1 0
hracierinnen 2 0
uards 9 0
eiligkeit 10 0
waern 1 0
untruth 5 0
waere 517 0
uardi 1 0
pulpit 74 0
horeditch 2 0
useum 37 0
trespasseth 1 0
pronounce 73 0
eilbronn 11 0
uarda 1 0
ungestuemer 1 0
elagiana 1 0
vergnueglichste 1 0
canniness 1 0
mpartiality 6 0
laffin 3 0
ipsfelsen 1 0
anfuehren 7 0
oilette 4 0
uxembourg 7 0
atriot 22 0
gradually 347 0
ustinus 4 0
rbaermliches 1 0
undegeschwaetzes 1 0
ungestuemen 2 0
beleeved 1 0
pielereien 1 0
durcheinanderarbeitete 1 0
einamen 1 0
momentous 23 0
oemischer 2 0
woulden 3 0
elagians 3 0
oemischen 4 0
areschall 2 0
eshawur 10 0
tummheit 1 0
isoliertes 1 0
rifacimenti 1 0
ergangen 8 0
conventicles 3 0
cell 41 0
roceedings 49 0
isolierten 1 0
frisch 40 0
ontest 32 0
reduplications 1 0
astoundingly 1 0
sleeveless 5 0
enricks 1 0
pulped 1 0
dispel 17 0
undimmed 1 0
toedlichsten 1 0
weighing 36 0
uerinus 1 0
lockhart 1 0
ationen 17 0
resplendence 1 0
hineinsah 2 0
cela 2 0
durchharrten 1 0
cent 372 0
setters 1 0
hinaufzutreten 1 0
iuris 1 0
unverwoehnten 1 0
perception 55 0
entgegenstellen 4 0
controllers 1 0
taupitz 7 0
genommen 97 0
canals 47 0
ernachlaessigtes 1 0
aufzureiben 3 0
revolts 6 0
cene 16 0
amusement 97 0
lzweig 1 0
aeulengang 1 0
merkwuerdig 32 0
ilaments 1 0
uderern 1 0
cept 3 0
arabus 1 0
fleshless 2 0
ilienstengel 1 0
statthatte 1 0
wissen 253 0
ounley 71 0
hervorzugehen 1 0
uphrat 4 0
atrium 10 0
antasket 1 0
sloshed 2 0
ontend 2 0
rolls 34 0
dumbwaiters 1 0
rollt 5 0
wisses 3 0
endureth 2 0
wisset 1 0
rolle 1 0
regnant 3 0
aragossa 3 0
feindselige 1 0
traeuche 2 0
dillo 1 0
ontent 2 0
revolvd 1 0
revolve 12 0
inductive 23 0
limpses 2 0
geplattet 2 0
aeste 40 0
anfragenden 2 0
livest 8 0
lockre 1 0
ecreations 2 0
rnulfus 1 0
snarled 9 0
gedaechte 6 0
easide 2 0
meadows 42 0
efeats 3 0
scaurs 1 0
ziehen 110 0
enceforward 1 0
artenkunst 1 0
echtuebung 1 0
personating 1 0
geschwungene 2 0
liveth 5 0
erstarrt 9 0
potestate 4 0
drucken 2 0
prattling 2 0
ttested 1 0
hochgelahrte 1 0
envelope 85 0
himself 4175 0
rrrrrrp 1 0
cere 1 0
envelops 2 0
cera 1 0
onteke 1 0
fetchen 1 0
chwenkfeldians 1 0
lockte 4 0
ackwerks 1 0
oskilde 1 0
fetches 5 0
incontinently 3 0
ersprechen 18 0
egitimists 1 0
aturwirkung 1 0
lubeat 1 0
dragman 1 0
frisks 1 0
lockst 2 0
erbste 1 0
frisky 2 0
nfinate 1 0
wormes 6 0
livers 4 0
ziehet 2 0
erschlagen 8 0
cess 1 0
devotedness 2 0
existimant 1 0
bruckin 1 0
livery 20 0
personation 1 0
fetched 31 0
incorporation 5 0
arabou 7 0
dimen 1 0
enlichtened 2 0
rokus 1 0
ausplatze 1 0
irknewton 1 0
examin 7 0
tragen 79 0
schwillt 4 0
omtesse 2 0
drankest 1 0
underbresh 2 0
gutheissen 3 0
installment 2 0
chlenzen 1 0
clothing 130 0
heruntergeholt 1 0
yrkan 1 0
ondoyer 1 0
npaesslichkeit 4 0
eelzebub 5 0
loeblichen 4 0
ational 86 0
yarning 1 0
loeblicher 1 0
uperstructure 1 0
button 22 0
uebermut 12 0
egislatives 1 0
useen 1 0
aufbehalten 3 0
graines 1 0
ishonorable 1 0
incorporating 3 0
tachelringe 1 0
onderbarkeit 5 0
aesse 7 0
edenke 9 0
grained 9 0
crucible 19 0
enschenfreundes 1 0
emsig 17 0
arable 9 0
aesst 6 0
hurled 37 0
edenkt 5 0
daffodils 4 0
kenntnisreicher 1 0
censured 27 0
pleases 75 0
generatio 1 0
sheding 1 0
ingaenge 2 0
ntschlossenheit 4 0
solaces 4 0
censures 17 0
roader 1 0
troedeln 1 0
unconquer 1 0
solaced 1 0
rendering 67 0
usens 6 0
horsefly 1 0
yrcanier 1 0
ustrian 58 0
adorations 1 0
onfolge 1 0
eingredt 1 0
schwistertkinderssohn 2 0
eaceful 4 0
herfaellt 1 0
anfuehrst 1 0
clothier 2 0
frisst 2 0
ocieta 1 0
arabic 10 0
tragic 78 0
penetrable 1 0
mesmeric 4 0
geschah 36 0
uechenmeister 1 0
corroborative 1 0
anzulocken 2 0
verkuendend 1 0
hinderlich 3 0
unthrifty 4 0
cillus 1 0
ociete 5 0
ivington 5 0
pleased 343 0
ociety 304 0
intestines 21 0
nerwartetes 3 0
mooring 2 0
anman 2 0
olution 3 0
unmerciful 1 0
malignant 31 0
wormed 1 0
chanteth 1 0
zauberische 1 0
befiel 3 0
antechamber 3 0
herausgestrichen 2 0
hinauszusetzen 2 0
eyeses 1 0
benteuers 3 0
dispos 11 0
benteuern 4 0
chantery 2 0
wisste 1 0
exceptions 53 0
chublade 3 0
nutrition 3 0
ruisers 1 0
raguier 2 0
neuerenzeit 1 0
rticles 68 0
uebersetzen 10 0
dahingegen 2 0
ziehst 5 0
afrikanischen 1 0
lawyer 111 0
butter 71 0
buttes 20 0
dismemberment 7 0
chimaera 2 0
snarlin 1 0
chaumer 3 0
zusammengegeizten 1 0
einsame 5 0
fetchin 3 0
inistries 1 0
untranslated 1 0
gewaffneter 1 0
ichtkunst 10 0
greeting 25 0
uebereilung 1 0
ufhaeufen 1 0
umfingen 2 0
uerrier 1 0
esichtsbildung 5 0
iebers 1 0
usrichters 1 0
andpferd 1 0
eerheim 1 0
eerheit 4 0
bemerkbar 2 0
misdeemen 1 0
pflueckt 1 0
chlimmern 1 0
elestia 1 0
hurlow 1 0
chrammen 1 0
haunted 76 0
schlottern 1 0
ounjun 2 0
uflattich 1 0
haunter 2 0
schlottert 1 0
usticity 1 0
inscribe 5 0
excitable 14 0
incroachments 1 0
pelicans 1 0
hocyllides 1 0
aground 2 0
fatigues 15 0
popularity 48 0
vermindertem 1 0
abandonment 13 0
verminderten 1 0
vernehmlich 4 0
popularise 4 0
wegzulassen 1 0
kuehl 7 0
andhaendlers 1 0
assports 2 0
corroborating 1 0
efecht 1 0
glaenzendesten 1 0
aeren 8 0
nruhen 5 0
aeret 1 0
aufgeziert 1 0
graesslichen 1 0
roker 71 0
hobble 7 0
graesslichem 1 0
graesslicher 5 0
verbreitetes 1 0
graessliches 1 0
orrents 7 0
rouseth 1 0
verbreiteten 1 0
roken 3 0
painfully 38 0
receat 1 0
emuetigung 5 0
garlanded 5 0
corroboration 7 0
indescribable 31 0
riesenmaessigern 1 0
zugerichtete 1 0
kuehn 12 0
iscover 1 0
lertness 2 0
chermesser 1 0
esserchen 1 0
harmonical 1 0
fatigued 17 0
aufzutreiben 2 0
blight 6 0
verwirklichen 1 0
wadna 3 0
popularize 1 0
gorgings 1 0
odensatz 1 0
iebend 1 0
depositing 3 0
zurueckzogen 1 0
bliges 1 0
iebeln 2 0
dremp 2 0
easing 5 0
mustache 7 0
rewster 2 0
verstuemmelten 1 0
ntchen 1 0
llgebenedeite 1 0
ooosen 1 0
bliged 1 0
euerlein 1 0
amaliel 1 0
japanned 2 0
atthyas 1 0
deposition 15 0
phantasy 3 0
surmises 10 0
aerae 1 0
phantasm 1 0
surmised 11 0
feather 43 0
tallowed 3 0
placed 624 0
forceful 1 0
gehorchte 6 0
parliaments 13 0
aumgarten 2 0
oetigung 3 0
vertriebe 1 0
riegsheer 2 0
tuerkischen 2 0
easily 769 0
oritomo 1 0
ilberstuecke 2 0
kunstlos 1 0
nastiest 1 0
farnesischem 1 0
dejected 22 0
serpents 5 0
esound 1 0
doorway 51 0
banners 11 0
ageszeit 6 0
schaffenwollenden 1 0
lively 118 0
serpente 1 0
vorhergehen 1 0
ickles 1 0
ausgebesserten 1 0
dreid 2 0
tyan 1 0
dreie 2 0
clamorously 1 0
ntschluesse 1 0
drein 20 0
occurrence 34 0
smartually 2 0
settlement 99 0
recede 12 0
bannere 1 0
dreht 7 0
ariseth 1 0
traeum 1 0
personify 2 0
encore 4 0
plugged 10 0
proficient 5 0
drehe 1 0
antislavery 2 0
incubrations 1 0
murkiest 1 0
drehn 1 0
osenarmen 1 0
places 650 0
miting 1 0
dregs 14 0
placer 2 0
traete 1 0
indescribably 5 0
rundriss 2 0
splint 7 0
locken 17 0
receiv 46 0
placid 38 0
mperors 10 0
locket 2 0
locker 8 0
lockes 5 0
besiegenden 1 0
unsthaendler 2 0
efects 117 0
misusage 1 0
eptune 15 0
krankheit 1 0
sophistries 1 0
locked 62 0
wisted 1 0
ullogai 1 0
otally 1 0
umzingelt 3 0
harkened 1 0
formality 13 0
fremdartigen 1 0
melius 1 0
festhalten 6 0
dream 290 0
titanischen 1 0
erbung 1 0
rushing 64 0
drear 3 0
dreed 2 0
kuess 1 0
formalism 4 0
eopold 14 0
foderte 2 0
somehoo 2 0
tyed 1 0
ommertruppe 1 0
nachzubilden 2 0
ferdweib 1 0
reenock 1 0
somehow 87 0
binger 9 0
pfluecke 3 0
ussulmans 4 0
geistreiche 7 0
iebest 1 0
chmiedegesellen 1 0
drede 12 0
walnut 19 0
perspectives 2 0
undergrowth 14 0
ganglia 6 0
jugendlichen 9 0
easier 108 0
fuehlendes 1 0
vergnuegten 7 0
einlichkeit 18 0
jugendlichem 1 0
livens 1 0
fuehlenden 1 0
jugendlicher 3 0
jugendliches 1 0
vergnuegter 3 0
bhandlung 1 0
nation 528 0
usden 1 0
durchschleichen 2 0
onciliengeschichte 1 0
gruessenden 1 0
extremely 267 0
oncevalles 2 0
itarbeitern 1 0
ischofsmuetzen 1 0
recens 1 0
schriften 1 0
ousebreaking 1 0
recent 105 0
vorbeigegangen 2 0
agglomerated 1 0
toshibe 2 0
tromteil 1 0
erausgabe 1 0
bagatelle 1 0
shallower 5 0
aerst 1 0
legitimated 1 0
allowance 69 0
eisterstuecke 2 0
eitengaenge 1 0
wohlgewachsen 1 0
penitently 2 0
somnambulistic 1 0
aerte 8 0
oeffneten 2 0
entwickelten 6 0
ntilope 3 0
chwergedrueckte 1 0
waded 10 0
alamanca 14 0
confection 1 0
oezman 4 0
ntrobus 1 0
betwixt 41 0
salters 1 0
unruliness 1 0
erkuenstelter 1 0
irencester 1 0
croquet 1 0
incitements 2 0
andeutet 2 0
toffes 2 0
nightcap 6 0
sublevanda 1 0
toffen 2 0
andeuten 3 0
havock 1 0
tyin 1 0
lumenkranz 2 0
issuing 30 0
havocs 1 0
rectified 4 0
toffee 1 0
cement 16 0
copperish 1 0
ppelatio 1 0
censorship 5 0
fingered 4 0
tyle 1 0
auptgegenstaende 2 0
disparagements 1 0
huissier 1 0
relegate 1 0
erther 59 0
unglueckliche 27 0
coppering 1 0
ndoing 1 0
invading 18 0
edichtes 3 0
exclusiveness 1 0
spiders 4 0
gondoliers 1 0
onscientious 1 0
recess 29 0
edichten 5 0
freundlichste 12 0
landowner 1 0
arlekin 2 0
gruenet 1 0
gruener 5 0
olitesse 2 0
gruenes 4 0
grarian 2 0
unspeakeable 3 0
catapult 1 0
orsley 2 0
destitute 71 0
axaipon 1 0
recept 3 0
imilar 12 0
fowler 8 0
obweb 1 0
tyme 1 0
auctioned 1 0
fowles 20 0
zutraute 5 0
denjenigen 18 0
effervesce 2 0
omnibuses 2 0
dauern 19 0
bankrupt 21 0
dauert 10 0
hostly 1 0
courtiers 28 0
hostin 2 0
iyanoshita 1 0
hostia 1 0
respiration 7 0
santered 1 0
type 104 0
andelte 1 0
gesinnten 1 0
tottering 18 0
confidences 2 0
tuttgart 2 0
gruende 3 0
passest 7 0
strelagour 1 0
eorgian 2 0
passeth 9 0
swearing 18 0
veracity 22 0
geistigern 1 0
rabplaetzen 1 0
gruenem 2 0
hekontrakte 2 0
gruenen 22 0
begruendetes 1 0
schnippisch 1 0
rotestantischen 1 0
raurig 1 0
zwoelftausend 1 0
caprice 36 0
austina 3 0
atriae 1 0
operators 7 0
secessions 1 0
aracke 1 0
anley 8 0
ribulation 2 0
power 1987 0
chreckens 2 0
slamism 1 0
aerme 23 0
yielding 57 0
lincher 2 0
uenzsorte 1 0
trafen 7 0
eorgics 3 0
abzusprechen 1 0
harakteristische 2 0
collating 2 0
extraconscious 1 0
eutrality 4 0
redicted 1 0
passers 10 0
dress 406 0
hindrance 13 0
verschwaerzt 1 0
hostel 5 0
verschwaerzen 1 0
chwindelgeist 2 0
undoubtable 1 0
atrick 14 0
drest 3 0
overclean 1 0
caribou 1 0
dahingehen 1 0
welcoming 5 0
collation 8 0
hostes 1 0
dovetailed 1 0
abreissen 1 0
andelns 2 0
durchgegangen 2 0
aerge 2 0
raeumlich 1 0
estrictions 1 0
egulations 11 0
scrooch 3 0
chermerhorns 1 0
penseroso 2 0
umgekommenen 1 0
tyro 2 0
waden 1 0
essineser 1 0
recommendeth 1 0
gleanings 2 0
wader 1 0
snowdrop 5 0
anlag 1 0
orasmuch 2 0
eisterstuecks 1 0
aerie 16 0
herabsteigen 2 0
ifflin 15 0
pedastal 1 0
aerin 2 0
utrinkens 1 0
ligible 1 0
juedische 1 0
loftier 15 0
rauron 1 0
iscrimination 2 0
blaeulich 1 0
rongs 2 0
enlarg 1 0
preciously 1 0
flinker 1 0
omentilla 1 0
orellet 1 0
hiccup 2 0
odifikationen 1 0
proffer 13 0
orellen 2 0
answursts 1 0
nachzufolgen 1 0
rescuers 2 0
herauswagte 1 0
schossen 5 0
atrose 1 0
rancorous 3 0
nyielding 2 0
estoppers 1 0
dissoluteness 2 0
irundo 1 0
abominatioun 1 0
ohltun 2 0
omanheld 1 0
frills 7 0
aarnadel 1 0
esurrection 4 0
frilly 2 0
zeans 1 0
ronen 4 0
lendig 1 0
rones 1 0
litharge 3 0
ownals 1 0
eschenkte 1 0
labe 1 0
wenngleich 7 0
heather 6 0
heathen 42 0
efaellige 2 0
prevarication 1 0
allying 8 0
nverkoerperten 1 0
sugawa 10 0
emphatical 3 0
habendo 1 0
ertake 4 0
ellulose 1 0
anzumelden 2 0
ondillac 1 0
ronde 3 0
beilegte 5 0
ubtler 1 0
ownall 7 0
erfassung 25 0
belittered 2 0
epitome 5 0
correct 188 0
lade 7 0
panoramic 2 0
tifelius 2 0
ungebetenen 1 0
loughman 3 0
ungebetener 1 0
ingoism 1 0
ambition 150 0
enlarge 22 0
escheweth 2 0
lechten 1 0
murder 175 0
entlasst 1 0
hracians 4 0
lace 259 0
trengnas 1 0
ellner 8 0
lach 3 0
ertain 22 0
proximate 1 0
ildesheim 1 0
forgrowen 1 0
lack 306 0
pueblos 7 0
toast 14 0
flayed 8 0
wagte 22 0
labt 1 0
excusable 12 0
ingenuity 76 0
longitudinal 7 0
wranglings 3 0
shocking 53 0
crested 8 0
assignation 2 0
empted 1 0
laff 11 0
parterre 1 0
geneigter 6 0
flickers 1 0
geneigtes 1 0
laes 3 0
toats 1 0
geneigten 1 0
aeufe 3 0
bruck 1 0
empter 4 0
ronie 1 0
aeuft 2 0
avastroeme 1 0
olattoes 4 0
hereinkam 5 0
sugary 2 0
westlichen 1 0
laeg 2 0
clubroom 1 0
verwirren 13 0
tatullios 1 0
crofts 1 0
namesake 7 0
einhellige 1 0
lads 23 0
rkenntnissen 1 0
rtemidora 1 0
lady 996 0
nowlege 2 0
deliverly 1 0
shellotes 1 0
emptor 1 0
uatre 2 0
considered 681 0
lahm 3 0
raeusel 1 0
delivered 138 0
hamper 2 0
angriffe 1 0
beatable 1 0
helves 3 0
ushed 1 0
verwirrte 6 0
usher 11 0
lags 1 0
otaries 1 0
daredevil 1 0
ushel 6 0
deliverer 2 0
ushes 3 0
lage 12 0
fiber 5 0
taffeta 1 0
corruptors 1 0
dogtrot 2 0
omedies 4 0
laft 10 0
ronne 2 0
antiquary 6 0
iderwillen 20 0
renovation 1 0
geschmueckten 1 0
pubbliche 2 0
locomotion 5 0
tewardship 1 0
hristianising 1 0
elbstgespraech 7 0
hersagte 1 0
ypochonder 2 0
sibilant 3 0
atives 6 0
laiz 1 0
native 257 0
ompare 43 0
accordingly 334 0
laid 847 0
enchel 2 0
hereinwaelzte 1 0
alkirk 2 0
lain 151 0
chilliness 5 0
laim 28 0
lair 37 0
ploughboys 2 0
heugelb 1 0
otarien 1 0
ompass 6 0
ahrtausenden 2 0
iederkehren 2 0
euerchen 1 0
abominations 6 0
ituals 1 0
odenstein 1 0
hinwendeten 1 0
renovating 1 0
annst 17 0
gefurcht 1 0
eidenzeug 1 0
panoramas 2 0
albots 1 0
erarmen 1 0
annte 1 0
entzog 1 0
herzhaftesten 1 0
druthers 1 0
akritzensaft 1 0
egenliebe 3 0
ypocrite 9 0
ahrscheinlichkeiten 1 0
fuegsam 1 0
wuesstest 2 0
railings 2 0
annul 3 0
ypocrisy 4 0
annum 15 0
litteraire 1 0
votive 3 0
nachlaufen 1 0
turbans 2 0
lake 242 0
lank 12 0
lani 1 0
lano 2 0
ompany 248 0
thenmselves 1 0
defacing 2 0
blinkt 1 0
personate 5 0
abwechselt 2 0
erciful 3 0
lans 18 0
rauenpantoffeln 1 0
auswirft 1 0
blinks 1 0
ereignet 4 0
lant 5 0
panoply 1 0
eingesperrten 1 0
kloan 1 0
abwechseln 2 0
ereignen 2 0
nachmittags 3 0
catastrophe 28 0
pplauses 1 0
lanc 7 0
land 1569 0
lana 4 0
lunatics 1 0
orgiving 1 0
indiscretions 5 0
lang 169 0
hreule 1 0
lane 89 0
ollegium 12 0
ichterwerk 1 0
eheimen 2 0
lunatick 1 0
lamm 1 0
alking 9 0
foremost 49 0
lams 1 0
lamp 141 0
xpectations 20 0
sniggering 1 0
duestere 2 0
reimpositions 1 0
lamb 33 0
duesterm 1 0
eheimes 3 0
eheimer 3 0
duestern 8 0
extending 81 0
lame 61 0
lapp 5 0
laps 6 0
lapt 1 0
belustigen 7 0
pozen 1 0
drift 27 0
evolt 1 0
erntete 1 0
evolu 1 0
anzuklagen 1 0
pulsed 3 0
gunpowder 25 0
relapses 1 0
kalends 1 0
ohanniswuermer 1 0
drien 3 0
enderloin 2 0
induce 132 0
lanz 32 0
secularist 1 0
ymptomen 2 0
pulses 8 0
relapsed 8 0
winters 16 0
eremonie 2 0
asaltkeile 1 0
inducd 4 0
ootside 2 0
drier 6 0
dries 5 0
eposits 1 0
larm 5 0
ohltat 12 0
larn 4 0
mither 8 0
hineingesprungen 1 0
lary 1 0
bethought 17 0
aarwuchse 1 0
lard 3 0
lara 13 0
tiltings 1 0
lare 34 0
lark 27 0
limits 114 0
pfluegen 2 0
eprisals 1 0
awing 1 0
erschwendungen 1 0
indolently 1 0
xaltation 1 0
fanatics 8 0
gaoler 9 0
proportionierte 1 0
outhful 2 0
plages 1 0
plaget 1 0
bjector 2 0
trohhalm 1 0
lembikes 1 0
plagen 3 0
olcano 14 0
iscount 6 0
erleuchteten 8 0
evoke 1 0
ullfrog 1 0
mlauf 3 0
lato 159 0
nfeuchtung 1 0
lats 2 0
ngnad 2 0
waged 17 0
latt 98 0
latz 185 0
voting 52 0
accounting 17 0
lynch 2 0
sonstige 4 0
lata 2 0
nunnery 3 0
late 740 0
locomotive 7 0
laettersammlungen 1 0
lati 1 0
lath 5 0
hinzuzutun 1 0
agnanimous 2 0
ompact 6 0
anona 1 0
brush 47 0
purgatives 1 0
last 3177 0
lass 173 0
bandoned 2 0
pedestals 6 0
anons 4 0
bloodless 8 0
darniederlag 2 0
lase 19 0
mploymtts 1 0
lash 60 0
voraussagen 1 0
carbuncle 5 0
umhergelegt 1 0
lasl 3 0
drian 51 0
parteisuechtigen 1 0
foerderlich 2 0
toads 7 0
hinauskam 1 0
azaillac 5 0
brute 80 0
dried 148 0
arjbry 1 0
demuetigte 2 0
lava 36 0
rabians 3 0
awaking 12 0
bescheide 1 0
nsuchen 1 0
genres 1 0
lave 46 0
sturdiest 1 0
evangelised 1 0
laus 2 0
verkannt 3 0
unghill 2 0
laut 49 0
psychism 2 0
baccy 2 0
laux 1 0
pantomimic 2 0
laub 6 0
wager 17 0
wages 434 0
iscours 1 0
lauf 1 0
laud 9 0
waget 1 0
laue 2 0
wagen 38 0
indued 8 0
laum 2 0
brung 10 0
entzueckten 4 0
unprepossessing 5 0
entzuecktem 1 0
vorzutragen 6 0
unchaining 1 0
rotomachus 1 0
beziehen 6 0
zugemischten 1 0
gesendete 1 0
hersagen 1 0
maechtiger 9 0
befoul 1 0
iteously 1 0
maechtigen 24 0
brumm 1 0
zounds 1 0
ongchamp 1 0
sugaru 5 0
having 2106 0
laws 761 0
sugars 11 0
streichl 1 0
brunt 2 0
lawe 5 0
streicht 1 0
erschlaege 1 0
achbildungen 5 0
lawn 108 0
ermorden 7 0
wagst 1 0
lazy 34 0
unflinching 5 0
driae 1 0
romartie 1 0
confirmed 81 0
valuables 2 0
personage 39 0
ristocratick 1 0
euerstroms 1 0
paulatim 1 0
ermordet 5 0
orkommen 1 0
grasping 24 0
chah 2 0
icking 6 0
chaf 3 0
aeuse 7 0
aflood 1 0
ickins 1 0
beforn 27 0
awanting 2 0
brupt 1 0
laye 1 0
chaw 7 0
chat 20 0
chau 29 0
char 18 0
steckenliess 1 0
chap 62 0
lays 55 0
chal 2 0
cham 11 0
anfuehlen 1 0
before 4921 0
perspire 3 0
bruit 2 0
sinecures 1 0
aeule 13 0
bruin 5 0
peerages 1 0
temptations 27 0
beguine 1 0
bescheint 2 0
ofmann 5 0
hinsetzten 1 0
anoes 4 0
ernsteren 2 0
grandfather 145 0
woodwork 7 0
bescheine 1 0
ueberdeckt 7 0
erhuetung 2 0
chch 1 0
exclamations 19 0
erblitzenden 1 0
nnehmlichkeiten 9 0
instinctively 33 0
aeume 70 0
meannesses 3 0
oktor 15 0
debilitate 1 0
orgaengers 1 0
fibre 19 0
orgaengern 2 0
ronan 1 0
wagon 78 0
astarting 1 0
atisfaction 90 0
aeune 1 0
hocylides 2 0
ausgeleert 1 0
beguile 13 0
schaelten 1 0
lender 18 0
befool 3 0
lendes 7 0
nterpreter 7 0
ertaken 1 0
habituates 2 0
fuehlten 25 0
lenden 4 0
stripling 5 0
winkles 1 0
belustigte 3 0
igault 1 0
entweichen 2 0
wegzuspazieren 1 0
restore 101 0
habituated 7 0
restord 1 0
chef 3 0
nearness 8 0
sheeting 1 0
emued 1 0
xempt 1 0
chez 1 0
luckless 9 0
biographer 15 0
vagabonds 4 0
emuel 4 0
chew 9 0
cheu 4 0
cher 1 0
recked 6 0
emuet 84 0
asente 2 0
ausfuehrlichen 4 0
reckin 3 0
romer 1 0
onarchical 1 0
ontanabbi 1 0
horgesang 1 0
heruntersteigt 1 0
manslaughter 2 0
lban 2 0
pithily 1 0
demuetiger 4 0
scheidend 3 0
ausfuehrlicher 3 0
irregularly 10 0
lbas 7 0
admirari 1 0
ausfuehrliches 3 0
buttery 1 0
blusterer 2 0
nschuldigen 5 0
bataille 6 0
blustered 2 0
frischer 8 0
frisches 6 0
demuetigen 3 0
frischen 21 0
freuten 16 0
cartilages 1 0
distort 1 0
freutet 1 0
frischem 7 0
arenberg 1 0
heruntersteige 1 0
vernehme 1 0
annah 6 0
hyperbolical 3 0
adhaeuschen 1 0
erasures 1 0
anderin 1 0
vanity 134 0
annae 2 0
lymph 2 0
underclothing 2 0
artenfruechte 2 0
annas 5 0
fallacy 14 0
herauskam 2 0
yphoene 1 0
chip 17 0
chin 61 0
chil 1 0
chim 6 0
aetig 2 0
esellschaftshandel 1 0
dragged 156 0
yatehay 1 0
chid 5 0
vulture 21 0
answer 905 0
erfuellten 3 0
chit 3 0
aarzopf 1 0
cockcrow 1 0
iusti 1 0
aetas 1 0
aetat 1 0
magnificently 11 0
onongahela 1 0
dimus 1 0
lgierern 1 0
fallait 1 0
totalling 2 0
vanish 32 0
shallowness 2 0
cruples 4 0
ornithology 3 0
lucratively 1 0
bestuerzter 1 0
reckon 209 0
ewohnheiten 4 0
andered 1 0
herumkrabbelten 1 0
averages 3 0
flaxen 9 0
sceptres 2 0
unggesellen 2 0
anderem 3 0
unexamined 1 0
anderen 31 0
anderes 34 0
anderer 95 0
angrene 1 0
averaged 8 0
brazenly 1 0
roposals 9 0
wafts 1 0
leistiftzuegen 1 0
ngebetete 1 0
chmeicheln 3 0
erankommenden 1 0
reckly 3 0
arefully 2 0
rodomontade 1 0
although 791 0
aeter 20 0
aeten 5 0
hamock 1 0
swoone 1 0
artifice 17 0
bemaechtigte 11 0
otanus 1 0
aendespiel 1 0
romme 1 0
indult 1 0
indulg 2 0
yrrhus 8 0
fabricating 1 0
reizendere 1 0
portieres 1 0
chow 2 0
ownfall 1 0
fabrication 4 0
chop 18 0
ambuscade 1 0
chon 93 0
auberern 2 0
chol 1 0
gleefully 4 0
aechzenden 1 0
verphantasieren 1 0
baain 2 0
hinausgelaufen 1 0
rleuchtungen 1 0
wether 2 0
facings 4 0
raders 15 0
aximilians 3 0
lencon 3 0
degenerated 18 0
auptstellen 1 0
treitenden 3 0
degenerates 2 0
chse 2 0
eingeleitetes 1 0
uhebett 5 0
interpenetrated 1 0
raeuter 6 0
aimenting 1 0
auskratzen 2 0
aetan 1 0
arkusplatzes 1 0
chrb 1 0
yrman 1 0
piscopal 10 0
trefflichste 3 0
roverbs 7 0
verletze 2 0
piscopat 1 0
gunwale 5 0
expertly 1 0
chul 1 0
chum 4 0
midriff 1 0
abschuetteln 1 0
chuh 7 0
eizing 3 0
verletzt 14 0
erheischet 1 0
uebersetzte 2 0
chub 1 0
stomick 1 0
ooseveltianus 1 0
lordship 119 0
rangerie 1 0
dimly 25 0
rompt 1 0
indiscreetly 2 0
chte 6 0
ellermeisters 2 0
gebotenes 1 0
totschlagen 3 0
arcklay 1 0
arrested 89 0
eschaeftsauftrag 1 0
transgression 10 0
einfachern 1 0
hamois 1 0
soundest 7 0
reckte 1 0
chuldigkeit 13 0
rosenwangichte 1 0
vorzogen 1 0
istoriographer 1 0
anderne 1 0
apsttum 1 0
einfachere 1 0
transgressing 1 0
lbon 1 0
chur 2 0
lbow 2 0
rgebenheit 3 0
fuegten 1 0
yrinus 1 0
dejeuner 1 0
mullein 2 0
rejoinders 1 0
titillates 1 0
hinterlassnen 2 0
abzuschliessen 7 0
relent 3 0
badmashi 1 0
existences 7 0
schwerloetigen 1 0
annoy 16 0
arrisonians 5 0
profess 60 0
bizzy 2 0
dinky 1 0
distruckshun 1 0
binnen 5 0
babby 1 0
annon 66 0
roystering 1 0
annot 10 0
chyn 1 0
misstep 2 0
azzininanda 1 0
beilegen 1 0
lbanien 2 0
arriages 24 0
heimatlicher 1 0
traitors 8 0
eschenken 4 0
bhange 2 0
wafer 3 0
mespilus 1 0
pawnbroker 1 0
outhern 96 0
ersunken 1 0
unweary 1 0
deliberation 45 0
dinna 17 0
nuechtern 3 0
sublimiert 1 0
babes 11 0
intervening 20 0
traitour 1 0
achahmungen 1 0
onserves 1 0
frostig 2 0
saddlle 1 0
gebaerdete 1 0
hineinzieht 1 0
babel 1 0
invite 56 0
voraussahen 1 0
aetze 2 0
roject 1736 0
aspiring 14 0
daydream 3 0
umasunst 1 0
katholisch 2 0
dingy 10 0
nsinnen 2 0
mitgab 2 0
otanik 1 0
bumptious 2 0
curtailing 3 0
deliberating 9 0
otanic 5 0
ompliance 10 0
seceding 1 0
laetterenden 1 0
laxatife 1 0
krampfigen 1 0
pinions 48 0
gemuenzt 2 0
revealing 25 0
tidifes 1 0
llworthy 1 0
bermuetigen 1 0
saddles 30 0
lbanian 2 0
umutungen 1 0
weggibt 1 0
lustig 68 0
vanellus 1 0
gatherest 2 0
erhaltet 3 0
gehaltigen 1 0
befindlichen 2 0
eekrankheit 5 0
zurueckhaben 1 0
aette 33 0
sheiks 3 0
itzwhiggin 3 0
detect 70 0
erhalten 184 0
gebaerdend 1 0
uarta 1 0
eichtglaeubigkeit 2 0
onthly 7 0
usbrechen 1 0
gathereth 1 0
arebell 1 0
unactive 4 0
gereinigt 6 0
motionlessly 1 0
dinin 1 0
leidenschaftlich 9 0
staging 3 0
blinds 14 0
gatherers 8 0
frostes 2 0
ahrscheinlich 16 0
flegekindes 1 0
sulphur 14 0
aetus 3 0
unbeschreiblichen 9 0
unbeschreiblicher 2 0
blinde 11 0
frosted 7 0
nbusied 1 0
bewirtschaftete 1 0
nichtswuerdigen 1 0
uarto 1 0
verschiedene 58 0
diffused 34 0
aetna 8 0
lymer 2 0
atheistical 5 0
aschengeld 2 0
grimalkin 1 0
vagance 1 0
leanthes 3 0
diffuses 4 0
slavery 575 0
hoertet 1 0
erechten 2 0
lubber 1 0
slavers 2 0
hoerten 16 0
stipulations 7 0
schamrot 1 0
blameable 6 0
unpreparedness 1 0
vordern 3 0
atrols 1 0
outheys 1 0
awhap 1 0
randfather 6 0
pilgrimages 9 0
vordere 4 0
hoechstwahrscheinlich 2 0
annie 94 0
hineintun 1 0
cian 1 0
esitzerin 1 0
unstgeschichte 4 0
ehrenvolle 2 0
hazarding 6 0
tadtsandgrube 1 0
diner 1 0
dines 1 0
inmost 16 0
disarrayed 1 0
edenklichkeit 5 0
cide 2 0
admirals 4 0
roclamations 2 0
daherstuermende 1 0
hittin 2 0
rimalkin 1 0
wohnhaft 1 0
herangesprengt 1 0
hilologica 1 0
rachtreihe 1 0
bietet 11 0
dined 55 0
otarius 3 0
unsupportedly 1 0
atrons 4 0
bieten 10 0
iebden 1 0
ustings 2 0
fiars 4 0
ehlschluss 2 0
rojekt 50 0
untergraben 6 0
atrone 1 0
hamnus 2 0
ecstatically 1 0
inflection 6 0
herausfuhren 1 0
appetitlichste 1 0
roman 1 0
ascribd 2 0
ascribe 41 0
idaka 1 0
nbefriedigende 1 0
uarze 2 0
draggle 1 0
ppellation 3 0
coteau 1 0
stoutest 6 0
lpharetta 2 0
nachsehen 4 0
segregation 2 0
etherick 4 0
lustre 22 0
riters 31 0
centaur 1 0
fahmin 3 0
candelabra 4 0
widerschallt 1 0
getauscht 1 0
emter 1 0
abscheulichsten 1 0
cretonne 3 0
schelmischer 1 0
elkirks 2 0
anner 161 0
annes 81 0
uantitaet 1 0
erhassteste 1 0
bestaetigt 5 0
ischiefe 2 0
wegtragen 1 0
schelmischen 1 0
olkensaeumen 1 0
bemaechtigen 9 0
bemaechtiget 2 0
inwohner 15 0
annet 2 0
discriminate 7 0
ischiefs 9 0
riteth 1 0
befleckte 1 0
annex 10 0
niepschen 1 0
riegsschiffes 1 0
vielgefaltet 1 0
amphylia 1 0
draggin 1 0
recordation 1 0
lampoons 2 0
etherial 4 0
riegsschiffen 1 0
worthless 76 0
bemeistert 3 0
kuggs 1 0
bemeistern 7 0
honeysuckles 1 0
aldrand 2 0
masterhood 1 0
esetzlichkeit 1 0
uomini 1 0
weggehn 1 0
unterscheidend 1 0
angeflogen 2 0
ierformen 1 0
weggehe 2 0
countenanced 8 0
iddle 101 0
potation 1 0
aeulenlauben 1 0
deters 2 0
nachklaenge 1 0
unsatisfactory 12 0
ebergepackten 1 0
tentacles 2 0
nyder 23 0
reddening 4 0
giggled 3 0
enduring 28 0
keelson 1 0
interpolating 1 0
fortschaffen 1 0
pielzeug 1 0
verhoert 3 0
darunter 26 0
rojans 12 0
giggles 1 0
idolum 1 0
eumarkt 1 0
lypse 1 0
smilingly 9 0
regnete 1 0
alvesie 1 0
xtracts 14 0
relays 5 0
lutwurzel 1 0
exchanging 19 0
hristiania 1 0
ohengrin 1 0
ewaffneten 3 0
ngarep 1 0
ussehen 6 0
vorbeitrug 1 0
isitation 4 0
rophe 1 0
schwaechste 1 0
ogmengeschichte 3 0
unabhaengig 9 0
weggeht 1 0
granatfoermig 1 0
enesaechmus 1 0
budenreichen 1 0
nspector 5 0
vulkanisierenden 1 0
wegtraegt 1 0
cinq 1 0
cino 1 0
auerwerk 4 0
laxative 1 0
vorziehen 2 0
discoursing 7 0
uaquers 1 0
intuition 23 0
hilologiae 1 0
lueckseligkeiten 5 0
grosstuende 1 0
wohlgewaehlte 1 0
nachgefolgt 1 0
repairin 2 0
badst 1 0
ngemach 2 0
ulenspiegelspossen 1 0
wallflower 1 0
truebsinnigen 1 0
entbrechen 3 0
pulence 2 0
lcis 1 0
grandeur 62 0
pestles 3 0
surveillance 10 0
penciled 2 0
idder 5 0
abstention 1 0
iddes 1 0
ingergliedern 1 0
cios 1 0
idden 2 0
anwendeten 1 0
iddey 1 0
foregather 1 0
unschuldige 11 0
steadfast 43 0
interpolation 4 0
iedestal 6 0
nathema 1 0
drinnen 2 0
joyless 2 0
detest 24 0
ravitation 1 0
edraeng 3 0
imcrack 3 0
precedimig 1 0
toddy 7 0
chutzgeist 4 0
schwaerzlichen 1 0
auszuerzaehlen 1 0
erwilligung 1 0
baggar 5 0
befriedigst 1 0
anfaenglichen 1 0
lcky 4 0
centers 8 0
grandest 11 0
debris 14 0
priestesses 4 0
semitone 1 0
summonses 1 0
vernichtet 8 0
todes 2 0
befriedigte 4 0
luster 13 0
attainder 1 0
nothing 2789 0
lustes 5 0
entblaettert 3 0
repaired 48 0
nerforschlichen 1 0
woodman 3 0
mobocrats 1 0
nerforschliches 1 0
repairer 1 0
circ 1 0
productiveness 1 0
benebelt 1 0
forthin 1 0
anywise 3 0
generously 35 0
locher 2 0
city 773 0
ennington 5 0
cito 1 0
drinkables 2 0
ocratischen 2 0
ospitable 3 0
flutende 1 0
saddled 12 0
vernichten 15 0
ilderlust 1 0
ontretanz 2 0
luesschen 3 0
interessanten 12 0
ixteen 9 0
cite 11 0
interessanter 7 0
promoviert 1 0
grasbewachsenen 1 0
interessantes 2 0
despising 12 0
ouevre 1 0
ontium 1 0
hristianos 1 0
hristianon 1 0
teamboat 3 0
hartebeest 2 0
unguents 3 0
whisperingly 1 0
aokoons 1 0
otsdam 10 0
lcon 1 0
lbania 1 0
fidem 1 0
fidei 1 0
rodigal 2 0
oeglichste 2 0
panorama 11 0
nakeres 1 0
civa 1 0
badly 77 0
unperceived 9 0
forther 1 0
rechne 2 0
squeamishly 2 0
flagged 3 0
today 70 0
hristianly 1 0
diktierte 2 0
erwrought 1 0
intervenire 1 0
deliberately 70 0
beleidigt 17 0
intuitive 9 0
farrgasse 1 0
icyonian 1 0
oeckchen 3 0
tricolor 1 0
heraufholte 1 0
rautkleide 1 0
complaintes 1 0
rechte 52 0
rechts 34 0
demonstrations 33 0
durchzudenken 2 0
jocularity 1 0
pailful 2 0
asende 1 0
heaters 11 0
rovandosi 1 0
gegenwaertig 78 0
gentle 314 0
wails 4 0
heatern 2 0
ortigern 2 0
habergeon 3 0
using 231 0
waile 2 0
slammed 5 0
tocks 4 0
spuert 3 0
wholesomer 1 0
eingefunden 2 0
ridegroom 1 0
tocke 2 0
gently 147 0
erleuchten 2 0
telescope 17 0
erleuchtet 24 0
unaccounted 2 0
spuere 2 0
aufzurichten 3 0
smokeless 1 0
moonless 4 0
whiffing 1 0
erheiratete 1 0
dorers 2 0
vulcano 1 0
belieben 1 0
elsenecke 1 0
eltkoerper 1 0
utrageous 2 0
monenda 1 0
cavities 20 0
recognisance 1 0
dleres 1 0
ueppchen 1 0
waine 1 0
abrogated 3 0
ungarian 7 0
zerbrechen 1 0
fulsome 7 0
orsook 2 0
mistruste 1 0
festooned 6 0
subegeris 1 0
verlerne 1 0
bitingly 1 0
bagges 3 0
angelangt 19 0
tundenzahl 1 0
verlernt 2 0
askenkleidungen 1 0
extortions 2 0
abgeschmackt 8 0
knives 50 0
sanguine 35 0
unfitness 3 0
telephone 19 0
yrold 1 0
restaurierten 2 0
erquisite 3 0
ellows 20 0
cythian 10 0
abstain 25 0
indsay 4 0
invigorated 2 0
gentis 1 0
invigorates 5 0
plaint 7 0
onsequently 19 0
seames 1 0
iessen 1 0
plains 69 0
aufzuwehen 1 0
ermanicae 1 0
riegern 2 0
roosters 2 0
seamen 15 0
riegers 1 0
mitternaechtigen 1 0
trieben 10 0
lusses 17 0
plaine 1 0
owndes 5 0
hapters 1 0
seamed 4 0
verhalten 11 0
deinetwegen 1 0
aymann 1 0
achter 1 0
anquo 1 0
schichti 2 0
achtes 1 0
scuppernong 1 0
achtet 3 0
erueste 24 0
bagged 12 0
achten 24 0
angstreit 1 0
erkins 3 0
taatsverwaltung 1 0
crocus 5 0
ruffler 1 0
ruffles 5 0
arrestor 1 0
ruffled 17 0
erstande 14 0
squealing 4 0
olfactory 1 0
rauung 4 0
waits 14 0
untryed 1 0
unteilbar 1 0
waite 4 0
roposal 19 0
glattes 1 0
glatter 2 0
averments 1 0
rooklyn 4 0
legislators 17 0
waist 81 0
encius 3 0
woodlot 1 0
glatten 6 0
moisten 4 0
vindicate 28 0
hristianae 2 0
ultrafashionable 1 0
ginseng 1 0
supersedes 1 0
seaman 6 0
ottager 1 0
erbost 1 0
criminals 23 0
plateau 78 0
awkie 3 0
erstands 1 0
hinkriechen 1 0
nzaehliche 1 0
gracefulness 4 0
vapourings 1 0
befriedigen 41 0
befriediget 2 0
clement 2 0
rrevocable 1 0
possums 1 0
andwerk 17 0
waive 7 0
ezembers 1 0
ingschwan 1 0
anssen 8 0
superseded 12 0
recian 32 0
erordnung 2 0
fieldes 6 0
muntrer 3 0
liquidis 1 0
einzudraengen 1 0
speeche 3 0
aurinius 1 0
fliesst 16 0
mpfang 11 0
plaids 1 0
tapfersten 2 0
roposed 14 0
fliesse 1 0
ontied 1 0
gigglin 1 0
ropfe 1 0
bsaetze 1 0
assachutensis 1 0
unlenksam 1 0
roper 10 0
ropes 62 0
cryptomeria 36 0
miteth 1 0
beschneit 1 0
gruehrt 1 0
ropen 3 0
solicitation 11 0
roped 5 0
armrest 1 0
translators 4 0
otpie 1 0
naturalization 8 0
doubleness 7 0
rookman 1 0
arlandes 1 0
beilege 1 0
plaies 1 0
silvering 3 0
weggefahren 3 0
uebereintreffende 1 0
nsurances 1 0
condoling 2 0
ontiff 4 0
unermesslichen 2 0
arentiner 1 0
countenances 11 0
etticoats 3 0
unermesslicher 2 0
uerists 2 0
ebendenselben 2 0
befreiten 3 0
fetless 1 0
plague 38 0
egacies 1 0
plagud 1 0
aufgehabenen 1 0
reconquering 1 0
tuecks 29 0
lder 7 0
nvasion 9 0
islikes 1 0
geschraenkt 1 0
saeuberlich 1 0
artengewoelbe 4 0
econciliating 1 0
tragenden 1 0
plagte 1 0
crucifix 7 0
tragendes 1 0
subverter 1 0
wegzubaden 1 0
carbonic 8 0
subverted 10 0
drive 241 0
indsor 25 0
nselstadt 1 0
traits 13 0
hinschlendern 1 0
verspielst 1 0
arianen 35 0
otoke 2 0
philosophischen 1 0
inhibited 2 0
zurueckgeschreckt 1 0
queendom 1 0
untergraebt 2 0
vomited 2 0
roofs 99 0
vorzoege 1 0
arryat 1 0
traite 1 0
foundlings 1 0
vormals 4 0
crocke 1 0
vormalt 1 0
heranzukommen 2 0
lceste 6 0
plaguy 2 0
scrubbing 1 0
sublieutenant 1 0
geschmaeht 1 0
rooms 182 0
roomy 7 0
lsogleich 1 0
roomn 1 0
inciting 3 0
yieldest 1 0
unbegrenzt 3 0
umstaendliche 6 0
emueten 1 0
ceive 4 0
einspanna 1 0
tickleness 1 0
emuetes 5 0
emueter 28 0
presumptuosas 1 0
aufgetanen 1 0
lunging 1 0
benefices 53 0
mmodesty 1 0
ohlbestellt 1 0
genossenen 2 0
rfurt 13 0
herausbildete 1 0
beneficed 2 0
hinauffuehrten 1 0
rooks 2 0
eingefuehrt 13 0
ficht 1 0
immelslehr 1 0
retrieving 2 0
candid 35 0
geschickt 62 0
waterfalls 11 0
ccuracy 4 0
proponat 1 0
ssume 1 0
loestern 1 0
gefalle 3 0
ngots 1 0
tuecke 92 0
esterday 55 0
appraise 2 0
iebenter 1 0
iebentes 14 0
plunderings 3 0
rworbene 1 0
eingeschraenkt 14 0
eistermaerchen 1 0
oldwaage 1 0
candor 14 0
iester 1 0
passvoegel 1 0
trafgericht 1 0
influencing 10 0
nachzuaeffen 1 0
shudders 4 0
stealthily 13 0
dring 1 0
erspektiv 6 0
leveling 3 0
tehlen 1 0
youngster 15 0
unverhofft 1 0
drink 409 0
roops 133 0
kyarkiss 1 0
flotation 2 0
recommending 22 0
ungereimten 1 0
phrodisius 2 0
ccomplished 2 0
crocca 1 0
tournament 5 0
ontriver 1 0
obinson 20 0
otosi 8 0
inflammation 15 0
waifs 1 0
herubim 2 0
edners 5 0
gripped 11 0
angebildeten 1 0
ednern 2 0
icherheit 54 0
onvention 96 0
kleinfuegigen 1 0
fices 1 0
onschiefer 3 0
untiatur 1 0
hoffnungsvollsten 1 0
ldon 2 0
abitation 3 0
drips 1 0
willingness 28 0
egenwolken 1 0
ictate 1 0
bacon 27 0
unveryingly 1 0
zurueckliessen 2 0
ausgeraeumigkeit 1 0
candle 97 0
waies 1 0
vertures 3 0
ssure 2 0
eingehuellte 1 0
beliebte 4 0
surfing 1 0
saviour 8 0
precepts 36 0
astronomically 1 0
beschlagene 2 0
conventionalised 1 0
scramble 28 0
download 57 0
dirtiness 5 0
uphues 1 0
usick 6 0
uendhaftigkeit 3 0
disruption 1 0
ukeheh 3 0
oologist 2 0
roots 128 0
rambles 7 0
indefinable 13 0
rambler 3 0
madest 4 0
kaputt 1 0
roote 1 0
rwerbsquellen 1 0
ressicla 1 0
rambled 16 0
uietus 2 0
pinings 1 0
indefinably 2 0
recipe 5 0
roost 12 0
afloat 16 0
backd 2 0
kundtaete 1 0
dabeistand 3 0
drily 6 0
harmoniously 11 0
roose 2 0
missfallen 4 0
bestimmst 1 0
outcasts 7 0
drill 20 0
corollary 3 0
editions 101 0
bestimmte 18 0
madeus 5 0
ounoma 1 0
unperverted 1 0
ekelhaften 3 0
iscords 3 0
hartnaeckigsten 1 0
worthwhile 1 0
backs 83 0
transparenten 1 0
orgiveth 1 0
zusammengestelltes 1 0
idonis 1 0
trostlose 1 0
unexclusiveness 1 0
accomplishments 30 0
strengthen 62 0
elbsttaetigkeit 4 0
faltering 8 0
ochzeit 13 0
strengthes 1 0
altruistic 2 0
appreciates 4 0
ldus 3 0
vorbereiteten 2 0
atisfy 1 0
amentation 1 0
idonia 4 0
badge 13 0
edichtchen 1 0
appreciated 30 0
lubroom 1 0
constructions 7 0
rachterscheinen 1 0
pencilled 2 0
randsire 1 0
recite 11 0
woodlands 4 0
ronus 3 0
verdraengen 5 0
mannigfaltigsten 6 0
masheen 1 0
frinan 1 0
herbivorous 1 0
herumgestreift 1 0
situations 45 0
erneinen 1 0
tirewomen 1 0
eingedenk 2 0
utkoepfe 1 0
expeditious 5 0
fauenfedern 1 0
ronte 3 0
abgeloest 1 0
marquisses 1 0
inistress 3 0
okugo 5 0
amonge 1 0
eleidigendes 1 0
fantastiques 1 0
ntiquitaeten 3 0
rasenden 5 0
grandees 8 0
rasender 1 0
swearers 2 0
toben 3 0
dismal 59 0
ickham 194 0
formations 8 0
dismay 32 0
unterziehen 1 0
cassowaries 1 0
uckererbsen 1 0
arroquin 1 0
ronze 4 0
heraufgetreten 1 0
recreated 2 0
austere 25 0
badde 1 0
mingles 11 0
ausgearbeitet 4 0
mingled 135 0
eadquarters 3 0
ebreiten 1 0
fonnes 1 0
ccurate 1 0
apathy 21 0
iffidence 2 0
amenreife 1 0
mitnehme 3 0
twiddled 2 0
raenenguss 1 0
ucentaure 1 0
abtragen 3 0
sweareth 1 0
lcetas 1 0
jarred 9 0
baden 5 0
easeth 1 0
omoiousians 2 0
fringe 47 0
ompnours 1 0
ssues 1 0
angewoehnt 7 0
esopus 1 0
auberges 1 0
tschfluss 1 0
bussfertig 1 0
elbowed 2 0
ugwump 1 0
herausgebracht 1 0
sprouts 4 0
between 2578 0
allerdings 12 0
comprehendeth 1 0
overhead 50 0
vaterund 1 0
verharrten 2 0
wahre 61 0
ermanicum 3 0
niederschlagn 1 0
oncupiscence 1 0
zaehlet 1 0
revorst 2 0
rossmut 7 0
zaehlen 13 0
ccusation 6 0
giterning 1 0
cker 13 0
orbedeutung 3 0
cken 18 0
unertraegliche 2 0
stickiness 1 0
astmahls 2 0
ympathy 4 0
irceburgenis 1 0
amonen 1 0
lebe 42 0
overhear 5 0
leak 9 0
rinnerungen 28 0
lean 92 0
astmahle 2 0
lear 39 0
leas 12 0
leap 67 0
seance 29 0
ladyhood 1 0
leav 2 0
verbotenes 1 0
verbotenen 3 0
leaf 144 0
speeded 2 0
zusammengezogen 2 0
intrusions 2 0
lead 376 0
tobte 4 0
elegance 40 0
ersticken 10 0
usikfreunden 1 0
arfenklang 1 0
gunning 1 0
kuenstlerisch 1 0
passage 299 0
raisingly 1 0
wahoo 5 0
nterschleifs 1 0
verfallenen 6 0
verything 57 0
ohlweg 3 0
samovar 1 0
leck 5 0
knocking 26 0
describing 71 0
lect 1 0
ittwoch 10 0
furious 70 0
roode 1 0
erarmte 1 0
abzuwenden 4 0
conomists 2 0
dismis 1 0
lech 1 0
anster 1 0
hilogenet 23 0
anstes 1 0
altars 38 0
lebs 1 0
lanzes 4 0
lebt 74 0
mutinous 6 0
sesame 2 0
ansteh 1 0
fatalists 2 0
candal 11 0
egotists 1 0
unbewaffneten 1 0
musicians 14 0
lefe 21 0
verlesen 1 0
irnbaum 4 0
comprehendest 1 0
leer 52 0
lees 9 0
leep 29 0
leet 57 0
econciliation 16 0
storehouses 1 0
immunities 4 0
manufacturers 148 0
bedauert 9 0
verheerend 1 0
leed 1 0
furring 2 0
leek 8 0
arrisburgh 1 0
ollegien 1 0
agstaff 2 0
ngold 2 0
accompli 2 0
corresponding 62 0
ngola 4 0
bedauern 15 0
abstammte 2 0
doorkeeper 4 0
vorliest 1 0
herunterlasse 1 0
autobiographies 1 0
dignely 1 0
periekhousa 1 0
unsexed 1 0
wiederhergestellten 1 0
hamlet 20 0
otaren 1 0
fifty 547 0
kegami 1 0
rosary 2 0
impeachd 2 0
owners 78 0
urynome 1 0
legt 32 0
owness 1 0
legs 241 0
rosart 1 0
customs 184 0
legy 15 0
amfili 2 0
crozier 1 0
lege 13 0
erbirg 1 0
gefalteten 2 0
reenter 2 0
arroll 1 0
uerkungen 16 0
rudimental 1 0
irritable 20 0
ohoualea 1 0
left 2150 0
yracus 3 0
olycletus 1 0
reclines 1 0
wirbeln 1 0
apparail 4 0
chnupftuechern 1 0
catapulta 2 0
rithee 2 0
reclined 5 0
leis 12 0
leit 1 0
irritably 10 0
catapults 1 0
wegraesonieren 1 0
dismounts 1 0
hinkritzle 1 0
ssagioli 1 0
leib 9 0
gestuft 1 0
provocative 2 0
freundliche 15 0
bezeichnen 18 0
enkindling 2 0
leid 46 0
leih 1 0
cassocks 2 0
cataloguers 6 0
lein 25 0
woebegone 8 0
bezeichnet 22 0
ramble 8 0
vernachlaessigten 2 0
aufgewaelzt 1 0
fesselte 8 0
fifth 133 0
owneth 2 0
ellius 3 0
repayments 10 0
klaget 1 0
pharynx 9 0
ansen 65 0
klagen 11 0
econdary 1 0
disap 2 0
provocation 21 0
unverhaeltnismaessiger 1 0
anderwaerts 4 0
pavements 13 0
hochgeboren 1 0
erwarteten 7 0
diseas 4 0
nestle 2 0
assfurt 1 0
sympathetische 2 0
estering 1 0
breathings 5 0
travertinaehnlichen 1 0
coarsest 8 0
bschweifung 5 0
usloesung 1 0
lene 2 0
tooken 1 0
geangelt 1 0
heulen 1 0
opyrighted 5 0
despotical 3 0
unsichtbarer 5 0
unsichtbares 1 0
euigkeit 1 0
ullundur 2 0
discs 5 0
lens 5 0
lent 77 0
sworen 4 0
willeth 4 0
beschraenkteste 2 0
ratitude 25 0
vierzigsten 1 0
shivering 14 0
whatter 1 0
lend 137 0
upports 1 0
oochland 1 0
worser 2 0
citation 2 0
swords 36 0
xchange 48 0
rapiatur 2 0
erzerolen 2 0
aechterssohn 1 0
ortechaise 1 0
sworde 1 0
treusten 3 0
egierungsform 1 0
thunderhead 1 0
unsichtbaren 17 0
ompanion 15 0
rainiest 2 0
ausmittel 1 0
ansac 1 0
walke 3 0
ansah 31 0
wreaker 1 0
pioneer 21 0
tugendhafteste 1 0
unschaedlich 3 0
ollendungspunkt 2 0
roeschen 2 0
zaumloser 1 0
ansas 35 0
zaumlosen 1 0
lepe 1 0
deadweight 1 0
unconnected 10 0
odorous 4 0
ambyses 2 0
distant 452 0
aendeklatschen 8 0
hindmost 5 0
leon 4 0
ompanies 23 0
custody 16 0
arrots 1 0
hakespeare 44 0
potheker 12 0
binary 65 0
mpossibilities 1 0
legislatures 7 0
lerk 45 0
ntaetigkeit 8 0
zujagte 1 0
lern 1 0
desarts 1 0
klagte 7 0
lifework 1 0
wallt 3 0
walls 434 0
genoetiget 12 0
discourages 15 0
klagst 4 0
lere 2 0
vorhergesehenen 1 0
walle 1 0
walten 11 0
lainman 2 0
erbrachen 1 0
dismounting 7 0
remedying 4 0
discouraged 50 0
heruntergesehen 1 0
walks 87 0
hinwarf 2 0
uerklichkeit 7 0
achito 1 0
nbekanntschaft 2 0
wreaken 1 0
unbeschuetzt 2 0
wreaked 3 0
mendicant 6 0
llemand 1 0
leto 1 0
arrows 61 0
irreversible 2 0
vergoldet 6 0
celestial 46 0
lets 25 0
lett 2 0
employee 4 0
expeditions 25 0
lysee 1 0
erningham 1 0
nested 1 0
succulence 1 0
dringendsten 5 0
employed 800 0
gouged 3 0
urification 1 0
wimpled 1 0
fuenfzehn 2 0
arrowy 3 0
menstealers 2 0
ueberbaut 1 0
unaided 10 0
uslin 1 0
coarsely 8 0
vergolden 2 0
diplomatisch 2 0
lete 7 0
celte 1 0
employer 36 0
iderspruechelchen 1 0
unbezwingbare 1 0
chaufel 1 0
roaned 1 0
employes 2 0
yrrho 2 0
aradiesvoegeln 1 0
lesn 1 0
lest 328 0
wales 1 0
less 2454 0
fremitu 1 0
angefuehrten 1 0
lery 2 0
anchaean 1 0
idyllic 4 0
lese 18 0
egypterlandes 1 0
ffectual 1 0
lesh 18 0
arenbreite 1 0
sworne 1 0
censurd 1 0
censure 59 0
curred 1 0
iuxta 1 0
overhung 17 0
regency 1 0
goodnatured 2 0
trassenecke 1 0
ausmuetterchen 1 0
fiffe 1 0
levy 19 0
ndostanen 2 0
toffs 1 0
doration 3 0
shoreless 2 0
alsband 1 0
arshalled 1 0
fulsomness 1 0
coincidence 25 0
leve 15 0
thinges 61 0
hilaenion 1 0
toffe 3 0
leur 3 0
chminktoepfchen 1 0
celts 2 0
yrrha 2 0
aggots 2 0
slitten 1 0
unwholesome 25 0
whosoe 4 0
auptgeschaeft 1 0
ermanzoon 1 0
leuk 10 0
janitor 1 0
lexr 1 0
niedergesenktem 1 0
geniesse 14 0
legislating 3 0
llheit 1 0
toent 4 0
ppetits 1 0
radial 3 0
ausgesuchten 1 0
ppetite 5 0
toene 1 0
bscheu 14 0
billingsgate 1 0
vorbeifuehrte 1 0
liment 1 0
subordinates 14 0
ontradistinction 2 0
wetten 7 0
subordinated 1 0
weggetragen 1 0
etrachtung 53 0
candinavia 2 0
worste 4 0
nterbrechen 1 0
aracken 1 0
havens 4 0
weggeschnitten 2 0
raenenstrom 1 0
lotteries 10 0
wetter 2 0
entury 19 0
dringet 1 0
geniesst 17 0
lewd 7 0
acquaintanceships 1 0
abschnitt 1 0
wetted 13 0
enturi 1 0
verkleiden 1 0
distain 4 0
epburn 10 0
ollowing 14 0
rivilege 11 0
verkleidet 6 0
clay 113 0
dringen 16 0
whatsoe 6 0
elcome 70 0
hilippians 1 0
nebber 2 0
punishments 34 0
uschelkalkfelsen 1 0
litigiousness 1 0
onestly 1 0
equemlichkeit 28 0
partanischen 1 0
legislation 71 0
clad 70 0
onstantly 1 0
egiomontanus 2 0
shells 50 0
zurueckweicht 1 0
etroffen 2 0
ellies 1 0
jungles 16 0
schwirrt 1 0
ellier 2 0
claw 8 0
clat 3 0
andelabern 1 0
clar 8 0
lyric 27 0
clap 23 0
clan 9 0
ngres 1 0
clam 3 0
melden 21 0
eingreifend 1 0
meldet 7 0
insurance 29 0
deadening 1 0
ompels 1 0
herausschauen 1 0
paniards 82 0
nawthin 1 0
corrals 1 0
patriotischen 1 0
ativitaet 1 0
lacentia 2 0
waltet 5 0
mwalzung 1 0
gruesse 2 0
repassage 1 0
abmueht 1 0
moneths 2 0
alphabetically 2 0
develop 33 0
resentations 1 0
intrusiveness 1 0
verneinte 3 0
havers 4 0
radier 2 0
achine 60 0
huelflos 1 0
aggons 8 0
gruesst 4 0
bedazzles 1 0
aching 20 0
achina 1 0
elshmen 1 0
flaume 1 0
uncertified 2 0
trompetete 1 0
tumultous 2 0
erblickte 41 0
rimeson 1 0
chmetterlingen 2 0
urspruenglich 1 0
alystegia 1 0
custode 1 0
stubbornness 5 0
disse 1 0
looning 1 0
distaff 7 0
clef 4 0
neugelandeten 1 0
aufputzt 1 0
flaunt 1 0
traeumte 7 0
clev 1 0
ortkommen 1 0
clew 9 0
tobacconist 2 0
rommelschlag 1 0
clep 2 0
betraegt 3 0
chickten 1 0
clem 1 0
recoil 16 0
vernage 2 0
ebensweise 5 0
vergegenwaertigt 1 0
radiis 1 0
begierde 1 0
remembered 266 0
season 398 0
relics 34 0
uinctius 1 0
relict 1 0
uninstructed 5 0
ompeii 5 0
quogmire 1 0
ramingham 3 0
geschrien 2 0
ueberfuellen 1 0
madded 3 0
ompeia 1 0
cicatrices 1 0
elshman 1 0
madden 1 0
achias 2 0
aechzen 1 0
clarified 3 0
madder 7 0
dmirer 4 0
ompeji 8 0
shelve 3 0
experienee 1 0
sammetaehnlich 1 0
rejudices 17 0
kulls 1 0
sechzehnten 6 0
bloomed 11 0
sechzehntes 1 0
unstkenntnisse 1 0
ellini 2 0
ircassia 1 0
clim 2 0
elling 7 0
euerwerker 1 0
unmortified 1 0
baggy 2 0
clicked 3 0
disturbs 9 0
manoeuvring 3 0
satiric 1 0
prowlin 1 0
antiquely 1 0
promotions 1 0
everses 1 0
otherpot 1 0
getroffen 34 0
disturbe 1 0
clip 5 0
disturbd 2 0
recapitulate 2 0
distinguishing 28 0
ileside 1 0
tockins 5 0
cockloft 1 0
experience 644 0
diplomatists 5 0
unsereiner 3 0
experiencd 6 0
ondoner 8 0
horchend 1 0
indentation 2 0
individualize 2 0
unsereinem 2 0
empora 1 0
onstantin 1 0
payementes 1 0
auptbeweggruende 1 0
fixing 47 0
rading 12 0
aesslichkeit 3 0
etterschaft 1 0
nachzuholen 6 0
gainsaid 3 0
fumble 1 0
imensions 4 0
diffidence 18 0
oftimes 1 0
eiligsten 1 0
tocking 1 0
achiev 1 0
eiligster 2 0
oiffure 1 0
disks 5 0
relied 36 0
ablenkte 1 0
niversalis 1 0
dmiral 27 0
banished 46 0
jealousy 123 0
vergeudest 1 0
anson 4 0
clod 5 0
abstrakten 1 0
callouse 1 0
relies 14 0
hinweist 1 0
abzuhaspeln 1 0
ilesian 4 0
relief 188 0
banisher 1 0
sibyllinische 1 0
banishes 5 0
onstantia 1 0
aristocrat 2 0
ahnungsweise 1 0
reliev 2 0
arbaresken 1 0
eronsews 1 0
someone 79 0
oerichter 1 0
coincidents 1 0
prowled 3 0
interaction 2 0
okument 6 0
satires 11 0
vergegenwaertige 1 0
erblicket 1 0
indrucks 5 0
fiery 68 0
erblicken 12 0
aufboten 1 0
verschiedenes 7 0
impulsive 14 0
verschiedener 9 0
palliate 8 0
idene 1 0
record 92 0
retrospections 1 0
deemeth 3 0
unrolled 6 0
verschiedenem 4 0
verschiedenen 54 0
clot 1 0
klafft 1 0
clos 3 0
clol 1 0
wortes 2 0
tmosphere 5 0
clog 5 0
indrucke 1 0
nvitations 2 0
slavish 10 0
omitted 95 0
eservationen 1 0
omittee 1 0
indirections 1 0
willful 1 0
idely 2 0
abbezahlt 1 0
radish 6 0
usked 1 0
annuity 38 0
pompejischen 1 0
uskel 3 0
stinted 4 0
direc 1 0
usket 2 0
inconveniently 2 0
moccolo 1 0
pyramidical 4 0
warmingness 1 0
ickens 4 0
ueberschatteten 1 0
scrutinising 3 0
degrading 27 0
groebere 1 0
albrund 1 0
amnesia 1 0
fieri 2 0
horsemanship 8 0
rlesian 3 0
groeberm 1 0
espraechigkeit 1 0
trapan 1 0
teetotal 1 0
ribune 5 0
zusammenrollt 1 0
besassen 4 0
onnerschlag 4 0
seater 1 0
seates 1 0
aeltern 14 0
rememberin 1 0
dreamiest 1 0
kukui 3 0
assillon 5 0
aeltere 13 0
altmodisch 1 0
clue 23 0
club 67 0
ritias 4 0
rankenhaus 1 0
radius 2 0
descensories 1 0
seated 261 0
biegen 3 0
ickeln 1 0
geschmeidigen 2 0
ickell 30 0
herausgab 1 0
unanimated 1 0
vielfaeltige 1 0
begierig 22 0
castaway 2 0
genieren 1 0
carbolic 3 0
reopagitica 1 0
individualism 5 0
ribute 6 0
importance 441 0
worths 1 0
raurige 2 0
worthy 454 0
beneathe 1 0
incentives 2 0
dialogierten 1 0
issetaeter 6 0
natomy 1 0
ritics 6 0
continuation 19 0
daraufzublicken 1 0
zudecken 1 0
arrative 9 0
gaslight 1 0
stopples 1 0
clum 3 0
chalked 1 0
vorueberfliessenden 1 0
universa 1 0
blackberry 7 0
fiend 52 0
yektraaa 1 0
sheddin 1 0
universe 144 0
individuality 28 0
diplomatique 1 0
trapes 1 0
ausfuehrt 1 0
frigid 8 0
onfederate 7 0
ufstieg 1 0
onfederation 38 0
aturbetrachtungen 2 0
relish 39 0
backerds 2 0
ausfuehre 1 0
iffern 1 0
riting 45 0
urasian 2 0
aisonnements 1 0
idees 1 0
field 623 0
fiele 2 0
virtuous 190 0
befahl 26 0
fergiven 1 0
baseball 5 0
ildfire 1 0
senators 10 0
rundbegriff 1 0
tailor 18 0
collidings 1 0
emolument 4 0
freispraeche 1 0
garrisoning 1 0
beanstalks 1 0
cartwright 1 0
mlers 1 0
obtruding 2 0
lfte 2 0
versprochene 2 0
henhouse 1 0
ochgewinne 1 0
issenschaft 5 0
consolations 14 0
ifersucht 25 0
virtuoso 2 0
eligsprechung 2 0
hinzufahren 2 0
eluebd 1 0
hoarseness 1 0
wakin 1 0
entspringenden 1 0
erwunderung 59 0
fiefs 3 0
gebluemten 1 0
ngrab 17 0
presumably 7 0
fifthe 4 0
schnurgeraden 1 0
presumable 1 0
athauses 2 0
slaving 2 0
fifths 13 0
woechentliche 1 0
plaits 7 0
friget 1 0
ickets 2 0
ideal 122 0
uskey 1 0
ideau 3 0
ideas 379 0
ickety 1 0
pressure 68 0
usumoto 1 0
rejoicen 1 0
entdecket 1 0
ergebliches 1 0
rejoiced 46 0
rosstante 1 0
reenness 1 0
gravissimus 1 0
discontents 3 0
entdecken 63 0
ackintosh 2 0
estimonies 1 0
uskin 3 0
lyres 3 0
entgegenstellten 1 0
ardiacle 1 0
rauring 2 0
ickers 2 0
disquisitions 11 0
fright 32 0
waken 5 0
gegruesst 6 0
uackenbos 2 0
constituency 19 0
waker 7 0
wakes 8 0
abjectness 2 0
waked 24 0
enegade 1 0
nachschaun 2 0
usketenschuessen 1 0
idoles 1 0
upposin 1 0
ickersham 4 0
convulsionnaires 1 0
opkinson 1 0
idiotes 1 0
uehlhoerner 1 0
diagnosticating 1 0
agendie 1 0
ucubrations 2 0
eluded 9 0
illkuerlichkeiten 1 0
restudy 1 0
fatalistic 1 0
annsueberrock 1 0
behandle 3 0
burlesques 2 0
eludes 1 0
invent 29 0
utscher 19 0
utschen 24 0
chmeichlerin 1 0
spended 1 0
existeth 1 0
inveni 1 0
itleid 7 0
aegerbursche 2 0
fifes 3 0
lackiertes 1 0
rejoices 5 0
aubwerke 1 0
scarsely 1 0
ungovernable 10 0
aubwerks 1 0
attentively 39 0
dirty 115 0
ballistae 1 0
idiotic 5 0
exacte 1 0
erchandizing 1 0
recieved 1 0
tolerantly 1 0
nstrumentalmusiken 1 0
eilmittel 1 0
sizilianischen 8 0
exacts 4 0
tunden 151 0
ironmongery 1 0
todos 1 0
mgebildet 1 0
invest 6 0
butting 1 0
befand 64 0
upposed 3 0
ackwardness 4 0
astbaum 1 0
bezeugtest 1 0
hinbegleiten 1 0
illmore 1 0
vacuation 8 0
besaeen 1 0
studying 59 0
invert 1 0
geheimnisreicher 1 0
geheimnisreichen 2 0
advisers 26 0
taille 26 0
snickers 1 0
befaln 1 0
ochtyrannen 1 0
befals 2 0
spendet 1 0
befall 52 0
uebersah 3 0
adviseth 2 0
ritish 636 0
saehest 1 0
agnificence 5 0
spenden 6 0
baenderungen 2 0
gesture 107 0
burlesqued 2 0
verwuenschter 2 0
verwuenschtes 1 0
erfolgungen 3 0
performances 38 0
flatly 10 0
cello 1 0
upposes 1 0
cells 44 0
ereignete 2 0
heiress 11 0
madcap 1 0
dirks 1 0
pismire 1 0
scapegrace 1 0
tradesmen 33 0
chickung 5 0
extirminate 1 0
admirers 29 0
groessere 41 0
shovelling 1 0
uhause 1 0
groesserm 3 0
bombast 2 0
larheit 24 0
helpin 3 0
eldengeschichte 1 0
obstacle 42 0
vorhatte 2 0
eyeing 9 0
enriched 37 0
groessern 27 0
enriches 4 0
mutinied 1 0
socrates 4 0
akristei 1 0
assonia 1 0
aegdlein 1 0
gestund 1 0
specified 16 0
affronts 4 0
osalienfest 1 0
lger 5 0
zusammenstehend 1 0
hineingegangen 3 0
pointsmen 1 0
academy 7 0
unfrocked 1 0
nucleus 10 0
surreptitiously 1 0
guitars 4 0
rdinarily 1 0
einherzieht 1 0
shedder 1 0
specifics 3 0
flatte 1 0
tailes 2 0
tradesman 14 0
specifick 2 0
informality 1 0
evres 1 0
confessionals 3 0
tailed 5 0
alessaren 1 0
dirge 6 0
quaeltet 1 0
iders 23 0
quaelten 1 0
ebaerdenspiel 1 0
oelzerne 1 0
awley 6 0
wonnerfu 3 0
ansion 2 0
eidelmannischen 1 0
enrichis 1 0
gefesselt 13 0
aienkaefer 1 0
serviceble 1 0
countrywomen 1 0
uenstlerisch 1 0
zusammenfliessen 1 0
rominances 1 0
eleitsmaenner 1 0
egister 9 0
annelids 4 0
mprecation 1 0
stattlich 6 0
iderwillens 1 0
bombard 1 0
commonplace 45 0
nability 4 0
berechtigten 2 0
fieur 1 0
olshevism 2 0
unabhaengige 2 0
ecuperation 1 0
makeshift 5 0
aufmerksamere 1 0
eistesgewicht 1 0
helming 1 0
dissimulated 1 0
estimonium 1 0
schmeichelhaften 1 0
udkins 1 0
sinfully 7 0
rapacity 15 0
existent 19 0
anschliessen 9 0
ineffective 1 0
akayama 1 0
zutraulich 4 0
dessert 7 0
discordantly 1 0
expensiveness 2 0
uebereilte 2 0
detach 16 0
erschluss 1 0
antriffst 1 0
constituents 37 0
ideon 3 0
auszuschweifen 2 0
unbekannte 9 0
tipone 1 0
spitefully 1 0
conlecta 2 0
anschafft 2 0
anasta 1 0
wuechsen 1 0
genore 1 0
alkuels 1 0
erkenn 10 0
eisezugs 1 0
misereant 1 0
kuenftighin 1 0
aflame 8 0
ausfuehrliche 3 0
bourde 2 0
olchis 1 0
randsons 1 0
pegged 4 0
lightwood 2 0
veranstalteten 1 0
awohl 3 0
detain 33 0
genoss 35 0
waned 2 0
detail 102 0
endowment 5 0
haenomen 11 0
spattering 2 0
yrtis 1 0
narticulation 1 0
escribed 1 0
playmate 6 0
uada 4 0
icebergs 1 0
igsbee 1 0
cailloux 1 0
imble 2 0
intellektualischen 3 0
sculapius 3 0
vanquisheth 1 0
benedicite 6 0
gallyvantin 1 0
lgnb 8 0
uintin 2 0
ambletonians 1 0
trauliche 1 0
preferences 12 0
acready 1 0
mpiriker 1 0
esuchen 5 0
esuches 1 0
lussgott 2 0
pushing 55 0
hicane 1 0
wange 2 0
referrin 1 0
unstecho 1 0
gewinn 1 0
ainweather 1 0
classiques 1 0
anniversary 9 0
empting 1 0
incorporates 1 0
misrepresenting 2 0
ritzens 1 0
abuchodonosor 1 0
usnea 2 0
boyhood 26 0
austoben 1 0
whirlwind 22 0
ezekiah 1 0
lastingly 1 0
incorporated 30 0
iegende 1 0
betoerten 1 0
vanquishers 1 0
erechnet 1 0
sosceles 1 0
lavender 8 0
erhuben 3 0
olcher 2 0
uddenly 79 0
verehrt 8 0
guerillas 1 0
imbib 1 0
immorally 1 0
olches 1 0
yrten 9 0
spirally 2 0
bonfire 2 0
orsted 2 0
wands 5 0
nglestoft 1 0
rearrested 2 0
rotus 2 0
wandl 1 0
orster 39 0
verehre 6 0
reiecke 1 0
iddling 2 0
alendrier 1 0
xeter 6 0
isconti 4 0
raxiteles 7 0
nnumbered 2 0
lobular 1 0
nyhow 19 0
lumbrados 1 0
leveller 3 0
rotto 7 0
chneide 1 0
rotte 8 0
ttische 1 0
levelled 18 0
ariser 1 0
arises 126 0
arisen 57 0
lebendige 13 0
teilhaftig 4 0
anrichtet 1 0
referred 102 0
jocosely 3 0
kluge 20 0
anuel 3 0
eeble 2 0
hogshead 7 0
bstellung 2 0
rotokoll 2 0
abiding 17 0
unsicherer 1 0
uana 2 0
unsicheren 2 0
inapuxint 1 0
imber 7 0
wanns 1 0
brethren 108 0
bstroemens 1 0
uama 4 0
arnegie 244 0
ommending 4 0
aufherrn 1 0
maessig 8 0
proscription 7 0
similar 448 0
ordships 10 0
fuerbass 1 0
onsonanten 1 0
hicago 40 0
neidische 3 0
angrier 2 0
ufforderungen 1 0
weathered 6 0
uale 1 0
untersuchten 2 0
flawed 1 0
unbezweifeltes 1 0
restauriert 4 0
ualm 4 0
nekdotenjaeger 1 0
tinually 1 0
uali 1 0
betracht 2 0
eberin 1 0
misfortunes 57 0
owenig 5 0
manufactures 361 0
cyclopaedia 1 0
rrigone 1 0
manufacturer 53 0
vorzuegliche 7 0
flotilla 1 0
holders 24 0
mouthing 4 0
unfavourableness 1 0
kuessten 5 0
ocinus 12 0
manufactured 65 0
liberator 2 0
hurche 2 0
clustered 18 0
holdeth 9 0
comprehending 15 0
klueglich 3 0
urderer 1 0
uand 1 0
holdest 6 0
hauptsaechlich 10 0
urgently 7 0
preceding 145 0
weiterritt 2 0
novelist 17 0
ountry 633 0
unimageable 1 0
freilich 144 0
remodeling 1 0
shekel 1 0
helter 16 0
uard 28 0
egenteil 17 0
volatility 1 0
vermacht 1 0
admiring 35 0
anuar 27 0
entgegenblickte 1 0
hurchs 1 0
verhaeltnismaessige 1 0
eantwortung 1 0
anual 1 0
erstandes 6 0
erkers 1 0
erstanden 2 0
empties 2 0
deliberative 4 0
ondelkaefige 1 0
vermache 2 0
anube 8 0
andwich 11 0
domaine 1 0
acreage 1 0
domains 10 0
emptied 41 0
ankleiden 2 0
prologues 3 0
uebereilen 3 0
ruchtboden 1 0
peinlich 7 0
einfinden 1 0
ernstliches 1 0
xtinguishing 1 0
ernstlicher 6 0
ntlitz 5 0
zukoemmt 1 0
duldeten 1 0
eufeln 3 0
oorback 1 0
eufels 4 0
impassable 24 0
wegging 8 0
ollicitude 1 0
uasi 3 0
pronoun 4 0
evitical 1 0
knickerbocker 1 0
reversible 1 0
ulisse 2 0
ernstlichem 3 0
ollicitudo 2 0
ernstlichen 3 0
ueften 8 0
uarz 4 0
ontrakten 1 0
carboniferous 1 0
ontraktes 1 0
donning 1 0
philarchos 1 0
uark 1 0
seetfulness 2 0
rdnungsgesetzen 1 0
wankt 1 0
uart 5 0
strichzimmer 1 0
pygmalionischen 1 0
collaterals 1 0
angrily 55 0
chipmonk 4 0
etwixte 13 0
gmont 270 0
errische 1 0
ottingham 2 0
chauder 3 0
ausschreiben 2 0
butler 25 0
festgehalten 9 0
uendenbcok 1 0
amorose 1 0
bezwungen 3 0
relaxation 30 0
rrigation 3 0
softens 6 0
idier 2 0
liberated 18 0
lachlaender 1 0
schaffende 3 0
uscarlet 4 0
ilfertigkeit 2 0
liberates 1 0
coaxingly 2 0
hoassen 2 0
vielsagende 1 0
aehlens 1 0
hinnies 1 0
mattress 8 0
subtility 2 0
mosque 1 0
undisputed 6 0
ollard 3 0
otten 50 0
itchin 2 0
swoote 1 0
otter 10 0
ottes 83 0
amorous 17 0
itchie 1 0
bairn 22 0
ruebsal 1 0
recompiling 1 0
oekonomischen 4 0
ollars 18 0
begining 2 0
regnavit 2 0
swoosh 1 0
imarion 1 0
baith 3 0
befragte 7 0
hypochondrische 1 0
abstractions 6 0
espraech 95 0
hintenher 1 0
orgearbeitet 2 0
subtilise 1 0
unexplained 9 0
dross 5 0
overproduction 1 0
geballet 1 0
proprietaries 4 0
glimpsing 1 0
niedertraechtig 1 0
ationalismus 1 0
durchfahren 1 0
rientals 5 0
almsdeed 2 0
aepste 2 0
idias 1 0
peration 16 0
bestuermen 1 0
wamps 3 0
uncommercial 1 0
wampt 1 0
uintett 1 0
similes 4 0
spartanischen 1 0
idian 1 0
drone 12 0
glossary 1 0
romantically 2 0
affectionately 90 0
luxuriating 1 0
ottle 12 0
roten 22 0
enkwuerdigkeiten 1 0
schmueckt 3 0
roter 5 0
rotes 3 0
itches 5 0
angriff 4 0
grooves 10 0
eguenstigter 1 0
rotem 8 0
olland 197 0
itchen 4 0
urricane 1 0
itchel 19 0
laughterless 1 0
chalksnarren 2 0
grooved 1 0
itched 2 0
drops 87 0
dropt 13 0
ladiatoren 1 0
dropp 1 0
hinschreiten 1 0
uintus 1 0
bains 1 0
headaches 1 0
atriots 22 0
softely 15 0
gruendeten 1 0
evocations 1 0
klaert 1 0
beaengstigt 1 0
droop 15 0
fortified 38 0
kupfergruenlich 1 0
uebelweissagenden 1 0
swoons 1 0
atigue 9 0
riegsbewegungen 1 0
excludes 6 0
erfodern 1 0
zurueckstiess 2 0
dipping 10 0
ttacks 7 0
verspaetete 1 0
contested 12 0
vulkanische 7 0
zagend 2 0
erfodert 6 0
excluded 86 0
kunnt 13 0
conflagration 8 0
lawbreakers 1 0
rudentem 1 0
gewiss 221 0
otton 9 0
abgetragene 1 0
ottom 14 0
imbus 1 0
anerkennen 5 0
invasions 5 0
imbue 2 0
durchloechert 2 0
apartments 31 0
abzehrt 1 0
lyable 4 0
urzelmaennchens 2 0
scheming 3 0
jokingly 1 0
puleius 1 0
rotic 1 0
orevermore 4 0
uban 1 0
dissected 8 0
ubal 5 0
droll 9 0
roths 1 0
vereint 5 0
ranslate 1 0
vorzuziehen 5 0
dishes 21 0
avoyards 1 0
terduca 1 0
awort 2 0
ibertines 1 0
stockings 45 0
yeourselfs 1 0
carelesly 1 0
nekdoten 2 0
diurn 1 0
erstaunenswuerdiger 1 0
outgrown 4 0
leitophon 5 0
raeumen 20 0
anzuziehen 7 0
highflown 1 0
skars 1 0
raeumet 1 0
anure 1 0
notification 3 0
befragen 5 0
rkadien 2 0
substitutions 1 0
rkadier 2 0
awoke 84 0
skase 2 0
pathological 1 0
anurr 1 0
prorogud 2 0
prorogue 1 0
pleasing 124 0
befraget 1 0
orzuege 27 0
schattichter 1 0
schattichten 1 0
softest 9 0
conventions 10 0
dachte 134 0
ubba 8 0
skate 2 0
kunst 1 0
mployment 34 0
uben 15 0
ubel 5 0
archangels 1 0
rontispiece 1 0
wakeful 9 0
putrefying 2 0
uber 5 0
ubes 2 0
weggeworfen 2 0
umpenhunde 1 0
hottest 10 0
wietracht 1 0
droht 4 0
blunder 34 0
stipulation 6 0
ekuemmernis 1 0
njudicious 1 0
drohe 2 0
apranica 2 0
againward 2 0
stapfte 2 0
reforesting 1 0
reenway 1 0
termagant 2 0
quintal 2 0
bviously 8 0
deemest 5 0
fuenfundvierzigsten 3 0
stipulating 3 0
cquaintances 1 0
herklang 1 0
geschliffener 1 0
untirin 1 0
cence 1 0
versenkten 1 0
esolve 16 0
frape 1 0
manufacturing 75 0
seared 6 0
pitiless 10 0
esolvd 3 0
ounsel 20 0
entgegenstreben 1 0
accoutrement 1 0
rigours 2 0
rtemius 1 0
wenching 1 0
antle 1 0
entrinne 1 0
chrecknis 1 0
essaldar 1 0
achtische 1 0
consideration 246 0
synchronistisch 1 0
outservants 1 0
etrapolitana 2 0
frank 36 0
nscheine 1 0
insured 10 0
ubin 1 0
commodities 319 0
anterior 25 0
arleton 11 0
aldiman 1 0
gladsomeness 1 0
search 254 0
extinction 15 0
ubia 12 0
flammenden 1 0
insures 5 0
ontoon 1 0
cenes 10 0
franc 6 0
nickname 13 0
verlaesst 16 0
ubie 3 0
barmaid 2 0
ircuit 4 0
overgrowth 1 0
figur 1 0
gefangennaehmen 1 0
fahlet 2 0
frilled 1 0
ditch 50 0
regetours 1 0
unadventurous 2 0
anathematikon 1 0
trande 1 0
gadflies 1 0
unselig 2 0
thinness 2 0
thinnest 9 0
conclaves 2 0
begabtesten 1 0
imago 1 0
cleanlier 1 0
faellten 1 0
image 210 0
trance 17 0
confrontation 3 0
zusammengelegt 1 0
anthe 1 0
rosts 1 0
traeumet 1 0
ausgepraegten 1 0
ardanellen 1 0
traeumen 12 0
pernwesens 1 0
roste 7 0
frame 234 0
innerpen 1 0
antik 3 0
arcelona 14 0
distractedly 5 0
antin 1 0
erwirrer 1 0
loveliness 51 0
heogiton 6 0
glittered 8 0
antic 4 0
thickening 3 0
leeces 2 0
rosse 28 0
onnenblicke 1 0
dited 6 0
corrupters 2 0
aufgeweckt 5 0
herumbewegt 1 0
preying 3 0
tabooed 7 0
watchyoumaycollum 1 0
anapaestic 2 0
vernahm 39 0
evasive 7 0
dekhta 1 0
uble 2 0
dienend 3 0
erpentin 1 0
ubla 2 0
correspondent 93 0
overloads 1 0
traenenvoll 1 0
efaesse 7 0
elleity 1 0
eptmbr 1 0
legislative 36 0
fragt 19 0
dispatches 4 0
rgrossvater 1 0
prejudicial 26 0
balsamieren 1 0
guessing 7 0
armature 1 0
fraid 1 0
auseinanderzerren 1 0
dispatched 14 0
elleius 1 0
idgin 2 0
emisphere 2 0
frail 25 0
trange 34 0
rzaehlens 2 0
chalice 2 0
comformable 2 0
verbergend 3 0
drinken 7 0
hildhood 3 0
reigeisterei 1 0
drinker 4 0
ezirke 1 0
evasion 4 0
skoptikon 1 0
brooding 20 0
roamen 2 0
auptaeste 1 0
awebake 1 0
semblance 28 0
herunterkommt 1 0
antel 32 0
feeblest 3 0
tippet 9 0
anted 1 0
tipper 1 0
antee 1 0
uethawali 3 0
anginge 1 0
malignity 23 0
apuchins 18 0
antez 2 0
diminishd 2 0
anten 5 0
roamed 11 0
anter 2 0
besahen 5 0
antes 36 0
frage 13 0
avillons 1 0
bladders 2 0
fragn 6 0
revolving 20 0
eitlaeuftigkeit 1 0
chmeichler 1 0
rdreichs 1 0
traney 1 0
tipped 17 0
uechern 23 0
roerterungen 2 0
proverbs 6 0
rationally 10 0
prodigal 19 0
maligning 1 0
pflichtete 1 0
groomsman 1 0
coax 5 0
untravelled 1 0
platinum 5 0
cobs 3 0
soliloquizing 1 0
credibility 2 0
shopkeeping 2 0
ubry 1 0
willige 3 0
eichtuemer 18 0
gewuerdiget 2 0
coas 1 0
coat 200 0
aritan 2 0
coal 105 0
liding 2 0
unbequem 10 0
favourable 171 0
code 22 0
hammer 50 0
raeumte 1 0
drinkin 5 0
antat 3 0
pholsterers 1 0
trouser 2 0
favourably 26 0
antam 1 0
playground 4 0
helsea 6 0
ubus 1 0
fight 332 0
friendlier 1 0
ullfillment 1 0
disjoined 4 0
voluntarily 51 0
lythe 1 0
madame 3 0
melach 2 0
tunate 1 0
betende 1 0
memorials 12 0
coco 1 0
cock 59 0
spukte 1 0
coff 1 0
otliegendes 1 0
lutarchs 1 0
unbeweglich 7 0
harlemagne 11 0
ertriebe 1 0
expedient 92 0
bewray 10 0
oldvermaechtnis 1 0
proposal 69 0
weiseste 1 0
indows 7 0
flaying 3 0
grieveth 5 0
bahos 1 0
fatally 12 0
umherliegende 1 0
limbes 14 0
erlegenheit 80 0
leipner 3 0
nebeln 1 0
thimblefuls 1 0
oppress 35 0
opprest 1 0
liad 33 0
liah 1 0
upstanding 2 0
ebeten 3 0
liar 16 0
lias 2 0
strained 43 0
braying 2 0
apacious 1 0
grandios 2 0
zodiac 2 0
aturkunde 1 0
cavort 2 0
hrwerk 1 0
strainer 1 0
cents 51 0
allymen 1 0
drownded 1 0
centu 1 0
uffbohnen 3 0
cogs 4 0
pochenden 1 0
exposited 1 0
urdered 3 0
builders 19 0
wohlbehandelter 1 0
ebelang 1 0
exquisiteness 2 0
hemistocles 4 0
willing 319 0
uebermeisterte 1 0
einfachste 4 0
lide 1 0
lich 7 0
uschmuschel 2 0
lick 170 0
steinernes 1 0
irculation 5 0
steinerner 1 0
steinernen 6 0
coil 10 0
coif 2 0
haraxus 1 0
lice 83 0
nzueglichkeiten 1 0
flavor 10 0
shimmering 7 0
gezweifelt 3 0
displeasances 1 0
unerkenntlich 1 0
libs 1 0
wrathfully 3 0
coin 273 0
ppleton 12 0
rosch 2 0
inoperative 2 0
cold 658 0
cole 6 0
isconde 1 0
eereboom 1 0
life 3665 0
hloris 1 0
liff 5 0
buildeth 3 0
establishments 32 0
lieh 4 0
rankenstein 1 0
aufmerkenden 1 0
einfielen 1 0
lien 5 0
easant 3 0
ispute 21 0
inghamton 1 0
oumelpours 1 0
chokingly 1 0
lier 6 0
schwaechsten 1 0
lies 345 0
colt 16 0
roamin 1 0
lieu 27 0
nequalities 2 0
ununterbrochnen 2 0
ditty 3 0
lieb 89 0
blueish 1 0
isputa 1 0
unendlichem 1 0
unendlichen 24 0
lief 66 0
lieg 2 0
lied 37 0
walwon 1 0
iebsten 5 0
unendliches 2 0
iebster 4 0
iebstes 3 0
unendlicher 2 0
heulte 4 0
lids 13 0
ditor 15 0
understreiche 1 0
zuverlaessige 2 0
ccompanying 1 0
spuken 1 0
profitably 7 0
agyars 1 0
neamermehr 1 0
ucar 1 0
repository 3 0
cone 15 0
kumma 1 0
sharugawa 1 0
ucan 10 0
ucal 1 0
lechzte 1 0
hanklin 1 0
arraneche 1 0
erserin 2 0
failedst 1 0
eynell 9 0
cobble 2 0
cons 3 0
comp 5 0
comm 4 0
walzt 1 0
aristo 1 0
dithyrambic 3 0
profitable 111 0
come 3063 0
colorations 1 0
erbindlichkeit 2 0
coma 4 0
comb 19 0
plausibeln 1 0
antua 10 0
indoor 2 0
lift 78 0
eatherby 53 0
alaeste 7 0
bedauren 1 0
frays 1 0
indoos 10 0
irculating 1 0
cops 1 0
uebernimmst 1 0
auxiliis 2 0
independant 1 0
antun 5 0
diacritic 2 0
roxeter 2 0
umschlossen 3 0
cope 23 0
otatoe 1 0
emeingut 1 0
arissa 2 0
ortification 4 0
ersprechendes 1 0
ucca 5 0
copy 464 0
unempfindlich 15 0
hoaxed 1 0
seasick 3 0
coor 2 0
apieren 17 0
coop 6 0
fataler 1 0
coon 13 0
cook 76 0
cool 187 0
urgundian 3 0
uenglingsleben 1 0
ocrian 3 0
lysse 1 0
outweighing 2 0
itronenhecken 1 0
seaside 6 0
ucas 75 0
flavus 1 0
lihu 2 0
holdseligen 1 0
stummucks 1 0
insulting 24 0
antediluvian 5 0
roses 47 0
coot 3 0
fatalen 5 0
prejudicing 1 0
corp 2 0
corn 720 0
uces 2 0
cork 13 0
anton 17 0
ucer 3 0
cose 3 0
feindlich 3 0
woodchopper 5 0
aritaetenkasten 1 0
awnin 1 0
cosa 1 0
astorale 1 0
awnia 1 0
schockweise 2 0
astorals 1 0
convulsed 17 0
allerhand 3 0
like 5361 0
proposer 1 0
proposes 36 0
eduerfnis 38 0
illusions 25 0
licorice 1 0
verwehrten 1 0
paradiesischen 5 0
cord 40 0
core 23 0
alkative 1 0
proposed 243 0
fraud 59 0
esuskinde 1 0
verschwanden 8 0
naeherzukommen 4 0
widerwillig 2 0
lind 12 0
verhaertete 1 0
cott 155 0
cenic 6 0
ling 4 0
cots 23 0
ounted 2 0
line 602 0
link 38 0
recovery 40 0
disparted 1 0
tuehle 23 0
recovers 6 0
limp 9 0
urchbohrst 1 0
coud 7 0
limu 5 0
ounter 8 0
berstallmeister 1 0
douceurs 1 0
aeucherungen 1 0
indors 1 0
esplanade 1 0
recoverd 3 0
sychologie 1 0
limb 54 0
drowndid 2 0
mosses 5 0
cost 406 0
lima 17 0
umphreys 2 0
antry 1 0
achher 5 0
embalmed 3 0
frass 1 0
lime 81 0
cosi 1 0
zusammenzuziehen 1 0
andelbaeume 1 0
horsewhip 2 0
limm 1 0
bsendung 1 0
cote 4 0
mossed 1 0
embalmer 1 0
narchists 1 0
lily 34 0
krueppelhafte 1 0
esterham 1 0
cosy 5 0
niederkniete 1 0
roarin 1 0
ucio 1 0
gfreuts 1 0
cursedness 13 0
tanding 20 0
marmoribus 1 0
oettern 18 0
iebesgoettern 2 0
lipp 3 0
liot 11 0
ucia 3 0
elbstvorwuerfen 1 0
wohlbekannter 1 0
protected 90 0
wohlbekannten 3 0
formless 3 0
ucie 1 0
cour 1 0
allerwenigsten 2 0
bakes 1 0
liquorish 3 0
coup 8 0
uchy 5 0
auszudulden 1 0
optional 2 0
ortkuenstler 1 0
womaning 2 0
baker 20 0
coun 2 0
ucht 16 0
coul 1 0
lion 169 0
apparent 143 0
uchs 9 0
dissension 8 0
lint 13 0
terrassenweis 1 0
cove 21 0
baked 42 0
seizing 36 0
uchi 2 0
laetzchen 13 0
liny 18 0
bearskin 4 0
unenclosed 3 0
elendige 1 0
uche 23 0
traumt 1 0
ucks 12 0
uckt 1 0
independent 276 0
limate 12 0
buttock 2 0
gesponnen 1 0
shrewes 3 0
ucky 2 0
vanquisher 1 0
widersetzen 2 0
lirt 2 0
unsteady 10 0
ausgeputzt 5 0
natron 1 0
alkali 3 0
shrewed 2 0
transposing 1 0
bewaldet 1 0
hoasst 2 0
craters 2 0
zurechtzustellen 1 0
aufgesetzt 6 0
bespuelt 2 0
uhrweges 1 0
merciful 34 0
cows 38 0
cartload 1 0
ellene 1 0
cowl 2 0
lips 378 0
impartial 55 0
lipt 6 0
overwhelm 10 0
unprecedented 10 0
saddens 2 0
ngewoehnt 1 0
genial 37 0
lith 1 0
traure 1 0
cozy 1 0
urliness 1 0
indley 3 0
lebendger 1 0
ausgeruhet 1 0
litt 8 0
otwal 4 0
bestmoeglichst 1 0
quiescence 3 0
grievance 35 0
lite 49 0
inquires 5 0
scimitar 1 0
hineingesponnenen 1 0
roared 29 0
lish 1 0
ellets 1 0
inquirer 7 0
lisp 5 0
list 382 0
pycher 1 0
babyish 2 0
inquired 151 0
liss 13 0
sixties 2 0
morosely 3 0
ausgeruestete 1 0
profiters 1 0
aufruft 1 0
womanish 2 0
scharfsinnigen 2 0
vanquished 26 0
aspirant 6 0
requent 5 0
hypochondrisch 2 0
lise 1 0
emerald 13 0
ucos 1 0
bschrift 8 0
detaining 9 0
erbebt 1 0
rklaeren 1 0
ingegebenheit 1 0
forwaked 1 0
ulloden 3 0
erwandter 3 0
liva 2 0
ebensaeusserung 2 0
livg 1 0
erwandten 28 0
live 1009 0
ellers 1 0
ellern 1 0
extradition 7 0
insults 21 0
rgandische 1 0
lucrative 15 0
litz 9 0
hectic 5 0
undeclared 1 0
bodeth 1 0
copious 20 0
alkgebirge 3 0
gemessene 2 0
habitually 39 0
hinzulocken 1 0
despoile 1 0
scullions 1 0
bruellen 1 0
erberg 1 0
irregeleiteten 1 0
thlone 1 0
bluehte 2 0
erbert 16 0
weitschichtig 1 0
unacquaintance 1 0
erbers 1 0
traute 10 0
clinking 3 0
entrer 1 0
entres 1 0
orrecht 3 0
hinrennend 1 0
aernhaut 1 0
liza 32 0
entred 17 0
modelled 10 0
aeulenreihen 3 0
entree 4 0
emplar 3 0
onation 15 0
cymeter 1 0
taring 1 0
incumbrance 5 0
ngenehme 2 0
erfinden 17 0
einstoecke 1 0
fonder 5 0
trauss 18 0
uncringing 1 0
ebnete 1 0
conoclast 1 0
ewaltige 1 0
pulchellus 1 0
barmian 1 0
uncomprehended 2 0
gratulieren 1 0
eedle 2 0
rowed 4 0
seltsamen 34 0
ueberwog 1 0
rowds 6 0
uruestungen 3 0
rowdy 2 0
seltsamer 6 0
seltsames 7 0
hereafterward 1 0
guarantees 5 0
potheose 1 0
nachtragn 1 0
emeraud 1 0
everyone 28 0
fondle 1 0
bominations 1 0
coiffure 7 0
guaranteed 18 0
shrewde 1 0
disagreed 3 0
solange 18 0
condoned 2 0
lotten 1 0
lantis 1 0
limbed 5 0
erbent 1 0
ntediluvians 3 0
limber 3 0
eptemr 2 0
lotted 1 0
uninterruptedly 4 0
disagrees 1 0
rumpeters 1 0
perplex 12 0
unermesslich 1 0
locate 7 0
kontraktmaessige 1 0
maechtigere 1 0
entrap 6 0
entral 83 0
innigem 1 0
innigen 4 0
liquorice 5 0
inniger 6 0
inniges 1 0
benignities 1 0
saddest 10 0
winkten 2 0
huzzas 2 0
zusammengebissen 1 0
buttons 18 0
aufgeraeumt 4 0
eadache 1 0
olgende 1 0
straiten 1 0
eedly 1 0
tunics 3 0
xtremity 6 0
theatralische 3 0
credited 15 0
eadachs 2 0
ruchtkoerbchen 1 0
uergewaende 1 0
rchitekturen 1 0
unproductive 57 0
bespangled 1 0
puffing 25 0
imeby 48 0
insurances 2 0
tuning 3 0
wuenschte 125 0
freie 31 0
frein 2 0
raskatanerinnen 1 0
atoning 2 0
extricate 10 0
creditor 28 0
kivvered 1 0
rover 4 0
roves 3 0
ufschluesse 3 0
roved 3 0
giving 495 0
freen 2 0
orstellungsarten 2 0
thinkin 20 0
fondly 30 0
freer 9 0
frees 1 0
owositz 2 0
cyclopean 1 0
benannten 1 0
forebears 2 0
tariff 26 0
publique 3 0
groooss 1 0
spiriting 2 0
geweigert 1 0
pensionierten 1 0
yacht 13 0
aetitia 1 0
ayments 10 0
xerzitium 2 0
oerterbuch 1 0
yphoons 1 0
ollowell 2 0
arkusplatz 2 0
verteiltes 1 0
nterimsdirektor 1 0
issverhaeltnisse 2 0
overcrowded 2 0
spielende 1 0
inexcusable 6 0
ickzack 2 0
pressingly 5 0
ancients 30 0
clerical 57 0
civilising 3 0
verhelfen 7 0
cuckolded 1 0
stipulate 4 0
atinae 1 0
eadable 58 0
freed 41 0
ontention 3 0
centralisation 9 0
oarsmen 4 0
pilfered 2 0
iegessymphonie 1 0
foodstuff 1 0
usowa 2 0
udah 7 0
begingen 1 0
ondlewife 2 0
opkins 10 0
sollicitous 15 0
curved 28 0
spiritism 1 0
pilferer 1 0
hampers 2 0
udan 1 0
whoops 2 0
assentation 2 0
spiritist 1 0
atinat 2 0
freak 7 0
fudder 8 0
distend 3 0
forbearances 1 0
thinker 15 0
thinken 3 0
hinziges 1 0
incroaching 1 0
zeigt 62 0
onlookers 4 0
einschmeichelnd 1 0
characteristically 4 0
genius 288 0
curves 28 0
bruellte 3 0
sativus 1 0
tootsies 1 0
gateway 29 0
eikonas 1 0
deeding 1 0
notorious 51 0
skeletons 18 0
innigst 2 0
iedmontese 2 0
possibles 1 0
fluctuations 18 0
lasfenstern 2 0
kriegen 13 0
ssemblies 50 0
spluttered 1 0
ontour 4 0
ransmitted 2 0
aviary 1 0
aksimiles 1 0
erections 2 0
rescent 2 0
treitfrage 1 0
ueberzuschnallen 1 0
junior 6 0
requere 1 0
eophantis 1 0
oarsman 2 0
trotziger 2 0
trotziges 1 0
udas 21 0
bstracted 1 0
hinunter 54 0
udel 1 0
entrancing 5 0
udem 3 0
stifling 10 0
trotzigen 1 0
antiquite 1 0
uder 4 0
endelong 4 0
uden 22 0
ipszeltlein 1 0
vergeblich 15 0
uddy 3 0
helmes 2 0
helmet 23 0
arzustellenden 1 0
udea 2 0
lexicon 3 0
assander 1 0
murmur 55 0
helmed 1 0
muddy 53 0
udds 1 0
oravians 2 0
empronius 3 0
ravage 6 0
bluehet 1 0
kraenklich 1 0
antiquity 55 0
bluehen 5 0
arcellus 4 0
travel 139 0
uetigkeit 6 0
olloweth 2 0
beziehenden 1 0
squarebased 1 0
riscilla 2 0
quicksands 7 0
transitions 10 0
hitman 1 0
adgrove 2 0
companions 130 0
limart 1 0
ixnutzigs 1 0
levipes 1 0
beziehendes 1 0
udge 93 0
encumbrances 4 0
bakin 2 0
raemissen 1 0
supinely 1 0
disarm 5 0
overloading 4 0
flagging 3 0
nbarmherzigkeit 2 0
request 390 0
geronnen 1 0
aeulengange 2 0
deferentially 1 0
ollowers 3 0
udir 4 0
depositors 1 0
iesmal 13 0
verfuehrten 1 0
schwingt 3 0
atinis 1 0
bject 41 0
depository 1 0
uchtkruemmungen 1 0
cuspidatum 1 0
icagoras 3 0
anschaulichsten 1 0
fortfahren 8 0
uenscht 2 0
unconciliatory 2 0
avillion 3 0
sententiously 4 0
andelsverhaeltnis 1 0
herabtoenend 1 0
travis 1 0
ugelform 1 0
onspuez 1 0
uensche 60 0
mostly 103 0
hoarse 24 0
rchaeologists 2 0
gehuetet 1 0
transmitting 12 0
bourdes 1 0
ertrude 5 0
hichester 2 0
unlearned 13 0
xeunt 10 0
festival 41 0
scoundrel 29 0
scornfully 12 0
domesticated 7 0
bourded 1 0
routs 1 0
ategory 1 0
sticklers 1 0
occis 1 0
route 107 0
valuation 40 0
zerlegen 1 0
yfleet 1 0
roust 1 0
wiederkaeuendes 3 0
gestolpert 1 0
pleasantest 9 0
hinreiche 3 0
losbrach 1 0
stuetzte 6 0
wearying 3 0
useyism 1 0
rouse 50 0
unhitched 1 0
hinlaufen 1 0
squiers 4 0
cepit 1 0
zurueckfuehren 2 0
arbenschmuck 1 0
anzuruehmen 1 0
spraechest 1 0
disbar 1 0
vident 1 0
naufloesliches 1 0
noticeable 15 0
beschwerlich 16 0
uccessively 1 0
hinreicht 2 0
cultivate 84 0
sherif 1 0
imaginative 24 0
sborne 2 0
udor 9 0
ollect 4 0
uruestung 1 0
eatables 5 0
apanna 1 0
implicissimus 1 0
hundredth 12 0
ategood 1 0
dedicated 52 0
reikoenigstage 1 0
appertains 1 0
planet 22 0
toics 10 0
planes 3 0
gewidmeten 4 0
gewidmetes 1 0
prospectus 1 0
dedicates 13 0
vorbringen 4 0
hunderterlei 2 0
einloschiert 1 0
udna 1 0
planed 14 0
useyite 2 0
emarkable 4 0
plunging 13 0
etronne 1 0
euteronomy 1 0
authorising 2 0
pitzens 1 0
vereach 5 0
umgaben 11 0
erlobung 1 0
komplimentierten 1 0
transferring 14 0
whosomedever 1 0
ncampment 1 0
paraphernalia 9 0
respects 167 0
verwitterliche 1 0
idiot 26 0
unverbesserlichen 1 0
bliebn 1 0
existing 112 0
moneyed 1 0
troubleth 1 0
ergwanderung 1 0
bliebe 13 0
videri 1 0
idiom 5 0
ollege 95 0
eeigel 1 0
orgeschaffene 1 0
urcadus 1 0
gepredigten 1 0
inducting 1 0
orphaned 4 0
iding 20 0
revolved 7 0
verkuendige 1 0
ehernen 6 0
frican 66 0
gewoehnt 34 0
iographical 3 0
fremdes 8 0
gewoehne 2 0
zeige 10 0
assertions 15 0
fremder 10 0
groesste 81 0
robable 1 0
whimsical 17 0
fremdem 4 0
hilosoph 2 0
normities 4 0
fremden 62 0
revolves 5 0
verkuendigt 3 0
misconduct 21 0
rodigies 1 0
revolver 18 0
uncultured 1 0
baize 5 0
operative 14 0
chalons 1 0
detached 59 0
natheless 63 0
robably 44 0
faraway 5 0
underground 21 0
unconsumable 1 0
achinations 2 0
recreancy 1 0
anchorages 2 0
dived 22 0
ungemeine 3 0
anvil 5 0
compactness 2 0
condensed 32 0
dives 6 0
herbeilockt 1 0
aechtig 1 0
induction 25 0
hellte 1 0
condenses 6 0
insular 2 0
einschmeichelst 1 0
minglings 1 0
condenser 4 0
forthinketh 1 0
eigenstes 1 0
udty 1 0
ueberschreiten 1 0
unseren 6 0
egality 1 0
gestuerzt 6 0
ueberschreitet 1 0
innocences 1 0
unserer 106 0
ebenbuhlers 1 0
unseres 28 0
issolution 7 0
sachgemaess 1 0
bourdon 1 0
positive 131 0
eigensten 3 0
ersetzt 10 0
ewerke 1 0
crutator 1 0
strumming 2 0
rouze 1 0
unserem 11 0
ausgekommen 1 0
errants 2 0
instance 451 0
laconic 7 0
naehernden 1 0
rfahrensten 1 0
drown 36 0
sabres 5 0
importing 19 0
hieltest 3 0
errante 1 0
esangbuch 3 0
backward 72 0
baits 4 0
ambergschen 1 0
instande 1 0
houghtless 1 0
drove 161 0
occur 127 0
pleasant 332 0
ngoldstadt 1 0
eechy 23 0
erfluss 1 0
uspruch 5 0
boddom 2 0
occum 1 0
ntstehens 1 0
usone 1 0
sherry 4 0
wiederherstellend 1 0
sawdust 6 0
drout 1 0
spazierten 2 0
befell 35 0
position 562 0
andelgaengen 1 0
detaches 1 0
itternachts 1 0
toils 24 0
abfahren 1 0
hoards 3 0
rected 1 0
abundance 107 0
ontracts 6 0
mobbed 7 0
divan 6 0
agebuttenstrauch 1 0
eitraum 2 0
persevering 21 0
alplaquet 3 0
ancienne 2 0
coppices 1 0
lektrens 1 0
mysticism 13 0
wuenschen 56 0
assandra 4 0
respecks 2 0
wuenschet 2 0
eliance 3 0
apriorists 2 0
prospector 2 0
stirrups 13 0
eerage 6 0
hinreissen 2 0
complicate 2 0
curule 1 0
simplify 4 0
sabred 1 0
overstayed 1 0
aphaels 2 0
riedrichs 5 0
nomenclature 6 0
humanitarians 1 0
rouds 1 0
supplementing 1 0
interkasten 1 0
roude 2 0
efaellt 3 0
mangelhaft 1 0
astalian 1 0
gewaehlter 1 0
erchantmen 1 0
tardiness 3 0
lanter 3 0
lantes 1 0
ereintretenden 1 0
exceptionable 3 0
rouch 5 0
increments 1 0
stayeth 1 0
bejammern 2 0
plants 114 0
iguptou 1 0
inhalations 1 0
apabilities 2 0
bejammert 2 0
denoted 16 0
operating 23 0
capitation 12 0
bodyguards 1 0
aturszenen 1 0
invade 16 0
plante 1 0
denotes 11 0
ewerbe 18 0
rudgery 1 0
operation 261 0
announces 9 0
ruptionen 1 0
rector 30 0
geographischen 2 0
ungeladen 2 0
iderspruchsgeist 1 0
overcharged 5 0
reddidit 1 0
cylindrically 1 0
subliminal 42 0
ierpont 2 0
detests 3 0
niedergehen 2 0
xertions 31 0
durability 4 0
epentant 1 0
archidiaconal 1 0
aumsal 1 0
announced 112 0
farrdorfe 1 0
owning 13 0
lechzten 1 0
zugingen 1 0
anheben 1 0
firemen 2 0
scandalize 5 0
taughte 6 0
rechtwinkligen 1 0
ashioned 1 0
rough 188 0
uech 1 0
imparting 13 0
gewaehlten 1 0
rouge 3 0
schwimmt 2 0
usurps 3 0
readjustment 2 0
eeden 7 0
dismounted 36 0
uebt 8 0
declaring 62 0
wants 268 0
aemonen 3 0
emples 14 0
eeded 1 0
entfuehrt 5 0
usurpd 1 0
verdeckten 2 0
zehen 9 0
abgeschossenen 1 0
uebe 6 0
unbarred 3 0
chequered 1 0
unmutige 1 0
wanta 11 0
forearmed 1 0
alistope 2 0
aubergestalt 1 0
esterner 1 0
alediction 1 0
voruebergegangen 6 0
rouet 1 0
schwimme 1 0
sullying 1 0
employ 299 0
ueek 2 0
nterschleif 1 0
nsuccessful 3 0
ngust 1 0
prefixing 2 0
annecker 1 0
ueer 1 0
genaehrten 1 0
oldaten 30 0
immermeister 45 0
ueen 284 0
epsilon 1 0
wormlike 1 0
soothingly 2 0
addressers 1 0
staples 5 0
hineinlenken 1 0
uede 4 0
octogenarians 2 0
rould 1 0
imagination 286 0
orbeerkranz 1 0
propound 3 0
trefflichen 41 0
trauer 1 0
trefflicher 23 0
trauen 15 0
treffliches 4 0
testicles 1 0
damages 130 0
protector 21 0
umusformen 1 0
uego 2 0
stapled 1 0
cqua 4 0
uege 33 0
unpicturesque 1 0
stitching 1 0
inspiriting 3 0
loridas 1 0
introductions 2 0
unmoral 1 0
ommentator 1 0
railroad 77 0
christlich 4 0
cribbler 1 0
multitude 136 0
sweetness 89 0
nreinigkeiten 1 0
planks 14 0
ejusmodi 1 0
erscheinendes 1 0
xplain 10 0
trauch 1 0
luebells 2 0
zehre 1 0
damaged 75 0
kleidete 7 0
erscheinenden 3 0
mercilesly 1 0
ueberfallen 8 0
sirrah 1 0
zureichend 2 0
helley 12 0
snmell 1 0
heller 17 0
helles 5 0
xhibitionen 3 0
hellen 14 0
atimer 5 0
hellem 3 0
uehn 1 0
petrified 10 0
uehl 1 0
instants 5 0
bekleideten 1 0
miswrite 1 0
copulations 1 0
stitious 1 0
unvisited 2 0
uehr 4 0
bleibenden 1 0
autocratic 7 0
erzengrad 1 0
verschiednen 10 0
errands 9 0
teilnimmt 1 0
umwendete 3 0
remodelled 7 0
uehe 130 0
verschiedner 4 0
verschiednes 1 0
subservience 3 0
chlaeuche 1 0
dulling 1 0
muche 34 0
eelings 25 0
holding 273 0
petrifies 1 0
rleanism 1 0
snowbanks 1 0
eichens 1 0
hortuli 1 0
alkans 1 0
subserviency 4 0
heimhalten 1 0
uebereiltem 1 0
zehne 1 0
round 1128 0
edexilana 2 0
uebereilten 2 0
anbetrifft 1 0
uebereiltes 1 0
kleroumenoi 1 0
zehni 2 0
paternal 45 0
hurries 6 0
nerkennen 2 0
unrest 16 0
vorwaertstastend 1 0
atumeus 1 0
dunkelbraune 1 0
condoled 2 0
curtsy 1 0
lanceshaft 1 0
building 298 0
geological 12 0
tolls 26 0
awson 37 0
warnt 2 0
ausgerufen 2 0
warns 7 0
interestedness 1 0
tolle 8 0
execrable 10 0
omplot 1 0
warna 5 0
warne 6 0
chanting 17 0
uell 10 0
trashy 1 0
shaving 9 0
submissive 20 0
zudringlicher 1 0
neatherds 2 0
urzeln 10 0
lackmore 8 0
hurried 156 0
warms 14 0
warmt 1 0
erschwunden 2 0
anzuspannen 1 0
invaders 25 0
warme 11 0
enschenmasse 3 0
encamp 7 0
uelf 1 0
himaera 1 0
utheit 3 0
egentage 4 0
ntroductio 1 0
ridiculed 23 0
respektabel 1 0
charfsehenden 1 0
ceson 1 0
nightly 15 0
polishing 7 0
uartermasters 1 0
besiegten 1 0
etestation 1 0
baneful 12 0
reuden 118 0
vermagst 6 0
medically 1 0
durchschiffen 1 0
uenz 1 0
cypress 11 0
uend 2 0
uene 1 0
asthofes 1 0
uena 2 0
ridicules 2 0
disarrange 4 0
uenf 7 0
chikanen 1 0
flexing 1 0
deinetwillen 4 0
unsweet 1 0
binden 5 0
helpen 2 0
helper 5 0
ontrol 4 0
frieze 6 0
arisian 17 0
bereuen 3 0
bindet 2 0
helped 126 0
irregulars 8 0
remenant 5 0
bereuet 1 0
binder 3 0
icerone 2 0
ithynian 1 0
atreds 1 0
ngolstadt 9 0
aculties 5 0
unrent 1 0
unverschaemter 1 0
nutmegs 1 0
unverschaemten 1 0
talienerkeller 1 0
puddle 4 0
aechste 4 0
ebenen 1 0
herumtappte 2 0
brauchbarsten 1 0
uess 16 0
ommendeth 1 0
uest 13 0
religieux 1 0
schemers 1 0
olsheviki 1 0
wegfahren 1 0
lacework 2 0
warld 3 0
errarat 1 0
entziehen 25 0
ebener 1 0
yprischem 2 0
adwalader 1 0
uery 2 0
aureoles 2 0
hemannes 1 0
practicing 7 0
ebende 4 0
ovalis 1 0
chutzengel 1 0
reudig 4 0
termartusses 1 0
crap 5 0
rchonten 1 0
ueri 1 0
gewebt 3 0
uerd 3 0
cram 9 0
uere 156 0
reblackened 1 0
emplaster 1 0
strikingly 19 0
uern 17 0
crag 4 0
uerm 8 0
crab 2 0
albeit 17 0
uerk 1 0
ueux 2 0
llyria 1 0
knighthood 15 0
indito 1 0
ilhelms 50 0
omplex 2 0
respektable 1 0
altitudes 5 0
ccidents 12 0
somersault 2 0
hugging 4 0
zertreten 3 0
weighede 1 0
uett 3 0
eopard 5 0
uthers 5 0
avasupai 34 0
utheri 1 0
rwartungen 3 0
albeck 1 0
nightes 6 0
indite 15 0
veraenderte 11 0
negligentia 1 0
iktualien 1 0
uete 30 0
hoplite 1 0
warum 168 0
oubting 2 0
anyon 497 0
unreif 1 0
negligently 2 0
ternally 1 0
crew 64 0
unincumbered 1 0
jfieser 3 0
usspredigt 1 0
curtly 5 0
unrein 3 0
ilvius 2 0
sundered 11 0
trouves 1 0
cres 5 0
crep 3 0
eldmarschall 6 0
royal 225 0
ablocken 1 0
ewesne 1 0
usruf 3 0
laxatives 3 0
chrecken 34 0
iceroes 1 0
llah 40 0
nvermoegenden 1 0
usurer 2 0
astonishingly 6 0
closure 2 0
prides 4 0
llan 13 0
helmets 7 0
warre 13 0
eruhigen 1 0
fooleries 4 0
arpolins 1 0
ekicher 1 0
orbets 1 0
assuaged 1 0
orberg 11 0
eltiques 1 0
ecital 1 0
warts 1 0
verhoehnte 1 0
warte 7 0
trasse 101 0
crib 10 0
necdotorum 1 0
ersaeumte 2 0
royes 6 0
assuages 2 0
filth 20 0
warst 38 0
reliant 3 0
bedauernde 1 0
turkeys 8 0
bundant 1 0
crip 5 0
befruchtet 1 0
agnanimity 7 0
iceroys 1 0
tipsey 1 0
etrunkenheit 3 0
lley 2 0
yaena 1 0
drowning 36 0
nativity 8 0
enrichment 1 0
graciousness 6 0
llee 7 0
proprietaire 1 0
iberorum 1 0
waimenting 5 0
emeinden 1 0
kheimerio 1 0
llem 6 0
llen 36 0
poverty 189 0
lles 126 0
vanquishing 1 0
geerbt 3 0
ller 7 0
pleasers 2 0
canyoncito 1 0
prognathism 1 0
lombardischen 1 0
geborgen 7 0
thinning 4 0
erlangen 96 0
lldo 1 0
ntersaetzen 1 0
corruption 99 0
eingeritten 1 0
olleys 1 0
ontrat 2 0
anzig 1 0
promontories 11 0
weiterredn 1 0
egenstrom 1 0
interminable 20 0
matching 3 0
discus 1 0
erwunderten 1 0
corrupting 18 0
pleaseth 3 0
erweitern 12 0
settisfaction 2 0
einsehe 1 0
pglaf 7 0
friendless 9 0
chattenbild 2 0
einsehn 1 0
zurueckfuehrte 1 0
ppointmt 1 0
greuliche 1 0
efangen 2 0
hoefliche 1 0
ausbrechen 3 0
krachend 1 0
rovincials 25 0
interminably 1 0
onceiving 1 0
meergruenen 1 0
efundene 1 0
shente 1 0
enact 10 0
trostvollen 1 0
llin 4 0
llis 5 0
reduziert 1 0
defiance 46 0
erwhelms 1 0
custume 1 0
leichfalls 2 0
flashy 1 0
zurueckerinnern 1 0
llie 11 0
anabata 1 0
crow 41 0
crop 94 0
aechter 13 0
mercenary 28 0
ncessuque 1 0
sketh 1 0
ufer 3 0
auszumalen 2 0
ufen 8 0
ueberzog 4 0
aechten 13 0
flasks 2 0
anzer 3 0
anzes 12 0
immelfahrt 2 0
arentage 2 0
neuesten 3 0
awmens 2 0
lfieri 14 0
crry 1 0
saturates 1 0
anzen 63 0
chaetzung 2 0
anzel 3 0
jungfraeulich 1 0
pritschte 1 0
vorletzten 1 0
benteurer 4 0
vorletztes 1 0
bracelet 7 0
deloojes 1 0
saturated 13 0
erbstabend 1 0
discourse 89 0
target 10 0
obstruct 25 0
aureolus 1 0
inheimischen 2 0
annsstimme 1 0
enace 1 0
bersieht 1 0
olchstoss 1 0
ungenannte 1 0
vorbelobten 1 0
weighest 1 0
drawstring 1 0
tolde 11 0
afael 1 0
ebenso 62 0
warft 1 0
amnesty 5 0
crue 1 0
oriential 1 0
azarlaedchen 1 0
erzueckung 3 0
verkuemmertes 1 0
verkuemmerten 1 0
weigheth 1 0
modelliere 1 0
sabots 5 0
olksmenge 4 0
zielte 1 0
toler 2 0
waren 852 0
ichmond 23 0
uffo 3 0
wares 15 0
matches 21 0
waret 1 0
argwoehnen 2 0
laeppische 1 0
phantastisch 3 0
matched 17 0
spunky 1 0
jungle 118 0
erbesserungen 2 0
zunimmt 1 0
zuzubereiten 2 0
interessanteste 1 0
autographed 1 0
orbeer 6 0
raeculi 1 0
anzar 1 0
rieftaschen 1 0
jungly 1 0
lloy 1 0
babtizin 1 0
ieskau 1 0
llow 11 0
lloa 7 0
wastefulness 1 0
crus 1 0
abidest 1 0
toothlessly 1 0
kurze 33 0
modelliert 1 0
acksons 1 0
disorder 81 0
onfederacy 9 0
abideth 7 0
hereinkann 1 0
ehmals 27 0
nersaettlichkeit 2 0
cousinage 3 0
hinueberzufuehren 2 0
bodder 10 0
crux 1 0
trodden 34 0
weepings 1 0
efangne 1 0
peinlichsten 2 0
spontaneously 21 0
warbt 1 0
warbs 1 0
abgeschrieben 4 0
spunge 1 0
pastures 31 0
verbundnem 1 0
inclosed 25 0
erehrer 5 0
gefuehret 1 0
zurueckzusehen 1 0
crye 1 0
erzherzoglichen 1 0
pastured 3 0
iesenfortschritte 1 0
negotiate 11 0
apajos 1 0
verhoehnet 1 0
erweitert 6 0
asthoefe 1 0
swerved 4 0
discontened 1 0
ofmeister 5 0
vorzukommen 1 0
antennaria 1 0
uthees 1 0
epithet 23 0
hinzieht 6 0
matchin 1 0
schwerhalten 2 0
ersaeumen 1 0
spungy 1 0
verschossenen 1 0
diaper 1 0
astoralis 1 0
herueberschalle 1 0
betragen 17 0
incloses 1 0
ueberfluessigen 3 0
foemen 7 0
groesser 41 0
ueberfluessiges 1 0
lighthouse 1 0
orbear 1 0
ewuenscht 1 0
piegeln 1 0
aefelchen 1 0
wards 8 0
arished 1 0
nrainer 1 0
rundsaetzen 25 0
ollens 2 0
hadowy 1 0
hadows 5 0
paduanischen 2 0
dekoriert 1 0
earnestly 117 0
jungit 1 0
eiffensteinischen 1 0
entdeckte 41 0
enauigkeit 5 0
trated 1 0
xceptional 1 0
traten 33 0
erlangte 4 0
woselbst 3 0
tooles 1 0
whorls 4 0
oegliche 3 0
egierung 15 0
verkauft 20 0
entledigen 4 0
grasshoppers 3 0
leichtfertig 2 0
verkaufe 1 0
ttachement 1 0
memoriert 2 0
tintinnabulum 2 0
chnelle 5 0
sukzessive 1 0
bedeutendsten 1 0
ustandes 18 0
rautland 1 0
elmstadt 1 0
entuck 2 0
shepen 1 0
runkenness 6 0
perswading 2 0
sweetenin 1 0
empfaengliche 1 0
anerkannt 5 0
arktschiffe 1 0
kuras 3 0
slicing 2 0
ebrauches 1 0
vergeltendes 1 0
ochineal 1 0
awesome 4 0
nachfolgen 2 0
skein 1 0
recque 1 0
cackeling 1 0
ntermezzen 1 0
undusted 1 0
evante 1 0
llzu 2 0
frets 1 0
frett 3 0
nabbuks 1 0
distich 4 0
pricks 1 0
erstaune 1 0
wedlock 10 0
chipmunk 1 0
prosoenium 1 0
imeon 8 0
ramers 3 0
ausweichen 8 0
ecrops 1 0
erwiderten 4 0
freun 8 0
rhaltungsgeist 1 0
freut 33 0
ufenthalts 10 0
ugustinus 10 0
ciclaton 1 0
vermauern 1 0
ufenthalte 5 0
freue 18 0
mitnehmen 12 0
iment 1 0
attributions 3 0
gegoennte 1 0
vermauert 4 0
ocene 11 0
duerfte 29 0
drippings 1 0
baldo 1 0
befouling 1 0
dottissime 1 0
schwaermerische 3 0
instructs 3 0
ufus 89 0
ebelfer 1 0
frere 13 0
ingiessen 1 0
erstaunt 25 0
ufts 1 0
dreinstolpert 1 0
imareta 2 0
bales 8 0
obviously 57 0
transgressors 3 0
urnished 2 0
ufti 2 0
esellschaftsplatze 1 0
walrus 1 0
beseelenden 1 0
etractions 1 0
disburs 1 0
fresh 550 0
skeer 12 0
jollities 1 0
warblings 2 0
ussvolk 1 0
amplifying 2 0
ekaennte 1 0
tiptoe 11 0
entanglements 2 0
taints 2 0
eominster 1 0
daherzog 1 0
countertail 1 0
allyvore 1 0
auszuleiden 1 0
leichtglaeubig 1 0
pricht 3 0
luecksgutes 1 0
usuebung 13 0
insiedlersinne 1 0
frens 1 0
minimized 2 0
cered 1 0
ischbeins 5 0
nickeled 4 0
uscheln 9 0
resisted 45 0
considerately 1 0
pricke 2 0
lectrified 1 0
creator 14 0
edecin 1 0
lainers 1 0
tattlicher 1 0
ohemian 28 0
ollendens 1 0
ausschliessliche 2 0
cursed 83 0
uintius 1 0
unexpired 1 0
proceeds 76 0
dismantled 6 0
unterschlagen 1 0
limekiln 1 0
ellida 2 0
wohlgebildete 3 0
unanstaendige 2 0
eschieben 5 0
fremd 28 0
feebleness 12 0
cubberd 2 0
creatur 2 0
priced 2 0
bnoxious 1 0
withering 14 0
curser 1 0
curses 31 0
heraustreibt 1 0
upfergeld 1 0
einzuwilligen 1 0
missish 1 0
ahrende 1 0
skelf 2 0
efusals 1 0
armorvasen 1 0
sentiments 166 0
kriegte 2 0
roechelte 1 0
ustices 9 0
freit 1 0
skelp 2 0
prices 99 0
loudest 10 0
ueenstown 3 0
amercement 3 0
kriegst 6 0
awthegither 3 0
goennte 4 0
natura 1 0
missive 2 0
naturd 1 0
nature 1821 0
radley 10 0
armorkrug 1 0
riefblatts 1 0
benignity 16 0
recoils 1 0
atteltaschen 2 0
widersetzte 5 0
cashmere 2 0
baccata 1 0
ugan 2 0
cicalas 2 0
enggedraengten 1 0
ponder 10 0
hiccoughing 1 0
blickt 13 0
scandal 39 0
friend 1138 0
egulating 2 0
slenderest 1 0
oodfellow 1 0
crystallizes 1 0
friens 2 0
mission 91 0
crystallized 1 0
puckering 1 0
dreifachem 1 0
tertiane 1 0
dreifachen 2 0
estellungen 3 0
mercantile 101 0
reinstated 1 0
unread 1 0
erkauf 7 0
fieberhaft 1 0
flares 1 0
stuempermaessig 1 0
unpaved 1 0
osenhuegel 1 0
noovers 1 0
amnonius 2 0
unreal 13 0
confessor 16 0
lidded 2 0
ugby 1 0
blicke 3 0
idlin 4 0
verunglueckte 4 0
betrafen 1 0
xycrocium 1 0
postponing 5 0
dreffle 4 0
oncourse 2 0
tockden 1 0
prided 5 0
beloved 99 0
daherzieht 1 0
ugar 16 0
egulation 7 0
untalked 1 0
andwirte 1 0
flared 4 0
rowen 1 0
rowel 1 0
verstaubt 1 0
rower 3 0
tuelpt 1 0
andwirth 1 0
epfindungen 1 0
orations 3 0
erschmaehung 1 0
bejahrten 2 0
duerfen 61 0
konvergieren 1 0
fille 2 0
rackenburgs 1 0
ugen 581 0
ugel 19 0
counterweights 2 0
clattered 8 0
requiem 4 0
filly 6 0
missile 1 0
distinctions 53 0
passion 342 0
erechild 6 0
fills 39 0
films 17 0
liebenswerteste 1 0
rellet 2 0
grassmarket 2 0
ocean 137 0
ugustinen 4 0
zusammenlebten 1 0
filmy 1 0
metuit 2 0
unfolding 11 0
unstaying 1 0
adults 12 0
muede 31 0
pushest 1 0
worrul 1 0
shelves 25 0
idley 1 0
missing 34 0
yades 1 0
basements 2 0
gestuetzt 7 0
ornboden 1 0
piddling 1 0
idled 1 0
verkannten 1 0
idler 6 0
untaetiger 2 0
verkannter 1 0
discernment 19 0
eynard 2 0
ttached 2 0
rousing 10 0
dragonflies 3 0
golino 1 0
uges 6 0
balus 1 0
passing 352 0
shelved 3 0
oldfield 2 0
pancratiast 1 0
christianity 3 0
freedmen 3 0
ppear 2 0
supernaturally 1 0
treffen 27 0
tained 2 0
upbringing 1 0
ppeal 6 0
iesler 8 0
staysail 1 0
differierenden 1 0
unnuetzen 3 0
nction 3 0
raitors 5 0
throated 7 0
arising 98 0
ught 17 0
otschaft 13 0
arisini 1 0
ughs 2 0
heredity 7 0
cquirement 1 0
filia 1 0
uggy 1 0
ablockte 1 0
rancolin 1 0
acquainted 286 0
traurige 28 0
aggressor 3 0
snowballs 1 0
ondomar 2 0
poultice 1 0
baendige 1 0
leinenen 2 0
erforschen 5 0
zugestanden 9 0
declaimed 4 0
feature 97 0
swough 3 0
worril 2 0
ausstreckte 3 0
baendigt 1 0
glacial 3 0
zaertlich 32 0
certe 1 0
rosera 1 0
aufhaetten 1 0
rowns 12 0
congratulatory 4 0
certi 1 0
certo 1 0
ausstreckst 1 0
rowne 1 0
toker 1 0
token 25 0
amenkapseln 2 0
chastising 5 0
cornflower 1 0
submission 88 0
ebastian 11 0
innezuhalten 1 0
iegerin 1 0
schlafende 1 0
einerlei 19 0
gedruecktes 1 0
hergeschleppt 1 0
zurechte 3 0
sidereal 2 0
reuzsakra 1 0
willens 2 0
dacent 2 0
confessen 1 0
confesses 12 0
atikan 4 0
confessed 106 0
reiundachtziger 1 0
abounded 24 0
efficaciousness 2 0
filed 15 0
balks 1 0
hector 1 0
usgesaet 1 0
goennen 17 0
ugly 91 0
tinkling 13 0
errapin 5 0
friert 1 0
rowth 18 0
rabstaette 1 0
essenungeachtet 7 0
mouthful 9 0
files 286 0
ullarium 1 0
ommentarii 1 0
ynagoge 1 0
ehnlich 1 0
auflehnen 1 0
usticus 1 0
alberg 4 0
balls 64 0
ballt 1 0
geographische 1 0
omplts 3 0
albern 4 0
geology 10 0
ufklaerung 3 0
etterbaeche 1 0
zusammenbringen 2 0
bizness 14 0
sweetened 3 0
vollbrachtem 1 0
endowments 13 0
turtevant 1 0
cerra 1 0
glacier 5 0
filch 1 0
sichtbare 4 0
ratiocination 2 0
huepfender 1 0
satisfy 171 0
ebastien 1 0
balmy 8 0
passive 39 0
vollbrachter 1 0
balme 1 0
uendenweg 1 0
taines 1 0
category 5 0
ustum 1 0
combativeness 2 0
ickliffe 1 0
amburini 1 0
watry 3 0
ochre 4 0
dishonor 14 0
drunk 115 0
unbedachtes 1 0
unbedachter 1 0
arrisons 4 0
osloesen 1 0
triply 2 0
superlatively 3 0
acidly 1 0
ungfrauenbefreier 1 0
canter 10 0
ausgewaehlte 1 0
standards 26 0
neatness 18 0
triple 17 0
ntimacy 4 0
unhinged 2 0
canted 3 0
drums 28 0
heartedly 2 0
tability 5 0
eobachtungen 13 0
auroral 3 0
demonstratively 2 0
enseroso 3 0
ypride 2 0
kaltsinnigste 1 0
ngnoden 1 0
thwacked 1 0
arrisond 1 0
rausamkeiten 1 0
zenen 24 0
yprien 1 0
straight 377 0
pollonides 1 0
lgesir 1 0
raevius 1 0
stachlich 1 0
ubber 1 0
quadrate 1 0
erschwiegenheit 5 0
chneeflocken 1 0
alloyed 1 0
durchgaengig 3 0
ugus 1 0
mickle 1 0
ietken 38 0
beatific 3 0
reuzteufl 1 0
masterpieces 18 0
ugur 2 0
chimaeren 5 0
compouned 2 0
durchwachen 1 0
eisterwerke 2 0
joying 1 0
emembering 4 0
woodenly 1 0
compounds 5 0
otticelli 1 0
nemorumque 1 0
umpotika 3 0
marvell 1 0
unzugaenglichen 1 0
ealthful 1 0
unhinges 1 0
abstracted 18 0
ochte 1 0
tripod 4 0
ackerten 1 0
eichten 1 0
eligionaires 1 0
eichtel 1 0
keenness 13 0
itglieder 1 0
eichter 1 0
marvels 15 0
eichtes 4 0
uebermuetiger 2 0
yprian 27 0
gibberin 2 0
uebermuetigen 5 0
veranlassten 1 0
hristenlauf 1 0
ustre 5 0
ranging 15 0
thouroughly 1 0
ustro 5 0
iography 5 0
mantlepiece 1 0
fountain 82 0
piepet 1 0
laxman 1 0
feinsten 8 0
crisped 1 0
angekuendigt 6 0
carrion 12 0
awgiver 2 0
besitze 15 0
iderreden 4 0
traveling 27 0
ubble 2 0
erfuellet 3 0
podium 1 0
besitzt 27 0
erfuellen 26 0
gefaelligsten 4 0
sledded 1 0
herumlaeuft 1 0
omanist 2 0
baying 5 0
wirkende 1 0
wohlgeoeffnete 1 0
bstruction 2 0
puerility 3 0
soonest 9 0
abscess 2 0
iatessaron 2 0
erzweifelung 5 0
hakspere 5 0
energetic 48 0
reorganized 1 0
drugs 32 0
eindrangen 2 0
cantle 1 0
sarcastic 18 0
trienter 1 0
tortures 6 0
verschwendet 8 0
pprentices 1 0
dergleichen 74 0
crinkling 2 0
verschwenden 4 0
posterum 1 0
lney 4 0
tortured 27 0
resignations 2 0
liegen 98 0
supernaturalism 1 0
lieget 1 0
drubs 1 0
lieges 4 0
ventilated 6 0
bestaeubt 1 0
drubb 1 0
wayfaring 2 0
ugeredet 1 0
schleunigen 1 0
abstractly 2 0
getreten 9 0
angekommenen 2 0
yrical 1 0
abourer 3 0
ndirectly 1 0
imperceptibly 9 0
itternd 1 0
impenitent 2 0
verklagte 1 0
weggefuehrt 1 0
kahuna 2 0
anschicke 1 0
verderblichsten 1 0
imperceptible 15 0
knighthead 1 0
itterly 2 0
zeichnete 23 0
glimmt 1 0
disarranged 3 0
eatorum 1 0
eistande 3 0
oehern 1 0
oehere 1 0
cantos 4 0
uehlsteinen 1 0
wohlbesetzten 1 0
canton 14 0
epreciated 1 0
xtremely 1 0
omestiken 1 0
arjory 246 0
imile 2 0
rotroeckiger 1 0
amentations 2 0
chlimmen 1 0
idore 1 0
stato 1 0
atullus 6 0
chlimmes 1 0
igensinne 4 0
hiche 2 0
refrain 54 0
usten 14 0
state 1738 0
konsequente 1 0
lowdens 1 0
isapprobation 2 0
ettite 77 0
euillants 1 0
ctob 10 0
nsichten 20 0
statt 58 0
statu 3 0
uehlbach 4 0
ctor 2 0
herbeilief 1 0
cton 2 0
falconry 3 0
wasting 21 0
naster 1 0
liefen 12 0
stave 4 0
revelations 19 0
constitutional 83 0
liefer 1 0
ngerechtigkeit 6 0
auszuschneiden 1 0
instinctive 20 0
desired 228 0
anschraubte 1 0
einster 1 0
inclination 127 0
eautiful 14 0
uster 33 0
desires 146 0
forbidden 65 0
umanistic 1 0
desiren 2 0
seizeth 1 0
ruchtbarkeit 9 0
ungesehenen 1 0
watch 283 0
elispel 1 0
anking 1 0
ankind 117 0
oches 17 0
ocher 3 0
frill 3 0
philosophiarum 1 0
unselige 2 0
revelatioun 1 0
ustaf 2 0
eastern 67 0
encho 2 0
blooded 14 0
ubans 1 0
surprising 74 0
underdinge 1 0
rauben 26 0
oylston 1 0
dacht 16 0
herangereift 1 0
encil 1 0
expiring 11 0
uhig 8 0
chelmen 3 0
ouvray 2 0
innehs 1 0
ences 1 0
ongboat 6 0
orgenlaendern 1 0
faendest 1 0
idols 31 0
uhio 1 0
stark 80 0
haryceon 1 0
stare 56 0
onnecticut 61 0
starb 26 0
aufmache 1 0
eichste 1 0
indessen 102 0
starf 8 0
idola 4 0
frika 4 0
beruehren 12 0
thirsteth 1 0
ustan 1 0
ehedem 1 0
start 309 0
starr 12 0
stars 177 0
illiamsburg 5 0
ustav 3 0
beruehret 2 0
aufmacht 1 0
etting 11 0
fraile 1 0
erpendikels 1 0
kivered 1 0
ennsilvania 1 0
hotels 25 0
ochen 41 0
isschen 27 0
commonwealth 38 0
eeing 26 0
uendelchen 2 0
hopkeeper 2 0
spewest 1 0
ustly 2 0
schaudernder 1 0
schauderndes 1 0
unholy 20 0
beneidenswerten 2 0
complementary 2 0
jasmine 6 0
verklagen 4 0
ewuerme 1 0
crumpled 17 0
episcopacy 1 0
rethis 2 0
quadrant 2 0
tonig 2 0
drowsiness 8 0
seeress 1 0
nsomuch 1 0
raetselhafter 1 0
storekeepers 1 0
prudish 3 0
raetselhaften 1 0
reappearances 1 0
hergenommen 1 0
leavings 1 0
tonic 5 0
betaeubenden 1 0
strickenden 1 0
unhold 4 0
drunkelew 1 0
eisende 20 0
unkelheit 14 0
vorbehalten 3 0
ransubstantiation 5 0
ventilation 3 0
consume 69 0
mannere 65 0
chiselled 5 0
uhms 4 0
eliberations 1 0
ustom 43 0
uston 1 0
frien 7 0
entrisch 1 0
staunenswuerdigen 1 0
consult 56 0
mildly 23 0
manners 301 0
ustos 2 0
consuls 6 0
uhme 6 0
oriconi 3 0
ennsilvanus 1 0
ochin 6 0
parentage 4 0
manness 1 0
lbigenses 4 0
sixteenth 109 0
irrigate 4 0
akontala 1 0
ustig 3 0
zwang 3 0
nverstand 1 0
ustin 42 0
protrusions 3 0
aufleute 12 0
toned 9 0
coquettes 2 0
abgezeichnet 1 0
erbleichte 1 0
water 1769 0
fried 9 0
cantar 1 0
diffikilt 1 0
stays 22 0
gedaempfter 1 0
gedaempftes 1 0
refflichsten 2 0
ausblasen 1 0
eidenschaft 130 0
rediter 1 0
uhne 1 0
gedaempften 2 0
entertain 107 0
hyilus 1 0
olben 1 0
reptiles 9 0
humiliations 5 0
prefaced 1 0
wohlerhaltenen 1 0
abzumalen 2 0
dissolating 1 0
thickened 8 0
toney 1 0
rumbleth 2 0
beaming 18 0
sixteen 125 0
dumplin 1 0
tones 98 0
zugeknoepften 1 0
friar 47 0
iebesneigung 1 0
verkaelten 1 0
ustiz 1 0
ustis 3 0
frica 136 0
tongs 8 0
entertained 117 0
colleague 15 0
recency 1 0
puffers 3 0
ssumption 2 0
ginnen 1 0
follers 1 0
wohlerhaltenes 2 0
einluden 1 0
ankier 2 0
durchsehe 1 0
spanisch 2 0
assermelone 1 0
finde 91 0
stack 34 0
banjo 2 0
olain 1 0
elletri 3 0
stunning 6 0
stach 4 0
gagged 1 0
finds 159 0
findt 5 0
penetrates 10 0
wasps 5 0
eichsel 2 0
unuebersehlich 3 0
rocopius 3 0
cube 5 0
railway 88 0
eiress 3 0
fined 5 0
waspe 1 0
banks 211 0
raetselhafte 2 0
cyrran 1 0
meddle 28 0
importers 10 0
mpossibility 2 0
espect 77 0
finer 92 0
gedankt 2 0
disinterrested 3 0
fines 19 0
mildes 3 0
milder 19 0
gebruestet 1 0
mildew 5 0
argwoehnische 1 0
ussuf 2 0
heraushilft 1 0
rethou 1 0
influential 26 0
importeth 1 0
mildem 3 0
milden 3 0
nzuverlaessigkeit 1 0
rgwohns 1 0
testaments 3 0
gefuehrte 1 0
negations 2 0
nsecurity 3 0
rniedrigung 2 0
prefigure 1 0
verwarf 4 0
acquisition 52 0
usste 7 0
palaestra 1 0
uphaud 2 0
ssurance 19 0
advent 13 0
cosmography 2 0
forbear 33 0
staff 79 0
cubs 2 0
uscany 22 0
alembics 1 0
belehrenden 2 0
enflame 1 0
stage 273 0
stupefying 2 0
complicated 65 0
eichsstaenden 1 0
ivana 1 0
vielfache 4 0
raubte 1 0
finch 1 0
enate 66 0
gruendlichsten 1 0
belehrender 2 0
sixtieth 3 0
fineness 22 0
olang 9 0
oland 78 0
passport 28 0
stattfinden 2 0
llumination 8 0
roined 1 0
cuff 6 0
stattfindet 1 0
ermitteth 1 0
nabbin 1 0
ugenio 1 0
ivals 4 0
lgeria 7 0
ungebundene 1 0
lapidibus 1 0
olans 2 0
bangs 2 0
ummary 4 0
inconsistently 1 0
sermon 99 0
cuds 1 0
ibylle 4 0
psychologists 2 0
misleading 7 0
enaut 1 0
final 235 0
paradise 29 0
angenommen 25 0
bange 18 0
loan 28 0
loat 1 0
enard 2 0
untress 2 0
reditor 3 0
load 93 0
staat 1 0
loaf 13 0
vergehenden 1 0
ufwieglern 1 0
ultramontanism 2 0
loam 14 0
hitefolks 1 0
loak 3 0
feasted 7 0
andvolk 1 0
ustigsein 1 0
stronomers 1 0
wasna 2 0
advert 9 0
stabb 3 0
hials 1 0
feastes 5 0
obsairve 1 0
andvoll 7 0
adverb 3 0
chmalkald 5 0
weifeln 7 0
anzog 3 0
parading 3 0
pazieren 2 0
loca 1 0
stale 6 0
stalk 42 0
lock 96 0
unruhvolles 1 0
loci 1 0
schadlos 8 0
entbindet 1 0
loco 1 0
riesterschaft 3 0
beteche 1 0
framing 12 0
heritors 1 0
erzwinge 1 0
lobt 2 0
schnellern 1 0
mustarsh 2 0
oerperchen 1 0
stall 33 0
foxhound 7 0
audited 1 0
beruehrte 10 0
bsatz 8 0
espekt 14 0
schnellere 2 0
lobe 23 0
weifels 1 0
agedorn 3 0
farting 1 0
rozen 2 0
dahinreissen 1 0
artturn 1 0
elmets 1 0
rebuff 3 0
towing 14 0
culi 1 0
entschloss 22 0
bescherzte 1 0
loes 3 0
operates 27 0
timekeepers 1 0
stamp 81 0
disseminate 5 0
eisterstuecken 1 0
operated 25 0
bands 51 0
enand 1 0
cetic 1 0
abipurzeln 2 0
eefahrer 3 0
cult 1 0
unseely 1 0
nachdenkend 7 0
stank 3 0
chmerzenstoene 1 0
cull 2 0
stand 868 0
hiaja 1 0
stane 4 0
wattle 1 0
loen 4 0
contraption 1 0
florists 1 0
tiefsinnigsten 1 0
banes 3 0
stans 1 0
slightegt 1 0
hilaenis 2 0
lodg 1 0
ruchtfeld 1 0
bandy 3 0
egensburg 9 0
lode 1 0
atthews 1 0
lpheus 2 0
wahrend 1 0
stags 5 0
subject 1161 0
certifying 5 0
hinauswuchsen 1 0
olaus 1 0
cunt 2 0
negotiation 17 0
verengt 2 0
weaknesses 18 0
logs 61 0
batallion 1 0
summoning 13 0
waste 176 0
innere 37 0
erkzeugs 1 0
langweilig 7 0
loft 23 0
verkleinernden 1 0
ythagorischen 1 0
daybreak 44 0
udicrous 1 0
floures 1 0
stahl 3 0
dullest 7 0
erkzeuge 6 0
staid 20 0
inners 6 0
innern 34 0
eschaukelten 1 0
innerm 3 0
imaeus 5 0
enais 1 0
stair 25 0
uick 10 0
negotiating 9 0
activates 1 0
stain 32 0
wiederherstellen 1 0
geraedert 1 0
uncommon 71 0
seligpreist 1 0
loin 6 0
cups 53 0
lois 30 0
quaedukt 2 0
penetrated 51 0
rebuke 45 0
questioned 65 0
rgans 4 0
banal 2 0
legitimately 5 0
vorgenommen 17 0
stake 53 0
questioner 5 0
elustigungen 2 0
rgane 6 0
naemliche 5 0
aswoon 1 0
cuor 3 0
lohn 3 0
curl 18 0
empirical 6 0
curd 3 0
cure 121 0
ofhunds 1 0
curb 29 0
undutiful 5 0
zudringenden 1 0
entworfen 4 0
utterworth 2 0
womanishe 1 0
aufgetuermten 1 0
dependant 5 0
curt 5 0
retico 6 0
sbmaa 4 0
curs 5 0
ussar 1 0
hinterdreinwerfen 1 0
rlesienne 1 0
uide 14 0
divergent 5 0
uida 2 0
rdstreif 2 0
uido 8 0
loke 1 0
schwuelstigen 2 0
uidi 1 0
rauscht 3 0
hostellers 1 0
nabbuk 33 0
elebung 1 0
lustgen 1 0
ufstand 7 0
willkommne 1 0
wryneck 1 0
pazierengehn 1 0
uicy 1 0
entreateth 1 0
uigg 6 0
cuto 1 0
ebellen 3 0
shelter 116 0
lone 52 0
lond 5 0
cute 1 0
dixerit 1 0
long 3945 0
unclosing 1 0
eierabend 2 0
uifs 1 0
wohlgeordneten 1 0
ussel 5 0
cuts 35 0
cademicus 1 0
auditor 7 0
cuse 1 0
loathsomely 1 0
lomi 3 0
utstrip 1 0
aumgruppen 1 0
loll 2 0
fictions 12 0
uiet 7 0
nuetzen 1 0
cuss 4 0
stuermend 1 0
heartier 1 0
protects 15 0
xtremest 1 0
unwholesomeness 1 0
reihenweis 2 0
lope 1014 0
chellen 3 0
loon 14 0
knicken 1 0
loom 30 0
loor 4 0
loos 1 0
loop 21 0
luncheons 1 0
teinreich 1 0
loot 3 0
rinitarians 2 0
eineswegs 3 0
internecine 7 0
aufnehme 2 0
dreads 8 0
irradiating 1 0
aufnehma 1 0
abbrechen 1 0
arcilaso 1 0
gebaendigt 2 0
lood 63 0
schimmern 5 0
tolze 5 0
schimmert 4 0
entranc 1 0
look 1896 0
dreade 10 0
untaught 2 0
bdruecke 5 0
entrann 3 0
ryphii 1 0
zurueckgehen 3 0
lora 7 0
omfret 1 0
lore 37 0
atyrical 2 0
lord 314 0
muggy 3 0
retied 1 0
giesst 3 0
lorn 18 0
abgetan 11 0
abysses 2 0
sickens 3 0
emiramis 4 0
raucht 2 0
ntinomianism 1 0
schamest 1 0
lopp 1 0
stuermenden 6 0
stuermender 3 0
ostumes 3 0
zurueckhielten 3 0
imbeciles 1 0
washy 2 0
lota 1 0
loth 52 0
hervorgeschlagen 1 0
usualness 1 0
peanuts 5 0
deformed 16 0
wizzitin 1 0
etticoat 5 0
loss 435 0
entlocken 1 0
lost 912 0
tomes 1 0
anciple 21 0
uill 2 0
eiberguete 1 0
dizzy 16 0
delayd 1 0
lose 357 0
ausbildete 1 0
uilt 6 0
loro 1 0
delays 25 0
pining 7 0
lory 31 0
uild 6 0
discourag 3 0
terminate 20 0
uile 1 0
nymph 6 0
zuverlaessig 5 0
tticus 4 0
shitten 1 0
entstellte 2 0
love 2076 0
enowned 2 0
recitativo 1 0
dabei 223 0
hersites 3 0
pinion 238 0
uiou 1 0
dialektisch 1 0
hiazt 1 0
lout 5 0
idney 6 0
lour 9 0
lous 1 0
wellnigh 1 0
rillenfaengereien 1 0
ruessend 1 0
recitative 1 0
asayanage 1 0
risons 1 0
loud 218 0
nspach 1 0
heshire 2 0
uint 2 0
uins 10 0
erfuellte 10 0
lots 59 0
aymond 7 0
badours 1 0
geringhaltig 1 0
wailingly 1 0
muetterliche 3 0
godship 1 0
lotz 2 0
uing 1 0
uine 4 0
vobiscum 1 0
brennender 2 0
zuverlaessigen 3 0
tombe 3 0
ypatius 1 0
unaccented 1 0
aptisterium 1 0
brennendes 1 0
bannt 1 0
demonstrieren 1 0
formulas 7 0
ndignities 5 0
errichtungen 5 0
wohlgewachsene 3 0
feastly 1 0
desolate 62 0
ingerspitze 1 0
rosebushes 1 0
brennenden 4 0
aunitz 2 0
stappit 2 0
proverbial 32 0
usset 1 0
lowe 3 0
usser 15 0
leachcraft 1 0
usses 5 0
obriety 3 0
lown 1 0
ecretaries 10 0
wheelwrights 5 0
recitation 12 0
lows 5 0
reawoke 1 0
ussex 9 0
nuetzte 2 0
tombs 28 0
finis 1 0
sbmfa 4 0
entwaffnen 3 0
vergoennte 3 0
ausendmal 3 0
scientific 65 0
feasteth 1 0
fomented 9 0
olace 1 0
entwaffnet 3 0
hilomel 1 0
ussia 68 0
auptabsicht 2 0
episcopalian 1 0
zurueckkehrend 2 0
uise 38 0
ussie 1 0
entleness 2 0
fomenter 1 0
dodging 5 0
entrail 2 0
cette 6 0
heartily 119 0
opaque 10 0
strengsten 3 0
retino 1 0
ferdewohnungen 1 0
tomen 2 0
reting 1 0
uire 2 0
formulae 6 0
mordant 2 0
fingt 1 0
tripes 2 0
loyd 109 0
slightest 140 0
aussaehe 4 0
animosities 4 0
watershed 4 0
uius 1 0
bewachen 4 0
hrenmaenner 1 0
sufficiently 332 0
allowed 643 0
lipless 1 0
staying 53 0
froestelt 1 0
eeken 1 0
respektiert 1 0
uiuc 16 0
prostrating 1 0
ittlichen 1 0
daean 2 0
emasculate 1 0
heranflimmerte 1 0
ieblingsbetrachtungen 1 0
trings 4 0
uits 8 0
maister 1 0
niemands 1 0
phthoneron 1 0
uite 59 0
chandeliers 1 0
reisefertig 3 0
uito 2 0
ettlin 2 0
egenbild 1 0
atthieu 1 0
robisher 1 0
variations 69 0
icture 23 0
ramparts 22 0
computers 2 0
glaubet 1 0
harleston 23 0
vornimmt 1 0
glauben 85 0
representing 92 0
dreary 43 0
galvanizes 1 0
besetzende 1 0
outworks 4 0
dreari 1 0
conjoined 40 0
zusammenruft 1 0
schmaechtig 1 0
itzplush 1 0
flamboyant 1 0
disparaging 3 0
enthuellen 1 0
implacable 17 0
lcantara 2 0
afear 5 0
apstes 9 0
eelenvergnuegen 1 0
predicated 1 0
beavers 3 0
beefeaters 1 0
hanias 1 0
andmuehle 1 0
ettler 17 0
trinkt 9 0
ittagsschlaf 1 0
ontretaenze 1 0
endeless 2 0
luessigkeiten 1 0
sterbenden 1 0
bezaubern 5 0
ettled 2 0
meteors 5 0
traditions 41 0
bezaubert 14 0
arnassus 2 0
bewirtschaeften 1 0
implacably 2 0
sindons 1 0
lustful 3 0
litzlichter 1 0
hendecasyllabics 1 0
rimitive 4 0
willkommen 37 0
vorhanden 5 0
rankenzimmer 1 0
tortuous 14 0
cheering 18 0
calamity 65 0
atthias 6 0
trinke 8 0
estruction 38 0
umanists 45 0
hamyras 1 0
hineinrief 1 0
bullet 77 0
bulles 7 0
sweethearts 3 0
uenste 50 0
topsy 4 0
uehnenfreunde 1 0
alloway 14 0
ilchkalbfleisch 1 0
arktleute 1 0
supervised 3 0
arshal 31 0
cheerily 11 0
eibesleben 1 0
achieved 41 0
ilhelmen 149 0
argwoehnisch 3 0
lpes 1 0
ormorant 1 0
variatioun 1 0
churchman 5 0
wohlbehaeglich 1 0
aufgegangene 1 0
ehauptung 2 0
etrarque 2 0
onsciousness 10 0
rhinestone 1 0
trinkling 1 0
broadsword 1 0
lpen 7 0
oddamn 2 0
umanisme 1 0
apsburg 3 0
florentes 1 0
verklaert 5 0
beistehen 6 0
pertinent 10 0
verwebt 2 0
giraffe 35 0
rganization 1 0
weapons 57 0
lacrymas 1 0
frevelhaft 1 0
incontestable 13 0
hidon 1 0
emerlon 3 0
lpha 2 0
incontestably 3 0
transplant 1 0
zoological 3 0
climbed 65 0
usweg 6 0
littern 1 0
waechsest 1 0
endue 4 0
entrate 1 0
enuses 2 0
climber 1 0
litters 2 0
geistlicher 5 0
confervae 2 0
geistliches 3 0
ocomotion 1 0
ttemperly 1 0
endur 3 0
geistlichen 34 0
ulistan 1 0
auptcharakter 1 0
ochter 99 0
racles 3 0
transfusion 1 0
cident 1 0
hinderst 1 0
aescherei 2 0
disorders 42 0
followest 1 0
trombash 1 0
churchmen 8 0
eloquentest 1 0
hinderte 7 0
lpin 3 0
lpis 1 0
ontificate 1 0
idsskrift 1 0
endry 1 0
glaubte 211 0
transfusing 1 0
muerrisch 3 0
retext 3 0
glaubst 17 0
impending 20 0
ujas 2 0
eologist 1 0
followers 123 0
ockel 10 0
upervise 1 0
millstone 4 0
ujau 1 0
festgesetzt 10 0
endow 11 0
centric 1 0
ristocracy 5 0
aemmchen 2 0
godsend 1 0
articulation 5 0
ypressenbaum 1 0
dreams 172 0
dreamt 14 0
dreamy 15 0
hinoceros 10 0
funerals 6 0
pronged 1 0
dreame 1 0
snowdrops 1 0
oddard 7 0
peppers 2 0
divinest 1 0
transport 51 0
gnidan 1 0
followeth 6 0
prostration 6 0
cademical 1 0
peppere 1 0
heatrum 2 0
misjudging 1 0
abgeneigt 7 0
precipitousness 1 0
negociate 1 0
barbe 1 0
upillen 1 0
farther 332 0
bashful 11 0
egislative 19 0
establishing 84 0
geackerten 1 0
ternity 13 0
ajestaetsschaender 1 0
esprits 1 0
inhelfer 1 0
slavemasters 1 0
anfuehrt 1 0
rtillery 15 0
daerf 3 0
accusation 40 0
etherfield 73 0
hield 3 0
naschen 2 0
hangende 1 0
anpreisen 1 0
learius 30 0
viereckte 1 0
erwachsner 1 0
joyful 28 0
ochiida 2 0
waves 157 0
waver 3 0
mistily 1 0
topen 1 0
ahnbildern 1 0
hollers 6 0
phanettes 1 0
aeterchen 2 0
schlenderndes 1 0
abhelfen 1 0
waved 51 0
ujet 2 0
haystacks 1 0
immoral 23 0
barbs 1 0
ausgerissen 4 0
rivathause 1 0
ustaende 12 0
anfuehre 2 0
ietist 1 0
extollere 1 0
ueberdenkt 2 0
enemy 455 0
stammering 6 0
hindered 32 0
endlose 1 0
obligingly 3 0
centred 6 0
cquaint 1 0
fliegen 8 0
nouches 3 0
topes 1 0
ietism 3 0
heckley 11 0
centres 25 0
bared 14 0
seabeach 1 0
verweil 1 0
priviledged 1 0
abgebuerstet 1 0
barem 1 0
optimum 1 0
ersehnte 1 0
baren 2 0
bards 6 0
incompetents 1 0
reundliche 2 0
anwende 1 0
nagnosten 1 0
hearkned 1 0
navigable 29 0
sweetening 1 0
amakura 2 0
greifen 16 0
atterhorn 2 0
verwehr 1 0
cracoke 1 0
operator 18 0
uentin 4 0
sniffled 1 0
tepney 3 0
grapefruit 1 0
hilton 3 0
daylights 3 0
ercers 1 0
enelm 4 0
maistre 1 0
afers 1 0
hiefe 8 0
effigie 2 0
expressions 80 0
onderbare 2 0
michty 2 0
lettrure 2 0
eakage 1 0
solemnity 58 0
hiefs 5 0
chachtel 3 0
munterm 1 0
muntern 11 0
abgebrochne 1 0
egetable 6 0
lieder 45 0
ausziehen 10 0
satraps 1 0
central 95 0
oldat 13 0
bguesse 4 0
imkin 7 0
muntere 11 0
oldan 4 0
ererbte 1 0
afety 87 0
clotted 5 0
apostrophises 1 0
uenter 3 0
marksman 1 0
gleaning 3 0
aussahen 3 0
lution 1 0
lutins 1 0
iveau 2 0
nbilden 2 0
obsequiously 2 0
chattierung 1 0
ieting 1 0
difficultly 1 0
harters 4 0
bourgeoises 1 0
fruchtlos 1 0
maistly 2 0
decide 102 0
baffler 1 0
baffles 1 0
reudigsein 1 0
uergerwache 1 0
prostitute 4 0
baffled 20 0
herannahende 1 0
haengenbliebn 1 0
eekly 15 0
etraction 2 0
snifflin 1 0
papacy 5 0
eneid 12 0
redressd 5 0
suppers 4 0
siedendem 1 0
siedenden 1 0
learing 1 0
suppere 1 0
laschen 4 0
governour 2 0
olded 1 0
heophrasti 2 0
relieves 7 0
empecher 2 0
mutwillig 6 0
abutius 1 0
aufwachsen 1 0
older 148 0
oldes 4 0
ladsome 1 0
cavalierly 2 0
olden 60 0
relieved 100 0
bsent 1 0
quaint 53 0
oiselessly 1 0
stotternden 1 0
eiraeus 1 0
climate 101 0
bjection 18 0
enega 1 0
eutungen 1 0
egislation 19 0
labbing 1 0
kontemplativ 1 0
furchtbaren 5 0
widerstehen 34 0
bounties 52 0
edaille 2 0
advanc 7 0
hurneisen 1 0
furchtbarer 1 0
godown 1 0
ubbard 1 0
estructive 1 0
softned 1 0
ebreite 1 0
discounts 4 0
bourgeoisie 90 0
stemming 2 0
virorum 3 0
aehten 1 0
bsehn 2 0
framers 4 0
tornadoes 1 0
geistiges 1 0
onsiderate 1 0
geistiger 2 0
wavin 6 0
lichtenden 1 0
geistigen 20 0
ellerschluessel 1 0
ysidice 4 0
sledgehammer 2 0
iorian 2 0
twanged 3 0
wohlversehne 1 0
topic 42 0
topia 7 0
usammenverschwoerung 1 0
ozzano 12 0
eneas 14 0
microscope 7 0
cellent 2 0
verwend 1 0
arborme 1 0
abgebrochen 6 0
hropshire 4 0
paraventure 6 0
gruenwollenem 1 0
hilted 4 0
afeln 9 0
oppelgipfel 1 0
frugally 4 0
afely 2 0
auptkunst 1 0
ubbart 1 0
eneca 35 0
laparede 11 0
amatory 20 0
skins 92 0
skint 2 0
ielandsche 1 0
chmerzenskind 1 0
incompetence 7 0
unbrauchbare 1 0
illusive 5 0
wischt 2 0
inslows 1 0
cherflein 1 0
lusters 1 0
uffallendes 3 0
yonder 79 0
idersinnige 1 0
zusammengehauen 1 0
rlington 39 0
simultaneously 18 0
vocem 2 0
rundworte 1 0
emerken 1 0
toesse 2 0
ueberlieferbares 1 0
beruhigt 25 0
chambermaid 4 0
admire 121 0
endale 2 0
voces 1 0
agricola 1 0
thickens 3 0
skipt 1 0
beruhige 6 0
ummheit 6 0
schlendern 1 0
tooth 34 0
knobbes 1 0
flutterings 2 0
pailfuls 1 0
familias 1 0
familiar 210 0
idpai 1 0
ichenspaene 1 0
jahrhunderten 1 0
uttingsville 2 0
emblematical 2 0
incompetency 5 0
recepts 8 0
fehlte 52 0
nvention 8 0
soundlier 2 0
ntitrinitariorum 1 0
ottazzi 2 0
admits 61 0
papstlichen 3 0
thickets 9 0
accomplisher 1 0
rotests 1 0
accomplishes 4 0
grindstones 2 0
accomplished 186 0
bulkey 1 0
ppius 7 0
strictness 7 0
encroachment 11 0
udaised 1 0
quails 3 0
unregenerated 1 0
unconvinced 3 0
ontentions 2 0
apportent 1 0
armhouses 1 0
irchhof 1 0
thickest 20 0
usure 1 0
usuro 1 0
zutraefe 1 0
usurp 7 0
toesst 1 0
quaile 1 0
ontserrat 1 0
usury 11 0
eichtstuehle 1 0
schimpflicher 1 0
sborn 5 0
olcot 1 0
vocal 8 0
avised 1 0
frugales 3 0
oremast 1 0
ubalcain 1 0
antecedence 2 0
siatick 1 0
ortsmouth 25 0
freuend 1 0
sylvaticus 1 0
siatics 2 0
skill 251 0
encreasing 9 0
governors 38 0
dabeisein 1 0
waurd 2 0
irektorschaft 1 0
agdiebe 1 0
skims 1 0
greifst 3 0
skimo 1 0
imito 1 0
geroetet 1 0
imits 12 0
luting 1 0
extenuation 1 0
paralleles 1 0
tuehlen 8 0
otitia 1 0
uenstige 1 0
paralleled 2 0
uergerssohn 1 0
immortalize 3 0
kuehlende 2 0
ruhend 1 0
accusative 1 0
extenuating 3 0
ittelweg 1 0
rebsen 2 0
chalkers 1 0
glints 3 0
encum 1 0
haengt 26 0
unceasingly 8 0
alteration 117 0
avises 2 0
beschwoert 1 0
corages 1 0
weinerlich 1 0
enigmatically 2 0
flouted 3 0
haenge 1 0
hemmst 1 0
solemnize 1 0
tipping 2 0
wunderliche 35 0
spolium 1 0
zeitlang 1 0
misbehaviours 1 0
demagogue 15 0
hangti 1 0
idows 10 0
opsham 1 0
gesitteten 4 0
enoglossy 1 0
beitrug 3 0
dashers 3 0
retful 2 0
haenen 1 0
gesitteter 1 0
ovements 9 0
ukas 3 0
accomplishment 35 0
euerstrahl 1 0
treeful 1 0
ustria 98 0
hangum 1 0
ueberhoeren 1 0
endana 1 0
freuete 2 0
pucking 1 0
awvid 24 0
skirt 44 0
verdorben 11 0
wiedergewachsen 1 0
ndustrious 4 0
knarrende 1 0
masques 1 0
iminy 1 0
deities 21 0
eichtvater 17 0
wichtig 22 0
digressed 1 0
hemmte 3 0
reticence 9 0
uebertraf 5 0
pinker 2 0
imini 6 0
inertness 1 0
immortality 46 0
fortfuhr 13 0
iming 1 0
berhauptes 1 0
schismatical 1 0
illusion 47 0
aetigkeit 69 0
skits 1 0
getreuen 1 0
hicht 2 0
ngelshand 1 0
batteries 14 0
devastate 2 0
frisk 1 0
exonerate 1 0
families 167 0
getreues 1 0
getreuer 2 0
laxity 16 0
ephyrus 5 0
ukes 11 0
incessantly 47 0
commencements 4 0
allezeit 16 0
jahrhunderte 1 0
ukey 1 0
frise 1 0
beleidigend 3 0
erwerbe 4 0
cassonne 3 0
hidin 7 0
avison 1 0
ppian 2 0
idriges 1 0
instilling 2 0
uensch 1 0
eburtsname 1 0
toilette 6 0
hangin 6 0
inevitably 46 0
parcelled 5 0
woodness 4 0
hundreds 113 0
picaroon 1 0
xcited 1 0
verkappte 1 0
inevitable 83 0
fehlen 37 0
ownward 1 0
ntimate 4 0
hidie 1 0
guardianship 10 0
udases 1 0
fehlet 1 0
schleunigst 1 0
organing 1 0
finstere 2 0
ocial 14 0
magisterially 1 0
defying 9 0
pulverem 1 0
finstern 7 0
heraufsteigen 2 0
vorgefallen 5 0
pierce 25 0
rfahrung 42 0
stillvorschreitenden 1 0
aratti 2 0
etlichemal 8 0
roilus 186 0
siliquastrum 1 0
ehrlinge 4 0
francolin 5 0
tokonoma 1 0
rittanicus 1 0
onster 11 0
remarkably 87 0
underbrush 8 0
wohlklingende 2 0
avisse 2 0
hided 1 0
chreies 1 0
goodliest 1 0
chreien 6 0
shivarees 1 0
rennerst 1 0
fliehen 28 0
kuenftig 56 0
ltimately 5 0
revolted 16 0
emuetsbildung 1 0
yahoo 47 0
eanwhile 67 0
hides 69 0
oodwill 2 0
ortlandt 1 0
organism 6 0
usual 616 0
arnasses 1 0
althernext 1 0
aussagen 1 0
verteidigen 18 0
toeten 5 0
organist 3 0
remarkable 307 0
archbishop 52 0
uetterchen 4 0
suppressd 1 0
organise 12 0
eolians 1 0
ungeschickt 9 0
vicenna 1 0
enthuellte 2 0
eichtum 38 0
divinely 8 0
pomely 2 0
acidification 1 0
paresis 1 0
ppich 1 0
ohnbedienten 3 0
chreibt 1 0
fehlerhaft 1 0
rosamen 1 0
demagogic 2 0
ohnbedienter 1 0
olgezeit 1 0
fortdauert 1 0
chreibe 3 0
interchanged 3 0
zenith 9 0
anarienvogel 1 0
bewachte 2 0
nyone 5 0
talents 156 0
veralten 2 0
andelier 2 0
endel 2 0
ersecution 4 0
onstan 1 0
skiey 18 0
enden 14 0
enusse 10 0
endet 8 0
ender 14 0
quinible 1 0
skiff 18 0
bserving 5 0
eposition 3 0
stattdessen 1 0
impregnation 1 0
berwelt 1 0
supernumeraries 2 0
ununterbrochene 3 0
oerperkraefte 1 0
fieberhafte 1 0
lautloser 1 0
irigaya 3 0
antecedents 11 0
befriend 2 0
ntfernungen 1 0
tooke 3 0
uitably 1 0
unverwundlich 1 0
tempteth 1 0
hinaufkroch 1 0
immersatt 1 0
chamolet 1 0
uitable 2 0
tools 80 0
baleful 6 0
apellchen 1 0
bastinado 2 0
wobbling 1 0
verteidigte 2 0
fellowes 2 0
zarteste 3 0
verbannten 1 0
ellerus 1 0
orbeerbaeumen 1 0
sooveneer 1 0
verteidigst 1 0
ended 182 0
verdraengt 7 0
endee 2 0
unfaltering 4 0
stoppelt 1 0
endai 1 0
niemalen 1 0
unsaintly 1 0
endal 2 0
sumptuary 5 0
hemmed 13 0
eichtfertigkeit 2 0
rebuilding 4 0
rfrischung 2 0
utskirts 1 0
rauerspiel 4 0
hanged 57 0
kindredship 1 0
ndisposition 5 0
hangen 5 0
entitling 3 0
hangel 1 0
nachgrennt 1 0
hanges 5 0
hanget 1 0
uplifted 12 0
demoniacal 1 0
zahlreiche 2 0
nightmare 17 0
ammetpolstern 1 0
pourtant 1 0
ukta 77 0
ontractor 1 0
oliteness 7 0
pping 1 0
bestaerkt 4 0
wifeless 1 0
interwoven 24 0
usuma 3 0
engaging 36 0
organizd 1 0
organize 8 0
medals 9 0
constet 1 0
geflissentlicher 1 0
borniert 1 0
firmest 8 0
olche 18 0
revenues 47 0
fuehlbar 12 0
daddy 24 0
wretchedness 52 0
fathomless 6 0
ephyren 1 0
skies 40 0
uraschi 2 0
hemmen 2 0
vornherein 1 0
croons 1 0
broncos 2 0
anthem 5 0
householder 3 0
minstrel 12 0
angreifen 7 0
aufhoebe 1 0
eemin 2 0
ontretemps 1 0
concubines 2 0
complaisantly 1 0
zusammennehmen 3 0
audience 197 0
eingewirkt 3 0
torys 1 0
possess 287 0
hroats 2 0
possest 2 0
tudding 1 0
apostrophized 1 0
ileser 1 0
ittelstrasse 2 0
cardinales 2 0
zurueckgeben 3 0
engag 13 0
qualms 2 0
alendares 1 0
engal 27 0
erinnerst 3 0
radiert 1 0
squimau 1 0
ternbild 1 0
ippopotamus 6 0
liegenbleiben 5 0
inanzmann 1 0
enschengefuehl 1 0
rmigero 1 0
losspritzt 1 0
erschoepft 11 0
ouriers 1 0
boosted 2 0
dwindling 1 0
erinnerte 60 0
ublonen 1 0
onorius 2 0
adduce 5 0
webbed 2 0
gebaute 1 0
entlaessest 1 0
faculties 153 0
aufsetzte 1 0
qually 4 0
anthea 1 0
muslinette 1 0
uryman 2 0
ilentiarius 4 0
eemes 2 0
liebte 63 0
freudig 18 0
footless 2 0
eemed 2 0
carcases 1 0
issionsatlas 1 0
aspirations 24 0
nquisition 32 0
aedchenfingern 1 0
pplepye 2 0
bsteigen 1 0
leicherweis 1 0
ilesie 1 0
risque 14 0
ilesia 45 0
atanic 2 0
orshipful 1 0
atania 14 0
contemporaine 1 0
blindest 4 0
schluepfte 1 0
trussed 2 0
itzhiggin 1 0
merkantilischen 1 0
idonian 2 0
inwirkung 5 0
fishe 1 0
geformten 3 0
trusses 3 0
ulah 3 0
reasoned 18 0
rallen 2 0
importable 2 0
nabers 5 0
phantoms 14 0
arraignment 2 0
ethinks 10 0
fertilisation 1 0
ransporting 2 0
possesd 1 0
muehsam 9 0
unhindered 3 0
clesiastical 1 0
reasoner 10 0
reibhaeusern 1 0
minutest 6 0
broncho 1 0
unersaettlich 1 0
aufgeschuerft 1 0
fishy 3 0
lagerte 1 0
putzen 8 0
trohsaecke 1 0
basse 4 0
liebst 10 0
immoderately 5 0
enschenalter 1 0
heranbringenden 1 0
indifference 125 0
tosay 1 0
minutely 19 0
ulci 3 0
uechermoder 1 0
exaggeration 35 0
gesendeten 1 0
cascades 6 0
gehoerten 2 0
beherzigt 1 0
heartful 1 0
underlying 22 0
durchzuwinden 1 0
olborn 5 0
hifts 3 0
zaertlichbange 1 0
cotchman 21 0
shadowy 34 0
aufgetragnen 1 0
shadows 143 0
turmhohe 1 0
exaggerating 9 0
disputable 6 0
funfzehnjaehriger 1 0
circuit 37 0
dispensation 9 0
gsucht 1 0
gnummen 1 0
ulds 1 0
fruchtete 2 0
watobi 2 0
remembers 21 0
staringly 1 0
remembern 1 0
crocuses 2 0
ulda 4 0
marvail 5 0
wayes 4 0
ertrug 4 0
saddening 4 0
uchesne 1 0
scribble 1 0
wentieth 5 0
iebste 9 0
curiously 49 0
schluepfen 1 0
oliveres 1 0
dorten 1 0
auszuweichen 6 0
prefixed 8 0
palisades 1 0
ntscheidens 1 0
laermende 1 0
sustained 52 0
connotations 1 0
ichtmensch 1 0
discommend 1 0
buttress 3 0
cclesiastique 1 0
begabt 7 0
olgar 1 0
lorimel 2 0
hiccuped 1 0
vilest 9 0
alembert 1 0
ointments 6 0
aufsetzen 4 0
basil 1 0
seculeres 1 0
eberzahl 1 0
rememberd 2 0
basin 40 0
basis 75 0
ermessen 1 0
ntoninischen 4 0
geantwortet 6 0
uler 7 0
ules 48 0
erlitten 8 0
ubsistance 3 0
ulen 1 0
cotchmen 5 0
basic 4 0
ammerherrn 1 0
uley 2 0
detainingly 1 0
raufen 1 0
raptures 15 0
ulie 20 0
cxvi 2 0
nquisitive 1 0
wegfuhr 1 0
ulin 1 0
measurably 1 0
pretention 1 0
dryly 12 0
gizzard 13 0
zerrt 2 0
awayward 1 0
ausgesprochen 13 0
ulia 356 0
measurable 5 0
aufzusteigen 1 0
heophilanthropists 1 0
irdischer 5 0
ebounding 2 0
nquisitionsdiener 1 0
crowne 7 0
irdischen 21 0
irkpatrick 2 0
zusammenschlug 2 0
stronomias 1 0
crowns 41 0
versieht 5 0
flourishings 1 0
palfrey 3 0
unempfindlichsten 1 0
ustbarkeiten 6 0
wahines 2 0
aufhoert 5 0
hypochondrischer 1 0
uchesse 2 0
aucherschar 1 0
ulks 4 0
rholen 1 0
crowds 46 0
hypochondrischen 2 0
hinausschluepfen 1 0
ength 18 0
etteln 1 0
wayfarers 5 0
ettels 1 0
ampans 2 0
hambertin 1 0
gegeben 185 0
vorangegangen 2 0
uinard 1 0
crowed 1 0
alcara 2 0
ufsatz 8 0
torii 5 0
ewand 32 0
lassical 3 0
strittigen 1 0
begann 28 0
enthusiastische 2 0
uliana 1 0
jerseys 2 0
ommunists 22 0
symmetrisches 1 0
radiantly 1 0
ulis 3 0
toria 2 0
ommonwealths 2 0
abfahre 1 0
bathe 23 0
elswaenden 2 0
bathi 1 0
exquisites 1 0
pples 3 0
sklet 2 0
forebodings 7 0
kreuzbrav 1 0
pilgrims 41 0
ully 20 0
orbereitungen 10 0
pestering 1 0
dissertation 6 0
hinfaltend 1 0
beklagenswert 1 0
fraegt 1 0
chirurgischen 1 0
ulli 1 0
ewoelb 1 0
onsuls 4 0
lectorate 2 0
onsult 1 0
ulls 4 0
ewall 8 0
refresh 11 0
torks 1 0
uinart 2 0
synods 10 0
ullo 5 0
strogoths 1 0
ewalt 126 0
baths 23 0
bschriebn 1 0
extensively 11 0
geais 1 0
botanischen 7 0
ulla 1 0
trotzig 6 0
precocity 1 0
engst 1 0
jerkin 1 0
alileis 1 0
hatcheted 2 0
issentient 1 0
ubeus 2 0
stews 2 0
athause 4 0
agazines 7 0
knappe 1 0
crowin 1 0
preserved 179 0
urrington 1 0
sameness 6 0
abounds 19 0
ewoelk 4 0
advantageous 185 0
tored 3 0
empfindest 4 0
herumschwadronieren 1 0
waxes 4 0
batch 12 0
orbeerwaeldchen 1 0
preserver 1 0
preserves 36 0
vorhergegangene 2 0
cheerful 99 0
starlight 8 0
waxen 19 0
undegebells 1 0
vilely 1 0
waxed 21 0
muzzled 2 0
farrerin 5 0
praeceptis 1 0
hernieder 2 0
discreditable 13 0
unexceptionally 1 0
forbade 46 0
partiality 47 0
tores 21 0
hrace 12 0
torey 1 0
incitement 7 0
granduca 1 0
bated 3 0
highe 24 0
formalities 7 0
mitgeniessen 3 0
baten 8 0
bekanntzumachen 1 0
crowes 2 0
inasmuch 54 0
jerked 24 0
battering 3 0
hight 34 0
aufhoere 3 0
gazettes 2 0
ulph 3 0
highs 1 0
ewahr 1 0
ympanist 1 0
gebahntesten 1 0
geographers 1 0
iggards 1 0
bulwarks 7 0
oonlight 4 0
multa 1 0
romeholm 2 0
cyar 1 0
multo 1 0
tausendmal 20 0
domestically 1 0
suspiciens 1 0
multi 3 0
uadratur 1 0
icenciousness 1 0
begettting 1 0
lispeln 2 0
ilohana 19 0
ulse 4 0
wegrannten 1 0
ausgfunden 1 0
eductions 7 0
oeglinge 1 0
aufschlage 2 0
infamously 2 0
abgeschreckt 2 0
ahltag 1 0
ottsnam 1 0
hoerbar 2 0
equesens 2 0
iderwind 1 0
putzte 7 0
flutete 1 0
ennessean 2 0
liebem 1 0
engin 1 0
fists 17 0
lieben 122 0
reasonin 2 0
ulus 2 0
lieber 140 0
dagon 1 0
uechlein 9 0
glorify 7 0
liebes 17 0
liebet 4 0
wariangles 1 0
immij 1 0
sanitation 1 0
etters 266 0
ambalaine 1 0
ithynia 2 0
fisty 1 0
immie 2 0
zauberhaft 1 0
torso 1 0
raufte 1 0
camellias 1 0
ettern 5 0
uenzen 9 0
glories 30 0
ehnstuhl 1 0
domineered 3 0
ulti 1 0
draengenden 2 0
erichtsverhandlungen 1 0
akaiyama 1 0
gloried 6 0
ulte 4 0
avillacs 1 0
gekaempft 1 0
ertram 2 0
arables 1 0
shallows 21 0
ertrag 9 0
deterring 3 0
inegar 6 0
konfusen 1 0
dagio 1 0
versilberte 1 0
beisammen 43 0
huringia 3 0
lounge 11 0
wachsende 3 0
gebauet 2 0
pleaded 54 0
gefuehlvolle 4 0
torms 5 0
muddles 1 0
bgeschmacktes 3 0
ontrakts 1 0
gambols 5 0
bgeschmacktem 3 0
bgeschmackten 1 0
omforting 1 0
pleader 1 0
muddled 4 0
distortion 2 0
engen 30 0
engel 2 0
enger 13 0
immel 221 0
immer 1297 0
ontrakte 3 0
trotzen 3 0
robberies 7 0
tormy 2 0
warishing 1 0
sneering 12 0
rchduke 22 0
eitritt 1 0
beruehmte 7 0
outhwark 6 0
mannagd 2 0
mannage 1 0
hereafter 197 0
outhward 14 0
chlimmres 1 0
eidenblatt 1 0
desireable 5 0
asunder 56 0
nominated 40 0
drafted 3 0
rabisch 1 0
auseinander 23 0
aylight 5 0
aylighi 1 0
duerften 5 0
gekroenet 1 0
ariation 2 0
zornigen 3 0
barre 1 0
stele 5 0
rumbling 8 0
gelassen 67 0
chlagfluss 1 0
acificus 1 0
defaulte 2 0
rgeln 1 0
flogging 26 0
valueable 16 0
firma 8 0
stell 2 0
entreat 25 0
defaults 2 0
noveldom 1 0
andstones 3 0
emophon 1 0
ommuniter 1 0
aupahoehoe 2 0
firms 6 0
eeley 1 0
abgemattet 3 0
affin 1 0
stems 27 0
chelous 3 0
squinch 7 0
anbury 6 0
verbliebe 1 0
aeusserlich 8 0
stend 1 0
geregnet 7 0
refills 1 0
verbliebn 4 0
ersoffen 1 0
hiezu 8 0
affix 7 0
unseldom 2 0
assembly 174 0
hessalonikeos 1 0
quakke 1 0
terrapin 5 0
stent 14 0
ubels 1 0
bobbycues 2 0
befoerdernden 1 0
assemble 25 0
ufalls 3 0
msiges 1 0
ompadour 23 0
sniffing 4 0
ronomus 2 0
celebrity 13 0
ikaner 1 0
ufsehers 1 0
antico 1 0
barns 12 0
niederzulassen 5 0
umae 1 0
easter 1 0
eastes 1 0
enjoying 49 0
papaia 1 0
mathematicians 8 0
alebranche 6 0
antics 5 0
ahsolute 1 0
baron 10 0
stehn 37 0
forderten 3 0
ivett 1 0
ucherer 1 0
circumscrive 1 0
ivets 1 0
ranquillity 1 0
stehe 31 0
labasterstatue 1 0
entrees 1 0
iveth 2 0
affec 1 0
firin 2 0
steht 208 0
affei 2 0
upbraid 8 0
antian 2 0
orruptio 1 0
affee 11 0
affer 6 0
viereckig 1 0
efence 83 0
astounded 13 0
eelen 50 0
steif 5 0
affen 25 0
affeo 1 0
steil 8 0
oemander 1 0
lsie 35 0
idersacher 4 0
umbo 2 0
affet 1 0
sureties 2 0
getrennt 20 0
anctorum 2 0
maidenly 2 0
rgent 1 0
rgens 5 0
utschenreihen 3 0
grandson 35 0
highlands 7 0
ivers 37 0
lassicks 1 0
mercenaries 24 0
idrag 1 0
ontaigne 4 0
selleth 1 0
ansdowne 2 0
entreaties 27 0
itterpflicht 3 0
umao 1 0
triste 1 0
uman 30 0
encouragement 140 0
ivera 1 0
gloriae 2 0
umas 8 0
vendanges 1 0
trustin 1 0
chillertaft 1 0
falconers 1 0
mulct 2 0
melischen 1 0
ufsehens 1 0
altung 4 0
bestaetigte 4 0
hiess 50 0
quakes 3 0
hieth 1 0
hieti 1 0
hinunterwallen 1 0
religions 29 0
greithen 1 0
gezeugt 3 0
zweit 1 0
quaked 6 0
stete 1 0
aelchen 2 0
fired 100 0
ubert 3 0
rhabenheit 1 0
anzuschliessen 3 0
feudalism 2 0
orneille 6 0
barks 3 0
stets 25 0
religione 2 0
altered 103 0
hiers 1 0
idonius 1 0
fires 131 0
osephs 2 0
uberd 1 0
hiesa 2 0
latterers 1 0
sellers 13 0
efends 1 0
iorgio 7 0
zwegn 9 0
kurzroeckig 1 0
mules 31 0
eneva 56 0
rissen 2 0
ntellectual 1 0
crackin 1 0
eneve 4 0
ristocracies 1 0
besorgend 1 0
uebergraut 1 0
dullard 1 0
tardier 1 0
mboldened 1 0
hiere 1 0
nferno 4 0
ubets 7 0
epainted 1 0
torch 42 0
umes 1 0
trusted 111 0
barme 5 0
enews 1 0
trustee 4 0
anderthalb 5 0
keying 1 0
eucothea 1 0
ufalle 1 0
daeus 2 0
embitter 9 0
lifeted 1 0
naehrenden 1 0
bares 2 0
blaest 2 0
brudder 2 0
enets 1 0
supplementary 5 0
lsop 1 0
zween 6 0
stept 4 0
barge 22 0
ubens 4 0
crackle 1 0
nshackled 1 0
notoriety 16 0
llzureizende 1 0
octores 1 0
ummers 7 0
steps 333 0
radamante 2 0
repenntace 1 0
ungestoerten 1 0
achgebildete 1 0
ummern 1 0
ungestoerter 3 0
eneus 2 0
tardily 6 0
lewedly 4 0
erkennte 1 0
allusions 21 0
hiene 1 0
sterf 1 0
assuredly 66 0
invulnerability 3 0
advise 112 0
aximen 6 0
uebereinstimmigere 1 0
advisd 7 0
magnitude 35 0
aximes 1 0
raught 13 0
stere 1 0
abzulehnen 9 0
ambresis 1 0
erkennst 1 0
ersparte 3 0
sterb 1 0
eitknecht 6 0
certainly 904 0
enediktinerkloster 1 0
rooster 18 0
esonders 38 0
hielt 242 0
entreating 8 0
unzeln 2 0
juengst 2 0
stern 120 0
esondere 2 0
ueberlegtest 1 0
stert 1 0
belohnungswuerdigen 1 0
gepacket 1 0
whimpered 6 0
otives 26 0
yperbeln 2 0
ernsthafte 9 0
umme 31 0
zusammengekittet 1 0
rfreuliche 1 0
nzusammenhaengende 1 0
begnadigt 1 0
schroffen 4 0
congratulating 6 0
convulsive 23 0
unerlaubte 2 0
umma 12 0
staunched 1 0
based 117 0
fraternization 1 0
entriketh 1 0
dischairgin 4 0
haerter 3 0
churchism 1 0
ccepte 2 0
dryer 2 0
verreach 2 0
allesbelebende 1 0
aussure 1 0
taatskunst 1 0
ockey 1 0
religious 678 0
orobets 11 0
bridesmaid 1 0
ocken 29 0
reditors 4 0
ocket 13 0
religioun 1 0
umor 27 0
ceeded 1 0
bases 30 0
aximin 2 0
upheld 16 0
baser 12 0
derwischt 4 0
carrots 16 0
carroty 2 0
commande 1 0
schroffer 1 0
umgesehen 8 0
regenfreie 1 0
congratulation 9 0
rangers 3 0
versight 1 0
anthus 1 0
zusammenstuerzt 1 0
glorifying 1 0
rissot 2 0
iletus 7 0
esttagsornat 1 0
ugitive 5 0
conditional 6 0
townes 2 0
protestante 3 0
endulum 2 0
trubble 9 0
eracleitus 1 0
clinched 5 0
ciathus 2 0
erstaendnisses 1 0
presentation 19 0
commando 1 0
bobtailed 1 0
exhaustive 6 0
ockle 2 0
commands 63 0
dibile 1 0
prolonging 5 0
egisse 1 0
chiehallion 1 0
akodate 21 0
basal 28 0
umps 11 0
ndenkens 1 0
laboratory 17 0
churche 7 0
dryad 2 0
umpf 8 0
rewards 53 0
convulsion 14 0
pinned 17 0
czar 1 0
rdenrund 1 0
ittenberg 38 0
ockit 13 0
otrock 1 0
asserrisse 1 0
ausfuellt 5 0
edeutung 18 0
omposer 1 0
antedated 1 0
herumirren 2 0
ubdue 1 0
littles 1 0
hinzuwirft 1 0
illusory 7 0
lucidity 4 0
omposed 2 0
bandoning 1 0
epartment 90 0
certainty 134 0
atratzen 3 0
riphyle 1 0
unbesonnen 2 0
neamad 2 0
dreizehn 6 0
conditioned 8 0
pinnen 3 0
imparts 6 0
lucidite 1 0
misslungen 2 0
oledo 13 0
pinnes 1 0
summertime 1 0
tching 2 0
uburban 1 0
conditionel 1 0
erkennet 4 0
umus 2 0
umzuschaffen 3 0
oleil 1 0
tuyvesant 7 0
erkennen 100 0
steck 1 0
gefiel 35 0
conditiones 2 0
unchayet 1 0
mkleidung 1 0
apperment 2 0
biffed 1 0
iederlande 2 0
untried 12 0
bgeschmackte 2 0
hildrens 4 0
altertuemlicher 1 0
aximum 1 0
ittenlehrer 2 0
aximus 6 0
keensborough 1 0
lagernd 1 0
confabbin 2 0
durchzublaettern 1 0
graugruenlichen 1 0
auptfigur 2 0
conjugations 1 0
einwandfabrikation 1 0
steek 3 0
steel 94 0
steep 178 0
steem 87 0
eichnen 15 0
steed 29 0
gruppiert 1 0
erdeckt 1 0
weggeritten 4 0
affre 2 0
eichner 6 0
herleiten 1 0
schmaehlichsten 1 0
fordable 9 0
steer 26 0
overshadowed 12 0
gutted 1 0
innate 37 0
exhaustion 22 0
ercival 2 0
gutter 5 0
guttes 2 0
anprobierte 1 0
mutterseelenallanig 1 0
ispraise 2 0
awyer 8 0
first 4920 0
ubeck 3 0
allyvire 1 0
olems 4 0
aufzuwerfen 1 0
ockte 2 0
ausbricht 1 0
olemo 3 0
ltan 3 0
olemn 4 0
oberwaerts 1 0
achfenster 1 0
ltar 23 0
mellerest 1 0
exhausting 17 0
wahrscheinlicherweise 1 0
durchzieht 1 0
amburger 2 0
personifizierten 2 0
biffin 1 0
iinchpin 1 0
daffe 1 0
archeology 1 0
likeness 66 0
likenest 2 0
rgeht 1 0
eastly 1 0
oleni 1 0
lizards 3 0
ontaigue 1 0
doacer 2 0
roestungen 1 0
unsaddle 2 0
maidenes 1 0
perpetuities 3 0
clawing 1 0
haldaea 1 0
atanas 9 0
steak 6 0
bestaetigen 9 0
itherspoon 1 0
steal 69 0
advice 240 0
pilikia 1 0
rezitierenden 1 0
rrangements 6 0
usterbild 2 0
stead 38 0
bestaetiget 2 0
ouisiana 27 0
eichnam 6 0
steam 96 0
thralled 1 0
reheating 1 0
erzaehle 12 0
harboring 1 0
opinionem 1 0
transportiert 1 0
enditest 1 0
ercivel 1 0
ufstehn 1 0
erzaehlt 49 0
sentree 1 0
shouldering 3 0
shellfish 1 0
naething 12 0
uspires 1 0
gottesfuerchtige 1 0
authenticated 18 0
lten 108 0
ltes 2 0
enign 1 0
lter 100 0
republished 4 0
sardines 6 0
euernesseln 1 0
ueberredungs 1 0
verbindet 7 0
probation 4 0
schaetzte 11 0
ltea 1 0
radicle 1 0
verbinden 36 0
instruierte 1 0
austeilt 1 0
loszuplatzen 1 0
durchgequaelt 1 0
atriarch 3 0
gnaedige 22 0
raiments 1 0
abylonian 6 0
einberge 1 0
uninteressant 1 0
anklin 1 0
emeinde 15 0
ueberstehst 1 0
inkommen 2 0
comically 3 0
einbergs 1 0
emeines 2 0
enien 2 0
enies 5 0
prowess 22 0
ittagessen 6 0
atyricus 1 0
chinkapin 1 0
reenact 1 0
retire 62 0
lanzenfoermiger 1 0
oltern 1 0
atalan 1 0
emeinen 3 0
erblunkity 1 0
ohrstuehle 1 0
ervants 44 0
parelthes 1 0
grieving 4 0
bsinn 2 0
chwerspats 1 0
ranciscan 20 0
rchbishops 1 0
donnert 2 0
origines 5 0
austeile 1 0
accelerated 6 0
distributor 1 0
rationale 1 0
ialect 1 0
enige 6 0
characterization 2 0
eitenzimmer 4 0
chluessel 20 0
enice 67 0
daemmert 1 0
unca 5 0
groessesten 9 0
mistere 2 0
entstellen 2 0
reundlich 6 0
simpletons 3 0
unch 7 0
ocock 1 0
enick 3 0
unce 14 0
daies 1 0
baute 9 0
auskehren 1 0
demoniac 9 0
frogs 15 0
illotson 12 0
scandalously 6 0
oehlen 6 0
ccursed 2 0
oehler 1 0
ungeduldige 1 0
recuperation 2 0
kaekeeke 1 0
unan 1 0
frohe 4 0
solarium 1 0
stalactite 1 0
abgegangen 5 0
ankles 14 0
unau 2 0
ltho 5 0
bekraenzte 2 0
eniad 1 0
recuperating 1 0
ampanian 1 0
wirtschaftlichen 1 0
enial 11 0
wirtschaftlichem 1 0
antabrian 1 0
bodaciously 1 0
expiate 9 0
undo 10 0
rodigals 1 0
nthologies 6 0
verbundene 1 0
undy 1 0
extolling 4 0
afile 1 0
sashes 9 0
unds 8 0
ekehrung 3 0
quantu 1 0
treulosen 1 0
litting 3 0
ontroverse 1 0
undi 3 0
drenched 18 0
oubts 7 0
ubbers 2 0
unde 100 0
iambics 6 0
ontroversy 23 0
unco 7 0
tainting 1 0
boatswains 2 0
unck 13 0
immolated 1 0
quanto 1 0
uropens 1 0
enefactor 7 0
feasting 13 0
unge 70 0
skufflin 2 0
vorhaltend 1 0
unga 37 0
bedauernd 2 0
zuruecksehnen 1 0
ialekt 3 0
immelsluft 2 0
olias 1 0
unft 1 0
fruitfulness 2 0
afier 2 0
frock 12 0
cornered 10 0
oversensitive 1 0
oliah 1 0
busying 4 0
esegnet 1 0
dovetail 1 0
ontemplate 1 0
essendosi 1 0
distributed 149 0
ausgezeichneten 1 0
handle 103 0
atalie 86 0
disembodiment 1 0
tough 44 0
ausgezeichneter 2 0
unes 12 0
acific 37 0
uebermuetige 3 0
distributes 4 0
unez 1 0
llersbrunner 1 0
aufnaehen 1 0
skummishin 2 0
isconstructions 1 0
unic 6 0
overspreads 1 0
nglaubens 1 0
itteraire 1 0
auskramte 1 0
chlimmste 9 0
lton 222 0
uffalmacco 1 0
maniacal 2 0
atalis 1 0
incidentally 14 0
entiles 3 0
neamer 19 0
septier 1 0
arnabites 5 0
usonius 2 0
learnin 3 0
misbehaviour 2 0
ungs 3 0
ilangieri 6 0
egroes 102 0
ungo 5 0
versichr 1 0
dippers 1 0
chluessen 3 0
egroid 1 0
ltra 2 0
onsequences 34 0
unke 3 0
baulk 2 0
lgerines 1 0
uchtensack 2 0
maintainer 1 0
handos 1 0
eulenspiegelhaften 1 0
averring 1 0
olies 1 0
acrimony 7 0
hilpot 3 0
maintained 234 0
pregnant 19 0
elightsome 1 0
disponieren 2 0
touch 311 0
unit 13 0
unis 6 0
iamanten 2 0
enditing 1 0
ohnstone 3 0
crisius 1 0
olice 55 0
retrenchments 1 0
ahrtausend 1 0
betreffend 2 0
deadens 1 0
egelberge 1 0
achthabe 1 0
bedauerte 12 0
beowty 2 0
fehlgeschlagen 1 0
antern 1 0
disappoint 18 0
caravansaries 1 0
autobiographic 1 0
isenblech 1 0
neurologist 1 0
gefluegelten 8 0
bedauerst 1 0
edwood 2 0
recuperative 1 0
postchaise 1 0
gloaming 1 0
radical 24 0
zwergmaessig 1 0
entilis 3 0
sinneverwirrend 1 0
schmerzlosen 1 0
olicy 34 0
hervordringt 1 0
verjuengt 2 0
gebot 10 0
dikhdari 1 0
unkt 46 0
klahoma 7 0
olids 4 0
derogation 3 0
umzudrehen 1 0
octopus 2 0
idgeon 1 0
witnesse 1 0
angebildete 1 0
revolutions 42 0
tinctorium 1 0
unny 14 0
outpoured 2 0
oldstaub 2 0
nytus 1 0
unne 8 0
ythagoras 6 0
unnt 6 0
hinuebersetzen 2 0
ticketless 1 0
auerte 1 0
blatantly 1 0
brayings 1 0
entzueckend 1 0
gewaltsamste 1 0
llyrikus 1 0
predecessor 29 0
achsstoeckchen 1 0
handed 210 0
trelliswork 1 0
schaetzen 44 0
eingenistet 1 0
ausguckt 1 0
schaetzet 2 0
elephants 118 0
roostin 1 0
ulfilling 2 0
froze 11 0
herausgeben 2 0
handes 24 0
asciate 1 0
pitying 12 0
scissours 1 0
espair 10 0
iving 37 0
ivine 74 0
ronovius 2 0
verkuerzen 4 0
ivina 1 0
entzueckungsvoll 1 0
ernstliche 1 0
fabulous 24 0
forwards 64 0
imote 2 0
unst 285 0
chwaermende 1 0
zusammenbilden 1 0
enite 2 0
fuehlend 2 0
fragen 72 0
lutonic 2 0
acilities 3 0
napsacks 1 0
fraget 1 0
hoemakers 2 0
imosa 1 0
vaulting 1 0
enity 2 0
totin 7 0
nveterately 1 0
reussit 1 0
onversation 55 0
arbitration 13 0
antels 2 0
schwoeren 8 0
yriads 1 0
innerstes 1 0
tricksters 3 0
innersten 13 0
assassinate 3 0
selling 79 0
thunderstorm 13 0
enius 55 0
unus 1 0
gestern 73 0
disennobles 1 0
escarpment 3 0
unavailing 13 0
unum 4 0
fireballs 1 0
cracked 31 0
crouch 1 0
instruieren 1 0
diocese 79 0
fehlgeschlagne 1 0
eichsknappe 1 0
ausstreckend 1 0
ecause 203 0
ranciscos 1 0
untr 4 0
unto 515 0
learned 536 0
frown 30 0
ortifications 11 0
uaintness 1 0
unty 1 0
untz 3 0
iceratus 2 0
muntain 2 0
hieroglyphics 8 0
oddess 19 0
oddest 2 0
quando 2 0
unts 1 0
enise 3 0
cracker 2 0
erzweifelnd 1 0
learner 3 0
arbonne 21 0
efense 7 0
chaming 1 0
einrichteten 1 0
unte 1 0
flounce 1 0
enior 7 0
froth 8 0
refines 2 0
totty 1 0
ailroads 1 0
nachgerechnet 1 0
refiner 3 0
herzaehlen 1 0
bsterben 1 0
intrenchment 1 0
intritte 2 0
lorious 5 0
ntremedled 1 0
loathiers 1 0
frost 60 0
drenchen 3 0
drenches 1 0
wohlgekleidete 2 0
oluptate 1 0
airgument 2 0
totus 3 0
canvas 43 0
stiffly 26 0
icinianus 1 0
vidious 1 0
reussen 2 0
ungenossen 2 0
willenlos 1 0
epentance 9 0
orgenkleide 2 0
egypten 19 0
unstinted 2 0
imone 2 0
refined 80 0
imond 2 0
loszulassen 1 0
southeastern 1 0
egypter 1 0
denselben 26 0
mbassador 32 0
broadchested 1 0
formatted 1 0
maechtig 23 0
uropean 257 0
ruhige 19 0
agistrate 13 0
luau 7 0
ehrenvollste 1 0
fragst 7 0
appreciably 3 0
istillation 2 0
easure 78 0
yanen 2 0
ening 4 0
daisy 19 0
warping 1 0
fragte 244 0
nostrums 2 0
konnst 1 0
abgerissene 2 0
opronymus 1 0
schattieren 1 0
appreciable 10 0
etitions 23 0
schreite 1 0
konnte 950 0
ivies 1 0
chutzgeiste 1 0
dairy 17 0
schlaengelnde 1 0
luck 98 0
vaterland 1 0
raemium 1 0
yrians 3 0
gestehe 19 0
uszug 3 0
gestehn 6 0
fropf 1 0
ercari 1 0
imoku 7 0
aarlem 1 0
abstrac 6 0
cryptomerias 1 0
afire 13 0
apoleon 37 0
bestimmtesten 1 0
ercase 1 0
hervorragte 2 0
duerftig 1 0
gesteht 2 0
bucklere 1 0
kennten 1 0
ranciscus 1 0
exigence 3 0
disseverment 1 0
luce 3 0
luch 6 0
episodes 7 0
sther 19 0
kenntet 1 0
ception 1 0
indecency 12 0
ivide 7 0
thickish 1 0
urchdringen 1 0
lubs 4 0
exceptionally 13 0
wayside 17 0
important 747 0
disciplinary 4 0
ausgewachsen 1 0
glaeubig 1 0
ishoprick 1 0
taetest 1 0
daily 358 0
ortents 1 0
exigency 11 0
ortense 1 0
vorueberfliehenden 1 0
lues 2 0
onradins 1 0
eufzer 19 0
obgoblins 1 0
ishoprics 4 0
establisheth 1 0
imois 2 0
fromm 7 0
eufzen 2 0
gierig 3 0
lued 1 0
gehuellt 7 0
ailures 2 0
ietens 1 0
original 448 0
gibbeted 1 0
ouble 8 0
kummervolles 1 0
abwechslende 1 0
kingdom 240 0
resenting 7 0
kummervollen 2 0
uebersteigt 4 0
fronm 3 0
epaecke 3 0
front 507 0
usonian 1 0
lugn 1 0
momentary 47 0
quelques 2 0
blethering 1 0
lugt 1 0
stripped 58 0
trohdaecher 1 0
ascribes 9 0
rauenkleidern 1 0
diplomatic 27 0
erberus 7 0
fioriva 1 0
athaway 1 0
geschreckt 1 0
luge 13 0
ehaelter 1 0
snuffed 4 0
dgartown 1 0
syllogistical 1 0
adequately 15 0
easting 1 0
luft 1 0
kooommen 1 0
disclaim 6 0
esplendent 2 0
astonishing 53 0
ockingham 1 0
arayon 1 0
plastic 14 0
ssouan 2 0
seroot 9 0
outhwest 4 0
verlesenen 1 0
luff 5 0
nachreisen 1 0
alconers 4 0
ichterinnen 1 0
ascribed 74 0
hemist 1 0
flitting 16 0
ufopferungen 4 0
eschwoerungen 2 0
irthright 1 0
unsolicitous 1 0
lymenus 2 0
entomologist 1 0
luid 16 0
luik 3 0
aganism 10 0
dahin 95 0
inhaled 1 0
benefited 24 0
oehmen 4 0
outdoings 1 0
enceslaus 1 0
deceat 1 0
deceas 3 0
ellenes 15 0
ilitaerrollen 1 0
enham 1 0
fitly 10 0
ictrix 1 0
uechengarten 1 0
nsicheres 1 0
imnae 1 0
bservers 1 0
beigeschafft 1 0
boastfully 1 0
gruntin 1 0
effacing 2 0
aobab 1 0
hinunterfahren 1 0
eplies 5 0
idactron 1 0
plaster 21 0
aempfen 1 0
batst 1 0
aempfer 3 0
hilouk 1 0
sturbance 1 0
vortragenden 1 0
boistous 2 0
escutcheon 1 0
aganini 4 0
ortreffliche 2 0
however 2536 0
hrase 9 0
stiffen 4 0
luna 1 0
durstig 4 0
inundzwanzigste 1 0
lume 14 0
daher 109 0
erberow 1 0
ochlaeus 5 0
minimums 2 0
argains 2 0
hraso 2 0
lums 1 0
lump 25 0
laisterer 2 0
tenderness 117 0
mundo 1 0
onnoisseurs 2 0
aurotragus 2 0
ellenic 13 0
ickingen 57 0
lumb 3 0
ausstaffiert 3 0
ugenduebungen 1 0
desungeachtet 1 0
lustiness 5 0
unwieldy 11 0
lull 16 0
appealing 20 0
reinliche 5 0
grunted 12 0
methodized 1 0
durchprunken 1 0
fortzutragen 1 0
udicious 3 0
uoil 3 0
lupe 1 0
orktown 1 0
blacks 40 0
geary 1 0
episcopate 2 0
consolingly 4 0
entschlief 2 0
erniedrigt 4 0
blacke 11 0
gears 2 0
hadwell 1 0
erweisen 10 0
idowers 1 0
oralis 4 0
nbrechbohrer 1 0
livres 22 0
toted 6 0
lung 6 0
esorglichkeit 1 0
lorinda 2 0
quavered 3 0
oralia 1 0
uncreased 1 0
erweiset 2 0
biblischen 3 0
pinois 2 0
agistracy 3 0
proportion 760 0
installations 1 0
weariness 35 0
emerged 54 0
mutterlos 3 0
lure 15 0
schreibt 12 0
totes 5 0
eened 2 0
geregelte 2 0
toten 8 0
fallows 2 0
paradoxe 1 0
totem 2 0
wohlriechende 1 0
episcopari 3 0
schreibe 22 0
roguish 7 0
useyites 1 0
rhinoceroses 6 0
restaurant 7 0
studierenden 1 0
aldplatze 2 0
haeremon 2 0
hervorragen 3 0
deceit 31 0
vogue 21 0
comfort 269 0
dictatorship 7 0
hristenlehr 2 0
beruhender 1 0
eende 1 0
century 651 0
deceiv 5 0
fluting 1 0
smoothness 13 0
denunciations 10 0
pinola 3 0
emerges 14 0
ereilen 1 0
omforteth 1 0
versammelter 2 0
sacristan 4 0
lute 18 0
cotton 162 0
despotischen 4 0
uomo 2 0
bottling 1 0
etzotinto 1 0
versammelten 9 0
geant 1 0
piscopi 5 0
classifiers 1 0
lust 82 0
aligraphy 1 0
luss 88 0
lurschuetzen 2 0
mphitheater 11 0
orales 4 0
descends 32 0
belonge 1 0
eware 25 0
eward 30 0
luse 2 0
restrictions 44 0
hineinmaehen 1 0
lush 4 0
taatsaktionen 1 0
ewark 4 0
lurk 14 0
belongs 154 0
schreien 13 0
convenientium 1 0
hrale 27 0
parents 151 0
olhac 1 0
bridgeless 1 0
unrefreshing 1 0
apportion 4 0
luve 1 0
relucted 1 0
daured 2 0
decent 93 0
harondas 1 0
mankinde 3 0
total 233 0
egenbesuch 1 0
immur 88 0
bliegenheiten 2 0
ardoche 1 0
console 40 0
hemins 1 0
kyllen 1 0
totch 3 0
compositions 34 0
springenden 1 0
conjure 13 0
mpfangen 1 0
luto 18 0
luts 3 0
facades 4 0
uona 1 0
newcomer 4 0
orsaint 1 0
blades 33 0
ensnare 3 0
luxe 1 0
xercising 1 0
aetsels 1 0
conomical 3 0
mummy 3 0
incorrectness 6 0
whistlings 1 0
beautification 1 0
transgress 4 0
cowcumber 2 0
transgrest 1 0
supposing 115 0
esandten 6 0
asserspiegel 2 0
bladed 2 0
olger 1 0
metaphysics 22 0
snowdrift 1 0
olgen 35 0
publishing 37 0
esandter 3 0
beizustecken 1 0
geschmaust 1 0
klaeglicher 1 0
catchers 9 0
aufgeloeste 1 0
compeers 3 0
redolence 2 0
stopping 61 0
chicksal 123 0
iturgy 1 0
confirmatory 1 0
usnahme 3 0
dicesse 1 0
undirected 1 0
akasendo 2 0
nhabt 1 0
handmaids 2 0
entgegenzueilen 1 0
descents 5 0
chenectady 6 0
transpire 3 0
fancies 39 0
engulfed 7 0
aufgeschuerzt 1 0
bescribbled 1 0
fancied 91 0
onclave 1 0
archester 320 0
iebsschwester 1 0
bauks 2 0
nthemion 1 0
esopotamia 3 0
irdles 1 0
uora 1 0
inflamed 25 0
bruellende 1 0
scheucht 1 0
quames 1 0
urpose 98 0
itharist 1 0
hanced 1 0
onstructions 2 0
crotch 1 0
nbegriff 4 0
consort 8 0
einerntete 2 0
hancel 1 0
versinnlichten 1 0
hances 1 0
prightness 2 0
entinck 6 0
bauen 16 0
pictuesque 1 0
uota 6 0
foursome 1 0
arabout 24 0
uoth 45 0
baudy 1 0
eographike 1 0
nsulted 1 0
concupiscence 12 0
alisbury 13 0
striplings 1 0
erausgehen 1 0
hotbed 1 0
corrupt 135 0
caterwauling 2 0
entinel 6 0
trackless 5 0
uova 2 0
ulcinellpuppen 1 0
egensaetze 4 0
ruhende 2 0
mphitheatre 8 0
rivileged 1 0
overstepping 1 0
prahlen 2 0
comparative 45 0
efusing 3 0
rivileges 20 0
ankerotts 1 0
rauens 2 0
squandered 4 0
drittehalb 1 0
egenwindes 1 0
hinaufgearbeitet 1 0
travelled 94 0
peacocks 6 0
justify 124 0
kissing 25 0
falloit 1 0
sisterhood 3 0
traveller 117 0
issvergnuegen 5 0
negatives 6 0
fruehlings 1 0
soundless 6 0
arylebone 3 0
ironically 7 0
herunterspringen 1 0
eldige 1 0
aufhoben 1 0
ntaeusserung 4 0
negatived 1 0
following 819 0
geben 361 0
logging 1 0
pinoza 4 0
ausgehellt 2 0
tosse 1 0
hierherzukommen 1 0
ictionaries 2 0
oswell 56 0
orresponding 4 0
crossd 2 0
disponierte 2 0
undeterred 3 0
ffirmative 3 0
oewenhoehle 1 0
ompound 2 0
elendesten 1 0
crosst 1 0
bemoaned 2 0
canaille 1 0
observation 166 0
ausgeloeschtem 1 0
withoute 74 0
bauch 1 0
ecognised 1 0
designedly 2 0
rauern 1 0
entzweizureissen 1 0
snuffle 1 0
inflames 3 0
tenfold 12 0
dulcify 1 0
iesentals 1 0
transferable 5 0
declension 24 0
fitte 1 0
rhababas 1 0
nhalt 28 0
tippets 1 0
auwerk 2 0
justice 765 0
snuffin 1 0
asereien 1 0
kiokios 1 0
paritory 1 0
erwuergen 2 0
gebar 3 0
ondensation 3 0
tiefmutter 2 0
wiederkehrende 3 0
orientals 1 0
oetlich 2 0
liebgewonnen 2 0
pygmy 1 0
orientale 2 0
innerste 3 0
ligochaetfauna 1 0
computing 3 0
erberge 18 0
ehecke 1 0
ccents 2 0
voraciously 3 0
manifestieren 1 0
nhang 5 0
oldfinch 2 0
abzukuerzen 3 0
aertyrertum 1 0
nhand 3 0
undermann 1 0
wenites 1 0
rfindungskraft 2 0
ternenschein 2 0
berlegung 2 0
englisch 1 0
unguardable 1 0
dahlt 1 0
mistaking 9 0
prepard 1 0
prepare 277 0
rregung 1 0
oudun 1 0
surgeon 19 0
tatthalter 5 0
vornehmeres 1 0
chwachen 1 0
hread 6 0
taetigen 15 0
taetiger 8 0
vornehmerer 1 0
endorser 1 0
kuessend 2 0
taetiges 3 0
gelindert 4 0
scanty 61 0
ntichambern 1 0
incomes 9 0
aluable 2 0
overrate 4 0
eldbau 6 0
intoxicants 2 0
suggenes 1 0
sustene 9 0
veredelte 2 0
faeries 1 0
coalitions 3 0
backwards 49 0
endorsed 10 0
oehnen 2 0
rtemidorus 2 0
hronology 4 0
forerunning 2 0
upai 1 0
tormentor 11 0
orsaetz 1 0
enkin 6 0
cabbiges 1 0
entbieten 2 0
illemont 1 0
violets 11 0
violett 1 0
hikes 2 0
chrecke 1 0
festzuknuepfen 1 0
gueltig 1 0
stirring 52 0
omelettes 1 0
carrain 4 0
straniero 1 0
unsalable 1 0
obeying 17 0
towed 15 0
anzubieten 9 0
ankard 2 0
arbarische 1 0
trockne 1 0
nheils 2 0
improvising 2 0
towds 1 0
surgery 5 0
reimburse 8 0
violent 258 0
aennergestalt 1 0
sandhoppers 1 0
finically 1 0
haeresi 1 0
extendere 1 0
taatsangelegenheiten 1 0
zealously 13 0
barrenness 22 0
rebsschaden 1 0
versaeumten 4 0
irreformable 4 0
onditors 1 0
justifiably 2 0
audable 1 0
rovisionis 1 0
uneducated 15 0
justifiable 22 0
nachfolgende 3 0
umhersahen 1 0
drumming 9 0
ewebe 14 0
ductility 1 0
dogstar 2 0
marjoram 6 0
overseership 1 0
orsaal 5 0
rywhere 5 0
uper 1 0
upid 33 0
praetorian 1 0
upil 3 0
amagetas 1 0
enken 16 0
ntidote 1 0
enkel 3 0
earthquakes 10 0
enker 8 0
braeutlich 1 0
entzuecket 1 0
steinige 3 0
hoerend 1 0
entzuecken 5 0
figger 8 0
erktet 1 0
omesticks 1 0
reinforcement 5 0
cardamoms 1 0
abgetrockneten 1 0
endeavoured 124 0
adjuration 4 0
oesewichter 3 0
sonants 1 0
ervades 1 0
kuessest 1 0
olombia 11 0
aggrievd 1 0
ncestor 2 0
syntax 1 0
personnel 2 0
affirmatively 1 0
splash 17 0
refractory 11 0
alktuff 1 0
haltings 1 0
auftauchte 1 0
rejoycing 2 0
resentful 5 0
oorfields 3 0
olkes 26 0
uncheon 2 0
aehnen 18 0
olker 2 0
psychometry 12 0
rhinoceros 93 0
oppressors 18 0
nburied 1 0
olken 44 0
servierte 1 0
uineas 12 0
churchful 2 0
aghast 29 0
cobweb 4 0
felicity 54 0
rossvater 17 0
chlosshof 5 0
upin 8 0
chwalben 1 0
sallowness 1 0
verhuellten 1 0
aestrigonen 1 0
iebold 11 0
okrooris 78 0
zottichte 1 0
lysium 5 0
entruesteten 1 0
esoldung 3 0
ufloesung 7 0
forschende 1 0
hevrolet 1 0
espagnole 1 0
trocken 12 0
hallenden 1 0
eibergunst 1 0
muddyin 1 0
misericorde 3 0
temporibus 1 0
anopeus 1 0
gewagten 1 0
haedra 4 0
tormented 28 0
hervorleuchte 1 0
mwenden 1 0
capital 834 0
flingin 6 0
gewagtes 2 0
tantaliz 1 0
peircing 1 0
emuetsverfassung 8 0
auptschmuck 1 0
upon 8659 0
erzensgrund 1 0
unlimbered 1 0
ufsehn 3 0
towel 14 0
laborating 1 0
tower 99 0
traffic 34 0
franchises 5 0
frontiers 18 0
carrack 1 0
manesque 1 0
eilfertigen 1 0
gratification 37 0
scanio 3 0
theorie 1 0
dissolv 3 0
uppy 1 0
ugendtraeumen 1 0
onturen 1 0
awakens 9 0
soberness 5 0
etretenen 1 0
bungalows 1 0
hilflos 3 0
ilenus 4 0
uppe 18 0
drubbing 3 0
lentils 1 0
remission 4 0
unentertaining 1 0
pedantically 1 0
maintenance 165 0
governesses 5 0
geese 27 0
glisten 2 0
confederating 1 0
ammertuere 1 0
flawless 5 0
llwissenheit 1 0
grossmuetige 5 0
ouded 1 0
heruntergestuerzt 1 0
resuscitate 1 0
ardolph 1 0
geendet 4 0
ownships 4 0
praechtigsten 5 0
ngelica 1 0
auszureden 2 0
moidores 1 0
produceth 1 0
superabundant 3 0
unbraiding 1 0
pithets 2 0
theorem 3 0
fixin 16 0
stampeding 1 0
upre 6 0
smacked 3 0
upra 2 0
metaphors 5 0
hrepe 1 0
eeren 3 0
geniesset 2 0
jeweled 1 0
upuy 1 0
geniessen 130 0
ubilate 2 0
fixes 18 0
hrens 1 0
ratzenhafte 1 0
laermige 1 0
nticleia 1 0
jeweler 1 0
tonnage 21 0
dalag 1 0
easons 79 0
rissotin 2 0
confederation 10 0
withdrawal 19 0
chmetterling 1 0
producers 7 0
aufrieb 1 0
einzuschaerfen 3 0
kostbares 1 0
ewett 6 0
kostbarer 2 0
kostbaren 8 0
formative 1 0
aufrief 1 0
coincident 3 0
oleration 3 0
optical 3 0
raveler 2 0
principle 478 0
avinia 1 0
endorsers 1 0
recouped 1 0
ecessed 1 0
footedness 1 0
ecesses 1 0
radiate 5 0
ulieri 1 0
ichtswuerdiger 2 0
beatings 9 0
ewerb 3 0
ichtswuerdigen 2 0
herfliessen 1 0
redacta 1 0
verfahren 10 0
avings 2 0
boilers 6 0
oudin 13 0
ewers 2 0
rotektion 1 0
crossroads 4 0
anstaendig 14 0
armchairs 1 0
ballroom 1 0
fixed 510 0
worshiping 1 0
ewery 4 0
ifeless 1 0
foregathered 2 0
ictors 1 0
ohannes 7 0
behagliche 3 0
unterweges 1 0
onsumable 4 0
unobvious 1 0
ictory 21 0
isterbianco 1 0
elohnung 16 0
fruchtbar 7 0
arambo 1 0
evesell 1 0
blinding 15 0
principio 3 0
ussulman 5 0
erklaerte 39 0
hinreichende 2 0
wohlueberlegte 1 0
canker 5 0
erklaerst 1 0
steepness 6 0
geradenweges 1 0
nletted 1 0
snugly 10 0
riomphe 4 0
entwischt 5 0
yrtenbaum 9 0
epigrams 297 0
mythological 7 0
enkst 1 0
nyway 1 0
dearness 22 0
abgespannt 1 0
nsektenophrys 1 0
hiline 143 0
wishys 1 0
enkte 1 0
eingekerkert 2 0
ilderchen 1 0
vilify 1 0
indianischen 1 0
rroeten 2 0
onforti 1 0
ngelika 43 0
vermannigfaltigten 1 0
uckersdorf 1 0
dependencies 20 0
lway 2 0
bayard 3 0
hereupon 46 0
leucotis 1 0
lysian 4 0
eschwistern 7 0
respectfull 1 0
hyacinths 1 0
formation 54 0
lwes 1 0
rleuchtung 9 0
principes 1 0
herrschendes 1 0
olycleitus 2 0
tacking 1 0
usaetzen 1 0
einzigen 68 0
herrschenden 2 0
einziger 20 0
nslaked 1 0
efehle 12 0
blusters 2 0
einziges 17 0
phases 9 0
execrating 1 0
unterirdische 1 0
psychometer 4 0
crunched 5 0
absurdity 58 0
hancery 15 0
ewell 8 0
plebeian 4 0
ewels 3 0
ngewoehnliches 1 0
aecilia 2 0
unrepresentative 1 0
orgetting 4 0
checker 1 0
eweih 1 0
immergruenen 6 0
execration 6 0
disappeared 178 0
hergestellte 1 0
checked 51 0
acraments 10 0
revivify 1 0
eweis 21 0
suppled 1 0
acramento 4 0
jewelry 4 0
efehls 1 0
splain 2 0
rinzessin 10 0
hilips 6 0
lexippe 1 0
ubbles 2 0
condiment 1 0
eingeschalteten 3 0
leghorn 1 0
osephisme 1 0
duodecimos 1 0
missgeleitet 1 0
hilipp 17 0
radiant 33 0
auftauchen 1 0
ngleichheiten 1 0
oudon 1 0
rzlugner 3 0
perpetrate 6 0
principal 448 0
imrods 3 0
schwindelt 2 0
schwindeln 2 0
gutmuetigste 1 0
lisping 1 0
flanzenreich 1 0
seismologists 1 0
hounding 4 0
wegbliebn 1 0
infares 2 0
capitol 5 0
nglaender 19 0
unadorned 3 0
gleichgueltige 5 0
rdewallen 1 0
ewehr 7 0
egradeth 1 0
olconda 3 0
artleap 1 0
leeves 2 0
crannied 1 0
stith 1 0
supplys 1 0
goddes 12 0
interferin 2 0
ntersuchen 1 0
oodness 62 0
bretterne 1 0
unbedingt 7 0
errichtete 1 0
mperial 49 0
bucket 43 0
feuchtlich 1 0
peeresses 1 0
ueberwogen 2 0
effries 2 0
gleicherweise 1 0
klassische 1 0
aufriss 3 0
aterhouse 2 0
stius 1 0
triumphos 1 0
brothels 2 0
consignment 1 0
elbstvergessenheit 1 0
reverence 162 0
ilnitz 2 0
wohlgeraten 1 0
candlesticks 5 0
disintegrating 6 0
eierabnd 1 0
phrases 55 0
ighness 6 0
issbildungen 1 0
leevin 4 0
glides 8 0
impel 7 0
tehauf 1 0
dreizehnte 1 0
orgotten 4 0
geschafft 14 0
idesleistung 1 0
urueckbleibenden 1 0
adding 84 0
disintegration 27 0
tempestuously 1 0
interferes 4 0
ofschranzen 2 0
ggloffstein 1 0
egritt 1 0
oldster 1 0
reviving 16 0
videamus 2 0
exhaust 13 0
liesest 2 0
ubini 1 0
eremoniell 2 0
interfered 34 0
andlords 7 0
rdnance 10 0
ubine 2 0
literarische 2 0
klapperte 2 0
sitttin 1 0
ingeweide 5 0
triefend 1 0
zerreissest 1 0
precautionary 1 0
bendwind 2 0
verkuerzte 1 0
glided 31 0
locust 8 0
durchbeten 1 0
ishops 17 0
pediments 1 0
endless 78 0
papers 248 0
stirb 2 0
apostatise 1 0
tearfully 2 0
ntentions 18 0
ehrjahre 47 0
herunterschauen 1 0
stirr 3 0
eeply 3 0
stirs 16 0
ardoner 14 0
ereeechtigkeit 1 0
nutzbaren 1 0
stirp 2 0
inconveniences 35 0
zurueckbiegend 1 0
wetteifernd 3 0
dawdling 6 0
dmonition 4 0
voila 1 0
remanded 1 0
eighbor 2 0
indignatio 1 0
rhyming 6 0
rhombisch 1 0
brothers 111 0
deplorable 31 0
triumphed 26 0
umbequeme 1 0
likening 2 0
ocquin 1 0
angekettet 1 0
hinansteigt 1 0
ezahlt 1 0
inconvenienced 1 0
hronhimmel 2 0
maskiert 2 0
immelslichter 2 0
ornication 1 0
plentifully 10 0
immelslichtes 1 0
eiertagswams 1 0
easows 3 0
geopfert 3 0
infinitum 5 0
served 259 0
cuppers 1 0
inflates 1 0
ensiformis 1 0
mitten 45 0
serven 2 0
einhalten 1 0
server 1 0
mittee 1 0
deigning 2 0
mitted 2 0
overtures 10 0
thoroughfares 2 0
serves 56 0
advisability 3 0
etruscische 1 0
stifles 2 0
inflated 17 0
tupidity 4 0
unumschraenkter 2 0
unumschraenkten 5 0
womanishness 1 0
stifled 31 0
competed 3 0
giraffes 42 0
ethical 14 0
addict 1 0
haleboats 1 0
sublimatories 1 0
unbendingly 1 0
deplorably 6 0
runkliebe 1 0
ivius 4 0
vergolten 1 0
anbietendes 2 0
coachman 33 0
ostueme 3 0
ausstrecke 1 0
efences 2 0
nonjuror 1 0
lstone 1 0
wetteiferte 1 0
rennesseln 1 0
triumphal 13 0
munificently 4 0
oudan 38 0
predominating 8 0
servir 2 0
handsome 203 0
rincavel 2 0
eeper 23 0
ueberheben 3 0
eepen 1 0
forenoon 17 0
hodocleia 1 0
exaudi 1 0
fives 1 0
oritzen 2 0
streitenden 1 0
zurueckhielt 1 0
ekannte 12 0
beruechtigte 1 0
abgelenkt 3 0
designers 1 0
submerged 8 0
ostuems 1 0
coachmen 5 0
ausgebogen 1 0
ffundat 1 0
orange 27 0
gutgegangen 1 0
niedergestuerzt 2 0
chonberg 1 0
doubtfully 10 0
stice 1 0
idway 2 0
nlawfulness 2 0
ueberhaeufen 1 0
tound 2 0
muori 1 0
orandi 1 0
stica 3 0
atapuce 1 0
hineilte 1 0
etabliert 1 0
stick 152 0
messuage 1 0
respiratory 1 0
artless 7 0
belogen 1 0
nakreontia 1 0
erbstaufenthalte 1 0
laboriously 7 0
invelopd 1 0
hulaing 2 0
nderstandings 8 0
proletarians 12 0
adventurously 2 0
ubian 17 0
foundashuns 1 0
erziehe 1 0
lascivious 4 0
stieg 54 0
acquir 11 0
entgegengegangen 1 0
abruptness 8 0
tormentors 8 0
gefegt 1 0
erziehn 1 0
gekitzelt 1 0
orsatz 49 0
betoeren 2 0
erzieht 2 0
purlins 1 0
rankende 2 0
sties 2 0
faultings 2 0
acquit 19 0
hunteress 1 0
auptschlag 1 0
stiff 98 0
hinunterfloss 1 0
sequestriert 1 0
chwerenot 1 0
preachment 1 0
awaiians 7 0
penetralia 1 0
verloere 3 0
melted 71 0
eltmenschen 1 0
ottesdienst 4 0
chmause 3 0
scaped 2 0
eizung 1 0
anblasen 2 0
gedly 1 0
naewise 2 0
olina 13 0
rotestanten 2 0
rotestantes 1 0
schelten 17 0
oellbuechl 1 0
melodischen 2 0
chwingung 1 0
entzueckte 10 0
ouche 1 0
cruizing 1 0
olini 1 0
altadelige 1 0
oulousains 2 0
trimmer 2 0
buckra 1 0
recentor 4 0
chauspielhause 2 0
fortnight 82 0
scapes 2 0
artholomaeus 1 0
leichtfertigen 7 0
leichtfertiger 1 0
oulousaine 1 0
trimmed 18 0
atzengeschrei 1 0
indbads 1 0
rumschneiden 1 0
wildered 2 0
aufwaerts 5 0
povert 15 0
potatoes 59 0
scertain 1 0
amethyst 1 0
poisonous 24 0
despicable 16 0
selchen 1 0
trenges 1 0
chiesserei 2 0
shameth 2 0
erzielt 1 0
lustigsten 1 0
yanza 9 0
egriff 159 0
fortjagst 1 0
recently 118 0
clanked 4 0
mperio 1 0
etterkuehlen 1 0
omposuit 1 0
mperia 1 0
fortjagte 1 0
wilderen 1 0
despicably 2 0
ppreciation 1 0
herausbewegte 1 0
otizen 2 0
segnender 1 0
achievement 16 0
ontractors 2 0
rhetoricians 4 0
segnenden 1 0
angstbefluegelt 1 0
eizure 2 0
ersailler 1 0
gleichfalls 56 0
squires 12 0
bilities 36 0
ersailles 27 0
erstaaanden 1 0
zusammenhielt 1 0
arracher 2 0
erspreading 1 0
discolour 1 0
kahler 1 0
olicemen 2 0
einherschritt 1 0
still 3351 0
pucker 1 0
infinites 1 0
nicknamed 5 0
mperor 182 0
filaments 1 0
stile 8 0
uttersprache 4 0
oliri 1 0
widmest 1 0
verschwende 1 0
constituencies 19 0
matrimonially 1 0
eperation 2 0
unceremoniously 3 0
stima 1 0
ostspieliges 1 0
stilt 1 0
egions 3 0
gestaltverwirrende 1 0
widmete 6 0
bawdy 2 0
uswendiglernen 1 0
marchings 1 0
deprecate 7 0
itglied 3 0
issverhaeltnis 3 0
enjoy 305 0
impos 4 0
ergplatze 1 0
uebereinandergeworfen 1 0
vorgezogen 5 0
arfreitags 1 0
nicknames 5 0
oucht 2 0
ouchy 2 0
rautfelder 1 0
ppose 1 0
harriers 2 0
ebensogut 7 0
stint 29 0
esoughte 1 0
shmuns 1 0
sting 33 0
orsake 1 0
buckle 4 0
scheltet 1 0
stink 9 0
verloeschende 1 0
ntwickelte 1 0
ttilie 7 0
uncomely 1 0
voice 978 0
pithead 1 0
aeuptern 2 0
anathemata 2 0
urhythmie 1 0
plunderer 3 0
butcher 88 0
tours 3 0
dovetails 1 0
phares 2 0
olive 37 0
urbe 1 0
apprised 11 0
urbs 1 0
uslands 2 0
oliceman 1 0
imply 47 0
uray 7 0
flanzensystem 1 0
ntergebene 1 0
urat 1 0
retaliations 3 0
enioris 1 0
infinitae 1 0
uthenticity 1 0
uras 1 0
erheiratung 1 0
imple 6 0
abolition 54 0
touto 1 0
servieren 1 0
olish 3 0
urea 1 0
olite 1 0
expedited 3 0
urdi 1 0
andringend 1 0
entradas 1 0
slumbered 6 0
ueckwaerts 2 0
notifies 1 0
acques 44 0
atmende 2 0
acquet 3 0
acquer 1 0
ixture 12 0
toute 1 0
voide 3 0
notified 12 0
omposure 1 0
posturings 1 0
wheaten 9 0
voids 1 0
zeuge 1 0
ulletin 4 0
zeugt 4 0
urch 70 0
voicy 1 0
arsala 4 0
uechengeschirre 1 0
discomfited 6 0
gruffly 2 0
ustralian 7 0
albsaeulen 1 0
olity 2 0
neumatology 2 0
gingst 4 0
woodchuck 12 0
ounces 77 0
umanandrenn 1 0
urgh 2 0
urgd 4 0
anbeut 1 0
urge 50 0
issentions 3 0
nnoetigen 1 0
ugwind 1 0
armholes 2 0
music 320 0
olman 4 0
chiffers 1 0
imson 10 0
volui 1 0
urfs 1 0
efended 2 0
uincey 2 0
volts 1 0
maintainers 2 0
behaving 5 0
unaspiring 1 0
diphthongated 1 0
trohbuendeln 1 0
mushy 2 0
urfe 1 0
urff 6 0
olmas 1 0
olmar 1 0
uren 13 0
urel 1 0
urem 10 0
protracted 12 0
urer 25 0
damps 6 0
ures 7 0
uric 2 0
uria 13 0
scalon 1 0
hiloxenid 1 0
amores 1 0
gauntlets 1 0
wacker 13 0
eugierde 28 0
worded 4 0
klavin 4 0
backwater 3 0
musky 1 0
urie 3 0
durcharbeiten 3 0
observatory 2 0
repressing 4 0
worden 324 0
hillis 3 0
angebetete 1 0
hereunto 3 0
hillip 2 0
wordes 74 0
behavior 24 0
enthralling 1 0
minimize 1 0
scalps 5 0
efender 2 0
weggestohlen 1 0
anbete 1 0
evenings 38 0
caning 2 0
gegen 637 0
canine 2 0
nakery 3 0
oldstein 1 0
ouncil 352 0
pagoda 7 0
assiduous 16 0
herstammeln 1 0
urgo 1 0
plundered 32 0
articipation 2 0
altese 1 0
urke 42 0
douanier 2 0
trength 54 0
ppression 16 0
flagitious 5 0
raeutern 1 0
acclamation 7 0
olmes 3 0
cotias 1 0
omething 52 0
riband 1 0
ausartete 1 0
erschrickt 1 0
ewgen 3 0
mammon 2 0
achbarpflanze 1 0
ewgem 1 0
justest 3 0
alterd 12 0
herandrohte 1 0
altere 1 0
debarkation 1 0
ausgeloescht 6 0
ersoenlichkeit 6 0
ractical 5 0
ewger 2 0
ewges 1 0
altert 3 0
uris 6 0
urip 1 0
alters 17 0
umsehend 1 0
urin 7 0
droehnen 1 0
urio 1 0
altern 2 0
egelian 1 0
preeminent 2 0
cynical 12 0
allmaehlicher 1 0
hydrochloric 1 0
durchziehen 1 0
urme 4 0
derweil 3 0
allmaehlichen 1 0
ulverkammer 1 0
klaven 26 0
ungezogen 1 0
ueberhaeufte 2 0
allmaehliches 1 0
commendatory 1 0
himes 4 0
ribald 7 0
armseligen 3 0
armseliges 1 0
urly 2 0
zeitlich 1 0
capitalist 11 0
mistake 219 0
udenbaum 1 0
angefeuert 2 0
hurtes 1 0
aeulchen 2 0
gesattelt 3 0
urll 2 0
riegsfaellen 1 0
hurted 1 0
entrissen 10 0
freundschaftlichem 1 0
prosaischen 1 0
urks 84 0
freundschaftlichen 7 0
hatchways 1 0
bekanntmachen 1 0
neself 1 0
freundschaftliches 2 0
urky 2 0
damno 1 0
atmosphere 98 0
winking 6 0
ehkraft 1 0
rister 12 0
potestas 1 0
urns 35 0
damit 224 0
urnt 2 0
tackles 1 0
alteser 5 0
unwearying 1 0
ilgiris 1 0
urne 1 0
entfernteres 1 0
hilosophiarum 1 0
tackled 3 0
nniversary 6 0
besinna 1 0
besinne 2 0
entfernteren 2 0
quarry 14 0
agreeableness 3 0
heraustrat 5 0
aufrechtstehenden 1 0
urms 1 0
elegisch 1 0
aufrechtstehender 1 0
besinnt 1 0
ffectation 8 0
rauher 2 0
circumscribe 2 0
altend 1 0
rauhen 11 0
aufzuwarten 6 0
mussy 2 0
idyll 2 0
laengerem 1 0
aserei 6 0
laengeren 1 0
ecommendations 14 0
muste 32 0
reeness 1 0
imsel 1 0
pouring 43 0
representations 28 0
hompson 22 0
anzuschaffen 7 0
jousting 2 0
affektvollsten 1 0
daemmrig 1 0
tippling 2 0
musst 70 0
hervortritt 7 0
uphill 6 0
ngerecht 1 0
nakreontos 1 0
grasshopper 11 0
oldsters 1 0
udsons 11 0
lustreless 4 0
laengeres 2 0
reenery 1 0
hurtig 1 0
hurtid 2 0
itular 1 0
laengerer 2 0
urou 1 0
potestem 1 0
ubbing 3 0
snuffy 1 0
ougal 1 0
ovetousness 3 0
ristan 6 0
scaled 9 0
urst 44 0
dames 4 0
urry 22 0
amascene 3 0
aehlen 5 0
ondelmodell 1 0
urse 35 0
abgehen 8 0
catching 70 0
settings 2 0
reudigste 1 0
ahlmeister 1 0
musty 16 0
urrt 2 0
umgangen 1 0
cisterns 4 0
urrr 1 0
angewandten 1 0
galingale 2 0
succedaneous 1 0
mustn 23 0
ginger 6 0
aratoga 11 0
scales 31 0
gingen 101 0
urra 7 0
mercilessly 7 0
shading 8 0
ummheiten 2 0
misconducting 2 0
oarder 1 0
abhinge 1 0
uantities 7 0
urus 1 0
unfoermigen 1 0
bowings 2 0
factotum 4 0
ubbish 4 0
rookline 2 0
wirksamen 3 0
uruf 2 0
olting 1 0
zurueckweisen 1 0
impliedly 1 0
schwersten 5 0
hilles 1 0
diaconate 1 0
quarto 4 0
brillant 1 0
intenklecks 1 0
quarts 7 0
buffalo 59 0
ecclesiastiques 1 0
deducere 1 0
quartz 14 0
alarmist 1 0
wirksamer 1 0
ayment 15 0
graeflichen 2 0
grossenteils 1 0
imirum 1 0
sittsam 2 0
arakee 1 0
starveling 1 0
musizierenden 1 0
oddity 8 0
purgatioun 1 0
olloi 2 0
heatervorhang 1 0
doubtance 3 0
entertainments 10 0
ugenwimpern 1 0
hineingeworfen 1 0
adders 5 0
protestantische 1 0
formulation 1 0
ettlements 20 0
ollow 21 0
dance 167 0
ufsuchung 1 0
fracas 3 0
imminent 27 0
restling 2 0
immersion 7 0
disinterested 38 0
riston 8 0
brescianischen 1 0
ristol 13 0
graduated 14 0
ristos 1 0
urve 3 0
gestand 23 0
associations 37 0
urys 1 0
ublic 189 0
dandy 5 0
rutality 1 0
angeheftete 1 0
paramour 11 0
eetie 5 0
ultures 4 0
allypoosy 2 0
dumpfig 1 0
eywood 1 0
barbarisch 1 0
ulturen 1 0
orbeeren 1 0
mammet 2 0
ummits 1 0
whirled 32 0
eethe 1 0
plantations 63 0
dando 1 0
shatters 1 0
euerstaette 1 0
oepfchens 1 0
ompunction 1 0
ublin 13 0
silversmith 9 0
riviledge 1 0
yonnge 1 0
didactic 1 0
weibliche 9 0
ilemma 1 0
titubated 1 0
aminoyama 3 0
demoniacally 1 0
ollst 3 0
gerechtfertiget 4 0
olburn 3 0
uesdays 2 0
ollte 45 0
yards 314 0
flutter 32 0
chneiderader 1 0
forttragen 1 0
rovence 23 0
yarde 4 0
ophisten 36 0
urze 3 0
sonderbar 40 0
graduates 5 0
weggeblasen 1 0
nearly 942 0
lyes 3 0
gnaja 1 0
interjoined 1 0
xcellence 2 0
dumpfem 1 0
dumpfen 3 0
vorgerueckt 2 0
xcellency 43 0
iebeserklaerung 2 0
dumpfer 5 0
beneidest 1 0
afney 1 0
rodicus 2 0
lafond 1 0
unimpeachd 1 0
beneidete 6 0
ultipliziert 1 0
mammas 2 0
betrachtete 43 0
ascinated 1 0
eizenfeldern 1 0
nkuendigung 1 0
wackre 4 0
volat 1 0
underpinned 1 0
lyde 21 0
barbarisms 1 0
ausilipo 1 0
emorabilia 2 0
subsidy 11 0
aserta 6 0
lautete 3 0
nearby 5 0
abruptly 84 0
financially 1 0
ewfoundland 15 0
juenger 8 0
ahaukan 1 0
epositions 1 0
mperess 1 0
papist 1 0
ummins 1 0
ractices 10 0
chickens 30 0
insenmann 1 0
ruestig 2 0
alterum 1 0
ialart 1 0
subside 22 0
volle 15 0
lyin 10 0
mechanicians 1 0
utineers 1 0
otable 1 0
sentences 40 0
arjdry 1 0
ttiken 1 0
overreached 3 0
ookaloft 35 0
polternde 2 0
chwaermerei 26 0
sentenced 19 0
ersteinerungen 2 0
ollux 2 0
toetest 2 0
erwachsene 4 0
niedergeworfen 5 0
noteworthy 5 0
ordentlich 14 0
hereagainst 1 0
dienlich 1 0
toetete 2 0
ruestge 1 0
usae 1 0
groesstenteils 4 0
wordly 1 0
crystallization 2 0
abzuholen 16 0
ethopion 1 0
droehnte 1 0
usan 47 0
damus 1 0
tadtleben 1 0
perorieren 1 0
scalus 1 0
usee 6 0
entgegensangen 1 0
usef 1 0
used 1117 0
andelsmannes 1 0
ristre 1 0
muses 2 0
wohlmeinende 2 0
lyke 2 0
enchain 1 0
ebenzimmer 12 0
iederholung 13 0
deigneth 1 0
mused 11 0
musee 1 0
unscheinbare 2 0
beneidend 1 0
intrigud 1 0
hindrances 4 0
intrigue 23 0
gestours 1 0
betrachtend 3 0
aville 6 0
gnaed 1 0
nearer 229 0
antagonized 1 0
gebratenen 1 0
quares 1 0
ingenuously 6 0
agstueck 1 0
neared 14 0
ounded 6 0
usch 18 0
erangeres 1 0
ruesten 1 0
subjoin 9 0
lymp 1 0
egitima 1 0
ounder 5 0
belohnt 18 0
dehumanizing 1 0
unhurt 8 0
iscourse 35 0
immovability 2 0
zuteil 6 0
ribbes 1 0
deignest 1 0
gnace 1 0
usey 1 0
ecruits 2 0
ribbed 8 0
scobaar 1 0
thanking 16 0
surpass 25 0
usen 120 0
uses 137 0
belohne 1 0
user 5 0
useo 5 0
butchers 7 0
butchery 4 0
astards 1 0
ausstechen 1 0
ribble 1 0
usic 27 0
npausingly 1 0
worein 8 0
forbore 15 0
hilip 142 0
ushy 1 0
custard 2 0
uslass 1 0
upporters 2 0
usha 1 0
kademiker 1 0
lynx 3 0
hierarchy 22 0
resteth 3 0
voraussehe 1 0
boiling 35 0
proeden 2 0
hierarchs 1 0
lynn 13 0
supposeth 1 0
hawthorn 8 0
orrespondent 25 0
annibals 1 0
chiessen 4 0
exacerbate 1 0
orrespondenz 28 0
bscure 1 0
remotest 19 0
gschaut 2 0
permanency 3 0
recourse 85 0
undurchdringliches 1 0
supposest 1 0
undurchdringlichen 3 0
undurchdringlichem 1 0
onfound 3 0
sizilianische 7 0
permanence 13 0
anziehenden 2 0
arionette 2 0
ashurst 10 0
yndicate 1 0
aufgespannten 2 0
verheiratet 14 0
verwischt 2 0
pekalierteufl 1 0
verheiraten 4 0
nalysieren 1 0
zaudert 5 0
sperrity 1 0
hilft 25 0
esultat 3 0
zaudern 7 0
difficiles 1 0
sperrits 2 0
usik 88 0
enchant 3 0
besonnenem 1 0
decipher 12 0
hrysippus 2 0
tigers 15 0
usis 1 0
besonnener 1 0
ebergange 1 0
starlings 1 0
freimuetig 2 0
makaloa 1 0
enginery 1 0
nachhaengen 2 0
murky 6 0
repletions 1 0
enliv 1 0
hiles 1 0
lenksam 1 0
reigebigkeit 10 0
weifler 1 0
oliness 7 0
tyrannizing 2 0
heating 6 0
usly 1 0
heatine 2 0
olonnade 5 0
hileo 1 0
lyss 2 0
heraufschaffe 1 0
rustwehren 1 0
daneben 11 0
hilde 5 0
ribbon 18 0
mainland 12 0
bethinketh 1 0
hilds 3 0
usks 3 0
lyre 19 0
mitres 1 0
weitererzaehlen 1 0
erklaeren 67 0
erklaeret 2 0
hiamata 1 0
misusing 1 0
fenders 2 0
uegelseite 1 0
virtuously 7 0
immodest 1 0
ohokumu 14 0
ollan 2 0
mosaic 4 0
patents 12 0
trouble 561 0
olineux 1 0
outstretched 24 0
vergoldetem 1 0
vergoldeten 8 0
zusammenschrumpfte 1 0
dalle 1 0
vergoldetes 2 0
sorrier 1 0
dalla 4 0
wanhope 9 0
ollat 1 0
ollar 4 0
zwanzigsten 1 0
ollas 2 0
dally 5 0
management 171 0
herauszusuchen 1 0
dallo 1 0
decade 13 0
hilae 2 0
fricane 7 0
amusements 43 0
enley 48 0
intimidating 4 0
describeth 2 0
catechumen 1 0
geschahen 1 0
schwarzaugige 1 0
imperilled 3 0
uropeanising 1 0
eltmann 9 0
remotely 8 0
escaping 43 0
olled 1 0
pedestal 11 0
uschel 6 0
usse 60 0
daam 1 0
usst 13 0
murre 1 0
usso 3 0
olliers 2 0
ollet 2 0
olliery 1 0
pflanzten 3 0
oller 2 0
ollen 72 0
assureth 1 0
flirting 8 0
nterlage 3 0
annigfaltigste 1 0
erpetrators 3 0
verlobte 1 0
uerkenmacht 1 0
leetle 6 0
eistungen 1 0
olley 4 0
vraisemblance 1 0
rankelin 2 0
freunde 1 0
dissensions 11 0
compensate 54 0
annisten 1 0
epaulettes 2 0
usum 1 0
aufgeschwemmtes 1 0
mischievously 2 0
usus 2 0
leichtsinnigsten 2 0
aufgeschwemmten 1 0
xperiences 3 0
unchallenged 1 0
unertraeglicher 7 0
unertraegliches 1 0
unertraeglichen 7 0
ventousing 1 0
usty 4 0
followd 4 0
gabelles 1 0
misapplying 1 0
yself 7 0
erweile 2 0
jarring 10 0
followe 1 0
intoning 3 0
dabs 1 0
follows 250 0
pommel 8 0
usts 4 0
taillies 1 0
ustn 1 0
dace 1 0
ussy 23 0
befremdeten 1 0
eldest 73 0
uste 3 0
murrt 1 0
eeres 24 0
loughs 1 0
xperienced 2 0
bereits 20 0
auerstaetten 1 0
dorsal 2 0
algaroba 2 0
hearkens 1 0
potassium 1 0
brightly 26 0
glutting 2 0
harangues 2 0
dael 2 0
lueckenhaften 1 0
lcestis 13 0
afeldecker 1 0
eerie 3 0
arshall 21 0
elders 32 0
productivity 2 0
bereite 8 0
ollis 1 0
uffrage 3 0
subsist 57 0
ollin 11 0
ollio 2 0
eldern 8 0
stattlicher 5 0
stattlichem 1 0
stattlichen 7 0
bereist 1 0
arshals 2 0
robustious 1 0
uyster 2 0
reundschaftsbezeigungen 1 0
oodward 1 0
avoutrie 1 0
harangued 2 0
ploughing 13 0
spiritual 233 0
damitst 1 0
prophetic 15 0
stattliches 2 0
utphen 1 0
retook 2 0
regeneration 1 0
troublous 3 0
wholesome 48 0
unbeschert 1 0
bayou 1 0
damal 4 0
entituled 4 0
ntended 3 0
damag 2 0
towre 1 0
obscenity 2 0
rivathaendel 1 0
mountainside 3 0
bundled 7 0
daft 2 0
chauten 1 0
nheaven 1 0
complexions 8 0
howsoever 1 0
unpunish 1 0
dage 1 0
bundles 15 0
disingenuous 6 0
vorzuhalten 1 0
reducible 6 0
liberalizing 1 0
nbeliever 1 0
zuwendest 1 0
nnunciation 3 0
dais 11 0
daemmten 1 0
forbode 1 0
geaengsteten 1 0
fighte 3 0
anredete 3 0
zuwendete 1 0
loetenspieler 1 0
mutatis 1 0
elbstgefaelligkeit 7 0
outhwind 1 0
vergleichbar 3 0
gedacht 82 0
daisies 7 0
riefschreiben 1 0
moaned 17 0
fights 18 0
zittert 4 0
incurred 37 0
dahr 1 0
daho 3 0
zittern 7 0
nheil 18 0
daid 3 0
zittere 1 0
erweise 3 0
frizzy 1 0
retons 2 0
towne 10 0
verteidigt 2 0
gemeinschaftlich 4 0
hinfaehrt 1 0
alleinseligmachenden 1 0
heimkomme 1 0
herabhaengt 1 0
trivial 45 0
wertvollen 1 0
hellgruenen 1 0
schleichenden 3 0
dale 7 0
trimming 9 0
tactful 1 0
hilts 2 0
vierzehnten 2 0
aufgedeckt 3 0
epidemic 13 0
wunderst 2 0
supposd 31 0
suppose 918 0
incorrectly 4 0
alsamos 2 0
entfahren 1 0
retorts 7 0
towns 248 0
wunderte 6 0
conspire 14 0
support 678 0
andaechtiger 1 0
channelled 1 0
traversable 1 0
andaechtigen 1 0
hilst 30 0
destination 22 0
ruffian 11 0
plications 1 0
dams 533 0
escriptions 3 0
damp 93 0
dann 451 0
dank 18 0
erzicht 15 0
dang 2 0
croggs 2 0
groessten 162 0
uchsschwanz 1 0
danc 2 0
groesstem 2 0
dana 1 0
irdless 5 0
decamp 2 0
brighten 6 0
itruvius 3 0
brighter 22 0
groesster 13 0
groesstes 3 0
onnections 37 0
rigourously 1 0
concomitant 2 0
regenerating 1 0
emersay 1 0
damn 27 0
damm 1 0
dame 26 0
proportions 72 0
intimidation 3 0
abzudrucken 2 0
moanin 2 0
retort 22 0
audacities 1 0
torment 56 0
continueally 1 0
aptitudes 3 0
abgeerbt 1 0
fumeterere 1 0
ndearment 1 0
triving 1 0
seizes 13 0
esfontaines 3 0
ingenius 1 0
ingenium 2 0
asperged 1 0
seized 243 0
payble 1 0
zugebrachten 1 0
certainties 9 0
rossing 17 0
ilence 50 0
itronenbaeumen 3 0
uellungen 1 0
alkley 3 0
ilaster 2 0
dans 14 0
brassily 1 0
utai 1 0
ausendste 1 0
llusion 12 0
ammiral 1 0
plaudits 2 0
vainglory 3 0
hilon 4 0
alembic 2 0
hilom 6 0
mural 3 0
pinted 2 0
hilos 1 0
aigrot 1 0
wasteland 1 0
eniority 2 0
slander 15 0
interrest 1 0
maturer 5 0
hiloh 8 0
dart 29 0
verbliebenen 1 0
darn 6 0
iorama 1 0
dark 701 0
dare 348 0
unausgesetztem 1 0
darf 163 0
herausragten 1 0
odellen 1 0
haerene 1 0
unnamed 2 0
innesart 5 0
ehearse 1 0
imited 8 0
perishes 12 0
utch 168 0
bereift 1 0
jabbering 3 0
pinter 1 0
disputants 10 0
firmness 31 0
uxomly 1 0
matured 10 0
perished 71 0
date 450 0
data 72 0
busprod 1 0
rotwood 1 0
ubstantivum 1 0
unillumined 1 0
ompilers 1 0
dispence 13 0
fluechtigste 1 0
mirthful 6 0
publishers 10 0
harmonieren 2 0
bestialisches 1 0
decays 3 0
gambler 16 0
gambles 1 0
uschkaestchen 1 0
ertappe 1 0
undecipherable 1 0
venomed 1 0
omoousians 2 0
usland 1 0
verlockt 1 0
ouett 3 0
prestige 16 0
dast 1 0
hilly 9 0
dass 5016 0
ertappt 1 0
gestiftete 1 0
hills 230 0
iltonian 1 0
moanst 1 0
repression 8 0
uter 14 0
utes 68 0
dash 52 0
eterborough 29 0
uten 55 0
aufgesteckt 2 0
amoris 1 0
rankness 4 0
aehlst 2 0
hilke 2 0
houndfish 1 0
tormentry 1 0
lzog 1 0
imrod 7 0
unlifted 1 0
nakidness 1 0
andelschaft 2 0
mutatur 1 0
ungeduldiges 1 0
gehoerige 8 0
mutatus 2 0
voreingenommen 1 0
daub 2 0
enugtuung 2 0
ternenhirte 1 0
ungeduldigen 2 0
gambled 1 0
rasseln 1 0
uftschloesser 1 0
erschleichend 1 0
sechzehn 6 0
ilenen 1 0
votary 6 0
intergrund 12 0
nominally 87 0
enote 2 0
victor 15 0
xistence 18 0
investing 1 0
ivoli 8 0
dawb 1 0
imurs 3 0
hione 1 0
ewinn 17 0
honeycomb 8 0
correlation 1 0
yeyasu 9 0
ewing 1 0
daws 1 0
dawn 111 0
harbour 37 0
hineintraten 1 0
onckton 1 0
restful 6 0
aeltste 1 0
daze 1 0
daown 8 0
orsaals 1 0
economically 2 0
hrige 6 0
amariterin 1 0
ictates 6 0
persistency 3 0
dazu 193 0
orsaale 6 0
aehrte 1 0
oloch 2 0
lameness 9 0
disband 2 0
crooch 1 0
alberstadt 3 0
enorm 1 0
hries 1 0
maekeln 1 0
milliners 2 0
daye 5 0
abgefallene 1 0
emocracies 1 0
aermliche 2 0
hriek 1 0
stoat 1 0
feifchen 3 0
faced 108 0
millinery 3 0
ollection 19 0
hereinstuerzte 2 0
hollows 20 0
lionised 1 0
vorueberreiten 1 0
ufwande 1 0
days 1612 0
persistence 11 0
achtzehnten 1 0
faces 194 0
facet 1 0
imperial 60 0
rinkgeldes 2 0
chwachheit 10 0
ylordschaft 1 0
herausfallen 2 0
putrifie 1 0
thirsting 4 0
zollen 2 0
creanced 1 0
controvert 2 0
ustralians 1 0
ummons 1 0
yconderoga 7 0
hobest 1 0
widmende 1 0
victum 1 0
hrice 3 0
circumstance 228 0
lolled 4 0
ignifications 2 0
ontainebleau 3 0
igeunerhauptmann 2 0
espaired 1 0
hinauftreiben 1 0
supposable 1 0
wisdom 349 0
idower 2 0
ewige 23 0
producing 119 0
iederholtes 1 0
secrecy 52 0
ologn 1 0
ewign 1 0
loetzlich 2 0
fliehst 2 0
chaetzungen 1 0
depredations 10 0
ildwerk 1 0
impaire 1 0
ausglitschte 1 0
verfuehren 8 0
harbors 4 0
hurrah 3 0
bestochen 1 0
angesehensten 2 0
darraine 4 0
impairs 3 0
gebosselt 1 0
utor 19 0
utos 1 0
ississippi 57 0
proneness 2 0
ansophe 1 0
uboea 7 0
scarus 2 0
enoko 4 0
enuded 1 0
olomb 3 0
american 1 0
rgoil 1 0
exterminate 5 0
utilities 1 0
ankers 1 0
ankert 1 0
assiduity 9 0
chwaenchen 1 0
trimmers 1 0
railing 14 0
vervielfachten 1 0
afore 29 0
skunk 4 0
selbstzufrieden 3 0
geraeumigen 7 0
infants 18 0
oehren 2 0
oloni 1 0
skunt 2 0
entiana 2 0
geraeumiges 1 0
confirmation 29 0
olona 2 0
neigennutz 1 0
oruebergehen 1 0
chambre 10 0
chlechtigkeit 4 0
belobte 2 0
utilitarian 3 0
olony 153 0
endehaelse 1 0
enoma 1 0
ausgewischt 1 0
olons 1 0
probiert 4 0
undesgenossen 3 0
einberg 7 0
ufhebung 2 0
rebates 1 0
eistbietenden 1 0
ildered 1 0
beziehend 1 0
semblable 4 0
utus 1 0
arraccis 1 0
utun 4 0
enoit 1 0
abbiegen 1 0
ilderes 1 0
hileth 1 0
utte 14 0
vorspringende 2 0
herausgeputzt 4 0
utts 2 0
ungrudgingly 2 0
utto 1 0
beraubte 2 0
raunte 1 0
auptstadt 11 0
utsu 1 0
ineffectual 26 0
utta 1 0
unskilfulness 1 0
hallows 6 0
asperity 9 0
elibacy 1 0
ubmitted 1 0
umschliessen 2 0
ouseholder 1 0
zutraeglich 2 0
erderbens 1 0
oddles 1 0
wilting 3 0
onetary 1 0
members 511 0
scarps 1 0
stock 739 0
hrbarigkeit 1 0
ueberhoeben 1 0
herabgesunken 2 0
auszierat 1 0
contriteness 1 0
stoppered 1 0
urzelnatur 1 0
aeucherwerks 1 0
anthippus 1 0
ontraste 1 0
ungesucht 1 0
olors 2 0
taatswagen 3 0
endlich 319 0
alsobald 9 0
fruit 188 0
afoot 15 0
extorted 25 0
wunderlichem 1 0
overarching 2 0
grievous 61 0
rievance 13 0
wunderlichen 33 0
imperils 1 0
beachtet 1 0
entgottesdiensteten 1 0
wunderlicher 4 0
wunderliches 7 0
pulish 1 0
dismally 5 0
skulk 6 0
victim 119 0
iegenfuessigen 1 0
skull 65 0
uvorkommen 1 0
astraddle 5 0
miskeen 1 0
tingled 3 0
ebergossen 1 0
uscovy 2 0
systematized 1 0
ngaged 1 0
merchandise 36 0
aufgetragene 1 0
hetland 5 0
satiety 5 0
eibsperson 1 0
centimeters 4 0
geflogen 4 0
quator 3 0
ertile 1 0
aehren 1 0
allerhoeflichste 1 0
brokenly 1 0
alkland 2 0
retraction 3 0
ottfried 1 0
abgemessen 5 0
geizt 1 0
erkost 1 0
auncegay 1 0
weepeth 7 0
absorption 14 0
taremberg 4 0
roiling 2 0
drummers 1 0
rachtexemplar 1 0
uenkirchen 1 0
eilfsilbigen 1 0
ostlers 1 0
verfuehrte 1 0
neugepflanzte 1 0
dapes 1 0
repentance 42 0
schlaengelten 1 0
retracting 4 0
ctober 207 0
ungenerated 1 0
commendation 15 0
utze 7 0
ermindert 1 0
dispersed 54 0
neatly 40 0
facto 2 0
capitulated 3 0
facts 292 0
rsparnisse 1 0
ruhten 6 0
disperses 4 0
prudery 1 0
enlist 18 0
affenburgh 11 0
kurieren 5 0
ausschuetten 1 0
amakushinoi 1 0
iedergebracht 1 0
ranitsand 2 0
philosophie 4 0
retractile 1 0
philosophic 19 0
philosophia 4 0
unscriptural 2 0
representatives 130 0
feelings 485 0
quizzically 1 0
letteratura 1 0
verwirrtes 2 0
verwirrten 4 0
misjudgements 1 0
dunklem 2 0
wohlgeputzte 1 0
dunklen 5 0
canopy 19 0
ertige 1 0
dunkles 1 0
dunkler 10 0
erichtsstunde 1 0
iebhaber 88 0
igentuemer 2 0
obeyeth 1 0
swearer 1 0
lysees 4 0
ickinson 6 0
mgaengen 1 0
secrets 81 0
studded 11 0
hrist 332 0
forerunners 1 0
quatre 1 0
disengenuousness 1 0
eeves 3 0
maritime 14 0
philosophos 1 0
uintessenz 1 0
facta 2 0
derogatory 6 0
herkoemmlicher 2 0
herkoemmlichen 2 0
sceptics 11 0
erlchen 1 0
erschmachten 1 0
prudent 158 0
secrete 2 0
leerte 1 0
canons 28 0
secreta 1 0
geruestet 1 0
dashing 37 0
detects 1 0
operandi 4 0
haeuslich 4 0
itternachtsstunde 2 0
addles 1 0
arathon 3 0
amaroneck 1 0
ankees 12 0
addled 2 0
erkleidung 4 0
canoun 1 0
corrosion 7 0
rmschloss 2 0
circles 74 0
circlet 3 0
payers 1 0
teilgenommen 4 0
cawing 1 0
sassin 1 0
ictator 4 0
verschlingendes 1 0
ivoto 1 0
neater 2 0
worshipers 1 0
naechstes 1 0
infancy 66 0
einweiht 1 0
naechster 1 0
facon 2 0
naechsten 66 0
psalmodierten 1 0
aergerte 4 0
circled 10 0
uncontrovertable 1 0
ardships 6 0
verlohnt 1 0
ewish 25 0
ormality 3 0
aergerts 1 0
ewiss 28 0
ivory 45 0
labouriously 2 0
geire 1 0
koenne 202 0
beloben 1 0
deklamierend 1 0
agheit 1 0
strides 20 0
hrsuechtigen 1 0
encountered 57 0
ewitt 7 0
haddaeus 1 0
koennt 51 0
eiserne 5 0
hilobone 14 0
coinciding 2 0
hrine 2 0
eufort 1 0
galleons 6 0
keitloa 1 0
plashed 1 0
harpsichords 1 0
sasser 1 0
deadliest 2 0
sasses 1 0
beseitge 1 0
sassen 23 0
hickor 3 0
accomodata 1 0
accentuated 2 0
bereave 5 0
eeifert 1 0
jintleman 1 0
beraubet 1 0
quatit 1 0
hrill 2 0
berauben 7 0
hereinstuerzen 1 0
facks 1 0
issheirat 2 0
orglich 1 0
sustain 73 0
enour 1 0
ieronymitenkloster 1 0
accompaniments 8 0
silvery 35 0
weepest 3 0
versinkt 3 0
forwrapped 1 0
lphabet 8 0
udgement 7 0
acchusfest 1 0
uphold 29 0
uenktlich 1 0
philosophes 2 0
philosopher 173 0
correlative 6 0
uiraing 1 0
traegt 42 0
facie 3 0
bayeta 5 0
ncourage 1 0
ymenaeus 2 0
reverberated 3 0
richterliche 1 0
enown 1 0
nhappily 13 0
measureless 1 0
laggardly 1 0
forewent 1 0
utychian 1 0
wagered 1 0
eislingen 203 0
erausgeber 3 0
enthusiast 8 0
corrector 2 0
einzuschraenken 4 0
pulian 1 0
meditated 28 0
corrosive 3 0
enthusiasm 99 0
flexible 17 0
jangleress 1 0
torettes 1 0
uessigkeit 7 0
meditates 1 0
ryant 1 0
wisely 78 0
amenable 14 0
oxides 1 0
beklagte 8 0
inflammatory 4 0
eloquentiam 1 0
chutthaufen 1 0
hinke 2 0
honourable 137 0
eloquentiae 1 0
ndividuum 2 0
capability 3 0
beschwert 3 0
integral 4 0
ngelein 1 0
hinks 4 0
rosewood 2 0
erlickel 1 0
affirmation 8 0
andteile 1 0
kitchens 5 0
hinauszukomplimentieren 1 0
tafford 32 0
hinjo 7 0
propulsive 1 0
oeheres 4 0
embodying 10 0
oeheren 2 0
heodosius 6 0
animarum 1 0
ommerflecken 1 0
accountant 2 0
uarterlies 1 0
obsequiousness 5 0
durchgekommen 1 0
ithridates 4 0
schuldenschwer 1 0
correctly 45 0
reassigning 1 0
regebat 1 0
honourably 18 0
gehet 1 0
italicized 1 0
gehen 256 0
kurierte 1 0
clangor 3 0
gekneipt 1 0
carpenteres 1 0
aufrege 1 0
xtortion 4 0
narratio 1 0
pardonable 14 0
annockburn 1 0
grenzenlosen 7 0
ederal 48 0
ermischung 8 0
grenzenloses 1 0
spirituous 12 0
hinge 5 0
transfudimus 1 0
bewundert 11 0
bescheren 1 0
forbids 13 0
hervorschienen 1 0
ryars 1 0
gwuesst 1 0
tactile 2 0
verbranntes 1 0
ideeller 1 0
verbrannten 3 0
bermacht 2 0
efesselte 1 0
minstrales 2 0
tidings 65 0
verbietet 2 0
bewundere 2 0
hings 184 0
insouciance 2 0
onsequent 1 0
aeuerin 22 0
crones 2 0
bewundern 19 0
kernels 4 0
verbieten 4 0
amakushinai 1 0
onsequenz 3 0
bescheret 1 0
albernen 3 0
genaehert 9 0
midnight 158 0
artensammlung 1 0
remembering 38 0
punktweise 1 0
albernes 1 0
arstellungen 3 0
olney 3 0
whirred 1 0
hineinziehen 1 0
tracks 93 0
verwitterndes 1 0
disinterred 4 0
oluceas 1 0
egelberg 3 0
ctogenarians 1 0
jibes 2 0
verwitternden 1 0
reisenden 2 0
hicken 12 0
lavonic 5 0
weitlaeufigem 1 0
weitlaeufigen 9 0
chluckauf 1 0
ennie 4 0
leerem 2 0
danke 25 0
leeren 18 0
hinee 3 0
oettliche 2 0
enuege 3 0
empfaenglich 4 0
ennis 11 0
leered 2 0
hines 2 0
insuffer 1 0
dankt 10 0
leerer 5 0
weitlaeufiges 2 0
weitlaeufiger 2 0
aminisheth 1 0
conjoin 2 0
leeres 9 0
python 1 0
vernuenftiger 4 0
vernuenftiges 7 0
vernuenftigen 8 0
aufzunehmen 11 0
uienne 2 0
departmentally 1 0
verities 4 0
hinds 1 0
cinders 31 0
verschrieben 1 0
ulissen 5 0
oughshod 1 0
plentier 2 0
gratuity 5 0
octor 173 0
farbige 2 0
zugerufen 1 0
egress 10 0
mutuo 1 0
grimacing 2 0
affirmative 22 0
ironing 7 0
konfus 4 0
follies 36 0
gnaws 1 0
sabage 1 0
artridge 4 0
plentifu 2 0
stricta 1 0
conside 1 0
corrected 51 0
ubner 2 0
durchfuehren 2 0
osebank 5 0
dishearten 1 0
efficiently 4 0
falsities 3 0
drollig 1 0
gebannt 7 0
gewidmete 1 0
abgelernt 1 0
return 1097 0
xtraction 1 0
aertigkeit 1 0
hinab 38 0
nkraut 2 0
gnats 4 0
prachsinn 1 0
arpsichord 1 0
meuchelmoerderisch 1 0
ennen 6 0
beklagen 13 0
ennel 1 0
tipend 2 0
enner 38 0
hinan 19 0
etzerei 1 0
surrendering 3 0
lobenswuerdigen 4 0
shears 14 0
ennet 325 0
herlock 3 0
joggled 1 0
lobenswuerdiges 1 0
iambatista 1 0
lobenswuerdiger 2 0
horridly 1 0
slighting 4 0
difices 1 0
heodectes 1 0
demoralizing 1 0
ontarini 2 0
scientists 7 0
veraendern 29 0
metaphysically 1 0
grunting 8 0
veraendert 38 0
tactics 24 0
uebelnehmen 6 0
sentiment 173 0
trivialities 3 0
antaizan 2 0
sheath 12 0
gnarr 1 0
hemical 1 0
carronades 2 0
schoolboy 14 0
aufereien 1 0
beleidigten 3 0
komisch 2 0
fawning 10 0
uergerstande 1 0
cademician 1 0
gfallt 2 0
ensilvania 14 0
falling 225 0
ununterbrochenes 1 0
ovenant 2 0
ununterbrochener 1 0
ununterbrochenem 1 0
ununterbrochenen 6 0
meridionaux 1 0
wegzutilgen 1 0
rphan 4 0
multure 1 0
arneades 5 0
eetle 3 0
narrator 8 0
buessen 8 0
canoes 18 0
echnung 22 0
tracts 28 0
hylanthropy 1 0
intrepidly 1 0
laubwuerdigen 1 0
vortragen 11 0
ribibe 2 0
revivest 1 0
luftigen 2 0
credible 13 0
sturdily 6 0
eitenblicke 1 0
komisai 2 0
precipices 23 0
verlassenen 8 0
lenken 18 0
bildliche 1 0
credibly 5 0
ilelfo 2 0
ritterliche 3 0
enevolence 24 0
schnellsten 5 0
verreist 2 0
ewissensbisse 3 0
psychologically 1 0
enticin 1 0
ubmit 4 0
aoide 1 0
freethinkers 1 0
ichtwagen 1 0
verreise 1 0
unokopfes 1 0
foreigner 61 0
bkaemmen 1 0
bolitionist 1 0
topmost 18 0
ungnawed 1 0
anstaendigsten 3 0
vomit 4 0
sachent 1 0
lebeian 1 0
iebhabertruppe 1 0
hamefast 1 0
optischer 1 0
frueh 95 0
befehlend 1 0
ought 1497 0
ellwan 3 0
unermuedlich 1 0
hinzu 58 0
strickt 1 0
caressingly 5 0
accordance 57 0
achbarschaft 37 0
abhaengenden 1 0
adhesion 8 0
lsewhere 3 0
people 3594 0
designing 21 0
pinewood 1 0
stricke 2 0
vertugadin 1 0
ndividuen 1 0
gestempelten 1 0
strichs 1 0
alarming 42 0
easles 1 0
cannon 34 0
consign 5 0
riedenstempel 1 0
gehts 4 0
innocently 18 0
emergings 1 0
adhesive 5 0
ougny 1 0
falcons 7 0
kostbarsten 3 0
thrashing 4 0
chwachheiten 6 0
puling 7 0
uval 1 0
orwardness 2 0
recognises 6 0
loudly 70 0
gourds 11 0
glaubwuerdiger 1 0
lawsuit 6 0
ngagement 16 0
gourde 1 0
rickmakers 1 0
recognised 98 0
ohlhaebigkeit 1 0
wohlbereiteten 1 0
ausendjaehrige 1 0
tehend 1 0
meridionale 3 0
aufraffen 1 0
corrode 1 0
cannle 2 0
unconvenable 1 0
usbildung 15 0
gehst 7 0
verstandene 1 0
esolutionum 1 0
wickednesses 2 0
aechstenlieb 2 0
mutch 3 0
fable 45 0
girlhood 11 0
wisest 58 0
consist 108 0
escorting 3 0
diverging 3 0
fuehllos 1 0
zugestossen 1 0
hinto 19 0
arbours 3 0
gewarnt 6 0
hints 26 0
ornamentation 5 0
narrates 1 0
fallible 5 0
voluptuary 2 0
gluttony 21 0
zweifelhafte 1 0
arbourg 1 0
graefliche 2 0
unexceptionable 11 0
enjoyable 5 0
versions 15 0
isinglass 1 0
durchfuehrte 1 0
ununterbrochen 4 0
narrated 10 0
heddle 1 0
idepark 1 0
mutinously 1 0
annihilates 1 0
stampings 1 0
mutes 1 0
convexity 3 0
ennywheres 1 0
koemmt 14 0
llerliebst 1 0
orsets 1 0
execrated 5 0
violate 22 0
arkinson 1 0
orteile 37 0
schwarzgesiegelten 1 0
potsherd 2 0
inhabit 34 0
subscrib 1 0
catchable 1 0
orteils 8 0
ryads 1 0
knotting 5 0
cannot 2268 0
ruessen 2 0
threading 4 0
aturstudium 2 0
ruessel 7 0
parlours 3 0
falschen 22 0
chamber 221 0
falscher 2 0
falsches 7 0
veuille 1 0
yrtenbaeumchens 1 0
eggement 1 0
verfuehrbar 1 0
entflohn 1 0
umbelliferous 1 0
novitiate 6 0
verfolgenden 2 0
congruet 1 0
verloeschender 1 0
enticer 1 0
entices 1 0
jeweils 1 0
verloeschenden 1 0
zaertlichsten 8 0
arthritis 1 0
fortnicht 2 0
enticed 4 0
annihilated 21 0
libellers 3 0
cupping 1 0
incineration 1 0
ennst 13 0
albenhaendler 1 0
dormer 10 0
conventionalized 1 0
hinon 5 0
flaecheres 1 0
statements 37 0
buesste 1 0
sentire 1 0
empfohlene 1 0
heraustaumle 1 0
dreieinenhalben 1 0
mutig 10 0
debauchee 1 0
melons 24 0
sexagenarian 1 0
debauched 7 0
gitation 2 0
traded 9 0
trader 46 0
lenkte 2 0
trades 124 0
hinns 3 0
egrees 28 0
shortness 15 0
ennui 14 0
debilitation 1 0
ndividual 12 0
unsettle 3 0
ewehren 1 0
reconcileable 2 0
slanged 1 0
uenstler 113 0
choirless 1 0
resplendent 5 0
compense 2 0
picturesquely 4 0
herumkreuzen 1 0
ephaestus 4 0
oppressing 11 0
aghdad 1 0
contemplatioun 1 0
extensions 1 0
petioles 36 0
usfuehrungen 1 0
villes 1 0
geschaehe 1 0
chlussel 1 0
woollens 11 0
ensylvania 13 0
durableness 1 0
hemicum 1 0
arrisonism 1 0
cupidity 10 0
eindruecken 2 0
afran 1 0
konntest 5 0
quailing 1 0
hotbeds 1 0
archbishops 9 0
bereden 29 0
pulled 141 0
realistischer 1 0
fuerchterlich 18 0
ranzosen 16 0
uslande 1 0
pullen 1 0
traben 1 0
beredet 8 0
vorgingen 2 0
oppression 98 0
ausgefahren 1 0
olgerungen 1 0
gebirgigen 2 0
gebirgiges 1 0
limpse 2 0
pullet 2 0
pulley 4 0
eutlichkeit 4 0
deducing 3 0
erstaend 1 0
betaeubend 3 0
retria 1 0
zufaellig 27 0
eisnberg 1 0
haengenden 1 0
ontana 10 0
overshoot 1 0
amenhundert 1 0
azzini 1 0
ddax 1 0
kritische 1 0
underdone 1 0
confecture 1 0
odification 2 0
steingen 1 0
unrisen 1 0
consent 226 0
thanasius 3 0
olunteer 3 0
omiloli 2 0
unhastened 1 0
angepriesenen 1 0
philanthropists 3 0
bartered 5 0
geplaudert 1 0
scamper 4 0
ruttenden 1 0
decalogue 2 0
ensualism 2 0
luechtigen 2 0
emporzuheben 1 0
enumerate 25 0
projickin 1 0
trengthening 2 0
anthologies 1 0
hueglige 1 0
searchlight 1 0
profligacies 1 0
mitlaufen 1 0
ertheless 2 0
chachteldeckel 1 0
ibiscus 1 0
refflichkeit 1 0
ribery 1 0
tights 5 0
wegzuangeln 1 0
smaller 261 0
weglaesst 1 0
walloping 2 0
aukunst 18 0
impaled 4 0
consciencious 2 0
isputations 1 0
contemplations 8 0
impowered 9 0
ontain 1 0
utstand 1 0
litterschmuck 1 0
butlers 2 0
reinlichst 1 0
indzug 1 0
animates 9 0
aggregated 1 0
acchanalian 1 0
entlockte 1 0
ohltaeterin 6 0
chlafens 1 0
dded 5 0
melody 55 0
tockton 2 0
klares 1 0
buckeye 2 0
animated 55 0
aggregates 1 0
ollendung 11 0
scurial 3 0
accommodate 26 0
oraste 1 0
ontakt 1 0
ortresses 3 0
squandering 3 0
xodus 3 0
kriech 1 0
avaliers 2 0
egenstauf 1 0
dactyl 1 0
omanche 1 0
ueberlegenheit 1 0
horbuche 1 0
avaliere 5 0
disordred 1 0
movement 315 0
vergoennet 1 0
viceroy 7 0
ddin 1 0
dreibeinig 1 0
yawed 1 0
hindraengt 1 0
retouch 1 0
altish 1 0
abhorrence 36 0
angemeldeten 1 0
ewkes 7 0
agelwetter 2 0
anufacturer 5 0
anufactures 70 0
maintaining 150 0
blitzt 3 0
canner 2 0
ondglanz 1 0
squisse 1 0
ddie 19 0
villas 13 0
aufmannssohn 2 0
asteband 1 0
trabte 1 0
absburg 13 0
ingmauern 1 0
ontage 1 0
canned 10 0
confessd 4 0
klarer 11 0
esuchung 1 0
klarem 4 0
klaren 20 0
confesse 2 0
altius 1 0
orphyrius 1 0
verraucht 2 0
gebildeter 8 0
ontagu 58 0
sonship 1 0
verwies 10 0
ontags 1 0
postulates 2 0
ddle 7 0
gebildeten 9 0
louder 51 0
undermine 11 0
reelection 4 0
kriegn 2 0
agdschloss 1 0
buffets 2 0
distin 1 0
enkmaelern 1 0
traeufeln 1 0
distil 4 0
ritonian 2 0
kriege 1 0
louded 10 0
rivations 2 0
gewaschen 2 0
gobblin 2 0
kriegt 14 0
etenden 1 0
prozessiert 1 0
darke 11 0
ebenseiten 1 0
potency 4 0
leepin 1 0
lindern 3 0
dornen 1 0
hirds 1 0
geleitet 22 0
enrio 46 0
gezeigt 22 0
dorned 1 0
geleiten 1 0
darks 1 0
hires 2 0
potence 1 0
ryden 51 0
pikemen 2 0
hired 65 0
ofdame 2 0
lindert 2 0
winkend 1 0
sweated 9 0
unwiderstehliche 8 0
welsche 3 0
ratsamer 1 0
yrannicide 7 0
hortest 1 0
alting 2 0
limped 5 0
quondam 3 0
entrails 5 0
reinforcements 6 0
abgeformt 1 0
succeeded 393 0
lolium 1 0
darme 1 0
hemata 1 0
pickerelweed 1 0
egenstand 83 0
cellars 13 0
egrading 1 0
lfenbeinarbeiten 1 0
trolley 5 0
orrester 1 0
doitit 2 0
ontact 19 0
ebensbalsam 1 0
chapelleine 1 0
uckebein 13 0
ontack 2 0
hiraz 1 0
eifersuechtig 7 0
mphipolis 6 0
darky 1 0
partners 10 0
nonfulfilment 1 0
zeichnung 1 0
auflegen 1 0
verschiedenartigsten 1 0
anyways 2 0
eigbouring 2 0
winkers 3 0
festering 4 0
enrei 1 0
abgedankter 1 0
protests 19 0
uenglingen 3 0
edenklich 1 0
uenglinges 1 0
forewarn 5 0
carborough 1 0
leichgewicht 15 0
artolomeo 1 0
aubergriffe 1 0
sweatin 2 0
bedachte 6 0
aenteln 4 0
ilkinson 8 0
dares 15 0
solemnely 2 0
angetreten 1 0
omances 2 0
herbeiholte 1 0
schnoeden 1 0
abatement 12 0
limpid 7 0
schnoeder 2 0
mishapped 1 0
suendig 5 0
abolish 16 0
infesting 1 0
ariataly 2 0
darin 129 0
distrusts 1 0
lechkapsel 1 0
resting 106 0
verspendet 1 0
violator 3 0
erloebnis 1 0
intimations 6 0
hectare 1 0
uweh 1 0
ntwortet 1 0
spreadin 1 0
ntworten 8 0
uwel 1 0
revenged 16 0
blazing 27 0
onviction 10 0
reethinkers 1 0
darbt 1 0
resburg 1 0
funereal 4 0
verschafften 3 0
zutage 3 0
hristfeste 2 0
taxidermist 1 0
umerous 10 0
servts 1 0
oppressive 69 0
dibble 1 0
kuenstliche 8 0
panierinnen 1 0
issimulation 3 0
limply 7 0
daran 142 0
reorganised 1 0
aendeleien 1 0
kornreiche 1 0
onverting 1 0
typewritten 1 0
owadays 6 0
authentically 1 0
ereiden 2 0
entstuerzten 1 0
trespassing 2 0
effreys 3 0
mooreds 2 0
hartnaeckige 1 0
daren 3 0
addito 1 0
winketh 1 0
dared 130 0
interrogatively 3 0
euerbilder 1 0
uasimauern 1 0
rivatwohnung 1 0
amours 2 0
alkone 5 0
niehoch 1 0
trombashes 1 0
iderscheinen 1 0
eclarations 3 0
ictish 1 0
revenges 4 0
dinnertime 1 0
momentarily 10 0
anbringt 1 0
anuscript 8 0
ristodems 1 0
diamonds 35 0
mumienhaft 1 0
persistently 3 0
faeng 1 0
adheres 2 0
faend 1 0
axeth 1 0
statesmanlike 1 0
olybius 5 0
drunkenly 1 0
numerously 2 0
hemals 3 0
ifford 9 0
ablaesst 1 0
enuett 3 0
tumult 49 0
traces 90 0
freshened 4 0
hemselves 8 0
sacerdotibus 1 0
tumuli 7 0
abzuschliessenden 1 0
nerkennung 2 0
heartened 1 0
ervagan 1 0
utraulich 1 0
wohlgedachte 1 0
igeunermutter 1 0
erschreckten 4 0
seinerseits 1 0
leophantis 1 0
traced 60 0
amount 483 0
raumes 1 0
faerben 1 0
leischeslust 1 0
geschaemt 3 0
bunnunce 2 0
pullin 7 0
hemann 4 0
bahnten 1 0
amoung 1 0
depicting 3 0
enchers 1 0
iction 1 0
reiflichsten 1 0
adhered 24 0
intoxicated 17 0
christen 6 0
alienate 18 0
gefangenhaltet 1 0
dynamite 5 0
ieutenant 59 0
disjoint 3 0
homecoming 5 0
ebaererin 1 0
adwallader 2 0
violated 31 0
hippo 44 0
swirled 2 0
zwote 1 0
orkscrew 2 0
ubreuil 4 0
ochenkind 1 0
violates 12 0
saturnalischer 1 0
andelsfreunden 1 0
assenhafte 1 0
dean 143 0
ermatten 1 0
deal 629 0
llyricus 1 0
isloyalty 1 0
deaf 55 0
verhaeltnismaessiges 1 0
ueffon 2 0
dead 1011 0
utcry 2 0
amaschen 2 0
unchaste 3 0
ochinvar 1 0
honoured 75 0
cotlan 2 0
mpertinencies 1 0
sorgfaeltig 45 0
effectual 145 0
adamantine 3 0
dear 1235 0
deas 62 0
toiauta 1 0
uscles 3 0
inchanted 1 0
erhoehenden 1 0
ellevue 1 0
sperited 1 0
argaret 532 0
trickstrumpf 1 0
einziehn 1 0
emeinste 1 0
surveyance 1 0
oluccas 3 0
anbetet 2 0
planetary 3 0
lenity 10 0
eingepraegt 4 0
westernmost 1 0
deco 1 0
superhuman 13 0
ahnwitz 2 0
ockzipfel 1 0
deck 67 0
faded 60 0
hochherzige 1 0
capably 1 0
usterstuecken 3 0
suspicious 44 0
suspicioun 3 0
vortraegt 2 0
quaver 2 0
innersley 2 0
faden 3 0
erkuender 1 0
debt 219 0
fades 6 0
schamlos 1 0
predilections 2 0
rweckten 1 0
deer 67 0
dees 3 0
deep 842 0
deen 52 0
aldenses 3 0
unstgeiste 1 0
deem 72 0
capable 386 0
aikaiyama 1 0
deed 152 0
depressions 2 0
ohnplaetze 1 0
effectuel 1 0
maccaroni 1 0
dolente 2 0
ackelbeleuchtung 7 0
uncomprehending 1 0
living 681 0
aufschwingen 1 0
assuring 44 0
inimical 10 0
probables 1 0
hineingeschlossen 1 0
spazierend 2 0
isagreeable 1 0
aupertas 1 0
oughnesses 1 0
altatrix 1 0
ehrlichen 10 0
befoederte 1 0
gesendet 6 0
ehrlicher 5 0
ehrliches 4 0
igeunerhaufens 1 0
oluccio 1 0
estuerzung 10 0
herabliess 2 0
stanchions 2 0
thankful 55 0
tunlicher 1 0
reuzgaengen 1 0
nvertraeglich 1 0
invoke 12 0
wachen 5 0
echtslehrer 1 0
rosenfarbnen 2 0
blisse 4 0
thanasian 2 0
usammenhaengendes 1 0
deft 4 0
individualistic 1 0
inquire 99 0
screwed 7 0
apprized 1 0
prospectives 1 0
spleen 9 0
ortified 1 0
uxoria 1 0
notwendigsten 2 0
entzwei 1 0
crotchets 3 0
ungebaendigten 1 0
hydrangeas 1 0
onclusions 6 0
oujik 1 0
umanitaet 2 0
crotchety 1 0
exclusively 72 0
defy 44 0
turnstiles 1 0
deit 2 0
deir 1 0
dein 238 0
deil 5 0
whitherward 1 0
ighways 2 0
ingratiating 4 0
admean 1 0
inquiry 111 0
ewuehle 1 0
ortifier 1 0
lyants 1 0
hintennach 1 0
irrigen 1 0
ernardine 1 0
ilatiers 1 0
recounts 2 0
onbridge 1 0
truggling 3 0
likewise 470 0
deid 9 0
suspicions 73 0
iebliche 1 0
woodeth 1 0
orship 28 0
gelernte 2 0
luegenhafte 2 0
lissenin 2 0
fantastick 2 0
issbraeuche 2 0
ryday 4 0
ntendeth 1 0
ciurus 1 0
deli 1 0
gefreut 6 0
ruefungen 7 0
justiciary 1 0
portraiture 9 0
ebenabsichten 2 0
metempsychosis 2 0
handcuffs 3 0
estzeit 1 0
unkraeftig 2 0
commodious 19 0
ausbrach 1 0
knurrte 1 0
reisstadt 9 0
aucepan 1 0
galoppierenden 1 0
dems 1 0
regularity 34 0
darueber 152 0
denk 26 0
blindesten 1 0
cuppled 1 0
hazelnuts 2 0
hedges 27 0
involv 2 0
growlings 1 0
nbekannter 5 0
nucleated 2 0
dels 6 0
hedged 8 0
nbekannten 11 0
deln 9 0
hineingucken 1 0
restive 3 0
dell 8 0
unkindeness 2 0
demi 7 0
dormant 10 0
egierden 21 0
oaring 2 0
stammered 21 0
unspotted 3 0
olour 12 0
stool 21 0
stoop 30 0
deot 1 0
lechzend 1 0
stood 1001 0
represseth 1 0
herschlaengelt 1 0
ngesicht 32 0
iscarriage 2 0
zwoer 1 0
omesticus 1 0
oravian 3 0
tissued 1 0
horrible 135 0
hereinreitend 1 0
nilpferdischen 1 0
apricots 6 0
atechisimus 1 0
hiccups 1 0
arrisonian 2 0
deny 199 0
nteenth 1 0
horribly 19 0
schwatzten 2 0
lzire 2 0
stopp 1 0
tissues 4 0
vaisseau 1 0
zurueckfodern 1 0
dens 9 0
verachten 15 0
dent 5 0
wahrste 1 0
chulfreund 2 0
denn 1226 0
lenian 1 0
detour 2 0
doctors 64 0
stopt 7 0
stops 25 0
wurmstichig 1 0
hnmacht 6 0
immutability 1 0
reutzius 1 0
adschiene 1 0
enhances 5 0
jogging 2 0
olosa 1 0
humourous 1 0
lustige 21 0
unmalerischen 1 0
verachtet 5 0
dern 14 0
derk 4 0
egimen 1 0
ilapidated 1 0
dere 52 0
derf 6 0
ebelhaftes 1 0
oloss 1 0
derb 5 0
storm 206 0
orator 32 0
anthologist 3 0
dept 2 0
sanitary 3 0
store 202 0
stork 13 0
gewahrten 1 0
misuseth 1 0
ultitudes 9 0
story 555 0
aerschen 1 0
stoke 2 0
ouisa 8 0
ouise 11 0
woraus 27 0
wished 439 0
tockung 3 0
renzstreitigkeiten 1 0
rziehungen 1 0
wisher 6 0
disuse 9 0
innehmerdienst 1 0
wishes 256 0
chaubuehne 3 0
utmassung 1 0
lustily 16 0
migrating 8 0
voraussieht 1 0
shortened 12 0
buckets 8 0
aufgeheftet 1 0
skuse 5 0
stole 59 0
hilfst 1 0
nautica 1 0
enhanced 25 0
rophezeit 1 0
ubois 10 0
wukkins 1 0
erworrenheit 4 0
stolz 27 0
vermelden 3 0
desk 70 0
scarin 1 0
worauf 56 0
dese 25 0
rledigung 1 0
divinity 52 0
apricorn 3 0
entaeuscht 1 0
beruhete 1 0
erquickt 6 0
stoma 1 0
argumentes 2 0
deux 4 0
ettgestell 1 0
mmaculate 11 0
zusammengestellte 1 0
issisipi 3 0
scarfs 1 0
backing 12 0
erquicke 1 0
zollte 1 0
muved 2 0
orbeerhain 2 0
deve 2 0
wiebelgericht 1 0
stond 2 0
stone 544 0
deus 2 0
spitzigen 1 0
stony 33 0
drought 23 0
migration 12 0
arsche 1 0
eewit 1 0
ounger 10 0
improvises 1 0
abzulesen 2 0
unburnt 2 0
utche 1 0
utchs 1 0
dewy 12 0
tattdessen 1 0
nachstrebt 1 0
recant 1 0
worshipful 10 0
interspersed 13 0
ornehmlich 2 0
clambering 2 0
divining 21 0
ishing 15 0
unoffending 3 0
eheimenrat 1 0
otteslaesterer 1 0
ertificate 3 0
girasol 1 0
ennessee 18 0
axicab 1 0
rechneten 1 0
oratio 60 0
electroliers 1 0
rbfolge 1 0
raunau 1 0
impendere 1 0
glibly 5 0
inclining 4 0
improvised 9 0
scares 3 0
dews 9 0
gekreuzigte 1 0
istrusted 1 0
ittichen 2 0
wildness 14 0
abathaeaque 1 0
scared 40 0
deze 60 0
ruchsteine 1 0
ujisan 5 0
einbeer 1 0
sophistical 9 0
shriller 2 0
sportsman 19 0
erfahrnen 1 0
reinliches 2 0
recall 108 0
reinlicher 4 0
shrilled 1 0
ilgrims 1 0
erfahrnes 1 0
nsufferable 2 0
reinlichen 9 0
fending 1 0
wegkommen 1 0
jogged 1 0
bulgin 1 0
ersailes 3 0
uncovers 1 0
ploughman 10 0
hingewiesen 1 0
deys 1 0
verlogne 1 0
scarce 282 0
apology 72 0
stoss 1 0
ontauk 4 0
quilache 1 0
newfangled 2 0
skuze 2 0
retten 47 0
reprobates 1 0
uergerhaeuser 1 0
unbarmherzigste 1 0
oltner 3 0
olinism 1 0
clothed 107 0
reprobated 2 0
incursions 3 0
ombined 1 0
raunen 1 0
aviors 1 0
orated 1 0
rettet 3 0
retter 11 0
recast 4 0
anamanians 5 0
erjuice 1 0
sagging 9 0
lustier 1 0
sportsmen 10 0
stour 2 0
proaevorum 1 0
schnoede 1 0
stout 77 0
thickset 2 0
beizutragen 2 0
unzeitig 1 0
detonation 1 0
aviour 34 0
rasixleias 1 0
rstattung 1 0
stoppage 5 0
livier 2 0
stove 32 0
wachse 2 0
commandment 16 0
ysias 10 0
carried 989 0
enschgewordnen 1 0
blithe 24 0
hurrying 36 0
eingestanden 1 0
clothes 365 0
rueckwaerts 17 0
ompassion 18 0
gridiron 6 0
uxor 1 0
desecration 7 0
esultate 8 0
ubota 12 0
carrier 11 0
irchengeschichte 4 0
bulged 2 0
carries 105 0
ploughmen 1 0
wachte 13 0
lenipo 1 0
straightaway 5 0
supplierten 1 0
neebor 2 0
oeffentlich 26 0
pretend 136 0
bogsom 1 0
robieren 2 0
commends 3 0
grippina 1 0
durchgesetzt 1 0
refoil 24 0
schoenen 282 0
coals 41 0
schoenem 1 0
schoenes 62 0
schoener 75 0
wappenlosen 1 0
bermut 2 0
rinoco 1 0
spreading 61 0
forestalled 8 0
bstat 1 0
eheimste 1 0
tallow 10 0
katholischen 12 0
drohenden 4 0
hinrenne 1 0
dismayed 9 0
ausgestaeupt 1 0
ownstairs 1 0
unbiegsam 1 0
drohender 2 0
erwegenheit 8 0
terseness 3 0
evaporate 7 0
tausende 2 0
after 4103 0
imbedded 11 0
aften 1 0
overtaking 6 0
versammle 2 0
truncated 6 0
gebeugt 3 0
gripping 2 0
tholed 1 0
oumea 1 0
outdoors 6 0
flegte 1 0
hists 1 0
chemisch 1 0
retemias 1 0
glandulosus 2 0
mittaeglichen 1 0
sufferer 16 0
erloschne 1 0
hisse 40 0
amounted 116 0
fiance 2 0
huddle 2 0
evelopment 2 0
suffered 319 0
forsaketh 2 0
disperse 13 0
dispersd 2 0
thereunder 1 0
hallucinations 11 0
avigator 1 0
schoenere 8 0
schoeners 2 0
quickening 7 0
schoenern 3 0
arylanders 2 0
hereinkamen 1 0
criterions 1 0
ertraege 2 0
aufmann 21 0
fruehstuecken 1 0
slaying 10 0
uxus 1 0
untruegliche 1 0
ampfplatz 2 0
aterlands 3 0
attraktiv 2 0
alixtus 4 0
ertraegt 1 0
enjoined 15 0
ensum 5 0
ensur 1 0
idolaster 2 0
raging 49 0
zirkulierte 1 0
aterlande 12 0
hingegangen 4 0
embody 9 0
childun 4 0
pfelschimmels 1 0
gefundenen 1 0
uadeloupe 1 0
herauszuschlagen 1 0
wheelbarrow 9 0
oleamoku 1 0
plotting 8 0
lateinisch 1 0
gonistes 1 0
nteressanteste 1 0
sangst 1 0
diskutieren 1 0
intemperate 11 0
poignant 6 0
gemme 1 0
wegnimmt 2 0
rossoheims 1 0
ratspiess 1 0
pikiert 1 0
tumbrels 1 0
erlockel 1 0
entgegnenden 1 0
leichgueltig 1 0
enfusa 1 0
alkgeschiebe 2 0
intellectualness 1 0
sproclamation 1 0
uendung 3 0
orbeigehende 1 0
aterspouts 1 0
reform 150 0
angular 15 0
ensue 12 0
alteserritter 1 0
coach 58 0
grashus 13 0
erstochen 6 0
interregnum 4 0
buckles 7 0
buckler 5 0
zerfallene 1 0
verbuergt 1 0
dislikings 1 0
kaffeebraun 1 0
wineglass 2 0
unforgiving 2 0
buckled 2 0
beholder 9 0
talles 1 0
taller 21 0
caboodle 1 0
wiegte 3 0
implications 2 0
beholden 4 0
hisky 3 0
befremdet 1 0
observatories 1 0
aufgenommen 41 0
abgebrochene 2 0
befremden 5 0
herauftoente 1 0
omasca 1 0
beherbergen 3 0
resurrect 1 0
hindering 6 0
quack 4 0
befalling 4 0
isthus 1 0
ensor 5 0
eingeraeumt 3 0
ardner 3 0
repossessing 1 0
rrogant 1 0
taufen 3 0
aemsern 1 0
uenschte 1 0
nzahl 39 0
arolles 3 0
ceasing 20 0
guilder 4 0
lympus 6 0
embold 1 0
nkunft 40 0
alette 3 0
passierte 2 0
mapped 4 0
impleta 1 0
nzain 1 0
fatted 1 0
chicken 48 0
eschrieben 2 0
estbury 4 0
geselligsten 1 0
childbirth 6 0
cartoonists 2 0
nkunde 1 0
nachdenklichen 3 0
diedst 3 0
nachdenklicher 2 0
aufgeloest 9 0
twofold 10 0
comments 15 0
gereifte 1 0
unstwerkes 2 0
unstwerken 6 0
uyau 3 0
fattes 4 0
fatter 2 0
apferkeit 10 0
alkonen 2 0
potions 1 0
ordgeruest 2 0
playgrounds 1 0
chnitzmuster 1 0
fatten 4 0
disfigured 18 0
strum 1 0
cloudes 1 0
istiss 1 0
strug 2 0
unerbittliche 1 0
defines 3 0
istichs 1 0
whippers 1 0
auszureissen 1 0
diffusive 1 0
genda 1 0
apothecaries 3 0
strut 4 0
gency 8 0
defined 69 0
abgeschiedne 1 0
wohlzugebrachte 1 0
gener 1 0
einfallenden 4 0
necessaties 1 0
synagogue 1 0
cherezade 1 0
lympic 7 0
lympia 1 0
clouded 19 0
vestalische 1 0
paraphrasing 1 0
invidia 1 0
infringe 3 0
uyck 21 0
eldausgaben 1 0
instigator 5 0
runnenschaechte 1 0
timmenmagerkeit 1 0
ocabulary 2 0
sottish 3 0
altenmaentel 1 0
chemists 4 0
worries 4 0
reporten 1 0
reported 102 0
genas 1 0
uklos 1 0
hockend 1 0
worried 28 0
ausgebreitete 5 0
rugallity 1 0
genau 89 0
geschrieben 66 0
hoodlums 1 0
vexations 11 0
eichst 1 0
entle 15 0
absolution 9 0
ewnew 2 0
gence 1 0
besorgen 30 0
hites 7 0
reporter 7 0
aeppchen 4 0
marketing 2 0
unstkreis 1 0
disfigures 1 0
mistress 240 0
eichte 7 0
unmanly 10 0
ently 4 0
flehen 3 0
andlebens 2 0
nimbus 1 0
sually 5 0
slapped 10 0
litigant 2 0
imonides 32 0
vexatious 18 0
ippolyt 1 0
alleggeance 1 0
fortbringen 1 0
whetted 4 0
ondinensis 1 0
holidays 38 0
vorbereitenden 2 0
archantia 1 0
ausmachten 2 0
aufzuschwingen 1 0
hited 1 0
curvaceous 1 0
raussen 2 0
canteens 4 0
ransfiguration 3 0
actual 217 0
fortgesetzten 1 0
aphniaca 1 0
arewell 33 0
eichstruppen 1 0
kiddies 1 0
ausgestaeubt 1 0
bashed 1 0
ruehlingswitterung 1 0
sputtered 3 0
ubstantiva 1 0
austgriff 1 0
rookedness 1 0
einnehmende 4 0
morgenroten 1 0
hitch 21 0
annats 7 0
fortgesetzter 1 0
lakiston 1 0
auszuspaehen 2 0
isonous 1 0
deservedly 12 0
vorbeitrampten 1 0
vorne 13 0
purples 2 0
recopied 1 0
actuca 1 0
etende 1 0
elivered 3 0
struc 1 0
coadjutor 5 0
relenting 2 0
atyoumaycollum 1 0
instigates 1 0
obstacles 49 0
facade 17 0
betriegliche 1 0
erabgesetzten 1 0
squabbling 6 0
aether 1 0
entel 1 0
unnavigable 2 0
coats 34 0
duestre 1 0
enten 1 0
chickst 1 0
enter 317 0
olsec 1 0
behenden 1 0
abgeschieden 3 0
olsey 5 0
irgile 2 0
atification 1 0
dates 103 0
goodman 4 0
yslop 5 0
coast 170 0
irgils 2 0
uperfine 1 0
ekphrasis 4 0
opelet 1 0
oiterers 1 0
verschwiegenern 1 0
addison 1 0
etamorphoseos 3 0
grasige 1 0
elbstgenuegsamkeit 2 0
remissness 4 0
parsonages 1 0
aldgipfel 2 0
orhaenge 8 0
himmelblaues 1 0
planned 69 0
zurueckgesetzt 1 0
stereotyped 8 0
hazards 18 0
uenschen 28 0
derwischen 1 0
saenge 1 0
pretext 38 0
ictuals 1 0
holdings 3 0
himmelblauen 2 0
himmelblauem 1 0
isquisitions 2 0
uenschet 1 0
ioline 4 0
irgine 1 0
oldguelden 1 0
toppling 3 0
wissentlich 1 0
reaping 12 0
loucester 10 0
passieren 6 0
parrers 1 0
atitudes 1 0
irgins 3 0
nderstanding 42 0
coconuts 4 0
distiinguish 1 0
bbaye 1 0
erloschen 4 0
herrschend 4 0
compact 54 0
ssayed 2 0
colonizing 3 0
bushels 52 0
daresay 18 0
frothing 1 0
ental 6 0
skyar 1 0
cavilled 1 0
impressionable 1 0
komische 2 0
nimble 15 0
lattery 15 0
laired 1 0
wohlklingenden 1 0
whiskers 18 0
nimbly 7 0
lattern 3 0
uyon 13 0
uyol 1 0
zurueckblieb 7 0
whiskery 1 0
bbate 7 0
reiguetchens 1 0
ostillon 8 0
critical 78 0
ondemnation 2 0
hoffend 3 0
ektethenton 1 0
modulated 7 0
maying 1 0
dated 99 0
dgar 6 0
annals 23 0
ebendiese 2 0
absolutism 13 0
avalieren 2 0
urchlesen 1 0
absolutist 3 0
entgegenstemmte 1 0
exonerated 1 0
criticam 1 0
enrys 1 0
ouldn 8 0
abzumerken 1 0
oechin 3 0
viewing 17 0
oulde 1 0
ntermixed 1 0
eibgesange 1 0
jiffy 2 0
wroughtest 2 0
romius 3 0
prejudices 96 0
veterum 1 0
amodara 1 0
strew 5 0
laudation 1 0
prejudiced 22 0
distinctively 5 0
ooseveltian 9 0
hirts 4 0
hirty 37 0
jubilantly 3 0
darzu 2 0
beggere 1 0
compare 85 0
untucking 1 0
zusammenkommt 3 0
aneiro 1 0
arvaez 9 0
superbly 4 0
unlike 124 0
commendam 3 0
zusammenkomme 1 0
hirst 10 0
override 1 0
bilderreich 1 0
uncork 1 0
dges 2 0
zusammengesetztesten 1 0
zurueckgelassene 1 0
ubrey 5 0
nclosure 2 0
aboriginally 1 0
constrained 49 0
dahinfuehren 1 0
hineinzutreten 4 0
porades 1 0
taught 387 0
voran 9 0
romise 25 0
besoughten 1 0
enryn 1 0
zeichne 2 0
cuptowel 1 0
overslept 1 0
ausbrechenden 2 0
ordelais 1 0
ongueurs 1 0
gentlefolk 2 0
babylonisch 1 0
desuetude 1 0
niding 2 0
azwischenkunft 1 0
stran 3 0
stral 1 0
strae 2 0
hoffest 1 0
stray 28 0
directness 7 0
remained 518 0
strap 10 0
straw 148 0
etronilla 1 0
acceptance 50 0
cognizable 2 0
scrapers 2 0
cclesiast 2 0
oulin 4 0
ardons 2 0
dressmaker 3 0
steroda 1 0
aufflogen 1 0
faffe 4 0
humours 26 0
utero 2 0
mace 5 0
mach 14 0
eheimschreiber 2 0
entgegenzutreten 2 0
aufstellte 1 0
edleres 1 0
oundage 4 0
calking 7 0
looped 3 0
company 651 0
darzustellen 24 0
nnamorato 2 0
hiron 5 0
mangelnde 1 0
geizige 1 0
titilla 1 0
onnten 3 0
ppearance 37 0
zusammenschmeissen 1 0
einzuschleichen 1 0
concerns 96 0
herumhingen 1 0
gegenwaertigen 43 0
gegenwaertiges 1 0
indewoertchen 1 0
gegenwaertiger 4 0
upferwerke 2 0
ilbengekraeusel 1 0
concerne 2 0
hinabsteigen 1 0
concernd 16 0
cirkituous 1 0
oully 1 0
armies 141 0
cylindrical 11 0
ebendiges 3 0
athetic 2 0
ebendigen 5 0
chwaeger 1 0
divulges 1 0
erfumery 1 0
furchtlos 1 0
peaker 27 0
diffusing 4 0
ferreting 2 0
pickpocket 1 0
ounterstroke 2 0
finibus 2 0
unwarrantable 8 0
formlosen 1 0
made 5450 0
hoeing 13 0
berauschendes 1 0
hirls 1 0
berauschenden 3 0
assaniden 1 0
hirly 1 0
rybody 1 0
macy 1 0
angefuellten 3 0
divulged 4 0
counterbalance 13 0
mage 8 0
darum 84 0
diffusion 5 0
trowsers 7 0
enrol 2 0
magi 1 0
assiopeia 2 0
mago 23 0
stroy 1 0
willfully 1 0
oldstoff 1 0
uechengeschirr 1 0
allerreinste 1 0
coalition 16 0
strop 2 0
rucify 1 0
disappointments 15 0
onntag 24 0
enodotus 1 0
vorzueglich 38 0
peaked 11 0
hinkenden 1 0
ackanapes 1 0
sightedness 2 0
semnon 1 0
zugeschnittenen 1 0
asenjagd 1 0
efahren 17 0
darts 8 0
oechen 1 0
unsaeglicher 3 0
mail 153 0
armian 1 0
maik 2 0
darob 1 0
leissigst 1 0
reseating 1 0
main 295 0
onfederated 2 0
sadness 58 0
hueteten 2 0
maim 3 0
mais 6 0
mair 34 0
oecher 6 0
unsaeglichen 4 0
strip 41 0
strik 1 0
arkusplatze 3 0
duester 9 0
fremdartig 2 0
gereihten 2 0
onfederates 4 0
maid 191 0
ntoine 10 0
discountenance 1 0
intensive 1 0
discountenancd 1 0
fraudulent 14 0
confrere 1 0
travesty 1 0
understandings 16 0
ivres 2 0
ccepting 2 0
tabernacles 2 0
nterwuerfigkeit 4 0
compass 71 0
ivrei 4 0
ausgehen 7 0
ivree 2 0
maha 2 0
fortging 1 0
gelbe 7 0
navigated 5 0
arvard 34 0
commended 24 0
maks 2 0
tauget 1 0
winzigen 1 0
herausquellen 1 0
urtius 4 0
taugen 4 0
suppressed 67 0
make 4239 0
unassailable 5 0
conspires 3 0
hinaufgeschafft 1 0
rautvater 15 0
suppresses 2 0
acholderkorn 1 0
riumvirate 1 0
hirey 10 0
intensity 29 0
kahilis 1 0
oulon 1 0
conspired 20 0
ubrik 1 0
onstituent 2 0
encounterings 1 0
mamo 2 0
friendships 12 0
entgegenstehende 1 0
inpenetrable 1 0
meaning 341 0
rostrum 2 0
mama 13 0
kemelin 3 0
released 58 0
ecurities 6 0
uzet 1 0
malo 1 0
mall 337 0
ovinianus 1 0
nziehungskraft 5 0
harborless 1 0
udicature 2 0
entertaind 4 0
ovinianum 3 0
endevous 1 0
porphyry 2 0
malt 73 0
uphorionis 1 0
mala 2 0
capsize 2 0
geheimste 1 0
male 80 0
stovepipes 1 0
umschlagen 1 0
latitude 36 0
schreitenden 1 0
bsolute 6 0
chrittplatten 1 0
orments 1 0
zerschmettert 5 0
gedeiht 3 0
zerschmettern 2 0
expression 449 0
neunten 1 0
reprisals 4 0
mann 2 0
releaser 1 0
mans 2 0
entflohenen 1 0
many 4604 0
releases 3 0
ausersehen 4 0
corrugations 3 0
mana 2 0
verborgene 4 0
geduengt 1 0
mane 26 0
mand 1 0
ehrmeister 5 0
mani 1 0
coequal 2 0
nastiness 4 0
hinsehend 1 0
igenduenkel 2 0
stringing 5 0
predestinated 1 0
expressing 73 0
eindringen 2 0
waldbewachsenen 1 0
nmoeglichscheinendes 1 0
utzmacherin 1 0
eingesehen 7 0
yawns 2 0
maps 12 0
atheter 1 0
ukkey 8 0
magnetizes 2 0
ewman 9 0
needer 12 0
ebensklugheit 1 0
needes 24 0
fleger 1 0
hisbe 6 0
nipperhausen 5 0
fryin 1 0
egfahrn 1 0
ourland 5 0
sunsite 39 0
refractions 1 0
invoking 3 0
mast 30 0
needed 198 0
oldatenliedchen 1 0
mass 293 0
oderator 8 0
ffluence 2 0
alwich 1 0
herzguts 1 0
allirhoe 1 0
ensen 20 0
ensem 1 0
mase 1 0
unvaccinated 3 0
asserfarben 2 0
mash 9 0
enses 15 0
mpfindungskraft 3 0
entertains 8 0
mask 39 0
stuermende 1 0
maro 3 0
mart 7 0
mars 1 0
emainder 14 0
mmonite 1 0
zerlaestert 1 0
mare 61 0
nstincts 1 0
mari 1 0
usslager 1 0
marl 16 0
mark 345 0
aeuterfeuer 1 0
befestigten 3 0
ensch 295 0
ajority 27 0
sufferin 1 0
ungluecklichste 3 0
zirkulieren 1 0
maul 8 0
nverdienten 1 0
brickmaker 1 0
maun 24 0
recrystallized 1 0
mats 51 0
legitimist 2 0
matt 5 0
sterner 11 0
unhitching 1 0
beisst 1 0
mate 43 0
cogitantes 1 0
gesonnt 1 0
djoining 1 0
glitters 4 0
maws 1 0
beisse 2 0
entschiedene 13 0
spanking 2 0
abying 1 0
arbenspiel 1 0
neckcloths 1 0
elingens 2 0
illumine 4 0
noontide 1 0
eitraums 1 0
ajorism 1 0
uftraege 6 0
ammergeschrei 1 0
poignard 1 0
unabsehbaren 2 0
eferrence 1 0
anbiete 3 0
eteore 1 0
occiduusque 1 0
untereinander 25 0
taheitean 1 0
eteors 1 0
rraaaaa 1 0
uzon 1 0
itlebenden 1 0
soldier 129 0
devoutness 1 0
oundary 7 0
fatuously 1 0
reicheres 1 0
osphorus 2 0
reicheren 2 0
ntermony 1 0
regelmaessig 14 0
upture 2 0
luctibus 1 0
maze 11 0
rachtbrief 3 0
expressive 43 0
kboshi 1 0
maye 4 0
pyres 1 0
nahgelegenes 1 0
erneute 4 0
mayn 4 0
armures 1 0
eginnings 2 0
relived 1 0
oetzen 11 0
whacks 1 0
desirings 1 0
entsetzten 1 0
concerts 8 0
concerto 1 0
epochs 4 0
commence 57 0
ryers 1 0
commencd 3 0
ammazzata 2 0
configuration 5 0
denyed 1 0
indervater 1 0
sternly 28 0
taufte 1 0
sprightliness 4 0
ammazzato 8 0
unuchs 1 0
mischte 5 0
intritt 19 0
entrapped 2 0
rzherzog 120 0
fairness 25 0
mazy 1 0
iebenswuerdigste 1 0
icisbeen 1 0
gelte 10 0
geschienen 4 0
winced 7 0
auszulassen 4 0
abortive 5 0
nterview 3 0
unlink 1 0
watering 25 0
zierlicheres 1 0
erkennbar 1 0
ausgehaengte 1 0
fabricate 1 0
seduce 8 0
winces 1 0
fairs 7 0
sevens 1 0
erdachte 2 0
sacrament 21 0
faire 48 0
anguish 69 0
eschreibung 31 0
uebelgetan 1 0
awaiting 44 0
omauli 2 0
oscillation 2 0
urthen 9 0
festgemauerte 1 0
tauden 2 0
omauld 1 0
urther 40 0
fairy 21 0
ragged 36 0
hiuzo 1 0
orlesungen 1 0
warteten 5 0
orbicular 1 0
cocoa 2 0
onsciences 7 0
coeval 4 0
ceppin 12 0
raeschen 2 0
whitebait 1 0
basest 9 0
oscillating 1 0
overings 1 0
ommunistic 5 0
ieces 41 0
oeotian 1 0
confiding 19 0
torium 1 0
unleidliche 1 0
hamstrung 2 0
ostillons 3 0
unguenstige 1 0
omaunt 4 0
vornahm 8 0
astinaca 1 0
memorated 1 0
usdrucks 10 0
columbine 2 0
alpurnius 2 0
indignities 6 0
stump 31 0
typify 1 0
stumm 15 0
sanest 1 0
stund 19 0
usdrucke 8 0
emocritus 10 0
loseres 1 0
stung 22 0
etterleuchten 1 0
vendible 6 0
wellings 5 0
stunt 6 0
stuns 2 0
zwecklos 3 0
beschattete 3 0
severe 276 0
nterthanen 1 0
uingelot 1 0
severs 3 0
cocky 1 0
arbuncle 2 0
waterish 1 0
deinigen 5 0
queeze 1 0
mayhap 1 0
vibrations 15 0
faint 178 0
mpiety 2 0
penitentially 1 0
eileib 1 0
ostgaengers 1 0
vorzeigen 2 0
achierotti 1 0
controversis 1 0
eedens 1 0
mbar 1 0
aufsieht 1 0
cocke 4 0
ouquet 34 0
cocks 8 0
loathsome 19 0
douros 2 0
ubriken 2 0
uzza 1 0
uscaroras 1 0
bedeckende 1 0
erweichte 1 0
leopart 1 0
tadpoles 4 0
faile 6 0
faild 3 0
doonsettin 2 0
inhabi 1 0
basely 9 0
duodecimo 1 0
sterned 2 0
eesterne 1 0
fails 133 0
schimpfend 1 0
hrfeigen 3 0
wiedererkannte 1 0
slippers 19 0
darboete 1 0
slippery 22 0
hrong 1 0
vouch 6 0
hrone 22 0
twittering 2 0
meisterlich 1 0
herzuritt 1 0
heologicum 1 0
rappers 5 0
offerstrick 1 0
traktiert 3 0
delheid 125 0
ontroller 3 0
queene 3 0
occurs 54 0
mischen 14 0
meetinghouse 1 0
rovision 15 0
koenntest 30 0
mischet 1 0
gekroent 3 0
hervorheben 1 0
allegiance 43 0
verfertigen 1 0
leopard 11 0
traktiere 1 0
ienliches 1 0
einlegen 2 0
verfertiget 2 0
gefuehllos 3 0
aliments 1 0
irdische 8 0
supercilious 8 0
souteniert 1 0
entfliesst 1 0
eedeth 2 0
eformatoria 1 0
allzuruehmlichen 1 0
arennes 1 0
alismane 2 0
needin 1 0
agersfontein 1 0
conversancy 1 0
filings 5 0
nachfliegen 1 0
eellste 1 0
heuchlerischen 1 0
ungetroestet 1 0
oftmals 1 0
vorzeigte 2 0
unrelaxed 1 0
uedostseite 1 0
ansiehst 1 0
uties 60 0
versprochenen 4 0
enuss 112 0
axils 1 0
libellous 1 0
quipage 5 0
articulars 18 0
uebereinstimmung 12 0
herabstroemende 1 0
humored 3 0
enuti 2 0
axime 4 0
upcast 2 0
acoustic 1 0
eichtuemern 3 0
argnano 1 0
articulate 15 0
iebestrunkenheit 1 0
adentuere 1 0
rhythmical 4 0
traverse 14 0
axims 7 0
typing 39 0
needna 3 0
nirgends 38 0
gescheitert 1 0
eilend 7 0
lrauns 7 0
structions 1 0
axing 5 0
durchnetzt 2 0
needly 3 0
righteousness 24 0
propensities 16 0
eiberhaube 1 0
beichtete 2 0
enure 2 0
mpecinado 1 0
bickerings 4 0
soakage 3 0
ierreiches 1 0
immertuer 1 0
disastrously 4 0
akaloa 7 0
enury 1 0
monstrus 1 0
onnenpferde 1 0
queens 6 0
atholicae 1 0
awthornden 2 0
eformatoren 1 0
needle 22 0
axiom 4 0
victories 42 0
ausgeworfenen 2 0
rapani 1 0
mboy 8 0
gescharrt 1 0
hieherzukommen 1 0
berrest 1 0
haeaken 1 0
ohlgesang 1 0
dvocates 5 0
riests 12 0
alermo 59 0
ebutted 1 0
heartiness 3 0
schmutzkotigen 1 0
rithmetic 3 0
windin 1 0
sustenance 13 0
rieste 1 0
uthin 1 0
gleichartige 1 0
windig 1 0
werterer 1 0
ashionable 1 0
lashings 4 0
roenung 2 0
deface 10 0
doused 1 0
etraenk 2 0
lovesick 1 0
sparsett 1 0
occult 10 0
envoy 11 0
angeschlossen 3 0
fatalsten 1 0
codde 1 0
repentant 8 0
abgestumpft 1 0
cropping 6 0
wharbouts 3 0
armese 1 0
sistance 2 0
heologicis 1 0
rousseau 1 0
fortunate 121 0
armers 18 0
theleias 1 0
sospesi 1 0
ydgate 6 0
alerno 2 0
octosyllabic 3 0
raiment 18 0
defiles 3 0
gfarbten 1 0
froward 2 0
eikiwai 3 0
arriving 60 0
achtundzwanzigsten 2 0
defiled 8 0
alerie 29 0
davor 18 0
openly 124 0
aleria 1 0
davon 293 0
zuschrieben 2 0
alerii 1 0
conomy 12 0
obeserhebungen 1 0
toyasan 1 0
uther 290 0
aufgeregte 2 0
chwaeche 22 0
twilights 3 0
occupy 95 0
erweichen 3 0
originator 2 0
ockfalten 1 0
neverthe 1 0
nzeige 1 0
vorrueckte 1 0
goldenrods 1 0
innately 1 0
chenkwirt 2 0
entsprangen 2 0
uperintendenten 1 0
hives 5 0
hiver 1 0
nbringen 1 0
arment 2 0
erweichet 1 0
chagrind 12 0
window 475 0
athletics 1 0
votre 3 0
demonology 1 0
tiefsten 25 0
meriting 1 0
tiefster 2 0
unwiederbringlichen 1 0
envie 3 0
aunters 2 0
keifend 1 0
instruments 137 0
stuck 69 0
alerei 5 0
orausgesetzt 1 0
omothetae 1 0
vorstellend 8 0
omatsu 8 0
esoteric 4 0
anksagungen 4 0
fortrodden 1 0
weiterhin 2 0
bookish 2 0
gstraft 2 0
hinaustreibt 1 0
emuetsbewegung 4 0
tiefstem 1 0
atholicks 1 0
intensify 3 0
study 498 0
ebiete 4 0
bullfrogs 5 0
erisheth 1 0
studs 9 0
oechte 4 0
ramstaende 1 0
ottonwood 2 0
flustered 2 0
vicentinischen 3 0
ferruginous 4 0
categories 1 0
dian 1 0
dial 4 0
untadelhaft 2 0
humblely 1 0
heological 4 0
ntsteigen 1 0
sallows 1 0
aisles 18 0
heologicae 1 0
disembodied 5 0
herzlichsten 8 0
thenceforth 19 0
iecle 1 0
freebooter 2 0
portioning 1 0
taucht 5 0
ertragen 33 0
oechst 3 0
indebted 72 0
ntzueckungen 12 0
declaratory 6 0
stuff 119 0
oleranz 2 0
umschiffen 1 0
dick 3 0
dici 1 0
admirabile 3 0
dich 855 0
grapevines 2 0
vereiteln 4 0
dice 21 0
section 113 0
inhalt 9 0
originated 35 0
laechelnde 3 0
olumn 16 0
controverted 6 0
dict 29 0
enver 7 0
mislaid 4 0
dico 1 0
olume 14 0
roadstead 2 0
sailcloth 1 0
repugnant 26 0
azuschaun 1 0
opened 493 0
sluggishness 2 0
erdachtes 2 0
winded 8 0
boatswain 5 0
erscheine 2 0
hrows 1 0
produced 531 0
humbless 9 0
opener 1 0
humblest 11 0
produces 170 0
producer 11 0
winden 2 0
inhale 4 0
windet 3 0
totality 4 0
windes 2 0
erscheint 42 0
winder 3 0
grundfalsch 1 0
dien 25 0
diem 3 0
wuerdigsten 4 0
eformatorum 1 0
elieving 10 0
manifesting 4 0
bemerkbaren 1 0
abzuspeisen 1 0
faith 420 0
died 521 0
proofsheets 1 0
exzellent 2 0
ysistrata 1 0
viewest 1 0
hrown 1 0
alconieri 1 0
uileries 3 0
dieu 135 0
diet 27 0
dies 212 0
naltered 1 0
superbia 1 0
oralische 2 0
didn 469 0
overcomes 5 0
trocknete 3 0
kleinerm 1 0
maerchenhafte 1 0
ecretaryship 1 0
bewilder 3 0
kleinern 7 0
uthor 125 0
aleras 1 0
gesegnet 5 0
originates 3 0
sorcery 7 0
verfertigte 2 0
defame 8 0
rgues 1 0
certius 1 0
kleinere 9 0
talism 1 0
dign 8 0
iebes 18 0
andessprache 1 0
ieber 69 0
gruessten 5 0
leoboulos 1 0
voted 45 0
pochrypha 1 0
brutehood 1 0
gents 27 0
honest 407 0
ieben 27 0
afuer 10 0
gente 2 0
iebel 2 0
erworfen 1 0
iebei 3 0
addition 252 0
overcharge 12 0
squashing 1 0
wohleingerichteten 2 0
ermunterte 2 0
rankenlagers 2 0
wohleingerichteter 1 0
flehte 7 0
genus 12 0
dullness 7 0
lugwerke 1 0
suffragans 1 0
genug 488 0
ermunterst 1 0
geschiedenen 1 0
ougherty 1 0
unnachahmbaren 1 0
implying 6 0
parings 3 0
daubs 4 0
entlang 9 0
etragen 96 0
diid 1 0
ourgeois 4 0
gebeten 16 0
notions 115 0
genre 4 0
hrieks 1 0
annahm 9 0
oungs 1 0
urtgesimse 1 0
mythical 20 0
annahs 1 0
pecimen 11 0
gebetet 2 0
ggressions 1 0
tumultuierende 1 0
oggrell 1 0
ounge 4 0
skeptical 5 0
votes 135 0
voter 32 0
eberlebenden 1 0
ansahen 6 0
scarf 12 0
scare 12 0
unrebuked 1 0
vorstellest 1 0
verlangtest 2 0
dikh 1 0
companionable 2 0
scars 22 0
depravation 1 0
dyssee 5 0
methought 5 0
embrio 2 0
novices 7 0
cryptogamic 1 0
anzugreifen 1 0
parturitions 2 0
muzzy 1 0
dyssey 13 0
intervenes 2 0
verwenden 9 0
goodies 1 0
verwendet 8 0
dike 3 0
sanfte 17 0
umzukehren 8 0
ansehnliche 13 0
gwesen 4 0
intervened 10 0
conteke 1 0
advantageously 18 0
foible 1 0
hayyam 2 0
lindlings 1 0
trangely 4 0
scath 2 0
content 238 0
dimi 1 0
erhitzen 1 0
ding 1 0
dine 71 0
erschickung 1 0
headforemost 1 0
dina 1 0
xiling 1 0
plasterer 5 0
contend 52 0
contemn 6 0
otenglocke 1 0
plastered 13 0
crestfallen 5 0
dili 1 0
scaur 1 0
dime 7 0
auszuhauchen 1 0
quays 8 0
misunderstandings 7 0
rfahrungen 23 0
entum 2 0
unschaetzbarer 1 0
udemus 1 0
ualities 20 0
unschaetzbaren 6 0
diot 4 0
dios 1 0
diom 1 0
embrue 1 0
geschriebne 1 0
context 4 0
trangers 21 0
verschlungen 9 0
eitungen 8 0
ohnsitz 2 0
talker 11 0
dint 19 0
herumgetrieben 4 0
egulus 6 0
talken 1 0
talked 257 0
treiben 38 0
supplement 10 0
verdienstlichen 1 0
anaesthetic 1 0
affinity 8 0
gestohlne 2 0
ochlaei 1 0
werginnen 1 0
gerade 151 0
votos 2 0
wearest 4 0
goggle 3 0
ounod 1 0
weareth 1 0
dire 18 0
ambertype 1 0
entgegensprang 1 0
irkliches 1 0
gebrochnes 1 0
achtfahrt 1 0
dipt 2 0
gebrochner 1 0
dips 7 0
sterlings 2 0
entlegenen 1 0
wearers 1 0
clearing 43 0
wittily 2 0
overthwart 1 0
kardialgia 1 0
geraet 7 0
erations 1 0
raeuterflor 1 0
versteckt 23 0
irklichen 2 0
vollendeten 4 0
alligraphy 1 0
vollendetes 1 0
vollendeter 2 0
certify 4 0
dist 4 0
enterprises 37 0
ounts 12 0
wafting 1 0
dith 6 0
entzueckenden 1 0
enterprised 1 0
entre 4 0
ounty 134 0
contest 120 0
nachdem 118 0
rinnen 1 0
reacherous 1 0
unconquerable 23 0
dirt 68 0
dirs 2 0
talkin 25 0
genii 5 0
uebriglassen 2 0
rezitierte 10 0
entry 54 0
disk 238 0
dasselbe 24 0
lainly 3 0
dish 70 0
fiscal 2 0
disc 7 0
osgebundenheit 1 0
fahen 1 0
zurueckzufallen 1 0
onaventure 4 0
datum 1 0
hochberuehmten 1 0
empfaenglichsten 1 0
uskovado 2 0
entoo 2 0
enton 9 0
arianens 21 0
entos 1 0
entor 4 0
fortsetzt 2 0
osenhecken 1 0
rescimbeni 1 0
dive 14 0
ederalists 2 0
ardman 27 0
durchblaetterte 1 0
torial 1 0
verbindlichste 2 0
wirklichen 21 0
wirklichem 2 0
asserspiegels 1 0
sports 36 0
dity 2 0
entzueckendes 1 0
entzueckender 2 0
ounte 1 0
repariert 1 0
wirkliches 3 0
wirklicher 3 0
newness 4 0
dium 2 0
angularly 1 0
orbeiwallenden 1 0
aianism 4 0
inexperienced 12 0
govermental 1 0
eppichs 1 0
reipfaennchen 1 0
rifling 4 0
shburnham 1 0
gearbeitete 2 0
auherr 1 0
slashing 4 0
varmint 1 0
aemereien 1 0
notwendigen 6 0
suspension 8 0
intreated 1 0
slyest 1 0
esundheit 38 0
aturam 1 0
atural 40 0
notwendiges 2 0
siegreich 2 0
notwendiger 2 0
rinnre 1 0
uarzgeschiebe 1 0
aturae 2 0
hedging 5 0
conceptu 1 0
scoured 3 0
gestohlen 6 0
earache 1 0
evaporation 19 0
fourthe 10 0
cholasticos 1 0
evaporating 4 0
unendurable 12 0
lariat 1 0
eernymphen 1 0
eilern 1 0
iebst 2 0
phagi 1 0
fourths 21 0
quaff 1 0
asilikenform 1 0
typhus 4 0
ontingent 1 0
jahrhundertelang 1 0
unmakes 1 0
unconquerably 1 0
armful 7 0
levitation 2 0
rstiegst 1 0
rankreichs 1 0
tories 39 0
daure 1 0
pourtray 2 0
duerstende 1 0
nuysoit 1 0
nteressanteres 1 0
engravings 6 0
unendurably 1 0
dissenters 14 0
eppiche 19 0
uttering 33 0
daurt 1 0
scourge 18 0
ubstances 1 0
rezitieren 6 0
hroat 4 0
aturnotwendigkeit 2 0
namenlose 1 0
southernwood 1 0
umschlaegt 1 0
endangered 25 0
patricians 2 0
eputation 54 0
egular 14 0
qualm 4 0
military 355 0
militate 7 0
atures 4 0
pitchers 4 0
prefacing 2 0
purchases 51 0
aturen 7 0
purchaser 22 0
ifeguardsman 1 0
schwarzaeugig 1 0
nverbesserlichen 1 0
atured 1 0
vermodern 2 0
errschaften 6 0
purchased 158 0
vielsinnige 1 0
sangen 14 0
quake 15 0
erderbnis 2 0
frightened 107 0
workingmen 1 0
eatrice 2 0
gueldenen 1 0
deetecter 1 0
rugosities 1 0
herauszufinden 2 0
aedchens 40 0
resoluten 1 0
anzupassen 4 0
approving 10 0
ngefaehr 4 0
quail 8 0
haeaeaetten 1 0
cringe 3 0
beetling 4 0
ontforts 1 0
chnecken 2 0
scads 1 0
veiling 2 0
previous 185 0
confusedvariety 1 0
eorgenritter 1 0
oltan 2 0
vollstaendigstem 1 0
bsurd 2 0
daunt 3 0
alanteriehaendler 2 0
entmantelt 1 0
bladder 6 0
faellte 1 0
tennunce 1 0
unbehagliche 1 0
xxxviii 1 0
ombesteres 1 0
scann 2 0
uerner 2 0
ebenshoffnung 1 0
preceptor 4 0
filtered 9 0
scant 19 0
harpsichord 3 0
omplimenten 1 0
militant 12 0
seminal 1 0
widerstrebenden 2 0
naturarum 1 0
phase 23 0
willigten 2 0
aturis 1 0
womenfolks 2 0
malingering 1 0
drenching 6 0
ritings 31 0
ardanus 2 0
elections 45 0
eisheit 38 0
faellen 2 0
ustigsten 1 0
aufzuliegen 1 0
workingman 1 0
kilting 1 0
spores 2 0
erhitzte 1 0
bsentee 2 0
surrounded 201 0
evitable 2 0
scape 36 0
neglectful 1 0
sobrii 1 0
einkruge 1 0
einraeumen 1 0
haggling 1 0
quand 1 0
theroot 2 0
nagging 1 0
ragica 1 0
geknuepft 5 0
bucking 4 0
eprehensions 2 0
ulliver 13 0
erzensangst 2 0
heiratest 1 0
ioscori 2 0
olter 2 0
oponents 1 0
quals 3 0
enuff 2 0
olten 2 0
vervielfaeltigen 1 0
dividends 4 0
athematicians 1 0
gesollt 3 0
heiratete 2 0
tiefbruder 1 0
cobra 3 0
djel 1 0
ounds 76 0
ttractions 1 0
cholasticus 3 0
oundy 1 0
ampeggio 2 0
healing 26 0
ittelraume 1 0
gosling 2 0
iebig 3 0
ounde 3 0
piscopalian 2 0
embrac 3 0
gefaehrliche 5 0
earthquake 22 0
quarz 1 0
goldenrod 8 0
hemicycle 1 0
unbefriedigten 6 0
ducking 5 0
placable 2 0
ntschuldigen 1 0
untroestbare 1 0
quasi 4 0
fahrn 8 0
fahrt 3 0
purpose 810 0
scala 1 0
orthley 2 0
scale 108 0
scald 6 0
fahre 5 0
lunged 1 0
quart 8 0
aggrandize 2 0
chaplain 95 0
pleasances 1 0
scall 1 0
jingoism 1 0
etween 86 0
landsman 1 0
nymphaeum 1 0
purport 21 0
daugh 1 0
nasmuch 7 0
scalp 4 0
niedlichere 1 0
aturne 1 0
iceberg 2 0
waylaid 1 0
scalt 1 0
compassionated 1 0
ardinalat 1 0
scaly 8 0
shimmer 3 0
undiscovered 10 0
halmers 7 0
lunges 2 0
quare 22 0
auxilio 1 0
thracischen 2 0
skirting 7 0
treibts 1 0
usfertigungen 1 0
absterbenden 1 0
ullivan 10 0
connen 3 0
rbschleichen 2 0
schlauer 2 0
angehende 2 0
conned 2 0
oquette 1 0
schlauen 4 0
scamp 18 0
ounce 69 0
treibst 2 0
dirondacks 3 0
soirees 2 0
morbidness 1 0
vorbeikam 2 0
ueffeln 2 0
recognized 103 0
agereise 2 0
eterboro 1 0
nebenstehenden 1 0
recruiting 11 0
squeamish 6 0
aventure 20 0
ncomparable 1 0
prisoun 1 0
edlicher 1 0
laecherlichers 1 0
phebe 1 0
edlichen 2 0
unstworte 1 0
ienens 1 0
recognizes 7 0
fortstreichend 1 0
befehlswidrig 1 0
verschwiegen 10 0
mutwillige 3 0
lampooner 1 0
rejecting 28 0
muumuu 1 0
cutlasses 1 0
sorglichen 1 0
mundane 5 0
odesfall 1 0
erwaehleten 1 0
igellus 1 0
widerstund 1 0
manifestoes 1 0
anilius 1 0
ictators 1 0
erstreuung 20 0
ausgezieret 1 0
unnoeten 1 0
nachgab 2 0
unhandsome 1 0
edauern 6 0
enschenhass 1 0
minxes 1 0
esseltiefe 1 0
coeur 4 0
lampooned 4 0
sorglicher 1 0
consultant 1 0
prehistoric 7 0
prominence 13 0
illuminating 3 0
icissitudes 3 0
zurueckgerissen 1 0
usammenkuenfte 7 0
straightly 1 0
juices 4 0
possessions 41 0
torpid 6 0
enschenhand 1 0
herumschwanken 1 0
fortzufuehren 1 0
agenreihe 1 0
backgammon 5 0
xemption 1 0
browned 3 0
feststehende 1 0
xtende 1 0
maples 8 0
ugendnebel 1 0
vowel 3 0
remarked 235 0
ueckenlehne 1 0
itzdottrel 1 0
interdicts 4 0
vowes 1 0
quean 4 0
ahomet 138 0
sorglosen 3 0
fumosity 2 0
expresseth 1 0
sekundierte 1 0
wrestle 7 0
bedingungsweise 1 0
ampschulte 1 0
nlaesse 4 0
stiffnecked 1 0
ardinaele 9 0
sustaining 14 0
illumination 15 0
cowpen 1 0
forword 9 0
entspannte 1 0
virelays 2 0
synonimous 2 0
debating 11 0
neglects 12 0
aiserstaate 1 0
virgins 9 0
inladungen 1 0
localised 1 0
unerfreulich 3 0
enervating 4 0
herumgehen 7 0
muscadine 1 0
entameters 1 0
favorable 59 0
implant 7 0
flashes 31 0
recognising 5 0
lumengewinden 1 0
heologians 12 0
coeli 1 0
ehaving 1 0
omputation 4 0
barefaced 9 0
coelo 2 0
flashed 65 0
ueberschlagen 3 0
auszupacken 2 0
passengers 79 0
neglecting 23 0
treiche 7 0
haeaeaette 1 0
ausgegeben 7 0
corporation 44 0
inscrutableness 1 0
groping 16 0
ehavior 3 0
vigorously 39 0
whisking 1 0
sawest 2 0
okkaido 3 0
rinterum 1 0
enschengeschichte 1 0
pochten 1 0
favorably 6 0
disfavour 9 0
interessiert 8 0
larger 279 0
densee 2 0
queer 65 0
densed 1 0
nzeit 2 0
stuttered 5 0
hocking 1 0
queen 155 0
oellchen 2 0
custards 1 0
ehmbild 1 0
denser 7 0
ardrop 44 0
spinwall 1 0
auptmannschaft 1 0
worrying 10 0
caserne 1 0
piritu 2 0
scriptions 2 0
lingering 59 0
pirito 2 0
pirits 64 0
prisons 15 0
ungirthed 1 0
larkson 3 0
discerned 28 0
kolossal 2 0
ppressor 9 0
herbeilocken 1 0
threefold 4 0
violins 1 0
ienese 1 0
defenseless 5 0
mayest 28 0
plugging 21 0
loomen 2 0
ratoire 2 0
phemi 1 0
pokesman 1 0
loomer 1 0
whipping 24 0
brazier 4 0
gwendt 1 0
otenlohn 1 0
loomed 10 0
ienern 5 0
pfiffen 1 0
dispense 22 0
ebendige 5 0
liability 195 0
possessioun 1 0
dispensd 1 0
unpunished 5 0
enschenhaut 1 0
anelon 1 0
buttonwood 3 0
rueckte 5 0
eichenbegaengnisses 1 0
herausgeneigt 1 0
queke 3 0
verwilderte 1 0
vertrocknet 2 0
loodshed 5 0
portioned 2 0
eterkins 1 0
queis 1 0
bleitungen 2 0
erzlich 2 0
indulgd 4 0
indulge 54 0
arubenbaum 1 0
convey 144 0
convex 8 0
barbarische 1 0
importation 222 0
torpor 9 0
unoppressed 1 0
caviled 1 0
bareheaded 4 0
llegorien 1 0
onitorium 1 0
egoziation 1 0
unnoetig 5 0
fakir 1 0
umstellen 1 0
berhofprediger 3 0
herumhorchte 1 0
zurueckkehren 14 0
chiffsraum 1 0
pretium 2 0
sechsunddreissig 4 0
wrested 10 0
ulpician 1 0
sacrilegious 5 0
ndianer 4 0
pfiffigem 1 0
discussion 171 0
pfiffiger 1 0
mangelten 1 0
astensammlung 1 0
elendig 5 0
nonsensical 5 0
despectui 1 0
neglecks 2 0
rbuthnot 10 0
leiblicher 1 0
raiding 2 0
swadin 1 0
leuchtet 8 0
irgend 88 0
discussing 33 0
germs 73 0
allerabscheulichsten 1 0
himpering 1 0
niedlichsten 1 0
leiblichen 2 0
abgewendetes 1 0
aucratis 1 0
naechste 29 0
davorhalten 1 0
ppressed 3 0
populations 5 0
ncontrolled 2 0
huddled 27 0
scanning 63 0
istemp 1 0
lainen 1 0
vierecktes 1 0
viereckten 1 0
wieder 1353 0
flaunted 1 0
iolent 6 0
elendes 1 0
elender 2 0
erstaunter 1 0
erschwornen 1 0
constabulary 1 0
erstaunten 5 0
aermste 1 0
isteln 4 0
complimenting 3 0
uncritical 3 0
disclose 15 0
disclosd 1 0
irgent 5 0
rwarbst 1 0
diagram 6 0
orswearing 1 0
huddles 2 0
mmense 5 0
powerless 37 0
aufgerichtet 6 0
issenueberzug 1 0
mmensa 1 0
nebenan 1 0
verschobene 2 0
angeboten 11 0
owperian 1 0
hinwegzuraeumen 1 0
ensureth 1 0
ponendam 1 0
elenden 12 0
rosspapa 1 0
unlock 4 0
iolett 2 0
rocedure 4 0
incontinency 1 0
oreover 57 0
intrepidity 5 0
dissemble 5 0
heleute 2 0
incontinence 2 0
geria 2 0
guenstig 21 0
schlotternd 1 0
oitering 1 0
wunderbar 33 0
etretner 1 0
valetudinarian 6 0
oecken 2 0
inyras 2 0
overhauling 1 0
ersecutions 1 0
harshness 10 0
oecker 1 0
vegetables 35 0
rommen 6 0
papists 3 0
rommel 3 0
ingescharrt 1 0
denying 32 0
erlobte 1 0
flauntin 1 0
lviren 1 0
laengste 1 0
uebergegangen 4 0
dreissigtausend 3 0
altresi 1 0
onfront 1 0
multicolored 1 0
hunkers 2 0
uehmliches 1 0
arwickshire 1 0
pickaninny 1 0
augirard 1 0
himmlische 20 0
orseback 4 0
zusammengebeugt 1 0
heorien 1 0
heories 1 0
annover 1 0
ueberschritten 1 0
axles 1 0
orthies 3 0
unload 8 0
uehnsten 1 0
rinted 3 0
erstaerkung 1 0
erworben 15 0
reifach 1 0
emperance 19 0
rinter 51 0
unwesentliche 2 0
ymnastic 1 0
armourer 2 0
carrefour 1 0
uenstlerlaufbahn 1 0
conductors 22 0
geschlichteten 1 0
verbindliches 2 0
eolithic 1 0
beigemessen 2 0
vowed 19 0
evoting 1 0
shadiest 2 0
sammelte 5 0
verbindlichen 1 0
empests 1 0
hoardings 1 0
confusing 4 0
exegetists 1 0
palates 1 0
multum 3 0
zugefuehrt 4 0
evotion 10 0
ruecket 1 0
teinund 1 0
gwest 15 0
auszutilgen 3 0
elocity 10 0
ruecken 18 0
famishing 1 0
erpents 3 0
omnipotence 9 0
mead 24 0
eindringliches 1 0
eindringlicher 1 0
zurueckkehrte 7 0
homeliest 1 0
ergleichungspunkte 2 0
wildcat 2 0
tapping 13 0
ogstraaten 1 0
entfallen 1 0
straighten 14 0
emboldened 3 0
erziehen 7 0
gerad 6 0
straighter 4 0
illuminative 1 0
uchesses 1 0
donisrolle 1 0
azarett 1 0
shepherd 65 0
eitschenstiel 1 0
anzurufen 2 0
wolves 24 0
ungebildeten 1 0
azareth 2 0
utschenfahrer 1 0
leuchten 6 0
uecksilber 2 0
hinaufwagte 1 0
palatin 1 0
meal 130 0
mean 1028 0
meam 3 0
meat 245 0
ufmerksamkeit 134 0
ewray 2 0
gereicht 10 0
ltaere 10 0
meed 8 0
gefuehltes 1 0
ahoney 4 0
umbracht 1 0
meek 41 0
ouple 6 0
usgabe 13 0
doublones 1 0
dickbaeuchigen 1 0
sehenden 1 0
medt 1 0
gereiche 1 0
ackeren 1 0
arvell 12 0
breviary 4 0
chwarzwaelder 1 0
sectary 1 0
verhiesse 1 0
itorio 1 0
lumbering 10 0
resinous 7 0
besorgende 1 0
acchic 1 0
meanest 42 0
ulpicius 1 0
trohmaenner 1 0
olzschnitten 1 0
gaynsaye 1 0
ecrivains 2 0
aufzuwecken 4 0
meaneth 5 0
pennyworth 4 0
erziehst 2 0
arvens 1 0
overcoming 11 0
unhealed 3 0
deafening 3 0
hineingesperrt 1 0
meet 594 0
meer 8 0
reveries 7 0
passions 161 0
iedes 6 0
ieder 54 0
malignancy 3 0
ternsehers 1 0
ewohnern 6 0
mein 1009 0
existierte 3 0
mehr 1186 0
handeln 34 0
handelt 12 0
canvasses 1 0
handels 1 0
almogen 1 0
iedel 1 0
ittagszahl 1 0
larfin 1 0
umpfstrecke 1 0
mherspringen 1 0
ushalten 1 0
jansemiana 1 0
dolphin 3 0
pathways 5 0
ielands 1 0
alestrina 1 0
tradings 1 0
ostiliam 1 0
temporising 1 0
beredter 1 0
confusion 202 0
sychology 6 0
operas 4 0
swallower 1 0
fuettern 2 0
intensest 1 0
outridden 1 0
ruehmlich 2 0
esperbrot 2 0
buffoon 8 0
seeraeuberischer 1 0
swallowed 91 0
ucania 1 0
aufmanne 1 0
harlequinade 1 0
steepish 3 0
wiedergewinnen 1 0
oulding 1 0
rascalities 2 0
tausendfaeltigem 1 0
glowingly 1 0
aufmanns 2 0
fronded 1 0
tuition 4 0
handbill 3 0
trepanned 2 0
meis 1 0
ytuene 1 0
chloroform 2 0
overarched 1 0
fournir 1 0
president 27 0
unstzeit 1 0
basket 104 0
arvest 2 0
meme 1 0
erbrennet 1 0
gutmuetige 5 0
upland 8 0
adventurous 20 0
shivers 5 0
fortgehn 2 0
istribution 9 0
ennpferd 1 0
fortgeht 3 0
inwilligung 10 0
melt 31 0
dentis 1 0
unannounced 2 0
atschlaegen 1 0
larfed 1 0
imprecates 1 0
mele 8 0
meld 1 0
predominance 8 0
uerkenkopf 1 0
atheders 1 0
arbauld 1 0
isters 15 0
mell 5 0
oussaint 1 0
captains 22 0
scraping 8 0
reacheries 1 0
proined 2 0
globular 4 0
ischance 1 0
suburbs 10 0
globules 2 0
unfruchtbar 1 0
hinondi 20 0
pruengen 6 0
beggars 20 0
retchedly 1 0
ineradicable 3 0
sparsely 4 0
bekuemmerten 2 0
products 29 0
resusci 1 0
oelfen 1 0
passioun 3 0
rukenberg 1 0
klebtest 1 0
umantia 1 0
bullyship 1 0
revering 1 0
meno 1 0
coarseness 19 0
ment 22 0
ringleted 1 0
mens 4 0
basked 1 0
beggary 13 0
induration 1 0
schnurgerade 2 0
rkennt 1 0
uergermaedchen 1 0
aister 25 0
flasterzeug 1 0
mend 37 0
underhand 1 0
codes 63 0
euerwerke 2 0
rlauben 3 0
feastying 1 0
conscience 199 0
banquet 19 0
iocles 5 0
encampments 5 0
copyrighted 3 0
uertel 15 0
verdoppelnd 1 0
downloading 5 0
seditiones 1 0
usgang 15 0
emblem 20 0
eccadelli 3 0
ompendio 1 0
shopwoman 1 0
gitanas 1 0
wahrnahmen 1 0
sciolist 1 0
watermen 3 0
erknirschung 1 0
nfuriate 1 0
nstalt 40 0
chuckwalla 1 0
ackerts 5 0
mest 1 0
mess 43 0
heraussehnen 1 0
predominancy 1 0
gewundenen 1 0
jugendliche 7 0
mesa 15 0
pillagers 2 0
arbault 1 0
annagemt 1 0
gewundenes 1 0
merk 1 0
iobspost 1 0
mern 1 0
erzierung 1 0
hermits 3 0
shocked 43 0
ssisted 1 0
inertiae 2 0
intensely 34 0
scharenweise 1 0
erechte 1 0
mere 604 0
hermite 1 0
meri 1 0
viviparous 1 0
hattered 2 0
verschicken 1 0
sprange 1 0
onlooker 2 0
meum 4 0
rescouse 1 0
meus 1 0
aendelwerk 1 0
xternals 1 0
raktischen 3 0
subsidised 1 0
streamin 1 0
iburnum 1 0
hitemen 1 0
lehren 27 0
dolphus 7 0
theconduct 1 0
anilien 1 0
artakers 1 0
oiters 1 0
igeunerszenen 1 0
ekehrungssystem 1 0
dawty 1 0
necessitated 16 0
esitzeslust 1 0
lineally 2 0
cratching 1 0
meta 2 0
ieblich 3 0
lehret 2 0
equalised 2 0
mete 1 0
remonstrance 15 0
ngelskoepfe 1 0
autelisse 1 0
rying 8 0
mews 1 0
utins 1 0
dethroned 2 0
cederet 1 0
landskip 1 0
christianized 1 0
ostilius 1 0
kindisch 8 0
wentest 1 0
andsleuten 4 0
utiny 2 0
juengsten 14 0
awaiteth 2 0
anicola 2 0
eindringlichste 1 0
empfindlich 23 0
ostility 1 0
ewissen 32 0
ewisses 3 0
ergnueglichste 1 0
blisters 4 0
poundings 1 0
actually 325 0
verfalle 1 0
adiaphora 1 0
erstoerung 10 0
unstgegenstande 1 0
baskit 1 0
treacherously 5 0
moecht 57 0
unfairness 4 0
enennung 2 0
streames 12 0
streamer 1 0
schweigsame 1 0
academiciens 1 0
lookin 38 0
streamed 19 0
ettgesang 1 0
mouldered 4 0
verwahrlost 1 0
intreat 13 0
enlarging 10 0
panelled 3 0
strauchartig 1 0
erforscht 1 0
necessitates 1 0
oculis 1 0
equalises 1 0
ardsey 1 0
resentment 96 0
frischgruenenden 1 0
existieren 6 0
otznaeschens 1 0
losgemacht 5 0
dentro 1 0
rapids 53 0
refuge 91 0
dramatic 56 0
olves 2 0
ppalachians 1 0
ochzeitzeremonien 1 0
hereingetreten 2 0
dramatis 2 0
eichtsinne 1 0
nterflaeche 1 0
fireside 14 0
patriarchalische 1 0
stringers 11 0
flanzenkunde 1 0
garter 7 0
rapier 2 0
malefactor 1 0
bounteously 1 0
agrants 1 0
iedre 1 0
saesse 1 0
ebieter 2 0
anilion 6 0
critic 37 0
vorschneiden 1 0
nachere 1 0
nachert 2 0
dler 7 0
zurueckgekommen 14 0
dlen 4 0
softness 27 0
epfeln 1 0
kollationiert 1 0
hervorspringe 1 0
esiring 1 0
luecklichsten 2 0
nspanner 1 0
itterschloss 1 0
emperor 52 0
pustules 1 0
aniline 1 0
esterreich 1 0
breakfast 214 0
bumblebee 3 0
refund 183 0
loxera 2 0
remnant 43 0
ragone 1 0
hillside 38 0
esorgnissen 2 0
rbauung 7 0
besetzten 3 0
besetzter 2 0
onchsorden 1 0
roestliches 1 0
renneisen 1 0
durcheinanderging 1 0
immelsdecke 1 0
chwelgerei 2 0
inclemencies 2 0
disqualifying 1 0
dawns 7 0
schirre 1 0
dismaying 1 0
forswearing 1 0
eckless 1 0
kommend 1 0
handeth 1 0
aibabs 1 0
dazumal 1 0
anstoessigen 1 0
scribbling 1 0
inbildung 28 0
lispelnde 1 0
atonements 1 0
stringent 9 0
uengeren 1 0
dafuer 77 0
erwitterung 2 0
arleystubb 1 0
riminals 3 0
uncomplimentary 1 0
ebukadnezar 1 0
entfernteste 1 0
dawgs 1 0
juengster 1 0
rejection 28 0
kabobs 1 0
hervorgesucht 1 0
erechal 1 0
rziehern 1 0
issolutions 2 0
spinning 39 0
ysons 1 0
abzuhauen 1 0
vermehrest 1 0
ocular 3 0
contro 1 0
hinabsteigt 1 0
ackwerk 2 0
contre 3 0
camouflage 1 0
contra 4 0
handesh 1 0
quibblers 1 0
wegzukapern 1 0
iebling 14 0
adiuvas 1 0
unbelieved 1 0
xclusion 7 0
achgebaelke 1 0
aselruten 1 0
unbeliever 1 0
sehnten 2 0
elenchi 1 0
xford 135 0
geschaffene 1 0
lehrte 13 0
pearle 1 0
gewundne 1 0
paraffin 3 0
spouse 16 0
unbequeme 3 0
angeborne 5 0
caravanserais 1 0
octrine 33 0
anemark 3 0
lankenburg 1 0
bortions 1 0
elegancies 1 0
ippias 151 0
sinnliches 1 0
herumzufuehren 2 0
sinnlicher 2 0
enckell 1 0
sinnlichen 19 0
oussy 1 0
voellig 139 0
persona 1 0
mniscience 1 0
pearly 11 0
ceptre 2 0
moratorium 1 0
ymphengestalten 1 0
dlle 1 0
persons 767 0
vernaehme 1 0
atheson 1 0
pearls 25 0
cigarettes 6 0
ierknochen 1 0
ausgesprengt 1 0
gluehende 11 0
erschrecken 9 0
lustihead 2 0
ntonio 100 0
ntonin 2 0
abzuwehren 3 0
frevelhaftes 1 0
attachments 15 0
frevelhafter 1 0
zeigst 2 0
nochmal 4 0
skippin 5 0
usdehnung 2 0
aeltervater 1 0
frevelhaften 1 0
auptpaare 1 0
persoot 1 0
eontium 1 0
ircasserin 2 0
curseshimself 1 0
eontius 3 0
zeigte 124 0
inveighed 4 0
ntweichung 1 0
spouts 3 0
erschrecket 1 0
ethersfield 2 0
ornsteins 1 0
contem 1 0
scented 25 0
disdain 51 0
actresses 2 0
periwinkles 2 0
handbag 1 0
falsehoods 9 0
kunstreich 3 0
rausgeholt 1 0
daintily 10 0
inhumanly 5 0
ceremonials 4 0
angehalten 4 0
choirmen 1 0
thongs 6 0
utterances 9 0
accede 6 0
chwillt 2 0
dazes 1 0
upbraiding 7 0
verdauen 1 0
abgaengig 1 0
abinetts 4 0
ttmail 2 0
eindringenden 1 0
aufgebundenen 2 0
abinette 3 0
rappelte 1 0
skipper 36 0
plotted 9 0
heraufgegangen 1 0
produzierte 3 0
fleets 30 0
benevolence 43 0
picurean 11 0
verfahre 1 0
peares 2 0
skipped 6 0
eptizoniums 1 0
perjure 1 0
arriveth 1 0
dislodge 2 0
utterest 1 0
democratic 77 0
dignitary 4 0
ercules 31 0
ngender 2 0
magpie 6 0
peared 5 0
efall 1 0
assvergleichung 1 0
perjury 12 0
cigars 11 0
indenting 3 0
artesian 1 0
nochen 12 0
phelia 87 0
fleeth 2 0
palsied 2 0
owthers 1 0
eugeborner 1 0
angeboren 6 0
urmdoktor 1 0
forwrapping 1 0
veridical 5 0
proficients 1 0
sanity 9 0
folgend 1 0
ombustibles 1 0
huswise 8 0
achreihen 1 0
verwuesteten 1 0
edelster 2 0
liana 1 0
lookes 1 0
schenberg 1 0
edelsten 23 0
greatcoat 3 0
looker 2 0
slack 22 0
engsens 1 0
utterance 46 0
ahrzahl 1 0
unvollkommene 2 0
hartularius 2 0
gezimmert 1 0
patronizing 2 0
spinners 11 0
treitigkeiten 4 0
ccusers 5 0
silver 879 0
lorrahmen 1 0
constabeel 1 0
verstehst 10 0
aufgegebene 1 0
iegen 4 0
confraternity 4 0
iegel 13 0
ollectors 1 0
confident 83 0
ieges 3 0
eucippus 1 0
gests 3 0
ieger 6 0
wohlausgestatteten 1 0
dazed 22 0
efahr 101 0
blamable 4 0
floppin 1 0
eevertiefung 1 0
gefaerbt 6 0
haaat 1 0
prothonotary 1 0
cryptic 2 0
nubber 1 0
unchidden 1 0
sovereignety 3 0
proportionally 7 0
unpaving 1 0
ebensowenig 11 0
slington 2 0
unsoundness 5 0
erlegenheiten 2 0
iedergefundene 1 0
knowingly 6 0
xxviii 8 0
ysshe 2 0
degeneration 1 0
extolled 17 0
absorbed 78 0
hinstrebe 1 0
galanten 2 0
gejungt 1 0
hingossen 1 0
liard 1 0
hinstrebt 1 0
erishing 1 0
antraefest 1 0
odann 11 0
palmetto 2 0
slanderer 2 0
ueberraschten 5 0
unvorsichtig 3 0
ueberraschter 1 0
trasimenischen 1 0
avigation 28 0
slandered 2 0
rapery 1 0
aquamarine 1 0
hinfloesse 1 0
sunsets 2 0
faffentum 1 0
cleverness 14 0
hoeher 36 0
ariationen 2 0
musically 2 0
insehen 1 0
degenerating 5 0
erteidigung 8 0
liart 1 0
looked 1393 0
liars 9 0
xcitement 3 0
einschraenkten 1 0
deshabille 3 0
jined 2 0
olzen 1 0
ristoclides 1 0
minuta 2 0
angelegenern 1 0
formulated 22 0
minute 253 0
hinsterbendes 1 0
chaeans 8 0
ebendgen 1 0
slabs 31 0
formulates 1 0
retaceous 7 0
schrieen 3 0
nstanz 1 0
highbred 1 0
wearied 23 0
ndacht 16 0
nstant 47 0
infahren 1 0
zerreiss 1 0
schuettet 1 0
humbling 6 0
wearies 3 0
schuetten 2 0
nstand 22 0
goodness 182 0
shopping 9 0
olberts 1 0
ingenuus 1 0
bandaged 11 0
ecurrence 1 0
bachelere 1 0
spannenhoch 1 0
schisms 2 0
herblies 1 0
missmuetig 1 0
likings 1 0
rasshopper 1 0
uriously 2 0
immelswesen 1 0
semple 3 0
odovico 2 0
gepflueckt 1 0
zusammengekommen 2 0
consti 1 0
verdoppelte 1 0
perforce 17 0
psychologist 1 0
avowedly 3 0
intolerance 9 0
uerste 2 0
insulsissimus 1 0
ousas 1 0
styes 1 0
similarities 1 0
uedseligkeit 1 0
ophetua 2 0
vornean 1 0
belated 8 0
inaus 1 0
fangt 1 0
ymbolorum 1 0
outshine 3 0
ipping 1 0
studieth 1 0
libations 14 0
defraud 7 0
recollection 80 0
arthenon 4 0
peculators 2 0
artenumfriedigungen 1 0
ewton 28 0
hinuntergeschwemmt 3 0
inato 5 0
egentag 1 0
allaeschrus 1 0
consum 3 0
consul 13 0
anbefohlen 3 0
boyish 29 0
wahrgeworden 1 0
forbearance 19 0
auslegend 1 0
ehegestern 2 0
geleitete 3 0
pensation 1 0
planted 97 0
fanes 1 0
eibeigenen 1 0
nstatt 7 0
eamten 1 0
eisterlehre 2 0
malicious 24 0
iktieren 1 0
gesogen 1 0
planter 21 0
studiert 18 0
palaver 5 0
urchtsam 2 0
ouses 91 0
crispe 1 0
disused 6 0
receipts 32 0
anregten 1 0
rucken 1 0
fangs 12 0
ervorrufen 1 0
avalliere 1 0
volubility 4 0
trebuchet 1 0
fange 8 0
grossness 1 0
queint 9 0
ruckes 1 0
abbildenden 1 0
elehrsamkeit 5 0
oused 1 0
rucker 1 0
fancy 309 0
erstenmale 3 0
lunder 3 0
gewesen 386 0
artnaeckigkeit 1 0
erbindet 1 0
tissue 11 0
bloekten 1 0
proficiency 14 0
onfirmation 4 0
rgyll 1 0
dressing 76 0
defrays 3 0
inapt 4 0
readjusting 3 0
uantula 1 0
semper 4 0
crises 11 0
livenbaeume 1 0
egenten 5 0
cryptographist 1 0
rgyle 1 0
supplicates 1 0
studiere 4 0
upholstered 1 0
truempfen 1 0
ceptic 2 0
ntbehren 2 0
magori 1 0
uppressing 1 0
style 328 0
wearily 19 0
jimmy 1 0
ortfahren 1 0
royaute 1 0
intellectum 1 0
nfried 1 0
ideograph 2 0
inanz 1 0
vornehm 4 0
unbandaged 1 0
dmit 2 0
dieselbigen 1 0
etella 2 0
recollecting 15 0
mischief 79 0
ousin 16 0
bstinence 2 0
dorophagous 1 0
canvassed 11 0
atagonians 1 0
ldorado 2 0
inane 15 0
egenwirkung 3 0
licentiousness 14 0
schonend 2 0
unermuedlichen 1 0
gesudeltsten 1 0
wooning 1 0
brauchbar 3 0
erborgenheit 1 0
unermuedlichem 1 0
scarceness 1 0
etraite 1 0
abainas 3 0
anzuflehen 1 0
yiscus 2 0
buergerlicher 1 0
iderspruchs 2 0
springolds 1 0
ardanian 1 0
marbeitung 1 0
responsibilities 11 0
erstoerten 1 0
cavernous 5 0
tenements 3 0
crisis 67 0
angerufen 1 0
depreciators 1 0
schriebe 1 0
rosenbekraenzten 1 0
anzuzeigen 5 0
minuet 5 0
buergerlichen 22 0
unburden 3 0
veteran 22 0
egentin 62 0
ntonia 1 0
issvergnuegens 1 0
wunderschoenste 1 0
babbler 2 0
elstadt 1 0
elfenbeinerne 1 0
hinueberzukommen 1 0
brevities 1 0
imptopsical 1 0
adendowas 2 0
administrator 15 0
armion 2 0
chranken 17 0
babbled 3 0
eeresstrandes 1 0
getan 133 0
supplicated 4 0
bandages 10 0
ardour 27 0
pennunce 2 0
reimaeurer 1 0
ccepteth 1 0
underskirts 1 0
ewter 3 0
taenden 10 0
contingents 3 0
uppression 6 0
entblaetterten 2 0
erschoepfenden 1 0
zueignete 3 0
entblaetterter 1 0
arming 7 0
daglegn 1 0
larens 2 0
mget 56 0
equivalent 255 0
roverb 10 0
utychians 1 0
anterne 2 0
doubtlessly 1 0
gelaufen 10 0
deimantus 56 0
efflorescence 1 0
eulings 2 0
ritique 6 0
iniquitous 5 0
esagte 2 0
healthful 19 0
anners 61 0
besorgst 1 0
atpuras 7 0
ornate 5 0
metropolis 25 0
darning 5 0
zubringt 1 0
ccedebat 1 0
stoppte 1 0
opfkissen 3 0
zubringe 1 0
rovers 1 0
treifen 9 0
rthoures 1 0
isseminates 1 0
eicher 2 0
eichen 104 0
unrighteousness 5 0
unshapely 1 0
ersichrung 2 0
ourny 1 0
homeland 1 0
sanctified 11 0
evangel 1 0
ourne 3 0
besorgte 12 0
rkneys 2 0
aufzuregen 1 0
unbehauenen 1 0
uebernommen 10 0
pabulum 1 0
vada 1 0
erretten 3 0
contain 298 0
ouros 4 0
emaineth 2 0
errettet 1 0
lippin 1 0
gedeckt 7 0
bestimmtes 3 0
schraffiert 1 0
bestimmter 6 0
verschlitzten 1 0
bestimmten 32 0
leiteten 1 0
siecles 2 0
sanctifier 1 0
lanudes 20 0
uderer 1 0
ouroo 2 0
lagartikel 1 0
performs 15 0
larder 5 0
eulincx 1 0
couldest 1 0
demoralisation 2 0
vorbeiwandelnde 1 0
acksteinen 3 0
tilleuls 2 0
uhebette 5 0
performd 3 0
iesenkoerper 1 0
ourth 34 0
schmaehliches 1 0
verstund 2 0
contact 127 0
ourts 45 0
regoire 2 0
ueberraschung 7 0
conser 1 0
dishonest 37 0
nachher 58 0
emprichianus 2 0
dossers 1 0
ngenehm 1 0
erwachte 28 0
duties 531 0
immerchen 1 0
nodules 5 0
widersinnigen 1 0
ourse 92 0
erwachst 1 0
hamptonshire 1 0
reproducing 4 0
quaintance 2 0
brigade 4 0
wunderoriginal 1 0
beifallswuerdig 1 0
diffident 11 0
stinting 1 0
eulinge 2 0
bleiches 2 0
dayes 19 0
omerania 5 0
false 459 0
wearing 98 0
ourte 1 0
ruckus 2 0
abylon 10 0
nnerste 6 0
chievements 1 0
losschlug 1 0
ehenswuerdige 1 0
undiscoverable 2 0
iefen 11 0
improvable 3 0
isinherited 1 0
brigand 6 0
orbereiten 1 0
talons 4 0
eifrigsten 5 0
iefes 1 0
verzueckt 1 0
illimitable 7 0
ministreles 1 0
ordrecht 5 0
biznis 1 0
gemuthlich 1 0
aarflechten 1 0
vair 2 0
gewechselten 1 0
vain 410 0
aerenhaut 1 0
abwehrend 1 0
wildest 33 0
heraufschlaengelnder 1 0
interiors 2 0
athered 1 0
gladden 12 0
atherer 1 0
vail 5 0
gladder 7 0
ingebildete 2 0
valu 1 0
vorgegangen 21 0
gladded 1 0
undismayed 1 0
osimus 1 0
lugubrious 3 0
reverential 8 0
ervility 5 0
vale 7 0
hepard 1 0
intricacies 3 0
richtig 41 0
uditory 2 0
geschiehet 1 0
benetzet 1 0
uditors 1 0
refreshd 1 0
condescend 28 0
transitory 19 0
kreiste 1 0
herbeiziehen 1 0
steeples 1 0
successfull 2 0
ontrivance 5 0
abyles 1 0
erblickt 24 0
falle 9 0
intimacies 2 0
ailaenderin 10 0
vant 1 0
vans 7 0
zurueckzufuehren 1 0
riviere 1 0
turneth 8 0
behaengten 1 0
erblicke 2 0
fallt 3 0
falls 193 0
besorget 1 0
vane 3 0
publication 91 0
falln 3 0
turnest 1 0
criticisms 17 0
leasant 11 0
pubblico 1 0
chiavoni 1 0
antillus 1 0
preserve 173 0
preservd 1 0
intermarried 1 0
preserva 1 0
utlej 1 0
utler 13 0
pantaloon 2 0
xpedition 52 0
arthenis 2 0
ernten 2 0
gerne 109 0
duffers 1 0
uddhist 31 0
beurteilte 3 0
consumers 43 0
uddhism 6 0
xenford 4 0
lustres 1 0
huddering 6 0
surmountable 1 0
bedurfte 13 0
onnoisseur 3 0
richtly 3 0
dreissigste 1 0
rovinzial 1 0
hereditary 81 0
achtkleide 2 0
inflict 48 0
stoppin 4 0
lighthearted 1 0
verlaengerte 2 0
nachliefen 1 0
vary 67 0
spiritualism 9 0
scend 1 0
spiritualist 3 0
oldgelbe 1 0
decency 43 0
vase 15 0
facilitated 13 0
etterleuchtend 1 0
jagdfreien 1 0
iscretion 27 0
nusual 1 0
scene 329 0
facilitates 7 0
allspiel 1 0
zeiget 1 0
erschreckte 5 0
hartherzige 1 0
scent 56 0
inheimische 2 0
alalivree 1 0
zeigen 106 0
geruehrter 1 0
uffoonery 1 0
chnaebelchen 1 0
beurteilen 20 0
gladiatorial 2 0
streaked 7 0
guffawed 2 0
quent 2 0
andelschalen 1 0
vare 1 0
ebenbuertig 1 0
spirituality 1 0
accept 331 0
belehrende 2 0
cattlemen 2 0
essopfers 1 0
yearning 12 0
vertraeumten 1 0
unsheltered 1 0
clergymen 61 0
phere 8 0
geruehrten 2 0
ourad 1 0
geruehrtem 2 0
rovisors 3 0
xactness 3 0
cogis 1 0
access 103 0
geistigsten 2 0
engendrure 7 0
gesteinigt 1 0
urspruengliche 2 0
autonomist 1 0
ornach 3 0
zerrissnen 1 0
zerrissnem 1 0
vats 1 0
streitend 1 0
hervorgezogen 2 0
stopped 271 0
disfeatured 2 0
geriebene 1 0
iazetta 1 0
abzuschreiben 2 0
ewson 4 0
espising 1 0
skylight 4 0
vate 1 0
quell 7 0
stopper 3 0
erwachen 4 0
queme 1 0
stoppen 1 0
asserpflanzen 2 0
ignature 2 0
vast 345 0
kugeln 1 0
nzest 2 0
ignatura 1 0
estimations 2 0
indispos 4 0
produzieren 6 0
romley 8 0
penitentiarii 1 0
fames 2 0
stockdunkel 1 0
quest 44 0
zurueckkehrten 1 0
posthumous 9 0
richtet 12 0
ueckfahrt 2 0
ourcy 33 0
richter 2 0
criticises 2 0
undying 3 0
richten 28 0
anbrach 1 0
fortgetrieben 3 0
dahingleitete 1 0
eterskirche 8 0
clergyman 142 0
ouren 2 0
query 4 0
upporting 2 0
enfranchisement 3 0
riselda 18 0
oured 1 0
duckend 1 0
gschehn 9 0
loswerden 6 0
uxorious 2 0
surpassingly 1 0
survivorship 1 0
cogey 1 0
ndiaman 1 0
ueberweht 1 0
uncontroulable 2 0
tudienweise 1 0
eisejournal 1 0
quern 1 0
magnum 3 0
assists 5 0
wohlerdacht 1 0
chaerpen 1 0
beroch 1 0
diminisheth 1 0
eiland 2 0
gscheit 5 0
ncidents 3 0
recogniz 1 0
criticised 10 0
fleece 15 0
ewiges 7 0
antillon 1 0
ewiger 4 0
fruehstueckte 2 0
ewigen 25 0
treifte 2 0
ewigem 3 0
vaccine 1 0
fleecy 11 0
brummte 3 0
famed 12 0
ource 13 0
expedite 3 0
isslingen 1 0
laudatory 1 0
arbitrament 1 0
plenissime 1 0
muttons 1 0
uessiggange 5 0
inleitung 6 0
meritorious 17 0
selects 6 0
aughing 4 0
arthaginians 7 0
rulers 242 0
aeffischer 1 0
ensample 10 0
succoured 2 0
uessiggangs 2 0
peasantry 22 0
dissuaded 2 0
uenstung 1 0
benetzte 5 0
alencians 2 0
gewunden 4 0
arstige 2 0
marvaille 1 0
mhar 6 0
herumgeschwaermt 2 0
aroline 91 0
blunts 2 0
harlstun 3 0
gelbliches 1 0
gelblicher 1 0
yctian 1 0
abgehandelt 3 0
anpackte 1 0
astiness 1 0
rinsed 4 0
ruleth 1 0
arolina 86 0
kidders 2 0
picturesque 97 0
verstehet 1 0
ologne 35 0
hepaar 4 0
hursday 38 0
ologna 41 0
verstehen 66 0
gelblichen 1 0
robouval 1 0
refitted 1 0
drying 22 0
enyns 3 0
astembeck 1 0
minted 1 0
ourgh 39 0
queue 4 0
etemma 4 0
resnorted 1 0
ortefeuillen 1 0
wittern 1 0
staining 2 0
basing 3 0
cattleman 1 0
hindermost 1 0
enumerates 6 0
nterruption 3 0
anoverian 5 0
ourli 1 0
wiegen 6 0
streakin 1 0
basins 19 0
enumerated 40 0
fleein 2 0
comparing 35 0
mpress 25 0
familiarizing 1 0
almshouse 6 0
erhobene 1 0
chrekkenstraum 1 0
sanken 2 0
durchgearbeitet 4 0
ausgefuellte 1 0
heisset 2 0
ypography 1 0
heisses 2 0
marvailes 1 0
heisser 5 0
heissen 48 0
heissem 3 0
gekleidete 2 0
couplets 11 0
lipped 6 0
interposed 30 0
ierides 3 0
lippen 10 0
unprovoked 2 0
abgehauen 3 0
eemingly 1 0
ahokia 1 0
lippes 6 0
accent 41 0
interposes 2 0
ernste 10 0
uflucht 12 0
aultierknecht 1 0
schooling 8 0
tisements 1 0
alifornia 58 0
haselnussgross 1 0
erichtsstellen 1 0
eulogium 1 0
arwochsmusik 1 0
verstohlen 3 0
warrant 51 0
othschilds 1 0
unfeeling 15 0
parison 1 0
tenderest 10 0
egislators 9 0
embossed 6 0
ntiquaries 2 0
disillusionments 1 0
untitled 2 0
legibly 1 0
begangene 1 0
ufstossen 1 0
schnappt 1 0
licht 14 0
diplomacy 20 0
mposture 1 0
weinende 1 0
berraschung 3 0
legible 8 0
munificence 8 0
uspicion 34 0
beredt 2 0
imitator 17 0
accessible 33 0
incke 1 0
licke 53 0
speaketh 9 0
hingehalten 1 0
bstufungen 2 0
lickt 5 0
licks 17 0
ltabin 1 0
unseasoned 1 0
schnappe 1 0
quiet 346 0
quier 2 0
steologie 1 0
address 184 0
quibbling 5 0
seinerzeit 1 0
paneling 1 0
remembred 2 0
plenished 1 0
preponderant 4 0
apotheosized 1 0
ardship 3 0
gwiss 5 0
illegitimate 2 0
incio 1 0
sciam 1 0
peculative 2 0
confront 8 0
eserted 1 0
olizeidiener 1 0
aumreihen 1 0
bereav 1 0
hackt 1 0
hacks 1 0
onsumtion 1 0
speakers 9 0
oelius 1 0
erhaftung 2 0
ommerce 83 0
sufference 1 0
festern 1 0
phinx 4 0
ntiquarian 1 0
nausstehlichste 1 0
alsschmuck 2 0
perspektivischen 1 0
deducted 11 0
perspektivischer 1 0
ueberstandenen 1 0
eserter 1 0
arentum 10 0
solation 1 0
speakest 3 0
bursting 36 0
lakhous 1 0
umgeguertet 1 0
arzissens 2 0
unfulfilled 4 0
eulogist 2 0
herausgegebenen 2 0
expanded 37 0
undelikat 1 0
roschen 2 0
ensuring 5 0
liphaunt 2 0
preponderate 3 0
expatiating 1 0
commandements 1 0
hauptsaechlichsten 1 0
wischenspiel 1 0
phill 4 0
ucasta 5 0
rayers 17 0
magnet 5 0
lenched 1 0
icherer 1 0
schauderte 4 0
elagerung 1 0
pavillions 1 0
orstaedte 4 0
herstammten 1 0
amateurish 2 0
porcelain 14 0
hinsehnte 2 0
fastening 14 0
compassings 1 0
erkauft 4 0
gwine 118 0
fellowmen 3 0
emeraldes 1 0
tortur 1 0
ensepulchre 1 0
ausgetragen 1 0
uldigung 2 0
eingekerbte 1 0
conies 1 0
innatum 1 0
macintosh 5 0
destine 1 0
verstohlne 1 0
destind 5 0
altenkleid 1 0
schaudernd 1 0
omputers 58 0
scion 6 0
zubrachte 13 0
utore 1 0
fabrizierten 1 0
unlovable 1 0
disquietude 4 0
neueren 6 0
sectarism 1 0
ewachen 1 0
utors 6 0
vergeude 1 0
ahometanism 6 0
hervorhuepfte 2 0
neuerer 2 0
magnam 1 0
quilt 11 0
alternations 2 0
quill 3 0
rebellischen 2 0
rebellisches 1 0
vorgespielt 1 0
heartbreaking 2 0
errichtung 4 0
fossils 11 0
ojourn 1 0
bulwark 13 0
platforms 16 0
everidge 6 0
boshafte 1 0
incontrovertible 3 0
iziliens 4 0
function 55 0
delinquency 1 0
circumspection 13 0
inhaltsbeduerftig 1 0
pitches 1 0
quite 1474 0
henomena 4 0
pitcher 14 0
bereit 63 0
rabstaetten 2 0
edaillenkabinett 1 0
hrust 2 0
pomposity 3 0
coint 1 0
coins 60 0
unvaried 3 0
reuzgaenge 2 0
incontrovertibly 1 0
pitched 54 0
hereinfuehrte 2 0
abdicate 4 0
taunts 1 0
hereinfuehrst 1 0
kreiert 1 0
gussets 1 0
represses 2 0
artificially 15 0
shorthand 3 0
dealisten 1 0
doat 3 0
quirk 1 0
quire 34 0
repressed 20 0
nistelten 1 0
circumferences 1 0
gnome 1 0
vestrymen 4 0
hartoum 46 0
unbraided 1 0
doctor 251 0
proconsular 1 0
ueberraschenden 1 0
crescent 16 0
angelegners 1 0
icetas 1 0
ueberraschender 1 0
scribblers 3 0
bereft 20 0
equilibrium 9 0
cluster 22 0
zusammenfuegt 2 0
affron 1 0
robbing 18 0
diplomats 5 0
spendeth 1 0
docs 51 0
uerzel 1 0
dock 10 0
doch 1451 0
spendest 3 0
uckmauser 2 0
mesmerist 1 0
beredete 8 0
bereut 2 0
schuf 6 0
courtesy 96 0
efoederung 1 0
mesmerism 2 0
euangekommene 1 0
atulus 1 0
hrenpunkten 1 0
ospitals 3 0
herauszuholen 1 0
overscrupulous 1 0
angemessenen 2 0
ardent 74 0
disreputables 1 0
ardens 17 0
chnuerleibe 1 0
angemessener 1 0
reundinnen 19 0
ickingens 3 0
does 1964 0
doer 10 0
guetiger 2 0
guetigen 2 0
dacoited 1 0
ehnsucht 40 0
uftretenden 1 0
uninhabited 18 0
modifying 2 0
clause 28 0
eulogies 3 0
priscos 1 0
uasten 2 0
llender 2 0
ebenderselbe 2 0
ucatan 3 0
eceitful 2 0
lusterless 1 0
furchtsam 3 0
uerkanaele 1 0
eruehrenden 1 0
medical 45 0
uebersaeet 3 0
doge 2 0
teenkirk 2 0
hergebrachterweise 1 0
headstone 2 0
peerage 3 0
ollanders 2 0
langbekleidete 1 0
erdrusse 2 0
lovesome 1 0
dogs 196 0
kreuzten 1 0
regnichten 1 0
roatable 1 0
bopeep 1 0
tetter 1 0
lunary 1 0
apeiren 1 0
aufzulodern 1 0
wearisomely 1 0
ausgedacht 3 0
destiny 94 0
eligionstriebe 1 0
mica 3 0
mice 22 0
cheunentor 1 0
unpierced 1 0
nestheus 1 0
uebersaehe 1 0
doit 2 0
dois 1 0
inflame 9 0
arbengarnituren 1 0
doin 36 0
elysium 2 0
iceronian 2 0
gepresst 2 0
licking 11 0
imitates 12 0
oppering 1 0
mias 1 0
imitated 44 0
mesmerize 1 0
immortals 8 0
ansetztest 1 0
incur 26 0
elsenhoehle 1 0
phial 2 0
gulpeth 1 0
mied 1 0
apeiria 1 0
ncreasen 1 0
soothness 1 0
doka 2 0
raechtigsten 1 0
emosthenes 11 0
larcon 9 0
midi 2 0
astelet 1 0
steigern 4 0
unselfish 6 0
mids 2 0
controversial 5 0
pposition 44 0
berians 1 0
laeubgen 1 0
sonstiges 2 0
cowboy 14 0
egruesset 1 0
sonstigen 4 0
indisposd 1 0
steigert 5 0
mmerfort 2 0
erreichten 13 0
mich 3496 0
pigsties 1 0
aufgeheitert 1 0
sectarian 8 0
esttage 3 0
oading 2 0
arental 2 0
nhurt 2 0
domi 1 0
ittenspruechen 1 0
schlotterten 1 0
teaching 213 0
dome 32 0
dona 1 0
planets 21 0
empfand 38 0
umblersville 1 0
osings 49 0
contradiction 50 0
funding 107 0
doll 23 0
dolf 2 0
dole 4 0
issvergnuegten 1 0
doma 6 0
gleichsetzen 1 0
affrey 5 0
mien 11 0
emporstieg 1 0
verschnoerkelt 1 0
dolt 1 0
luehen 5 0
door 1105 0
quick 276 0
bluehn 2 0
verschob 2 0
blueht 8 0
doon 8 0
doom 63 0
ersyfied 1 0
dool 3 0
hinschlingt 1 0
encomium 1 0
artenkraeuter 1 0
taunen 10 0
pringinsfeld 1 0
steigend 5 0
denote 11 0
akaena 1 0
licet 3 0
controversies 26 0
delinquents 6 0
lices 1 0
omazzo 1 0
rosssprecherei 1 0
osinen 1 0
doot 13 0
raiders 1 0
contradicting 6 0
ieblinge 3 0
ntschiedenheit 1 0
unstinking 1 0
custalorum 1 0
particular 1344 0
dong 1 0
iedertraechtige 1 0
rahtgestell 1 0
done 2163 0
mihi 5 0
bluehe 1 0
aisern 2 0
peretten 2 0
migo 1 0
peculation 7 0
aisers 17 0
ieblings 5 0
sectaries 10 0
hrwuerdige 1 0
ewalttaetigkeit 4 0
dont 2 0
dons 4 0
mike 1 0
orbeiziehen 1 0
incon 1 0
incog 1 0
clearcut 1 0
browser 86 0
ibanon 1 0
rminianism 1 0
incoherently 5 0
wohlbebaut 1 0
farbigen 10 0
farbigem 1 0
farbiges 1 0
browsed 2 0
eviling 1 0
farbiger 1 0
astello 6 0
cumber 1 0
ehrbarste 1 0
wheeling 5 0
astelle 3 0
dope 2 0
isolierte 1 0
bailiffs 7 0
squallin 2 0
stolperten 1 0
astells 1 0
arabouts 4 0
dost 50 0
fruchttragenden 1 0
reifern 2 0
sondert 2 0
sonders 1 0
remounting 3 0
doth 170 0
dote 4 0
klaverei 1 0
rebelliously 1 0
bligations 15 0
sogleich 265 0
sondere 2 0
conceivable 31 0
yster 25 0
mily 211 0
ethnologist 2 0
sondern 249 0
ystem 57 0
dort 159 0
mile 255 0
mild 113 0
milk 159 0
unterging 1 0
usgehn 1 0
mill 79 0
dose 27 0
kuenftiges 7 0
kuenftiger 6 0
iderspruchgeist 1 0
oerfern 3 0
kuenftigen 34 0
iderstreben 3 0
kuenftigem 3 0
phemed 1 0
beschaffen 6 0
alabrien 4 0
relative 89 0
erschiebung 1 0
doux 3 0
schen 4 0
dout 2 0
sches 1 0
inwicklung 1 0
dour 4 0
doup 2 0
schew 2 0
wagend 1 0
doun 3 0
scheu 7 0
obliterating 1 0
hallyluyah 1 0
mint 62 0
lighthouses 3 0
verwaltete 2 0
dove 34 0
eingeschenkt 2 0
minx 1 0
aetano 2 0
annoyed 58 0
heobaldus 1 0
pillaging 3 0
ukton 3 0
vorfuehren 2 0
mine 804 0
mind 2292 0
dots 8 0
ming 1 0
outta 31 0
mink 4 0
turesque 1 0
auftretend 2 0
sedition 4 0
platitudes 5 0
doty 2 0
dows 2 0
ufaelligkeiten 6 0
ufriedenheit 55 0
bstrakteste 1 0
down 3993 0
recommendations 17 0
apierschnitzeln 1 0
faculty 113 0
shifting 32 0
chelten 8 0
habit 276 0
cheltet 3 0
dichiarandolo 1 0
istanz 2 0
thoute 1 0
roposition 8 0
criminally 1 0
ibanus 2 0
lunacy 4 0
inching 1 0
torsos 1 0
heodicee 1 0
istant 2 0
retrenchment 2 0
sallied 9 0
parceyve 1 0
rowboat 2 0
unzaehliche 1 0
eiligtume 1 0
schad 3 0
faculte 1 0
coddled 1 0
utnam 12 0
impossibility 35 0
flowered 13 0
slays 6 0
eiligtums 1 0
scham 3 0
cademicians 1 0
yperbolus 1 0
orseshoe 6 0
savants 4 0
mist 65 0
kheira 1 0
miss 85 0
schau 30 0
miry 3 0
eingeschraenkte 3 0
aqueduct 8 0
thizing 1 0
ybalt 1 0
nivers 1 0
doze 6 0
ishineff 1 0
pigrammata 2 0
mise 1 0
sallies 8 0
mirk 2 0
rundsatz 3 0
empfahl 13 0
earsays 1 0
chwefeldunst 1 0
mirs 2 0
eastwards 1 0
oneness 1 0
mira 1 0
chlosse 48 0
homines 1 0
lehnte 15 0
mire 27 0
okumente 6 0
rangsal 1 0
fleaing 1 0
istake 20 0
orthend 1 0
mity 5 0
habeo 1 0
haben 1378 0
bombarding 2 0
medicus 1 0
uhrknecht 4 0
heorems 1 0
leichtsinnigerweise 1 0
jamais 1 0
semicircular 3 0
bucketfuls 1 0
habet 5 0
eisholz 1 0
mith 78 0
mitm 1 0
moegen 71 0
rhabene 1 0
hineinfuehren 2 0
hapter 113 0
eltlichen 2 0
osenbluthchen 1 0
ohltaetigkeit 9 0
verborgnen 5 0
moeget 2 0
inbad 1 0
isposition 55 0
bewailing 5 0
mite 12 0
amalgamate 1 0
amputation 3 0
erfreulicher 2 0
ligocene 1 0
fertilised 1 0
habby 2 0
mitternaechtlich 1 0
possessioners 1 0
chicane 2 0
erfreulichen 4 0
hartnaeckig 9 0
rudentius 1 0
inserted 57 0
hoshonean 1 0
legislator 30 0
skirmishes 1 0
erichaeta 6 0
nwillingness 4 0
alicarnassus 4 0
schob 16 0
multiform 5 0
welschen 2 0
lehmige 2 0
hizzy 2 0
schon 1128 0
ntecedent 1 0
ichtvollbringen 1 0
eubegierde 1 0
inundation 17 0
miyo 1 0
iehen 7 0
presiding 10 0
stragglers 4 0
iehes 1 0
nstern 1 0
ieher 1 0
ovenanter 1 0
presentiments 9 0
uetchen 1 0
verinteressieret 1 0
miya 1 0
academicians 2 0
gette 3 0
mixt 8 0
utters 17 0
emitted 20 0
schia 4 0
tirring 1 0
nocked 1 0
marmung 5 0
efechten 1 0
mixd 1 0
fanne 6 0
ischarge 8 0
nubent 1 0
heoreti 1 0
eristic 1 0
interpforte 1 0
avastuecke 1 0
zuruecksank 2 0
sidebo 1 0
temholen 2 0
saemtliche 8 0
physicae 1 0
physical 284 0
peason 1 0
ackten 1 0
eliimakai 1 0
unscientific 2 0
cheunen 8 0
irgendeinen 10 0
winked 3 0
irgendeinem 14 0
irgendeines 7 0
irgendeiner 12 0
surcoats 3 0
ystic 2 0
ermagst 1 0
bellicose 1 0
edelmuetigen 2 0
befehlende 1 0
winken 5 0
winket 1 0
contingency 9 0
schicklich 7 0
neness 3 0
amalgamant 1 0
winkel 1 0
slake 7 0
ptional 1 0
sulkeys 1 0
outdo 6 0
iteratoren 1 0
chmalzgrueber 1 0
chreibtisches 4 0
undisordered 1 0
relatifs 1 0
comprise 12 0
malerischen 5 0
verfiel 11 0
malerischem 1 0
outen 8 0
receiver 14 0
uebergewicht 4 0
outer 95 0
yssus 1 0
received 1108 0
outes 1 0
gunnen 1 0
jingo 3 0
gunnel 3 0
commandement 8 0
erweiterte 5 0
corsets 4 0
shuffling 14 0
chearfully 20 0
coenam 1 0
ueberlegende 1 0
receives 77 0
gunner 1 0
needleworks 1 0
outed 3 0
fineries 2 0
wehmuetig 1 0
humpbacked 4 0
treatises 21 0
andiala 1 0
aturwahrheiten 1 0
sland 151 0
malerisches 2 0
malerischer 2 0
attendeth 1 0
reverent 11 0
coils 13 0
though 3463 0
iedestalen 2 0
slang 11 0
emorieren 1 0
sweetnin 2 0
slant 1 0
ollueste 5 0
illionen 12 0
toppled 4 0
transportation 41 0
reverend 20 0
rgetzen 2 0
zerkluefteten 1 0
attendest 1 0
atholiken 1 0
carmagnole 1 0
processional 3 0
hybridised 1 0
orthern 94 0
umpengesindel 1 0
ouths 12 0
whacking 1 0
outhe 2 0
enealogy 3 0
baeurisches 1 0
crinoline 5 0
repurgare 1 0
mprimatur 1 0
swains 6 0
cknowledgment 32 0
staunenden 1 0
ucases 14 0
utmon 9 0
coifs 1 0
overcometh 3 0
perrogative 1 0
woandershin 1 0
angusti 1 0
ardauns 1 0
anrechnen 1 0
nfriedstifter 1 0
slain 144 0
apfersten 2 0
stockt 7 0
ighgate 2 0
stocks 40 0
hominum 3 0
bronzes 5 0
unmortgaged 3 0
disclosing 3 0
ucklichten 1 0
schines 1 0
stocky 1 0
bronzed 8 0
dolore 2 0
otwendigen 5 0
delhofe 1 0
endanger 12 0
begonias 1 0
moegts 1 0
eserved 2 0
leakiest 1 0
relation 223 0
reliable 11 0
itchcraft 2 0
tantalized 1 0
slate 77 0
slats 4 0
outbalance 1 0
pansies 1 0
lehnen 3 0
relating 88 0
slaty 1 0
mitgebracht 12 0
ingeboren 1 0
haldees 2 0
erschonung 1 0
habts 1 0
geschaeftiger 5 0
verfing 1 0
oreign 68 0
lueger 2 0
geschaeftigen 6 0
luegel 22 0
ueberwaeltig 1 0
eserves 1 0
geschaeftiges 1 0
luegen 3 0
continental 26 0
odawu 1 0
ackson 21 0
ccupations 4 0
queerness 1 0
healthier 2 0
iscovery 20 0
cayuses 1 0
gutartige 1 0
habst 1 0
iscovers 1 0
appearances 58 0
slave 856 0
axons 14 0
believes 55 0
believer 15 0
overhangs 4 0
beschraenkt 16 0
nvocation 5 0
believed 402 0
halbmenschlichen 1 0
peated 1 0
anknuepft 1 0
ernstorff 10 0
perquisite 1 0
rblickung 3 0
households 5 0
axony 87 0
kanadischen 1 0
haymow 1 0
ernroehre 1 0
greenwood 1 0
ouldest 1 0
abgehenden 3 0
hominis 4 0
preparin 1 0
aeuberbande 1 0
leanders 2 0
upleix 2 0
prepared 474 0
immlischen 4 0
levated 4 0
verschlimmerten 1 0
legislater 1 0
immlischer 1 0
negligent 20 0
obliteration 1 0
wiedergespiegelt 1 0
asserflasche 1 0
legislated 1 0
baulichen 1 0
impolitick 7 0
heaterpracht 1 0
nstead 121 0
coward 54 0
slaps 1 0
moistened 20 0
olfrathshausen 1 0
hoechstmoeglichen 1 0
winkst 1 0
compassioun 3 0
pworth 1 0
concentratedly 1 0
awyers 14 0
jints 1 0
youngsters 8 0
winkte 15 0
protract 2 0
libel 6 0
liber 1 0
hrubs 1 0
utychides 3 0
angebaut 1 0
sweetned 1 0
libet 1 0
iehst 17 0
ontrivers 1 0
ephistopheles 3 0
begehrten 1 0
outos 1 0
connexshun 1 0
ultimately 66 0
erkmeister 1 0
bewaffneter 3 0
compulsory 10 0
illiterateness 2 0
esandtschaft 3 0
ellarmine 8 0
bewaffnetem 1 0
prepares 14 0
clubbed 6 0
leophil 1 0
slash 7 0
genaehrte 1 0
historique 6 0
uerloch 1 0
umschlang 2 0
hiladelphia 214 0
rapine 13 0
theorems 3 0
rtemisia 2 0
rtemisie 1 0
torrid 3 0
umbringt 1 0
imminence 1 0
arliamentary 21 0
utwillen 7 0
baaing 1 0
inept 1 0
pipewort 1 0
ontorio 2 0
thatconstitute 1 0
flehenden 1 0
bawbees 2 0
insects 38 0
manneare 1 0
unumgaengliche 1 0
cadevano 1 0
tendered 7 0
ugenglas 1 0
achahmenswerte 1 0
ragout 1 0
restaurants 1 0
contaminated 3 0
erumtraeger 1 0
sleds 3 0
fared 18 0
satirists 5 0
vigili 1 0
debated 15 0
rompeten 1 0
rompeter 5 0
vigils 3 0
achfolger 6 0
sleep 481 0
cudgel 1 0
grasses 20 0
refuse 188 0
repenting 6 0
thorpe 1 0
refusd 3 0
realistically 2 0
sleek 9 0
ivision 19 0
vermehrten 7 0
einzugreifen 1 0
festal 7 0
gumnasion 1 0
sleet 6 0
inens 1 0
inneston 6 0
unlimited 36 0
laestige 1 0
lient 1 0
liens 6 0
farce 16 0
refute 21 0
debates 13 0
debater 4 0
reenforcement 1 0
rivatlebens 1 0
zeitli 1 0
ugenblicke 171 0
thorns 58 0
eglige 3 0
escheitste 1 0
narrate 17 0
mutwilliger 1 0
einraeume 1 0
erquickend 6 0
ivorces 1 0
whales 4 0
mutwilligen 2 0
whaler 2 0
mutwilligem 3 0
haeng 1 0
roduce 35 0
irrisory 3 0
odena 3 0
cardinal 49 0
roduct 1 0
ontificis 2 0
inextinguishable 3 0
acholderbeeren 1 0
ahrzeugen 1 0
recouvrer 1 0
ahrzeuges 1 0
unawares 8 0
aufwuehlen 1 0
thorny 32 0
odens 10 0
soaking 19 0
arrivals 8 0
blackguard 8 0
eitung 14 0
liest 29 0
dividedly 1 0
liess 414 0
xpertness 1 0
teetotlars 2 0
haena 4 0
sprossen 1 0
zeitig 10 0
lieth 8 0
chiedsrichter 2 0
ersorgung 7 0
schmerzten 2 0
oubleday 1 0
lmosen 6 0
vaporous 3 0
haelt 85 0
sannae 1 0
detected 84 0
laeubige 2 0
odell 17 0
odels 5 0
ugenblicks 8 0
souffrit 1 0
permeated 1 0
souffrir 2 0
erspektive 3 0
lieve 11 0
flanking 5 0
haplain 3 0
relevancy 1 0
ensorious 3 0
lieto 1 0
usefully 10 0
tenderly 50 0
partnership 6 0
sterved 1 0
efend 4 0
ngeziemendes 1 0
parrots 3 0
odern 46 0
eclamations 2 0
punishes 11 0
punisher 1 0
ontificem 1 0
ransoxanen 1 0
usammenessen 1 0
sterven 1 0
sensualists 2 0
oders 1 0
swerving 2 0
amagata 14 0
schritt 16 0
against 2993 0
ntarctic 1 0
haein 2 0
inveigled 2 0
ampfwolke 2 0
punished 81 0
erstenmal 54 0
womens 1 0
aesthetics 1 0
whipmaking 1 0
conduciveness 1 0
ymnasien 1 0
nacharsis 4 0
sententios 1 0
ngezwungene 1 0
pprenticeship 6 0
quench 16 0
ieferanten 1 0
unriddled 2 0
ahrzeug 5 0
aughton 1 0
ecognition 1 0
eszczynski 1 0
rodukt 1 0
oerperschaften 1 0
deambulatory 1 0
ontifical 2 0
rythee 1 0
inconvenience 43 0
ryngium 1 0
mistral 2 0
meander 5 0
derricks 1 0
grosstuige 1 0
inconveniency 44 0
unlacing 1 0
uerftige 1 0
odest 2 0
efell 4 0
abbertized 1 0
deliberateness 2 0
yrtenverzierungen 1 0
etapsychical 2 0
efele 1 0
faintness 6 0
amnation 2 0
ubtract 1 0
olokai 3 0
ticheln 1 0
amplissima 1 0
haedo 10 0
ustigkeit 2 0
egligee 1 0
malerisch 4 0
meschances 1 0
orndli 1 0
ufschriften 1 0
ineam 1 0
foreheads 10 0
blacksmif 23 0
gesondert 3 0
begruesst 9 0
apostleship 1 0
birthright 12 0
ausgespuelt 2 0
thorax 1 0
predominates 10 0
herabzieht 1 0
chimerical 13 0
unerfahren 4 0
eliminated 15 0
ansarde 1 0
languidly 3 0
zuwickelte 1 0
forecastle 2 0
penitential 2 0
lshinbrod 1 0
skillful 13 0
tomahawk 2 0
farre 3 0
gepfluegte 1 0
fessor 3 0
einfoermigen 3 0
chieferton 1 0
colte 1 0
occidentale 4 0
colts 6 0
watermelon 6 0
commentaire 1 0
affliction 27 0
einfoermiges 1 0
ventilators 3 0
einfoermiger 1 0
predominated 3 0
nocumentum 1 0
missvergnuegten 2 0
ameliorations 1 0
cataract 26 0
mischeef 2 0
farsi 1 0
suffocate 3 0
oelker 25 0
stammten 1 0
diggings 1 0
principi 1 0
hitelaw 1 0
antelsack 5 0
genuinely 5 0
ngeheueres 1 0
ieles 6 0
orderland 1 0
hiladelphus 1 0
ielen 3 0
ehement 1 0
clasps 4 0
fersteindamme 1 0
ields 28 0
gebeizt 1 0
wiesen 1 0
afflicting 3 0
reopen 2 0
diluvian 1 0
pelling 5 0
aleiwa 1 0
perspirable 1 0
color 155 0
verlorenzugehen 1 0
iocene 1 0
manacles 5 0
fessle 1 0
redundant 6 0
enschenkenntnis 2 0
scientia 2 0
manacled 1 0
housemaids 4 0
nachgibt 1 0
ophomore 3 0
thoughts 503 0
peculatists 1 0
classd 1 0
albbruder 1 0
liebe 113 0
experimentally 1 0
rovide 3 0
yrische 1 0
effet 1 0
vollkommensten 9 0
effen 4 0
onstern 1 0
ackpferd 4 0
ngelehrigkeit 2 0
thoughte 18 0
liebt 60 0
mendments 7 0
durchdringende 1 0
hadwick 4 0
ymnasium 3 0
anssens 1 0
niederschreibe 1 0
terminat 1 0
verabscheuete 1 0
mystifles 1 0
pyramidalen 1 0
southeasterly 1 0
egociations 3 0
promising 61 0
uebertriebenes 1 0
farme 1 0
probability 127 0
nimmer 9 0
etehet 1 0
liede 1 0
limiting 4 0
agliostro 8 0
veal 4 0
gsuender 2 0
ldmixon 1 0
determined 526 0
farms 42 0
riumphzeichen 1 0
determiner 1 0
burdens 26 0
colic 4 0
letterure 1 0
ontificum 5 0
liege 22 0
inelegant 3 0
enabled 210 0
vorzudenken 1 0
liegt 142 0
waggin 5 0
conserving 3 0
eretti 1 0
nstrumenten 2 0
enables 71 0
hebraicae 1 0
esetzbuch 1 0
zurueckhaltendes 1 0
schrieb 44 0
zurueckhaltender 2 0
inevi 1 0
emergences 1 0
nachzieht 1 0
rauenstiefel 1 0
mourner 7 0
zurueckhaltenden 1 0
infassung 1 0
schrien 3 0
uartier 23 0
regicides 4 0
ekuenstelte 1 0
mittaegige 1 0
iebhabern 6 0
mourned 9 0
erehrungswuerdigste 1 0
lymene 1 0
certain 1901 0
cyclic 1 0
abinettsstuecke 1 0
liessen 84 0
iebhabers 14 0
liesset 1 0
liesses 3 0
heretofore 52 0
coles 1 0
memsahib 1 0
cycles 2 0
lieis 1 0
sententia 1 0
remembr 1 0
unruhigste 1 0
inety 9 0
hysteric 1 0
vergessa 1 0
nachging 1 0
rudential 2 0
colde 6 0
rovinz 8 0
vergesse 8 0
colds 1 0
pertaining 8 0
chiarezza 1 0
veer 3 0
hysteria 2 0
liehn 1 0
ilhelm 808 0
eaving 32 0
vergesst 2 0
roving 10 0
usfuehrlich 1 0
lieht 1 0
iness 1 0
windend 2 0
iceroy 16 0
handbook 5 0
anschliesst 6 0
mitgebn 1 0
almighty 12 0
determines 27 0
fares 6 0
wagges 1 0
tricularia 1 0
dialogue 37 0
prattle 6 0
uebertriebenen 2 0
inert 6 0
iners 1 0
anschliesse 1 0
uebertriebener 2 0
wagged 5 0
amphlet 8 0
munitions 7 0
gemaessigte 1 0
haett 43 0
terminal 8 0
fessed 1 0
ahnungsvoll 5 0
hrouded 1 0
inishing 2 0
osannas 1 0
vergossenen 1 0
eavily 1 0
confus 3 0
diminishing 54 0
indoo 21 0
powders 4 0
verwurzelt 1 0
ersplitterung 1 0
cyclas 1 0
heulenden 1 0
investigated 19 0
muendlich 5 0
waggon 6 0
brigens 12 0
ranziskaner 1 0
anzulegen 9 0
vein 56 0
ahrszeiten 1 0
veil 123 0
impenetrably 1 0
uetzlichkeit 1 0
impenetrable 42 0
superfluities 15 0
turning 343 0
bodings 1 0
ambrosial 2 0
powdery 3 0
auflauerten 1 0
furlongs 1 0
ertigung 2 0
ewicht 10 0
achbilden 1 0
vela 1 0
hadow 7 0
urtout 2 0
saeume 2 0
oddes 1 0
indly 1 0
odder 1 0
entraetselt 1 0
topping 5 0
entraetseln 1 0
indle 3 0
ahnsinniger 1 0
drifted 30 0
onfirmed 1 0
erauschung 1 0
ueberwand 1 0
fraudulently 2 0
ahnsinnigen 1 0
entgegenstraeubte 1 0
evolutionibus 1 0
apaireth 1 0
brenningly 1 0
confin 10 0
twaddling 1 0
rophezeiung 1 0
vent 53 0
ircumspect 1 0
clearage 1 0
vend 3 0
vena 4 0
hadna 4 0
andelswesen 1 0
abgezogen 4 0
slippered 1 0
bercrombie 4 0
astanienbaeumen 2 0
losloesten 1 0
oddle 1 0
eltbuerger 3 0
softened 60 0
fearsome 4 0
assages 7 0
indis 1 0
waggle 1 0
oddly 9 0
gitated 1 0
viereckige 2 0
debauch 9 0
suchten 26 0
umhing 1 0
india 3 0
confirmd 7 0
teachers 95 0
vexedly 1 0
roviso 1 0
confirms 13 0
extemporaneous 2 0
unsubdued 5 0
mosaics 3 0
aradokon 1 0
eisterstueck 5 0
uedigkeit 9 0
driftin 2 0
uskundschaft 1 0
iderrede 2 0
tarvation 2 0
unerfahrne 3 0
hadji 1 0
presente 1 0
adjournment 10 0
contendin 1 0
moistness 1 0
affray 7 0
eurige 2 0
urgundy 30 0
turnips 10 0
oettinnen 7 0
presents 130 0
drab 3 0
straightforward 11 0
primroses 4 0
very 8337 0
clarre 2 0
bendlichte 1 0
teacheth 2 0
stehenlasse 1 0
vert 1 0
renzenlos 2 0
vers 3 0
presense 1 0
atermelon 1 0
auszeichnet 1 0
drap 30 0
dran 31 0
dram 9 0
vere 2 0
dral 2 0
auszeichnen 4 0
bedaecht 1 0
drag 68 0
vero 4 0
urokawa 5 0
drad 4 0
erkranken 1 0
orgenroete 9 0
verb 6 0
index 15 0
vera 2 0
ehrbuechern 1 0
edeutende 1 0
atsherr 5 0
durchbricht 1 0
inden 17 0
indet 2 0
indes 117 0
fuehlbare 1 0
inder 262 0
rypto 2 0
indem 466 0
indel 2 0
uerksamkeit 2 0
bstacles 3 0
ornery 2 0
angemessen 8 0
clarte 1 0
thrushes 2 0
mediate 2 0
unverbunden 1 0
harlequins 1 0
geschwollen 2 0
ntsetzen 25 0
eelenleiden 1 0
historisch 5 0
unintelligently 1 0
abaraud 1 0
veto 15 0
uendenlast 1 0
iscellany 1 0
spaltete 1 0
ordlingen 1 0
vest 10 0
dray 7 0
slaughtered 15 0
draw 406 0
drat 4 0
encroaching 11 0
contended 48 0
notiger 1 0
clarus 1 0
orners 3 0
terminus 6 0
entgegenging 1 0
confab 5 0
rashfulness 1 0
clarum 1 0
ustgebrauch 1 0
enschengattung 1 0
dree 3 0
dred 1 0
intercessors 1 0
remonitory 1 0
vazierenden 1 0
ebensregel 1 0
drudges 2 0
coltish 1 0
ruling 80 0
inreichende 1 0
nimmst 8 0
uccorless 1 0
eefahrern 1 0
ngehindert 1 0
drei 143 0
hades 4 0
hinterlistig 1 0
boggle 1 0
onferrence 1 0
gewaltigen 7 0
eefahrers 1 0
ashing 2 0
windmill 4 0
gewaltiger 4 0
hadde 71 0
indar 15 0
schaeften 1 0
abgezogne 1 0
dewlap 1 0
gewaltiges 1 0
indal 1 0
annexing 4 0
freiwilligen 2 0
freiwilliger 2 0
xcellent 11 0
xcellenz 1 0
courtepy 2 0
feineres 2 0
gesuchter 1 0
gesuchten 1 0
vorgreifen 1 0
investigator 3 0
mellowness 2 0
ashion 24 0
vext 1 0
laermen 2 0
unofficial 6 0
bwechselung 5 0
unknowen 3 0
commonplaces 8 0
butcherly 1 0
oschuswolke 1 0
astward 9 0
drey 2 0
confer 31 0
drew 372 0
schoolmen 3 0
nuetzten 1 0
ueberrheinische 1 0
ausgeliehen 1 0
molestest 1 0
drie 2 0
eglise 3 0
speaking 483 0
driv 7 0
ajikawa 1 0
crieth 8 0
vgernet 2 0
onfess 11 0
drip 11 0
grabbed 30 0
drin 25 0
uneburg 2 0
ffectually 1 0
msdorf 4 0
timocracy 6 0
ranspiration 1 0
eizenfelder 1 0
oeller 2 0
ouvis 1 0
lraunen 1 0
enamelled 5 0
erwick 11 0
mlac 1 0
erwich 7 0
abhorring 2 0
zurueckversetzt 1 0
cornparison 1 0
ornell 1 0
aufgezeichnet 4 0
hoebus 50 0
hinderten 2 0
gloamin 2 0
primevally 1 0
uneingeschraenkte 1 0
verwoehnte 1 0
zruckgeht 1 0
urzelmaennleins 1 0
arbarous 1 0
eingesenkt 1 0
efehl 21 0
hingemalt 1 0
oellig 2 0
axtons 1 0
incarcerated 1 0
abzehrenden 1 0
cuderi 1 0
quity 17 0
ersephone 11 0
mprimi 1 0
quits 15 0
eingestiegen 1 0
grabber 2 0
inmitten 1 0
reviewers 3 0
wieten 1 0
amerlane 1 0
dialogues 7 0
garrin 2 0
sunbath 1 0
supercede 1 0
enforc 2 0
arthaginian 8 0
cudery 2 0
counterwork 4 0
liscamps 1 0
chlosshofes 1 0
cudert 1 0
enoiki 1 0
erdatsch 1 0
taumle 1 0
vorbehielt 1 0
kuemmern 1 0
ascoigne 1 0
midstream 1 0
ausfiel 1 0
kuemmert 3 0
sawing 2 0
amagawa 2 0
xxiii 2 0
evangelic 1 0
hereingelassen 2 0
forenights 1 0
omersett 2 0
omersets 1 0
efeat 4 0
scarcitie 1 0
heokleis 1 0
ermaine 2 0
onzerte 5 0
sneaking 9 0
artenhaus 2 0
chraenke 5 0
enfold 4 0
entspannen 2 0
kuemmere 1 0
mler 2 0
drop 185 0
hriving 1 0
ermains 3 0
ektion 8 0
sonderten 1 0
uncture 18 0
dryest 1 0
durchwachsen 1 0
uritanism 1 0
olfram 1 0
ossbach 1 0
arrying 4 0
efect 129 0
ongratulations 3 0
stilling 1 0
superior 438 0
butchered 8 0
variegated 10 0
riptolems 1 0
hirlpool 1 0
nbewegt 1 0
software 128 0
laermst 1 0
xemplare 3 0
chimbane 1 0
milkmaids 1 0
totenbleich 1 0
elamonios 1 0
sultana 1 0
clusively 1 0
laermte 2 0
unwegsamen 2 0
annskleidern 1 0
presence 499 0
grabble 1 0
pitumbia 4 0
orderteils 1 0
ewegliches 1 0
samples 8 0
sampler 2 0
confessedly 3 0
orderteile 1 0
missratenen 1 0
begegnen 43 0
begegnet 47 0
beherrschend 1 0
readiest 3 0
vorzueglichsten 6 0
recentors 1 0
begegnenden 1 0
vorzueglichstes 1 0
lounged 5 0
indus 2 0
sensibly 37 0
dahinzugeben 1 0
doubloons 4 0
vesicles 1 0
sportest 1 0
elaborated 8 0
induc 4 0
lounges 2 0
lounger 1 0
vermieden 4 0
aehterinnen 2 0
eilchenduft 1 0
sensible 296 0
foughten 1 0
onfekt 1 0
eilends 3 0
etrurischen 1 0
chnuerstiefeln 1 0
onfeld 1 0
xemplary 1 0
eurice 1 0
xemplars 2 0
abzuwarten 11 0
indst 1 0
hineinsaehe 1 0
druv 2 0
grizzly 6 0
claret 22 0
garret 22 0
clares 1 0
ventually 5 0
nprepared 1 0
drum 57 0
grauerlich 1 0
drug 18 0
eloved 6 0
grabbin 1 0
anadians 8 0
rebisond 1 0
resource 48 0
aehigkeit 17 0
ynopsis 1 0
yrshire 4 0
breccierten 1 0
drub 5 0
council 184 0
ammerfrauen 1 0
oxidise 1 0
forefeet 1 0
ambrosies 1 0
disencumbered 2 0
declamatory 2 0
ausstiegen 1 0
hadst 17 0
dulatory 1 0
ouvre 4 0
oellen 1 0
ntwoehnung 1 0
draughtsmanship 1 0
festen 21 0
rompta 1 0
festes 5 0
fester 21 0
retrogression 3 0
zukommt 3 0
menability 1 0
excessivement 2 0
inconnues 1 0
erwies 6 0
indow 10 0
chatting 7 0
ingun 1 0
perverseness 11 0
offenblieben 1 0
bdoolahi 5 0
deviatione 1 0
hinaufstimme 1 0
blackguards 2 0
bering 1 0
nechtschaft 3 0
scenic 22 0
unwrinkled 2 0
uvenile 2 0
coney 1 0
deviations 8 0
iebespfand 1 0
olomon 57 0
breadless 1 0
cones 14 0
udicial 6 0
fashionably 1 0
uvivier 1 0
eberfahrt 1 0
allophobe 1 0
inwendigen 1 0
aiserlichen 3 0
rollender 1 0
aiserlicher 2 0
aennern 29 0
rollenden 2 0
fashionable 78 0
omage 1 0
gewaertig 3 0
axton 2 0
drye 2 0
externally 8 0
paramours 8 0
privatas 1 0
ingst 1 0
beseeching 18 0
executioners 3 0
heinweins 1 0
ladness 2 0
wielde 1 0
cribbed 1 0
churles 3 0
reichgestickten 1 0
acquitted 17 0
oisture 8 0
conge 1 0
osephini 1 0
wieldy 1 0
omade 1 0
fates 8 0
tribunal 34 0
afflicted 36 0
wields 3 0
aenkelsaenger 2 0
ursanure 1 0
intuitively 4 0
equator 7 0
omads 1 0
confi 1 0
umkehren 5 0
mannish 2 0
crimps 1 0
historiques 3 0
pocketbook 3 0
ennuyer 1 0
wesentlichsten 2 0
discuss 83 0
acceptable 75 0
abfaerben 1 0
obdurate 13 0
schwuren 2 0
anschlaegt 1 0
infusions 3 0
imlico 3 0
scends 1 0
satirized 3 0
ffektion 1 0
regatten 1 0
socage 1 0
minors 3 0
hagre 1 0
invitation 124 0
ugments 2 0
beinander 2 0
hervorgedrungen 1 0
angehaucht 3 0
fated 20 0
indruecken 7 0
inguns 1 0
spending 69 0
schwaermten 2 0
ereafterward 1 0
cognizance 10 0
scenes 106 0
ligue 2 0
isinformations 1 0
paramount 9 0
onwards 3 0
ingot 19 0
zrucklassen 1 0
extricating 1 0
conch 2 0
aurentius 1 0
manning 1 0
dasselbige 1 0
enobie 1 0
iveters 1 0
sweetish 1 0
nfangsbuchstaben 2 0
vollkommene 12 0
tribunes 1 0
usleger 1 0
uslegen 1 0
empfinde 10 0
enobia 4 0
fatal 170 0
compiled 10 0
undurchsichtigen 1 0
empfindt 2 0
ollaring 1 0
compiler 5 0
landsuit 1 0
aubertrank 1 0
omain 50 0
oreman 1 0
ridding 8 0
ewisseres 1 0
libertine 9 0
furtherance 2 0
heraufkommen 6 0
nlighten 1 0
dimple 5 0
harnesses 1 0
bleeding 39 0
ermangelnden 1 0
axter 2 0
prueht 1 0
omans 120 0
nnenansicht 1 0
aeulenweiten 1 0
omano 1 0
harnessed 4 0
sweepingly 2 0
zogen 26 0
bbeville 4 0
imensionen 1 0
europaeische 1 0
gentmun 1 0
ingle 11 0
aertyrertode 1 0
warrent 1 0
agate 4 0
unwelcome 12 0
verwoehnten 2 0
inquietude 3 0
promontory 19 0
indication 48 0
igurninus 1 0
memoranda 2 0
engaged 395 0
desolating 7 0
verfasst 4 0
magistratibus 1 0
insurrectionary 3 0
sevenths 2 0
frohlockendes 1 0
rovoke 1 0
donosan 1 0
rapper 2 0
engages 6 0
indicating 29 0
engager 1 0
lraun 31 0
sartain 7 0
inguae 2 0
rapped 12 0
swamps 24 0
desolation 30 0
oncerto 1 0
schimmerndsten 1 0
tonewall 1 0
vorbeifliegenden 1 0
rnarriage 1 0
agave 6 0
denounce 22 0
plenipotentiary 1 0
swampy 9 0
omani 2 0
gepriesener 1 0
omane 8 0
gepriesenen 2 0
getaefelt 1 0
amieson 2 0
omana 2 0
popularised 2 0
frugal 33 0
ritannici 1 0
unmaskiert 1 0
santer 4 0
agans 6 0
achtmusik 1 0
parried 4 0
ritannica 2 0
isistratiden 1 0
ankreden 1 0
efreshed 2 0
esitze 3 0
ritannico 1 0
usgaenge 1 0
baldness 1 0
eorgiana 53 0
uiarchive 7 0
knurre 1 0
schnallt 1 0
umkehrte 5 0
geflochtene 1 0
uboean 1 0
orstellungsreihe 1 0
privates 3 0
ungefaehre 4 0
rompetern 1 0
entfaltet 8 0
agape 4 0
entfalten 5 0
unclean 12 0
prisoner 185 0
acquittal 8 0
pruefe 1 0
maddening 6 0
represents 84 0
homistic 1 0
prisoned 2 0
attending 55 0
shottes 1 0
swamme 1 0
garlic 5 0
liberties 73 0
forfeit 21 0
osephism 2 0
inget 1 0
inges 3 0
vigour 92 0
litheness 1 0
arranted 1 0
elgravia 3 0
ingen 73 0
luecklichkeit 1 0
mmac 1 0
inger 74 0
sotted 2 0
forschte 2 0
sairpent 2 0
teinbrocken 2 0
inged 1 0
manumitted 3 0
omara 1 0
parries 2 0
unzulaessig 1 0
vessels 97 0
euphony 3 0
ebelkeiten 1 0
conva 1 0
laecherlichen 7 0
durcheinander 27 0
laecherlicher 2 0
moiling 1 0
ligat 1 0
confidential 47 0
niedlichste 1 0
ronleichnamstage 1 0
magine 17 0
prachen 7 0
hydrostatics 1 0
stonemason 1 0
riegshandwerk 1 0
abnormal 13 0
erence 5 0
riseurs 1 0
ourage 34 0
ntraege 1 0
diligent 47 0
entfliehen 13 0
prehensile 3 0
indicative 8 0
rovost 2 0
entfliehet 3 0
bluish 15 0
routing 3 0
eisegefaehrten 2 0
medecins 1 0
routine 28 0
mornings 23 0
sanctioned 17 0
gehaemmert 1 0
orgenschimmer 1 0
cornices 3 0
eginald 12 0
aufgejagt 2 0
waggery 1 0
vierteilen 1 0
orglosigkeit 4 0
schmutzigen 3 0
schmutzigem 1 0
erwarb 5 0
schmutziges 1 0
schmutziger 1 0
ntschuldigung 20 0
mmet 6 0
mmer 35 0
ebieters 2 0
zerknickt 1 0
fatti 1 0
unshakable 2 0
marronier 1 0
zweitausend 2 0
planing 1 0
attracts 14 0
dsos 1 0
eadows 60 0
eldengedichte 1 0
cademies 4 0
exteriorly 2 0
weissliches 1 0
crimes 94 0
olossalstatuen 1 0
weisslichen 1 0
haldaeorum 1 0
sackfuls 1 0
sterisks 1 0
sweeties 2 0
erritories 10 0
gentians 1 0
estrebung 3 0
fatum 3 0
pflanzt 2 0
serpentine 5 0
ancashire 6 0
recomfort 2 0
nachfuellt 1 0
eisegefaehrtin 1 0
nachfuelln 1 0
lyrical 9 0
meraldina 1 0
bedeutet 7 0
pecious 1 0
ueberreste 3 0
uebrigbleibt 4 0
scents 9 0
ausgeschuetteter 1 0
schreiben 74 0
zutraue 1 0
bawbles 1 0
uebrigbleibe 1 0
serklaes 1 0
ienet 1 0
bedeuten 15 0
ourang 1 0
unwesentlichen 1 0
iener 33 0
malahinis 7 0
ienen 8 0
cribble 1 0
odger 1 0
ourant 50 0
ourano 1 0
orelle 2 0
conne 8 0
gendarmerie 2 0
gobbling 3 0
verliebten 7 0
erraeters 1 0
verliebtet 1 0
verliebtes 2 0
orphyry 1 0
light 1508 0
rababas 1 0
ungetreu 2 0
muddle 3 0
denken 252 0
hoiseul 20 0
hundredfold 3 0
tiefsinnige 1 0
aormina 2 0
lawlessly 1 0
soupcon 2 0
curatess 1 0
arding 417 0
ardine 2 0
cademics 1 0
abridgments 1 0
hervorbringend 1 0
ingemauert 1 0
adventurers 47 0
imponierenden 1 0
herumtrug 2 0
indling 1 0
harakteren 2 0
whistles 3 0
schuetzen 13 0
dawider 1 0
zuruecksehe 1 0
eizenstriche 1 0
interrupt 32 0
schuetzet 1 0
adenbetreuer 1 0
hinhorche 1 0
whither 46 0
sanctiones 1 0
aertyrer 1 0
sanctioner 1 0
nterstuetzung 11 0
ermastering 1 0
omments 8 0
aculard 2 0
absolutely 325 0
wohlbewahrte 1 0
ostillion 1 0
whistled 19 0
conic 2 0
induces 17 0
altitude 16 0
orphyre 2 0
tratford 3 0
eftigen 1 0
iebchen 26 0
mistook 18 0
frighted 3 0
prehension 2 0
induced 180 0
radstreet 1 0
eugabeln 1 0
frighten 28 0
magick 1 0
undrained 1 0
einschalige 1 0
ligne 1 0
egotiations 8 0
grannies 3 0
festive 7 0
simultaneity 1 0
conju 2 0
etracht 6 0
eadons 1 0
eingeschraubt 1 0
daubings 1 0
childwache 3 0
fluxing 3 0
keaki 1 0
marmots 1 0
toerende 2 0
account 1024 0
disintegrated 15 0
agnetenberg 1 0
anzukleiden 1 0
debased 18 0
tauten 1 0
diligence 75 0
besorglichen 2 0
cockroaches 2 0
onobbi 1 0
disintegrates 1 0
actria 1 0
acoming 1 0
ernimm 1 0
happed 3 0
palaverous 1 0
hunting 173 0
maennliche 4 0
happen 326 0
obligeanten 1 0
elenken 1 0
italienische 6 0
infra 3 0
verzogen 3 0
improbus 1 0
abkriegten 1 0
chusterhandwerk 1 0
utting 13 0
combs 8 0
islands 72 0
egeneracy 1 0
ainwrignt 1 0
debases 1 0
nochert 2 0
ducklings 2 0
comes 741 0
mbellishments 1 0
comer 22 0
orrected 61 0
comen 11 0
missgestaltetem 1 0
verzaertelt 1 0
hitherward 3 0
scraggly 2 0
comet 2 0
hafte 2 0
empirically 2 0
embedded 7 0
fosterer 1 0
peskey 1 0
uebernahm 15 0
gedrueckt 15 0
untergehn 1 0
inkuenfte 6 0
shrouds 1 0
trockenen 7 0
churken 8 0
ittelwerk 1 0
untergeht 4 0
wahrnehme 1 0
shroude 1 0
etrothals 1 0
ittorio 1 0
utrix 1 0
boyard 1 0
robbers 23 0
mmunition 5 0
vielmehr 137 0
robbery 26 0
shipwreck 6 0
ittoria 5 0
irchenzucht 1 0
sweltering 5 0
happin 3 0
olonna 13 0
ashore 26 0
nvorsichtigkeiten 1 0
contradictory 15 0
heterodoxy 1 0
allagonischen 1 0
arbarity 5 0
hinfuehren 1 0
denkst 17 0
parricide 9 0
ausbildende 1 0
olonne 2 0
oepferin 6 0
ichelangelos 1 0
cinnamon 4 0
eauclerk 5 0
encloseth 1 0
aimless 4 0
earthiness 1 0
jangleresses 1 0
monosyllable 2 0
rommeln 4 0
comam 1 0
rophecy 3 0
ueberstroemten 1 0
uebertragenen 1 0
comas 1 0
fornicatioun 1 0
kaergliche 1 0
reception 71 0
riechende 1 0
embrasser 1 0
winged 54 0
cyllas 2 0
tadtjungfern 1 0
affects 30 0
lifts 15 0
complimentary 9 0
winges 8 0
winger 1 0
utrkj 4 0
honoraries 4 0
solitudes 3 0
herrings 32 0
sparkle 20 0
zurueckschauen 1 0
chagrins 1 0
decasyllable 1 0
onjectures 6 0
nauguration 1 0
fathom 18 0
olonie 3 0
eloped 1 0
olonia 3 0
wispelt 1 0
ernsthaftig 1 0
rscheinung 73 0
actuates 2 0
orward 6 0
diaphorist 1 0
aulbeerbaeumen 1 0
dignities 7 0
pouncing 5 0
harmlosen 1 0
conversable 2 0
decasyllabic 2 0
egattung 1 0
calkers 5 0
chadenfreude 13 0
actuated 23 0
supplication 11 0
ullitaet 1 0
luecks 35 0
mtmaennern 1 0
luecke 16 0
vignon 52 0
auszusagen 1 0
exercis 3 0
ainwright 169 0
unhoped 2 0
hinaufgehoben 1 0
llerseelen 2 0
minnit 17 0
impolitely 1 0
orhatoz 1 0
verabscheut 3 0
consonant 4 0
orwand 10 0
eschmeide 1 0
bugbear 5 0
receptive 2 0
spinsters 1 0
insensibility 14 0
vitaille 9 0
renzstein 1 0
ristagore 1 0
vivorum 1 0
colty 2 0
relaters 1 0
olonel 172 0
hysischen 1 0
preparedly 1 0
lectricians 1 0
dahingestellt 1 0
infer 105 0
laenglichrunden 1 0
ernsthaftes 4 0
ernsthafter 7 0
ernsthaften 10 0
hervorhob 1 0
patent 31 0
wuenschten 27 0
acrimonious 1 0
hinzukam 1 0
forewarned 5 0
rgaenzung 1 0
certificate 17 0
atertown 9 0
clayed 1 0
lueche 2 0
estickte 1 0
smenias 1 0
mitgeteilte 1 0
schuetzte 2 0
itford 3 0
aetern 2 0
clayey 2 0
quittance 2 0
wuenschtet 2 0
stirbst 1 0
coltivata 1 0
equation 1 0
volition 18 0
watchcases 1 0
unsicherste 1 0
helplessly 19 0
edhorse 8 0
rommete 1 0
merchants 250 0
straggling 15 0
ploughin 1 0
outblow 1 0
verschwimmt 1 0
verzeichnet 1 0
nstrumententasche 2 0
ombard 10 0
vertruege 1 0
rbietens 1 0
sleta 1 0
interlassenen 1 0
ybele 3 0
onveying 1 0
uplift 20 0
etamorphosis 2 0
greedily 24 0
evilles 1 0
onfines 2 0
symptom 20 0
mnem 1 0
breitesten 1 0
mnes 1 0
ombasa 1 0
eingesetzt 6 0
deyselves 2 0
faste 25 0
haying 1 0
zoege 1 0
fasti 1 0
accommodatae 1 0
mnia 1 0
extremities 20 0
unheaded 1 0
eifersuechtigen 3 0
vaeterliche 4 0
fasts 4 0
assizes 1 0
aeuerung 1 0
aftertime 1 0
labourious 1 0
beherrschte 2 0
eribert 1 0
wichtigste 1 0
ingal 3 0
urchschreitenden 1 0
oktorkaestchen 1 0
adverse 32 0
aufopfert 3 0
einschliesse 1 0
obduracy 2 0
xamined 1 0
hilanthrop 2 0
ploughed 60 0
hinfuehrte 1 0
redoubtable 3 0
theists 3 0
ezaenkes 1 0
einschliesst 3 0
ellwishers 3 0
xaminer 3 0
aufopfern 5 0
carpeted 7 0
fasse 8 0
supplicating 6 0
multiplies 5 0
ruchlose 1 0
aetely 1 0
returneth 1 0
etamorphoses 8 0
chlechtes 1 0
chlechter 1 0
fasst 29 0
chlechten 2 0
wutsch 1 0
slept 149 0
xercises 12 0
remonition 1 0
installed 10 0
iebreiche 1 0
mieten 2 0
scheduled 1 0
father 1690 0
commerce 359 0
earbeitung 10 0
iemen 8 0
moonshiny 1 0
avvannah 1 0
lifes 1 0
multiplied 35 0
surfaces 36 0
moonshine 5 0
wistaria 3 0
antedate 2 0
again 2747 0
braunlockigen 1 0
brydell 1 0
gluecklichste 7 0
ruhigern 2 0
wohlthun 1 0
erzchen 4 0
ruhigere 1 0
aufgeblasener 1 0
abgekuehlt 2 0
coerce 3 0
widerfaehrt 1 0
ernier 2 0
shrewdeness 1 0
ansteckenders 1 0
ontauban 4 0
forschen 4 0
debarkd 1 0
anaelen 4 0
lorbeerbekraenzten 1 0
disadvantages 32 0
lacerabitur 1 0
inticed 1 0
welcomes 7 0
nstieg 4 0
berief 6 0
frostigen 1 0
hagvat 2 0
compress 6 0
iogenes 17 0
verbundenes 1 0
verbundener 1 0
resistance 102 0
orteilhafte 1 0
welcomed 53 0
aerimonial 1 0
discrepancy 11 0
liffs 3 0
nternehmen 20 0
softetly 1 0
intracht 6 0
nternehmer 5 0
moneth 1 0
utkopf 1 0
interlocutor 1 0
hryne 4 0
arbarian 2 0
aughter 66 0
moreover 136 0
vielleicht 281 0
romwel 1 0
pparition 2 0
traurigen 44 0
traurigem 1 0
trauriger 11 0
supralapsarian 1 0
trauriges 9 0
genoesse 1 0
reenforcements 1 0
comma 4 0
taleybridge 1 0
holocaust 1 0
afflicts 3 0
comme 2 0
allumfassenden 1 0
sculptures 12 0
riginality 1 0
orderlies 1 0
sculptured 11 0
ahometan 15 0
berian 1 0
clubbing 1 0
athanael 2 0
hervorgegangen 3 0
teindaemme 1 0
fostered 17 0
cheusal 1 0
ndessen 63 0
unverstaendlich 2 0
collision 15 0
munificent 9 0
bridegroom 22 0
pauperism 1 0
beherrschen 9 0
molehills 1 0
firste 32 0
methodische 1 0
comin 39 0
solving 10 0
wingli 47 0
accommodated 23 0
omssys 1 0
scharlachnen 1 0
firsts 1 0
youngling 1 0
wingle 1 0
jealous 123 0
verbundenen 5 0
geketteten 1 0
potentate 8 0
monopolizers 1 0
mpires 2 0
iniquities 4 0
coverlets 7 0
artenhause 2 0
usgebildete 1 0
anheischig 2 0
odesfaelle 1 0
dvokat 9 0
accommodates 4 0
comic 48 0
moneys 4 0
hankered 2 0
brighte 14 0
erlangten 2 0
hattest 7 0
magnetisme 1 0
erlangter 1 0
aststube 1 0
uncommanded 1 0
quoth 522 0
score 71 0
djournments 1 0
quote 43 0
rinkschale 1 0
quota 33 0
scorn 98 0
zurueckgezogenes 1 0
stabbed 7 0
usebius 1 0
checkmated 3 0
rainsick 1 0
alente 47 0
nwitterung 1 0
scort 3 0
aperies 1 0
grazes 1 0
querns 1 0
agdad 6 0
pellers 1 0
hatters 1 0
pothecary 5 0
pparitions 1 0
triggers 2 0
authorities 129 0
mportance 92 0
armorfussboeden 1 0
alents 16 0
chuylkil 1 0
grazed 7 0
slily 5 0
copia 1 0
querne 1 0
orbedeutungen 2 0
mediators 4 0
ruellen 1 0
conscientiously 23 0
verwickelt 7 0
hartres 3 0
dollar 132 0
slime 7 0
dual 3 0
schoentut 1 0
rihuega 2 0
herumzuhauen 1 0
dauerhaft 3 0
slimy 8 0
pathos 34 0
erneust 1 0
photo 2 0
slink 4 0
sling 9 0
enairmen 1 0
scoug 2 0
authoritatively 7 0
leisurely 41 0
suche 36 0
unrelated 3 0
edemption 3 0
hankerin 1 0
pellets 18 0
frankness 28 0
ybian 1 0
vorzeiten 2 0
scout 1 0
scour 7 0
advisement 6 0
lavierstimmen 1 0
misnamed 1 0
odium 13 0
raeuchre 1 0
ragtag 1 0
reassuringly 1 0
transmission 11 0
copes 2 0
duck 18 0
esichtspunkten 1 0
duce 1 0
ragment 1 0
bergen 4 0
escapes 23 0
nstaendigen 3 0
befogged 1 0
chtest 1 0
unbelief 11 0
homisme 1 0
verschwinde 1 0
gefangengehalten 1 0
nterschied 26 0
helpless 87 0
parenthesis 3 0
cowerd 1 0
escaped 181 0
verschwindt 1 0
cowers 1 0
escapen 1 0
verfluechtigten 1 0
inish 2 0
faver 2 0
ntwickelungen 1 0
scoop 9 0
hysician 18 0
scrambling 8 0
scoot 5 0
bemerkt 73 0
aturgeschichte 4 0
uture 9 0
discussd 1 0
widerliche 1 0
dues 7 0
alestine 10 0
onsigliere 1 0
duel 21 0
scope 40 0
entlehnt 1 0
undeutlich 11 0
lumenkraenze 1 0
inire 1 0
message 176 0
schreie 2 0
rchdeacon 15 0
ewsletters 49 0
introduziere 1 0
schreib 6 0
ausfuehrten 1 0
introduziert 1 0
bemerke 4 0
schrein 2 0
theorize 1 0
dude 1 0
schreit 16 0
shoulders 245 0
wildman 1 0
haise 2 0
tendency 156 0
unvermutet 29 0
planlos 1 0
scoze 2 0
truffle 1 0
beseitigten 1 0
angelegener 2 0
disappointment 97 0
conserveth 1 0
issbegierde 5 0
scintillated 3 0
angelegenen 1 0
laestrygonisch 1 0
shouldest 9 0
haire 1 0
elsamphitheater 1 0
chaperoned 1 0
aesserung 1 0
rgwoehnisch 1 0
duet 3 0
hairy 24 0
gaitre 1 0
tropfte 1 0
courtship 11 0
ueckwirkung 1 0
hairs 31 0
slitt 1 0
mobs 11 0
tabooing 1 0
lebhaftesten 18 0
imprudent 30 0
tarakhodes 1 0
duit 1 0
unsaying 2 0
lijah 5 0
mitgeholfen 1 0
nnoyeth 1 0
apering 1 0
duin 2 0
lancing 2 0
ntiphon 1 0
ining 8 0
moat 19 0
meditate 16 0
monopolizing 5 0
meantime 122 0
angegangen 2 0
quercu 1 0
iderstehen 1 0
altercation 5 0
eglect 23 0
moan 22 0
lebhaftestes 1 0
moak 3 0
nunquam 1 0
fledgling 1 0
duke 33 0
mpfaenger 1 0
sucht 65 0
ources 3 0
bsolon 35 0
commenced 145 0
aunting 1 0
mode 224 0
ratifications 3 0
modi 1 0
retteten 1 0
ntikensammlung 1 0
guetig 6 0
buffet 8 0
buffer 1 0
guttering 1 0
amilienstipendio 1 0
modo 2 0
commences 14 0
always 2756 0
erneuen 1 0
haplets 1 0
tying 25 0
ebirgsruecken 1 0
zoics 1 0
hains 9 0
ontesinos 8 0
slipt 1 0
moch 2 0
slips 18 0
scowl 10 0
scows 4 0
mock 31 0
simpleness 1 0
hubkudder 4 0
irorum 1 0
beleaguered 1 0
dumb 52 0
ucchi 4 0
liebend 3 0
natomists 1 0
basalt 23 0
greable 1 0
bergartig 1 0
etellius 1 0
dump 2 0
hapless 8 0
urprizing 1 0
dumm 15 0
maggot 5 0
orenzo 25 0
xoure 1 0
beholfen 1 0
sucks 5 0
uccio 1 0
duld 4 0
enschenlippe 1 0
abzeichnete 2 0
haile 1 0
unvollkommnen 1 0
hails 3 0
duly 98 0
vergelbter 1 0
haill 8 0
moeg 1 0
thimbles 2 0
zuteilte 1 0
dull 178 0
duol 1 0
hofften 6 0
eavest 1 0
repenteth 4 0
egesippus 4 0
uredens 1 0
zugerittenen 1 0
flatulence 1 0
eaveth 1 0
unblessed 1 0
odiac 7 0
flatulency 1 0
peculations 4 0
phelien 5 0
viae 1 0
dung 29 0
dune 9 0
viam 2 0
rinzip 4 0
vial 2 0
icence 4 0
eavers 3 0
idersprueche 1 0
orenza 1 0
whitest 6 0
rawbridge 1 0
beinah 19 0
pathetic 52 0
suffusing 1 0
duns 1 0
fountaining 1 0
awkwardness 18 0
vide 4 0
etruegerin 1 0
impotent 13 0
allzsamm 2 0
moke 6 0
vidi 2 0
erlassenschaft 1 0
vict 3 0
fruits 99 0
rauchenden 2 0
trictures 3 0
eatable 2 0
verliebt 27 0
verhaelt 7 0
suffusion 3 0
ewissens 1 0
buergerlich 1 0
vice 169 0
noticed 160 0
isistratus 7 0
dupe 11 0
peristen 1 0
theoretisches 1 0
notices 16 0
ownership 18 0
ercuries 1 0
theories 75 0
aneath 4 0
platzieren 1 0
hiffer 3 0
ansprechend 1 0
dusk 54 0
organisation 55 0
verliehe 2 0
enclosing 9 0
actantius 3 0
grammarians 2 0
nunquid 1 0
spacecraft 1 0
view 807 0
nitialen 1 0
theoretischen 2 0
vier 88 0
eherrscherinnen 2 0
molt 3 0
abzustatten 2 0
dust 275 0
kabeer 1 0
newest 11 0
chteck 1 0
beizeiten 15 0
durn 2 0
moky 1 0
mola 1 0
vied 9 0
innesota 4 0
intertwine 1 0
duri 1 0
mole 10 0
mold 8 0
odies 56 0
odier 2 0
dure 21 0
aenderten 1 0
viel 686 0
dura 1 0
rinzen 84 0
ausbedungen 1 0
vids 1 0
eavens 14 0
eulogising 2 0
durt 3 0
sammgfunden 1 0
mood 69 0
rophets 7 0
fatigu 1 0
absence 250 0
nsurgents 8 0
utual 7 0
hypocausts 2 0
rophete 1 0
laestern 1 0
mono 8 0
alence 3 0
negative 30 0
negativd 1 0
nschicklichkeit 7 0
monu 7 0
mont 11 0
odice 1 0
mony 14 0
eitersjungen 2 0
monotonously 1 0
princely 15 0
ropheus 2 0
hurtfulness 2 0
schoentan 1 0
mislayed 1 0
mmons 1 0
mong 404 0
tearings 1 0
mone 1 0
monk 61 0
fuerchte 43 0
seating 16 0
aufbrausenden 1 0
gunmen 1 0
ercurial 1 0
assuming 32 0
duty 725 0
ymmetrie 5 0
lignum 1 0
mitgehen 1 0
clearest 26 0
ositur 3 0
mnipresence 3 0
daedala 1 0
quoke 5 0
transmitted 44 0
urnstons 1 0
oleanders 1 0
nachgeht 3 0
slice 14 0
princess 16 0
antwortetest 1 0
slick 6 0
mope 2 0
viii 21 0
mschweife 2 0
emporhilft 1 0
interknowledge 1 0
ehemals 36 0
moon 193 0
moot 5 0
phone 22 0
moor 4 0
slide 24 0
ceptres 1 0
armada 1 0
gilliflower 2 0
herumzuschleppen 1 0
olkenberge 1 0
aiatea 2 0
homists 1 0
vils 7 0
mors 2 0
fanatischen 1 0
morr 2 0
olicitude 1 0
scold 15 0
devilment 5 0
subdita 1 0
glorious 181 0
mort 4 0
quoit 1 0
berham 1 0
mory 2 0
realisation 9 0
slier 1 0
vile 37 0
rwachsenen 2 0
vila 3 0
bagnios 1 0
ermanus 1 0
nachgehe 1 0
more 11476 0
attestations 2 0
mori 1 0
morn 27 0
blistering 1 0
beings 124 0
utumn 4 0
copse 19 0
astringent 2 0
onstant 4 0
phold 1 0
onstans 1 0
ieper 1 0
subserving 1 0
soupere 1 0
onstanz 1 0
princeps 1 0
hunters 139 0
mouf 29 0
ranitstock 1 0
bidding 55 0
aufpackend 1 0
hervorwies 1 0
moun 3 0
odily 3 0
mour 1 0
vint 1 0
eitraege 1 0
ermanne 1 0
vins 2 0
luxuriantly 2 0
pallagonisch 1 0
uzzolane 3 0
vini 1 0
scoff 5 0
vine 59 0
connections 50 0
agden 1 0
mote 7 0
hopelessness 5 0
releaved 1 0
furlong 19 0
moth 11 0
nnapolis 8 0
gutgesetzten 1 0
gebremst 1 0
exquisitely 40 0
inschlummern 2 0
patica 1 0
most 6103 0
moss 40 0
erwhelm 2 0
schoolhouse 15 0
partizans 1 0
ecording 2 0
rapaciousness 1 0
zuteilen 1 0
abgesonderten 1 0
einranken 1 0
uprisen 3 0
bstossendes 1 0
mown 5 0
volubleness 1 0
mows 1 0
padlock 5 0
theorist 1 0
eschneidung 1 0
omoedie 19 0
oaming 1 0
luendernd 1 0
patient 118 0
moralisation 1 0
zurueckkehrendes 1 0
entdeckten 9 0
zurueckkehrenden 2 0
evasively 2 0
geniessende 1 0
move 334 0
quoll 3 0
viol 1 0
aufmahnen 1 0
delirious 9 0
compounding 3 0
carryed 1 0
mout 12 0
andidus 4 0
favor 183 0
umherlagen 2 0
assaden 2 0
abgesonderter 1 0
gepflanzt 11 0
guests 110 0
eingestuenden 1 0
ourcys 3 0
gefroren 1 0
indirection 4 0
folgerecht 1 0
issatisfaction 2 0
unmittelbarsten 1 0
aneche 1 0
dissenting 8 0
gruendlicher 2 0
icense 13 0
gormandizers 1 0
wagging 6 0
eheimnis 66 0
uckfield 2 0
onceval 1 0
indorsed 2 0
clawed 7 0
nitting 4 0
debtless 1 0
moxa 3 0
flaster 16 0
imorousness 1 0
auserkoren 1 0
bachelors 11 0
clawes 4 0
egenwind 2 0
ehestens 1 0
llbuntbesternte 1 0
erweil 2 0
enoese 6 0
moulding 4 0
verliert 28 0
stammelten 1 0
zweierlei 7 0
currycomb 3 0
gloseth 1 0
mitzulesen 1 0
pitzruten 1 0
erwehr 1 0
arehouse 2 0
vita 2 0
subdu 1 0
ardieu 1 0
regorio 4 0
schoenste 75 0
unabated 8 0
hervorkam 1 0
grayer 1 0
trivialness 2 0
verliess 48 0
gruendlichen 4 0
heapness 2 0
erweis 3 0
vise 6 0
iskant 1 0
ienzi 2 0
visa 6 0
courting 6 0
ehrstunde 1 0
allerfeinsten 1 0
laceholders 1 0
purging 1 0
phigenia 14 0
deposited 74 0
monges 8 0
ercurius 2 0
monger 2 0
fauen 1 0
phigenie 8 0
dvancing 2 0
gentman 3 0
phiosophy 1 0
instrumentorum 1 0
dver 1 0
forgetfu 2 0
vive 1 0
argwohnte 1 0
racciolini 1 0
uirard 2 0
tabellarisches 1 0
ersians 13 0
absents 1 0
raceful 1 0
windmell 1 0
wohlzubereiteter 1 0
hamplain 5 0
holystones 1 0
equerries 1 0
viva 2 0
farthermo 1 0
chmerzlich 1 0
ebensosehr 2 0
confined 203 0
phesus 7 0
unshackled 2 0
lueckliche 8 0
cooed 1 0
promiseth 2 0
maginations 1 0
asttraeger 2 0
ugenspeigel 1 0
repress 8 0
trudging 3 0
abhorrest 1 0
ilmarnock 1 0
salaries 41 0
absense 1 0
gespielt 31 0
confines 22 0
pretensions 49 0
aschenbuechern 1 0
attuale 2 0
iderwille 1 0
embers 113 0
ermanic 6 0
moeglichst 8 0
ermania 1 0
unclasp 1 0
atheistically 1 0
utton 31 0
dringenderes 1 0
durchsieht 1 0
hylarchus 1 0
trophen 2 0
ueckhalt 4 0
abhorreth 1 0
curtseying 1 0
umanity 30 0
stillest 2 0
orarbeit 1 0
disadorned 1 0
mucilage 1 0
grasped 36 0
wiederzukommen 9 0
buffeted 1 0
beschaeftigter 1 0
beschaeftigten 7 0
aurentian 3 0
aising 11 0
urcard 1 0
achahmungsbegierde 1 0
reconsider 5 0
ienst 40 0
knirrend 1 0
kunstloser 1 0
kunstlosen 1 0
abhorrent 6 0
arkophag 4 0
bluest 1 0
hervorhebend 1 0
hopefully 6 0
nclosed 3 0
anstarrten 1 0
umanism 19 0
benefacta 1 0
icenza 11 0
umanist 40 0
liphaz 1 0
ufwand 14 0
uperfluities 4 0
herausgehoben 1 0
stillern 1 0
whereabouts 15 0
teindamm 1 0
enschengeistes 2 0
stillere 1 0
negation 9 0
constant 303 0
etrachte 1 0
getarnt 1 0
intermotions 1 0
keepers 25 0
leidlichen 11 0
imposante 1 0
kamaaina 3 0
inanimate 26 0
keepeth 2 0
leidliches 3 0
leidlicher 1 0
halbseiden 1 0
entgegengeht 4 0
verliere 7 0
keepest 1 0
entgegengehe 1 0
treiflicht 1 0
signification 9 0
gladlye 1 0
schalkhaften 1 0
sparing 20 0
herding 3 0
avaritia 1 0
handelnden 3 0
schalkhaftes 1 0
fruher 5 0
mpia 1 0
schnarchte 1 0
schalkhaftem 1 0
whitens 2 0
ngestuem 5 0
hervorsendend 1 0
zusammenkugelten 1 0
healeth 3 0
assompierre 2 0
mmaculat 1 0
tructure 7 0
subit 1 0
uarters 28 0
embrasure 5 0
frightful 67 0
erfaehrst 1 0
adventuring 1 0
ienna 47 0
ienne 5 0
xcrements 1 0
baldmoeglichst 1 0
atanierin 1 0
dennes 1 0
denner 2 0
actory 2 0
uttat 2 0
veesible 2 0
onvocation 4 0
whittling 2 0
odlings 1 0
dmonton 1 0
ofleute 12 0
unerachtet 1 0
ceasest 1 0
ourscore 1 0
anscheinenden 7 0
geometrician 4 0
moeglichen 6 0
etymological 1 0
hinterlistigen 1 0
rethren 50 0
rhard 1 0
assacre 8 0
anscheinender 1 0
jitsu 1 0
rotestants 73 0
actors 26 0
mongst 32 0
ilesians 1 0
closeted 5 0
moeglicher 1 0
inige 51 0
saettigend 1 0
ugenpaar 1 0
antiplatonischen 2 0
emsigste 1 0
ermattenden 1 0
alasanza 1 0
ornish 2 0
patriarchs 10 0
ardasee 3 0
geziert 8 0
knights 45 0
bruederlichste 1 0
liebest 4 0
kalzinierte 1 0
abusiveness 1 0
mple 3 0
nordischer 1 0
chatters 1 0
chaplets 9 0
nordischen 7 0
nordischem 1 0
inien 17 0
illegitimacy 1 0
xecuted 2 0
entleibt 1 0
unstbilder 2 0
fauve 1 0
garnet 1 0
garner 1 0
istercians 1 0
trivially 1 0
vorderer 1 0
egislature 75 0
austerity 17 0
seizures 1 0
anzuordnen 4 0
aufzuschieben 3 0
graphically 3 0
knighte 2 0
recompenced 1 0
gemeinet 1 0
gemeines 6 0
gemeiner 4 0
sheepherder 1 0
stoert 8 0
chattels 18 0
gemeinen 28 0
gemeinem 5 0
etrueglichkeit 1 0
midsummer 13 0
coepit 1 0
stoere 1 0
illegible 1 0
rangler 1 0
elanchthon 35 0
faute 1 0
sloshing 2 0
gebrennt 1 0
loswird 1 0
scantiest 2 0
idshipman 1 0
sangfroid 3 0
bergunter 3 0
ednesdays 2 0
halbverbrannten 1 0
almoner 2 0
ueberwundene 1 0
fraegnian 1 0
nintelligibleness 2 0
skulls 10 0
oologie 6 0
quadrupedation 1 0
ebetbuch 2 0
guerir 2 0
inian 2 0
almonds 2 0
neverthelesse 2 0
verglichen 9 0
argwohnen 1 0
haessliche 2 0
orning 82 0
chattens 3 0
conjee 1 0
ourbon 44 0
geziemt 12 0
nightfall 11 0
punctual 15 0
maeandrischen 1 0
repreve 7 0
leichnisse 5 0
prefatory 6 0
hiladelphians 1 0
unverstaendliche 2 0
bluffs 1 0
uendnisse 1 0
commencement 85 0
bergan 2 0
aligned 1 0
verdolmetscht 4 0
ombal 8 0
efficiency 14 0
bergab 1 0
iederlaender 12 0
schrille 1 0
oelpel 1 0
eschehnissen 2 0
hatillon 1 0
wahnsinnigen 2 0
coons 2 0
concatenation 4 0
ombay 11 0
quagmires 5 0
ombat 2 0
daowntaown 1 0
testator 2 0
gentles 5 0
gentler 9 0
andmaedchen 3 0
lubricating 1 0
disrespectful 14 0
ington 3 0
mpty 3 0
erhaltende 1 0
courtier 17 0
coops 3 0
especting 1 0
glentine 1 0
skeercrow 1 0
raying 5 0
bbott 4 0
vipers 4 0
riesigen 2 0
unutterable 12 0
erhaltenes 1 0
erhaltener 1 0
utter 548 0
fauna 2 0
erhaltenen 2 0
sandwiches 1 0
cooks 6 0
einholten 1 0
wining 1 0
leasing 8 0
aufschieben 2 0
uebereile 1 0
fauns 2 0
unutterably 3 0
neighbourly 1 0
malapais 1 0
ucard 1 0
uadalaxara 1 0
eitrag 1 0
elagerten 1 0
omben 1 0
appropriations 2 0
uebereilt 7 0
incumbering 1 0
skittish 5 0
towards 1095 0
quickens 4 0
trivialen 1 0
unzersplitterte 1 0
ustzuwandeln 1 0
innards 1 0
ombez 1 0
iannozzo 1 0
utten 15 0
moderazione 1 0
uttel 1 0
ombes 1 0
hielten 51 0
iemento 1 0
brachten 27 0
previsions 2 0
hieltet 1 0
eschliesserin 1 0
faule 1 0
vorstelle 3 0
neueste 2 0
besmirch 1 0
epikouroi 1 0
fault 291 0
ceaseth 1 0
vorstellt 4 0
cools 2 0
guerre 1 0
hickness 5 0
cooly 4 0
estphalie 2 0
estphalia 15 0
oment 62 0
omens 9 0
plumes 19 0
ranntweinzapf 1 0
supplant 5 0
ieren 16 0
shooting 82 0
andichten 1 0
entreissen 4 0
aedchenleibern 1 0
pressly 1 0
corne 3 0
allapai 5 0
conceal 132 0
ierde 12 0
reinigte 2 0
chutzort 3 0
require 356 0
requird 1 0
liebenswuerdig 18 0
superstructures 2 0
untreu 4 0
daechte 12 0
alculations 1 0
etrayer 1 0
magnified 18 0
rumgfragt 1 0
iercy 1 0
magnifies 1 0
agrimony 1 0
jackass 5 0
geweiht 5 0
rieden 17 0
affianexemplar 1 0
vengeance 121 0
erosive 2 0
concede 16 0
ierce 11 0
vielfacher 1 0
menschenaehnliches 1 0
bschriften 2 0
vielfachen 4 0
acheiferung 1 0
ndiscriminate 1 0
ahinzubrausen 1 0
peazzer 3 0
omely 1 0
abgeredete 1 0
rescind 2 0
vielfaches 2 0
blistered 6 0
ubenstuecks 1 0
dagios 1 0
corns 2 0
throbbed 5 0
ieran 1 0
plumed 5 0
corny 2 0
esonnenheit 1 0
andelsweise 3 0
earthward 3 0
ermummung 1 0
ierat 5 0
ausloesen 1 0
confluence 1 0
ankruptcies 2 0
eilten 17 0
omers 25 0
deftness 1 0
sweetely 2 0
olcanic 3 0
marterst 1 0
ohrhuetten 1 0
aetzen 5 0
apparitional 1 0
tattle 1 0
ickering 5 0
hrenmann 1 0
peytrels 1 0
savages 69 0
grandchildren 26 0
deform 1 0
hequered 1 0
igorous 1 0
paindemain 1 0
rophecies 2 0
ometh 7 0
schiefe 2 0
subsoils 1 0
erosion 10 0
orgiveness 6 0
headest 1 0
ordnet 1 0
ickicht 1 0
ordner 4 0
younguns 1 0
corks 6 0
ordnen 6 0
lilac 7 0
wechselte 3 0
dwin 3 0
eveste 1 0
debacles 1 0
adsworth 3 0
headers 2 0
requite 3 0
onveniencies 7 0
hiesigen 7 0
ttemper 2 0
presste 1 0
omere 2 0
permit 138 0
forefoot 1 0
hiesiger 1 0
eaward 1 0
embroideries 3 0
embroidering 2 0
ullets 5 0
ravesend 9 0
chwaben 7 0
arroste 1 0
apoopoo 1 0
conjecture 68 0
cores 7 0
rakaschen 1 0
erwickelung 1 0
ullett 1 0
conceit 34 0
lediglich 3 0
pressed 155 0
pressen 1 0
cordi 1 0
erzenskunde 1 0
annskleider 2 0
cords 13 0
mperialists 4 0
fallow 10 0
presses 10 0
chrittmaessigkeit 1 0
vulgarians 1 0
savoir 2 0
suere 1 0
conceiv 3 0
indecision 6 0
extinguishers 2 0
defoul 1 0
keuchte 1 0
foraging 3 0
trusty 21 0
unheedful 1 0
hypertext 118 0
paytrel 1 0
scrap 30 0
geschickteres 1 0
panisch 1 0
robabilists 1 0
alchemister 1 0
ueberlassen 58 0
ullers 1 0
mermaids 1 0
truste 16 0
erwesung 2 0
mesophyll 1 0
suess 11 0
dmonish 1 0
trusts 15 0
scullion 3 0
makaressin 1 0
apelye 7 0
captives 18 0
tuhlfuesse 1 0
verwachsenen 2 0
gaudier 1 0
invectives 10 0
beklatschten 1 0
aggrandized 3 0
ambertini 1 0
coram 1 0
coral 25 0
issatisfied 2 0
enpair 1 0
astnachtsspiel 3 0
sentinels 5 0
plumbs 1 0
willkuerliches 1 0
sculling 2 0
uirassiers 1 0
schiene 3 0
verwundernswuerdige 1 0
willkuerlichen 8 0
rheum 1 0
jubentes 1 0
ragmentarisch 1 0
bedeckte 11 0
enlevement 1 0
hraenen 4 0
zeitige 1 0
beleidigenden 1 0
winches 1 0
suent 1 0
captivity 20 0
roclamation 29 0
scenery 64 0
ruhmvollen 1 0
aphorisms 2 0
umidians 1 0
ideological 1 0
uerstendiener 1 0
humors 4 0
indecisive 4 0
sehende 2 0
onquistadores 1 0
strogoth 1 0
ufkommen 1 0
activities 5 0
labiates 2 0
oebuck 1 0
piteously 35 0
overreligious 1 0
incident 90 0
anfuellen 1 0
dishonord 1 0
ierus 1 0
hereinstuerzten 1 0
concert 23 0
angland 2 0
daisically 1 0
usstattung 4 0
unshorn 3 0
concern 175 0
weepin 1 0
ausgelassener 1 0
hackers 1 0
likit 3 0
lovable 4 0
scolded 4 0
ausgelassenen 2 0
restfulness 2 0
iderwaertig 1 0
fortspielte 1 0
emetrius 4 0
queerest 6 0
ahrhundert 9 0
modestpraechtig 1 0
footprints 19 0
fracturing 2 0
ierte 3 0
eingeschoben 1 0
illigkeit 4 0
rememberance 2 0
coopers 3 0
ercenrike 2 0
zackige 1 0
roatians 4 0
ackstaves 1 0
ortraits 3 0
concurrent 4 0
resettled 2 0
untrue 41 0
weighed 64 0
eelenangelegenheiten 1 0
moment 1539 0
halos 2 0
isches 3 0
ischer 6 0
humour 165 0
ischen 11 0
reinigen 7 0
herumfliesst 1 0
bedecked 2 0
impressibility 1 0
isagreeableness 3 0
stench 11 0
eginnen 11 0
masquerading 1 0
anxiously 53 0
eginner 1 0
beiderseitiger 2 0
lebhaftes 9 0
brotherly 7 0
lebhafter 32 0
telepsychics 1 0
lebhaften 56 0
lebhaftem 3 0
bedecket 1 0
hazily 1 0
ierra 5 0
weighen 2 0
beiderseitigen 2 0
reflective 4 0
fallin 3 0
unerbittlichen 3 0
bedecken 11 0
ierre 14 0
unerbittliches 2 0
mandarins 4 0
privileges 125 0
sweetmeats 20 0
unprofitablie 1 0
reflecting 49 0
odkin 9 0
befoerderte 3 0
weeped 3 0
norimon 1 0
elicerta 1 0
familiarise 3 0
sichre 3 0
pacifists 6 0
sheepskin 1 0
reflection 177 0
suites 2 0
harnessing 3 0
pervading 10 0
weeper 5 0
dwarfish 4 0
erkuendigung 3 0
halle 7 0
weepen 3 0
orfahren 12 0
traight 6 0
privileged 30 0
suited 106 0
atheder 6 0
croppings 1 0
mmediate 2 0
halls 33 0
ttempts 21 0
ieron 1 0
blister 1 0
caneland 1 0
concept 6 0
sichts 2 0
telescopic 1 0
falled 1 0
tactfully 1 0
apelle 36 0
handselled 1 0
apella 1 0
enschenliebe 1 0
roarings 2 0
gaudily 3 0
heruntergekommenen 1 0
stumbled 34 0
wistings 1 0
fallen 444 0
dishonour 20 0
stumbles 2 0
keels 1 0
usleben 1 0
windward 24 0
truths 73 0
untrod 1 0
uneatable 1 0
halia 4 0
corve 1 0
halii 2 0
jackals 2 0
debilitated 2 0
ivories 1 0
pressum 1 0
subsidising 1 0
epidermis 5 0
inley 29 0
corto 1 0
rbschaftsanteil 1 0
eilendem 2 0
inlet 14 0
eacides 3 0
eilenden 2 0
truthe 3 0
nziehen 2 0
everus 11 0
flogged 10 0
recounted 11 0
irremovable 3 0
iogeitus 1 0
reifsten 1 0
eninsular 5 0
luegelpforten 1 0
gewehrt 1 0
eibsleut 6 0
haffets 1 0
einzubilden 7 0
omedy 16 0
fortdaurenden 1 0
osloesens 1 0
unattempted 1 0
itzende 1 0
einwaerts 1 0
hales 8 0
boskage 1 0
errnhut 2 0
suitor 20 0
argraves 1 0
flurries 1 0
zusammengehaeuften 1 0
halfe 3 0
hineinzudringen 1 0
hartists 3 0
derselbe 13 0
flurried 3 0
raeulein 44 0
groesseres 8 0
groesserer 13 0
groesseren 6 0
ompletion 1 0
groesserem 2 0
cluttered 2 0
ierin 1 0
bereiteten 5 0
keepe 7 0
courtroom 1 0
haled 6 0
unbescheiden 1 0
ieria 2 0
corri 1 0
keuchen 1 0
domino 2 0
onnage 3 0
chortled 1 0
keeps 138 0
flattened 6 0
uulalai 1 0
foaming 5 0
ingsbridge 1 0
island 158 0
format 30 0
everye 1 0
corps 25 0
assiere 2 0
lacable 1 0
ntwort 60 0
savour 25 0
formal 89 0
stehenliessen 1 0
sobbed 19 0
nachdachten 1 0
savors 1 0
savory 3 0
guenstige 9 0
baubles 6 0
diarrhoea 3 0
chutzorte 1 0
sobbes 1 0
auszusinnen 1 0
plumpe 1 0
ecclesiastcal 1 0
ansenian 1 0
friendshippe 1 0
erkommen 6 0
wirtschaftete 1 0
endowed 85 0
keers 1 0
warnenden 1 0
georgelt 1 0
eldengeschichten 1 0
ltarbildes 1 0
feilschte 2 0
halbe 20 0
getanzt 2 0
rhebt 3 0
estchen 4 0
halbn 2 0
corse 4 0
tolerate 28 0
orwurfs 3 0
leiglanz 1 0
outlets 4 0
bourgeoise 1 0
gloated 1 0
ocialistic 2 0
ricklayers 1 0
orgsamkeit 1 0
olonnaden 1 0
redeemers 1 0
davontrug 1 0
humped 1 0
mehrerem 3 0
cipion 3 0
fawnd 1 0
fretfulness 3 0
euschober 3 0
mehreren 25 0
reimbursement 1 0
criblers 1 0
mehreres 2 0
ignola 1 0
mehrerer 7 0
disrespectfully 3 0
ansenist 27 0
conservatory 2 0
iltshire 2 0
italicing 1 0
fawns 7 0
ansenism 22 0
herumzufahren 1 0
hingegossen 1 0
zurueckgehalten 8 0
beabsichtigt 1 0
ssistant 14 0
inglingen 1 0
lieblos 2 0
llegiance 3 0
mitbrachte 4 0
unchristian 7 0
chlucker 2 0
amenity 2 0
hingelegt 3 0
taetlich 1 0
vorueberrollt 1 0
dazwischen 28 0
ntigone 8 0
umgestuerzten 1 0
weighty 35 0
ussteigenden 1 0
voudrais 1 0
ueberwinde 1 0
ibbing 1 0
ansenius 5 0
ageer 1 0
curacies 1 0
rolegomena 1 0
ignons 13 0
unfaehig 14 0
tolerant 14 0
lederne 1 0
rightland 1 0
independencies 1 0
ischof 71 0
conceald 2 0
humpin 1 0
oegerung 1 0
wusstet 1 0
usterlitz 1 0
eponent 1 0
nhorsed 1 0
jemand 77 0
kinship 6 0
wussten 30 0
hoplifting 1 0
hingelebt 2 0
immias 6 0
huseday 7 0
lumieres 1 0
loszumachen 5 0
propagation 29 0
beschaeftigest 1 0
braided 8 0
injur 2 0
laengstens 1 0
forked 17 0
herausgeredet 1 0
poplar 17 0
voiture 1 0
ignora 39 0
jershooa 2 0
expectation 105 0
aufdaemmern 1 0
declamation 7 0
gereiniget 3 0
ohnplaetzen 1 0
ivelyhood 1 0
chaefchen 5 0
aufdaemmere 1 0
ignore 10 0
propagating 15 0
eschwaetze 2 0
traenendes 1 0
nglische 2 0
aechst 2 0
omdom 1 0
ignory 1 0
xamine 4 0
gloatin 1 0
aechte 29 0
xcursions 2 0
conceals 22 0
trohdaechern 1 0
nterested 4 0
foermliche 3 0
absetzten 1 0
ueberzeugungen 2 0
anitscharen 1 0
lasscock 1 0
schaerfere 1 0
ermorrow 1 0
unmethodical 1 0
renounced 18 0
wimple 2 0
eilfertig 2 0
usthaeuser 1 0
ngelikas 1 0
utorwesen 1 0
ammlung 34 0
benison 2 0
renounces 3 0
dulcet 2 0
backslidden 2 0
herumschweiften 1 0
weitergegangen 1 0
familiarity 31 0
orgenuss 1 0
shrewdness 8 0
urteile 1 0
zunaechst 20 0
mensuration 1 0
geschnitten 6 0
umfassen 8 0
blackest 19 0
besessenen 1 0
burdoun 2 0
rivulets 6 0
vorwies 3 0
fluchend 1 0
jibbering 1 0
forward 596 0
uwelier 1 0
mediumistic 19 0
allegories 3 0
urteilt 1 0
precinct 7 0
scaffold 15 0
budging 2 0
weiterbefoerdert 1 0
aelber 4 0
domineers 1 0
cumbering 2 0
ergleicht 1 0
untreues 1 0
onjuring 1 0
liked 171 0
liken 6 0
rohibit 1 0
liker 1 0
likes 64 0
progressi 1 0
hiozza 6 0
berauschten 1 0
tatues 2 0
ruestige 5 0
tatuen 27 0
empfing 18 0
ermummter 1 0
cheating 18 0
weights 27 0
empfind 2 0
dulcis 1 0
niversitaet 1 0
egenwaertigen 9 0
eigensinnig 8 0
onliest 1 0
ruebsinn 2 0
ungerechter 4 0
rammars 3 0
aufzuhaengen 2 0
ostscript 3 0
aetherischen 7 0
borghesischem 1 0
ungerechten 5 0
poetesses 3 0
familiarize 1 0
wegwandte 1 0
katholische 1 0
beaker 1 0
rgebirgsart 1 0
eilung 6 0
hineingeschossen 1 0
excavators 2 0
reliefs 6 0
ziemten 2 0
intertwined 7 0
patriarchal 12 0
crammed 13 0
observed 607 0
observes 37 0
observer 38 0
peisen 11 0
surance 1 0
eprieve 8 0
aeulenordnungen 2 0
ormundschaft 1 0
flexurings 1 0
imming 2 0
japonica 1 0
willowy 2 0
weikampf 6 0
willows 22 0
enschheit 28 0
ohenlinden 2 0
eiffenstein 21 0
rquell 1 0
heyney 1 0
ngenehmen 1 0
theorizing 1 0
ngenehmes 4 0
erwundrung 2 0
schreiend 7 0
anzuwenden 11 0
erspreche 1 0
onnivart 1 0
chedule 1 0
ersprecht 1 0
garrisons 27 0
frightening 7 0
ausgefunden 1 0
troestlich 5 0
ewitterschauer 1 0
scarifying 1 0
odjam 1 0
odging 8 0
athedral 4 0
impostor 13 0
backwardness 5 0
flexed 1 0
truegen 2 0
shiploads 1 0
turpentine 10 0
agent 93 0
agens 7 0
blissen 1 0
deanish 1 0
militia 98 0
strafbaren 1 0
blisses 2 0
esitztuemern 3 0
weathercocks 4 0
undulation 4 0
herefor 2 0
stableness 1 0
ewaltkraft 1 0
unnatuerlichen 1 0
aenomena 1 0
oisons 3 0
rooches 1 0
admitted 306 0
conversa 1 0
cautioned 14 0
zwerggestaltete 1 0
bastinadoed 1 0
aechen 5 0
undulating 7 0
eaning 24 0
aecher 17 0
prepossessions 3 0
impotency 4 0
converse 58 0
pianists 1 0
conversd 4 0
hristl 1 0
bekleidet 13 0
hristi 11 0
bekleiden 2 0
hriste 42 0
spoliation 7 0
epoten 2 0
iquids 1 0
reenleafe 2 0
inquisitiveness 2 0
schiess 2 0
wohlerzogene 1 0
dulation 1 0
hastising 1 0
ragende 1 0
steamer 80 0
politician 49 0
inker 1 0
proportionably 16 0
udibras 10 0
iquier 1 0
unbefriedigend 1 0
disloyal 7 0
inken 17 0
nitarians 2 0
steamed 9 0
inkel 27 0
immiou 1 0
eingegraben 4 0
agern 1 0
inked 2 0
austrueckert 1 0
burdock 1 0
reinern 1 0
wechselnd 3 0
oetian 1 0
proportionable 24 0
stealth 7 0
hindurchgingen 1 0
reinere 1 0
teigerungen 1 0
ecessary 5 0
radshaw 3 0
umpkin 4 0
hakes 1 0
vorliebnehmen 2 0
brooded 10 0
efkir 1 0
possidetis 1 0
canthus 2 0
tattoo 3 0
atriotismus 2 0
registration 14 0
allegorist 1 0
allstrick 1 0
oetica 2 0
converst 1 0
ungsund 1 0
croslet 4 0
puppies 23 0
ncursions 3 0
genaueste 13 0
oetics 1 0
partnerships 1 0
haker 1 0
hilobiblicum 1 0
impotence 7 0
haken 4 0
inaugurate 3 0
xplication 2 0
enghis 2 0
converts 24 0
ompanie 1 0
juveniles 1 0
jemals 89 0
nhalten 2 0
reichenden 1 0
rpheus 12 0
inzige 1 0
inzigi 1 0
verhaltn 1 0
copiousness 1 0
umstaendlichsten 1 0
verhalte 3 0
licentiate 2 0
dimming 4 0
onderland 1 0
subdued 49 0
subdues 4 0
dismission 4 0
charwoman 1 0
losternamen 1 0
ngluecksrabe 2 0
bruenstigsten 1 0
ibergrunde 1 0
baronial 2 0
halbaufgerollten 1 0
uncheered 1 0
provision 89 0
angekommen 30 0
riefes 7 0
atsherrn 2 0
glaucous 2 0
olyanthus 2 0
riefen 25 0
acification 3 0
dismissing 10 0
logher 1 0
oetige 2 0
archdeaconry 2 0
eingegrabne 1 0
geprellt 1 0
hrenmahl 1 0
dyen 1 0
vorgeblichen 1 0
orruptions 1 0
oetigt 1 0
ornamen 5 0
dyed 26 0
sweetest 41 0
avasupais 33 0
aufzublicken 2 0
elshazzar 8 0
integument 2 0
ittagsstunde 2 0
ndiens 1 0
amalgaming 1 0
geweint 5 0
wakened 7 0
reliefe 2 0
ambynskan 1 0
eitvertreibe 1 0
hands 1465 0
ignoring 4 0
aufsuchen 14 0
handy 19 0
handicaps 1 0
pruehregen 1 0
umility 9 0
unprofitably 1 0
sinnlos 1 0
inzers 1 0
weigern 1 0
dyes 6 0
essons 8 0
dyer 4 0
publishd 22 0
grenzenlose 5 0
hande 4 0
popoee 1 0
ovals 1 0
orchard 21 0
handa 6 0
heartfelt 7 0
postilions 1 0
handl 1 0
weigere 2 0
handi 1 0
erform 3 0
arefaction 2 0
homsonian 1 0
eingeloeset 1 0
unished 1 0
hance 24 0
ungeruehrt 3 0
cotta 2 0
evocata 1 0
dyin 3 0
rouncy 1 0
appaired 1 0
stagnant 9 0
withholde 1 0
avieren 1 0
eligionis 2 0
schaufelte 1 0
verdriessliche 7 0
ieter 1 0
handelten 2 0
schluchzet 1 0
monopolize 5 0
pressionless 1 0
engist 2 0
uenffingerkraut 1 0
exploit 19 0
rounds 37 0
dyke 1 0
addressing 56 0
orrechte 4 0
geschwaerzt 1 0
ufgehobne 1 0
bottomed 12 0
stelln 1 0
waferers 1 0
twopences 1 0
borough 4 0
nachliesse 1 0
stelle 7 0
paultry 2 0
assessment 22 0
zurueckbebe 1 0
linch 1 0
deported 1 0
knave 35 0
assigns 18 0
usdruecklich 1 0
stellt 28 0
grammarian 17 0
verguetet 1 0
ellenleben 1 0
assignd 4 0
encoding 4 0
verfault 2 0
quipments 3 0
cupiscence 1 0
lebenslaengliches 1 0
rieben 1 0
hunderstorm 1 0
ommissarial 1 0
albzirkeln 1 0
omadic 1 0
albzirkels 1 0
encumbrance 8 0
ucillius 1 0
essoir 1 0
lined 71 0
haughtier 1 0
engine 96 0
hummed 7 0
tinketh 1 0
linen 138 0
lines 414 0
liner 2 0
lizard 8 0
parklike 1 0
lifford 6 0
cipher 13 0
mser 2 0
efner 1 0
gesuendern 1 0
coquettish 2 0
wolkig 2 0
dyls 4 0
hellenist 1 0
calmness 22 0
dyll 1 0
hatchin 1 0
vgmld 4 0
collies 1 0
collier 2 0
erfolg 1 0
anfuhren 2 0
eusche 1 0
utzen 28 0
compost 3 0
cotia 25 0
leihen 3 0
linge 1 0
chnaufen 1 0
skittles 7 0
utzes 2 0
utzer 2 0
archivist 1 0
nterscheid 3 0
explode 7 0
glueckliche 48 0
lingo 1 0
bastion 1 0
sockets 3 0
immels 42 0
lingt 1 0
lings 1 0
significavit 1 0
stealer 2 0
criblerus 2 0
wrathful 5 0
dilettantism 1 0
blaufen 3 0
liebreizenden 2 0
eroism 3 0
converge 3 0
iemanden 2 0
maskierte 2 0
compose 65 0
iemandem 1 0
composd 3 0
betrunknes 1 0
dagesessen 1 0
azetteers 1 0
hatched 9 0
uncompromisingly 1 0
ommissarien 2 0
persecuted 37 0
nteressen 4 0
hummin 2 0
ammsbraten 1 0
ommissaries 3 0
epitomize 1 0
attigkeit 3 0
atakado 2 0
provozieren 2 0
ovara 1 0
enterprizing 4 0
vorliebzunehmen 2 0
umpire 4 0
immeln 1 0
blaesser 1 0
navigations 2 0
entlemen 214 0
gedraengten 2 0
untroubled 7 0
erklaftern 1 0
gedraengter 2 0
contradistinction 5 0
supplicate 7 0
throbbing 17 0
hatchet 5 0
hatches 2 0
ompanys 2 0
tadelten 1 0
dulden 17 0
persecutes 2 0
chmeichelkaetzchen 1 0
andwirtschaft 3 0
duldet 3 0
groesseste 5 0
herumerzaehlt 1 0
linke 13 0
officeres 1 0
unbezwinglich 1 0
cotes 1 0
uffrischen 1 0
factum 1 0
visualize 1 0
links 117 0
emsahib 1 0
trestles 4 0
immers 17 0
zurechtgebunden 1 0
substitutes 4 0
immern 9 0
intimately 36 0
ntstehung 7 0
essort 1 0
stealin 4 0
substituted 23 0
hernach 16 0
companionship 23 0
ircumstances 125 0
officered 3 0
outnumbered 5 0
unmodulated 1 0
nobilissime 1 0
supplicant 1 0
nobilissimi 1 0
artford 4 0
ensemble 1 0
tapestries 8 0
eingelegtem 1 0
wiederbringst 1 0
running 285 0
exalt 14 0
umping 4 0
arkadischen 1 0
enfolds 1 0
hostesses 1 0
chnallen 4 0
unprofitable 22 0
arkadischer 1 0
relievd 10 0
entleman 193 0
inzeln 2 0
antelope 40 0
odney 1 0
relieve 65 0
entsetzlichen 8 0
entsetzlichem 3 0
eroine 2 0
pounding 14 0
relievo 1 0
aderlump 1 0
rigination 1 0
eminariums 1 0
entsetzliches 4 0
entsetzlicher 1 0
intercommunity 1 0
hinzuwenden 1 0
couch 62 0
birdes 18 0
usspruch 5 0
imerick 1 0
graveolens 1 0
beneficence 14 0
zuernt 2 0
moechst 4 0
innre 1 0
isorders 4 0
tripods 1 0
alfpenny 1 0
bowstrings 1 0
prudishness 1 0
moechte 316 0
insinkenden 1 0
deposit 45 0
querulous 1 0
zusammengeschafften 1 0
perpen 1 0
stelai 1 0
disturbance 34 0
igenhaendige 1 0
contesting 4 0
utside 24 0
knack 7 0
ausgereckten 1 0
behemoth 1 0
diversely 9 0
ingredients 12 0
nthology 190 0
ducked 8 0
cemetery 6 0
ducken 1 0
discovering 40 0
duckes 1 0
esculentum 1 0
slumber 46 0
defray 29 0
ratification 9 0
garrets 4 0
abelspitze 1 0
canting 4 0
coude 6 0
geizig 3 0
aselbst 1 0
chlaue 1 0
hineinsieht 1 0
avagero 1 0
sillybillies 1 0
occifer 1 0
faileth 3 0
penalties 58 0
colloquial 9 0
erotikon 1 0
bekuemmerst 1 0
ractatuum 1 0
schwuerig 1 0
allanig 4 0
incorporate 6 0
kleine 218 0
monotones 1 0
jurors 2 0
ardeners 4 0
decoyest 1 0
gereinigte 1 0
radicalism 4 0
bekuemmerte 2 0
mtsgeschaefte 1 0
affenstillstand 1 0
autista 1 0
birdie 2 0
adjournments 1 0
limps 1 0
niederzuschlagen 4 0
deposed 14 0
uperabundance 1 0
likable 1 0
furnishing 29 0
chlapp 1 0
zusehen 5 0
kunntst 2 0
eschuetzers 1 0
pannyrammer 1 0
einheize 1 0
phthegmatos 1 0
vierthalb 1 0
unpitied 3 0
ballunce 1 0
factor 9 0
eddying 3 0
erfreuend 3 0
ietro 6 0
spueren 11 0
istoerchen 1 0
himmlisch 3 0
unheeding 1 0
hanno 1 0
uernberger 3 0
kleins 2 0
herumfuehren 2 0
ostillions 1 0
disciplined 27 0
nrechte 1 0
ordova 2 0
assstimme 1 0
allerman 1 0
sutable 1 0
aiserkronen 1 0
logged 4 0
oorish 12 0
colloquies 2 0
werchfells 1 0
nfirmary 1 0
riggers 1 0
horstuehle 1 0
hanky 1 0
decorously 3 0
inoffensively 2 0
popolo 1 0
umfasste 6 0
rbteile 1 0
innig 10 0
cravest 1 0
innie 17 0
chocolate 25 0
epistolary 10 0
gebettet 1 0
ngestraft 1 0
pierrie 6 0
wohlerleuchteten 1 0
erschweben 1 0
heruebergefahren 1 0
zuerst 93 0
hanke 1 0
kostbare 7 0
peedwell 1 0
ordost 3 0
taatsrat 1 0
prowling 9 0
andhabern 1 0
inckelmanns 3 0
besessen 13 0
ervitude 2 0
hanks 44 0
alfpence 1 0
amsden 1 0
verleugnete 1 0
olderum 1 0
explore 28 0
loggia 1 0
chreibstube 1 0
happened 391 0
baronets 5 0
discoveries 68 0
nrechts 6 0
oehrenbrunnen 1 0
arikaturroecke 1 0
palaios 1 0
einzuraeumen 2 0
eingefasste 2 0
ommissarius 1 0
cotus 6 0
schlaeft 5 0
ridleys 1 0
spraeche 4 0
ropping 3 0
occupiers 16 0
disciplinae 1 0
niais 2 0
hergebrachtermassen 1 0
ergolder 1 0
hanie 1 0
lancets 5 0
whiles 12 0
conspicua 1 0
padlocked 1 0
schlaegt 32 0
alkaline 12 0
hangs 42 0
inney 1 0
olwitz 4 0
whiled 1 0
innen 87 0
paraphrases 1 0
verabredetes 1 0
cotty 1 0
ooring 1 0
innes 12 0
inner 125 0
nzaehlig 1 0
naeherten 5 0
inned 1 0
gewissenhafte 1 0
inneh 1 0
paraphrased 2 0
unfavorable 14 0
inhanced 1 0
sugar 190 0
schluchzte 1 0
unveraenderlicher 1 0
entgegenkommt 3 0
unexpected 110 0
eremonies 8 0
longtitude 1 0
knapp 4 0
chuilkill 1 0
idmouth 1 0
ruther 4 0
maouthful 1 0
mystical 18 0
hange 66 0
allance 14 0
begonia 1 0
silvered 5 0
craggy 5 0
eligionen 1 0
happenin 3 0
sycamore 7 0
herueberkommen 1 0
diminish 134 0
normalerweise 2 0
professorships 2 0
quailed 3 0
barriers 12 0
stagnate 2 0
eremonien 11 0
theaters 3 0
egelschlundes 1 0
horchen 4 0
bidders 2 0
chlafe 13 0
iefstes 1 0
pleasanter 10 0
obwaltend 1 0
esszeiten 1 0
kelettfuss 1 0
iefsten 2 0
agnates 1 0
dyllische 1 0
ourtesies 1 0
suspiring 1 0
uheplatz 1 0
embanked 1 0
usserungen 1 0
chlage 8 0
uffused 1 0
wollig 1 0
formes 3 0
former 812 0
igressionen 1 0
rinitarian 1 0
aintenon 5 0
hambd 1 0
egulars 41 0
formen 2 0
geistreichste 4 0
ieses 97 0
umwinde 1 0
ieser 132 0
formel 8 0
iesen 45 0
inspectors 4 0
arthagenian 1 0
depopulated 5 0
chlafs 7 0
formed 643 0
orescents 1 0
ambatch 10 0
sanftgebogene 1 0
iesem 10 0
iesel 146 0
alpinus 1 0
revocation 6 0
aggie 4 0
woller 1 0
wollen 345 0
inderungstropfen 1 0
whilom 35 0
plunge 33 0
plungd 2 0
rewove 1 0
barrowing 1 0
etweene 1 0
acquisitions 19 0
ittersmanns 1 0
onnell 2 0
apace 23 0
eissendes 1 0
versuche 1 0
foison 2 0
ursues 1 0
larynx 1 0
erwundete 3 0
enlighten 19 0
riecht 3 0
unumschraenkt 3 0
cragas 1 0
versuchten 2 0
mtes 1 0
schreibst 3 0
mter 1 0
erwundert 2 0
neulebender 1 0
scrub 18 0
distends 1 0
rieche 7 0
sinnlich 10 0
happelle 1 0
vorbeirauschenden 1 0
amending 6 0
metonymy 1 0
spuerte 8 0
ursued 1 0
limbs 145 0
isthmus 1 0
sobald 75 0
elaborateness 1 0
ellingham 1 0
enitence 5 0
harlots 4 0
shoestrings 2 0
zaselige 1 0
fevered 2 0
unmeasured 2 0
limas 1 0
superintends 5 0
agged 4 0
uechternen 1 0
agger 1 0
mesmerising 1 0
versucht 25 0
ohongahela 1 0
sedate 7 0
limbo 5 0
stemmt 2 0
pathetische 4 0
compassionable 1 0
deceasd 3 0
horchte 13 0
ursuit 12 0
tially 1 0
chlank 2 0
limed 1 0
umphry 2 0
memorable 63 0
loeschen 2 0
humorists 1 0
emurmel 2 0
darstellten 8 0
germinating 1 0
contemplate 42 0
limen 1 0
decease 11 0
sicher 91 0
limes 3 0
ansions 1 0
crafte 1 0
allants 2 0
impartiality 28 0
gluecklichern 2 0
announce 25 0
odman 1 0
announcd 2 0
crafts 9 0
germination 1 0
enjoyments 31 0
hinteren 2 0
zauberhafte 1 0
orgeschoben 1 0
cuiticans 2 0
crafty 28 0
cosie 1 0
accrue 11 0
picturesqueness 12 0
unterhaltende 1 0
inflation 1 0
matrimony 19 0
pyramidalkolossal 1 0
strophes 1 0
sending 255 0
melodious 14 0
hosphor 1 0
predicting 1 0
zusammengeschnittenen 1 0
chlamm 1 0
inflating 2 0
ierzu 1 0
oorkha 1 0
ssembled 3 0
unsichtbare 7 0
stwald 1 0
aggar 14 0
osenoel 1 0
nversionen 1 0
postolic 1 0
obleeged 4 0
advertisers 1 0
earshot 2 0
halum 1 0
oechlich 1 0
throstel 2 0
tugboat 2 0
etraeumtes 1 0
limit 71 0
albwahnsinnigen 1 0
ranunculus 1 0
dahinfuhren 1 0
overstock 2 0
achtstimmige 1 0
tolerance 6 0
halte 56 0
gezaeumet 1 0
indecent 23 0
turmoil 12 0
leight 1 0
nachdachte 2 0
duckte 1 0
haltn 1 0
mistletoe 2 0
odmer 1 0
zeither 10 0
eigenste 3 0
halts 3 0
fahrenlassen 1 0
unshaven 3 0
prediction 16 0
ethulia 1 0
autochthonische 1 0
moulders 4 0
halse 6 0
biddeth 1 0
niederreissen 1 0
ausgefranst 1 0
halst 3 0
repacked 3 0
gluecklichere 1 0
chlagt 1 0
durchschauen 3 0
ancrates 1 0
eelenreinheit 1 0
quarell 5 0
unfilled 2 0
erdrossenheit 1 0
muchel 5 0
chuechternheit 5 0
whilst 100 0
especters 1 0
franzoesisches 2 0
ngeschick 1 0
franzoesischer 3 0
gnyaw 2 0
amaran 1 0
tylus 1 0
franzoesischen 18 0
ornately 3 0
shushed 1 0
herumsteign 1 0
fisted 3 0
stakeholder 1 0
proclamation 45 0
fistes 1 0
cobwebs 6 0
essuiames 1 0
lindness 3 0
tripped 7 0
abtraten 1 0
ockenschlangen 1 0
astening 2 0
piqued 4 0
hyperbola 1 0
hyperbole 1 0
nschauungskraefte 1 0
andelmilch 3 0
geschwaermt 1 0
umschwebten 1 0
swifts 1 0
mistrust 6 0
enschlichkeit 1 0
swifte 3 0
apara 1 0
cotch 142 0
ichtgestein 1 0
scrip 5 0
anstaendigen 8 0
anstaendigem 1 0
macadamized 1 0
davonrannte 1 0
anstaendiger 6 0
gnarled 13 0
einzunehmen 12 0
anstaendiges 4 0
piquet 1 0
doggerel 2 0
accountability 2 0
apart 165 0
odley 3 0
thereafer 1 0
islokationsplan 1 0
insamkeit 38 0
formte 2 0
odler 14 0
hamps 4 0
riegelsam 1 0
rklaerung 21 0
ermastered 6 0
aegchen 1 0
fernerhin 5 0
vacuity 1 0
phron 1 0
umkreisten 1 0
courtyards 1 0
orgenrot 1 0
olicitors 1 0
aldvoegelein 1 0
ucern 1 0
epitomised 1 0
geistreiches 1 0
greement 21 0
geistreicher 4 0
geistreichen 12 0
apall 2 0
assageten 1 0
iesse 2 0
hereintreten 5 0
throstle 3 0
untold 12 0
pleasantry 24 0
rachthaus 1 0
ohlthat 2 0
selfsame 7 0
anderschaft 4 0
changen 1 0
herausfand 2 0
disputation 25 0
ighteenth 5 0
thousandes 1 0
ambridge 65 0
changed 343 0
amsell 2 0
changes 141 0
dibbled 1 0
frequenters 4 0
screw 23 0
horserace 1 0
earnestful 1 0
insubordination 8 0
sprayed 2 0
auptturm 1 0
dufteten 1 0
planting 44 0
monopolies 19 0
epitomises 1 0
kidnapping 3 0
inweaving 1 0
ausgefragt 1 0
envisaged 1 0
insbesondre 7 0
vegetative 2 0
ertoeten 1 0
erwechslungen 1 0
harbinger 4 0
uantity 76 0
anreizt 2 0
zusammengeflossen 1 0
apaid 17 0
aggon 3 0
loeschte 6 0
apair 2 0
zuwege 4 0
changin 1 0
combinations 47 0
monopolist 5 0
exact 236 0
sitzen 70 0
ourhanoz 1 0
monopolise 3 0
disavows 1 0
ftmals 2 0
ausende 10 0
toadyism 1 0
saturate 2 0
counterfeit 22 0
mediation 19 0
auernstube 2 0
naughtiest 3 0
ordsworthian 2 0
iscouragements 4 0
onologen 1 0
pleasantly 57 0
precious 232 0
thousandth 6 0
apake 1 0
truppweise 1 0
coffin 69 0
unbestimmte 2 0
eaweed 1 0
cherzhafte 1 0
mediating 1 0
ewacht 2 0
malapert 2 0
disavowd 1 0
deceiveth 1 0
richtige 2 0
underwriters 1 0
ausgefuehrt 34 0
apacy 38 0
ebirgsprodukte 1 0
deceivest 1 0
ruehrend 9 0
zusammenwohnen 1 0
ankruptcy 2 0
hingles 3 0
wollte 638 0
aridity 2 0
discontentedness 1 0
coffle 1 0
coste 4 0
ollkommenheit 43 0
recalcitrant 3 0
fluesterten 1 0
deceivers 4 0
hames 19 0
sheltered 26 0
haughtily 8 0
ythokles 1 0
igneous 3 0
unueberwindlich 5 0
relight 2 0
entulus 2 0
anschmiegend 1 0
vegetation 52 0
abhanden 2 0
effervesced 1 0
irtenstab 1 0
hamed 1 0
scourging 4 0
unfriendliness 2 0
kicherten 2 0
neigten 2 0
religio 1 0
ichterquelle 1 0
costs 130 0
rutify 1 0
inmal 8 0
inman 1 0
apago 1 0
canonisation 1 0
loophole 1 0
ssemblys 1 0
llenfalls 3 0
maskieren 1 0
essica 20 0
german 2 0
slowe 2 0
uelflosigkeit 1 0
erfidy 2 0
ucina 6 0
fruchtloses 1 0
fruchtloser 2 0
abetting 1 0
gefluechtet 6 0
ichwald 1 0
muck 4 0
habitations 12 0
elgosa 1 0
cranks 1 0
eregrine 1 0
connexions 9 0
agazine 32 0
welketh 1 0
innovations 8 0
edicts 6 0
arcielles 1 0
diesseit 1 0
sedges 3 0
much 6284 0
omits 2 0
unglaublich 21 0
essiah 7 0
weekly 36 0
essian 7 0
glattesten 1 0
essias 2 0
muff 2 0
quainte 11 0
resolved 311 0
arboniferous 13 0
verrechnet 1 0
hapes 3 0
usdruecken 8 0
financiers 4 0
hardships 60 0
nachzusagen 1 0
hapen 2 0
rankheiten 3 0
indisputably 5 0
kletterte 4 0
suite 8 0
mued 1 0
lictors 1 0
skuffle 2 0
airbanks 6 0
indisputable 17 0
returned 805 0
einsetzen 1 0
fortkomme 1 0
ejaculating 1 0
ebrixa 1 0
jobbed 2 0
patremfamilias 2 0
foined 1 0
hapel 14 0
enumeration 14 0
unsurveyed 1 0
substract 1 0
rhabne 1 0
mugs 1 0
inexhaustibly 1 0
moisture 46 0
sloth 23 0
clouding 1 0
sabelle 2 0
pruechwoerter 1 0
tempests 16 0
sabella 26 0
extinguishing 6 0
chambereres 1 0
elieben 15 0
unctual 1 0
promptings 1 0
engsten 2 0
cranny 2 0
bedeckten 7 0
bedecktem 1 0
fortschreitend 1 0
hirriping 1 0
fetching 3 0
suing 1 0
eingepackt 4 0
picnicking 3 0
inexhaustible 28 0
anzufallen 1 0
raound 3 0
aelern 3 0
ejaculation 7 0
voca 1 0
voce 5 0
nimositites 1 0
rippchen 1 0
iever 1 0
uedlaender 1 0
ineyard 3 0
laborers 16 0
yndham 18 0
ehnischen 1 0
crescant 1 0
gentery 2 0
remonstrances 22 0
ulcet 1 0
enumerating 15 0
nachgebildeten 1 0
ulcer 6 0
magazine 12 0
enectute 1 0
macerated 1 0
channel 81 0
scholiast 7 0
ergolese 1 0
haffing 1 0
mule 61 0
unconscionable 2 0
genteel 15 0
hscrr 2 0
mull 2 0
schimpften 1 0
dripping 26 0
hinderndem 1 0
cineris 1 0
vollkommnere 8 0
rincesses 2 0
ruptured 1 0
ejectment 2 0
vollkommnern 1 0
champion 56 0
vollkommners 1 0
sixteenths 5 0
nformations 3 0
umsaust 2 0
prematurely 12 0
muni 1 0
tanhopes 30 0
devotioun 2 0
nothea 1 0
angefrischte 1 0
unnoticeable 1 0
geschmeckt 1 0
heeling 2 0
documentary 2 0
hitherto 262 0
igginson 2 0
itgift 3 0
heading 22 0
nother 183 0
eitenaltar 1 0
excus 6 0
excur 1 0
xtreams 2 0
jostle 5 0
lampoon 8 0
welkend 1 0
aufgeschreckt 1 0
lyedst 1 0
hithersoever 2 0
jaded 5 0
brokatene 1 0
weggeschafftem 1 0
jades 1 0
ockshorn 1 0
freehold 3 0
geistvollen 1 0
uerden 8 0
ndeavor 4 0
devotions 16 0
enervates 2 0
suits 53 0
classicist 1 0
hacking 2 0
voir 1 0
compendium 2 0
whether 1465 0
unheilbar 1 0
uerdet 1 0
wafers 7 0
void 120 0
historiens 1 0
istums 1 0
quarrelsome 7 0
athaniel 11 0
splinter 5 0
ulfilled 3 0
resolute 31 0
verklaerter 1 0
maechtigsten 3 0
abwechselnde 4 0
costliness 1 0
keintai 1 0
contentions 12 0
verklaerten 4 0
estless 2 0
einsalzen 1 0
ordres 2 0
odesfurcht 2 0
metallnen 1 0
nuance 3 0
sparsam 5 0
entsprossen 3 0
muse 21 0
volo 1 0
mouldiness 1 0
mush 6 0
voll 106 0
gedrungen 9 0
habitatioun 1 0
murk 8 0
nothin 26 0
congregated 11 0
leinodes 1 0
ucius 3 0
ntrance 9 0
riechischen 4 0
cranes 6 0
murd 5 0
lippe 1 0
nthusiasts 1 0
slowest 3 0
fruchtbarern 1 0
rillanten 2 0
inous 2 0
ueberfall 1 0
enervated 2 0
headish 1 0
aeskulap 1 0
repossessed 1 0
rziehung 29 0
illigrew 1 0
snorts 3 0
eventh 7 0
advertising 5 0
contrariwise 18 0
militiaman 1 0
naechstens 9 0
assachusetts 274 0
ausgeritten 4 0
kaleidoscopic 2 0
eventy 8 0
sealskins 2 0
events 314 0
ulbul 2 0
keimt 1 0
odona 1 0
auerhaeusern 1 0
verybody 48 0
geniality 2 0
mute 40 0
evenue 40 0
musn 3 0
oellengipfels 1 0
perrie 1 0
thoroughbred 4 0
musk 9 0
volt 1 0
vols 53 0
must 6016 0
muss 597 0
chwager 34 0
keins 6 0
kommenden 5 0
keine 530 0
gebildete 11 0
terrassenweise 1 0
clenched 14 0
herauszog 1 0
nanias 5 0
desconus 1 0
eliebte 45 0
nearing 8 0
lasford 22 0
unbreathing 1 0
stabler 1 0
jacks 1 0
aecker 10 0
stables 32 0
crosier 2 0
vorn 17 0
vorm 10 0
antagonism 18 0
herumzeigt 1 0
bilderstuermerische 1 0
lioun 3 0
lounjun 2 0
nicer 12 0
antagonist 25 0
vors 7 0
dispirited 8 0
quellenreich 1 0
mmenmaerchen 1 0
olasses 3 0
trundle 1 0
antagonise 2 0
eander 2 0
tendering 2 0
totschmachten 1 0
odore 1 0
puppetshow 1 0
odors 11 0
chaetze 27 0
luminous 54 0
mathematically 2 0
zuviele 1 0
companionships 1 0
plural 11 0
raenenartiges 1 0
cowed 12 0
fengian 1 0
edicht 24 0
geruehrt 50 0
hinanziehenden 1 0
edicin 1 0
vernicle 1 0
voti 1 0
chuylers 2 0
vote 176 0
cower 2 0
unverdrossen 2 0
unstgriff 2 0
scull 1 0
edicis 3 0
prepossessed 2 0
contentious 8 0
sculp 4 0
gemuetlichen 1 0
ussschale 1 0
eeming 2 0
convalescence 5 0
eingesperrt 7 0
vory 4 0
widrig 2 0
elikatesse 2 0
alkalpen 2 0
blitzschnell 2 0
ibiblio 14 0
omino 1 0
happy 714 0
ngezogen 1 0
omini 14 0
oming 14 0
bloodsuckers 1 0
omine 14 0
perwisions 1 0
sloop 20 0
wildernesses 2 0
carbon 5 0
ucien 1 0
ylvias 1 0
odour 39 0
streitig 6 0
evenly 10 0
vous 20 0
weisesten 1 0
eissfisch 1 0
archesterians 1 0
usziehens 1 0
happe 1 0
nicht 6912 0
slope 103 0
epublicans 52 0
sterve 20 0
edivivus 2 0
palaces 24 0
happi 1 0
innahme 6 0
kanonische 1 0
niche 4 0
geruehmt 2 0
slops 1 0
ribunal 8 0
suspendiere 1 0
elblichen 1 0
handicrafts 1 0
immerses 1 0
ybody 1 0
suiji 3 0
nickt 1 0
sterre 2 0
nurturest 1 0
concurring 10 0
verhinderte 5 0
chubby 4 0
ehklage 1 0
rinces 29 0
distraineth 3 0
nicke 1 0
abgebunden 1 0
vows 50 0
spielend 8 0
colourlessness 1 0
ieronymus 3 0
entwaffneten 1 0
ulcan 3 0
begeistern 1 0
immersed 11 0
begeistert 8 0
cramps 9 0
onnets 3 0
timberyard 1 0
haply 33 0
sprichst 5 0
schluepfrige 2 0
wohlgeordnete 1 0
eographical 2 0
viciously 7 0
iberator 10 0
ucian 12 0
upferpfennige 1 0
scurf 2 0
potential 4 0
hartnaeckigste 3 0
gedrehtes 1 0
geschaerften 1 0
incarnate 2 0
ohlgebaut 1 0
unreckoned 1 0
inappropriately 5 0
streiten 13 0
streitet 1 0
unvermeidliche 4 0
omish 14 0
hereand 1 0
entgegengrunzt 1 0
superabundantly 1 0
eulogistic 2 0
unfavourably 4 0
affiliated 1 0
hopelessly 27 0
sterne 3 0
iacenza 4 0
ievon 5 0
unachtsame 1 0
soupled 1 0
behaengt 4 0
unfavourable 60 0
flanzengestalten 1 0
returnin 1 0
orvees 1 0
workmanship 37 0
schwaermende 1 0
stablin 1 0
submits 6 0
ddieren 1 0
hrenmanne 1 0
panions 1 0
eilort 1 0
worinnen 1 0
blacking 5 0
whiffs 3 0
disobliging 2 0
magnates 5 0
deckhouse 1 0
joyfulness 2 0
schuldlose 1 0
verdenkst 1 0
anstaendige 4 0
tenable 3 0
eidische 1 0
lacklustre 1 0
couth 3 0
coute 1 0
nudgings 1 0
durchreist 2 0
fleshy 8 0
lanketry 1 0
court 420 0
subsidiary 8 0
ffidavit 1 0
ullien 2 0
carats 3 0
chlorided 1 0
phallic 1 0
councils 47 0
unternaehme 2 0
eobachtet 1 0
agile 7 0
acceperimus 1 0
eobachter 6 0
autioning 1 0
erleichterte 3 0
pathies 1 0
hivered 2 0
belagert 2 0
popper 1 0
unveraenderlichen 3 0
loesterchen 1 0
echtsgelehrter 3 0
belagern 2 0
phorism 2 0
echtsgelehrten 1 0
arbados 1 0
teinhauer 1 0
ritibus 1 0
efolg 2 0
convents 10 0
blackish 9 0
gerichtliche 1 0
lanketts 3 0
nterstices 1 0
ungekostet 1 0
nemone 3 0
sinnige 2 0
couts 2 0
popped 2 0
ministring 1 0
umbrici 6 0
predication 5 0
aging 3 0
gelehrtesten 1 0
nzuge 1 0
salbadrisch 1 0
nzugs 1 0
barristers 1 0
humiliatin 1 0
laudatores 1 0
reckoning 20 0
terebinth 2 0
coupe 14 0
habitura 1 0
concave 9 0
omagna 14 0
richard 2 0
count 183 0
izilien 33 0
undergoes 5 0
zones 9 0
speiseten 1 0
geklaeppert 1 0
verborgenen 8 0
succulent 12 0
vorsaetzliche 1 0
exegetical 1 0
deceives 10 0
deceiver 12 0
torchelight 1 0
aelfte 46 0
pilotage 2 0
uercin 4 0
auszustroemen 1 0
deceived 136 0
notice 363 0
chwefelgeruch 1 0
outlast 4 0
omerische 1 0
irrelevantly 1 0
waermern 1 0
schreiender 1 0
nachlassend 1 0
waermere 1 0
bedtime 4 0
einnahm 1 0
unzaehligen 11 0
isjoined 3 0
lineded 1 0
uchte 1 0
andesgewohnheit 1 0
highland 7 0
stetig 1 0
ritical 7 0
scuff 1 0
echzehnte 1 0
unafraid 1 0
wackelten 1 0
glaenzenden 13 0
masonries 1 0
wondrously 5 0
glaenzender 4 0
zehren 1 0
undestood 1 0
unforgotten 1 0
zerrupfte 1 0
glaenzendes 2 0
xhalations 1 0
etterwolke 1 0
entuned 1 0
careening 1 0
enforcing 18 0
trailed 13 0
istorienschreiber 1 0
unruehmlich 1 0
obsession 2 0
notify 3 0
outlaws 1 0
trailer 9 0
aculty 16 0
zusammenzubringen 2 0
authorisation 1 0
sinning 17 0
qazing 1 0
riebfedern 10 0
disapprove 25 0
disapprovd 2 0
illness 65 0
repainted 1 0
ausverwandten 1 0
variierte 1 0
lengthen 9 0
beifallen 1 0
could 7768 0
hoever 35 0
lrica 2 0
lrich 7 0
prickelten 1 0
vphs 1 0
proffereth 1 0
agier 1 0
surcharged 1 0
powerfulness 1 0
uptiis 2 0
furtherings 1 0
mmune 1 0
forged 17 0
sulkily 4 0
dovecots 1 0
egularly 2 0
gebissen 3 0
cough 12 0
ostwagen 2 0
harboured 3 0
zudraengten 1 0
orthanger 1 0
snaringly 1 0
erodes 3 0
hinabbegeben 1 0
exhortations 8 0
reinigt 2 0
principled 1 0
difficult 530 0
addressd 4 0
adeleben 1 0
spritzte 2 0
shikarries 1 0
undergone 46 0
eroded 7 0
forget 316 0
steter 5 0
feierliche 5 0
forges 4 0
unseresgleichen 1 0
dovecote 1 0
forger 4 0
reinige 1 0
principles 606 0
heaviness 34 0
aleometha 1 0
testifying 7 0
problems 54 0
unsaegliche 5 0
facond 2 0
reefing 1 0
innts 1 0
sulking 2 0
berichte 1 0
bgrund 18 0
prentice 7 0
ausschweifende 1 0
deanery 43 0
orinthians 1 0
discountenanced 3 0
innst 1 0
scudo 1 0
uchse 1 0
lions 56 0
agian 2 0
scuds 1 0
convenes 1 0
dorische 1 0
nglished 1 0
intellection 1 0
erhellen 3 0
forgie 2 0
inoui 1 0
leidet 15 0
leides 2 0
aeulenmassen 1 0
leider 140 0
erhellet 2 0
cover 204 0
manhoode 1 0
theatre 67 0
chmaeuse 1 0
sparten 3 0
ulauf 1 0
covey 1 0
loedsinn 1 0
magnatum 1 0
uerchten 2 0
covet 13 0
immedi 2 0
coves 9 0
gewurzelt 1 0
angelegenste 1 0
taendelte 2 0
aeltliche 2 0
habitude 2 0
mblick 1 0
eingestochen 1 0
ullius 10 0
understandable 1 0
zusammennehmend 1 0
aufsuchte 3 0
aufzusagen 1 0
overrule 1 0
herbeikommen 4 0
volgare 1 0
inors 1 0
swooping 2 0
icesima 1 0
assagieren 1 0
howing 3 0
equality 80 0
honour 599 0
spritzen 1 0
trousers 44 0
otenmahl 2 0
aribaldi 7 0
mannered 5 0
terrestris 6 0
censurable 2 0
olemarchus 30 0
convened 4 0
leidig 3 0
ajorin 1 0
oisson 1 0
ession 39 0
habitual 48 0
irtschaft 25 0
biennials 1 0
geirrt 3 0
guilders 22 0
honors 21 0
reining 1 0
whenever 216 0
inops 1 0
heppin 1 0
variieren 2 0
inope 3 0
ajorca 1 0
haori 3 0
haruspication 1 0
ueberwunden 9 0
verdenken 7 0
linum 1 0
sembly 3 0
toothcombs 1 0
essina 24 0
nadenbrief 1 0
riticks 4 0
essing 3 0
semble 2 0
iscontent 6 0
defalcation 2 0
linte 4 0
deponents 1 0
inona 6 0
sparrowhawk 3 0
omanesque 4 0
quickwitted 1 0
auswaerts 9 0
disesteem 1 0
ffengerueste 1 0
swevens 2 0
carafe 2 0
ullion 5 0
entwischen 1 0
terrestres 1 0
honord 12 0
railroads 17 0
oscarini 1 0
ccentricities 1 0
kehrt 18 0
abwiegenden 1 0
unsparing 5 0
equalize 1 0
lutherius 1 0
maitres 1 0
uccleuch 3 0
kehre 7 0
beguckten 1 0
eform 24 0
undefaced 2 0
aiters 1 0
rinder 1 0
erschliesst 1 0
anschauende 1 0
efore 299 0
eilmittels 1 0
schlaengelt 1 0
fragten 9 0
hochverklaertes 1 0
onesided 1 0
chastises 3 0
dahinzogen 1 0
legions 16 0
andsomely 2 0
uaeritur 1 0
vorfallen 1 0
chastised 7 0
erlorne 3 0
diesem 564 0
mannerly 1 0
diesen 633 0
zehrte 1 0
saitisfeed 2 0
foreign 854 0
belabor 1 0
uchet 1 0
dagged 1 0
uches 7 0
ucher 2 0
enkweise 3 0
uchen 20 0
uchel 1 0
teinbloecke 1 0
onslaughts 6 0
haole 33 0
bilking 1 0
excel 21 0
errschersinne 1 0
dieses 565 0
ebullition 1 0
electrifying 1 0
jedesmal 21 0
dieser 1011 0
excep 3 0
forgot 148 0
evenant 17 0
redcarpeted 1 0
aetzchen 1 0
impediment 15 0
desertedness 1 0
riticum 1 0
pamphets 1 0
deertrace 1 0
herumzuschlagen 1 0
ingstuecke 1 0
theater 14 0
rindal 10 0
campful 1 0
resolves 39 0
dagger 23 0
privations 3 0
stesso 1 0
inaccurately 2 0
agiou 2 0
coerces 1 0
errenkungen 1 0
replacement 121 0
coerced 5 0
aforesaid 52 0
essius 5 0
gekostet 16 0
raelaten 1 0
whirligig 1 0
arschalls 1 0
carbines 1 0
cinchona 2 0
ucidite 1 0
attendant 54 0
pulverised 2 0
uchan 1 0
concealed 174 0
listening 116 0
catarrh 2 0
emittances 4 0
nselzustand 1 0
elerinage 1 0
defaulters 2 0
transfigure 2 0
paladin 1 0
indchen 1 0
skyward 3 0
hochroten 1 0
mweg 11 0
foremen 1 0
resently 52 0
objects 520 0
ommoden 2 0
ebirge 42 0
ovett 1 0
bestiegen 8 0
harme 2 0
erwaendtschaft 1 0
harms 17 0
aikiki 22 0
ebirgs 5 0
lires 1 0
glimpses 17 0
scencan 1 0
owingto 1 0
ockhampton 1 0
glimpsed 3 0
occide 1 0
ereupon 4 0
igenes 2 0
alkgesteins 1 0
popularising 1 0
harle 1 0
hervortue 1 0
hervortut 1 0
intelligently 10 0
hervortun 2 0
chapters 47 0
overn 4 0
tanhope 209 0
steadying 4 0
overs 6 0
allagonia 6 0
adoleto 3 0
zusammenband 1 0
movment 1 0
withsayn 1 0
drayman 3 0
sicken 4 0
unrelenting 10 0
sicker 13 0
eolia 1 0
eolic 1 0
haris 1 0
slouching 1 0
hepherds 1 0
bejaped 2 0
zarina 2 0
eisterlohn 1 0
overt 7 0
solidified 2 0
verabsaeumte 1 0
ustschloss 1 0
vordringende 1 0
besorgliche 1 0
nachgezeichnet 1 0
principiis 1 0
verdienstlich 1 0
uerbis 1 0
foreman 10 0
cantaloupes 1 0
apfen 2 0
moreens 1 0
agricultural 31 0
echtesten 1 0
malorum 3 0
uckoo 24 0
unftmeister 1 0
beanes 1 0
chulexerzitien 1 0
semicircles 1 0
oveys 1 0
distorted 36 0
secretion 14 0
usenbaum 3 0
determinieren 1 0
sparrows 1 0
onfektaufsatz 1 0
blossomed 8 0
rdbeben 8 0
treachery 40 0
erhellte 4 0
chaerfe 4 0
harge 46 0
sickin 2 0
hungered 3 0
secreting 1 0
ycurgus 3 0
perpetrators 3 0
riefly 1 0
unturned 3 0
inigkeit 4 0
wirkend 2 0
spectantium 1 0
councillor 2 0
hares 8 0
elkenstock 1 0
wetteifern 3 0
errscherlust 1 0
harem 3 0
aglow 6 0
erteile 1 0
unqualifiedly 2 0
hapelets 3 0
vieleicht 2 0
arfield 3 0
ravissante 1 0
erteilt 2 0
wetteifert 1 0
harff 2 0
abhing 6 0
college 142 0
geringstem 1 0
sickle 6 0
riefst 2 0
ocrates 137 0
hardy 43 0
geringster 2 0
ocraten 1 0
geringsten 11 0
wimmen 2 0
muckle 16 0
eanest 2 0
osgebunden 1 0
uenstlerlust 1 0
zugestutzt 1 0
ensorship 2 0
eingeschlummert 1 0
controuls 1 0
captious 2 0
moveor 1 0
sporting 16 0
eltwirtschaft 1 0
artisane 1 0
animation 32 0
goldsmithry 1 0
resented 28 0
vaterlaendischen 2 0
ufwartung 8 0
urrounding 4 0
otukonangwun 1 0
unsaeglich 14 0
eanery 2 0
prejudge 2 0
agoshima 1 0
harde 8 0
artisans 20 0
harbn 1 0
geraume 13 0
engern 1 0
rastlin 1 0
lishman 1 0
tyres 1 0
furthering 2 0
haram 2 0
teilnahm 2 0
aximianus 1 0
heartening 1 0
sular 1 0
erklaerlich 2 0
hinaufstieg 1 0
xenoglossy 1 0
ersuendigung 1 0
sickly 35 0
agriculturist 1 0
herausnehmen 2 0
zugunsten 1 0
bethink 9 0
gefuehlvolles 1 0
gefuehlvoller 1 0
movers 2 0
trohhuette 1 0
larvae 4 0
ausgesprochene 1 0
twigges 1 0
presume 110 0
presumd 4 0
ocratic 9 0
cutcheon 1 0
twigged 1 0
fishlike 1 0
bedcloze 1 0
aenslein 1 0
zinnernen 2 0
uilleries 1 0
zinnernem 1 0
amplified 3 0
epoque 1 0
rastled 1 0
perniciously 1 0
agles 1 0
eschreibungen 7 0
alkfels 1 0
collect 92 0
humida 1 0
ankuendigte 6 0
baseness 24 0
ausgefuellt 17 0
ravestone 1 0
ulers 10 0
hinging 1 0
rastles 2 0
tuneable 2 0
agabonds 2 0
auptsachen 1 0
schneidermaessig 1 0
hylock 5 0
rescott 7 0
witschern 1 0
animating 5 0
leiden 44 0
chaerpe 3 0
schicht 6 0
undergraduates 4 0
gefuehlvollen 6 0
ostaments 1 0
puppets 4 0
ommodus 9 0
lique 1 0
intimation 19 0
vorbeizog 1 0
foretaste 6 0
nieen 4 0
dissections 2 0
sonderliches 1 0
sonderlicher 2 0
atmore 2 0
schauerten 1 0
sonderlichen 2 0
aturninus 1 0
kerblink 1 0
ntwurf 5 0
annual 452 0
weened 18 0
eutseligkeit 5 0
verzweiflungsvoll 1 0
unmixed 27 0
cravats 3 0
pertly 1 0
beschriebene 1 0
noting 15 0
belacht 2 0
weenen 3 0
sperunce 2 0
udringlichkeiten 1 0
ignerol 37 0
unexplored 8 0
egengeschenk 1 0
alternatives 6 0
gerauft 1 0
oleander 1 0
anonicorum 1 0
moustaches 2 0
accuse 58 0
ntroubled 2 0
erlaubten 5 0
mitangekommen 1 0
forthright 2 0
orwissen 1 0
gallipots 1 0
reiheiten 11 0
ransgression 1 0
deeming 6 0
notion 168 0
releasing 5 0
awaguchi 4 0
esorgnisse 4 0
egenwand 1 0
gepfiffen 1 0
defileth 1 0
detection 20 0
ucked 2 0
udelgericht 1 0
strenuously 17 0
ergnuegliche 1 0
widths 3 0
zuende 1 0
indistinguish 1 0
knell 4 0
alestake 1 0
nkoemmling 8 0
collere 2 0
coyly 1 0
knelt 35 0
hervordringen 1 0
tenderfoot 7 0
ndependency 11 0
flewen 1 0
foddering 1 0
leicht 320 0
ebirth 1 0
ndependence 98 0
protestantism 1 0
ausgestanden 5 0
leiche 1 0
reliquos 1 0
octogenarian 1 0
abgebrannt 4 0
seinetwillen 7 0
weiterzudenken 1 0
refraining 5 0
runnens 3 0
ingerlein 3 0
wuerfelten 1 0
lackstone 4 0
fischen 1 0
colleagues 22 0
elinquenten 1 0
thriccan 1 0
detecting 11 0
inepins 1 0
ueberdachten 1 0
whiskey 25 0
annenmayr 1 0
egenwart 179 0
herbeifuehrte 1 0
unshared 2 0
baronage 2 0
unstreitig 5 0
whisked 1 0
gesaettigten 1 0
mitgebrachtes 1 0
intimating 5 0
woechentlich 3 0
ittenwald 3 0
nterzessionen 1 0
enthaltenen 2 0
behauptete 29 0
hereinzog 2 0
eolus 18 0
harva 1 0
resolving 21 0
runnels 1 0
rzaehlten 1 0
footstool 6 0
mitgebrachten 3 0
bsuchen 1 0
zuwarf 1 0
chastisements 3 0
prachtvollsten 2 0
ordtat 1 0
egierde 60 0
sendest 1 0
eumenes 1 0
ovela 1 0
stiring 1 0
contrar 2 0
delineated 11 0
runnest 1 0
ovell 24 0
sendete 2 0
steppe 1 0
steppd 1 0
apezier 1 0
sendeth 5 0
humiliated 3 0
physische 1 0
soldered 3 0
apothecary 19 0
runneth 10 0
fetish 2 0
harta 6 0
verbergen 97 0
unerklaerliche 2 0
violet 28 0
ustfahrt 2 0
runners 23 0
harte 22 0
cherubim 3 0
hingibt 5 0
horizontally 23 0
indernisses 1 0
ovels 7 0
indernissen 1 0
secretaryship 2 0
ovely 2 0
erschmaehte 1 0
kombinieren 1 0
harts 3 0
sufficing 4 0
harsh 71 0
cherubic 2 0
babies 38 0
orgebirge 6 0
ontinuation 2 0
rouses 9 0
geschmueckte 5 0
reface 6 0
fengabel 2 0
bgaben 3 0
hamstring 6 0
ouncellors 9 0
pounders 6 0
pigrams 9 0
harre 1 0
consulted 70 0
onward 43 0
corbels 1 0
inversely 1 0
falzgraf 1 0
zanksuechtigen 1 0
harpy 1 0
handsom 6 0
herauszureissen 3 0
howlin 3 0
ontradiction 4 0
oroners 2 0
flankers 1 0
entgegenstreckte 1 0
ucket 1 0
ucker 127 0
neckcloth 5 0
eolog 8 0
ucken 3 0
jingoes 1 0
uckel 5 0
ohnbediente 2 0
reliques 2 0
roused 99 0
disquieted 2 0
efreiung 6 0
violin 14 0
behauptend 2 0
harow 4 0
harpe 4 0
glamour 5 0
detective 44 0
enclines 1 0
geraubt 6 0
iebhaberrolle 1 0
eibeigene 1 0
candinavian 3 0
harps 5 0
mulett 1 0
wohlriechend 1 0
oronets 1 0
captain 128 0
blether 1 0
ovemr 4 0
adjective 3 0
eidpath 1 0
vrai 1 0
widerhallt 1 0
armichael 2 0
subvert 6 0
haron 2 0
tatute 12 0
robheiten 1 0
doglike 1 0
pruriency 1 0
niederlegten 1 0
ovens 1 0
abforderte 1 0
mulete 1 0
ovent 4 0
rieges 7 0
rieger 8 0
harbingers 3 0
oubtless 19 0
ierzehn 2 0
prophezeit 1 0
sensational 6 0
aufgekommene 1 0
unrechten 4 0
commiseration 1 0
beginnin 4 0
ntzauberung 2 0
complex 33 0
erwischen 5 0
contriv 1 0
hinsudele 1 0
crakel 1 0
unschaedlicher 1 0
antreten 5 0
lbridge 35 0
zugehoert 10 0
uldie 42 0
everly 3 0
ueckfaellen 1 0
hilopregmon 2 0
ormosa 1 0
nverbesserlichkeit 1 0
ossidonius 1 0
utchinson 52 0
kleinmuetig 2 0
evermo 22 0
leibte 1 0
asrologer 1 0
foreleg 2 0
cartloads 4 0
diamants 1 0
unfortified 1 0
enkarten 1 0
verrueckten 2 0
ransacked 5 0
weggetan 1 0
zugehoere 3 0
nidus 1 0
craked 1 0
erracina 4 0
rgentarius 1 0
rbitrio 2 0
renzen 32 0
egulater 1 0
lovelocks 1 0
beames 6 0
aeckerladen 1 0
corbets 1 0
howled 9 0
unlimitted 1 0
autious 1 0
egulated 2 0
scended 1 0
synonymously 1 0
beamed 11 0
ebensgenossen 1 0
eports 10 0
fricanus 6 0
ankuendet 1 0
aschwerk 1 0
beginnen 5 0
coldhearted 1 0
emophoon 1 0
nearest 146 0
rousle 1 0
shipbuilding 2 0
einwirkend 2 0
siebzig 1 0
beginnet 1 0
reticent 4 0
beginner 5 0
behangen 4 0
aufgefuehrten 2 0
unplastered 1 0
essler 1 0
orgetfulness 4 0
andelshaus 1 0
chleir 1 0
geologist 14 0
ngenannten 1 0
ntschlossen 1 0
uersteher 4 0
aufgesackt 1 0
neareth 1 0
rigging 8 0
sobers 1 0
millefolium 1 0
ormons 3 0
niedrigeren 1 0
renovate 1 0
rously 1 0
mountebanks 2 0
ulden 6 0
ortunate 1 0
mediator 4 0
gashed 3 0
heischet 1 0
trained 113 0
interessierten 1 0
heischen 1 0
disappoints 2 0
savouries 1 0
gashes 3 0
traines 1 0
trainer 3 0
plarster 1 0
strategical 1 0
undoubting 2 0
merkwuerdiger 6 0
artially 1 0
snored 2 0
entoiled 1 0
merkwuerdiges 2 0
reviewing 5 0
dinner 413 0
fulfilld 1 0
equalled 35 0
ndependents 11 0
hilosophorum 1 0
everse 6 0
earching 1 0
araffine 2 0
dinned 1 0
merkwuerdigen 10 0
yndics 1 0
elbstaendigkeit 3 0
hinelands 1 0
plaziert 2 0
moosbedeckten 1 0
rchduchess 2 0
fleuve 2 0
aelder 14 0
compulsive 1 0
persidin 1 0
knead 2 0
vornehmern 1 0
onderbarste 1 0
infelicities 1 0
unpassenden 1 0
vornehmere 1 0
liachim 1 0
cradles 2 0
deceiving 21 0
faithfully 60 0
ndreas 2 0
schwankfuessigen 1 0
forasmuch 13 0
steres 2 0
tiranni 1 0
attracted 101 0
befehlen 7 0
ordure 2 0
evered 1 0
zerreissen 17 0
plures 1 0
rsuchen 2 0
riegst 1 0
signpost 1 0
starrenden 1 0
focuses 1 0
aribanou 1 0
iewed 4 0
personelle 1 0
autions 1 0
livelier 7 0
sterbe 8 0
sleighing 1 0
glumly 2 0
affeehaus 3 0
analogies 23 0
dmiraltry 1 0
chwache 1 0
rewsterite 1 0
ordiality 1 0
pitifulness 1 0
aterland 27 0
zoonin 2 0
knees 231 0
schmackhafteste 1 0
thirled 2 0
emperature 2 0
eitlaeufigkeit 1 0
erflow 1 0
eidenfabrikanten 1 0
kneed 2 0
efragen 2 0
jishindo 1 0
wegzuputzen 1 0
olwood 1 0
thirles 2 0
administered 49 0
kneen 2 0
depreciate 10 0
kneel 18 0
officially 22 0
gebackenes 2 0
kaleidoscopes 1 0
onnier 1 0
azzettes 1 0
establish 184 0
trailers 8 0
focused 1 0
rticulate 1 0
complid 1 0
iscaya 1 0
unbeschreibliche 4 0
oldsuche 1 0
snuggery 1 0
everil 1 0
onfassen 1 0
entlehnen 1 0
seemings 1 0
eheiligtes 1 0
niece 90 0
bequeathing 3 0
erethrough 1 0
agked 1 0
armlets 1 0
initiative 5 0
unroofed 1 0
ridling 1 0
control 219 0
desouvre 1 0
solebam 1 0
kopieren 1 0
olunteers 69 0
chattering 18 0
beizuspringen 1 0
lineage 22 0
sandigen 1 0
mediately 3 0
armless 1 0
clouted 1 0
sandiger 1 0
soleant 1 0
vollkommenen 7 0
steigenden 2 0
sehnete 1 0
zweideutige 5 0
inhole 1 0
exert 50 0
vollkommenes 2 0
cloutes 2 0
vollkommener 9 0
mortalium 1 0
rastlos 3 0
sandiges 1 0
hseng 1 0
ountreymen 1 0
sportive 6 0
lapperschlangenartiges 1 0
foring 1 0
calorifere 1 0
zigzag 11 0
hinstreichende 1 0
unterrichteter 1 0
maliciously 3 0
uerass 2 0
unterrichteten 3 0
accretions 2 0
dilapidation 4 0
orgesetzten 5 0
schicke 10 0
edibles 1 0
fetchers 1 0
erwischte 3 0
hervortat 2 0
istula 1 0
overhearing 3 0
echenschaft 34 0
schickt 28 0
silent 363 0
untrustworthy 1 0
edschnun 6 0
ndrews 8 0
leiben 10 0
silenc 1 0
ntsetzt 1 0
verkehrt 1 0
anstrengten 1 0
mortality 36 0
ntipode 3 0
commodate 1 0
kontrastierte 2 0
besagt 1 0
ignite 2 0
paepstliche 5 0
nuetzliches 1 0
ewaesche 1 0
nkindle 1 0
nuetzlicher 5 0
chwaden 1 0
dislike 105 0
sparrer 3 0
verkoerpern 2 0
inque 2 0
unpainted 4 0
ylvius 3 0
verkoerpert 2 0
leibet 1 0
fricaner 1 0
apete 2 0
beladen 8 0
eokuk 1 0
ignitz 1 0
ignity 32 0
trafgerichte 1 0
nuetzlichen 10 0
resounds 1 0
heiters 1 0
oppositions 5 0
inhook 1 0
encouragers 2 0
subtilties 2 0
heitern 25 0
heiterm 5 0
fliessendes 1 0
idolaters 4 0
threshhold 1 0
fliessenden 2 0
fetchest 1 0
heitere 22 0
umschriebenen 1 0
albernsten 1 0
discord 36 0
racconeri 2 0
irtshauses 2 0
besaet 1 0
beginnst 3 0
astruccio 2 0
records 46 0
underworked 1 0
weggefallen 1 0
saunter 1 0
everal 120 0
lyfauntes 1 0
initiation 4 0
geweckt 8 0
arcello 2 0
ingieten 1 0
constructiveness 1 0
compulsion 8 0
types 25 0
amendeth 1 0
camphor 4 0
ivouac 1 0
rationalistic 8 0
typed 1 0
exemp 1 0
ombination 7 0
brouding 1 0
orthcote 2 0
initiating 2 0
lastisches 1 0
verblueht 1 0
buoyed 4 0
hrysogone 1 0
albhelle 1 0
igeons 1 0
benefaction 2 0
besass 20 0
rueckkehrender 1 0
routin 2 0
iconderoga 11 0
erunterfahrendem 1 0
heelers 3 0
fatness 2 0
cowerds 1 0
malheureusement 1 0
monsters 33 0
auswandernden 1 0
machicolations 1 0
illkuerlichkeit 1 0
jeopardy 7 0
cowered 4 0
stablishment 33 0
erreichbar 21 0
cablegrams 2 0
semicope 1 0
balustrades 3 0
damsels 1 0
estlein 1 0
surgeons 14 0
genuegend 1 0
xcused 1 0
unsuccessful 33 0
howkin 2 0
apert 4 0
scheiteste 1 0
gallihalpens 1 0
andelaber 3 0
apers 395 0
usflug 1 0
eveque 1 0
econcilement 1 0
akademischen 1 0
akademisches 1 0
wenige 69 0
pacification 2 0
aptains 7 0
krupel 4 0
mitwirkende 1 0
ggageers 5 0
rehearsings 1 0
spluttering 5 0
entlehnte 2 0
ankuendiget 1 0
misgovernance 1 0
maitter 5 0
troemung 4 0
routes 15 0
nidos 1 0
apels 1 0
mfpindung 1 0
unintentional 5 0
bobance 1 0
thebowed 1 0
ankuendigen 1 0
hereinbringen 1 0
pacified 4 0
maneuvering 2 0
pacifick 1 0
satisfait 1 0
naschten 1 0
ninepence 6 0
besann 7 0
truempf 1 0
persoo 1 0
person 1438 0
enforce 57 0
glitter 10 0
savouring 3 0
banquets 9 0
execu 1 0
secretive 2 0
obtainable 2 0
meilenlang 1 0
oechlein 1 0
cendent 1 0
aloche 1 0
igning 1 0
sailormen 3 0
sparrow 26 0
klingenden 1 0
klingendem 1 0
mediated 1 0
routed 16 0
ndress 1 0
limited 150 0
occire 1 0
antelsaecke 2 0
enervate 1 0
gewuenschten 6 0
scherzhafte 2 0
gebornen 5 0
liebreicher 1 0
aufgefangen 5 0
succinctly 1 0
geborner 2 0
onscius 1 0
isputieren 1 0
hundertjaehrigen 1 0
ntransi 1 0
supernal 2 0
protestierte 1 0
eparture 11 0
meaux 1 0
stewes 1 0
unches 2 0
klebte 2 0
aphne 17 0
crusades 3 0
angling 1 0
agnus 7 0
uftritte 3 0
nemonen 1 0
thalt 1 0
meats 26 0
lasphemy 3 0
undergrow 1 0
enugsam 1 0
irgendwo 27 0
ueberwoelben 1 0
aphos 5 0
entfaltete 4 0
loneliest 2 0
slowing 2 0
pipling 1 0
bwesenden 3 0
impressd 7 0
wukken 1 0
impressa 2 0
atsuporo 5 0
facetiously 2 0
tygian 3 0
arkttage 1 0
befuehlte 3 0
erregen 28 0
accessories 6 0
refurnished 1 0
thana 1 0
ueberkleideten 1 0
cleverest 4 0
thang 1 0
thank 219 0
exorbitant 36 0
geselligen 11 0
truenke 1 0
entquillet 1 0
mitigatedly 1 0
ursitor 2 0
geselliges 1 0
asserriss 1 0
unrivaled 2 0
dieselben 13 0
yrgopolynices 2 0
iebshehlerin 1 0
empfahlen 1 0
sumus 1 0
ompastore 1 0
oldatenstande 2 0
intin 1 0
omnes 3 0
beacon 6 0
zwangen 2 0
eemeth 2 0
advisedly 8 0
unwesentlich 2 0
docility 9 0
aaukuu 7 0
ursuance 3 0
downwards 42 0
exham 1 0
myse 17 0
ueckkunft 11 0
adicalism 2 0
nowledge 121 0
trassenmitte 1 0
weggeschwemmt 1 0
schreckliche 10 0
wohlgeputzten 1 0
innacle 1 0
myrt 4 0
attooing 1 0
ocinianism 4 0
ochlaender 1 0
nstinkts 1 0
peachy 1 0
damantine 1 0
ungleich 13 0
entfaltend 1 0
prognosticate 2 0
aphex 1 0
liebten 10 0
kennt 58 0
ntervals 2 0
balbutire 1 0
myth 15 0
kenna 3 0
verfaelschen 1 0
kenne 80 0
venturous 1 0
blandishments 5 0
freights 2 0
scurrilous 4 0
inten 3 0
jurist 2 0
seligmachenden 1 0
inter 160 0
ofmanns 1 0
omnia 9 0
oldness 6 0
philosophers 175 0
paribus 1 0
herumtaetschelten 1 0
heilsames 2 0
erzhaftigkeit 3 0
inted 2 0
rzaehlung 80 0
heilsamen 3 0
duestrer 1 0
anzutun 2 0
hathe 1 0
egenswuenschen 1 0
confides 4 0
jauntiness 3 0
loozes 1 0
unbefiederten 1 0
omney 11 0
uietism 8 0
allerliebstes 2 0
allerliebster 1 0
erfect 21 0
efunden 1 0
allerliebsten 9 0
lcimus 1 0
nchorage 1 0
tygiis 2 0
igners 2 0
erquickten 6 0
haten 1 0
dreadeless 2 0
goats 59 0
litte 2 0
hates 29 0
hater 6 0
lieblichsten 5 0
moccasins 7 0
suner 3 0
confided 26 0
industries 19 0
zugeschlossen 6 0
lieblichster 1 0
usrufen 1 0
igness 1 0
ducator 1 0
dringende 5 0
basking 12 0
traveler 27 0
exhibiting 27 0
thocht 10 0
aughers 1 0
contemptuous 28 0
schimpfte 1 0
ueberrocke 1 0
hated 139 0
mademoiselle 2 0
mebbe 1 0
hatch 11 0
ischbein 50 0
hipfuls 1 0
institutions 242 0
battleaxes 1 0
widersinnisch 1 0
agnis 3 0
unlaps 1 0
verhasst 12 0
verordnet 1 0
andsmann 8 0
hoakies 1 0
taxation 83 0
verordnen 1 0
eedles 10 0
emanate 4 0
inspirations 1 0
rottenest 1 0
peevishness 5 0
immovable 28 0
istraction 1 0
angenaeherten 1 0
eerless 1 0
niggardliness 1 0
nihil 4 0
eace 201 0
neinsagn 1 0
popula 1 0
algenmaennlein 1 0
aufruehrischen 2 0
gardebrace 1 0
anschauen 5 0
ereitwilligkeit 2 0
rchestr 1 0
verjagen 3 0
encourag 2 0
unterthaenig 1 0
exhibition 32 0
usammenlauf 1 0
agistrates 16 0
urrents 11 0
declarations 15 0
eftig 2 0
hatan 1 0
uuanu 3 0
industrial 26 0
weitschichtigen 1 0
spoken 316 0
byword 1 0
traveled 14 0
forewot 3 0
spokes 11 0
thars 1 0
nterruptions 2 0
aufzustellen 7 0
erkulesstaerke 1 0
eads 16 0
endicity 1 0
uerich 6 0
unconcerned 16 0
ruhigste 2 0
dinghy 5 0
vacuums 1 0
laechelte 14 0
adagascar 3 0
anmutigste 7 0
foreordained 2 0
eady 8 0
aussenblieb 1 0
panacea 2 0
ommon 110 0
beades 1 0
nachdenke 2 0
artwright 3 0
night 1830 0
uebelplaciertes 1 0
each 2491 0
ntranced 1 0
greulichen 1 0
beaded 1 0
eade 4 0
napaests 1 0
ducated 1 0
harcoal 2 0
nachdenkt 1 0
nighe 4 0
meads 2 0
onsubstantiation 1 0
whirls 3 0
rringung 1 0
dingin 1 0
armpit 1 0
eschaffenheit 15 0
ungazed 1 0
eldinnen 1 0
ulgar 7 0
raeumereien 1 0
rapport 3 0
falteringly 1 0
ringed 2 0
urtain 2 0
procreant 7 0
eagh 2 0
divorce 11 0
ringen 1 0
ringet 1 0
distortions 1 0
ringes 4 0
baskits 1 0
ringer 1 0
allayed 10 0
vavasour 1 0
laechelst 2 0
unavailingly 1 0
hattuck 1 0
zurueckbefoerdern 1 0
ueberwoelbte 1 0
atmeal 1 0
contour 14 0
efuge 3 0
enestin 1 0
haughty 53 0
jagst 1 0
swawmin 1 0
laboring 18 0
adendowa 5 0
widrigsten 2 0
slumping 1 0
jagte 4 0
swipes 5 0
geriet 17 0
excoriates 1 0
mineralogy 2 0
xample 83 0
entschloesst 1 0
eahm 3 0
mischten 5 0
swiped 1 0
compile 2 0
uncontrolled 14 0
unternommenen 2 0
onolulu 32 0
hoerst 5 0
megere 1 0
excoriated 1 0
historians 42 0
firearms 7 0
hoerte 159 0
labeled 2 0
befuehlen 1 0
misslaunig 1 0
unwillkuerlich 3 0
abstractedness 1 0
wichtigers 1 0
dietetic 1 0
heiliges 5 0
ompador 1 0
dinger 1 0
heiliger 12 0
converted 148 0
esichterschneiden 1 0
imperceptably 1 0
dingen 2 0
heiligen 73 0
heiligem 1 0
wichtigern 2 0
ommst 4 0
forded 9 0
einfaeltige 3 0
placidly 12 0
hantasien 5 0
laechelnd 33 0
schenktest 2 0
furchtbar 5 0
stammeln 4 0
triteness 1 0
cascading 2 0
nobodies 1 0
stammelt 1 0
ueries 17 0
inditeth 2 0
mellifluously 1 0
gepflastert 2 0
cradled 3 0
ebilde 5 0
verfaelschte 1 0
exanimated 1 0
abgeordneten 1 0
anblickte 1 0
obeisances 3 0
stinteth 1 0
liebste 9 0
thack 1 0
eals 4 0
snowes 1 0
facito 1 0
religieuse 6 0
ommerbrand 1 0
suppression 54 0
thaca 3 0
eame 1 0
eamd 1 0
snowed 3 0
einzufuehren 8 0
rwerbnisse 1 0
bekanntes 1 0
bekannter 10 0
suppressing 11 0
ringle 6 0
eaks 2 0
meale 1 0
bekannten 26 0
ealm 1 0
honnetete 1 0
fetche 3 0
mealy 1 0
eale 5 0
wuenschest 3 0
eala 2 0
meals 22 0
ommiseration 1 0
shoveled 1 0
falcon 21 0
wichtigere 3 0
niederzuschreiben 2 0
eant 1 0
eans 150 0
ehaeuft 1 0
thaet 1 0
ueberreicht 1 0
fundraising 1 0
frotzeln 1 0
meant 418 0
means 1605 0
chevaux 1 0
assines 2 0
squatter 2 0
eams 3 0
meane 12 0
squatted 17 0
onquests 4 0
ausoleum 9 0
habituate 1 0
juries 4 0
eane 22 0
precariousness 1 0
interessant 22 0
dodged 5 0
bundbruechig 2 0
indemnification 3 0
invaluable 29 0
silken 19 0
besmeared 1 0
hochgelbes 1 0
octaves 3 0
dodges 1 0
dodger 1 0
summa 1 0
verjagte 1 0
intro 1 0
ellington 13 0
almenwald 1 0
ebrews 7 0
illegan 1 0
intra 2 0
summe 4 0
kostbarste 1 0
zarten 31 0
hatte 2362 0
summi 2 0
zartes 4 0
illegal 19 0
zarter 5 0
bigotten 1 0
eaps 4 0
henever 42 0
bigotted 2 0
inblick 2 0
summt 1 0
weltkundig 1 0
retrench 1 0
hatts 1 0
ease 276 0
aussenques 2 0
musikalische 3 0
niversities 21 0
aussetzen 2 0
farewel 3 0
behaves 9 0
eary 9 0
uchsbaeume 1 0
wukkin 5 0
east 204 0
eschauenden 1 0
verbeisst 1 0
meate 2 0
ringin 1 0
egenfluss 1 0
eare 7 0
eard 11 0
urrency 65 0
eara 1 0
hinueberzuspringen 1 0
igelow 1 0
mthaus 1 0
eart 121 0
ears 539 0
earn 75 0
lithe 7 0
usammenstellungen 2 0
earl 25 0
behaved 62 0
egyptens 1 0
earf 1 0
chtziger 1 0
elegraphy 1 0
macadamised 1 0
neospiritualism 1 0
meditor 1 0
talebs 1 0
conducting 24 0
eaty 1 0
erbsengross 1 0
eaux 10 0
ringst 1 0
auffrischt 1 0
eaus 1 0
soporific 1 0
weddede 1 0
hasos 2 0
gesuchte 1 0
chlingel 1 0
etaille 1 0
eate 2 0
cowhides 1 0
delightfully 13 0
eata 1 0
chlingen 2 0
hasna 2 0
eclipses 2 0
lisha 2 0
easy 651 0
hinwegbegeben 1 0
graveyards 1 0
eats 51 0
domain 231 0
adopting 25 0
bavardage 1 0
eath 228 0
eawe 1 0
bservatorium 1 0
abrechne 1 0
bbildung 3 0
horizontalen 3 0
criminating 1 0
adaptive 1 0
adoption 22 0
geologischen 1 0
verschossen 2 0
ristokratie 1 0
handing 22 0
thrilled 20 0
willigsten 1 0
hoeren 192 0
aennerkleider 2 0
hoeret 3 0
kingdome 3 0
eave 64 0
quarries 4 0
placidam 1 0
verkennt 7 0
eavy 7 0
enshaws 1 0
issolonghi 1 0
amalau 1 0
wohlmeinenden 2 0
ayahs 1 0
richest 71 0
richess 25 0
getrogen 1 0
subdivided 14 0
ngleichheit 5 0
entgegenreisend 1 0
congregatioun 2 0
tailoring 1 0
linderst 1 0
kingdoms 45 0
phlegmatic 2 0
enforcest 1 0
unverifiable 1 0
pielstunden 2 0
verdriessen 7 0
kostete 8 0
vowels 4 0
nursemaids 1 0
chilles 39 0
chiller 3 0
xxxxx 52 0
verschiedenemal 1 0
otduerftige 1 0
rhymesters 1 0
uhrleute 4 0
chillen 1 0
chilled 10 0
ebensgenuss 1 0
tackle 18 0
jagen 8 0
rruption 1 0
immoveable 4 0
gefaehrlichsten 3 0
ndignified 1 0
prudisch 1 0
ranchero 1 0
annsleuten 3 0
zuendete 3 0
appelspitzen 1 0
plantation 138 0
lison 10 0
hindurchflog 1 0
beschliesst 2 0
greenness 4 0
ecstasy 15 0
immoveably 1 0
insen 9 0
insel 9 0
regetoures 1 0
chwellen 1 0
omman 1 0
ruechte 41 0
squattin 1 0
ranchers 1 0
ludicrously 7 0
herbeifuehren 1 0
tudying 4 0
richely 11 0
listenest 1 0
istelkoepfen 1 0
voneinand 1 0
exasperate 9 0
supplies 97 0
blacken 6 0
lettern 2 0
letters 606 0
blacker 19 0
inspection 50 0
epitomizes 1 0
adoptive 1 0
wegstoesst 1 0
inferences 33 0
inspecting 7 0
sumac 3 0
planking 8 0
blacked 1 0
eomen 2 0
defaming 1 0
chillis 1 0
untyll 2 0
onzerten 1 0
epitomized 1 0
zuschnitt 1 0
onzertes 1 0
legitimate 36 0
lisps 3 0
cosmopolitan 2 0
waimentings 1 0
lettest 3 0
peraten 1 0
xplorations 4 0
entzweiet 1 0
uergen 3 0
entzweien 2 0
etexts 315 0
dreinschlagen 1 0
handier 2 0
targets 3 0
ullman 4 0
woulda 1 0
letteth 1 0
propagandist 2 0
woulde 107 0
ausgestossen 2 0
uerger 73 0
wouldn 164 0
despotisms 3 0
hased 1 0
relishing 2 0
ionysus 9 0
riskieren 1 0
springeth 2 0
insam 3 0
listeners 12 0
supplied 155 0
eillys 3 0
ommes 3 0
ommer 29 0
gricolae 1 0
ommen 12 0
characteristical 1 0
hondieh 1 0
desideretur 1 0
ebbs 3 0
tacked 3 0
kempt 3 0
quadrants 1 0
dienet 4 0
niger 2 0
recognition 55 0
ologneser 2 0
dienen 62 0
ateinlernen 1 0
gebauten 5 0
agesreise 1 0
denomina 1 0
congregations 13 0
hasal 1 0
hineinreden 1 0
liste 6 0
lmichty 2 0
ionysius 15 0
handily 2 0
beruht 2 0
eoman 24 0
lists 60 0
labourees 1 0
kuemmerliche 3 0
eruquier 1 0
noiselessly 26 0
ieyes 2 0
kaimiyo 2 0
antegna 1 0
traipse 1 0
steepest 2 0
beschwerlichen 4 0
beschwerliches 1 0
beschwerlicher 1 0
personifications 2 0
ushered 14 0
conceive 265 0
disapproving 4 0
conceivd 11 0
onquered 1 0
riends 332 0
amakua 1 0
uthermanland 1 0
nigge 1 0
ghettos 1 0
precieux 1 0
eclipsed 6 0
forbye 3 0
aendelpuppen 1 0
aventail 1 0
chmaehen 1 0
clogging 1 0
blutst 1 0
eingestehen 3 0
beruft 2 0
ivorce 2 0
clinmate 1 0
ounding 7 0
grapplings 1 0
eldbaus 1 0
ommit 1 0
ommis 1 0
ragedys 1 0
urtado 1 0
conceits 9 0
houghts 58 0
anschaute 1 0
wretchedly 14 0
ypothesen 2 0
versichre 8 0
countour 3 0
hereintretende 1 0
appurtenances 5 0
rgebung 5 0
romato 1 0
hesitatingly 2 0
mehrmalige 1 0
geraten 33 0
goals 4 0
hillsmen 3 0
priesterlichen 4 0
irchtueren 1 0
ducate 3 0
ebet 26 0
ebes 2 0
eber 13 0
tyrannicide 1 0
hilippists 2 0
eben 991 0
ebel 42 0
rkadischen 1 0
fraternised 2 0
substantiam 1 0
ducats 6 0
substantial 57 0
tallages 1 0
elpeth 1 0
agnet 1 0
egolamento 1 0
enesung 9 0
luringly 1 0
auftretende 1 0
maternal 22 0
diente 15 0
ussfertiger 1 0
unavenged 1 0
specters 3 0
crumbles 1 0
kleben 2 0
outlining 1 0
trooped 1 0
anzeraermel 1 0
flicking 1 0
eftes 1 0
sinnend 3 0
threegenerations 1 0
crumbled 19 0
efter 18 0
herabzulassen 1 0
vorrueckende 1 0
eften 1 0
niedersenkt 1 0
achthaben 1 0
rofanation 1 0
erstorbnen 1 0
alefizvogel 1 0
proportioning 1 0
reckonest 2 0
xxxix 1 0
afeared 4 0
schuechternen 1 0
orridge 4 0
erikles 9 0
schuechterner 2 0
wohlbedaechtig 2 0
entschiednes 1 0
forced 316 0
cadavers 4 0
exclamation 41 0
enhancement 15 0
ferociousness 2 0
whisky 40 0
ayard 7 0
ueberkleid 2 0
noonday 8 0
reciprocated 4 0
ebis 1 0
clarioun 7 0
nechten 3 0
uproused 1 0
agnae 1 0
eatissime 1 0
verdaechtige 2 0
agnal 1 0
forces 217 0
ufferings 9 0
aumrinde 1 0
etermined 3 0
enators 15 0
erbieten 1 0
displacing 3 0
chillun 8 0
auffahrend 2 0
itspielende 1 0
interlying 1 0
iensts 1 0
zurueckkehrt 6 0
appealingly 1 0
ungedultiger 1 0
clusters 14 0
zurueckkehre 3 0
mythic 1 0
zwoelften 1 0
itenagemote 1 0
ecessities 3 0
eidekorn 1 0
gressors 2 0
healthy 61 0
schiiiessen 1 0
ecstacy 2 0
trucking 1 0
bisheriges 1 0
bisheriger 1 0
forever 187 0
ienste 38 0
bisherigen 7 0
kerblunk 1 0
erloese 1 0
labourers 152 0
unbeschaedigt 3 0
altercations 1 0
onqueror 5 0
ebon 2 0
erloest 1 0
goads 7 0
ordination 17 0
irksamkeit 7 0
anempfohlen 2 0
acleod 3 0
aushielt 2 0
ballances 1 0
wafted 10 0
essert 2 0
speckled 6 0
dormitat 1 0
photographed 4 0
hervorbringenden 1 0
ballanced 1 0
shotgun 18 0
ieblingsbeschaeftigung 1 0
knowing 313 0
legitimacy 1 0
slapjacks 1 0
zauberhaften 1 0
confederacy 12 0
dilapidations 4 0
poorness 2 0
grinestone 4 0
inzelheit 1 0
ourselves 512 0
essere 3 0
staking 2 0
naturally 608 0
spiritedly 2 0
rmageddon 3 0
esserm 1 0
weitergeben 1 0
essern 5 0
esseps 1 0
itchener 1 0
truthfulness 7 0
flashings 1 0
haste 156 0
phigenien 7 0
skeptic 3 0
ebot 1 0
hastn 1 0
hairpin 1 0
hasty 60 0
urglary 3 0
entzweite 1 0
pfeift 1 0
illnesses 2 0
einzugestehen 2 0
amendments 3 0
ebry 1 0
hasse 9 0
mediums 37 0
ypothesis 9 0
ebst 1 0
lisee 1 0
schwaechliche 2 0
sinneth 1 0
mtausch 1 0
hasst 6 0
zores 2 0
sicherste 4 0
essent 1 0
extremists 4 0
uclid 14 0
adapting 8 0
peruse 10 0
geschnitzt 2 0
trimetra 1 0
sounding 36 0
eastying 1 0
chancing 1 0
dienten 4 0
sulky 5 0
siller 5 0
sulks 1 0
ollstaendigkeit 2 0
nspielungen 2 0
luxuries 55 0
xploring 1 0
septennial 1 0
raenkte 1 0
sinners 29 0
oewengrube 1 0
captivate 7 0
essene 5 0
nworthy 2 0
controlls 1 0
knuckles 7 0
progressions 1 0
ohnsons 3 0
etailed 1 0
sully 4 0
onopolizers 1 0
rients 1 0
schimpfen 3 0
ebte 3 0
esseln 16 0
essell 4 0
essels 30 0
verschwundnen 1 0
dainties 5 0
esselt 1 0
controversy 110 0
irritates 2 0
ebts 17 0
clarions 4 0
hasps 1 0
transcended 2 0
irritated 28 0
agnitude 2 0
mschalet 1 0
torage 1 0
beharrliche 1 0
pleadingly 1 0
worshippers 16 0
ahrhaft 1 0
dormiret 1 0
moving 184 0
godde 2 0
verstaendlich 3 0
aauilo 1 0
worshippeth 1 0
enozoic 3 0
ionysiac 1 0
allgemach 2 0
stolperte 5 0
omper 1 0
mulier 2 0
reudigkeit 10 0
rodden 2 0
ompel 3 0
ouakimn 1 0
betratst 1 0
abzielen 1 0
odgson 3 0
forest 236 0
ctress 1 0
issenschaftliche 1 0
hiuzenjii 2 0
rrwegen 1 0
ersoenlichkeiten 3 0
einbildische 1 0
uxborough 3 0
ieseldamm 1 0
wichtiges 2 0
wichtiger 6 0
wichtigen 18 0
wichtigem 1 0
hingebe 3 0
einkehrten 1 0
eslandres 1 0
sophister 1 0
vendacem 1 0
wenten 1 0
ghalten 1 0
ulius 70 0
dosinda 1 0
hampagners 1 0
pathway 21 0
uessigkeiten 1 0
vying 2 0
historical 88 0
fireflies 1 0
auswich 1 0
ntermete 1 0
chrittsteinen 3 0
photographic 2 0
ntkommens 1 0
antreffe 1 0
aulting 1 0
herumgeschleppt 1 0
livre 2 0
piastre 1 0
immerhin 2 0
vult 1 0
naeuel 1 0
archiepiscopal 5 0
taches 1 0
herueberneigte 1 0
incomewhile 1 0
antrefft 1 0
defied 9 0
voraussetzen 4 0
angesagt 1 0
hrgeizige 1 0
eographer 1 0
magischer 1 0
ompey 26 0
magischen 2 0
defies 2 0
mocassins 1 0
nbruch 6 0
havoc 19 0
medal 1 0
photographer 8 0
istols 3 0
ntikensaale 1 0
presumptions 2 0
delirium 17 0
elysische 1 0
voreilige 2 0
cowrie 5 0
rindle 3 0
iskurs 16 0
flounder 1 0
ertigkeit 7 0
istole 10 0
unerhoert 5 0
vergnuegte 4 0
vuol 1 0
accino 1 0
significance 40 0
ackwood 1 0
araffes 2 0
crooking 1 0
habitudes 2 0
praktische 3 0
physiological 1 0
aussenbleiben 1 0
uerfel 2 0
unsinnig 9 0
emuetszustand 1 0
asquez 2 0
uerfen 2 0
excommunicate 1 0
glosses 1 0
asquet 4 0
asques 1 0
foretokened 1 0
kindischlaut 1 0
marveled 5 0
hinzutun 1 0
verklungenen 1 0
foiled 5 0
geniessend 1 0
tozzie 1 0
forgivest 1 0
reistaaten 1 0
everenzen 1 0
leasure 211 0
defile 3 0
practitioner 3 0
crossing 93 0
mucous 2 0
arbarei 3 0
onsultation 3 0
forgivers 1 0
vergnuegtern 1 0
aeuschung 5 0
verhoehnt 1 0
arbaren 7 0
eople 796 0
vergnuegtere 1 0
indicated 72 0
acifist 3 0
istoia 9 0
luecksfalls 1 0
townsfolk 3 0
orbeerkraenzen 3 0
ecca 14 0
kepte 6 0
indicates 26 0
charters 17 0
eographie 1 0
nannte 28 0
aeuferin 1 0
schlanke 5 0
deficit 2 0
rophaeen 1 0
elcomed 1 0
stableman 1 0
forgiveth 2 0
havin 13 0
athankot 2 0
geschmiedet 1 0
jacentem 1 0
leinigkeiten 20 0
berths 3 0
artinique 12 0
verklungener 1 0
asquin 1 0
innaeus 3 0
voluisse 1 0
ustinianus 1 0
aeusliches 1 0
ecay 3 0
makarios 1 0
yclopean 3 0
vergoetternde 1 0
widenin 1 0
hingeht 2 0
eflection 26 0
orgetragene 1 0
arbarie 2 0
interceded 1 0
whitey 1 0
iskuit 1 0
entgegensehnt 1 0
utrauen 41 0
aultier 6 0
whites 63 0
whiter 8 0
anguage 82 0
einhergehende 1 0
abhaermt 1 0
whiten 4 0
orientalische 1 0
eccl 1 0
dignify 5 0
usschlag 5 0
rouketh 1 0
reverently 8 0
runagate 2 0
verliessen 8 0
wiederholen 29 0
lacrity 3 0
media 2 0
selvage 1 0
yesterdays 5 0
transposed 2 0
verzeihlich 1 0
rescnted 1 0
define 33 0
mudholes 1 0
medio 1 0
presumptioun 1 0
haven 104 0
wunderbarere 1 0
ecet 2 0
intenerisce 1 0
wohlriechenden 2 0
ohepriester 1 0
ecer 1 0
chifferkutte 1 0
intermarriage 2 0
pearles 4 0
eflecting 2 0
maundering 1 0
super 11 0
erforderte 2 0
engage 105 0
gottseligen 2 0
seesaws 1 0
engagd 20 0
ompos 1 0
whisper 90 0
pearled 1 0
presumptious 1 0
alegagestraeuche 1 0
wohlriechendes 1 0
hysiology 3 0
ppropriation 2 0
spurious 13 0
echt 92 0
echs 4 0
omori 13 0
echo 33 0
swines 1 0
bargain 72 0
octoring 2 0
angestaunt 2 0
aufgespielt 1 0
slush 5 0
iratical 1 0
nsbach 1 0
mulius 1 0
blutig 1 0
dining 136 0
laeschen 1 0
erklaert 27 0
etersbourg 1 0
eche 5 0
erklaere 1 0
ulick 1 0
widened 12 0
recount 4 0
amarkand 2 0
urkeis 3 0
palpably 6 0
complexity 4 0
dishonoring 1 0
uliet 4 0
confidant 6 0
beiderseits 4 0
leuxoia 1 0
annaehernden 1 0
eclareth 1 0
ruehmorgen 1 0
ecke 31 0
eferring 6 0
hawed 2 0
superintending 3 0
poetische 8 0
refect 1 0
jeunes 1 0
harmantides 2 0
threapian 1 0
palpable 28 0
ecil 14 0
knits 2 0
rovoked 2 0
ulien 16 0
eliquienkaestchen 1 0
luecklicherweise 11 0
telephonic 2 0
ulier 3 0
niina 1 0
enfolding 1 0
windowless 2 0
eiseroute 2 0
ermantown 3 0
voraussetzte 5 0
raeftige 2 0
defixa 1 0
dressers 4 0
orgliche 1 0
sciences 135 0
talant 1 0
cowskins 1 0
espraechsform 1 0
militias 9 0
eiserner 1 0
mulish 3 0
eisernen 15 0
flirtations 5 0
talans 2 0
ufwallung 1 0
raeftigt 1 0
ecky 4 0
wounds 81 0
geniessest 4 0
luecklich 15 0
eisernes 1 0
eckt 1 0
ecks 2 0
herumgesprungen 1 0
destroying 65 0
zwenig 1 0
avalrymen 1 0
hawas 1 0
hrinks 1 0
auswirt 2 0
ortkraemer 1 0
anwendend 1 0
oronado 28 0
entucky 69 0
esarts 1 0
athematician 2 0
ulias 4 0
oving 7 0
poundage 8 0
glorifies 1 0
kimonos 8 0
unprofaned 1 0
ovine 1 0
bwechslung 11 0
grateth 1 0
wounde 1 0
econ 1 0
ecom 15 0
godly 7 0
schnelleren 1 0
tempered 49 0
glorified 15 0
schnelleres 1 0
lived 586 0
elingen 4 0
ndeavours 11 0
complexion 81 0
betraten 1 0
sophistry 26 0
ulian 29 0
discard 10 0
stupfst 1 0
arrangieren 1 0
niedergeschossen 1 0
eisshunger 2 0
anwendete 5 0
unuebersehlichen 2 0
proudest 16 0
aarspitze 1 0
sendall 1 0
yburn 9 0
liven 13 0
vergnuegen 9 0
counsel 225 0
lives 462 0
steeping 1 0
liver 73 0
ecoy 1 0
haeufigsten 1 0
ecos 1 0
ecoq 2 0
apostates 2 0
hairman 13 0
areneck 1 0
wegzusehen 1 0
efenceless 1 0
abdruecken 1 0
bastard 16 0
vermietet 2 0
vermieten 1 0
ecry 1 0
livia 11 0
stuermischer 1 0
apostrophied 1 0
livid 17 0
regenerated 3 0
occasionally 185 0
swinke 1 0
unpopularity 2 0
livin 15 0
stuermischen 4 0
collars 19 0
akatsu 1 0
ebinde 1 0
collard 3 0
hrines 3 0
hundertmal 9 0
bourgeoned 1 0
taubige 1 0
toryism 1 0
preside 15 0
eantime 31 0
springing 54 0
bugbears 1 0
eleventh 24 0
ibration 1 0
irremediably 2 0
ministress 1 0
heiresses 2 0
aypole 6 0
ecus 1 0
ecur 1 0
auptpersonen 1 0
sturdiness 1 0
unvermutete 5 0
letting 65 0
istory 183 0
neospiritualists 2 0
verfinstert 1 0
ecta 1 0
irremediable 8 0
oncernment 3 0
amenstage 1 0
fortwusch 1 0
ntermezz 2 0
chaefer 11 0
ects 3 0
refers 31 0
mortalibus 1 0
referr 1 0
herausfiel 1 0
blutet 1 0
gefangen 37 0
hairmen 1 0
acchus 41 0
silica 1 0
telephoned 5 0
erschwert 1 0
telephones 2 0
swings 10 0
oonsborough 1 0
rimordial 1 0
ovius 1 0
ewirre 2 0
atterwards 2 0
fleshe 1 0
wirksam 5 0
ersinne 1 0
euchlern 1 0
umgeschaffen 1 0
handful 48 0
mehrbelobten 1 0
spurring 3 0
onerde 3 0
wuerkten 2 0
lampion 2 0
innacles 1 0
einfassen 1 0
ellipsis 1 0
batterbread 1 0
critics 52 0
ersinnt 1 0
tasting 13 0
aistre 4 0
guiders 2 0
translucent 7 0
blustring 1 0
ngelique 2 0
eltleute 4 0
gefaellt 34 0
calumniated 9 0
aversion 61 0
rbanitaet 2 0
trailing 22 0
demarche 1 0
instructively 1 0
fordry 1 0
trunken 5 0
chaedel 3 0
gebrochene 3 0
mpfinden 1 0
remediable 1 0
ausgeben 2 0
zurueckgeschlagen 1 0
shufflin 1 0
steven 8 0
elphin 3 0
evolutionists 4 0
dazukam 1 0
exiko 4 0
ontanelle 1 0
nterkleidern 1 0
erzfreud 1 0
awroken 1 0
elphic 4 0
orpined 1 0
ockknoepfen 1 0
guideth 1 0
rescued 22 0
overbearingness 1 0
ationalgeistes 1 0
entfernender 1 0
ythia 19 0
nthauptung 2 0
rescuer 4 0
kruemmt 2 0
ohnegleichen 2 0
omanam 1 0
streifte 3 0
crystals 13 0
apish 1 0
gefaellig 32 0
nfinite 9 0
apist 15 0
btowe 4 0
fordre 2 0
gestreiften 2 0
omanae 1 0
evenge 19 0
faithfulness 14 0
kniet 5 0
exier 1 0
haunt 29 0
abarros 5 0
longhand 1 0
residual 1 0
matutinal 1 0
armour 46 0
intermitting 2 0
kniee 1 0
osiada 1 0
excavation 5 0
knien 2 0
childkroete 1 0
deodar 1 0
immeasurably 15 0
onzeption 1 0
zweifelte 6 0
restlessness 22 0
fourteen 138 0
drapped 1 0
verschwinden 10 0
knife 165 0
abstruseness 1 0
impiously 5 0
brigkeiten 1 0
hinabstieg 1 0
evenin 12 0
ncertainties 2 0
zweifelst 1 0
ettelmoench 1 0
verschwindet 11 0
getuscht 1 0
abbringen 4 0
etarden 2 0
immeasurable 20 0
reestlin 2 0
onsideration 92 0
epraesentant 1 0
exico 82 0
amothracian 1 0
incarcerate 1 0
geschlagen 24 0
ythee 1 0
apins 1 0
upposition 12 0
grossmuetiger 3 0
apine 1 0
hursdays 2 0
tawdriness 1 0
grossmuetigen 5 0
uechenfeuer 1 0
mayors 2 0
rliegt 1 0
armors 2 0
counter 55 0
sekundiert 1 0
excavating 1 0
agout 1 0
herzuziehn 1 0
armorn 1 0
wegzuschaffen 1 0
disparagement 6 0
conversus 1 0
counted 93 0
efuse 1 0
haulm 1 0
rdensglied 1 0
agone 12 0
rundgeschenke 1 0
agons 1 0
aussetzte 2 0
lebendigen 18 0
agony 95 0
lebendigem 1 0
nurturing 4 0
xtremen 1 0
efund 60 0
lebendiges 4 0
verkehrten 1 0
lebendiger 10 0
rodent 1 0
verkehrtes 1 0
verkehrter 1 0
jails 3 0
xtremes 2 0
encouraging 54 0
yrannical 1 0
edan 1 0
ritannicus 1 0
casuistical 3 0
pantomined 1 0
turmwut 1 0
oetter 49 0
gefaellst 2 0
resulting 84 0
tammworten 1 0
acramentarians 2 0
conservation 11 0
odure 1 0
edas 5 0
edar 4 0
outschkoff 4 0
auptvorteil 1 0
hmfass 1 0
calumniator 2 0
despoiler 1 0
edde 1 0
vorschreitet 1 0
phnetoi 1 0
eded 2 0
edea 13 0
oettin 36 0
oncurrence 4 0
slump 3 0
arduus 1 0
eddy 13 0
ovian 1 0
uereau 1 0
fortzugehen 1 0
armony 37 0
itschuldigen 2 0
slums 1 0
nnualere 1 0
virginity 12 0
slung 27 0
edda 22 0
gestammelt 1 0
galante 3 0
despoiled 11 0
ielstrebigkeit 1 0
elphos 1 0
ariannen 4 0
nawing 1 0
slunk 7 0
agora 2 0
liturgy 14 0
outcast 9 0
temzuege 1 0
fuellten 4 0
gering 12 0
horsewoman 2 0
verguldeten 1 0
matutinis 1 0
apide 1 0
edge 251 0
ython 3 0
plantain 2 0
ewitch 1 0
achtzehnhundert 1 0
gratulations 1 0
mbassies 1 0
usgange 1 0
annina 9 0
omono 5 0
berwinder 1 0
epredators 1 0
edet 5 0
whaling 3 0
apids 9 0
edes 11 0
hauen 2 0
ubberland 1 0
eder 87 0
anning 6 0
eden 51 0
amainu 2 0
childwach 1 0
edem 7 0
shuffled 11 0
edel 19 0
lakelock 5 0
cantato 1 0
hippaways 1 0
usgangs 4 0
slugs 3 0
roetlicher 1 0
onesty 19 0
conservatism 5 0
anyoncita 1 0
survey 41 0
ufrissen 1 0
hineinschluepfen 2 0
ebhaftigkeit 69 0
rankfort 13 0
roetlichen 2 0
athwart 5 0
verharre 1 0
immerier 1 0
tupefied 2 0
omola 1 0
reatness 8 0
apier 40 0
hauds 2 0
capstan 8 0
plantago 1 0
edig 1 0
noerdlichen 8 0
edie 1 0
ehnsuchten 1 0
verharrt 1 0
edia 1 0
apostrophize 1 0
bigpond 1 0
oviel 14 0
innstaebchen 1 0
beachcomber 1 0
keows 1 0
recover 107 0
determine 182 0
determind 34 0
geheiligte 1 0
asterhaftes 1 0
gewitterdrohend 1 0
cantars 1 0
recedency 1 0
edical 10 0
ehaeuse 2 0
tueckchen 18 0
ngeduld 31 0
immerien 1 0
owhere 10 0
blushd 1 0
jahre 1 0
empyrean 1 0
steure 1 0
appraisements 1 0
disbursements 2 0
accruing 2 0
chiccory 1 0
intermeddles 1 0
bookcase 6 0
unexperienced 3 0
hissing 14 0
ightfoot 1 0
litze 3 0
hinspielen 1 0
spoilt 13 0
edit 11 0
spoils 33 0
edis 1 0
settled 329 0
lowered 85 0
intermeddled 1 0
allerliebste 3 0
renicle 1 0
litzt 1 0
einzusehen 8 0
checking 15 0
conservative 79 0
conference 65 0
activity 121 0
harlotten 2 0
versilberten 1 0
abziehe 1 0
oylette 1 0
versilbertes 1 0
minarets 1 0
versilberter 1 0
disturb 76 0
indertheater 1 0
persist 32 0
reffen 2 0
getrunken 28 0
amaili 1 0
achhelfende 1 0
auseways 1 0
reffer 1 0
herauffahren 1 0
camozzi 1 0
iegenbart 1 0
herausgerechnet 1 0
analogues 1 0
uebelbefinden 1 0
edle 51 0
wiederholte 30 0
attained 113 0
abzieht 2 0
acquiescence 17 0
charteke 1 0
fortschleudern 1 0
country 3430 0
esearch 8 0
accentuation 4 0
yearned 9 0
goblets 1 0
atkraft 3 0
assions 19 0
misadventure 1 0
roquelaure 4 0
atsherren 1 0
alnuts 1 0
thaws 4 0
yrtenwaeldchen 1 0
elphegor 2 0
mutilating 1 0
wardrobe 13 0
edoc 1 0
omnus 2 0
sunge 2 0
erlogenen 1 0
erregte 22 0
waxing 6 0
rosperity 23 0
zusammenzupacken 1 0
upright 95 0
geschnaebelt 1 0
rosenfarb 1 0
aupravant 1 0
mutilation 3 0
deceive 86 0
deceivd 3 0
teristic 1 0
hankerchief 1 0
hergelaufen 1 0
converses 2 0
oerbchen 14 0
durchdrungen 14 0
ometimes 154 0
auseway 2 0
deceits 8 0
roubled 2 0
edrueckung 1 0
exits 1 0
erschraken 4 0
annick 1 0
settles 11 0
settler 8 0
foundress 5 0
roubles 6 0
hylled 1 0
schnellfuessiger 1 0
oecumenical 1 0
emporreissen 1 0
unthriftily 1 0
conversed 22 0
forego 16 0
unhealthful 1 0
archdeacons 2 0
amaica 20 0
oyalist 2 0
rhizoma 1 0
verstellt 10 0
zuerkennt 1 0
orribly 1 0
argarete 5 0
gearful 1 0
andwerksleute 2 0
aspirings 1 0
froehlich 15 0
argareta 1 0
orrible 1 0
hazard 48 0
traisen 1 0
aneohe 2 0
melodrama 4 0
uninvited 3 0
wirkten 3 0
protestantischen 2 0
convoy 4 0
edra 1 0
sapphires 4 0
affektiert 2 0
sunst 13 0
annelierung 1 0
ationalmaske 1 0
scalenum 1 0
fuehltest 2 0
exist 263 0
immerios 1 0
edro 36 0
ascension 5 0
stelltest 1 0
pologies 3 0
cerebral 9 0
enediktiner 4 0
slowlly 1 0
uerern 1 0
edum 2 0
sehnsuechtigen 1 0
ausgefressenen 1 0
upheavings 2 0
tiftungen 2 0
ochdale 28 0
countin 5 0
haftesbury 1 0
ajocco 1 0
erwische 1 0
illegality 1 0
umherging 1 0
hyllis 14 0
sunup 2 0
oblivion 28 0
erwischt 3 0
reizendsten 2 0
ugustinians 15 0
edible 3 0
fruchtbarsten 4 0
exing 1 0
sunne 25 0
zuflossen 2 0
apita 1 0
streifig 1 0
oquettes 2 0
onquest 23 0
inute 15 0
opeful 1 0
oneses 1 0
sunny 52 0
apito 3 0
fliessen 13 0
hebruchs 3 0
ouquette 2 0
populated 3 0
schmerzt 1 0
prozellanenen 1 0
zuschauenden 1 0
forerd 1 0
unceby 1 0
erstreuten 3 0
onoured 3 0
dazzling 28 0
ewisse 4 0
fliesset 1 0
schmerze 1 0
cramble 2 0
llafrid 1 0
fforts 20 0
fumitory 1 0
ordyce 1 0
exile 41 0
berste 1 0
trappings 7 0
conveyed 57 0
aneimena 1 0
ukheia 1 0
emilius 2 0
hergelaufne 1 0
wiederhole 8 0
inurd 1 0
tiated 1 0
ambouillet 4 0
confronts 2 0
hegten 3 0
wiederholt 28 0
haute 4 0
mopboard 4 0
recedents 3 0
dignity 270 0
eizbarkeit 1 0
hauts 1 0
urzelherzens 1 0
orscheine 1 0
aufloest 2 0
meantirne 2 0
these 5579 0
nachgeaefft 1 0
yearnings 1 0
ewiglich 1 0
graduation 4 0
aufloese 2 0
ingrimmig 1 0
whimsy 2 0
perpetrating 2 0
graduating 1 0
historically 8 0
iccadilly 2 0
presumption 43 0
humble 261 0
aneuil 5 0
yrtenkroenchen 1 0
chindanger 1 0
gottselige 1 0
allzugeistige 1 0
blossoming 10 0
xplorers 3 0
ungebuehrlich 2 0
angezeigten 1 0
aengerin 2 0
guilteless 11 0
riumphs 5 0
chinensis 1 0
eilger 2 0
eorum 1 0
emilian 1 0
rrungen 2 0
sured 1 0
sundried 1 0
yellowish 14 0
abarbeitend 1 0
egentagen 1 0
forests 46 0
eifriger 10 0
durchgesehen 1 0
humbly 67 0
sures 2 0
sundries 1 0
surer 7 0
eifriges 1 0
leisteten 1 0
pirale 1 0
disguise 66 0
perspektivische 1 0
ipfelmuetze 1 0
theon 1 0
childbearing 1 0
theos 1 0
kerry 1 0
distikhon 1 0
erfahret 1 0
geschlafen 5 0
homestead 6 0
amounts 54 0
taubes 2 0
chaufeln 1 0
pasted 4 0
edicines 2 0
tauben 3 0
sparring 1 0
misoneists 1 0
normaler 1 0
provisory 2 0
asibus 1 0
emedies 1 0
beaufsichtigte 1 0
chritten 18 0
erfahren 112 0
chrittes 3 0
especial 42 0
albruine 1 0
ragedy 14 0
conforming 8 0
aeulenreich 1 0
remunerate 1 0
rageen 1 0
rankfurter 6 0
estbrook 3 0
fornight 1 0
umpraegen 1 0
schmerzen 4 0
nilet 4 0
docilely 1 0
resought 1 0
underwritten 1 0
rasistratus 1 0
endeleffs 1 0
gravestone 2 0
thers 65 0
coffer 15 0
untwined 1 0
poonful 1 0
auchzen 5 0
zusammenrechnen 1 0
eemann 2 0
enthauchte 1 0
coffee 136 0
there 9240 0
therm 1 0
eeds 32 0
aneuch 5 0
aufsteigende 1 0
yellowing 1 0
cheerfulness 18 0
ullar 2 0
seufzen 1 0
generousness 1 0
eede 6 0
roubert 1 0
steuerbar 1 0
uncles 13 0
kerve 1 0
spoons 10 0
eedy 3 0
deinesgleichen 1 0
hinreisse 1 0
chancery 1 0
encumbers 1 0
eech 1 0
attungen 3 0
erabsteigen 1 0
angelangter 1 0
yriaden 1 0
arrenbeschworung 1 0
nfidel 5 0
uertrefflich 1 0
angelangten 1 0
philosophize 2 0
abhaengigen 1 0
bschilderung 2 0
eefs 1 0
abhaengiger 1 0
likelihoods 3 0
piracy 6 0
gewisseste 4 0
polygamist 1 0
tifling 1 0
ratorio 1 0
surly 9 0
reuherzigkeit 3 0
eistesprodukte 1 0
rinken 11 0
rinket 1 0
nilly 2 0
piecemeal 8 0
rinker 4 0
nilll 1 0
humbug 5 0
pastry 2 0
ebensache 2 0
mistrist 1 0
einloesen 2 0
policemen 48 0
hierzuland 1 0
foresee 53 0
thexe 1 0
depreciative 1 0
vorzusetzen 2 0
ignals 4 0
surfs 3 0
jammed 17 0
thews 24 0
uebelkonditionierten 1 0
xpert 1 0
ssault 1 0
surge 14 0
ommunikationskanaele 1 0
rbteil 7 0
immedantly 2 0
oncoming 1 0
ahound 2 0
ultimates 1 0
versparete 1 0
abriolett 1 0
ausfuehrend 1 0
occoli 2 0
auffallen 5 0
spooks 9 0
aufhoerte 3 0
brigades 1 0
enosse 1 0
leidliche 6 0
ucrez 2 0
accost 4 0
omenclator 1 0
ragend 1 0
ucret 1 0
ercurii 1 0
hinreisst 2 0
ergriffst 1 0
usrufung 2 0
wouldest 12 0
theyr 1 0
conformity 31 0
ragens 2 0
pastor 25 0
oncurence 1 0
spools 1 0
accord 103 0
eein 1 0
disintegrate 5 0
eeil 2 0
perpetration 2 0
omanum 9 0
renunciation 15 0
omanus 1 0
policeman 31 0
philosophise 1 0
supinenesses 1 0
eels 11 0
eeln 2 0
facets 1 0
ragmatic 15 0
endormy 1 0
bereilung 1 0
eeme 1 0
whiner 1 0
anzuklammern 2 0
civilisation 85 0
scullery 1 0
whines 1 0
grandnephew 1 0
gewahrte 1 0
bestaeubte 1 0
endormi 1 0
sweetbriers 1 0
eeks 31 0
exerted 58 0
whined 3 0
steadfastly 16 0
zurueckprallt 1 0
eele 418 0
foresaw 29 0
somnambulist 12 0
anzuhoeren 7 0
fateful 2 0
declinatioun 1 0
baenger 1 0
somnambulism 3 0
overalls 6 0
eens 1 0
scrutiny 48 0
schaerfste 2 0
erlassenheit 1 0
risedale 1 0
rechteten 1 0
gathons 21 0
depreciation 4 0
schlagen 21 0
sandal 7 0
eems 40 0
theft 35 0
defiant 19 0
schmerzte 13 0
eene 1 0
undividedly 2 0
eend 4 0
ccident 25 0
iegengesang 1 0
hilippinen 1 0
pastur 4 0
schalkhaft 2 0
weetly 1 0
ymbolism 1 0
embryo 9 0
ordertore 1 0
eeps 4 0
olzpuppen 1 0
vorgeschlagen 1 0
rageth 1 0
vorausschicken 1 0
geheischen 1 0
permaceti 1 0
hilippines 16 0
diffidently 4 0
kakemono 3 0
nlargement 1 0
darnieder 2 0
peshlikai 2 0
abwehrt 1 0
hayes 1 0
hayer 10 0
geviertelt 1 0
ortraege 2 0
casualties 6 0
depreciating 6 0
eterno 1 0
grimmest 1 0
eterne 1 0
statutory 1 0
eepe 1 0
eterni 1 0
scolopendra 1 0
prating 6 0
zusammenhaengenden 1 0
wohlempfundene 1 0
babble 6 0
counterpleas 1 0
herabsank 1 0
eers 32 0
uctorem 1 0
herkoemmlich 9 0
meete 3 0
anetti 1 0
verschwisterter 1 0
sponse 1 0
grigentum 1 0
hoenix 7 0
eese 2 0
ompletely 2 0
hinabwaerts 4 0
eera 29 0
nclosing 2 0
utberg 1 0
grumbling 8 0
wohlbeleuchtet 1 0
aggrandizement 3 0
befooled 5 0
endorse 1 0
platanes 1 0
dalliance 9 0
sponte 1 0
wettrennenden 1 0
edensart 1 0
eere 57 0
eerd 1 0
chutzbau 1 0
unzugaenglichsten 1 0
nocturnal 19 0
aufgereizt 2 0
jalap 1 0
ualitaet 2 0
unziaturberichte 1 0
istinktion 1 0
edicinae 1 0
debauchd 1 0
jackets 4 0
resultant 4 0
eeta 2 0
meets 58 0
iokletians 1 0
unfolds 5 0
lixir 4 0
thelu 1 0
lemanges 1 0
eest 6 0
awhile 40 0
traitorously 1 0
eeth 14 0
ebhafteres 1 0
libertyof 1 0
eete 1 0
materialists 1 0
pirate 9 0
anichee 1 0
ansagen 2 0
compere 3 0
xpect 1 0
cautiousness 2 0
presoom 1 0
theme 40 0
entivogli 1 0
traites 3 0
eeve 19 0
disclosure 8 0
fiasco 2 0
omanis 1 0
erkoerperungen 1 0
thens 116 0
gerannt 2 0
punyarn 1 0
wachsend 3 0
idanza 1 0
mullet 2 0
thena 5 0
remdlinge 2 0
summarize 2 0
thene 3 0
thenk 2 0
hallende 1 0
gesetzt 119 0
mpertinences 1 0
illiamsburgh 2 0
compell 3 0
hinderesst 1 0
noblehearted 1 0
antipathies 7 0
aufhoeren 12 0
compels 23 0
erfahrne 2 0
ergriffen 20 0
ynocephalus 2 0
liebende 4 0
hebdomadal 6 0
worthiness 20 0
ritiker 1 0
homicides 2 0
ammertuer 4 0
ahndende 1 0
enilworth 1 0
omance 23 0
humanized 4 0
rdained 1 0
riddance 2 0
insurmountable 17 0
their 17737 0
kurumaya 1 0
omran 2 0
rinsing 1 0
insurmountably 1 0
rovocation 3 0
uermer 1 0
ililuokalani 1 0
achspiel 5 0
peramble 2 0
atchieve 1 0
verzehrte 7 0
eterum 2 0
uermen 6 0
omanen 7 0
viscous 1 0
mullah 1 0
omanet 2 0
omanes 2 0
hinzudenken 1 0
itgabe 1 0
gemaechlicher 1 0
apparences 1 0
marketers 1 0
easiness 10 0
swivel 2 0
geheimes 4 0
geheimer 9 0
swived 4 0
tuetzen 3 0
appadocian 2 0
geheimen 29 0
stabbing 4 0
traitor 34 0
eschaeftsmaenner 1 0
royally 15 0
demigods 11 0
inoeden 1 0
achstum 6 0
rubbishing 1 0
preoccupy 1 0
erverseness 1 0
rieslaender 1 0
alchemy 12 0
einesagn 1 0
sandte 3 0
discern 65 0
wohlgebaut 1 0
cropolis 2 0
rognostication 1 0
stinking 6 0
ivonia 2 0
beryle 2 0
simpering 3 0
erzengerad 1 0
abitatori 1 0
eisshungrigen 1 0
lueten 17 0
versterbn 1 0
vertrauteste 1 0
bruellend 1 0
lampers 1 0
uplands 5 0
wedding 89 0
lockhead 2 0
passin 5 0
passim 1 0
schwebendes 1 0
schwebender 1 0
abshekeh 1 0
oundery 3 0
schwebenden 2 0
tandpunkt 7 0
elphian 2 0
aebtissin 2 0
ormerly 16 0
eitengewehre 1 0
materies 1 0
ounders 10 0
represent 188 0
brahamitical 1 0
compete 10 0
hongry 7 0
battleship 8 0
geruendet 1 0
abhangen 2 0
ueberstanden 1 0
taling 1 0
passingly 1 0
traitte 1 0
schiffte 2 0
hristenmass 1 0
flounced 1 0
flounces 10 0
nzingen 1 0
luechtigkeit 2 0
bruederliche 3 0
ebraeuchen 3 0
solicitously 2 0
rieren 1 0
inditing 2 0
tablissernent 1 0
zulaenglich 1 0
ohnston 2 0
tadelhaft 2 0
oundell 1 0
dictionaries 1 0
meinesgleichen 2 0
wissensbegierige 1 0
herumlief 1 0
subtleties 7 0
reliqua 1 0
nfield 2 0
andschriften 2 0
ueberwirft 1 0
passen 19 0
passel 2 0
verfuhr 2 0
extrinsic 1 0
passes 199 0
versiegelte 1 0
ausapotheke 1 0
passer 8 0
reliqui 1 0
passed 1230 0
reviously 2 0
quitting 26 0
nnocence 17 0
yphilis 1 0
fluffed 1 0
reflex 9 0
reapers 2 0
material 222 0
raengen 3 0
aumschulen 1 0
infrequency 1 0
unshaken 17 0
eibeignen 2 0
explain 312 0
hawns 1 0
unionist 1 0
husbande 1 0
royalty 130 0
effe 5 0
kunnten 1 0
ubordinacy 1 0
husbands 64 0
chleckwerk 1 0
onjunction 3 0
efer 2 0
nrede 6 0
dragoon 1 0
campmeetings 1 0
willfahren 1 0
talian 230 0
deviating 2 0
itronen 8 0
popularly 9 0
interjected 1 0
dragons 16 0
worktable 1 0
ituated 3 0
lettering 4 0
nteroffiziers 1 0
barrills 1 0
staubigen 2 0
etinospora 3 0
herumschwaermten 2 0
thnologically 1 0
knowest 33 0
esangs 3 0
imperialists 1 0
hobbelten 1 0
hawks 13 0
kindreds 1 0
ternenhallen 1 0
efgm 4 0
weltberuehmtes 1 0
knoweth 19 0
mtmanne 5 0
spurrers 4 0
satanic 1 0
recriminate 1 0
roppman 1 0
essays 28 0
infidelity 28 0
mtmanns 2 0
labouring 84 0
teuvisant 7 0
loszukommen 3 0
intercepted 16 0
annoys 4 0
callings 6 0
verzehret 3 0
oettlichsten 1 0
raesoniert 3 0
verzehren 17 0
ebrauche 3 0
aralytics 1 0
exegesis 1 0
hawke 2 0
esange 8 0
mullok 3 0
emember 94 0
talien 43 0
ebrauchs 1 0
condiments 5 0
saturnine 3 0
affaelischen 1 0
hrigen 12 0
unnumbered 4 0
meeke 1 0
nocturnos 1 0
apkin 3 0
babanoose 1 0
urelien 21 0
dimmest 2 0
forerds 2 0
discontented 28 0
honograph 1 0
persecutions 11 0
livelong 2 0
sanded 4 0
evidenc 1 0
deviation 7 0
vowing 4 0
extraordinary 501 0
croaked 3 0
feierlichsten 1 0
caravan 22 0
auptstudium 1 0
evident 298 0
annoye 1 0
aples 73 0
persecutor 9 0
auferbauen 1 0
uppenwerk 2 0
linnets 1 0
jauchzendes 1 0
ompte 1 0
vorgehabten 1 0
laziers 1 0
peages 1 0
ignorant 309 0
efoe 3 0
irphys 1 0
ompts 2 0
ormund 1 0
benefactors 18 0
eorge 396 0
schlafen 32 0
septieme 1 0
weggewiesen 1 0
theatralischen 9 0
tailoress 1 0
zarogy 1 0
theatralischer 3 0
waltzing 4 0
rankfurt 17 0
eorgs 1 0
forwept 1 0
eorgy 5 0
arroway 2 0
gefuellten 1 0
goest 9 0
sattelte 1 0
ranching 4 0
antreibt 1 0
intolerably 3 0
arrower 1 0
achtdienst 1 0
diligunt 1 0
popularen 1 0
achbarn 22 0
roscribed 1 0
achbars 5 0
unequaled 2 0
unless 760 0
beharrt 1 0
irregularities 13 0
luesse 6 0
ormula 4 0
anzufachen 1 0
transverse 7 0
medle 1 0
oreigners 15 0
intellectualism 1 0
swannes 1 0
lifeeverlasting 5 0
opeien 2 0
goeth 8 0
ordinately 1 0
ormuln 1 0
dahertrugen 1 0
armure 2 0
supra 3 0
gelbroetlichen 1 0
intolerable 48 0
omplimentary 1 0
arbarities 1 0
emaeuermassen 1 0
redeeming 8 0
geschmolzenen 1 0
iology 1 0
goers 1 0
schiffen 1 0
pleasuance 1 0
seebespuelten 1 0
cradle 33 0
anhaltendes 1 0
riesterstande 1 0
agris 1 0
anhaltender 6 0
vorigemal 1 0
uercher 1 0
incompletely 1 0
agrin 1 0
herbeigefuehrt 1 0
geuebten 7 0
porphyrartig 1 0
anhaltenden 7 0
airguments 2 0
anhaltendem 1 0
estrebens 2 0
geuebter 4 0
abdication 4 0
allerlei 90 0
boulevard 4 0
passus 1 0
nnocenti 1 0
bereiltes 1 0
suple 1 0
popularis 2 0
armodius 1 0
perpetua 4 0
cieties 1 0
reflux 5 0
ichomovi 1 0
orgenstrahl 1 0
ppropriated 1 0
lowness 6 0
zugekehrte 1 0
fortifyed 1 0
passte 5 0
ecorations 3 0
halbverschuettet 1 0
watermill 1 0
kinsmen 8 0
cranberry 2 0
efte 3 0
forwent 1 0
strugglin 1 0
erzittern 1 0
reatheart 1 0
erreise 1 0
erzittert 1 0
betrayer 8 0
betrayen 1 0
annotated 3 0
presumptive 1 0
erfand 3 0
glichen 8 0
ubordinate 1 0
inquisitor 1 0
bezahlten 4 0
eilhan 3 0
goenn 1 0
opingans 3 0
ypocras 1 0
orglichkeit 2 0
agree 401 0
federative 1 0
enjoyment 110 0
royales 1 0
auranne 1 0
betrayed 99 0
pilgrimes 2 0
accessions 1 0
iological 1 0
liegeance 1 0
antelle 1 0
efreshment 1 0
agallomenoi 1 0
unequally 8 0
essaix 2 0
arnevals 3 0
esuitengebaeude 1 0
summerhouse 1 0
patristic 1 0
iedergegeben 1 0
slazily 1 0
anwies 4 0
erfall 3 0
erreira 1 0
annoli 1 0
freigeborne 1 0
verschuldete 1 0
vorhergehendes 1 0
eschattung 4 0
jordans 1 0
kinsman 12 0
rhalte 1 0
vorhergehenden 4 0
impurity 9 0
draping 3 0
hracteristick 1 0
struggled 53 0
nnocenzo 1 0
befunden 21 0
erlustes 1 0
shooters 3 0
hochgewachsen 1 0
struggles 39 0
dvertisements 3 0
erfuming 1 0
pillorying 1 0
tether 4 0
ayern 3 0
girthed 2 0
esamum 1 0
invariable 35 0
odwin 6 0
basted 2 0
essage 10 0
intervention 51 0
invariably 110 0
pelting 7 0
agram 2 0
heresiarch 6 0
teknon 2 0
urelius 38 0
jakes 1 0
uesschen 3 0
umbrage 7 0
obertson 8 0
ahrestag 1 0
aturerzeugnis 1 0
crossest 1 0
hindereth 1 0
looten 1 0
gewisseres 1 0
superintend 18 0
udelei 1 0
beschatteten 4 0
guerriers 1 0
iewing 3 0
elphine 1 0
hinderest 1 0
elphini 1 0
proportionately 4 0
ranchise 1 0
eingesteckt 2 0
ihrige 15 0
transports 14 0
rchitekten 9 0
ewegungsgruende 1 0
unveiled 3 0
exemplification 2 0
ayety 1 0
erfahr 2 0
normally 4 0
nings 1 0
truffles 2 0
nachteilig 2 0
rozesse 2 0
erectly 1 0
setting 183 0
onstrue 2 0
favoured 111 0
precipice 47 0
orifice 6 0
ablution 3 0
favourer 1 0
baronies 1 0
aufrecht 8 0
yesses 1 0
aermerer 1 0
akrament 1 0
destroyers 5 0
ruestete 1 0
ahomete 1 0
chartering 1 0
encountering 11 0
unremembered 2 0
bondsman 1 0
unbeschraenkten 2 0
ahomets 1 0
belitan 1 0
nines 1 0
ncyclopaedia 4 0
miscellanies 2 0
abhaengt 10 0
destroyest 1 0
durchzusehen 1 0
ciderish 1 0
destroyeth 3 0
stirrup 11 0
erkhamstead 1 0
herumtrugen 1 0
angeguertet 1 0
egan 12 0
federation 19 0
egal 14 0
ildungstrieb 3 0
labam 2 0
unmarked 5 0
gebuertiger 1 0
unverzehrt 1 0
upbuilding 1 0
hunchback 1 0
oldenen 4 0
aguet 1 0
egat 1 0
uerchte 1 0
achsseife 1 0
ferneren 1 0
fernerem 2 0
ferneres 3 0
guffaw 2 0
fourthly 8 0
betrayal 7 0
agreeing 17 0
egea 2 0
allerini 1 0
duldete 2 0
hereinzuschaffen 1 0
leergebliebene 1 0
diamondes 2 0
vergewisserten 1 0
eschicklichkeiten 2 0
schlimmsten 3 0
percursors 1 0
cresting 1 0
unherded 1 0
bondsmen 2 0
warrayest 1 0
inzug 1 0
parterres 3 0
uneigentlichen 2 0
janta 1 0
theatres 17 0
greased 9 0
rmleuchter 1 0
efuehle 27 0
dodder 1 0
benigne 5 0
asperae 1 0
efuehls 12 0
greases 1 0
greaser 3 0
goblins 1 0
ombativeness 1 0
egen 148 0
embrace 74 0
intersect 4 0
egel 14 0
inheit 15 0
laben 3 0
label 4 0
liebreiche 1 0
eged 2 0
allgemein 24 0
underprop 1 0
sampans 5 0
pooreste 1 0
gohei 3 0
inwegdenkung 1 0
fished 12 0
eget 1 0
eges 4 0
unshine 5 0
nabe 88 0
abziehen 4 0
nnenseite 1 0
overlooked 41 0
durchblaettern 1 0
spottend 4 0
accessed 1 0
fishes 69 0
fisher 9 0
hopstick 1 0
concedes 2 0
egie 2 0
prodigality 14 0
defect 53 0
stuttering 2 0
eurung 1 0
huebschten 1 0
whereunder 1 0
aturalienkabinett 2 0
accesses 1 0
conceded 25 0
wiederkriegen 1 0
eggs 55 0
conciseness 5 0
einstoeckig 2 0
whistle 43 0
ildervorrats 1 0
unsatiated 1 0
hatsoever 2 0
aeusseres 8 0
erected 96 0
aeusserer 2 0
idalgo 1 0
aeusseren 7 0
eggy 2 0
sutor 1 0
depleted 2 0
repugnance 22 0
chemins 1 0
unauffaellig 2 0
confederate 10 0
ashwoods 1 0
nade 29 0
segments 1 0
defeat 116 0
tadtmauer 1 0
einschraenkt 1 0
berloons 1 0
cookshop 1 0
ercutio 2 0
mpolitic 1 0
egis 4 0
begunnest 1 0
egio 1 0
egin 7 0
nack 3 0
nach 2263 0
tribulation 7 0
remonstrated 17 0
fishin 5 0
labia 1 0
ergland 1 0
egly 1 0
ulnam 1 0
ishauch 1 0
kidnappers 8 0
retightened 1 0
anwendbar 1 0
alleries 2 0
tolerable 96 0
scherzende 1 0
forays 1 0
unswitched 1 0
latterly 10 0
rinsley 1 0
worshipping 15 0
hnungsvoll 1 0
tagefyr 1 0
breechloader 1 0
weevil 1 0
ascetical 2 0
egli 1 0
edankenvoll 1 0
elterlichem 1 0
contemporary 67 0
iebkosung 1 0
ahrheit 108 0
untrustworthiness 1 0
reappeared 16 0
tolerably 77 0
bedraengt 4 0
caraway 1 0
toiled 24 0
nahe 87 0
backsliding 1 0
nahn 1 0
nahm 282 0
naht 7 0
chemise 1 0
ongfellow 1 0
nagt 1 0
digests 2 0
egob 1 0
kaiserlichen 1 0
commentee 1 0
commented 26 0
footfalls 1 0
chemist 12 0
geflochten 2 0
halbvergoetterter 1 0
igorism 1 0
uncompanionable 1 0
nagn 1 0
igorist 1 0
abettors 5 0
nags 3 0
aliotis 36 0
rchitektur 10 0
egni 1 0
unshiny 1 0
egne 3 0
ninth 20 0
rgwohn 18 0
tagtaegliche 3 0
nkuendigen 1 0
copiously 7 0
counterfeits 8 0
anywhere 107 0
andahars 1 0
naiv 2 0
apoli 1 0
beschaemen 9 0
excapes 1 0
naja 1 0
saehen 6 0
dwindle 1 0
nail 46 0
perplexing 13 0
angigkeit 4 0
brained 6 0
beschaemet 1 0
egot 1 0
refine 3 0
nain 2 0
ketch 38 0
bstructions 3 0
egon 1 0
nais 1 0
fortfliesst 1 0
toilet 21 0
arnesischen 1 0
immerman 1 0
uerkei 2 0
aggrandised 1 0
whithersoever 2 0
uncontrouled 2 0
herausfinden 3 0
stirrer 1 0
urkish 46 0
quarrels 26 0
diversity 27 0
tairways 1 0
lizia 1 0
quarrell 1 0
ewinne 1 0
uerken 9 0
coarser 17 0
stirred 78 0
nale 1 0
pillowbere 1 0
wedenborg 3 0
egro 140 0
llersbrunn 15 0
topheavy 1 0
stinketh 1 0
ausgesteckten 1 0
canteen 3 0
eigennuetzig 3 0
nake 35 0
larnin 1 0
belisks 4 0
aguna 4 0
hervorarbeitet 1 0
disregard 40 0
nant 1 0
egur 23 0
woechentlicher 1 0
egun 4 0
egum 1 0
egul 2 0
ersisch 1 0
gesuendigt 1 0
crackt 1 0
nane 5 0
surrenderd 1 0
cracks 16 0
results 142 0
springend 5 0
woechentlichen 1 0
tuecken 21 0
aufstellen 4 0
unheimlichen 1 0
tueckes 8 0
einstoecken 1 0
name 1582 0
qualvolles 1 0
qualvollen 1 0
aetsel 13 0
forbad 1 0
napt 1 0
ntfernst 1 0
treibenden 1 0
ondokoro 5 0
ausweib 1 0
edition 237 0
itterkeiten 2 0
perplexity 26 0
twinkled 8 0
defend 240 0
ntfernte 2 0
stirrin 1 0
nape 5 0
ucson 1 0
uelfsmitteln 1 0
analogous 23 0
roachers 1 0
ctions 76 0
rentakanal 1 0
waterway 5 0
naow 2 0
varnish 3 0
surrenders 2 0
asperse 1 0
dvantages 47 0
aspersd 1 0
editing 125 0
ewinst 3 0
lueftig 1 0
doggedly 10 0
howdah 1 0
thirdly 26 0
spendthrift 10 0
teapots 1 0
epraenge 1 0
narr 1 0
republicans 4 0
riconium 1 0
nart 16 0
pledged 41 0
nary 2 0
basses 1 0
ntergangs 2 0
loosen 7 0
looses 1 0
subscribed 27 0
overstocked 13 0
piano 30 0
leibhaftige 1 0
nare 5 0
nard 2 0
ardening 5 0
nari 1 0
pledges 16 0
onarchie 2 0
greater 2015 0
loosed 8 0
tyzar 2 0
befaehigt 1 0
exhilarates 1 0
subscriber 3 0
superintendent 10 0
rodigy 1 0
outhouse 2 0
displeasd 3 0
marquesal 1 0
lakelike 1 0
ntergange 1 0
omtee 2 0
zugeteilte 1 0
displease 24 0
outsides 2 0
outsider 5 0
anzutreffen 9 0
cutaneous 4 0
nats 5 0
etrarch 45 0
inaptitude 1 0
raeumerei 1 0
etrarca 1 0
disquietudes 2 0
exhilarated 1 0
ingenuous 16 0
nata 1 0
widersprach 10 0
disobeys 1 0
whippe 1 0
nate 1 0
erschwand 1 0
nati 3 0
cavenger 1 0
incivility 7 0
theatric 1 0
nass 5 0
edications 1 0
catapultae 1 0
avarians 1 0
chanden 1 0
teutschet 1 0
aggravate 14 0
urgemeister 2 0
rinckerhoffs 1 0
rapping 9 0
ittingbourne 1 0
aeusserst 48 0
thirded 2 0
navy 35 0
eeding 5 0
uercins 1 0
alleviate 13 0
choking 25 0
uercino 1 0
eiligenbilder 1 0
talens 1 0
nave 43 0
catapuzza 1 0
onarchen 2 0
beunruhigend 2 0
talent 61 0
elgica 1 0
revenging 7 0
naus 3 0
roprietaries 2 0
verewigen 1 0
delheiden 2 0
gelindeste 3 0
rodice 1 0
diversion 18 0
forgiving 12 0
galoppiert 1 0
centimeter 2 0
lathyrus 1 0
continu 8 0
forbid 99 0
omtes 1 0
elgian 6 0
omonoea 1 0
elschen 1 0
runkenheit 15 0
utschendeckels 1 0
yester 1 0
enough 1652 0
eilige 18 0
ygmaomachia 1 0
drolliger 1 0
aeusserte 14 0
artonen 2 0
inigaglia 2 0
whinnying 1 0
aguin 1 0
counterfeite 1 0
naws 1 0
inhere 1 0
unbuckled 3 0
defrauded 10 0
uerist 3 0
hineinzuspringen 2 0
athematical 5 0
ohlleben 1 0
facile 9 0
ieblingsgerichte 1 0
nachgewinkt 1 0
oibles 2 0
auferstehn 1 0
gluehn 2 0
hingestreckt 2 0
gluehe 1 0
atmend 2 0
overcoats 4 0
asadena 1 0
bderachman 8 0
peroriere 1 0
chaendlichers 1 0
hazardous 15 0
hazardour 1 0
ullys 1 0
ellarmin 1 0
onslaught 7 0
chemical 13 0
ositions 4 0
grimmige 1 0
idamag 1 0
philosophiae 1 0
wittingly 2 0
auserei 1 0
zweite 45 0
eberdruss 1 0
greatly 427 0
ippocrates 4 0
philosophiam 1 0
ehan 1 0
heyday 1 0
sponge 6 0
homerisiert 1 0
facing 50 0
slyly 9 0
hazardors 2 0
aettst 2 0
eguenstigte 3 0
saehst 1 0
empoert 1 0
koennte 298 0
reinste 7 0
geniessbar 2 0
swanlike 1 0
gewahren 1 0
beschaemst 1 0
nnerhalb 1 0
gewahret 1 0
suspiciousness 1 0
unction 23 0
iderlegung 5 0
inthrop 4 0
beschaemte 3 0
genagelten 1 0
admiration 198 0
planters 17 0
professioun 1 0
aradoxen 1 0
spongy 7 0
burgeons 1 0
heirateten 1 0
potamogetons 1 0
foretop 2 0
nimis 1 0
frequente 1 0
deutlich 106 0
riflers 1 0
zusammenhalten 7 0
ntfernen 1 0
resumes 2 0
etwixt 16 0
iergestalten 1 0
imployed 5 0
aufzustecken 1 0
shamefast 2 0
uendern 1 0
berweg 1 0
advocacy 4 0
ncrease 46 0
esirous 2 0
equisite 1 0
hyphenates 1 0
rinita 4 0
herethrough 2 0
ehen 32 0
atmete 11 0
ullud 1 0
polaris 1 0
ehee 1 0
uenders 1 0
oriandern 1 0
rinity 24 0
whipul 1 0
hinauszuschreiten 1 0
frequents 2 0
philosophies 1 0
resumed 144 0
ehet 4 0
ueberbleibsel 3 0
eher 87 0
unciad 9 0
humane 70 0
humana 1 0
aecherliche 2 0
amented 1 0
sponde 1 0
lanting 7 0
cantero 1 0
ondanini 6 0
richtete 22 0
ausenden 12 0
chliesst 3 0
moosigen 1 0
instigated 9 0
pariahs 4 0
verschwundenen 2 0
verschwundener 1 0
ausfuehrbar 2 0
humans 10 0
umzuschuetteln 1 0
philosophico 2 0
summaries 1 0
essieurs 7 0
atheism 11 0
uttermal 2 0
nimmt 76 0
horloge 1 0
kirtle 2 0
hervorbringen 28 0
atheist 7 0
einwand 18 0
impositions 6 0
olfert 111 0
uptorn 1 0
adespota 1 0
flemed 1 0
edeutungen 2 0
iollet 7 0
untilled 1 0
unerkannt 2 0
beobachteten 2 0
swithe 13 0
ortraete 2 0
pstairs 1 0
hinabgehen 1 0
sociality 1 0
aergernis 4 0
cadaverous 3 0
erachten 5 0
faciet 1 0
ehlt 1 0
atirist 2 0
andicrafts 5 0
professions 67 0
ortraets 1 0
finishing 38 0
richtend 1 0
debentures 1 0
ehme 2 0
inderspielzeuges 1 0
ufwaerter 2 0
faciem 1 0
tradition 78 0
facies 1 0
erbindungen 16 0
auszahlte 2 0
nacheilen 2 0
excerpts 2 0
miliens 1 0
ueberstroemt 2 0
wuerzigen 2 0
ickerson 2 0
uendeln 4 0
bendseite 1 0
conjectest 1 0
ehle 15 0
lueften 1 0
dissyllabic 1 0
selinnen 1 0
uenstlerkreis 1 0
lueftet 1 0
breakwater 1 0
vileness 2 0
rieftasche 5 0
ehnt 1 0
ehns 1 0
intermittent 9 0
mislead 10 0
preternatural 7 0
bragging 1 0
irlanden 2 0
gerefa 1 0
ndrotion 2 0
aradoxon 2 0
yersilf 1 0
schnupperten 1 0
snorting 8 0
summarily 5 0
pulverized 5 0
gaieties 4 0
apislazuli 4 0
augenscheinliches 1 0
ehmt 6 0
enfeebles 2 0
uptown 1 0
urking 3 0
kreuzweis 1 0
lammentod 1 0
ehni 1 0
ehne 4 0
enfeebled 17 0
eliminations 1 0
geregt 1 0
disgarnished 1 0
hakespearian 1 0
workhouses 5 0
discoverest 2 0
principals 5 0
zusammengeschrieben 1 0
ewalten 1 0
switch 15 0
dvantageous 1 0
auxiliary 8 0
enfranchising 1 0
vingtieme 1 0
vorerst 3 0
rachtsexemplare 1 0
attributing 17 0
faciam 1 0
facial 4 0
discoverers 8 0
ehor 2 0
ulloch 5 0
attribution 1 0
aettel 1 0
einzuweihen 1 0
handles 22 0
handler 5 0
aetten 7 0
peddles 1 0
clandestine 9 0
peddler 3 0
ehrt 5 0
einende 1 0
isfortune 32 0
handlen 1 0
koennen 666 0
sechswoechentlicher 1 0
providential 9 0
similitude 11 0
aettet 3 0
betrothal 6 0
societies 56 0
pleasure 747 0
bekenne 6 0
inzig 1 0
exculpate 4 0
trongest 1 0
ullia 2 0
morning 1184 0
vividness 14 0
eitmann 1 0
noblest 55 0
nobless 9 0
bekennt 2 0
resbytery 1 0
ehre 36 0
ullin 1 0
resbyters 2 0
gerueckt 7 0
oemmeringii 1 0
seasonin 1 0
spottete 3 0
ehts 2 0
actively 16 0
elgium 20 0
ehuf 1 0
overweening 4 0
engnagel 1 0
participants 4 0
slipping 27 0
haerteste 1 0
abgewichen 1 0
ungenerously 1 0
andwerksneid 2 0
ausgemachter 1 0
otteswilln 1 0
reudentraenen 1 0
backwood 1 0
belebenden 2 0
uppermost 20 0
peddled 2 0
policierten 2 0
toiker 6 0
handled 45 0
spottest 2 0
venturing 9 0
itoyen 2 0
indecorous 4 0
ulles 1 0
romanesque 7 0
uller 10 0
ullet 4 0
obeisance 15 0
advocate 52 0
oiseleur 1 0
niedersetzt 1 0
ruegelholz 1 0
frequency 24 0
unverwandt 4 0
drencheth 1 0
wuetenden 4 0
betrothed 7 0
artyrology 1 0
nimadversions 3 0
auersuessen 1 0
masteringly 1 0
einengt 1 0
pprobation 28 0
ncense 2 0
herzergreifend 1 0
belohnendes 1 0
onkordia 2 0
ullen 51 0
verprasset 1 0
verprassen 2 0
ayhap 1 0
foreordination 1 0
weitergehen 4 0
tephanus 3 0
larmed 2 0
ueberraschende 2 0
hisself 4 0
stolidly 2 0
hilalethes 1 0
jambs 1 0
slumped 1 0
honied 1 0
socialism 1 0
hazel 11 0
verlorenginge 1 0
njunction 3 0
chtung 34 0
nswering 1 0
taphorhtika 1 0
rchelus 1 0
ungemeiner 2 0
rithmetician 3 0
ssociations 3 0
ausreissen 1 0
wreaths 9 0
barbules 1 0
ecembris 1 0
regierende 1 0
rechtschaffen 8 0
teinschleifer 1 0
stately 76 0
ungemeinen 2 0
nothingness 3 0
gehascht 1 0
athematicks 5 0
seasonal 1 0
waxest 1 0
trimenia 1 0
geschmolzene 2 0
seufzte 7 0
exaggerations 8 0
eoptolemus 2 0
ompacts 1 0
frequenting 3 0
variously 24 0
geilen 1 0
gymnastics 11 0
hazal 2 0
passiert 5 0
eichheit 4 0
erzaehltest 2 0
waxeth 7 0
implacability 1 0
taendelnden 2 0
dahinlebt 1 0
behaviour 136 0
ewitterregen 1 0
iebelseiten 1 0
ottesbild 1 0
niman 2 0
behauen 1 0
darnach 33 0
nimal 14 0
gedichtet 7 0
oechinnen 2 0
remittances 4 0
ausserhalb 10 0
geflochtenes 1 0
upricht 2 0
miraculously 5 0
subfumigations 1 0
hygiene 1 0
nacheilte 1 0
usfuhr 1 0
geflochtenem 1 0
bejahte 1 0
behaviors 1 0
laborantes 2 0
ltitudes 1 0
riumphe 1 0
agten 1 0
auszuposaunen 1 0
capitalization 1 0
chancel 12 0
chances 49 0
heaterfreunde 5 0
chanced 40 0
itconcerned 1 0
presidential 6 0
beendigt 4 0
apitation 5 0
eibe 35 0
forage 9 0
seasoned 7 0
zweifl 1 0
oikeha 1 0
skidding 1 0
superadded 2 0
eitmass 1 0
viretote 1 0
estaurator 2 0
eibs 1 0
ultimatum 7 0
zweien 2 0
terzing 1 0
prisonniers 1 0
angesehn 4 0
zweier 6 0
ntweder 8 0
angestarrt 1 0
glueht 5 0
incoherent 19 0
buccaneer 12 0
maladroit 1 0
ullom 1 0
stoutness 2 0
geschmolzen 2 0
olywell 1 0
eplacement 60 0
nimals 29 0
nicely 24 0
acutely 14 0
concretion 6 0
querries 1 0
reeley 1 0
eide 62 0
genuetzt 1 0
eida 1 0
vorlaeufiges 1 0
photographers 3 0
imperfect 86 0
vorlaeufigen 1 0
reliminaries 1 0
abwaerts 4 0
eids 5 0
offnung 211 0
energy 242 0
ruemmer 18 0
counters 7 0
eich 27 0
eice 1 0
psychiques 3 0
incited 2 0
eingeschleiert 1 0
incites 1 0
iriodendron 1 0
arrhasius 2 0
inerals 3 0
chmerzlichste 1 0
whitened 11 0
dolphins 3 0
protective 4 0
amusing 84 0
sittings 9 0
uerstenhort 1 0
immelswonne 1 0
arodeurs 2 0
emales 4 0
dannen 2 0
limaile 6 0
eife 13 0
creepeth 2 0
hrenwort 2 0
selfish 108 0
businesse 2 0
lasstueckchen 1 0
eneris 2 0
okohama 17 0
cythen 1 0
eift 1 0
intersten 1 0
ladet 2 0
eien 2 0
bemaenteln 1 0
laden 63 0
disclander 1 0
oulleti 1 0
neighbor 38 0
andens 1 0
entering 147 0
creepers 2 0
froehliche 9 0
omplement 2 0
onokiki 1 0
ahnete 6 0
eier 7 0
reeled 12 0
unapprized 1 0
printems 1 0
raffia 1 0
rostatus 1 0
camander 2 0
eihe 69 0
rgebirge 1 0
suffissant 1 0
erlebet 1 0
ncas 2 0
peritton 1 0
flaring 9 0
erleben 13 0
arvenus 1 0
penitents 3 0
hyssinia 1 0
rivets 16 0
unfurling 1 0
eign 21 0
rstens 1 0
schmueckte 2 0
iebesgeschichten 3 0
eigh 18 0
extirpate 3 0
paziergaenger 3 0
eige 5 0
paziergaengen 8 0
ekhmasen 1 0
andeln 11 0
hrgeizigen 1 0
andelt 1 0
schmueckst 1 0
andels 1 0
chaplaincy 1 0
hereingesprengt 1 0
llustrated 1 0
mimetic 1 0
pecimens 4 0
eigt 2 0
whicker 1 0
eigs 3 0
inawerry 2 0
disturbed 132 0
displeased 34 0
displeases 2 0
hochaufgesteckten 1 0
tabour 2 0
depriving 18 0
nippy 1 0
orrying 1 0
raffle 2 0
chaffing 2 0
simpered 1 0
bishopric 11 0
enormousness 1 0
ladii 1 0
aufzuhelfen 2 0
agweg 1 0
ladie 1 0
pokettes 2 0
uhammadan 1 0
disturber 2 0
hervorragenden 1 0
abrasions 1 0
dammaged 1 0
taking 658 0
nadengehalt 1 0
zugelaechelt 1 0
eilt 15 0
eils 16 0
expos 8 0
ulpit 6 0
eill 7 0
atemberaubender 1 0
investigators 6 0
ienstag 21 0
eime 4 0
joyning 2 0
burlesque 8 0
atemberaubendem 1 0
duchesses 3 0
pauperhood 1 0
olkensteg 1 0
magnitudes 1 0
reformer 27 0
protecting 37 0
weichmuetig 1 0
berechtigte 2 0
pider 6 0
erworfene 1 0
hingst 1 0
ngluecksfaelle 1 0
reformed 18 0
eilf 4 0
eile 139 0
squireth 1 0
eila 5 0
merchandises 1 0
yearlings 1 0
homage 35 0
nche 1 0
ladly 6 0
tesian 4 0
unreconciled 1 0
eint 4 0
honesti 1 0
eins 111 0
protection 255 0
begeisternden 1 0
footsteps 57 0
chauts 1 0
wishins 1 0
ropical 1 0
squealed 5 0
honesty 58 0
hauszuhalten 1 0
ladle 5 0
ietists 2 0
chaute 2 0
additions 40 0
eims 1 0
crement 1 0
whirlpool 3 0
intellectual 284 0
raffinee 1 0
wishing 104 0
zoegernd 1 0
eini 3 0
eing 191 0
difficuity 1 0
eine 3710 0
eind 32 0
elasquez 7 0
acutest 2 0
deflowering 1 0
disturbin 2 0
nachhert 5 0
eiffenstuel 1 0
ahnest 1 0
graces 40 0
beweglichen 6 0
nachzufahren 1 0
rundsatze 1 0
crinkled 2 0
gebrauchte 4 0
nderdonk 1 0
peacemaker 2 0
iensten 13 0
confidentially 8 0
graced 9 0
ebelsaeule 1 0
hervortretenden 1 0
allzuwolluestigen 1 0
appre 1 0
zoegerte 3 0
eiou 1 0
drooped 14 0
onvinc 1 0
taboos 2 0
ienstes 4 0
eion 1 0
ohlhaebige 1 0
andelsherrn 1 0
nterkommen 7 0
ausdruecken 30 0
underglaube 1 0
expir 2 0
abwusch 1 0
motorcar 1 0
bfaelle 1 0
eirs 5 0
reservatione 1 0
attrac 1 0
anstaunen 1 0
prommust 1 0
eism 5 0
beschleichen 1 0
beschleichet 1 0
stooles 1 0
eise 440 0
achtisch 4 0
zusammengerafft 1 0
eisa 3 0
ncle 441 0
zustellte 1 0
slattern 2 0
aterloo 7 0
ammunition 21 0
robusten 1 0
printers 3 0
herever 32 0
edgeways 1 0
raffte 4 0
capite 1 0
dreading 10 0
reservations 8 0
chanticleer 1 0
impelled 32 0
appui 4 0
capita 1 0
eitz 1 0
eity 56 0
olofern 1 0
underworking 1 0
boojum 1 0
uncertain 158 0
unflagging 3 0
vergrabenen 1 0
element 105 0
unguessable 1 0
aumarten 1 0
haxter 1 0
verschmachtet 2 0
thilk 1 0
pickt 1 0
restrains 10 0
picks 14 0
eist 251 0
eiss 34 0
eibern 14 0
seitdem 16 0
jackal 2 0
eiberl 1 0
aftermath 2 0
dissuadings 1 0
eheimnisse 28 0
restraint 75 0
eith 15 0
eite 285 0
verschmachten 3 0
picke 2 0
zusammengepasst 1 0
avantour 1 0
twirling 9 0
twould 8 0
chatze 3 0
southernmost 1 0
chuster 2 0
confraternities 1 0
gebrauchen 13 0
entscheide 2 0
think 3366 0
languages 63 0
thinn 1 0
thins 2 0
hingin 3 0
eius 3 0
ourgoing 1 0
chlaegerei 1 0
chubart 1 0
usbandmen 3 0
mongrel 2 0
parvae 1 0
languaged 1 0
ilgman 1 0
japed 3 0
eive 1 0
thing 2013 0
thine 261 0
japen 1 0
shapely 5 0
betrugst 2 0
japes 10 0
thigh 19 0
bdelazar 1 0
ucanian 2 0
apparel 40 0
schmerzlich 13 0
bekleidete 4 0
hipping 6 0
clamours 3 0
doggerels 1 0
andgute 1 0
stability 21 0
railties 3 0
ankleben 1 0
hryses 5 0
widely 70 0
jacket 23 0
ebensszene 1 0
stilettoes 1 0
summarisches 1 0
gerungenen 1 0
unfamous 1 0
penitence 26 0
cornbread 4 0
askance 4 0
warranted 12 0
farmers 121 0
teshti 1 0
indefinite 25 0
ratzengesicht 1 0
zusammentreffende 3 0
klingende 2 0
widens 6 0
eize 19 0
observees 1 0
berechtigen 2 0
mulette 1 0
berechtiget 6 0
abgezirkeltes 1 0
cholars 17 0
scatterin 1 0
eizt 1 0
foreshadow 1 0
indigested 2 0
reducing 46 0
persisting 5 0
attitudes 12 0
amentationes 1 0
listless 17 0
nicety 14 0
sumpotika 1 0
loeten 10 0
chauer 16 0
confessing 10 0
chauen 2 0
akkaroni 1 0
estorians 2 0
nachlaeuft 1 0
ncus 1 0
sessions 21 0
vergebe 3 0
satchel 4 0
hiemit 4 0
ipolito 1 0
sideboards 1 0
apprehensively 2 0
vergebt 2 0
ountrey 2 0
neuren 2 0
betrugen 2 0
gladsome 9 0
vulgarised 2 0
benefactor 20 0
thenne 9 0
usstritten 2 0
ensterscheiben 2 0
frivolous 43 0
eneral 702 0
talienisch 2 0
vergnueglich 5 0
enophon 9 0
schmuecket 1 0
hardily 9 0
hingab 2 0
onvict 5 0
schmuecken 7 0
chaudr 1 0
coquinarius 1 0
barely 63 0
evading 13 0
amentationen 1 0
pierces 4 0
epeating 1 0
euerwerk 6 0
ewohner 13 0
hetorick 4 0
erfuehrungen 3 0
hardier 5 0
counselling 14 0
emptiness 10 0
jordan 1 0
trucks 7 0
schaetzbarste 1 0
olzkonstruktion 1 0
unstbestimmung 1 0
estlichkeit 3 0
ejay 1 0
horoscope 1 0
fervor 8 0
pierced 31 0
chtzehntes 1 0
entwendet 4 0
unceiled 2 0
nipes 1 0
tharity 1 0
concentrating 8 0
countess 43 0
compradore 1 0
auchest 1 0
judiciary 2 0
reeman 14 0
achdenkendem 1 0
hingen 12 0
inducement 31 0
nicest 7 0
specimen 66 0
inbruenstiges 1 0
inbruenstiger 1 0
zsammkomma 1 0
hinges 19 0
eriagua 1 0
aneinandergrenzen 1 0
heaving 15 0
incised 2 0
cerealian 1 0
ueberlesen 1 0
concentration 12 0
hinged 1 0
heavily 96 0
wardrobes 1 0
ausspreche 1 0
confession 111 0
third 578 0
usbandman 2 0
rivaled 1 0
schmerzenfreies 1 0
further 820 0
suffisance 6 0
thirl 1 0
ulsieren 1 0
honetic 2 0
iedertaufer 1 0
homespun 10 0
bruetet 1 0
presidents 4 0
nrich 1 0
rimmas 1 0
halbverdeckten 1 0
mphale 1 0
pellicle 1 0
enesis 5 0
ardinians 1 0
rechtmaessigeren 1 0
msigkeit 5 0
bekehrt 1 0
oolwich 2 0
going 1193 0
ingabe 1 0
djournment 12 0
lieferte 2 0
flagitat 1 0
skeptics 1 0
resounding 10 0
gathiou 1 0
abomin 1 0
instudieren 1 0
behove 4 0
reemen 4 0
pantaloons 10 0
ebhaft 4 0
bounding 20 0
stungen 1 0
reenslavement 1 0
ruehrten 2 0
roclus 1 0
epulsion 6 0
partly 315 0
burthening 2 0
rimmed 1 0
brueten 1 0
ildhauerkunst 2 0
smoothest 1 0
quartet 3 0
quarter 346 0
harmonizing 1 0
battling 15 0
therapeutics 1 0
llherzerweiternde 1 0
frieren 1 0
dangerously 9 0
asaltstuecken 1 0
exemplary 28 0
begreiflichen 1 0
nstable 1 0
exemplars 2 0
rmulum 1 0
tuggin 1 0
recrossing 1 0
fruition 6 0
verruecken 2 0
molten 11 0
andicraft 1 0
sleightes 3 0
grenadier 4 0
possierlichen 1 0
lacet 5 0
possierlichem 1 0
renewing 15 0
laces 58 0
behosh 2 0
chmausfeste 1 0
asserbaue 1 0
laced 18 0
ovolo 1 0
urarum 1 0
ochzeitsfeste 1 0
truant 2 0
losmachen 4 0
ditorial 1 0
oebels 3 0
uedwest 2 0
heavier 58 0
nder 181 0
anhoerte 1 0
chates 2 0
chaten 2 0
ndes 16 0
istakes 13 0
zwitterhaftes 1 0
ndex 6 0
whedder 1 0
unfeelingly 2 0
misthink 1 0
partie 5 0
nded 2 0
nions 9 0
nmutigen 1 0
nmutiges 1 0
nmutiger 1 0
nterdessen 10 0
wohltun 2 0
nden 21 0
stareth 1 0
wohltut 2 0
ndem 28 0
elbsttaeuschung 1 0
deposing 2 0
knots 31 0
oebeln 3 0
lacht 15 0
bureaus 1 0
lachs 1 0
erwandlungen 1 0
anhoeren 4 0
ononischen 1 0
chatty 3 0
underlings 1 0
rivalry 21 0
thick 379 0
unerleuchtet 1 0
arstaellen 1 0
sowneth 1 0
worthies 9 0
worthier 6 0
lache 4 0
loesse 5 0
knout 1 0
ntimately 1 0
aying 22 0
umschmelzen 1 0
kaelteste 1 0
ailments 3 0
angebetet 4 0
ernambuco 2 0
knowe 21 0
quartos 1 0
unseemliness 1 0
ergangenheit 19 0
einzufinden 5 0
contents 189 0
loeste 5 0
apour 5 0
bodenlosen 1 0
thics 3 0
nachlaesst 1 0
invalid 35 0
ontcontour 1 0
hermopylae 5 0
apacities 6 0
silenced 19 0
zealots 5 0
drones 11 0
legten 6 0
thief 72 0
ewohnte 1 0
pretenders 6 0
widern 1 0
herzstaerkende 1 0
crouches 2 0
fuerchtet 11 0
scattered 155 0
ttichbuesche 1 0
nachzuziehen 1 0
silences 6 0
ssentially 2 0
silencer 1 0
known 1440 0
knowl 3 0
trouncing 1 0
trudelkopf 1 0
freigemacht 1 0
ippolytus 1 0
erechtsame 2 0
acquaintances 45 0
knows 531 0
meion 1 0
luntness 1 0
tammburg 2 0
meine 1060 0
lacks 12 0
zealous 80 0
ebullitions 1 0
thier 4 0
fuerchten 31 0
widest 11 0
mphase 3 0
ufwicklungen 1 0
lacke 2 0
underlined 1 0
meint 21 0
meins 2 0
crouched 20 0
screened 9 0
ndia 256 0
jolliness 2 0
interfenster 1 0
rimmes 2 0
rimmer 1 0
erbaermlichsten 2 0
ffekte 3 0
demurs 1 0
bsaetzen 6 0
luxuriousness 2 0
rlangten 1 0
smoothers 1 0
staerkeren 3 0
staerkeres 1 0
hurtell 2 0
insofar 1 0
umgiesst 1 0
eltganzen 1 0
waddings 1 0
zusammenkommen 7 0
peckerwoods 2 0
unkelhof 1 0
exemplair 1 0
splammy 1 0
unterlassen 9 0
deposits 27 0
ommunicate 1 0
undesirable 9 0
uergerkriegs 1 0
ilberflor 1 0
eleidiger 2 0
sosehr 10 0
ermattende 1 0
manikins 1 0
demure 13 0
deposite 2 0
ffekts 1 0
graben 2 0
devoir 3 0
presage 4 0
thiag 1 0
meise 1 0
tenantless 1 0
ausgewichen 1 0
mounds 7 0
elphware 1 0
uloff 1 0
impetuousness 1 0
meist 60 0
ingratitude 20 0
reprehensible 9 0
pices 1 0
oebeck 1 0
arclay 1 0
gefeierten 2 0
rgriffen 1 0
largesses 2 0
rimmig 1 0
devoid 34 0
commit 88 0
ruehlingstag 1 0
commis 4 0
eingepackten 1 0
ntremette 1 0
benumbeth 1 0
presidency 2 0
scurry 1 0
flourished 58 0
ursery 3 0
fidgeting 1 0
yllables 1 0
eichenbegriffen 1 0
incitur 1 0
singing 162 0
blendendweissen 1 0
flourishes 9 0
haggardness 1 0
geddered 1 0
slaendisch 1 0
ndor 4 0
ejus 1 0
labor 122 0
uhebettes 3 0
furtive 13 0
ippocras 3 0
annspersonen 8 0
remorsefully 2 0
mehrt 1 0
lyrischen 2 0
aldron 7 0
wemmeless 1 0
rotbacket 1 0
ulnoy 1 0
expel 20 0
beschaedigte 1 0
exper 7 0
bonheur 3 0
ndra 7 0
ingard 2 0
leichtere 2 0
ndre 37 0
leichtern 2 0
leichterm 1 0
darueberlegt 1 0
leichters 2 0
ominion 12 0
letzthin 1 0
eiertag 1 0
knapper 1 0
ountenances 6 0
puissant 4 0
dingdong 1 0
puissans 1 0
sovereigns 62 0
arantula 1 0
paniccaused 1 0
abgeschmacktem 1 0
devote 53 0
seller 13 0
belching 1 0
approximate 11 0
engendering 1 0
abgeschmacktes 3 0
abgeschmackter 1 0
rivatnutzen 1 0
almerino 1 0
selled 1 0
abgeschmackten 3 0
adroitly 5 0
labte 1 0
lantagenet 2 0
gewallfahrtet 1 0
peccadillo 2 0
knobs 1 0
umliefen 1 0
erlassene 1 0
restraineth 3 0
hielte 10 0
sergeant 18 0
expec 4 0
hollowing 2 0
farewell 68 0
knock 64 0
ealths 1 0
apple 40 0
judgements 8 0
rcturus 1 0
pinweeds 1 0
educative 1 0
common 1377 0
interest 1384 0
ealthy 3 0
nvisible 6 0
magnolias 1 0
chaste 35 0
ndur 1 0
suppressions 2 0
apply 308 0
ebhard 2 0
iesflaeche 1 0
kurzsinnige 1 0
wohlgestalteten 2 0
napplicable 1 0
formula 11 0
berpriester 1 0
appen 10 0
commas 3 0
appel 7 0
erzensregen 1 0
estates 92 0
contends 7 0
mbitious 1 0
shovels 1 0
apped 1 0
bangste 1 0
boforg 1 0
granddaughters 1 0
porticos 2 0
onnecticutt 18 0
blackbuck 1 0
geltend 4 0
repudiate 4 0
appet 1 0
rewash 1 0
disagreeably 3 0
myrtleberry 1 0
skeerder 2 0
ecruiting 1 0
mounts 14 0
ainichido 1 0
nachhelfen 1 0
raussprudelt 1 0
cambrics 2 0
nbedeutendste 1 0
nhabitant 5 0
verschwundene 1 0
anhaeufen 1 0
archioly 1 0
estated 1 0
fuerchtst 1 0
theory 247 0
starers 1 0
assaying 3 0
lazars 1 0
ttachment 23 0
secret 482 0
gallantries 5 0
loesen 11 0
ideologists 1 0
qualifying 1 0
amiddes 2 0
congregation 64 0
ehrjuenger 2 0
secree 1 0
enesee 1 0
reward 169 0
nordwestliche 1 0
appho 11 0
ustomers 14 0
disagreeable 114 0
oxbury 6 0
devout 22 0
rinzesschen 4 0
eschichtchen 3 0
neckisch 2 0
loeset 2 0
zusammenzunaehen 1 0
devour 34 0
waehntest 1 0
appal 2 0
ephalonia 1 0
eislingsche 1 0
textiles 2 0
chosshund 2 0
fleetest 2 0
cuttings 1 0
astures 2 0
ansfield 10 0
verboeten 1 0
hellblaue 2 0
combustion 2 0
reasonableness 9 0
asachusets 2 0
fermarsi 1 0
sporadic 43 0
inexplorees 1 0
aufeinanderfolgend 1 0
transacted 22 0
buffeting 3 0
enaissin 4 0
athrough 8 0
disenthrallment 1 0
ingang 15 0
kennengelernt 3 0
walking 244 0
chumping 1 0
grimmigsten 1 0
preiswuerdig 1 0
percolations 1 0
niedergemaeht 2 0
inwegnahme 1 0
ausdrueckte 11 0
andere 356 0
oledan 1 0
tationers 1 0
ueberfahrtspunkt 1 0
andern 703 0
anderm 11 0
ominica 1 0
anders 192 0
ingals 2 0
rearranged 5 0
chwarze 2 0
ominics 1 0
knoll 9 0
airngorm 4 0
exception 147 0
almist 1 0
elebrates 1 0
blubbering 1 0
branch 225 0
erdruecken 1 0
chimera 4 0
brande 1 0
revolutionists 1 0
themes 11 0
coursing 9 0
neat 58 0
urosawa 3 0
neas 1 0
near 1153 0
ountous 1 0
ountour 1 0
aptists 2 0
utigste 1 0
elinpapier 1 0
rachenueberwinder 1 0
zerfliessen 2 0
erswasion 1 0
proportional 8 0
clodhopper 1 0
klingelte 3 0
aptiste 1 0
nossus 1 0
lauerte 5 0
itelkeit 44 0
geuebte 3 0
klingelst 1 0
apsel 1 0
stablish 3 0
haldaeern 1 0
garmentings 2 0
ranchmen 4 0
unschluessige 1 0
hineinlesen 1 0
aptista 3 0
ekka 1 0
apses 1 0
flasterer 1 0
rskine 9 0
orphans 4 0
unseating 1 0
melle 1 0
brands 7 0
corollas 4 0
ekin 7 0
nirps 1 0
excepting 53 0
droopy 2 0
chasin 2 0
enetor 1 0
neck 280 0
knowledged 1 0
logical 36 0
hinzusetzen 3 0
zusammengefaltete 1 0
iltered 1 0
nourishe 1 0
immoderate 7 0
brandy 32 0
shampooing 2 0
immelsbogen 1 0
evidence 331 0
trespasses 3 0
glaenzte 9 0
trespasser 1 0
ugliest 5 0
signified 29 0
ordship 66 0
neep 6 0
chases 2 0
goldless 1 0
trysting 1 0
nees 6 0
neer 4 0
cottage 87 0
nimosities 6 0
signifies 38 0
erlierer 1 0
aufgeschmueckt 2 0
melon 10 0
omarists 1 0
uehrer 46 0
emands 10 0
schwerere 1 0
testers 1 0
uehren 2 0
billhook 1 0
iffen 6 0
need 841 0
iffel 1 0
hodius 1 0
iffey 1 0
alming 1 0
ekki 1 0
paunched 1 0
contemns 1 0
ekle 1 0
keinem 44 0
fruticosa 1 0
nefarious 8 0
trespassed 5 0
neuter 1 0
ecstasies 5 0
keines 21 0
keiner 83 0
paunches 1 0
keinen 261 0
metaphysical 25 0
nachgelassen 2 0
ueberdruessig 4 0
ranchman 9 0
golly 2 0
nehm 7 0
gehend 5 0
ismission 1 0
graebt 1 0
proportioned 64 0
andaechtig 3 0
usstritt 4 0
masticator 1 0
chased 18 0
cremation 8 0
aplomb 1 0
schauderhaft 1 0
euchters 1 0
ekretaer 34 0
mporter 3 0
nego 1 0
sloughed 1 0
spraechen 1 0
contempt 185 0
aturkuendiger 1 0
pediteur 1 0
mported 1 0
pilfering 2 0
reproduction 21 0
schiesst 10 0
education 431 0
hinaufriss 1 0
gehegt 3 0
ismissing 3 0
aldorf 1 0
aspire 15 0
neis 3 0
eufelsgestalt 1 0
passively 6 0
neid 2 0
fleeting 21 0
osheit 19 0
ekos 1 0
educating 13 0
keyed 1 0
nein 61 0
nehr 1 0
ntstehungsfall 1 0
vorgehabt 1 0
neckhandkerchief 2 0
ossessors 3 0
geheim 8 0
arcian 1 0
verschrieb 1 0
nell 3 0
affright 10 0
urself 1 0
appeased 10 0
versorgte 2 0
vacillate 1 0
yrtenhecke 1 0
appeasen 1 0
cataclysm 2 0
keyes 1 0
theniensern 7 0
nsbesondere 1 0
snowflake 1 0
modious 1 0
wilnest 1 0
theniensers 1 0
ixinger 1 0
idealen 1 0
airish 1 0
abgegeben 6 0
melts 15 0
hinzubringen 2 0
nenn 3 0
verworrenes 1 0
verworrener 1 0
nent 2 0
nemy 180 0
kuerzern 3 0
verworrenen 9 0
aylor 11 0
kuerzere 1 0
unreformed 3 0
nend 1 0
aternus 1 0
alphabetical 7 0
raemerei 1 0
overawed 4 0
nemo 1 0
agestueck 7 0
airily 4 0
nelu 1 0
secular 52 0
overawes 3 0
therefor 8 0
gehuldigt 1 0
revolutionises 1 0
rended 3 0
adroitness 4 0
raining 14 0
abriken 4 0
credits 15 0
iphilus 3 0
rendez 1 0
ostello 11 0
golde 4 0
orfahre 1 0
airing 5 0
memorize 2 0
schlimme 5 0
render 357 0
fassen 74 0
fruitesteres 1 0
unmitigated 7 0
neon 1 0
davonzubringen 1 0
benumbing 2 0
oellischen 1 0
chasms 3 0
neow 2 0
teased 5 0
revolutionised 1 0
restfully 3 0
aufgefallen 7 0
borrowing 36 0
aternae 1 0
ausgeklagt 1 0
itternacht 31 0
aternal 1 0
undebatable 1 0
ners 8 0
wahrhaft 15 0
feckless 1 0
uebernehme 1 0
entstellt 8 0
nere 7 0
ublinen 1 0
iafoirus 2 0
apste 7 0
begeisterten 3 0
conclusive 19 0
laeve 1 0
raemerin 3 0
verifying 2 0
wackeren 2 0
laeva 1 0
wackeres 1 0
wanter 45 0
wackerer 6 0
apsts 1 0
orfahrt 1 0
thelun 1 0
wanted 444 0
eingeladen 6 0
aesche 8 0
istgabeln 1 0
inloesung 1 0
stingless 2 0
laeue 1 0
odorem 1 0
nabaptists 17 0
calvinistes 1 0
nett 8 0
nets 22 0
nzuendenden 1 0
verschmaehete 1 0
hining 3 0
unfailingly 1 0
piels 3 0
improvise 2 0
urelian 2 0
default 23 0
niched 1 0
drunken 69 0
eldscher 2 0
neth 2 0
thievish 1 0
ssassination 1 0
piele 36 0
ness 30 0
iddletons 1 0
loetenspielerinnen 1 0
impoverishment 2 0
black 904 0
feilbot 1 0
nest 56 0
chraenkchen 1 0
incrustations 1 0
retract 12 0
zypresseragend 1 0
geuebet 1 0
ustinian 19 0
envenuto 2 0
nese 1 0
nesh 1 0
bestirring 1 0
charts 2 0
nmoeglich 2 0
enslavers 3 0
halberhabener 1 0
fatuous 2 0
befestiget 3 0
ayashima 3 0
rasselten 1 0
befestigen 8 0
charta 1 0
furniture 161 0
neve 1 0
nwahrheit 1 0
piers 25 0
betrayest 1 0
wohlgelegenen 1 0
neun 22 0
ockley 2 0
ockles 1 0
forschenden 1 0
improving 51 0
neue 238 0
trumpet 41 0
piess 5 0
neuf 1 0
ueberteuern 1 0
blotched 1 0
trumpen 1 0
neuk 3 0
thieving 5 0
next 1331 0
scurrility 2 0
unerwarteten 14 0
schlechte 10 0
unerwartetes 2 0
unerwarteter 3 0
trumped 4 0
angemasste 1 0
airies 1 0
agdhause 4 0
conclusion 260 0
memoriae 2 0
unkers 3 0
schlechts 1 0
memoriam 2 0
trademark 134 0
memorial 32 0
dreamers 4 0
charre 1 0
news 295 0
uszierung 4 0
echtilde 2 0
bfluss 1 0
headgear 1 0
dreameth 2 0
niedersank 1 0
obelspaenen 1 0
uehrte 2 0
worthily 11 0
guiltily 7 0
newe 36 0
retigny 1 0
attempted 191 0
widerwaertig 3 0
doubleth 1 0
betterment 2 0
thello 7 0
lowery 1 0
onotonous 1 0
unfriendlily 1 0
lowers 18 0
posturing 2 0
tugged 5 0
betruebt 7 0
bewilderments 1 0
gambolled 1 0
edentore 3 0
fardins 2 0
doublets 1 0
elbs 1 0
angemasset 1 0
rocurators 1 0
behoof 1 0
epolter 1 0
urteltaeubchen 1 0
elbn 1 0
mutige 3 0
betruebe 1 0
ingernaegeln 1 0
oernern 5 0
ruthlessness 1 0
lowest 160 0
acclimatisation 1 0
dematerializing 2 0
elfare 30 0
melan 2 0
owlihead 1 0
elay 21 0
elax 4 0
vangelical 4 0
uncontrollable 6 0
hodian 1 0
elan 6 0
anheimgeben 1 0
sithes 2 0
hoffnungsvoller 1 0
elde 42 0
scurshun 2 0
sithen 4 0
pensive 9 0
youngest 64 0
connexion 91 0
piety 64 0
abeistehenden 1 0
ordaunt 2 0
ausbreitete 7 0
gradui 1 0
klammern 1 0
rendre 1 0
memories 49 0
elds 3 0
hoffnungsvollen 3 0
melee 6 0
uddled 3 0
elch 45 0
diddle 13 0
nreasonableness 4 0
uarfed 1 0
staggering 11 0
betrayeth 1 0
criticize 1 0
fehlerhaften 1 0
iesengestalten 1 0
wanton 26 0
fortschwimmen 1 0
behold 168 0
melde 1 0
economic 18 0
niederstuerzte 3 0
smothering 4 0
dressmakers 1 0
aternen 3 0
heartburnings 1 0
retrace 9 0
urselves 4 0
uerkung 29 0
appleplexy 1 0
unkeln 9 0
archly 8 0
betruege 5 0
pleaders 1 0
elft 3 0
aldermanic 1 0
ausschweifend 3 0
deinige 5 0
elek 1 0
gruesome 5 0
msturz 1 0
anfachen 2 0
weggehen 5 0
eleg 1 0
elec 1 0
meles 3 0
choleric 7 0
meler 1 0
wantin 3 0
eley 2 0
lackfoot 2 0
didden 1 0
trafgelder 1 0
outside 282 0
bendspazierfahrt 1 0
eler 2 0
gesammelte 1 0
elen 17 0
pectation 1 0
melic 2 0
melia 5 0
hundertund 1 0
foundery 2 0
elhi 2 0
hombre 1 0
founders 25 0
elia 3 0
netting 7 0
bargemen 1 0
gesenkt 4 0
adicals 4 0
ausnimmt 4 0
emailliert 1 0
schicktest 2 0
ersetzung 3 0
eutonic 13 0
erknuepfung 5 0
tymphalian 2 0
fizzle 1 0
elfast 1 0
zauberisch 1 0
unruhig 25 0
unbound 5 0
andgraf 1 0
eizendes 4 0
fortsetzen 9 0
arteries 33 0
issemble 1 0
mutiny 8 0
rnuesst 2 0
hlorindens 1 0
eizenden 1 0
pension 40 0
emiarus 1 0
hieftainship 1 0
negroes 45 0
foibles 9 0
elim 2 0
locality 50 0
elig 2 0
abzusondern 1 0
reislauf 2 0
elic 1 0
punctually 12 0
arpenters 3 0
sowenig 12 0
cuckoo 32 0
natalis 1 0
elix 74 0
droppe 2 0
uppress 1 0
ells 74 0
waehlen 24 0
vulgarisms 1 0
ello 16 0
waehlet 1 0
aldruecken 1 0
elli 4 0
genuegsam 5 0
cuckow 3 0
scharenweis 1 0
elle 91 0
elme 3 0
ffence 31 0
thenes 5 0
unbeachtet 1 0
churchwarden 2 0
elma 2 0
dunkeler 2 0
herauszusagen 1 0
residencies 1 0
unfruitful 3 0
elly 24 0
anatomists 4 0
ompagnie 3 0
undeceiving 3 0
issgunst 2 0
fluxes 1 0
misapply 3 0
majestas 1 0
grandsire 1 0
vergeht 7 0
charge 379 0
chargd 7 0
eprivation 1 0
vergehn 5 0
ecline 3 0
fiendly 4 0
fastum 1 0
laege 2 0
ella 346 0
wldsp 4 0
nichts 946 0
ffendi 10 0
lefuscudians 1 0
enwick 1 0
observers 18 0
elteste 1 0
octurnal 6 0
expenditure 36 0
ermuda 2 0
knickerbockers 4 0
onverse 1 0
verabscheute 1 0
sympathised 8 0
dropsy 7 0
klingelten 1 0
arterial 16 0
illingness 5 0
atchinas 1 0
vergehe 1 0
eloe 2 0
klirren 1 0
protagonists 2 0
verabscheust 1 0
criticise 11 0
ennoch 3 0
herumgelaufen 1 0
nliegen 5 0
hurdling 1 0
ompagnon 1 0
criticism 89 0
specious 17 0
elms 14 0
importuned 2 0
keimende 2 0
charen 6 0
iffusion 1 0
urgatorio 1 0
busiest 3 0
piece 428 0
elightfully 1 0
ustpartien 2 0
vexing 6 0
reekes 15 0
elps 2 0
lmanacs 1 0
nterhaendlerin 1 0
befestigte 7 0
nfit 1 0
verwandelte 13 0
onverts 3 0
rreverence 1 0
bemeisterten 1 0
covert 26 0
covers 60 0
elow 20 0
elov 1 0
unconsidered 3 0
thwart 11 0
elos 2 0
ordsinn 1 0
thence 183 0
elon 2 0
heimkehrten 1 0
lmanack 11 0
elpe 1 0
exqui 1 0
zuwendet 1 0
ankrupcy 1 0
uenstlinge 5 0
anctions 2 0
nsurgent 1 0
durcheinanderwirken 1 0
appeared 794 0
elsh 13 0
else 778 0
rodigieuses 1 0
nique 3 0
asaubon 5 0
ervoin 2 0
ultaness 2 0
iverpole 1 0
niedersehen 1 0
randmamma 2 0
pimples 2 0
auerhoefchen 1 0
vergers 1 0
petitions 39 0
wohltaetig 4 0
ehovah 3 0
philosophique 1 0
abrillo 1 0
mehrmal 1 0
umosity 1 0
graden 4 0
indulgently 2 0
landholders 3 0
schreitet 3 0
elts 4 0
majestic 51 0
omakomai 5 0
grades 10 0
randmammy 2 0
riegszuegen 1 0
grader 1 0
blotches 3 0
disposal 77 0
dissatisfiable 1 0
elui 1 0
ntenor 12 0
graded 3 0
explicable 1 0
delight 318 0
lanters 2 0
rgumentation 2 0
ushnell 1 0
berlegungen 1 0
mentality 1 0
suggestion 148 0
conglomerate 5 0
reneda 1 0
troepfelt 1 0
lantern 85 0
impromptu 6 0
keimen 3 0
harrycanes 1 0
elte 2 0
elta 12 0
schreiten 6 0
aendereien 1 0
eucumber 1 0
waehlst 1 0
second 981 0
marvelously 8 0
faster 57 0
selige 3 0
unapproached 1 0
maternity 7 0
orgeous 1 0
waehlte 8 0
reifliche 1 0
fasten 34 0
lenders 3 0
unstsonne 1 0
aertnerei 1 0
niches 13 0
elut 1 0
elus 2 0
charms 69 0
uebermacht 4 0
auffaehrt 1 0
suggestive 14 0
secolo 2 0
waermten 1 0
clownish 2 0
laesa 1 0
orphanages 1 0
elopement 10 0
demption 1 0
nfra 7 0
deutsch 6 0
laere 3 0
ominoeser 1 0
avenues 16 0
oleful 1 0
schnurrend 1 0
foolishly 39 0
vergelt 5 0
ascendants 2 0
ntents 2 0
maneless 1 0
iverpool 21 0
rockes 15 0
rocker 4 0
zugeworfene 1 0
paniers 1 0
rocket 2 0
trinkets 11 0
entuckians 13 0
noster 9 0
registered 37 0
downfall 17 0
discipline 114 0
orgenstern 1 0
cinque 4 0
disciplind 2 0
cuticle 1 0
grammatikou 1 0
disciplina 1 0
ohnenstroh 1 0
rocked 12 0
concurs 2 0
spekulierte 3 0
robationary 1 0
rocken 3 0
ingapore 2 0
ngulfed 2 0
getrost 13 0
verwuensche 1 0
apologue 2 0
capers 7 0
rangenblaetter 1 0
ertraeglich 6 0
limberness 2 0
enutzung 2 0
lendend 1 0
obtained 280 0
elze 2 0
tesserae 10 0
einbildeten 1 0
parodied 2 0
crossings 1 0
serenity 30 0
ufsehen 8 0
ranzoll 1 0
prelates 8 0
innermost 6 0
thatched 14 0
guzzling 1 0
exporter 10 0
uebertreibe 1 0
kuenstlich 9 0
lecherous 5 0
ufseher 2 0
thatches 1 0
exported 105 0
fasted 5 0
ruhigzubleiben 1 0
therefro 1 0
fragend 1 0
chwimmer 1 0
entbrennen 1 0
mewing 2 0
saeubern 2 0
onzertmeister 1 0
ideally 8 0
entbrennet 1 0
arthenopean 1 0
parodies 2 0
flattish 1 0
issens 3 0
nfug 3 0
mmigration 1 0
pelousas 1 0
tugendhaft 8 0
reuzdonnerwetter 1 0
umhaengt 1 0
ambiguity 14 0
beantwortete 6 0
unpolluted 1 0
apologon 1 0
capturing 7 0
rednerischen 1 0
rednerischer 1 0
bevorstehendes 1 0
bevorstehenden 3 0
isunion 4 0
clique 2 0
nglois 5 0
ranzose 3 0
gfreu 1 0
iedler 1 0
itthauen 1 0
offman 1 0
suggesting 27 0
embi 1 0
verabscheuet 1 0
thwack 1 0
apron 36 0
disposes 17 0
perpetuate 23 0
ecreant 1 0
aprop 1 0
verkehren 1 0
emby 2 0
obwalten 1 0
ueberlisten 2 0
unvorbereitetes 1 0
erlebte 3 0
hrsucht 1 0
unfitted 9 0
unotempels 2 0
verwuenscht 2 0
disposed 243 0
embo 1 0
verabscheuen 3 0
wegzuschleppen 1 0
ifers 1 0
aylie 2 0
erlebst 1 0
iscellaneous 2 0
unstgeschwaetzes 1 0
eelenfreude 1 0
mazonian 3 0
taatseinrichtung 1 0
eispielmaessigs 1 0
ahnden 1 0
epigegrammai 1 0
emar 1 0
inzulassen 1 0
eman 6 0
ankrupts 1 0
nkleiden 2 0
ahndet 4 0
superincumbent 6 0
attoes 1 0
cockerel 1 0
albgoetter 2 0
emde 3 0
fruitful 37 0
rockne 2 0
aspian 2 0
versifying 1 0
cayenne 5 0
kluges 3 0
kluger 3 0
mystisch 1 0
elterfahrung 1 0
klugen 18 0
igures 14 0
versorgen 4 0
iguren 43 0
arithmetika 1 0
charac 1 0
provisions 245 0
inquirendum 1 0
renewe 1 0
astrelabore 1 0
ensterbrett 1 0
eflexionen 1 0
eifrigste 2 0
enriette 2 0
barbed 8 0
pitawta 3 0
tambour 2 0
enezianern 1 0
barber 7 0
unkinde 1 0
rivere 4 0
emel 1 0
rivers 171 0
ayley 3 0
heitres 1 0
rdenglueck 1 0
heitrer 1 0
industrious 112 0
sojourning 1 0
breweries 1 0
andschlag 2 0
ayler 2 0
emez 1 0
narrations 6 0
eshurun 1 0
massive 67 0
pillere 4 0
erschweren 3 0
frolicked 3 0
rmpfindungen 1 0
ongressman 8 0
hirurgus 10 0
fassts 1 0
unyielding 2 0
ejoice 1 0
courageously 7 0
dienlichsten 1 0
awfull 1 0
pillers 2 0
floundered 4 0
nostre 3 0
solches 62 0
solcher 90 0
nostra 3 0
erfuelle 2 0
fasste 70 0
nostro 2 0
ryphile 1 0
rockin 3 0
apres 4 0
erfuellt 35 0
tossing 36 0
curious 339 0
druerie 1 0
eneuch 10 0
solchen 248 0
solchem 24 0
forgivingly 2 0
ostelyo 2 0
insulation 1 0
nglisch 3 0
umgebildet 1 0
industriosa 1 0
ecrease 3 0
wohlsten 2 0
overside 9 0
ausmutter 1 0
eibchens 1 0
aterman 1 0
eingingen 1 0
tatami 5 0
prachmeisters 1 0
omnibus 15 0
tradespeople 4 0
ingekerkerten 1 0
factory 25 0
emin 2 0
chseln 3 0
inactivity 9 0
anhorne 1 0
factors 26 0
ascendancy 24 0
excrementitious 1 0
ongressmen 8 0
emit 4 0
floored 6 0
chaffen 2 0
englische 6 0
unequals 1 0
analyse 7 0
affixing 1 0
uneroertert 2 0
ysticism 5 0
achines 12 0
leistete 8 0
menny 4 0
verzoegre 2 0
oberflaechliche 1 0
letztere 6 0
ngen 1 0
cullud 7 0
emma 12 0
ngel 145 0
trumque 1 0
nger 15 0
persistent 14 0
rubrich 1 0
letztern 8 0
proportioniert 1 0
ecchia 2 0
captors 7 0
rubrics 1 0
menne 2 0
redemptive 1 0
starken 33 0
starkem 5 0
footlights 3 0
starkes 6 0
devise 100 0
oughter 10 0
starker 15 0
devisd 1 0
omingo 17 0
nitre 1 0
fathered 2 0
omings 1 0
rznei 4 0
educators 2 0
millionaires 5 0
achings 1 0
singest 2 0
waal 3 0
andliker 2 0
interessante 17 0
ominie 1 0
ominic 9 0
pielender 1 0
iobes 1 0
miscalculation 1 0
usspfad 2 0
arling 1 0
oialanthanonti 1 0
ycaon 2 0
hlorinden 2 0
gestorben 17 0
kopeck 1 0
emmi 1 0
arfunkel 2 0
emme 29 0
ttilien 9 0
ominis 1 0
emmy 8 0
rbeitszeug 3 0
singeth 4 0
reduite 1 0
nschauungen 1 0
empt 1 0
soldanella 1 0
mense 2 0
empo 1 0
completeness 16 0
epeald 1 0
pompousness 1 0
landrish 1 0
ustralasia 2 0
hiskers 2 0
arlile 3 0
wach 7 0
callous 12 0
hippewa 3 0
empy 3 0
singers 15 0
emos 5 0
verderbliche 1 0
losliess 3 0
anzugewoehnenden 1 0
emoi 1 0
subtilitate 1 0
herweht 1 0
nguish 1 0
auswendig 17 0
durchlebt 1 0
arlike 1 0
oebel 8 0
ubscrib 2 0
etriebsamkeit 2 0
oeben 5 0
enrietta 4 0
enschenhaenden 1 0
waer 69 0
ngle 4 0
sociable 13 0
stretche 2 0
liebelispelnden 1 0
angebrochen 2 0
auszuzoegern 1 0
nglo 97 0
wegzuwerfen 3 0
inwohnern 5 0
gehorcht 5 0
umgeht 3 0
standardized 1 0
kunstverstaendigen 1 0
unuebersehbares 1 0
gehorche 3 0
bueckten 3 0
omines 3 0
rejettent 1 0
unpardonable 24 0
icholson 2 0
portrait 102 0
wads 1 0
sociably 2 0
redemption 21 0
analyst 3 0
ments 9 0
wade 10 0
epeals 1 0
wagt 20 0
wagn 1 0
hristianity 153 0
twitches 3 0
doting 2 0
ultra 3 0
ussichten 29 0
andion 3 0
lauerten 1 0
thesis 7 0
ordain 13 0
myntichus 2 0
wage 28 0
ccasionalism 2 0
fatherly 9 0
oeffnete 31 0
ibliography 1 0
umgehn 1 0
waft 4 0
analyze 10 0
oeffnest 1 0
herwell 1 0
ethuselah 1 0
kapitolinischen 1 0
usbandry 9 0
wait 243 0
gnawed 25 0
agpipes 1 0
egyptian 1 0
furthermo 1 0
aagschale 3 0
unshaded 1 0
scrougin 1 0
waif 2 0
exterminated 11 0
atteries 3 0
einzurichten 12 0
arnestness 1 0
surement 1 0
wain 4 0
chwaermers 1 0
wail 28 0
nbekleideten 1 0
exterminates 1 0
wahr 108 0
arlier 1 0
gonna 110 0
rillion 114 0
anding 4 0
emut 23 0
emus 292 0
ngot 4 0
andini 1 0
peccadilloes 1 0
driveway 2 0
bleichrot 1 0
ominal 1 0
twitched 6 0
intentive 1 0
notoriously 8 0
franchise 13 0
bishoprics 18 0
almost 2026 0
iederauferstandenen 1 0
ueberhoben 2 0
theses 14 0
eheimniss 1 0
harmful 8 0
ittelmann 2 0
wake 88 0
mendicants 2 0
erhaeltnisse 83 0
photographing 1 0
counting 42 0
estauration 5 0
arlick 2 0
hinaufzufahren 1 0
reconcile 35 0
waje 1 0
teilnehmenden 3 0
extus 2 0
verwittert 2 0
teilnehmendes 1 0
teilnehmender 2 0
echtenlernen 1 0
braten 5 0
wonnevollsten 1 0
einstimmend 1 0
embankments 18 0
wriggled 3 0
alvins 1 0
tirsan 11 0
sollest 1 0
wami 2 0
eistesgaben 1 0
elbigen 1 0
extra 69 0
whiling 1 0
wamp 5 0
cholera 16 0
vestment 3 0
chaffens 1 0
imposing 67 0
uritans 26 0
cramming 3 0
rrtuemern 7 0
uessiggaenger 6 0
consorting 3 0
ngst 32 0
luegeltueren 2 0
verheissen 3 0
extry 1 0
feilern 7 0
ngry 5 0
nuisances 7 0
wale 2 0
epeats 1 0
sprachen 21 0
alvini 1 0
nspection 11 0
eclare 3 0
partridges 10 0
wall 469 0
walk 543 0
ulton 1 0
culled 4 0
sandbank 8 0
ossacks 2 0
etallfiguren 1 0
imbued 12 0
unkles 1 0
aeltlichen 4 0
lolling 1 0
unterbrechen 6 0
ruederchen 1 0
smoothing 15 0
aeltlicher 4 0
perrits 1 0
rsaettigung 1 0
pictographs 9 0
recounting 3 0
ockney 1 0
want 1124 0
almond 4 0
baring 4 0
barine 4 0
steaks 2 0
olizeivorsteher 1 0
cycas 1 0
nitas 1 0
wang 9 0
wane 14 0
wand 25 0
wans 1 0
steale 1 0
gesellt 7 0
erkulanum 1 0
wann 104 0
eighbour 27 0
shagged 1 0
immermann 1 0
discarded 19 0
secuti 1 0
brauch 9 0
imprinted 16 0
nited 616 0
warf 93 0
geselle 1 0
ware 57 0
ward 490 0
furthered 1 0
warb 2 0
chlafstelle 1 0
attering 1 0
orgebirgen 4 0
distasteful 16 0
enthievre 1 0
prais 2 0
trugen 13 0
eristeris 1 0
inghehoten 1 0
overshot 2 0
againe 1 0
aldplatzes 1 0
conversible 2 0
iplomacy 1 0
ojourned 1 0
wallsides 1 0
opering 3 0
starching 1 0
gustibus 1 0
angesonnen 1 0
assergalle 1 0
rsparen 1 0
vorhersehen 1 0
bemuehend 1 0
wiedergegeben 6 0
wata 1 0
goody 2 0
predominantly 1 0
luechtling 2 0
goods 717 0
secure 408 0
wate 1 0
securd 1 0
wasp 4 0
wasn 120 0
eputies 6 0
goode 35 0
handless 1 0
chayas 1 0
orignally 1 0
wast 7 0
echselnd 1 0
vorueberritten 1 0
enac 1 0
facsimile 6 0
ayona 1 0
wary 25 0
wash 67 0
smael 4 0
paralyzing 3 0
ansehnlichen 9 0
ansehnliches 1 0
mislived 1 0
ansehnlicher 2 0
hieing 1 0
subtifly 1 0
warn 78 0
enau 1 0
warm 360 0
enat 3 0
warl 4 0
wark 8 0
outskirts 19 0
schielte 1 0
hinglitscheten 1 0
niter 1 0
enal 3 0
wart 20 0
eighbors 1 0
wars 124 0
bemuehete 1 0
warp 20 0
stooped 53 0
prank 5 0
ende 8 0
enda 1 0
mends 8 0
olzschuppen 1 0
harlevoix 2 0
wave 91 0
squabble 3 0
waur 10 0
endy 11 0
courageous 31 0
herhalten 1 0
endu 4 0
otatoes 6 0
ends 261 0
endo 3 0
feeders 1 0
steady 148 0
fortsetzte 3 0
ench 41 0
benteure 1 0
disease 168 0
ence 192 0
dangled 8 0
feedeth 1 0
reserving 19 0
anmasst 4 0
exult 6 0
enby 9 0
ency 2 0
offnem 1 0
fortvegetiert 1 0
anschwaerzen 1 0
ochzeittage 1 0
ersifikation 3 0
lsatian 3 0
erzschlag 1 0
observing 109 0
offnes 4 0
offner 5 0
heraufkoemmt 1 0
offnen 11 0
baskers 1 0
waxe 8 0
dreadeth 2 0
ahrtausende 7 0
ultan 12 0
haethon 3 0
atricius 1 0
kriegerische 3 0
prate 2 0
chandfleck 1 0
mansions 16 0
apupi 3 0
candlelight 3 0
aesonnieren 1 0
eistes 71 0
russian 65 0
eister 119 0
wisheth 1 0
endemic 2 0
xamination 20 0
enec 8 0
upported 6 0
verwildert 1 0
onophysite 1 0
bedrooms 7 0
lychgates 1 0
pungent 8 0
doublet 8 0
enew 3 0
doubles 8 0
passenger 16 0
enet 12 0
enes 8 0
eisten 4 0
ener 18 0
wavy 16 0
dventuring 1 0
enen 9 0
fearlessly 6 0
worship 174 0
enem 1 0
baskets 37 0
secula 1 0
unpleasing 7 0
doubled 54 0
shipwrecked 16 0
smart 74 0
repaire 1 0
ucifer 8 0
ways 373 0
hedgerow 2 0
upporter 3 0
electorate 4 0
smash 11 0
spondus 1 0
apura 1 0
lisongero 1 0
unters 5 0
aeckers 3 0
engl 1 0
okabeln 1 0
eibsvolk 1 0
enge 131 0
benteuer 42 0
ebendie 2 0
trohsack 2 0
untern 16 0
aeckern 3 0
unterm 10 0
roudie 341 0
engt 2 0
engs 9 0
waxy 1 0
small 1882 0
hyestes 1 0
uninviting 4 0
gradualism 1 0
tonreiche 1 0
smale 17 0
punctilio 1 0
figuratively 3 0
ischerkahn 1 0
ebenden 7 0
ebendem 6 0
untere 6 0
achinae 1 0
ebender 8 0
renkel 3 0
trugst 1 0
enio 2 0
enin 1 0
espectability 1 0
enim 1 0
indeavouring 1 0
enii 3 0
prays 12 0
enig 13 0
zuzusenden 1 0
heureux 1 0
enie 27 0
enia 1 0
ebendge 1 0
repairs 24 0
eauhou 1 0
ensorial 1 0
praye 9 0
enit 1 0
enis 17 0
murmeln 1 0
etermination 14 0
mennes 1 0
editation 5 0
wishest 2 0
steals 19 0
ferred 1 0
murmelt 1 0
erbegeld 1 0
reihundert 1 0
damalige 1 0
hosiery 2 0
enly 36 0
usbandes 1 0
egyptius 1 0
hurchill 9 0
aussteigt 1 0
exude 2 0
wishers 2 0
enke 8 0
hoenicians 4 0
anadati 1 0
unglueckselig 1 0
insectivorous 1 0
irtsleuten 1 0
aussteign 1 0
odulation 6 0
oughton 5 0
enkt 10 0
ferret 3 0
attendance 41 0
ennt 7 0
truest 22 0
zusammenbrennende 1 0
enno 2 0
egale 1 0
noblauch 5 0
alladio 23 0
enne 7 0
sackful 1 0
attendants 35 0
meetin 4 0
enoa 25 0
sycamores 5 0
omplimts 1 0
esolation 2 0
enny 98 0
theniensische 2 0
confessors 9 0
ealous 8 0
involution 2 0
bestowing 16 0
haouse 3 0
launige 1 0
aupertuis 6 0
chtesten 1 0
enna 5 0
honeyed 7 0
ealots 2 0
preserv 6 0
fuerchterliche 6 0
lacerated 6 0
restores 4 0
cheekes 2 0
restorer 3 0
geschult 1 0
irreclaimable 4 0
interior 121 0
lettres 2 0
brigands 1 0
zusammenschliesst 1 0
cheeked 8 0
arallels 1 0
blass 6 0
disordinate 3 0
enor 12 0
hiarissimo 1 0
endeavors 18 0
eisung 1 0
egociators 2 0
aynal 1 0
blast 39 0
vorbeigleitend 1 0
advantages 218 0
endeavord 5 0
sojour 1 0
restored 153 0
foreshortened 1 0
enox 296 0
blase 2 0
enow 13 0
imbuta 1 0
nconcernedness 1 0
caterers 2 0
nisus 3 0
alladen 1 0
schwarzbaertige 2 0
featherweights 1 0
seelenvollen 4 0
cutifer 1 0
enri 36 0
meeten 3 0
princelings 1 0
ausjagen 1 0
ense 138 0
beraegypten 1 0
trowser 1 0
blockade 7 0
bgeschmackteste 1 0
egemmed 1 0
hessalian 3 0
erhoerstuben 1 0
enry 316 0
uftritt 5 0
subduers 1 0
wanner 1 0
abzeichnen 1 0
oelgeruch 1 0
pigge 2 0
rwaehlten 1 0
blame 197 0
confessour 4 0
enty 2 0
cieling 2 0
blank 56 0
ulsen 2 0
ents 9 0
entr 1 0
ulses 1 0
anscheinende 2 0
ento 6 0
entn 10 0
entl 2 0
buschigen 1 0
ppendix 6 0
enug 31 0
innerlichsten 2 0
rothers 42 0
conceited 21 0
contraction 11 0
bland 5 0
blanc 2 0
annexed 32 0
vapour 14 0
lumber 19 0
freiliegendes 1 0
colonists 40 0
eisure 55 0
mpedocles 2 0
enth 3 0
ente 2 0
picuraeern 1 0
contracting 14 0
envy 106 0
danket 2 0
steinigem 1 0
waehnst 2 0
egacy 4 0
nshallah 4 0
danken 56 0
parturition 1 0
superficial 44 0
alladas 6 0
derogates 1 0
unarrestable 1 0
unbemerkt 14 0
steinigen 2 0
waehnte 1 0
beispielsmaessig 1 0
entbloesstem 2 0
nonconformist 1 0
prach 5 0
enus 161 0
vouchesaf 2 0
geordneter 1 0
horstuehlen 1 0
geordneten 2 0
haetian 1 0
nonconformity 1 0
seculere 1 0
boomed 2 0
pight 3 0
interenchments 1 0
highlanders 3 0
weitumschauender 1 0
celebre 1 0
periods 89 0
derogated 1 0
iguori 4 0
gathers 10 0
misthaftem 1 0
blake 10 0
smack 8 0
trigger 14 0
iscellanies 2 0
gatherd 1 0
showring 1 0
imbula 20 0
swallows 27 0
chwiegermutter 1 0
aughty 1 0
hrynen 1 0
concerned 238 0
gewissesten 1 0
bladi 1 0
blade 56 0
samite 1 0
ratfaced 1 0
spazierengehen 2 0
confiscate 4 0
ntiochus 13 0
superpositions 1 0
hinausstossen 1 0
canonical 10 0
enys 1 0
empfange 3 0
friends 886 0
luftleeren 1 0
unwahren 1 0
friende 1 0
present 2312 0
lague 9 0
blaff 1 0
orsemanship 2 0
remodel 2 0
eingerieben 1 0
oltrons 1 0
rewell 1 0
peerless 5 0
hilomela 5 0
olymbus 1 0
remnants 29 0
saessen 1 0
zugekommen 1 0
praef 1 0
gefaelliger 3 0
pigmy 1 0
senbiehl 1 0
nvectives 3 0
erdues 1 0
gefaelligen 9 0
gefaelligem 1 0
ufrichtigkeit 11 0
eigefinger 1 0
presepe 1 0
gefaelliges 1 0
anzubringen 8 0
gezischt 1 0
hypocrisy 35 0
eonardo 1 0
hypocrite 15 0
eonards 2 0
endency 14 0
sycamorus 1 0
exton 1 0
moralizing 1 0
rewers 2 0
beordert 3 0
emahls 7 0
reflect 96 0
erfunden 18 0
rophimus 5 0
aynor 9 0
abgeschickt 4 0
meuchlerisches 1 0
bungle 1 0
equired 1 0
equires 2 0
gongs 2 0
verwahre 2 0
intention 225 0
spindles 4 0
disgusts 7 0
heresen 36 0
verwahrt 14 0
protrudable 1 0
pasteboard 9 0
ressources 1 0
ischkante 1 0
monotony 23 0
identities 1 0
agnetuhren 1 0
christian 10 0
purfles 1 0
teinchen 3 0
eindrueckten 1 0
monotone 3 0
extol 6 0
chocked 1 0
uettern 1 0
grundlosen 1 0
hieher 21 0
olynesian 8 0
hinziehenden 1 0
tulipiferum 1 0
reconvened 1 0
oeffnend 1 0
ildsaeule 12 0
eornin 1 0
ationaltrachten 1 0
spindlin 1 0
irschfaenger 4 0
taeglicher 1 0
attung 8 0
attune 1 0
pedition 2 0
taeglichen 2 0
durchlese 1 0
taeglichem 1 0
staring 54 0
einruecken 4 0
ominum 1 0
dankte 20 0
uschauerinnen 1 0
otentaten 1 0
remdling 11 0
ysimachus 2 0
hurting 16 0
chriftsteller 13 0
cutiers 1 0
usitania 15 0
misstrauisch 2 0
olouring 2 0
nickel 1 0
uerstenhute 1 0
entschiedenen 13 0
terricolous 1 0
entschiedenem 3 0
odours 27 0
leichgewichte 1 0
konzentrierten 2 0
einsichtsvolle 1 0
ngenehmeres 1 0
quacunque 1 0
overflowingly 1 0
erjeants 1 0
gemessener 2 0
erdition 1 0
ominus 7 0
nicker 1 0
portrays 1 0
entschiedener 7 0
kostbar 11 0
ranntweinzeichen 1 0
darneben 2 0
uninstructive 1 0
annigfaltigkeiten 1 0
uprights 7 0
sulphurous 3 0
kaemmen 3 0
schliess 3 0
pimping 1 0
produziert 2 0
unexcited 2 0
annexes 1 0
oruebergehenden 1 0
eiermann 1 0
uttergottesbild 1 0
daguerreotype 1 0
gepasst 1 0
kehrten 11 0
liesordens 1 0
singend 8 0
aimbach 4 0
excelling 1 0
urelain 1 0
ordaxt 1 0
allertrefflichste 1 0
herrnhutische 3 0
exter 2 0
vapors 4 0
pictures 127 0
ulsar 1 0
nick 8 0
andguetern 2 0
aynim 1 0
blaze 58 0
vapory 1 0
flurry 3 0
pictured 21 0
hinaus 114 0
orthocarpous 1 0
gratify 56 0
rkennen 4 0
nice 164 0
ilgiri 6 0
hinauf 90 0
ansieht 13 0
nife 2 0
cyarn 1 0
niep 47 0
nien 12 0
gratiae 2 0
zusammengezaehlt 1 0
besuche 2 0
kaemman 1 0
nachgesprungen 1 0
lagen 55 0
niee 3 0
rhyme 30 0
besucht 19 0
rauergesang 1 0
blaue 15 0
eola 7 0
predicament 3 0
iffident 1 0
blauf 1 0
kitzeln 2 0
waehnen 4 0
wishful 3 0
noiseless 15 0
undiscriminating 1 0
brassy 1 0
nison 1 0
oblquely 1 0
shinned 1 0
tahualpa 1 0
egard 83 0
eone 1 0
incennes 1 0
despotism 61 0
nigo 1 0
egara 4 0
nigs 1 0
uptwists 1 0
larapede 6 0
liberality 63 0
endeavour 213 0
sloops 2 0
unfreundliches 1 0
enforced 42 0
liberalism 3 0
smockless 1 0
dynasties 6 0
nigd 1 0
unfreundlichen 3 0
lagge 4 0
nigh 125 0
zwiders 2 0
enforces 9 0
eveller 1 0
enforcer 2 0
reprehended 2 0
creeping 45 0
staritz 1 0
vorbeigeritten 2 0
aptly 6 0
chaffed 3 0
shinnes 1 0
sweating 7 0
philandering 2 0
ausstehen 6 0
habitano 1 0
schimaerische 1 0
credere 1 0
ddress 31 0
braggart 8 0
gefuegt 2 0
usnehmer 2 0
siander 8 0
parishioner 2 0
grundiert 1 0
entschuldigten 1 0
invented 75 0
teadfastly 2 0
arvells 1 0
ochefocaut 1 0
ortrefflichkeit 3 0
schwarzer 9 0
schwarzen 59 0
excellent 423 0
schwarzem 5 0
verkuehlt 1 0
ueberfluessige 4 0
fruchtbare 6 0
schwarzes 2 0
recalling 25 0
gelitten 18 0
rincess 33 0
graemlich 1 0
oedes 1 0
municipal 17 0
oeden 4 0
ervite 1 0
estorian 3 0
marshalled 2 0
unkind 29 0
founding 18 0
aggressive 12 0
behutsam 3 0
rattliner 1 0
auskennt 2 0
hollower 1 0
durchdrosch 1 0
uthorities 1 0
ervius 2 0
lifton 1 0
evincing 4 0
erminus 1 0
impropererly 1 0
einsieht 1 0
stratum 17 0
eorg 121 0
hollowed 16 0
screwing 2 0
vindictiveness 3 0
grating 15 0
herabsteigt 1 0
unctuation 3 0
preestablished 1 0
stronghold 16 0
persuasive 13 0
nine 344 0
unborn 13 0
deevidends 1 0
ulvio 1 0
ning 8 0
ulvis 1 0
concord 13 0
ursing 4 0
undutifulness 1 0
fuerunt 1 0
hields 2 0
enschengeist 2 0
recisians 1 0
shadeless 2 0
nime 1 0
ervish 2 0
mutlos 1 0
indelicacy 4 0
abstemious 1 0
hurtful 49 0
nimm 21 0
rouais 2 0
wrapping 11 0
tecklinge 1 0
retreat 135 0
bluehten 1 0
durchgeeilet 1 0
immerdar 1 0
irgilius 1 0
adjustment 6 0
jawed 3 0
nima 1 0
satyrizing 1 0
nickte 10 0
wightwees 1 0
auberschlosse 1 0
begraben 16 0
vorgedrungen 2 0
inwendung 2 0
usserordentliches 2 0
gemessen 2 0
heretable 1 0
nips 1 0
seufze 1 0
tately 1 0
zusammen 246 0
seufzt 1 0
stuende 8 0
reigning 18 0
agregged 1 0
durchlas 3 0
wadding 1 0
citizenship 18 0
nion 151 0
untangle 4 0
nterscheids 1 0
iteras 1 0
ehrfurchtsvollen 1 0
enterprising 14 0
enunciate 2 0
ehrfurchtsvoller 2 0
unduldsam 1 0
incongruous 21 0
uncompromising 7 0
buecken 2 0
affetkleidern 1 0
criptural 7 0
schweigen 15 0
avorinus 2 0
rechtfertigest 1 0
beissend 1 0
oshiro 1 0
sirocco 1 0
stunden 7 0
untersteckt 1 0
dvantage 138 0
ibliotheque 6 0
passivity 3 0
dysseus 7 0
andlungssachen 1 0
gewohnterweise 1 0
disentangle 9 0
testing 9 0
epertorium 1 0
emdenknoepfe 1 0
vangelia 1 0
jacent 1 0
prestidigitation 1 0
forgetfull 1 0
errestrial 1 0
expressionless 2 0
implored 24 0
fleissig 44 0
inorca 6 0
unbolt 1 0
implores 1 0
nita 5 0
wiederzugeben 4 0
emische 1 0
nisi 3 0
argestellten 1 0
ogelstellern 1 0
drained 20 0
gehabt 138 0
durchgefuehrt 5 0
appetitlichsten 1 0
rellereien 1 0
buchstaeblichen 1 0
buchstaeblichem 1 0
rfinder 2 0
scurvy 3 0
rfinden 1 0
nscrutabili 1 0
iedlichkeit 1 0
vagues 1 0
eratung 2 0
angegriffen 9 0
einlich 2 0
eichsexekution 1 0
nity 8 0
ersammlungshaeusern 1 0
imbibing 1 0
hinese 106 0
evensong 1 0
hinkriecht 1 0
clucked 1 0
despotick 1 0
ubversion 1 0
incommoded 7 0
egotist 3 0
sissing 1 0
weiterziehen 1 0
egenueber 3 0
ammlern 1 0
gewoehnlichsten 2 0
reclining 8 0
zurueckdachte 2 0
poultry 32 0
twenties 2 0
vangelien 1 0
wrongs 56 0
ybaritischen 1 0
egotism 11 0
droppings 4 0
orghesischen 2 0
unterhalt 1 0
losrauschenden 1 0
ackfarben 1 0
rbauer 3 0
gerader 4 0
ispositions 5 0
compos 9 0
eherrscher 2 0
aestimationem 1 0
geraden 5 0
iterum 3 0
truebt 3 0
sacrificing 17 0
yasses 1 0
emains 5 0
erdusi 2 0
testify 22 0
hummingbirds 1 0
bleib 12 0
empyreischen 1 0
investigating 18 0
betaetigen 1 0
womankind 5 0
urchlaucht 1 0
geradem 1 0
ermanism 1 0
xport 1 0
niver 1 0
wushup 1 0
ermittlungen 1 0
unterhalb 4 0
nivel 1 0
truebe 12 0
ennine 1 0
aradiesvogel 2 0
vorzubereiten 16 0
igillinus 1 0
morphine 1 0
ammerjunker 1 0
etlichen 10 0
flehten 1 0
ervice 198 0
openness 8 0
ebellion 22 0
boxful 1 0
excentric 3 0
rokodile 1 0
ruehjahr 6 0
erminei 1 0
einlief 3 0
hoechst 93 0
soared 4 0
harmers 1 0
gathias 19 0
koloriert 2 0
geweitet 1 0
nacreon 9 0
helotry 2 0
erminer 2 0
erdure 1 0
longed 57 0
perche 3 0
etrogener 2 0
truege 2 0
fingieren 1 0
erstarrten 3 0
criptures 69 0
fringed 16 0
ngesichtes 2 0
erkuehnt 1 0
bleck 2 0
erviad 1 0
truegt 3 0
entzuenden 5 0
bestaendige 1 0
ennige 1 0
arliament 579 0
scherzten 1 0
leaking 1 0
recurrent 4 0
those 6862 0
aulschelle 2 0
epei 2 0
indelicate 20 0
barges 3 0
erscheiden 1 0
dwellings 54 0
lifted 187 0
difficulte 1 0
bleed 18 0
catalogue 22 0
zusammengeflickt 2 0
entzuendet 10 0
difficulty 523 0
ympathiegefuehle 1 0
longer 942 0
ungebeten 1 0
longen 1 0
arrheiten 2 0
benbilde 3 0
heretic 18 0
thout 3 0
thous 1 0
epha 1 0
renounce 24 0
zuvorkommen 3 0
oshida 2 0
renouncd 1 0
osamond 3 0
egean 12 0
eloading 1 0
testily 2 0
hochherzig 1 0
atrociously 4 0
concentric 6 0
apellmeister 2 0
usgaben 8 0
ednesday 39 0
iriishi 2 0
bschiedswort 1 0
approbation 70 0
erdums 1 0
hinein 76 0
bleibest 1 0
olombian 13 0
afrayed 1 0
craftiness 1 0
drehten 3 0
fringes 13 0
annunciate 1 0
auptbedingungen 1 0
wohlbekannte 3 0
chelmstreiche 1 0
reflexed 2 0
cordewane 1 0
hollowly 2 0
bleibend 4 0
erswasions 1 0
enslaving 3 0
ervini 1 0
erlegte 1 0
tithers 2 0
ulver 2 0
ungesund 1 0
vangelist 5 0
atalitaeten 1 0
nstructing 2 0
orderteil 2 0
ilician 2 0
anhaltende 5 0
chawin 2 0
ermott 1 0
albsaeule 1 0
nlistments 5 0
subduing 15 0
aughan 7 0
calculable 1 0
verknuepfen 1 0
eighteen 128 0
epic 20 0
irgilian 1 0
eficiencies 2 0
epia 3 0
meerly 6 0
eintauscht 1 0
detestable 46 0
determinable 1 0
auritanica 1 0
ippodrome 2 0
ttourney 1 0
improvers 7 0
epin 2 0
verschaeumen 1 0
ervile 2 0
nstruction 37 0
powerfully 15 0
vehicle 39 0
bleak 10 0
controvertible 1 0
eply 8 0
virility 1 0
bleat 4 0
languisheth 1 0
blear 3 0
imbrue 3 0
inventis 1 0
umgepfluegt 1 0
rauenskleidern 1 0
onstabless 1 0
nomination 49 0
contrivances 19 0
asserkreis 1 0
hilanthropy 2 0
iebeshandel 2 0
tormentores 1 0
persists 10 0
raeunlichen 1 0
ueberirdisch 1 0
giggle 9 0
mbleoff 2 0
questionable 15 0
andful 1 0
pedantocracy 1 0
gruesste 10 0
transforms 3 0
egierungswesen 1 0
rainbows 6 0
divergences 1 0
sacrificial 3 0
marketplace 2 0
confiture 1 0
buffaloes 22 0
persuasion 60 0
lltagsleben 1 0
auseloche 1 0
nominating 5 0
capitulations 2 0
niedersetzen 4 0
chwindligen 1 0
limitation 85 0
pretending 36 0
eteranen 1 0
liegengottes 1 0
ermont 36 0
xpose 1 0
ermons 15 0
uphuistic 1 0
bueckte 3 0
fertig 87 0
undefiled 5 0
huermer 1 0
loetenton 2 0
wuchs 29 0
ermond 9 0
andslips 1 0
unkirk 12 0
tadtbewohnerinnen 1 0
vangelium 2 0
battalions 12 0
inventor 33 0
epos 4 0
geschwaetziges 2 0
icegerent 1 0
administrations 6 0
comply 56 0
epon 1 0
intelligences 15 0
fournierten 1 0
eppa 1 0
truely 48 0
investigation 57 0
pitzglaesern 1 0
epoy 3 0
owsfield 1 0
elsenwaende 4 0
renied 3 0
indorsement 2 0
elicits 1 0
proedigkeit 4 0
immermehr 5 0
heologiae 2 0
staings 1 0
elicity 4 0
kworp 1 0
theron 1 0
otivbild 1 0
caricato 1 0
laims 18 0
schwankten 2 0
alkbergen 1 0
neutralization 1 0
heologian 1 0
mouthe 1 0
transient 30 0
halerum 3 0
enerous 6 0
gluecklicherweise 8 0
searchin 1 0
einstroemenden 1 0
aterien 1 0
stained 49 0
epts 1 0
laint 1 0
eptr 13 0
lains 11 0
contemned 2 0
ollkommneres 2 0
sparklin 1 0
disrobed 2 0
erkrankt 1 0
fervid 5 0
rivial 3 0
auftrat 3 0
barest 6 0
laine 32 0
rouble 38 0
aboons 5 0
heologica 2 0
indicate 175 0
rdination 1 0
ufgewachsen 1 0
verlaufnen 1 0
ssemblyman 6 0
embroidery 15 0
blassprediger 1 0
epth 6 0
epte 2 0
parralled 2 0
irkliche 1 0
acceeding 2 0
egierungen 2 0
mouter 1 0
shrinkage 2 0
inordinate 8 0
widower 3 0
bekennend 1 0
pillars 40 0
njou 19 0
allabat 34 0
njoy 3 0
ilicier 9 0
circumstantial 25 0
arkland 2 0
searches 4 0
eput 1 0
epus 2 0
ockran 1 0
heologies 1 0
mnine 1 0
searched 92 0
oversets 1 0
perata 10 0
cademic 5 0
angeschaut 1 0
odesstrafe 2 0
zemindaries 1 0
vaguely 31 0
widowed 6 0
compar 8 0
sparkles 4 0
booked 2 0
goose 51 0
aterial 7 0
compel 73 0
ambagen 1 0
lairs 5 0
besprinkled 1 0
oorashee 5 0
sparkled 16 0
nterst 1 0
laird 47 0
bookes 41 0
zurechtzulegen 1 0
mouths 129 0
ibrail 1 0
laise 1 0
ahlverwandtschaften 1 0
elaborate 63 0
apidaire 2 0
heathenness 1 0
schienst 1 0
laity 10 0
zumute 10 0
bedsteads 6 0
thoom 3 0
gefaehrlichern 1 0
lantana 1 0
trebenden 1 0
imitatione 1 0
wickering 1 0
emeinspruche 1 0
msinken 1 0
sassafac 2 0
laith 2 0
gefaehrlichere 1 0
misquoted 2 0
sentence 172 0
oeckh 1 0
theria 1 0
imitations 23 0
wlich 1 0
aufzuerbauen 2 0
epys 3 0
oecke 7 0
atering 2 0
necessarie 1 0
savant 4 0
tirred 2 0
altstelln 1 0
lobenswuerdig 3 0
ermanize 1 0
oeche 3 0
rococo 1 0
schweifen 1 0
timarchy 1 0
sighings 1 0
cycle 2 0
oecht 13 0
covine 1 0
nwille 6 0
aoluzzi 1 0
bundle 59 0
russels 8 0
gehoeoeoert 1 0
flutet 1 0
ieselerde 1 0
flutes 12 0
thorn 23 0
njun 1 0
niedersetzte 1 0
fluency 4 0
pillays 1 0
thorp 2 0
ebenderselben 1 0
fluted 3 0
hodden 1 0
messieurs 1 0
fragant 1 0
ugendfreunden 1 0
pessimism 2 0
rennholz 1 0
ibrary 356 0
iemand 34 0
rammarian 1 0
sclerosis 1 0
hindre 1 0
pessimist 1 0
exudes 4 0
nettles 5 0
squeaked 3 0
goole 9 0
superstructure 9 0
unwonted 9 0
thole 1 0
auszuspenden 3 0
luminary 2 0
ublikum 55 0
savait 1 0
mnium 3 0
hintendreinlaufen 1 0
delices 2 0
honigsuesse 1 0
derjenigen 46 0
ubjectes 1 0
gruessen 12 0
erleger 2 0
frappant 1 0
erlegen 3 0
iemals 10 0
savage 200 0
iresias 3 0
restraind 6 0
heriaksbuechsen 1 0
mellifluences 1 0
usgelassenheit 2 0
immobility 2 0
thong 9 0
nettled 12 0
onvento 1 0
ssemblymen 3 0
susceptibilities 1 0
inflaming 7 0
rutheless 2 0
centaury 3 0
oerresiana 1 0
ankester 1 0
dichtete 1 0
rackenburg 61 0
huebsche 15 0
hinder 93 0
chlafrock 6 0
einhuellten 1 0
ntwerp 5 0
odowns 1 0
harboucle 1 0
herzlockenden 1 0
pillowed 3 0
ractically 2 0
subtract 1 0
hurricane 11 0
centaurs 2 0
melilote 1 0
shoreward 9 0
vergass 28 0
boxers 2 0
mystic 18 0
sprachst 1 0
primitive 91 0
gyrations 1 0
unvertraeglich 2 0
widerriet 1 0
entireness 2 0
behalfe 4 0
covies 1 0
nutbrown 1 0
serenely 8 0
eifallklatschen 1 0
fehlgeschlagene 2 0
upstir 1 0
headway 4 0
iscontented 1 0
unequalled 15 0
cyder 7 0
wdvn 4 0
unacquainted 30 0
cricket 14 0
rossherrn 1 0
rmahnungen 1 0
befoerdern 17 0
chiming 2 0
guiding 18 0
ytton 4 0
befoerdert 9 0
abzugehen 6 0
iebesfluestern 1 0
ntered 4 0
befoerdere 2 0
serenest 2 0
trudel 2 0
nkar 1 0
nconscious 1 0
denationalized 1 0
hineingescholten 1 0
arpentier 2 0
histling 1 0
taedtchen 16 0
alsdann 66 0
eenschloss 1 0
inquiries 69 0
economizing 1 0
mythologische 1 0
ultus 3 0
ultur 10 0
omeranzenschale 1 0
counties 41 0
gedurft 1 0
oversees 1 0
overseer 89 0
abstiegen 1 0
hillings 13 0
biggity 6 0
gedankenweise 1 0
exterminating 8 0
durchirren 1 0
overseen 1 0
unanswerable 12 0
estoring 1 0
rubies 15 0
laick 1 0
ahlzeit 8 0
befassen 1 0
odenfenstern 1 0
reforming 22 0
riving 2 0
aufgelehnt 1 0
extermination 6 0
nfaehigkeit 4 0
kerchief 10 0
ikariatsgraf 1 0
bequemlich 2 0
eclerc 2 0
verplaudern 2 0
andicraftsman 1 0
llmaechtiger 2 0
auszudehnen 1 0
broadened 3 0
onservatorium 1 0
laide 1 0
scatheless 2 0
reeper 1 0
unjustly 31 0
llmaechtigen 1 0
nterim 9 0
rouche 1 0
zustellen 1 0
nkel 9 0
dreadful 155 0
paniard 30 0
nker 3 0
hristgeschenk 1 0
jacobins 2 0
schweifte 3 0
valerian 4 0
taters 3 0
raspberry 1 0
lending 24 0
andropogon 1 0
ccounts 63 0
lettuce 3 0
pillage 4 0
potuisti 1 0
avendish 1 0
trudge 1 0
wear 235 0
weap 1 0
wean 5 0
weal 39 0
overseas 2 0
weak 252 0
ersianer 1 0
whilere 1 0
ietsgeld 1 0
onvulsion 2 0
unhesitating 2 0
gamester 3 0
vestals 1 0
grandfathers 8 0
monkshood 2 0
wennschon 1 0
nnuities 2 0
champetre 1 0
urator 1 0
aggression 12 0
nurren 1 0
festesten 4 0
amputations 1 0
kanntest 2 0
ahways 1 0
schienen 111 0
weck 36 0
behalte 4 0
raineth 1 0
calumny 19 0
vaguest 3 0
verwelkten 1 0
palings 3 0
marshalling 1 0
fuenfhunderttausend 1 0
ongalowas 1 0
antheistic 1 0
proboscis 3 0
unobtrusively 2 0
inquiring 32 0
inundates 1 0
webs 6 0
godless 2 0
cadence 11 0
nrols 1 0
tadtquartiere 1 0
weat 5 0
onedicated 1 0
ualifications 7 0
ufficient 6 0
tyrarnnye 1 0
chemically 2 0
ween 35 0
weel 58 0
week 466 0
nkle 2 0
ycherley 66 0
onvened 2 0
weet 28 0
andgut 4 0
controversialists 2 0
cythia 6 0
weep 101 0
exultemus 1 0
ngaging 1 0
flatboatmen 1 0
inundated 6 0
spricht 65 0
weed 37 0
ferule 1 0
weds 1 0
giddiness 5 0
delicti 8 0
anuzio 1 0
auftrug 1 0
wede 1 0
widder 3 0
auffaellt 1 0
economised 1 0
misdeed 1 0
pills 11 0
wegn 12 0
abzugeben 2 0
entzueckt 29 0
eque 3 0
wege 1 0
ibeonites 1 0
inancial 1 0
oennten 5 0
weft 3 0
niederhaengen 1 0
conspirator 12 0
suspectible 1 0
mericanism 4 0
excretion 4 0
eleven 129 0
rechnen 11 0
weir 3 0
throb 11 0
ebuchadnezzar 3 0
wein 1 0
rechnet 1 0
weil 524 0
attics 1 0
ndalusia 2 0
rocter 2 0
weiv 2 0
piscopalians 4 0
weit 290 0
weis 5 0
midway 22 0
gegebenes 4 0
oernerschmuck 1 0
ermine 8 0
utsche 22 0
ivesting 1 0
feeding 82 0
gegebenen 4 0
wegwendet 1 0
weig 7 0
egotten 1 0
igilies 1 0
wegwenden 1 0
unblemishd 1 0
skasely 4 0
allernaechsten 2 0
ikewise 27 0
beliefs 22 0
weht 8 0
wehr 3 0
sheepfolds 1 0
throw 258 0
bluehend 1 0
misdeem 1 0
baldachino 1 0
ermion 1 0
wehe 12 0
substantiall 1 0
attieu 1 0
uebermalt 1 0
atties 1 0
thrid 1 0
boscage 2 0
arshfield 3 0
ounties 29 0
irndeln 4 0
umhuellen 1 0
encircled 10 0
yceum 4 0
oroughs 1 0
ayser 20 0
figurehead 1 0
relatives 61 0
marantha 2 0
inancier 1 0
fuerbitten 1 0
unkown 1 0
doppelt 32 0
mehrend 1 0
thrip 1 0
romwell 21 0
elasticity 12 0
misrepresented 12 0
hristianorum 1 0
behaelt 11 0
unsteifer 1 0
cartilago 1 0
cheeriest 1 0
enhancing 3 0
welt 3 0
pilot 35 0
ecessity 110 0
aquilinity 1 0
beliebt 20 0
rwasser 1 0
cummerbund 1 0
unting 11 0
concentrate 7 0
wele 2 0
weld 3 0
nunciatures 1 0
aslacher 2 0
olzschnitt 1 0
well 5315 0
handling 26 0
zuruecksehne 1 0
substantials 1 0
albgoettinnen 2 0
eingebuesst 3 0
gesehnt 3 0
camping 9 0
roctor 1 0
abyrinthe 7 0
hilarious 2 0
orderd 28 0
untime 1 0
incensed 14 0
faultless 13 0
verschreibn 1 0
endangering 4 0
went 2227 0
campion 2 0
untill 3 0
aboughte 1 0
eardless 1 0
tiniest 5 0
einschmeichelndes 1 0
wanzig 3 0
mehrern 13 0
weng 16 0
chidest 1 0
einschmeichelnden 2 0
wend 40 0
mehrere 73 0
wenn 2160 0
orders 321 0
verstummt 1 0
gespraechigen 1 0
increas 7 0
airidise 1 0
gespraechiger 1 0
natching 2 0
bedenklich 15 0
innehalten 1 0
devers 2 0
eraetschaften 10 0
gerastet 2 0
njoyment 15 0
uebermass 13 0
mesas 4 0
spirituelles 1 0
umging 4 0
wept 92 0
fatuity 3 0
kapitolische 1 0
irchelchen 1 0
fashun 1 0
thanksgiving 11 0
apitalist 1 0
ukatenmacher 1 0
extravagance 55 0
oolness 4 0
scoffers 5 0
cantons 31 0
gorse 3 0
attina 1 0
anreden 2 0
gorry 1 0
erat 1 0
erbt 2 0
erbs 2 0
robleme 1 0
cantond 1 0
monologue 2 0
biggest 34 0
west 208 0
grisly 20 0
befohlen 14 0
wesr 1 0
erbi 1 0
ermits 2 0
nbedeutendheiten 1 0
vertauscht 3 0
rivates 2 0
wery 2 0
hinlaeuft 1 0
wert 145 0
oeful 1 0
eras 4 0
werk 6 0
erar 1 0
schmerzenlosen 1 0
werg 7 0
eran 1 0
werf 2 0
ordens 4 0
were 15465 0
eral 1 0
shining 132 0
werd 26 0
umfassten 1 0
erai 1 0
erah 1 0
wern 13 0
atting 1 0
rigadiers 8 0
erde 13 0
hrenbezeugungen 2 0
widmen 11 0
verstumme 1 0
ercy 51 0
widmet 5 0
rneuerung 3 0
erdt 2 0
erds 4 0
margerain 2 0
risoner 14 0
studieren 21 0
erbaermlich 7 0
geizigen 1 0
erdn 3 0
geiziger 1 0
moonlighted 1 0
erdi 3 0
vernacula 1 0
economists 5 0
manslayers 1 0
disburthen 2 0
ensanguined 2 0
chutzgoettin 1 0
aufgebauten 1 0
verbindlich 3 0
vertreibst 1 0
ermite 1 0
erby 6 0
chaplains 9 0
toiling 12 0
zuruecksehen 1 0
enkkraft 12 0
lambs 16 0
wett 1 0
wets 1 0
verteilen 2 0
erci 1 0
attire 25 0
rabbits 24 0
oiardo 2 0
wegzuspielen 1 0
erez 3 0
shmaelite 1 0
steers 5 0
schoenstens 1 0
ulenburgische 1 0
dilates 1 0
ommutation 3 0
merge 1 0
utrages 3 0
enlarges 3 0
prest 5 0
press 177 0
aufgeopfert 9 0
gesehen 313 0
iderstand 11 0
dilated 15 0
elaende 4 0
ered 2 0
ermian 7 0
schimmerten 1 0
ahaid 1 0
eret 1 0
eres 16 0
erer 3 0
eren 2 0
onsonants 1 0
relapsing 3 0
ewaesser 4 0
improvidence 2 0
elaenge 1 0
umhuellte 1 0
smert 1 0
steeps 2 0
heologie 5 0
hackney 9 0
ohinoor 1 0
derselben 101 0
heologia 4 0
splinters 7 0
indemiatio 1 0
eggie 4 0
emeralds 5 0
erge 48 0
ngunst 1 0
panegyrise 1 0
avalcade 2 0
erga 1 0
prorogued 8 0
chalky 1 0
prese 1 0
ortgang 5 0
loquantur 2 0
ergy 3 0
brahim 7 0
emacem 1 0
ergs 4 0
ergo 2 0
aximilian 35 0
steerd 2 0
ergk 11 0
fashion 312 0
elaenae 1 0
freieste 1 0
surely 357 0
gesegneteres 1 0
kontrastierten 1 0
ibolans 1 0
smell 112 0
thewes 4 0
erniedrigenden 1 0
onsalvo 3 0
smelt 19 0
scheiterte 1 0
hymists 1 0
ausgenosse 3 0
mphion 3 0
merke 10 0
orgivness 1 0
preys 2 0
verpflegt 1 0
merit 191 0
ebenszeichen 1 0
nurses 15 0
stolidity 4 0
verpflegn 1 0
durchsah 2 0
erit 67 0
elaware 36 0
eris 1 0
erio 2 0
nursed 16 0
erin 4 0
philanthropy 11 0
usswaschung 1 0
eril 4 0
smeni 1 0
steely 4 0
verscheucht 3 0
parapets 4 0
steels 2 0
aspects 13 0
erle 11 0
herumstreifenden 1 0
untroestlichen 1 0
preve 10 0
grossest 22 0
epublick 7 0
erly 1 0
eneide 1 0
preux 1 0
scudding 3 0
erls 8 0
epublica 2 0
nlet 1 0
erlo 133 0
antiseptic 3 0
calcium 1 0
erke 70 0
enlarged 48 0
epublics 7 0
merkt 8 0
rholungsstunden 1 0
merks 1 0
stuenden 5 0
fernen 8 0
erkt 2 0
erks 11 0
fernes 1 0
ferner 23 0
entimental 2 0
icholases 1 0
merle 1 0
ohnungen 10 0
uswurf 1 0
ylesworth 1 0
erni 6 0
ellebarden 1 0
upplerin 3 0
erne 106 0
omique 2 0
three 2588 0
erna 1 0
ordeal 11 0
meron 1 0
pudiate 1 0
lonely 107 0
imbecile 9 0
intransigent 1 0
vertreiben 6 0
gelaestert 1 0
ermo 6 0
unnoticed 19 0
bsence 23 0
threw 273 0
aesemuettern 1 0
piled 54 0
cornfields 9 0
erme 1 0
wuest 2 0
mythology 32 0
euerzangen 1 0
shuttle 8 0
tainebleau 1 0
uendchen 1 0
ealousies 9 0
erms 67 0
assaglia 1 0
wohlgehaltener 1 0
siedende 1 0
ubelplatz 1 0
ahaam 1 0
usirane 1 0
cometh 44 0
eggar 14 0
braham 43 0
herwarf 1 0
rabbing 1 0
undefined 4 0
unentbehrlichen 1 0
unentbehrliches 1 0
unentbehrlicher 1 0
amusingly 2 0
comest 5 0
indulging 18 0
wusser 1 0
eroo 56 0
profitless 5 0
ahnenkamm 1 0
amballo 3 0
eroe 2 0
erod 6 0
clinked 1 0
eroz 1 0
rasches 1 0
wuerf 1 0
rascher 2 0
comers 17 0
wuerd 9 0
abriels 2 0
raschen 11 0
eros 9 0
raschem 1 0
crushing 38 0
errt 2 0
errs 5 0
holdselige 2 0
verteilst 1 0
alliance 105 0
nanimously 1 0
vorzusehen 1 0
zusammenfassend 1 0
errn 163 0
fruitage 1 0
hiccoughed 1 0
ounting 3 0
erri 1 0
hinausgestossen 1 0
launched 21 0
merry 134 0
erre 3 0
erse 125 0
begehret 3 0
wasteful 3 0
erry 117 0
anzutasten 1 0
begehren 5 0
sammle 2 0
erkunden 1 0
pilin 4 0
oemmerung 1 0
taciturnity 2 0
entsichert 1 0
obstructs 8 0
tempunce 2 0
rainbow 16 0
oefen 7 0
erra 4 0
verteilte 2 0
annigfaltiger 1 0
rmenleuthaus 1 0
surety 19 0
comets 9 0
aiserpalaeste 2 0
launches 1 0
merui 1 0
mathematics 42 0
erto 4 0
erti 1 0
erth 3 0
ildebrand 2 0
ausgespannten 1 0
eruf 13 0
ayson 1 0
surest 26 0
unearthing 1 0
heophrastus 4 0
inconspicuous 3 0
gesparet 1 0
scheiternd 1 0
piles 22 0
erst 393 0
schrecklichern 1 0
villages 151 0
villager 2 0
vonstatten 2 0
schrecklichere 1 0
verrostete 1 0
erte 7 0
singbar 1 0
surers 1 0
gratitude 141 0
explorers 9 0
ueberlegungen 4 0
ersy 1 0
ioeni 2 0
wegbegeben 1 0
ervt 18 0
panegyrics 1 0
freieren 4 0
chnaebel 1 0
misshapen 4 0
attaching 12 0
feindliche 1 0
ainwaring 2 0
surged 5 0
prech 1 0
principally 102 0
algarobas 1 0
headman 1 0
leischgestalt 1 0
waehrte 9 0
ervy 1 0
egeso 1 0
llerheiligen 1 0
stiffness 12 0
mwege 3 0
olkendunst 1 0
rammish 1 0
arlyles 1 0
erve 7 0
erva 2 0
egert 1 0
smear 3 0
croslets 1 0
sitten 5 0
elopponesischen 1 0
begehrst 1 0
ominant 1 0
chidingly 1 0
lataeae 1 0
begehrte 6 0
ypocrites 2 0
pread 2 0
gewaehren 20 0
ausnahm 1 0
egeus 2 0
amantibus 1 0
grateful 132 0
reights 1 0
amphylian 1 0
alanianaole 1 0
murmurings 2 0
ractarians 2 0
mweht 1 0
ironists 1 0
selten 87 0
eichsstaedte 1 0
ercenary 1 0
achahmungstrieb 1 0
soluble 4 0
waehrenddessen 3 0
zugemauerten 1 0
fruchtbarste 1 0
comely 16 0
egent 17 0
headboards 1 0
egens 4 0
erze 6 0
sitter 16 0
sufficeth 6 0
erza 1 0
shortsightedness 1 0
edemptor 1 0
habiliments 2 0
frailties 1 0
sittin 6 0
hinbringen 4 0
egerl 4 0
ntugenden 1 0
allerbesten 2 0
atthew 34 0
animmial 1 0
beekeeper 1 0
excessiveness 1 0
sittig 1 0
niedrige 5 0
embittering 2 0
blesses 2 0
federations 1 0
hostiola 1 0
bleve 1 0
spelling 36 0
allotments 1 0
blessed 119 0
gnashed 2 0
zugeschriebene 1 0
ussichtspunkten 1 0
rewing 1 0
arisians 3 0
mwelt 1 0
faction 36 0
mimosa 24 0
wechselnde 1 0
atrocious 36 0
epigrammatist 6 0
nurtur 1 0
prefe 4 0
ombinationsgabe 1 0
ueberliefere 1 0
onkoping 1 0
ystisch 1 0
reviary 3 0
wettest 1 0
distillation 3 0
slothe 1 0
wusste 317 0
biegsam 1 0
forteilen 2 0
petiole 1 0
oltswinger 1 0
widerstand 8 0
ustfahrten 1 0
chalet 1 0
meubles 1 0
upholsterers 1 0
chalen 9 0
ueberliefert 3 0
physically 20 0
plucks 4 0
rdbodens 7 0
plucky 4 0
ueberliefern 6 0
renown 51 0
unknow 3 0
itgenossen 1 0
loeken 2 0
egend 201 0
houpit 2 0
glanced 93 0
glances 42 0
atthis 1 0
klatschten 1 0
preis 4 0
blessin 4 0
bowyer 1 0
legally 86 0
ussstapfen 3 0
laundry 1 0
oehlerhuettn 1 0
tadtmauern 2 0
intelligo 1 0
soundnesse 1 0
zunahm 4 0
achrede 3 0
inderspiel 2 0
blessid 3 0
glibness 1 0
blest 7 0
bless 118 0
renewals 1 0
deniers 3 0
dromedary 6 0
esar 1 0
prostrate 19 0
spellian 1 0
iedern 13 0
glaenzendsten 3 0
egels 2 0
ercyllidas 1 0
egeln 13 0
agonies 13 0
eharrlichkeit 5 0
emaean 1 0
prepa 1 0
notwendige 5 0
wful 2 0
merce 1 0
reeves 1 0
aeheres 6 0
wohlwollend 2 0
aeheren 1 0
comedy 36 0
equipment 80 0
numerals 2 0
chleifens 1 0
firecrackers 3 0
becomes 438 0
tiefste 4 0
gaenzlich 43 0
oleman 734 0
einzuschwaerzen 1 0
eroedeten 1 0
betaketh 1 0
toholwoh 1 0
blend 9 0
esey 13 0
nationalized 1 0
incursion 2 0
jollier 1 0
illiberally 1 0
lepers 2 0
unreleasing 1 0
surges 9 0
zuruecktrieb 1 0
merci 2 0
ismount 1 0
eset 1 0
eser 52 0
swaddle 1 0
blent 10 0
ergoetterung 2 0
urumatoge 4 0
esen 222 0
materia 1 0
ostellos 9 0
xperts 1 0
mercy 247 0
poapies 1 0
untied 15 0
learnedly 1 0
untidy 6 0
flecting 1 0
ilurian 2 0
danger 450 0
ossession 35 0
gewaehrte 7 0
blissful 66 0
ulkanisches 1 0
nnoyance 2 0
unties 1 0
churchyards 1 0
beliess 1 0
resident 559 0
ueberlebten 1 0
affectedly 2 0
boasters 1 0
gilding 12 0
cliket 5 0
ifles 1 0
hinlegte 1 0
istrust 1 0
ossessing 3 0
bstellst 1 0
hatellain 1 0
hepaticae 1 0
overstep 2 0
dunkelgruenen 2 0
ontagious 1 0
chieftains 10 0
iegelhuette 1 0
elbstempfinden 1 0
flaxseed 3 0
ulture 6 0
believe 1612 0
believd 7 0
rembling 1 0
zehnte 2 0
aldtour 1 0
treadefowl 1 0
gefaehrlichste 1 0
goettlich 1 0
impudently 3 0
potheke 1 0
unversed 1 0
gnarry 1 0
unceasing 9 0
eschlechtsnamen 1 0
davontraegt 1 0
tatler 1 0
unterscheidenden 1 0
ilgern 1 0
boasteth 1 0
handshaking 1 0
eidekorns 1 0
esir 1 0
londen 2 0
eelerregenden 1 0
olynesia 5 0
endeans 1 0
laessest 1 0
enerale 2 0
lankets 1 0
uertels 1 0
westwards 1 0
nedita 1 0
umgibt 14 0
enerals 26 0
ockdologer 1 0
irmessen 1 0
daemon 1 0
oftheater 1 0
dangin 1 0
goggles 1 0
mismarried 1 0
illiberales 1 0
jubilierte 1 0
dangle 2 0
eschehene 4 0
tewards 2 0
waehren 3 0
sistempels 1 0
asuistry 1 0
rotzeln 2 0
sympathized 8 0
unscrewing 1 0
lakes 70 0
laker 1 0
consonances 1 0
evacuation 2 0
dedoerrte 1 0
esme 2 0
naxagoras 5 0
ethnologists 4 0
rolong 1 0
concoct 4 0
harebells 1 0
catering 3 0
uistello 4 0
nterrupted 1 0
demoralising 3 0
espe 1 0
rfordernisse 4 0
endeard 1 0
einfuegen 1 0
espy 36 0
eldentum 2 0
esop 3 0
ulsters 3 0
eson 1 0
stuerzt 25 0
undeceiver 1 0
perdus 1 0
oerenden 1 0
aendler 2 0
recipitation 2 0
gorge 52 0
ornhill 2 0
sympathizes 2 0
waddled 4 0
charmuetzel 1 0
undeceived 3 0
literary 237 0
excise 67 0
feroce 3 0
invades 5 0
invader 12 0
gesehene 1 0
flexibility 7 0
antoffelholz 1 0
essa 1 0
writing 464 0
strayed 12 0
urazzi 1 0
alongside 25 0
naecht 1 0
seltne 1 0
immelskoenigin 1 0
altogether 645 0
bombarded 2 0
gored 2 0
entheiligen 1 0
menial 27 0
infrequently 9 0
erstickter 2 0
ests 4 0
zerschnitt 1 0
erstickten 1 0
esto 9 0
compunction 1 0
zuruecktritt 2 0
esti 5 0
hbett 1 0
studierte 3 0
aucasian 5 0
freigebig 8 0
bsolutely 1 0
pikes 5 0
offset 4 0
esso 1 0
scrubbed 8 0
costliest 1 0
artung 2 0
excite 88 0
enificence 1 0
abgesessen 1 0
literate 2 0
esse 120 0
este 114 0
ungeweihten 1 0
esta 1 0
perdre 1 0
essy 2 0
invaded 40 0
leusinian 2 0
ittelmeer 1 0
wankend 1 0
unseasonable 12 0
rausamer 1 0
ulwer 3 0
oepferofen 1 0
alrymple 3 0
aufdringlich 1 0
agonize 1 0
esuv 18 0
paakai 1 0
unmannerly 2 0
esus 171 0
retinue 16 0
soundness 8 0
swamping 3 0
esup 1 0
esum 1 0
gebogenem 1 0
frostige 1 0
erceptions 2 0
erniedrigen 3 0
abodes 12 0
erniedriget 1 0
clubhouse 1 0
standstill 3 0
unseasonably 2 0
wochen 1 0
uestkammer 1 0
oehle 22 0
overpraise 1 0
ennets 10 0
issetat 5 0
hierneben 2 0
nglueckseligen 2 0
nglueckseliger 2 0
cruises 1 0
cruiser 1 0
ignosco 1 0
hoodwinked 1 0
gemeinten 1 0
indbeuteln 1 0
atrontaeschchen 1 0
cruised 1 0
oehme 1 0
vorgelaufen 1 0
crossly 4 0
conception 100 0
aboard 18 0
aterway 1 0
retriev 1 0
stretches 30 0
stretcher 16 0
hinano 7 0
luridly 1 0
gazing 105 0
stretched 118 0
antipathy 22 0
pinne 2 0
artizans 2 0
threateningly 5 0
uietness 3 0
nbuckle 1 0
urchreise 1 0
galleried 1 0
ulcano 2 0
commentarium 1 0
peetweets 1 0
exemplify 5 0
galleries 14 0
tation 41 0
gratuitous 3 0
bitterest 18 0
crossin 1 0
dastand 9 0
nstande 2 0
ribes 7 0
pints 3 0
wegriss 1 0
erveis 5 0
ormats 1 0
vorlegend 1 0
arkyns 7 0
lanze 9 0
sollicited 5 0
lordinges 2 0
forepaws 2 0
antithetical 4 0
nstance 66 0
erktagen 1 0
quarterings 2 0
journeyed 19 0
pinus 1 0
nmut 54 0
stuermt 4 0
unmeaning 11 0
nobili 3 0
unsolved 4 0
tatius 9 0
oehne 9 0
isaffection 3 0
emaeth 2 0
ennern 6 0
erlenschnur 3 0
dripped 6 0
majestaetischer 2 0
majestaetischen 6 0
purveyor 3 0
anguinary 1 0
dastardy 1 0
dastards 1 0
allgewaltig 1 0
nably 1 0
ittelding 6 0
alaprop 1 0
mittelgross 1 0
meerschaums 1 0
iderrechnen 1 0
scissors 4 0
nable 9 0
jubilieren 1 0
ntroductory 1 0
reverenced 7 0
regierten 2 0
stinginess 6 0
enners 1 0
rundfesten 1 0
zwanzig 23 0
isagoi 4 0
blandish 1 0
uernberg 5 0
anzeigte 2 0
rolled 154 0
etau 1 0
artikularen 1 0
crosses 31 0
etat 5 0
hristodorus 4 0
whiche 17 0
pillory 5 0
nabob 2 0
athematics 2 0
entschlagen 2 0
angerous 4 0
besoaked 1 0
aumgruppe 1 0
startings 1 0
sculler 1 0
zugespendet 1 0
ergoetzte 7 0
rollen 5 0
usfall 1 0
ligatures 2 0
etam 1 0
etal 8 0
laydown 1 0
crossed 238 0
roller 8 0
inequalities 17 0
heramenes 1 0
saleable 1 0
emories 5 0
puffer 2 0
ormand 1 0
bedstead 7 0
puffen 1 0
onble 10 0
ayuga 1 0
puffed 13 0
uschuesse 1 0
aphaelites 2 0
ormans 7 0
frommes 2 0
frommer 11 0
shingly 4 0
auflegt 1 0
unredliche 1 0
cknowledgements 1 0
naehren 13 0
forepart 2 0
naehret 1 0
shingle 22 0
cortege 4 0
ahrenheit 1 0
dableiben 1 0
etch 9 0
mgeben 2 0
behagte 1 0
frommen 21 0
commentaries 3 0
deferring 2 0
womoeglich 5 0
enkwuerdige 1 0
stoerenden 1 0
esitzern 4 0
legamus 1 0
schmeckt 8 0
oversteps 2 0
esitzers 4 0
homesick 5 0
languishing 13 0
wenche 6 0
heuerdank 1 0
supersunt 1 0
chiffbruch 1 0
inonas 1 0
steddy 1 0
ervera 1 0
pronouncement 4 0
alsdenn 4 0
forpined 1 0
tating 1 0
bscheulichkeit 1 0
godlike 6 0
nruhe 59 0
vorauszugehen 3 0
esitzest 1 0
ribly 1 0
knuepftest 1 0
retrian 1 0
eter 282 0
rible 1 0
continuance 65 0
eten 6 0
ttoboni 1 0
anuman 13 0
etel 44 0
pillows 28 0
converging 6 0
ethe 6 0
haircloth 1 0
umgeboren 1 0
quaelenden 4 0
eldbeutel 2 0
bothersome 1 0
andschuhe 1 0
minions 5 0
gleichgueltig 32 0
olizeimissbraeuche 1 0
randchildren 1 0
famines 4 0
okasins 1 0
hinaufblicken 1 0
nnal 1 0
nnai 7 0
elevees 2 0
anathemas 2 0
sanftbetaeubenden 1 0
prachmeister 3 0
expeckin 2 0
employment 347 0
politeness 62 0
architec 1 0
uechergestell 1 0
bottomlessness 1 0
widerstreben 1 0
blazonries 1 0
vorfand 2 0
parishens 2 0
vorschreiben 2 0
omitia 1 0
onata 1 0
weideutigkeiten 3 0
gezwungenes 1 0
capitulation 3 0
gezwungener 1 0
rauengesichter 1 0
unmittingly 1 0
gezwungenen 2 0
gezwungenem 1 0
gouty 2 0
ecclesiastico 1 0
retorted 45 0
gemeinste 2 0
laney 1 0
gouts 3 0
locally 13 0
ulzer 1 0
broozin 2 0
ecclesiastici 1 0
lanet 3 0
bastioned 2 0
chusing 11 0
lanes 20 0
stuerbe 5 0
disconcerted 17 0
ecclesiastics 23 0
onate 23 0
lanen 3 0
modelt 1 0
models 24 0
merging 3 0
etid 1 0
nhoeflich 1 0
lange 438 0
ecclesiastica 1 0
ennedy 4 0
modeln 2 0
onats 5 0
geleugnet 2 0
gmocht 1 0
subtilty 11 0
etit 5 0
etis 1 0
pasturage 14 0
rians 1 0
bucks 2 0
egina 6 0
untergegangen 4 0
oaches 4 0
slopes 59 0
bucko 1 0
bucke 1 0
egimt 1 0
riami 1 0
protectors 5 0
ortschaellen 1 0
effervescence 5 0
animadverts 1 0
nnen 1 0
attribute 68 0
ironisch 2 0
latiantem 1 0
nner 8 0
verwaist 1 0
boastful 4 0
egime 2 0
gefuettert 2 0
gritty 4 0
goute 1 0
oftentimes 16 0
rials 6 0
rosecution 5 0
inculcate 10 0
yazinthen 1 0
bliss 71 0
onart 1 0
onstituents 15 0
refinements 15 0
achtzigjaehrigen 1 0
abridges 2 0
ausgwachsen 1 0
sloped 19 0
ueberdies 9 0
ellebarde 1 0
antecedent 10 0
riata 2 0
counsellors 17 0
bestaendig 26 0
handwerksmaessig 2 0
abridged 8 0
whan 11 0
wham 2 0
rollig 1 0
etna 7 0
housed 9 0
hineinzufuehren 1 0
ecommending 3 0
fittingly 2 0
acknowledg 5 0
stecke 1 0
houses 649 0
albernste 1 0
sovereign 309 0
gourd 25 0
loderte 3 0
rztes 8 0
steckt 13 0
indistinctly 4 0
imprecation 2 0
rzten 2 0
lanke 1 0
oettlichkeit 1 0
pined 7 0
ustoerter 2 0
rollin 2 0
inzigen 2 0
snmiths 1 0
riars 2 0
earrings 7 0
eldentat 2 0
bline 4 0
crocodile 55 0
blind 226 0
stecht 1 0
calleth 9 0
inziges 3 0
simplicity 120 0
blink 4 0
emoriam 4 0
emorial 10 0
ombstone 1 0
erboten 1 0
ountfort 1 0
lanky 1 0
statement 425 0
hristodorou 2 0
callest 3 0
capitulating 1 0
lanks 1 0
pinch 15 0
nnie 3 0
oorahd 11 0
sailings 1 0
blint 1 0
what 8219 0
orrichtungen 2 0
whar 92 0
whap 3 0
sobered 6 0
callers 4 0
friezes 6 0
stehenbliebe 1 0
ayfair 1 0
truism 2 0
unwrappeth 1 0
etri 3 0
wher 1 0
unterscheiden 41 0
subtilly 13 0
metry 2 0
unterscheidet 10 0
etre 8 0
when 9273 0
whem 1 0
modest 71 0
fireproof 1 0
ergamus 1 0
unterstehen 1 0
aspard 4 0
picurianism 1 0
metre 38 0
urchreiht 1 0
charmant 1 0
oehen 10 0
chubkasten 1 0
foothills 2 0
tenuisque 1 0
behagen 5 0
bemuehten 5 0
pulpits 9 0
behaget 1 0
widout 9 0
erholend 1 0
iurnal 1 0
almness 3 0
villains 13 0
villainy 43 0
gumnon 1 0
nondescripts 1 0
egier 9 0
heartedness 6 0
blije 2 0
ette 131 0
ollbart 1 0
modern 462 0
thoughtes 5 0
pines 68 0
etty 53 0
nfehlbarkeit 1 0
seminary 14 0
unphilosophical 4 0
mette 22 0
attrition 12 0
hoechste 32 0
porridge 16 0
whey 2 0
etta 7 0
whew 1 0
whet 4 0
rollte 7 0
etsy 12 0
otspurs 1 0
sovereinty 1 0
bassoon 1 0
eingeschmeichelt 1 0
ennent 1 0
visioneth 1 0
widows 8 0
dventurous 1 0
writhen 2 0
tabula 1 0
whim 14 0
ffects 82 0
whomsoever 3 0
writhed 7 0
scoldings 1 0
whit 40 0
whir 1 0
shampooer 1 0
whip 139 0
blick 1 0
stressed 1 0
etwa 108 0
pinky 1 0
whig 3 0
fraternally 3 0
writhes 1 0
recurring 10 0
stumbling 28 0
zerbrach 2 0
blieb 144 0
emissness 1 0
leuciscus 1 0
itgenosse 1 0
iavolo 1 0
hurriest 1 0
causewayed 1 0
chidden 5 0
staggers 2 0
angtown 1 0
nnre 2 0
unbewehrten 1 0
uslaender 1 0
wondrous 66 0
naben 116 0
uenschenswertesten 1 0
dissented 3 0
verjuengten 1 0
aufzog 2 0
lants 16 0
naber 1 0
verjuengtem 1 0
blife 4 0
getreue 1 0
egiam 1 0
erdauung 2 0
pessimistically 1 0
eetles 1 0
verjuengtes 1 0
blies 7 0
abricen 4 0
umpani 3 0
sloppy 2 0
lanus 1 0
leugnet 2 0
blige 3 0
hackles 1 0
soberly 20 0
angestochen 1 0
gouge 2 0
oachim 2 0
leugnen 18 0
multitudes 27 0
hurtles 2 0
ulyss 1 0
legies 3 0
sponges 1 0
etzt 101 0
perpendicularly 15 0
ordian 3 0
etzo 6 0
ordial 5 0
chatulle 3 0
popery 1 0
nfection 1 0
epart 4 0
upralapsarians 2 0
edesimo 1 0
brouilliert 1 0
rinnerst 2 0
defiling 2 0
dcart 5 0
unklug 2 0
enthaltene 1 0
enthaltend 1 0
modifizieren 3 0
etze 9 0
thereout 5 0
hurtled 3 0
ndroclus 1 0
elementes 2 0
rimson 2 0
orrecting 1 0
whop 1 0
shambled 3 0
suitableness 3 0
whoe 1 0
mperatorum 1 0
communications 41 0
whoa 1 0
fustiness 1 0
whom 2328 0
ickaxes 1 0
shambles 1 0
ittelgefuehl 1 0
wendet 20 0
ytyll 1 0
deinous 1 0
esignation 14 0
shutter 16 0
yeself 1 0
nnum 6 0
entgegenkam 9 0
ipsgiesser 2 0
wended 6 0
offensichtlich 1 0
wenden 37 0
muskrats 8 0
feierlich 14 0
chaise 19 0
eiterhin 1 0
thunder 125 0
malridge 2 0
oppressively 2 0
heatermechanik 1 0
beschraenkten 7 0
chaire 1 0
hinzugetan 2 0
chairs 57 0
efriedigungen 2 0
eingreifendem 1 0
ebenher 2 0
chmiegen 1 0
deduct 6 0
beschraenkter 1 0
impetuosities 1 0
edgewise 1 0
beschraenktes 1 0
elemental 8 0
mtsstube 1 0
verhandelt 2 0
worsted 17 0
oliditaet 1 0
lachrymosa 1 0
einigkeit 5 0
verhandeln 3 0
pinchen 1 0
uxilis 1 0
saeuberste 1 0
ausgemauerten 1 0
pinches 7 0
zurueckzubleiben 1 0
drohen 13 0
precaution 33 0
raxall 2 0
ueberrechnete 2 0
deduce 12 0
reichliche 8 0
erboste 1 0
zerbrochen 11 0
descalchi 1 0
wendan 1 0
chaeume 2 0
lamours 4 0
itharee 1 0
aluzzo 1 0
eiferte 1 0
sketching 4 0
seperate 7 0
pinched 15 0
stiffened 16 0
hiefly 1 0
basileia 1 0
beheld 95 0
abgwonnen 1 0
anfallen 3 0
redulous 1 0
instantiae 1 0
nglicismo 1 0
ermannen 1 0
perpetuated 5 0
euds 1 0
arcasm 1 0
ausgestrichen 1 0
onald 8 0
whur 1 0
arcase 1 0
esteigung 1 0
eudi 1 0
sarcina 1 0
perpetuates 2 0
riage 1 0
verduesternden 1 0
perfid 1 0
metal 120 0
legion 10 0
umgingen 4 0
ederbusch 4 0
herrlichste 11 0
euch 318 0
euce 1 0
preache 5 0
legante 1 0
herauszustochern 1 0
raenzen 5 0
banging 6 0
ahara 3 0
ogenschuetz 1 0
unterstehst 2 0
settlers 32 0
devastations 3 0
galloping 18 0
meted 5 0
eufl 1 0
eufi 5 0
zuzureden 2 0
ienenkorb 1 0
ahash 1 0
obnoxious 33 0
eues 24 0
propinquis 1 0
euer 147 0
exploring 18 0
unclouded 5 0
euen 2 0
overlapping 2 0
euem 2 0
astanien 2 0
emetics 1 0
nachtvollen 1 0
enemie 1 0
saveth 1 0
ntelligence 70 0
epair 3 0
onstellationen 1 0
estversammlung 1 0
ahala 26 0
himmelwaerts 2 0
fuerint 1 0
yeares 8 0
chronic 14 0
lanai 8 0
euge 10 0
avorites 1 0
urriepuffit 17 0
lance 22 0
perfec 1 0
impudence 45 0
orhaengen 6 0
azalea 3 0
geschaffen 15 0
isshelligkeit 1 0
ehendigkeit 3 0
rocreant 1 0
teigbuegel 1 0
magistrate 68 0
arcana 1 0
hourly 16 0
anitary 1 0
respektabelsten 1 0
rauengestalt 1 0
rierias 2 0
wissendes 1 0
ngeschicktes 1 0
ngeschickter 1 0
oultrie 2 0
lande 1 0
issbehagen 3 0
ispensers 1 0
steede 5 0
foregon 2 0
ktavia 1 0
infuhr 1 0
noch 2148 0
diggers 10 0
metic 2 0
nock 2 0
oegts 1 0
artistically 9 0
emorable 1 0
steeds 7 0
nobs 3 0
laned 1 0
undisguisd 1 0
mengie 2 0
starlit 3 0
obtayne 1 0
rofessors 2 0
contractors 3 0
okaido 2 0
manuscript 61 0
methe 1 0
lands 377 0
steeet 1 0
rought 12 0
roughs 2 0
noet 46 0
errufen 1 0
eule 2 0
behete 2 0
heraufdaemmerte 1 0
fectedthem 1 0
ardiner 115 0
courtiership 1 0
yearin 1 0
eult 1 0
ageantry 1 0
behest 15 0
noes 1 0
ufmerkens 1 0
lamel 3 0
nods 3 0
gotta 33 0
lamed 1 0
chselzucken 2 0
ngebaeude 2 0
whinnering 1 0
node 1 0
squirrel 57 0
zusteckt 1 0
eintrocknen 1 0
device 38 0
ignotum 1 0
archives 15 0
wohlgekleideten 3 0
faulting 7 0
rtigkeiten 8 0
eune 1 0
gummed 4 0
pproache 1 0
deflected 4 0
eunt 2 0
houres 5 0
lames 8 0
columen 2 0
wegsterben 1 0
lamen 1 0
iscreants 1 0
numbness 6 0
alltuere 1 0
eingreifen 3 0
patriarch 14 0
enelop 1 0
einziehen 2 0
bedaffed 1 0
expletive 1 0
chatterers 2 0
andwerker 7 0
enelon 29 0
eums 1 0
mengen 2 0
wohlgekleideter 1 0
wich 7 0
callowness 1 0
wice 19 0
ulpitius 1 0
drohte 21 0
sincerity 72 0
wick 25 0
demons 14 0
nhanced 1 0
patronized 4 0
durchreissende 1 0
trophies 12 0
eupp 5 0
arannon 2 0
smiling 159 0
emotions 71 0
exploded 25 0
nvoluntarily 3 0
ubsisted 1 0
ardinia 11 0
noia 1 0
patronizes 1 0
davontragen 1 0
precognition 3 0
cavalry 57 0
emotione 1 0
multiplying 16 0
rouged 1 0
ndifferent 2 0
noxious 15 0
smitings 1 0
yearly 61 0
mbassy 4 0
universality 7 0
aragraph 24 0
uffallendste 1 0
octors 8 0
ordsworth 46 0
injudicious 19 0
nole 5 0
eure 54 0
salmist 1 0
behend 7 0
noli 1 0
punctuated 2 0
haughtiest 3 0
ceocan 1 0
dministration 140 0
rampling 1 0
amehamehas 2 0
wide 444 0
npleasantness 1 0
biblical 3 0
arcade 6 0
rainage 2 0
uebloans 1 0
urtemberg 1 0
lavonian 3 0
oesewicht 8 0
yearns 2 0
angelaufen 1 0
unconsciously 46 0
bezogen 4 0
vormoduliert 1 0
chains 77 0
cranksided 1 0
pollutes 1 0
verdirbt 7 0
wige 1 0
wigs 3 0
none 935 0
eute 305 0
legance 4 0
trammels 1 0
nveraendert 1 0
devils 33 0
arranging 22 0
wift 54 0
eutz 1 0
dilute 1 0
hrensache 1 0
legancy 1 0
researches 42 0
obsessed 5 0
isenwerks 1 0
wife 1309 0
vorbeifuhren 1 0
glooming 2 0
nome 2 0
ottchen 3 0
zusammentraf 3 0
ampfgedraenge 1 0
euse 2 0
leather 105 0
lamme 36 0
euta 3 0
lunaticks 1 0
sausefleme 1 0
nolo 3 0
wies 13 0
avourites 1 0
bipeds 1 0
understandingly 1 0
messe 1 0
multitoodinous 1 0
nopf 4 0
columns 60 0
yearth 1 0
conceived 145 0
euschrecken 3 0
conceives 20 0
ergoetzen 18 0
befriended 9 0
ischzug 1 0
noon 88 0
reformateur 1 0
djutant 1 0
ermannte 4 0
rennen 15 0
gloomily 7 0
senatorial 4 0
entschuldigend 2 0
otation 2 0
lamor 5 0
youngman 1 0
unstwerke 28 0
rennet 3 0
bowsprits 3 0
renner 11 0
wegschickte 1 0
infuse 4 0
weekes 1 0
nook 18 0
anzeigen 3 0
euve 3 0
disciples 46 0
unstwerks 1 0
ergoetzet 1 0
vordringenden 4 0
legiac 2 0
polluted 15 0
zurueckgeblieben 9 0
ockung 1 0
minimum 12 0
mathematical 40 0
nord 2 0
mehresten 2 0
academically 1 0
lamps 45 0
laendlich 1 0
wiki 4 0
chwesterchen 2 0
altissima 1 0
oeget 1 0
berhand 4 0
ardinal 141 0
ayton 4 0
aerzte 3 0
ewburyport 3 0
imkins 1 0
aldrauch 1 0
essingkrone 1 0
detracted 3 0
perfum 1 0
alcheren 1 0
meritoriousness 2 0
olenti 1 0
magistracy 5 0
mpfaenglichkeit 1 0
britches 6 0
raeudige 1 0
dartling 1 0
coatless 1 0
lsace 4 0
nextinguishable 1 0
note 666 0
everybody 209 0
abridge 19 0
proroguing 1 0
noth 1 0
ausgelassene 1 0
ntemperance 7 0
indstille 3 0
onsonantenzahl 1 0
entgegenblinken 1 0
nose 179 0
will 13024 0
wily 8 0
authoress 1 0
hardshell 1 0
timulated 1 0
wilt 117 0
aufgefundene 1 0
oegen 3 0
oegel 26 0
creuset 1 0
zerschneidet 1 0
falsifying 1 0
disciplin 2 0
eissen 3 0
epaux 1 0
unearth 1 0
eissel 2 0
wile 4 0
cavallo 1 0
doubloon 1 0
wild 620 0
englisches 1 0
englischer 2 0
riden 5 0
ridem 1 0
slowed 2 0
scoffing 5 0
unbegreiflichen 1 0
scharrt 1 0
unbegreifliches 1 0
andage 1 0
rides 24 0
unkten 6 0
englischen 16 0
rider 49 0
slower 20 0
worshipfulness 1 0
englischem 2 0
lacquer 68 0
muschligen 1 0
absetzen 1 0
riddy 1 0
pallagonischen 1 0
gratuities 4 0
achiavelli 49 0
asallen 1 0
excead 1 0
somerset 1 0
nova 1 0
wins 11 0
windless 2 0
orstmann 2 0
constellations 14 0
lupinum 1 0
lacquey 1 0
noun 2 0
schwerlich 29 0
nous 5 0
nour 1 0
journalism 4 0
journalist 11 0
fleissige 5 0
nots 2 0
geladnes 1 0
wink 25 0
uddar 1 0
enlightened 74 0
wing 104 0
wine 375 0
wind 567 0
annesnachtmuetzen 1 0
uccaneers 1 0
achieve 23 0
ahead 114 0
verzeigt 1 0
urbane 3 0
concile 5 0
nowy 1 0
henten 1 0
verzeihe 7 0
moughter 1 0
ermegilda 1 0
euspanien 1 0
peisesaal 2 0
verzeiht 6 0
andaff 1 0
nown 3 0
nows 4 0
verzeihn 3 0
wipe 26 0
component 15 0
riday 54 0
aesars 12 0
vierstockige 1 0
nowe 3 0
toilers 1 0
superbiam 1 0
wist 76 0
ridin 5 0
wiss 46 0
irakawa 3 0
haftet 1 0
hafter 5 0
haften 2 0
compute 8 0
wish 1274 0
mewed 1 0
invigorating 9 0
wise 795 0
exceed 131 0
indiciae 1 0
wisp 8 0
famille 2 0
entschlaeft 1 0
andwirtinnen 1 0
bycocket 1 0
controversialist 7 0
enormous 165 0
wiry 16 0
evan 3 0
wirf 5 0
wire 54 0
wird 1226 0
ullard 1 0
evah 1 0
wirn 1 0
ausgebrueteten 3 0
loeblich 9 0
verzweifeln 17 0
ridgy 1 0
verzweifelt 5 0
administers 1 0
patronised 11 0
eraechter 1 0
chlafrocks 3 0
pregnated 1 0
intergrunde 6 0
ridge 86 0
responded 119 0
halesome 2 0
patronises 2 0
drumsticks 1 0
hirelings 5 0
oiceful 1 0
amender 1 0
verheeret 1 0
ancluse 1 0
wits 63 0
amenden 4 0
verheeren 3 0
amended 22 0
with 34242 0
estalten 63 0
layton 3 0
wite 7 0
pparatus 4 0
schreckhaft 1 0
service 592 0
utchinsonian 2 0
eforme 4 0
corpulency 1 0
ondly 1 0
familia 2 0
klatschte 5 0
encumbered 19 0
beinahe 61 0
uddin 11 0
danari 1 0
heaveth 1 0
fuscherei 1 0
surcease 1 0
umortier 1 0
luftige 4 0
utaten 1 0
evet 2 0
vernehmend 1 0
geheiligten 8 0
aufzuschlagen 6 0
concise 15 0
portrayed 10 0
tepping 4 0
misusen 1 0
period 606 0
offenses 19 0
perwishuns 1 0
terbacker 6 0
misused 4 0
slowly 456 0
vorleuchtende 1 0
monarchies 21 0
eves 6 0
ever 3368 0
ridle 1 0
even 4309 0
wegzunehmen 3 0
wive 2 0
evel 10 0
heavest 1 0
evee 1 0
physiognomy 8 0
unterzuordnen 2 0
ondon 692 0
ondom 1 0
unmaternal 1 0
anities 1 0
flussabwaerts 1 0
onjoined 6 0
erment 1 0
hafton 2 0
heavers 3 0
usgschriebn 1 0
euheit 7 0
unrefinement 1 0
tuerkische 3 0
ipferl 5 0
confesseth 1 0
kripturen 1 0
verkuerzt 4 0
ajestys 19 0
sermons 57 0
ungezweifelt 1 0
zusammengeschwemmte 1 0
eingeschraenktesten 1 0
iebesklarheit 1 0
udden 6 0
brakfast 2 0
stilleschwieg 1 0
rennpunkt 2 0
councillors 7 0
eniessern 1 0
ibliotheken 2 0
servile 52 0
perils 28 0
herumschlaengeln 1 0
geheilter 1 0
bankeroute 1 0
untaetig 5 0
ensnaring 1 0
geheilten 1 0
olkspoesie 1 0
chmucke 1 0
taurine 1 0
ipfels 3 0
uropeans 33 0
bsunders 3 0
ipfeln 2 0
aengerinnen 2 0
evit 1 0
evis 3 0
hereinreiten 2 0
evil 661 0
ufsatzes 2 0
udder 45 0
seclusion 24 0
logiert 2 0
glaenzt 10 0
minimis 1 0
motored 1 0
errenhuter 1 0
devant 2 0
capels 1 0
enfeebling 1 0
cepticism 2 0
arctissimo 1 0
burning 217 0
uddha 25 0
rangenbaum 2 0
logiere 1 0
ealers 2 0
chlangenweg 1 0
verbracht 1 0
getraeumten 1 0
machines 112 0
formerly 232 0
begeisternde 2 0
ehoeft 1 0
hymeneal 6 0
rabbeln 1 0
einzuschmeicheln 2 0
retreats 7 0
emigrant 1 0
figurine 2 0
taatsmaennern 1 0
itelic 1 0
vorraetig 1 0
lapis 1 0
conclusioun 4 0
barfuss 1 0
filtering 4 0
warship 1 0
verbreitet 21 0
ortraeten 1 0
warehouse 31 0
piped 7 0
verbreiten 11 0
figuring 4 0
abloesen 2 0
midrib 1 0
schluerfend 1 0
pectators 15 0
lupines 4 0
treitchen 1 0
safeguard 18 0
nobley 6 0
sunrise 70 0
nobles 87 0
nobler 37 0
breiartig 1 0
objectionable 27 0
prize 94 0
dicted 1 0
oncur 1 0
prizd 2 0
bserve 13 0
versturbn 3 0
ontenoy 4 0
laddies 2 0
nweisheit 1 0
bserva 1 0
hegleek 6 0
rpiment 1 0
coolness 39 0
almeron 1 0
sectional 11 0
conclusiones 1 0
uspended 3 0
evol 1 0
nstructors 2 0
ountess 32 0
pearance 1 0
evoe 1 0
etzereien 1 0
effektluegenden 1 0
herumzugehen 2 0
nfortune 1 0
untanned 3 0
riederich 1 0
tlaswestchen 1 0
ttucks 1 0
aturmassen 1 0
evon 3 0
albmenschen 1 0
peinlicher 1 0
smith 21 0
zerstreue 2 0
smite 31 0
evre 1 0
portrayal 1 0
scharfe 10 0
zerschellt 1 0
peinlichen 1 0
zerstreut 39 0
mediocrity 23 0
zerschlug 3 0
erroetend 1 0
zerstreun 2 0
perish 91 0
theocratico 1 0
ippolyta 5 0
wetting 9 0
okalfarben 2 0
aldungen 3 0
klatschen 1 0
ippolyte 1 0
monarchial 1 0
ericleitus 1 0
lettuces 1 0
uncomfortable 41 0
unterordnen 1 0
aptives 5 0
epixosmesantes 1 0
clipse 31 0
einkleider 5 0
vestige 22 0
concive 1 0
tiiinkhaende 1 0
ontents 26 0
raumgesicht 1 0
rohsten 1 0
retires 17 0
surroundings 29 0
lappe 2 0
condescends 3 0
ouisburg 1 0
beunruhigten 6 0
heavens 133 0
shindig 2 0
retired 127 0
chreckensbildern 1 0
evolutions 4 0
pipes 43 0
piper 3 0
writings 183 0
notwithstanding 222 0
airfield 1 0
ormalitaet 1 0
abermaligen 1 0
auerwagen 1 0
steadiness 17 0
esprechung 1 0
abermaliges 2 0
corking 1 0
eruhigung 8 0
achkammer 2 0
zuzufuehren 1 0
epeal 17 0
rubric 1 0
hydrogen 2 0
vergangenen 14 0
continually 281 0
igeunerlager 1 0
epeat 3 0
vergangenes 1 0
vergangener 1 0
onday 74 0
imputit 2 0
nameless 23 0
drueber 23 0
orgenwind 1 0
aterfalls 1 0
conclusions 86 0
proprietors 97 0
evue 4 0
zurueckgefuehrt 5 0
coquettishly 1 0
eyelashes 7 0
lapse 33 0
geheimnisvoll 7 0
gestimmt 16 0
dolomite 1 0
expellas 1 0
drueben 20 0
ehoelz 1 0
naden 13 0
gefielen 8 0
nopportune 1 0
herimachus 1 0
uncomfortably 3 0
choepfungsplane 1 0
gowns 9 0
deuchte 11 0
emigrate 6 0
ornament 59 0
herumzusteigen 1 0
aufgeputzt 4 0
gowne 3 0
unstliebhaberei 2 0
clicking 5 0
schoengeschriebne 1 0
oracularly 1 0
impressively 7 0
pluies 1 0
iscontis 2 0
onden 2 0
apiolani 2 0
ondel 5 0
imputed 33 0
taumelte 1 0
benevolently 3 0
ordier 1 0
messingen 1 0
ridal 6 0
iedestals 1 0
unworthily 5 0
epilogue 3 0
imputes 4 0
renumbered 1 0
repared 63 0
acharias 1 0
ondes 11 0
onder 35 0
usiklustigen 1 0
vorbeigehenden 3 0
vorzurollen 1 0
olshevists 2 0
kalziniert 1 0
uptake 1 0
iedestale 2 0
verschafft 20 0
vorbeigehendes 1 0
opularitaet 1 0
verzuckerten 1 0
animosity 25 0
unharmed 9 0
bloesung 1 0
pertness 4 0
forearm 4 0
szillation 1 0
itness 19 0
metrical 14 0
hingoji 4 0
nglican 6 0
sourness 1 0
nadin 1 0
misleader 1 0
morgens 19 0
herumgegeben 1 0
unbegleitet 1 0
confessional 8 0
verschaffe 1 0
dotage 16 0
embassies 4 0
vorgeschriebenen 1 0
achariah 4 0
erroetete 6 0
raschelt 1 0
gefodert 2 0
sulphuric 5 0
contests 25 0
fortschreitenden 1 0
ersuasions 2 0
ediation 1 0
escheitheit 1 0
ehoert 1 0
ehoers 1 0
nglicos 1 0
ricci 1 0
beredteste 1 0
entbloesst 2 0
illnicht 1 0
aufzublasen 1 0
herbeibringen 1 0
andschaftlich 1 0
uftrage 5 0
choeppenstuhl 1 0
robabilities 1 0
nachz 1 0
prime 96 0
excision 1 0
intellect 177 0
chaped 1 0
prima 9 0
nacht 13 0
prostitutes 3 0
nachi 1 0
chapel 35 0
rdensgeistlichen 2 0
prils 1 0
prill 1 0
starrte 11 0
nnoyed 1 0
aechtigsten 1 0
processions 10 0
hierophants 1 0
nackt 7 0
gschiecht 1 0
oetest 1 0
unwilling 139 0
ricas 2 0
envyen 1 0
timmung 36 0
amusieren 1 0
attlin 1 0
azards 4 0
dictum 7 0
blocking 8 0
eliquien 4 0
qualmenden 1 0
rbildes 1 0
democrats 2 0
rbilder 1 0
fugiens 1 0
letcher 413 0
ungracefully 1 0
ungarnished 1 0
stepmother 2 0
watertight 1 0
mutter 5 0
legged 26 0
rownsville 13 0
chwanes 1 0
ewah 4 0
archer 4 0
zusammengestochen 1 0
mbargo 1 0
slingin 2 0
arches 42 0
rohibitions 1 0
ehaltet 1 0
herrschende 3 0
mplissima 1 0
auptmannsstelle 3 0
ackataias 1 0
clomben 2 0
ncident 1 0
dramatize 1 0
legges 6 0
wounding 5 0
arched 30 0
oellteufel 1 0
reezes 1 0
bewildering 20 0
rafted 1 0
bescheidentlich 2 0
prior 28 0
aneinanderstossenden 1 0
aequivalent 1 0
dotare 2 0
dotard 3 0
bellwether 1 0
eturns 20 0
azarin 8 0
rafter 1 0
ewby 3 0
insincerity 3 0
xpense 15 0
beschrieben 13 0
eturne 1 0
erstueckelte 1 0
hinausgehen 3 0
jealously 2 0
ycliffite 4 0
boasting 21 0
egenseite 2 0
oothache 1 0
ahommedan 2 0
shielde 6 0
erpignan 2 0
ewey 12 0
fulgoris 1 0
rices 17 0
ewet 1 0
ewes 18 0
meved 1 0
schwarzgruenbraune 1 0
arysville 6 0
primp 1 0
eminaries 7 0
rofession 28 0
prostituted 2 0
steamship 5 0
ehaeltnisse 1 0
riced 1 0
ewfd 1 0
gestatten 5 0
emptying 13 0
ediumistic 2 0
restraining 34 0
gwusst 1 0
subtilities 1 0
staerkende 1 0
uuund 1 0
ewds 1 0
pious 119 0
ewer 2 0
bzeichen 2 0
shields 28 0
print 126 0
angezuendet 7 0
ewel 4 0
classmates 7 0
gestattet 5 0
eweg 4 0
chimbly 6 0
intolerant 9 0
pring 88 0
zunichte 6 0
ricks 11 0
encampment 15 0
tavernere 1 0
ernsthaft 30 0
writest 2 0
herefrom 2 0
ricke 1 0
anither 12 0
gestreut 2 0
uebelstand 1 0
houlde 4 0
pasturing 5 0
writeth 7 0
glazed 5 0
houldn 5 0
siedige 1 0
anoteaux 1 0
schluepfrig 2 0
reapplication 1 0
xaggerator 1 0
estaments 1 0
exhibitions 14 0
hardest 21 0
truebes 1 0
ausstattete 1 0
trueber 6 0
agdflinte 1 0
ewge 1 0
baronet 6 0
gonnen 2 0
clients 5 0
painted 137 0
trueben 10 0
truebem 1 0
leiades 2 0
exploits 30 0
smirk 3 0
trunks 31 0
ricia 1 0
unterordnet 1 0
unergruendlicher 1 0
caravans 4 0
iform 1 0
unergruendlichen 2 0
alaysia 1 0
egium 2 0
refuges 1 0
semicylindrical 1 0
socially 5 0
prise 2 0
snuggled 1 0
dazusein 1 0
ctivities 1 0
ameness 4 0
rental 3 0
richt 23 0
ewis 74 0
riederike 2 0
refugee 2 0
clamored 1 0
riche 14 0
ewig 81 0
iscussion 4 0
glangst 1 0
indostan 1 0
nepotism 5 0
weeded 1 0
blith 2 0
schoolhouses 1 0
vailing 1 0
smile 365 0
ewly 1 0
oncordance 1 0
reviews 13 0
weedes 1 0
antreiben 1 0
egion 26 0
aufgewachsen 5 0
hardens 6 0
lapel 1 0
dramatise 1 0
ulsschlag 2 0
nicksen 1 0
unbosom 1 0
itelli 8 0
painter 65 0
egins 4 0
dramatist 24 0
eginn 1 0
handcuff 1 0
painten 1 0
erteilte 1 0
oetlichen 1 0
egire 2 0
privi 1 0
rafton 3 0
rented 7 0
hervorschimmerte 1 0
asseverations 2 0
uttrick 1 0
blive 9 0
prius 1 0
ycian 1 0
zusammengegangen 1 0
transportations 2 0
brochure 1 0
hibachi 7 0
grinds 7 0
eitentuere 2 0
ragweed 1 0
erkaeltung 1 0
writers 191 0
rentes 1 0
renter 1 0
niederstuerzenden 1 0
odgers 1 0
meekly 15 0
privy 41 0
gymnasia 3 0
alcesine 6 0
coming 683 0
ruehlings 3 0
ipfelhuegeln 1 0
orbeerbaum 2 0
coughing 13 0
conveyance 24 0
starred 3 0
thumping 5 0
sugarplums 1 0
ildergalerie 1 0
chastisement 12 0
backseats 1 0
elernt 1 0
uestioned 1 0
ieselben 5 0
azarus 36 0
beduerftet 1 0
dissatisfied 37 0
numbered 27 0
enthusiastic 31 0
shiners 6 0
except 819 0
armherzigkeit 6 0
behoveth 5 0
aenzerin 30 0
labaster 1 0
ardwicke 1 0
regelmaessigsten 1 0
flaunting 3 0
inlinson 8 0
atholics 105 0
pocalyptic 1 0
trainers 5 0
oechsten 1 0
droben 12 0
ewry 2 0
excess 96 0
acdonald 1 0
oechstes 2 0
arland 41 0
playfellows 4 0
ullaby 2 0
democracy 100 0
fesselt 1 0
atholick 2 0
atholici 1 0
fesseln 6 0
interbein 1 0
sacrilege 11 0
etraenken 2 0
koestlichste 2 0
arlame 2 0
sicklied 1 0
tonement 2 0
verschaemt 2 0
geschwatzt 1 0
renton 10 0
assergraben 1 0
budge 8 0
ersuchungen 3 0
ribut 5 0
traineth 1 0
mutton 17 0
admirable 119 0
imomachus 1 0
irreligion 7 0
achmitternacht 1 0
scherzenden 2 0
beduerftig 4 0
artyns 2 0
allergroessten 1 0
dreamful 1 0
ehorsam 10 0
haleman 1 0
decisiveness 1 0
admirably 48 0
eminarium 1 0
gewognen 1 0
rently 2 0
naehrst 1 0
behovely 1 0
eldenschar 1 0
xpence 97 0
andare 6 0
aristocratical 6 0
horntisch 1 0
ndiana 12 0
zurueckschrecken 1 0
ietrich 1 0
wuenschenswert 7 0
ndians 279 0
msterdam 37 0
springe 4 0
urzelmann 7 0
arawane 4 0
nachhing 2 0
barbicans 2 0
braket 1 0
aufzutun 2 0
brakes 3 0
residing 26 0
quickener 1 0
dances 57 0
prick 11 0
weiblichen 16 0
prich 2 0
rosaries 4 0
weibliches 7 0
gestillt 5 0
weiblicher 2 0
arangue 1 0
price 1433 0
defensive 23 0
pincers 6 0
easonings 2 0
enefit 45 0
atteltasche 1 0
grimly 12 0
crumpling 2 0
hineinpassen 1 0
dancer 7 0
anadian 14 0
artyrs 4 0
dancen 1 0
indentations 4 0
uuuhe 1 0
pride 314 0
tidbits 1 0
inhuman 21 0
disproportionately 3 0
foncieres 1 0
danced 52 0
lumenopfern 1 0
naehrte 1 0
nachzutragen 1 0
homsons 1 0
buden 1 0
jaemmerlich 4 0
gerechten 5 0
thumb 40 0
ragerie 2 0
vampires 2 0
dramatics 1 0
gerechter 2 0
versteinte 1 0
uartal 1 0
requests 12 0
benamset 1 0
uwelen 9 0
bountiful 10 0
ausbedienten 1 0
bgleich 6 0
schoepferische 1 0
anschliessende 1 0
buddy 2 0
rphans 4 0
ebrechen 3 0
thund 2 0
genugzutun 3 0
nobleness 13 0
thunk 1 0
alvary 1 0
ajestic 3 0
siquando 1 0
rigidly 13 0
thump 12 0
ajestie 4 0
atholike 1 0
egebenheiten 38 0
acazzy 1 0
truebte 1 0
wahrnehmen 4 0
astronomical 5 0
epublik 29 0
ersorand 1 0
puddings 2 0
erbourg 1 0
druecke 3 0
prigs 2 0
handloom 1 0
pione 3 0
dejectedly 5 0
epublic 98 0
artlessly 1 0
uebertreten 1 0
hinausversetzt 1 0
eldzuge 1 0
uebertreter 1 0
sanctioning 2 0
toilets 1 0
andals 1 0
arbiter 8 0
bedraengten 4 0
bedraengtem 1 0
excell 2 0
dancin 3 0
drueckt 20 0
irconnell 2 0
tumultuosity 1 0
atsuhara 1 0
brokenhearted 2 0
excels 5 0
shineth 5 0
ntroduction 14 0
initiatory 3 0
rechten 109 0
isconsin 7 0
uarter 45 0
rechtes 5 0
pries 17 0
rechter 20 0
tanford 1 0
subconsciousness 56 0
shinest 1 0
forcefully 2 0
chiding 7 0
andais 14 0
pried 5 0
starren 6 0
dmunson 1 0
erteilen 2 0
starres 16 0
leindamour 1 0
performance 143 0
quickened 17 0
alvani 2 0
thuit 1 0
gingerly 2 0
ausfuehrlich 12 0
genauer 22 0
wundervollen 1 0
exas 44 0
wundervoller 1 0
describ 6 0
politischen 12 0
vereinigter 2 0
politisches 2 0
vereinigten 14 0
vereinigtem 1 0
ctinidia 1 0
genauen 2 0
republikanische 3 0
ccount 193 0
demuetig 7 0
ervage 1 0
ucille 10 0
scaffolding 5 0
schlimmern 1 0
quavering 5 0
ysterious 2 0
ornelius 57 0
adaptability 2 0
satisfac 1 0
schaukeln 1 0
schlimmere 1 0
gainsay 1 0
xplanation 6 0
allegorically 2 0
esellschaften 13 0
instituti 1 0
mutuel 1 0
esellschafter 9 0
institute 8 0
anfangenden 1 0
gewaltsam 29 0
immelsblaeue 2 0
fuerkaemma 1 0
indiscernible 2 0
mopping 5 0
gespendete 1 0
aspect 142 0
agdlied 1 0
rifft 2 0
calling 187 0
ueberzusetzen 2 0
riffe 1 0
sheepcots 1 0
ausgleiten 1 0
ndorsed 5 0
collateral 11 0
ortunatus 1 0
airest 2 0
tmight 1 0
uergergewerb 1 0
ndromache 3 0
demise 2 0
dreamily 7 0
ehrenvoll 4 0
exes 6 0
ohoninos 1 0
recklessly 10 0
wheedled 1 0
naehme 5 0
dreinmischen 1 0
dreaming 55 0
eeteinfassungen 1 0
stehen 153 0
egenreformation 1 0
theologischen 2 0
innesarten 2 0
notary 3 0
exen 3 0
mutual 141 0
estalin 1 0
exei 1 0
stehet 1 0
zusammengefuegt 1 0
exed 2 0
rifle 146 0
loszaehlt 1 0
nrao 1 0
nrat 7 0
inckelmannischen 1 0
slouch 2 0
aulssen 1 0
limates 3 0
columnar 2 0
nachtraeglich 2 0
rauengewande 2 0
eccavi 1 0
gratifications 1 0
laser 1 0
gestrige 2 0
lasen 5 0
utchmen 2 0
nklang 2 0
judicious 82 0
northeast 14 0
perked 2 0
modify 66 0
nebenhergehen 1 0
verschlossene 2 0
eingenaeht 1 0
ontmorency 5 0
doughnuts 2 0
vergiessen 2 0
ulcers 4 0
ausladen 3 0
medallion 2 0
shampooers 2 0
leckere 1 0
ervant 115 0
onfut 1 0
boorishness 1 0
astmahl 8 0
doctrinale 1 0
businesses 3 0
telepathy 23 0
uckeridge 1 0
indvieh 1 0
economized 2 0
mendin 1 0
reignis 8 0
exit 29 0
strebend 1 0
curacao 1 0
pflicht 1 0
exil 3 0
daempfen 4 0
reactionary 11 0
ungalee 1 0
eststaate 1 0
leckern 1 0
nourrice 1 0
eaengstigung 1 0
nschoepfung 1 0
slough 11 0
eptemeber 1 0
luftger 1 0
sophistication 1 0
taliener 25 0
undertakers 17 0
doubling 10 0
dreinmischte 1 0
carousals 2 0
nred 1 0
decorum 24 0
anslaughter 2 0
imaginable 30 0
utridity 2 0
ationalbelustigung 1 0
unsolicited 3 0
efaelligen 1 0
craving 18 0
calkalashuns 1 0
tapfere 1 0
aussteche 1 0
ewissenhaftigkeit 9 0
inaccuracy 10 0
laska 12 0
elbstbetrug 3 0
tapfern 4 0
nlaender 1 0
recollect 92 0
coweyed 1 0
ranville 7 0
repasts 1 0
ouverture 1 0
ueberredungen 1 0
braine 1 0
naehen 5 0
untrained 4 0
stempeln 1 0
reigned 34 0
vergoennt 5 0
ucceeds 1 0
brains 31 0
ervais 1 0
coursers 2 0
nklage 7 0
atherings 1 0
vergoenne 1 0
respectability 17 0
aspens 3 0
magisterial 4 0
mended 36 0
fortschleichend 1 0
schauen 27 0
uebereinkamen 1 0
hemmende 1 0
ochbild 1 0
schauet 1 0
rifts 5 0
wrecked 18 0
andhause 10 0
vermischte 1 0
continally 1 0
apazitaet 1 0
ferlie 1 0
inkarets 2 0
accession 46 0
lammekin 4 0
juniors 5 0
intermarry 2 0
morgende 2 0
achtzehnte 1 0
auptbedingung 1 0
behaupteten 6 0
eidelberg 7 0
inrichtung 28 0
xperiments 23 0
appellantur 1 0
bewahrend 2 0
cruisers 2 0
unnecessary 136 0
brainy 1 0
nablaessiges 1 0
geniessenden 2 0
andhabe 2 0
schenregen 1 0
raeuchern 1 0
naeher 126 0
winecup 1 0
onnybrook 1 0
chotten 2 0
dressmaking 1 0
legend 63 0
paraphrase 7 0
rascals 11 0
chulmeister 2 0
resence 24 0
losmachte 1 0
inkelmass 1 0
elleswhere 6 0
probationary 1 0
blaeulichen 1 0
aspera 1 0
orsichtig 1 0
larms 2 0
roehlich 2 0
wohlgestickten 1 0
orment 1 0
juniper 10 0
kuerzlich 11 0
neugierige 1 0
elmonico 2 0
schuldig 103 0
zuwenig 1 0
pancreatic 11 0
ebrochene 1 0
erklingen 1 0
clinke 1 0
snorest 1 0
larnt 2 0
wiederzufinden 6 0
appahanock 1 0
wechselten 8 0
rieve 3 0
exte 4 0
inspiring 26 0
exta 1 0
illustres 1 0
shyster 1 0
suendhaftigste 1 0
ormunde 1 0
captive 32 0
ornelies 1 0
exts 61 0
alskette 2 0
nettete 1 0
trumpe 2 0
issenschaften 15 0
nickten 2 0
mplicite 1 0
astrolle 1 0
itlings 2 0
llinois 33 0
irabeau 3 0
neuerlichen 1 0
trumps 2 0
modish 1 0
relations 264 0
swallowing 15 0
abzustehn 1 0
eructavit 2 0
moeglich 207 0
larre 1 0
nrol 1 0
lymouth 12 0
neighbors 63 0
aufklaeren 5 0
fforded 1 0
mindestens 1 0
reignly 1 0
ormeln 2 0
gonaton 1 0
supersubtle 1 0
correctness 34 0
zuzuschneiden 2 0
upkeep 2 0
accomplishing 17 0
herumvagiern 1 0
redulity 2 0
ssessor 2 0
wrastled 1 0
ersammlungsorte 1 0
seitwaerts 16 0
dichtrische 1 0
tentacle 7 0
namhaften 1 0
instability 10 0
lopsided 1 0
geflickt 1 0
modernising 1 0
getraue 4 0
durchzuschluepfen 1 0
auptanlass 1 0
modius 1 0
caprices 11 0
vielbeduerfenden 1 0
foundash 1 0
fruchte 2 0
orgeben 2 0
oelfe 2 0
ngineer 7 0
pirit 153 0
anderungen 5 0
enegal 4 0
racecourse 1 0
larus 2 0
rotesters 1 0
ebrechlichkeit 1 0
udern 4 0
savior 1 0
jollily 2 0
getraut 7 0
grippa 5 0
ergleichungspunkt 1 0
erwuester 1 0
holuck 1 0
verspracht 2 0
hortensis 2 0
oella 1 0
zaertlichen 22 0
globule 1 0
cerebration 2 0
oelle 15 0
zaertlicher 9 0
bangles 1 0
hantasten 2 0
harlemont 11 0
onfed 1 0
collected 187 0
raubten 3 0
upturned 17 0
andhaus 1 0
raditions 1 0
carbine 1 0
runkener 2 0
eorgic 2 0
larva 3 0
needments 1 0
zaertliches 3 0
eorgia 46 0
elevate 19 0
loecherig 2 0
anklehne 1 0
clinch 2 0
satisfie 1 0
lifetimes 1 0
lumining 1 0
klagende 3 0
tunnels 2 0
saving 96 0
awarding 2 0
usthause 3 0
weichsten 1 0
yleve 1 0
uinevere 3 0
zueinander 3 0
tolerated 30 0
tolerates 4 0
cramped 11 0
hiebst 1 0
neccessary 1 0
eorgis 5 0
naehrt 6 0
nruh 1 0
borrowers 6 0
chidings 2 0
unterstelle 1 0
eorgio 1 0
inaccurate 76 0
clines 1 0
underpaid 3 0
naehre 3 0
rammatiker 1 0
vermischen 1 0
analoger 1 0
bugle 4 0
reluctantly 22 0
wallfahrteten 2 0
durchgearbeiteter 1 0
chanty 1 0
chants 4 0
schimmernde 3 0
hakenartigen 1 0
prudently 22 0
collectio 1 0
hievres 17 0
reignty 1 0
zutrauest 1 0
efinements 1 0
laehmte 2 0
taebenweg 1 0
aunkoenige 1 0
clings 12 0
pirus 5 0
berstend 1 0
multitudinous 17 0
greenery 13 0
steddyin 1 0
unscrupulous 20 0
octroi 1 0
archaeologists 2 0
eklemmung 2 0
attles 5 0
abseitwaerts 1 0
isdemeanours 2 0
gazers 4 0
corridors 16 0
ennaar 9 0
featheriness 1 0
erfragen 1 0
vocables 3 0
hineingehauen 1 0
eorgen 8 0
molehill 1 0
broomstick 1 0
chanst 1 0
assignment 6 0
eorges 8 0
djusting 1 0
jollity 14 0
malahini 4 0
unmittelbarste 1 0
aengstigenden 1 0
onsolatione 4 0
daempfte 3 0
gazest 1 0
ettenhove 1 0
rascati 14 0
clinic 1 0
entstehen 27 0
onsolations 1 0
buggy 68 0
entstehet 1 0
hoeflich 14 0
insignifi 1 0
orwuerfen 5 0
regaining 10 0
vergiss 6 0
riegt 1 0
onterey 3 0
riegs 8 0
ecture 6 0
ispersed 2 0
ransacking 2 0
eswegen 10 0
riege 16 0
pamphlet 50 0
uenftige 2 0
adjourn 13 0
tourney 2 0
selbsterbauten 1 0
fuenfundzwanzg 3 0
rieft 2 0
riefs 2 0
ucrece 3 0
steile 5 0
andwerksunfaehigkeit 1 0
adeline 64 0
resense 1 0
riefe 70 0
onely 5 0
gesprenkelt 1 0
neophyte 1 0
dazukaemma 1 0
eyes 2074 0
eyer 15 0
nemici 1 0
iebchens 3 0
discourteously 1 0
nvaders 5 0
responsibility 110 0
teilweise 11 0
quickness 24 0
cheltenswertes 1 0
chwalbe 1 0
aendeln 2 0
propitiations 1 0
ergriffe 1 0
urchases 8 0
abzuscheiden 1 0
urchaser 2 0
chuelerschaft 1 0
aberrations 4 0
bobbing 2 0
etzgern 1 0
hinausgekommen 1 0
sample 13 0
eyen 91 0
pique 9 0
ruemmern 17 0
ruemmerl 1 0
riede 12 0
iserables 1 0
squirmin 1 0
auspices 11 0
harakteristisches 1 0
vicinity 34 0
craziness 2 0
eyed 64 0
noerdlich 1 0
nendliche 12 0
ungrischer 1 0
vorteilhaftesten 3 0
allenfalls 35 0
steife 2 0
laddeth 1 0
teunenberg 1 0
bobbins 1 0
diggity 7 0
vergiften 1 0
dallying 4 0
hauptsaechlichste 4 0
akaruda 1 0
angedraengt 1 0
mergers 1 0
liveliness 8 0
hinzudraengen 1 0
steigt 28 0
unaccompanied 2 0
ladders 12 0
nscr 1 0
protuberant 6 0
ejaculations 3 0
ispensary 1 0
semitones 1 0
collector 24 0
verging 14 0
aufklaerte 1 0
durchleben 2 0
estsaal 1 0
hilinens 24 0
outlooks 6 0
onsultations 1 0
larch 3 0
overnorships 1 0
distressd 4 0
vergiftet 7 0
scaping 1 0
portfolios 1 0
erstreckte 3 0
opfschmerzen 1 0
resents 11 0
erabgestuerzte 1 0
selves 56 0
nachbarlich 1 0
nemies 177 0
hemannsrolle 1 0
taumelnd 4 0
conches 2 0
erwicklung 3 0
nser 35 0
mbarkation 2 0
aerchens 1 0
advanced 319 0
erzensfreude 1 0
aeugeln 1 0
nset 2 0
onest 15 0
durchlebte 1 0
laret 1 0
lares 1 0
advances 79 0
epers 2 0
oddridges 1 0
omfortable 1 0
narratress 1 0
nsel 18 0
decapitated 1 0
malevolently 1 0
verdross 9 0
rotzdem 8 0
espraeche 24 0
rient 22 0
large 1695 0
ecognising 2 0
udeln 1 0
onett 14 0
unpacked 1 0
erdaechtigen 1 0
durchkroch 2 0
edging 5 0
satisfyd 1 0
bsense 2 0
operate 76 0
riend 416 0
blockaders 1 0
espraechs 6 0
pharisaical 1 0
pisperndes 1 0
paragraph 42 0
uneigennuetzige 2 0
niedlichen 7 0
niedlichem 1 0
eyne 4 0
abgehend 1 0
treifereien 1 0
rtigkeit 8 0
abgemessene 1 0
griped 1 0
neighbour 85 0
niedlicher 1 0
hadowed 1 0
vassals 5 0
verwandt 14 0
phalanx 5 0
eldenmut 2 0
largo 1 0
unbearable 15 0
verflucht 4 0
nstrengung 21 0
atechismus 1 0
change 740 0
daemonisiert 1 0
irrevocably 7 0
sinnreiche 1 0
cheinbild 1 0
systematic 16 0
tortoiseshell 1 0
irrevocable 7 0
aufzuleben 1 0
legein 1 0
changd 2 0
producible 1 0
chande 9 0
cythians 6 0
verstopfen 3 0
mitzunehmen 5 0
riete 1 0
legeis 1 0
wohlbesoldete 1 0
eeting 93 0
epend 4 0
pensioners 5 0
laris 2 0
riest 39 0
sampan 3 0
convocations 1 0
ruehlichte 1 0
unthankful 1 0
hounds 86 0
zusammentrifft 1 0
extravagantly 14 0
larke 12 0
elakahao 4 0
gravestane 3 0
appropriateness 3 0
ueschelzweigen 2 0
eacock 1 0
quaintnesses 1 0
sincerest 6 0
riere 1 0
riers 1 0
gripes 1 0
aurists 1 0
concentring 1 0
scarpments 1 0
aehnelt 1 0
behine 2 0
ocrians 1 0
behind 851 0
verzehre 1 0
othwell 1 0
urueckbleibende 1 0
recherches 1 0
unverdient 3 0
verzehrt 16 0
eyry 1 0
einfuehre 1 0
larks 3 0
piral 3 0
popish 1 0
unfortunate 154 0
chance 449 0
liebenswuerdigen 22 0
liebenswuerdiges 5 0
ndianern 1 0
behime 18 0
liebenswuerdiger 5 0
squirmed 4 0
enthralled 3 0
hieben 1 0
eacoal 1 0
gespannt 15 0
hiebei 6 0
inadvertence 2 0
wukin 1 0
geschont 8 0
orchards 16 0
quarrel 129 0
operari 1 0
ylvain 1 0
hintergehe 1 0
puckered 4 0
airfax 3 0
ilicaja 2 0
ltramontane 1 0
arschaelle 1 0
yramiden 2 0
holokus 2 0
jenseits 11 0
einnehmend 2 0
einzupropfen 1 0
arolineans 1 0
ordaind 1 0
supponiert 1 0
onsenteth 1 0
rnarths 1 0
emporstiegen 1 0
herefore 360 0
uarrel 13 0
pagodas 5 0
testor 1 0
ordains 5 0
serving 58 0
iolin 1 0
secretary 92 0
achtkleidern 1 0
beiseitegelegt 1 0
luegeln 10 0
oelkerereignissen 1 0
ecclesiastique 2 0
preferred 112 0
itelkupfern 1 0
nbestaendigen 1 0
centurion 5 0
haesslichste 1 0
confidante 4 0
estphalian 1 0
risierschuerze 1 0
holtes 1 0
unnerstan 3 0
rapporte 1 0
holten 4 0
ourgoyne 1 0
zersplittern 1 0
apitolia 2 0
sincerely 99 0
medallist 1 0
scythed 1 0
nsre 17 0
stehts 1 0
vorueberwalten 1 0
stunned 16 0
vultus 1 0
satiated 3 0
strandendes 1 0
efugnisse 1 0
chinoderms 1 0
braids 6 0
perjur 1 0
einzumischen 1 0
shying 3 0
cryptograph 4 0
bnermassen 1 0
officialdom 2 0
eality 13 0
dishonestly 3 0
epfel 4 0
commonalty 5 0
rschreckt 1 0
cicerone 3 0
prolongation 8 0
iolet 1 0
slouth 1 0
rossmeister 1 0
uraltes 1 0
discrepancies 2 0
uralter 2 0
gebohrten 2 0
ealist 1 0
orraeten 1 0
uralten 9 0
incourag 1 0
ontwell 2 0
nnuetzen 2 0
stehst 5 0
scythes 4 0
scyther 1 0
capall 1 0
iedurch 3 0
unbiased 1 0
isigoth 1 0
jongelours 1 0
cylla 8 0
rhebung 6 0
triplet 1 0
almesy 1 0
tested 26 0
unzerstoerlichen 1 0
almess 1 0
tester 6 0
pontinischen 5 0
testen 1 0
almest 1 0
ittlichkeit 2 0
exchuse 1 0
tripled 5 0
shrinking 13 0
unterscheide 2 0
burnest 1 0
ttaways 1 0
buffs 2 0
nobody 232 0
bigots 5 0
erstrecken 4 0
treuherziges 1 0
burneth 2 0
erstrecket 1 0
treuherzigen 3 0
nsul 1 0
flatteur 1 0
nstt 3 0
oschovich 2 0
boastance 1 0
roveditore 1 0
ortsetzung 7 0
nachdenklich 12 0
ocinians 2 0
climbe 3 0
zutatig 1 0
traduites 1 0
wanteth 2 0
hrygia 3 0
ebendieselben 1 0
climbs 6 0
climat 1 0
climax 3 0
urckhardt 1 0
spiesste 1 0
attelpflanzen 1 0
diggins 1 0
hervorzukriechen 1 0
antechnichon 1 0
burgundy 2 0
spitzfindigen 1 0
fingstfeste 1 0
ommunities 4 0
digging 46 0
astanienholzes 1 0
ealing 6 0
burners 7 0
fanaticism 15 0
prescription 9 0
beseligt 1 0
spectator 38 0
kapitalen 1 0
flattest 1 0
esuitengenerals 1 0
concerted 10 0
ortrefflichsten 1 0
abgesponnen 1 0
brawling 5 0
riech 1 0
anstaunte 1 0
flattery 43 0
egler 1 0
schauts 1 0
eerlandica 1 0
chanted 15 0
poketts 1 0
eranlassung 9 0
flattern 1 0
egleg 1 0
aendern 38 0
edesmal 2 0
esmarais 1 0
flattert 4 0
flatters 6 0
aendert 2 0
centuries 227 0
stuetzt 2 0
naeht 1 0
riebe 11 0
climes 13 0
flatterd 8 0
naehm 1 0
naehe 2 0
unwound 1 0
overflushed 1 0
xceedingly 2 0
ecalogue 1 0
departure 104 0
fragile 16 0
erichtsplatz 1 0
oolishly 1 0
colloid 1 0
erhenkte 1 0
oestlichen 1 0
oestlicher 6 0
almerl 1 0
udgments 6 0
imposant 2 0
yndall 1 0
haemorrhage 2 0
seaboard 6 0
ontrebandisten 1 0
schaust 3 0
fortzusetzen 19 0
eraenderlichkeit 1 0
nemine 1 0
schaute 23 0
encased 7 0
inspects 2 0
umwallen 1 0
poietou 3 0
reformatory 1 0
hingeschrieben 1 0
ederbuesche 1 0
theorists 4 0
quadrille 4 0
uftraume 1 0
quinquennial 2 0
mullions 2 0
installments 1 0
clamps 2 0
galopierte 1 0
rentford 2 0
denouments 1 0
lehnten 1 0
gefangnen 1 0
lauch 2 0
cornemuse 1 0
uebersichten 1 0
polustikhien 1 0
ecuring 2 0
orlear 6 0
auseinandersehnten 1 0
lauds 1 0
missmutig 1 0
willow 21 0
gesetzlicher 1 0
wedenborgian 1 0
schwieriges 1 0
laude 8 0
laufe 2 0
blong 4 0
zwoelfjaehrigen 1 0
doleth 2 0
blond 10 0
esearches 2 0
abgestorbener 1 0
chauspiels 8 0
ervantes 6 0
estraining 1 0
greenhouses 1 0
opposition 260 0
ictures 4 0
lauer 1 0
haystack 2 0
umber 188 0
lauen 5 0
monatelang 2 0
durchsetzen 1 0
ungarians 3 0
chauspiele 19 0
ispatch 15 0
pitze 27 0
hapman 3 0
ausliess 1 0
gefasster 1 0
ompositions 5 0
riederikens 1 0
mangling 2 0
blood 718 0
gefassten 3 0
obolde 1 0
chnippchen 1 0
poniard 4 0
legates 22 0
nahte 12 0
passably 4 0
reopened 2 0
slurring 1 0
ierusalem 1 0
pringbrunnen 2 0
pardie 44 0
passable 6 0
laugn 1 0
beschoenigen 3 0
laugh 324 0
tweezers 1 0
issenting 3 0
unhappiness 18 0
gowpenfu 2 0
poojah 1 0
owboy 1 0
willst 70 0
parthenias 1 0
nter 123 0
gegenueber 36 0
laesterlichen 1 0
erlesen 1 0
couraged 1 0
fakirs 1 0
muster 21 0
unbaendig 4 0
ejoicing 1 0
musten 2 0
sichelfoermigen 1 0
ionys 1 0
limitour 7 0
nten 5 0
pasture 117 0
idonians 1 0
iridescent 3 0
heroischer 2 0
verbannt 11 0
heroischen 1 0
lpenroeslein 1 0
valueless 7 0
misshandeln 1 0
mustdo 1 0
perishedst 1 0
isshandlungen 2 0
maladministered 1 0
onditor 2 0
rannen 2 0
plausib 1 0
deutend 2 0
compatriot 1 0
gained 242 0
behindert 1 0
hinaufschaut 1 0
anathematizd 1 0
block 63 0
elzebub 1 0
chaeferwelt 1 0
caressing 16 0
gekreuzigt 1 0
gainer 9 0
herumzuziehen 1 0
lympier 1 0
ommissar 2 0
propose 115 0
proposd 28 0
ueberlieferte 2 0
digraphs 1 0
isproportion 5 0
ephyr 2 0
transparency 7 0
hurrahed 1 0
shorte 6 0
outwitted 7 0
irtshause 15 0
laund 3 0
grated 7 0
midmorning 1 0
shutting 29 0
etherlands 61 0
ampstelle 4 0
bloed 1 0
belligerents 2 0
scherzend 11 0
wahrscheinliche 1 0
maidens 30 0
ntin 1 0
elysischen 2 0
ntil 42 0
ffnung 2 0
umble 25 0
ndromaque 1 0
consumedly 1 0
whaleboat 1 0
maginaire 2 0
scholastically 1 0
umklammre 1 0
naerrisch 3 0
championed 2 0
ondeau 1 0
ahibs 7 0
disengage 4 0
umbly 2 0
ecurity 74 0
ismondi 1 0
launs 1 0
wendeten 3 0
willig 28 0
willin 3 0
herabgekommen 3 0
naiad 1 0
steigerte 2 0
staubgleiches 1 0
raetor 2 0
einfuehrten 1 0
winselnde 1 0
introducing 37 0
lympian 3 0
pardon 145 0
whelmed 3 0
gainin 1 0
rasselnd 2 0
rogressives 21 0
corroding 1 0
eingekehrt 2 0
dowaire 1 0
mounting 21 0
ephus 5 0
lugging 4 0
grates 1 0
grater 1 0
haettst 3 0
vergunn 1 0
lauro 1 0
angweile 1 0
sorrer 2 0
versetzte 374 0
ueberfaellt 5 0
pleustemon 1 0
sorrel 4 0
ourting 1 0
clammy 4 0
bloat 1 0
nachtet 1 0
wiedererzaehlen 1 0
underpight 1 0
extramundane 1 0
lause 10 0
horizons 6 0
probe 6 0
wner 12 0
clamor 7 0
adopts 4 0
unfamiliar 10 0
kitheth 2 0
wainscoted 5 0
teigerung 1 0
waegen 1 0
geschwungenen 1 0
uroishi 5 0
postolicarum 1 0
nton 5 0
erknoecherungen 1 0
warring 7 0
hopvine 1 0
dasselb 1 0
ougeot 1 0
loveable 3 0
ezug 7 0
ellebardierer 1 0
superintended 9 0
wergpalmen 1 0
debasement 5 0
emaltes 1 0
rrata 1 0
gehabten 1 0
uerkische 1 0
oenig 107 0
distrustful 6 0
outnumbering 1 0
ehmboden 2 0
ebzeit 1 0
nahen 20 0
warrior 42 0
nahem 2 0
lanyards 1 0
ompositionen 3 0
einhersprengend 1 0
entgegendraenget 1 0
oenen 17 0
oenet 1 0
latte 11 0
mgebung 13 0
aerrisch 1 0
eingebunden 1 0
orsatzes 1 0
naturallised 1 0
deutete 11 0
dolfen 1 0
xhale 1 0
donating 1 0
rapacious 21 0
speede 4 0
lottery 27 0
deutero 1 0
destrer 1 0
blindfolding 1 0
mochte 70 0
speech 402 0
majestically 7 0
rdinis 2 0
wegwuensche 1 0
umford 1 0
onkunst 2 0
zusammentrafen 1 0
asseveration 1 0
measurin 1 0
orldly 1 0
streaking 7 0
ueberfluegelt 1 0
begriffen 17 0
ahiti 3 0
durchsetzte 1 0
beicht 1 0
lbuquerque 1 0
seafarers 2 0
blows 152 0
uehnopfer 2 0
donation 33 0
deutera 1 0
sullenness 3 0
angezuendete 1 0
baronesses 1 0
strengthens 3 0
schaudervolles 1 0
hineintrat 4 0
osporus 1 0
ultimate 54 0
oezmans 1 0
vorfordern 1 0
achahmungdes 1 0
asseverating 1 0
exposing 39 0
ezza 1 0
ntologism 1 0
carnivorous 3 0
naher 3 0
preferability 1 0
ruehmlichen 5 0
ruehmlicher 1 0
ntry 1 0
nahet 2 0
errschsucht 2 0
proppin 1 0
mouthings 1 0
nseignement 1 0
mustum 1 0
ereira 2 0
ahrsagung 2 0
ertraute 4 0
unglimpsed 1 0
zusammenziehenden 1 0
egoun 1 0
gelindabhaengige 1 0
churchmanship 1 0
taverns 8 0
earthwards 1 0
unterschreiben 2 0
unjust 221 0
umane 11 0
rasselte 2 0
squashed 2 0
unanstaendig 4 0
umans 58 0
verfolgten 9 0
rannte 14 0
succored 1 0
verfolgter 1 0
downward 82 0
hnmachten 1 0
measured 102 0
unsold 2 0
hoelzerne 3 0
fortgeschaukelt 1 0
bloss 69 0
measures 261 0
measurer 1 0
nscheinungen 1 0
latze 40 0
grasps 5 0
pitte 1 0
busybodies 1 0
vesture 3 0
wuerdige 24 0
groaning 20 0
tephens 1 0
destroy 217 0
deemed 117 0
loskommen 4 0
isstrauen 17 0
vagary 2 0
ischung 4 0
deemen 4 0
suspectable 1 0
blots 3 0
iddekel 1 0
reckoned 82 0
egone 3 0
bedaure 6 0
erobernden 1 0
nahmt 1 0
ashwood 5 0
belligerency 1 0
ujihara 7 0
iderhalt 1 0
endearments 4 0
oennt 11 0
unstsinnes 1 0
grasse 1 0
coughed 8 0
iderhall 3 0
bedaurt 1 0
propped 13 0
hrasymenus 1 0
blowe 1 0
reconnoitred 2 0
vignetted 1 0
oldorangen 1 0
bedside 35 0
blown 91 0
gainst 90 0
palavering 2 0
aneinandergeknuepft 1 0
ridays 3 0
manuring 4 0
oxburghe 1 0
teacup 1 0
speedy 50 0
anvier 1 0
heorie 11 0
uristen 1 0
ahiku 1 0
shores 101 0
versetzen 18 0
bloom 46 0
prompting 5 0
rotococcus 3 0
aufscheine 2 0
isciplind 1 0
isciplina 1 0
suprizd 1 0
enezianer 7 0
iscipline 16 0
verstand 38 0
auergarten 1 0
eldschatz 1 0
attempers 1 0
unsoft 2 0
vagant 1 0
igilant 1 0
flirtation 4 0
grassy 27 0
teuerruder 1 0
drehend 1 0
pleasingly 2 0
maseline 1 0
daranstossenden 1 0
erzensguete 2 0
buiks 2 0
daranstossendes 1 0
affixd 1 0
gegrenzt 1 0
epics 3 0
homogeneity 1 0
ncircumscrib 1 0
coughin 1 0
issende 1 0
criminated 2 0
whalebone 1 0
built 295 0
subscribe 64 0
subscribd 1 0
pouches 7 0
nschlaege 11 0
fellowship 32 0
laubt 10 0
ahint 5 0
zugeteilt 2 0
build 114 0
laube 12 0
zurueckhaltende 1 0
condign 6 0
egnet 1 0
egner 12 0
resbyterian 27 0
stentation 2 0
engraven 6 0
egnen 1 0
exemption 23 0
nternals 1 0
engraver 6 0
shouted 51 0
engraved 23 0
ifter 1 0
koans 2 0
abgemessenen 2 0
alience 1 0
eopardy 1 0
exuberance 8 0
adjudicate 1 0
pseudo 5 0
swelled 25 0
ifted 2 0
boozey 1 0
committees 17 0
utschpferde 1 0
itzreihen 1 0
unconquered 4 0
epicurean 1 0
jongleur 1 0
comfited 1 0
alomana 1 0
hineintrug 1 0
incenzio 1 0
rigin 8 0
vergnueglichen 2 0
vergnuegliches 1 0
vergnueglichem 1 0
ampolla 1 0
unenlightned 1 0
vorzustehen 2 0
citations 3 0
composition 93 0
gedaechten 2 0
pendentive 1 0
riseldis 7 0
latch 13 0
wellers 2 0
rigid 63 0
accords 10 0
exempting 2 0
lated 1 0
geschlungen 3 0
ontributed 1 0
aebeln 1 0
grewsome 2 0
right 2591 0
amillus 1 0
nuby 1 0
xpiration 3 0
shoutes 1 0
ommonwealth 93 0
accorde 1 0
schicklichsten 1 0
cynic 7 0
uddingdale 23 0
penholder 1 0
unseasonableness 1 0
heathenishness 1 0
masterpiece 18 0
proposing 19 0
andstone 2 0
rigor 9 0
aaassen 1 0
repealed 30 0
minjin 1 0
ongst 1 0
artenhaeuser 1 0
shoutin 2 0
ertrauen 55 0
empfingen 5 0
lates 5 0
later 623 0
nnesley 3 0
considerate 18 0
nachgefragt 3 0
undeviating 1 0
yllogisms 1 0
lgonquins 2 0
parcel 27 0
uetzlichkeiten 1 0
freezed 1 0
remued 1 0
owamu 4 0
ongue 38 0
nude 5 0
freezes 3 0
occasion 747 0
ueberirdische 2 0
aeulengaenge 1 0
edraengten 2 0
lathe 1 0
eracles 5 0
bottleful 2 0
dimmer 2 0
officiousness 4 0
einrichte 1 0
disguising 9 0
eelchen 2 0
aliened 2 0
uitgarde 1 0
dimmed 15 0
ongry 2 0
ikuler 1 0
rhabnen 1 0
occasins 1 0
absunderlich 1 0
eauvais 1 0
einzudringen 6 0
auszuwarten 1 0
nuff 56 0
laths 2 0
terrassenmaessig 1 0
zurueckkommt 2 0
raeume 30 0
udget 6 0
unmaennlichen 1 0
beisammengesessen 1 0
udges 70 0
eraclea 1 0
nuit 1 0
unrecognizable 1 0
tempering 2 0
unspent 1 0
imestone 2 0
rinkets 1 0
helping 39 0
miscellaneously 1 0
raeumt 1 0
thirteenth 32 0
influenc 1 0
abgeht 7 0
archdeacon 402 0
rinketh 1 0
pitch 73 0
abgehn 1 0
ontiguity 3 0
freezin 1 0
erhoert 3 0
oward 48 0
interval 108 0
rinkers 1 0
remuer 1 0
embarrassed 41 0
alconer 203 0
esatzungen 1 0
inyela 8 0
accumulate 30 0
grimness 1 0
nachtragen 2 0
ippincut 1 0
pital 1 0
surround 33 0
anzufuehren 1 0
arteien 5 0
rustkrankheit 1 0
ulkane 2 0
watchings 1 0
erforce 2 0
lawsuits 2 0
keenest 18 0
embarrasses 2 0
ulkans 2 0
comparable 4 0
nterwerfung 2 0
creditably 4 0
ranoko 1 0
hilostrate 3 0
nunc 8 0
ggahr 26 0
bendopfer 1 0
eitlem 1 0
flehend 2 0
nachsah 4 0
sapling 4 0
orniche 2 0
pledging 3 0
eitles 1 0
langwidge 3 0
reizbarern 1 0
eitler 1 0
ranscriber 23 0
laton 1 0
opular 8 0
zahmen 1 0
numa 1 0
onsiderations 16 0
inanzminister 3 0
pitie 1 0
ranscribed 4 0
numb 4 0
ringlets 4 0
creditable 27 0
fanwise 1 0
woes 14 0
null 7 0
pithy 1 0
uncommunicated 1 0
ourthly 17 0
oltaire 116 0
zusammenblieb 1 0
ottlosigkeit 2 0
augurs 1 0
revoca 1 0
rinkens 1 0
pathetically 5 0
woik 1 0
augury 1 0
guerilla 3 0
absentees 4 0
hergschickt 1 0
verleugnen 9 0
verleugnet 2 0
eingerichtete 1 0
smoking 66 0
uebersieht 8 0
hinausjagen 1 0
latos 1 0
retailing 3 0
imless 1 0
irchweihfest 1 0
combated 3 0
haftsbury 1 0
policiertesten 1 0
wohl 1009 0
ploughwrights 1 0
rrand 2 0
rapidly 262 0
grasen 2 0
auritania 1 0
oench 2 0
uydams 1 0
phiophagus 2 0
surplices 4 0
trisyllables 1 0
entendance 1 0
perfuming 1 0
nuns 23 0
hellblau 1 0
einstimmten 1 0
woke 46 0
oppresses 5 0
enacting 11 0
sorrow 313 0
orlese 2 0
oemer 16 0
fertigten 1 0
oppressed 103 0
wellbeing 1 0
yclus 1 0
buntes 3 0
juggles 1 0
bunter 3 0
juggler 14 0
egnum 1 0
treasuring 2 0
elaeute 2 0
bunten 31 0
ilfering 1 0
buntem 2 0
whelkes 1 0
frightens 4 0
naehert 13 0
august 19 0
smalls 1 0
uncounted 4 0
ecretly 1 0
lisabeth 87 0
naehere 12 0
wirkliche 10 0
hankering 4 0
naehern 24 0
impatiently 67 0
anathematise 1 0
suspends 2 0
ionne 1 0
salter 1 0
verschwoeren 2 0
loquentis 1 0
thyme 10 0
abgebn 2 0
tangent 6 0
nuss 5 0
acobites 2 0
smalle 18 0
invites 15 0
inviter 1 0
womb 25 0
eichsfaehnlein 1 0
lasst 44 0
wolf 43 0
bunted 2 0
eventeen 5 0
wold 54 0
lasse 77 0
cheeriness 1 0
transacts 1 0
residential 21 0
erhoeht 19 0
taemmen 1 0
orteilen 8 0
erhoehn 1 0
boneyard 1 0
suspence 2 0
ephon 2 0
woon 1 0
lasts 33 0
wool 173 0
reagierte 1 0
woos 1 0
hinsieht 2 0
obolus 1 0
stomachal 2 0
laste 8 0
lipein 1 0
oppressin 1 0
isfigured 1 0
woof 6 0
wood 539 0
rbaces 1 0
andershanks 134 0
ikeness 1 0
crushes 3 0
edentary 2 0
riddles 16 0
tangere 2 0
erschwemmtes 1 0
invited 135 0
eldentracht 1 0
wont 139 0
niedergeschlagenen 1 0
wons 2 0
niedergeschlagenem 1 0
crushed 55 0
hanticleere 1 0
rawing 10 0
wonn 10 0
intercession 11 0
salted 11 0
nuts 33 0
leotragus 1 0
wone 1 0
purchasers 15 0
wond 4 0
eccentric 26 0
nutz 1 0
canalisation 1 0
unafflicted 1 0
lustigste 5 0
eceivers 2 0
ephir 1 0
revoke 5 0
jurisprudence 9 0
revokd 1 0
idianites 1 0
kizzen 2 0
riddled 7 0
ourtier 10 0
vorueberziehende 2 0
ongan 1 0
nempfindlichkeit 3 0
slenderness 1 0
alienum 1 0
starved 33 0
wohlgestaltete 1 0
railities 1 0
revolu 1 0
revolt 67 0
uncanonical 1 0
irretrievably 3 0
yrtenfraeuleins 1 0
unbefriedigt 3 0
wost 7 0
ompiegne 17 0
rechtschaffensten 1 0
eschmack 79 0
siedend 1 0
treasuries 4 0
minish 5 0
perseveres 2 0
trifling 120 0
ngestalt 1 0
worp 1 0
aufregend 1 0
revors 1 0
worn 262 0
worm 132 0
worl 6 0
work 2528 0
oosevelts 8 0
wort 2 0
andolpho 2 0
breakneck 2 0
egenden 55 0
worf 1 0
egendes 2 0
wore 185 0
irretrievable 6 0
word 1371 0
roletariat 2 0
tigloher 1 0
mitigates 2 0
riseldas 1 0
onders 7 0
aufbrechen 6 0
prightliness 1 0
ephew 3 0
philokerdes 1 0
rivatinteresse 1 0
ionee 1 0
mortgage 25 0
ugenlid 1 0
ionel 5 0
rushed 143 0
onges 1 0
utchman 2 0
onger 5 0
mitigated 15 0
ndolence 5 0
entspann 1 0
uachita 2 0
jauchzend 2 0
llerdurchlauchtigster 1 0
persevered 5 0
uncarpeted 1 0
thereabouten 1 0
umschliesst 1 0
begegnete 36 0
rdboden 12 0
insisting 24 0
wota 1 0
schwerste 1 0
waehrt 4 0
ondern 8 0
sarcophagus 2 0
rismegistus 2 0
wote 5 0
wuman 2 0
olvent 1 0
erwaermenden 1 0
anschliessend 2 0
ondeln 6 0
rreproachable 1 0
hinabfuehrte 1 0
violettes 1 0
welleth 2 0
riggs 4 0
minion 1 0
phonetically 2 0
vielen 155 0
vielem 22 0
herausreissen 1 0
dreamless 4 0
wiggling 1 0
alienos 1 0
vieler 68 0
unfrequent 5 0
repined 2 0
vieles 72 0
begegnest 2 0
ahnweh 3 0
mythologischen 3 0
waehlt 7 0
sceleris 1 0
unsettled 15 0
rushes 30 0
vorgewoehnen 1 0
mining 11 0
disappearance 35 0
lapsing 7 0
wove 9 0
waehle 1 0
preparing 131 0
coroneted 1 0
assaulted 4 0
usnahm 2 0
gegruendete 1 0
mythologischer 1 0
synagogues 3 0
anisius 4 0
storiche 1 0
missglueckte 1 0
ranatbaeumen 1 0
ifficulty 30 0
nquires 1 0
interteil 1 0
raytors 4 0
rigen 5 0
wfulness 1 0
undermeles 1 0
locators 1 0
rushin 1 0
etuemmel 20 0
hinweg 30 0
nfatuation 1 0
arithmetical 12 0
koane 2 0
wachend 7 0
comprized 1 0
unrepealed 1 0
waehnt 3 0
ondemn 2 0
eisterszene 1 0
menials 1 0
improvident 8 0
latrone 1 0
whispered 145 0
waehne 2 0
violetten 2 0
spicking 1 0
ebstock 1 0
cruelties 28 0
schiebst 1 0
enclosure 17 0
vorschuetzen 3 0
auszubitten 1 0
eitvertreiben 1 0
wozu 85 0
rawers 3 0
conundrum 3 0
dmunds 2 0
verbally 2 0
ummanian 1 0
rimstone 3 0
unsought 3 0
israeli 2 0
mitzumachen 1 0
becometh 1 0
consented 74 0
financier 10 0
ringsherum 1 0
surrection 1 0
bescheidenste 4 0
iolations 1 0
subsequently 56 0
udjoe 5 0
begonnen 6 0
uebelgepuderte 1 0
excises 4 0
rumbles 3 0
igmies 2 0
zerreisst 4 0
enschenwohnung 1 0
ontenelle 1 0
cruising 2 0
erocious 1 0
catters 1 0
nsuspicious 1 0
questionings 3 0
trafrede 2 0
allzwei 3 0
rescience 2 0
floundering 4 0
liebreichste 1 0
rogressive 25 0
chluessels 1 0
chluesseln 2 0
specie 2 0
kommentieren 1 0
kummervoll 1 0
treasurers 3 0
dowager 2 0
suspense 37 0
zaerter 3 0
considerbul 2 0
ivezza 1 0
ausgemolken 1 0
beduerfte 3 0
treasurere 1 0
arundo 1 0
ragsesseln 2 0
ppellant 1 0
halberoeffnete 1 0
eparated 1 0
animistic 1 0
obtaining 83 0
ausgeraet 1 0
auptmann 63 0
alignment 1 0
useful 425 0
threepence 14 0
utritts 1 0
abaksdampf 2 0
outermost 3 0
schoolmates 1 0
aestchens 1 0
unwarranted 3 0
eadman 2 0
desperately 28 0
vermilions 2 0
snarling 5 0
lieblichers 1 0
echariah 1 0
stattfand 1 0
snoring 6 0
gefolget 1 0
treulich 12 0
upalus 1 0
billiard 15 0
luegste 1 0
lieblichere 1 0
uellern 1 0
aermeln 3 0
uebernatuerlich 1 0
specks 10 0
molded 2 0
lawns 11 0
coachmaker 5 0
ufnahme 20 0
verzweifelten 1 0
springt 7 0
springs 101 0
wrinklest 1 0
specus 2 0
springy 3 0
fullest 29 0
amilien 14 0
artello 2 0
unsinnige 2 0
amilies 38 0
idiots 4 0
aermens 1 0
threepenny 1 0
rogression 1 0
annulated 3 0
bonnaise 2 0
gravel 41 0
wohlgezimmerten 1 0
aestre 1 0
detaillieren 1 0
raerie 5 0
graves 39 0
graver 16 0
graven 6 0
authors 96 0
shoppe 1 0
unbehauen 1 0
unterwuerfig 1 0
erritory 22 0
beduerfen 9 0
adonna 9 0
welches 258 0
welcher 248 0
squeezable 1 0
welchen 126 0
concertantes 1 0
welchem 162 0
surreptitious 3 0
apuzen 2 0
ahrheiten 7 0
enoetius 2 0
chairman 12 0
entlegnen 2 0
eltsinne 1 0
noechelchen 2 0
abseits 3 0
dimeter 1 0
everytime 1 0
nvll 4 0
idgigin 1 0
ignominious 15 0
nvoy 14 0
solltst 4 0
laufenden 1 0
indemnity 4 0
erlooking 1 0
etamorphose 2 0
naked 171 0
rundsaetze 29 0
nvoi 1 0
eroertern 1 0
aestum 8 0
ausgebreiteten 5 0
irtschaften 1 0
ausgebreitetem 1 0
ausgebreiteter 2 0
antlered 2 0
aestus 1 0
ferdekopf 3 0
duality 1 0
liebevolle 8 0
hervorrufen 1 0
schlotternde 1 0
individually 28 0
ummarum 2 0
voruebergingen 3 0
bungling 2 0
gravis 1 0
chlechtnis 1 0
andelbaum 2 0
greening 4 0
financial 28 0
ernehme 1 0
aestro 1 0
emonology 1 0
enormity 11 0
uremberg 2 0
onsensical 1 0
uendlich 1 0
rojectors 1 0
eretick 4 0
promissory 23 0
uffrages 8 0
amrans 7 0
verbraemt 1 0
ishopsthorpe 1 0
chairmen 2 0
renominated 3 0
strategy 5 0
nakes 5 0
achievements 20 0
disobligation 1 0
oldstuecke 1 0
erneut 2 0
ahrscheinlichkeit 9 0
discriminates 1 0
agates 3 0
pivot 4 0
attractions 41 0
udianah 1 0
zurueckrufe 1 0
shoots 26 0
clampers 1 0
expected 629 0
bezweifelt 3 0
leidigen 4 0
countries 855 0
discriminated 3 0
olinisme 1 0
leidiger 1 0
importun 1 0
zurueckruft 1 0
schimaerisch 1 0
wohlbedeckt 1 0
liberating 7 0
fasteten 1 0
oerperwelt 1 0
einbricht 1 0
apuziner 4 0
isobedience 3 0
projektiert 1 0
schieben 5 0
ergiesst 2 0
blotting 7 0
ohemia 40 0
anguetus 1 0
herabwaerts 1 0
hrentag 1 0
hinzog 6 0
indemnify 64 0
puella 2 0
agenraeder 1 0
pollonius 6 0
bscheidens 1 0
hrentwillen 1 0
liberation 16 0
arossen 1 0
verwerflich 2 0
mattrasses 1 0
igrations 1 0
sarcasm 31 0
erkannt 26 0
reconvey 1 0
adotage 1 0
trangling 1 0
anvertrautest 1 0
recapture 11 0
manumission 1 0
andvolks 1 0
reconversion 1 0
olarium 1 0
niting 1 0
amiliar 1 0
fullfil 1 0
kompendioese 1 0
onjin 1 0
greenish 13 0
ernern 7 0
burrowed 4 0
erners 2 0
armstadt 5 0
fastidiousness 2 0
bigotry 10 0
olinists 2 0
doubtless 185 0
fruehe 16 0
oldsmith 21 0
garnished 7 0
nsinns 2 0
nsinne 1 0
ontfort 1 0
congresses 2 0
sculpture 29 0
compassionately 3 0
erhaltenden 3 0
apparence 3 0
oepoe 2 0
placated 1 0
amalgamated 3 0
halbgebildeten 1 0
sorceries 2 0
herausstellen 1 0
attentive 80 0
classmate 3 0
issues 42 0
amalgamates 1 0
doubly 21 0
quintain 28 0
abraded 1 0
issued 191 0
opulus 1 0
stigmatized 3 0
uppenloeffel 1 0
sacerdotal 6 0
antebrig 1 0
double 250 0
erecting 18 0
graute 3 0
simulated 3 0
instituted 33 0
rsprung 9 0
simulates 1 0
bewildered 41 0
rpressungen 1 0
shuttles 3 0
rgoetzungsstunden 1 0
sollten 133 0
solltet 9 0
aufdringt 4 0
denial 32 0
verwuenschen 1 0
bewunderst 2 0
chnitter 1 0
taedter 2 0
taedten 12 0
gestrebt 1 0
engross 14 0
ingoes 1 0
bewunderte 5 0
oralisten 4 0
uninfluenced 4 0
eroinen 1 0
escritoires 1 0
ombinationsart 1 0
pirates 20 0
uhrwerk 5 0
electricity 12 0
bigoted 8 0
entrusted 62 0
meanings 12 0
misprinted 1 0
pirated 3 0
cornfield 15 0
northward 25 0
quintals 1 0
owden 1 0
owder 9 0
saeuselten 1 0
sechseinhalb 1 0
ischmarkt 1 0
despised 67 0
schaedliche 3 0
selbdritte 1 0
wuschen 2 0
obstructive 2 0
despises 9 0
frizzled 3 0
despiser 1 0
omitting 12 0
esires 12 0
unwittingly 9 0
zusammenkuenstelt 1 0
expectin 1 0
heaterwesen 1 0
unrestraint 1 0
aesten 13 0
iebesgeschick 1 0
nities 1 0
verfilzt 1 0
explaining 44 0
nnunziata 1 0
oughal 1 0
subtilising 1 0
erection 25 0
precipitancy 7 0
etersplatz 1 0
muffler 1 0
versichernd 1 0
denies 14 0
denier 1 0
lawes 2 0
trappers 10 0
precipitance 3 0
muffled 24 0
assinger 4 0
glueckselige 2 0
mocked 5 0
hinaufstellen 1 0
barter 22 0
esired 3 0
reieinigkeitsfest 1 0
andwerkslust 1 0
specch 1 0
festivities 3 0
landladies 1 0
mocken 1 0
attention 767 0
denied 114 0
mocker 1 0
reduction 39 0
uechenabgaengen 1 0
parent 80 0
smote 53 0
divien 1 0
eingebrochen 1 0
hitgift 5 0
nwer 1 0
hinzan 1 0
onism 1 0
laves 64 0
laver 1 0
excites 21 0
ousewife 1 0
nweg 1 0
onita 2 0
prowl 1 0
laved 2 0
barrow 1 0
doubts 68 0
aggressions 3 0
excited 167 0
enippeae 1 0
eventful 10 0
proxy 6 0
logisch 1 0
nitrification 1 0
doubte 3 0
prove 360 0
provd 6 0
nviting 1 0
bschiedsszene 1 0
homson 13 0
orgfalt 49 0
prout 1 0
groundwork 7 0
ohlsein 3 0
kristallne 1 0
nectarines 3 0
embank 1 0
mockin 1 0
chuettelnd 1 0
bestaerkten 2 0
hysiologie 1 0
contretemps 1 0
arumai 3 0
ausinias 1 0
scrawled 3 0
uebereinstimmend 6 0
naive 6 0
ntelligent 1 0
beschaedigten 2 0
rfindung 27 0
beschaedigtes 2 0
vortreffliche 13 0
bequest 6 0
baumwollene 1 0
misanthropic 1 0
zusammensassen 1 0
aristocracies 11 0
nwin 1 0
bobtail 1 0
ungschickte 1 0
expelled 38 0
alliens 1 0
lkoven 2 0
downstairs 29 0
affirm 70 0
agdfieber 1 0
cherishing 8 0
wysdome 1 0
chuettelte 1 0
opferte 1 0
erworbenen 2 0
anduhr 3 0
taerksten 1 0
prophecy 23 0
divide 86 0
proprietor 102 0
welvemonth 2 0
esources 4 0
chewink 1 0
benighted 2 0
chewing 12 0
brauschig 1 0
zueckenden 1 0
gebildet 47 0
thelwolf 1 0
dialects 7 0
archaean 4 0
divina 1 0
lachten 9 0
verwuenschte 2 0
divine 270 0
egenbilder 2 0
wohlauf 1 0
hyphenate 1 0
divini 1 0
diving 10 0
coecum 1 0
divino 4 0
dazuschaun 2 0
harvestings 1 0
unbrauchbarer 1 0
ussballen 1 0
eordnetes 1 0
pundit 2 0
itsligo 1 0
ausgeteilt 3 0
udith 17 0
itteilungen 1 0
blendenden 7 0
ueberblieben 1 0
whitish 9 0
othwithstanding 2 0
frontiersmen 2 0
blendendes 1 0
teache 10 0
ycaean 1 0
egchen 1 0
chieftainship 3 0
eagerness 59 0
ranmer 3 0
pivey 1 0
iskrepanz 1 0
rethusa 1 0
catchwords 2 0
gottbegabte 1 0
irreproachable 9 0
aessigkeitsprinzipien 1 0
bschluss 1 0
foggable 1 0
reprint 3 0
nachgiebig 1 0
ektars 1 0
ingots 10 0
hulkin 1 0
deprimierte 1 0
inveteracies 1 0
cremsin 1 0
chlummerer 1 0
preisen 18 0
hinuebersenden 1 0
graues 8 0
artekil 1 0
grauer 5 0
ephalus 19 0
grauen 18 0
rawcansir 1 0
einerlich 1 0
purports 5 0
ngredient 2 0
ministres 1 0
onnenblick 1 0
elonen 3 0
indulgences 15 0
acking 3 0
stillfifteen 1 0
teinkohlen 1 0
umklammert 1 0
housands 25 0
uctemon 1 0
ulbend 3 0
eservedness 1 0
uebergebliebenen 1 0
feeling 744 0
ixing 5 0
unterschluege 1 0
yucca 8 0
externals 3 0
kodak 3 0
postpone 12 0
vorstehst 1 0
postpond 1 0
importer 15 0
ftentimes 1 0
nutriment 5 0
defaces 2 0
groundnuts 1 0
earthenware 10 0
wuehlendes 1 0
bebaendert 1 0
wuehlenden 1 0
dassent 2 0
thoozlum 1 0
oepfe 36 0
zusammenbinden 1 0
ineinander 7 0
defaced 23 0
imported 144 0
abrador 3 0
falzgrafen 4 0
niemanden 15 0
niemandem 3 0
umwandeln 2 0
embark 19 0
avender 1 0
hysiologus 2 0
angenweile 2 0
achtmahlwein 1 0
auptlinien 1 0
unberufenen 1 0
novitas 1 0
gehuft 1 0
literalists 1 0
discerns 2 0
onnerwetter 1 0
onica 5 0
splendid 202 0
profanity 4 0
suppliant 8 0
burnish 6 0
laute 5 0
tongues 50 0
loszuwerden 14 0
tongued 9 0
compensations 3 0
relapse 7 0
ertraegern 1 0
wanden 1 0
lcander 1 0
wander 60 0
gizzards 28 0
ightingales 1 0
commentary 17 0
gratis 8 0
eeresereignisse 1 0
eiwohnenden 1 0
amputated 2 0
proem 12 0
kleinsten 18 0
ergniaux 1 0
krummen 4 0
unstweise 1 0
utiken 3 0
unobservant 1 0
roedlerin 2 0
naifs 1 0
onian 10 0
krummer 1 0
lithographic 2 0
hungering 2 0
necessary 1654 0
starter 1 0
levanting 1 0
started 415 0
ommunication 18 0
proff 1 0
molest 12 0
eingebrannt 1 0
ueberdaechern 1 0
parfay 2 0
witches 13 0
witcher 2 0
edenkens 1 0
stossenden 1 0
orhangs 1 0
behaftet 3 0
wormwood 14 0
vesuvische 1 0
separate 291 0
idealistische 1 0
thoughtless 30 0
faithlessness 3 0
udhud 3 0
allifax 4 0
naberhoods 1 0
wormword 1 0
herabsetzen 2 0
mstehenden 10 0
dagegenhalte 1 0
wachhalten 1 0
durchzog 2 0
intrenched 1 0
oncerns 4 0
rejectio 1 0
geweihte 3 0
wecktest 1 0
umziehen 2 0
hereinbemuehe 1 0
prophesy 5 0
prophets 15 0
kocho 1 0
onies 11 0
unparralled 2 0
umbra 1 0
gewaehlet 1 0
kocht 4 0
onien 2 0
prophete 1 0
mitleidender 1 0
schleunig 2 0
arlton 106 0
neblichter 1 0
unausgekleidet 1 0
uccessful 2 0
llumklammernde 1 0
goldfinch 6 0
ceremonious 8 0
ackige 1 0
deepen 13 0
deeper 140 0
jaunty 4 0
smock 9 0
poietes 1 0
accessory 3 0
lumstead 88 0
smoky 21 0
geweihet 1 0
derselbigen 3 0
enthielte 1 0
ahlrecht 1 0
interminiable 1 0
mitwirken 1 0
deeply 247 0
necessair 1 0
efaelligkeit 27 0
proof 316 0
prood 3 0
chevalier 3 0
eyden 11 0
amaritan 12 0
quashed 2 0
spuming 1 0
ergriffenen 1 0
nails 63 0
conclude 212 0
sluggish 16 0
susceptible 25 0
eschylean 1 0
inanitions 2 0
props 5 0
nreine 2 0
fabric 33 0
umsieht 2 0
prope 2 0
eremie 1 0
artners 1 0
splendor 20 0
verursacht 4 0
jurists 4 0
alschheit 4 0
agshot 3 0
vagabond 3 0
locates 1 0
nervously 28 0
smond 1 0
betreffen 1 0
promo 92 0
icarchus 1 0
verurteilt 7 0
abzahlte 1 0
promi 1 0
onsolation 10 0
einlaendische 1 0
bequeme 7 0
herausbilden 1 0
haetten 158 0
haettet 9 0
taerkung 4 0
rmensuenderstuehlchen 1 0
dmundus 1 0
mingle 27 0
wherefrom 1 0
located 33 0
prong 1 0
prone 28 0
ligion 1 0
tufted 2 0
chaldron 1 0
profaning 1 0
serveth 8 0
suspisciously 1 0
prote 1 0
aufzuklaeren 9 0
kindlings 2 0
onion 11 0
ashamd 3 0
fascinations 4 0
treasures 64 0
prosy 4 0
treasurer 11 0
slugging 1 0
brickellia 1 0
pross 2 0
inebriation 2 0
osewater 1 0
enderness 10 0
amariter 1 0
proud 257 0
raeutigam 41 0
inexperienc 1 0
purposed 5 0
sechszig 1 0
rumbled 7 0
nvective 3 0
renadas 1 0
uebelgekleideten 1 0
startle 6 0
befalls 1 0
purposes 216 0
proto 2 0
anatomical 2 0
treasured 8 0
devilments 1 0
ensieroso 1 0
necessities 50 0
prora 1 0
rejected 134 0
arpathian 1 0
durchsaeuselte 1 0
missfaellt 2 0
kunstliebenden 1 0
prose 69 0
ephalas 34 0
barsch 1 0
platters 2 0
wandle 7 0
kankerdort 2 0
smoke 206 0
garish 1 0
startin 2 0
ingriffe 1 0
loszureiten 1 0
doling 1 0
naire 2 0
inebriating 2 0
perishing 21 0
erinnert 39 0
introduces 24 0
introducer 1 0
rwarten 3 0
numerous 307 0
carcase 27 0
astrolabe 1 0
seismic 2 0
spacious 27 0
undergoing 13 0
encumber 2 0
exclusions 62 0
rokodille 1 0
truemmerhaften 1 0
entfernt 77 0
erinnern 64 0
carcass 7 0
haftenden 1 0
introduced 244 0
thunderin 1 0
ildhaus 1 0
ourtesy 8 0
ashongnovi 1 0
tammbaum 7 0
vieren 2 0
partialities 7 0
untidily 1 0
huelflose 2 0
poones 1 0
aussaehte 1 0
canonised 12 0
laviere 2 0
chellenkappe 3 0
ugenots 1 0
billiards 5 0
awthorne 12 0
ungesitteten 1 0
mistrusted 6 0
bedraggled 3 0
unhooked 1 0
currente 1 0
verbogener 1 0
lighte 2 0
currents 13 0
indulgent 25 0
antiquarian 4 0
azads 1 0
chace 1 0
herstellten 1 0
lights 95 0
standhafte 1 0
wray 2 0
approba 1 0
bumps 3 0
wraw 1 0
namely 151 0
vollende 4 0
firkin 1 0
hinschlingen 1 0
aufgemacht 2 0
ebildete 4 0
unbebaut 1 0
divinations 2 0
erinnere 45 0
vollends 1 0
juwelenem 1 0
tronger 1 0
wrap 24 0
riesenhafte 1 0
nachzuhelfen 2 0
oeses 14 0
elicronio 1 0
oeser 1 0
inartistic 1 0
ederschweife 1 0
oesen 7 0
versperrt 4 0
apebroch 1 0
listlessly 13 0
equaled 5 0
foolishness 14 0
triftigsten 2 0
ilflosigkeit 3 0
antiquaries 2 0
ueberklassischen 1 0
eissfedern 1 0
zustossen 1 0
governmental 6 0
namens 6 0
prates 1 0
uarries 1 0
prater 2 0
onfiden 1 0
eavesdropper 1 0
rident 1 0
formats 2 0
zuwanken 1 0
chauspielhaus 3 0
decomposition 9 0
namby 1 0
rahminee 1 0
uadratmeilen 1 0
infiltrated 1 0
merklichen 2 0
verschiebt 1 0
merklicher 4 0
ueberraschend 2 0
treuherzige 2 0
mputation 6 0
verandahs 8 0
wren 3 0
ciclatoun 1 0
entferne 2 0
wrie 4 0
named 317 0
neasiness 41 0
zerbrochene 1 0
arnavals 1 0
heraufstieg 1 0
rideth 5 0
einrichten 14 0
premieres 1 0
zurueckzulassen 4 0
einrichtet 1 0
ridest 2 0
dismiss 32 0
slavemaster 2 0
auszulauern 1 0
istrict 61 0
chwaerze 1 0
genannt 49 0
regrators 1 0
ittliche 1 0
wertlose 1 0
osleminen 3 0
bgrunde 5 0
gescheut 1 0
riders 12 0
encreased 3 0
fuerlieb 2 0
legislate 13 0
choruses 2 0
intermixing 1 0
subsistences 1 0
iemste 1 0
mechanisch 8 0
encreases 4 0
geringe 13 0
ucatoons 1 0
nurturedst 1 0
writ 34 0
dolars 1 0
oesie 7 0
names 303 0
egegnende 1 0
oesia 2 0
herebefore 4 0
hindurchblickte 1 0
equally 675 0
rationalist 8 0
supernatural 56 0
aushaltungssachen 1 0
timetus 1 0
nswerer 1 0
rationalism 5 0
ermination 1 0
herebeforn 3 0
nfringement 2 0
plectrum 3 0
thundered 16 0
unbequemste 1 0
supream 1 0
xtulit 1 0
eispiel 55 0
jaehrlichen 1 0
redcoats 1 0
troemen 1 0
umblickte 1 0
phrodite 6 0
mellowed 4 0
nswered 4 0
rimas 1 0
uddabi 8 0
bleated 2 0
dolape 1 0
ahmen 8 0
wrop 5 0
ourteen 6 0
aponica 1 0
ahmes 1 0
lampions 4 0
verstehn 11 0
majestaetischere 1 0
odocus 1 0
rationality 2 0
versteht 36 0
iesenbilde 1 0
countryside 3 0
esilio 1 0
empfiehlt 4 0
doubtful 127 0
verstehe 25 0
accabeus 2 0
olksgesichter 1 0
gestalten 3 0
redounds 2 0
usschweifendes 1 0
nything 20 0
changeable 10 0
gestaltet 5 0
indulgest 1 0
hinten 34 0
riled 2 0
bumbles 1 0
canonists 4 0
eacheth 1 0
hinter 171 0
elsenmasse 1 0
rusades 7 0
rusader 4 0
hapelle 4 0
generalized 1 0
hinted 40 0
wurde 430 0
wordless 1 0
erwalter 6 0
welcome 184 0
sandbar 1 0
chaos 32 0
separately 55 0
issenters 31 0
disgraceful 56 0
herewith 35 0
weiterzubringen 2 0
euerungen 1 0
aeusserlichen 10 0
aeusserlichem 1 0
aeusserliches 2 0
aeusserlicher 1 0
wrot 1 0
eachers 4 0
chaps 14 0
memorandum 4 0
verschleppt 1 0
belongst 1 0
triftig 1 0
auffilassen 1 0
drunkard 23 0
chase 74 0
supress 1 0
lectern 1 0
chasm 22 0
blackbird 5 0
currency 91 0
nally 1 0
osemite 1 0
ophocles 18 0
epraving 1 0
eisevorrats 1 0
chara 1 0
chare 1 0
chard 2 0
entirely 612 0
ahnde 3 0
bunao 1 0
charg 9 0
charm 147 0
neuern 16 0
anoints 1 0
fluechteten 6 0
chart 5 0
mounteth 1 0
chals 1 0
shoves 2 0
shrewdest 1 0
oerte 3 0
chalt 1 0
shovel 16 0
inferiority 30 0
mitgeben 1 0
chamb 2 0
ebewohl 8 0
prechend 1 0
passages 129 0
ltimum 1 0
champ 1 0
mismetre 1 0
dignitaries 8 0
ausschau 1 0
libertinism 8 0
herumschleppte 1 0
shoved 9 0
dochan 1 0
fernere 3 0
vorausgehen 2 0
ncharitableness 1 0
olossian 1 0
chale 11 0
chalk 92 0
hintho 1 0
speien 1 0
herumscherwenzeln 1 0
chall 12 0
basement 6 0
chant 10 0
raillery 7 0
riedensplan 1 0
begeisterte 1 0
chany 1 0
ferreted 1 0
schneeglaenzenden 1 0
eformvorschlage 1 0
sorting 1 0
oignant 1 0
veraenderlichen 3 0
ezuege 1 0
fortfuehren 1 0
ltogether 8 0
oerse 2 0
abrizio 4 0
azare 3 0
begeisterst 1 0
riles 1 0
azard 8 0
chang 4 0
oerst 4 0
atchmaking 1 0
roslets 1 0
groaneth 1 0
ruffians 14 0
edification 3 0
igentuemlichkeit 3 0
acquiescing 2 0
belongin 1 0
signalized 3 0
uchten 6 0
paring 2 0
shovin 1 0
wintertime 2 0
goettliche 9 0
limitted 6 0
ueberleuchtet 1 0
chaia 1 0
enselben 1 0
erstuemmelung 1 0
haushaelterisch 1 0
supreme 157 0
rills 9 0
rundlage 1 0
blatant 1 0
epravity 1 0
rille 23 0
einteilen 1 0
aufgebaut 4 0
anzuvertrauen 5 0
throttle 4 0
heften 3 0
speise 1 0
irektrice 2 0
amancos 1 0
falseness 11 0
heftet 2 0
layes 1 0
nverschaemtheit 5 0
ajetan 5 0
layer 92 0
ackney 2 0
layen 1 0
sculptors 6 0
ingman 1 0
idolised 1 0
scrivener 1 0
verwandte 3 0
layed 2 0
impropriety 40 0
chaip 2 0
drowses 1 0
chain 156 0
garded 2 0
hineingefuehrt 1 0
entirety 8 0
chair 411 0
expresly 3 0
troemte 1 0
ilbererlen 3 0
earnings 28 0
gardes 1 0
pottswoods 1 0
speist 1 0
garden 345 0
aufzufahren 1 0
illkommen 4 0
neuere 7 0
disenchantment 3 0
belongen 1 0
hypersensitiveness 1 0
ahmte 1 0
duster 5 0
rabtree 1 0
isbehavior 1 0
dusted 6 0
usserhalb 2 0
chaea 1 0
chach 5 0
expressd 24 0
history 590 0
udley 4 0
spazierenfuhren 1 0
careless 92 0
utterwaerme 1 0
heraufzuheben 1 0
anzuklopfen 1 0
raeuberischen 2 0
belonged 156 0
chade 6 0
intonieren 1 0
aushoehlen 1 0
raintree 5 0
aufzuziehen 4 0
annehmt 1 0
atlock 2 0
chaft 1 0
shutters 20 0
daursay 3 0
animalized 1 0
raecorum 1 0
ttorneys 1 0
ransen 1 0
verwhelmed 3 0
atcliffe 1 0
eschnitztes 1 0
arcollier 1 0
trudges 1 0
attachment 97 0
layin 19 0
margarete 2 0
asperging 1 0
missgoennen 1 0
uddars 11 0
dimension 3 0
heftig 56 0
verschmaehten 3 0
hrendenkmal 1 0
trudged 6 0
chaem 1 0
gewusst 33 0
fessionals 1 0
schmerzliche 6 0
annehme 1 0
approve 86 0
approvd 8 0
chafe 16 0
emsley 1 0
accabees 1 0
chaff 21 0
vergroessere 1 0
phesian 1 0
vermutlich 20 0
vergroessern 1 0
gepackt 10 0
hommes 3 0
ectitude 5 0
reflects 15 0
balgten 2 0
active 241 0
dissolute 15 0
owers 99 0
vergroessert 1 0
bulks 4 0
natives 123 0
bulky 20 0
umpwell 3 0
oughes 1 0
ischofs 7 0
obstruction 16 0
allzubald 1 0
profanes 1 0
ransit 2 0
epler 1 0
thereto 58 0
fuercht 5 0
rebuffs 2 0
egroe 2 0
profaned 9 0
bulls 14 0
bully 22 0
parental 17 0
absentiae 1 0
aufwacht 1 0
etching 2 0
wodurch 125 0
entbrannt 2 0
laxly 2 0
aufwache 1 0
ecunda 2 0
unfading 1 0
zweiundzwanzig 1 0
pstream 1 0
foregone 1 0
presupposes 2 0
unsren 1 0
einholte 1 0
unsrem 1 0
bulge 5 0
unsres 10 0
unsrer 109 0
alhalla 5 0
ignores 2 0
ransaction 5 0
aleigh 9 0
presupposed 2 0
dispiteously 4 0
obstructing 8 0
ltenburg 1 0
amioka 1 0
chleudern 1 0
guecheek 1 0
inbildungen 7 0
ignored 13 0
ordentown 1 0
enactment 12 0
uehseligkeiten 2 0
verengen 1 0
idings 3 0
thereof 84 0
usheburghes 1 0
dietetics 1 0
heinousness 1 0
hirteenth 2 0
granum 1 0
denominations 9 0
evocation 4 0
thereon 32 0
owest 1 0
oerbe 2 0
ilgrimsgestalt 1 0
onnenkloster 1 0
owery 1 0
ilmington 1 0
tilleben 1 0
whelpes 2 0
grants 40 0
oweth 4 0
zehnjaehrigen 1 0
isitationen 1 0
intrust 6 0
intruss 1 0
nstructions 35 0
trumpeter 3 0
owett 1 0
eingelaender 1 0
tomfoolery 1 0
trumpeted 3 0
eruhige 2 0
osander 1 0
grante 15 0
egret 8 0
eruehrung 14 0
inlaying 3 0
ranson 4 0
ransom 12 0
mongers 3 0
eamand 2 0
therein 97 0
ahlen 15 0
umhuellende 1 0
cupimus 1 0
ecunia 1 0
egree 73 0
bulbs 5 0
neller 3 0
ahles 1 0
action 473 0
stunted 16 0
raetendenten 2 0
motherly 5 0
oughly 1 0
promptere 1 0
ernage 2 0
afford 466 0
explored 21 0
sensitiveness 14 0
gurgled 3 0
explorer 11 0
rrest 1 0
acting 124 0
oeret 1 0
oerer 5 0
untirable 1 0
oeren 7 0
nyte 7 0
zephyr 5 0
gsetzt 2 0
pained 21 0
zerfliessenden 1 0
delleute 10 0
ernach 2 0
tanzenden 2 0
xperimentale 1 0
mazedness 1 0
oerfl 1 0
umero 2 0
revailing 1 0
muessts 1 0
bedizened 4 0
meinige 11 0
egiment 32 0
anschaulicher 2 0
anschaulichen 1 0
enfant 2 0
gestickt 3 0
muesste 102 0
inheritance 41 0
sandals 16 0
zudecke 1 0
victorem 1 0
ajeune 1 0
accustomance 1 0
calculated 162 0
fearin 3 0
flagrant 26 0
wedish 10 0
ankamen 5 0
riumphboegen 1 0
dubbed 6 0
genuegen 4 0
parently 2 0
ernabo 2 0
adorable 2 0
woodpile 15 0
renaeus 1 0
oerin 4 0
oeris 1 0
therege 3 0
accommo 1 0
durchschiene 1 0
welling 8 0
koffs 1 0
eckheiten 1 0
eluctance 7 0
eckerstone 1 0
sterben 51 0
steamboat 15 0
distrusting 1 0
songsters 2 0
unscheinbar 1 0
calculates 1 0
compleating 1 0
ument 1 0
oughte 11 0
eyers 3 0
kostspielig 1 0
oughta 4 0
beizustehen 4 0
onkurrenz 1 0
feared 167 0
proposers 1 0
probusness 1 0
ellenlangen 1 0
oughtn 10 0
erschiessen 10 0
geduckt 1 0
ewaffnete 1 0
berbringerin 1 0
thereat 2 0
devolve 5 0
exclaiming 10 0
devolvd 1 0
dissolved 82 0
ausgefressen 1 0
succours 1 0
fables 15 0
pointes 2 0
absenting 2 0
pointer 2 0
aeschereien 2 0
maintainance 2 0
condens 5 0
andscape 1 0
pointel 1 0
dissolves 14 0
dissimilar 16 0
miners 21 0
purveyed 4 0
erefte 1 0
pointed 217 0
thereby 331 0
fabled 3 0
impulse 113 0
mangoes 1 0
hinausschritten 1 0
bleared 2 0
hlisan 2 0
concur 25 0
shiftlessness 1 0
shower 48 0
einholen 8 0
fact 1118 0
durchschneidet 2 0
ironic 1 0
dictating 9 0
pedagogue 5 0
fack 4 0
einholet 1 0
showen 1 0
brittleness 3 0
fade 33 0
onker 1 0
durchschneiden 5 0
sechsten 3 0
aussaehen 1 0
hinsah 2 0
satirised 2 0
dictation 12 0
satirises 2 0
propeller 3 0
ezwungenes 1 0
propelled 4 0
etention 4 0
bewaehrt 6 0
onkey 4 0
fuerstliche 4 0
face 1868 0
perfumery 6 0
surcuider 1 0
showed 376 0
inextricable 5 0
falzgraeflicher 1 0
helpers 5 0
oncordiensis 1 0
assagier 1 0
verbatim 4 0
aragraphs 4 0
saures 1 0
faff 3 0
stanching 1 0
emistos 2 0
inextricably 2 0
ocument 1 0
exactness 33 0
helpest 1 0
minent 2 0
politer 1 0
paines 13 0
minenz 2 0
misdemeanour 3 0
entgegnete 2 0
fads 2 0
abging 6 0
disannulled 1 0
autobiographical 3 0
emporzuhelfen 1 0
aesschen 8 0
personifizieret 1 0
ilitias 1 0
ausgestreckt 7 0
salvage 2 0
estitution 4 0
helpeth 11 0
ironed 4 0
staunende 3 0
liggen 2 0
showin 2 0
condemn 67 0
einblasen 1 0
idohater 1 0
fahl 2 0
uaternion 1 0
fundamentally 3 0
seetful 5 0
dmiration 8 0
chaemenides 1 0
rinking 14 0
inferior 277 0
utique 1 0
grande 5 0
ironde 3 0
nerreichbar 1 0
wiederkehrendes 1 0
icholls 2 0
immelsfeld 1 0
wiederkehrenden 12 0
achtbaren 1 0
discussions 26 0
fait 8 0
epubblica 1 0
fais 1 0
orhalle 1 0
fair 650 0
ustpartie 3 0
fain 95 0
precognitions 2 0
saviours 6 0
piastres 18 0
politic 12 0
icholas 101 0
koenn 1 0
vielfarbigen 1 0
liabilities 2 0
misdemeanors 1 0
oledaner 1 0
calculator 3 0
nellut 15 0
geschehe 5 0
icholay 5 0
fahr 3 0
geholt 17 0
rimace 1 0
niedergebrannt 1 0
fail 314 0
ufhaengen 1 0
rantas 1 0
muessen 201 0
iorno 1 0
vermummt 3 0
amilienverhaeltnisse 2 0
oweit 2 0
federally 1 0
geschehn 6 0
muesset 1 0
narrowness 17 0
faky 1 0
nzen 3 0
triumphs 18 0
emperaments 1 0
immunity 7 0
folderol 1 0
mporium 1 0
ohenzollern 8 0
abgibt 5 0
dialectical 6 0
ridgey 1 0
fall 857 0
triumphe 2 0
ridget 2 0
ridges 34 0
eceiving 1 0
safetie 1 0
painte 2 0
zweifelhaft 11 0
atisfaktion 1 0
ridged 1 0
idiocy 2 0
upsets 3 0
rrear 2 0
waggons 10 0
chlummer 9 0
begrimed 1 0
paints 8 0
appearance 517 0
fulling 1 0
circumvented 4 0
fake 2 0
umperei 1 0
zerschlagen 7 0
zusammengehalten 6 0
fana 1 0
interlopers 5 0
widersteht 3 0
docile 14 0
auptmesse 1 0
sanctimony 2 0
ranted 10 0
gewaltgem 1 0
eitsternen 1 0
widerstehe 1 0
teinein 1 0
osport 2 0
owels 5 0
perversions 4 0
uidubaldo 1 0
widerstehn 1 0
fang 4 0
fane 4 0
incorruptible 5 0
fand 400 0
wohlhabendsten 1 0
fama 2 0
owena 3 0
falz 1 0
aufflammenden 1 0
aufgedrungen 3 0
pfennigkargen 1 0
unfreier 1 0
dispossess 1 0
urniture 7 0
ranter 1 0
connivance 4 0
gewaltger 1 0
dimity 2 0
insolencies 1 0
fame 192 0
teresting 3 0
unwitting 1 0
abzutreten 2 0
muessig 9 0
eiliegendes 1 0
uchses 1 0
auptes 4 0
skirmishing 3 0
avenant 4 0
operations 215 0
phonetic 4 0
gescheit 5 0
unobserved 19 0
dreamland 1 0
uviele 1 0
actics 1 0
marsters 1 0
faffenorden 1 0
fant 1 0
owell 66 0
fans 9 0
gluecklichsten 11 0
tausendfaeltige 1 0
genuegte 2 0
duckten 1 0
fare 114 0
farb 1 0
rembleth 1 0
pruch 3 0
wardecorps 1 0
unzerstoerbar 1 0
pruce 2 0
bleacher 1 0
besetzen 8 0
ducat 5 0
fart 8 0
farr 1 0
avantage 4 0
faro 1 0
gekochte 1 0
bleached 5 0
farm 214 0
winlestrae 2 0
amilie 91 0
poopit 2 0
cipitous 1 0
ducal 1 0
prude 1 0
cruzadoes 1 0
eguro 1 0
perplexities 7 0
untimely 8 0
eldmesser 1 0
sorted 5 0
eutschheit 1 0
igentums 2 0
ueberfliessenden 2 0
egura 1 0
entschlossest 1 0
einschlummerte 3 0
mittelsten 1 0
respektieren 1 0
firmly 135 0
fate 258 0
indisuensable 1 0
kannelierten 1 0
sorter 133 0
kilogrammes 1 0
empfinden 60 0
rscheine 1 0
overtopple 2 0
uebermannt 1 0
kannelierter 1 0
castellated 2 0
empfindet 11 0
patentees 2 0
rscheint 1 0
erfassungen 1 0
atarrhs 1 0
unsmiling 1 0
ischreden 1 0
ikening 1 0
fast 601 0
fass 1 0
magistrates 32 0
olongaro 1 0
obespierre 14 0
entbehrli 1 0
fatale 2 0
clambered 13 0
schlaflosen 3 0
liebgewonnene 1 0
auszugeben 3 0
ahoot 5 0
ertainty 11 0
geleistet 14 0
ruchtgehaenge 1 0
blush 46 0
favr 1 0
ondlicht 1 0
favo 1 0
lecknoe 3 0
feaste 9 0
zusammenberiefen 1 0
moeglichsten 4 0
ismalness 1 0
moeglichstes 7 0
unmotherly 1 0
moeglichster 2 0
meliert 1 0
egung 4 0
concen 1 0
faut 4 0
nertiae 11 0
defences 12 0
pharmacy 1 0
faun 3 0
feasts 17 0
faul 2 0
eibnitii 1 0
esinde 7 0
conchs 1 0
esponsibility 3 0
chieber 3 0
fawe 1 0
aufarbeitenden 1 0
holperichten 1 0
infused 4 0
ahors 1 0
wearieth 1 0
dudgeon 3 0
bewunderungswuerdige 1 0
apparitions 20 0
fawn 14 0
configurations 1 0
impressionistic 1 0
arithmetic 38 0
condemnable 3 0
rebellions 8 0
adorte 1 0
ravished 11 0
ogberry 4 0
reformation 58 0
punish 107 0
dailies 2 0
vollfuehrte 2 0
verpflichtet 7 0
erfrischt 1 0
livenzweigen 1 0
rehabilitations 1 0
kauzenden 1 0
ravisher 4 0
mortgages 9 0
tributed 1 0
entschlossene 1 0
ahoms 1 0
exclusion 103 0
epoch 25 0
haurnont 1 0
exhilerating 1 0
oppressor 11 0
extravagant 101 0
advertised 19 0
aufschliessen 5 0
burnous 3 0
mortgagee 1 0
thriftily 4 0
mortgaged 12 0
advertiser 1 0
adjuncts 3 0
advertises 1 0
raulich 1 0
nzug 11 0
njoymt 1 0
tributes 5 0
steigen 15 0
onoki 1 0
sattles 2 0
sealing 4 0
tassel 5 0
victualled 1 0
iouah 1 0
lsooo 1 0
generalizations 1 0
esinne 1 0
unhealthy 15 0
parituram 1 0
ertainly 260 0
ahdists 1 0
chirurgery 1 0
ameronian 1 0
entbehret 1 0
oeurs 1 0
umhersassen 1 0
onsidered 9 0
differed 40 0
entbehren 36 0
sediment 11 0
esserstichen 2 0
betaetigt 2 0
hybrid 4 0
ahanamoku 1 0
eibung 1 0
adherents 28 0
preferments 5 0
ergulder 1 0
adendiener 1 0
dienstbar 4 0
pooped 1 0
rebellious 30 0
rgrossmutter 1 0
voluptuaries 1 0
zahlen 5 0
rammatical 2 0
blunt 15 0
ueckkehrend 1 0
irresistible 74 0
beadwork 1 0
rotona 1 0
ourbons 14 0
prung 5 0
prune 1 0
irresistibly 12 0
respektierte 2 0
emanated 2 0
drawbridge 3 0
ssians 2 0
blunk 1 0
auserlesensten 1 0
ochloeffel 1 0
erreichen 39 0
caterwaw 1 0
modicum 4 0
uplifting 5 0
exclusive 149 0
otorious 2 0
verendus 1 0
dissociate 1 0
girlish 9 0
shoulde 87 0
shouldn 40 0
crouching 18 0
ringt 17 0
photographs 19 0
rings 83 0
ernant 1 0
glideth 1 0
philosophical 86 0
scatters 6 0
photography 2 0
annually 208 0
gestraft 7 0
imitating 25 0
ringe 1 0
cusation 1 0
physikalischen 2 0
dubiously 8 0
eading 49 0
ringa 1 0
acquire 148 0
doubting 21 0
physikalisches 1 0
visionary 13 0
snibbed 1 0
trapping 1 0
oetry 31 0
eschaeftige 2 0
settee 2 0
setten 1 0
christenin 1 0
setter 1 0
eraetschaft 2 0
ueberstimmte 1 0
hatefully 1 0
repeater 1 0
oeffnung 6 0
sheepishly 1 0
ruestetet 1 0
ispania 1 0
erquicken 5 0
erquicket 1 0
repeated 352 0
annstracht 2 0
either 2536 0
iebenschlaefer 1 0
udelsacks 1 0
helpful 6 0
ktobers 1 0
landeinwaerts 1 0
agengegend 1 0
parked 1 0
adorns 4 0
bouyantly 1 0
eadily 3 0
traffaelligen 1 0
ntfernung 58 0
naehmen 2 0
parkes 1 0
winding 66 0
ouglas 18 0
aleens 2 0
ngland 1750 0
rinkt 3 0
ungenuegsam 1 0
oerhaave 2 0
personations 3 0
onnon 2 0
rinke 1 0
huddling 2 0
rinks 5 0
critique 5 0
cautious 47 0
ufnamen 2 0
onnow 1 0
affled 2 0
aleere 3 0
onnou 1 0
fording 7 0
onnor 1 0
anlehnen 3 0
istinct 1 0
nants 1 0
owardice 6 0
nineteenth 37 0
substance 111 0
ldenburg 1 0
lgonkian 35 0
salued 1 0
christened 13 0
settin 38 0
cranked 1 0
discomfort 30 0
esimse 7 0
parrying 1 0
breisenden 1 0
onnus 1 0
epoux 1 0
ermangelnd 1 0
imitative 16 0
arrenkutten 1 0
mindin 1 0
buoys 2 0
utchess 3 0
cribes 1 0
ocinianismi 1 0
blutroten 1 0
asceticism 3 0
ducis 2 0
nendlich 1 0
hardness 20 0
duchy 10 0
erstaunend 2 0
ernate 1 0
proprieties 5 0
bestrew 1 0
adorer 2 0
anishment 1 0
settle 142 0
smother 3 0
adores 3 0
erquickte 1 0
invitations 11 0
umhin 5 0
basilica 1 0
rkansas 18 0
ympton 1 0
ymptom 3 0
adored 16 0
aulaffe 1 0
versoffenen 2 0
shortcomings 7 0
regretfully 3 0
utchery 1 0
eying 1 0
rinnt 1 0
ducks 21 0
overtopped 4 0
utchers 1 0
eservations 1 0
onnte 7 0
chselbaender 1 0
ducke 1 0
rinna 7 0
wirling 1 0
ernard 32 0
compassionating 1 0
tuckers 1 0
minder 15 0
overtasked 1 0
ommissioner 47 0
minded 81 0
impowering 1 0
acquite 1 0
ischtuch 1 0
dherbes 1 0
gesteigert 3 0
vermengten 1 0
taegliche 9 0
einspricht 2 0
ridden 60 0
rints 8 0
erholte 9 0
omanticist 1 0
eport 43 0
duced 1 0
zahlte 4 0
abzupacken 2 0
entbunden 2 0
epose 4 0
einschmiegen 1 0
olkmanns 1 0
hineingeschoben 1 0
zahlst 1 0
erroneous 29 0
uskaemma 1 0
erreichte 9 0
apocalyptic 2 0
besetzte 2 0
mitempfinden 2 0
zottige 1 0
inconsolably 1 0
horsehair 1 0
kunstmaessiger 1 0
ermangelte 5 0
responsibili 1 0
reulosigkeit 1 0
purifying 4 0
cautiond 1 0
federalist 1 0
vollfuehren 4 0
compliment 91 0
imitation 90 0
wuds 3 0
fulminations 1 0
umher 55 0
wudn 1 0
cautions 3 0
adherence 16 0
inconsolable 6 0
emissum 1 0
nectar 6 0
derelinquiert 1 0
glorification 1 0
wrinkling 2 0
herrscheten 1 0
angesehene 2 0
flighty 1 0
leasehold 1 0
printout 2 0
naerrische 1 0
spaziert 3 0
flights 21 0
prideless 1 0
aufgewendete 1 0
iomedes 3 0
unsatisfying 1 0
campaigns 19 0
unbekannterweise 1 0
neighbourhood 235 0
estreben 17 0
nzuverlaessige 1 0
gaining 73 0
astaneda 11 0
beduerfnis 1 0
ddressers 3 0
utritt 6 0
bgesondertheit 1 0
ohlgekocht 1 0
falsetto 1 0
ebensbaeume 1 0
disrepute 4 0
servare 1 0
uckerstengel 1 0
rimus 2 0
bangend 1 0
relativ 3 0
admiralty 1 0
geschimpft 1 0
ereift 1 0
pizen 1 0
servant 385 0
zurechtgemacht 1 0
dansonia 6 0
national 372 0
intangling 1 0
ahnte 4 0
arlours 1 0
erholen 6 0
functionary 15 0
auseinanderfaellt 1 0
crevice 15 0
abschwoeren 1 0
ferdzaum 1 0
testimonial 4 0
nsatz 1 0
zurueckzutreten 1 0
paart 1 0
asdrubale 2 0
arlyle 4 0
resistances 1 0
aracalla 5 0
needless 49 0
versificator 1 0
oethe 125 0
shouts 14 0
mantelet 1 0
vitiating 1 0
rinkles 5 0
smallness 14 0
parish 179 0
episcopally 1 0
erhaeltnis 72 0
craning 2 0
vorzustellen 21 0
uebereinkaeme 1 0
cowbirds 1 0
idsummer 3 0
ngelhaus 1 0
nuechterne 2 0
eloise 4 0
onnat 1 0
nuzzling 1 0
ereids 1 0
befahlt 1 0
exploited 4 0
wusst 12 0
etersilie 1 0
oetia 1 0
oeter 1 0
herrschten 2 0
relates 60 0
wretche 1 0
parity 4 0
relater 1 0
tobaeus 1 0
enveloped 24 0
oeten 13 0
eingenickt 1 0
herauszuarbeiten 1 0
oetel 1 0
riddle 47 0
salute 18 0
related 138 0
ajesty 153 0
badinage 2 0
dreissig 12 0
ensterglas 1 0
einnehme 1 0
ohonino 4 0
wull 10 0
herumschleppen 1 0
ohlgeruch 3 0
grudgeth 1 0
divulging 1 0
envelopes 73 0
harlestown 12 0
lampreys 1 0
chaya 1 0
satirizing 2 0
tirade 1 0
ululation 1 0
onnet 3 0
onner 17 0
ahnis 1 0
onnen 2 0
esaignare 1 0
majority 274 0
ausgeistlichen 2 0
verlorengegangen 1 0
ausgeistlicher 1 0
harisaeern 1 0
vermutete 14 0
wund 1 0
profusely 7 0
lumengerueche 1 0
tiara 4 0
eizenaeckern 1 0
ffliction 8 0
onney 5 0
beider 15 0
tlantick 6 0
disenthralled 1 0
nanes 1 0
beides 17 0
intituled 3 0
beiden 224 0
beidem 1 0
testimonies 5 0
linkisch 1 0
unersetzlichen 2 0
ambrick 2 0
ereine 1 0
fflicting 1 0
basilisk 3 0
beneficently 1 0
tratonis 2 0
shamambe 5 0
orodino 9 0
fissure 4 0
hinumo 14 0
everything 701 0
uebersicht 6 0
countryman 29 0
iocesana 1 0
seethed 2 0
vortrugen 4 0
nexperience 2 0
allodially 2 0
nexperiencd 1 0
seethes 1 0
disquieting 3 0
chatz 48 0
egten 1 0
debatable 6 0
chaud 1 0
wuss 8 0
ambrian 11 0
chaue 1 0
cythe 1 0
uechtigste 1 0
ahnet 2 0
rinds 2 0
wurz 1 0
ereilt 1 0
ahnen 20 0
chaum 2 0
chaut 3 0
andyke 2 0
unsown 4 0
wurd 6 0
laengern 6 0
chate 4 0
steifes 1 0
steifer 1 0
arrests 3 0
steifen 5 0
bunch 35 0
morocco 4 0
uempfen 1 0
disfigur 1 0
laengere 7 0
chatt 2 0
laciniated 1 0
tastet 1 0
tians 1 0
tastes 57 0
fanning 6 0
gerechnet 8 0
taster 1 0
marionette 1 0
rince 229 0
orspruenge 1 0
tasted 36 0
chaws 1 0
countrymen 101 0
raedikate 1 0
urgundians 2 0
irchenhimmel 1 0
derringers 1 0
wuth 2 0
interesting 281 0
erhoehete 1 0
osprey 1 0
tabard 2 0
eldstein 1 0
fortgezogen 1 0
acknowledge 187 0
acknowledgd 29 0
featly 1 0
analett 1 0
historische 5 0
schuettelnd 2 0
ikenesses 1 0
herunterpurzeln 1 0
dubiousness 1 0
rinters 17 0
ouncils 60 0
cottons 2 0
geweidet 4 0
absatzweise 1 0
ddaeus 1 0
improbabilities 1 0
armherzigen 2 0
onocacy 1 0
tratonos 4 0
unspun 1 0
taeuschende 2 0
anhoert 1 0
brilliance 3 0
anhoern 1 0
rebizond 2 0
rimes 27 0
vergrub 1 0
beigestanden 4 0
bunglers 1 0
daechtet 1 0
ondley 4 0
carcely 29 0
surrendered 25 0
uemmerliche 1 0
yllys 2 0
ilhelmina 3 0
ngebaerden 1 0
bluid 2 0
iroler 10 0
ildheit 3 0
tretching 2 0
whitman 2 0
periodicals 2 0
abgespuelt 1 0
puniit 1 0
xzellenz 6 0
calmest 1 0
laubensmut 1 0
conspicuously 11 0
preeminently 4 0
lazar 2 0
unchilled 1 0
eeling 19 0
luggage 44 0
bensoschlimm 1 0
nachzukommen 1 0
razilian 8 0
tabako 5 0
oundress 1 0
weggekehrt 1 0
disingenuousness 2 0
schuettelte 11 0
ichstatt 1 0
escriptive 1 0
schewing 1 0
wusch 2 0
demonstrate 39 0
sublime 68 0
grapes 21 0
silicious 1 0
brilliancy 23 0
imilarity 2 0
salves 3 0
salver 1 0
shaftes 3 0
mincin 1 0
rnestischen 1 0
blues 4 0
bluer 2 0
profusest 1 0
ngebaerdig 1 0
graphs 1 0
monospaced 2 0
firman 14 0
commemorate 11 0
ktuarius 13 0
umlagert 1 0
enchantress 3 0
underdoktor 1 0
willen 59 0
iotto 3 0
willed 24 0
evangelising 1 0
bluff 10 0
docked 1 0
ollections 36 0
ifficult 3 0
foreboded 2 0
taatsrevolution 1 0
ucceeding 2 0
ernaccia 1 0
bendsonne 1 0
nounced 1 0
carousing 1 0
rammaticus 1 0
uerkise 1 0
hthia 1 0
perations 14 0
alksteine 1 0
grandmammy 4 0
pitfalls 5 0
verhaften 2 0
forebodes 2 0
grandmamma 4 0
pplying 1 0
bereaveth 3 0
ylmer 3 0
verhaftet 1 0
rettergerueste 1 0
collocation 1 0
spasmodic 8 0
gewaltige 7 0
minces 1 0
oconino 15 0
sarcophagi 4 0
skyrockets 1 0
escription 19 0
roquois 2 0
prenticehood 1 0
confiteor 1 0
minced 5 0
sprites 2 0
angeweile 13 0
lemings 1 0
verplus 3 0
tausend 110 0
charioteer 1 0
dreistes 1 0
schwaermet 1 0
entennial 1 0
schwaermen 3 0
rimme 6 0
nationis 1 0
verhielt 2 0
hippendale 1 0
silberstreifig 1 0
vorzuziehn 1 0
dubio 1 0
firmer 13 0
tangles 3 0
dubii 1 0
asheth 1 0
servage 7 0
angesetzten 1 0
wanderings 9 0
ungeweiht 1 0
tangled 17 0
geladene 1 0
shaftin 1 0
geahnet 1 0
cranium 2 0
filibuster 1 0
ingled 4 0
uendlein 3 0
itterlich 1 0
olleague 6 0
elfort 1 0
uracoa 1 0
mfang 11 0
rightson 1 0
cclesiastes 3 0
ingles 2 0
umgab 16 0
divert 38 0
ingley 307 0
divers 122 0
should 7209 0
raucous 3 0
excipit 1 0
pazierfahrt 9 0
chwanken 2 0
cheekbones 2 0
laubensketten 1 0
weitlaeufig 15 0
zuvorzukommen 2 0
schamen 4 0
zugehauenen 1 0
ordersten 1 0
stehenliess 1 0
iliuokalani 1 0
amilla 7 0
urgraume 1 0
vermaehlten 1 0
bunte 12 0
amille 1 0
ycormas 1 0
ferocious 29 0
woodyard 1 0
auftaut 1 0
daffin 2 0
concerting 2 0
cryings 1 0
disobeying 4 0
endurable 3 0
wealthiest 8 0
olosseum 4 0
leaveless 1 0
endurably 1 0
divest 5 0
emoiren 1 0
emoires 7 0
auszulaufen 1 0
neffable 1 0
woelftes 5 0
crusade 12 0
durchlief 2 0
oathes 9 0
herausnahm 1 0
nowadays 19 0
selber 74 0
oewin 2 0
pentecostal 2 0
equations 1 0
oathed 1 0
woundes 12 0
verachtete 5 0
zuernenden 2 0
notably 45 0
dadrauf 1 0
relegated 4 0
hurchman 13 0
annuitants 1 0
armouring 1 0
relegates 2 0
spence 1 0
dahingestreckten 1 0
poorly 24 0
laechelten 3 0
spends 27 0
geschaeh 2 0
nodding 18 0
zusammenzuschleppen 1 0
treulose 1 0
unverloren 1 0
notable 31 0
aufgehoert 6 0
destroyer 8 0
elesinus 1 0
deliquium 1 0
rebuilt 4 0
spende 1 0
characters 428 0
padre 2 0
lementis 1 0
aputan 1 0
rebuild 7 0
ainsayers 1 0
lumped 2 0
zitierte 2 0
chein 52 0
ebungetoge 2 0
reproba 1 0
romantischsten 1 0
ttitude 26 0
poliert 1 0
rtischocken 3 0
hardener 1 0
supposititious 1 0
trasburg 1 0
vocation 17 0
destroyed 212 0
hymical 1 0
pitzfindigkeiten 1 0
lumpen 4 0
inserts 2 0
ehrenhalben 1 0
euchlerin 2 0
ntonins 1 0
gravelly 10 0
histles 1 0
histler 4 0
speculators 11 0
erderischen 1 0
torturing 15 0
verworrner 2 0
thefts 1 0
aufschreiend 1 0
epends 2 0
auptfehler 2 0
iedererstattung 1 0
sunbonnet 3 0
yrtenkranz 1 0
hardened 34 0
sclepius 12 0
portress 7 0
herunterzuwerfen 1 0
check 239 0
arranges 6 0
arranger 1 0
geloescht 1 0
cloathing 6 0
trahlen 14 0
ntonine 1 0
ereave 2 0
anticipating 18 0
amians 1 0
joists 2 0
ugustus 39 0
ausendfaeltige 1 0
udders 4 0
moaning 13 0
arranged 218 0
arterre 8 0
baiser 2 0
wieback 1 0
anticipation 19 0
beechnuts 1 0
averting 2 0
lementen 5 0
uebertretungen 1 0
benachbarte 4 0
hannels 2 0
diaphorai 1 0
cheek 103 0
einsichtsvollen 1 0
ischler 1 0
chees 1 0
cheer 138 0
penmanship 3 0
unfetter 1 0
mpressed 3 0
selbstsicher 2 0
indergehirnempfindung 1 0
buergt 2 0
vomits 1 0
unstained 2 0
allegation 3 0
trahlenkreise 1 0
pocketbooks 1 0
straddling 4 0
poorer 61 0
considering 155 0
astmaehler 2 0
royalists 3 0
unfzehntes 2 0
weggeben 2 0
turbulence 8 0
ommisbrot 1 0
gaiety 30 0
unterlegen 2 0
imitators 7 0
reatment 18 0
daylight 71 0
lutgeruche 1 0
ohlenglut 1 0
reestablishing 1 0
conversions 1 0
ieviel 19 0
beneidenswuerdigen 1 0
inexperience 12 0
weifelst 1 0
inexperiencd 1 0
eipnosophistae 1 0
appaire 1 0
unschuldig 31 0
auxhall 1 0
heocritus 27 0
riterion 3 0
ernebock 1 0
gesticulated 4 0
reformers 49 0
nblicke 8 0
constraine 1 0
constraind 1 0
meanewhile 2 0
cheap 146 0
dummyship 1 0
cheat 33 0
lengthening 8 0
nblicks 11 0
umdrehte 1 0
chear 1 0
eautys 1 0
dictators 1 0
swamped 8 0
fifteenths 1 0
constraint 10 0
constrains 5 0
anecdote 23 0
anakaoko 1 0
underfoot 3 0
pburning 1 0
sanctum 7 0
betriegen 6 0
schafft 7 0
unstgenossen 1 0
sterkonfirmation 1 0
necdotes 1 0
gewartet 9 0
paean 1 0
uncooled 1 0
gewarten 1 0
fortzurennen 1 0
medizinische 1 0
inville 1 0
crucibles 3 0
ignorelli 1 0
nosily 1 0
vermochte 17 0
nseen 3 0
suspects 9 0
oganai 3 0
treiflichter 1 0
hurchmen 8 0
inconspicuously 1 0
eugungen 2 0
naming 17 0
homism 1 0
stopfte 1 0
hievon 9 0
inbildungs 16 0
ueberzogener 1 0
bestrickt 1 0
rections 1 0
reifuss 6 0
zusammengesetzt 15 0
ampieren 1 0
nickels 1 0
ycorean 1 0
eengebaeude 1 0
nosing 1 0
swaddlin 1 0
constitutionally 13 0
essences 1 0
iveted 1 0
wounded 149 0
affrighted 5 0
etempsychosis 1 0
lumpig 1 0
maouth 2 0
omoediant 1 0
halbbefriedigte 1 0
stuffin 2 0
deedes 7 0
einfloesst 9 0
nsect 2 0
ruinashun 3 0
dumbness 1 0
praesentieren 1 0
entwanden 1 0
contemporaries 74 0
eranstaltungen 2 0
schaffe 5 0
ackard 1 0
gedaempft 2 0
circulate 35 0
aehnlichkeiten 4 0
integrity 42 0
mountain 241 0
eruchvoll 1 0
homini 1 0
maintainable 1 0
homing 2 0
separatist 1 0
honnete 1 0
istrest 1 0
istress 33 0
strolling 17 0
heilend 1 0
enezia 1 0
schleichst 1 0
angespannt 4 0
ccurences 1 0
uehlet 1 0
riple 7 0
hominy 2 0
leische 1 0
chwangre 1 0
burgh 4 0
strengthned 1 0
paddy 7 0
consulimus 1 0
tailing 1 0
darstellt 9 0
nterwegs 4 0
colonist 3 0
geschaut 4 0
prayed 81 0
ugustin 13 0
deintwegn 3 0
descendants 31 0
builded 14 0
kanneliert 1 0
builden 1 0
ightning 9 0
selbst 1273 0
builder 27 0
uehlen 8 0
mindless 1 0
zitieren 1 0
circulars 6 0
atched 2 0
andeserzeugnis 1 0
analetto 3 0
eecher 1 0
soldans 1 0
atchel 2 0
tidal 4 0
choolmaster 2 0
stuffed 25 0
fallenzulassen 1 0
prayen 1 0
emphatically 16 0
ackass 1 0
prayer 171 0
ighteous 7 0
homily 6 0
elbstgefuehltes 1 0
economical 12 0
onnentempels 1 0
unbent 1 0
zuviel 42 0
duerr 1 0
brayed 1 0
nterfutter 1 0
atchet 1 0
atches 7 0
ahren 133 0
reitenden 2 0
separation 110 0
verraetst 2 0
wyinne 1 0
chaffare 10 0
schaeme 7 0
atchez 12 0
cheun 2 0
verjuengern 1 0
cheut 1 0
clappit 2 0
ahret 2 0
ahres 15 0
arfnermaedchen 1 0
schaemt 1 0
zweideutig 2 0
chest 111 0
chess 11 0
involves 15 0
essengers 3 0
expenseless 1 0
incoherences 1 0
hierzubleiben 3 0
vorgesungen 2 0
doctored 2 0
onstantinou 1 0
supplements 1 0
onstantinos 1 0
involved 132 0
hammering 11 0
reudige 1 0
incommensurable 1 0
reifenden 2 0
assourtz 1 0
undenklichen 2 0
duets 2 0
doctoral 2 0
mpoison 2 0
raeften 21 0
nnocen 1 0
setzte 154 0
duety 2 0
hieves 10 0
unappeasable 1 0
hinabgewichenen 1 0
pades 1 0
perennially 2 0
esponding 1 0
enezet 1 0
boosed 1 0
painful 145 0
chews 3 0
iedchen 23 0
harvest 81 0
fealty 5 0
waning 10 0
rauchbare 1 0
bezahlen 33 0
burey 1 0
umherzogen 2 0
cheve 1 0
offals 2 0
unzeitige 3 0
oftenest 8 0
separating 30 0
verdorbenen 4 0
reprove 16 0
verdorbener 1 0
lizabethtown 1 0
stehenlaesst 1 0
aeusserung 8 0
bwandeln 1 0
ssigns 1 0
duenn 4 0
insufferably 2 0
carloads 1 0
baited 9 0
glaubten 37 0
bedeutungsvolle 1 0
latinae 1 0
affael 20 0
baiter 1 0
itwerber 1 0
colonize 2 0
alliope 7 0
ingtieme 2 0
hardware 16 0
osylus 2 0
hreshold 2 0
insufferable 13 0
trowels 2 0
ackail 2 0
ibanius 1 0
sechse 3 0
schaerf 1 0
willensstarke 1 0
duely 2 0
reedom 73 0
assieged 1 0
lection 52 0
eglentere 1 0
gutherziges 1 0
chert 1 0
gutherziger 1 0
alcoves 5 0
chery 2 0
gutherzigen 1 0
enterprise 83 0
saluted 30 0
cherz 34 0
trathmore 1 0
entgegengesetztem 1 0
unconcern 10 0
chese 3 0
ugustan 12 0
ylphs 1 0
globaltraveler 42 0
ayonet 2 0
elbstverleugnung 1 0
crowbars 2 0
entgegengesetztes 1 0
nehmend 2 0
zusammengedrueckten 1 0
eibniz 7 0
entgegengesetzten 7 0
chere 5 0
salutes 6 0
alcoved 1 0
erdiccas 1 0
oldfiguren 1 0
aggressiver 1 0
unbeaten 5 0
cherl 1 0
auphin 10 0
droves 5 0
drover 3 0
hilochorus 1 0
commanded 148 0
oewen 18 0
chelm 9 0
overpower 3 0
uhlens 1 0
chenken 5 0
anticipative 2 0
chenker 1 0
zueilen 1 0
chelt 1 0
yersel 13 0
ugmentativum 1 0
calvinisme 1 0
commander 25 0
chema 1 0
affair 196 0
cheme 36 0
necessitate 4 0
commanden 2 0
ereals 1 0
uxemburger 1 0
pulverise 1 0
congratulate 51 0
azepa 1 0
unseemly 17 0
overriding 1 0
eaching 13 0
gebilligt 1 0
voreilig 4 0
eadlong 1 0
duels 5 0
koerperhaft 1 0
zusammentreiben 2 0
lective 1 0
esigns 38 0
reproof 25 0
trowest 1 0
nvermerkt 1 0
schlossen 9 0
einzuladen 7 0
troweth 1 0
abuvism 1 0
stopfen 2 0
ransportation 11 0
tiden 1 0
seeking 160 0
tides 18 0
leugneten 2 0
eckbetten 1 0
eigentlichster 2 0
eigentlichsten 1 0
feally 1 0
tided 1 0
chenk 3 0
hierherkomme 1 0
bismare 1 0
chriftzuegen 1 0
behinde 1 0
asylum 34 0
infernal 36 0
clatterings 1 0
wissenschaftlichen 1 0
schlaefrige 1 0
ousework 1 0
disported 3 0
enterprize 4 0
onaesus 1 0
narratives 17 0
ridjun 1 0
transfixing 1 0
bunked 2 0
uldrici 1 0
scandals 9 0
ylord 2 0
hoffnungsreiches 1 0
reistigkeit 3 0
profoundly 28 0
anzustarren 1 0
attrattiva 1 0
ltercations 1 0
pistularum 1 0
oatmeal 12 0
unhoeflich 3 0
sterblich 1 0
ontroversies 3 0
paired 6 0
chafing 5 0
kuessen 23 0
whitherso 1 0
recollections 28 0
redressing 2 0
wissenschaftlicher 1 0
warrented 1 0
saeugende 1 0
supersede 6 0
bedankt 1 0
consecutively 3 0
irginia 200 0
paarweise 1 0
horsehood 3 0
axation 9 0
commuted 2 0
tiche 1 0
udors 6 0
bezahlte 3 0
foisted 2 0
umila 1 0
fastened 97 0
traversing 11 0
olkenregion 1 0
annsbild 1 0
pacts 1 0
flehnen 1 0
ontradictions 1 0
vernichteten 1 0
ischgeraete 1 0
andholders 1 0
disesteemed 1 0
doorstep 6 0
pacto 1 0
raemergewicht 1 0
rrive 8 0
ticks 9 0
ezauberungen 2 0
bimenia 1 0
limbecs 1 0
amblikas 1 0
zerstueckte 1 0
turpitude 5 0
elfish 2 0
tantamount 3 0
obersten 11 0
eklagte 1 0
testified 17 0
goodly 69 0
essenden 1 0
feat 15 0
houseless 1 0
fear 830 0
incessant 32 0
brawls 1 0
ightedness 1 0
ntelopen 1 0
detonations 1 0
nordwaerts 10 0
removing 67 0
mfange 9 0
ntelopes 3 0
hervorlaechelte 1 0
amoselle 1 0
washboard 1 0
brawly 2 0
complection 1 0
hingezogen 5 0
geweihten 1 0
angetritten 1 0
geweihtem 3 0
begehen 6 0
feci 1 0
ennobled 6 0
bstract 5 0
copsewood 1 0
iddleburg 2 0
abours 10 0
endered 2 0
fect 2 0
ennobles 2 0
brawns 1 0
profounder 7 0
aboute 10 0
testifies 5 0
undetected 5 0
onstantinus 5 0
murders 17 0
conductress 2 0
parler 2 0
parley 5 0
bespeaks 4 0
erleide 1 0
onveyed 1 0
brawny 6 0
vorueberfahren 1 0
feet 1477 0
fees 165 0
feer 1 0
eschrille 2 0
eisesten 1 0
ausgegraben 3 0
feel 929 0
hucken 1 0
trueblichem 1 0
euchelmord 1 0
ationality 5 0
iotima 1 0
eissbretter 1 0
delectations 1 0
infallibility 15 0
uhestunden 1 0
narrows 4 0
abouts 1 0
behielte 1 0
inging 6 0
mmured 1 0
bairns 13 0
usbeute 1 0
feee 1 0
feed 133 0
pessimists 1 0
wiederzuerhalten 1 0
thriving 43 0
ubiquitous 1 0
fegs 2 0
scheuchen 1 0
whittle 1 0
wissensch 1 0
acquier 1 0
diabolical 19 0
ugenden 24 0
nichtswuerdig 1 0
uncooked 2 0
ausgeschlafenen 1 0
irginny 1 0
nappy 3 0
shoeless 4 0
ationalism 11 0
ntagonist 1 0
crescunt 1 0
ntagonism 1 0
ationalist 3 0
barley 42 0
maligant 1 0
protestations 13 0
surveyed 25 0
riper 5 0
ripen 11 0
reundlichkeit 13 0
langsamen 5 0
verspricht 15 0
langsamer 10 0
intermix 1 0
protestatioun 1 0
deceased 34 0
ironical 16 0
begegne 1 0
fein 25 0
sclepias 2 0
ehitebell 2 0
feil 7 0
andschaft 16 0
character 1064 0
olizeiordnung 1 0
uccessor 2 0
hiernaechst 1 0
vergleichst 1 0
koestliche 10 0
reverencing 2 0
injunction 14 0
chivins 1 0
anodynes 2 0
myself 1521 0
enezuela 11 0
wechselseitiger 2 0
surveyor 4 0
kuesste 47 0
steiler 2 0
wechselseitigen 7 0
wechselseitigem 1 0
nachgedacht 3 0
steilen 9 0
graith 1 0
feig 2 0
feif 1 0
wechselseitiges 4 0
egwer 1 0
prolific 18 0
internis 1 0
ehandlung 13 0
onoma 1 0
usikvorrate 1 0
fell 730 0
undischarged 1 0
obustness 1 0
voruebergehen 6 0
defensively 1 0
purification 5 0
fele 10 0
unentschiedenen 1 0
effectuating 2 0
feld 3 0
grandsons 7 0
urzburg 4 0
moujiks 1 0
squibbing 1 0
xactly 46 0
tinguishable 1 0
clearness 56 0
chiffsleute 1 0
collaboration 2 0
schlichen 3 0
pairts 2 0
naous 1 0
entgegenlaecheln 1 0
agesanbruch 5 0
tobaccy 8 0
wrinkles 15 0
andschellen 2 0
schneidet 1 0
paces 62 0
fend 1 0
tobacco 245 0
abgleitete 1 0
fenc 1 0
schneiden 5 0
wrinkled 22 0
abound 57 0
arteret 5 0
felt 1400 0
rebukes 2 0
wenches 5 0
owing 255 0
aramzin 1 0
felo 1 0
persimmons 3 0
temperate 45 0
erlinger 1 0
verrichtet 6 0
superaret 1 0
epente 1 0
hypothetical 5 0
culinary 3 0
hlegeton 1 0
beibehielt 1 0
illustrantia 1 0
internet 6 0
rebuked 21 0
demerits 5 0
ostmaster 5 0
ischchen 5 0
drowsy 17 0
wholesom 1 0
feow 3 0
verrichten 16 0
huckow 1 0
pasterns 2 0
ntrigue 7 0
peculiarly 100 0
onora 1 0
lacksmith 2 0
memorization 1 0
drowse 2 0
indicted 3 0
aufgelesen 1 0
punkin 1 0
paced 23 0
okalitaeten 1 0
fens 3 0
onore 2 0
pacem 1 0
zehntes 1 0
anaetius 1 0
einfuehren 4 0
zehnten 1 0
vulgarizes 1 0
satanically 1 0
onors 5 0
rimean 1 0
mollis 1 0
arctic 3 0
emporgewachsen 1 0
riost 4 0
pektakel 2 0
fern 36 0
ameradinnen 1 0
fere 29 0
ferd 105 0
sehnsuechtig 1 0
resemblance 111 0
packt 2 0
packs 12 0
redilection 2 0
riors 1 0
entgegenkommende 1 0
zerschmetternden 1 0
duction 2 0
humiliating 29 0
bewundernswuerdigen 2 0
eaumont 16 0
arteria 2 0
esetzgeber 2 0
ntelopus 6 0
parallels 2 0
internal 117 0
onour 114 0
iedererscheinen 1 0
astrology 9 0
atlack 1 0
fest 91 0
fett 5 0
braxas 2 0
pache 4 0
fete 8 0
pacin 2 0
ohnnie 10 0
uenchen 8 0
entbehrte 1 0
ordosten 1 0
tremendously 12 0
laestiger 1 0
enderud 1 0
fers 3 0
fess 3 0
ritterlich 7 0
einzutreffen 2 0
hillipps 1 0
nigricans 2 0
genealogy 10 0
urteltaube 1 0
ussuebung 1 0
trengthened 2 0
hereinfallend 1 0
amilton 54 0
formlos 1 0
sichtlich 2 0
disarming 2 0
umien 2 0
feud 14 0
hereinsprang 1 0
parlor 38 0
capture 38 0
bgeordneter 1 0
peregrine 1 0
dunkelroten 1 0
umida 1 0
estimation 68 0
feus 1 0
misslungnen 1 0
misslungner 1 0
peregrini 1 0
revolutionized 1 0
riginalzeichnungen 1 0
owise 2 0
rious 2 0
ustraeume 1 0
oganni 1 0
geschwisterliche 1 0
deployed 1 0
anflehen 1 0
beispringa 1 0
derogate 3 0
rring 2 0
uccesses 2 0
forerunner 9 0
geschwaetzige 1 0
edeweise 1 0
jectment 2 0
vergleichen 19 0
primoribus 1 0
ootsteps 2 0
riots 7 0
distances 38 0
fewe 6 0
hastiger 1 0
ungescheuten 1 0
eliodora 12 0
beaengstigten 1 0
goodde 1 0
erlassner 1 0
distanced 6 0
verbrannt 9 0
meinest 1 0
xisted 1 0
eliodors 1 0
ngeschicklichkeiten 1 0
herunterbeten 1 0
etronischen 1 0
oundsditch 1 0
sternenhell 1 0
uphrates 2 0
planmaessig 1 0
mpiricism 2 0
cottish 32 0
hessaly 6 0
himaeras 1 0
gramma 2 0
abstemiousness 2 0
agreeable 297 0
vergeben 13 0
navery 5 0
fratzenhaften 1 0
determiniert 1 0
ogdianers 1 0
science 290 0
agreeably 22 0
risar 12 0
pryin 1 0
unfeign 1 0
couching 1 0
scratches 11 0
hewellite 1 0
scratcher 1 0
risac 1 0
hernzet 1 0
tifte 1 0
blindfolded 8 0
disquisition 6 0
outstripping 1 0
nchastened 1 0
estimating 9 0
googly 1 0
alimentary 13 0
gristle 1 0
descend 121 0
wickelt 1 0
superlative 10 0
wanken 3 0
onset 14 0
scheniert 1 0
descent 78 0
ehitable 7 0
upside 11 0
scratched 20 0
wickeln 1 0
thirtieth 10 0
arlborough 32 0
ualkait 2 0
acquets 1 0
atholischen 4 0
catbird 3 0
ondoye 1 0
rantly 279 0
erlichingisches 1 0
cupboards 2 0
ertraulichkeit 13 0
razebrook 3 0
alliteration 1 0
bdach 3 0
smarmy 1 0
eatific 1 0
influer 1 0
elodie 21 0
originally 160 0
unsthaendlern 1 0
gristly 1 0
risen 124 0
salamanders 1 0
risel 1 0
aboundingly 2 0
nverwandtschaft 1 0
uebeltat 3 0
oberste 3 0
oozing 6 0
perverse 24 0
orlore 1 0
erschoenerung 2 0
rises 144 0
riser 2 0
chimney 78 0
epson 4 0
epsom 1 0
feuille 1 0
rantor 2 0
eigennuetzige 2 0
ommendation 2 0
redictions 1 0
knuckle 1 0
isslin 4 0
kommt 312 0
alapana 1 0
perverts 4 0
thedom 1 0
zugeschlossenen 1 0
wirbelte 1 0
scratchin 2 0
komme 63 0
risch 5 0
vorausgegangene 1 0
contributors 13 0
ausgeschnitten 1 0
ichbaums 1 0
verstuende 3 0
tucking 3 0
dispassionate 13 0
tuyvesants 1 0
auszubilden 12 0
rimary 1 0
nascitur 2 0
pagan 27 0
pagal 1 0
parhawk 1 0
wolltest 8 0
ummae 1 0
onson 17 0
begleitet 53 0
lgarsife 3 0
prhospherhontez 1 0
erboetig 2 0
begleiten 25 0
etioles 2 0
risis 25 0
wariness 2 0
hedgehog 2 0
risin 4 0
horseshoes 3 0
horseshoer 1 0
elesilla 1 0
maurisches 1 0
ungrily 1 0
ffer 9 0
uthycrates 1 0
ffen 10 0
switchback 1 0
nasse 1 0
parole 4 0
vapours 6 0
endearment 4 0
truckling 1 0
taeuschen 11 0
rasippus 2 0
ntbehrung 3 0
busts 10 0
iverei 1 0
veterinary 1 0
mushrooms 3 0
unfeine 1 0
eredet 1 0
weggeworfenen 1 0
firing 21 0
scorched 18 0
busst 1 0
hovers 6 0
udacity 2 0
bacchischen 1 0
ampanella 2 0
capped 7 0
artichoke 1 0
scorches 1 0
enefactors 3 0
ruminating 5 0
rison 15 0
ungrige 1 0
barked 7 0
dimness 4 0
berhofmeisterin 2 0
pages 117 0
ircumstance 25 0
gebueckten 1 0
nasty 12 0
ttersburger 1 0
uersten 93 0
repassed 1 0
xpostulation 1 0
rlustigung 1 0
parody 2 0
chevachie 2 0
outlandish 14 0
ebersetzung 1 0
njustice 15 0
overmatched 2 0
strenuous 20 0
smarty 1 0
gainful 3 0
praeludieren 2 0
uastalla 7 0
imperturability 1 0
ignobly 2 0
halloweth 1 0
einkehren 1 0
carting 4 0
eapolitaner 9 0
durchbohrten 1 0
frantically 15 0
rocade 1 0
soshatin 1 0
talented 5 0
scoundrels 4 0
risly 1 0
bittersten 14 0
herumreist 1 0
egypt 4 0
alliterative 1 0
orloge 5 0
ignoble 25 0
noisiest 1 0
waermende 1 0
wegfuehren 1 0
risks 13 0
troeste 3 0
recantation 8 0
frivolity 7 0
risky 2 0
teaspoonful 2 0
klatschend 1 0
flare 6 0
hotmail 6 0
rotted 6 0
implore 15 0
beschnitten 1 0
countenancing 5 0
upshot 7 0
untended 1 0
clanking 11 0
otowmack 1 0
chneller 1 0
primevals 1 0
roprietarians 1 0
epreciation 3 0
hervorzutreten 2 0
untender 1 0
uerstin 35 0
lazily 12 0
rkunde 3 0
amplification 2 0
rotter 1 0
hooligan 1 0
hovels 6 0
epths 2 0
diapred 1 0
flask 5 0
rotten 45 0
acbeth 7 0
flash 60 0
rottel 1 0
ohnort 4 0
usswanderung 2 0
disturbers 2 0
flaps 12 0
ausgesperrt 1 0
eptem 1 0
epter 1 0
conviviality 1 0
arbeitsame 1 0
rendring 3 0
nelling 1 0
wandring 2 0
gekannte 1 0
disturbeth 1 0
aborer 1 0
etnaean 1 0
rbanity 1 0
esserschmied 1 0
encroached 4 0
flamy 3 0
fortschleppen 2 0
dwarfs 6 0
siketh 5 0
encroaches 4 0
flank 37 0
taeuschte 5 0
ohenlandenberg 1 0
chameleon 1 0
geheiligt 5 0
volitions 5 0
zerstuecken 1 0
laeubigen 10 0
penance 50 0
eitlang 69 0
laeubiger 2 0
collated 2 0
einzuschalten 3 0
erkuerzungen 1 0
ntertainment 22 0
umnebelt 1 0
verhalf 1 0
urtemburg 1 0
flaky 1 0
rumbull 24 0
yginus 1 0
intrude 12 0
dwards 5 0
ebenstrassen 1 0
garble 1 0
begehre 6 0
emsiger 4 0
despatching 3 0
encampd 2 0
midland 1 0
sausen 1 0
wuensch 5 0
arterres 1 0
ompanions 6 0
ebenmaessig 2 0
irgendein 20 0
olfsjagd 1 0
magnifie 1 0
hoisted 10 0
glorying 2 0
molinistischen 1 0
nbestimmtheit 2 0
flame 138 0
begehrt 11 0
proposuit 1 0
erects 8 0
sealers 1 0
ergruecken 6 0
flain 1 0
arrenmaske 1 0
ffry 4 0
rightens 1 0
molument 3 0
eimischung 1 0
ffrs 1 0
melancholisches 1 0
belaubten 1 0
innbild 1 0
elsabhang 1 0
erobernd 1 0
inhabited 71 0
flake 1 0
hungopavi 1 0
solacing 2 0
bwechslungen 1 0
rohsinn 4 0
chultern 31 0
explicitly 15 0
odeskaelte 1 0
defamed 1 0
flags 19 0
defames 1 0
erfolgt 1 0
vorgesetzt 7 0
melancholischer 1 0
nglesa 1 0
melancholischen 4 0
grosstun 1 0
nglesi 1 0
festlich 1 0
ulking 1 0
zunehmender 1 0
strawberry 3 0
eujahrswuensche 1 0
footfall 10 0
nasal 7 0
flail 2 0
waeret 5 0
waeren 109 0
zunehmenden 5 0
erfolge 1 0
zunehmendem 2 0
distorts 1 0
einkehrte 1 0
musikalischen 2 0
rtillerielieutenant 1 0
uninterested 2 0
musikalischer 2 0
noerdliche 3 0
mought 2 0
howartis 5 0
skedaddle 2 0
ebensweg 1 0
eginning 27 0
musikalischem 1 0
albzirkel 3 0
gentilly 5 0
tadtgeschichten 1 0
ubsequent 2 0
candinavians 1 0
disedifying 3 0
pathetick 2 0
okugawa 3 0
gentille 1 0
iverse 4 0
oiacco 1 0
einsalben 1 0
rottin 1 0
lmanacks 1 0
relaxes 2 0
intruls 1 0
gruebeln 1 0
ragedies 3 0
ufdammen 1 0
unsure 1 0
endurance 26 0
flack 1 0
ingularly 1 0
flach 7 0
relaxed 28 0
aravaggio 1 0
satirical 12 0
astrollen 1 0
pitaphs 1 0
ugenblicken 39 0
abkuehlen 1 0
garbed 3 0
tittering 1 0
bisherige 4 0
harming 5 0
eitdem 8 0
ugenblickes 3 0
lerkenwell 1 0
ourtiers 6 0
llston 1 0
technologischen 1 0
nsonderheit 1 0
propels 1 0
pryen 2 0
akimbo 3 0
coruscum 1 0
eiteln 1 0
weiterhelfen 1 0
islokation 1 0
rimble 1 0
arbitrate 9 0
flippin 1 0
pulifies 1 0
acquiescent 2 0
iefernadeln 1 0
corrugated 3 0
wynn 2 0
colonial 8 0
orbeifahren 1 0
geschieden 6 0
appalls 1 0
bestows 6 0
dringend 14 0
usward 2 0
amilienverhaeltnissen 1 0
hinzufuegend 1 0
uncanny 9 0
atzenjammer 1 0
tiefliegende 2 0
nares 2 0
populousness 9 0
aeupter 9 0
elagianism 4 0
seeetzen 1 0
tiert 1 0
istorian 8 0
tiers 5 0
istoriam 1 0
crocketed 3 0
waermt 1 0
braust 3 0
istoriae 2 0
contraried 2 0
profusion 54 0
tiere 1 0
metaphor 15 0
worriment 1 0
eeleth 1 0
hinreichend 9 0
transmutation 7 0
allings 2 0
scarcely 462 0
attainable 20 0
exhorting 7 0
tiest 1 0
uccessors 2 0
alternate 42 0
screeched 4 0
emporzukommen 1 0
istorica 1 0
cratchley 8 0
highborn 2 0
chachspiel 1 0
noetchen 1 0
mystischen 3 0
wyse 2 0
chimmer 10 0
meaningful 1 0
ahawrus 1 0
chimmel 6 0
stammelnden 1 0
braune 8 0
schleichen 13 0
etruebnis 11 0
tiele 1 0
ulgurationen 1 0
succumbed 9 0
ecular 3 0
tiefsinnig 4 0
wundertaetigsten 1 0
acolyte 3 0
homogeneous 3 0
zeugten 1 0
esamtheit 1 0
uebermuts 1 0
ilderness 14 0
orliebe 6 0
aeumelein 1 0
aufschuettelt 1 0
ebendasselbe 3 0
burst 197 0
contraries 2 0
necessity 509 0
eaders 49 0
istories 12 0
lmenara 1 0
owskins 1 0
nempnen 1 0
phaetons 2 0
oisleduc 1 0
nconveniencies 8 0
nterwald 2 0
fruchtbares 2 0
eadest 1 0
fruchtbarer 1 0
respoken 1 0
wyte 1 0
ilgerschaft 1 0
fruchtbaren 14 0
abermals 58 0
ctuplets 1 0
ermilion 1 0
setzel 1 0
doonsittin 2 0
setzen 136 0
unstet 3 0
setzet 1 0
olltest 3 0
unsten 15 0
unster 5 0
fractured 6 0
waerst 6 0
aufgedrueckt 1 0
lunatic 14 0
moeoeoechte 1 0
ischief 24 0
counterbalancing 1 0
sauste 3 0
ntwortschreiben 1 0
burnt 98 0
burns 24 0
ointment 13 0
uzzard 60 0
berichtigte 1 0
phoneticized 1 0
cutthroats 1 0
armignola 1 0
experriences 1 0
eiters 2 0
parliamt 3 0
immaturity 1 0
eitern 8 0
vergraben 3 0
herangerueckt 1 0
canalized 1 0
dahalten 2 0
mangled 21 0
cringingly 1 0
hindquarters 2 0
eitere 6 0
eitest 2 0
owles 8 0
burro 11 0
dulness 14 0
themsels 5 0
owley 23 0
penitent 21 0
snapshots 1 0
fastness 1 0
paining 2 0
rayters 1 0
ristarchus 3 0
roechelt 1 0
vorbereitete 2 0
lessings 23 0
ristippus 1 0
uvert 1 0
ehrerin 2 0
oach 5 0
vorbereitend 1 0
unstan 2 0
gaineth 2 0
allzusehr 4 0
colonies 516 0
erspective 3 0
scelerata 1 0
uphrasia 52 0
gainers 8 0
elsgruppen 1 0
monogamist 1 0
ndustrial 2 0
tieve 1 0
weighting 1 0
udran 3 0
kehrete 1 0
gehoerigen 7 0
gehoeriger 9 0
koestlichers 1 0
lummer 6 0
ungenuegend 1 0
gekocht 6 0
loesche 1 0
draughts 10 0
gliding 23 0
passionate 91 0
onroe 11 0
ultans 4 0
perusals 1 0
draughty 1 0
allabout 1 0
loescht 1 0
oads 14 0
burly 16 0
gesonnen 2 0
ruehmesse 1 0
nitric 3 0
assessments 2 0
movenment 1 0
ustwandel 1 0
imilarly 7 0
burnd 1 0
regretful 1 0
entworth 8 0
erkenntliche 1 0
uignes 1 0
rmathwaite 1 0
weightily 1 0
erueckenmacher 1 0
oada 1 0
onduciveness 1 0
quaintly 6 0
unlusty 1 0
unbehaglichen 1 0
allinaceous 1 0
exercised 165 0
engined 1 0
nsehn 44 0
bscheid 1 0
bushy 22 0
neigheboure 2 0
aricopa 11 0
allinus 3 0
shewing 22 0
exercises 87 0
neighebours 4 0
truculence 3 0
engines 43 0
ingham 1 0
outsped 1 0
esentment 29 0
iedererinnerungen 1 0
querela 1 0
verfassen 1 0
epublicanism 5 0
diaphoron 3 0
columbas 1 0
eurteilungs 1 0
onotony 1 0
uebelste 1 0
uncommitted 1 0
zerschlaegt 1 0
rearmost 2 0
braven 15 0
buske 1 0
vierte 6 0
zurueckfuehrt 2 0
uppositions 3 0
grammatical 2 0
braved 2 0
reignest 2 0
unsubstantial 4 0
reigneth 3 0
braves 3 0
braver 29 0
unemployed 18 0
erstlich 1 0
hapeau 1 0
ebergewicht 1 0
eggehen 1 0
poetaster 4 0
eierlichkeit 18 0
garage 1 0
memorant 1 0
darndest 1 0
rauwacke 1 0
anzubeten 2 0
leutselige 1 0
ausgeliefert 1 0
ttischen 1 0
ondemnations 1 0
nseln 25 0
nselm 1 0
bused 1 0
dawtie 2 0
oaks 32 0
dandelions 2 0
nsely 1 0
unhinging 1 0
weightier 2 0
scuttle 6 0
oake 1 0
sentimentality 5 0
nachrufen 1 0
kogula 1 0
beguetigend 1 0
kaekeekes 2 0
heimlich 69 0
eredka 1 0
malignantly 2 0
slaughtering 4 0
buses 1 0
aultiertreibende 1 0
issfaellige 1 0
locating 1 0
breiten 22 0
breitem 1 0
breitet 2 0
breites 2 0
sickeness 1 0
breiter 10 0
consoling 19 0
osilipo 5 0
raniens 2 0
signalised 2 0
ospitality 16 0
thronging 4 0
tmosphaere 21 0
oame 2 0
spells 11 0
uswahl 3 0
sentimentalism 1 0
nterposition 6 0
heilbar 2 0
nsekt 1 0
oals 9 0
getaefelte 1 0
zusammengesetzter 1 0
wineherd 1 0
influss 47 0
location 9 0
sentimentalist 2 0
vorschlagen 2 0
oberson 1 0
denate 3 0
erkstaetten 1 0
freudeloses 2 0
sauter 1 0
environed 3 0
hervorgehn 1 0
issmut 2 0
hervorgeht 2 0
divans 2 0
lowman 1 0
aechtige 4 0
tionary 1 0
paene 1 0
andles 5 0
quainter 1 0
urtherer 1 0
ustgaerten 2 0
oans 14 0
ominous 19 0
gotists 1 0
raulein 1 0
unpractised 5 0
nsere 31 0
tionate 1 0
oana 1 0
nserm 4 0
oang 1 0
bleichten 1 0
nsern 7 0
sychical 8 0
aktiven 1 0
erstickend 3 0
ufforderung 3 0
angestimmt 1 0
appplied 1 0
nerbieten 2 0
amaracus 1 0
trochaeische 1 0
ahlheim 12 0
okalitaet 2 0
eptarchy 2 0
phaenomenon 3 0
daemons 1 0
waterproof 15 0
ngrateful 2 0
oroaster 10 0
chroepfkoepfe 1 0
gleichmaessig 1 0
civilisations 2 0
ignavitque 1 0
aecenasvilla 1 0
rotund 4 0
oestlichste 1 0
rinting 13 0
empeler 2 0
airrud 2 0
altenwurf 1 0
fortieth 9 0
inscrutable 13 0
artitions 1 0
scienze 1 0
oast 42 0
erceiving 6 0
flipped 2 0
enshrouded 1 0
rightful 33 0
unleugbar 2 0
neighing 4 0
ccomplishments 10 0
laquelle 1 0
paerm 1 0
onrad 8 0
tassels 7 0
firebrands 3 0
oars 17 0
eschluss 2 0
ressemblent 1 0
rotula 1 0
naras 2 0
mutari 1 0
onceits 1 0
administred 5 0
benetzest 1 0
ntonius 5 0
oara 1 0
oard 91 0
boxing 9 0
salzig 1 0
serenade 3 0
calabashes 4 0
nsers 2 0
aeupten 2 0
bishoping 1 0
penalty 52 0
riding 157 0
geschwinder 9 0
buteler 1 0
eylon 27 0
flatternden 1 0
flatterndem 1 0
cerfeuil 1 0
nabaptist 2 0
gebreitet 1 0
tiefe 16 0
uvigny 5 0
aufzuwachen 3 0
oats 41 0
todmuede 2 0
arbitrary 89 0
orschmack 8 0
berichtiget 1 0
ubingen 1 0
unston 1 0
breakfasts 3 0
oath 86 0
wherethrough 2 0
tiege 1 0
uskelkoerper 1 0
bombazine 1 0
sizarship 1 0
chips 19 0
functions 67 0
rauchst 1 0
duins 2 0
rauchte 1 0
unsocial 6 0
philology 1 0
sorrowing 7 0
ovations 1 0
ultimo 1 0
heobald 4 0
unrichtig 3 0
betraechtlich 1 0
bewahrten 1 0
lockigen 1 0
ewgates 1 0
aufgeregtes 2 0
aufgeregter 1 0
ultima 1 0
exposure 38 0
righted 2 0
atlers 4 0
daylicht 4 0
applicability 2 0
homassin 2 0
ronghead 2 0
onvert 2 0
chirp 2 0
banditti 5 0
missbrauchen 3 0
concluded 194 0
hinausgeritten 1 0
bekraenztes 1 0
raeumten 1 0
zugesagte 1 0
einhoehe 1 0
vortaeuschen 1 0
unseeing 1 0
queried 10 0
chism 10 0
editorial 8 0
losging 4 0
kernel 13 0
rgoetzung 5 0
playhouses 2 0
geschmackvollsten 1 0
cackling 4 0
vergehst 1 0
sojourns 1 0
queries 3 0
printing 47 0
unskillfulness 1 0
glanzend 1 0
concludes 19 0
waterless 4 0
charcoal 23 0
chirm 3 0
concluden 2 0
hierin 21 0
kindliest 1 0
beruehmtesten 3 0
harmony 139 0
chili 1 0
pplikation 3 0
azing 3 0
nside 6 0
chill 48 0
fragrances 1 0
homera 2 0
chilt 1 0
herbeigekommen 2 0
cheltworten 1 0
olzsuchen 1 0
verloschenen 1 0
offenbar 17 0
hosoever 3 0
middleman 3 0
owohl 1 0
chimb 1 0
chime 4 0
andrem 1 0
ausdehnten 1 0
ktricchen 1 0
snorted 16 0
afflictionibus 1 0
claimd 1 0
excidit 1 0
andres 16 0
andrer 42 0
bebaute 2 0
hitefield 18 0
orhaben 16 0
rivals 44 0
eptunian 1 0
wiebeln 1 0
claims 130 0
estelles 1 0
esteller 1 0
onvent 2 0
salutation 21 0
chilf 2 0
chile 7 0
child 845 0
chink 6 0
pitifully 3 0
erlangens 3 0
onuma 1 0
chino 3 0
devours 2 0
chins 3 0
wonderment 1 0
pisonous 1 0
tockwerk 1 0
erscheinen 69 0
erscheinet 2 0
onfounded 1 0
defaulted 1 0
treppab 1 0
defaultes 1 0
epute 1 0
zusammenpressen 1 0
profitableness 1 0
puritanical 3 0
sperit 1 0
tihus 2 0
enefaction 1 0
intitle 1 0
umours 9 0
metayers 2 0
gewoehnte 3 0
wandte 29 0
zahlreichen 7 0
eputy 9 0
gegenueberstand 1 0
zahlreicher 1 0
agarum 1 0
beautifying 4 0
bowstring 1 0
china 21 0
odolph 2 0
eyond 49 0
chine 1 0
rcetri 1 0
ndianerin 1 0
ching 2 0
ausgeblieben 1 0
olimenti 2 0
ungetreuen 1 0
filleted 1 0
hinaufbegleitet 1 0
barque 1 0
thimbleful 2 0
vorueberschwebte 1 0
obak 3 0
torturers 2 0
russia 94 0
precipitated 13 0
reproduces 7 0
sperrt 1 0
procreates 2 0
reformatted 2 0
operatives 6 0
breastes 2 0
zauderst 2 0
unverbruechlichen 1 0
soothfast 2 0
chigo 2 0
llemande 1 0
breasted 9 0
suckered 1 0
zauderte 11 0
inueber 1 0
urmises 1 0
reifache 1 0
unlamented 1 0
amiers 2 0
selbstgefaellig 1 0
hiredman 1 0
stigmatised 2 0
ursche 15 0
azily 1 0
chlafengehn 1 0
andschuh 2 0
archangel 3 0
aufopfernder 1 0
ausgarten 4 0
obbs 5 0
inervens 1 0
obby 1 0
udding 7 0
ebellious 1 0
entsetzte 4 0
sechsmal 1 0
nsign 3 0
reproduced 21 0
apprehended 52 0
divertissement 1 0
homely 47 0
abgehangen 1 0
enschenpack 1 0
ponsibles 1 0
unermuedetem 1 0
agaria 1 0
hieran 2 0
misdirected 5 0
lerisseau 1 0
ahnrei 2 0
ostonians 4 0
derweist 1 0
chide 21 0
vorzuluegen 1 0
appropriated 30 0
mocha 1 0
obel 5 0
osenlauben 1 0
oben 112 0
hereticks 1 0
overborn 1 0
sperni 2 0
rivate 10 0
orbeisprengen 1 0
diabolic 1 0
augrim 2 0
odolfo 1 0
chice 1 0
ongmans 3 0
instilled 3 0
rbanum 2 0
chick 5 0
umflattert 1 0
rotzel 1 0
auftreten 11 0
gleeful 1 0
appropriates 3 0
amiens 1 0
vanquish 6 0
armourers 1 0
osmeticks 1 0
ishonour 1 0
boulder 11 0
chiff 51 0
clandestinely 7 0
iberites 1 0
vulgar 138 0
tarpaulin 3 0
campamouche 1 0
sandalled 2 0
raisonne 1 0
explanations 43 0
ffenheit 8 0
ensitive 3 0
beizubringen 2 0
overdrawn 2 0
chieb 1 0
chief 454 0
chiel 1 0
contributing 25 0
chien 2 0
abfeilen 1 0
mochi 3 0
redliche 1 0
obes 2 0
ober 8 0
obey 143 0
ulbuls 3 0
homehy 1 0
chasteness 1 0
idyness 1 0
zaudernd 2 0
renamed 2 0
alkwand 1 0
unversoehnlicher 1 0
durchgebracht 1 0
joints 36 0
tephane 216 0
cultus 4 0
obin 11 0
obis 1 0
ianeme 1 0
auserlesenen 1 0
implify 1 0
experimentalists 1 0
groined 1 0
portions 84 0
kinspeople 1 0
ockets 7 0
orrespondence 156 0
hinkst 1 0
offens 1 0
processor 1 0
compounded 30 0
mangers 1 0
slayers 2 0
auberbuche 2 0
ritte 8 0
sprechen 116 0
offene 8 0
offend 59 0
coaster 1 0
lagerten 4 0
verbesserte 4 0
erishes 3 0
foamings 1 0
cathedra 1 0
erished 1 0
offentlich 3 0
uccessive 1 0
ergreifend 1 0
averters 1 0
excuse 214 0
kaeltest 1 0
betrieben 3 0
excusd 8 0
placards 1 0
hikuzen 1 0
nterhosen 2 0
uehmend 1 0
helplessness 12 0
rauchen 5 0
pointless 3 0
ianens 1 0
implied 103 0
hernehmen 5 0
shrubberies 5 0
gradient 2 0
iebesbegebenheiten 1 0
cotticisms 1 0
seekers 9 0
angeregt 7 0
declaration 87 0
regurgitating 1 0
colonels 3 0
foermlich 4 0
dissolvents 1 0
implies 38 0
unknowingly 1 0
progres 1 0
mangelt 8 0
oupled 1 0
dolmetschen 1 0
peopling 4 0
verabshiedete 1 0
cceptance 1 0
esaeusel 1 0
hinaustreten 1 0
waterproofs 2 0
ouplet 3 0
ouples 1 0
vibratory 2 0
boroughmongers 1 0
ntimation 2 0
offers 80 0
umner 3 0
adversities 1 0
moulting 2 0
offero 1 0
durchdringender 2 0
nachgegeben 3 0
durchdringenden 3 0
rustee 1 0
rusted 6 0
meteoric 2 0
vermengen 1 0
astilian 13 0
erlassenen 3 0
oble 13 0
offerd 10 0
pedlars 3 0
geleiteten 1 0
schieden 17 0
achatours 1 0
edachte 5 0
booming 8 0
odfrey 10 0
rustic 44 0
ucilius 1 0
overbold 3 0
epveu 2 0
oboe 1 0
hamefastness 3 0
muoiano 1 0
nitter 1 0
erhoben 23 0
begeben 20 0
forsaking 3 0
ehrmeisterin 1 0
herrlichem 3 0
forgetfulness 20 0
herrlichen 65 0
hagern 2 0
pahos 1 0
windows 226 0
herrliches 7 0
herrlicher 27 0
slayeth 1 0
beteurend 1 0
mangeln 1 0
hagere 1 0
extravagances 9 0
unfoldment 1 0
forming 100 0
ittenlehrern 1 0
awrence 18 0
ltieri 1 0
kennenlernten 1 0
extracting 13 0
program 131 0
oncoctions 1 0
seafaring 5 0
satteln 3 0
ackert 14 0
hinueberneigt 1 0
engulfing 1 0
lueckslose 1 0
erstellung 16 0
naudi 2 0
struggle 282 0
gewachsen 21 0
snortin 1 0
istract 1 0
delinquencies 2 0
ambulance 4 0
extraction 14 0
collared 2 0
leached 2 0
sapless 2 0
servabitur 1 0
allbelebend 1 0
ackesy 1 0
zurechtgeschnitten 1 0
ingdom 53 0
fiendes 4 0
ackett 2 0
ufschluss 5 0
barred 23 0
eiltaenzergesellschaft 1 0
aufschreiben 2 0
barrel 107 0
iggenson 1 0
terrified 35 0
unfortunately 91 0
barres 1 0
incompleteness 2 0
ockend 1 0
lliances 5 0
barren 91 0
ediator 2 0
itkimmst 1 0
obre 1 0
igeuner 21 0
ritze 2 0
uccession 6 0
wohldenkenden 5 0
obus 5 0
umbricus 2 0
intensified 11 0
esicht 113 0
nerfahrne 1 0
vorfuhr 1 0
annshoehe 1 0
hinabzubegeben 1 0
rovoking 1 0
verewigt 2 0
hyllises 1 0
zuzulassen 1 0
umnon 2 0
lieblichste 6 0
heeding 6 0
umnos 2 0
oechtest 1 0
laminischen 1 0
chwaemmen 1 0
retailers 8 0
gedemuetigt 1 0
chist 4 0
ublicum 1 0
unzaehlichen 1 0
elbstzufriedenheit 2 0
unbind 5 0
ducating 4 0
udacious 1 0
notebooks 1 0
beatified 2 0
doubtous 1 0
stratagems 6 0
endwise 1 0
ngelegners 1 0
ostered 1 0
leckten 1 0
yeomanry 15 0
byzantinischem 1 0
enever 1 0
alaphay 2 0
urchschnitte 1 0
reibeuter 1 0
gegeneinander 23 0
useums 1 0
rosvenors 1 0
nokehock 1 0
ducation 103 0
teapot 10 0
allisto 2 0
disinclined 2 0
rockenheit 3 0
domicile 3 0
heilige 31 0
erblasst 1 0
anisters 1 0
oechtern 7 0
ontic 3 0
immodesty 1 0
umuhumu 4 0
trang 7 0
atmenden 1 0
trand 12 0
onths 41 0
rachtgebunden 1 0
trafwerkzeuge 1 0
tramp 13 0
emocratic 49 0
inlisting 1 0
medesimi 1 0
ontin 1 0
fiat 2 0
depressd 1 0
ontif 2 0
ontie 1 0
asjenige 4 0
lectors 11 0
generalisations 3 0
ewesses 1 0
almyra 4 0
oamjagn 1 0
culter 4 0
trank 11 0
ubdues 1 0
unbaptized 2 0
iedrem 1 0
rzenei 2 0
cyphering 1 0
crostick 1 0
trans 4 0
unterbrachen 3 0
interrad 2 0
iebesfuelle 1 0
fice 1 0
shamefastness 3 0
interloper 3 0
reprobation 8 0
fordone 3 0
lstow 1 0
schoepfte 2 0
walkers 2 0
rugality 16 0
ireworker 1 0
wevens 1 0
farming 30 0
ngewoehnliche 1 0
enrolled 9 0
oellenschlund 1 0
ownal 2 0
equable 8 0
uvinal 1 0
versicherst 1 0
fibe 2 0
transition 42 0
etoeses 1 0
amadryades 1 0
equably 3 0
trapt 1 0
sextons 2 0
traps 36 0
herbeieilt 1 0
ngezaehmt 1 0
versicherte 74 0
neunte 1 0
orschub 3 0
charmingly 16 0
goodwill 20 0
ritic 1 0
washhand 1 0
fiel 151 0
rubbed 52 0
ritik 3 0
inclined 296 0
fief 1 0
geschaeftswegen 1 0
fied 1 0
ummum 1 0
ummus 1 0
trail 204 0
verdanken 9 0
apientia 2 0
inrichtungs 1 0
seals 12 0
aumelkelchs 1 0
rubber 18 0
primitiveness 1 0
trait 23 0
fiet 1 0
sheeted 2 0
wuerdest 22 0
fier 31 0
train 247 0
nachgeschrieben 1 0
fido 1 0
wedelte 1 0
pestiferous 2 0
ingens 1 0
rapidity 53 0
kleinste 12 0
ausgewaehlt 1 0
deciduous 1 0
ischlers 1 0
fide 7 0
limbing 2 0
hineinzusteigen 1 0
aufgehoben 16 0
ebhafte 1 0
seams 7 0
hineinmischen 1 0
ntwurfs 1 0
seamy 2 0
inclines 14 0
erweckte 9 0
ievers 19 0
figs 11 0
officiating 2 0
slanders 10 0
erichtsdiener 8 0
purchasing 83 0
konnt 32 0
uebereinstimmten 1 0
missliche 1 0
ocal 7 0
rachtwagen 2 0
vernuenftig 14 0
antiason 1 0
hinken 1 0
tearme 1 0
offences 24 0
losbindet 1 0
owner 171 0
streamingly 2 0
ownes 2 0
ohnson 233 0
igurian 3 0
fife 2 0
sheetes 2 0
heraussprang 1 0
idieth 1 0
owned 68 0
ofleben 2 0
nconstancy 3 0
ecimation 1 0
rites 32 0
riter 46 0
occa 2 0
arguing 19 0
trave 1 0
ollicitations 2 0
illustrans 1 0
ugvogel 1 0
erbeugung 5 0
scholarly 12 0
tablet 24 0
tables 86 0
arpooning 1 0
traut 5 0
andlungsweise 2 0
oepfers 3 0
counseled 4 0
abwesenden 8 0
studious 25 0
ridicule 55 0
traws 1 0
butte 16 0
angenehmes 16 0
angenehmer 25 0
ontra 3 0
reudenschrei 1 0
angenehmen 50 0
angenehmem 1 0
rbauungsschriften 1 0
vorzueglichste 1 0
saettigen 1 0
wiedersaehe 2 0
chleuseneinrichtung 1 0
maltreat 1 0
riegszug 1 0
chalkhaftigkeit 1 0
teares 16 0
affectations 6 0
natum 2 0
eventide 2 0
conscientiousness 2 0
natus 2 0
natur 13 0
selger 1 0
unpleasant 70 0
unvorhergesehene 1 0
ecilien 1 0
vermengte 1 0
ocem 1 0
esmerisme 1 0
file 273 0
ontos 1 0
ouveraen 1 0
ontor 1 0
sophistically 1 0
achspiele 2 0
butts 3 0
ddison 321 0
bestieg 11 0
gescholten 2 0
trays 10 0
aneinanderstossen 1 0
hreshing 2 0
rustle 20 0
unbarmherzigen 1 0
igaro 7 0
observable 14 0
adimisque 1 0
homaston 1 0
gemangelt 2 0
schoepfen 14 0
seats 84 0
eynds 2 0
fing 143 0
asleepe 1 0
fine 1029 0
find 2028 0
auptprobe 3 0
ontus 2 0
ontur 4 0
walketh 5 0
hagelt 1 0
illustrata 2 0
eynen 1 0
arboukale 1 0
illustrate 46 0
film 7 0
fill 217 0
significations 1 0
zumindest 1 0
trash 14 0
ttiliens 3 0
walkest 2 0
flaws 8 0
razilians 1 0
rittaruolen 1 0
trate 2 0
ubdued 1 0
trata 7 0
unverzeihlicher 1 0
trato 13 0
ocin 1 0
riton 15 0
troubles 92 0
ocis 1 0
utarayama 1 0
flueckt 2 0
ocht 1 0
trass 2 0
flats 6 0
positioning 1 0
bezeugt 1 0
nzuenden 2 0
diagonally 3 0
troubled 149 0
capulo 1 0
disburthens 1 0
ocia 19 0
oche 52 0
processes 24 0
traue 3 0
enschengeschlecht 3 0
fins 6 0
ocho 6 0
traun 3 0
ochs 1 0
draggling 1 0
wedelnd 2 0
alksteinen 1 0
ocha 3 0
urchdrungen 1 0
disturbances 22 0
avafluss 1 0
enschenschicksals 1 0
ergbach 1 0
ngliae 1 0
chlendrian 4 0
ockt 1 0
ocks 18 0
ranichs 1 0
firm 168 0
gewoehnen 6 0
aturnalia 4 0
contribution 81 0
constellation 10 0
cottice 2 0
doorbell 1 0
exameters 1 0
fire 979 0
risse 1 0
eratewohl 1 0
verschmaeht 9 0
ocke 50 0
rissa 1 0
redlich 14 0
xpectancies 1 0
gewickelt 7 0
eneadae 1 0
roomier 1 0
redresseth 1 0
verschmaehe 1 0
gewoehnet 2 0
uergerhause 1 0
tiger 50 0
usnahmen 5 0
arnavalszeit 1 0
lenitude 1 0
superavit 1 0
reigeist 1 0
shrillest 1 0
getreulich 1 0
udson 28 0
missioners 1 0
taketh 12 0
onsul 34 0
reudenkelch 1 0
fist 38 0
nglice 2 0
ausfuendig 4 0
crackling 12 0
coronalled 1 0
evadunt 1 0
ehuelfen 3 0
ungfraeulichkeit 1 0
takest 6 0
empiricists 3 0
onsur 2 0
squeemish 1 0
ummit 1 0
chtserklaerung 1 0
aessen 1 0
esides 276 0
ristallform 1 0
firs 9 0
enewed 2 0
ocky 18 0
takers 1 0
fish 305 0
insistent 4 0
aesser 4 0
einalden 1 0
herdsmen 4 0
handmaid 5 0
epraesentanten 1 0
ocoa 1 0
five 1295 0
humourously 1 0
ummen 8 0
pagna 1 0
ahuku 1 0
ummel 41 0
agasin 2 0
thegither 20 0
lbany 52 0
fits 55 0
lbans 7 0
auseinanderzuhalten 1 0
scouted 1 0
ueberschusse 1 0
lbano 8 0
lbani 6 0
skimmings 1 0
audrillart 1 0
ridors 1 0
glaenzen 12 0
trostlos 9 0
fixd 2 0
rwerbes 1 0
assenting 4 0
urrender 6 0
girdling 2 0
oesser 1 0
namour 1 0
risur 3 0
fixt 4 0
risty 2 0
fallacious 11 0
rencks 1 0
uebermuetig 5 0
ummes 2 0
ummer 75 0
ausgliedern 1 0
erwecken 20 0
counsellr 1 0
bestial 3 0
herdsman 8 0
quartzose 1 0
riste 1 0
outstripped 2 0
wiederzuerlangen 1 0
swimmingly 4 0
ewissensfreiheit 2 0
irrevocabile 1 0
isciples 16 0
desirable 119 0
aturalists 2 0
useter 9 0
traeg 1 0
semicoherent 1 0
ontag 18 0
ingeth 1 0
lster 1 0
sentimentalities 1 0
dragooning 3 0
ngehorsam 1 0
hohlaeugige 1 0
reduced 256 0
anaperous 1 0
despight 1 0
ingers 14 0
herabfloss 1 0
weggehauen 1 0
traff 1 0
tigma 1 0
trafe 22 0
moans 5 0
natal 3 0
ocri 2 0
metaphysisch 1 0
aumgaerten 1 0
xistenz 28 0
rescription 1 0
ocus 1 0
sprudelte 1 0
tragt 2 0
marschierten 1 0
moujik 2 0
waelze 1 0
reservedly 2 0
verstopf 1 0
ingern 12 0
napoleons 1 0
trage 14 0
reduces 26 0
rubble 5 0
tragn 2 0
wherever 142 0
octr 2 0
agewmetrhton 1 0
llerhoechste 1 0
unprepared 14 0
sarcastically 5 0
fizz 1 0
stuendlich 5 0
trahl 5 0
backbiters 1 0
fiebrische 1 0
urance 2 0
weggewendet 1 0
ixtus 28 0
waelzt 1 0
natch 1 0
ogarth 1 0
recrossed 4 0
aufschwingt 1 0
dawned 16 0
pronouncing 8 0
appealed 63 0
overridden 2 0
moats 3 0
tight 98 0
reference 146 0
unmerchantable 1 0
navies 4 0
inferred 43 0
pascify 1 0
atterson 10 0
fluessiges 1 0
huelfreicher 2 0
incongruity 8 0
entsetzet 1 0
huelfreichen 1 0
trabo 7 0
ueberantworten 1 0
aggrandising 1 0
ontet 1 0
ontes 1 0
onter 9 0
saeuseln 1 0
ueberantwortet 1 0
wohlgelegen 1 0
nates 1 0
hirurgical 1 0
nater 2 0
iozzi 2 0
saeuselt 1 0
cartmen 1 0
ilgrim 25 0
slogan 1 0
chrittchen 1 0
tract 34 0
ottomless 2 0
onveys 1 0
interred 8 0
nactivity 3 0
oatman 1 0
trace 124 0
ehuelfin 1 0
ummon 1 0
hinbewegt 1 0
track 125 0
igeunerinnen 1 0
ioters 6 0
unchanged 18 0
unheard 28 0
rocida 2 0
trade 1238 0
trada 1 0
insisted 160 0
tradi 1 0
edylus 3 0
triangles 37 0
dilapidated 16 0
knieten 2 0
frieden 3 0
overlying 23 0
aeusserste 23 0
undercurrent 4 0
ilitaer 2 0
aumgartner 1 0
joyntly 6 0
bdera 2 0
botanise 1 0
sentimental 29 0
proscriptions 1 0
maxime 1 0
schenwolken 1 0
flehe 2 0
botanist 4 0
eitersknechte 2 0
nglish 1039 0
elfield 1 0
orfalle 1 0
auberbruecke 1 0
klappern 1 0
fleht 1 0
maxims 73 0
nstellung 7 0
urisima 1 0
tillness 1 0
erblichenen 1 0
bequem 36 0
rabengleiche 1 0
crevass 1 0
leibhaftigen 1 0
udwig 11 0
eimsuchung 1 0
orpheus 2 0
fleet 74 0
flees 4 0
offended 97 0
saddle 191 0
emarks 19 0
vorgebauten 1 0
ecember 266 0
bschied 57 0
ndaunted 1 0
awakening 31 0
offender 16 0
brakemen 4 0
shrilling 3 0
glaringly 2 0
ductile 2 0
misdoth 2 0
imperfections 13 0
eltgeschaeften 1 0
avenges 2 0
eneficence 2 0
lumbpudding 1 0
avenger 5 0
eingeschlafen 13 0
biographical 3 0
lumenkelche 1 0
coldest 11 0
flege 8 0
avenged 8 0
wammerdamm 1 0
operosere 1 0
missverstehn 1 0
arlowe 3 0
ecundity 1 0
unwearied 12 0
traenkte 1 0
fleck 4 0
ueberreder 1 0
verschreib 1 0
overtake 15 0
ueberreden 31 0
commercially 1 0
disturbing 32 0
lockenreichen 1 0
humiliation 27 0
reducit 1 0
hueringen 2 0
giessen 3 0
geschichtlich 1 0
roceed 8 0
arlour 2 0
odan 1 0
effusive 6 0
schroffsten 1 0
unknowing 1 0
ueberredet 6 0
aphlagonians 1 0
docendus 1 0
collectively 24 0
oday 6 0
moegt 4 0
lbeit 18 0
larisse 1 0
larissa 2 0
avidson 1 0
oden 121 0
odel 3 0
moege 44 0
ausgebrauch 1 0
odds 31 0
choller 1 0
moegn 6 0
navire 1 0
ntersuchungen 5 0
fleas 30 0
laufende 1 0
odde 103 0
aleschen 2 0
oratorical 5 0
katharos 1 0
rocess 1 0
aforetime 2 0
staghound 2 0
rocers 1 0
rocery 1 0
sterile 18 0
navish 2 0
sterili 1 0
erstiegen 5 0
missfalle 1 0
aurignac 1 0
wicking 1 0
barony 2 0
odge 124 0
wheresoe 1 0
kindliche 1 0
unconcernedly 3 0
coexistence 4 0
barons 33 0
herstiess 1 0
verstimmten 1 0
herumhaengendem 1 0
nachsichtig 3 0
zugeworfen 2 0
ackdaw 1 0
toothed 15 0
ufblaehung 1 0
wanges 2 0
wanger 1 0
prototype 4 0
grains 65 0
undeceive 10 0
verbargen 5 0
odes 44 0
oder 1019 0
riginally 11 0
regelmaessige 5 0
odex 4 0
seech 7 0
bschiedsbesuche 1 0
descant 1 0
uncleanness 3 0
odie 166 0
undeseelen 1 0
uchzer 1 0
veryone 5 0
andown 1 0
inistrations 1 0
ridley 4 0
ridles 1 0
chollar 1 0
hinnen 2 0
exultation 21 0
dukes 7 0
beschreibt 2 0
sadden 2 0
nteils 4 0
sadder 7 0
schluerfen 3 0
bedrohte 1 0
spindrift 1 0
unterdruecken 7 0
desgleichen 4 0
vociferations 1 0
responds 2 0
verarbeitende 1 0
beschreien 1 0
aeusserten 1 0
haedrasarkophag 1 0
andour 6 0
inattention 11 0
unschuldigeres 1 0
subjective 1 0
triumvir 1 0
bbreviators 4 0
etudiee 1 0
analogy 47 0
reefed 1 0
consists 195 0
parson 123 0
onkling 1 0
collapse 19 0
ragelaphus 1 0
silently 52 0
sedes 1 0
onfessio 13 0
mfahrt 1 0
dulde 4 0
battalion 13 0
odly 1 0
underpeopled 1 0
devotes 7 0
dulci 1 0
riginalen 2 0
unperishable 1 0
eyrie 1 0
inferring 1 0
manipulated 4 0
vexest 1 0
delheidens 4 0
devotee 2 0
righting 2 0
devoted 208 0
schooners 1 0
wohlangewandten 1 0
inattentive 14 0
zuzusagen 2 0
ehemence 1 0
sedge 4 0
nzengruber 39 0
interste 1 0
architectus 1 0
extirpation 4 0
triangular 6 0
sthmian 5 0
egefeuer 3 0
odom 5 0
recompenses 2 0
northwest 5 0
sedgy 3 0
schaerfsten 5 0
odos 1 0
evertheless 148 0
odor 21 0
experienc 3 0
omrade 1 0
recompensed 5 0
losterkirche 1 0
orcyra 2 0
verdankte 1 0
einemachen 1 0
pensieri 1 0
igest 5 0
imaginatif 1 0
andora 3 0
fuehrtest 1 0
sedia 1 0
inferiors 13 0
geschaetzet 1 0
speculative 52 0
mbellishment 3 0
allurements 7 0
aufgetreten 2 0
thuswise 9 0
multiplications 5 0
igers 1 0
becoming 207 0
ffektreiche 1 0
rhebers 1 0
unvergleichlich 1 0
oester 1 0
extinguish 28 0
lowing 11 0
baroun 1 0
tticism 1 0
andoor 1 0
chmollen 1 0
agapan 1 0
etruebten 2 0
traenken 4 0
octave 1 0
sodezza 1 0
incrustation 2 0
nbefriedigte 1 0
goddess 73 0
mlaufzettel 1 0
octavo 1 0
ilitary 63 0
uproariously 1 0
chlag 21 0
chlaf 42 0
gedeihen 4 0
buxom 7 0
ruederschaften 3 0
gedeihet 1 0
encouragingly 1 0
kloesterliche 1 0
nterests 58 0
ylvie 8 0
erhaschen 11 0
ruendliche 2 0
einheimisch 5 0
spontaneeity 1 0
dotted 15 0
mountebank 2 0
rotsaffianen 1 0
emitting 6 0
andlesticks 2 0
cryptaesthesia 1 0
momentum 4 0
unsuccessfully 7 0
auseinandergehen 2 0
pleasurable 5 0
schnurrenden 1 0
fleur 2 0
nawed 1 0
singleman 1 0
palermitanischer 1 0
andons 1 0
onway 3 0
wachsam 1 0
equaeke 1 0
odus 1 0
bestirs 1 0
dangers 109 0
commotion 24 0
igene 2 0
nteresse 47 0
modus 8 0
northerly 2 0
pectacles 3 0
propius 1 0
blatting 1 0
rigmarole 2 0
aufgesprungen 1 0
emigration 4 0
ophthalmia 5 0
modum 1 0
kriechenden 1 0
niederknallen 1 0
erhaschte 3 0
opfjaeger 3 0
attenuated 7 0
horizontale 3 0
flesh 239 0
semibarbarous 1 0
rebellischerweise 1 0
ultivation 6 0
amicam 1 0
portraits 44 0
fulfilled 41 0
flooded 23 0
partes 1 0
aufpackte 1 0
kurumas 26 0
saettigte 1 0
unverstaendig 2 0
furchteinfloessend 1 0
seldom 477 0
hinneigten 1 0
bedenkliche 5 0
fortunest 1 0
wachsen 18 0
lectronic 62 0
aboven 4 0
hiesse 1 0
roduction 6 0
anliegenden 1 0
tailors 10 0
hogsheads 11 0
nachzugeben 8 0
parted 113 0
fulfiller 1 0
floodes 2 0
speculating 11 0
uselessly 6 0
iveryman 1 0
philanthropic 7 0
onfesses 1 0
uddhas 4 0
philanthropia 1 0
factual 1 0
speculation 59 0
abylone 1 0
roductive 1 0
uehnes 1 0
verdammt 6 0
uehner 5 0
labefactatam 1 0
ultivating 1 0
eutelschneider 1 0
heilgen 2 0
consultations 7 0
asterhafte 1 0
ngluecklicherweise 8 0
northerne 1 0
eewesen 1 0
gewuetet 1 0
euerfunke 1 0
geschwiegen 8 0
partan 8 0
sloughing 1 0
tortoise 20 0
einesweges 2 0
rautstandes 1 0
consummation 7 0
uehnen 1 0
angebellt 1 0
manipulator 2 0
wiedergibt 1 0
uthoritate 1 0
timbered 6 0
fragmentary 10 0
viridis 3 0
kkompagnieren 1 0
consummating 1 0
schluerfte 1 0
authenticating 2 0
inaccuracies 1 0
egantini 1 0
iberation 1 0
rivia 1 0
affees 1 0
secte 2 0
bdruecken 1 0
mentor 3 0
candlestick 5 0
eschoepfs 2 0
orrespondents 10 0
sects 50 0
ruedern 7 0
eschoepfe 36 0
edailleur 1 0
drowned 70 0
unmoeglich 73 0
unschuldiges 4 0
asminen 1 0
soaked 31 0
unschuldiger 4 0
soaken 1 0
haggle 4 0
secur 6 0
unschuldigen 20 0
ontemaior 1 0
unschuldigem 2 0
indigestions 2 0
matrimoniali 1 0
escartes 18 0
ministere 1 0
affect 120 0
rusticity 2 0
scarcity 127 0
approvers 1 0
zuernen 3 0
ministers 152 0
ohnung 74 0
unbescheidenen 1 0
ackeln 5 0
peeping 15 0
utztisch 1 0
embodiment 16 0
licences 3 0
unbescheidener 1 0
uehlte 2 0
joined 252 0
owper 23 0
discretionis 1 0
irectoire 1 0
uflodern 2 0
eingeschlagen 3 0
horsehide 1 0
ayonne 7 0
witchecraft 1 0
barnes 2 0
yrmidons 2 0
iolinen 1 0
uenzwissenschaft 1 0
archaism 1 0
atchul 1 0
joiner 1 0
rivet 16 0
rives 1 0
mentoi 1 0
river 1080 0
parauntre 2 0
zugetragen 1 0
riven 9 0
icostratus 1 0
onduct 114 0
abstattete 1 0
oece 7 0
beweeping 1 0
ehrlosigkeit 1 0
eeland 5 0
inschraenkung 11 0
insolvency 1 0
persuasively 5 0
cockenay 1 0
peonies 6 0
rdensoehnen 1 0
hervorging 1 0
aufzulesen 1 0
andwerksmann 1 0
verzeichnete 1 0
outcoming 1 0
rinktum 10 0
ochzeitstag 1 0
erhabenste 1 0
goober 3 0
cardinals 52 0
witless 1 0
yeomanly 1 0
intertag 1 0
uebriggebliebenen 3 0
uebriggebliebenes 1 0
uebriggebliebener 1 0
parallelism 4 0
secre 7 0
angestrichener 1 0
urchreisender 3 0
xhort 1 0
mentis 2 0
wegstuerbe 1 0
zudenkt 1 0
blastit 2 0
sheweth 4 0
recruited 8 0
ountrys 4 0
erwartenden 1 0
staffiert 1 0
oede 8 0
breathing 73 0
imaginativeness 1 0
rossmutter 6 0
sirened 1 0
onvoy 4 0
parren 1 0
durchschritt 1 0
wilted 6 0
eatheness 1 0
conningly 1 0
elusive 5 0
parrer 12 0
ittagsruhe 3 0
privantur 1 0
modes 96 0
select 79 0
vacuities 2 0
oege 16 0
erzuernten 1 0
nations 467 0
ffered 1 0
modem 4 0
clapper 1 0
model 70 0
camellia 1 0
navvy 2 0
clappen 1 0
idolized 1 0
umpen 7 0
gymnasium 6 0
oefe 5 0
umper 2 0
cquisitions 1 0
parrow 3 0
umpfe 2 0
peoplish 1 0
ackvill 1 0
umbrellas 6 0
parrot 24 0
submissively 8 0
umoris 1 0
schiefen 3 0
egociation 6 0
mentem 4 0
exhumed 2 0
prophet 37 0
erision 1 0
oeil 2 0
distilled 13 0
behilft 2 0
commentator 6 0
flotillas 1 0
ultivate 2 0
handicapped 5 0
viewed 39 0
ehrende 2 0
osicles 1 0
rzbischof 2 0
nwahrheiten 1 0
oesung 1 0
amidst 93 0
distiller 1 0
oehe 118 0
clapped 23 0
angestrahlten 1 0
blasted 20 0
ockies 2 0
deplored 10 0
concurrd 2 0
pproach 6 0
oeha 1 0
sedan 2 0
ausgesetzte 2 0
deplores 2 0
swathings 1 0
theirs 104 0
waenge 1 0
zusammengeschleppt 1 0
ittelpunkt 9 0
seekest 3 0
snatches 5 0
ladivostok 1 0
office 520 0
uehlst 3 0
drownin 2 0
perilous 44 0
barefoot 11 0
mkreise 1 0
incoming 2 0
exults 2 0
nterwelt 1 0
theist 5 0
discretion 87 0
bailiff 14 0
elusion 3 0
seeketh 3 0
muendliche 2 0
moulde 1 0
theism 6 0
comprises 2 0
bination 1 0
reegid 1 0
snatched 51 0
comprised 22 0
glattzuengige 1 0
ependent 1 0
mented 1 0
blutigen 6 0
egendary 1 0
mutely 3 0
natuerlicherweise 2 0
seiseki 1 0
estament 69 0
ustrians 12 0
occcacio 1 0
mental 175 0
tiring 4 0
eingefallen 11 0
installing 1 0
oems 19 0
erhoehner 1 0
gangrene 1 0
empfundenen 1 0
mnipresent 1 0
extirpating 2 0
bedingten 2 0
oeli 7 0
eadach 1 0
pressions 1 0
uralte 2 0
oelf 1 0
blutenden 1 0
oell 12 0
wohlhabend 2 0
oeln 2 0
mpfindungen 116 0
sojourners 1 0
oels 1 0
issuance 1 0
zurueckschiessen 1 0
elusine 1 0
foundering 2 0
ahihiokalani 1 0
uaelortes 1 0
paint 96 0
pains 144 0
achtundzwanzigmal 1 0
improvisation 2 0
trickzeug 4 0
grauern 1 0
ugsburg 36 0
paine 6 0
ilverware 2 0
mocks 5 0
communed 4 0
paina 1 0
verdankt 1 0
oeni 1 0
theion 1 0
ivilities 8 0
uvier 1 0
ondensed 1 0
arnstable 2 0
ranzen 6 0
oena 2 0
ranzes 1 0
heedful 1 0
oene 26 0
verdanke 5 0
tockwerken 1 0
anister 1 0
hierzu 2 0
nsinn 13 0
perisheth 2 0
pails 2 0
undisturbed 48 0
abgeschafft 1 0
extended 203 0
current 146 0
resorting 3 0
moulds 11 0
eracity 5 0
gincourt 5 0
mouldy 5 0
heretical 20 0
cartons 1 0
grauete 1 0
communia 3 0
churchwardens 8 0
jeedgement 2 0
schaden 13 0
chewers 1 0
renada 4 0
penurious 1 0
schadet 10 0
senktest 1 0
merriment 18 0
renade 1 0
undurchdringliche 1 0
zurueckziehen 9 0
eligiositaet 1 0
oepf 1 0
oesn 5 0
oest 49 0
vorwaerts 30 0
nachmittag 1 0
pairt 5 0
pairs 31 0
oesy 2 0
communis 2 0
zusammenarbeiten 1 0
cheered 17 0
subjection 36 0
ugenius 3 0
excesses 26 0
booted 1 0
oese 10 0
parrts 1 0
paire 1 0
durchdruecken 1 0
oero 2 0
oers 2 0
nthologia 3 0
bootes 2 0
oert 11 0
functionaries 17 0
zepter 3 0
vergehen 10 0
novelties 12 0
naval 64 0
sorcerers 10 0
oere 10 0
sorrowful 51 0
oeur 9 0
rrors 10 0
amelukes 2 0
blabbin 1 0
sikkar 2 0
sorceress 3 0
wegzuschicken 1 0
verbunden 49 0
usbreitung 2 0
proprietary 124 0
unwarily 2 0
uvido 1 0
nastasia 2 0
erquisites 3 0
annwart 1 0
essenger 6 0
nonconformists 1 0
oets 19 0
vermutet 9 0
mutete 1 0
vermuten 29 0
telepathic 16 0
oetz 374 0
oeta 2 0
oete 11 0
uncared 1 0
booths 11 0
raeludium 1 0
subjecting 12 0
russet 10 0
russes 1 0
aederwerk 1 0
nospen 4 0
solecisms 2 0
claying 4 0
durchlesen 1 0
ucurbites 2 0
secla 1 0
rivage 1 0
adurlad 1 0
issing 4 0
arbitress 1 0
seless 1 0
herumkriechen 1 0
oewe 12 0
umour 30 0
edicated 1 0
theies 1 0
isconstruction 1 0
protrusion 1 0
feifenschneiden 1 0
entschliesst 3 0
rightly 105 0
aquilina 1 0
lauschend 3 0
consummated 5 0
piercingly 1 0
naves 6 0
aquiline 4 0
rrows 7 0
chwiegersuhn 1 0
navel 3 0
sergeants 3 0
umoto 3 0
praesentierte 3 0
entschliesse 2 0
paineth 4 0
elschland 1 0
chirruping 1 0
flag 49 0
wegzufliehen 1 0
insignificant 98 0
brazed 1 0
andjaegermeister 1 0
ehrlingen 1 0
aushalte 1 0
irdenen 1 0
ereintreten 4 0
ranzos 2 0
uphrante 2 0
carhorse 1 0
inexorably 1 0
feurige 5 0
flay 7 0
archbishopric 1 0
flax 28 0
flaw 9 0
irdenes 1 0
massiven 1 0
flat 180 0
bwegen 2 0
flap 13 0
hierry 3 0
ratorians 8 0
brazen 21 0
occupying 21 0
sickening 11 0
thudding 1 0
nequality 2 0
ission 23 0
suggest 120 0
drummer 2 0
inexorable 18 0
litigants 1 0
gmonts 13 0
plotters 3 0
righton 27 0
uplifts 2 0
responses 2 0
drummed 1 0
ressembler 1 0
argument 327 0
buesse 2 0
rived 2 0
hopeful 22 0
beguenstigten 1 0
oldfruechte 1 0
abzuborgen 1 0
rivacy 3 0
sechs 26 0
effusion 7 0
olturnus 1 0
iolation 3 0
mpfindungsalphabet 1 0
palmyrisches 1 0
umdrehen 2 0
vorausfahrenden 1 0
uschwerk 1 0
favorites 3 0
poetischen 8 0
instances 174 0
aritaeten 1 0
fleh 1 0
zuckende 1 0
fleg 1 0
flee 70 0
fled 124 0
poetisches 2 0
flea 1 0
poetischer 5 0
instanced 1 0
ausgestreckte 2 0
fabelt 1 0
flex 1 0
lurridy 2 0
flew 99 0
limitless 5 0
unblacked 2 0
hineinlege 1 0
inbruenstig 2 0
rivat 2 0
brummten 2 0
interpretantur 1 0
accloyeth 1 0
bedrohen 1 0
response 42 0
responsive 5 0
umors 5 0
rival 111 0
congregashun 1 0
[Test]Status Code is 200 ?org.assertj.core.api.GenericComparableAssert@1
[Test]Search b again = 2 183 ?org.assertj.core.api.StringAssert@1
[Test]Search b again = 3 183 ?org.assertj.core.api.StringAssert@1
3 183
12 183
[Test]Status Code is 200 ?org.assertj.core.api.GenericComparableAssert@1
[Test]Search b again = 14 183 ?org.assertj.core.api.StringAssert@1
[Test]Search b again = 15 183 ?org.assertj.core.api.StringAssert@1
15 183
24 183
[Test]Status Code is 200 ?org.assertj.core.api.GenericComparableAssert@1
[Test]Search b again = 26 183 ?org.assertj.core.api.StringAssert@1
[Test]Search b again = 27 183 ?org.assertj.core.api.StringAssert@1
27 183
36 183
[Test]Status Code is 200 ?org.assertj.core.api.GenericComparableAssert@1
[Test]Search b again = 38 183 ?org.assertj.core.api.StringAssert@1
[Test]Search b again = 39 183 ?org.assertj.core.api.StringAssert@1
39 183
48 183
[Test]Status Code is 200 ?org.assertj.core.api.GenericComparableAssert@1
[Test]Search b again = 50 183 ?org.assertj.core.api.StringAssert@1
[Test]Search b again = 51 183 ?org.assertj.core.api.StringAssert@1
51 183
60 183
[Test] Does read all db by using /init ?
All Files' wordcount data consolidated in 
[File] /Users/raliclo/work/bak2/HackerRanks/IDEAs/src/main/java/org/raliclo/WordCountWeb/avroModel/wordCounts.avro
[Test] Does recount works ?
[Test] Dictionary Size is 120927
[Note] Random Sample Size ~ 200, It may take a long time... please wait ...
Entry #0 Search:aporian
Entry #1 Search:otengewoelbes
Entry #2 Search:vaster
Entry #3 Search:traditionary
Entry #4 Search:historic
Entry #5 Search:pensiond
Entry #6 Search:usshaftigkeit
Entry #7 Search:aufloderten
Entry #8 Search:laecheln
Entry #9 Search:ewuenschte
Entry #10 Search:mountainous
Entry #11 Search:rovided
Entry #12 Search:icicles
Entry #13 Search:ippio
Entry #14 Search:anmasste
Entry #15 Search:vorausspaziert
Entry #16 Search:ozzi
Entry #17 Search:rueben
Entry #18 Search:ustralia
Entry #19 Search:diocesan
Entry #20 Search:arhchegoz
Entry #21 Search:weggebrochen
Entry #22 Search:deuteten
Entry #23 Search:ergama
Entry #24 Search:auntleroy
Entry #25 Search:ueberblickt
Entry #26 Search:oinings
Entry #27 Search:conscripts
Entry #28 Search:armipotent
Entry #29 Search:omcare
Entry #30 Search:juste
Entry #31 Search:aurade
Entry #32 Search:vulcanizing
Entry #33 Search:sindon
Entry #34 Search:blithely
Entry #35 Search:maligne
Entry #36 Search:essres
Entry #37 Search:cages
Entry #38 Search:asing
Entry #39 Search:etective
Entry #40 Search:machtlos
Entry #41 Search:hartem
Entry #42 Search:disobedient
Entry #43 Search:feets
Entry #44 Search:uakers
Entry #45 Search:congergashun
Entry #46 Search:glaeubigen
Entry #47 Search:einernten
Entry #48 Search:kirchlich
Entry #49 Search:craftier
Entry #50 Search:unmake
Entry #51 Search:nregelmaessigkeit
Entry #52 Search:ebensmuede
Entry #53 Search:ivilian
Entry #54 Search:ersehe
Entry #55 Search:oehlerhuetten
Entry #56 Search:intitled
Entry #57 Search:cautus
Entry #58 Search:kings
Entry #59 Search:sympathise
Entry #60 Search:somnambulic
Entry #61 Search:sehnen
Entry #62 Search:ndros
Entry #63 Search:eschwerden
Entry #64 Search:dorrt
Entry #65 Search:milky
Entry #66 Search:beharren
Entry #67 Search:wirfst
Entry #68 Search:morrows
Entry #69 Search:shine
Entry #70 Search:dozing
Entry #71 Search:development
Entry #72 Search:nachfragn
Entry #73 Search:apo
Entry #74 Search:naturel
Entry #75 Search:roul
Entry #76 Search:dub
Entry #77 Search:convince
Entry #78 Search:eir
Entry #79 Search:heaven
Entry #80 Search:hne
Entry #81 Search:distance
Entry #82 Search:abgewonnen
Entry #83 Search:rabble
Entry #84 Search:moi
Entry #85 Search:hinaufkommt
Entry #86 Search:hingetriebene
Entry #87 Search:aing
Entry #88 Search:lcibiaden
Entry #89 Search:ostrich
Entry #90 Search:adaqua
Entry #91 Search:peedy
Entry #92 Search:eihnachten
Entry #93 Search:blindem
Entry #94 Search:runkard
Entry #95 Search:athaus
Entry #96 Search:wohlbewohnten
Entry #97 Search:aborigine
Entry #98 Search:detailing
Entry #99 Search:vermaehlen
Entry #100 Search:weiden
Entry #101 Search:herausgesetzt
Entry #102 Search:profundity
Entry #103 Search:apithai
Entry #104 Search:symbolize
Entry #105 Search:unraetlich
Entry #106 Search:etragens
Entry #107 Search:reisst
Entry #108 Search:upfern
Entry #109 Search:aufrichtiger
Entry #110 Search:trembled
Entry #111 Search:uillaume
Entry #112 Search:individuell
Entry #113 Search:hinueberzog
Entry #114 Search:otenmahlen
Entry #115 Search:chweidnitz
Entry #116 Search:consignd
Entry #117 Search:uilders
Entry #118 Search:erspicuity
Entry #119 Search:taps
Entry #120 Search:abhaelt
Entry #121 Search:poisoners
Entry #122 Search:icino
Entry #123 Search:atechism
Entry #124 Search:recothick
Entry #125 Search:bekraenzt
Entry #126 Search:leichterem
Entry #127 Search:kindeness
Entry #128 Search:aechstes
Entry #129 Search:accentuate
Entry #130 Search:binna
Entry #131 Search:cars
Entry #132 Search:tuas
Entry #133 Search:lowland
Entry #134 Search:overwhelmd
Entry #135 Search:anfragenden
Entry #136 Search:graesslichen
Entry #137 Search:lcky
Entry #138 Search:knives
Entry #139 Search:klagst
Entry #140 Search:urasian
Entry #141 Search:entdecket
Entry #142 Search:gestund
Entry #143 Search:uncultured
Entry #144 Search:curule
Entry #145 Search:esterner
Entry #146 Search:geborgen
Entry #147 Search:rowen
Entry #148 Search:frika
Entry #149 Search:aufhoebe
Entry #150 Search:bschriebn
Entry #151 Search:ottsnam
Entry #152 Search:scalus
Entry #153 Search:albernen
Entry #154 Search:aggregates
Entry #155 Search:kriege
Entry #156 Search:rivations
Entry #157 Search:hemann
Entry #158 Search:verfertigen
Entry #159 Search:egulus
Entry #160 Search:entzueckender
Entry #161 Search:fakir
Entry #162 Search:steologie
Entry #163 Search:fanne
Entry #164 Search:temholen
Entry #165 Search:outbalance
Entry #166 Search:penitential
Entry #167 Search:munitions
Entry #168 Search:purging
Entry #169 Search:earthward
Entry #170 Search:uwelier
Entry #171 Search:dahinfuhren
Entry #172 Search:loophole
Entry #173 Search:cranes
Entry #174 Search:uckoo
Entry #175 Search:widerhallt
Entry #176 Search:allerliebstes
Entry #177 Search:entzweiet
Entry #178 Search:capstan
Entry #179 Search:tiftungen
Entry #180 Search:ordyce
Entry #181 Search:oundery
Entry #182 Search:nobless
Entry #183 Search:eneral
Entry #184 Search:underlings
Entry #185 Search:disagreeable
Entry #186 Search:laeve
Entry #187 Search:thwart
Entry #188 Search:observing
Entry #189 Search:beinahe
Entry #190 Search:morgens
Entry #191 Search:herumgegeben
Entry #192 Search:appellantur
Entry #193 Search:disengage
Entry #194 Search:spicking
Entry #195 Search:sacerdotal
Entry #196 Search:parkes
Entry #197 Search:internis
Entry #198 Search:risar
Entry #199 Search:uastalla
Entry #200 Search:allings
Entry #201 Search:herrlichen
Entry #202 Search:desirable
Entry #203 Search:flege
Entry #204 Search:mpfindungsalphabet
]]></system-out>
  <system-err><![CDATA[JavaScript warning: https://normandy-cloudfront.cdn.mozilla.net/static/bundles/selfrepair-6446438a02ad6ce6ebb8.js, line 7: mutating the [[Prototype]] of an object will cause your code to run very slowly; instead create the object with the correct initial [[Prototype]] value using Object.create
]]></system-err>
</testsuite>
