<?xml version="1.0" encoding="UTF-8"?>
<testsuite name="ScalaTest.testNGTest" tests="1" skipped="0" failures="0" errors="0" timestamp="2017-03-20T01:04:06" hostname="tastypotinc.private" time="0.004">
  <properties/>
  <testcase name="verifyEasy" classname="ScalaTest.testNGTest" time="0.004"/>
  <system-out><![CDATA[]]></system-out>
  <system-err><![CDATA[]]></system-err>
</testsuite>
