<?xml version="1.0" encoding="UTF-8"?>
<testsuite name="beginner.TestNG0" tests="1" skipped="0" failures="0" errors="0" timestamp="2017-02-19T12:30:07" hostname="tastypotinc.private" time="0.003">
  <properties/>
  <testcase name="testAdd" classname="beginner.TestNG0" time="0.003"/>
  <system-out><![CDATA[--> TestNG is working fine
]]></system-out>
  <system-err><![CDATA[]]></system-err>
</testsuite>
