<?xml version="1.0" encoding="UTF-8"?>
<testsuite name="advanced_Selenium.phantomjsTest" tests="1" skipped="0" failures="0" errors="0" timestamp="2017-03-30T10:40:19" hostname="tastypotinc.private" time="24.892">
  <properties/>
  <testcase name="testPhantomJSDriver" classname="advanced_Selenium.phantomjsTest" time="24.892"/>
  <system-out><![CDATA[03:40:20,546 |-INFO in ch.qos.logback.classic.LoggerContext[default] - Could NOT find resource [logback-test.xml]
03:40:20,551 |-INFO in ch.qos.logback.classic.LoggerContext[default] - Could NOT find resource [logback.groovy]
03:40:20,554 |-INFO in ch.qos.logback.classic.LoggerContext[default] - Found resource [logback.xml] at [jar:file:/Users/raliclo/.gradle/caches/modules-2/files-2.1/net.sourceforge.tess4j/tess4j/3.3.1/28dd31fb616a0cc134558a320344298114161b1e/tess4j-3.3.1.jar!/logback.xml]
03:40:20,595 |-WARN in ch.qos.logback.classic.LoggerContext[default] - Resource [logback.xml] occurs multiple times on the classpath.
03:40:20,595 |-WARN in ch.qos.logback.classic.LoggerContext[default] - Resource [logback.xml] occurs at [jar:file:/Users/raliclo/.gradle/caches/modules-2/files-2.1/net.sourceforge.tess4j/tess4j/3.3.1/28dd31fb616a0cc134558a320344298114161b1e/tess4j-3.3.1.jar!/logback.xml]
03:40:20,595 |-WARN in ch.qos.logback.classic.LoggerContext[default] - Resource [logback.xml] occurs at [jar:file:/Users/raliclo/.gradle/caches/modules-2/files-2.1/org.springframework.data/spring-data-rest-tests-core/3.0.0.BUILD-SNAPSHOT/56aec4a84d69f0284ae67ef39489ee3212aeea20/spring-data-rest-tests-core-3.0.0.BUILD-SNAPSHOT-tests.jar!/logback.xml]
03:40:20,747 |-INFO in ch.qos.logback.core.joran.spi.ConfigurationWatchList@380c2fd5 - URL [jar:file:/Users/raliclo/.gradle/caches/modules-2/files-2.1/net.sourceforge.tess4j/tess4j/3.3.1/28dd31fb616a0cc134558a320344298114161b1e/tess4j-3.3.1.jar!/logback.xml] is not of type file
03:40:23,017 |-INFO in ch.qos.logback.classic.joran.action.ConfigurationAction - debug attribute not set
03:40:23,179 |-INFO in ch.qos.logback.core.joran.action.AppenderAction - About to instantiate appender of type [ch.qos.logback.core.ConsoleAppender]
03:40:23,259 |-INFO in ch.qos.logback.core.joran.action.AppenderAction - Naming appender as [STDOUT]
03:40:23,784 |-INFO in ch.qos.logback.classic.joran.action.LoggerAction - Setting level of logger [com.levigo] to INFO
03:40:23,784 |-INFO in ch.qos.logback.classic.joran.action.RootLoggerAction - Setting level of ROOT logger to INFO
03:40:23,784 |-INFO in ch.qos.logback.core.joran.action.AppenderRefAction - Attaching appender named [STDOUT] to Logger[ROOT]
03:40:23,787 |-INFO in ch.qos.logback.classic.joran.action.ConfigurationAction - End of configuration.
03:40:23,789 |-INFO in ch.qos.logback.classic.joran.JoranConfigurator@5b439b31 - Registering current configuration as safe fallback point

<!DOCTYPE html><html class=" js csstransitions"><head>
        <meta charset="utf-8">
        <title>國立清華大學</title>

        <meta property="og:title" content="國立清華大學">
        <meta property="og:url" content="http://www.nthu.edu.tw/">
        <meta property="og:description" content="國立清華大學-1909年以美國退還庚子賠款，成立游美學務處選派學生留美。1911年設校稱清華學堂。幾經戰亂，1955年復校於新竹。清華大學復校初期重點為原子科學，其後則擴展至理工方面，近十幾年來更積極發展人文社會、生命科學、電機資訊與科技管理；漸漸地，清華已成為一文、理、工均衡發展的學府。秉持「自強不息，厚德載物」校訓，致力培育德、智、體、群、美五育兼優，兼具科學與人文素養的領導者和社會公民。">
        <meta property="og:image" content="http://www.nthu.edu.tw/_img/NTHU-logo.png">
        <meta name="keywords" content="National Tsing Hua University,國立清華大學,清華,清大">
        <meta name="description" content="國立清華大學-1909年以美國退還庚子賠款，成立游美學務處選派學生留美。1911年設校稱清華學堂。幾經戰亂，1955年復校於新竹。清華大學復校初期重點為原子科學，其後則擴展至理工方面，近十幾年來更積極發展人文社會、生命科學、電機資訊與科技管理；漸漸地，清華已成為一文、理、工均衡發展的學府。秉持「自強不息，厚德載物」校訓，致力培育德、智、體、群、美五育兼優，兼具科學與人文素養的領導者和社會公民。">

        <meta name="viewport" content="width=device-width, initial-scale=1.0">
<meta http-equiv="X-UA-Compatible" content="IE=edge,Chrome=1">
<base href="http://www.nthu.edu.tw//public/">
<link rel="shortcut icon" type="image/x-icon" href="http://www.nthu.edu.tw/favicon-nthu.ico"> <!--favicon.ico-->
<!--GA-->
<script async="" src="https://www.google-analytics.com/analytics.js"></script><script>
  (function(i,s,o,g,r,a,m){i['GoogleAnalyticsObject']=r;i[r]=i[r]||function(){
  (i[r].q=i[r].q||[]).push(arguments)},i[r].l=1*new Date();a=s.createElement(o),
  m=s.getElementsByTagName(o)[0];a.async=1;a.src=g;m.parentNode.insertBefore(a,m)
  })(window,document,'script','https://www.google-analytics.com/analytics.js','ga');

  ga('create', 'UA-1517626-6', 'auto');
  ga('send', 'pageview');

</script>
<!--GA-->


<link href="style/reset.css" rel="stylesheet" type="text/css">
<link href="style/header.css" rel="stylesheet" type="text/css">
<link href="style/footer.css" rel="stylesheet" type="text/css">

<!--js-->

<script src="js/jquery-1.8.2.min.js" type="text/javascript"></script>
<script src="js/CreateHTML5Elements.js" type="text/javascript"></script>
<script src="js/jquery.easing.1.3.js" type="text/javascript"></script>
<script src="js/modernizr.custom.js" type="text/javascript"></script>
<script src="js/jquery-ui-1.10.1.custom.min.js" type="text/javascript"></script>
<script src="js/custom.js" type="text/javascript"></script>
<noscript>以上六個Script功能提供基本運作功能，若您的瀏覽器不支援此項功能，也不影響你閱讀本網站資訊。</noscript>

<!-- Menu -->

<script src="js/jquery.meanmenu.js"></script>
<script>
    jQuery(document).ready(function () {
        jQuery('nav').meanmenu();
    });
</script>

<!-- SEARCH -->

<script type="text/javascript">
$(document).ready(function(){
	// search
	$('#searchBtn').click(function () {
		$('#searchForm').attr('action', '/searchUrl/index');

		$('#searchForm').attr('method', 'get');
		$('#searchForm').attr('target', '_blank');
		$('#searchForm').submit();
	})
});
</script>

<noscript>本Script功能提供選單功能，若您的瀏覽器不支援此項功能，也不影響你閱讀本網站資訊。</noscript>

<!--收合-->
<script type="text/javascript">
    function carrousel_show_cover(id) {
        $("#hide_text_" + id).slideToggle(100);
    }

    function carrousel_hide_cover(id) {
        $("#hide_text_" + id).hide(10);
    }
</script>

<script src="js/nthu.js"></script>        <link href="style/index.css" rel="stylesheet" type="text/css">

        <!-- FlexSlider -->
        <script defer="" src="js/jquery.flexslider.js"></script>
        <script type="text/javascript">
            $(window).load(function () {
                $('.flexslider').flexslider({
                    animation: "slide"
                });
            });
        </script>
        <noscript>本Script功能提供廣告輪播功能，若您的瀏覽器不支援此項功能，也不影響你閱讀本網站資訊。</noscript>

        <!-- Flexisel -->
        <script src="js/jquery.flexisel.js"></script>
        <noscript>本Script功能提供小廣告輪播功能，若您的瀏覽器不支援此項功能，也不影響你閱讀本網站資訊。</noscript>

    </head>

    <body class="mean-container"><div class="mean-bar"><a href="#nav" class="meanmenu-reveal" style="background:;color:;right:0;left:auto;"><span></span><span></span><span></span></a><nav class="mean-nav">
	<ul style="display: none;">
    	<li><a href="/about">認識清華</a></li><!--<i class="fa fa-angle-down" aria-hidden="true"></i>-->
        <li><a href="/units/administrative">行政單位</a></li><!--<i class="fa fa-angle-down" aria-hidden="true"></i>-->
        <li><a href="/units/education">教學單位</a></li><!--<i class="fa fa-angle-down" aria-hidden="true"></i>-->
        <li><a href="/units/researchCenter">研究中心</a></li><!--<i class="fa fa-angle-down" aria-hidden="true"></i>-->
        <li><a href="http://www.lib.nthu.edu.tw/" target="_blank">圖書館</a></li><!--<i class="fa fa-angle-down" aria-hidden="true"></i>-->
        <li><a href="http://www.cc.nthu.edu.tw/bin/home.php" target="_blank">計算機與通訊中心</a></li><!--<i class="fa fa-angle-down" aria-hidden="true"></i>-->
        <li><a href="http://admission.nthu.edu.tw/" target="_blank">招生專區</a></li>
        <li><a href="https://www.ccxp.nthu.edu.tw/ccxp/INQUIRE/" target="_blank">校務資訊系統</a></li>
        <li class="mean-last"><a href="http://www.nhcue.edu.tw" target="_blank">南大校區</a></li>
    </ul>
</nav></div>
        <div class="weapper">
<header>
	<div class="container">
        <div class="logo"><a href="/"><img src="images/logo.png" alt="國立清華大學logo"></a></div>
        <div class="top">
		
        	<ul>
				<a href="/sitemap" accesskey="U" class="tab" title="上方選單區">:::</a>
            	<li>
                	<!-- -------------------------- { 搜尋區 } -------------------------- -->
                    <form name="searchForm" id="searchForm" method="get" accept-charset="utf-8">
                        <div class="width-25">
                        	<select id="type" name="type">
                        	  <option>Web</option>
                              <option value="1">People</option>
                              <option value="2">Offices</option>
                        	</select>
                        </div>
                        <div class="width-75 input">
                            <input name="q" id="q" type="text" placeholder="search"><input name="searchBtn" id="searchBtn" type="button">
                        </div>
                    </form>
                    <!-- -------------------------- { 搜尋區 end } -------------------------- -->

                    <div class="width-100 pull-right text">
                        <a href="/sitemap">網站導覽</a> | 
                        <a href="http://ccc-nthudss.vm.nthu.edu.tw/" target="_blank">通訊錄</a> | 
                        <a href="http://dgaa.web.nthu.edu.tw/files/11-1074-2942.php" target="_blank">行事曆</a> | 
                        <a href="http://dud.web.nthu.edu.tw/files/11-1675-9374.php?Lang=zh-tw" target="_blank">捐款</a> | 
                        <a href="http://nthu-en.web.nthu.edu.tw/bin/home.php" target="_blank">English</a>
                    </div>
                </li>
                <li>
                    <a href="/entrance/student">在校生</a> | 
                    <a href="http://oga.nthu.edu.tw/" target="_blank">International Students</a> | 
                    <a href="http://gsa.web.nthu.edu.tw/files/11-1146-3222.php" target="_blank">僑 生</a> | 
                    <a href="http://oga.nthu.edu.tw/cont.php?id=398&amp;m=m141&amp;mm=mm142&amp;tc=8&amp;lang=big5" target="_blank">陸  生</a><span>|</span>
                </li>

                <li>
                    <a href="/entrance/teacher">教職員</a> | 
                    <a href="http://alumni.web.nthu.edu.tw/bin/home.php" target="_blank">校友</a> | 
                    <a href="http://admission.nthu.edu.tw/" target="_blank">未來學生</a> | 
                    <a href="/entrance/visitor">訪 客</a> | 
                    <a href="http://www1.nthu.edu.tw/" target="_blank">舊版首頁</a>
                </li>

                <li>
                    <a href="/hotNews">首頁故事</a> | 
                    <a href="/periodical">清華簡訊</a> | 
                    <a href="/newsLetter">NTHU Newsletter</a>
                </li>

                

            </ul>
        </div>
    </div>
</header>

<section>
<div class="container">
    <div class="mean-push"></div><nav class="main_menu" style="display: none;">
	<ul>
    	<li><a href="/about">認識清華</a></li><!--<i class="fa fa-angle-down" aria-hidden="true"></i>-->
        <li><a href="/units/administrative">行政單位</a></li><!--<i class="fa fa-angle-down" aria-hidden="true"></i>-->
        <li><a href="/units/education">教學單位</a></li><!--<i class="fa fa-angle-down" aria-hidden="true"></i>-->
        <li><a href="/units/researchCenter">研究中心</a></li><!--<i class="fa fa-angle-down" aria-hidden="true"></i>-->
        <li><a href="http://www.lib.nthu.edu.tw/" target="_blank">圖書館</a></li><!--<i class="fa fa-angle-down" aria-hidden="true"></i>-->
        <li><a href="http://www.cc.nthu.edu.tw/bin/home.php" target="_blank">計算機與通訊中心</a></li><!--<i class="fa fa-angle-down" aria-hidden="true"></i>-->
        <li><a href="http://admission.nthu.edu.tw/" target="_blank">招生專區</a></li>
        <li><a href="https://www.ccxp.nthu.edu.tw/ccxp/INQUIRE/" target="_blank">校務資訊系統</a></li>
        <li><a href="http://www.nhcue.edu.tw" target="_blank">南大校區</a></li>
    </ul>
</nav>
        <a href="" accesskey="L" class="tab" title="中間內容區">:::</a>

                    <!-- 首頁故事 -->
            <div class="slider">
                <div class="flexslider">
                    
                <div class="flex-viewport" style="overflow: hidden; position: relative;"><ul class="slides" style="width: 1000%; -webkit-transition: 0s; transition: 0s; -webkit-transform: translate3d(-380px, 0, 0);"><li class="clone" aria-hidden="true" style="width: 380px; float: left; display: block;"><a href="/hotNews/content/386"><img src="/images/hnMain_148999817048.jpg" alt="計財系林哲群教授出書 《財務管理 輕鬆上手》" draggable="false"><div>計財系林哲群教授出書 《財務管理 輕鬆上手》</div></a></li>
                                                    <li style="width: 380px; float: left; display: block;" class="flex-active-slide"><a href="/hotNews/content/415"><img src="/images/hnMain_149077504872.jpg" alt="梅花傲骨攝影比賽  得獎者揭曉" draggable="false"><div>梅花傲骨攝影比賽  得獎者揭曉</div></a></li>
                                                    <li style="width: 380px; float: left; display: block;"><a href="/hotNews/content/413"><img src="/images/hnMain_149033895155.jpg" alt="清華學生創舉 在地良米直達校園" draggable="false"><div>清華學生創舉 在地良米直達校園</div></a></li>
                                                    <li style="width: 380px; float: left; display: block;"><a href="/hotNews/content/386"><img src="/images/hnMain_148999817048.jpg" alt="計財系林哲群教授出書 《財務管理 輕鬆上手》" draggable="false"><div>計財系林哲群教授出書 《財務管理 輕鬆上手》</div></a></li>
                                            <li style="width: 380px; float: left; display: block;" class="clone" aria-hidden="true"><a href="/hotNews/content/415"><img src="/images/hnMain_149077504872.jpg" alt="梅花傲骨攝影比賽  得獎者揭曉" draggable="false"><div>梅花傲骨攝影比賽  得獎者揭曉</div></a></li></ul></div><ol class="flex-control-nav flex-control-paging"><li><a class="flex-active">1</a></li><li><a>2</a></li><li><a>3</a></li></ol><ul class="flex-direction-nav"><li class="flex-nav-prev"><a class="flex-prev" href="#">Previous</a></li><li class="flex-nav-next"><a class="flex-next" href="#">Next</a></li></ul></div>
            </div>
            <!-- 首頁故事 end -->
        
        <div class="width-100 main">

            
                            <!-- 卓越獎項 -->
                <div>
                    <h1>卓 越 獎 項</h1>
                    <ul>
                                                    <li><a href="/award/content/109">物理系果尚志教授榮獲侯金堆傑出榮譽獎</a></li>
                                                    <li><a href="/award/content/108">工工系簡禎富教授榮獲行政院傑出科技貢獻獎</a></li>
                                                    <li><a href="/award/content/107">化工系陳信文教授榮獲美國TMS學會｢2017年功能性材料傑出科學家/工程師獎｣</a></li>
                                                    <li><a href="/award/content/106">化工系黃振煌助理教授榮獲2016年百大科技研發獎(R&amp;D 100 Awards)</a></li>
                                                    <li><a href="/award/content/105">生科院江安世院長當選TWAS新任院士</a></li>
                                                    <li><a href="/award/content/104">化學系王素蘭教授、物理系郭瑞年教授及電機系張正尚教授榮獲教育部第20屆國家講座</a></li>
                                                <a href="/award">Read more</a>
                    </ul>
                </div>
                <!-- 卓越獎項 end -->
            
                            <!-- 清華新聞 -->
                <div>
                    <h1>清 華 新 聞</h1>
                                            <div>
                            <div class="width-28"><img src="/images/news_148913534496.JPG" alt="清華機器人現身大博會 教考生推甄技巧"></div>
                            <div class="width-72">
                                <p class="fontsize18">清華機器人現身大博會 教考生推甄技巧</p>
                                <p>2017大學校院博覽會將於24至26日在台北、高雄、台中三地登場，今年清華大學新增竹師...<a href="http://secretary.web.nthu.edu.tw/files/15-1160-114702,c8330-1.php?Lang=zh-tw" target="_blank">Read more</a></p>
                            </div>
                        </div>
                                            <div>
                            <div class="width-28"><img src="/images/news_148913512250.jpg" alt="清華動機 全台第一"></div>
                            <div class="width-72">
                                <p class="fontsize18">清華動機 全台第一</p>
                                <p>QS今天公布全球大學學科排名。清華大學動機學科在全球大學的機械工程領域排名第38，...<a href="http://secretary.web.nthu.edu.tw/files/15-1160-115255,c8330-1.php?Lang=zh-tw" target="_blank">Read more</a></p>
                            </div>
                        </div>
                                            <div>
                            <div class="width-28"><img src="/images/news_148643185054.jpg" alt="清華「運動績優」招生 名額增6成 "></div>
                            <div class="width-72">
                                <p class="fontsize18">清華「運動績優」招生 名額增6成 </p>
                                <p>&nbsp;國立清華大學106學年度擴大「運動績優」招生，名額由前一學年的18名增加到31...<a href="http://secretary.web.nthu.edu.tw/files/15-1160-113523,c8330-1.php?Lang=zh-tw" target="_blank">Read more</a></p>
                            </div>
                        </div>
                                            <div>
                            <div class="width-28"><img src="/images/news_148472791538.jpg" alt="清華首招天文物理組 號召高中生探索宇宙"></div>
                            <div class="width-72">
                                <p class="fontsize18">清華首招天文物理組 號召高中生探索宇宙</p>
                                <p>&nbsp;有些學生從小就對天文著迷，立志要探索宇宙，但國內大學卻沒有專門的天文系，...<a href="http://secretary.web.nthu.edu.tw/files/15-1160-113147,c8330-1.php?Lang=zh-tw" target="_blank">Read more</a></p>
                            </div>
                        </div>
                                    </div>
                <!-- 清華新聞 end -->
            
                            <!-- 影音新聞 -->
                <div>
                    <h1>影 音 新 聞</h1>
                                            <div class="width-100 video">
                            <div class="width-65"><iframe width="560" height="315" src="https://www.youtube.com/embed/IVlkBdNPbOY" frameborder="0" allowfullscreen="" title="清華學生創舉 在地良米直達校園"></iframe></div>
                            <div class="width-35">
                                <p class="fontsize18">清華大學學生首開全國大學校園之先，從今天起，引進新竹在地小農生產稻米，把當期品質最好、健康無毒的新米，直送校內學生餐廳，除以實際行動支持在地小農，也打造更優質的校園飲食環境，為讓校內師生認識這些友善店家，清華大學「風雲在地健康米」學生團...</p>
                            </div>
                            <a href="http://nthunews.media.nthu.edu.tw/" target="_blank">Read more</a>
                        </div>
                                    </div>
                <!-- 影音新聞 end -->
            
                            <!-- 媒體報導 -->
                <div>
                    <h1>媒 體 報 導</h1>
                    <ul>
                                                    <li><a href="/mediaReport/content/181">國研盃智慧機械設計競賽由清大「從缺」隊奪冠 演講競賽清大蕭荏...</a></li>
                                                    <li><a href="/mediaReport/content/180">國研盃智慧機械競賽 展現學子創造力</a></li>
                                                    <li><a href="/mediaReport/content/179">《從缺》猴塞雷 獲國研盃智慧機械競賽冠軍</a></li>
                                                    <li><a href="/mediaReport/content/176">清大教授林哲群發表《財務管理 輕鬆上手》新書</a></li>
                                                    <li><a href="/mediaReport/content/175">清大率全國之先引進在地米 實際支持新竹米農</a></li>
                                                    <li><a href="/mediaReport/content/174">清大學生首創 引進在地良米直達校園餐廳</a></li>
                                                    <li><a href="/mediaReport/content/173">清大力挺在地稻農 優質米直達校園餐廳</a></li>
                                                    <li><a href="/mediaReport/content/172">清大與農友結合 在地米直送清大校園</a></li>
                                                    <li><a href="/mediaReport/content/171">清華大學實踐食農教育與校園餐廳推在地無毒健康米</a></li>
                                                    <li><a href="/mediaReport/content/170">劉兆玄：台灣看不見外界 何其諷刺</a></li>
                                                <a href="/mediaReport">Read more</a>
                    </ul>
                </div>
                <!-- 媒體報導 end -->
            
        </div>

                    <!-- 校內活動 -->
            <div class="width-100">
                <h1>校 內 活 動</h1>
                <div class="nbs-flexisel-container"><div class="nbs-flexisel-inner"><ul id="flexiselDemo2" class="nbs-flexisel-ul" style="left: -350px; display: block;">
                                            <li class="nbs-flexisel-item" style="width: 350px;">
                            <div>
                                <a href="http://bulletin.web.nthu.edu.tw/files/14-1912-112336,r5085-1.php?Lang=zh-tw" target="_blank"><img src="/images/event_148299488974.jpg" alt="【清一下】清華影音新聞平台徵求校園記者"></a>
                                <p>
                                    <span>【清一下】清華影音新聞平台徵求校園記者</span>
                                    <br><br>歡迎校內對新聞影音製作有興趣的同學報名<br><br>
                                    <span>聯絡資訊：公共事務組曾小姐</span>
                                    <a href="http://bulletin.web.nthu.edu.tw/files/14-1912-112336,r5085-1.php?Lang=zh-tw" target="_blank">Read more</a>
                                </p>
                            </div>
                        </li><li class="nbs-flexisel-item" style="width: 350px;">
                            <div>
                                <a href="http://ctld.nthu.edu.tw/course/index.php?mode=detail&amp;id=11830" target="_blank"><img src="/images/event_149034749819.jpg" alt="【學習系列講座-Part1】萬貫家財，不如創意在身：如何讓自己更"></a>
                                <p>
                                    <span>【學習系列講座-Part1】萬貫家財，不如創意在身：如何讓自己更</span>
                                    <br><br>4/25晚上7點在旺宏館R245教室<br><br>
                                    <span>請上教發中心網站報名</span>
                                    <a href="http://ctld.nthu.edu.tw/course/index.php?mode=detail&amp;id=11830" target="_blank">Read more</a>
                                </p>
                            </div>
                        </li>
                                            <li class="nbs-flexisel-item" style="width: 350px;">
                            <div>
                                <a href="http://peo.nthu.edu.tw/2017peorun/index.php" target="_blank"><img src="/images/event_149008688856.jpg" alt="106年校慶環校路跑"></a>
                                <p>
                                    <span>106年校慶環校路跑</span>
                                    <br><br>參加資格:本校學生、教職員工及校友<br><br>
                                    <span>106/3/31星期五下午5:00報名截止，只採網路線上報名</span>
                                    <a href="http://peo.nthu.edu.tw/2017peorun/index.php" target="_blank">Read more</a>
                                </p>
                            </div>
                        </li>
                                            <li class="nbs-flexisel-item" style="width: 350px;">
                            <div>
                                <a href="http://artscenter.web.nthu.edu.tw/files/13-1898-114106.php?Lang=zh-tw" target="_blank"><img src="/images/event_149008283354.jpg" alt="《硘歸本心》—林瑞華&amp;鄧淑慧雙個展"></a>
                                <p>
                                    <span>《硘歸本心》—林瑞華&amp;鄧淑慧雙個展</span>
                                    <br><br>展覽日期：03/27(一)至 04/30(日)<br><br>
                                    <span>展出地點：藝術中心展覽廳</span>
                                    <a href="http://artscenter.web.nthu.edu.tw/files/13-1898-114106.php?Lang=zh-tw" target="_blank">Read more</a>
                                </p>
                            </div>
                        </li>
                                            <li class="nbs-flexisel-item" style="width: 350px;">
                            <div>
                                <a href="http://bulletin.web.nthu.edu.tw/files/14-1912-112336,r5085-1.php?Lang=zh-tw" target="_blank"><img src="/images/event_148299488974.jpg" alt="【清一下】清華影音新聞平台徵求校園記者"></a>
                                <p>
                                    <span>【清一下】清華影音新聞平台徵求校園記者</span>
                                    <br><br>歡迎校內對新聞影音製作有興趣的同學報名<br><br>
                                    <span>聯絡資訊：公共事務組曾小姐</span>
                                    <a href="http://bulletin.web.nthu.edu.tw/files/14-1912-112336,r5085-1.php?Lang=zh-tw" target="_blank">Read more</a>
                                </p>
                            </div>
                        </li>
                                    <li class="nbs-flexisel-item" style="width: 350px;">
                            <div>
                                <a href="http://ctld.nthu.edu.tw/course/index.php?mode=detail&amp;id=11830" target="_blank"><img src="/images/event_149034749819.jpg" alt="【學習系列講座-Part1】萬貫家財，不如創意在身：如何讓自己更"></a>
                                <p>
                                    <span>【學習系列講座-Part1】萬貫家財，不如創意在身：如何讓自己更</span>
                                    <br><br>4/25晚上7點在旺宏館R245教室<br><br>
                                    <span>請上教發中心網站報名</span>
                                    <a href="http://ctld.nthu.edu.tw/course/index.php?mode=detail&amp;id=11830" target="_blank">Read more</a>
                                </p>
                            </div>
                        </li><li class="nbs-flexisel-item" style="width: 350px;">
                            <div>
                                <a href="http://peo.nthu.edu.tw/2017peorun/index.php" target="_blank"><img src="/images/event_149008688856.jpg" alt="106年校慶環校路跑"></a>
                                <p>
                                    <span>106年校慶環校路跑</span>
                                    <br><br>參加資格:本校學生、教職員工及校友<br><br>
                                    <span>106/3/31星期五下午5:00報名截止，只採網路線上報名</span>
                                    <a href="http://peo.nthu.edu.tw/2017peorun/index.php" target="_blank">Read more</a>
                                </p>
                            </div>
                        </li><li class="nbs-flexisel-item" style="width: 350px;">
                            <div>
                                <a href="http://artscenter.web.nthu.edu.tw/files/13-1898-114106.php?Lang=zh-tw" target="_blank"><img src="/images/event_149008283354.jpg" alt="《硘歸本心》—林瑞華&amp;鄧淑慧雙個展"></a>
                                <p>
                                    <span>《硘歸本心》—林瑞華&amp;鄧淑慧雙個展</span>
                                    <br><br>展覽日期：03/27(一)至 04/30(日)<br><br>
                                    <span>展出地點：藝術中心展覽廳</span>
                                    <a href="http://artscenter.web.nthu.edu.tw/files/13-1898-114106.php?Lang=zh-tw" target="_blank">Read more</a>
                                </p>
                            </div>
                        </li></ul><div class="nbs-flexisel-nav-left" style="top: 219px;"></div><div class="nbs-flexisel-nav-right" style="top: 219px;"></div></div></div>
                <div class="clearout"></div>
            </div>
            <!-- -校內活動 end -->
        
                    <!-- 下方橫幅輪播 -->
            <div class="width-100 link">
                <div class="nbs-flexisel-container"><div class="nbs-flexisel-inner"><ul id="flexiselDemo1" class="nbs-flexisel-ul" style="left: -175px; display: block;">
                                            <li class="nbs-flexisel-item" style="width: 175px;"><a href="http://www.ust.edu.tw/" target="_blank"><img src="/images/a6.jpg" alt="台灣聯合大學系統"></a></li><li class="nbs-flexisel-item" style="width: 175px;"><a href="http://pims.web.nthu.edu.tw" target="_blank"><img src="/images/activity_148067125998.jpg" alt="個資保護專區"></a></li>
                                            <li class="nbs-flexisel-item" style="width: 175px;"><a href="http://top100.web.nthu.edu.tw" target="_blank"><img src="/images/activity_147756056815.jpg" alt="邁向頂尖大學"></a></li>
                                            <li class="nbs-flexisel-item" style="width: 175px;"><a href="http://info.web.nthu.edu.tw/bin/home.php" target="_blank"><img src="/images/activity_147756052156.jpg" alt="校務資訊公開"></a></li>
                                            <li class="nbs-flexisel-item" style="width: 175px;"><a href="http://college.nthu.edu.tw" target="_blank"><img src="/images/activity_147756049127.jpg" alt="住宿書院"></a></li>
                                            <li class="nbs-flexisel-item" style="width: 175px;"><a href="http://st.web.nthu.edu.tw/files/11-1884-11079.php" target="_blank"><img src="/images/activity_147756046892.jpg" alt="跨領域學習"></a></li>
                                            <li class="nbs-flexisel-item" style="width: 175px;"><a href="http://gencom.web.nthu.edu.tw" target="_blank"><img src="/images/activity_147756032748.jpg" alt="性平教育資訊"></a></li>
                                            <li class="nbs-flexisel-item" style="width: 175px;"><a href="http://www1.nthu.edu.tw/nobel/index.php" target="_blank"><img src="/images/a2.jpg" alt="諾貝爾大師在清華"></a></li>
                                            <li class="nbs-flexisel-item" style="width: 175px;"><a href="http://www.nthu.edu.tw/about/CIS" target="_blank"><img src="/images/a10.jpg" alt="清華品牌管理"></a></li>
                                            <li class="nbs-flexisel-item" style="width: 175px;"><a href="http://ocic.nthu.edu.tw/ocic/Content02.aspx?c=menu02" target="_blank"><img src="/images/a12.jpg" alt="產學合作資訊平台"></a></li>
                                            <li class="nbs-flexisel-item" style="width: 175px;"><a href="http://nesh.web.nthu.edu.tw/files/11-1021-9390.php" target="_blank"><img src="/images/a13.jpg" alt="垃圾不落地專區"></a></li>
                                            <li class="nbs-flexisel-item" style="width: 175px;"><a href="http://www.ust.edu.tw/" target="_blank"><img src="/images/a6.jpg" alt="台灣聯合大學系統"></a></li>
                                    <li class="nbs-flexisel-item" style="width: 175px;"><a href="http://pims.web.nthu.edu.tw" target="_blank"><img src="/images/activity_148067125998.jpg" alt="個資保護專區"></a></li><li class="nbs-flexisel-item" style="width: 175px;"><a href="http://top100.web.nthu.edu.tw" target="_blank"><img src="/images/activity_147756056815.jpg" alt="邁向頂尖大學"></a></li><li class="nbs-flexisel-item" style="width: 175px;"><a href="http://info.web.nthu.edu.tw/bin/home.php" target="_blank"><img src="/images/activity_147756052156.jpg" alt="校務資訊公開"></a></li><li class="nbs-flexisel-item" style="width: 175px;"><a href="http://college.nthu.edu.tw" target="_blank"><img src="/images/activity_147756049127.jpg" alt="住宿書院"></a></li><li class="nbs-flexisel-item" style="width: 175px;"><a href="http://st.web.nthu.edu.tw/files/11-1884-11079.php" target="_blank"><img src="/images/activity_147756046892.jpg" alt="跨領域學習"></a></li><li class="nbs-flexisel-item" style="width: 175px;"><a href="http://gencom.web.nthu.edu.tw" target="_blank"><img src="/images/activity_147756032748.jpg" alt="性平教育資訊"></a></li><li class="nbs-flexisel-item" style="width: 175px;"><a href="http://www1.nthu.edu.tw/nobel/index.php" target="_blank"><img src="/images/a2.jpg" alt="諾貝爾大師在清華"></a></li><li class="nbs-flexisel-item" style="width: 175px;"><a href="http://www.nthu.edu.tw/about/CIS" target="_blank"><img src="/images/a10.jpg" alt="清華品牌管理"></a></li><li class="nbs-flexisel-item" style="width: 175px;"><a href="http://ocic.nthu.edu.tw/ocic/Content02.aspx?c=menu02" target="_blank"><img src="/images/a12.jpg" alt="產學合作資訊平台"></a></li><li class="nbs-flexisel-item" style="width: 175px;"><a href="http://nesh.web.nthu.edu.tw/files/11-1021-9390.php" target="_blank"><img src="/images/a13.jpg" alt="垃圾不落地專區"></a></li></ul><div class="nbs-flexisel-nav-left" style="top: 25.5px;"></div><div class="nbs-flexisel-nav-right" style="top: 25.5px;"></div></div></div>
                <div class="clearout"></div>
            </div>
            <!-- 下方橫幅輪播 end -->
        
        <!-- 下方大項 -->
        <div class="width-100 icon">
            <div><a href="http://nthu-president.vm.nthu.edu.tw/" target="_blank"><img src="images/icon01.png" alt="校長信箱"><p>校長信箱</p></a></div>
            <div><a href="https://www.ccxp.nthu.edu.tw/ccxp/INQUIRE/OT/QA/" target="_blank"><img src="images/icon03.png" alt="合校Q &amp; A"><p>合校Q &amp; A</p></a></div>
            <div><a href="http://www1.nthu.edu.tw/reporting.php" target="_blank"><img src="images/icon02.png" alt="意見反應通報"><p>意見反應通報</p></a></div>
            <div><a href="http://bulletin.web.nthu.edu.tw/" target="_blank"><img src="images/icon05.png" alt="公告與活動"><p>公告與活動</p></a></div>
            <div><a href="http://www1.nthu.edu.tw/focuson.php" target="_blank"><img src="images/icon04.png" alt="清華焦點"><p>清華焦點</p></a></div>
        </div>
        <!-- 下方大項 -->

        </div>
</section>
<footer>
	<div class="container">
    	<div><a href="/sitemap" accesskey="B" class="tab" title="下方內容區">:::</a><a href="/"><img src="images/footer-logo.png" alt="國立清華大學logo"></a></div>
        <div>
        	<ul>
            	<li>Copyright©2017<br>National Tsing Hua<br>University ALL<br>RIGHTS RESERVED.</li>
                <li><a href="mailto:web@cc.nthu.edu.tw" target="_blank"><i class="fa fa-chevron-right" aria-hidden="true"></i> 聯絡我們</a></li>
                <li><a href="http://campusmap.cc.nthu.edu.tw/" target="_blank"><i class="fa fa-chevron-right" aria-hidden="true"></i> 校園地圖</a></li>
                <li><a href="http://my.nthu.edu.tw/~maps3d/" target="_blank"><i class="fa fa-chevron-right" aria-hidden="true"></i> 3D校園導覽</a></li>
                <li><a href="http://campusmap.cc.nthu.edu.tw/graphics/nthu_campus_map.jpg" target="_blank"><i class="fa fa-chevron-right" aria-hidden="true"></i> 校園導覽圖</a></li>
            </ul>
        </div>
        <div>
        	<ul>
            	<li>QUICK LINK</li>
                <li><a href="http://www1.nthu.edu.tw/elearning2.php"><i class="fa fa-chevron-right" aria-hidden="true"></i> 數位學習 / 線上課程</a></li>
                <li><a href="http://academic.web.nthu.edu.tw/files/90-1009-6.php" target="_blank"><i class="fa fa-chevron-right" aria-hidden="true"></i> 獎學金</a></li>
                <li><a href="http://eas.web.nthu.edu.tw/files/11-1161-3647.php" target="_blank"><i class="fa fa-chevron-right" aria-hidden="true"></i> 社團資訊</a></li>
                <li><a href="http://www.media.nthu.edu.tw/channel/show/id/90" target="_blank"><i class="fa fa-chevron-right" aria-hidden="true"></i> 清華簡介</a></li>
                <li><a href="http://livecam.web.nthu.edu.tw/files/14-1931-97850.php" target="_blank"><i class="fa fa-chevron-right" aria-hidden="true"></i> 校景即時看</a></li>
                <li><a href="http://www.facebook.com/nthu.tw" target="_blank"><i class="fa fa-chevron-right" aria-hidden="true"></i> NTHU FB</a></li>
            </ul>
        </div>
         <div>
        	<ul>
            	<li>CONTACT</li>
                <li><img src="images/footer-icon01.png" alt=" ">30013 新竹市光復路二段101號 </li>
                <li><img src="images/footer-icon02.png" alt=" ">總機：03-5715131 </li>
                <li><img src="images/footer-icon03.png" alt=" ">統一編號：46804804 </li>
                <li><img src="images/footer-icon04.png" alt=" "><p>VoIP 總機代表號：930-50000<br>轉接或直撥 930+分機號</p></li>
            </ul>
        </div>   
    </div>
</footer>
</div>

                <noscript>本Script功能提供跑馬燈播功能，若您的瀏覽器不支援此項功能，也不影響你閱讀本網站資訊。</noscript>

        <script type="text/javascript">

            $(window).load(function () {
                $("#flexiselDemo2").flexisel({
                    visibleItems: 4,
                    animationSpeed: 1000,
                    autoPlay: false,
                    autoPlaySpeed: 3000,
                    pauseOnHover: true,
                    enableResponsiveBreakpoints: true,
                    responsiveBreakpoints: {
                        portrait: {
                            changePoint: 480,
                            visibleItems: 1
                        },
                        landscape: {
                            changePoint: 640,
                            visibleItems: 2
                        },
                        tablet: {
                            changePoint: 768,
                            visibleItems: 3
                        }
                    }
                });
            });

            $(window).load(function () {

                $("#flexiselDemo1").flexisel({
                    visibleItems: 6,
                    animationSpeed: 1000,
                    autoPlay: true,
                    autoPlaySpeed: 6000,
                    pauseOnHover: true,
                    enableResponsiveBreakpoints: true,
                    responsiveBreakpoints: {
                        portrait: {
                            changePoint: 480,
                            visibleItems: 2
                        },
                        landscape: {
                            changePoint: 640,
                            visibleItems: 3
                        },
                        tablet: {
                            changePoint: 768,
                            visibleItems: 4
                        }
                    }
                });

            })
        </script>
        <noscript>本Script功能提供小廣告輪播功能，若您的瀏覽器不支援此項功能，也不影響你閱讀本網站資訊。</noscript>

    


<div class="btn-up"></div></body></html>

<!DOCTYPE html><html itemscope="" itemtype="http://schema.org/WebPage" lang="en"><head><meta content="Search the world's information, including webpages, images, videos and more. Google has many special features to help you find exactly what you're looking for." name="description"><meta content="noodp" name="robots"><meta content="text/html; charset=UTF-8" http-equiv="Content-Type"><meta content="/images/branding/googleg/1x/googleg_standard_color_128dp.png" itemprop="image"><title>Google</title><script>(function(){window.google={kEI:'qeDcWIfEC6GW0gL9ibLACA',kEXPI:'1351891,1352996,1353040,1353106,1353148,3700306,3700347,3700405,4026240,4029815,4031109,4032678,4036527,4038012,4039268,4043492,4045841,4048347,4064904,4065787,4066195,4072364,4072776,4075963,4076096,4076999,4078430,4081038,4081165,4083458,4088340,4090550,4090553,4090806,4092934,4093497,4093791,4093813,4094251,4094544,4094832,4095574,4095788,4095910,4095998,4096324,4096464,4097153,4097203,4097501,4097653,4097866,4097922,4097929,4097951,4098048,4098600,4098733,4098740,4098752,4100169,4100380,4101376,4101579,4101651,4101681,4101749,4102020,4102099,4102183,4102410,4102658,4102689,4102761,4102827,4102987,4103039,4103060,4103167,4103183,4103475,4103987,4103996,4104290,4105177,8300497,8503585,8507380,8508229,8508707,8508931,8509037,8509373,8510626,10200083,19001720,19001764,19001922,41027342',authuser:0,kscs:'c9c918f0_24'};google.kHL='en';})();(function(){google.lc=[];google.li=0;google.getEI=function(a){for(var b;a&&(!a.getAttribute||!(b=a.getAttribute("eid")));)a=a.parentNode;return b||google.kEI};google.getLEI=function(a){for(var b=null;a&&(!a.getAttribute||!(b=a.getAttribute("leid")));)a=a.parentNode;return b};google.https=function(){return"https:"==window.location.protocol};google.ml=function(){return null};google.wl=function(a,b){try{google.ml(Error(a),!1,b)}catch(c){}};google.time=function(){return(new Date).getTime()};google.log=function(a,b,c,d,g){a=google.logUrl(a,b,c,d,g);if(""!=a){b=new Image;var e=google.lc,f=google.li;e[f]=b;b.onerror=b.onload=b.onabort=function(){delete e[f]};window.google&&window.google.vel&&window.google.vel.lu&&window.google.vel.lu(a);b.src=a;google.li=f+1}};google.logUrl=function(a,b,c,d,g){var e="",f=google.ls||"";c||-1!=b.search("&ei=")||(e="&ei="+google.getEI(d),-1==b.search("&lei=")&&(d=google.getLEI(d))&&(e+="&lei="+d));a=c||"/"+(g||"gen_204")+"?atyp=i&ct="+a+"&cad="+b+e+f+"&zx="+google.time();/^http:/i.test(a)&&google.https()&&(google.ml(Error("a"),!1,{src:a,glmm:1}),a="");return a};google.y={};google.x=function(a,b){google.y[a.id]=[a,b];return!1};google.lq=[];google.load=function(a,b,c){google.lq.push([[a],b,c])};google.loadAll=function(a,b){google.lq.push([a,b])};}).call(this);var a=window.location,b=a.href.indexOf("#");if(0<=b){var c=a.href.substring(b+1);/(^|&)q=/.test(c)&&-1==c.indexOf("#")&&a.replace("/search?"+c.replace(/(^|&)fp=[^&]*/g,"")+"&cad=h")};</script><style>#gb{font:13px/27px Arial,sans-serif;height:30px}#gbz,#gbg{position:absolute;white-space:nowrap;top:0;height:30px;z-index:1000}#gbz{left:0;padding-left:4px}#gbg{right:0;padding-right:5px}#gbs{background:transparent;position:absolute;top:-999px;visibility:hidden;z-index:998;right:0}.gbto #gbs{background:#fff}#gbx3,#gbx4{background-color:#2d2d2d;background-image:none;_background-image:none;background-position:0 -138px;background-repeat:repeat-x;border-bottom:1px solid #000;font-size:24px;height:29px;_height:30px;opacity:1;filter:alpha(opacity=100);position:absolute;top:0;width:100%;z-index:990}#gbx3{left:0}#gbx4{right:0}#gbb{position:relative}#gbbw{left:0;position:absolute;top:30px;width:100%}.gbtcb{position:absolute;visibility:hidden}#gbz .gbtcb{right:0}#gbg .gbtcb{left:0}.gbxx{display:none !important}.gbxo{opacity:0 !important;filter:alpha(opacity=0) !important}.gbm{position:absolute;z-index:999;top:-999px;visibility:hidden;text-align:left;border:1px solid #bebebe;background:#fff;-moz-box-shadow:-1px 1px 1px rgba(0,0,0,.2);-webkit-box-shadow:0 2px 4px rgba(0,0,0,.2);box-shadow:0 2px 4px rgba(0,0,0,.2)}.gbrtl .gbm{-moz-box-shadow:1px 1px 1px rgba(0,0,0,.2)}.gbto .gbm,.gbto #gbs{top:29px;visibility:visible}#gbz .gbm{left:0}#gbg .gbm{right:0}.gbxms{background-color:#ccc;display:block;position:absolute;z-index:1;top:-1px;left:-2px;right:-2px;bottom:-2px;opacity:.4;-moz-border-radius:3px;filter:progid:DXImageTransform.Microsoft.Blur(pixelradius=5);*opacity:1;*top:-2px;*left:-5px;*right:5px;*bottom:4px;-ms-filter:"progid:DXImageTransform.Microsoft.Blur(pixelradius=5)";opacity:1\0/;top:-4px\0/;left:-6px\0/;right:5px\0/;bottom:4px\0/}.gbma{position:relative;top:-1px;border-style:solid dashed dashed;border-color:transparent;border-top-color:#c0c0c0;display:-moz-inline-box;display:inline-block;font-size:0;height:0;line-height:0;width:0;border-width:3px 3px 0;padding-top:1px;left:4px}#gbztms1,#gbi4m1,#gbi4s,#gbi4t{zoom:1}.gbtc,.gbmc,.gbmcc{display:block;list-style:none;margin:0;padding:0}.gbmc{background:#fff;padding:10px 0;position:relative;z-index:2;zoom:1}.gbt{position:relative;display:-moz-inline-box;display:inline-block;line-height:27px;padding:0;vertical-align:top}.gbt{*display:inline}.gbto{box-shadow:0 2px 4px rgba(0,0,0,.2);-moz-box-shadow:0 2px 4px rgba(0,0,0,.2);-webkit-box-shadow:0 2px 4px rgba(0,0,0,.2)}.gbzt,.gbgt{cursor:pointer;display:block;text-decoration:none !important}span#gbg6,span#gbg4{cursor:default}.gbts{border-left:1px solid transparent;border-right:1px solid transparent;display:block;*display:inline-block;padding:0 5px;position:relative;z-index:1000}.gbts{*display:inline}.gbzt .gbts{display:inline;zoom:1}.gbto .gbts{background:#fff;border-color:#bebebe;color:#36c;padding-bottom:1px;padding-top:2px}.gbz0l .gbts{color:#fff;font-weight:bold}.gbtsa{padding-right:9px}#gbz .gbzt,#gbz .gbgt,#gbg .gbgt{color:#ccc!important}.gbtb2{display:block;border-top:2px solid transparent}.gbto .gbzt .gbtb2,.gbto .gbgt .gbtb2{border-top-width:0}.gbtb .gbts{background:url(https://ssl.gstatic.com/gb/images/b_8d5afc09.png);_background:url(https://ssl.gstatic.com/gb/images/b8_3615d64d.png);background-position:-27px -22px;border:0;font-size:0;padding:29px 0 0;*padding:27px 0 0;width:1px}.gbzt:hover,.gbzt:focus,.gbgt-hvr,.gbgt:focus{background-color:#4c4c4c;background-image:none;_background-image:none;background-position:0 -102px;background-repeat:repeat-x;outline:none;text-decoration:none !important}.gbpdjs .gbto .gbm{min-width:99%}.gbz0l .gbtb2{border-top-color:#dd4b39!important}#gbi4s,#gbi4s1{font-weight:bold}#gbg6.gbgt-hvr,#gbg6.gbgt:focus{background-color:transparent;background-image:none}.gbg4a{font-size:0;line-height:0}.gbg4a .gbts{padding:27px 5px 0;*padding:25px 5px 0}.gbto .gbg4a .gbts{padding:29px 5px 1px;*padding:27px 5px 1px}#gbi4i,#gbi4id{left:5px;border:0;height:24px;position:absolute;top:1px;width:24px}.gbto #gbi4i,.gbto #gbi4id{top:3px}.gbi4p{display:block;width:24px}#gbi4id{background-position:-44px -101px}#gbmpid{background-position:0 0}#gbmpi,#gbmpid{border:none;display:inline-block;height:48px;width:48px}#gbmpiw{display:inline-block;line-height:9px;padding-left:20px;margin-top:10px;position:relative}#gbmpi,#gbmpid,#gbmpiw{*display:inline}#gbg5{font-size:0}#gbgs5{padding:5px !important}.gbto #gbgs5{padding:7px 5px 6px !important}#gbi5{background:url(https://ssl.gstatic.com/gb/images/b_8d5afc09.png);_background:url(https://ssl.gstatic.com/gb/images/b8_3615d64d.png);background-position:0 0;display:block;font-size:0;height:17px;width:16px}.gbto #gbi5{background-position:-6px -22px}.gbn .gbmt,.gbn .gbmt:visited,.gbnd .gbmt,.gbnd .gbmt:visited{color:#dd8e27 !important}.gbf .gbmt,.gbf .gbmt:visited{color:#900 !important}.gbmt,.gbml1,.gbmlb,.gbmt:visited,.gbml1:visited,.gbmlb:visited{color:#36c !important;text-decoration:none !important}.gbmt,.gbmt:visited{display:block}.gbml1,.gbmlb,.gbml1:visited,.gbmlb:visited{display:inline-block;margin:0 10px}.gbml1,.gbmlb,.gbml1:visited,.gbmlb:visited{*display:inline}.gbml1,.gbml1:visited{padding:0 10px}.gbml1-hvr,.gbml1:focus{outline:none;text-decoration:underline !important}#gbpm .gbml1{display:inline;margin:0;padding:0;white-space:nowrap}.gbmlb,.gbmlb:visited{line-height:27px}.gbmlb-hvr,.gbmlb:focus{outline:none;text-decoration:underline !important}.gbmlbw{color:#ccc;margin:0 10px}.gbmt{padding:0 20px}.gbmt:hover,.gbmt:focus{background:#eee;cursor:pointer;outline:0 solid black;text-decoration:none !important}.gbm0l,.gbm0l:visited{color:#000 !important;font-weight:bold}.gbmh{border-top:1px solid #bebebe;font-size:0;margin:10px 0}#gbd4 .gbmc{background:#f5f5f5;padding-top:0}#gbd4 .gbsbic::-webkit-scrollbar-track:vertical{background-color:#f5f5f5;margin-top:2px}#gbmpdv{background:#fff;border-bottom:1px solid #bebebe;-moz-box-shadow:0 2px 4px rgba(0,0,0,.12);-o-box-shadow:0 2px 4px rgba(0,0,0,.12);-webkit-box-shadow:0 2px 4px rgba(0,0,0,.12);box-shadow:0 2px 4px rgba(0,0,0,.12);position:relative;z-index:1}#gbd4 .gbmh{margin:0}.gbmtc{padding:0;margin:0;line-height:27px}.GBMCC:last-child:after,#GBMPAL:last-child:after{content:'\0A\0A';white-space:pre;position:absolute}#gbmps{*zoom:1}#gbd4 .gbpc,#gbmpas .gbmt{line-height:17px}#gbd4 .gbpgs .gbmtc{line-height:27px}#gbd4 .gbmtc{border-bottom:1px solid #bebebe}#gbd4 .gbpc{display:inline-block;margin:16px 0 10px;padding-right:50px;vertical-align:top}#gbd4 .gbpc{*display:inline}.gbpc .gbps,.gbpc .gbps2{display:block;margin:0 20px}#gbmplp.gbps{margin:0 10px}.gbpc .gbps{color:#000;font-weight:bold}.gbpc .gbpd{margin-bottom:5px}.gbpd .gbmt,.gbpd .gbps{color:#666 !important}.gbpd .gbmt{opacity:.4;filter:alpha(opacity=40)}.gbps2{color:#666;display:block}.gbp0{display:none}.gbp0 .gbps2{font-weight:bold}#gbd4 .gbmcc{margin-top:5px}.gbpmc{background:#fef9db}.gbpmc .gbpmtc{padding:10px 20px}#gbpm{border:0;*border-collapse:collapse;border-spacing:0;margin:0;white-space:normal}#gbpm .gbpmtc{border-top:none;color:#000 !important;font:11px Arial,sans-serif}#gbpms{*white-space:nowrap}.gbpms2{font-weight:bold;white-space:nowrap}#gbmpal{*border-collapse:collapse;border-spacing:0;border:0;margin:0;white-space:nowrap;width:100%}.gbmpala,.gbmpalb{font:13px Arial,sans-serif;line-height:27px;padding:10px 20px 0;white-space:nowrap}.gbmpala{padding-left:0;text-align:left}.gbmpalb{padding-right:0;text-align:right}#gbmpasb .gbps{color:#000}#gbmpal .gbqfbb{margin:0 20px}.gbp0 .gbps{*display:inline}a.gbiba{margin:8px 20px 10px}.gbmpiaw{display:inline-block;padding-right:10px;margin-bottom:6px;margin-top:10px}.gbxv{visibility:hidden}.gbmpiaa{display:block;margin-top:10px}.gbmpia{border:none;display:block;height:48px;width:48px}.gbmpnw{display:inline-block;height:auto;margin:10px 0;vertical-align:top}
.gbqfb,.gbqfba,.gbqfbb{-moz-border-radius:2px;-webkit-border-radius:2px;border-radius:2px;cursor:default !important;display:inline-block;font-weight:bold;height:29px;line-height:29px;min-width:54px;*min-width:70px;padding:0 8px;text-align:center;text-decoration:none !important;-moz-user-select:none;-webkit-user-select:none}.gbqfb:focus,.gbqfba:focus,.gbqfbb:focus{border:1px solid #4d90fe;-moz-box-shadow:inset 0 0 0 1px rgba(255, 255, 255, 0.5);-webkit-box-shadow:inset 0 0 0 1px rgba(255, 255, 255, 0.5);box-shadow:inset 0 0 0 1px rgba(255, 255, 255, 0.5);outline:none}.gbqfb-hvr:focus,.gbqfba-hvr:focus,.gbqfbb-hvr:focus{-webkit-box-shadow:inset 0 0 0 1px #fff,0 1px 1px rgba(0,0,0,.1);-moz-box-shadow:inset 0 0 0 1px #fff,0 1px 1px rgba(0,0,0,.1);box-shadow:inset 0 0 0 1px #fff,0 1px 1px rgba(0,0,0,.1)}.gbqfb-no-focus:focus{border:1px solid #3079ed;-moz-box-shadow:none;-webkit-box-shadow:none;box-shadow:none}.gbqfb-hvr,.gbqfba-hvr,.gbqfbb-hvr{-webkit-box-shadow:0 1px 1px rgba(0,0,0,.1);-moz-box-shadow:0 1px 1px rgba(0,0,0,.1);box-shadow:0 1px 1px rgba(0,0,0,.1)}.gbqfb::-moz-focus-inner,.gbqfba::-moz-focus-inner,.gbqfbb::-moz-focus-inner{border:0}.gbqfba,.gbqfbb{border:1px solid #dcdcdc;border-color:rgba(0,0,0,.1);color:#444 !important;font-size:11px}.gbqfb{background-color:#4d90fe;background-image:-webkit-gradient(linear,left top,left bottom,from(#4d90fe),to(#4787ed));background-image:-webkit-linear-gradient(top,#4d90fe,#4787ed);background-image:-moz-linear-gradient(top,#4d90fe,#4787ed);background-image:-ms-linear-gradient(top,#4d90fe,#4787ed);background-image:-o-linear-gradient(top,#4d90fe,#4787ed);background-image:linear-gradient(top,#4d90fe,#4787ed);filter:progid:DXImageTransform.Microsoft.gradient(startColorStr='#4d90fe',EndColorStr='#4787ed');border:1px solid #3079ed;color:#fff!important;margin:0 0}.gbqfb-hvr{border-color:#2f5bb7}.gbqfb-hvr:focus{border-color:#2f5bb7}.gbqfb-hvr,.gbqfb-hvr:focus{background-color:#357ae8;background-image:-webkit-gradient(linear,left top,left bottom,from(#4d90fe),to(#357ae8));background-image:-webkit-linear-gradient(top,#4d90fe,#357ae8);background-image:-moz-linear-gradient(top,#4d90fe,#357ae8);background-image:-ms-linear-gradient(top,#4d90fe,#357ae8);background-image:-o-linear-gradient(top,#4d90fe,#357ae8);background-image:linear-gradient(top,#4d90fe,#357ae8)}.gbqfb:active{background-color:inherit;-webkit-box-shadow:inset 0 1px 2px rgba(0, 0, 0, 0.3);-moz-box-shadow:inset 0 1px 2px rgba(0, 0, 0, 0.3);box-shadow:inset 0 1px 2px rgba(0, 0, 0, 0.3)}.gbqfba{background-color:#f5f5f5;background-image:-webkit-gradient(linear,left top,left bottom,from(#f5f5f5),to(#f1f1f1));background-image:-webkit-linear-gradient(top,#f5f5f5,#f1f1f1);background-image:-moz-linear-gradient(top,#f5f5f5,#f1f1f1);background-image:-ms-linear-gradient(top,#f5f5f5,#f1f1f1);background-image:-o-linear-gradient(top,#f5f5f5,#f1f1f1);background-image:linear-gradient(top,#f5f5f5,#f1f1f1);filter:progid:DXImageTransform.Microsoft.gradient(startColorStr='#f5f5f5',EndColorStr='#f1f1f1')}.gbqfba-hvr,.gbqfba-hvr:active{background-color:#f8f8f8;background-image:-webkit-gradient(linear,left top,left bottom,from(#f8f8f8),to(#f1f1f1));background-image:-webkit-linear-gradient(top,#f8f8f8,#f1f1f1);background-image:-moz-linear-gradient(top,#f8f8f8,#f1f1f1);background-image:-ms-linear-gradient(top,#f8f8f8,#f1f1f1);background-image:-o-linear-gradient(top,#f8f8f8,#f1f1f1);background-image:linear-gradient(top,#f8f8f8,#f1f1f1);filter:progid:DXImageTransform.Microsoft.gradient(startColorStr='#f8f8f8',EndColorStr='#f1f1f1')}.gbqfbb{background-color:#fff;background-image:-webkit-gradient(linear,left top,left bottom,from(#fff),to(#fbfbfb));background-image:-webkit-linear-gradient(top,#fff,#fbfbfb);background-image:-moz-linear-gradient(top,#fff,#fbfbfb);background-image:-ms-linear-gradient(top,#fff,#fbfbfb);background-image:-o-linear-gradient(top,#fff,#fbfbfb);background-image:linear-gradient(top,#fff,#fbfbfb);filter:progid:DXImageTransform.Microsoft.gradient(startColorStr='#ffffff',EndColorStr='#fbfbfb')}.gbqfbb-hvr,.gbqfbb-hvr:active{background-color:#fff;background-image:-webkit-gradient(linear,left top,left bottom,from(#fff),to(#f8f8f8));background-image:-webkit-linear-gradient(top,#fff,#f8f8f8);background-image:-moz-linear-gradient(top,#fff,#f8f8f8);background-image:-ms-linear-gradient(top,#fff,#f8f8f8);background-image:-o-linear-gradient(top,#fff,#f8f8f8);background-image:linear-gradient(top,#fff,#f8f8f8);filter:progid:DXImageTransform.Microsoft.gradient(startColorStr='#ffffff',EndColorStr='#f8f8f8')}.gbqfba-hvr,.gbqfba-hvr:active,.gbqfbb-hvr,.gbqfbb-hvr:active{border-color:#c6c6c6;-webkit-box-shadow:0 1px 1px rgba(0,0,0,.1);-moz-box-shadow:0 1px 1px rgba(0,0,0,.1);box-shadow:0 1px 1px rgba(0,0,0,.1);color:#222 !important}.gbqfba:active,.gbqfbb:active{-webkit-box-shadow:inset 0 1px 2px rgba(0,0,0,.1);-moz-box-shadow:inset 0 1px 2px rgba(0,0,0,.1);box-shadow:inset 0 1px 2px rgba(0,0,0,.1)}
#gbmpas{max-height:220px}#gbmm{max-height:530px}.gbsb{-webkit-box-sizing:border-box;display:block;position:relative;*zoom:1}.gbsbic{overflow:auto}.gbsbis .gbsbt,.gbsbis .gbsbb{-webkit-mask-box-image:-webkit-gradient(linear,left top,right top,color-stop(0,rgba(0,0,0,.1)),color-stop(.5,rgba(0,0,0,.8)),color-stop(1,rgba(0,0,0,.1)));left:0;margin-right:0;opacity:0;position:absolute;width:100%}.gbsb .gbsbt:after,.gbsb .gbsbb:after{content:"";display:block;height:0;left:0;position:absolute;width:100%}.gbsbis .gbsbt{background:-webkit-gradient(linear,left top,left bottom,from(rgba(0,0,0,.2)),to(rgba(0,0,0,0)));background-image:-webkit-linear-gradient(top,rgba(0,0,0,.2),rgba(0,0,0,0));background-image:-moz-linear-gradient(top,rgba(0,0,0,.2),rgba(0,0,0,0));background-image:-ms-linear-gradient(top,rgba(0,0,0,.2),rgba(0,0,0,0));background-image:-o-linear-gradient(top,rgba(0,0,0,.2),rgba(0,0,0,0));background-image:linear-gradient(top,rgba(0,0,0,.2),rgba(0,0,0,0));height:6px;top:0}.gbsb .gbsbt:after{border-top:1px solid #ebebeb;border-color:rgba(0,0,0,.3);top:0}.gbsb .gbsbb{-webkit-mask-box-image:-webkit-gradient(linear,left top,right top,color-stop(0,rgba(0,0,0,.1)),color-stop(.5,rgba(0,0,0,.8)),color-stop(1,rgba(0,0,0,.1)));background:-webkit-gradient(linear,left bottom,left top,from(rgba(0,0,0,.2)),to(rgba(0,0,0,0)));background-image:-webkit-linear-gradient(bottom,rgba(0,0,0,.2),rgba(0,0,0,0));background-image:-moz-linear-gradient(bottom,rgba(0,0,0,.2),rgba(0,0,0,0));background-image:-ms-linear-gradient(bottom,rgba(0,0,0,.2),rgba(0,0,0,0));background-image:-o-linear-gradient(bottom,rgba(0,0,0,.2),rgba(0,0,0,0));background-image:linear-gradient(bottom,rgba(0,0,0,.2),rgba(0,0,0,0));bottom:0;height:4px}.gbsb .gbsbb:after{border-bottom:1px solid #ebebeb;border-color:rgba(0,0,0,.3);bottom:0}
.gbsbic::-webkit-scrollbar{height:16px;width:16px}.gbsbic::-webkit-scrollbar-button{height:0;width:0}.gbsbic::-webkit-scrollbar-button:start:decrement,.gbsbic::-webkit-scrollbar-button:end:increment{display:block}.gbsbic::-webkit-scrollbar-button:vertical:start:increment,.gbsbic::-webkit-scrollbar-button:vertical:end:decrement{display:none}.gbsbic::-webkit-scrollbar-track:vertical,.gbsbic::-webkit-scrollbar-track:horizontal,.gbsbic::-webkit-scrollbar-thumb:vertical,.gbsbic::-webkit-scrollbar-thumb:horizontal,.gbsbis .gbsbic::-webkit-scrollbar-track:vertical,.gbsbis .gbsbic::-webkit-scrollbar-track:horizontal,.gbsbis .gbsbic::-webkit-scrollbar-thumb:vertical,.gbsbis .gbsbic::-webkit-scrollbar-thumb:horizontal{border-style:solid;border-color:transparent}.gbsbic::-webkit-scrollbar-track:vertical{background-clip:padding-box;background-color:#fff;border-left-width:5px;border-right-width:0}.gbsbic::-webkit-scrollbar-track:horizontal{background-clip:padding-box;background-color:#fff;border-bottom-width:0;border-top-width:5px}.gbsbic::-webkit-scrollbar-thumb{-webkit-box-shadow:inset 1px 1px 0 rgba(0,0,0,.1),inset 0 -1px 0 rgba(0,0,0,.07);background-clip:padding-box;background-color:rgba(0,0,0,.2);min-height:28px;padding-top:100px}.gbsbic::-webkit-scrollbar-thumb:hover{-webkit-box-shadow:inset 1px 1px 1px rgba(0,0,0,.25);background-color:rgba(0,0,0,.4)}.gbsbic::-webkit-scrollbar-thumb:active{-webkit-box-shadow:inset 1px 1px 3px rgba(0,0,0,.35);background-color:rgba(0,0,0,.5)}.gbsbic::-webkit-scrollbar-thumb:vertical{border-width:0;border-left-width:5px}.gbsbic::-webkit-scrollbar-thumb:horizontal{border-width:0;border-top-width:5px}.gbsbis .gbsbic::-webkit-scrollbar-track:vertical{border-left-width:6px;border-right-width:1px}.gbsbis .gbsbic::-webkit-scrollbar-track:horizontal{border-bottom:1px;border-top:6px}.gbsbis .gbsbic::-webkit-scrollbar-thumb:vertical{border-width:0;border-left-width:6px;border-right-width:1px}.gbsbis .gbsbic::-webkit-scrollbar-thumb:horizontal{border-width:0;border-bottom:1px;border-top:6px}.gbsbic::-webkit-scrollbar-track:hover{-webkit-box-shadow:inset 1px 0 0 rgba(0,0,0,.1);background-color:rgba(0,0,0,.05)}.gbsbic::-webkit-scrollbar-track:active{-webkit-box-shadow:inset 1px 0 0 rgba(0,0,0,.14),inset -1px -1px 0 rgba(0,0,0,.07);background-color:rgba(0,0,0,.05)}
</style><style>body,td,a,p,.h{font-family:arial,sans-serif}body{margin:0;overflow-y:scroll}#gog{padding:3px 8px 0}td{line-height:.8em}.gac_m td{line-height:17px}form{margin-bottom:20px}.h{color:#36c}.q{color:#00c}.ts td{padding:0}.ts{border-collapse:collapse}em{font-weight:bold;font-style:normal}.lst{height:25px;width:496px}.gsfi,.lst{font:18px arial,sans-serif}.gsfs{font:17px arial,sans-serif}.ds{display:-webkit-inline-box;display:inline-block;margin:3px 0 4px;margin-left:4px}input{font-family:inherit}a.gb1,a.gb2,a.gb3,a.gb4{color:#11c !important}body{background:#fff;color:black}a{color:#11c;text-decoration:none}a:hover,a:active{text-decoration:underline}.fl a{color:#36c}a:visited{color:#551a8b}a.gb1,a.gb4{text-decoration:underline}a.gb3:hover{text-decoration:none}#ghead a.gb2:hover{color:#fff !important}.sblc{padding-top:5px}.sblc a{display:block;margin:2px 0;margin-left:13px;font-size:11px}.lsbb{background:#eee;border:solid 1px;border-color:#ccc #999 #999 #ccc;height:30px}.lsbb{display:block}.ftl,#fll a{display:inline-block;margin:0 12px}.lsb{background:url(/images/nav_logo229.png) 0 -261px repeat-x;border:none;color:#000;cursor:pointer;height:30px;margin:0;outline:0;font:15px arial,sans-serif;vertical-align:top}.lsb:active{background:#ccc}.lst:focus{outline:none}</style><script>(function(){try{var e=this;var aa=function(a,b,c,d){d=d||{};d._sn=["cfg",b,c].join(".");window.gbar.logger.ml(a,d)};var g=window.gbar=window.gbar||{},h=window.gbar.i=window.gbar.i||{},ba;function _tvn(a,b){a=parseInt(a,10);return isNaN(a)?b:a}function _tvf(a,b){a=parseFloat(a);return isNaN(a)?b:a}function _tvv(a){return!!a}function p(a,b,c){(c||g)[a]=b}g.bv={n:_tvn("2",0),r:"",f:".66.41.",e:"1300102,3700306,3700347,3700405",m:_tvn("1",1)};
function ca(a,b,c){var d="on"+b;if(a.addEventListener)a.addEventListener(b,c,!1);else if(a.attachEvent)a.attachEvent(d,c);else{var f=a[d];a[d]=function(){var a=f.apply(this,arguments),b=c.apply(this,arguments);return void 0==a?b:void 0==b?a:b&&a}}}var da=function(a){return function(){return g.bv.m==a}},ea=da(1),fa=da(2);p("sb",ea);p("kn",fa);h.a=_tvv;h.b=_tvf;h.c=_tvn;h.i=aa;var q=window.gbar.i.i;var r=function(){},u=function(){},ia=function(a){var b=new Image,c=ga;b.onerror=b.onload=b.onabort=function(){try{delete ha[c]}catch(d){}};ha[c]=b;b.src=a;ga=c+1},ha=[],ga=0;p("logger",{il:u,ml:r,log:ia});var v=window.gbar.logger;var y={},ja={},z=[],ka=h.b("0.1",.1),la=h.a("1",!0),ma=function(a,b){z.push([a,b])},na=function(a,b){y[a]=b},oa=function(a){return a in y},A={},B=function(a,b){A[a]||(A[a]=[]);A[a].push(b)},D=function(a){B("m",a)},pa=function(a,b){var c=document.createElement("script");c.src=a;c.async=la;Math.random()<ka&&(c.onerror=function(){c.onerror=null;r(Error("Bundle load failed: name="+(b||"UNK")+" url="+a))});(document.getElementById("xjsc")||document.getElementsByTagName("body")[0]||
document.getElementsByTagName("head")[0]).appendChild(c)},F=function(a){for(var b=0,c;(c=z[b])&&c[0]!=a;++b);!c||c[1].l||c[1].s||(c[1].s=!0,qa(2,a),c[1].url&&pa(c[1].url,a),c[1].libs&&E&&E(c[1].libs))},ra=function(a){B("gc",a)},sa=null,ta=function(a){sa=a},qa=function(a,b,c){if(sa){a={t:a,b:b};if(c)for(var d in c)a[d]=c[d];try{sa(a)}catch(f){}}};p("mdc",y);p("mdi",ja);p("bnc",z);p("qGC",ra);p("qm",D);p("qd",A);p("lb",F);p("mcf",na);p("bcf",ma);p("aq",B);p("mdd","");
p("has",oa);p("trh",ta);p("tev",qa);if(h.a("1")){var ua=h.a("1"),va=h.a(""),wa=h.a(""),xa=window.gapi={},ya=function(a,b){var c=function(){g.dgl(a,b)};ua?D(c):(B("gl",c),F("gl"))},za={},Aa=function(a){a=a.split(":");for(var b;(b=a.pop())&&za[b];);return!b},E=function(a){function b(){for(var b=a.split(":"),d=0,f;f=b[d];++d)za[f]=1;for(b=0;d=z[b];++b)d=d[1],(f=d.libs)&&!d.l&&d.i&&Aa(f)&&d.i()}g.dgl(a,b)},H=window.___jsl={};H.h="m;/_/scs/abc-static/_/js/k=gapi.gapi.en.DTPeBB_SvOA.O/m=__features__/rt=j/d=1/rs=AHpOoo-J3J0yqNDMPVrmQT6j-SBFfGx8oA";H.ms="https://apis.google.com";
H.m="";H.l=[];ua||z.push(["gl",{url:"//ssl.gstatic.com/gb/js/abc/glm_e7bb39a7e1a24581ff4f8d199678b1b9.js"}]);var Ba={pu:va,sh:"",si:wa,hl:"en"};y.gl=Ba;p("load",ya,xa);p("dgl",ya);p("agl",Aa);h.o=ua};var Ca=h.b("0.1",.001),Da=0;
function _mlToken(a,b){try{if(1>Da){Da++;var c,d=a;b=b||{};var f=encodeURIComponent,k=["//www.google.com/gen_204?atyp=i&zx=",(new Date).getTime(),"&jexpid=",f("28834"),"&srcpg=",f("prop=1"),"&jsr=",Math.round(1/Ca),"&ogev=",f("qeDcWMWuDMve0gKJ-IuQBw"),"&ogf=",g.bv.f,"&ogrp=",f(""),"&ogv=",f("1490323953.0"),"&oggv="+f("es_plusone_gc_20170309.0_p0"),"&ogd=",f("com"),"&ogc=",f("USA"),"&ogl=",f("en")];b._sn&&(b._sn=
"og."+b._sn);for(var m in b)k.push("&"),k.push(f(m)),k.push("="),k.push(f(b[m]));k.push("&emsg=");k.push(f(d.name+":"+d.message));var n=k.join("");Ea(n)&&(n=n.substr(0,2E3));c=n;var l=window.gbar.logger._aem(a,c);ia(l)}}catch(t){}}var Ea=function(a){return 2E3<=a.length},Fa=function(a,b){return b};function Ga(a){r=a;p("_itl",Ea,v);p("_aem",Fa,v);p("ml",r,v);a={};y.er=a}h.a("")?Ga(function(a){throw a;}):h.a("1")&&Math.random()<Ca&&Ga(_mlToken);var _E="left",Ha=h.a(""),J=function(a,b){var c=a.className;I(a,b)||(a.className+=(""!=c?" ":"")+b)},K=function(a,b){var c=a.className;b=new RegExp("\\s?\\b"+b+"\\b");c&&c.match(b)&&(a.className=c.replace(b,""))},I=function(a,b){b=new RegExp("\\b"+b+"\\b");a=a.className;return!(!a||!a.match(b))},Ia=function(a,b){I(a,b)?K(a,b):J(a,b)},Ja=function(a,b){a[b]=function(c){var d=arguments;g.qm(function(){a[b].apply(this,d)})}},Ka=function(a){a=["//www.gstatic.com","/og/_/js/d=1/k=",
"og.og2.en_US._GwvzHadFFk.O","/rt=j/m=",a,"/rs=","AA2YrTsWAhrdMPdwoiW-go2q05eaziEWdA"];Ha&&a.push("?host=www.gstatic.com&bust=og.og2.en_US.JRFz2WHUxns.DU");a=a.join("");pa(a)};p("ca",J);p("cr",K);p("cc",I);h.k=J;h.l=K;h.m=I;h.n=Ia;h.p=Ka;h.q=Ja;var La=["gb_71","gb_155"],Ma;function Na(a){Ma=a}function Oa(a){var b=Ma&&!a.href.match(/.*\/accounts\/ClearSID[?]/)&&encodeURIComponent(Ma());b&&(a.href=a.href.replace(/([?&]continue=)[^&]*/,"$1"+b))}function Pa(a){window.gApplication&&(a.href=window.gApplication.getTabUrl(a.href))}function Qa(a){try{var b=(document.forms[0].q||"").value;b&&(a.href=a.href.replace(/([?&])q=[^&]*|$/,function(a,d){return(d||"&")+"q="+encodeURIComponent(b)}))}catch(c){q(c,"sb","pq")}}
var Ra=function(){for(var a=[],b=0,c;c=La[b];++b)(c=document.getElementById(c))&&a.push(c);return a},Sa=function(){var a=Ra();return 0<a.length?a[0]:null},Ta=function(){return document.getElementById("gb_70")},L={},M={},Ua={},N={},O=void 0,Za=function(a,b){try{var c=document.getElementById("gb");J(c,"gbpdjs");P();Va(document.getElementById("gb"))&&J(c,"gbrtl");if(b&&b.getAttribute){var d=b.getAttribute("aria-owns");if(d.length){var f=document.getElementById(d);if(f){var k=b.parentNode;if(O==d)O=void 0,
K(k,"gbto");else{if(O){var m=document.getElementById(O);if(m&&m.getAttribute){var n=m.getAttribute("aria-owner");if(n.length){var l=document.getElementById(n);l&&l.parentNode&&K(l.parentNode,"gbto")}}}Wa(f)&&Xa(f);O=d;J(k,"gbto")}}}}D(function(){g.tg(a,b,!0)});Ya(a)}catch(t){q(t,"sb","tg")}},$a=function(a){D(function(){g.close(a)})},ab=function(a){D(function(){g.rdd(a)})},Va=function(a){var b,c=document.defaultView;c&&c.getComputedStyle?(a=c.getComputedStyle(a,""))&&(b=a.direction):b=a.currentStyle?
a.currentStyle.direction:a.style.direction;return"rtl"==b},cb=function(a,b,c){if(a)try{var d=document.getElementById("gbd5");if(d){var f=d.firstChild,k=f.firstChild,m=document.createElement("li");m.className=b+" gbmtc";m.id=c;a.className="gbmt";m.appendChild(a);if(k.hasChildNodes()){c=[["gbkc"],["gbf","gbe","gbn"],["gbkp"],["gbnd"]];for(var d=0,n=k.childNodes.length,f=!1,l=-1,t=0,C;C=c[t];t++){for(var T=0,G;G=C[T];T++){for(;d<n&&I(k.childNodes[d],G);)d++;if(G==b){k.insertBefore(m,k.childNodes[d]||
null);f=!0;break}}if(f){if(d+1<k.childNodes.length){var U=k.childNodes[d+1];I(U.firstChild,"gbmh")||bb(U,C)||(l=d+1)}else if(0<=d-1){var V=k.childNodes[d-1];I(V.firstChild,"gbmh")||bb(V,C)||(l=d)}break}0<d&&d+1<n&&d++}if(0<=l){var w=document.createElement("li"),x=document.createElement("div");w.className="gbmtc";x.className="gbmt gbmh";w.appendChild(x);k.insertBefore(w,k.childNodes[l])}g.addHover&&g.addHover(a)}else k.appendChild(m)}}catch(Ab){q(Ab,"sb","al")}},bb=function(a,b){for(var c=b.length,
d=0;d<c;d++)if(I(a,b[d]))return!0;return!1},db=function(a,b,c){cb(a,b,c)},eb=function(a,b){cb(a,"gbe",b)},fb=function(){D(function(){g.pcm&&g.pcm()})},gb=function(){D(function(){g.pca&&g.pca()})},hb=function(a,b,c,d,f,k,m,n,l,t){D(function(){g.paa&&g.paa(a,b,c,d,f,k,m,n,l,t)})},ib=function(a,b){L[a]||(L[a]=[]);L[a].push(b)},jb=function(a,b){M[a]||(M[a]=[]);M[a].push(b)},kb=function(a,b){Ua[a]=b},lb=function(a,b){N[a]||(N[a]=[]);N[a].push(b)},Ya=function(a){a.preventDefault&&a.preventDefault();a.returnValue=
!1;a.cancelBubble=!0},mb=null,Xa=function(a,b){P();if(a){nb(a,"Opening&hellip;");Q(a,!0);b="undefined"!=typeof b?b:1E4;var c=function(){ob(a)};mb=window.setTimeout(c,b)}},pb=function(a){P();a&&(Q(a,!1),nb(a,""))},ob=function(a){try{P();var b=a||document.getElementById(O);b&&(nb(b,"This service is currently unavailable.%1$sPlease try again later.","%1$s"),Q(b,!0))}catch(c){q(c,"sb","sdhe")}},nb=function(a,b,c){if(a&&b){var d=Wa(a);if(d){if(c){d.innerHTML="";b=b.split(c);c=0;for(var f;f=b[c];c++){var k=document.createElement("div");
k.innerHTML=f;d.appendChild(k)}}else d.innerHTML=b;Q(a,!0)}}},Q=function(a,b){(b=void 0!==b?b:!0)?J(a,"gbmsgo"):K(a,"gbmsgo")},Wa=function(a){for(var b=0,c;c=a.childNodes[b];b++)if(I(c,"gbmsg"))return c},P=function(){mb&&window.clearTimeout(mb)},qb=function(a){var b="inner"+a;a="offset"+a;return window[b]?window[b]:document.documentElement&&document.documentElement[a]?document.documentElement[a]:0},rb=function(){return!1},sb=function(){return!!O};p("so",Sa);p("sos",Ra);p("si",Ta);p("tg",Za);
p("close",$a);p("rdd",ab);p("addLink",db);p("addExtraLink",eb);p("pcm",fb);p("pca",gb);p("paa",hb);p("ddld",Xa);p("ddrd",pb);p("dderr",ob);p("rtl",Va);p("op",sb);p("bh",L);p("abh",ib);p("dh",M);p("adh",jb);p("ch",N);p("ach",lb);p("eh",Ua);p("aeh",kb);ba=h.a("")?Pa:Qa;p("qs",ba);p("setContinueCb",Na);p("pc",Oa);p("bsy",rb);h.d=Ya;h.j=qb;var tb={};y.base=tb;z.push(["m",{url:"//ssl.gstatic.com/gb/js/sem_27f1bcf432d308987d3c71813a152d1a.js"}]);g.sg={c:"1"};p("wg",{rg:{}});var ub={tiw:h.c("15000",0),tie:h.c("30000",0)};y.wg=ub;var vb={thi:h.c("10000",0),thp:h.c("180000",0),tho:h.c("5000",0),tet:h.b("0.5",0)};y.wm=vb;if(h.a("1")){var wb=h.a("");z.push(["gc",{auto:wb,url:"//ssl.gstatic.com/gb/js/abc/gci_91f30755d6a6b787dcc2a4062e6e9824.js",libs:"googleapis.client:plusone:gapi.iframes"}]);var xb={version:"gci_91f30755d6a6b787dcc2a4062e6e9824.js",index:"",lang:"en"};y.gc=xb;var yb=function(a){window.googleapis&&window.iframes?a&&a():(a&&ra(a),F("gc"))};p("lGC",yb);h.a("1")&&p("lPWF",yb)};window.__PVT="";if(h.a("1")&&h.a("1")){var zb=function(a){yb(function(){B("pw",a);F("pw")})};p("lPW",zb);z.push(["pw",{url:"//ssl.gstatic.com/gb/js/abc/pwm_45f73e4df07a0e388b0fa1f3d30e7280.js"}]);var Bb=[],Cb=function(a){Bb[0]=a},Db=function(a,b){b=b||{};b._sn="pw";r(a,b)},Eb={signed:Bb,elog:Db,base:"https://plusone.google.com/u/0",loadTime:(new Date).getTime()};y.pw=Eb;var Fb=function(a,b){var c=b.split(".");b=function(){var b=arguments;a(function(){for(var a=g,d=0,f=c.length-1;d<f;++d)a=a[c[d]];a[c[d]].apply(a,b)})};for(var d=g,f=0,k=c.length-1;f<
k;++f)d=d[c[f]]=d[c[f]]||{};return d[c[f]]=b};Fb(zb,"pw.clk");Fb(zb,"pw.hvr");p("su",Cb,g.pw)};var Gb=[1,2,3,4,5,6,9,10,11,13,14,28,29,30,34,35,37,38,39,40,41,42,43,48,49,500];var Hb=h.b("0.001",1E-4),Ib=h.b("1",1),Jb=!1,Kb=!1;if(h.a("1")){var Lb=Math.random();Lb<Hb&&(Jb=!0);Lb<Ib&&(Kb=!0)}var R=null;
function Mb(a,b){var c=Hb,d=Jb,f;f=a;if(!R){R={};for(var k=0;k<Gb.length;k++){var m=Gb[k];R[m]=!0}}if(f=!!R[f])c=Ib,d=Kb;if(d){var d=encodeURIComponent,n="es_plusone_gc_20170309.0_p0",l;g.rp?(l=g.rp(),l="-1"!=l?l:""):l="";f=(new Date).getTime();var k=d("28834"),m=d("qeDcWMWuDMve0gKJ-IuQBw"),t=g.bv.f,C=d("1");l=d(l);var c=Math.round(1/c),T=d("1490323953.0"),n=n?"&oggv="+d(n):"",G=d("com"),U=d("en"),
V=d("USA"),w;w=0;h.a("")&&(w|=1);h.a("")&&(w|=2);h.a("")&&(w|=4);a=["//www.google.com/gen_204?atyp=i&zx=",f,"&oge=",a,"&ogex=",k,"&ogev=",m,"&ogf=",t,"&ogp=",C,"&ogrp=",l,"&ogsr=",c,"&ogv=",T,n,"&ogd=",G,"&ogl=",U,"&ogc=",V,"&ogus=",w];if(b){"ogw"in b&&(a.push("&ogw="+b.ogw),delete b.ogw);var x;f=[];for(x in b)0!=f.length&&f.push(","),f.push(Nb(x)),f.push("."),f.push(Nb(b[x]));x=f.join("");""!=x&&(a.push("&ogad="),a.push(d(x)))}ia(a.join(""))}}
function Nb(a){"number"==typeof a&&(a+="");return"string"==typeof a?a.replace(".","%2E").replace(",","%2C"):a}u=Mb;p("il",u,v);var Ob={};y.il=Ob;var Pb=function(a,b,c,d,f,k,m,n,l,t){D(function(){g.paa(a,b,c,d,f,k,m,n,l,t)})},Qb=function(){D(function(){g.prm()})},Rb=function(a){D(function(){g.spn(a)})},Sb=function(a){D(function(){g.sps(a)})},Tb=function(a){D(function(){g.spp(a)})},Ub={"27":"https://ssl.gstatic.com/gb/images/silhouette_24.png","27":"https://ssl.gstatic.com/gb/images/silhouette_24.png","27":"https://ssl.gstatic.com/gb/images/silhouette_24.png"},Vb=function(a){return(a=Ub[a])||"https://ssl.gstatic.com/gb/images/silhouette_24.png"},
Wb=function(){D(function(){g.spd()})};p("spn",Rb);p("spp",Tb);p("sps",Sb);p("spd",Wb);p("paa",Pb);p("prm",Qb);ib("gbd4",Qb);
if(h.a("")){var Xb={d:h.a(""),e:"",sanw:h.a(""),p:"https://ssl.gstatic.com/gb/images/silhouette_96.png",cp:"1",xp:h.a("1"),mg:"%1$s (delegated)",md:"%1$s (default)",mh:"220",s:"1",pp:Vb,ppl:h.a(""),ppa:h.a(""),
ppm:"Google+ page"};y.prf=Xb};var S,Yb,W,Zb,X=0,$b=function(a,b,c){if(a.indexOf)return a.indexOf(b,c);if(Array.indexOf)return Array.indexOf(a,b,c);for(c=null==c?0:0>c?Math.max(0,a.length+c):c;c<a.length;c++)if(c in a&&a[c]===b)return c;return-1},Y=function(a,b){return-1==$b(a,X)?(q(Error(X+"_"+b),"up","caa"),!1):!0},bc=function(a,b){Y([1,2],"r")&&(S[a]=S[a]||[],S[a].push(b),2==X&&window.setTimeout(function(){b(ac(a))},0))},cc=function(a,b,c){if(Y([1],"nap")&&c){for(var d=0;d<c.length;d++)Yb[c[d]]=!0;g.up.spl(a,b,"nap",c)}},dc=
function(a,b,c){if(Y([1],"aop")&&c){if(W)for(var d in W)W[d]=W[d]&&-1!=$b(c,d);else for(W={},d=0;d<c.length;d++)W[c[d]]=!0;g.up.spl(a,b,"aop",c)}},ec=function(){try{if(X=2,!Zb){Zb=!0;for(var a in S)for(var b=S[a],c=0;c<b.length;c++)try{b[c](ac(a))}catch(d){q(d,"up","tp")}}}catch(d){q(d,"up","mtp")}},ac=function(a){if(Y([2],"ssp")){var b=!Yb[a];W&&(b=b&&!!W[a]);return b}};Zb=!1;S={};Yb={};W=null;
var X=1,fc=function(a){var b=!1;try{b=a.cookie&&a.cookie.match("PREF")}catch(c){}return!b},gc=function(){try{return!!e.localStorage&&"object"==typeof e.localStorage}catch(a){return!1}},hc=function(a){return a&&a.style&&a.style.behavior&&"undefined"!=typeof a.load},ic=function(a,b,c,d){try{fc(document)||(d||(b="og-up-"+b),gc()?e.localStorage.setItem(b,c):hc(a)&&(a.setAttribute(b,c),a.save(a.id)))}catch(f){f.code!=DOMException.QUOTA_EXCEEDED_ERR&&q(f,"up","spd")}},jc=function(a,b,c){try{if(fc(document))return"";
c||(b="og-up-"+b);if(gc())return e.localStorage.getItem(b);if(hc(a))return a.load(a.id),a.getAttribute(b)}catch(d){d.code!=DOMException.QUOTA_EXCEEDED_ERR&&q(d,"up","gpd")}return""},kc=function(a,b,c){a.addEventListener?a.addEventListener(b,c,!1):a.attachEvent&&a.attachEvent("on"+b,c)},lc=function(a){for(var b=0,c;c=a[b];b++){var d=g.up;c=c in d&&d[c];if(!c)return!1}return!0},mc=function(a,b){try{if(fc(a))return-1;var c=a.cookie.match(/OGPC=([^;]*)/);if(c&&c[1]){var d=c[1].match(new RegExp("\\b"+
b+"-([0-9]+):"));if(d&&d[1])return parseInt(d[1],10)}}catch(f){f.code!=DOMException.QUOTA_EXCEEDED_ERR&&q(f,"up","gcc")}return-1};p("up",{r:bc,nap:cc,aop:dc,tp:ec,ssp:ac,spd:ic,gpd:jc,aeh:kc,aal:lc,gcc:mc});var Z=function(a,b){a[b]=function(c){var d=arguments;g.qm(function(){a[b].apply(this,d)})}};Z(g.up,"sl");Z(g.up,"si");Z(g.up,"spl");Z(g.up,"dpc");Z(g.up,"iic");g.mcf("up",{sp:h.b("0.01",1),tld:"com",prid:"1"});function nc(){function a(){for(var b;(b=k[m++])&&"m"!=b[0]&&!b[1].auto;);b&&(qa(2,b[0]),b[1].url&&pa(b[1].url,b[0]),b[1].libs&&E&&E(b[1].libs));m<k.length&&setTimeout(a,0)}function b(){0<f--?setTimeout(b,0):a()}var c=h.a("1"),d=h.a(""),f=3,k=z,m=0,n=window.gbarOnReady;if(n)try{n()}catch(l){q(l,"ml","or")}d?p("ldb",a):c?ca(window,"load",b):b()}p("rdl",nc);}catch(e){window.gbar&&gbar.logger&&gbar.logger.ml(e,{"_sn":"cfg.init"});}})();
(function(){try{var b=window.gbar;var d=function(a,c){b[a]=function(){return window.navigator&&window.navigator.userAgent?c(window.navigator.userAgent):!1}},e=function(a){return!(/AppleWebKit\/.+(?:Version\/[35]\.|Chrome\/[01]\.)/.test(a)||-1!=a.indexOf("Firefox/3.5."))};d("bs_w",e);}catch(e){window.gbar&&gbar.logger&&gbar.logger.ml(e,{"_sn":"cfg.init"});}})();
(function(){try{var a=window.gbar;a.mcf("pm",{p:""});}catch(e){window.gbar&&gbar.logger&&gbar.logger.ml(e,{"_sn":"cfg.init"});}})();
(function(){try{var a=window.gbar;a.mcf("mm",{s:"1"});}catch(e){window.gbar&&gbar.logger&&gbar.logger.ml(e,{"_sn":"cfg.init"});}})();
(function(){try{var d=window.gbar.i.i;var e=window.gbar;var f=e.i;var g=f.c("1",0),h=/\bgbmt\b/,k=function(a){try{var b=document.getElementById("gb_"+g),c=document.getElementById("gb_"+a);b&&f.l(b,h.test(b.className)?"gbm0l":"gbz0l");c&&f.k(c,h.test(c.className)?"gbm0l":"gbz0l")}catch(l){d(l,"sj","ssp")}g=a},m=e.qs,n=function(a){var b;b=a.href;var c=window.location.href.match(/.*?:\/\/[^\/]*/)[0],c=new RegExp("^"+c+"/search\\?");(b=c.test(b))&&!/(^|\\?|&)ei=/.test(a.href)&&(b=window.google)&&b.kEXPI&&(a.href+="&ei="+b.kEI)},p=function(a){m(a);
n(a)},q=function(){if(window.google&&window.google.sn){var a=/.*hp$/;return a.test(window.google.sn)?"":"1"}return"-1"};e.rp=q;e.slp=k;e.qs=p;e.qsi=n;}catch(e){window.gbar&&gbar.logger&&gbar.logger.ml(e,{"_sn":"cfg.init"});}})();
(function(){try{var a=this;var b=window.gbar;var c=b.i;var d=c.a,e=c.c,f={cty:"USA",cv:"1490323953",dbg:d(""),ecv:"0",ei:e("qeDcWMWuDMve0gKJ-IuQBw"),ele:d("1"),esr:e("0.1"),evts:["mousedown","touchstart","touchmove","wheel","keydown"],gbl:"es_plusone_gc_20170309.0_p0",hd:"com",hl:"en",irp:d(""),pid:e("1"),
snid:e("28834"),to:e("300000"),u:e(""),vf:".66.41."},g=f,h=["bndcfg"],k=a;h[0]in k||!k.execScript||k.execScript("var "+h[0]);for(var l;h.length&&(l=h.shift());)h.length||void 0===g?k=k[l]&&k[l]!==Object.prototype[l]?k[l]:k[l]={}:k[l]=g;}catch(e){window.gbar&&gbar.logger&&gbar.logger.ml(e,{"_sn":"cfg.init"});}})();
(function(){try{window.gbar.rdl();}catch(e){window.gbar&&gbar.logger&&gbar.logger.ml(e,{"_sn":"cfg.init"});}})();
</script><link href="/images/branding/product/ico/googleg_lodp.ico" rel="shortcut icon"><style type="text/css">.gsib_a{width:100%;padding:4px 6px 0}.gsib_a,.gsib_b{vertical-align:top}.gssb_c{border:0;position:absolute;z-index:989}.gssb_e{border:1px solid #ccc;border-top-color:#d9d9d9;box-shadow:0 2px 4px rgba(0,0,0,0.2);-webkit-box-shadow:0 2px 4px rgba(0,0,0,0.2);cursor:default}.gssb_f{visibility:hidden;white-space:nowrap}.gssb_k{border:0;display:block;position:absolute;top:0;z-index:988}.gsdd_a{border:none!important}.gsmq_a{padding:0}a.gspqs_a{padding:0 3px 0 8px}.gspqs_b{color:#666;line-height:22px}.gsls_a{color:red}.gsn_a{padding-top:4px;padding-bottom:1px}.gsn_b{display:block;line-height:16px}.gsn_c{color:green;font-size:13px}.gsq_a{padding:0}.gssb_a{padding:0 7px}.gssb_a,.gssb_a td{white-space:nowrap;overflow:hidden;line-height:22px}#gssb_b{font-size:11px;color:#36c;text-decoration:none}#gssb_b:hover{font-size:11px;color:#36c;text-decoration:underline}.gssb_g{text-align:center;padding:8px 0 7px;position:relative}.gssb_h{font-size:15px;height:28px;margin:0.2em;-webkit-appearance:button}.gssb_i{background:#eee}.gss_ifl{visibility:hidden;padding-left:5px}.gssb_i .gss_ifl{visibility:visible}a.gssb_j{font-size:13px;color:#36c;text-decoration:none;line-height:100%}a.gssb_j:hover{text-decoration:underline}.gssb_l{height:1px;background-color:#e5e5e5}.gssb_m{color:#000;background:#fff}a.gspqs_a{padding-left:0}.gssb_e{border-top:1px solid #a2bff0;border-right:1px solid #558be3;border-bottom:1px solid #558be3;border-left:1px solid #a2bff0;}.gssb_i{background:#d5e2ff}</style></head><body bgcolor="#fff"><script>(function(){var src='/images/nav_logo229.png';var iesg=false;document.body.onload = function(){window.n && window.n();if (document.images){new Image().src=src;}
if (!iesg){document.f&&document.f.q.focus();document.gbqf&&document.gbqf.q.focus();}
}
})();</script><div id="mngb"> <div id="gb"><script>window.gbar&&gbar.eli&&gbar.eli()</script><div id="gbw"><div id="gbz"><span class="gbtcb"></span><ol id="gbzc" class="gbtc"><li class="gbt"><a onclick="gbar.logger.il(1,{t:119});" class="gbzt" id="gb_119" href="https://plus.google.com/?gpsrc=ogpy0&amp;tab=wX"><span class="gbtb2"></span><span class="gbts">Google+</span></a></li><li class="gbt"><a onclick="gbar.logger.il(1,{t:1});" class="gbzt gbz0l gbp1" id="gb_1" href="https://www.google.com/webhp?tab=ww"><span class="gbtb2"></span><span class="gbts">Search</span></a></li><li class="gbt"><a onclick="gbar.logger.il(1,{t:2});" class="gbzt" id="gb_2" href="https://www.google.com/imghp?hl=en&amp;tab=wi"><span class="gbtb2"></span><span class="gbts">Images</span></a></li><li class="gbt"><a onclick="gbar.logger.il(1,{t:8});" class="gbzt" id="gb_8" href="https://maps.google.com/maps?hl=en&amp;tab=wl"><span class="gbtb2"></span><span class="gbts">Maps</span></a></li><li class="gbt"><a onclick="gbar.logger.il(1,{t:78});" class="gbzt" id="gb_78" href="https://play.google.com/?hl=en&amp;tab=w8"><span class="gbtb2"></span><span class="gbts">Play</span></a></li><li class="gbt"><a onclick="gbar.logger.il(1,{t:36});" class="gbzt" id="gb_36" href="https://www.youtube.com/?tab=w1"><span class="gbtb2"></span><span class="gbts">YouTube</span></a></li><li class="gbt"><a onclick="gbar.logger.il(1,{t:5});" class="gbzt" id="gb_5" href="https://news.google.com/nwshp?hl=en&amp;tab=wn"><span class="gbtb2"></span><span class="gbts">News</span></a></li><li class="gbt"><a onclick="gbar.logger.il(1,{t:23});" class="gbzt" id="gb_23" href="https://mail.google.com/mail/?tab=wm"><span class="gbtb2"></span><span class="gbts">Gmail</span></a></li><li class="gbt"><a class="gbgt" id="gbztm" href="https://www.google.com/intl/en/options/" onclick="gbar.tg(event,this)" aria-haspopup="true" aria-owns="gbd"><span class="gbtb2"></span><span id="gbztms" class="gbts gbtsa"><span id="gbztms1">More</span><span class="gbma"></span></span></a><div class="gbm" id="gbd" aria-owner="gbztm"><div id="gbmmb" class="gbmc gbsb gbsbis"><ol id="gbmm" class="gbmcc gbsbic"><li class="gbmtc"><a onclick="gbar.logger.il(1,{t:49});" class="gbmt" id="gb_49" href="https://drive.google.com/?tab=wo">Drive</a></li><li class="gbmtc"><a onclick="gbar.logger.il(1,{t:24});" class="gbmt" id="gb_24" href="https://www.google.com/calendar?tab=wc">Calendar</a></li><li class="gbmtc"><a onclick="gbar.logger.il(1,{t:51});" class="gbmt" id="gb_51" href="https://translate.google.com/?hl=en&amp;tab=wT">Translate</a></li><li class="gbmtc"><a onclick="gbar.logger.il(1,{t:17});" class="gbmt" id="gb_17" href="http://www.google.com/mobile/?hl=en&amp;tab=wD">Mobile</a></li><li class="gbmtc"><a onclick="gbar.logger.il(1,{t:10});" class="gbmt" id="gb_10" href="https://books.google.com/bkshp?hl=en&amp;tab=wp">Books</a></li><li class="gbmtc"><a onclick="gbar.logger.il(1,{t:212});" class="gbmt" id="gb_212" href="https://wallet.google.com/?tab=wa">Wallet</a></li><li class="gbmtc"><a onclick="gbar.logger.il(1,{t:6});" class="gbmt" id="gb_6" href="http://www.google.com/shopping?hl=en&amp;tab=wf">Shopping</a></li><li class="gbmtc"><a onclick="gbar.logger.il(1,{t:30});" class="gbmt" id="gb_30" href="https://www.blogger.com/?tab=wj">Blogger</a></li><li class="gbmtc"><a onclick="gbar.logger.il(1,{t:27});" class="gbmt" id="gb_27" href="https://www.google.com/finance?tab=we">Finance</a></li><li class="gbmtc"><a onclick="gbar.logger.il(1,{t:31});" class="gbmt" id="gb_31" href="https://photos.google.com/?tab=wq&amp;pageId=none">Photos</a></li><li class="gbmtc"><a onclick="gbar.logger.il(1,{t:12});" class="gbmt" id="gb_12" href="http://video.google.com/?hl=en&amp;tab=wv">Videos</a></li><li class="gbmtc"><a onclick="gbar.logger.il(1,{t:25});" class="gbmt" id="gb_25" href="https://docs.google.com/document/?usp=docs_alc">Docs</a></li><li class="gbmtc"><div class="gbmt gbmh"></div></li><li class="gbmtc"><a onclick="gbar.logger.il(1,{t:66});" href="https://www.google.com/intl/en/options/" class="gbmt">Even more »</a></li></ol><div class="gbsbt" style="opacity: 0;"></div><div class="gbsbb" style="opacity: 0;"></div></div></div></li></ol></div><div id="gbg"><h2 class="gbxx">Account Options</h2><span class="gbtcb"></span><ol class="gbtc"><li class="gbt"><a target="_top" href="https://accounts.google.com/ServiceLogin?hl=en&amp;passive=true&amp;continue=https://www.google.com/" onclick="gbar.logger.il(9,{l:'i'})" id="gb_70" class="gbgt"><span class="gbtb2"></span><span id="gbgs4" class="gbts"><span id="gbi4s1">Sign in</span></span></a></li><li class="gbt gbtb"><span class="gbts"></span></li><li class="gbt"><a class="gbgt" id="gbg5" href="http://www.google.com/preferences?hl=en" title="Options" onclick="gbar.tg(event,this)" aria-haspopup="true" aria-owns="gbd5"><span class="gbtb2"></span><span id="gbgs5" class="gbts"><span id="gbi5"></span></span></a><div class="gbm" id="gbd5" aria-owner="gbg5"><div class="gbmc"><ol id="gbom" class="gbmcc"><li class="gbkc gbmtc"><a class="gbmt" href="/preferences?hl=en">Search settings</a></li><li class="gbmtc"><div class="gbmt gbmh"></div></li><li class="gbkp gbmtc"><a class="gbmt" href="http://www.google.com/history/optout?hl=en">Web History</a></li></ol></div></div></li></ol></div></div><div id="gbx3"></div><div id="gbx4"></div><script>window.gbar&&gbar.elp&&gbar.elp()</script></div> </div><center><br clear="all" id="lgpd"><div id="lga"><img alt="Google" height="92" src="/images/branding/googlelogo/1x/googlelogo_white_background_color_272x92dp.png" style="padding:28px 0 14px" width="272" id="hplogo" onload="window.lol&amp;&amp;lol()"><br><br></div><form action="/search" name="f"><table cellpadding="0" cellspacing="0"><tbody><tr valign="top"><td width="25%">&nbsp;</td><td align="center" nowrap=""><input value="en" name="hl" type="hidden"><input name="source" type="hidden" value="hp"><input name="biw" type="hidden"><input name="bih" type="hidden"><div class="ds" style="height:32px;margin:4px 0"><input style="color: rgb(0, 0, 0); margin: 0px; padding: 5px 8px 0px 6px; vertical-align: top; outline: none;" autocomplete="off" class="lst" value="" title="Google Search" maxlength="2048" name="q" size="57" dir="ltr" spellcheck="false"></div><br style="line-height:0"><span class="ds"><span class="lsbb"><input class="lsb" value="Google Search" name="btnG" type="submit"></span></span><span class="ds"><span class="lsbb"><input class="lsb" value="I'm Feeling Lucky" name="btnI" onclick="if(this.form.q.value)this.checked=1; else top.location='/doodles/'" type="submit"></span></span></td><td class="fl sblc" align="left" nowrap="" width="25%"><a href="/advanced_search?hl=en&amp;authuser=0">Advanced search</a><a href="/language_tools?hl=en&amp;authuser=0">Language tools</a></td></tr></tbody></table><input id="gbv" name="gbv" type="hidden" value="2"><script>(function(){var a,b="1";if(document&&document.getElementById)if("undefined"!=typeof XMLHttpRequest)b="2";else if("undefined"!=typeof ActiveXObject){var c,d,e=["MSXML2.XMLHTTP.6.0","MSXML2.XMLHTTP.3.0","MSXML2.XMLHTTP","Microsoft.XMLHTTP"];for(c=0;d=e[c++];)try{new ActiveXObject(d),b="2"}catch(h){}}a=b;if("2"==a&&-1==location.search.indexOf("&gbv=2")){var f=google.gbvu,g=document.getElementById("gbv");g&&(g.value=a);f&&window.setTimeout(function(){location.href=f},0)};}).call(this);</script><input type="hidden" name="oq"><input type="hidden" name="gs_l"></form><div id="gac_scont"></div><div style="font-size:83%;min-height:3.5em"><br><div id="prm"><style>.szppmdbYutt__middle-slot-promo{font-size:small;margin-bottom:32px}.szppmdbYutt__middle-slot-promo a._uFi{display:inline-block;text-decoration:none}.szppmdbYutt__middle-slot-promo img{border:none;margin-right:5px;vertical-align:middle}.szppmdbYutt__middle-slot-promo ._vFi{color:red}</style><div class="szppmdbYutt__middle-slot-promo r-i2_WhAbImfV0" jsl="$t t-Gza07Ho9En4;$x 0;" data-ved="0ahUKEwjHvLaYhf7SAhUhi1QKHf2EDIgQnIcBCAQ">Wander the edge of the world. <a class="_XIi" href="https://www.google.com/url?q=https://www.google.com/streetview/%23greenland-highlights&amp;source=hpp&amp;id=19001922&amp;ct=3&amp;usg=AFQjCNG0ZrbLev_S5JgtB-TlMbDRrmiA9g&amp;sa=X&amp;ved=0ahUKEwjHvLaYhf7SAhUhi1QKHf2EDIgQ8IcBCAU" rel="nofollow">Explore Greenland</a> in Google Maps.</div></div></div><span id="footer"><div style="font-size:10pt"><div style="margin:19px auto;text-align:center" id="fll"><a href="/intl/en/ads/">Advertising&nbsp;Programs</a><a href="/services/">Business Solutions</a><a href="https://plus.google.com/116899029375914044550" rel="publisher">+Google</a><a href="/intl/en/about.html">About Google</a></div></div><p style="color:#767676;font-size:8pt">© 2017 - <a href="/intl/en/policies/privacy/">Privacy</a> - <a href="/intl/en/policies/terms/">Terms</a></p></span></center><script>(function(){window.google.cdo={height:0,width:0};(function(){var a=window.innerWidth,b=window.innerHeight;if(!a||!b)var c=window.document,d="CSS1Compat"==c.compatMode?c.documentElement:c.body,a=d.clientWidth,b=d.clientHeight;a&&b&&(a!=google.cdo.width||b!=google.cdo.height)&&google.log("","","/client_204?&atyp=i&biw="+a+"&bih="+b+"&ei="+google.kEI);}).call(this);})();</script><div id="xjsd"><script src="/xjs/_/js/k=xjs.hp.en_US.q7EuCVIfdZw.O/m=sb_he,d/am=AAg/rt=j/d=1/t=zcms/rs=ACT90oHF3pWF1nFj9p3M-bzcFbKqP3_GDw"></script></div><div id="xjsi"><script>(function(){function c(b){window.setTimeout(function(){var a=document.createElement("script");a.src=b;document.getElementById("xjsd").appendChild(a)},0)}google.dljp=function(b,a){google.xjsu=b;c(a)};google.dlj=c;}).call(this);(function(){window.google.xjsrm=['mids'];})();if(google.y)google.y.first=[];if(!google.xjs){window._=window._||{};window._DumpException=window._._DumpException=function(e){throw e};if(google.timers&&google.timers.load.t){google.timers.load.t.xjsls=new Date().getTime();}google.dljp('/xjs/_/js/k\x3dxjs.hp.en_US.q7EuCVIfdZw.O/m\x3dsb_he,d/am\x3dAAg/rt\x3dj/d\x3d1/t\x3dzcms/rs\x3dACT90oHF3pWF1nFj9p3M-bzcFbKqP3_GDw','/xjs/_/js/k\x3dxjs.hp.en_US.q7EuCVIfdZw.O/m\x3dsb_he,d/am\x3dAAg/rt\x3dj/d\x3d1/t\x3dzcms/rs\x3dACT90oHF3pWF1nFj9p3M-bzcFbKqP3_GDw');google.xjs=1;}google.pmc={"sb_he":{"agen":true,"cgen":true,"client":"heirloom-hp","dh":true,"dhqt":true,"ds":"","fl":true,"host":"google.com","isbh":28,"jam":0,"jsonp":true,"msgs":{"cibl":"Clear Search","dym":"Did you mean:","lcky":"I\u0026#39;m Feeling Lucky","lml":"Learn more","oskt":"Input tools","psrc":"This search was removed from your \u003Ca href=\"/history\"\u003EWeb History\u003C/a\u003E","psrl":"Remove","sbit":"Search by image","srch":"Google Search"},"nds":true,"ovr":{},"pq":"","refpd":true,"rfs":[],"sbpl":24,"sbpr":24,"scd":10,"sce":5,"stok":"kZWaM2ir2CjGAs-89xDJCQRIOb4"},"d":{},"YFCs/g":{}};google.y.first.push(function(){if(google.med){google.med('init');google.initHistory();google.med('history');}});if(google.j&&google.j.en&&google.j.xi){window.setTimeout(google.j.xi,0);}
</script></div><table cellspacing="0" cellpadding="0" class="gstl_0 gssb_c" style="width: 510px; display: none; top: 240px; left: 5px; position: absolute;"><tbody><tr><td class="gssb_f"></td><td class="gssb_e" style="width: 100%;"></td></tr></tbody></table><script src="//ssl.gstatic.com/gb/js/sem_27f1bcf432d308987d3c71813a152d1a.js" async=""></script></body></html>

[[[PhantomJSDriver: phantomjs on MAC (4dee91e0-1535-11e7-9877-1bf407182128)] -> css selector: body]]
Base 64 String Length54816
]]></system-out>
  <system-err><![CDATA[Mar 30, 2017 3:40:19 AM org.openqa.selenium.phantomjs.PhantomJSDriverService <init>
INFO: executable: /usr/local/bin/phantomjs
Mar 30, 2017 3:40:20 AM org.openqa.selenium.phantomjs.PhantomJSDriverService <init>
INFO: port: 9571
Mar 30, 2017 3:40:20 AM org.openqa.selenium.phantomjs.PhantomJSDriverService <init>
INFO: arguments: [--webdriver=9571, --webdriver-logfile=/Users/raliclo/work/bak2/HackerRanks/IDEAs/cloud/phantomjsdriver.log]
Mar 30, 2017 3:40:20 AM org.openqa.selenium.phantomjs.PhantomJSDriverService <init>
INFO: environment: {}
[INFO  - 2017-03-30T10:40:32.244Z] GhostDriver - Main - running on port 9571
[INFO  - 2017-03-30T10:40:34.315Z] Session [4dee91e0-1535-11e7-9877-1bf407182128] - page.settings - {"XSSAuditingEnabled":false,"javascriptCanCloseWindows":true,"javascriptCanOpenWindows":true,"javascriptEnabled":true,"loadImages":true,"localToRemoteUrlAccessEnabled":false,"userAgent":"Mozilla/5.0 (Macintosh; Intel Mac OS X) AppleWebKit/538.1 (KHTML, like Gecko) PhantomJS/2.1.1 Safari/538.1","webSecurityEnabled":true}
[INFO  - 2017-03-30T10:40:34.316Z] Session [4dee91e0-1535-11e7-9877-1bf407182128] - page.customHeaders:  - {}
[INFO  - 2017-03-30T10:40:34.321Z] Session [4dee91e0-1535-11e7-9877-1bf407182128] - Session.negotiatedCapabilities - {"browserName":"phantomjs","version":"2.1.1","driverName":"ghostdriver","driverVersion":"1.2.0","platform":"mac-unknown-64bit","javascriptEnabled":true,"takesScreenshot":true,"handlesAlerts":false,"databaseEnabled":false,"locationContextEnabled":false,"applicationCacheEnabled":false,"browserConnectionEnabled":false,"cssSelectorsEnabled":true,"webStorageEnabled":false,"rotatable":false,"acceptSslCerts":false,"nativeEvents":true,"proxy":{"proxyType":"direct"}}
[INFO  - 2017-03-30T10:40:34.322Z] SessionManagerReqHand - _postNewSessionCommand - New Session Created: 4dee91e0-1535-11e7-9877-1bf407182128
Mar 30, 2017 3:40:34 AM org.openqa.selenium.remote.ProtocolHandshake createSession
INFO: Detected dialect: OSS
[INFO  - 2017-03-30T10:40:44.135Z] ShutdownReqHand - _handle - About to shutdown
]]></system-err>
</testsuite>
