<?xml version="1.0" encoding="UTF-8"?>
<testsuite name="advanced_Selenium.seleniumTest" tests="2" skipped="0" failures="0" errors="0" timestamp="2017-03-30T10:40:49" hostname="tastypotinc.private" time="35.209">
  <properties/>
  <testcase name="testChromeDriver" classname="advanced_Selenium.seleniumTest" time="11.796"/>
  <testcase name="testFirefoxDriver" classname="advanced_Selenium.seleniumTest" time="23.4"/>
  <system-out><![CDATA[03:40:50,174 |-INFO in ch.qos.logback.classic.LoggerContext[default] - Could NOT find resource [logback-test.xml]
03:40:50,184 |-INFO in ch.qos.logback.classic.LoggerContext[default] - Could NOT find resource [logback.groovy]
03:40:50,184 |-INFO in ch.qos.logback.classic.LoggerContext[default] - Found resource [logback.xml] at [jar:file:/Users/raliclo/.gradle/caches/modules-2/files-2.1/net.sourceforge.tess4j/tess4j/3.3.1/28dd31fb616a0cc134558a320344298114161b1e/tess4j-3.3.1.jar!/logback.xml]
03:40:50,187 |-WARN in ch.qos.logback.classic.LoggerContext[default] - Resource [logback.xml] occurs multiple times on the classpath.
03:40:50,187 |-WARN in ch.qos.logback.classic.LoggerContext[default] - Resource [logback.xml] occurs at [jar:file:/Users/raliclo/.gradle/caches/modules-2/files-2.1/net.sourceforge.tess4j/tess4j/3.3.1/28dd31fb616a0cc134558a320344298114161b1e/tess4j-3.3.1.jar!/logback.xml]
03:40:50,187 |-WARN in ch.qos.logback.classic.LoggerContext[default] - Resource [logback.xml] occurs at [jar:file:/Users/raliclo/.gradle/caches/modules-2/files-2.1/org.springframework.data/spring-data-rest-tests-core/3.0.0.BUILD-SNAPSHOT/56aec4a84d69f0284ae67ef39489ee3212aeea20/spring-data-rest-tests-core-3.0.0.BUILD-SNAPSHOT-tests.jar!/logback.xml]
03:40:50,251 |-INFO in ch.qos.logback.core.joran.spi.ConfigurationWatchList@2f5e46ff - URL [jar:file:/Users/raliclo/.gradle/caches/modules-2/files-2.1/net.sourceforge.tess4j/tess4j/3.3.1/28dd31fb616a0cc134558a320344298114161b1e/tess4j-3.3.1.jar!/logback.xml] is not of type file
03:40:51,086 |-INFO in ch.qos.logback.classic.joran.action.ConfigurationAction - debug attribute not set
03:40:51,093 |-INFO in ch.qos.logback.core.joran.action.AppenderAction - About to instantiate appender of type [ch.qos.logback.core.ConsoleAppender]
03:40:51,126 |-INFO in ch.qos.logback.core.joran.action.AppenderAction - Naming appender as [STDOUT]
03:40:51,255 |-INFO in ch.qos.logback.classic.joran.action.LoggerAction - Setting level of logger [com.levigo] to INFO
03:40:51,255 |-INFO in ch.qos.logback.classic.joran.action.RootLoggerAction - Setting level of ROOT logger to INFO
03:40:51,255 |-INFO in ch.qos.logback.core.joran.action.AppenderRefAction - Attaching appender named [STDOUT] to Logger[ROOT]
03:40:51,256 |-INFO in ch.qos.logback.classic.joran.action.ConfigurationAction - End of configuration.
03:40:51,257 |-INFO in ch.qos.logback.classic.joran.JoranConfigurator@43ac55eb - Registering current configuration as safe fallback point


[Info] List out all Elements founded~!
--------------------------------------
--------------------------------------
Elements Amounts : 10
Element href attribute: https://sites.google.com/a/chromium.org/chromedriver/


[Info] You shall be searching ChromeDriver on google using Chrome~!


[Info] List out all Elements founded~!
--------------------------------------
--------------------------------------
Elements Amounts : 10
Element href attribute: https://github.com/SeleniumHQ/selenium/wiki/FirefoxDriver


[Info] You shall be searching FireFoxDriver on google using FireFox~!

]]></system-out>
  <system-err><![CDATA[Starting ChromeDriver 2.28.455517 (2c6d2707d8ea850c862f04ac066724273981e88f) on port 25206
Only local connections are allowed.
Mar 30, 2017 3:40:55 AM org.openqa.selenium.remote.ProtocolHandshake createSession
INFO: Detected dialect: OSS
1490870462074	geckodriver	INFO	Listening on 127.0.0.1:34276
1490870462331	mozprofile::profile	INFO	Using profile path /var/folders/d6/lnrxqp194zn2c1g3_02j1pdh0000gn/T/rust_mozprofile.wcwV0mI4mhTJ
1490870462333	geckodriver::marionette	INFO	Starting browser /Applications/Firefox.app/Contents/MacOS/firefox-bin with args []
1490870462341	geckodriver::marionette	INFO	Connecting to Marionette on localhost:56594
1490870465924	Marionette	INFO	Listening on port 56594
Mar 30, 2017 3:41:11 AM org.openqa.selenium.remote.ProtocolHandshake createSession
INFO: Detected dialect: W3C
2017-03-30 03:41:12.363 plugin-container[25949:340863] *** CFMessagePort: bootstrap_register(): failed 1100 (0x44c) 'Permission denied', port = 0x953b, name = 'com.apple.tsm.portname'
See /usr/include/servers/bootstrap_defs.h for the error codes.
2017-03-30 03:41:12.373 plugin-container[25949:340863] *** CFMessagePort: bootstrap_register(): failed 1100 (0x44c) 'Permission denied', port = 0x9903, name = 'com.apple.CFPasteboardClient'
See /usr/include/servers/bootstrap_defs.h for the error codes.
1490870484544	Marionette	INFO	New connections will no longer be accepted
?[Child 25949] ###!!! ABORT: Aborting on channel error.: file /builds/slave/m-rel-m64-00000000000000000000/build/src/ipc/glue/MessageChannel.cpp, line 2143
[Child 25949] ###!!! ABORT: Aborting on channel error.: file /builds/slave/m-rel-m64-00000000000000000000/build/src/ipc/glue/MessageChannel.cpp, line 2143
]]></system-err>
</testsuite>
