<?xml version='1.0' encoding='UTF-8'?>
<testsuite name="JUnit Jupiter" tests="2" skipped="0" failures="0" errors="0" time="115.343" hostname="tastypotinc.private" timestamp="2017-02-19T04:28:10">
<properties>
<property name="PID" value="20953"/>
<property name="awt.toolkit" value="sun.lwawt.macosx.LWCToolkit"/>
<property name="catalina.base" value="/private/var/folders/d6/lnrxqp194zn2c1g3_02j1pdh0000gn/T/tomcat.5641658018687266270.8080"/>
<property name="catalina.home" value="/private/var/folders/d6/lnrxqp194zn2c1g3_02j1pdh0000gn/T/tomcat.5641658018687266270.8080"/>
<property name="catalina.useNaming" value="false"/>
<property name="file.encoding" value="UTF-8"/>
<property name="file.encoding.pkg" value="sun.io"/>
<property name="file.separator" value="/"/>
<property name="ftp.nonProxyHosts" value="local|*.local|169.254/16|*.169.254/16"/>
<property name="gopherProxySet" value="false"/>
<property name="http.nonProxyHosts" value="local|*.local|169.254/16|*.169.254/16"/>
<property name="java.awt.graphicsenv" value="sun.awt.CGraphicsEnvironment"/>
<property name="java.awt.headless" value="true"/>
<property name="java.awt.printerjob" value="sun.lwawt.macosx.CPrinterJob"/>
<property name="java.class.path" value="/Users/raliclo/work/bak2/HackerRanks/IDEAs/build/classes/test:/Users/raliclo/work/bak2/HackerRanks/IDEAs/build/resources/test:/Users/raliclo/work/bak2/HackerRanks/IDEAs/build/classes/main:/Users/raliclo/work/bak2/HackerRanks/IDEAs/build/resources/main:/Users/raliclo/work/bak2/HackerRanks/IDEAs/libs/LeapSDK/lib/Leap.py:/Users/raliclo/work/bak2/HackerRanks/IDEAs/libs/LeapSDK/lib/LeapCSharp.NET3.5.dll:/Users/raliclo/work/bak2/HackerRanks/IDEAs/libs/LeapSDK/lib/LeapCSharp.NET4.0.dll:/Users/raliclo/work/bak2/HackerRanks/IDEAs/libs/LeapSDK/lib/LeapJava.jar:/Users/raliclo/work/bak2/HackerRanks/IDEAs/libs/LeapSDK/lib/LeapPython.so:/Users/raliclo/work/bak2/HackerRanks/IDEAs/libs/LeapSDK/lib/libLeap.dylib:/Users/raliclo/work/bak2/HackerRanks/IDEAs/libs/LeapSDK/lib/libLeapCSharp.dylib:/Users/raliclo/work/bak2/HackerRanks/IDEAs/libs/LeapSDK/lib/libLeapJava.dylib:/Users/raliclo/work/bak2/HackerRanks/IDEAs/libs/LeapSDK/lib/UnityAssets/Plugins/LeapCSharp.bundle/Contents/_CodeSignature/CodeResources:/Users/raliclo/work/bak2/HackerRanks/IDEAs/libs/LeapSDK/lib/UnityAssets/Plugins/LeapCSharp.bundle/Contents/Info.plist:/Users/raliclo/work/bak2/HackerRanks/IDEAs/libs/LeapSDK/lib/UnityAssets/Plugins/LeapCSharp.bundle/Contents/MacOS/libLeap.dylib:/Users/raliclo/work/bak2/HackerRanks/IDEAs/libs/LeapSDK/lib/UnityAssets/Plugins/LeapCSharp.bundle/Contents/MacOS/libLeapCSharp.dylib:/Users/raliclo/work/bak2/HackerRanks/IDEAs/libs/LeapSDK/lib/UnityAssets/Plugins/LeapCSharp.NET3.5.dll:/Users/raliclo/.gradle/caches/modules-2/files-2.1/org.antlr/antlr4/4.5.3/f35db7e4b2446e4174ba6a73db7bd6b3e6bb5da1/antlr4-4.5.3.jar:/Users/raliclo/.gradle/caches/modules-2/files-2.1/org.javafxports/ios-sdk/8.60.7/2cc4c327c402343a26340cb0b9397c7c38a717fb/ios-sdk-8.60.7.zip:/Users/raliclo/.gradle/caches/modules-2/files-2.1/org.javafxports/dalvik-sdk/8.60.7/77788c231a33886319c4a9c3506c09c7dc0a7d7/dalvik-sdk-8.60.7.zip:/Users/raliclo/.gradle/caches/modules-2/files-2.1/org.javafxports/jfxdvk/8.60.7/6ab694c11920420d6e752b52e65ff0110a074034/jfxdvk-8.60.7.jar:/Users/raliclo/.gradle/caches/modules-2/files-2.1/ch.qos.logback/logback-classic/1.1.7/9865cf6994f9ff13fce0bf93f2054ef6c65bb462/logback-classic-1.1.7.jar:/Users/raliclo/.gradle/caches/modules-2/files-2.1/org.apache.tika/tika-core/1.14/afff8f1774994aa973ef90bc8d38ddf089b9d6d9/tika-core-1.14.jar:/Users/raliclo/.gradle/caches/modules-2/files-2.1/com.vaadin/vaadin-client/7.7.5/fa92c99ec517e59d91748b96c1c4181656da49b/vaadin-client-7.7.5.jar:/Users/raliclo/.gradle/caches/modules-2/files-2.1/com.vaadin/vaadin-themes/7.7.5/30b2f27299be05381ddb181608693b8fb135aa35/vaadin-themes-7.7.5.jar:/Users/raliclo/.gradle/caches/modules-2/files-2.1/com.vaadin/vaadin-server/7.7.5/28bc909336b9b399d93926b99148ce66d1bf3ed3/vaadin-server-7.7.5.jar:/Users/raliclo/.gradle/caches/modules-2/files-2.1/com.vaadin/vaadin-spring/1.1.1/87865d9aacb0362a18c6ff30098bbbbdd5203e28/vaadin-spring-1.1.1.jar:/Users/raliclo/.gradle/caches/modules-2/files-2.1/io.vertx/vertx-core/3.3.3/515957df3ba4561b6c53497a6bc992d8d6f565c0/vertx-core-3.3.3.jar:/Users/raliclo/.gradle/caches/modules-2/files-2.1/com.fasterxml.jackson.core/jackson-core/2.8.5/60d059f5d2930ccd1ef03535b713fd9f933d1ba7/jackson-core-2.8.5.jar:/Users/raliclo/.gradle/caches/modules-2/files-2.1/com.fasterxml.jackson.core/jackson-databind/2.8.5/b3035f37e674c04dafe36a660c3815cc59f764e2/jackson-databind-2.8.5.jar:/Users/raliclo/.gradle/caches/modules-2/files-2.1/com.fasterxml.jackson.core/jackson-annotations/2.8.5/9d82ff47bc2c2d3b5b6a6618fe636782bbcd5b07/jackson-annotations-2.8.5.jar:/Users/raliclo/.gradle/caches/modules-2/files-2.1/org.seleniumhq.selenium/selenium-java/3.0.0-beta3/24ee95b3c5d64e8911f53094d3a20ab7f8552c50/selenium-java-3.0.0-beta3.jar:/Users/raliclo/.gradle/caches/modules-2/files-2.1/org.seleniumhq.selenium/selenium-server/3.0.0-beta3/39fc4f587d35680ca24331eead36ecab17898438/selenium-server-3.0.0-beta3.jar:/Users/raliclo/.gradle/caches/modules-2/files-2.1/org.seleniumhq.selenium/selenium-remote-driver/3.0.0-beta3/e8aa321fc78d9f7d30867bda6083a305b27b77f0/selenium-remote-driver-3.0.0-beta3.jar:/Users/raliclo/.gradle/caches/modules-2/files-2.1/org.seleniumhq.selenium/selenium-firefox-driver/3.0.0-beta3/1568fedda40c827b5c50cd59dc7e6068e44db124/selenium-firefox-driver-3.0.0-beta3.jar:/Users/raliclo/.gradle/caches/modules-2/files-2.1/org.seleniumhq.selenium/selenium-support/3.0.0-beta3/a5ab15afaf7fd2d226d1ca6d149b95247a12b131/selenium-support-3.0.0-beta3.jar:/Users/raliclo/.gradle/caches/modules-2/files-2.1/org.seleniumhq.selenium/selenium-ie-driver/3.0.0-beta3/55b84fea4819cbe2d7b6420012bf16ed8342b92d/selenium-ie-driver-3.0.0-beta3.jar:/Users/raliclo/.gradle/caches/modules-2/files-2.1/org.seleniumhq.selenium/selenium-chrome-driver/3.0.0-beta3/dbd944d25de10079702f563e9532e2fdd59aa5/selenium-chrome-driver-3.0.0-beta3.jar:/Users/raliclo/.gradle/caches/modules-2/files-2.1/org.seleniumhq.selenium/selenium-safari-driver/3.0.0-beta3/d06e5d5003e4e682080e5cc71528eaa97a636a1b/selenium-safari-driver-3.0.0-beta3.jar:/Users/raliclo/.gradle/caches/modules-2/files-2.1/org.seleniumhq.selenium/selenium-edge-driver/3.0.0-beta3/76003a1241a657f02ffa69426f93f41eff4e7250/selenium-edge-driver-3.0.0-beta3.jar:/Users/raliclo/.gradle/caches/modules-2/files-2.1/org.seleniumhq.selenium/selenium-iphone-driver/2.9.0/8ed2798603f1c3e73e54aa198bdab8ef9696c32a/selenium-iphone-driver-2.9.0.jar:/Users/raliclo/.gradle/caches/modules-2/files-2.1/org.seleniumhq.selenium/selenium-android-driver/2.9.0/8a682d2e64d08560ffae24fd886505f0fcd64452/selenium-android-driver-2.9.0.jar:/Users/raliclo/.gradle/caches/modules-2/files-2.1/org.seleniumhq.selenium/selenium-htmlunit-driver/2.9.0/faffe8eb2fb48f1036d18a659a042c9a6818b355/selenium-htmlunit-driver-2.9.0.jar:/Users/raliclo/.gradle/caches/modules-2/files-2.1/com.machinepublishers/jbrowserdriver/0.17.1/66da64c53ba0af41efeb89a8662a3d06ca6a8bc3/jbrowserdriver-0.17.1.jar:/Users/raliclo/.gradle/caches/modules-2/files-2.1/com.codeborne/phantomjsdriver/1.3.0/670cb2d15e6fe65e08feff3312e757bb2eee6ff5/phantomjsdriver-1.3.0.jar:/Users/raliclo/.gradle/caches/modules-2/files-2.1/mysql/mysql-connector-java/6.0.3/49506be68e2ab1b619d77dee24c2e55d399d371a/mysql-connector-java-6.0.3.jar:/Users/raliclo/.gradle/caches/modules-2/files-2.1/org.springframework/spring-test/5.0.0.BUILD-SNAPSHOT/dab66ea96ff968d8addf7ea6f85c325c1a40fdcc/spring-test-5.0.0.BUILD-SNAPSHOT.jar:/Users/raliclo/.gradle/caches/modules-2/files-2.1/org.springframework/spring-core/5.0.0.BUILD-SNAPSHOT/82fb8148e8b1dffb8ea6f8907277b77b67232e45/spring-core-5.0.0.BUILD-SNAPSHOT.jar:/Users/raliclo/.gradle/caches/modules-2/files-2.1/org.springframework/spring-beans/5.0.0.BUILD-SNAPSHOT/917877fb3ae7418cc011823f68c72428d195f9bb/spring-beans-5.0.0.BUILD-SNAPSHOT.jar:/Users/raliclo/.gradle/caches/modules-2/files-2.1/org.springframework/spring-context/5.0.0.BUILD-SNAPSHOT/b8ac5b960579a3159bed1627c7bdd127d892a621/spring-context-5.0.0.BUILD-SNAPSHOT.jar:/Users/raliclo/.gradle/caches/modules-2/files-2.1/org.springframework/spring-expression/5.0.0.BUILD-SNAPSHOT/a501fdccaed4c85b16769cac4b16021b1868125d/spring-expression-5.0.0.BUILD-SNAPSHOT.jar:/Users/raliclo/.gradle/caches/modules-2/files-2.1/org.springframework/spring-tx/5.0.0.BUILD-SNAPSHOT/4c90fea00f2ef084fcef3aae824e46d1d1f27d0f/spring-tx-5.0.0.BUILD-SNAPSHOT.jar:/Users/raliclo/.gradle/caches/modules-2/files-2.1/org.springframework/spring-oxm/5.0.0.BUILD-SNAPSHOT/9fcb9fa99f223b33b19fdaba46c3b82d7a6edcc6/spring-oxm-5.0.0.BUILD-SNAPSHOT.jar:/Users/raliclo/.gradle/caches/modules-2/files-2.1/org.springframework/spring-web/5.0.0.BUILD-SNAPSHOT/16264fe140f9940522715559135e8172ecc48db8/spring-web-5.0.0.BUILD-SNAPSHOT.jar:/Users/raliclo/.gradle/caches/modules-2/files-2.1/org.springframework/spring-webmvc/5.0.0.BUILD-SNAPSHOT/e9fc649873d3ed9a649daf72b4574757bf8a3b98/spring-webmvc-5.0.0.BUILD-SNAPSHOT.jar:/Users/raliclo/.gradle/caches/modules-2/files-2.1/org.springframework/spring-web-reactive/5.0.0.BUILD-SNAPSHOT/92e04c99ebc1c5954afde4854dc7d34e78a8c905/spring-web-reactive-5.0.0.BUILD-SNAPSHOT.jar:/Users/raliclo/.gradle/caches/modules-2/files-2.1/org.springframework/spring-orm/5.0.0.BUILD-SNAPSHOT/fdf6af748b830f07822ff386d0c907a8540777fa/spring-orm-5.0.0.BUILD-SNAPSHOT.jar:/Users/raliclo/.gradle/caches/modules-2/files-2.1/org.springframework.boot/spring-boot-starter/2.0.0.BUILD-SNAPSHOT/36727fede68f7786400634979781de93d6ff50a4/spring-boot-starter-2.0.0.BUILD-SNAPSHOT.jar:/Users/raliclo/.gradle/caches/modules-2/files-2.1/org.springframework.boot/spring-boot-starter-web/2.0.0.BUILD-SNAPSHOT/f1a5d06ada815664c1b893f98fa4664c777eb9eb/spring-boot-starter-web-2.0.0.BUILD-SNAPSHOT.jar:/Users/raliclo/.gradle/caches/modules-2/files-2.1/org.springframework.boot/spring-boot-starter-data-jpa/2.0.0.BUILD-SNAPSHOT/70215e712c65a3509020e8f87f4af01297b76498/spring-boot-starter-data-jpa-2.0.0.BUILD-SNAPSHOT.jar:/Users/raliclo/.gradle/caches/modules-2/files-2.1/org.springframework.boot/spring-boot/2.0.0.BUILD-SNAPSHOT/893036d1576888c03219685a4b5b27dd6f49894d/spring-boot-2.0.0.BUILD-SNAPSHOT.jar:/Users/raliclo/.gradle/caches/modules-2/files-2.1/org.springframework.boot/spring-boot-starter-thymeleaf/2.0.0.BUILD-SNAPSHOT/9f7bf8d0797ed95103e08d7f026e40e9e5c795f6/spring-boot-starter-thymeleaf-2.0.0.BUILD-SNAPSHOT.jar:/Users/raliclo/.gradle/caches/modules-2/files-2.1/org.springframework.boot/spring-boot-starter-security/2.0.0.BUILD-SNAPSHOT/8f3d335440b5d55ff619f764929d50c7f121d74d/spring-boot-starter-security-2.0.0.BUILD-SNAPSHOT.jar:/Users/raliclo/.gradle/caches/modules-2/files-2.1/org.springframework.boot/spring-boot-configuration-processor/2.0.0.BUILD-SNAPSHOT/4a9738655ebeac182727cd320b61c43b35076322/spring-boot-configuration-processor-2.0.0.BUILD-SNAPSHOT.jar:/Users/raliclo/.gradle/caches/modules-2/files-2.1/org.springframework.boot/spring-boot-starter-jetty/2.0.0.BUILD-SNAPSHOT/f5bc3da8f5b55684e10d3970d055cfb88c646e50/spring-boot-starter-jetty-2.0.0.BUILD-SNAPSHOT.jar:/Users/raliclo/.gradle/caches/modules-2/files-2.1/org.springframework.boot/spring-boot-starter-actuator/2.0.0.BUILD-SNAPSHOT/9787d4d13fc3f09699a6564ab4eda6c854349ea1/spring-boot-starter-actuator-2.0.0.BUILD-SNAPSHOT.jar:/Users/raliclo/.gradle/caches/modules-2/files-2.1/org.springframework.boot/spring-boot-devtools/2.0.0.BUILD-SNAPSHOT/48c0ef8bdf4c536200cc19db9d48a63b823a2a6a/spring-boot-devtools-2.0.0.BUILD-SNAPSHOT.jar:/Users/raliclo/.gradle/caches/modules-2/files-2.1/io.netty/netty-all/5.0.0.Alpha2/9870d1ff5e71352077776a255f9d1494486af16/netty-all-5.0.0.Alpha2.jar:/Users/raliclo/.gradle/caches/modules-2/files-2.1/org.eclipse.jetty/jetty-server/9.4.0.M1/6ec25572ac6a924faab2ef0678db88e8fe20d566/jetty-server-9.4.0.M1.jar:/Users/raliclo/.gradle/caches/modules-2/files-2.1/org.eclipse.jetty/jetty-servlet/9.4.0.M1/da7eefa29055e98596c5c195e299ff0b75b98a65/jetty-servlet-9.4.0.M1.jar:/Users/raliclo/.gradle/caches/modules-2/files-2.1/org.eclipse.jetty/jetty-util/9.4.0.M1/188c8182247afa0541e6c485399dd05a1dedaff0/jetty-util-9.4.0.M1.jar:/Users/raliclo/.gradle/caches/modules-2/files-2.1/org.eclipse.jetty/jetty-http/9.4.0.M1/45e126f45371b510361afb244d40b199fd29b633/jetty-http-9.4.0.M1.jar:/Users/raliclo/.gradle/caches/modules-2/files-2.1/javax.servlet/javax.servlet-api/4.0.0-b01/bd3242322f338c8a462199d49d48c864779a598f/javax.servlet-api-4.0.0-b01.jar:/Users/raliclo/.gradle/caches/modules-2/files-2.1/org.apache.hadoop/hadoop-test/1.2.1/5c52761bb3f74cdc5c0884d9913480e170ccbc33/hadoop-test-1.2.1.jar:/Users/raliclo/.gradle/caches/modules-2/files-2.1/org.apache.hadoop/hadoop-core/1.2.1/3e5874122a26a735162a380627210779b41bfd59/hadoop-core-1.2.1.jar:/Users/raliclo/.gradle/caches/modules-2/files-2.1/org.apache.hadoop/hadoop-tools/1.2.1/b08c16bd0448fbcadab67c4f8df837c094fdc91e/hadoop-tools-1.2.1.jar:/Users/raliclo/.gradle/caches/modules-2/files-2.1/org.apache.hadoop/hadoop-common/3.0.0-alpha2/99d2b4a71623755875cb04aa2269dea662afdd52/hadoop-common-3.0.0-alpha2.jar:/Users/raliclo/.gradle/caches/modules-2/files-2.1/org.apache.hadoop/hadoop-client/3.0.0-alpha2/9332bc7c202cb81de07b513cda23af1a22a63634/hadoop-client-3.0.0-alpha2.jar:/Users/raliclo/.gradle/caches/modules-2/files-2.1/org.apache.hadoop/hadoop-hdfs/3.0.0-alpha2/d309dee4de16208a743ad70f29d56ec85ff75f57/hadoop-hdfs-3.0.0-alpha2.jar:/Users/raliclo/.gradle/caches/modules-2/files-2.1/org.apache.hadoop/hadoop-annotations/3.0.0-alpha2/6663304e94f37eabedb1fc7500390f57d0e114ee/hadoop-annotations-3.0.0-alpha2.jar:/Users/raliclo/.gradle/caches/modules-2/files-2.1/org.apache.hadoop/hadoop-mapreduce-client-core/3.0.0-alpha2/56c6176bd782c9f90bf25608fde476afb3969253/hadoop-mapreduce-client-core-3.0.0-alpha2.jar:/Users/raliclo/.gradle/caches/modules-2/files-2.1/org.apache.hadoop/hadoop-mapreduce-client-common/3.0.0-alpha2/e16989210db192a65ed7d12ff58707bf2f6e3c8/hadoop-mapreduce-client-common-3.0.0-alpha2.jar:/Users/raliclo/.gradle/caches/modules-2/files-2.1/org.apache.hadoop/hadoop-mapreduce-client-jobclient/3.0.0-alpha2/d339bde8c9f4bd5d2321b3bd64fb99bcf7179510/hadoop-mapreduce-client-jobclient-3.0.0-alpha2.jar:/Users/raliclo/.gradle/caches/modules-2/files-2.1/org.apache.hadoop/hadoop-mapreduce-client-app/3.0.0-alpha2/fe46499192a3d500b06581293525a7fb4ea92b4c/hadoop-mapreduce-client-app-3.0.0-alpha2.jar:/Users/raliclo/.gradle/caches/modules-2/files-2.1/org.apache.hadoop/hadoop-mapreduce-client-shuffle/3.0.0-alpha2/c67bbe405068a22b4a3901a8b8c808572f51121c/hadoop-mapreduce-client-shuffle-3.0.0-alpha2.jar:/Users/raliclo/.gradle/caches/modules-2/files-2.1/org.apache.hadoop/hadoop-mapreduce-client-hs/3.0.0-alpha2/44e56e7fb687959266c393adce6694dce646bd12/hadoop-mapreduce-client-hs-3.0.0-alpha2.jar:/Users/raliclo/.gradle/caches/modules-2/files-2.1/org.apache.hadoop/hadoop-streaming/3.0.0-alpha2/ba333b675bc376184dbfd0815431f5317d74abb3/hadoop-streaming-3.0.0-alpha2.jar:/Users/raliclo/.gradle/caches/modules-2/files-2.1/org.apache.hadoop/hadoop-minikdc/3.0.0-alpha2/1b8010aee1111d2643733d96e83b0a99e51ef6a4/hadoop-minikdc-3.0.0-alpha2.jar:/Users/raliclo/.gradle/caches/modules-2/files-2.1/org.apache.hadoop/hadoop-yarn-common/3.0.0-alpha2/6032ef3eec49e27987a495a57cd8b42e6a0a35ba/hadoop-yarn-common-3.0.0-alpha2.jar:/Users/raliclo/.gradle/caches/modules-2/files-2.1/org.apache.hadoop/hadoop-yarn-api/3.0.0-alpha2/291798f10e292d8f20975413819bf79e0d18fec6/hadoop-yarn-api-3.0.0-alpha2.jar:/Users/raliclo/.gradle/caches/modules-2/files-2.1/org.apache.hadoop/hadoop-yarn-server-common/3.0.0-alpha2/ad251a2793c260e9a14d37dfa6d44a745f7aac2f/hadoop-yarn-server-common-3.0.0-alpha2.jar:/Users/raliclo/.gradle/caches/modules-2/files-2.1/org.apache.hadoop/hadoop-yarn-client/3.0.0-alpha2/73825547818d785e77096cd99a8129e87e00cc4a/hadoop-yarn-client-3.0.0-alpha2.jar:/Users/raliclo/.gradle/caches/modules-2/files-2.1/org.apache.hadoop/hadoop-yarn-server-web-proxy/3.0.0-alpha2/76811f96290da62cd9f13c64caa0ec45e521db00/hadoop-yarn-server-web-proxy-3.0.0-alpha2.jar:/Users/raliclo/.gradle/caches/modules-2/files-2.1/org.apache.hadoop/hadoop-yarn-server-nodemanager/3.0.0-alpha2/34b76d810e551c8647387e0c5debc2307c0e3274/hadoop-yarn-server-nodemanager-3.0.0-alpha2.jar:/Users/raliclo/.gradle/caches/modules-2/files-2.1/org.apache.hadoop/hadoop-yarn-server-resourcemanager/3.0.0-alpha2/48a29077469039997371bb0bbba2b2bca5a14604/hadoop-yarn-server-resourcemanager-3.0.0-alpha2.jar:/Users/raliclo/.gradle/caches/modules-2/files-2.1/org.apache.hadoop/hadoop-auth/3.0.0-alpha2/8fad0c2a28cada48e83ade96178dc6ed4af55937/hadoop-auth-3.0.0-alpha2.jar:/Users/raliclo/.gradle/caches/modules-2/files-2.1/org.apache.hadoop/hadoop-minicluster/3.0.0-alpha2/a93b06fe21cba842a4787bb4c8ca2b8f29300860/hadoop-minicluster-3.0.0-alpha2.jar:/Users/raliclo/.gradle/caches/modules-2/files-2.1/org.apache.hadoop/hadoop-yarn-server-tests/3.0.0-alpha2/f8836fa636fa026365f1284f5e8c848499af4329/hadoop-yarn-server-tests-3.0.0-alpha2.jar:/Users/raliclo/.gradle/caches/modules-2/files-2.1/org.apache.zookeeper/zookeeper/3.4.8/933ea2ed15e6a0e24b788973e3d128ff163c3136/zookeeper-3.4.8.jar:/Users/raliclo/.gradle/caches/modules-2/files-2.1/org.apache.spark/spark-core_2.11/2.0.0/c4d04336c142f10eb7e172155f022f86b6d11dd3/spark-core_2.11-2.0.0.jar:/Users/raliclo/.gradle/caches/modules-2/files-2.1/org.apache.spark/spark-sql_2.11/2.0.0/8dc07912a0b64c8d7f8f787b1b9e580b6e3bf0b8/spark-sql_2.11-2.0.0.jar:/Users/raliclo/.gradle/caches/modules-2/files-2.1/org.apache.spark/spark-mllib_2.11/2.0.0/7ee6c09714a571e55a0ee588d023a25206785d1a/spark-mllib_2.11-2.0.0.jar:/Users/raliclo/.gradle/caches/modules-2/files-2.1/org.apache.spark/spark-streaming_2.11/2.0.0/7227cbd39f5952b0ed3579bc78463bcc318ecd2b/spark-streaming_2.11-2.0.0.jar:/Users/raliclo/.gradle/caches/modules-2/files-2.1/org.apache.spark/spark-hive_2.11/2.0.0/345f7e7871333f93272fc5ef35c0af93fe87f146/spark-hive_2.11-2.0.0.jar:/Users/raliclo/.gradle/caches/modules-2/files-2.1/org.apache.spark/spark-repl_2.11/2.0.0/5b44b03faafcc1be82963ebba11ce5038e53843a/spark-repl_2.11-2.0.0.jar:/Users/raliclo/.gradle/caches/modules-2/files-2.1/org.apache.spark/spark-unsafe_2.11/2.0.0/9f8682d4c83ce32f08fea067c2e22aaabca27d86/spark-unsafe_2.11-2.0.0.jar:/Users/raliclo/.gradle/caches/modules-2/files-2.1/org.apache.spark/spark-yarn_2.11/2.0.0/2b612fcda7b8780e62926bc63e900c662af58b6e/spark-yarn_2.11-2.0.0.jar:/Users/raliclo/.gradle/caches/modules-2/files-2.1/org.apache.spark/spark-graphx_2.11/2.0.0/130cd4e6d0b94e2f5857634475df79ec4a2640ff/spark-graphx_2.11-2.0.0.jar:/Users/raliclo/.gradle/caches/modules-2/files-2.1/org.apache.spark/spark-tags_2.11/2.0.0/7f84a46b1e60c1981e47cae05c462fed65217eff/spark-tags_2.11-2.0.0.jar:/Users/raliclo/.gradle/caches/modules-2/files-2.1/org.apache.spark/spark-test-tags_2.11/1.6.2/d1b6760a03ff8f01aaa56a9cdc38fa0c029aeae5/spark-test-tags_2.11-1.6.2.jar:/Users/raliclo/.gradle/caches/modules-2/files-2.1/org.apache.spark/spark-streaming-twitter_2.11/1.6.2/f18eed1e10aeb41e07610b6411901265f466d4c8/spark-streaming-twitter_2.11-1.6.2.jar:/Users/raliclo/.gradle/caches/modules-2/files-2.1/org.apache.spark/spark-streaming-kafka_2.11/1.6.2/dfe4bc0332e19bd9b13419a922fc68531a8d4f72/spark-streaming-kafka_2.11-1.6.2.jar:/Users/raliclo/.gradle/caches/modules-2/files-2.1/org.apache.spark/spark-bagel_2.11/1.6.2/baf46e8c5c7084cba641e327f950dfb76cf07d93/spark-bagel_2.11-1.6.2.jar:/Users/raliclo/.gradle/caches/modules-2/files-2.1/org.bitcoinj/bitcoinj-core/0.14.3/6dd92e26fa57dbcfe9186946f8d86ff058201f37/bitcoinj-core-0.14.3.jar:/Users/raliclo/.gradle/caches/modules-2/files-2.1/org.apache.tinkerpop/hadoop-gremlin/3.2.2/4476a25a5f8424eaab473238f44ad4f996fc7c75/hadoop-gremlin-3.2.2.jar:/Users/raliclo/.gradle/caches/modules-2/files-2.1/org.eclipse.californium/californium-core/2.0.0-M1/80a723e2fa34aa580991dff75c94c1f733708ab8/californium-core-2.0.0-M1.jar:/Users/raliclo/.gradle/caches/modules-2/files-2.1/org.eclipse.leshan/leshan-all/0.1.11-M12/eda4fb99d1d85253903588fccea63251a5813617/leshan-all-0.1.11-M12.jar:/Users/raliclo/.gradle/caches/modules-2/files-2.1/com.google.zxing/javase/3.2.1/78e98099b87b4737203af1fcfb514954c4f479d9/javase-3.2.1.jar:/Users/raliclo/.gradle/caches/modules-2/files-2.1/com.holdenkarau/spark-testing-base_2.11/2.0.0_0.4.7/55dddf2adc68910ad83ab759acf22ec11ff6958b/spark-testing-base_2.11-2.0.0_0.4.7.jar:/Users/raliclo/.gradle/caches/modules-2/files-2.1/org.apache.mesos/mesos/1.1.0/7f550dd1ec2297bc09f5a7d3246d5d4e8ac27c3d/mesos-1.1.0.jar:/Users/raliclo/.gradle/caches/modules-2/files-2.1/org.apache.poi/poi/3.16-beta1/55e3400a4ffd3b9ccc1cb0d80433734702406578/poi-3.16-beta1.jar:/Users/raliclo/.gradle/caches/modules-2/files-2.1/org.apache.poi/poi-ooxml/3.16-beta1/bfaff01f49c1f135e9ba5fec9b7d52d6a60e7710/poi-ooxml-3.16-beta1.jar:/Users/raliclo/.gradle/caches/modules-2/files-2.1/org.apache.poi/poi-scratchpad/3.16-beta1/9ee4438cc6177e3c1213e0d7222ccb015f8260aa/poi-scratchpad-3.16-beta1.jar:/Users/raliclo/.gradle/caches/modules-2/files-2.1/org.deeplearning4j/deeplearning4j-core/0.7.1/b0520b995bb24554b1da02d68764080604471054/deeplearning4j-core-0.7.1.jar:/Users/raliclo/.gradle/caches/modules-2/files-2.1/org.nd4j/nd4j-native-platform/0.7.1/b4ddc7774843d873ad5141265b7b72eb58a23590/nd4j-native-platform-0.7.1.jar:/Users/raliclo/.gradle/caches/modules-2/files-2.1/org.openpnp/opencv/2.4.11-2/bff3e6b1d339eb8fa6b4c3caf4f7f36946e0e54d/opencv-2.4.11-2.jar:/Users/raliclo/.gradle/caches/modules-2/files-2.1/org.bytedeco.javacpp-presets/opencv/3.1.0-1.2/2cbce052bcc7780513b3c54594ba13a370621154/opencv-3.1.0-1.2.jar:/Users/raliclo/.gradle/caches/modules-2/files-2.1/org.jmonkeyengine/jme3-core/3.1.0-stable/cfe061b23799eeda04adfcc01802c89b88a77f59/jme3-core-3.1.0-stable.jar:/Users/raliclo/.gradle/caches/modules-2/files-2.1/org.jogamp.jogl/oculusvr/2.3.2/fb84fee2bb4c3b91d241a881a6a70fece53ed75d/oculusvr-2.3.2.jar:/Users/raliclo/.gradle/caches/modules-2/files-2.1/com.gluonhq/maps/1.0.0/2b17192ee8faeb7d476dd17bbeeb2aa16853ff9a/maps-1.0.0.jar:/Users/raliclo/.gradle/caches/modules-2/files-2.1/commons-net/commons-net/3.5/342fc284019f590e1308056990fdb24a08f06318/commons-net-3.5.jar:/Users/raliclo/.gradle/caches/modules-2/files-2.1/org.apache.commons/commons-email/1.4/3b3c527990f7f288a3a9b23a8c7307bbf7e75965/commons-email-1.4.jar:/Users/raliclo/.gradle/caches/modules-2/files-2.1/commons-io/commons-io/2.5/2852e6e05fbb95076fc091f6d1780f1f8fe35e0f/commons-io-2.5.jar:/Users/raliclo/.gradle/caches/modules-2/files-2.1/org.apache.commons/commons-collections4/4.1/a4cf4688fe1c7e3a63aa636cc96d013af537768e/commons-collections4-4.1.jar:/Users/raliclo/.gradle/caches/modules-2/files-2.1/joda-time/joda-time/2.9.4/1c295b462f16702ebe720bbb08f62e1ba80da41b/joda-time-2.9.4.jar:/Users/raliclo/.gradle/caches/modules-2/files-2.1/com.h2database/h2/1.4.192/1106492605db135523d2817881cdf029d9292afa/h2-1.4.192.jar:/Users/raliclo/.gradle/caches/modules-2/files-2.1/org.apache.camel/camel-core/2.18.1/90cdb6de0866db015c486211cdc137b7a31cdf8d/camel-core-2.18.1.jar:/Users/raliclo/.gradle/caches/modules-2/files-2.1/org.apache.camel/camel-cdi/2.18.1/dde9ef7fea447067366f66739c1d12e3befe77df/camel-cdi-2.18.1.jar:/Users/raliclo/.gradle/caches/modules-2/files-2.1/org.apache.camel/camel-test/2.18.1/d44873c4543b87c51ddd497a55b6951c53b04477/camel-test-2.18.1.jar:/Users/raliclo/.gradle/caches/modules-2/files-2.1/org.apache.camel/camel-spring-boot/2.18.1/c88f2e22ed8514a510e088d2bdd112e0ffa62d49/camel-spring-boot-2.18.1.jar:/Users/raliclo/.gradle/caches/modules-2/files-2.1/org.apache.camel/camel-jetty/2.18.1/9c58c00c5dbcc606acd1cdb191da233ec705af20/camel-jetty-2.18.1.jar:/Users/raliclo/.gradle/caches/modules-2/files-2.1/org.apache.camel/camel-xstream/2.18.1/54d4fcb440f714f05956669f0eea3880570541a6/camel-xstream-2.18.1.jar:/Users/raliclo/.gradle/caches/modules-2/files-2.1/org.apache.camel/camel-jackson/2.18.1/fd400b039cf21dbe6f5f1186a7c801323278bbd/camel-jackson-2.18.1.jar:/Users/raliclo/.gradle/caches/modules-2/files-2.1/org.apache.camel/camel-mail/2.18.1/f6bb0dfe28fd15b12cbb1b243f17819f3f2fed41/camel-mail-2.18.1.jar:/Users/raliclo/.gradle/caches/modules-2/files-2.1/org.jsoup/jsoup/1.10.1/645f1ad2f6f4cbad1cde4c483eae71e4051be6ef/jsoup-1.10.1.jar:/Users/raliclo/.gradle/caches/modules-2/files-2.1/org.hibernate/hibernate-core/5.2.2.Final/8e547af334b6346233a8293e50a2932e47936c9b/hibernate-core-5.2.2.Final.jar:/Users/raliclo/.gradle/caches/modules-2/files-2.1/org.slf4j/slf4j-api/1.7.21/139535a69a4239db087de9bab0bee568bf8e0b70/slf4j-api-1.7.21.jar:/Users/raliclo/.gradle/caches/modules-2/files-2.1/org.apache.logging.log4j/log4j-api/2.7/8de00e382a817981b737be84cb8def687d392963/log4j-api-2.7.jar:/Users/raliclo/.gradle/caches/modules-2/files-2.1/org.apache.logging.log4j/log4j-core/2.7/a3f2b4e64c61a7fc1ed8f1e5ba371933404ed98a/log4j-core-2.7.jar:/Users/raliclo/.gradle/caches/modules-2/files-2.1/org.scala-lang/scalap/2.12.1/13ebecaf30ca84c508a6f6a80527a3236926d08b/scalap-2.12.1.jar:/Users/raliclo/.gradle/caches/modules-2/files-2.1/org.apache.kafka/kafka_2.11/0.10.1.1/f7324d1cb2bca7c62a263e746706029ed980f153/kafka_2.11-0.10.1.1.jar:/Users/raliclo/.gradle/caches/modules-2/files-2.1/org.apache.kafka/kafka_2.12/0.10.1.1/dd8cef8c26183876c177e5c8cb1357d9817527fd/kafka_2.12-0.10.1.1.jar:/Users/raliclo/.gradle/caches/modules-2/files-2.1/org.apache.kafka/kafka-streams/0.10.1.1/6de98d611afa88a112a25099e36e39a673f69e77/kafka-streams-0.10.1.1.jar:/Users/raliclo/.gradle/caches/modules-2/files-2.1/org.apache.kafka/kafka-examples/0.10.1.1/92f421f2b3ab9f54ec04a77ed0b46fd521ea3002/kafka-examples-0.10.1.1.jar:/Users/raliclo/.gradle/caches/modules-2/files-2.1/org.apache.kafka/kafka-tools/0.10.1.1/cc813f85b4b9845516092ac35668296d565036ae/kafka-tools-0.10.1.1.jar:/Users/raliclo/.gradle/caches/modules-2/files-2.1/org.apache.kafka/kafka-log4j-appender/0.10.1.1/fb0dbc5c51c7a7907ff90802e63528b7c055e916/kafka-log4j-appender-0.10.1.1.jar:/Users/raliclo/.gradle/caches/modules-2/files-2.1/org.apache.kafka/kafka-clients/0.10.1.1/52f03b809c26f9676ddfcf130f13c80dfc929b98/kafka-clients-0.10.1.1.jar:/Users/raliclo/.gradle/caches/modules-2/files-2.1/org.apache.kafka/connect-api/0.10.1.1/e6b9d4d989e77863d3ec677d5119ee7376b56a4d/connect-api-0.10.1.1.jar:/Users/raliclo/.gradle/caches/modules-2/files-2.1/org.apache.kafka/connect-json/0.10.1.1/11b0545a695989182ee3672d1ccbf525a8f1be8f/connect-json-0.10.1.1.jar:/Users/raliclo/.gradle/caches/modules-2/files-2.1/org.apache.kafka/connect-file/0.10.1.1/f68fda2e99af9c705b5340e44db82725310f665/connect-file-0.10.1.1.jar:/Users/raliclo/.gradle/caches/modules-2/files-2.1/org.apache.kafka/connect-runtime/0.10.1.1/e3036b4894df4dd7e5bd116d36cfd8d2b3b18d82/connect-runtime-0.10.1.1.jar:/Users/raliclo/.gradle/caches/modules-2/files-2.1/org.apache.kafka/kafka-streams-examples/0.10.1.1/337de74e4af6189b7e019f65af958edeeff0459/kafka-streams-examples-0.10.1.1.jar:/Users/raliclo/.gradle/caches/modules-2/files-2.1/org.apache.pdfbox/pdfbox/2.0.2/997dba365753d7da93255781fb17ee40fbca79bc/pdfbox-2.0.2.jar:/Users/raliclo/.gradle/caches/modules-2/files-2.1/com.itextpdf/itextpdf/5.5.9/af7e24e11af3aeb7f25dfe342b050dd1618f2a54/itextpdf-5.5.9.jar:/Users/raliclo/.gradle/caches/modules-2/files-2.1/com.google.code.gson/gson/2.7/751f548c85fa49f330cecbb1875893f971b33c4e/gson-2.7.jar:/Users/raliclo/.gradle/caches/modules-2/files-2.1/org.apache.avro/avro/1.8.1/f4e11d00055760dca33daab193192bd75cc87b59/avro-1.8.1.jar:/Users/raliclo/.gradle/caches/modules-2/files-2.1/org.apache.orc/orc-core/1.2.2/b235373e4e6e7aca331f11a006a2168c6472010e/orc-core-1.2.2.jar:/Users/raliclo/.gradle/caches/modules-2/files-2.1/org.apache.orc/orc-tools/1.2.2/384e4f34b83ff7002056723915a3a567d11ee6ba/orc-tools-1.2.2.jar:/Users/raliclo/.gradle/caches/modules-2/files-2.1/org.apache.orc/orc-mapreduce/1.2.2/48e7dad4fb0d03216e66ca31ba092674af2d8937/orc-mapreduce-1.2.2.jar:/Users/raliclo/.gradle/caches/modules-2/files-2.1/com.twitter/parquet-format/2.2.0/df2f9943d5a0abf439705799c149f73e2d8749fa/parquet-format-2.2.0.jar:/Users/raliclo/.gradle/caches/modules-2/files-2.1/org.apache.hive/hive-exec/2.1.0/f6f7bf236e9b9b73c24c63c7d168dbbff4846fe7/hive-exec-2.1.0.jar:/Users/raliclo/.gradle/caches/modules-2/files-2.1/org.apache.hive/hive-orc/2.1.0/203d5485eef70de6a5428391cc3f363e210cf88f/hive-orc-2.1.0.jar:/Users/raliclo/.gradle/caches/modules-2/files-2.1/org.apache.hive/hive-serde/2.1.0/54de8501942565677cb58bf9745976b50df527b4/hive-serde-2.1.0.jar:/Users/raliclo/.gradle/caches/modules-2/files-2.1/org.apache.hive/hive-metastore/2.1.0/37ab23954547f3de9ae98a56038bf8b76e887ad2/hive-metastore-2.1.0.jar:/Users/raliclo/.gradle/caches/modules-2/files-2.1/org.apache.hive/hive-service/2.1.0/4bd13cfd7c0869a2175668a2b7726e7f3a33ed2d/hive-service-2.1.0.jar:/Users/raliclo/.gradle/caches/modules-2/files-2.1/org.apache.ignite/ignite-core/1.7.0/f7dfede85c4ac610aa5324deb46f3804e0f2d552/ignite-core-1.7.0.jar:/Users/raliclo/.gradle/caches/modules-2/files-2.1/org.apache.ignite/ignite-mesos/1.7.0/507daec3273cc838d5085da9794a6d43b6df2a8f/ignite-mesos-1.7.0.jar:/Users/raliclo/.gradle/caches/modules-2/files-2.1/org.apache.ignite/ignite-spring/1.7.0/eb2afe31819b309493902727e5426fa83a721554/ignite-spring-1.7.0.jar:/Users/raliclo/.gradle/caches/modules-2/files-2.1/org.apache.ignite/ignite-tools/1.7.0/d94c3b1bdfab874d9e5b18843eeaf71b289f40dc/ignite-tools-1.7.0.jar:/Users/raliclo/.gradle/caches/modules-2/files-2.1/org.apache.ignite/ignite-rest-http/1.7.0/1325b462054daed3d6b859d5213a0d453c1b43ab/ignite-rest-http-1.7.0.jar:/Users/raliclo/.gradle/caches/modules-2/files-2.1/org.apache.ignite/ignite-spark/1.7.0/b8b9d019def90e119b43506a816be40e27e25c50/ignite-spark-1.7.0.jar:/Users/raliclo/.gradle/caches/modules-2/files-2.1/org.apache.ignite/ignite-kafka/1.7.0/72831dce06ca7a3782999c319189dcfb8365715a/ignite-kafka-1.7.0.jar:/Users/raliclo/.gradle/caches/modules-2/files-2.1/org.apache.ignite/ignite-camel/1.7.0/fbf897c8dade4e25230d1d9d1619e71a23989c1e/ignite-camel-1.7.0.jar:/Users/raliclo/.gradle/caches/modules-2/files-2.1/org.apache.ignite/ignite-clients/1.7.0/268fbabb7196acdbf17f2bf22cc64a2eba8cba39/ignite-clients-1.7.0.jar:/Users/raliclo/.gradle/caches/modules-2/files-2.1/org.apache.ignite/ignite-examples/1.0.0-RC3/e8052b2f00f27082e99d2a0ce1a163afe8800771/ignite-examples-1.0.0-RC3.jar:/Users/raliclo/.gradle/caches/modules-2/files-2.1/org.apache.ignite/ignite-codegen/1.0.0-RC3/207e3d8256caa1594e1cac1134d1a6e5cae325ff/ignite-codegen-1.0.0-RC3.jar:/Users/raliclo/.gradle/caches/modules-2/files-2.1/org.ow2.asm/asm-all/6.0_ALPHA/b1d8d6a8fae4f4b44131c7f2390c1bfa99c82743/asm-all-6.0_ALPHA.jar:/Users/raliclo/.gradle/caches/modules-2/files-2.1/org.ow2.asm/asm-debug-all/6.0_ALPHA/ec4d186ad9f00839ff6c9ff4a6a849497db6b3d6/asm-debug-all-6.0_ALPHA.jar:/Users/raliclo/.gradle/caches/modules-2/files-2.1/org.ow2.asm/asm-analysis/6.0_ALPHA/41176e58e57e6bee25d5e27a59ad6eaacce0d9c/asm-analysis-6.0_ALPHA.jar:/Users/raliclo/.gradle/caches/modules-2/files-2.1/com.google.guava/guava/20.0/89507701249388e1ed5ddcf8c41f4ce1be7831ef/guava-20.0.jar:/Users/raliclo/.gradle/caches/modules-2/files-2.1/com.google.guava/guava-gwt/20.0/a77ac8a237301c629e3304c3cb3e2d540e79d0a8/guava-gwt-20.0.jar:/Users/raliclo/.gradle/caches/modules-2/files-2.1/com.google.guava/guava-tests/20.0/c765c724215681c35b80b1718d8e6a4c77cee003/guava-tests-20.0.jar:/Users/raliclo/.gradle/caches/modules-2/files-2.1/com.google.guava/guava-testlib/20.0/e3666edd0d7b10ddfa5242b998efd831e4b264ff/guava-testlib-20.0.jar:/Users/raliclo/.gradle/caches/modules-2/files-2.1/com.google.j2objc/j2objc-annotations/1.1/976d8d30bebc251db406f2bdb3eb01962b5685b3/j2objc-annotations-1.1.jar:/Users/raliclo/.gradle/caches/modules-2/files-2.1/com.google.inject/guice/4.1.0/eeb69005da379a10071aa4948c48d89250febb07/guice-4.1.0.jar:/Users/raliclo/.gradle/caches/modules-2/files-2.1/com.google.inject/jdk8-tests/4.1.0/58eda7c8d00935e8e45727f5efd87980a2e27905/jdk8-tests-4.1.0.jar:/Users/raliclo/.gradle/caches/modules-2/files-2.1/com.twitter/util-core_2.11/6.34.0/3bdfb6ca85806806b21a23c2b78d9ff301714676/util-core_2.11-6.34.0.jar:/Users/raliclo/.gradle/caches/modules-2/files-2.1/io.jsonwebtoken/jjwt/0.7.0/f042fe2676bfdc2091545152e47d77e11999946d/jjwt-0.7.0.jar:/Users/raliclo/.gradle/caches/modules-2/files-2.1/org.jmonkeyengine/jme3-desktop/3.1.0-stable/12c98d47beccbe1ca497b1bb8746a7e55d58df04/jme3-desktop-3.1.0-stable.jar:/Users/raliclo/.gradle/caches/modules-2/files-2.1/org.jmonkeyengine/jme3-lwjgl/3.1.0-stable/b607285ed0be51e89bc1db06d1beb7c42ee6c685/jme3-lwjgl-3.1.0-stable.jar:/Users/raliclo/.gradle/caches/modules-2/files-2.1/org.springframework.boot/spring-boot-starter-test/2.0.0.BUILD-SNAPSHOT/fe09749e02cb7df64f5aa2bb004624a252f6e07/spring-boot-starter-test-2.0.0.BUILD-SNAPSHOT.jar:/Users/raliclo/.gradle/caches/modules-2/files-2.1/org.arquillian.cube/arquillian-cube-requirement/1.0.0.Alpha14/d5c9cbfa80c6ffdf77afcf0be99f5d6f5be71eb7/arquillian-cube-requirement-1.0.0.Alpha14.jar:/Users/raliclo/.gradle/caches/modules-2/files-2.1/org.arquillian.spacelift/arquillian-spacelift/1.0.0.Alpha8/437c2260215bfd55538cd98529f0a2001ef8988d/arquillian-spacelift-1.0.0.Alpha8.jar:/Users/raliclo/.gradle/caches/modules-2/files-2.1/net.serenity-bdd/serenity-core/1.1.42/6b9edf1b4de98ab68f2b026630962c9b0095ba74/serenity-core-1.1.42.jar:/Users/raliclo/.gradle/caches/modules-2/files-2.1/net.serenity-bdd/serenity-junit/1.1.42/b79d0e2e75b589d6d0526fbcf4998843bed2b1f7/serenity-junit-1.1.42.jar:/Users/raliclo/.gradle/caches/modules-2/files-2.1/org.assertj/assertj-core/3.5.2/a5d7feeea2d6a6a8686001a61f627dc1cca1fe6a/assertj-core-3.5.2.jar:/Users/raliclo/.gradle/caches/modules-2/files-2.1/info.cukes/cucumber-java8/1.2.4/95cc2d2c27c5be507ad1ad427a59b98cce23282b/cucumber-java8-1.2.4.jar:/Users/raliclo/.gradle/caches/modules-2/files-2.1/info.cukes/cucumber-java/1.2.4/57cca534b7abe43f6dd7624b90d3d97d33d3023d/cucumber-java-1.2.4.jar:/Users/raliclo/.gradle/caches/modules-2/files-2.1/info.cukes/cucumber-scala_2.12/1.2.4/7739b282ab75100ee54522dbb6436bb69cac25b8/cucumber-scala_2.12-1.2.4.jar:/Users/raliclo/.gradle/caches/modules-2/files-2.1/info.cukes/cucumber-testng/1.2.4/4b24c1d69be9504c6ec2b0f0e68ee464f9d30bfe/cucumber-testng-1.2.4.jar:/Users/raliclo/.gradle/caches/modules-2/files-2.1/info.cukes/cucumber-junit/1.2.4/8a57b68486cff4da4f10019cb9c62c597a6d2861/cucumber-junit-1.2.4.jar:/Users/raliclo/.gradle/caches/modules-2/files-2.1/org.testng/testng/6.9.12/354eba9b34737190bad0a72dd5671683cfbae24d/testng-6.9.12.jar:/Users/raliclo/.gradle/caches/modules-2/files-2.1/org.junit.jupiter/junit-jupiter-api/5.0.0-M3/a0f3d812b3f3b394f0f6b1998f706a3685b28cbe/junit-jupiter-api-5.0.0-M3.jar:/Users/raliclo/.gradle/caches/modules-2/files-2.1/org.scalatest/scalatest-app_2.12/3.2.0-SNAP3/5554b3cf7e92379a91d8ba8149ccffb91ad32f1c/scalatest-app_2.12-3.2.0-SNAP3.jar:/Users/raliclo/.gradle/caches/modules-2/files-2.1/org.junit.jupiter/junit-jupiter-engine/5.0.0-M3/f16a093cdb429dd643638f2f4c617f70568fb3/junit-jupiter-engine-5.0.0-M3.jar:/Users/raliclo/.gradle/caches/modules-2/files-2.1/org.apache.logging.log4j/log4j-jul/2.7/eaba4f75dab9489731f7087d84cc4568b5d79de/log4j-jul-2.7.jar:/Users/raliclo/.gradle/caches/modules-2/files-2.1/org.pegdown/pegdown/1.6.0/231ae49d913467deb2027d0b8a0b68b231deef4f/pegdown-1.6.0.jar:/Users/raliclo/.gradle/caches/modules-2/files-2.1/ch.qos.logback/logback-core/1.1.9/e05d0cb67220937c32d7b4e5a47f967605376f63/logback-core-1.1.9.jar:/Users/raliclo/.gradle/caches/modules-2/files-2.1/com.vaadin/vaadin-shared/7.7.5/9c39aa08a3fc8cc658d7c0b05e29bcfb42cfee38/vaadin-shared-7.7.5.jar:/Users/raliclo/.gradle/caches/modules-2/files-2.1/com.vaadin.external.gwt/gwt-elemental/2.7.0.vaadin4/c7f201d2af808364a408ded39aa97c486c8f6463/gwt-elemental-2.7.0.vaadin4.jar:/Users/raliclo/.gradle/caches/modules-2/files-2.1/com.vaadin/vaadin-sass-compiler/0.9.13/663088831773c35e033ea1538b96d817ce7cef52/vaadin-sass-compiler-0.9.13.jar:/Users/raliclo/.gradle/caches/modules-2/files-2.1/io.netty/netty-common/4.1.7.Final/6766071efa0426fb33101d1758a8d0e09d16ac7/netty-common-4.1.7.Final.jar:/Users/raliclo/.gradle/caches/modules-2/files-2.1/io.netty/netty-buffer/4.1.7.Final/65e89b4d0737cf1ed3eac2916ebf365f5312294c/netty-buffer-4.1.7.Final.jar:/Users/raliclo/.gradle/caches/modules-2/files-2.1/io.netty/netty-transport/4.1.7.Final/469e86d4dda1dca8b88d2b1faa8e0f078243ba12/netty-transport-4.1.7.Final.jar:/Users/raliclo/.gradle/caches/modules-2/files-2.1/io.netty/netty-handler/4.1.5.Final/6262900ee9487e62560030a136160df953b1cd6b/netty-handler-4.1.5.Final.jar:/Users/raliclo/.gradle/caches/modules-2/files-2.1/io.netty/netty-handler-proxy/4.1.7.Final/91cb5adcea7e4e63f034057fbbdadd8644e8c861/netty-handler-proxy-4.1.7.Final.jar:/Users/raliclo/.gradle/caches/modules-2/files-2.1/io.netty/netty-codec-http2/4.1.5.Final/6568f4fefc2ce0a8761e5bc14d95a6ba1758be29/netty-codec-http2-4.1.5.Final.jar:/Users/raliclo/.gradle/caches/modules-2/files-2.1/io.netty/netty-resolver-dns/4.1.7.Final/51b81bf404e98eca8461382be44563368101e824/netty-resolver-dns-4.1.7.Final.jar:/Users/raliclo/.gradle/caches/modules-2/files-2.1/org.seleniumhq.selenium/selenium-opera-driver/3.0.0-beta3/fad8bb9a45c0891d3ffa34e7c0eec5aed42aaae5/selenium-opera-driver-3.0.0-beta3.jar:/Users/raliclo/.gradle/caches/modules-2/files-2.1/com.beust/jcommander/1.48/bfcb96281ea3b59d626704f74bc6d625ff51cbce/jcommander-1.48.jar:/Users/raliclo/.gradle/caches/modules-2/files-2.1/org.seleniumhq.selenium/htmlunit-driver/2.21/4c19c164835580db1d46887b43392dae0c255d50/htmlunit-driver-2.21.jar:/Users/raliclo/.gradle/caches/modules-2/files-2.1/net.jcip/jcip-annotations/1.0/afba4942caaeaf46aab0b976afd57cc7c181467e/jcip-annotations-1.0.jar:/Users/raliclo/.gradle/caches/modules-2/files-2.1/org.seleniumhq.selenium/jetty-repacked/9.2.13.v20160825/eda6a963ddd432961f3f5c3918f068d07f9dffc1/jetty-repacked-9.2.13.v20160825.jar:/Users/raliclo/.gradle/caches/modules-2/files-2.1/org.yaml/snakeyaml/1.17/7a27ea250c5130b2922b86dea63cbb1cc10a660c/snakeyaml-1.17.jar:/Users/raliclo/.gradle/caches/modules-2/files-2.1/org.seleniumhq.selenium/selenium-api/2.53.1/b00ff9f84bfa214fda742c1287a06d447e92910e/selenium-api-2.53.1.jar:/Users/raliclo/.gradle/caches/modules-2/files-2.1/cglib/cglib-nodep/3.2.4/42c972dee25a436b32c6027e848287ff47ed6750/cglib-nodep-3.2.4.jar:/Users/raliclo/.gradle/caches/modules-2/files-2.1/org.apache.commons/commons-exec/1.3/8dfb9facd0830a27b1b5f29f84593f0aeee7773b/commons-exec-1.3.jar:/Users/raliclo/.gradle/caches/modules-2/files-2.1/org.apache.httpcomponents/httpclient/4.5.2/733db77aa8d9b2d68015189df76ab06304406e50/httpclient-4.5.2.jar:/Users/raliclo/.gradle/caches/modules-2/files-2.1/org.apache.httpcomponents/httpmime/4.5.2/22b4c53dd9b6761024258de8f9240c3dce6ea368/httpmime-4.5.2.jar:/Users/raliclo/.gradle/caches/modules-2/files-2.1/net.java.dev.jna/jna/4.2.2/5012450aee579c3118ff09461d5ce210e0cdc2a9/jna-4.2.2.jar:/Users/raliclo/.gradle/caches/modules-2/files-2.1/net.java.dev.jna/jna-platform/4.1.0/23457ad1cf75c2c16763330de5565a0e67b4bc0a/jna-platform-4.1.0.jar:/Users/raliclo/.gradle/caches/modules-2/files-2.1/junit/junit/4.12/2973d150c0dc1fefe998f834810d68f278ea58ec/junit-4.12.jar:/Users/raliclo/.gradle/caches/modules-2/files-2.1/net.sourceforge.htmlunit/htmlunit/2.21/3e752dae0006ad516bf6f4138316db7b262912d0/htmlunit-2.21.jar:/Users/raliclo/.gradle/caches/modules-2/files-2.1/org.apache.httpcomponents/httpclient-cache/4.5.2/bd50ea83908dbf2f387a333216e66d2f0c5079bd/httpclient-cache-4.5.2.jar:/Users/raliclo/.gradle/caches/modules-2/files-2.1/org.zeroturnaround/zt-process/1.3/cb2ba7dcae545dc8d29baa85d6f6ce9bdbfbd3b8/zt-process-1.3.jar:/Users/raliclo/.gradle/caches/modules-2/files-2.1/io.github.lukehutch/fast-classpath-scanner/1.93.0/2d2fbadbbb197775462d42335c78c28c1110fabd/fast-classpath-scanner-1.93.0.jar:/Users/raliclo/.gradle/caches/modules-2/files-2.1/commons-logging/commons-logging/1.2/4bfc12adfe4842bf07b657f0369c4cb522955686/commons-logging-1.2.jar:/Users/raliclo/.gradle/caches/modules-2/files-2.1/org.springframework/spring-aop/5.0.0.BUILD-SNAPSHOT/dadd8f14922a11b319d17c22ede63d89a1af771/spring-aop-5.0.0.BUILD-SNAPSHOT.jar:/Users/raliclo/.gradle/caches/modules-2/files-2.1/io.projectreactor/reactor-core/3.0.4.RELEASE/c7181465d0b2ef2bab8e1f231e4c97267af16247/reactor-core-3.0.4.RELEASE.jar:/Users/raliclo/.gradle/caches/modules-2/files-2.1/org.reactivestreams/reactive-streams/1.0.0/14b8c877d98005ba3941c9257cfe09f6ed0e0d74/reactive-streams-1.0.0.jar:/Users/raliclo/.gradle/caches/modules-2/files-2.1/org.springframework/spring-jdbc/5.0.0.BUILD-SNAPSHOT/e08778f1714158df280dc8a7c490b499f0964e18/spring-jdbc-5.0.0.BUILD-SNAPSHOT.jar:/Users/raliclo/.gradle/caches/modules-2/files-2.1/org.springframework.boot/spring-boot-autoconfigure/2.0.0.BUILD-SNAPSHOT/4766962e261a9145344f5a48280cee6788f31e35/spring-boot-autoconfigure-2.0.0.BUILD-SNAPSHOT.jar:/Users/raliclo/.gradle/caches/modules-2/files-2.1/org.springframework.boot/spring-boot-starter-logging/2.0.0.BUILD-SNAPSHOT/1f3bd90a474cb41de6360b6605f109578188731d/spring-boot-starter-logging-2.0.0.BUILD-SNAPSHOT.jar:/Users/raliclo/.gradle/caches/modules-2/files-2.1/org.springframework.boot/spring-boot-starter-tomcat/2.0.0.BUILD-SNAPSHOT/d6f4029c457c4ff22eb4b1dd9145b9e327d6a477/spring-boot-starter-tomcat-2.0.0.BUILD-SNAPSHOT.jar:/Users/raliclo/.gradle/caches/modules-2/files-2.1/org.hibernate/hibernate-validator/5.3.4.Final/2f6c8c0b646afe18e3ad205726729d3c4a85fe2e/hibernate-validator-5.3.4.Final.jar:/Users/raliclo/.gradle/caches/modules-2/files-2.1/org.springframework.boot/spring-boot-starter-aop/2.0.0.BUILD-SNAPSHOT/35bc2db36a2932c1c4bc1cdd82daf07afaea962f/spring-boot-starter-aop-2.0.0.BUILD-SNAPSHOT.jar:/Users/raliclo/.gradle/caches/modules-2/files-2.1/org.springframework.boot/spring-boot-starter-jdbc/2.0.0.BUILD-SNAPSHOT/7590da7c8c72a4b1c612001dc9695a962b75e1f0/spring-boot-starter-jdbc-2.0.0.BUILD-SNAPSHOT.jar:/Users/raliclo/.gradle/caches/modules-2/files-2.1/org.hibernate/hibernate-entitymanager/5.2.7.Final/dbdddb9648e00047e552a7489e572ccd6a86d4f5/hibernate-entitymanager-5.2.7.Final.jar:/Users/raliclo/.gradle/caches/modules-2/files-2.1/javax.transaction/javax.transaction-api/1.2/d81aff979d603edd90dcd8db2abc1f4ce6479e3e/javax.transaction-api-1.2.jar:/Users/raliclo/.gradle/caches/modules-2/files-2.1/org.springframework.data/spring-data-jpa/2.0.0.BUILD-SNAPSHOT/e7821f35fcf94647709d383d143b032fd8a96b45/spring-data-jpa-2.0.0.BUILD-SNAPSHOT.jar:/Users/raliclo/.gradle/caches/modules-2/files-2.1/org.springframework/spring-aspects/5.0.0.BUILD-SNAPSHOT/1515f157fb0b879f907e66932269776d5857140a/spring-aspects-5.0.0.BUILD-SNAPSHOT.jar:/Users/raliclo/.gradle/caches/modules-2/files-2.1/org.thymeleaf/thymeleaf-spring5/3.0.3.M1/2c6adc31f035adb737754a04edac35323cdda14f/thymeleaf-spring5-3.0.3.M1.jar:/Users/raliclo/.gradle/caches/modules-2/files-2.1/org.springframework.security/spring-security-config/4.2.1.RELEASE/fe8b195415728d8c380531531ce0da5b40bd547f/spring-security-config-4.2.1.RELEASE.jar:/Users/raliclo/.gradle/caches/modules-2/files-2.1/org.springframework.security/spring-security-web/4.2.1.RELEASE/31a526327f419664fe27455d5b2538a1b4aa5dee/spring-security-web-4.2.1.RELEASE.jar:/Users/raliclo/.gradle/caches/modules-2/files-2.1/com.vaadin.external.google/android-json/0.0.20131108.vaadin1/fa26d351fe62a6a17f5cda1287c1c6110dec413f/android-json-0.0.20131108.vaadin1.jar:/Users/raliclo/.gradle/caches/modules-2/files-2.1/org.eclipse.jetty/jetty-servlets/9.4.1.v20170120/b9642dce65618f8679337f7ac6ffcbda1c087030/jetty-servlets-9.4.1.v20170120.jar:/Users/raliclo/.gradle/caches/modules-2/files-2.1/org.eclipse.jetty.websocket/websocket-server/9.4.1.v20170120/c87da0e86faae8beaeaaf3f8e7270836c7c104f2/websocket-server-9.4.1.v20170120.jar:/Users/raliclo/.gradle/caches/modules-2/files-2.1/org.eclipse.jetty.websocket/javax-websocket-server-impl/9.4.1.v20170120/d44bf488435fd0d0355fbbfb63592188922f3907/javax-websocket-server-impl-9.4.1.v20170120.jar:/Users/raliclo/.gradle/caches/modules-2/files-2.1/org.mortbay.jasper/apache-el/8.0.33/1b8fa2179b3937cada939317bb135815e79c0ac2/apache-el-8.0.33.jar:/Users/raliclo/.gradle/caches/modules-2/files-2.1/org.springframework.boot/spring-boot-actuator/2.0.0.BUILD-SNAPSHOT/aab3ab6551324bc2d7715444f0254a02421f82d3/spring-boot-actuator-2.0.0.BUILD-SNAPSHOT.jar:/Users/raliclo/.gradle/caches/modules-2/files-2.1/org.eclipse.jetty/jetty-io/9.4.1.v20170120/6d2d7c82a4b5306ec7bf2d6eb4b67460fce77240/jetty-io-9.4.1.v20170120.jar:/Users/raliclo/.gradle/caches/modules-2/files-2.1/org.eclipse.jetty/jetty-security/9.4.1.v20170120/677aa94298f42d322e2f19045693a233613537b6/jetty-security-9.4.1.v20170120.jar:/Users/raliclo/.gradle/caches/modules-2/files-2.1/org.apache.ftpserver/ftplet-api/1.0.0/457ca5bbc4b614d1712e8ebb336b3ba1e16a9642/ftplet-api-1.0.0.jar:/Users/raliclo/.gradle/caches/modules-2/files-2.1/org.apache.mina/mina-core/2.0.0-M5/a024f13898ad5df38d4e3173f478eacc94f63567/mina-core-2.0.0-M5.jar:/Users/raliclo/.gradle/caches/modules-2/files-2.1/org.apache.ftpserver/ftpserver-core/1.0.0/47c8480cc3bfda85d578e3368e78103cb9e9bed7/ftpserver-core-1.0.0.jar:/Users/raliclo/.gradle/caches/modules-2/files-2.1/org.apache.ftpserver/ftpserver-deprecated/1.0.0-M2/a1f5645a02a438ba0e115c967262c7818e308fcb/ftpserver-deprecated-1.0.0-M2.jar:/Users/raliclo/.gradle/caches/modules-2/files-2.1/commons-cli/commons-cli/1.2/2bf96b7aa8b611c177d329452af1dc933e14501c/commons-cli-1.2.jar:/Users/raliclo/.gradle/caches/modules-2/files-2.1/xmlenc/xmlenc/0.52/d82554efbe65906d83b3d97bd7509289e9db561a/xmlenc-0.52.jar:/Users/raliclo/.gradle/caches/modules-2/files-2.1/commons-codec/commons-codec/1.10/4b95f4897fa13f2cd904aee711aeafc0c5295cd8/commons-codec-1.10.jar:/Users/raliclo/.gradle/caches/modules-2/files-2.1/org.mortbay.jetty/jetty/6.1.26/2f546e289fddd5b1fab1d4199fbb6e9ef43ee4b0/jetty-6.1.26.jar:/Users/raliclo/.gradle/caches/modules-2/files-2.1/org.mortbay.jetty/jetty-util/6.1.26/e5642fe0399814e1687d55a3862aa5a3417226a9/jetty-util-6.1.26.jar:/Users/raliclo/.gradle/caches/modules-2/files-2.1/org.mortbay.jetty/jsp-api-2.1/6.1.14/756b3fac155e31bd0e85545dbf953495e0455c73/jsp-api-2.1-6.1.14.jar:/Users/raliclo/.gradle/caches/modules-2/files-2.1/org.mortbay.jetty/jsp-2.1/6.1.14/3a1df1e8e0fa56e9a940abbd19bc6f397fce16b5/jsp-2.1-6.1.14.jar:/Users/raliclo/.gradle/caches/modules-2/files-2.1/commons-el/commons-el/1.0/1df2c042b3f2de0124750241ac6c886dbfa2cc2c/commons-el-1.0.jar:/Users/raliclo/.gradle/caches/modules-2/files-2.1/hsqldb/hsqldb/1.8.0.10/7e9978fdb754bce5fcd5161133e7734ecb683036/hsqldb-1.8.0.10.jar:/Users/raliclo/.gradle/caches/modules-2/files-2.1/oro/oro/2.0.8/5592374f834645c4ae250f4c9fbb314c9369d698/oro-2.0.8.jar:/Users/raliclo/.gradle/caches/modules-2/files-2.1/org.eclipse.jdt/core/3.1.1/88c83ce444cf46d02494da37c9fa1eebc9ce9cea/core-3.1.1.jar:/Users/raliclo/.gradle/caches/modules-2/files-2.1/commons-collections/commons-collections/3.2.2/8ad72fe39fa8c91eaaf12aadb21e0c3661fe26d5/commons-collections-3.2.2.jar:/Users/raliclo/.gradle/caches/modules-2/files-2.1/javax.servlet.jsp/jsp-api/2.1/63f943103f250ef1f3a4d5e94d145a0f961f5316/jsp-api-2.1.jar:/Users/raliclo/.gradle/caches/modules-2/files-2.1/com.sun.jersey/jersey-servlet/1.19/2f19f1f7096d0fe3e09ae5698e4427114c23ad03/jersey-servlet-1.19.jar:/Users/raliclo/.gradle/caches/modules-2/files-2.1/commons-lang/commons-lang/2.6/ce1edb914c94ebc388f086c6827e8bdeec71ac2/commons-lang-2.6.jar:/Users/raliclo/.gradle/caches/modules-2/files-2.1/commons-beanutils/commons-beanutils/1.9.3/c845703de334ddc6b4b3cd26835458cb1cba1f3d/commons-beanutils-1.9.3.jar:/Users/raliclo/.gradle/caches/modules-2/files-2.1/org.apache.commons/commons-configuration2/2.1/a78662683bc37781c44d5ba1df799d6e10fbc03d/commons-configuration2-2.1.jar:/Users/raliclo/.gradle/caches/modules-2/files-2.1/com.google.re2j/re2j/1.0/d24ac5f945b832d93a55343cd1645b1ba3eca7c3/re2j-1.0.jar:/Users/raliclo/.gradle/caches/modules-2/files-2.1/com.jcraft/jsch/0.1.51/6ceee2696b07cc320d0e1aaea82c7b40768aca0f/jsch-0.1.51.jar:/Users/raliclo/.gradle/caches/modules-2/files-2.1/org.apache.curator/curator-client/2.7.1/a591dfc085db3e9d4d480381cc7e6ae8a26b34af/curator-client-2.7.1.jar:/Users/raliclo/.gradle/caches/modules-2/files-2.1/org.apache.curator/curator-recipes/2.7.1/a2c180efc6a38a4f8c9197eb35bb4eb5716cd2fa/curator-recipes-2.7.1.jar:/Users/raliclo/.gradle/caches/modules-2/files-2.1/org.apache.htrace/htrace-core4/4.1.0-incubating/12b3e2adda95e8c41d9d45d33db075137871d2e2/htrace-core4-4.1.0-incubating.jar:/Users/raliclo/.gradle/caches/modules-2/files-2.1/org.apache.zookeeper/zookeeper/3.4.8/f02eeeeb9ff6fe17fea3362cbc7a691ada7be769/zookeeper-3.4.8-tests.jar:/Users/raliclo/.gradle/caches/modules-2/files-2.1/org.apache.kerby/kerb-simplekdc/1.0.0-RC2/9838ba87c7b89cc8778db0ca9335779667e0fcdb/kerb-simplekdc-1.0.0-RC2.jar:/Users/raliclo/.gradle/caches/modules-2/files-2.1/org.apache.hadoop/hadoop-common/3.0.0-alpha2/42f1c55ff39f34aba518e16a3877dbf3b8ce1b44/hadoop-common-3.0.0-alpha2-tests.jar:/Users/raliclo/.gradle/caches/modules-2/files-2.1/org.apache.hadoop/hadoop-hdfs-client/3.0.0-alpha2/613f3129077e02d370794c1bcd20a6c4ceceb31d/hadoop-hdfs-client-3.0.0-alpha2.jar:/Users/raliclo/.gradle/caches/modules-2/files-2.1/org.apache.hadoop/hadoop-mapreduce-client-jobclient/3.0.0-alpha2/90216f681c67bd38be29884986ce53475f7c82c7/hadoop-mapreduce-client-jobclient-3.0.0-alpha2-tests.jar:/Users/raliclo/.gradle/caches/modules-2/files-2.1/org.eclipse.jetty/jetty-util-ajax/9.3.11.v20160721/8cd770e5282667e9277c4d7be9d923f762e2bc7c/jetty-util-ajax-9.3.11.v20160721.jar:/Users/raliclo/.gradle/caches/modules-2/files-2.1/commons-daemon/commons-daemon/1.0.13/750856a1fdb3ddf721ccf73c3518e4211cffc3a3/commons-daemon-1.0.13.jar:/Users/raliclo/.gradle/caches/modules-2/files-2.1/com.twitter/hpack/0.11.0/9672e39c94613ea85fdbc8a50d1af57631805b9/hpack-0.11.0.jar:/Users/raliclo/.gradle/caches/modules-2/files-2.1/org.fusesource.leveldbjni/leveldbjni-all/1.8/707350a2eeb1fa2ed77a32ddb3893ed308e941db/leveldbjni-all-1.8.jar:/Users/raliclo/.gradle/caches/modules-2/files-2.1/com.google.inject.extensions/guice-servlet/4.0/4503da866f4c402b5090579b40c1c4aaefabb164/guice-servlet-4.0.jar:/Users/raliclo/.gradle/caches/modules-2/files-2.1/org.apache.hadoop/hadoop-yarn-server-web-proxy/3.0.0-alpha2/b75d3595983e305d29a009fb556a0d3306e1cf24/hadoop-yarn-server-web-proxy-3.0.0-alpha2-tests.jar:/Users/raliclo/.gradle/caches/modules-2/files-2.1/org.apache.hadoop/hadoop-hdfs/3.0.0-alpha2/e6ef4586121850df9692809b987155979f83134f/hadoop-hdfs-3.0.0-alpha2-tests.jar:/Users/raliclo/.gradle/caches/modules-2/files-2.1/javax.xml.bind/jaxb-api/2.2.11/32274d4244967ff43e7a5d967743d94ed3d2aea7/jaxb-api-2.2.11.jar:/Users/raliclo/.gradle/caches/modules-2/files-2.1/com.sun.jersey/jersey-client/1.19/6836ee36dba2b3ac1d0ff4733129fba8aba7f963/jersey-client-1.19.jar:/Users/raliclo/.gradle/caches/modules-2/files-2.1/com.sun.jersey.contribs/jersey-guice/1.19/57106fa1b02f7d7fbca88adf2caa0d51f00b7799/jersey-guice-1.19.jar:/Users/raliclo/.gradle/caches/modules-2/files-2.1/com.fasterxml.jackson.module/jackson-module-jaxb-annotations/2.8.6/f345611159e32f8b948ff3b024feccf131691aa9/jackson-module-jaxb-annotations-2.8.6.jar:/Users/raliclo/.gradle/caches/modules-2/files-2.1/com.fasterxml.jackson.jaxrs/jackson-jaxrs-json-provider/2.8.6/cc8d7f42d5c9307009e30d0bfb8c9b04e312328e/jackson-jaxrs-json-provider-2.8.6.jar:/Users/raliclo/.gradle/caches/modules-2/files-2.1/com.codahale.metrics/metrics-core/3.0.1/1e98427c7f6e53363b598e2943e50903ce4f3657/metrics-core-3.0.1.jar:/Users/raliclo/.gradle/caches/modules-2/files-2.1/org.apache.hadoop/hadoop-yarn-server-applicationhistoryservice/3.0.0-alpha2/a09fc02b2654b91504a4d36f7ec6b51083f8d670/hadoop-yarn-server-applicationhistoryservice-3.0.0-alpha2.jar:/Users/raliclo/.gradle/caches/modules-2/files-2.1/org.apache.hadoop/hadoop-yarn-server-timelineservice/3.0.0-alpha2/b39a0ea03f19835349017eba445a5ec9d4212368/hadoop-yarn-server-timelineservice-3.0.0-alpha2.jar:/Users/raliclo/.gradle/caches/modules-2/files-2.1/org.apache.curator/curator-test/2.7.1/6a4ce659a26036f44319837bc343c383b0c5a411/curator-test-2.7.1.jar:/Users/raliclo/.gradle/caches/modules-2/files-2.1/com.nimbusds/nimbus-jose-jwt/3.9/db91ef101bb59af08371bfc8e39fa83423f20954/nimbus-jose-jwt-3.9.jar:/Users/raliclo/.gradle/caches/modules-2/files-2.1/org.apache.curator/curator-framework/2.7.1/8c7b1eeb78e43bb91ea737111ba3dec0512be876/curator-framework-2.7.1.jar:/Users/raliclo/.gradle/caches/modules-2/files-2.1/org.apache.hadoop/hadoop-yarn-server-tests/3.0.0-alpha2/e2d48405d17fe6c53c8ec6e1a5cb0fd3d0e70cd8/hadoop-yarn-server-tests-3.0.0-alpha2-tests.jar:/Users/raliclo/.gradle/caches/modules-2/files-2.1/org.apache.avro/avro-mapred/1.7.7/d8f23aff4a3c827c6a35009c8182872bfc0e52f5/avro-mapred-1.7.7-hadoop2.jar:/Users/raliclo/.gradle/caches/modules-2/files-2.1/com.twitter/chill_2.11/0.8.0/3cbb2bf5382e5a2abfce0e258637060ed23266fc/chill_2.11-0.8.0.jar:/Users/raliclo/.gradle/caches/modules-2/files-2.1/com.twitter/chill-java/0.8.0/7ab1c85ae80f25c6e6d4aab720ff9394a5ac4d5d/chill-java-0.8.0.jar:/Users/raliclo/.gradle/caches/modules-2/files-2.1/org.apache.xbean/xbean-asm5-shaded/4.4/a413bb5a8571d4c86a47e8a0272ba7ab0d1a17f5/xbean-asm5-shaded-4.4.jar:/Users/raliclo/.gradle/caches/modules-2/files-2.1/org.apache.hadoop/hadoop-client/3.0.0-alpha2/9332bc7c202cb81de07b513cda23af1a22a63634/hadoop-client-3.0.0-alpha2-tests.jar:/Users/raliclo/.gradle/caches/modules-2/files-2.1/org.apache.spark/spark-launcher_2.11/2.0.0/9c3e1bd84ccb099e86ea232f5acd8fec1a61e291/spark-launcher_2.11-2.0.0.jar:/Users/raliclo/.gradle/caches/modules-2/files-2.1/org.apache.spark/spark-network-common_2.11/2.0.0/b451dae899ee8138e96319528eed64f7e849dbe2/spark-network-common_2.11-2.0.0.jar:/Users/raliclo/.gradle/caches/modules-2/files-2.1/org.apache.spark/spark-network-shuffle_2.11/2.0.0/233c036e88761424212508b2a6a55633a3cf4ec8/spark-network-shuffle_2.11-2.0.0.jar:/Users/raliclo/.gradle/caches/modules-2/files-2.1/org.slf4j/jul-to-slf4j/1.7.22/b0429e950b3d2bc2c39c1bacafac753edbe3781c/jul-to-slf4j-1.7.22.jar:/Users/raliclo/.gradle/caches/modules-2/files-2.1/org.slf4j/jcl-over-slf4j/1.7.22/86ceac14535af5a42c8fb0d06d79b925dd3cb263/jcl-over-slf4j-1.7.22.jar:/Users/raliclo/.gradle/caches/modules-2/files-2.1/com.ning/compress-lzf/1.0.3/3e1495b0c532ebe58f1c8b1c5d9b3bdcc6c1504c/compress-lzf-1.0.3.jar:/Users/raliclo/.gradle/caches/modules-2/files-2.1/net.jpountz.lz4/lz4/1.3.0/c708bb2590c0652a642236ef45d9f99ff842a2ce/lz4-1.3.0.jar:/Users/raliclo/.gradle/caches/modules-2/files-2.1/org.roaringbitmap/RoaringBitmap/0.5.11/e6b04760ea1896fc36beea4f11b8649481bf5af7/RoaringBitmap-0.5.11.jar:/Users/raliclo/.gradle/caches/modules-2/files-2.1/org.json4s/json4s-jackson_2.11/3.2.11/23101cc7e917e2005b8b244dbd2949ca6d8ff107/json4s-jackson_2.11-3.2.11.jar:/Users/raliclo/.gradle/caches/modules-2/files-2.1/org.glassfish.jersey.core/jersey-server/2.25.1/276e2ee0fd1cdabf99357fce560c5baab675b1a2/jersey-server-2.25.1.jar:/Users/raliclo/.gradle/caches/modules-2/files-2.1/org.glassfish.jersey.containers/jersey-container-servlet/2.25.1/cf5f7a76fcea38158b890ab7a0142d4db709a882/jersey-container-servlet-2.25.1.jar:/Users/raliclo/.gradle/caches/modules-2/files-2.1/org.glassfish.jersey.containers/jersey-container-servlet-core/2.25.1/400e30bb035a0cdf3c554530224141ce659a0d1e/jersey-container-servlet-core-2.25.1.jar:/Users/raliclo/.gradle/caches/modules-2/files-2.1/org.apache.mesos/mesos/1.1.0/fdc0cc9b5024ba952fa37409b87c2964d62ace34/mesos-1.1.0-shaded-protobuf.jar:/Users/raliclo/.gradle/caches/modules-2/files-2.1/com.clearspring.analytics/stream/2.7.0/9998f8cf87d329fef226405f8d519638cfe1431d/stream-2.7.0.jar:/Users/raliclo/.gradle/caches/modules-2/files-2.1/io.dropwizard.metrics/metrics-core/3.1.2/224f03afd2521c6c94632f566beb1bb5ee32cf07/metrics-core-3.1.2.jar:/Users/raliclo/.gradle/caches/modules-2/files-2.1/io.dropwizard.metrics/metrics-jvm/3.1.2/ed364e77218e50fdcdebce4d982cb4d1f4a8c187/metrics-jvm-3.1.2.jar:/Users/raliclo/.gradle/caches/modules-2/files-2.1/io.dropwizard.metrics/metrics-json/3.1.2/88d9e57e1ef6431109d4030c717cf5f927900fd9/metrics-json-3.1.2.jar:/Users/raliclo/.gradle/caches/modules-2/files-2.1/io.dropwizard.metrics/metrics-graphite/3.1.2/15a68399652c6123fe6e4c82ac4f0749e2eb6583/metrics-graphite-3.1.2.jar:/Users/raliclo/.gradle/caches/modules-2/files-2.1/com.fasterxml.jackson.module/jackson-module-scala_2.11/2.8.6/49cf95b20ccb36ba4d179ce6e6333ee766287002/jackson-module-scala_2.11-2.8.6.jar:/Users/raliclo/.gradle/caches/modules-2/files-2.1/org.apache.ivy/ivy/2.4.0/5abe4c24bbe992a9ac07ca563d5bd3e8d569e9ed/ivy-2.4.0.jar:/Users/raliclo/.gradle/caches/modules-2/files-2.1/net.razorvine/pyrolite/4.9/ed38335f0609a1a623921096724726d9b823c938/pyrolite-4.9.jar:/Users/raliclo/.gradle/caches/modules-2/files-2.1/net.sf.py4j/py4j/0.10.1/f87bf4daec67dda6591a60d52683123a1e9c254c/py4j-0.10.1.jar:/Users/raliclo/.gradle/caches/modules-2/files-2.1/org.spark-project.spark/unused/1.0.0/205fe37a2fade6ce6dfcf8eff57ed21a4a1c22af/unused-1.0.0.jar:/Users/raliclo/.gradle/caches/modules-2/files-2.1/com.univocity/univocity-parsers/2.1.1/f0b4ce099fe3c5b3d8b86f4d46554c2ed78ae3bc/univocity-parsers-2.1.1.jar:/Users/raliclo/.gradle/caches/modules-2/files-2.1/org.apache.spark/spark-sketch_2.11/2.0.0/34d31dd8512d79e5992a352ec421ab938ab463f2/spark-sketch_2.11-2.0.0.jar:/Users/raliclo/.gradle/caches/modules-2/files-2.1/org.apache.spark/spark-catalyst_2.11/2.0.0/e7fd48d3b50f515916b7db51bf7f842d27842ee0/spark-catalyst_2.11-2.0.0.jar:/Users/raliclo/.gradle/caches/modules-2/files-2.1/org.apache.parquet/parquet-column/1.7.0/87b549ad6981c2484cf2c800dae17dde027b6c3d/parquet-column-1.7.0.jar:/Users/raliclo/.gradle/caches/modules-2/files-2.1/org.apache.parquet/parquet-hadoop/1.7.0/a3d39d6556d0f52a8a47082d2421f70ec74c3e28/parquet-hadoop-1.7.0.jar:/Users/raliclo/.gradle/caches/modules-2/files-2.1/org.apache.spark/spark-mllib-local_2.11/2.0.0/7dca535611bc48bb772785b39b8c0bb685a9e83d/spark-mllib-local_2.11-2.0.0.jar:/Users/raliclo/.gradle/caches/modules-2/files-2.1/org.scalanlp/breeze_2.11/0.11.2/4ad3c8d549f05e59b6b9d82d6882025a853f027/breeze_2.11-0.11.2.jar:/Users/raliclo/.gradle/caches/modules-2/files-2.1/org.jpmml/pmml-model/1.2.15/2b026b87ae80d8957419d4cc7c7fe31080764004/pmml-model-1.2.15.jar:/Users/raliclo/.gradle/caches/modules-2/files-2.1/com.twitter/parquet-hadoop-bundle/1.6.0/b5ac7d2781de212c84420962723093cd17cefd72/parquet-hadoop-bundle-1.6.0.jar:/Users/raliclo/.gradle/caches/modules-2/files-2.1/org.spark-project.hive/hive-exec/1.2.1.spark2/7a6236e2fce787814560970a49a1c517e6de1927/hive-exec-1.2.1.spark2.jar:/Users/raliclo/.gradle/caches/modules-2/files-2.1/org.spark-project.hive/hive-metastore/1.2.1.spark2/1fde9720e4ead8c07b28c45011e231277c79b7a1/hive-metastore-1.2.1.spark2.jar:/Users/raliclo/.gradle/caches/modules-2/files-2.1/org.jodd/jodd-core/3.5.2/a9ac8028eeeb5fa430e17017628629c94123c401/jodd-core-3.5.2.jar:/Users/raliclo/.gradle/caches/modules-2/files-2.1/com.github.fommil.netlib/core/1.1.2/574b480eca62f535fad6d259e144fee3ef24b66e/core-1.1.2.jar:/Users/raliclo/.gradle/caches/modules-2/files-2.1/net.sourceforge.f2j/arpack_combined_all/0.1/225619a060b42605b4d9fd4af11815664abf26eb/arpack_combined_all-0.1.jar:/Users/raliclo/.gradle/caches/modules-2/files-2.1/org.scalatest/scalatest_2.11/2.2.6/80cd969b5f678cd90017498d865e63d7f6e79696/scalatest_2.11-2.2.6.jar:/Users/raliclo/.gradle/caches/modules-2/files-2.1/org.twitter4j/twitter4j-stream/4.0.4/e9c442a779c65cef8872e8676bf693ad88379086/twitter4j-stream-4.0.4.jar:/Users/raliclo/.gradle/caches/modules-2/files-2.1/com.madgag.spongycastle/core/1.51.0.0/f642963312ea0e615ad65f28adc5a5b3a2a0862/core-1.51.0.0.jar:/Users/raliclo/.gradle/caches/modules-2/files-2.1/com.lambdaworks/scrypt/1.4.0/906506b74f30c8c20bccd9ed4a11112d8941fe87/scrypt-1.4.0.jar:/Users/raliclo/.gradle/caches/modules-2/files-2.1/org.bitcoinj/orchid/1.2.1/53beecbbb57040608d0c54a7408ee3eb06e71a59/orchid-1.2.1.jar:/Users/raliclo/.gradle/caches/modules-2/files-2.1/com.squareup.okhttp/okhttp/2.7.2/20f6463eb19ac61960c5d91a094c2f4f0727dc2e/okhttp-2.7.2.jar:/Users/raliclo/.gradle/caches/modules-2/files-2.1/org.apache.tinkerpop/gremlin-core/3.2.2/64dc6db6e136ef6b9f5fe20a356132b3a0779b14/gremlin-core-3.2.2.jar:/Users/raliclo/.gradle/caches/modules-2/files-2.1/org.apache.tinkerpop/gremlin-groovy/3.2.2/ff900dc37acc5de7546269eefcac38885b78b98c/gremlin-groovy-3.2.2.jar:/Users/raliclo/.gradle/caches/modules-2/files-2.1/org.codehaus.jackson/jackson-core-asl/1.9.13/3c304d70f42f832e0a86d45bd437f692129299a4/jackson-core-asl-1.9.13.jar:/Users/raliclo/.gradle/caches/modules-2/files-2.1/org.eclipse.californium/element-connector/2.0.0-M1/88cc1a80cc18eaef0b63d71986ed7bf67416d862/element-connector-2.0.0-M1.jar:/Users/raliclo/.gradle/caches/modules-2/files-2.1/org.eclipse.leshan/leshan-server-cf/0.1.11-M12/e05ffa7c2a06e0e06161e5b9e1a9c02cb4d65b9e/leshan-server-cf-0.1.11-M12.jar:/Users/raliclo/.gradle/caches/modules-2/files-2.1/org.eclipse.leshan/leshan-client-cf/0.1.11-M12/22b7e8a2a244169be5c9763abc5400b45bd921ab/leshan-client-cf-0.1.11-M12.jar:/Users/raliclo/.gradle/caches/modules-2/files-2.1/com.google.zxing/core/3.2.1/2287494d4f5f9f3a9a2bb6980e3f32053721b315/core-3.2.1.jar:/Users/raliclo/.gradle/caches/modules-2/files-2.1/io.github.nicolasstucki/multisets_2.11/0.3/1bd7b67a45770ec89a3cff6d754e51a4dbf8d079/multisets_2.11-0.3.jar:/Users/raliclo/.gradle/caches/modules-2/files-2.1/org.scalacheck/scalacheck_2.11/1.12.5/dc2f59c89d01dc115172a1caeb35db178301147c/scalacheck_2.11-1.12.5.jar:/Users/raliclo/.gradle/caches/modules-2/files-2.1/org.jetbrains/annotations/15.0/d40ab99147584cf6cfb5245be67b3fee2c7220f9/annotations-15.0.jar:/Users/raliclo/.gradle/caches/modules-2/files-2.1/org.apache.poi/poi-ooxml-schemas/3.16-beta1/950ba9a9bf0fe79cffe5b31f26b931a9a93eb758/poi-ooxml-schemas-3.16-beta1.jar:/Users/raliclo/.gradle/caches/modules-2/files-2.1/com.github.virtuald/curvesapi/1.04/3386abf821719bc89c7685f9eaafaf4a842f0199/curvesapi-1.04.jar:/Users/raliclo/.gradle/caches/modules-2/files-2.1/org.deeplearning4j/deeplearning4j-nn/0.7.1/1d19fe7514ecab42e05165a153c4ba38fb6be17d/deeplearning4j-nn-0.7.1.jar:/Users/raliclo/.gradle/caches/modules-2/files-2.1/org.nd4j/nd4j-api/0.7.1/de9835e7c80850fbc352d69a2689e29daeb0356f/nd4j-api-0.7.1.jar:/Users/raliclo/.gradle/caches/modules-2/files-2.1/org.nd4j/jackson/0.7.1/b9dd4ca952733f73bbc8d304bca48cdabf9aa867/jackson-0.7.1.jar:/Users/raliclo/.gradle/caches/modules-2/files-2.1/org.json/json/20140107/d1ffca6e2482b002702c6a576166fd685e3370e3/json-20140107.jar:/Users/raliclo/.gradle/caches/modules-2/files-2.1/org.projectlombok/lombok/1.16.12/64b2d2e8734b54ddba60a69df68a6dac627366c8/lombok-1.16.12.jar:/Users/raliclo/.gradle/caches/modules-2/files-2.1/org.datavec/datavec-nd4j-common/0.7.1/c12977f0e9b48411adef466a3bd16557cf2dcea5/datavec-nd4j-common-0.7.1.jar:/Users/raliclo/.gradle/caches/modules-2/files-2.1/org.datavec/datavec-api/0.7.1/5851aa243d2f809b2f832b1afe83f824c6548470/datavec-api-0.7.1.jar:/Users/raliclo/.gradle/caches/modules-2/files-2.1/org.datavec/datavec-data-image/0.7.1/67824eedaa2858121d16bc13c1e874c18ad2397a/datavec-data-image-0.7.1.jar:/Users/raliclo/.gradle/caches/modules-2/files-2.1/org.nd4j/nd4j-native/0.7.1/46ec9a66fe9b831e57f0fd06548c8bc63e0f3a56/nd4j-native-0.7.1.jar:/Users/raliclo/.gradle/caches/modules-2/files-2.1/org.nd4j/nd4j-native/0.7.1/ebd59c72e8a01e16f17c3aab3c3cf1a70741727c/nd4j-native-0.7.1-linux-x86_64.jar:/Users/raliclo/.gradle/caches/modules-2/files-2.1/org.nd4j/nd4j-native/0.7.1/a2f1c019ad7624d0b4595ef8adead5fba5ac0eba/nd4j-native-0.7.1-macosx-x86_64.jar:/Users/raliclo/.gradle/caches/modules-2/files-2.1/org.nd4j/nd4j-native/0.7.1/7890999998bde3c3ad4ea1f0718249b9a47d0b2a/nd4j-native-0.7.1-windows-x86_64.jar:/Users/raliclo/.gradle/caches/modules-2/files-2.1/org.nd4j/nd4j-native/0.7.1/7c1637ca47504cac148857e650d4e2b77a34c67e/nd4j-native-0.7.1-linux-ppc64le.jar:/Users/raliclo/.gradle/caches/modules-2/files-2.1/com.gluonhq/charm-down-common/2.0.0/ad73abc0ce08616652aa84ef8e5e56fc2989e14d/charm-down-common-2.0.0.jar:/Users/raliclo/.gradle/caches/modules-2/files-2.1/com.sun.mail/javax.mail/1.5.6/ab5daef2f881c42c8e280cbe918ec4d7fdfd7efe/javax.mail-1.5.6.jar:/Users/raliclo/.gradle/caches/modules-2/files-2.1/javax.activation/activation/1.1.1/485de3a253e23f645037828c07f1d7f1af40763a/activation-1.1.1.jar:/Users/raliclo/.gradle/caches/modules-2/files-2.1/com.sun.xml.bind/jaxb-core/2.2.11/c3f87d654f8d5943cd08592f3f758856544d279a/jaxb-core-2.2.11.jar:/Users/raliclo/.gradle/caches/modules-2/files-2.1/com.sun.xml.bind/jaxb-impl/2.2.11/a49ce57aee680f9435f49ba6ef427d38c93247a6/jaxb-impl-2.2.11.jar:/Users/raliclo/.gradle/caches/modules-2/files-2.1/org.apache.camel/camel-spring/2.18.1/12d6993d86515e33e8597f00b433295bdab02028/camel-spring-2.18.1.jar:/Users/raliclo/.gradle/caches/modules-2/files-2.1/org.apache.camel/camel-jetty9/2.18.1/c6461b8686d0764eb4ade1eac0c5f8b7522fe814/camel-jetty9-2.18.1.jar:/Users/raliclo/.gradle/caches/modules-2/files-2.1/com.thoughtworks.xstream/xstream/1.4.9/c43f6e6bfa79b56e04a8898a923c3cf7144dd460/xstream-1.4.9.jar:/Users/raliclo/.gradle/caches/modules-2/files-2.1/stax/stax-api/1.0.1/49c100caf72d658aca8e58bd74a4ba90fa2b0d70/stax-api-1.0.1.jar:/Users/raliclo/.gradle/caches/modules-2/files-2.1/org.codehaus.woodstox/woodstox-core-asl/4.4.1/84fee5eb1a4a1cefe65b6883c73b3fa83be3c1a1/woodstox-core-asl-4.4.1.jar:/Users/raliclo/.gradle/caches/modules-2/files-2.1/org.jboss.logging/jboss-logging/3.3.0.Final/3616bb87707910296e2c195dc016287080bba5af/jboss-logging-3.3.0.Final.jar:/Users/raliclo/.gradle/caches/modules-2/files-2.1/org.hibernate.javax.persistence/hibernate-jpa-2.1-api/1.0.0.Final/5e731d961297e5a07290bfaf3db1fbc8bbbf405a/hibernate-jpa-2.1-api-1.0.0.Final.jar:/Users/raliclo/.gradle/caches/modules-2/files-2.1/org.javassist/javassist/3.21.0-GA/598244f595db5c5fb713731eddbb1c91a58d959b/javassist-3.21.0-GA.jar:/Users/raliclo/.gradle/caches/modules-2/files-2.1/antlr/antlr/2.7.7/83cd2cd674a217ade95a4bb83a8a14f351f48bd0/antlr-2.7.7.jar:/Users/raliclo/.gradle/caches/modules-2/files-2.1/org.apache.geronimo.specs/geronimo-jta_1.1_spec/1.1.1/aabab3165b8ea936b9360abbf448459c0d04a5a4/geronimo-jta_1.1_spec-1.1.1.jar:/Users/raliclo/.gradle/caches/modules-2/files-2.1/org.jboss/jandex/2.0.0.Final/3e899258936f94649c777193e1be846387ed54b3/jandex-2.0.0.Final.jar:/Users/raliclo/.gradle/caches/modules-2/files-2.1/com.fasterxml/classmate/1.3.3/864c8e370a691e343210cc7c532fc198cee460d8/classmate-1.3.3.jar:/Users/raliclo/.gradle/caches/modules-2/files-2.1/dom4j/dom4j/1.6.1/5d3ccc056b6f056dbf0dddfdf43894b9065a8f94/dom4j-1.6.1.jar:/Users/raliclo/.gradle/caches/modules-2/files-2.1/org.hibernate.common/hibernate-commons-annotations/5.0.1.Final/71e1cff3fcb20d3b3af4f3363c3ddb24d33c6879/hibernate-commons-annotations-5.0.1.Final.jar:/Users/raliclo/.gradle/caches/modules-2/files-2.1/javax.enterprise/cdi-api/1.1/78b1feee99b05a78575fb2fd79fb77be5e74420d/cdi-api-1.1.jar:/Users/raliclo/.gradle/caches/modules-2/files-2.1/org.scala-lang.modules/scala-xml_2.12/1.0.6/e22de3366a698a9f744106fb6dda4335838cf6a7/scala-xml_2.12-1.0.6.jar:/Users/raliclo/.gradle/caches/modules-2/files-2.1/org.scala-lang.modules/scala-parser-combinators_2.12/1.0.4/7c5f25a2d40ea7651452f0f0d1d4c12dabffcb8b/scala-parser-combinators_2.12-1.0.4.jar:/Users/raliclo/.gradle/caches/modules-2/files-2.1/org.scala-lang.modules/scala-swing_2.12/2.0.0-M2/db830471376a56242d4b4de0b214e31641db3868/scala-swing_2.12-2.0.0-M2.jar:/Users/raliclo/.gradle/caches/modules-2/files-2.1/net.sf.jopt-simple/jopt-simple/4.9/ee9e9eaa0a35360dcfeac129ff4923215fd65904/jopt-simple-4.9.jar:/Users/raliclo/.gradle/caches/modules-2/files-2.1/com.yammer.metrics/metrics-core/2.2.0/f82c035cfa786d3cbec362c38c22a5f5b1bc8724/metrics-core-2.2.0.jar:/Users/raliclo/.gradle/caches/modules-2/files-2.1/com.101tec/zkclient/0.9/822482d08b9a0af9c43e8d1b6cb94e81ee3e361c/zkclient-0.9.jar:/Users/raliclo/.gradle/caches/modules-2/files-2.1/org.scala-lang.modules/scala-parser-combinators_2.11/1.0.4/7369d653bcfa95d321994660477a4d7e81d7f490/scala-parser-combinators_2.11-1.0.4.jar:/Users/raliclo/.gradle/caches/modules-2/files-2.1/org.rocksdb/rocksdbjni/4.9.0/9be2d4f0639e3abddc5ab647240fdba8ef8f7bdb/rocksdbjni-4.9.0.jar:/Users/raliclo/.gradle/caches/modules-2/files-2.1/org.apache.kafka/kafka_2.10/0.10.1.1/2f7ff83850c98ead43ab4be293be45453f077651/kafka_2.10-0.10.1.1.jar:/Users/raliclo/.gradle/caches/modules-2/files-2.1/net.sourceforge.argparse4j/argparse4j/0.5.0/701046e9aaaa4a23d45b2d21e3d865426ffb571f/argparse4j-0.5.0.jar:/Users/raliclo/.gradle/caches/modules-2/files-2.1/org.reflections/reflections/0.9.10/c7f4ea230aedc757ca1499ebcfb2953c81cf8b67/reflections-0.9.10.jar:/Users/raliclo/.gradle/caches/modules-2/files-2.1/org.apache.pdfbox/fontbox/2.0.2/1753b66d890d7002da9d7bd47dfbe45ec17be054/fontbox-2.0.2.jar:/Users/raliclo/.gradle/caches/modules-2/files-2.1/org.tukaani/xz/1.5/9c64274b7dbb65288237216e3fae7877fd3f2bee/xz-1.5.jar:/Users/raliclo/.gradle/caches/modules-2/files-2.1/io.airlift/aircompressor/0.3/d2367c4419df1fbf4b186a07f81a70fc30c1031f/aircompressor-0.3.jar:/Users/raliclo/.gradle/caches/modules-2/files-2.1/org.apache.hive/hive-storage-api/2.1.1.2-pre-orc/9af3aaa27b1953d6526ce8c3c9de5a49a019d193/hive-storage-api-2.1.1.2-pre-orc.jar:/Users/raliclo/.gradle/caches/modules-2/files-2.1/com.esotericsoftware/kryo-shaded/3.0.3/977d6b42d82de551fcf77dad84ef06c2839e3a74/kryo-shaded-3.0.3.jar:/Users/raliclo/.gradle/caches/modules-2/files-2.1/org.apache.hive/hive-ant/2.1.0/a5334bf1d83981b4d72480f1b283622b3f90d8ac/hive-ant-2.1.0.jar:/Users/raliclo/.gradle/caches/modules-2/files-2.1/org.apache.hive/hive-llap-tez/2.1.0/6f5f96ff1992c24f7c5521f833fa0e64cfe1b348/hive-llap-tez-2.1.0.jar:/Users/raliclo/.gradle/caches/modules-2/files-2.1/org.apache.hive/hive-shims/2.1.0/51d5fe317dd98ca535d39c2ed2c37d3cc949891a/hive-shims-2.1.0.jar:/Users/raliclo/.gradle/caches/modules-2/files-2.1/org.apache.logging.log4j/log4j-1.2-api/2.7/39f4e6c2d68d4ef8fd4b0883d165682dedd5be52/log4j-1.2-api-2.7.jar:/Users/raliclo/.gradle/caches/modules-2/files-2.1/org.antlr/antlr-runtime/3.4/8f011408269a8e42b8548687e137d8eeb56df4b4/antlr-runtime-3.4.jar:/Users/raliclo/.gradle/caches/modules-2/files-2.1/org.antlr/ST4/4.0.4/467a2aa12be6d0f0f68c70eecf6714ab733027ac/ST4-4.0.4.jar:/Users/raliclo/.gradle/caches/modules-2/files-2.1/org.apache.ant/ant/1.9.1/35900c96dbebc85dcfbd71f4661059ebcf93c077/ant-1.9.1.jar:/Users/raliclo/.gradle/caches/modules-2/files-2.1/org.apache.curator/apache-curator/2.6.0/1bbbe3a8c191ec5a63ec2eaec7988d8292ea65d2/apache-curator-2.6.0.pom:/Users/raliclo/.gradle/caches/modules-2/files-2.1/org.codehaus.groovy/groovy-all/2.4.7/c5371aaa20bcdca1175d9477fc0811f4fd99b68a/groovy-all-2.4.7.jar:/Users/raliclo/.gradle/caches/modules-2/files-2.1/org.iq80.snappy/snappy/0.2/c41f070352713ea90cda7712f493f933fcb066e8/snappy-0.2.jar:/Users/raliclo/.gradle/caches/modules-2/files-2.1/org.apache.hive/hive-common/2.1.0/e344f14c7b211346241e9e2bcfe17a3f228d9e93/hive-common-2.1.0.jar:/Users/raliclo/.gradle/caches/modules-2/files-2.1/org.apache.hive/hive-service-rpc/2.1.0/786f38259cd4882444b9c5c537fc1be4c2460b05/hive-service-rpc-2.1.0.jar:/Users/raliclo/.gradle/caches/modules-2/files-2.1/net.sf.opencsv/opencsv/2.3/c23708cdb9e80a144db433e23344a788a1fd6599/opencsv-2.3.jar:/Users/raliclo/.gradle/caches/modules-2/files-2.1/org.apache.parquet/parquet-hadoop-bundle/1.8.1/9f0d244af869482fba721e57973b4c1614ed4388/parquet-hadoop-bundle-1.8.1.jar:/Users/raliclo/.gradle/caches/modules-2/files-2.1/javolution/javolution/5.5.1/3fcba819cdb7861728405963ddc4b2755ab182e5/javolution-5.5.1.jar:/Users/raliclo/.gradle/caches/modules-2/files-2.1/org.apache.hbase/hbase-client/1.1.1/a4c2a391a4675f2eb3a2a2c05e244326757faacd/hbase-client-1.1.1.jar:/Users/raliclo/.gradle/caches/modules-2/files-2.1/com.jolbox/bonecp/0.8.0.RELEASE/cec24ee9345b3678472bb1b8fdd6aa6b9428beb8/bonecp-0.8.0.RELEASE.jar:/Users/raliclo/.gradle/caches/modules-2/files-2.1/org.apache.derby/derby/10.13.1.1/29c42babe5c5463c6eea45487d3cfbfe8348ccd1/derby-10.13.1.1.jar:/Users/raliclo/.gradle/caches/modules-2/files-2.1/org.datanucleus/datanucleus-api-jdo/4.2.1/826d0e46ee6d81415ab06ac6e44e901fd2867b5e/datanucleus-api-jdo-4.2.1.jar:/Users/raliclo/.gradle/caches/modules-2/files-2.1/org.datanucleus/datanucleus-rdbms/4.1.7/2c28e8381ac6614f8dc0298abf24054ff5e6df8c/datanucleus-rdbms-4.1.7.jar:/Users/raliclo/.gradle/caches/modules-2/files-2.1/commons-pool/commons-pool/1.6/4572d589699f09d866a226a14b7f4323c6d8f040/commons-pool-1.6.jar:/Users/raliclo/.gradle/caches/modules-2/files-2.1/commons-dbcp/commons-dbcp/1.4/30be73c965cc990b153a100aaaaafcf239f82d39/commons-dbcp-1.4.jar:/Users/raliclo/.gradle/caches/modules-2/files-2.1/javax.jdo/jdo-api/3.0.1/58e7a538e020b73871e232eeb064835fd98a492/jdo-api-3.0.1.jar:/Users/raliclo/.gradle/caches/modules-2/files-2.1/org.datanucleus/javax.jdo/3.2.0-m3/c911b22710a8f77541a966615033b4ab943fd6f3/javax.jdo-3.2.0-m3.jar:/Users/raliclo/.gradle/caches/modules-2/files-2.1/co.cask.tephra/tephra-api/0.6.0/cb55df862d048cc567518de48c423430f6baf2f5/tephra-api-0.6.0.jar:/Users/raliclo/.gradle/caches/modules-2/files-2.1/co.cask.tephra/tephra-core/0.6.0/e1714f86a40444d3f3f7e66033c20f02cb59343/tephra-core-0.6.0.jar:/Users/raliclo/.gradle/caches/modules-2/files-2.1/co.cask.tephra/tephra-hbase-compat-1.0/0.6.0/ad8b732e133aa64beeab2126fdc5f3606f70262c/tephra-hbase-compat-1.0-0.6.0.jar:/Users/raliclo/.gradle/caches/modules-2/files-2.1/org.apache.hive/hive-llap-server/2.1.0/4ae86c863a7ba706123ca279b5a82518e6eeae8f/hive-llap-server-2.1.0.jar:/Users/raliclo/.gradle/caches/modules-2/files-2.1/net.sf.jpam/jpam/1.1/cb3d91c2dfda767518a371dbb02edfd6a4aa0600/jpam-1.1.jar:/Users/raliclo/.gradle/caches/modules-2/files-2.1/org.jamon/jamon-runtime/2.3.1/ae23df9c0953b12ba1b799e42ebd1a281fabcd8c/jamon-runtime-2.3.1.jar:/Users/raliclo/.gradle/caches/modules-2/files-2.1/javax.cache/cache-api/1.0.0/2b57384801243f387f1a2e7ab8066ac79c2a91d3/cache-api-1.0.0.jar:/Users/raliclo/.gradle/caches/modules-2/files-2.1/org.gridgain/ignite-shmem/1.0.0/1874ee7f7fa2c7f4bc0c458f5dd1e3a3876418e9/ignite-shmem-1.0.0.jar:/Users/raliclo/.gradle/caches/modules-2/files-2.1/org.jodd/jodd-lagarto/3.4.8/6a1d86300cc7f856f323b57c17c208925724e895/jodd-lagarto-3.4.8.jar:/Users/raliclo/.gradle/caches/modules-2/files-2.1/org.apache.tomcat/tomcat-servlet-api/8.0.23/fe715e33b2a6ddf2d77970fe280235d228132953/tomcat-servlet-api-8.0.23.jar:/Users/raliclo/.gradle/caches/modules-2/files-2.1/org.eclipse.jetty/jetty-continuation/9.4.1.v20170120/d1115a1132613652bda7859ce7025f2424d2b72/jetty-continuation-9.4.1.v20170120.jar:/Users/raliclo/.gradle/caches/modules-2/files-2.1/org.eclipse.jetty/jetty-xml/9.4.1.v20170120/689941e2658c888e529a52f77268868f4282518c/jetty-xml-9.4.1.v20170120.jar:/Users/raliclo/.gradle/caches/modules-2/files-2.1/org.apache.ignite/ignite-indexing/1.7.0/2f326020254ef7032f2f2a1b9e4839bb9ff87a17/ignite-indexing-1.7.0.jar:/Users/raliclo/.gradle/caches/modules-2/files-2.1/org.apache.ignite/ignite-log4j/1.7.0/a13b25385aee5e911f136cbed964246fdb3e305/ignite-log4j-1.7.0.jar:/Users/raliclo/.gradle/caches/modules-2/files-2.1/org.apache.ignite/ignite-hibernate/1.0.0-RC3/f566eb5823f7fbd97da5641cb33fc884ddf7ba2b/ignite-hibernate-1.0.0-RC3.jar:/Users/raliclo/.gradle/caches/modules-2/files-2.1/com.google.code.simple-spring-memcached/spymemcached/2.7.3/1ae59770f332d7f560a3f2894a4f14d9c3c38d62/spymemcached-2.7.3.jar:/Users/raliclo/.gradle/caches/modules-2/files-2.1/org.ow2.asm/asm-tree/6.0_ALPHA/1508b4754e3adbe1b67994dce2d94aba90ed1a9/asm-tree-6.0_ALPHA.jar:/Users/raliclo/.gradle/caches/modules-2/files-2.1/com.google.errorprone/error_prone_annotations/2.0.12/8530d22d4ae8419e799d5a5234e0d2c0dcf15d4b/error_prone_annotations-2.0.12.jar:/Users/raliclo/.gradle/caches/modules-2/files-2.1/javax.inject/javax.inject/1/6975da39a7040257bd51d21a231b76c915872d38/javax.inject-1.jar:/Users/raliclo/.gradle/caches/modules-2/files-2.1/aopalliance/aopalliance/1.0/235ba8b489512805ac13a8f9ea77a1ca5ebe3e8/aopalliance-1.0.jar:/Users/raliclo/.gradle/caches/modules-2/files-2.1/com.twitter/util-function_2.11/6.34.0/158689c24715667ca3db753331297ad6139b6b2e/util-function_2.11-6.34.0.jar:/Users/raliclo/.gradle/caches/modules-2/files-2.1/com.twitter/jsr166e/1.0.0/dc8b472bb653a97ecde9b109fa698168c98ce943/jsr166e-1.0.0.jar:/Users/raliclo/.gradle/caches/modules-2/files-2.1/org.lwjgl.lwjgl/lwjgl/2.9.3/3df168ac74e4a8c96562cdff24ad352e255bf89c/lwjgl-2.9.3.jar:/Users/raliclo/.gradle/caches/modules-2/files-2.1/org.springframework.boot/spring-boot-test/2.0.0.BUILD-SNAPSHOT/860af7ecdba5b3c8d3cd2b3c99e294516fca9961/spring-boot-test-2.0.0.BUILD-SNAPSHOT.jar:/Users/raliclo/.gradle/caches/modules-2/files-2.1/org.springframework.boot/spring-boot-test-autoconfigure/2.0.0.BUILD-SNAPSHOT/8593bd433c151c7dca86891684f4da25073113f3/spring-boot-test-autoconfigure-2.0.0.BUILD-SNAPSHOT.jar:/Users/raliclo/.gradle/caches/modules-2/files-2.1/com.jayway.jsonpath/json-path/2.2.0/22290d17944bd239fabf5ac69005a60a7ecbbbcb/json-path-2.2.0.jar:/Users/raliclo/.gradle/caches/modules-2/files-2.1/org.mockito/mockito-core/2.5.4/e83308188f084f643871105424d782c91559fa6d/mockito-core-2.5.4.jar:/Users/raliclo/.gradle/caches/modules-2/files-2.1/org.hamcrest/hamcrest-core/1.3/42a25dc3219429f0e5d060061f71acb49bf010a0/hamcrest-core-1.3.jar:/Users/raliclo/.gradle/caches/modules-2/files-2.1/org.hamcrest/hamcrest-library/1.3/4785a3c21320980282f9f33d0d1264a69040538f/hamcrest-library-1.3.jar:/Users/raliclo/.gradle/caches/modules-2/files-2.1/org.skyscreamer/jsonassert/1.4.0/9cdbb373a06f6513e51e8c545ee6a5e981463edb/jsonassert-1.4.0.jar:/Users/raliclo/.gradle/caches/modules-2/files-2.1/org.arquillian.cube/arquillian-cube-spi/1.0.0.Alpha14/1eb509b8f7b95547ba4ae11c07fd8d7a704bef74/arquillian-cube-spi-1.0.0.Alpha14.jar:/Users/raliclo/.gradle/caches/modules-2/files-2.1/org.jboss.arquillian.junit/arquillian-junit-core/1.1.11.Final/e67720a1599e6213176f9c3d3bab741d330cc484/arquillian-junit-core-1.1.11.Final.jar:/Users/raliclo/.gradle/caches/modules-2/files-2.1/org.arquillian.spacelift/arquillian-spacelift-api/1.0.0.Alpha8/f7bee9b1c46ed9ea41d41471f25df1567e601127/arquillian-spacelift-api-1.0.0.Alpha8.jar:/Users/raliclo/.gradle/caches/modules-2/files-2.1/org.jboss.shrinkwrap.resolver/shrinkwrap-resolver-depchain/2.1.0/a7496b68d064a844839c9a50a87bf868573ad15f/shrinkwrap-resolver-depchain-2.1.0.pom:/Users/raliclo/.gradle/caches/modules-2/files-2.1/cglib/cglib/3.1/1f1cb6c7a7479e0c7fd7987109e503914bebe84a/cglib-3.1.jar:/Users/raliclo/.gradle/caches/modules-2/files-2.1/xml-apis/xml-apis/1.4.01/3789d9fada2d3d458c4ba2de349d48780f381ee3/xml-apis-1.4.01.jar:/Users/raliclo/.gradle/caches/modules-2/files-2.1/info.cukes/cucumber-core/1.2.4/72790b1da44d8d3d2764c6aef29865ee228bbeb1/cucumber-core-1.2.4.jar:/Users/raliclo/.gradle/caches/modules-2/files-2.1/net.serenity-bdd/serenity-report-resources/1.1.42/b65f3ca01408fb560f8aabf6c1d730d18b3f8c80/serenity-report-resources-1.1.42.jar:/Users/raliclo/.gradle/caches/modules-2/files-2.1/com.opera/operadriver/1.5/3875fb993d2b2b937ced0246b578c3c3f3f32f9e/operadriver-1.5.jar:/Users/raliclo/.gradle/caches/modules-2/files-2.1/io.appium/java-client/4.0.0/b73316f27bb70d60081429c768cf09a09f6eeece/java-client-4.0.0.jar:/Users/raliclo/.gradle/caches/modules-2/files-2.1/org.codehaus.groovy/groovy/2.4.7/10870e6511f544ce45152d0ad08d7514a00c8201/groovy-2.4.7.jar:/Users/raliclo/.gradle/caches/modules-2/files-2.1/org.codehaus.groovy/groovy/2.4.7/dca42f401b962a7c0c3b04edabe1cada1fd9d417/groovy-2.4.7-indy.jar:/Users/raliclo/.gradle/caches/modules-2/files-2.1/commons-beanutils/commons-beanutils-core/1.8.3/75812698e5e859f2cb587c622c4cdfcd61676426/commons-beanutils-core-1.8.3.jar:/Users/raliclo/.gradle/caches/modules-2/files-2.1/com.googlecode.lambdaj/lambdaj/2.3.3/7dee2fb62ef89f1bd5ccaf3c8628f61f80b22054/lambdaj-2.3.3.jar:/Users/raliclo/.gradle/caches/modules-2/files-2.1/org.freemarker/freemarker/2.3.25-incubating/9b31ed0d0321dfc1ae7ce63f2557df04b52a79e3/freemarker-2.3.25-incubating.jar:/Users/raliclo/.gradle/caches/modules-2/files-2.1/net.sourceforge.jexcelapi/jxl/2.6.12/7faf62e0697f7a88954622dfe8c8de33ed142ac7/jxl-2.6.12.jar:/Users/raliclo/.gradle/caches/modules-2/files-2.1/org.fluentlenium/fluentlenium-core/0.10.2/8795bd4ce7050f0c45b772e8d3b36c39646e2f0b/fluentlenium-core-0.10.2.jar:/Users/raliclo/.gradle/caches/modules-2/files-2.1/com.jhlabs/filters/2.0.235/af6a2dfefef70f1ab2d7a8d1f8173f67e276b3f4/filters-2.0.235.jar:/Users/raliclo/.gradle/caches/modules-2/files-2.1/org.asciidoctor/asciidoctor-java-integration/0.1.4/3596c7142fd30d7b65a0e64ba294f3d9d4bd538f/asciidoctor-java-integration-0.1.4.jar:/Users/raliclo/.gradle/caches/modules-2/files-2.1/org.imgscalr/imgscalr-lib/4.2/e2838f7119361511ef7d54fe0d502bf07f3325eb/imgscalr-lib-4.2.jar:/Users/raliclo/.gradle/caches/modules-2/files-2.1/javax.validation/validation-api/1.1.0.Final/8613ae82954779d518631e05daa73a6a954817d5/validation-api-1.1.0.Final.jar:/Users/raliclo/.gradle/caches/modules-2/files-2.1/javax.validation/validation-api/1.1.0.Final/7d49b53caed9bd81d172807c3e096d24f3c57090/validation-api-1.1.0.Final-sources.jar:/Users/raliclo/.gradle/caches/modules-2/files-2.1/javax.el/javax.el-api/2.2.4/1287562cc3f0ff5439ded6f2949e73ce1c0edaab/javax.el-api-2.2.4.jar:/Users/raliclo/.gradle/caches/modules-2/files-2.1/org.glassfish.web/javax.el/2.2.4/a50914ff519682e185bca4385b4313b8c8a81775/javax.el-2.2.4.jar:/Users/raliclo/.gradle/caches/modules-2/files-2.1/xalan/xalan/2.7.2/d55d3f02a56ec4c25695fe67e1334ff8c2ecea23/xalan-2.7.2.jar:/Users/raliclo/.gradle/caches/modules-2/files-2.1/xalan/serializer/2.7.2/24247f3bb052ee068971393bdb83e04512bb1c3c/serializer-2.7.2.jar:/Users/raliclo/.gradle/caches/modules-2/files-2.1/com.jayway.awaitility/awaitility/1.6.3/2b698080294539741574d9f7532eb46bdc2bc345/awaitility-1.6.3.jar:/Users/raliclo/.gradle/caches/modules-2/files-2.1/com.typesafe/config/1.2.1/f771f71fdae3df231bcd54d5ca2d57f0bf93f467/config-1.2.1.jar:/Users/raliclo/.gradle/caches/modules-2/files-2.1/com.google.jimfs/jimfs/1.0/edd65a2b792755f58f11134e76485a928aab4c97/jimfs-1.0.jar:/Users/raliclo/.gradle/caches/modules-2/files-2.1/org.beanshell/bsh/2.0b4/a05f0a0feefa8d8467ac80e16e7de071489f0d9c/bsh-2.0b4.jar:/Users/raliclo/.gradle/caches/modules-2/files-2.1/org.opentest4j/opentest4j/1.0.0-M1/b091255eafd515995a5c5fa042cd8db6f4860bf6/opentest4j-1.0.0-M1.jar:/Users/raliclo/.gradle/caches/modules-2/files-2.1/org.junit.platform/junit-platform-commons/1.0.0-M3/d5c77e2df6a820ae30fc17f21a3f8cfc03183980/junit-platform-commons-1.0.0-M3.jar:/Users/raliclo/.gradle/caches/modules-2/files-2.1/org.junit.platform/junit-platform-engine/1.0.0-M3/39a1db55680c9f32985c84ba2951912138b18ac3/junit-platform-engine-1.0.0-M3.jar:/Users/raliclo/.gradle/caches/modules-2/files-2.1/org.parboiled/parboiled-java/1.1.7/2298c64ce8ee8e2fb37e97e16d7be52f0c7cf61f/parboiled-java-1.1.7.jar:/Users/raliclo/.gradle/caches/modules-2/files-2.1/com.vaadin.external.gwt/gwt-user/2.7.0.vaadin4/926666000e33edcc06604a6a19c65e9cfe7ca6df/gwt-user-2.7.0.vaadin4.jar:/Users/raliclo/.gradle/caches/modules-2/files-2.1/org.w3c.css/sac/1.3/cdb2dcb4e22b83d6b32b93095f644c3462739e82/sac-1.3.jar:/Users/raliclo/.gradle/caches/modules-2/files-2.1/com.vaadin.external.flute/flute/1.3.0.gg2/48e8c3a235544a0506ca3081519ce114169242a/flute-1.3.0.gg2.jar:/Users/raliclo/.gradle/caches/modules-2/files-2.1/io.netty/netty-codec-socks/4.1.7.Final/6f5c357a0ca1b661186e1982978707ab68999346/netty-codec-socks-4.1.7.Final.jar:/Users/raliclo/.gradle/caches/modules-2/files-2.1/io.netty/netty-codec-dns/4.1.7.Final/4093d9e9b1b7a136d299fe6fcdfaf617d08257c2/netty-codec-dns-4.1.7.Final.jar:/Users/raliclo/.gradle/caches/modules-2/files-2.1/org.apache.httpcomponents/httpcore/4.4.6/e3fd8ced1f52c7574af952e2e6da0df8df08eb82/httpcore-4.4.6.jar:/Users/raliclo/.gradle/caches/modules-2/files-2.1/net.sourceforge.htmlunit/htmlunit-core-js/2.17/4316d68f449d42f69faf4ee255aa31b03e4f7dd5/htmlunit-core-js-2.17.jar:/Users/raliclo/.gradle/caches/modules-2/files-2.1/net.sourceforge.htmlunit/neko-htmlunit/2.21/a714aa20a2a6e04ada63805e1a16ad0540aa65e/neko-htmlunit-2.21.jar:/Users/raliclo/.gradle/caches/modules-2/files-2.1/net.sourceforge.cssparser/cssparser/0.9.18/61c015378d27b5e245a5deb7a324c7e716b4706a/cssparser-0.9.18.jar:/Users/raliclo/.gradle/caches/modules-2/files-2.1/org.eclipse.jetty.websocket/websocket-client/9.4.1.v20170120/8858e4d6442f73ccf677119bfaef3f84ece7e2e7/websocket-client-9.4.1.v20170120.jar:/Users/raliclo/.gradle/caches/modules-2/files-2.1/org.zeroturnaround/zt-exec/1.7/f0e0581e274c88f38f85c30caf404ed94f5b98f/zt-exec-1.7.jar:/Users/raliclo/.gradle/caches/modules-2/files-2.1/com.sun.jna/jna/3.0.9/9dd557b9a44d05a3810104ed1c835a42b925dc4a/jna-3.0.9.jar:/Users/raliclo/.gradle/caches/modules-2/files-2.1/org.slf4j/log4j-over-slf4j/1.7.22/a527c37e9ca6c3d19ba298edd4aa344ca751a203/log4j-over-slf4j-1.7.22.jar:/Users/raliclo/.gradle/caches/modules-2/files-2.1/org.apache.tomcat.embed/tomcat-embed-core/8.5.11/72761f51fc7cef3ee19d4aafc7adc605df9f611f/tomcat-embed-core-8.5.11.jar:/Users/raliclo/.gradle/caches/modules-2/files-2.1/org.apache.tomcat.embed/tomcat-embed-el/8.5.11/60253815b897166903bf5ec41219c5bb15333a69/tomcat-embed-el-8.5.11.jar:/Users/raliclo/.gradle/caches/modules-2/files-2.1/org.apache.tomcat.embed/tomcat-embed-websocket/8.5.11/dfa65e7857d46630761c0571758a56f7cbd1e9ba/tomcat-embed-websocket-8.5.11.jar:/Users/raliclo/.gradle/caches/modules-2/files-2.1/org.aspectj/aspectjweaver/1.8.9/db28774f477f07220eac18d5ec9c4e01f48589d7/aspectjweaver-1.8.9.jar:/Users/raliclo/.gradle/caches/modules-2/files-2.1/org.apache.tomcat/tomcat-jdbc/8.5.11/4d156969f12963b5f9232e9fe68ab710c3318ad5/tomcat-jdbc-8.5.11.jar:/Users/raliclo/.gradle/caches/modules-2/files-2.1/net.bytebuddy/byte-buddy/1.6.0/28ba3295d99d4427d85ad40590cc92493f1ec367/byte-buddy-1.6.0.jar:/Users/raliclo/.gradle/caches/modules-2/files-2.1/org.springframework.data/spring-data-commons/2.0.0.BUILD-SNAPSHOT/a1681d7b52e0b8bbccf15b2bba3a13388f27910b/spring-data-commons-2.0.0.BUILD-SNAPSHOT.jar:/Users/raliclo/.gradle/caches/modules-2/files-2.1/org.thymeleaf/thymeleaf/3.0.3.RELEASE/b1e8c9c81080fb158848d42aa54d0668bc2936af/thymeleaf-3.0.3.RELEASE.jar:/Users/raliclo/.gradle/caches/modules-2/files-2.1/org.springframework.security/spring-security-core/4.2.1.RELEASE/4e8ae0eb3218e1cacc3d7bd2eb41929799340618/spring-security-core-4.2.1.RELEASE.jar:/Users/raliclo/.gradle/caches/modules-2/files-2.1/org.eclipse.jetty.websocket/websocket-common/9.4.1.v20170120/f39ac6acd2cad905ec1d62c462c25403a8b6ffc5/websocket-common-9.4.1.v20170120.jar:/Users/raliclo/.gradle/caches/modules-2/files-2.1/org.eclipse.jetty.websocket/websocket-servlet/9.4.1.v20170120/e78937c6299b5c3fe4eea9318d020566487012de/websocket-servlet-9.4.1.v20170120.jar:/Users/raliclo/.gradle/caches/modules-2/files-2.1/org.eclipse.jetty/jetty-annotations/9.4.1.v20170120/f50423490aac638555f4ea6192f8e53c30d04eea/jetty-annotations-9.4.1.v20170120.jar:/Users/raliclo/.gradle/caches/modules-2/files-2.1/org.eclipse.jetty.websocket/javax-websocket-client-impl/9.4.1.v20170120/4e7f2eb46a22e8e23c18502e0d9afc667961fef1/javax-websocket-client-impl-9.4.1.v20170120.jar:/Users/raliclo/.gradle/caches/modules-2/files-2.1/javax.websocket/javax.websocket-api/1.0/fc843b649d4a1dcb0497669d262befa3918c7ba8/javax.websocket-api-1.0.jar:/Users/raliclo/.gradle/caches/modules-2/files-2.1/commons-digester/commons-digester/2.1/73a8001e7a54a255eef0f03521ec1805dc738ca0/commons-digester-2.1.jar:/Users/raliclo/.gradle/caches/modules-2/files-2.1/org.mortbay.jetty/servlet-api/2.5-20081211/22bff70037e1e6fa7e6413149489552ee2064702/servlet-api-2.5-20081211.jar:/Users/raliclo/.gradle/caches/modules-2/files-2.1/org.mortbay.jetty/servlet-api-2.5/6.1.14/5f07601ab7d7c85dd9e38a17c0e1b0edfbd4a191/servlet-api-2.5-6.1.14.jar:/Users/raliclo/.gradle/caches/modules-2/files-2.1/ant/ant/1.6.5/7d18faf23df1a5c3a43613952e0e8a182664564b/ant-1.6.5.jar:/Users/raliclo/.gradle/caches/modules-2/files-2.1/org.apache.kerby/kerby-config/1.0.0-RC2/63a0fadbda1e871e911ffe03d000b630f4f9f284/kerby-config-1.0.0-RC2.jar:/Users/raliclo/.gradle/caches/modules-2/files-2.1/org.apache.kerby/kerb-core/1.0.0-RC2/81e88af44b4a8fd9db75e6f5fdf5b5c3547ac022/kerb-core-1.0.0-RC2.jar:/Users/raliclo/.gradle/caches/modules-2/files-2.1/org.apache.kerby/kerb-client/1.0.0-RC2/c04de4e83e1f47b0cb44c1f30f299ed8ef04d12/kerb-client-1.0.0-RC2.jar:/Users/raliclo/.gradle/caches/modules-2/files-2.1/org.apache.kerby/kerb-util/1.0.0-RC2/f7351a13c029a9125ec074a7f4d7bd53c39633e/kerb-util-1.0.0-RC2.jar:/Users/raliclo/.gradle/caches/modules-2/files-2.1/org.apache.kerby/kerb-server/1.0.0-RC2/219071f841b6e16d53718f7304caad47fdae567d/kerb-server-1.0.0-RC2.jar:/Users/raliclo/.gradle/caches/modules-2/files-2.1/org.apache.kerby/kerb-admin/1.0.0-RC2/1997fffee2cd7c71e4fd07faa744346e94190c48/kerb-admin-1.0.0-RC2.jar:/Users/raliclo/.gradle/caches/modules-2/files-2.1/com.fasterxml.jackson.jaxrs/jackson-jaxrs-base/2.8.6/f5fb4565d5743ad43762795f07160cb26b0c200/jackson-jaxrs-base-2.8.6.jar:/Users/raliclo/.gradle/caches/modules-2/files-2.1/de.ruedigermoeller/fst/2.24/479ba6ffefaef7005511930c3cce721c5a67ecd3/fst-2.24.jar:/Users/raliclo/.gradle/caches/modules-2/files-2.1/org.apache.commons/commons-csv/1.0/8a0796ad6541a144eb1c00b93e06fbac03a9f313/commons-csv-1.0.jar:/Users/raliclo/.gradle/caches/modules-2/files-2.1/javax.ws.rs/jsr311-api/1.1.1/59033da2a1afd56af1ac576750a8d0b1830d59e6/jsr311-api-1.1.1.jar:/Users/raliclo/.gradle/caches/modules-2/files-2.1/org.apache.avro/avro-ipc/1.7.7/b754e613b8fbd8c81fb6fb250e658f6c16efbffa/avro-ipc-1.7.7.jar:/Users/raliclo/.gradle/caches/modules-2/files-2.1/org.apache.avro/avro-ipc/1.7.7/1ef0eeefcd80710085a95172819c78cf2cb7f13d/avro-ipc-1.7.7-tests.jar:/Users/raliclo/.gradle/caches/modules-2/files-2.1/org.json4s/json4s-core_2.11/3.2.11/87d4c44dfdf74727defa32999aeeb62afb4e5375/json4s-core_2.11-3.2.11.jar:/Users/raliclo/.gradle/caches/modules-2/files-2.1/javax.ws.rs/javax.ws.rs-api/2.0.1/104e9c2b5583cfcfeac0402316221648d6d8ea6b/javax.ws.rs-api-2.0.1.jar:/Users/raliclo/.gradle/caches/modules-2/files-2.1/javax.annotation/javax.annotation-api/1.2/479c1e06db31c432330183f5cae684163f186146/javax.annotation-api-1.2.jar:/Users/raliclo/.gradle/caches/modules-2/files-2.1/org.glassfish.hk2/osgi-resource-locator/1.0.1/4ed2b2d4738aed5786cfa64cba5a332779c4c708/osgi-resource-locator-1.0.1.jar:/Users/raliclo/.gradle/caches/modules-2/files-2.1/org.glassfish.jersey.media/jersey-media-jaxb/2.25.1/d7da0beeed5614a3bfd882662faec602699e24b/jersey-media-jaxb-2.25.1.jar:/Users/raliclo/.gradle/caches/modules-2/files-2.1/com.fasterxml.jackson.module/jackson-module-paranamer/2.8.6/4bc2edafee856eef68c1bd34e27d1a4ecdec5ceb/jackson-module-paranamer-2.8.6.jar:/Users/raliclo/.gradle/caches/modules-2/files-2.1/org.codehaus.janino/janino/2.7.8/109852ba81725a1ca29cc9aa0688455bd7be4b0f/janino-2.7.8.jar:/Users/raliclo/.gradle/caches/modules-2/files-2.1/org.antlr/antlr4-runtime/4.5.3/2609e36f18f7e8d593cc1cddfb2ac776dc96b8e0/antlr4-runtime-4.5.3.jar:/Users/raliclo/.gradle/caches/modules-2/files-2.1/org.apache.parquet/parquet-common/1.7.0/208e4576958c5d5ab64d3c808a759e388d90a99f/parquet-common-1.7.0.jar:/Users/raliclo/.gradle/caches/modules-2/files-2.1/org.apache.parquet/parquet-encoding/1.7.0/3b31bf2a9b472959a30927b96e0dca3e7ba49eb9/parquet-encoding-1.7.0.jar:/Users/raliclo/.gradle/caches/modules-2/files-2.1/org.apache.parquet/parquet-format/2.3.0-incubating/9ce0a76de9e695abc81d28bd6e3cc75322d14d28/parquet-format-2.3.0-incubating.jar:/Users/raliclo/.gradle/caches/modules-2/files-2.1/org.apache.parquet/parquet-jackson/1.7.0/32115a2437f8a3386ed15d7f7bfe7f204312fd20/parquet-jackson-1.7.0.jar:/Users/raliclo/.gradle/caches/modules-2/files-2.1/org.scalanlp/breeze-macros_2.11/0.11.2/fe2c740389b32720054a7ac7facd2e7dd489f63c/breeze-macros_2.11-0.11.2.jar:/Users/raliclo/.gradle/caches/modules-2/files-2.1/com.github.rwl/jtransforms/2.4.0/20ab3d14a0375cc2baee9452b92b217aac7e3c57/jtransforms-2.4.0.jar:/Users/raliclo/.gradle/caches/modules-2/files-2.1/org.spire-math/spire_2.11/0.7.4/6882bd3c7b517e9049ddcd0ff9b97cbed581bf54/spire_2.11-0.7.4.jar:/Users/raliclo/.gradle/caches/modules-2/files-2.1/org.jpmml/pmml-schema/1.2.15/6e9cab7f650da2a5019f0cf530613bd17648007a/pmml-schema-1.2.15.jar:/Users/raliclo/.gradle/caches/modules-2/files-2.1/log4j/apache-log4j-extras/1.2.17/85863614d82185d7e51fe21c00aa9117a523a8b6/apache-log4j-extras-1.2.17.jar:/Users/raliclo/.gradle/caches/modules-2/files-2.1/com.googlecode.javaewah/JavaEWAH/0.3.2/7130b68f1d4d9666f0ced0ba1a1bee37e2e51926/JavaEWAH-0.3.2.jar:/Users/raliclo/.gradle/caches/modules-2/files-2.1/org.twitter4j/twitter4j-core/4.0.4/1f3c896c7b2f20c51103078ccf0bc2ea97ac012a/twitter4j-core-4.0.4.jar:/Users/raliclo/.gradle/caches/modules-2/files-2.1/org.apache.tinkerpop/gremlin-shaded/3.2.2/c4443c270678830b289b61d60c29dffd95ee9ea8/gremlin-shaded-3.2.2.jar:/Users/raliclo/.gradle/caches/modules-2/files-2.1/org.javatuples/javatuples/1.2/507312ac4b601204a72a83380badbca82683dd36/javatuples-1.2.jar:/Users/raliclo/.gradle/caches/modules-2/files-2.1/com.carrotsearch/hppc/0.7.1/8b5057f74ea378c0150a1860874a3ebdcb713767/hppc-0.7.1.jar:/Users/raliclo/.gradle/caches/modules-2/files-2.1/com.jcabi/jcabi-manifests/1.1/e4f4488c0e3905c6fab287aca2569928fe1712df/jcabi-manifests-1.1.jar:/Users/raliclo/.gradle/caches/modules-2/files-2.1/org.codehaus.groovy/groovy-groovysh/2.4.7/ea496fcf70b4cdc7253330d8dcd914af1b5d3d8a/groovy-groovysh-2.4.7-indy.jar:/Users/raliclo/.gradle/caches/modules-2/files-2.1/org.codehaus.groovy/groovy-json/2.4.7/547a6847b5401fa707bbd1e08bea57febd7acd64/groovy-json-2.4.7-indy.jar:/Users/raliclo/.gradle/caches/modules-2/files-2.1/org.codehaus.groovy/groovy-jsr223/2.4.7/87543529407c57b9ab39390fb9d6d5e20474ccba/groovy-jsr223-2.4.7-indy.jar:/Users/raliclo/.gradle/caches/modules-2/files-2.1/com.github.jeremyh/jBCrypt/jbcrypt-0.4/f2503fcb93167ae701a3bf5fd1650d171ec1447e/jBCrypt-jbcrypt-0.4.jar:/Users/raliclo/.gradle/caches/modules-2/files-2.1/org.eclipse.leshan/leshan-server-core/0.1.11-M12/c98a7b24e18f435d393164ba73e5400275faf78f/leshan-server-core-0.1.11-M12.jar:/Users/raliclo/.gradle/caches/modules-2/files-2.1/org.eclipse.californium/scandium/2.0.0-M1/357c08eaa4c14142b01899517bab91fbf51c29a7/scandium-2.0.0-M1.jar:/Users/raliclo/.gradle/caches/modules-2/files-2.1/org.eclipse.leshan/leshan-client-core/0.1.11-M12/de4d540bfca57ce9638710be93436728bf359930/leshan-client-core-0.1.11-M12.jar:/Users/raliclo/.gradle/caches/modules-2/files-2.1/com.storm-enroute/scalameter_2.11/0.6/ac47a5a1c49e95e089b203b471c6d4fb5a662bbb/scalameter_2.11-0.6.jar:/Users/raliclo/.gradle/caches/modules-2/files-2.1/org.scala-sbt/test-interface/1.0/a3f14d010c4cb32071f863d97291df31603b521/test-interface-1.0.jar:/Users/raliclo/.gradle/caches/modules-2/files-2.1/org.apache.xmlbeans/xmlbeans/2.6.0/29e80d2dd51f9dcdef8f9ffaee0d4dc1c9bbfc87/xmlbeans-2.6.0.jar:/Users/raliclo/.gradle/caches/modules-2/files-2.1/org.nd4j/nd4j-buffer/0.7.1/6df16f26fd08c504c4e193faf84ae403f3e6b53/nd4j-buffer-0.7.1.jar:/Users/raliclo/.gradle/caches/modules-2/files-2.1/org.nd4j/nd4j-context/0.7.1/19400c0e66e9736a21ba86e2c5e7a1c6d5227528/nd4j-context-0.7.1.jar:/Users/raliclo/.gradle/caches/modules-2/files-2.1/org.codehaus.woodstox/stax2-api/3.1.4/ac19014b1e6a7c08aad07fe114af792676b685b7/stax2-api-3.1.4.jar:/Users/raliclo/.gradle/caches/modules-2/files-2.1/com.github.jai-imageio/jai-imageio-core/1.3.0/268feccd3a0fe32058ede66db41a21d9c7a9e535/jai-imageio-core-1.3.0.jar:/Users/raliclo/.gradle/caches/modules-2/files-2.1/com.twelvemonkeys.imageio/imageio-jpeg/3.1.1/464d6537504c7855c8aa3669b2726641ee3fd00c/imageio-jpeg-3.1.1.jar:/Users/raliclo/.gradle/caches/modules-2/files-2.1/com.twelvemonkeys.imageio/imageio-tiff/3.1.1/df54331a36fba97907e9413297c51defbe24a224/imageio-tiff-3.1.1.jar:/Users/raliclo/.gradle/caches/modules-2/files-2.1/com.twelvemonkeys.imageio/imageio-psd/3.1.1/8073714c928c9343a9e6dc68b4f48ab9c51a41f0/imageio-psd-3.1.1.jar:/Users/raliclo/.gradle/caches/modules-2/files-2.1/com.twelvemonkeys.imageio/imageio-bmp/3.1.1/3b6f82168a6f76899e33a8a9f4058d0e127df30e/imageio-bmp-3.1.1.jar:/Users/raliclo/.gradle/caches/modules-2/files-2.1/org.bytedeco/javacv/1.2/2fd1a7b7d272f6eb38f17bc2292b08ef3c0ca5f/javacv-1.2.jar:/Users/raliclo/.gradle/caches/modules-2/files-2.1/org.bytedeco.javacpp-presets/opencv/3.1.0-1.2/c382d1cee1ef10b9c754aa6e67c2d3797090c60a/opencv-3.1.0-1.2-linux-x86_64.jar:/Users/raliclo/.gradle/caches/modules-2/files-2.1/org.bytedeco.javacpp-presets/opencv/3.1.0-1.2/bb21db7eb2447b29bb661011f0a3c548849ed754/opencv-3.1.0-1.2-macosx-x86_64.jar:/Users/raliclo/.gradle/caches/modules-2/files-2.1/org.bytedeco.javacpp-presets/opencv/3.1.0-1.2/5195da91a1701e67f9ca7e4d834d311c87adea13/opencv-3.1.0-1.2-windows-x86_64.jar:/Users/raliclo/.gradle/caches/modules-2/files-2.1/org.bytedeco.javacpp-presets/opencv/3.1.0-1.2/593adf4c640ea7ed1b2410d7b1482803fa8c323/opencv-3.1.0-1.2-linux-ppc64le.jar:/Users/raliclo/.gradle/caches/modules-2/files-2.1/org.bytedeco.javacpp-presets/ffmpeg/3.0.2-1.2/a241e53329a9601667c79afa64236d4abbac56a0/ffmpeg-3.0.2-1.2.jar:/Users/raliclo/.gradle/caches/modules-2/files-2.1/org.bytedeco.javacpp-presets/ffmpeg/3.0.2-1.2/3bbdda009d603d92ce58c59411b06566871cf3f1/ffmpeg-3.0.2-1.2-linux-x86_64.jar:/Users/raliclo/.gradle/caches/modules-2/files-2.1/org.bytedeco.javacpp-presets/ffmpeg/3.0.2-1.2/31aea4b80d5cb6d42d3811395f7d4f755e64ef7/ffmpeg-3.0.2-1.2-macosx-x86_64.jar:/Users/raliclo/.gradle/caches/modules-2/files-2.1/org.bytedeco.javacpp-presets/ffmpeg/3.0.2-1.2/cf62ac3539c11d184f9a272c7ae4177bf5d76fe5/ffmpeg-3.0.2-1.2-windows-x86_64.jar:/Users/raliclo/.gradle/caches/modules-2/files-2.1/org.bytedeco.javacpp-presets/ffmpeg/3.0.2-1.2/9bbb3942f58156ec275ed75a0205db90decc6ab2/ffmpeg-3.0.2-1.2-linux-ppc64le.jar:/Users/raliclo/.gradle/caches/modules-2/files-2.1/org.bytedeco.javacpp-presets/leptonica/1.73-1.2/9fb1a0408ffbad180280d32308cb66f33daafbc6/leptonica-1.73-1.2.jar:/Users/raliclo/.gradle/caches/modules-2/files-2.1/org.bytedeco.javacpp-presets/leptonica/1.73-1.2/7445af3b2bf487c4cfb3e14da7f4a47332a80b90/leptonica-1.73-1.2-linux-x86_64.jar:/Users/raliclo/.gradle/caches/modules-2/files-2.1/org.bytedeco.javacpp-presets/leptonica/1.73-1.2/33fda5ce921294a09e23d846a2775ddc23c720f4/leptonica-1.73-1.2-macosx-x86_64.jar:/Users/raliclo/.gradle/caches/modules-2/files-2.1/org.bytedeco.javacpp-presets/leptonica/1.73-1.2/645eb3aceb87781f39c4d54a3e14f89a5ea582ce/leptonica-1.73-1.2-windows-x86_64.jar:/Users/raliclo/.gradle/caches/modules-2/files-2.1/org.bytedeco.javacpp-presets/leptonica/1.73-1.2/3d02b7a5670c4eccad3c7d24af878b8a8cf30e3a/leptonica-1.73-1.2-linux-ppc64le.jar:/Users/raliclo/.gradle/caches/modules-2/files-2.1/org.nd4j/nd4j-native-api/0.7.1/b29cedfa92bf56d6491ecf739ff499672f7fe460/nd4j-native-api-0.7.1.jar:/Users/raliclo/.gradle/caches/modules-2/files-2.1/org.apache.camel/camel-http-common/2.18.1/1681a1483d493fb4277f9885c6ff2ba733e0278f/camel-http-common-2.18.1.jar:/Users/raliclo/.gradle/caches/modules-2/files-2.1/org.eclipse.jetty/jetty-client/9.4.1.v20170120/bf348043ca72015c4c6ee2b8c28b07b87a61ac3f/jetty-client-9.4.1.v20170120.jar:/Users/raliclo/.gradle/caches/modules-2/files-2.1/org.eclipse.jetty/jetty-jmx/9.4.1.v20170120/f852278e998067a8ad24eccce3ac3993b4930f52/jetty-jmx-9.4.1.v20170120.jar:/Users/raliclo/.gradle/caches/modules-2/files-2.1/org.apache.camel/camel-jetty-common/2.18.1/cbe89db0516be133f573d93e7000c6b029bf406f/camel-jetty-common-2.18.1.jar:/Users/raliclo/.gradle/caches/modules-2/files-2.1/xmlpull/xmlpull/1.1.3.1/2b8e230d2ab644e4ecaa94db7cdedbc40c805dfa/xmlpull-1.1.3.1.jar:/Users/raliclo/.gradle/caches/modules-2/files-2.1/xpp3/xpp3_min/1.1.4c/19d4e90b43059058f6e056f794f0ea4030d60b86/xpp3_min-1.1.4c.jar:/Users/raliclo/.gradle/caches/modules-2/files-2.1/javax.el/el-api/2.2/42971279cc8ba864462580c7fc2199fd5715ee7f/el-api-2.2.jar:/Users/raliclo/.gradle/caches/modules-2/files-2.1/org.jboss.spec.javax.interceptor/jboss-interceptors-api_1.1_spec/1.0.0.Beta1/8cb388fd3b4912373da7a18e199bb55aa52aa5c1/jboss-interceptors-api_1.1_spec-1.0.0.Beta1.jar:/Users/raliclo/.gradle/caches/modules-2/files-2.1/javax.annotation/jsr250-api/1.0/5025422767732a1ab45d93abfea846513d742dcf/jsr250-api-1.0.jar:/Users/raliclo/.gradle/caches/modules-2/files-2.1/com.esotericsoftware/minlog/1.3.0/ff07b5f1b01d2f92bb00a337f9a94873712f0827/minlog-1.3.0.jar:/Users/raliclo/.gradle/caches/modules-2/files-2.1/org.apache.velocity/velocity/1.5/9f306baf7523ffc0e81a6353d08a584d254133b/velocity-1.5.jar:/Users/raliclo/.gradle/caches/modules-2/files-2.1/org.apache.hive/hive-llap-client/2.1.0/51fd298e6393be09b60b35cd1e6d7699c405ab0b/hive-llap-client-2.1.0.jar:/Users/raliclo/.gradle/caches/modules-2/files-2.1/org.apache.hive.shims/hive-shims-common/2.1.0/106c8415d4644be66ce84a69081f22000972c476/hive-shims-common-2.1.0.jar:/Users/raliclo/.gradle/caches/modules-2/files-2.1/org.apache.hive.shims/hive-shims-0.23/2.1.0/241e8d9c51e22e1cc91b515d1d9c1f26d8d26e2d/hive-shims-0.23-2.1.0.jar:/Users/raliclo/.gradle/caches/modules-2/files-2.1/org.apache.hive.shims/hive-shims-scheduler/2.1.0/a8ac22d9b2aac5003e413254962ca9ee72bf171e/hive-shims-scheduler-2.1.0.jar:/Users/raliclo/.gradle/caches/modules-2/files-2.1/org.antlr/stringtemplate/3.2.1/59ec8083721eae215c6f3caee944c410d2be34de/stringtemplate-3.2.1.jar:/Users/raliclo/.gradle/caches/modules-2/files-2.1/org.eclipse.jetty.orbit/javax.servlet/3.0.0.v201112011016/aaaa85845fb5c59da00193f06b8e5278d8bf3f8/javax.servlet-3.0.0.v201112011016.jar:/Users/raliclo/.gradle/caches/modules-2/files-2.1/org.apache.logging.log4j/log4j-web/2.7/6c6cec01d95913355ceb79e47573bd84bbfbf60e/log4j-web-2.7.jar:/Users/raliclo/.gradle/caches/modules-2/files-2.1/com.github.joshelser/dropwizard-metrics-hadoop-metrics2-reporter/0.1.0/9f1f34dd4fbe213168f4f879924c33f647730283/dropwizard-metrics-hadoop-metrics2-reporter-0.1.0.jar:/Users/raliclo/.gradle/caches/modules-2/files-2.1/org.apache.hbase/hbase-annotations/1.1.1/712945be1be56d297fa1af2a9cf350480ae80d53/hbase-annotations-1.1.1.jar:/Users/raliclo/.gradle/caches/modules-2/files-2.1/org.apache.hbase/hbase-common/1.1.1/b2b7705e5d388217989173bdf6307708190c83d6/hbase-common-1.1.1.jar:/Users/raliclo/.gradle/caches/modules-2/files-2.1/org.apache.hbase/hbase-common/1.1.1/9399d345fb1aa0acf80087c6c895366f4e6669c3/hbase-common-1.1.1-tests.jar:/Users/raliclo/.gradle/caches/modules-2/files-2.1/org.apache.hbase/hbase-protocol/1.1.1/3cab8ccd963c67db0ba90dbdc6355bf750af29d9/hbase-protocol-1.1.1.jar:/Users/raliclo/.gradle/caches/modules-2/files-2.1/org.apache.htrace/htrace-core/3.1.0-incubating/f73606e7c9ede5802335c290bf47490ad6d51df3/htrace-core-3.1.0-incubating.jar:/Users/raliclo/.gradle/caches/modules-2/files-2.1/org.jruby.jcodings/jcodings/1.0.8/33fa45fd853c277b888e3d5a2e6a4604b7c11e2c/jcodings-1.0.8.jar:/Users/raliclo/.gradle/caches/modules-2/files-2.1/org.jruby.joni/joni/2.1.2/1f08024ec70e86a716188b7d069b0c2d2f183e14/joni-2.1.2.jar:/Users/raliclo/.gradle/caches/modules-2/files-2.1/com.github.stephenc.findbugs/findbugs-annotations/1.3.9-1/a6b11447635d80757d64b355bed3c00786d86801/findbugs-annotations-1.3.9-1.jar:/Users/raliclo/.gradle/caches/modules-2/files-2.1/javax.transaction/jta/1.1/2ca09f0b36ca7d71b762e14ea2ff09d5eac57558/jta-1.1.jar:/Users/raliclo/.gradle/caches/modules-2/files-2.1/javax.transaction/transaction-api/1.1/2ca09f0b36ca7d71b762e14ea2ff09d5eac57558/transaction-api-1.1.jar:/Users/raliclo/.gradle/caches/modules-2/files-2.1/com.google.inject.extensions/guice-assistedinject/3.0/544449ddb19f088dcde44f055d30a08835a954a7/guice-assistedinject-3.0.jar:/Users/raliclo/.gradle/caches/modules-2/files-2.1/it.unimi.dsi/fastutil/6.5.6/7b644ef32b59d4f27004da19dd35f9040b726ec/fastutil-6.5.6.jar:/Users/raliclo/.gradle/caches/modules-2/files-2.1/org.apache.twill/twill-common/0.6.0-incubating/34c9d6fbcab9eb68a2c858ce0f16529e5f5e4993/twill-common-0.6.0-incubating.jar:/Users/raliclo/.gradle/caches/modules-2/files-2.1/org.apache.twill/twill-core/0.6.0-incubating/46109bb5fd3876749009d6d8998c8066a911ee8a/twill-core-0.6.0-incubating.jar:/Users/raliclo/.gradle/caches/modules-2/files-2.1/org.apache.twill/twill-discovery-api/0.6.0-incubating/c8b5bf3ac8d25fe20a89924e00ea8e113c1a787a/twill-discovery-api-0.6.0-incubating.jar:/Users/raliclo/.gradle/caches/modules-2/files-2.1/org.apache.twill/twill-discovery-core/0.6.0-incubating/b30e4df2f98d858bba1e2914e79d3b785deb2022/twill-discovery-core-0.6.0-incubating.jar:/Users/raliclo/.gradle/caches/modules-2/files-2.1/org.apache.twill/twill-zookeeper/0.6.0-incubating/58f37b2dc9eeaadcafd63236cce8d61f500ab29c/twill-zookeeper-0.6.0-incubating.jar:/Users/raliclo/.gradle/caches/modules-2/files-2.1/org.apache.hive/hive-llap-common/2.1.0/1f893a35849d6395730baa6bc84c4a29c5a5673b/hive-llap-common-2.1.0.jar:/Users/raliclo/.gradle/caches/modules-2/files-2.1/org.apache.slider/slider-core/0.90.2-incubating/d3c034d3e785993df15f5177ce56cd500b987c97/slider-core-0.90.2-incubating.jar:/Users/raliclo/.gradle/caches/modules-2/files-2.1/org.apache.hbase/hbase-hadoop2-compat/1.1.1/86f193055017663fd755a0229727a7eb9ed2dfee/hbase-hadoop2-compat-1.1.1.jar:/Users/raliclo/.gradle/caches/modules-2/files-2.1/org.apache.hbase/hbase-server/1.1.1/a02745707c2689e1e33a4041c71e94587cf48b47/hbase-server-1.1.1.jar:/Users/raliclo/.gradle/caches/modules-2/files-2.1/org.apache.hbase/hbase-hadoop-compat/1.1.1/ef783393691738fe16011ff18e71fee1021e7189/hbase-hadoop-compat-1.1.1.jar:/Users/raliclo/.gradle/caches/modules-2/files-2.1/org.jboss.netty/netty/3.2.0.Final/3bf21bdf3d23cd92358e756ec96fe546d9019a51/netty-3.2.0.Final.jar:/Users/raliclo/.gradle/caches/modules-2/files-2.1/org.lwjgl.lwjgl/lwjgl-platform/2.9.3/fbc2afb3e288578e9942578decb6291a490549a0/lwjgl-platform-2.9.3-natives-windows.jar:/Users/raliclo/.gradle/caches/modules-2/files-2.1/org.lwjgl.lwjgl/lwjgl-platform/2.9.3/b1eafe80093381c56415731e1d64279e6140bcd0/lwjgl-platform-2.9.3-natives-linux.jar:/Users/raliclo/.gradle/caches/modules-2/files-2.1/org.lwjgl.lwjgl/lwjgl-platform/2.9.3/6686cf6ddaa20b4290aa6599a09bc0d17369be05/lwjgl-platform-2.9.3-natives-osx.jar:/Users/raliclo/.gradle/caches/modules-2/files-2.1/net.java.jinput/jinput/2.0.5/39c7796b469a600f72380316f6b1f11db6c2c7c4/jinput-2.0.5.jar:/Users/raliclo/.gradle/caches/modules-2/files-2.1/net.bytebuddy/byte-buddy-agent/1.6.0/521c3d7816516e57f4dab9e87cf574bfb64dec9b/byte-buddy-agent-1.6.0.jar:/Users/raliclo/.gradle/caches/modules-2/files-2.1/org.arquillian.cube/arquillian-cube-api/1.0.0.Alpha14/f5c9f4009c131add4a127f45b3e8783a07092856/arquillian-cube-api-1.0.0.Alpha14.jar:/Users/raliclo/.gradle/caches/modules-2/files-2.1/org.jboss.arquillian.core/arquillian-core-spi/1.1.11.Final/6a459fa53984da22cdfe8c6fdb0639bb0306afa0/arquillian-core-spi-1.1.11.Final.jar:/Users/raliclo/.gradle/caches/modules-2/files-2.1/org.arquillian.extension/arquillian-recorder-reporter-api/1.1.2.Final/a45d9c059e33b5da3b2b79e8e95b68fa50858f98/arquillian-recorder-reporter-api-1.1.2.Final.jar:/Users/raliclo/.gradle/caches/modules-2/files-2.1/org.jboss.arquillian.test/arquillian-test-spi/1.1.11.Final/999cf9a818186395e587147b404eded45e2f56a0/arquillian-test-spi-1.1.11.Final.jar:/Users/raliclo/.gradle/caches/modules-2/files-2.1/org.jboss.shrinkwrap.resolver/shrinkwrap-resolver-api/2.1.0/d7c60a84858d9293171284b071611a2c3d10ff84/shrinkwrap-resolver-api-2.1.0.jar:/Users/raliclo/.gradle/caches/modules-2/files-2.1/org.jboss.shrinkwrap.resolver/shrinkwrap-resolver-spi/2.1.0/d5b0eecc03e582e0b32aef0c5352536d7b3193a/shrinkwrap-resolver-spi-2.1.0.jar:/Users/raliclo/.gradle/caches/modules-2/files-2.1/org.jboss.shrinkwrap.resolver/shrinkwrap-resolver-api-maven/2.1.0/b3da450e93443cd446082f3e40c9f25e38d49bf7/shrinkwrap-resolver-api-maven-2.1.0.jar:/Users/raliclo/.gradle/caches/modules-2/files-2.1/org.jboss.shrinkwrap.resolver/shrinkwrap-resolver-spi-maven/2.1.0/37c931b6ce00cae0d8e2230381aab6e4f5979c32/shrinkwrap-resolver-spi-maven-2.1.0.jar:/Users/raliclo/.gradle/caches/modules-2/files-2.1/org.jboss.shrinkwrap.resolver/shrinkwrap-resolver-api-maven-archive/2.1.0/24d6c1bc6d2664a9d2a1dedad32a06c834f2a04e/shrinkwrap-resolver-api-maven-archive-2.1.0.jar:/Users/raliclo/.gradle/caches/modules-2/files-2.1/org.jboss.shrinkwrap.resolver/shrinkwrap-resolver-impl-maven/2.1.0/a3b5f52aa088f7a5a4981b368a8affff76207bcf/shrinkwrap-resolver-impl-maven-2.1.0.jar:/Users/raliclo/.gradle/caches/modules-2/files-2.1/org.jboss.shrinkwrap.resolver/shrinkwrap-resolver-impl-maven-archive/2.1.0/f021d8c7ce80b835cb19fd299b32b1f5cb7b8d1c/shrinkwrap-resolver-impl-maven-archive-2.1.0.jar:/Users/raliclo/.gradle/caches/modules-2/files-2.1/info.cukes/cucumber-html/0.2.3/624a0c986088e32910336dd77aee5191c04a8201/cucumber-html-0.2.3.jar:/Users/raliclo/.gradle/caches/modules-2/files-2.1/info.cukes/cucumber-jvm-deps/1.0.5/69ed0efe4b81f05da3c0bdc7281cbdc43f5ceb26/cucumber-jvm-deps-1.0.5.jar:/Users/raliclo/.gradle/caches/modules-2/files-2.1/info.cukes/gherkin/2.12.2/17138631fa20fd0e44a13e50d6b7be59cee1a94/gherkin-2.12.2.jar:/Users/raliclo/.gradle/caches/modules-2/files-2.1/com.opera/operalaunchers/1.1/8f09d3dc6dcce5580666ae6e0556a7dbb6b1a563/operalaunchers-1.1.jar:/Users/raliclo/.gradle/caches/modules-2/files-2.1/commons-jxpath/commons-jxpath/1.3/c22d7d0f0f40eb7059a23cfa61773a416768b137/commons-jxpath-1.3.jar:/Users/raliclo/.gradle/caches/modules-2/files-2.1/org.ini4j/ini4j/0.5.2/16561cb11c221b5928119e10d7636c95ee5c960d/ini4j-0.5.2.jar:/Users/raliclo/.gradle/caches/modules-2/files-2.1/commons-validator/commons-validator/1.5.0/26b98c21975c5caf6bf34bacdeb7183be7a65970/commons-validator-1.5.0.jar:/Users/raliclo/.gradle/caches/modules-2/files-2.1/org.jruby/jruby-complete/1.7.4/74984d84846523bd7da49064679ed1ccf199e1db/jruby-complete-1.7.4.jar:/Users/raliclo/.gradle/caches/modules-2/files-2.1/org.parboiled/parboiled-core/1.1.7/a60ff9a54cbeb30ec44c89e16ac4c35913cbad5a/parboiled-core-1.1.7.jar:/Users/raliclo/.gradle/caches/modules-2/files-2.1/org.ow2.asm/asm-util/5.0.3/1512e5571325854b05fb1efce1db75fcced54389/asm-util-5.0.3.jar:/Users/raliclo/.gradle/caches/modules-2/files-2.1/org.apache.tomcat/tomcat-juli/8.5.11/fa0b261ce002175b65ebb6ae8eb4345cb7e57da3/tomcat-juli-8.5.11.jar:/Users/raliclo/.gradle/caches/modules-2/files-2.1/org.attoparser/attoparser/2.0.2.RELEASE/13d40c5bbc1fb7c021f54223f27c9feb1328cee3/attoparser-2.0.2.RELEASE.jar:/Users/raliclo/.gradle/caches/modules-2/files-2.1/org.unbescape/unbescape/1.1.4.RELEASE/1ef1371149efc31d72d35dc290cf16c1a4736a12/unbescape-1.1.4.RELEASE.jar:/Users/raliclo/.gradle/caches/modules-2/files-2.1/org.eclipse.jetty.websocket/websocket-api/9.4.1.v20170120/bbcf8a0ca712f7957d57ae902f9ee21bf0e19fac/websocket-api-9.4.1.v20170120.jar:/Users/raliclo/.gradle/caches/modules-2/files-2.1/org.eclipse.jetty/jetty-plus/9.4.1.v20170120/9c40873bbe63ee495365e4344c323b991bf7173e/jetty-plus-9.4.1.v20170120.jar:/Users/raliclo/.gradle/caches/modules-2/files-2.1/org.ow2.asm/asm-commons/5.1/25d8a575034dd9cfcb375a39b5334f0ba9c8474e/asm-commons-5.1.jar:/Users/raliclo/.gradle/caches/modules-2/files-2.1/org.apache.kerby/kerby-asn1/1.0.0-RC2/f9c72709d34b5aa7ffc21b29887a48a16aef9a08/kerby-asn1-1.0.0-RC2.jar:/Users/raliclo/.gradle/caches/modules-2/files-2.1/org.apache.kerby/kerby-pkix/1.0.0-RC2/3213d43b9b88dbfc678b99f859853adbd5860f2e/kerby-pkix-1.0.0-RC2.jar:/Users/raliclo/.gradle/caches/modules-2/files-2.1/org.apache.kerby/kerb-common/1.0.0-RC2/c331b713e3f24986cbfea51c1537215e4001fcfd/kerb-common-1.0.0-RC2.jar:/Users/raliclo/.gradle/caches/modules-2/files-2.1/org.apache.kerby/kerb-crypto/1.0.0-RC2/67c1215417d37f8e4bc307979fc6849be7d5395/kerb-crypto-1.0.0-RC2.jar:/Users/raliclo/.gradle/caches/modules-2/files-2.1/org.apache.kerby/kerb-identity/1.0.0-RC2/d606d73af5c98cee7ba85325d423f8f634c53415/kerb-identity-1.0.0-RC2.jar:/Users/raliclo/.gradle/caches/modules-2/files-2.1/org.json4s/json4s-ast_2.11/3.2.11/4e3c37960ea52c8cf3672792ef08887bf63e63d7/json4s-ast_2.11-3.2.11.jar:/Users/raliclo/.gradle/caches/modules-2/files-2.1/org.codehaus.janino/commons-compiler/2.7.8/fe224c801f296af125316178300dfc633675a8ff/commons-compiler-2.7.8.jar:/Users/raliclo/.gradle/caches/modules-2/files-2.1/org.apache.parquet/parquet-generator/1.7.0/3fedca3e1825a8ad7d30d374ff102fdb0d439681/parquet-generator-1.7.0.jar:/Users/raliclo/.gradle/caches/modules-2/files-2.1/org.spire-math/spire-macros_2.11/0.7.4/35a96f7ddee39e99ca8051ac43a0f741eeb66803/spire-macros_2.11-0.7.4.jar:/Users/raliclo/.gradle/caches/modules-2/files-2.1/com.jcabi/jcabi-log/0.14/819a57348f2448f01d74f8a317dab61d6a90cac2/jcabi-log-0.14.jar:/Users/raliclo/.gradle/caches/modules-2/files-2.1/org.codehaus.groovy/groovy-console/2.4.7/573e8838b42e40aeaefaec0b93a42ea41d1a11ed/groovy-console-2.4.7.jar:/Users/raliclo/.gradle/caches/modules-2/files-2.1/org.eclipse.leshan/leshan-core/0.1.11-M12/d703a760fdb50ad780bac97b02f4360e86227f83/leshan-core-0.1.11-M12.jar:/Users/raliclo/.gradle/caches/modules-2/files-2.1/com.storm-enroute/scalameter-core_2.11/0.6/429611cd9f0a98f9bb2e40ea2d4a0bb80ea6a64a/scalameter-core_2.11-0.6.jar:/Users/raliclo/.gradle/caches/modules-2/files-2.1/com.github.wookietreiber/scala-chart_2.11/0.4.2/6cc329e2e33c19eb25a033dc5b246b49b51983d6/scala-chart_2.11-0.4.2.jar:/Users/raliclo/.gradle/caches/modules-2/files-2.1/org.scala-tools.testing/test-interface/0.5/621ea57f37a1fed152bf7cb454e78a2c30e5ca6e/test-interface-0.5.jar:/Users/raliclo/.gradle/caches/modules-2/files-2.1/org.nd4j/nd4j-common/0.7.1/ba6b110880cf4c6d22ed327ff069f4cc7ced3a34/nd4j-common-0.7.1.jar:/Users/raliclo/.gradle/caches/modules-2/files-2.1/com.twelvemonkeys.imageio/imageio-core/3.1.1/dbdf29da53ac89753d9abfc0f38802f6483821e/imageio-core-3.1.1.jar:/Users/raliclo/.gradle/caches/modules-2/files-2.1/com.twelvemonkeys.imageio/imageio-metadata/3.1.1/52b6b85601492e94fa8a08211c08179b1c888d91/imageio-metadata-3.1.1.jar:/Users/raliclo/.gradle/caches/modules-2/files-2.1/com.twelvemonkeys.common/common-lang/3.1.1/a9b5f8094211a8fbe5e9f469ebb266c1886d3666/common-lang-3.1.1.jar:/Users/raliclo/.gradle/caches/modules-2/files-2.1/com.twelvemonkeys.common/common-io/3.1.1/b6aec796ca2d20b145b6fa88bbe068724a258450/common-io-3.1.1.jar:/Users/raliclo/.gradle/caches/modules-2/files-2.1/com.twelvemonkeys.common/common-image/3.1.1/c86b3bc138b0caee17ce4193275636543cf28bfe/common-image-3.1.1.jar:/Users/raliclo/.gradle/caches/modules-2/files-2.1/org.apache.twill/twill-api/0.6.0-incubating/338247e16528d12f1d70781769af63b818f4f356/twill-api-0.6.0-incubating.jar:/Users/raliclo/.gradle/caches/modules-2/files-2.1/org.codehaus.jackson/jackson-jaxrs/1.9.13/534d72d2b9d6199dd531dfb27083dd4844082bba/jackson-jaxrs-1.9.13.jar:/Users/raliclo/.gradle/caches/modules-2/files-2.1/org.codehaus.jackson/jackson-xc/1.9.13/e3480072bc95c202476ffa1de99ff7ee9149f29c/jackson-xc-1.9.13.jar:/Users/raliclo/.gradle/caches/modules-2/files-2.1/org.apache.hadoop/hadoop-yarn-registry/2.7.1/640014928215054df53fb6c71475f4b36b3c182a/hadoop-yarn-registry-2.7.1.jar:/Users/raliclo/.gradle/caches/modules-2/files-2.1/javax.servlet/servlet-api/2.5/5959582d97d8b61f4d154ca9e495aafd16726e34/servlet-api-2.5.jar:/Users/raliclo/.gradle/caches/modules-2/files-2.1/org.apache.hbase/hbase-procedure/1.1.1/bc5c5f2cae9af023dc598e5fec9fc17adc6b1b1c/hbase-procedure-1.1.1.jar:/Users/raliclo/.gradle/caches/modules-2/files-2.1/org.apache.hbase/hbase-prefix-tree/1.1.1/c73390f5a2285e9cfe62a91b2d3bcd7b827f18cd/hbase-prefix-tree-1.1.1.jar:/Users/raliclo/.gradle/caches/modules-2/files-2.1/org.mortbay.jetty/jetty-sslengine/6.1.26/60367999cee49a3b09fa86bdcb52310b6c896014/jetty-sslengine-6.1.26.jar:/Users/raliclo/.gradle/caches/modules-2/files-2.1/com.lmax/disruptor/3.3.0/6925c7787741f6ac1535188ea450f04fa1246acf/disruptor-3.3.0.jar:/Users/raliclo/.gradle/caches/modules-2/files-2.1/net.java.jutils/jutils/1.0.0/e12fe1fda814bd348c1579329c86943d2cd3c6a6/jutils-1.0.0.jar:/Users/raliclo/.gradle/caches/modules-2/files-2.1/net.java.jinput/jinput-platform/2.0.5/7ff832a6eb9ab6a767f1ade2b548092d0fa64795/jinput-platform-2.0.5-natives-linux.jar:/Users/raliclo/.gradle/caches/modules-2/files-2.1/net.java.jinput/jinput-platform/2.0.5/385ee093e01f587f30ee1c8a2ee7d408fd732e16/jinput-platform-2.0.5-natives-windows.jar:/Users/raliclo/.gradle/caches/modules-2/files-2.1/net.java.jinput/jinput-platform/2.0.5/53f9c919f34d2ca9de8c51fc4e1e8282029a9232/jinput-platform-2.0.5-natives-osx.jar:/Users/raliclo/.gradle/caches/modules-2/files-2.1/org.jboss.arquillian.core/arquillian-core-api/1.1.11.Final/c3a8984dbd9b172e04c641db28f8b1a85695f9d4/arquillian-core-api-1.1.11.Final.jar:/Users/raliclo/.gradle/caches/modules-2/files-2.1/org.arquillian.extension/arquillian-recorder-api/1.1.2.Final/ccd2b9009b34b8fc4123b6eb36c2c17f7c81c98c/arquillian-recorder-api-1.1.2.Final.jar:/Users/raliclo/.gradle/caches/modules-2/files-2.1/org.arquillian.extension/arquillian-recorder-reporter-spi/1.1.2.Final/d1c329458413d58c59948b0a3a44f33aac8d8a59/arquillian-recorder-reporter-spi-1.1.2.Final.jar:/Users/raliclo/.gradle/caches/modules-2/files-2.1/org.eclipse.persistence/org.eclipse.persistence.moxy/2.5.1/2c4634eb0a35cce9ab4b76a9989a78bca501c7af/org.eclipse.persistence.moxy-2.5.1.jar:/Users/raliclo/.gradle/caches/modules-2/files-2.1/org.jboss.arquillian.test/arquillian-test-api/1.1.11.Final/a2618054d354f2d103220ba2152d35f2b4a5ee30/arquillian-test-api-1.1.11.Final.jar:/Users/raliclo/.gradle/caches/modules-2/files-2.1/org.jboss.shrinkwrap/shrinkwrap-api/1.2.1/9cfd86f88f7134c7f160ca2f7b02e410d0c3f518/shrinkwrap-api-1.2.1.jar:/Users/raliclo/.gradle/caches/modules-2/files-2.1/org.eclipse.aether/aether-api/0.9.0.M2/97662c999c6b2fbf2ee50e814a34639c1c1d22de/aether-api-0.9.0.M2.jar:/Users/raliclo/.gradle/caches/modules-2/files-2.1/org.eclipse.aether/aether-impl/0.9.0.M2/eab9a4baae8de96a24c04219236363d0ca73e8a9/aether-impl-0.9.0.M2.jar:/Users/raliclo/.gradle/caches/modules-2/files-2.1/org.eclipse.aether/aether-spi/0.9.0.M2/3647d00620a91360990c9680f29fbcc22d69c2ee/aether-spi-0.9.0.M2.jar:/Users/raliclo/.gradle/caches/modules-2/files-2.1/org.eclipse.aether/aether-util/0.9.0.M2/b957089deb654647da320ad7507b0a4b5ce23813/aether-util-0.9.0.M2.jar:/Users/raliclo/.gradle/caches/modules-2/files-2.1/org.eclipse.aether/aether-connector-wagon/0.9.0.M2/d026605975abe777baea95dc0dcbff1723c0829a/aether-connector-wagon-0.9.0.M2.jar:/Users/raliclo/.gradle/caches/modules-2/files-2.1/org.apache.maven/maven-aether-provider/3.1.1/7fd8a65d950d0e77dd39cc4ce2776ff9673ae470/maven-aether-provider-3.1.1.jar:/Users/raliclo/.gradle/caches/modules-2/files-2.1/org.apache.maven/maven-model/3.1.1/ccf79a1a63ef35de038a4226a952175c4e9f4f59/maven-model-3.1.1.jar:/Users/raliclo/.gradle/caches/modules-2/files-2.1/org.apache.maven/maven-model-builder/3.1.1/5fb53c92da84ebeff403414b667611d6bcd477cf/maven-model-builder-3.1.1.jar:/Users/raliclo/.gradle/caches/modules-2/files-2.1/org.apache.maven/maven-repository-metadata/3.1.1/ef5bccf2a7a22a326c8fe94e1d56f6f15419bedd/maven-repository-metadata-3.1.1.jar:/Users/raliclo/.gradle/caches/modules-2/files-2.1/org.apache.maven/maven-settings/3.1.1/311d38cf15ec7f5c713985862632db91b7a827af/maven-settings-3.1.1.jar:/Users/raliclo/.gradle/caches/modules-2/files-2.1/org.apache.maven/maven-settings-builder/3.1.1/e2d5e96ea4bbd4fc463dbb76d07dd8aefac05e3c/maven-settings-builder-3.1.1.jar:/Users/raliclo/.gradle/caches/modules-2/files-2.1/org.codehaus.plexus/plexus-interpolation/1.19/b260ca7a23bb0d209771db7aae35049899433fe3/plexus-interpolation-1.19.jar:/Users/raliclo/.gradle/caches/modules-2/files-2.1/org.codehaus.plexus/plexus-utils/3.0.15/519b3f1fc84d3387c61a8c8e6235daf89aea4168/plexus-utils-3.0.15.jar:/Users/raliclo/.gradle/caches/modules-2/files-2.1/org.sonatype.plexus/plexus-sec-dispatcher/1.3/dedc02034fb8fcd7615d66593228cb71709134b4/plexus-sec-dispatcher-1.3.jar:/Users/raliclo/.gradle/caches/modules-2/files-2.1/org.apache.maven.wagon/wagon-provider-api/2.6/62da5193bb8ccca0c0bcba0868d702e22f26b33a/wagon-provider-api-2.6.jar:/Users/raliclo/.gradle/caches/modules-2/files-2.1/org.apache.maven.wagon/wagon-file/2.6/b0d5a52db3b08e247dad16f76dbaa0fcb6e2874d/wagon-file-2.6.jar:/Users/raliclo/.gradle/caches/modules-2/files-2.1/org.apache.maven.wagon/wagon-http-lightweight/2.6/c83f3ee0c535f904669ff982876e6f5ad20b57e6/wagon-http-lightweight-2.6.jar:/Users/raliclo/.gradle/caches/modules-2/files-2.1/org.jboss.shrinkwrap/shrinkwrap-impl-base/1.2.1/faaa23800cec50cde5fc7a28a99c29138df6f69a/shrinkwrap-impl-base-1.2.1.jar:/Users/raliclo/.gradle/caches/modules-2/files-2.1/org.jboss.shrinkwrap.resolver/shrinkwrap-resolver-spi-maven-archive/2.1.0/edc5861bf08f524cec1aaeca83101958f4883570/shrinkwrap-resolver-spi-maven-archive-2.1.0.jar:/Users/raliclo/.gradle/caches/modules-2/files-2.1/org.eclipse.sisu/org.eclipse.sisu.plexus/0.0.0.M5/8818cc5a4d2afde2fbc87c2a78cf1ebf5719a869/org.eclipse.sisu.plexus-0.0.0.M5.jar:/Users/raliclo/.gradle/caches/modules-2/files-2.1/org.codehaus.plexus/plexus-compiler-javac/2.3/df849db7e81b9e2d207699c6557d775f5d7d049c/plexus-compiler-javac-2.3.jar:/Users/raliclo/.gradle/caches/modules-2/files-2.1/org.apache.kerby/kerby-util/1.0.0-RC2/cc5069ca67d9fe1df3d3ad8d38a50d1d2a1b459e/kerby-util-1.0.0-RC2.jar:/Users/raliclo/.gradle/caches/modules-2/files-2.1/org.codehaus.groovy/groovy-swing/2.4.7/f5a2cdca4598ba59e9ab94d267bd20925ab368/groovy-swing-2.4.7.jar:/Users/raliclo/.gradle/caches/modules-2/files-2.1/org.codehaus.groovy/groovy-templates/2.4.7/3153f11ab70d65526109d9bcbe4f7b11f60b6fb6/groovy-templates-2.4.7.jar:/Users/raliclo/.gradle/caches/modules-2/files-2.1/org.jfree/jfreechart/1.0.17/5766f5838947395cd2503911d5fd0ffa4d6e257d/jfreechart-1.0.17.jar:/Users/raliclo/.gradle/caches/modules-2/files-2.1/org.scala-lang.modules/scala-swing_2.11/1.0.1/b1cdd92bd47b1e1837139c1c53020e86bb9112ae/scala-swing_2.11-1.0.1.jar:/Users/raliclo/.gradle/caches/modules-2/files-2.1/org.jboss.arquillian.config/arquillian-config-api/1.1.11.Final/76166fce63c8555a7be27316b5b6a681404e4662/arquillian-config-api-1.1.11.Final.jar:/Users/raliclo/.gradle/caches/modules-2/files-2.1/org.arquillian.extension/arquillian-recorder-spi/1.1.2.Final/dba9e5a0d9e3995d8e333e97aa63627a3cbeb47a/arquillian-recorder-spi-1.1.2.Final.jar:/Users/raliclo/.gradle/caches/modules-2/files-2.1/org.eclipse.persistence/org.eclipse.persistence.core/2.5.1/edd943f941862f5407a0fdc762262271721994a4/org.eclipse.persistence.core-2.5.1.jar:/Users/raliclo/.gradle/caches/modules-2/files-2.1/org.eclipse.persistence/org.eclipse.persistence.antlr/2.5.1/7c230146738b780aab36973197294b4d55aecd2e/org.eclipse.persistence.antlr-2.5.1.jar:/Users/raliclo/.gradle/caches/modules-2/files-2.1/org.codehaus.plexus/plexus-component-annotations/1.5.5/c72f2660d0cbed24246ddb55d7fdc4f7374d2078/plexus-component-annotations-1.5.5.jar:/Users/raliclo/.gradle/caches/modules-2/files-2.1/org.sonatype.plexus/plexus-cipher/1.4/50ade46f23bb38cd984b4ec560c46223432aac38/plexus-cipher-1.4.jar:/Users/raliclo/.gradle/caches/modules-2/files-2.1/org.apache.maven.wagon/wagon-http-shared/2.6/81e12a1d6cf896f1181b0d00c6e0b41be9767358/wagon-http-shared-2.6.jar:/Users/raliclo/.gradle/caches/modules-2/files-2.1/org.jboss.shrinkwrap/shrinkwrap-spi/1.2.1/fd0a88257480450ceba714e0e1258112db4916a6/shrinkwrap-spi-1.2.1.jar:/Users/raliclo/.gradle/caches/modules-2/files-2.1/org.sonatype.sisu/sisu-guice/3.1.0/97c87d15d749c86b2be1b9809b28321a1d926c7f/sisu-guice-3.1.0-no_aop.jar:/Users/raliclo/.gradle/caches/modules-2/files-2.1/org.eclipse.sisu/org.eclipse.sisu.inject/0.0.0.M5/4f6bda3f528c60a12e70db2e7a3feee539dcc8cd/org.eclipse.sisu.inject-0.0.0.M5.jar:/Users/raliclo/.gradle/caches/modules-2/files-2.1/org.codehaus.plexus/plexus-compiler-api/2.3/a288dca07330a2faee3905498fe143c63994dd55/plexus-compiler-api-2.3.jar:/Users/raliclo/.gradle/caches/modules-2/files-2.1/org.codehaus.groovy/groovy-xml/2.4.7/864b9dc44fb0e05f329fad473e8b4df172f1b48f/groovy-xml-2.4.7.jar:/Users/raliclo/.gradle/caches/modules-2/files-2.1/org.jfree/jcommon/1.0.21/e354d6663dd3695bef264d95586fde66505492d9/jcommon-1.0.21.jar:/Users/raliclo/.gradle/caches/modules-2/files-2.1/org.jboss.shrinkwrap.descriptors/shrinkwrap-descriptors-api-base/2.0.0-alpha-8/7f446d32e508ee54201c93318c72eef2ffb87e24/shrinkwrap-descriptors-api-base-2.0.0-alpha-8.jar:/Users/raliclo/.gradle/caches/modules-2/files-2.1/org.eclipse.persistence/org.eclipse.persistence.asm/2.5.1/ead0368c7fc4be2af6920a4d0df813a7a490e96d/org.eclipse.persistence.asm-2.5.1.jar:/Users/raliclo/.gradle/caches/modules-2/files-2.1/com.sun.jersey/jersey-core/1.19/9a0619e2c514a79b610f17cadaae619c0a08d6a6/jersey-core-1.19.jar:/Users/raliclo/.gradle/caches/modules-2/files-2.1/com.sun.jersey/jersey-json/1.19/12491ab748d2bee7be96629a749f361154e6705f/jersey-json-1.19.jar:/Users/raliclo/.gradle/caches/modules-2/files-2.1/com.sun.jersey/jersey-server/1.19/ee2ff839a65097eb12004edd909bcb4a97a2832c/jersey-server-1.19.jar:/Users/raliclo/.gradle/caches/modules-2/files-2.1/net.java.dev.jets3t/jets3t/0.9.0/792bc96ee7e57b89f472aa0cb5a31015b9f59c96/jets3t-0.9.0.jar:/Users/raliclo/.gradle/caches/modules-2/files-2.1/com.jamesmurty.utils/java-xmlbuilder/0.4/ac5962e48cdee3a0a6e1f8e00fcb594747ac5aaf/java-xmlbuilder-0.4.jar:/Users/raliclo/.gradle/caches/modules-2/files-2.1/io.netty/netty/3.10.5.Final/9ca7d55d246092bddd29b867706e2f6c7db701a0/netty-3.10.5.Final.jar:/Users/raliclo/.gradle/caches/modules-2/files-2.1/org.apache.commons/commons-math3/3.4.1/3ac44a8664228384bc68437264cf7c4cf112f579/commons-math3-3.4.1.jar:/Users/raliclo/.gradle/caches/modules-2/files-2.1/com.google.code.findbugs/jsr305/3.0.1/f7be08ec23c21485b9b5a1cf1654c2ec8c58168d/jsr305-3.0.1.jar:/Users/raliclo/.gradle/caches/modules-2/files-2.1/commons-httpclient/commons-httpclient/3.1/964cd74171f427720480efdec40a7c7f6e58426a/commons-httpclient-3.1.jar:/Users/raliclo/.gradle/caches/modules-2/files-2.1/org.codehaus.jackson/jackson-mapper-asl/1.9.13/1ee2f2bed0e5dd29d1cb155a166e6f8d50bbddb7/jackson-mapper-asl-1.9.13.jar:/Users/raliclo/.gradle/caches/modules-2/files-2.1/com.google.protobuf/protobuf-java/2.6.1/d9521f2aecb909835746b7a5facf612af5e890e8/protobuf-java-2.6.1.jar:/Users/raliclo/.gradle/caches/modules-2/files-2.1/org.xerial.snappy/snappy-java/1.1.2.6/48d92871ca286a47f230feb375f0bbffa83b85f6/snappy-java-1.1.2.6.jar:/Users/raliclo/.gradle/caches/modules-2/files-2.1/org.apache.commons/commons-compress/1.9/cc18955ff1e36d5abd39a14bfe82b19154330a34/commons-compress-1.9.jar:/Users/raliclo/.gradle/caches/modules-2/files-2.1/org.apache.commons/commons-lang3/3.4/5fe28b9518e58819180a43a850fbc0dd24b7c050/commons-lang3-3.4.jar:/Users/raliclo/.gradle/caches/modules-2/files-2.1/org.codehaus.jettison/jettison/1.3.8/6ad07db4f344d965455c237907f65420ced10ae1/jettison-1.3.8.jar:/Users/raliclo/.gradle/caches/modules-2/files-2.1/org.scala-lang/scala-compiler/2.12.1/73ba7c52af8bcaae57eba191f74e2a9a946a1049/scala-compiler-2.12.1.jar:/Users/raliclo/.gradle/caches/modules-2/files-2.1/org.scala-lang/scala-library/2.12.1/dd235d04037dc6f4b6090257872dd35359a563ce/scala-library-2.12.1.jar:/Users/raliclo/.gradle/caches/modules-2/files-2.1/org.scala-lang/scala-reflect/2.12.1/f6ae9e1c0204a3e92893d9a2188b276278f2074e/scala-reflect-2.12.1.jar:/Users/raliclo/.gradle/caches/modules-2/files-2.1/org.datanucleus/datanucleus-core/4.1.6/de3c18e5f39ee03bb4ed3756a0602f9cd4981308/datanucleus-core-4.1.6.jar:/Users/raliclo/.gradle/caches/modules-2/files-2.1/org.apache.calcite/calcite-core/1.6.0/24cc4f0d9bb570ab0bd25ec6cf07404372776277/calcite-core-1.6.0.jar:/Users/raliclo/.gradle/caches/modules-2/files-2.1/org.apache.calcite/calcite-linq4j/1.6.0/b98944ef8658da18c4c907a8bd8704cb8edb260e/calcite-linq4j-1.6.0.jar:/Users/raliclo/.gradle/caches/modules-2/files-2.1/net.hydromatic/eigenbase-properties/1.1.5/a941956b3a4664d0cf728ece06ba25cc2110a3aa/eigenbase-properties-1.1.5.jar:/Users/raliclo/.gradle/caches/modules-2/files-2.1/jline/jline/2.12/ce9062c6a125e0f9ad766032573c041ae8ecc986/jline-2.12.jar:/Users/raliclo/.gradle/caches/modules-2/files-2.1/org.apache.thrift/libthrift/0.9.3/8625e8f9b6f49b881fa5fd143172c2833df1ce47/libthrift-0.9.3.jar:/Users/raliclo/.gradle/caches/modules-2/files-2.1/org.apache.thrift/libfb303/0.9.3/5d1abb695642e88558f4e7e0d32aa1925a1fd0b7/libfb303-0.9.3.jar:/Users/raliclo/.gradle/caches/modules-2/files-2.1/tomcat/jasper-compiler/5.5.23/6d35bd7fb8c4fbc1f5401fb3678aa976d2e4c241/jasper-compiler-5.5.23.jar:/Users/raliclo/.gradle/caches/modules-2/files-2.1/javax.servlet/jsp-api/2.0/e6def06602b51b1d9be51f6c3fcdf163ecd01644/jsp-api-2.0.jar:/Users/raliclo/.gradle/caches/modules-2/files-2.1/tomcat/jasper-runtime/5.5.23/96ca5528a93ab47b001476b74320c644beb89dde/jasper-runtime-5.5.23.jar:/Users/raliclo/.gradle/caches/modules-2/files-2.1/org.apache.ant/ant-launcher/1.9.1/7c71043ca185eaada9e36391dd022d92859327de/ant-launcher-1.9.1.jar:/Users/raliclo/.gradle/caches/modules-2/files-2.1/org.apache.lucene/lucene-core/3.5.0/90ff0731fafb05c01fee4f2247140d56e9c30a3b/lucene-core-3.5.0.jar:/Users/raliclo/.gradle/caches/modules-2/files-2.1/io.netty/netty-resolver/4.1.7.Final/77734f94029b47887f6f9392d1fc62729e155aa/netty-resolver-4.1.7.Final.jar:/Users/raliclo/.gradle/caches/modules-2/files-2.1/io.netty/netty-codec-http/4.1.7.Final/9f957998c651e7b73d6dc878f704d81b4c085387/netty-codec-http-4.1.7.Final.jar:/Users/raliclo/.gradle/caches/modules-2/files-2.1/com.squareup.okio/okio/1.6.0/98476622f10715998eacf9240d6b479f12c66143/okio-1.6.0.jar:/Users/raliclo/.gradle/caches/modules-2/files-2.1/org.apache.commons/commons-math/2.2/4877b85d388275f994a5cfc7eceb73a8045d3006/commons-math-2.2.jar:/Users/raliclo/.gradle/caches/modules-2/files-2.1/org.glassfish.jersey.core/jersey-common/2.25.1/2438ce68d4907046095ab54aa83a6092951b4bbb/jersey-common-2.25.1.jar:/Users/raliclo/.gradle/caches/modules-2/files-2.1/org.glassfish.jersey.core/jersey-client/2.25.1/4d563b1f93352ee9fad597e9e1daf2c6159993c6/jersey-client-2.25.1.jar:/Users/raliclo/.gradle/caches/modules-2/files-2.1/org.glassfish.hk2/hk2-api/2.5.0-b32/6a576c9653832ce610b80a2f389374ef19d96171/hk2-api-2.5.0-b32.jar:/Users/raliclo/.gradle/caches/modules-2/files-2.1/org.glassfish.hk2/hk2-utils/2.5.0-b32/5108a926988c4ceda7f1e681dddfe3101454a002/hk2-utils-2.5.0-b32.jar:/Users/raliclo/.gradle/caches/modules-2/files-2.1/org.glassfish.hk2.external/aopalliance-repackaged/2.5.0-b32/6af37c3f8ec6f9e9653ec837eb508da28ce443cd/aopalliance-repackaged-2.5.0-b32.jar:/Users/raliclo/.gradle/caches/modules-2/files-2.1/org.glassfish.hk2.external/javax.inject/2.5.0-b32/b2fa50c8186a38728c35fe6a9da57ce4cc806923/javax.inject-2.5.0-b32.jar:/Users/raliclo/.gradle/caches/modules-2/files-2.1/org.glassfish.hk2/hk2-locator/2.5.0-b32/195474f8ad0a8d130e9ea949a771bcf1215fc33b/hk2-locator-2.5.0-b32.jar:/Users/raliclo/.gradle/caches/modules-2/files-2.1/commons-configuration/commons-configuration/1.10/2b36e4adfb66d966c5aef2d73deb6be716389dc9/commons-configuration-1.10.jar:/Users/raliclo/.gradle/caches/modules-2/files-2.1/org.bytedeco/javacpp/1.2.7/8f748f2db73bac1af3ffaf3b08380986f8f721f5/javacpp-1.2.7.jar:/Users/raliclo/.gradle/caches/modules-2/files-2.1/org.ow2.asm/asm/6.0_ALPHA/ceaedaebaf6b74e9092959285fbc66cfbc03e43b/asm-6.0_ALPHA.jar:/Users/raliclo/.gradle/caches/modules-2/files-2.1/net.minidev/json-smart/2.2.1/5b9e5df7a62d1279b70dc882b041d249c4f0b002/json-smart-2.2.1.jar:/Users/raliclo/.gradle/caches/modules-2/files-2.1/net.minidev/accessors-smart/1.1/a527213f2fea112a04c9bdf0ec0264e34104cd08/accessors-smart-1.1.jar:/Users/raliclo/.gradle/caches/modules-2/files-2.1/org.objenesis/objenesis/2.4/2916b6c96b50c5b3ec4452ed99401db745aabb27/objenesis-2.4.jar:/Users/raliclo/.gradle/caches/modules-2/files-2.1/io.netty/netty-codec/4.1.7.Final/b3ecd69e7ab0eb2054b26ad3efb13c34204ffe19/netty-codec-4.1.7.Final.jar:/Users/raliclo/.gradle/caches/modules-2/files-2.1/xerces/xercesImpl/2.11.0/9bb329db1cfc4e22462c9d6b43a8432f5850e92c/xercesImpl-2.11.0.jar:/Users/raliclo/.gradle/caches/modules-2/files-2.1/com.thoughtworks.paranamer/paranamer/2.8/619eba74c19ccf1da8ebec97a2d7f8ba05773dd6/paranamer-2.8.jar:/Users/raliclo/.gradle/caches/modules-2/files-2.1/org.scala-lang.modules/scala-xml_2.11/1.0.2/820fbca7e524b530fdadc594c39d49a21ea0337e/scala-xml_2.11-1.0.2.jar:/Users/raliclo/.gradle/caches/modules-2/files-2.1/org.glassfish.jersey.bundles.repackaged/jersey-guava/2.25.1/a2bb4f8208e134cf2cf71dfb8824e42942f7bd06/jersey-guava-2.25.1.jar:/Users/raliclo/.gradle/caches/modules-2/files-2.1/org.junit.platform/junit-platform-launcher/1.0.0-M3/86525f5274dee56f533f938f9aeae9a3716f8c4/junit-platform-launcher-1.0.0-M3.jar:/Users/raliclo/.gradle/caches/modules-2/files-2.1/org.junit.platform/junit-platform-console/1.0.0-M3/fec4071130bcec4081b868a59fa6cad47f11733/junit-platform-console-1.0.0-M3.jar"/>
<property name="java.class.version" value="52.0"/>
<property name="java.endorsed.dirs" value="/Library/Java/JavaVirtualMachines/jdk1.8.0_121.jdk/Contents/Home/jre/lib/endorsed"/>
<property name="java.ext.dirs" value="/Users/raliclo/Library/Java/Extensions:/Library/Java/JavaVirtualMachines/jdk1.8.0_121.jdk/Contents/Home/jre/lib/ext:/Library/Java/Extensions:/Network/Library/Java/Extensions:/System/Library/Java/Extensions:/usr/lib/java"/>
<property name="java.home" value="/Library/Java/JavaVirtualMachines/jdk1.8.0_121.jdk/Contents/Home/jre"/>
<property name="java.io.tmpdir" value="/var/folders/d6/lnrxqp194zn2c1g3_02j1pdh0000gn/T/"/>
<property name="java.library.path" value="/Users/raliclo/Library/Java/Extensions:/Library/Java/Extensions:/Network/Library/Java/Extensions:/System/Library/Java/Extensions:/usr/lib/java:."/>
<property name="java.runtime.name" value="Java(TM) SE Runtime Environment"/>
<property name="java.runtime.version" value="1.8.0_121-b13"/>
<property name="java.specification.name" value="Java Platform API Specification"/>
<property name="java.specification.vendor" value="Oracle Corporation"/>
<property name="java.specification.version" value="1.8"/>
<property name="java.vendor" value="Oracle Corporation"/>
<property name="java.vendor.url" value="http://java.oracle.com/"/>
<property name="java.vendor.url.bug" value="http://bugreport.sun.com/bugreport/"/>
<property name="java.version" value="1.8.0_121"/>
<property name="java.vm.info" value="mixed mode"/>
<property name="java.vm.name" value="Java HotSpot(TM) 64-Bit Server VM"/>
<property name="java.vm.specification.name" value="Java Virtual Machine Specification"/>
<property name="java.vm.specification.vendor" value="Oracle Corporation"/>
<property name="java.vm.specification.version" value="1.8"/>
<property name="java.vm.vendor" value="Oracle Corporation"/>
<property name="java.vm.version" value="25.121-b13"/>
<property name="line.separator" value="&#xa;"/>
<property name="org.jboss.logging.provider" value="slf4j"/>
<property name="os.arch" value="x86_64"/>
<property name="os.name" value="Mac OS X"/>
<property name="os.version" value="10.12.3"/>
<property name="path.separator" value=":"/>
<property name="socksNonProxyHosts" value="local|*.local|169.254/16|*.169.254/16"/>
<property name="spring.beaninfo.ignore" value="true"/>
<property name="sun.arch.data.model" value="64"/>
<property name="sun.boot.class.path" value="/Library/Java/JavaVirtualMachines/jdk1.8.0_121.jdk/Contents/Home/jre/lib/resources.jar:/Library/Java/JavaVirtualMachines/jdk1.8.0_121.jdk/Contents/Home/jre/lib/rt.jar:/Library/Java/JavaVirtualMachines/jdk1.8.0_121.jdk/Contents/Home/jre/lib/sunrsasign.jar:/Library/Java/JavaVirtualMachines/jdk1.8.0_121.jdk/Contents/Home/jre/lib/jsse.jar:/Library/Java/JavaVirtualMachines/jdk1.8.0_121.jdk/Contents/Home/jre/lib/jce.jar:/Library/Java/JavaVirtualMachines/jdk1.8.0_121.jdk/Contents/Home/jre/lib/charsets.jar:/Library/Java/JavaVirtualMachines/jdk1.8.0_121.jdk/Contents/Home/jre/lib/jfr.jar:/Library/Java/JavaVirtualMachines/jdk1.8.0_121.jdk/Contents/Home/jre/classes"/>
<property name="sun.boot.library.path" value="/Library/Java/JavaVirtualMachines/jdk1.8.0_121.jdk/Contents/Home/jre/lib"/>
<property name="sun.cpu.endian" value="little"/>
<property name="sun.cpu.isalist" value=""/>
<property name="sun.io.unicode.encoding" value="UnicodeBig"/>
<property name="sun.java.command" value="org.junit.platform.console.ConsoleLauncher --hide-details --scan-class-path /Users/raliclo/work/bak2/HackerRanks/IDEAs/build/classes/main:/Users/raliclo/work/bak2/HackerRanks/IDEAs/build/resources/main:/Users/raliclo/work/bak2/HackerRanks/IDEAs/build/classes/test:/Users/raliclo/work/bak2/HackerRanks/IDEAs/build/resources/test -n ^.*Tests?$ --reports-dir /Users/raliclo/work/bak2/HackerRanks/IDEAs/build/test-results/junit-platform"/>
<property name="sun.java.launcher" value="SUN_STANDARD"/>
<property name="sun.jnu.encoding" value="UTF-8"/>
<property name="sun.management.compiler" value="HotSpot 64-Bit Tiered Compilers"/>
<property name="sun.os.patch.level" value="unknown"/>
<property name="user.country" value="US"/>
<property name="user.dir" value="/Users/raliclo/work/bak2/HackerRanks/IDEAs"/>
<property name="user.home" value="/Users/raliclo"/>
<property name="user.language" value="en"/>
<property name="user.name" value="raliclo"/>
<property name="user.timezone" value="America/Los_Angeles"/>
<property name="user.variant" value=""/>
</properties>
<testcase name="myFirstTest()" classname="Java8_Tests.ClassTest.Junit5_JupiterTest" time="0.018">
<system-out><![CDATA[
unique-id: [engine:junit-jupiter]/[class:Java8_Tests.ClassTest.Junit5_JupiterTest]/[method:myFirstTest()]
display-name: myFirstTest()
]]></system-out>
</testcase>
<testcase name="testRestByJunit()" classname="org.raliclo.WordCountWeb.RestAPI.SpringJunit5.Spring_WordCountSite_JunitTest" time="17.808">
<system-out><![CDATA[
unique-id: [engine:junit-jupiter]/[class:org.raliclo.WordCountWeb.RestAPI.SpringJunit5.Spring_WordCountSite_JunitTest]/[method:testRestByJunit()]
display-name: testRestByJunit()
]]></system-out>
</testcase>
<system-out><![CDATA[
unique-id: [engine:junit-jupiter]
display-name: JUnit Jupiter
]]></system-out>
</testsuite>
