<?xml version='1.0' encoding='UTF-8'?>
<testsuite name="JUnit Jupiter" tests="2" skipped="0" failures="0" errors="1" time="21.716" hostname="tastypotinc.private" timestamp="2017-03-19T15:01:34">
<properties>
<property name="PID" value="23350"/>
<property name="awt.toolkit" value="sun.lwawt.macosx.LWCToolkit"/>
<property name="file.encoding" value="UTF-8"/>
<property name="file.encoding.pkg" value="sun.io"/>
<property name="file.separator" value="/"/>
<property name="gopherProxySet" value="false"/>
<property name="java.awt.graphicsenv" value="sun.awt.CGraphicsEnvironment"/>
<property name="java.awt.headless" value="true"/>
<property name="java.awt.printerjob" value="sun.lwawt.macosx.CPrinterJob"/>
<property name="java.class.path" value="/Users/raliclo/work/bak2/HackerRanks/IDEAs/build/classes/test:/Users/raliclo/work/bak2/HackerRanks/IDEAs/build/resources/test:/Users/raliclo/work/bak2/HackerRanks/IDEAs/build/classes/main:/Users/raliclo/work/bak2/HackerRanks/IDEAs/build/resources/main:/Users/raliclo/work/bak2/HackerRanks/IDEAs/libs/LeapSDK/lib/Leap.py:/Users/raliclo/work/bak2/HackerRanks/IDEAs/libs/LeapSDK/lib/LeapCSharp.NET3.5.dll:/Users/raliclo/work/bak2/HackerRanks/IDEAs/libs/LeapSDK/lib/LeapCSharp.NET4.0.dll:/Users/raliclo/work/bak2/HackerRanks/IDEAs/libs/LeapSDK/lib/LeapJava.jar:/Users/raliclo/work/bak2/HackerRanks/IDEAs/libs/LeapSDK/lib/LeapPython.so:/Users/raliclo/work/bak2/HackerRanks/IDEAs/libs/LeapSDK/lib/libLeap.dylib:/Users/raliclo/work/bak2/HackerRanks/IDEAs/libs/LeapSDK/lib/libLeapCSharp.dylib:/Users/raliclo/work/bak2/HackerRanks/IDEAs/libs/LeapSDK/lib/libLeapJava.dylib:/Users/raliclo/work/bak2/HackerRanks/IDEAs/libs/LeapSDK/lib/UnityAssets/Plugins/LeapCSharp.bundle/Contents/_CodeSignature/CodeResources:/Users/raliclo/work/bak2/HackerRanks/IDEAs/libs/LeapSDK/lib/UnityAssets/Plugins/LeapCSharp.bundle/Contents/Info.plist:/Users/raliclo/work/bak2/HackerRanks/IDEAs/libs/LeapSDK/lib/UnityAssets/Plugins/LeapCSharp.bundle/Contents/MacOS/libLeap.dylib:/Users/raliclo/work/bak2/HackerRanks/IDEAs/libs/LeapSDK/lib/UnityAssets/Plugins/LeapCSharp.bundle/Contents/MacOS/libLeapCSharp.dylib:/Users/raliclo/work/bak2/HackerRanks/IDEAs/libs/LeapSDK/lib/UnityAssets/Plugins/LeapCSharp.NET3.5.dll:/Users/raliclo/work/bak2/HackerRanks/IDEAs/libs/jaffer-0.06_Apple_AFP.jar:/Users/raliclo/work/bak2/HackerRanks/IDEAs/libs/piccolo2d-core-3.0.jar:/Users/raliclo/work/bak2/HackerRanks/IDEAs/libs/tess4j-3.3.0.jar:/Users/raliclo/work/bak2/HackerRanks/IDEAs/libs/spring-security-5.0.0.BUILD-SNAPSHOT/dist/spring-security-acl-5.0.0.BUILD-SNAPSHOT-javadoc.jar:/Users/raliclo/work/bak2/HackerRanks/IDEAs/libs/spring-security-5.0.0.BUILD-SNAPSHOT/dist/spring-security-acl-5.0.0.BUILD-SNAPSHOT-sources.jar:/Users/raliclo/work/bak2/HackerRanks/IDEAs/libs/spring-security-5.0.0.BUILD-SNAPSHOT/dist/spring-security-acl-5.0.0.BUILD-SNAPSHOT.jar:/Users/raliclo/work/bak2/HackerRanks/IDEAs/libs/spring-security-5.0.0.BUILD-SNAPSHOT/dist/spring-security-aspects-5.0.0.BUILD-SNAPSHOT-javadoc.jar:/Users/raliclo/work/bak2/HackerRanks/IDEAs/libs/spring-security-5.0.0.BUILD-SNAPSHOT/dist/spring-security-aspects-5.0.0.BUILD-SNAPSHOT-sources.jar:/Users/raliclo/work/bak2/HackerRanks/IDEAs/libs/spring-security-5.0.0.BUILD-SNAPSHOT/dist/spring-security-aspects-5.0.0.BUILD-SNAPSHOT.jar:/Users/raliclo/work/bak2/HackerRanks/IDEAs/libs/spring-security-5.0.0.BUILD-SNAPSHOT/dist/spring-security-cas-5.0.0.BUILD-SNAPSHOT-javadoc.jar:/Users/raliclo/work/bak2/HackerRanks/IDEAs/libs/spring-security-5.0.0.BUILD-SNAPSHOT/dist/spring-security-cas-5.0.0.BUILD-SNAPSHOT-sources.jar:/Users/raliclo/work/bak2/HackerRanks/IDEAs/libs/spring-security-5.0.0.BUILD-SNAPSHOT/dist/spring-security-cas-5.0.0.BUILD-SNAPSHOT.jar:/Users/raliclo/work/bak2/HackerRanks/IDEAs/libs/spring-security-5.0.0.BUILD-SNAPSHOT/dist/spring-security-config-5.0.0.BUILD-SNAPSHOT-javadoc.jar:/Users/raliclo/work/bak2/HackerRanks/IDEAs/libs/spring-security-5.0.0.BUILD-SNAPSHOT/dist/spring-security-config-5.0.0.BUILD-SNAPSHOT-sources.jar:/Users/raliclo/work/bak2/HackerRanks/IDEAs/libs/spring-security-5.0.0.BUILD-SNAPSHOT/dist/spring-security-config-5.0.0.BUILD-SNAPSHOT.jar:/Users/raliclo/work/bak2/HackerRanks/IDEAs/libs/spring-security-5.0.0.BUILD-SNAPSHOT/dist/spring-security-core-5.0.0.BUILD-SNAPSHOT-javadoc.jar:/Users/raliclo/work/bak2/HackerRanks/IDEAs/libs/spring-security-5.0.0.BUILD-SNAPSHOT/dist/spring-security-core-5.0.0.BUILD-SNAPSHOT-sources.jar:/Users/raliclo/work/bak2/HackerRanks/IDEAs/libs/spring-security-5.0.0.BUILD-SNAPSHOT/dist/spring-security-core-5.0.0.BUILD-SNAPSHOT.jar:/Users/raliclo/work/bak2/HackerRanks/IDEAs/libs/spring-security-5.0.0.BUILD-SNAPSHOT/dist/spring-security-crypto-5.0.0.BUILD-SNAPSHOT-javadoc.jar:/Users/raliclo/work/bak2/HackerRanks/IDEAs/libs/spring-security-5.0.0.BUILD-SNAPSHOT/dist/spring-security-crypto-5.0.0.BUILD-SNAPSHOT-sources.jar:/Users/raliclo/work/bak2/HackerRanks/IDEAs/libs/spring-security-5.0.0.BUILD-SNAPSHOT/dist/spring-security-crypto-5.0.0.BUILD-SNAPSHOT.jar:/Users/raliclo/work/bak2/HackerRanks/IDEAs/libs/spring-security-5.0.0.BUILD-SNAPSHOT/dist/spring-security-data-5.0.0.BUILD-SNAPSHOT-javadoc.jar:/Users/raliclo/work/bak2/HackerRanks/IDEAs/libs/spring-security-5.0.0.BUILD-SNAPSHOT/dist/spring-security-data-5.0.0.BUILD-SNAPSHOT-sources.jar:/Users/raliclo/work/bak2/HackerRanks/IDEAs/libs/spring-security-5.0.0.BUILD-SNAPSHOT/dist/spring-security-data-5.0.0.BUILD-SNAPSHOT.jar:/Users/raliclo/work/bak2/HackerRanks/IDEAs/libs/spring-security-5.0.0.BUILD-SNAPSHOT/dist/spring-security-ldap-5.0.0.BUILD-SNAPSHOT-javadoc.jar:/Users/raliclo/work/bak2/HackerRanks/IDEAs/libs/spring-security-5.0.0.BUILD-SNAPSHOT/dist/spring-security-ldap-5.0.0.BUILD-SNAPSHOT-sources.jar:/Users/raliclo/work/bak2/HackerRanks/IDEAs/libs/spring-security-5.0.0.BUILD-SNAPSHOT/dist/spring-security-ldap-5.0.0.BUILD-SNAPSHOT.jar:/Users/raliclo/work/bak2/HackerRanks/IDEAs/libs/spring-security-5.0.0.BUILD-SNAPSHOT/dist/spring-security-messaging-5.0.0.BUILD-SNAPSHOT-javadoc.jar:/Users/raliclo/work/bak2/HackerRanks/IDEAs/libs/spring-security-5.0.0.BUILD-SNAPSHOT/dist/spring-security-messaging-5.0.0.BUILD-SNAPSHOT-sources.jar:/Users/raliclo/work/bak2/HackerRanks/IDEAs/libs/spring-security-5.0.0.BUILD-SNAPSHOT/dist/spring-security-messaging-5.0.0.BUILD-SNAPSHOT.jar:/Users/raliclo/work/bak2/HackerRanks/IDEAs/libs/spring-security-5.0.0.BUILD-SNAPSHOT/dist/spring-security-openid-5.0.0.BUILD-SNAPSHOT-javadoc.jar:/Users/raliclo/work/bak2/HackerRanks/IDEAs/libs/spring-security-5.0.0.BUILD-SNAPSHOT/dist/spring-security-openid-5.0.0.BUILD-SNAPSHOT-sources.jar:/Users/raliclo/work/bak2/HackerRanks/IDEAs/libs/spring-security-5.0.0.BUILD-SNAPSHOT/dist/spring-security-openid-5.0.0.BUILD-SNAPSHOT.jar:/Users/raliclo/work/bak2/HackerRanks/IDEAs/libs/spring-security-5.0.0.BUILD-SNAPSHOT/dist/spring-security-remoting-5.0.0.BUILD-SNAPSHOT-javadoc.jar:/Users/raliclo/work/bak2/HackerRanks/IDEAs/libs/spring-security-5.0.0.BUILD-SNAPSHOT/dist/spring-security-remoting-5.0.0.BUILD-SNAPSHOT-sources.jar:/Users/raliclo/work/bak2/HackerRanks/IDEAs/libs/spring-security-5.0.0.BUILD-SNAPSHOT/dist/spring-security-remoting-5.0.0.BUILD-SNAPSHOT.jar:/Users/raliclo/work/bak2/HackerRanks/IDEAs/libs/spring-security-5.0.0.BUILD-SNAPSHOT/dist/spring-security-taglibs-5.0.0.BUILD-SNAPSHOT-javadoc.jar:/Users/raliclo/work/bak2/HackerRanks/IDEAs/libs/spring-security-5.0.0.BUILD-SNAPSHOT/dist/spring-security-taglibs-5.0.0.BUILD-SNAPSHOT-sources.jar:/Users/raliclo/work/bak2/HackerRanks/IDEAs/libs/spring-security-5.0.0.BUILD-SNAPSHOT/dist/spring-security-taglibs-5.0.0.BUILD-SNAPSHOT.jar:/Users/raliclo/work/bak2/HackerRanks/IDEAs/libs/spring-security-5.0.0.BUILD-SNAPSHOT/dist/spring-security-test-5.0.0.BUILD-SNAPSHOT-javadoc.jar:/Users/raliclo/work/bak2/HackerRanks/IDEAs/libs/spring-security-5.0.0.BUILD-SNAPSHOT/dist/spring-security-test-5.0.0.BUILD-SNAPSHOT-sources.jar:/Users/raliclo/work/bak2/HackerRanks/IDEAs/libs/spring-security-5.0.0.BUILD-SNAPSHOT/dist/spring-security-test-5.0.0.BUILD-SNAPSHOT.jar:/Users/raliclo/work/bak2/HackerRanks/IDEAs/libs/spring-security-5.0.0.BUILD-SNAPSHOT/dist/spring-security-web-5.0.0.BUILD-SNAPSHOT-javadoc.jar:/Users/raliclo/work/bak2/HackerRanks/IDEAs/libs/spring-security-5.0.0.BUILD-SNAPSHOT/dist/spring-security-web-5.0.0.BUILD-SNAPSHOT-sources.jar:/Users/raliclo/work/bak2/HackerRanks/IDEAs/libs/spring-security-5.0.0.BUILD-SNAPSHOT/dist/spring-security-web-5.0.0.BUILD-SNAPSHOT.jar:/Users/raliclo/work/bak2/HackerRanks/IDEAs/libs/spring-social-2.0.0.BUILD-SNAPSHOT/dist/spring-social-config-2.0.0.BUILD-SNAPSHOT-javadoc.jar:/Users/raliclo/work/bak2/HackerRanks/IDEAs/libs/spring-social-2.0.0.BUILD-SNAPSHOT/dist/spring-social-config-2.0.0.BUILD-SNAPSHOT-sources.jar:/Users/raliclo/work/bak2/HackerRanks/IDEAs/libs/spring-social-2.0.0.BUILD-SNAPSHOT/dist/spring-social-config-2.0.0.BUILD-SNAPSHOT.jar:/Users/raliclo/work/bak2/HackerRanks/IDEAs/libs/spring-social-2.0.0.BUILD-SNAPSHOT/dist/spring-social-core-2.0.0.BUILD-SNAPSHOT-javadoc.jar:/Users/raliclo/work/bak2/HackerRanks/IDEAs/libs/spring-social-2.0.0.BUILD-SNAPSHOT/dist/spring-social-core-2.0.0.BUILD-SNAPSHOT-sources.jar:/Users/raliclo/work/bak2/HackerRanks/IDEAs/libs/spring-social-2.0.0.BUILD-SNAPSHOT/dist/spring-social-core-2.0.0.BUILD-SNAPSHOT.jar:/Users/raliclo/work/bak2/HackerRanks/IDEAs/libs/spring-social-2.0.0.BUILD-SNAPSHOT/dist/spring-social-security-2.0.0.BUILD-SNAPSHOT-javadoc.jar:/Users/raliclo/work/bak2/HackerRanks/IDEAs/libs/spring-social-2.0.0.BUILD-SNAPSHOT/dist/spring-social-security-2.0.0.BUILD-SNAPSHOT-sources.jar:/Users/raliclo/work/bak2/HackerRanks/IDEAs/libs/spring-social-2.0.0.BUILD-SNAPSHOT/dist/spring-social-security-2.0.0.BUILD-SNAPSHOT.jar:/Users/raliclo/work/bak2/HackerRanks/IDEAs/libs/spring-social-2.0.0.BUILD-SNAPSHOT/dist/spring-social-web-2.0.0.BUILD-SNAPSHOT-javadoc.jar:/Users/raliclo/work/bak2/HackerRanks/IDEAs/libs/spring-social-2.0.0.BUILD-SNAPSHOT/dist/spring-social-web-2.0.0.BUILD-SNAPSHOT-sources.jar:/Users/raliclo/work/bak2/HackerRanks/IDEAs/libs/spring-social-2.0.0.BUILD-SNAPSHOT/dist/spring-social-web-2.0.0.BUILD-SNAPSHOT.jar:/Users/raliclo/work/bak2/HackerRanks/IDEAs/libs/spring-social-2.0.0.BUILD-SNAPSHOT/dist/spring-social-web-thymeleaf3-2.0.0.BUILD-SNAPSHOT-javadoc.jar:/Users/raliclo/work/bak2/HackerRanks/IDEAs/libs/spring-social-2.0.0.BUILD-SNAPSHOT/dist/spring-social-web-thymeleaf3-2.0.0.BUILD-SNAPSHOT-sources.jar:/Users/raliclo/work/bak2/HackerRanks/IDEAs/libs/spring-social-2.0.0.BUILD-SNAPSHOT/dist/spring-social-web-thymeleaf3-2.0.0.BUILD-SNAPSHOT.jar:/Users/raliclo/.gradle/caches/modules-2/files-2.1/org.antlr/antlr4/4.6/7144baaa80cf24cc0ac5158f26a2f38505acbde0/antlr4-4.6.jar:/Users/raliclo/.gradle/caches/modules-2/files-2.1/com.google.code.gson/gson/2.7/751f548c85fa49f330cecbb1875893f971b33c4e/gson-2.7.jar:/Users/raliclo/.gradle/caches/modules-2/files-2.1/com.google.guava/guava/21.0/3a3d111be1be1b745edfa7d91678a12d7ed38709/guava-21.0.jar:/Users/raliclo/.gradle/caches/modules-2/files-2.1/com.google.guava/guava-gwt/21.0/2def57e98fa0168e3177c4b25bb2962d17b09b01/guava-gwt-21.0.jar:/Users/raliclo/.gradle/caches/modules-2/files-2.1/com.google.guava/guava-tests/21.0/71f2a0be2bf1b2338a01791a798b4bc40f5ba641/guava-tests-21.0.jar:/Users/raliclo/.gradle/caches/modules-2/files-2.1/com.google.guava/guava-testlib/21.0/1ec77c45666cf17da76cd80725194148a8ffc440/guava-testlib-21.0.jar:/Users/raliclo/.gradle/caches/modules-2/files-2.1/org.javafxports/ios-sdk/8.60.7/2cc4c327c402343a26340cb0b9397c7c38a717fb/ios-sdk-8.60.7.zip:/Users/raliclo/.gradle/caches/modules-2/files-2.1/org.javafxports/dalvik-sdk/8.60.7/77788c231a33886319c4a9c3506c09c7dc0a7d7/dalvik-sdk-8.60.7.zip:/Users/raliclo/.gradle/caches/modules-2/files-2.1/org.javafxports/jfxdvk/8.60.7/6ab694c11920420d6e752b52e65ff0110a074034/jfxdvk-8.60.7.jar:/Users/raliclo/.gradle/caches/modules-2/files-2.1/ch.qos.logback/logback-classic/1.2.2/f81d1cb16fc384523de17ba46370d863bc2f691/logback-classic-1.2.2.jar:/Users/raliclo/.gradle/caches/modules-2/files-2.1/org.apache.tika/tika-core/1.14/afff8f1774994aa973ef90bc8d38ddf089b9d6d9/tika-core-1.14.jar:/Users/raliclo/.gradle/caches/modules-2/files-2.1/com.vaadin/vaadin-client/8.0.2/61bdf49ea3feec584910cd64f46c9172e6b84912/vaadin-client-8.0.2.jar:/Users/raliclo/.gradle/caches/modules-2/files-2.1/com.vaadin/vaadin-themes/8.0.2/91541ef937fabbb5954fbc7c2dd5c9ee45a2c7ec/vaadin-themes-8.0.2.jar:/Users/raliclo/.gradle/caches/modules-2/files-2.1/com.vaadin/vaadin-server/8.0.2/e667b2bdf7e392c2b73d42b73b26db9b77b6d12a/vaadin-server-8.0.2.jar:/Users/raliclo/.gradle/caches/modules-2/files-2.1/com.vaadin/vaadin-spring/2.0.0/28ba9b68a08ba6b5216e64b5727eaae6309c407/vaadin-spring-2.0.0.jar:/Users/raliclo/.gradle/caches/modules-2/files-2.1/io.vertx/vertx-core/3.3.3/515957df3ba4561b6c53497a6bc992d8d6f565c0/vertx-core-3.3.3.jar:/Users/raliclo/.gradle/caches/modules-2/files-2.1/com.fasterxml.jackson.core/jackson-core/2.8.5/60d059f5d2930ccd1ef03535b713fd9f933d1ba7/jackson-core-2.8.5.jar:/Users/raliclo/.gradle/caches/modules-2/files-2.1/com.fasterxml.jackson.core/jackson-databind/2.8.5/b3035f37e674c04dafe36a660c3815cc59f764e2/jackson-databind-2.8.5.jar:/Users/raliclo/.gradle/caches/modules-2/files-2.1/com.fasterxml.jackson.core/jackson-annotations/2.8.5/9d82ff47bc2c2d3b5b6a6618fe636782bbcd5b07/jackson-annotations-2.8.5.jar:/Users/raliclo/.gradle/caches/modules-2/files-2.1/org.seleniumhq.selenium/selenium-java/3.3.1/eeca9dd7cb20d8a98858ef51d675c57ca8ce9cb4/selenium-java-3.3.1.jar:/Users/raliclo/.gradle/caches/modules-2/files-2.1/org.seleniumhq.selenium/selenium-server/3.3.1/25dbe82f551e7791835b30f36d1f96241b349cbf/selenium-server-3.3.1.jar:/Users/raliclo/.gradle/caches/modules-2/files-2.1/org.seleniumhq.selenium/selenium-remote-driver/3.3.1/a5a6ce12cdc15544d2c81f97766fdcb4cdbe41b0/selenium-remote-driver-3.3.1.jar:/Users/raliclo/.gradle/caches/modules-2/files-2.1/org.seleniumhq.selenium/selenium-firefox-driver/3.3.1/45127aa054bbedcc39b637ea7240811b4d24ef6a/selenium-firefox-driver-3.3.1.jar:/Users/raliclo/.gradle/caches/modules-2/files-2.1/org.seleniumhq.selenium/selenium-support/3.3.1/af1390ac5f8282aac88d111ccdb6ff26f0fc6d37/selenium-support-3.3.1.jar:/Users/raliclo/.gradle/caches/modules-2/files-2.1/org.seleniumhq.selenium/selenium-ie-driver/3.3.1/1b376901c6fc2ac3bbe32677fba4c6ee7bd28818/selenium-ie-driver-3.3.1.jar:/Users/raliclo/.gradle/caches/modules-2/files-2.1/org.seleniumhq.selenium/selenium-chrome-driver/3.3.1/7f3cc4850d2bd72145a6deb54267050cad314297/selenium-chrome-driver-3.3.1.jar:/Users/raliclo/.gradle/caches/modules-2/files-2.1/org.seleniumhq.selenium/selenium-safari-driver/3.3.1/35a5faabe180f209b9ee024733c99c445f88909c/selenium-safari-driver-3.3.1.jar:/Users/raliclo/.gradle/caches/modules-2/files-2.1/org.seleniumhq.selenium/selenium-edge-driver/3.3.1/c1229659187677d66bf04f0786838fbd5a9605d6/selenium-edge-driver-3.3.1.jar:/Users/raliclo/.gradle/caches/modules-2/files-2.1/org.seleniumhq.selenium/selenium-iphone-driver/2.39.0/cb4e4cb5d66a92dce4884c8fd53e22e3052fd90/selenium-iphone-driver-2.39.0.jar:/Users/raliclo/.gradle/caches/modules-2/files-2.1/org.seleniumhq.selenium/selenium-android-driver/2.39.0/42fced997c7df37d97cad9ed44969a8a1e18369e/selenium-android-driver-2.39.0.jar:/Users/raliclo/.gradle/caches/modules-2/files-2.1/org.seleniumhq.selenium/selenium-htmlunit-driver/2.39.0/c1ad727d1335bb08fa36b89064526059faac52c2/selenium-htmlunit-driver-2.39.0.jar:/Users/raliclo/.gradle/caches/modules-2/files-2.1/com.codeborne/phantomjsdriver/1.4.1/652a6c6d42a00e1dbd5cf05d35b0e690c3621824/phantomjsdriver-1.4.1.jar:/Users/raliclo/.gradle/caches/modules-2/files-2.1/com.machinepublishers/jbrowserdriver/0.17.1/66da64c53ba0af41efeb89a8662a3d06ca6a8bc3/jbrowserdriver-0.17.1.jar:/Users/raliclo/.gradle/caches/modules-2/files-2.1/mysql/mysql-connector-java/6.0.6/1d19b184dbc596008cc71c83596f051c3ec4097f/mysql-connector-java-6.0.6.jar:/Users/raliclo/.gradle/caches/modules-2/files-2.1/org.springframework/spring-test/5.0.0.BUILD-SNAPSHOT/923cef3d4637c91e3d24d449e4e5f13de4bdbe2d/spring-test-5.0.0.BUILD-SNAPSHOT.jar:/Users/raliclo/.gradle/caches/modules-2/files-2.1/org.springframework/spring-core/5.0.0.BUILD-SNAPSHOT/a48be7e874526eba3f672bb8de05a0544d6ce434/spring-core-5.0.0.BUILD-SNAPSHOT.jar:/Users/raliclo/.gradle/caches/modules-2/files-2.1/org.springframework/spring-beans/5.0.0.BUILD-SNAPSHOT/148d5ae0a76bf432fbdf9f55c2ad8993597ddea5/spring-beans-5.0.0.BUILD-SNAPSHOT.jar:/Users/raliclo/.gradle/caches/modules-2/files-2.1/org.springframework/spring-context/5.0.0.BUILD-SNAPSHOT/45f31b868827c141e565e3b213fd0e873d6222e2/spring-context-5.0.0.BUILD-SNAPSHOT.jar:/Users/raliclo/.gradle/caches/modules-2/files-2.1/org.springframework/spring-expression/5.0.0.BUILD-SNAPSHOT/381468a28db1bb472a8df0b8df4289e163ff9a36/spring-expression-5.0.0.BUILD-SNAPSHOT.jar:/Users/raliclo/.gradle/caches/modules-2/files-2.1/org.springframework/spring-tx/5.0.0.BUILD-SNAPSHOT/3ccab6ca34c203705ffc834e79b04bb12714369f/spring-tx-5.0.0.BUILD-SNAPSHOT.jar:/Users/raliclo/.gradle/caches/modules-2/files-2.1/org.springframework/spring-oxm/5.0.0.BUILD-SNAPSHOT/6a1e843ff42b42b611d3417d3d84a87a93914e4a/spring-oxm-5.0.0.BUILD-SNAPSHOT.jar:/Users/raliclo/.gradle/caches/modules-2/files-2.1/org.springframework/spring-web/5.0.0.BUILD-SNAPSHOT/1e3871e9e46b82785307bc3637d924fe1085644/spring-web-5.0.0.BUILD-SNAPSHOT.jar:/Users/raliclo/.gradle/caches/modules-2/files-2.1/org.springframework/spring-webmvc/5.0.0.BUILD-SNAPSHOT/92975e3804ac61e969d17313d52ffb602d972bba/spring-webmvc-5.0.0.BUILD-SNAPSHOT.jar:/Users/raliclo/.gradle/caches/modules-2/files-2.1/org.springframework/spring-web-reactive/5.0.0.BUILD-SNAPSHOT/92e04c99ebc1c5954afde4854dc7d34e78a8c905/spring-web-reactive-5.0.0.BUILD-SNAPSHOT.jar:/Users/raliclo/.gradle/caches/modules-2/files-2.1/org.springframework/spring-websocket/5.0.0.BUILD-SNAPSHOT/472394fc7dc05c804b2ed570d6791bfe1073d5ff/spring-websocket-5.0.0.BUILD-SNAPSHOT.jar:/Users/raliclo/.gradle/caches/modules-2/files-2.1/org.springframework/spring-orm/5.0.0.BUILD-SNAPSHOT/a573209624c2c076c7f49a1edd9817da637d06b8/spring-orm-5.0.0.BUILD-SNAPSHOT.jar:/Users/raliclo/.gradle/caches/modules-2/files-2.1/org.springframework.data/spring-data-commons/2.0.0.BUILD-SNAPSHOT/222c357cfdcbbe8b03fb3ad5e51644c71e05ccea/spring-data-commons-2.0.0.BUILD-SNAPSHOT.jar:/Users/raliclo/.gradle/caches/modules-2/files-2.1/org.springframework.data/spring-data-jdbc-core/2.0.0.BUILD-SNAPSHOT/1f17f576852afe0c3aded23024ff50a02a7144f8/spring-data-jdbc-core-2.0.0.BUILD-SNAPSHOT.jar:/Users/raliclo/.gradle/caches/modules-2/files-2.1/org.springframework.data/spring-data-elasticsearch/3.0.0.BUILD-SNAPSHOT/e3db5fb6cbf54c02d6a8928180964fc8e26f0950/spring-data-elasticsearch-3.0.0.BUILD-SNAPSHOT.jar:/Users/raliclo/.gradle/caches/modules-2/files-2.1/org.springframework.data/spring-data-ldap/2.0.0.BUILD-SNAPSHOT/c6fa714e7bab7c633202bb34ef49c1c317c9b515/spring-data-ldap-2.0.0.BUILD-SNAPSHOT.jar:/Users/raliclo/.gradle/caches/modules-2/files-2.1/org.springframework.data/spring-data-solr/2.0.0.BUILD-SNAPSHOT/7b731787a41aac2d460dec891b99ab279b6ce87b/spring-data-solr-2.0.0.BUILD-SNAPSHOT.jar:/Users/raliclo/.gradle/caches/modules-2/files-2.1/org.springframework.data/spring-data-keyvalue/2.0.0.BUILD-SNAPSHOT/ebba94f8a0e2d21500fc4e5383576d57fa332ea9/spring-data-keyvalue-2.0.0.BUILD-SNAPSHOT.jar:/Users/raliclo/.gradle/caches/modules-2/files-2.1/org.springframework.data/spring-data-redis/2.0.0.BUILD-SNAPSHOT/3487bb5b5915266d8c24837a6bc2808cea350c0a/spring-data-redis-2.0.0.BUILD-SNAPSHOT.jar:/Users/raliclo/.gradle/caches/modules-2/files-2.1/org.springframework.data/spring-data-oracle/2.0.0.BUILD-SNAPSHOT/56022e5b6b3300e747f15aa4813b399d22beee81/spring-data-oracle-2.0.0.BUILD-SNAPSHOT.jar:/Users/raliclo/.gradle/caches/modules-2/files-2.1/org.springframework.data/spring-data-jpa/2.0.0.BUILD-SNAPSHOT/2269ae7f62e01dc7d88461815466178c9bcc821f/spring-data-jpa-2.0.0.BUILD-SNAPSHOT.jar:/Users/raliclo/.gradle/caches/modules-2/files-2.1/org.springframework.data/spring-data-hadoop/2.5.0.BUILD-SNAPSHOT/2178d4d71893edc9ec57f4a036f53fa53de5709b/spring-data-hadoop-2.5.0.BUILD-SNAPSHOT.jar:/Users/raliclo/.gradle/caches/modules-2/files-2.1/org.springframework.data/spring-data-hadoop-batch/2.5.0.BUILD-SNAPSHOT/ac5f513c73d90ac88eb426545b9375f1775fd844/spring-data-hadoop-batch-2.5.0.BUILD-SNAPSHOT.jar:/Users/raliclo/.gradle/caches/modules-2/files-2.1/org.springframework.data/spring-data-hadoop-boot/2.5.0.BUILD-SNAPSHOT/1e44b0495d48bda7539b69aeb8b141eecd1a66e2/spring-data-hadoop-boot-2.5.0.BUILD-SNAPSHOT.jar:/Users/raliclo/.gradle/caches/modules-2/files-2.1/org.springframework.data/spring-data-hadoop-hive/2.5.0.BUILD-SNAPSHOT/bc8b1e1834ce8f4f00325cbeb4430ef3a577a593/spring-data-hadoop-hive-2.5.0.BUILD-SNAPSHOT.jar:/Users/raliclo/.gradle/caches/modules-2/files-2.1/org.springframework.data/spring-data-hadoop-pig/2.5.0.BUILD-SNAPSHOT/a0980759b705e9e9d46b16ba75884651273b63ca/spring-data-hadoop-pig-2.5.0.BUILD-SNAPSHOT.jar:/Users/raliclo/.gradle/caches/modules-2/files-2.1/org.springframework.data/spring-data-hadoop-hbase/2.5.0.BUILD-SNAPSHOT/5492e63d65eb37291d9360e22af0277966eeaf7f/spring-data-hadoop-hbase-2.5.0.BUILD-SNAPSHOT.jar:/Users/raliclo/.gradle/caches/modules-2/files-2.1/org.springframework.data/spring-data-hadoop-config/2.5.0.BUILD-SNAPSHOT/c86245e0de70b433bdd281d19995e94ad90a6e1e/spring-data-hadoop-config-2.5.0.BUILD-SNAPSHOT.jar:/Users/raliclo/.gradle/caches/modules-2/files-2.1/org.springframework.data/spring-data-hadoop-spark/2.5.0.BUILD-SNAPSHOT/b3d307c86a6f54e03c8150722b732244ab23a6a7/spring-data-hadoop-spark-2.5.0.BUILD-SNAPSHOT.jar:/Users/raliclo/.gradle/caches/modules-2/files-2.1/org.springframework.data/spring-data-hadoop-sqoop2/2.5.0.BUILD-SNAPSHOT/62583fcf0a5ac38568d66a739310ec58adb543e/spring-data-hadoop-sqoop2-2.5.0.BUILD-SNAPSHOT.jar:/Users/raliclo/.gradle/caches/modules-2/files-2.1/org.springframework.data/spring-data-hadoop-util/2.5.0.BUILD-SNAPSHOT/e069f7e66e778b9009e07deb7cc959dade5ddffd/spring-data-hadoop-util-2.5.0.BUILD-SNAPSHOT.jar:/Users/raliclo/.gradle/caches/modules-2/files-2.1/org.springframework.data/spring-data-hadoop-cluster-tests/2.5.0.BUILD-SNAPSHOT/aa8ad547dc3937b7d67b371c739d8e42a059669d/spring-data-hadoop-cluster-tests-2.5.0.BUILD-SNAPSHOT.jar:/Users/raliclo/.gradle/caches/modules-2/files-2.1/org.springframework.data/spring-data-hadoop-build-tests/2.5.0.BUILD-SNAPSHOT/aa8ad547dc3937b7d67b371c739d8e42a059669d/spring-data-hadoop-build-tests-2.5.0.BUILD-SNAPSHOT.jar:/Users/raliclo/.gradle/caches/modules-2/files-2.1/org.springframework.webflow/spring-webflow/2.5.0.BUILD-SNAPSHOT/690966b8d72a965ed6962589fac6ac14d8e046c1/spring-webflow-2.5.0.BUILD-SNAPSHOT.jar:/Users/raliclo/.gradle/caches/modules-2/files-2.1/org.springframework.data/spring-data-rest-core/3.0.0.BUILD-SNAPSHOT/e804e67da999cdd6bf4051a2fabf7f5b11cf5813/spring-data-rest-core-3.0.0.BUILD-SNAPSHOT.jar:/Users/raliclo/.gradle/caches/modules-2/files-2.1/org.springframework.data/spring-data-rest-webmvc/3.0.0.BUILD-SNAPSHOT/53778645843701fb135f9b8bac137e1c0b0b187b/spring-data-rest-webmvc-3.0.0.BUILD-SNAPSHOT.jar:/Users/raliclo/.gradle/caches/modules-2/files-2.1/org.springframework.security/spring-security-ldap/5.0.0.BUILD-SNAPSHOT/6bad775da3a0844e8b540b9ffe8e3af454f18504/spring-security-ldap-5.0.0.BUILD-SNAPSHOT.jar:/Users/raliclo/.gradle/caches/modules-2/files-2.1/org.springframework.security/spring-security-acl/5.0.0.BUILD-SNAPSHOT/b7a33dcac5d93a264fcdc186fb9065c4f23d4f47/spring-security-acl-5.0.0.BUILD-SNAPSHOT.jar:/Users/raliclo/.gradle/caches/modules-2/files-2.1/org.springframework.security/spring-security-aspects/5.0.0.BUILD-SNAPSHOT/ee36d1ffcac4f1888ded9d92bb8277a75c00cdfc/spring-security-aspects-5.0.0.BUILD-SNAPSHOT.jar:/Users/raliclo/.gradle/caches/modules-2/files-2.1/org.springframework.security/spring-security-core/5.0.0.BUILD-SNAPSHOT/e04fdb8fa5c7637b542552d57db59b0d720b05ef/spring-security-core-5.0.0.BUILD-SNAPSHOT.jar:/Users/raliclo/.gradle/caches/modules-2/files-2.1/org.springframework.security/spring-security-web/5.0.0.BUILD-SNAPSHOT/4f536b94398fd9239ec4599ef16f05424af4abd4/spring-security-web-5.0.0.BUILD-SNAPSHOT.jar:/Users/raliclo/.gradle/caches/modules-2/files-2.1/org.springframework.security/spring-security-remoting/5.0.0.BUILD-SNAPSHOT/2b8267c59aad95e1d0d9f1a069b4155d3ac464d8/spring-security-remoting-5.0.0.BUILD-SNAPSHOT.jar:/Users/raliclo/.gradle/caches/modules-2/files-2.1/org.springframework.security/spring-security-cas/5.0.0.BUILD-SNAPSHOT/6f8675d6b7c3f13fb1b4a263aeaa95cb36357c6d/spring-security-cas-5.0.0.BUILD-SNAPSHOT.jar:/Users/raliclo/.gradle/caches/modules-2/files-2.1/org.springframework.security/spring-security-config/5.0.0.BUILD-SNAPSHOT/c7940a31ad6cb4fb036066130c7de39012049d8a/spring-security-config-5.0.0.BUILD-SNAPSHOT.jar:/Users/raliclo/.gradle/caches/modules-2/files-2.1/org.springframework.security/spring-security-crypto/5.0.0.BUILD-SNAPSHOT/99dd6cec13ac9e87f94d10a01376ab019657af76/spring-security-crypto-5.0.0.BUILD-SNAPSHOT.jar:/Users/raliclo/.gradle/caches/modules-2/files-2.1/org.springframework.security/spring-security-data/5.0.0.BUILD-SNAPSHOT/5699476d765f74c00025d1ff0b6c7423dc8dbda1/spring-security-data-5.0.0.BUILD-SNAPSHOT.jar:/Users/raliclo/.gradle/caches/modules-2/files-2.1/org.springframework.security/spring-security-openid/5.0.0.BUILD-SNAPSHOT/a9f4f6935c2e8fb66d06ce2a8af6d4eb7c2dcee9/spring-security-openid-5.0.0.BUILD-SNAPSHOT.jar:/Users/raliclo/.gradle/caches/modules-2/files-2.1/org.springframework.security/spring-security-messaging/5.0.0.BUILD-SNAPSHOT/d168023e575ec6faf67bae11955b3709995440bb/spring-security-messaging-5.0.0.BUILD-SNAPSHOT.jar:/Users/raliclo/.gradle/caches/modules-2/files-2.1/org.springframework.security/spring-security-taglibs/5.0.0.BUILD-SNAPSHOT/7c453b41e76db1ea6967a4dc3326ba2e66ae7b8a/spring-security-taglibs-5.0.0.BUILD-SNAPSHOT.jar:/Users/raliclo/.gradle/caches/modules-2/files-2.1/org.springframework.security/spring-security-4-jc/1.0.0-BUILD-SNAPSHOT/856852bfdfb7365736687290adf62ccbc0d3248b/spring-security-4-jc-1.0.0-BUILD-SNAPSHOT.war:/Users/raliclo/.gradle/caches/modules-2/files-2.1/org.springframework.security/spring-security-4-xml/1.0.0-BUILD-SNAPSHOT/d9d846ec2a94cb62c3bcb884ce377925e21720b7/spring-security-4-xml-1.0.0-BUILD-SNAPSHOT.war:/Users/raliclo/.gradle/caches/modules-2/files-2.1/org.springframework.security.kerberos/spring-security-kerberos-client/1.0.0.BUILD-SNAPSHOT/6f268e8dbb5f51d76244612f7c62688fc2a7f9d4/spring-security-kerberos-client-1.0.0.BUILD-SNAPSHOT.jar:/Users/raliclo/.gradle/caches/modules-2/files-2.1/org.springframework.security.kerberos/spring-security-kerberos-core/1.0.0.BUILD-SNAPSHOT/f558a7073f1e0cb587f58c4baf90448709068b45/spring-security-kerberos-core-1.0.0.BUILD-SNAPSHOT.jar:/Users/raliclo/.gradle/caches/modules-2/files-2.1/org.springframework.security.kerberos/spring-security-kerberos-test/1.0.0.BUILD-SNAPSHOT/12e672f33a942449fa06c9467e47a1e18d09549d/spring-security-kerberos-test-1.0.0.BUILD-SNAPSHOT.jar:/Users/raliclo/.gradle/caches/modules-2/files-2.1/org.springframework.security.kerberos/spring-security-kerberos-web/1.0.0.BUILD-SNAPSHOT/d48714d96e509e2f38de45299950e795ad6ed4af/spring-security-kerberos-web-1.0.0.BUILD-SNAPSHOT.jar:/Users/raliclo/.gradle/caches/modules-2/files-2.1/org.springframework.security.oauth/spring-security-oauth/2.1.1.BUILD-SNAPSHOT/ddb982d05e09e7f5128569185264bd18f3211ff9/spring-security-oauth-2.1.1.BUILD-SNAPSHOT.jar:/Users/raliclo/.gradle/caches/modules-2/files-2.1/org.springframework.security.oauth/spring-security-oauth2/2.1.1.BUILD-SNAPSHOT/430702b6a227a23564a423c517959beb2ca354b3/spring-security-oauth2-2.1.1.BUILD-SNAPSHOT.jar:/Users/raliclo/.gradle/caches/modules-2/files-2.1/org.springframework.security.oauth/sparklr2/2.1.1.BUILD-SNAPSHOT/2b2bbeaa8c3581c29f504db3ca0c2938d8c5bddb/sparklr2-2.1.1.BUILD-SNAPSHOT.war:/Users/raliclo/.gradle/caches/modules-2/files-2.1/org.springframework.security.oauth/tonr2/2.1.1.BUILD-SNAPSHOT/b358b139bd60cd4823dea85548f5d1971980de0b/tonr2-2.1.1.BUILD-SNAPSHOT.war:/Users/raliclo/.gradle/caches/modules-2/files-2.1/org.springframework.security/spring-security-test/5.0.0.BUILD-SNAPSHOT/37023304a0662a3c85958088aac188f8bc50af59/spring-security-test-5.0.0.BUILD-SNAPSHOT.jar:/Users/raliclo/.gradle/caches/modules-2/files-2.1/org.springframework.social/spring-social-facebook-web/3.0.0.BUILD-SNAPSHOT/413abd9b139692b9055e552ed0dcc4a77d35b521/spring-social-facebook-web-3.0.0.BUILD-SNAPSHOT.jar:/Users/raliclo/.gradle/caches/modules-2/files-2.1/org.springframework.social/spring-social-facebook/3.0.0.BUILD-SNAPSHOT/dcb1cdf669edd6cf82c36c154d4f00fb9598f90b/spring-social-facebook-3.0.0.BUILD-SNAPSHOT.jar:/Users/raliclo/.gradle/caches/modules-2/files-2.1/org.springframework.social/spring-social-linkedin/2.0.0.BUILD-SNAPSHOT/837952c4f7d541dae01a5796f9d5f66f653b7236/spring-social-linkedin-2.0.0.BUILD-SNAPSHOT.jar:/Users/raliclo/.gradle/caches/modules-2/files-2.1/org.springframework.social/spring-social-twitter/2.0.0.BUILD-SNAPSHOT/e95d18456f00c23116df06219d1f90ec602f98df/spring-social-twitter-2.0.0.BUILD-SNAPSHOT.jar:/Users/raliclo/.gradle/caches/modules-2/files-2.1/org.springframework.social/spring-social-core/2.0.0.BUILD-SNAPSHOT/b5f57279cd16cd95ef3af76e89826830748123af/spring-social-core-2.0.0.BUILD-SNAPSHOT.jar:/Users/raliclo/.gradle/caches/modules-2/files-2.1/org.springframework.social/spring-social-config/2.0.0.BUILD-SNAPSHOT/728d519b786a42cd787adfdb5b3d7a8ba50926c0/spring-social-config-2.0.0.BUILD-SNAPSHOT.jar:/Users/raliclo/.gradle/caches/modules-2/files-2.1/org.springframework.social/spring-social-security/2.0.0.BUILD-SNAPSHOT/39eba0a78c8c372d51e12ea6fe4e77eed200eba9/spring-social-security-2.0.0.BUILD-SNAPSHOT.jar:/Users/raliclo/.gradle/caches/modules-2/files-2.1/org.springframework.social/spring-social-web/2.0.0.BUILD-SNAPSHOT/da57ff58ff5cb2c7552a2ac54e770572dac57bb3/spring-social-web-2.0.0.BUILD-SNAPSHOT.jar:/Users/raliclo/.gradle/caches/modules-2/files-2.1/org.springframework.boot/spring-boot/2.0.0.BUILD-SNAPSHOT/ff54b5c121a0b03221ecb008fade098723e59e8f/spring-boot-2.0.0.BUILD-SNAPSHOT.jar:/Users/raliclo/.gradle/caches/modules-2/files-2.1/org.springframework.boot/spring-boot-starter/2.0.0.BUILD-SNAPSHOT/cd318f8b72cf3ea99c2ec3231ee04255d12a60f0/spring-boot-starter-2.0.0.BUILD-SNAPSHOT.jar:/Users/raliclo/.gradle/caches/modules-2/files-2.1/org.springframework.boot/spring-boot-starter-web/2.0.0.BUILD-SNAPSHOT/ba17535906d92c0594db78e091b4f01e2ec23c3b/spring-boot-starter-web-2.0.0.BUILD-SNAPSHOT.jar:/Users/raliclo/.gradle/caches/modules-2/files-2.1/org.springframework.boot/spring-boot-starter-data-jpa/2.0.0.BUILD-SNAPSHOT/3a6157ba09a44ca73c015fb0c5d5cdff3cdaa875/spring-boot-starter-data-jpa-2.0.0.BUILD-SNAPSHOT.jar:/Users/raliclo/.gradle/caches/modules-2/files-2.1/org.springframework.boot/spring-boot-starter-thymeleaf/2.0.0.BUILD-SNAPSHOT/143bb3bf5ec63d66bc845969d3575a7384fc4e09/spring-boot-starter-thymeleaf-2.0.0.BUILD-SNAPSHOT.jar:/Users/raliclo/.gradle/caches/modules-2/files-2.1/org.springframework.boot/spring-boot-starter-security/2.0.0.BUILD-SNAPSHOT/91aa189cfaf58578344c188a26bef67cb88c26b7/spring-boot-starter-security-2.0.0.BUILD-SNAPSHOT.jar:/Users/raliclo/.gradle/caches/modules-2/files-2.1/org.springframework.boot/spring-boot-starter-actuator/2.0.0.BUILD-SNAPSHOT/bd74598e5f3ece12a07232e472e78c79e45dc522/spring-boot-starter-actuator-2.0.0.BUILD-SNAPSHOT.jar:/Users/raliclo/.gradle/caches/modules-2/files-2.1/org.springframework.boot/spring-boot-configuration-processor/2.0.0.BUILD-SNAPSHOT/87c1f3661f2d7f07b4f9bb2087d693cab7e2842/spring-boot-configuration-processor-2.0.0.BUILD-SNAPSHOT.jar:/Users/raliclo/.gradle/caches/modules-2/files-2.1/org.springframework.boot/spring-boot-devtools/2.0.0.BUILD-SNAPSHOT/6a3e03931cc592b9870ef30cd255f22bae51a019/spring-boot-devtools-2.0.0.BUILD-SNAPSHOT.jar:/Users/raliclo/.gradle/caches/modules-2/files-2.1/org.springframework.boot/spring-boot-starter-test/2.0.0.BUILD-SNAPSHOT/4e914fadaf85bb2e24cd35507dd252f7e1684ec8/spring-boot-starter-test-2.0.0.BUILD-SNAPSHOT.jar:/Users/raliclo/.gradle/caches/modules-2/files-2.1/io.netty/netty-all/4.1.9.Final/97860965d6a0a6b98e7f569f3f966727b8db75/netty-all-4.1.9.Final.jar:/Users/raliclo/.gradle/caches/modules-2/files-2.1/org.eclipse.jetty/jetty-server/9.4.0.M1/6ec25572ac6a924faab2ef0678db88e8fe20d566/jetty-server-9.4.0.M1.jar:/Users/raliclo/.gradle/caches/modules-2/files-2.1/org.eclipse.jetty/jetty-servlet/9.4.0.M1/da7eefa29055e98596c5c195e299ff0b75b98a65/jetty-servlet-9.4.0.M1.jar:/Users/raliclo/.gradle/caches/modules-2/files-2.1/org.eclipse.jetty/jetty-util/9.4.0.M1/188c8182247afa0541e6c485399dd05a1dedaff0/jetty-util-9.4.0.M1.jar:/Users/raliclo/.gradle/caches/modules-2/files-2.1/org.eclipse.jetty/jetty-http/9.4.0.M1/45e126f45371b510361afb244d40b199fd29b633/jetty-http-9.4.0.M1.jar:/Users/raliclo/.gradle/caches/modules-2/files-2.1/javax.servlet/javax.servlet-api/4.0.0-b03/a5c1798943516b8913d162114cf3a4da24641524/javax.servlet-api-4.0.0-b03.jar:/Users/raliclo/.gradle/caches/modules-2/files-2.1/org.apache.hadoop/hadoop-test/1.2.1/5c52761bb3f74cdc5c0884d9913480e170ccbc33/hadoop-test-1.2.1.jar:/Users/raliclo/.gradle/caches/modules-2/files-2.1/org.apache.hadoop/hadoop-core/1.2.1/3e5874122a26a735162a380627210779b41bfd59/hadoop-core-1.2.1.jar:/Users/raliclo/.gradle/caches/modules-2/files-2.1/org.apache.hadoop/hadoop-tools/1.2.1/b08c16bd0448fbcadab67c4f8df837c094fdc91e/hadoop-tools-1.2.1.jar:/Users/raliclo/.gradle/caches/modules-2/files-2.1/org.apache.hadoop/hadoop-common/3.0.0-alpha2/99d2b4a71623755875cb04aa2269dea662afdd52/hadoop-common-3.0.0-alpha2.jar:/Users/raliclo/.gradle/caches/modules-2/files-2.1/org.apache.hadoop/hadoop-client/3.0.0-alpha2/9332bc7c202cb81de07b513cda23af1a22a63634/hadoop-client-3.0.0-alpha2.jar:/Users/raliclo/.gradle/caches/modules-2/files-2.1/org.apache.hadoop/hadoop-hdfs/3.0.0-alpha2/d309dee4de16208a743ad70f29d56ec85ff75f57/hadoop-hdfs-3.0.0-alpha2.jar:/Users/raliclo/.gradle/caches/modules-2/files-2.1/org.apache.hadoop/hadoop-annotations/3.0.0-alpha2/6663304e94f37eabedb1fc7500390f57d0e114ee/hadoop-annotations-3.0.0-alpha2.jar:/Users/raliclo/.gradle/caches/modules-2/files-2.1/org.apache.hadoop/hadoop-mapreduce-client-core/3.0.0-alpha2/56c6176bd782c9f90bf25608fde476afb3969253/hadoop-mapreduce-client-core-3.0.0-alpha2.jar:/Users/raliclo/.gradle/caches/modules-2/files-2.1/org.apache.hadoop/hadoop-mapreduce-client-common/3.0.0-alpha2/e16989210db192a65ed7d12ff58707bf2f6e3c8/hadoop-mapreduce-client-common-3.0.0-alpha2.jar:/Users/raliclo/.gradle/caches/modules-2/files-2.1/org.apache.hadoop/hadoop-mapreduce-client-jobclient/3.0.0-alpha2/d339bde8c9f4bd5d2321b3bd64fb99bcf7179510/hadoop-mapreduce-client-jobclient-3.0.0-alpha2.jar:/Users/raliclo/.gradle/caches/modules-2/files-2.1/org.apache.hadoop/hadoop-mapreduce-client-app/3.0.0-alpha2/fe46499192a3d500b06581293525a7fb4ea92b4c/hadoop-mapreduce-client-app-3.0.0-alpha2.jar:/Users/raliclo/.gradle/caches/modules-2/files-2.1/org.apache.hadoop/hadoop-mapreduce-client-shuffle/3.0.0-alpha2/c67bbe405068a22b4a3901a8b8c808572f51121c/hadoop-mapreduce-client-shuffle-3.0.0-alpha2.jar:/Users/raliclo/.gradle/caches/modules-2/files-2.1/org.apache.hadoop/hadoop-mapreduce-client-hs/3.0.0-alpha2/44e56e7fb687959266c393adce6694dce646bd12/hadoop-mapreduce-client-hs-3.0.0-alpha2.jar:/Users/raliclo/.gradle/caches/modules-2/files-2.1/org.apache.hadoop/hadoop-streaming/3.0.0-alpha2/ba333b675bc376184dbfd0815431f5317d74abb3/hadoop-streaming-3.0.0-alpha2.jar:/Users/raliclo/.gradle/caches/modules-2/files-2.1/org.apache.hadoop/hadoop-minikdc/3.0.0-alpha2/1b8010aee1111d2643733d96e83b0a99e51ef6a4/hadoop-minikdc-3.0.0-alpha2.jar:/Users/raliclo/.gradle/caches/modules-2/files-2.1/org.apache.hadoop/hadoop-yarn-common/3.0.0-alpha2/6032ef3eec49e27987a495a57cd8b42e6a0a35ba/hadoop-yarn-common-3.0.0-alpha2.jar:/Users/raliclo/.gradle/caches/modules-2/files-2.1/org.apache.hadoop/hadoop-yarn-api/3.0.0-alpha2/291798f10e292d8f20975413819bf79e0d18fec6/hadoop-yarn-api-3.0.0-alpha2.jar:/Users/raliclo/.gradle/caches/modules-2/files-2.1/org.apache.hadoop/hadoop-yarn-server-common/3.0.0-alpha2/ad251a2793c260e9a14d37dfa6d44a745f7aac2f/hadoop-yarn-server-common-3.0.0-alpha2.jar:/Users/raliclo/.gradle/caches/modules-2/files-2.1/org.apache.hadoop/hadoop-yarn-client/3.0.0-alpha2/73825547818d785e77096cd99a8129e87e00cc4a/hadoop-yarn-client-3.0.0-alpha2.jar:/Users/raliclo/.gradle/caches/modules-2/files-2.1/org.apache.hadoop/hadoop-yarn-server-web-proxy/3.0.0-alpha2/76811f96290da62cd9f13c64caa0ec45e521db00/hadoop-yarn-server-web-proxy-3.0.0-alpha2.jar:/Users/raliclo/.gradle/caches/modules-2/files-2.1/org.apache.hadoop/hadoop-yarn-server-nodemanager/3.0.0-alpha2/34b76d810e551c8647387e0c5debc2307c0e3274/hadoop-yarn-server-nodemanager-3.0.0-alpha2.jar:/Users/raliclo/.gradle/caches/modules-2/files-2.1/org.apache.hadoop/hadoop-yarn-server-resourcemanager/3.0.0-alpha2/48a29077469039997371bb0bbba2b2bca5a14604/hadoop-yarn-server-resourcemanager-3.0.0-alpha2.jar:/Users/raliclo/.gradle/caches/modules-2/files-2.1/org.apache.hadoop/hadoop-auth/3.0.0-alpha2/8fad0c2a28cada48e83ade96178dc6ed4af55937/hadoop-auth-3.0.0-alpha2.jar:/Users/raliclo/.gradle/caches/modules-2/files-2.1/org.apache.hadoop/hadoop-minicluster/3.0.0-alpha2/a93b06fe21cba842a4787bb4c8ca2b8f29300860/hadoop-minicluster-3.0.0-alpha2.jar:/Users/raliclo/.gradle/caches/modules-2/files-2.1/org.apache.hadoop/hadoop-yarn-server-tests/3.0.0-alpha2/f8836fa636fa026365f1284f5e8c848499af4329/hadoop-yarn-server-tests-3.0.0-alpha2.jar:/Users/raliclo/.gradle/caches/modules-2/files-2.1/org.apache.zookeeper/zookeeper/3.4.8/933ea2ed15e6a0e24b788973e3d128ff163c3136/zookeeper-3.4.8.jar:/Users/raliclo/.gradle/caches/modules-2/files-2.1/org.apache.geode/gemfire-core/1.0.0-incubating.M1/1837d18832237d3d34bedea28ef9fee66dbb9e1f/gemfire-core-1.0.0-incubating.M1.jar:/Users/raliclo/.gradle/caches/modules-2/files-2.1/org.apache.spark/spark-core_2.11/2.0.0/c4d04336c142f10eb7e172155f022f86b6d11dd3/spark-core_2.11-2.0.0.jar:/Users/raliclo/.gradle/caches/modules-2/files-2.1/org.apache.spark/spark-sql_2.11/2.0.0/8dc07912a0b64c8d7f8f787b1b9e580b6e3bf0b8/spark-sql_2.11-2.0.0.jar:/Users/raliclo/.gradle/caches/modules-2/files-2.1/org.apache.spark/spark-mllib_2.11/2.0.0/7ee6c09714a571e55a0ee588d023a25206785d1a/spark-mllib_2.11-2.0.0.jar:/Users/raliclo/.gradle/caches/modules-2/files-2.1/org.apache.spark/spark-streaming_2.11/2.0.0/7227cbd39f5952b0ed3579bc78463bcc318ecd2b/spark-streaming_2.11-2.0.0.jar:/Users/raliclo/.gradle/caches/modules-2/files-2.1/org.apache.spark/spark-hive_2.11/2.0.0/345f7e7871333f93272fc5ef35c0af93fe87f146/spark-hive_2.11-2.0.0.jar:/Users/raliclo/.gradle/caches/modules-2/files-2.1/org.apache.spark/spark-repl_2.11/2.0.0/5b44b03faafcc1be82963ebba11ce5038e53843a/spark-repl_2.11-2.0.0.jar:/Users/raliclo/.gradle/caches/modules-2/files-2.1/org.apache.spark/spark-unsafe_2.11/2.0.0/9f8682d4c83ce32f08fea067c2e22aaabca27d86/spark-unsafe_2.11-2.0.0.jar:/Users/raliclo/.gradle/caches/modules-2/files-2.1/org.apache.spark/spark-yarn_2.11/2.0.0/2b612fcda7b8780e62926bc63e900c662af58b6e/spark-yarn_2.11-2.0.0.jar:/Users/raliclo/.gradle/caches/modules-2/files-2.1/org.apache.spark/spark-graphx_2.11/2.0.0/130cd4e6d0b94e2f5857634475df79ec4a2640ff/spark-graphx_2.11-2.0.0.jar:/Users/raliclo/.gradle/caches/modules-2/files-2.1/org.apache.spark/spark-tags_2.11/2.0.0/7f84a46b1e60c1981e47cae05c462fed65217eff/spark-tags_2.11-2.0.0.jar:/Users/raliclo/.gradle/caches/modules-2/files-2.1/org.apache.spark/spark-test-tags_2.11/1.6.2/d1b6760a03ff8f01aaa56a9cdc38fa0c029aeae5/spark-test-tags_2.11-1.6.2.jar:/Users/raliclo/.gradle/caches/modules-2/files-2.1/org.apache.spark/spark-streaming-twitter_2.11/1.6.2/f18eed1e10aeb41e07610b6411901265f466d4c8/spark-streaming-twitter_2.11-1.6.2.jar:/Users/raliclo/.gradle/caches/modules-2/files-2.1/org.apache.spark/spark-streaming-kafka_2.11/1.6.2/dfe4bc0332e19bd9b13419a922fc68531a8d4f72/spark-streaming-kafka_2.11-1.6.2.jar:/Users/raliclo/.gradle/caches/modules-2/files-2.1/org.apache.spark/spark-bagel_2.11/1.6.2/baf46e8c5c7084cba641e327f950dfb76cf07d93/spark-bagel_2.11-1.6.2.jar:/Users/raliclo/.gradle/caches/modules-2/files-2.1/org.bitcoinj/bitcoinj-core/0.14.4/d8693bc4f37491616c2779b622dc32a10e3b55b3/bitcoinj-core-0.14.4.jar:/Users/raliclo/.gradle/caches/modules-2/files-2.1/org.apache.tinkerpop/hadoop-gremlin/3.2.4/3cc34c62b17588df0bd20d1adfb6e3a1d53846f2/hadoop-gremlin-3.2.4.jar:/Users/raliclo/.gradle/caches/modules-2/files-2.1/org.eclipse.californium/californium-core/2.0.0-M3/4eccce6805ff83034fbe0ed27640cd6f8f1b947f/californium-core-2.0.0-M3.jar:/Users/raliclo/.gradle/caches/modules-2/files-2.1/org.eclipse.leshan/leshan-all/1.0.0-M1/4c9dc696ef39e0044a4839054efc47efbcdf242/leshan-all-1.0.0-M1.jar:/Users/raliclo/.gradle/caches/modules-2/files-2.1/com.google.zxing/javase/3.3.0/1d0cd0280ea9919ca928df5a3752b6f6a645b00e/javase-3.3.0.jar:/Users/raliclo/.gradle/caches/modules-2/files-2.1/com.holdenkarau/spark-testing-base_2.11/2.1.0_0.6.0/b7ef3034afad213af984b91e0be9e3e962822b22/spark-testing-base_2.11-2.1.0_0.6.0.jar:/Users/raliclo/.gradle/caches/modules-2/files-2.1/org.apache.mesos/mesos/1.2.0/e51c528075beda0e785000673107b6b6b0e34d8a/mesos-1.2.0.jar:/Users/raliclo/.gradle/caches/modules-2/files-2.1/com.groupon.mesos/jesos/1.4/c867cd62a9b48830ba3bab639f4d386b6d86ba15/jesos-1.4.jar:/Users/raliclo/.gradle/caches/modules-2/files-2.1/org.alluxio/alluxio-core-client/1.4.0/8bc75f00dc5c2048548e9bfd6e0344cb1f25cc6a/alluxio-core-client-1.4.0.jar:/Users/raliclo/.gradle/caches/modules-2/files-2.1/org.alluxio/alluxio-examples/1.4.0/519cc124d251e844f0ae3d9ee37305bf8219f9ba/alluxio-examples-1.4.0.jar:/Users/raliclo/.gradle/caches/modules-2/files-2.1/org.apache.poi/poi/3.16-beta2/294765074e585068d83714e102b1e9396ff09863/poi-3.16-beta2.jar:/Users/raliclo/.gradle/caches/modules-2/files-2.1/org.apache.poi/poi-ooxml/3.16-beta2/5947d245b26ea8ea20efb46ae52ad92feea4970d/poi-ooxml-3.16-beta2.jar:/Users/raliclo/.gradle/caches/modules-2/files-2.1/org.apache.poi/poi-scratchpad/3.16-beta2/b5aa7cd7d563e5fbe2ba4da475031f571adb4dfc/poi-scratchpad-3.16-beta2.jar:/Users/raliclo/.gradle/caches/modules-2/files-2.1/org.deeplearning4j/deeplearning4j-core/0.8.0/295eb58620d30bab288b99483bc47eddd962b290/deeplearning4j-core-0.8.0.jar:/Users/raliclo/.gradle/caches/modules-2/files-2.1/org.nd4j/nd4j-native-platform/0.8.0/49dae6b0a32e26b440288c9eddc5447da59b50e5/nd4j-native-platform-0.8.0.jar:/Users/raliclo/.gradle/caches/modules-2/files-2.1/org.openpnp/opencv/2.4.11-2/bff3e6b1d339eb8fa6b4c3caf4f7f36946e0e54d/opencv-2.4.11-2.jar:/Users/raliclo/.gradle/caches/modules-2/files-2.1/org.bytedeco.javacpp-presets/opencv/3.1.0-1.2/2cbce052bcc7780513b3c54594ba13a370621154/opencv-3.1.0-1.2.jar:/Users/raliclo/.gradle/caches/modules-2/files-2.1/org.jmonkeyengine/jme3-core/3.1.0-stable/cfe061b23799eeda04adfcc01802c89b88a77f59/jme3-core-3.1.0-stable.jar:/Users/raliclo/.gradle/caches/modules-2/files-2.1/org.jogamp.jogl/oculusvr/2.3.2/fb84fee2bb4c3b91d241a881a6a70fece53ed75d/oculusvr-2.3.2.jar:/Users/raliclo/.gradle/caches/modules-2/files-2.1/com.gluonhq/maps/1.0.0/2b17192ee8faeb7d476dd17bbeeb2aa16853ff9a/maps-1.0.0.jar:/Users/raliclo/.gradle/caches/modules-2/files-2.1/commons-net/commons-net/3.6/b71de00508dcb078d2b24b5fa7e538636de9b3da/commons-net-3.6.jar:/Users/raliclo/.gradle/caches/modules-2/files-2.1/org.apache.commons/commons-email/1.4/3b3c527990f7f288a3a9b23a8c7307bbf7e75965/commons-email-1.4.jar:/Users/raliclo/.gradle/caches/modules-2/files-2.1/commons-io/commons-io/2.5/2852e6e05fbb95076fc091f6d1780f1f8fe35e0f/commons-io-2.5.jar:/Users/raliclo/.gradle/caches/modules-2/files-2.1/org.apache.commons/commons-collections4/4.1/a4cf4688fe1c7e3a63aa636cc96d013af537768e/commons-collections4-4.1.jar:/Users/raliclo/.gradle/caches/modules-2/files-2.1/joda-time/joda-time/2.9.4/1c295b462f16702ebe720bbb08f62e1ba80da41b/joda-time-2.9.4.jar:/Users/raliclo/.gradle/caches/modules-2/files-2.1/com.h2database/h2/1.4.192/1106492605db135523d2817881cdf029d9292afa/h2-1.4.192.jar:/Users/raliclo/.gradle/caches/modules-2/files-2.1/org.apache.camel/camel-core/2.18.2/ddf39223d206a7661936145c6af6db6ef1f12cd5/camel-core-2.18.2.jar:/Users/raliclo/.gradle/caches/modules-2/files-2.1/org.apache.camel/camel-cdi/2.18.2/7f8b0e214cc068a262cde95b8da6f142791c5ace/camel-cdi-2.18.2.jar:/Users/raliclo/.gradle/caches/modules-2/files-2.1/org.apache.camel/camel-test/2.18.2/e082213ac719a40eb0f619399c1ae681fdbe08fe/camel-test-2.18.2.jar:/Users/raliclo/.gradle/caches/modules-2/files-2.1/org.apache.camel/camel-spring-boot/2.18.2/5bfd05f880dc82acab50ac65d6f7593403c48d8d/camel-spring-boot-2.18.2.jar:/Users/raliclo/.gradle/caches/modules-2/files-2.1/org.apache.camel/camel-jetty/2.18.2/2830249b8067a2cf090f8792a6ff1744f9a9ac6e/camel-jetty-2.18.2.jar:/Users/raliclo/.gradle/caches/modules-2/files-2.1/org.apache.camel/camel-xstream/2.18.2/21e089232bd41efebed2251969b9013d22f728c/camel-xstream-2.18.2.jar:/Users/raliclo/.gradle/caches/modules-2/files-2.1/org.apache.camel/camel-jackson/2.18.2/e61fa0a601674da5849bcc081a290469e847ab17/camel-jackson-2.18.2.jar:/Users/raliclo/.gradle/caches/modules-2/files-2.1/org.apache.camel/camel-mail/2.18.2/be8a8227aa3e4b9881a718737a73b29e31f5f36e/camel-mail-2.18.2.jar:/Users/raliclo/.gradle/caches/modules-2/files-2.1/org.jsoup/jsoup/1.10.2/33ee82e324f4b1e40167f3dc5e01234a1c5cab61/jsoup-1.10.2.jar:/Users/raliclo/.gradle/caches/modules-2/files-2.1/org.hibernate/hibernate-core/5.2.8.Final/536e380bb49cf5e5ac7bcb017a1d46b5183af2f6/hibernate-core-5.2.8.Final.jar:/Users/raliclo/.gradle/caches/modules-2/files-2.1/org.slf4j/slf4j-api/1.7.22/a1c83373863cec7ae8d89dc1c5722d8cb6ec0309/slf4j-api-1.7.22.jar:/Users/raliclo/.gradle/caches/modules-2/files-2.1/org.apache.logging.log4j/log4j-api/2.7/8de00e382a817981b737be84cb8def687d392963/log4j-api-2.7.jar:/Users/raliclo/.gradle/caches/modules-2/files-2.1/org.apache.logging.log4j/log4j-core/2.7/a3f2b4e64c61a7fc1ed8f1e5ba371933404ed98a/log4j-core-2.7.jar:/Users/raliclo/.gradle/caches/modules-2/files-2.1/net.sourceforge.lept4j/lept4j/1.3.0/850a909d0f21030574d9e1511aa183d4bc152b63/lept4j-1.3.0.jar:/Users/raliclo/.gradle/caches/modules-2/files-2.1/com.github.jai-imageio/jai-imageio-core/1.3.1/300f3f0dedfca37b3278991f9397354971b37156/jai-imageio-core-1.3.1.jar:/Users/raliclo/.gradle/caches/modules-2/files-2.1/org.scala-lang/scalap/2.12.1/13ebecaf30ca84c508a6f6a80527a3236926d08b/scalap-2.12.1.jar:/Users/raliclo/.gradle/caches/modules-2/files-2.1/org.apache.kafka/kafka_2.11/0.10.1.1/f7324d1cb2bca7c62a263e746706029ed980f153/kafka_2.11-0.10.1.1.jar:/Users/raliclo/.gradle/caches/modules-2/files-2.1/org.apache.kafka/kafka_2.12/0.10.1.1/dd8cef8c26183876c177e5c8cb1357d9817527fd/kafka_2.12-0.10.1.1.jar:/Users/raliclo/.gradle/caches/modules-2/files-2.1/org.apache.kafka/kafka-streams/0.10.1.1/6de98d611afa88a112a25099e36e39a673f69e77/kafka-streams-0.10.1.1.jar:/Users/raliclo/.gradle/caches/modules-2/files-2.1/org.apache.kafka/kafka-examples/0.10.1.1/92f421f2b3ab9f54ec04a77ed0b46fd521ea3002/kafka-examples-0.10.1.1.jar:/Users/raliclo/.gradle/caches/modules-2/files-2.1/org.apache.kafka/kafka-tools/0.10.1.1/cc813f85b4b9845516092ac35668296d565036ae/kafka-tools-0.10.1.1.jar:/Users/raliclo/.gradle/caches/modules-2/files-2.1/org.apache.kafka/kafka-log4j-appender/0.10.1.1/fb0dbc5c51c7a7907ff90802e63528b7c055e916/kafka-log4j-appender-0.10.1.1.jar:/Users/raliclo/.gradle/caches/modules-2/files-2.1/org.apache.kafka/kafka-clients/0.10.1.1/52f03b809c26f9676ddfcf130f13c80dfc929b98/kafka-clients-0.10.1.1.jar:/Users/raliclo/.gradle/caches/modules-2/files-2.1/org.apache.kafka/connect-api/0.10.1.1/e6b9d4d989e77863d3ec677d5119ee7376b56a4d/connect-api-0.10.1.1.jar:/Users/raliclo/.gradle/caches/modules-2/files-2.1/org.apache.kafka/connect-json/0.10.1.1/11b0545a695989182ee3672d1ccbf525a8f1be8f/connect-json-0.10.1.1.jar:/Users/raliclo/.gradle/caches/modules-2/files-2.1/org.apache.kafka/connect-file/0.10.1.1/f68fda2e99af9c705b5340e44db82725310f665/connect-file-0.10.1.1.jar:/Users/raliclo/.gradle/caches/modules-2/files-2.1/org.apache.kafka/connect-runtime/0.10.1.1/e3036b4894df4dd7e5bd116d36cfd8d2b3b18d82/connect-runtime-0.10.1.1.jar:/Users/raliclo/.gradle/caches/modules-2/files-2.1/org.apache.kafka/kafka-streams-examples/0.10.1.1/337de74e4af6189b7e019f65af958edeeff0459/kafka-streams-examples-0.10.1.1.jar:/Users/raliclo/.gradle/caches/modules-2/files-2.1/org.apache.pdfbox/pdfbox/2.0.4/c7bf210f3272838d5fac09a40f752e0cd866fccf/pdfbox-2.0.4.jar:/Users/raliclo/.gradle/caches/modules-2/files-2.1/com.itextpdf/itextpdf/5.5.10/6b7f922b3aeb46d5b23a108430042f371616e768/itextpdf-5.5.10.jar:/Users/raliclo/.gradle/caches/modules-2/files-2.1/org.apache.avro/avro/1.8.1/f4e11d00055760dca33daab193192bd75cc87b59/avro-1.8.1.jar:/Users/raliclo/.gradle/caches/modules-2/files-2.1/org.apache.orc/orc-core/1.3.3/bde21ddfbedce43168978c021184323c4de39fac/orc-core-1.3.3.jar:/Users/raliclo/.gradle/caches/modules-2/files-2.1/org.apache.orc/orc-tools/1.3.3/a576f3d36212f05834ebabad12260e77444f6aba/orc-tools-1.3.3.jar:/Users/raliclo/.gradle/caches/modules-2/files-2.1/org.apache.orc/orc-mapreduce/1.3.3/755fdcc8ae3fa9e742d4bfe8ce2f3a5fd99aa5be/orc-mapreduce-1.3.3.jar:/Users/raliclo/.gradle/caches/modules-2/files-2.1/com.twitter/parquet-format/2.2.0/df2f9943d5a0abf439705799c149f73e2d8749fa/parquet-format-2.2.0.jar:/Users/raliclo/.gradle/caches/modules-2/files-2.1/org.apache.ignite/ignite-core/1.9.0/2cfa6301fc4aec3f2342cf88d24b84b5c2b730da/ignite-core-1.9.0.jar:/Users/raliclo/.gradle/caches/modules-2/files-2.1/org.apache.ignite/ignite-mesos/1.9.0/505ce95e5e8fe67814f9174fadab4ed13e907c12/ignite-mesos-1.9.0.jar:/Users/raliclo/.gradle/caches/modules-2/files-2.1/org.apache.ignite/ignite-spring/1.9.0/894361443589126f05165588c7ada4dec0fd04cd/ignite-spring-1.9.0.jar:/Users/raliclo/.gradle/caches/modules-2/files-2.1/org.apache.ignite/ignite-tools/1.9.0/5b0d9098ff92a7b94d5c55be70411d4efcd4eb82/ignite-tools-1.9.0.jar:/Users/raliclo/.gradle/caches/modules-2/files-2.1/org.apache.ignite/ignite-rest-http/1.9.0/8d8ae98205aaac04064e9568314c88e672fdd424/ignite-rest-http-1.9.0.jar:/Users/raliclo/.gradle/caches/modules-2/files-2.1/org.apache.ignite/ignite-spark/1.9.0/fb7306a739f87045e1ccb556c6909792115c7780/ignite-spark-1.9.0.jar:/Users/raliclo/.gradle/caches/modules-2/files-2.1/org.apache.ignite/ignite-kafka/1.9.0/d56fb70b8014c116268a6085cc5f43df0f99c29d/ignite-kafka-1.9.0.jar:/Users/raliclo/.gradle/caches/modules-2/files-2.1/org.apache.ignite/ignite-camel/1.9.0/7befb6b3820b3a6feda0e8e760e1e192781d16be/ignite-camel-1.9.0.jar:/Users/raliclo/.gradle/caches/modules-2/files-2.1/org.apache.ignite/ignite-clients/1.9.0/761730e941f81a9aa97cb4527fb36d8ddddb1535/ignite-clients-1.9.0.jar:/Users/raliclo/.gradle/caches/modules-2/files-2.1/org.apache.ignite/ignite-examples/1.0.0-RC3/e8052b2f00f27082e99d2a0ce1a163afe8800771/ignite-examples-1.0.0-RC3.jar:/Users/raliclo/.gradle/caches/modules-2/files-2.1/org.apache.ignite/ignite-codegen/1.0.0-RC3/207e3d8256caa1594e1cac1134d1a6e5cae325ff/ignite-codegen-1.0.0-RC3.jar:/Users/raliclo/.gradle/caches/modules-2/files-2.1/org.ow2.asm/asm-all/6.0_ALPHA/b1d8d6a8fae4f4b44131c7f2390c1bfa99c82743/asm-all-6.0_ALPHA.jar:/Users/raliclo/.gradle/caches/modules-2/files-2.1/org.ow2.asm/asm-debug-all/6.0_ALPHA/ec4d186ad9f00839ff6c9ff4a6a849497db6b3d6/asm-debug-all-6.0_ALPHA.jar:/Users/raliclo/.gradle/caches/modules-2/files-2.1/org.ow2.asm/asm-analysis/6.0_ALPHA/41176e58e57e6bee25d5e27a59ad6eaacce0d9c/asm-analysis-6.0_ALPHA.jar:/Users/raliclo/.gradle/caches/modules-2/files-2.1/com.google.j2objc/j2objc-annotations/1.1/976d8d30bebc251db406f2bdb3eb01962b5685b3/j2objc-annotations-1.1.jar:/Users/raliclo/.gradle/caches/modules-2/files-2.1/com.google.inject/guice/4.1.0/eeb69005da379a10071aa4948c48d89250febb07/guice-4.1.0.jar:/Users/raliclo/.gradle/caches/modules-2/files-2.1/com.google.inject/jdk8-tests/4.1.0/58eda7c8d00935e8e45727f5efd87980a2e27905/jdk8-tests-4.1.0.jar:/Users/raliclo/.gradle/caches/modules-2/files-2.1/com.twitter/util-core_2.12/6.42.0/ddeb221a62be5a943223c069035c3beaf1a40132/util-core_2.12-6.42.0.jar:/Users/raliclo/.gradle/caches/modules-2/files-2.1/io.jsonwebtoken/jjwt/0.7.0/f042fe2676bfdc2091545152e47d77e11999946d/jjwt-0.7.0.jar:/Users/raliclo/.gradle/caches/modules-2/files-2.1/org.jmonkeyengine/jme3-desktop/3.1.0-stable/12c98d47beccbe1ca497b1bb8746a7e55d58df04/jme3-desktop-3.1.0-stable.jar:/Users/raliclo/.gradle/caches/modules-2/files-2.1/org.jmonkeyengine/jme3-lwjgl/3.1.0-stable/b607285ed0be51e89bc1db06d1beb7c42ee6c685/jme3-lwjgl-3.1.0-stable.jar:/Users/raliclo/.gradle/caches/modules-2/files-2.1/org.springframework.data/spring-data-rest-tests-core/3.0.0.BUILD-SNAPSHOT/4aa2bf6e953df80c8927f2ad9b471830685d0ea8/spring-data-rest-tests-core-3.0.0.BUILD-SNAPSHOT.jar:/Users/raliclo/.gradle/caches/modules-2/files-2.1/org.springframework.data/spring-data-rest-tests-security/3.0.0.BUILD-SNAPSHOT/92e916f28924f8edf4a27d7021334b42157f3ed7/spring-data-rest-tests-security-3.0.0.BUILD-SNAPSHOT.jar:/Users/raliclo/.gradle/caches/modules-2/files-2.1/org.springframework.data/spring-data-rest-tests-shop/3.0.0.BUILD-SNAPSHOT/8d03b22febbfbd192c081e41a586849bd34b5198/spring-data-rest-tests-shop-3.0.0.BUILD-SNAPSHOT.jar:/Users/raliclo/.gradle/caches/modules-2/files-2.1/org.springframework.data/spring-data-rest-tests-solr/3.0.0.BUILD-SNAPSHOT/94069cb55484af6f345544cae0ba01450e737d45/spring-data-rest-tests-solr-3.0.0.BUILD-SNAPSHOT.jar:/Users/raliclo/.gradle/caches/modules-2/files-2.1/org.springframework.data/spring-data-rest-tests-mongodb/3.0.0.BUILD-SNAPSHOT/b3be4debb63265f90da4038ea7864a8e500a9e9d/spring-data-rest-tests-mongodb-3.0.0.BUILD-SNAPSHOT.jar:/Users/raliclo/.gradle/caches/modules-2/files-2.1/org.springframework.data/spring-data-rest-tests-jpa/3.0.0.BUILD-SNAPSHOT/3aaa308593747e3f5d97dc22a345cc9e31dc99a9/spring-data-rest-tests-jpa-3.0.0.BUILD-SNAPSHOT.jar:/Users/raliclo/.gradle/caches/modules-2/files-2.1/org.springframework.boot/spring-boot-test-autoconfigure/2.0.0.BUILD-SNAPSHOT/11a3a0707ee3e4310f1f17b16046153d4e75317c/spring-boot-test-autoconfigure-2.0.0.BUILD-SNAPSHOT.jar:/Users/raliclo/.gradle/caches/modules-2/files-2.1/org.springframework.boot/spring-boot-starter-tomcat/2.0.0.BUILD-SNAPSHOT/ce1db86949bf664b2a0a82894aebcb143c01d118/spring-boot-starter-tomcat-2.0.0.BUILD-SNAPSHOT.jar:/Users/raliclo/.gradle/caches/modules-2/files-2.1/org.arquillian.cube/arquillian-cube-requirement/1.0.0.Alpha18/402352d0357e88f8da04b8d7a8362c5dfbda9d3b/arquillian-cube-requirement-1.0.0.Alpha18.jar:/Users/raliclo/.gradle/caches/modules-2/files-2.1/org.arquillian.spacelift/arquillian-spacelift/1.0.0.Alpha9/5db7f1b6bc7c5cc0ba528a15cc00033c0d21b21b/arquillian-spacelift-1.0.0.Alpha9.jar:/Users/raliclo/.gradle/caches/modules-2/files-2.1/info.cukes/cucumber-java8/1.2.5/c211c0d6a7e7f1f892e3797b311e46158746853d/cucumber-java8-1.2.5.jar:/Users/raliclo/.gradle/caches/modules-2/files-2.1/info.cukes/cucumber-java/1.2.5/2197dfa9cd7899ddce136a356994ac21f438f80/cucumber-java-1.2.5.jar:/Users/raliclo/.gradle/caches/modules-2/files-2.1/info.cukes/cucumber-scala_2.12/1.2.5/12f56e5f26af271fcd81997913677f01b751b0f7/cucumber-scala_2.12-1.2.5.jar:/Users/raliclo/.gradle/caches/modules-2/files-2.1/info.cukes/cucumber-testng/1.2.5/1e5d64a96b3f41f4b812203a3c761a6de6aa8ee7/cucumber-testng-1.2.5.jar:/Users/raliclo/.gradle/caches/modules-2/files-2.1/info.cukes/cucumber-junit/1.2.5/7cedd85f2e6b4f2fa1091c921f509275c60e7500/cucumber-junit-1.2.5.jar:/Users/raliclo/.gradle/caches/modules-2/files-2.1/org.testng/testng/6.11/1fdd5e22f50b14f6d846163456e8c9a7657626fb/testng-6.11.jar:/Users/raliclo/.gradle/caches/modules-2/files-2.1/org.junit.jupiter/junit-jupiter-api/5.0.0-M3/a0f3d812b3f3b394f0f6b1998f706a3685b28cbe/junit-jupiter-api-5.0.0-M3.jar:/Users/raliclo/.gradle/caches/modules-2/files-2.1/org.junit.jupiter/junit-jupiter-migration-support/5.0.0-M3/8c2030174351ec04c238dcad89b32e1c4d94fd17/junit-jupiter-migration-support-5.0.0-M3.jar:/Users/raliclo/.gradle/caches/modules-2/files-2.1/net.serenity-bdd/serenity-core/1.2.2/9474ede796aec37d4d0b3604d6a66643e13df3/serenity-core-1.2.2.jar:/Users/raliclo/.gradle/caches/modules-2/files-2.1/net.serenity-bdd/serenity-junit/1.2.2/29414c70f0b427c40307eb8f233a7edcc7397d0c/serenity-junit-1.2.2.jar:/Users/raliclo/.gradle/caches/modules-2/files-2.1/org.assertj/assertj-core/3.6.2/cfdf0dedb199f951143b33667a9962cc2b470dec/assertj-core-3.6.2.jar:/Users/raliclo/.gradle/caches/modules-2/files-2.1/org.scalatest/scalatest-app_2.12/3.2.0-SNAP4/74934b297e870aa7ce7621bc092236e0eb44bc01/scalatest-app_2.12-3.2.0-SNAP4.jar:/Users/raliclo/.gradle/caches/modules-2/files-2.1/org.junit.jupiter/junit-jupiter-engine/5.0.0-M3/f16a093cdb429dd643638f2f4c617f70568fb3/junit-jupiter-engine-5.0.0-M3.jar:/Users/raliclo/.gradle/caches/modules-2/files-2.1/org.apache.logging.log4j/log4j-jul/2.7/eaba4f75dab9489731f7087d84cc4568b5d79de/log4j-jul-2.7.jar:/Users/raliclo/.gradle/caches/modules-2/files-2.1/org.pegdown/pegdown/1.6.0/231ae49d913467deb2027d0b8a0b68b231deef4f/pegdown-1.6.0.jar:/Users/raliclo/.gradle/caches/modules-2/files-2.1/org.antlr/antlr4-runtime/4.6/eea6f8cd6f36208355dc2c0a8775503b907ce73/antlr4-runtime-4.6.jar:/Users/raliclo/.gradle/caches/modules-2/files-2.1/org.antlr/antlr-runtime/3.5.2/cd9cd41361c155f3af0f653009dcecb08d8b4afd/antlr-runtime-3.5.2.jar:/Users/raliclo/.gradle/caches/modules-2/files-2.1/org.antlr/ST4/4.0.8/a1c55e974f8a94d78e2348fa6ff63f4fa1fae64/ST4-4.0.8.jar:/Users/raliclo/.gradle/caches/modules-2/files-2.1/org.abego.treelayout/org.abego.treelayout.core/1.0.3/457216e8e6578099ae63667bb1e4439235892028/org.abego.treelayout.core-1.0.3.jar:/Users/raliclo/.gradle/caches/modules-2/files-2.1/org.glassfish/javax.json/1.0.4/3178f73569fd7a1e5ffc464e680f7a8cc784b85a/javax.json-1.0.4.jar:/Users/raliclo/.gradle/caches/modules-2/files-2.1/com.google.errorprone/error_prone_annotations/2.0.15/822652ed7196d119b35d2e22eb9cd4ffda11e640/error_prone_annotations-2.0.15.jar:/Users/raliclo/.gradle/caches/modules-2/files-2.1/junit/junit/4.12/2973d150c0dc1fefe998f834810d68f278ea58ec/junit-4.12.jar:/Users/raliclo/.gradle/caches/modules-2/files-2.1/ch.qos.logback/logback-core/1.1.11/88b8df40340eed549fb07e2613879bf6b006704d/logback-core-1.1.11.jar:/Users/raliclo/.gradle/caches/modules-2/files-2.1/com.vaadin/vaadin-shared/8.0.2/65148567ddf3030d0de5f10e229df6f288291ee6/vaadin-shared-8.0.2.jar:/Users/raliclo/.gradle/caches/modules-2/files-2.1/com.google.gwt/gwt-elemental/2.8.0/a560c19539a5551d853888968427f292dddf281a/gwt-elemental-2.8.0.jar:/Users/raliclo/.gradle/caches/modules-2/files-2.1/org.mockito/mockito-core/2.5.4/e83308188f084f643871105424d782c91559fa6d/mockito-core-2.5.4.jar:/Users/raliclo/.gradle/caches/modules-2/files-2.1/com.vaadin/vaadin-sass-compiler/0.9.13/663088831773c35e033ea1538b96d817ce7cef52/vaadin-sass-compiler-0.9.13.jar:/Users/raliclo/.gradle/caches/modules-2/files-2.1/com.googlecode.gentyref/gentyref/1.2.0/8d776d0a52d707fa29c7449ddd4d102ac7002d6c/gentyref-1.2.0.jar:/Users/raliclo/.gradle/caches/modules-2/files-2.1/io.netty/netty-common/4.1.8.Final/ee62c80318413d2375d145e51e48d7d35c901324/netty-common-4.1.8.Final.jar:/Users/raliclo/.gradle/caches/modules-2/files-2.1/io.netty/netty-buffer/4.1.8.Final/43292c2622e340a0d07178c341ca3bdf3d662034/netty-buffer-4.1.8.Final.jar:/Users/raliclo/.gradle/caches/modules-2/files-2.1/io.netty/netty-transport/4.1.8.Final/905b5dadce881c9824b3039c0df36dabbb7b6a07/netty-transport-4.1.8.Final.jar:/Users/raliclo/.gradle/caches/modules-2/files-2.1/io.netty/netty-handler/4.1.8.Final/db01139bfb11afd009a695eef55b43bbf22c4ef5/netty-handler-4.1.8.Final.jar:/Users/raliclo/.gradle/caches/modules-2/files-2.1/io.netty/netty-handler-proxy/4.1.8.Final/c4d22e8b9071a0ea8d75766d869496c32648a758/netty-handler-proxy-4.1.8.Final.jar:/Users/raliclo/.gradle/caches/modules-2/files-2.1/io.netty/netty-codec-http/4.1.8.Final/1e88617c4a6c88da7e86fdbbd9494d22a250c879/netty-codec-http-4.1.8.Final.jar:/Users/raliclo/.gradle/caches/modules-2/files-2.1/io.netty/netty-codec-http2/4.1.5.Final/6568f4fefc2ce0a8761e5bc14d95a6ba1758be29/netty-codec-http2-4.1.5.Final.jar:/Users/raliclo/.gradle/caches/modules-2/files-2.1/io.netty/netty-resolver-dns/4.1.8.Final/e2f8a3919ba592c22ddbf5484708ed02e099c90/netty-resolver-dns-4.1.8.Final.jar:/Users/raliclo/.gradle/caches/modules-2/files-2.1/org.seleniumhq.selenium/selenium-opera-driver/3.3.1/ca2fc03ac3990a5ad4c227f89890891d1862667/selenium-opera-driver-3.3.1.jar:/Users/raliclo/.gradle/caches/modules-2/files-2.1/org.seleniumhq.selenium/htmlunit-driver/2.25/d382d8a196f748c65b93c7a0de355cbd810ae95f/htmlunit-driver-2.25.jar:/Users/raliclo/.gradle/caches/modules-2/files-2.1/net.jcip/jcip-annotations/1.0/afba4942caaeaf46aab0b976afd57cc7c181467e/jcip-annotations-1.0.jar:/Users/raliclo/.gradle/caches/modules-2/files-2.1/org.seleniumhq.selenium/jetty-repacked/9.4.1.v20170120/3781de75be2d69eab9da723068401bd4bdded53c/jetty-repacked-9.4.1.v20170120.jar:/Users/raliclo/.gradle/caches/modules-2/files-2.1/org.yaml/snakeyaml/1.18/e4a441249ade301985cb8d009d4e4a72b85bf68e/snakeyaml-1.18.jar:/Users/raliclo/.gradle/caches/modules-2/files-2.1/org.seleniumhq.selenium/selenium-api/3.2.0/4b92dcf286ef374c8bc4f1a899079748f7823f33/selenium-api-3.2.0.jar:/Users/raliclo/.gradle/caches/modules-2/files-2.1/cglib/cglib-nodep/3.2.4/42c972dee25a436b32c6027e848287ff47ed6750/cglib-nodep-3.2.4.jar:/Users/raliclo/.gradle/caches/modules-2/files-2.1/org.apache.commons/commons-exec/1.3/8dfb9facd0830a27b1b5f29f84593f0aeee7773b/commons-exec-1.3.jar:/Users/raliclo/.gradle/caches/modules-2/files-2.1/org.apache.httpcomponents/httpclient/4.5.3/d1577ae15f01ef5438c5afc62162457c00a34713/httpclient-4.5.3.jar:/Users/raliclo/.gradle/caches/modules-2/files-2.1/net.java.dev.jna/jna-platform/4.1.0/23457ad1cf75c2c16763330de5565a0e67b4bc0a/jna-platform-4.1.0.jar:/Users/raliclo/.gradle/caches/modules-2/files-2.1/org.hamcrest/hamcrest-library/1.3/4785a3c21320980282f9f33d0d1264a69040538f/hamcrest-library-1.3.jar:/Users/raliclo/.gradle/caches/modules-2/files-2.1/net.sourceforge.htmlunit/htmlunit/2.25/2ec086d0a581bdbf3bb31ce4de3600630bb37420/htmlunit-2.25.jar:/Users/raliclo/.gradle/caches/modules-2/files-2.1/org.apache.httpcomponents/httpclient-cache/4.5.2/bd50ea83908dbf2f387a333216e66d2f0c5079bd/httpclient-cache-4.5.2.jar:/Users/raliclo/.gradle/caches/modules-2/files-2.1/org.zeroturnaround/zt-process/1.3/cb2ba7dcae545dc8d29baa85d6f6ce9bdbfbd3b8/zt-process-1.3.jar:/Users/raliclo/.gradle/caches/modules-2/files-2.1/io.github.lukehutch/fast-classpath-scanner/1.93.0/2d2fbadbbb197775462d42335c78c28c1110fabd/fast-classpath-scanner-1.93.0.jar:/Users/raliclo/.gradle/caches/modules-2/files-2.1/commons-logging/commons-logging/1.2/4bfc12adfe4842bf07b657f0369c4cb522955686/commons-logging-1.2.jar:/Users/raliclo/.gradle/caches/modules-2/files-2.1/org.springframework/spring-aop/5.0.0.BUILD-SNAPSHOT/b18f60d0fa3ad2e06493ae434b470a1e47a798f0/spring-aop-5.0.0.BUILD-SNAPSHOT.jar:/Users/raliclo/.gradle/caches/modules-2/files-2.1/io.projectreactor/reactor-core/3.0.6.BUILD-SNAPSHOT/333fe9ddc4adfcc43a154db6c78801277e464218/reactor-core-3.0.6.BUILD-SNAPSHOT.jar:/Users/raliclo/.gradle/caches/modules-2/files-2.1/org.reactivestreams/reactive-streams/1.0.0/14b8c877d98005ba3941c9257cfe09f6ed0e0d74/reactive-streams-1.0.0.jar:/Users/raliclo/.gradle/caches/modules-2/files-2.1/org.springframework/spring-jdbc/5.0.0.BUILD-SNAPSHOT/4aba93c0c0e9ea2ff0c8853b0d94d0a35a498667/spring-jdbc-5.0.0.BUILD-SNAPSHOT.jar:/Users/raliclo/.gradle/caches/modules-2/files-2.1/org.slf4j/jcl-over-slf4j/1.7.24/e6a8629079856a2aa7862c6327ccf6dd1988d7fc/jcl-over-slf4j-1.7.24.jar:/Users/raliclo/.gradle/caches/modules-2/files-2.1/org.springframework.retry/spring-retry/1.2.0.RELEASE/4e2b3ea37df07ef6fd905696f1aa5d50128c2782/spring-retry-1.2.0.RELEASE.jar:/Users/raliclo/.gradle/caches/modules-2/files-2.1/commons-lang/commons-lang/2.6/ce1edb914c94ebc388f086c6827e8bdeec71ac2/commons-lang-2.6.jar:/Users/raliclo/.gradle/caches/modules-2/files-2.1/org.elasticsearch/elasticsearch/2.4.4/e69930bc794c539d34778e665d6f8ccbffd42c6f/elasticsearch-2.4.4.jar:/Users/raliclo/.gradle/caches/modules-2/files-2.1/org.springframework.ldap/spring-ldap-core/2.3.1.RELEASE/265fad7494fe5122bd56025c63c526f34987b5e4/spring-ldap-core-2.3.1.RELEASE.jar:/Users/raliclo/.gradle/caches/modules-2/files-2.1/org.apache.commons/commons-lang3/3.5/6c6c702c89bfff3cd9e80b04d668c5e190d588c6/commons-lang3-3.5.jar:/Users/raliclo/.gradle/caches/modules-2/files-2.1/org.apache.solr/solr-solrj/5.5.4/b6a9482376946fd1c0314d9e2de97fe830c651e/solr-solrj-5.5.4.jar:/Users/raliclo/.gradle/caches/modules-2/files-2.1/com.datastax.cassandra/cassandra-driver-core/3.1.4/10728598c6e573e16c456405fe1d6c4292b47299/cassandra-driver-core-3.1.4.jar:/Users/raliclo/.gradle/caches/modules-2/files-2.1/org.mongodb/mongo-java-driver/3.4.2/5d0448606f5f7f3974dbae69c4ccfffe214ae60d/mongo-java-driver-3.4.2.jar:/Users/raliclo/.gradle/caches/modules-2/files-2.1/org.springframework/spring-context-support/5.0.0.BUILD-SNAPSHOT/a99bafd51a2995199972cbc4c4246d39ced49ea/spring-context-support-5.0.0.BUILD-SNAPSHOT.jar:/Users/raliclo/.gradle/caches/modules-2/files-2.1/org.aspectj/aspectjrt/1.8.9/87372d9e2323313bec24b09a325bfea8ae0eb867/aspectjrt-1.8.9.jar:/Users/raliclo/.gradle/caches/modules-2/files-2.1/org.springframework/spring-messaging/5.0.0.BUILD-SNAPSHOT/8d911b13d03545236321abd8e5f0abb0c8f73931/spring-messaging-5.0.0.BUILD-SNAPSHOT.jar:/Users/raliclo/.gradle/caches/modules-2/files-2.1/org.springframework.data/spring-data-hadoop-core/2.5.0.BUILD-SNAPSHOT/6904329d0d44975421a48f7621b0be8eeab89d32/spring-data-hadoop-core-2.5.0.BUILD-SNAPSHOT.jar:/Users/raliclo/.gradle/caches/modules-2/files-2.1/org.apache.hadoop/hadoop-common/3.0.0-alpha2/42f1c55ff39f34aba518e16a3877dbf3b8ce1b44/hadoop-common-3.0.0-alpha2-tests.jar:/Users/raliclo/.gradle/caches/modules-2/files-2.1/org.springframework.batch/spring-batch-core/4.0.0.BUILD-SNAPSHOT/6f0d37c047ffe7591b60a8efb33b254cec36ce9f/spring-batch-core-4.0.0.BUILD-SNAPSHOT.jar:/Users/raliclo/.gradle/caches/modules-2/files-2.1/org.apache.hadoop/hadoop-distcp/2.7.3/e799305ba4a3b72f93eea1e3f681fcad7e58489f/hadoop-distcp-2.7.3.jar:/Users/raliclo/.gradle/caches/modules-2/files-2.1/org.apache.hadoop/hadoop-hdfs/3.0.0-alpha2/e6ef4586121850df9692809b987155979f83134f/hadoop-hdfs-3.0.0-alpha2-tests.jar:/Users/raliclo/.gradle/caches/modules-2/files-2.1/org.apache.hadoop/hadoop-mapreduce-client-jobclient/3.0.0-alpha2/90216f681c67bd38be29884986ce53475f7c82c7/hadoop-mapreduce-client-jobclient-3.0.0-alpha2-tests.jar:/Users/raliclo/.gradle/caches/modules-2/files-2.1/org.springframework.boot/spring-boot-autoconfigure/2.0.0.BUILD-SNAPSHOT/88e173011d130436cd521868d80790551657e097/spring-boot-autoconfigure-2.0.0.BUILD-SNAPSHOT.jar:/Users/raliclo/.gradle/caches/modules-2/files-2.1/org.apache.hadoop/hadoop-client/3.0.0-alpha2/9332bc7c202cb81de07b513cda23af1a22a63634/hadoop-client-3.0.0-alpha2-tests.jar:/Users/raliclo/.gradle/caches/modules-2/files-2.1/org.apache.hadoop/hadoop-yarn-server-web-proxy/3.0.0-alpha2/b75d3595983e305d29a009fb556a0d3306e1cf24/hadoop-yarn-server-web-proxy-3.0.0-alpha2-tests.jar:/Users/raliclo/.gradle/caches/modules-2/files-2.1/org.apache.sqoop/sqoop-client/1.99.6/582218f102f43ce8985fe130ed3cf22a49f7b02e/sqoop-client-1.99.6.jar:/Users/raliclo/.gradle/caches/modules-2/files-2.1/org.springframework.data/spring-data-hadoop-test/2.5.0.BUILD-SNAPSHOT/b84f299168b34cd1a0de0429bdabbd8cd84a46d3/spring-data-hadoop-test-2.5.0.BUILD-SNAPSHOT.jar:/Users/raliclo/.gradle/caches/modules-2/files-2.1/org.springframework.webflow/spring-binding/2.5.0.BUILD-SNAPSHOT/fb4249a9d0b470835edb782fdb95578dcd219318/spring-binding-2.5.0.BUILD-SNAPSHOT.jar:/Users/raliclo/.gradle/caches/modules-2/files-2.1/org.springframework.hateoas/spring-hateoas/0.23.0.RELEASE/678ffa0798f417a794fea592dc8066e325611919/spring-hateoas-0.23.0.RELEASE.jar:/Users/raliclo/.gradle/caches/modules-2/files-2.1/org.springframework.plugin/spring-plugin-core/1.2.0.RELEASE/f380e7760032e7d929184f8ad8a33716b75c0657/spring-plugin-core-1.2.0.RELEASE.jar:/Users/raliclo/.gradle/caches/modules-2/files-2.1/org.atteo/evo-inflector/1.2.1/b9cdd1e7dc20a222db0853dfb152ef349c7d0eed/evo-inflector-1.2.1.jar:/Users/raliclo/.gradle/caches/modules-2/files-2.1/aopalliance/aopalliance/1.0/235ba8b489512805ac13a8f9ea77a1ca5ebe3e8/aopalliance-1.0.jar:/Users/raliclo/.gradle/caches/modules-2/files-2.1/org.jasig.cas.client/cas-client-core/3.4.1/a000397061c6c02fd695c706430ccbf439843008/cas-client-core-3.4.1.jar:/Users/raliclo/.gradle/caches/modules-2/files-2.1/org.openid4java/openid4java-nodeps/0.9.6/52ca394f5f6d38b78e35a5a6a0a341dc5b3aaf34/openid4java-nodeps-0.9.6.jar:/Users/raliclo/.gradle/caches/modules-2/files-2.1/net.sourceforge.nekohtml/nekohtml/1.9.22/4f54af68ecb345f2453fb6884672ad08414154e3/nekohtml-1.9.22.jar:/Users/raliclo/.gradle/caches/modules-2/files-2.1/org.easytesting/fest-assert/1.4/88ec2d3bbc35a2e9613f584b29e26adb1bc2c515/fest-assert-1.4.jar:/Users/raliclo/.gradle/caches/modules-2/files-2.1/org.slf4j/log4j-over-slf4j/1.7.24/6ab46c51a3848286a0db3ba7b22037b3834c3c44/log4j-over-slf4j-1.7.24.jar:/Users/raliclo/.gradle/caches/modules-2/files-2.1/javax.inject/javax.inject/1/6975da39a7040257bd51d21a231b76c915872d38/javax.inject-1.jar:/Users/raliclo/.gradle/caches/modules-2/files-2.1/javax.servlet/jstl/1.2/74aca283cd4f4b4f3e425f5820cda58f44409547/jstl-1.2.jar:/Users/raliclo/.gradle/caches/modules-2/files-2.1/org.apache.directory.server/apacheds-core-api/2.0.0-M15/99cfff546f06bd6d759d856e02ae98a0d8684b83/apacheds-core-api-2.0.0-M15.jar:/Users/raliclo/.gradle/caches/modules-2/files-2.1/org.apache.directory.server/apacheds-protocol-shared/2.0.0-M15/701d665dc1d2cc21342ce0010c445e90a56c0973/apacheds-protocol-shared-2.0.0-M15.jar:/Users/raliclo/.gradle/caches/modules-2/files-2.1/org.apache.directory.server/apacheds-mavibot-partition/2.0.0-M15/8344b5383d443fa9729a5980eecede71f3c3d990/apacheds-mavibot-partition-2.0.0-M15.jar:/Users/raliclo/.gradle/caches/modules-2/files-2.1/org.apache.directory.server/apacheds-interceptor-kerberos/2.0.0-M15/bf616b6b62cd5704f2377f7535648d1a77f6f1b5/apacheds-interceptor-kerberos-2.0.0-M15.jar:/Users/raliclo/.gradle/caches/modules-2/files-2.1/org.apache.directory.server/apacheds-protocol-ldap/2.0.0-M15/1f84ce889a9ce5e011d8765134a47635f8699200/apacheds-protocol-ldap-2.0.0-M15.jar:/Users/raliclo/.gradle/caches/modules-2/files-2.1/org.apache.directory.api/api-all/1.0.0-M20/65e4c5abd750e69913e6c94010eae222827967f1/api-all-1.0.0-M20.jar:/Users/raliclo/.gradle/caches/modules-2/files-2.1/org.apache.directory.server/apacheds-protocol-kerberos/2.0.0-M15/c9554c794593e618d8301805af2206d9f3625e71/apacheds-protocol-kerberos-2.0.0-M15.jar:/Users/raliclo/.gradle/caches/modules-2/files-2.1/org.apache.directory.server/apacheds-ldif-partition/2.0.0-M15/6fd70279331a87f76cc193b7c111069cf9ab44de/apacheds-ldif-partition-2.0.0-M15.jar:/Users/raliclo/.gradle/caches/modules-2/files-2.1/org.apache.directory.server/apacheds-jdbm-partition/2.0.0-M15/d7b91dfda51e0b52a0e795cccf69ca88cfacaba1/apacheds-jdbm-partition-2.0.0-M15.jar:/Users/raliclo/.gradle/caches/modules-2/files-2.1/commons-codec/commons-codec/1.10/4b95f4897fa13f2cd904aee711aeafc0c5295cd8/commons-codec-1.10.jar:/Users/raliclo/.gradle/caches/modules-2/files-2.1/org.codehaus.jackson/jackson-mapper-asl/1.9.13/1ee2f2bed0e5dd29d1cb155a166e6f8d50bbddb7/jackson-mapper-asl-1.9.13.jar:/Users/raliclo/.gradle/caches/modules-2/files-2.1/org.webjars/bootstrap/3.0.3/7297fe81dc0e82c44e15232014fd8e1180c0a3bc/bootstrap-3.0.3.jar:/Users/raliclo/.gradle/caches/modules-2/files-2.1/io.projectreactor.addons/reactor-test/3.0.6.BUILD-SNAPSHOT/ccb1118d460d47c50144f15d30ae0ac81d8e5db0/reactor-test-3.0.6.BUILD-SNAPSHOT.jar:/Users/raliclo/.gradle/caches/modules-2/files-2.1/org.springframework.boot/spring-boot-starter-logging/2.0.0.BUILD-SNAPSHOT/85b895971c702dd3ef695620c50ed0428d87abca/spring-boot-starter-logging-2.0.0.BUILD-SNAPSHOT.jar:/Users/raliclo/.gradle/caches/modules-2/files-2.1/org.hibernate/hibernate-validator/5.4.0.Final/2076cbd5719e4182a75ab32e7186deb0ca5ac376/hibernate-validator-5.4.0.Final.jar:/Users/raliclo/.gradle/caches/modules-2/files-2.1/org.springframework.boot/spring-boot-starter-aop/2.0.0.BUILD-SNAPSHOT/f6220a0b306de15da0d73a67df04ab2ea76d0da/spring-boot-starter-aop-2.0.0.BUILD-SNAPSHOT.jar:/Users/raliclo/.gradle/caches/modules-2/files-2.1/org.springframework.boot/spring-boot-starter-jdbc/2.0.0.BUILD-SNAPSHOT/43e0168d3ae5587ebc1e00e83d87943812a8d53c/spring-boot-starter-jdbc-2.0.0.BUILD-SNAPSHOT.jar:/Users/raliclo/.gradle/caches/modules-2/files-2.1/javax.transaction/javax.transaction-api/1.2/d81aff979d603edd90dcd8db2abc1f4ce6479e3e/javax.transaction-api-1.2.jar:/Users/raliclo/.gradle/caches/modules-2/files-2.1/org.springframework/spring-aspects/5.0.0.BUILD-SNAPSHOT/eb6aee13f4364239039106bf88fdc67e840f879b/spring-aspects-5.0.0.BUILD-SNAPSHOT.jar:/Users/raliclo/.gradle/caches/modules-2/files-2.1/org.thymeleaf/thymeleaf-spring5/3.0.3.M1/2c6adc31f035adb737754a04edac35323cdda14f/thymeleaf-spring5-3.0.3.M1.jar:/Users/raliclo/.gradle/caches/modules-2/files-2.1/org.springframework.boot/spring-boot-actuator/2.0.0.BUILD-SNAPSHOT/7b5a3b478e24939bd43d8d574567d130440cfd47/spring-boot-actuator-2.0.0.BUILD-SNAPSHOT.jar:/Users/raliclo/.gradle/caches/modules-2/files-2.1/com.vaadin.external.google/android-json/0.0.20131108.vaadin1/fa26d351fe62a6a17f5cda1287c1c6110dec413f/android-json-0.0.20131108.vaadin1.jar:/Users/raliclo/.gradle/caches/modules-2/files-2.1/org.springframework.boot/spring-boot-test/2.0.0.BUILD-SNAPSHOT/29b3ce774e38de7c4ca7380dfb735d9cc306c414/spring-boot-test-2.0.0.BUILD-SNAPSHOT.jar:/Users/raliclo/.gradle/caches/modules-2/files-2.1/com.jayway.jsonpath/json-path/2.2.0/22290d17944bd239fabf5ac69005a60a7ecbbbcb/json-path-2.2.0.jar:/Users/raliclo/.gradle/caches/modules-2/files-2.1/org.hamcrest/hamcrest-core/1.3/42a25dc3219429f0e5d060061f71acb49bf010a0/hamcrest-core-1.3.jar:/Users/raliclo/.gradle/caches/modules-2/files-2.1/org.skyscreamer/jsonassert/1.4.0/9cdbb373a06f6513e51e8c545ee6a5e981463edb/jsonassert-1.4.0.jar:/Users/raliclo/.gradle/caches/modules-2/files-2.1/org.eclipse.jetty/jetty-io/9.4.2.v20170220/c0c1c3b9dfc2ecadf75aa789ab0feb3c74d5b820/jetty-io-9.4.2.v20170220.jar:/Users/raliclo/.gradle/caches/modules-2/files-2.1/org.eclipse.jetty/jetty-security/9.4.2.v20170220/17650f5424d3b5f3782d6c196a6ca4989a8adeec/jetty-security-9.4.2.v20170220.jar:/Users/raliclo/.gradle/caches/modules-2/files-2.1/org.apache.ftpserver/ftplet-api/1.0.0/457ca5bbc4b614d1712e8ebb336b3ba1e16a9642/ftplet-api-1.0.0.jar:/Users/raliclo/.gradle/caches/modules-2/files-2.1/org.apache.ftpserver/ftpserver-core/1.0.0/47c8480cc3bfda85d578e3368e78103cb9e9bed7/ftpserver-core-1.0.0.jar:/Users/raliclo/.gradle/caches/modules-2/files-2.1/org.apache.ftpserver/ftpserver-deprecated/1.0.0-M2/a1f5645a02a438ba0e115c967262c7818e308fcb/ftpserver-deprecated-1.0.0-M2.jar:/Users/raliclo/.gradle/caches/modules-2/files-2.1/xmlenc/xmlenc/0.52/d82554efbe65906d83b3d97bd7509289e9db561a/xmlenc-0.52.jar:/Users/raliclo/.gradle/caches/modules-2/files-2.1/org.mortbay.jetty/jetty/6.1.26/2f546e289fddd5b1fab1d4199fbb6e9ef43ee4b0/jetty-6.1.26.jar:/Users/raliclo/.gradle/caches/modules-2/files-2.1/org.mortbay.jetty/jetty-util/6.1.26/e5642fe0399814e1687d55a3862aa5a3417226a9/jetty-util-6.1.26.jar:/Users/raliclo/.gradle/caches/modules-2/files-2.1/org.mortbay.jetty/jsp-api-2.1/6.1.14/756b3fac155e31bd0e85545dbf953495e0455c73/jsp-api-2.1-6.1.14.jar:/Users/raliclo/.gradle/caches/modules-2/files-2.1/org.mortbay.jetty/jsp-2.1/6.1.14/3a1df1e8e0fa56e9a940abbd19bc6f397fce16b5/jsp-2.1-6.1.14.jar:/Users/raliclo/.gradle/caches/modules-2/files-2.1/commons-el/commons-el/1.0/1df2c042b3f2de0124750241ac6c886dbfa2cc2c/commons-el-1.0.jar:/Users/raliclo/.gradle/caches/modules-2/files-2.1/hsqldb/hsqldb/1.8.0.10/7e9978fdb754bce5fcd5161133e7734ecb683036/hsqldb-1.8.0.10.jar:/Users/raliclo/.gradle/caches/modules-2/files-2.1/oro/oro/2.0.8/5592374f834645c4ae250f4c9fbb314c9369d698/oro-2.0.8.jar:/Users/raliclo/.gradle/caches/modules-2/files-2.1/org.eclipse.jdt/core/3.1.1/88c83ce444cf46d02494da37c9fa1eebc9ce9cea/core-3.1.1.jar:/Users/raliclo/.gradle/caches/modules-2/files-2.1/commons-collections/commons-collections/3.2.2/8ad72fe39fa8c91eaaf12aadb21e0c3661fe26d5/commons-collections-3.2.2.jar:/Users/raliclo/.gradle/caches/modules-2/files-2.1/javax.servlet.jsp/jsp-api/2.1/63f943103f250ef1f3a4d5e94d145a0f961f5316/jsp-api-2.1.jar:/Users/raliclo/.gradle/caches/modules-2/files-2.1/com.sun.jersey/jersey-servlet/1.19/2f19f1f7096d0fe3e09ae5698e4427114c23ad03/jersey-servlet-1.19.jar:/Users/raliclo/.gradle/caches/modules-2/files-2.1/commons-beanutils/commons-beanutils/1.9.3/c845703de334ddc6b4b3cd26835458cb1cba1f3d/commons-beanutils-1.9.3.jar:/Users/raliclo/.gradle/caches/modules-2/files-2.1/org.apache.commons/commons-configuration2/2.1/a78662683bc37781c44d5ba1df799d6e10fbc03d/commons-configuration2-2.1.jar:/Users/raliclo/.gradle/caches/modules-2/files-2.1/com.google.re2j/re2j/1.0/d24ac5f945b832d93a55343cd1645b1ba3eca7c3/re2j-1.0.jar:/Users/raliclo/.gradle/caches/modules-2/files-2.1/com.jcraft/jsch/0.1.51/6ceee2696b07cc320d0e1aaea82c7b40768aca0f/jsch-0.1.51.jar:/Users/raliclo/.gradle/caches/modules-2/files-2.1/org.apache.curator/curator-client/2.7.1/a591dfc085db3e9d4d480381cc7e6ae8a26b34af/curator-client-2.7.1.jar:/Users/raliclo/.gradle/caches/modules-2/files-2.1/org.apache.curator/curator-recipes/2.7.1/a2c180efc6a38a4f8c9197eb35bb4eb5716cd2fa/curator-recipes-2.7.1.jar:/Users/raliclo/.gradle/caches/modules-2/files-2.1/org.apache.htrace/htrace-core4/4.1.0-incubating/12b3e2adda95e8c41d9d45d33db075137871d2e2/htrace-core4-4.1.0-incubating.jar:/Users/raliclo/.gradle/caches/modules-2/files-2.1/org.apache.zookeeper/zookeeper/3.4.8/f02eeeeb9ff6fe17fea3362cbc7a691ada7be769/zookeeper-3.4.8-tests.jar:/Users/raliclo/.gradle/caches/modules-2/files-2.1/org.apache.kerby/kerb-simplekdc/1.0.0-RC2/9838ba87c7b89cc8778db0ca9335779667e0fcdb/kerb-simplekdc-1.0.0-RC2.jar:/Users/raliclo/.gradle/caches/modules-2/files-2.1/org.apache.hadoop/hadoop-hdfs-client/3.0.0-alpha2/613f3129077e02d370794c1bcd20a6c4ceceb31d/hadoop-hdfs-client-3.0.0-alpha2.jar:/Users/raliclo/.gradle/caches/modules-2/files-2.1/org.eclipse.jetty/jetty-util-ajax/9.3.11.v20160721/8cd770e5282667e9277c4d7be9d923f762e2bc7c/jetty-util-ajax-9.3.11.v20160721.jar:/Users/raliclo/.gradle/caches/modules-2/files-2.1/commons-daemon/commons-daemon/1.0.13/750856a1fdb3ddf721ccf73c3518e4211cffc3a3/commons-daemon-1.0.13.jar:/Users/raliclo/.gradle/caches/modules-2/files-2.1/com.twitter/hpack/0.11.0/9672e39c94613ea85fdbc8a50d1af57631805b9/hpack-0.11.0.jar:/Users/raliclo/.gradle/caches/modules-2/files-2.1/org.fusesource.leveldbjni/leveldbjni-all/1.8/707350a2eeb1fa2ed77a32ddb3893ed308e941db/leveldbjni-all-1.8.jar:/Users/raliclo/.gradle/caches/modules-2/files-2.1/com.google.inject.extensions/guice-servlet/4.0/4503da866f4c402b5090579b40c1c4aaefabb164/guice-servlet-4.0.jar:/Users/raliclo/.gradle/caches/modules-2/files-2.1/javax.xml.bind/jaxb-api/2.2.11/32274d4244967ff43e7a5d967743d94ed3d2aea7/jaxb-api-2.2.11.jar:/Users/raliclo/.gradle/caches/modules-2/files-2.1/com.sun.jersey/jersey-client/1.19/6836ee36dba2b3ac1d0ff4733129fba8aba7f963/jersey-client-1.19.jar:/Users/raliclo/.gradle/caches/modules-2/files-2.1/com.sun.jersey.contribs/jersey-guice/1.19/57106fa1b02f7d7fbca88adf2caa0d51f00b7799/jersey-guice-1.19.jar:/Users/raliclo/.gradle/caches/modules-2/files-2.1/com.fasterxml.jackson.module/jackson-module-jaxb-annotations/2.8.7/4d7e1de1694d9f95eada828dabf43121b3afc435/jackson-module-jaxb-annotations-2.8.7.jar:/Users/raliclo/.gradle/caches/modules-2/files-2.1/com.fasterxml.jackson.jaxrs/jackson-jaxrs-json-provider/2.8.7/3d6ac461d0b478c85ca380468f675c7217295591/jackson-jaxrs-json-provider-2.8.7.jar:/Users/raliclo/.gradle/caches/modules-2/files-2.1/com.codahale.metrics/metrics-core/3.0.1/1e98427c7f6e53363b598e2943e50903ce4f3657/metrics-core-3.0.1.jar:/Users/raliclo/.gradle/caches/modules-2/files-2.1/org.apache.hadoop/hadoop-yarn-server-applicationhistoryservice/3.0.0-alpha2/a09fc02b2654b91504a4d36f7ec6b51083f8d670/hadoop-yarn-server-applicationhistoryservice-3.0.0-alpha2.jar:/Users/raliclo/.gradle/caches/modules-2/files-2.1/org.apache.hadoop/hadoop-yarn-server-timelineservice/3.0.0-alpha2/b39a0ea03f19835349017eba445a5ec9d4212368/hadoop-yarn-server-timelineservice-3.0.0-alpha2.jar:/Users/raliclo/.gradle/caches/modules-2/files-2.1/org.apache.curator/curator-test/2.7.1/6a4ce659a26036f44319837bc343c383b0c5a411/curator-test-2.7.1.jar:/Users/raliclo/.gradle/caches/modules-2/files-2.1/com.nimbusds/nimbus-jose-jwt/3.9/db91ef101bb59af08371bfc8e39fa83423f20954/nimbus-jose-jwt-3.9.jar:/Users/raliclo/.gradle/caches/modules-2/files-2.1/org.apache.curator/curator-framework/2.7.1/8c7b1eeb78e43bb91ea737111ba3dec0512be876/curator-framework-2.7.1.jar:/Users/raliclo/.gradle/caches/modules-2/files-2.1/org.apache.hadoop/hadoop-yarn-server-tests/3.0.0-alpha2/e2d48405d17fe6c53c8ec6e1a5cb0fd3d0e70cd8/hadoop-yarn-server-tests-3.0.0-alpha2-tests.jar:/Users/raliclo/.gradle/caches/modules-2/files-2.1/org.jgroups/jgroups/3.6.6.Final/688ee993083df9eb123d051d2ff0810859c8325e/jgroups-3.6.6.Final.jar:/Users/raliclo/.gradle/caches/modules-2/files-2.1/javax.resource/javax.resource-api/1.7/ae40e0864eb1e92c48bf82a2a3399cbbf523fb79/javax.resource-api-1.7.jar:/Users/raliclo/.gradle/caches/modules-2/files-2.1/org.eclipse.jetty/jetty-xml/9.4.2.v20170220/e2943f6191c7bc36d891debee100ce56dbac76c6/jetty-xml-9.4.2.v20170220.jar:/Users/raliclo/.gradle/caches/modules-2/files-2.1/mx4j/mx4j-tools/3.0.1/df853af9fe34d4eb6f849a1b5936fddfcbe67751/mx4j-tools-3.0.1.jar:/Users/raliclo/.gradle/caches/modules-2/files-2.1/it.unimi.dsi/fastutil/7.0.2/20876232e2cd12563507e4c9e85bd7948bc0656f/fastutil-7.0.2.jar:/Users/raliclo/.gradle/caches/modules-2/files-2.1/commons-modeler/commons-modeler/2.0/177f22811ed71980e5cda66de05bd070e4da3ee3/commons-modeler-2.0.jar:/Users/raliclo/.gradle/caches/modules-2/files-2.1/org.apache.geode/gemfire-joptsimple/1.0.0-incubating.M1/cd9689f50f29b43a4cc8333447d1375de5678d05/gemfire-joptsimple-1.0.0-incubating.M1.jar:/Users/raliclo/.gradle/caches/modules-2/files-2.1/com.github.stephenc.findbugs/findbugs-annotations/1.3.9-1/a6b11447635d80757d64b355bed3c00786d86801/findbugs-annotations-1.3.9-1.jar:/Users/raliclo/.gradle/caches/modules-2/files-2.1/javax.activation/activation/1.1.1/485de3a253e23f645037828c07f1d7f1af40763a/activation-1.1.1.jar:/Users/raliclo/.gradle/caches/modules-2/files-2.1/org.apache.logging.log4j/log4j-jcl/2.7/6cb92fe04a44357106f8454c35c1032198f66a79/log4j-jcl-2.7.jar:/Users/raliclo/.gradle/caches/modules-2/files-2.1/org.fusesource.jansi/jansi/1.8/81da0c3980e30744184bec4706cf6f4508d3d7ea/jansi-1.8.jar:/Users/raliclo/.gradle/caches/modules-2/files-2.1/javax.mail/javax.mail-api/1.5.6/51c7a973efb1123558b62e95e31ab03cfa00fa7a/javax.mail-api-1.5.6.jar:/Users/raliclo/.gradle/caches/modules-2/files-2.1/mx4j/mx4j-remote/3.0.1/f491951e754c24e7487efdd9f36d0677bfeb4184/mx4j-remote-3.0.1.jar:/Users/raliclo/.gradle/caches/modules-2/files-2.1/antlr/antlr/2.7.7/83cd2cd674a217ade95a4bb83a8a14f351f48bd0/antlr-2.7.7.jar:/Users/raliclo/.gradle/caches/modules-2/files-2.1/mx4j/mx4j/3.0.1/991089e21fce990b84d9e06e9ed9cc00d518ae56/mx4j-3.0.1.jar:/Users/raliclo/.gradle/caches/modules-2/files-2.1/org.apache.geode/gemfire-json/1.0.0-incubating.M1/4afd64272dbab8ea763e1680b5afb3fbd159bf4c/gemfire-json-1.0.0-incubating.M1.jar:/Users/raliclo/.gradle/caches/modules-2/files-2.1/org.springframework.shell/spring-shell/1.1.0.RELEASE/32fcf5aacf7bd5d997dbf2f8f95ed9369d81d9c0/spring-shell-1.1.0.RELEASE.jar:/Users/raliclo/.gradle/caches/modules-2/files-2.1/org.apache.geode/gemfire-common/1.0.0-incubating.M1/7f9b173111e4c261d7a94b3749056b80df0a2a21/gemfire-common-1.0.0-incubating.M1.jar:/Users/raliclo/.gradle/caches/modules-2/files-2.1/org.apache.hbase/hbase/0.94.27/d0e1f44e59e9d64f31b40621ae7bd53a6d0a13b1/hbase-0.94.27.jar:/Users/raliclo/.gradle/caches/modules-2/files-2.1/net.java.dev.jna/jna/4.2.2/5012450aee579c3118ff09461d5ce210e0cdc2a9/jna-4.2.2.jar:/Users/raliclo/.gradle/caches/modules-2/files-2.1/org.apache.avro/avro-mapred/1.7.7/d8f23aff4a3c827c6a35009c8182872bfc0e52f5/avro-mapred-1.7.7-hadoop2.jar:/Users/raliclo/.gradle/caches/modules-2/files-2.1/com.twitter/chill_2.11/0.8.0/3cbb2bf5382e5a2abfce0e258637060ed23266fc/chill_2.11-0.8.0.jar:/Users/raliclo/.gradle/caches/modules-2/files-2.1/com.twitter/chill-java/0.8.0/7ab1c85ae80f25c6e6d4aab720ff9394a5ac4d5d/chill-java-0.8.0.jar:/Users/raliclo/.gradle/caches/modules-2/files-2.1/org.apache.xbean/xbean-asm5-shaded/4.4/a413bb5a8571d4c86a47e8a0272ba7ab0d1a17f5/xbean-asm5-shaded-4.4.jar:/Users/raliclo/.gradle/caches/modules-2/files-2.1/org.apache.spark/spark-launcher_2.11/2.0.0/9c3e1bd84ccb099e86ea232f5acd8fec1a61e291/spark-launcher_2.11-2.0.0.jar:/Users/raliclo/.gradle/caches/modules-2/files-2.1/org.slf4j/jul-to-slf4j/1.7.24/25a2be668cb2ad1d05d76c0773df73b4b53617fd/jul-to-slf4j-1.7.24.jar:/Users/raliclo/.gradle/caches/modules-2/files-2.1/com.ning/compress-lzf/1.0.3/3e1495b0c532ebe58f1c8b1c5d9b3bdcc6c1504c/compress-lzf-1.0.3.jar:/Users/raliclo/.gradle/caches/modules-2/files-2.1/net.jpountz.lz4/lz4/1.3.0/c708bb2590c0652a642236ef45d9f99ff842a2ce/lz4-1.3.0.jar:/Users/raliclo/.gradle/caches/modules-2/files-2.1/org.roaringbitmap/RoaringBitmap/0.5.11/e6b04760ea1896fc36beea4f11b8649481bf5af7/RoaringBitmap-0.5.11.jar:/Users/raliclo/.gradle/caches/modules-2/files-2.1/org.json4s/json4s-jackson_2.11/3.2.11/23101cc7e917e2005b8b244dbd2949ca6d8ff107/json4s-jackson_2.11-3.2.11.jar:/Users/raliclo/.gradle/caches/modules-2/files-2.1/org.glassfish.jersey.core/jersey-server/2.25.1/276e2ee0fd1cdabf99357fce560c5baab675b1a2/jersey-server-2.25.1.jar:/Users/raliclo/.gradle/caches/modules-2/files-2.1/org.glassfish.jersey.containers/jersey-container-servlet/2.25.1/cf5f7a76fcea38158b890ab7a0142d4db709a882/jersey-container-servlet-2.25.1.jar:/Users/raliclo/.gradle/caches/modules-2/files-2.1/org.glassfish.jersey.containers/jersey-container-servlet-core/2.25.1/400e30bb035a0cdf3c554530224141ce659a0d1e/jersey-container-servlet-core-2.25.1.jar:/Users/raliclo/.gradle/caches/modules-2/files-2.1/org.apache.mesos/mesos/1.2.0/5da922d9bbe369986f50b358abba1f56e04a7fcf/mesos-1.2.0-shaded-protobuf.jar:/Users/raliclo/.gradle/caches/modules-2/files-2.1/com.clearspring.analytics/stream/2.7.0/9998f8cf87d329fef226405f8d519638cfe1431d/stream-2.7.0.jar:/Users/raliclo/.gradle/caches/modules-2/files-2.1/io.dropwizard.metrics/metrics-core/3.1.3/60c95a0f487b3b86e7d0e11e8ab7cd7d64288734/metrics-core-3.1.3.jar:/Users/raliclo/.gradle/caches/modules-2/files-2.1/io.dropwizard.metrics/metrics-jvm/3.1.2/ed364e77218e50fdcdebce4d982cb4d1f4a8c187/metrics-jvm-3.1.2.jar:/Users/raliclo/.gradle/caches/modules-2/files-2.1/io.dropwizard.metrics/metrics-json/3.1.2/88d9e57e1ef6431109d4030c717cf5f927900fd9/metrics-json-3.1.2.jar:/Users/raliclo/.gradle/caches/modules-2/files-2.1/io.dropwizard.metrics/metrics-graphite/3.1.3/58b974e9a7d15004675cb54c076758283f7bba86/metrics-graphite-3.1.3.jar:/Users/raliclo/.gradle/caches/modules-2/files-2.1/com.fasterxml.jackson.module/jackson-module-scala_2.11/2.8.7/75a8bd7cfc254ef763d773cfd4a1cc31c0dec08e/jackson-module-scala_2.11-2.8.7.jar:/Users/raliclo/.gradle/caches/modules-2/files-2.1/org.apache.ivy/ivy/2.4.0/5abe4c24bbe992a9ac07ca563d5bd3e8d569e9ed/ivy-2.4.0.jar:/Users/raliclo/.gradle/caches/modules-2/files-2.1/net.razorvine/pyrolite/4.9/ed38335f0609a1a623921096724726d9b823c938/pyrolite-4.9.jar:/Users/raliclo/.gradle/caches/modules-2/files-2.1/net.sf.py4j/py4j/0.10.1/f87bf4daec67dda6591a60d52683123a1e9c254c/py4j-0.10.1.jar:/Users/raliclo/.gradle/caches/modules-2/files-2.1/org.spark-project.spark/unused/1.0.0/205fe37a2fade6ce6dfcf8eff57ed21a4a1c22af/unused-1.0.0.jar:/Users/raliclo/.gradle/caches/modules-2/files-2.1/com.univocity/univocity-parsers/2.1.1/f0b4ce099fe3c5b3d8b86f4d46554c2ed78ae3bc/univocity-parsers-2.1.1.jar:/Users/raliclo/.gradle/caches/modules-2/files-2.1/org.apache.spark/spark-sketch_2.11/2.0.0/34d31dd8512d79e5992a352ec421ab938ab463f2/spark-sketch_2.11-2.0.0.jar:/Users/raliclo/.gradle/caches/modules-2/files-2.1/org.apache.parquet/parquet-column/1.7.0/87b549ad6981c2484cf2c800dae17dde027b6c3d/parquet-column-1.7.0.jar:/Users/raliclo/.gradle/caches/modules-2/files-2.1/org.apache.parquet/parquet-hadoop/1.7.0/a3d39d6556d0f52a8a47082d2421f70ec74c3e28/parquet-hadoop-1.7.0.jar:/Users/raliclo/.gradle/caches/modules-2/files-2.1/org.apache.spark/spark-mllib-local_2.11/2.0.0/7dca535611bc48bb772785b39b8c0bb685a9e83d/spark-mllib-local_2.11-2.0.0.jar:/Users/raliclo/.gradle/caches/modules-2/files-2.1/org.scalanlp/breeze_2.11/0.11.2/4ad3c8d549f05e59b6b9d82d6882025a853f027/breeze_2.11-0.11.2.jar:/Users/raliclo/.gradle/caches/modules-2/files-2.1/org.jpmml/pmml-model/1.2.15/2b026b87ae80d8957419d4cc7c7fe31080764004/pmml-model-1.2.15.jar:/Users/raliclo/.gradle/caches/modules-2/files-2.1/com.twitter/parquet-hadoop-bundle/1.6.0/b5ac7d2781de212c84420962723093cd17cefd72/parquet-hadoop-bundle-1.6.0.jar:/Users/raliclo/.gradle/caches/modules-2/files-2.1/org.spark-project.hive/hive-exec/1.2.1.spark2/7a6236e2fce787814560970a49a1c517e6de1927/hive-exec-1.2.1.spark2.jar:/Users/raliclo/.gradle/caches/modules-2/files-2.1/org.spark-project.hive/hive-metastore/1.2.1.spark2/1fde9720e4ead8c07b28c45011e231277c79b7a1/hive-metastore-1.2.1.spark2.jar:/Users/raliclo/.gradle/caches/modules-2/files-2.1/org.apache.calcite/calcite-core/1.2.0-incubating/48fbc72e0c33026e53ab2272bafa4917ff598693/calcite-core-1.2.0-incubating.jar:/Users/raliclo/.gradle/caches/modules-2/files-2.1/org.jodd/jodd-core/3.5.2/a9ac8028eeeb5fa430e17017628629c94123c401/jodd-core-3.5.2.jar:/Users/raliclo/.gradle/caches/modules-2/files-2.1/org.datanucleus/datanucleus-core/3.2.10/7ad66634f30d7c6a06373475e94bcfbe65e2648e/datanucleus-core-3.2.10.jar:/Users/raliclo/.gradle/caches/modules-2/files-2.1/org.apache.thrift/libfb303/0.9.2/170e8070265a469a2365c1e4c65f8d4f0c384ec6/libfb303-0.9.2.jar:/Users/raliclo/.gradle/caches/modules-2/files-2.1/com.github.fommil.netlib/core/1.1.2/574b480eca62f535fad6d259e144fee3ef24b66e/core-1.1.2.jar:/Users/raliclo/.gradle/caches/modules-2/files-2.1/net.sourceforge.f2j/arpack_combined_all/0.1/225619a060b42605b4d9fd4af11815664abf26eb/arpack_combined_all-0.1.jar:/Users/raliclo/.gradle/caches/modules-2/files-2.1/org.twitter4j/twitter4j-stream/4.0.4/e9c442a779c65cef8872e8676bf693ad88379086/twitter4j-stream-4.0.4.jar:/Users/raliclo/.gradle/caches/modules-2/files-2.1/com.madgag.spongycastle/core/1.51.0.0/f642963312ea0e615ad65f28adc5a5b3a2a0862/core-1.51.0.0.jar:/Users/raliclo/.gradle/caches/modules-2/files-2.1/com.lambdaworks/scrypt/1.4.0/906506b74f30c8c20bccd9ed4a11112d8941fe87/scrypt-1.4.0.jar:/Users/raliclo/.gradle/caches/modules-2/files-2.1/org.bitcoinj/orchid/1.2.1/53beecbbb57040608d0c54a7408ee3eb06e71a59/orchid-1.2.1.jar:/Users/raliclo/.gradle/caches/modules-2/files-2.1/com.squareup.okhttp/okhttp/2.7.2/20f6463eb19ac61960c5d91a094c2f4f0727dc2e/okhttp-2.7.2.jar:/Users/raliclo/.gradle/caches/modules-2/files-2.1/org.apache.tinkerpop/gremlin-core/3.2.4/bff3ed6a7026714bd109424925d89d381402eb55/gremlin-core-3.2.4.jar:/Users/raliclo/.gradle/caches/modules-2/files-2.1/org.apache.tinkerpop/gremlin-groovy/3.2.4/28adcc3bb6baaca23adf723db66baa9100a09da/gremlin-groovy-3.2.4.jar:/Users/raliclo/.gradle/caches/modules-2/files-2.1/org.codehaus.jackson/jackson-core-asl/1.9.13/3c304d70f42f832e0a86d45bd437f692129299a4/jackson-core-asl-1.9.13.jar:/Users/raliclo/.gradle/caches/modules-2/files-2.1/org.eclipse.californium/element-connector/2.0.0-M3/ac2577d1bb0d0c6ce0e36be0eb7c16931320133f/element-connector-2.0.0-M3.jar:/Users/raliclo/.gradle/caches/modules-2/files-2.1/org.eclipse.leshan/leshan-server-cf/1.0.0-M1/e741b9f62c95975fedbadb527a588429f6b04624/leshan-server-cf-1.0.0-M1.jar:/Users/raliclo/.gradle/caches/modules-2/files-2.1/org.eclipse.leshan/leshan-client-cf/1.0.0-M1/f45af1cd093639e4e7a2d9f4bb749f0cd2436bc6/leshan-client-cf-1.0.0-M1.jar:/Users/raliclo/.gradle/caches/modules-2/files-2.1/com.google.zxing/core/3.3.0/73c49077166faa4c3c0059c5f583d1d7bd1475fe/core-3.3.0.jar:/Users/raliclo/.gradle/caches/modules-2/files-2.1/io.github.nicolasstucki/multisets_2.11/0.4/7d5198ecb8d99962b248778b454d7cb6a5348c7b/multisets_2.11-0.4.jar:/Users/raliclo/.gradle/caches/modules-2/files-2.1/org.scalacheck/scalacheck_2.11/1.13.4/7845816647d5a80d30e5a71862b31f3fee894549/scalacheck_2.11-1.13.4.jar:/Users/raliclo/.gradle/caches/modules-2/files-2.1/org.jetbrains/annotations/15.0/d40ab99147584cf6cfb5245be67b3fee2c7220f9/annotations-15.0.jar:/Users/raliclo/.gradle/caches/modules-2/files-2.1/io.undertow/undertow-core/1.4.11.Final/abdab52debbe7596ca577c83f5071f2e0e812b26/undertow-core-1.4.11.Final.jar:/Users/raliclo/.gradle/caches/modules-2/files-2.1/org.iq80.leveldb/leveldb-api/0.7/e620acc87a8162f668a5ea62cbe0561560c50044/leveldb-api-0.7.jar:/Users/raliclo/.gradle/caches/modules-2/files-2.1/org.iq80.leveldb/leveldb/0.7/77df3093388129dea3b2b8758ddd3c7bf36bc22c/leveldb-0.7.jar:/Users/raliclo/.gradle/caches/modules-2/files-2.1/org.alluxio/alluxio-core-common/1.4.0/8bdcf5bb19c2995d5fcca2920bb0bc697d7e0597/alluxio-core-common-1.4.0.jar:/Users/raliclo/.gradle/caches/modules-2/files-2.1/org.alluxio/alluxio-underfs-hdfs/1.4.0/ccddcdd41d693dbf4632f04eaf0f9d40bc6e7e5d/alluxio-underfs-hdfs-1.4.0.jar:/Users/raliclo/.gradle/caches/modules-2/files-2.1/org.alluxio/alluxio-underfs-local/1.4.0/ea7b44e50d73c0cd0cd355dace4fc5a77d33b5dc/alluxio-underfs-local-1.4.0.jar:/Users/raliclo/.gradle/caches/modules-2/files-2.1/org.alluxio/alluxio-underfs-s3/1.4.0/3e432cca182e88950e5ba2b897171dadd11c8d93/alluxio-underfs-s3-1.4.0.jar:/Users/raliclo/.gradle/caches/modules-2/files-2.1/org.alluxio/alluxio-underfs-s3a/1.4.0/f525243e5baeb852e7141077ccccfe765a74b686/alluxio-underfs-s3a-1.4.0.jar:/Users/raliclo/.gradle/caches/modules-2/files-2.1/org.alluxio/alluxio-underfs-gcs/1.4.0/4ad61a236e033f39eeb3d63a49839fadf43ac3c/alluxio-underfs-gcs-1.4.0.jar:/Users/raliclo/.gradle/caches/modules-2/files-2.1/org.alluxio/alluxio-underfs-swift/1.4.0/8057c35d3fc15d7fc44f867a4e3822e3a3c13d6f/alluxio-underfs-swift-1.4.0.jar:/Users/raliclo/.gradle/caches/modules-2/files-2.1/org.alluxio/alluxio-keyvalue-client/1.4.0/b1d66fba530c3b806cd8eb9499eecd4bcdd1c408/alluxio-keyvalue-client-1.4.0.jar:/Users/raliclo/.gradle/caches/modules-2/files-2.1/org.apache.poi/poi-ooxml-schemas/3.16-beta2/71c1e055ab2d92c8fbd6d7c779719b097d63ddc3/poi-ooxml-schemas-3.16-beta2.jar:/Users/raliclo/.gradle/caches/modules-2/files-2.1/com.github.virtuald/curvesapi/1.04/3386abf821719bc89c7685f9eaafaf4a842f0199/curvesapi-1.04.jar:/Users/raliclo/.gradle/caches/modules-2/files-2.1/org.deeplearning4j/deeplearning4j-modelimport/0.8.0/1518fc46b1a706d3a367144c93924aa335464a16/deeplearning4j-modelimport-0.8.0.jar:/Users/raliclo/.gradle/caches/modules-2/files-2.1/org.deeplearning4j/deeplearning4j-nn/0.8.0/ab1da061c0006855fc8624b27246254ab8a7ab98/deeplearning4j-nn-0.8.0.jar:/Users/raliclo/.gradle/caches/modules-2/files-2.1/org.nd4j/nd4j-api/0.8.0/66ff090e6dac155e4ebc2d74242d94d694438c8f/nd4j-api-0.8.0.jar:/Users/raliclo/.gradle/caches/modules-2/files-2.1/org.nd4j/jackson/0.8.0/78fd0e70a2975f8abd5373fef5594a1c31f8f9c3/jackson-0.8.0.jar:/Users/raliclo/.gradle/caches/modules-2/files-2.1/org.json/json/20140107/d1ffca6e2482b002702c6a576166fd685e3370e3/json-20140107.jar:/Users/raliclo/.gradle/caches/modules-2/files-2.1/org.projectlombok/lombok/1.16.14/8486573ff5a5f17f48920c860caf534e7461976b/lombok-1.16.14.jar:/Users/raliclo/.gradle/caches/modules-2/files-2.1/org.datavec/datavec-nd4j-common/0.8.0/f80f0bcc6de5e169615687c1102d1bf760563a9a/datavec-nd4j-common-0.8.0.jar:/Users/raliclo/.gradle/caches/modules-2/files-2.1/org.datavec/datavec-api/0.8.0/e9086c528fbe07bb714e73b23bfcba1ca5fe7ec7/datavec-api-0.8.0.jar:/Users/raliclo/.gradle/caches/modules-2/files-2.1/org.datavec/datavec-data-image/0.8.0/546a4379c2b3a85aaed594ada38030d6c0126b62/datavec-data-image-0.8.0.jar:/Users/raliclo/.gradle/caches/modules-2/files-2.1/org.deeplearning4j/deeplearning4j-ui-components/0.8.0/994285ed160eca443cdd87663c34b363033b56f6/deeplearning4j-ui-components-0.8.0.jar:/Users/raliclo/.gradle/caches/modules-2/files-2.1/org.nd4j/nd4j-native/0.8.0/fcc9f67f8ddfeba3e89945a41fc4eef9be2a65/nd4j-native-0.8.0.jar:/Users/raliclo/.gradle/caches/modules-2/files-2.1/org.nd4j/nd4j-native/0.8.0/6b0ea138f7b884b3872fdac1fe0c01a27f7f21f0/nd4j-native-0.8.0-android-arm.jar:/Users/raliclo/.gradle/caches/modules-2/files-2.1/org.nd4j/nd4j-native/0.8.0/7dc79ca34663fb1295cfbb0be1ea07a46335e974/nd4j-native-0.8.0-android-x86.jar:/Users/raliclo/.gradle/caches/modules-2/files-2.1/org.nd4j/nd4j-native/0.8.0/586bd73d09203fe7243b5d81d74e379719fbc7ed/nd4j-native-0.8.0-linux-x86_64.jar:/Users/raliclo/.gradle/caches/modules-2/files-2.1/org.nd4j/nd4j-native/0.8.0/8b8241832a6ab698f8bd9a0d1d8c58fb38287774/nd4j-native-0.8.0-macosx-x86_64.jar:/Users/raliclo/.gradle/caches/modules-2/files-2.1/org.nd4j/nd4j-native/0.8.0/cbdeb494e39e5719f95cbca859bf024e0ea37535/nd4j-native-0.8.0-windows-x86_64.jar:/Users/raliclo/.gradle/caches/modules-2/files-2.1/org.nd4j/nd4j-native/0.8.0/119933ec083e1ea17c0e457c70094e45164583df/nd4j-native-0.8.0-linux-ppc64le.jar:/Users/raliclo/.gradle/caches/modules-2/files-2.1/com.gluonhq/charm-down-common/2.0.0/ad73abc0ce08616652aa84ef8e5e56fc2989e14d/charm-down-common-2.0.0.jar:/Users/raliclo/.gradle/caches/modules-2/files-2.1/com.sun.mail/javax.mail/1.5.6/ab5daef2f881c42c8e280cbe918ec4d7fdfd7efe/javax.mail-1.5.6.jar:/Users/raliclo/.gradle/caches/modules-2/files-2.1/com.sun.xml.bind/jaxb-core/2.2.11/c3f87d654f8d5943cd08592f3f758856544d279a/jaxb-core-2.2.11.jar:/Users/raliclo/.gradle/caches/modules-2/files-2.1/com.sun.xml.bind/jaxb-impl/2.2.11/a49ce57aee680f9435f49ba6ef427d38c93247a6/jaxb-impl-2.2.11.jar:/Users/raliclo/.gradle/caches/modules-2/files-2.1/org.apache.camel/camel-spring/2.18.2/bdb347f522d1693160caa9ae9dbdfa30a5e59a4/camel-spring-2.18.2.jar:/Users/raliclo/.gradle/caches/modules-2/files-2.1/org.apache.camel/camel-jetty9/2.18.2/b348d523c5c6425059a9ffc0cae354aa0aed6054/camel-jetty9-2.18.2.jar:/Users/raliclo/.gradle/caches/modules-2/files-2.1/com.thoughtworks.xstream/xstream/1.4.9/c43f6e6bfa79b56e04a8898a923c3cf7144dd460/xstream-1.4.9.jar:/Users/raliclo/.gradle/caches/modules-2/files-2.1/stax/stax-api/1.0.1/49c100caf72d658aca8e58bd74a4ba90fa2b0d70/stax-api-1.0.1.jar:/Users/raliclo/.gradle/caches/modules-2/files-2.1/org.codehaus.woodstox/woodstox-core-asl/4.4.1/84fee5eb1a4a1cefe65b6883c73b3fa83be3c1a1/woodstox-core-asl-4.4.1.jar:/Users/raliclo/.gradle/caches/modules-2/files-2.1/org.jboss.logging/jboss-logging/3.3.0.Final/3616bb87707910296e2c195dc016287080bba5af/jboss-logging-3.3.0.Final.jar:/Users/raliclo/.gradle/caches/modules-2/files-2.1/org.hibernate.javax.persistence/hibernate-jpa-2.1-api/1.0.0.Final/5e731d961297e5a07290bfaf3db1fbc8bbbf405a/hibernate-jpa-2.1-api-1.0.0.Final.jar:/Users/raliclo/.gradle/caches/modules-2/files-2.1/org.javassist/javassist/3.21.0-GA/598244f595db5c5fb713731eddbb1c91a58d959b/javassist-3.21.0-GA.jar:/Users/raliclo/.gradle/caches/modules-2/files-2.1/org.jboss.spec.javax.transaction/jboss-transaction-api_1.2_spec/1.0.1.Final/4441f144a2a1f46ed48fcc6b476a4b6295e6d524/jboss-transaction-api_1.2_spec-1.0.1.Final.jar:/Users/raliclo/.gradle/caches/modules-2/files-2.1/org.jboss/jandex/2.0.3.Final/bfc4d6257dbff7a33a357f0de116be6ff951d849/jandex-2.0.3.Final.jar:/Users/raliclo/.gradle/caches/modules-2/files-2.1/com.fasterxml/classmate/1.3.3/864c8e370a691e343210cc7c532fc198cee460d8/classmate-1.3.3.jar:/Users/raliclo/.gradle/caches/modules-2/files-2.1/dom4j/dom4j/1.6.1/5d3ccc056b6f056dbf0dddfdf43894b9065a8f94/dom4j-1.6.1.jar:/Users/raliclo/.gradle/caches/modules-2/files-2.1/org.hibernate.common/hibernate-commons-annotations/5.0.1.Final/71e1cff3fcb20d3b3af4f3363c3ddb24d33c6879/hibernate-commons-annotations-5.0.1.Final.jar:/Users/raliclo/.gradle/caches/modules-2/files-2.1/org.rococoa/rococoa-core/0.5/9a7180b71570afe7988086eb8a95cf617a02f82a/rococoa-core-0.5.jar:/Users/raliclo/.gradle/caches/modules-2/files-2.1/org.scala-lang.modules/scala-xml_2.12/1.0.6/e22de3366a698a9f744106fb6dda4335838cf6a7/scala-xml_2.12-1.0.6.jar:/Users/raliclo/.gradle/caches/modules-2/files-2.1/org.scala-lang.modules/scala-parser-combinators_2.12/1.0.4/7c5f25a2d40ea7651452f0f0d1d4c12dabffcb8b/scala-parser-combinators_2.12-1.0.4.jar:/Users/raliclo/.gradle/caches/modules-2/files-2.1/org.scala-lang.modules/scala-swing_2.12/2.0.0-M2/db830471376a56242d4b4de0b214e31641db3868/scala-swing_2.12-2.0.0-M2.jar:/Users/raliclo/.gradle/caches/modules-2/files-2.1/net.sf.jopt-simple/jopt-simple/4.9/ee9e9eaa0a35360dcfeac129ff4923215fd65904/jopt-simple-4.9.jar:/Users/raliclo/.gradle/caches/modules-2/files-2.1/com.yammer.metrics/metrics-core/2.2.0/f82c035cfa786d3cbec362c38c22a5f5b1bc8724/metrics-core-2.2.0.jar:/Users/raliclo/.gradle/caches/modules-2/files-2.1/org.scala-lang.modules/scala-parser-combinators_2.11/1.0.4/7369d653bcfa95d321994660477a4d7e81d7f490/scala-parser-combinators_2.11-1.0.4.jar:/Users/raliclo/.gradle/caches/modules-2/files-2.1/org.rocksdb/rocksdbjni/4.9.0/9be2d4f0639e3abddc5ab647240fdba8ef8f7bdb/rocksdbjni-4.9.0.jar:/Users/raliclo/.gradle/caches/modules-2/files-2.1/org.apache.kafka/kafka_2.10/0.10.1.1/2f7ff83850c98ead43ab4be293be45453f077651/kafka_2.10-0.10.1.1.jar:/Users/raliclo/.gradle/caches/modules-2/files-2.1/net.sourceforge.argparse4j/argparse4j/0.5.0/701046e9aaaa4a23d45b2d21e3d865426ffb571f/argparse4j-0.5.0.jar:/Users/raliclo/.gradle/caches/modules-2/files-2.1/org.eclipse.jetty/jetty-servlets/9.4.2.v20170220/45abae6b38e3e62af2f45f96590e522593d3fb7/jetty-servlets-9.4.2.v20170220.jar:/Users/raliclo/.gradle/caches/modules-2/files-2.1/org.reflections/reflections/0.9.10/c7f4ea230aedc757ca1499ebcfb2953c81cf8b67/reflections-0.9.10.jar:/Users/raliclo/.gradle/caches/modules-2/files-2.1/org.apache.pdfbox/fontbox/2.0.4/8acfda1f8ff231094fbc2c9534ce2523a84b84ae/fontbox-2.0.4.jar:/Users/raliclo/.gradle/caches/modules-2/files-2.1/org.tukaani/xz/1.5/9c64274b7dbb65288237216e3fae7877fd3f2bee/xz-1.5.jar:/Users/raliclo/.gradle/caches/modules-2/files-2.1/io.airlift/aircompressor/0.3/d2367c4419df1fbf4b186a07f81a70fc30c1031f/aircompressor-0.3.jar:/Users/raliclo/.gradle/caches/modules-2/files-2.1/org.apache.hive/hive-storage-api/2.2.1/57c9cfcabeb865ad41e6fdd92a46434803188494/hive-storage-api-2.2.1.jar:/Users/raliclo/.gradle/caches/modules-2/files-2.1/com.esotericsoftware/kryo-shaded/3.0.3/977d6b42d82de551fcf77dad84ef06c2839e3a74/kryo-shaded-3.0.3.jar:/Users/raliclo/.gradle/caches/modules-2/files-2.1/javax.cache/cache-api/1.0.0/2b57384801243f387f1a2e7ab8066ac79c2a91d3/cache-api-1.0.0.jar:/Users/raliclo/.gradle/caches/modules-2/files-2.1/org.gridgain/ignite-shmem/1.0.0/1874ee7f7fa2c7f4bc0c458f5dd1e3a3876418e9/ignite-shmem-1.0.0.jar:/Users/raliclo/.gradle/caches/modules-2/files-2.1/org.jodd/jodd-lagarto/3.4.8/6a1d86300cc7f856f323b57c17c208925724e895/jodd-lagarto-3.4.8.jar:/Users/raliclo/.gradle/caches/modules-2/files-2.1/org.apache.ant/ant/1.8.2/fc33bf7cd8c5309dd7b81228e8626515ee42efd9/ant-1.8.2.jar:/Users/raliclo/.gradle/caches/modules-2/files-2.1/org.apache.tomcat/tomcat-servlet-api/8.0.23/fe715e33b2a6ddf2d77970fe280235d228132953/tomcat-servlet-api-8.0.23.jar:/Users/raliclo/.gradle/caches/modules-2/files-2.1/org.eclipse.jetty/jetty-continuation/9.4.2.v20170220/fa4c97f2d57eda61490d690cfac88f3dc9c7c92c/jetty-continuation-9.4.2.v20170220.jar:/Users/raliclo/.gradle/caches/modules-2/files-2.1/org.json4s/json4s-core_2.11/3.5.0/70ceccef4c60bdc959b63d379fdde2ea94a188a0/json4s-core_2.11-3.5.0.jar:/Users/raliclo/.gradle/caches/modules-2/files-2.1/org.apache.ignite/ignite-indexing/1.9.0/ac9add2eba430d1012212f7ab989179b0f031a41/ignite-indexing-1.9.0.jar:/Users/raliclo/.gradle/caches/modules-2/files-2.1/org.apache.ignite/ignite-log4j/1.9.0/77fe9e32fcc0ac80255aa0f246c28bf3fbbc44dc/ignite-log4j-1.9.0.jar:/Users/raliclo/.gradle/caches/modules-2/files-2.1/org.apache.spark/spark-unsafe_2.10/2.1.0/4234f8b4df9275caced90411412372fea859fcb6/spark-unsafe_2.10-2.1.0.jar:/Users/raliclo/.gradle/caches/modules-2/files-2.1/org.apache.ignite/ignite-hibernate/1.0.0-RC3/f566eb5823f7fbd97da5641cb33fc884ddf7ba2b/ignite-hibernate-1.0.0-RC3.jar:/Users/raliclo/.gradle/caches/modules-2/files-2.1/com.google.code.simple-spring-memcached/spymemcached/2.7.3/1ae59770f332d7f560a3f2894a4f14d9c3c38d62/spymemcached-2.7.3.jar:/Users/raliclo/.gradle/caches/modules-2/files-2.1/org.ow2.asm/asm-tree/6.0_ALPHA/1508b4754e3adbe1b67994dce2d94aba90ed1a9/asm-tree-6.0_ALPHA.jar:/Users/raliclo/.gradle/caches/modules-2/files-2.1/com.twitter/util-function_2.12/6.42.0/6b30ba7e7171ee4c3f6a7a082b7e7f53661ccbd7/util-function_2.12-6.42.0.jar:/Users/raliclo/.gradle/caches/modules-2/files-2.1/org.lwjgl.lwjgl/lwjgl/2.9.3/3df168ac74e4a8c96562cdff24ad352e255bf89c/lwjgl-2.9.3.jar:/Users/raliclo/.gradle/caches/modules-2/files-2.1/org.codehaus.groovy/groovy-all/2.4.9/3334e99a8baae12d6e014d444149e337ceb99a00/groovy-all-2.4.9.jar:/Users/raliclo/.gradle/caches/modules-2/files-2.1/org.springframework.data/spring-data-rest-tests-core/3.0.0.BUILD-SNAPSHOT/b173bba4888b17affce3548bb7ffd7ec502c525f/spring-data-rest-tests-core-3.0.0.BUILD-SNAPSHOT-tests.jar:/Users/raliclo/.gradle/caches/modules-2/files-2.1/org.springframework.data/spring-data-mongodb/2.0.0.BUILD-SNAPSHOT/e66d780fb20464225191223bad75db59794f09f2/spring-data-mongodb-2.0.0.BUILD-SNAPSHOT.jar:/Users/raliclo/.gradle/caches/modules-2/files-2.1/com.querydsl/querydsl-mongodb/4.1.4/22af4eecb570a4592c28010c5ec3a1301ce44429/querydsl-mongodb-4.1.4.jar:/Users/raliclo/.gradle/caches/modules-2/files-2.1/com.querydsl/querydsl-core/4.1.4/5a5c4064169db7d56f63edd81f64de00d3add197/querydsl-core-4.1.4.jar:/Users/raliclo/.gradle/caches/modules-2/files-2.1/com.fasterxml.jackson.datatype/jackson-datatype-hibernate4/2.8.7/d9d99821ea138092bb0a3c65f5c249d7db0f8eaa/jackson-datatype-hibernate4-2.8.7.jar:/Users/raliclo/.gradle/caches/modules-2/files-2.1/org.apache.tomcat.embed/tomcat-embed-core/8.5.11/72761f51fc7cef3ee19d4aafc7adc605df9f611f/tomcat-embed-core-8.5.11.jar:/Users/raliclo/.gradle/caches/modules-2/files-2.1/org.apache.tomcat.embed/tomcat-embed-el/8.5.11/60253815b897166903bf5ec41219c5bb15333a69/tomcat-embed-el-8.5.11.jar:/Users/raliclo/.gradle/caches/modules-2/files-2.1/org.apache.tomcat.embed/tomcat-embed-websocket/8.5.11/dfa65e7857d46630761c0571758a56f7cbd1e9ba/tomcat-embed-websocket-8.5.11.jar:/Users/raliclo/.gradle/caches/modules-2/files-2.1/org.arquillian.cube/arquillian-cube-spi/1.0.0.Alpha18/5ec95691e45437a95dc0727644383ec5d3609c60/arquillian-cube-spi-1.0.0.Alpha18.jar:/Users/raliclo/.gradle/caches/modules-2/files-2.1/org.jboss.arquillian.junit/arquillian-junit-core/1.1.12.Final/96f0b9bbafc7fc9ba86ea13b6ca258d38fa5e5dc/arquillian-junit-core-1.1.12.Final.jar:/Users/raliclo/.gradle/caches/modules-2/files-2.1/org.arquillian.spacelift/arquillian-spacelift-api/1.0.0.Alpha9/ce45e8ac5ccfd87396d8540e2a443b60fcae75b9/arquillian-spacelift-api-1.0.0.Alpha9.jar:/Users/raliclo/.gradle/caches/modules-2/files-2.1/org.jboss.shrinkwrap.resolver/shrinkwrap-resolver-depchain/2.1.0/a7496b68d064a844839c9a50a87bf868573ad15f/shrinkwrap-resolver-depchain-2.1.0.pom:/Users/raliclo/.gradle/caches/modules-2/files-2.1/info.cukes/cucumber-core/1.2.5/7255a9d8e0c3b0f9e3cd80503c91c2b088b3d9b5/cucumber-core-1.2.5.jar:/Users/raliclo/.gradle/caches/modules-2/files-2.1/org.opentest4j/opentest4j/1.0.0-M1/b091255eafd515995a5c5fa042cd8db6f4860bf6/opentest4j-1.0.0-M1.jar:/Users/raliclo/.gradle/caches/modules-2/files-2.1/org.junit.platform/junit-platform-commons/1.0.0-M3/d5c77e2df6a820ae30fc17f21a3f8cfc03183980/junit-platform-commons-1.0.0-M3.jar:/Users/raliclo/.gradle/caches/modules-2/files-2.1/cglib/cglib/3.1/1f1cb6c7a7479e0c7fd7987109e503914bebe84a/cglib-3.1.jar:/Users/raliclo/.gradle/caches/modules-2/files-2.1/xml-apis/xml-apis/1.4.01/3789d9fada2d3d458c4ba2de349d48780f381ee3/xml-apis-1.4.01.jar:/Users/raliclo/.gradle/caches/modules-2/files-2.1/net.serenity-bdd/serenity-report-resources/1.2.2/54f36404753872354b319eca9b86e90047d2c280/serenity-report-resources-1.2.2.jar:/Users/raliclo/.gradle/caches/modules-2/files-2.1/com.opera/operadriver/1.5/3875fb993d2b2b937ced0246b578c3c3f3f32f9e/operadriver-1.5.jar:/Users/raliclo/.gradle/caches/modules-2/files-2.1/io.appium/java-client/4.0.0/b73316f27bb70d60081429c768cf09a09f6eeece/java-client-4.0.0.jar:/Users/raliclo/.gradle/caches/modules-2/files-2.1/org.codehaus.groovy/groovy/2.4.9/f2d11babe9a12219fe74e3518d55d9502527b9b9/groovy-2.4.9.jar:/Users/raliclo/.gradle/caches/modules-2/files-2.1/org.codehaus.groovy/groovy/2.4.9/c5bda95aef10fc69bbb2ff7694fc19a677bbec30/groovy-2.4.9-indy.jar:/Users/raliclo/.gradle/caches/modules-2/files-2.1/commons-beanutils/commons-beanutils-core/1.8.3/75812698e5e859f2cb587c622c4cdfcd61676426/commons-beanutils-core-1.8.3.jar:/Users/raliclo/.gradle/caches/modules-2/files-2.1/com.googlecode.lambdaj/lambdaj/2.3.3/7dee2fb62ef89f1bd5ccaf3c8628f61f80b22054/lambdaj-2.3.3.jar:/Users/raliclo/.gradle/caches/modules-2/files-2.1/org.freemarker/freemarker/2.3.25-incubating/9b31ed0d0321dfc1ae7ce63f2557df04b52a79e3/freemarker-2.3.25-incubating.jar:/Users/raliclo/.gradle/caches/modules-2/files-2.1/net.sourceforge.jexcelapi/jxl/2.6.12/7faf62e0697f7a88954622dfe8c8de33ed142ac7/jxl-2.6.12.jar:/Users/raliclo/.gradle/caches/modules-2/files-2.1/org.apache.httpcomponents/httpmime/4.5.3/889fd6d061bb63b99dd5c6aba35a555ae863de52/httpmime-4.5.3.jar:/Users/raliclo/.gradle/caches/modules-2/files-2.1/org.fluentlenium/fluentlenium-core/0.10.2/8795bd4ce7050f0c45b772e8d3b36c39646e2f0b/fluentlenium-core-0.10.2.jar:/Users/raliclo/.gradle/caches/modules-2/files-2.1/com.jhlabs/filters/2.0.235/af6a2dfefef70f1ab2d7a8d1f8173f67e276b3f4/filters-2.0.235.jar:/Users/raliclo/.gradle/caches/modules-2/files-2.1/org.asciidoctor/asciidoctor-java-integration/0.1.4/3596c7142fd30d7b65a0e64ba294f3d9d4bd538f/asciidoctor-java-integration-0.1.4.jar:/Users/raliclo/.gradle/caches/modules-2/files-2.1/org.imgscalr/imgscalr-lib/4.2/e2838f7119361511ef7d54fe0d502bf07f3325eb/imgscalr-lib-4.2.jar:/Users/raliclo/.gradle/caches/modules-2/files-2.1/javax.validation/validation-api/1.1.0.Final/8613ae82954779d518631e05daa73a6a954817d5/validation-api-1.1.0.Final.jar:/Users/raliclo/.gradle/caches/modules-2/files-2.1/javax.validation/validation-api/1.1.0.Final/7d49b53caed9bd81d172807c3e096d24f3c57090/validation-api-1.1.0.Final-sources.jar:/Users/raliclo/.gradle/caches/modules-2/files-2.1/javax.el/javax.el-api/2.2.4/1287562cc3f0ff5439ded6f2949e73ce1c0edaab/javax.el-api-2.2.4.jar:/Users/raliclo/.gradle/caches/modules-2/files-2.1/org.glassfish.web/javax.el/2.2.4/a50914ff519682e185bca4385b4313b8c8a81775/javax.el-2.2.4.jar:/Users/raliclo/.gradle/caches/modules-2/files-2.1/xalan/xalan/2.7.2/d55d3f02a56ec4c25695fe67e1334ff8c2ecea23/xalan-2.7.2.jar:/Users/raliclo/.gradle/caches/modules-2/files-2.1/xalan/serializer/2.7.2/24247f3bb052ee068971393bdb83e04512bb1c3c/serializer-2.7.2.jar:/Users/raliclo/.gradle/caches/modules-2/files-2.1/com.jayway.awaitility/awaitility/1.6.3/2b698080294539741574d9f7532eb46bdc2bc345/awaitility-1.6.3.jar:/Users/raliclo/.gradle/caches/modules-2/files-2.1/com.typesafe/config/1.2.1/f771f71fdae3df231bcd54d5ca2d57f0bf93f467/config-1.2.1.jar:/Users/raliclo/.gradle/caches/modules-2/files-2.1/com.google.jimfs/jimfs/1.0/edd65a2b792755f58f11134e76485a928aab4c97/jimfs-1.0.jar:/Users/raliclo/.gradle/caches/modules-2/files-2.1/es.nitaur.markdown/txtmark/0.16/3b51485b8d80fd4a3650d2b5d83127d0fa002e0/txtmark-0.16.jar:/Users/raliclo/.gradle/caches/modules-2/files-2.1/org.junit.platform/junit-platform-engine/1.0.0-M3/39a1db55680c9f32985c84ba2951912138b18ac3/junit-platform-engine-1.0.0-M3.jar:/Users/raliclo/.gradle/caches/modules-2/files-2.1/org.parboiled/parboiled-java/1.1.7/2298c64ce8ee8e2fb37e97e16d7be52f0c7cf61f/parboiled-java-1.1.7.jar:/Users/raliclo/.gradle/caches/modules-2/files-2.1/com.google.gwt/gwt-user/2.8.0/518579870499e15531f454f35dca0772d7fa31f7/gwt-user-2.8.0.jar:/Users/raliclo/.gradle/caches/modules-2/files-2.1/net.bytebuddy/byte-buddy/1.6.0/28ba3295d99d4427d85ad40590cc92493f1ec367/byte-buddy-1.6.0.jar:/Users/raliclo/.gradle/caches/modules-2/files-2.1/net.bytebuddy/byte-buddy-agent/1.6.0/521c3d7816516e57f4dab9e87cf574bfb64dec9b/byte-buddy-agent-1.6.0.jar:/Users/raliclo/.gradle/caches/modules-2/files-2.1/org.w3c.css/sac/1.3/cdb2dcb4e22b83d6b32b93095f644c3462739e82/sac-1.3.jar:/Users/raliclo/.gradle/caches/modules-2/files-2.1/com.vaadin.external.flute/flute/1.3.0.gg2/48e8c3a235544a0506ca3081519ce114169242a/flute-1.3.0.gg2.jar:/Users/raliclo/.gradle/caches/modules-2/files-2.1/io.netty/netty-codec/4.1.8.Final/1bd0a2d032e5c7fc3f42c1b483d0f4c57eb516a3/netty-codec-4.1.8.Final.jar:/Users/raliclo/.gradle/caches/modules-2/files-2.1/io.netty/netty-codec-socks/4.1.8.Final/7f7c5f5b154646d7c571f8ca944fb813f71b1d51/netty-codec-socks-4.1.8.Final.jar:/Users/raliclo/.gradle/caches/modules-2/files-2.1/io.netty/netty-codec-dns/4.1.8.Final/dbce8c6486d635db2176889710d784597b5e4a1b/netty-codec-dns-4.1.8.Final.jar:/Users/raliclo/.gradle/caches/modules-2/files-2.1/org.apache.httpcomponents/httpcore/4.4.6/e3fd8ced1f52c7574af952e2e6da0df8df08eb82/httpcore-4.4.6.jar:/Users/raliclo/.gradle/caches/modules-2/files-2.1/net.sourceforge.htmlunit/htmlunit-core-js/2.23/6ade18a1568c4da458ca197aaa6d3fe213c69928/htmlunit-core-js-2.23.jar:/Users/raliclo/.gradle/caches/modules-2/files-2.1/net.sourceforge.htmlunit/neko-htmlunit/2.25/7bcd512ace3baedd5d0abc159cfd57cfb3026c83/neko-htmlunit-2.25.jar:/Users/raliclo/.gradle/caches/modules-2/files-2.1/net.sourceforge.cssparser/cssparser/0.9.22/3200e4091f08f78bed01350dbc1e200068f7f162/cssparser-0.9.22.jar:/Users/raliclo/.gradle/caches/modules-2/files-2.1/org.eclipse.jetty.websocket/websocket-client/9.4.2.v20170220/ec608dcf5da269d42ea4d1a58b29172afd6b2b1f/websocket-client-9.4.2.v20170220.jar:/Users/raliclo/.gradle/caches/modules-2/files-2.1/org.zeroturnaround/zt-exec/1.7/f0e0581e274c88f38f85c30caf404ed94f5b98f/zt-exec-1.7.jar:/Users/raliclo/.gradle/caches/modules-2/files-2.1/com.sun.jna/jna/3.0.9/9dd557b9a44d05a3810104ed1c835a42b925dc4a/jna-3.0.9.jar:/Users/raliclo/.gradle/caches/modules-2/files-2.1/org.apache.lucene/lucene-core/5.5.2/de5e5c3161ea01e89f2a09a14391f9b7ed66cdbb/lucene-core-5.5.2.jar:/Users/raliclo/.gradle/caches/modules-2/files-2.1/org.apache.lucene/lucene-backward-codecs/5.5.2/c5cfcd7a8cf48a0144b61fb991c8e50a0bf868d5/lucene-backward-codecs-5.5.2.jar:/Users/raliclo/.gradle/caches/modules-2/files-2.1/org.apache.lucene/lucene-analyzers-common/5.5.2/f0bc3114a6b43f8e64a33c471d5b9e8ddc51564d/lucene-analyzers-common-5.5.2.jar:/Users/raliclo/.gradle/caches/modules-2/files-2.1/org.apache.lucene/lucene-queries/5.5.2/692f1ad887cf4e006a23f45019e6de30f3312d3f/lucene-queries-5.5.2.jar:/Users/raliclo/.gradle/caches/modules-2/files-2.1/org.apache.lucene/lucene-memory/5.5.2/7409db9863d8fbc265c27793c6cc7511304182c2/lucene-memory-5.5.2.jar:/Users/raliclo/.gradle/caches/modules-2/files-2.1/org.apache.lucene/lucene-highlighter/5.5.2/d127ac514e9df965ab0b57d92bbe0c68d3d145b8/lucene-highlighter-5.5.2.jar:/Users/raliclo/.gradle/caches/modules-2/files-2.1/org.apache.lucene/lucene-queryparser/5.5.2/8ac921563e744463605284c6d9d2d95e1be5b87c/lucene-queryparser-5.5.2.jar:/Users/raliclo/.gradle/caches/modules-2/files-2.1/org.apache.lucene/lucene-suggest/5.5.2/e8316b37dddcf2092a54dab2ce6aad0d5ad78585/lucene-suggest-5.5.2.jar:/Users/raliclo/.gradle/caches/modules-2/files-2.1/org.apache.lucene/lucene-join/5.5.2/dac1b322508f3f2696ecc49a97311d34d8382054/lucene-join-5.5.2.jar:/Users/raliclo/.gradle/caches/modules-2/files-2.1/org.apache.lucene/lucene-spatial/5.5.2/8ed7a9a43d78222038573dd1c295a61f3c0bb0db/lucene-spatial-5.5.2.jar:/Users/raliclo/.gradle/caches/modules-2/files-2.1/org.elasticsearch/securesm/1.0/c0c6cf986ba0057390bfcc80c366a0e3157f944b/securesm-1.0.jar:/Users/raliclo/.gradle/caches/modules-2/files-2.1/com.carrotsearch/hppc/0.7.1/8b5057f74ea378c0150a1860874a3ebdcb713767/hppc-0.7.1.jar:/Users/raliclo/.gradle/caches/modules-2/files-2.1/com.fasterxml.jackson.dataformat/jackson-dataformat-smile/2.8.7/89ad092b70454787141d177e9f282c67271d448c/jackson-dataformat-smile-2.8.7.jar:/Users/raliclo/.gradle/caches/modules-2/files-2.1/com.fasterxml.jackson.dataformat/jackson-dataformat-yaml/2.8.7/8edf8581b942d4b2727d56ac5dd1f5333a58c376/jackson-dataformat-yaml-2.8.7.jar:/Users/raliclo/.gradle/caches/modules-2/files-2.1/com.fasterxml.jackson.dataformat/jackson-dataformat-cbor/2.8.7/c63d6021cbdc3683cb0c48da81660bc15f1adeba/jackson-dataformat-cbor-2.8.7.jar:/Users/raliclo/.gradle/caches/modules-2/files-2.1/com.tdunning/t-digest/3.0/84ccf145ac2215e6bfa63baa3101c0af41017cfc/t-digest-3.0.jar:/Users/raliclo/.gradle/caches/modules-2/files-2.1/org.hdrhistogram/HdrHistogram/2.1.6/7495feb7f71ee124bd2a7e7d83590e296d71d80e/HdrHistogram-2.1.6.jar:/Users/raliclo/.gradle/caches/modules-2/files-2.1/com.twitter/jsr166e/1.1.0/233098147123ee5ddcd39ffc57ff648be4b7e5b2/jsr166e-1.1.0.jar:/Users/raliclo/.gradle/caches/modules-2/files-2.1/org.codehaus.woodstox/stax2-api/3.1.4/ac19014b1e6a7c08aad07fe114af792676b685b7/stax2-api-3.1.4.jar:/Users/raliclo/.gradle/caches/modules-2/files-2.1/org.noggit/noggit/0.6/fa94a59c44b39ee710f3c9451750119e432326c0/noggit-0.6.jar:/Users/raliclo/.gradle/caches/modules-2/files-2.1/com.github.jnr/jnr-ffi/2.0.7/f0968c5bb5a283ebda2df3604c2c1129d45196e3/jnr-ffi-2.0.7.jar:/Users/raliclo/.gradle/caches/modules-2/files-2.1/com.github.jnr/jnr-posix/3.0.27/f7441d13187d93d59656ac8f800cba3043935b59/jnr-posix-3.0.27.jar:/Users/raliclo/.gradle/caches/modules-2/files-2.1/com.ibm.jbatch/com.ibm.jbatch-tck-spi/1.0/8ac869b0a60bff1a15eba0fb6398942410396938/com.ibm.jbatch-tck-spi-1.0.jar:/Users/raliclo/.gradle/caches/modules-2/files-2.1/org.springframework.batch/spring-batch-infrastructure/4.0.0.BUILD-SNAPSHOT/5086279f4bc7411d82f2df2f6cade3d394cbaded/spring-batch-infrastructure-4.0.0.BUILD-SNAPSHOT.jar:/Users/raliclo/.gradle/caches/modules-2/files-2.1/org.apache.sqoop/sqoop-common/1.99.6/1912d9d83da99c36377ec86d34100ecfa24d49b9/sqoop-common-1.99.6.jar:/Users/raliclo/.gradle/caches/modules-2/files-2.1/javax.ws.rs/javax.ws.rs-api/2.0.1/104e9c2b5583cfcfeac0402316221648d6d8ea6b/javax.ws.rs-api-2.0.1.jar:/Users/raliclo/.gradle/caches/modules-2/files-2.1/org.easytesting/fest-util/1.1.6/e785ee9c1f314bbf9e5a824b85143e440642557a/fest-util-1.1.6.jar:/Users/raliclo/.gradle/caches/modules-2/files-2.1/org.apache.directory.server/apacheds-core-constants/2.0.0-M15/991cf50af8639f07042ae0b34206098d3f570b84/apacheds-core-constants-2.0.0-M15.jar:/Users/raliclo/.gradle/caches/modules-2/files-2.1/org.apache.directory.server/apacheds-i18n/2.0.0-M15/71c61c84683152ec2a6a65f3f96fe534e304fa22/apacheds-i18n-2.0.0-M15.jar:/Users/raliclo/.gradle/caches/modules-2/files-2.1/org.apache.directory.api/api-i18n/1.0.0-M20/ece67277e07f9daa88c9c5b7b99e3611e50ffad/api-i18n-1.0.0-M20.jar:/Users/raliclo/.gradle/caches/modules-2/files-2.1/org.apache.directory.api/api-asn1-api/1.0.0-M20/5e6486ffa3125ba44dc410ead166e1d6ba8ac76d/api-asn1-api-1.0.0-M20.jar:/Users/raliclo/.gradle/caches/modules-2/files-2.1/org.apache.directory.api/api-ldap-client-api/1.0.0-M20/6500807b9b5e9088bbab7a31a37a79c64f22833a/api-ldap-client-api-1.0.0-M20.jar:/Users/raliclo/.gradle/caches/modules-2/files-2.1/org.apache.directory.api/api-ldap-codec-core/1.0.0-M20/487b3ed7f9689a5237f9a4e080d825eabca30c2e/api-ldap-codec-core-1.0.0-M20.jar:/Users/raliclo/.gradle/caches/modules-2/files-2.1/org.apache.directory.api/api-ldap-extras-aci/1.0.0-M20/31f58c568f24b5c91e04f83d15ec9adf5b0750ec/api-ldap-extras-aci-1.0.0-M20.jar:/Users/raliclo/.gradle/caches/modules-2/files-2.1/org.apache.directory.api/api-ldap-extras-util/1.0.0-M20/8ed4af2547acdc26841b13f1b5b8a860f79315e5/api-ldap-extras-util-1.0.0-M20.jar:/Users/raliclo/.gradle/caches/modules-2/files-2.1/org.apache.directory.api/api-ldap-model/1.0.0-M20/accc3a90b70340c1a41c93c81c44a8ce9a81e910/api-ldap-model-1.0.0-M20.jar:/Users/raliclo/.gradle/caches/modules-2/files-2.1/org.apache.directory.api/api-util/1.0.0-M20/a871abf060b3cf83fc6dc4d7e3d151fce50ac3cb/api-util-1.0.0-M20.jar:/Users/raliclo/.gradle/caches/modules-2/files-2.1/net.sf.ehcache/ehcache-core/2.4.4/45f5c233bb7753c08cd680e18de0f68cc84115ce/ehcache-core-2.4.4.jar:/Users/raliclo/.gradle/caches/modules-2/files-2.1/org.apache.directory.server/apacheds-kerberos-codec/2.0.0-M15/1c16e4e477183641c5f0dd5cdecd27ec331bacb5/apacheds-kerberos-codec-2.0.0-M15.jar:/Users/raliclo/.gradle/caches/modules-2/files-2.1/org.apache.directory.mavibot/mavibot/1.0.0-M1/65dd0342b0e0cf11d27e8ad6611d1a7ed8c81230/mavibot-1.0.0-M1.jar:/Users/raliclo/.gradle/caches/modules-2/files-2.1/org.apache.directory.server/apacheds-core-avl/2.0.0-M15/833f6da78238e525abfd91f997515b6907d55b2b/apacheds-core-avl-2.0.0-M15.jar:/Users/raliclo/.gradle/caches/modules-2/files-2.1/org.apache.directory.server/apacheds-xdbm-partition/2.0.0-M15/bbfd83a15c12e59639427df1b063cc8bb21d57e6/apacheds-xdbm-partition-2.0.0-M15.jar:/Users/raliclo/.gradle/caches/modules-2/files-2.1/org.apache.directory.server/apacheds-core/2.0.0-M15/e53831601e0e0280b85d99066d2e457b0ed1514/apacheds-core-2.0.0-M15.jar:/Users/raliclo/.gradle/caches/modules-2/files-2.1/org.apache.directory.jdbm/apacheds-jdbm1/2.0.0-M2/149b7f27997a0865fd7c954d0164cb5847186059/apacheds-jdbm1-2.0.0-M2.jar:/Users/raliclo/.gradle/caches/modules-2/files-2.1/org.apache.directory.api/api-asn1-ber/1.0.0-M20/6f5208428c6cd0fddd04b1bcb361001706038473/api-asn1-ber-1.0.0-M20.jar:/Users/raliclo/.gradle/caches/modules-2/files-2.1/org.apache.directory.api/api-ldap-extras-codec-api/1.0.0-M20/a2702f39a63f9837f067f03688dc0ca702c5ad9d/api-ldap-extras-codec-api-1.0.0-M20.jar:/Users/raliclo/.gradle/caches/modules-2/files-2.1/org.apache.directory.api/api-ldap-extras-codec/1.0.0-M20/2805962aa5d336c8f759ea92fbc2743aa4f1d60e/api-ldap-extras-codec-1.0.0-M20.jar:/Users/raliclo/.gradle/caches/modules-2/files-2.1/org.apache.directory.api/api-ldap-extras-sp/1.0.0-M20/4b8649edec0af16511c947647de1e34208e949b2/api-ldap-extras-sp-1.0.0-M20.jar:/Users/raliclo/.gradle/caches/modules-2/files-2.1/bouncycastle/bcprov-jdk15/140/83933f3f3312473afbe42a232392b3feffaadc36/bcprov-jdk15-140.jar:/Users/raliclo/.gradle/caches/modules-2/files-2.1/commons-pool/commons-pool/1.6/4572d589699f09d866a226a14b7f4323c6d8f040/commons-pool-1.6.jar:/Users/raliclo/.gradle/caches/modules-2/files-2.1/org.apache.directory.server/apacheds-core-shared/2.0.0-M15/1325e009218e4b9264bdbb103a92d0596331802c/apacheds-core-shared-2.0.0-M15.jar:/Users/raliclo/.gradle/caches/modules-2/files-2.1/org.webjars/jquery/1.9.0/b17a8a51561058eae4199a5d7d835144a03a3aeb/jquery-1.9.0.jar:/Users/raliclo/.gradle/caches/modules-2/files-2.1/org.aspectj/aspectjweaver/1.8.9/db28774f477f07220eac18d5ec9c4e01f48589d7/aspectjweaver-1.8.9.jar:/Users/raliclo/.gradle/caches/modules-2/files-2.1/org.apache.tomcat/tomcat-jdbc/8.5.11/4d156969f12963b5f9232e9fe68ab710c3318ad5/tomcat-jdbc-8.5.11.jar:/Users/raliclo/.gradle/caches/modules-2/files-2.1/org.thymeleaf/thymeleaf/3.0.3.RELEASE/b1e8c9c81080fb158848d42aa54d0668bc2936af/thymeleaf-3.0.3.RELEASE.jar:/Users/raliclo/.gradle/caches/modules-2/files-2.1/net.minidev/json-smart/2.2.1/5b9e5df7a62d1279b70dc882b041d249c4f0b002/json-smart-2.2.1.jar:/Users/raliclo/.gradle/caches/modules-2/files-2.1/commons-digester/commons-digester/2.1/73a8001e7a54a255eef0f03521ec1805dc738ca0/commons-digester-2.1.jar:/Users/raliclo/.gradle/caches/modules-2/files-2.1/org.mortbay.jetty/servlet-api/2.5-20081211/22bff70037e1e6fa7e6413149489552ee2064702/servlet-api-2.5-20081211.jar:/Users/raliclo/.gradle/caches/modules-2/files-2.1/org.mortbay.jetty/servlet-api-2.5/6.1.14/5f07601ab7d7c85dd9e38a17c0e1b0edfbd4a191/servlet-api-2.5-6.1.14.jar:/Users/raliclo/.gradle/caches/modules-2/files-2.1/ant/ant/1.6.5/7d18faf23df1a5c3a43613952e0e8a182664564b/ant-1.6.5.jar:/Users/raliclo/.gradle/caches/modules-2/files-2.1/org.apache.kerby/kerby-config/1.0.0-RC2/63a0fadbda1e871e911ffe03d000b630f4f9f284/kerby-config-1.0.0-RC2.jar:/Users/raliclo/.gradle/caches/modules-2/files-2.1/org.apache.kerby/kerb-core/1.0.0-RC2/81e88af44b4a8fd9db75e6f5fdf5b5c3547ac022/kerb-core-1.0.0-RC2.jar:/Users/raliclo/.gradle/caches/modules-2/files-2.1/org.apache.kerby/kerb-client/1.0.0-RC2/c04de4e83e1f47b0cb44c1f30f299ed8ef04d12/kerb-client-1.0.0-RC2.jar:/Users/raliclo/.gradle/caches/modules-2/files-2.1/org.apache.kerby/kerb-util/1.0.0-RC2/f7351a13c029a9125ec074a7f4d7bd53c39633e/kerb-util-1.0.0-RC2.jar:/Users/raliclo/.gradle/caches/modules-2/files-2.1/org.apache.kerby/kerb-server/1.0.0-RC2/219071f841b6e16d53718f7304caad47fdae567d/kerb-server-1.0.0-RC2.jar:/Users/raliclo/.gradle/caches/modules-2/files-2.1/org.apache.kerby/kerb-admin/1.0.0-RC2/1997fffee2cd7c71e4fd07faa744346e94190c48/kerb-admin-1.0.0-RC2.jar:/Users/raliclo/.gradle/caches/modules-2/files-2.1/com.fasterxml.jackson.jaxrs/jackson-jaxrs-base/2.8.7/814af809cd9fca86e9d89c17080bb0446b06569d/jackson-jaxrs-base-2.8.7.jar:/Users/raliclo/.gradle/caches/modules-2/files-2.1/de.ruedigermoeller/fst/2.24/479ba6ffefaef7005511930c3cce721c5a67ecd3/fst-2.24.jar:/Users/raliclo/.gradle/caches/modules-2/files-2.1/org.apache.commons/commons-csv/1.0/8a0796ad6541a144eb1c00b93e06fbac03a9f313/commons-csv-1.0.jar:/Users/raliclo/.gradle/caches/modules-2/files-2.1/javax.ws.rs/jsr311-api/1.1.1/59033da2a1afd56af1ac576750a8d0b1830d59e6/jsr311-api-1.1.1.jar:/Users/raliclo/.gradle/caches/modules-2/files-2.1/commons-logging/commons-logging-api/1.0.4/544f72427e94a5c55b65a9b81c55c54059b4f993/commons-logging-api-1.0.4.jar:/Users/raliclo/.gradle/caches/modules-2/files-2.1/mx4j/mx4j-jmx/2.1.1/7255ce90e00ba142ec4184ddeb3854f970c0f480/mx4j-jmx-2.1.1.jar:/Users/raliclo/.gradle/caches/modules-2/files-2.1/com.github.stephenc.high-scale-lib/high-scale-lib/1.1.1/4e3393337b5f11ac5e8760469284505b7061a815/high-scale-lib-1.1.1.jar:/Users/raliclo/.gradle/caches/modules-2/files-2.1/org.jamon/jamon-runtime/2.3.1/ae23df9c0953b12ba1b799e42ebd1a281fabcd8c/jamon-runtime-2.3.1.jar:/Users/raliclo/.gradle/caches/modules-2/files-2.1/javax.annotation/javax.annotation-api/1.2/479c1e06db31c432330183f5cae684163f186146/javax.annotation-api-1.2.jar:/Users/raliclo/.gradle/caches/modules-2/files-2.1/org.glassfish.hk2/osgi-resource-locator/1.0.1/4ed2b2d4738aed5786cfa64cba5a332779c4c708/osgi-resource-locator-1.0.1.jar:/Users/raliclo/.gradle/caches/modules-2/files-2.1/org.glassfish.jersey.media/jersey-media-jaxb/2.25.1/d7da0beeed5614a3bfd882662faec602699e24b/jersey-media-jaxb-2.25.1.jar:/Users/raliclo/.gradle/caches/modules-2/files-2.1/com.fasterxml.jackson.module/jackson-module-paranamer/2.8.7/6f3dc82372d8be780ba824840a8b6f395d17af04/jackson-module-paranamer-2.8.7.jar:/Users/raliclo/.gradle/caches/modules-2/files-2.1/org.apache.parquet/parquet-common/1.7.0/208e4576958c5d5ab64d3c808a759e388d90a99f/parquet-common-1.7.0.jar:/Users/raliclo/.gradle/caches/modules-2/files-2.1/org.apache.parquet/parquet-encoding/1.7.0/3b31bf2a9b472959a30927b96e0dca3e7ba49eb9/parquet-encoding-1.7.0.jar:/Users/raliclo/.gradle/caches/modules-2/files-2.1/org.apache.parquet/parquet-format/2.3.0-incubating/9ce0a76de9e695abc81d28bd6e3cc75322d14d28/parquet-format-2.3.0-incubating.jar:/Users/raliclo/.gradle/caches/modules-2/files-2.1/org.apache.parquet/parquet-jackson/1.7.0/32115a2437f8a3386ed15d7f7bfe7f204312fd20/parquet-jackson-1.7.0.jar:/Users/raliclo/.gradle/caches/modules-2/files-2.1/org.scalanlp/breeze-macros_2.11/0.11.2/fe2c740389b32720054a7ac7facd2e7dd489f63c/breeze-macros_2.11-0.11.2.jar:/Users/raliclo/.gradle/caches/modules-2/files-2.1/com.github.rwl/jtransforms/2.4.0/20ab3d14a0375cc2baee9452b92b217aac7e3c57/jtransforms-2.4.0.jar:/Users/raliclo/.gradle/caches/modules-2/files-2.1/org.spire-math/spire_2.11/0.7.4/6882bd3c7b517e9049ddcd0ff9b97cbed581bf54/spire_2.11-0.7.4.jar:/Users/raliclo/.gradle/caches/modules-2/files-2.1/org.jpmml/pmml-schema/1.2.15/6e9cab7f650da2a5019f0cf530613bd17648007a/pmml-schema-1.2.15.jar:/Users/raliclo/.gradle/caches/modules-2/files-2.1/javolution/javolution/5.5.1/3fcba819cdb7861728405963ddc4b2755ab182e5/javolution-5.5.1.jar:/Users/raliclo/.gradle/caches/modules-2/files-2.1/log4j/apache-log4j-extras/1.2.17/85863614d82185d7e51fe21c00aa9117a523a8b6/apache-log4j-extras-1.2.17.jar:/Users/raliclo/.gradle/caches/modules-2/files-2.1/com.googlecode.javaewah/JavaEWAH/0.3.2/7130b68f1d4d9666f0ced0ba1a1bee37e2e51926/JavaEWAH-0.3.2.jar:/Users/raliclo/.gradle/caches/modules-2/files-2.1/org.iq80.snappy/snappy/0.2/c41f070352713ea90cda7712f493f933fcb066e8/snappy-0.2.jar:/Users/raliclo/.gradle/caches/modules-2/files-2.1/com.jolbox/bonecp/0.8.0.RELEASE/cec24ee9345b3678472bb1b8fdd6aa6b9428beb8/bonecp-0.8.0.RELEASE.jar:/Users/raliclo/.gradle/caches/modules-2/files-2.1/org.apache.derby/derby/10.13.1.1/29c42babe5c5463c6eea45487d3cfbfe8348ccd1/derby-10.13.1.1.jar:/Users/raliclo/.gradle/caches/modules-2/files-2.1/org.datanucleus/datanucleus-api-jdo/3.2.6/cb21100ecc0d2e80dfd62067046c8a2a25a95c50/datanucleus-api-jdo-3.2.6.jar:/Users/raliclo/.gradle/caches/modules-2/files-2.1/org.datanucleus/datanucleus-rdbms/3.2.9/b95b6ff6ea969ab67f06754108167c4f9fadfd7e/datanucleus-rdbms-3.2.9.jar:/Users/raliclo/.gradle/caches/modules-2/files-2.1/commons-dbcp/commons-dbcp/1.4/30be73c965cc990b153a100aaaaafcf239f82d39/commons-dbcp-1.4.jar:/Users/raliclo/.gradle/caches/modules-2/files-2.1/javax.jdo/jdo-api/3.0.1/58e7a538e020b73871e232eeb064835fd98a492/jdo-api-3.0.1.jar:/Users/raliclo/.gradle/caches/modules-2/files-2.1/org.apache.calcite/calcite-linq4j/1.2.0-incubating/e5370a39bafe076eeec8355b1cc0b09dec0137ec/calcite-linq4j-1.2.0-incubating.jar:/Users/raliclo/.gradle/caches/modules-2/files-2.1/net.hydromatic/eigenbase-properties/1.1.5/a941956b3a4664d0cf728ece06ba25cc2110a3aa/eigenbase-properties-1.1.5.jar:/Users/raliclo/.gradle/caches/modules-2/files-2.1/org.twitter4j/twitter4j-core/4.0.4/1f3c896c7b2f20c51103078ccf0bc2ea97ac012a/twitter4j-core-4.0.4.jar:/Users/raliclo/.gradle/caches/modules-2/files-2.1/org.apache.tinkerpop/gremlin-shaded/3.2.4/ccc2b2e38c867d56e1e8c93102ed1b06739eb35a/gremlin-shaded-3.2.4.jar:/Users/raliclo/.gradle/caches/modules-2/files-2.1/org.javatuples/javatuples/1.2/507312ac4b601204a72a83380badbca82683dd36/javatuples-1.2.jar:/Users/raliclo/.gradle/caches/modules-2/files-2.1/com.jcabi/jcabi-manifests/1.1/e4f4488c0e3905c6fab287aca2569928fe1712df/jcabi-manifests-1.1.jar:/Users/raliclo/.gradle/caches/modules-2/files-2.1/org.codehaus.groovy/groovy-groovysh/2.4.9/9538a8118fd50c549b33d51c612a61ef991bc414/groovy-groovysh-2.4.9-indy.jar:/Users/raliclo/.gradle/caches/modules-2/files-2.1/org.codehaus.groovy/groovy-json/2.4.9/99499d23f835725fc84d9b1d916fb2f8476d0ae1/groovy-json-2.4.9-indy.jar:/Users/raliclo/.gradle/caches/modules-2/files-2.1/org.codehaus.groovy/groovy-jsr223/2.4.9/d23ae5aba49b9a8adac1afb3d2fc5ccc9f9a313a/groovy-jsr223-2.4.9-indy.jar:/Users/raliclo/.gradle/caches/modules-2/files-2.1/com.github.jeremyh/jBCrypt/jbcrypt-0.4/f2503fcb93167ae701a3bf5fd1650d171ec1447e/jBCrypt-jbcrypt-0.4.jar:/Users/raliclo/.gradle/caches/modules-2/files-2.1/org.eclipse.leshan/leshan-core-cf/1.0.0-M1/1adc14a50a056ca99561a49759d9a84e563a4816/leshan-core-cf-1.0.0-M1.jar:/Users/raliclo/.gradle/caches/modules-2/files-2.1/org.eclipse.leshan/leshan-server-core/1.0.0-M1/e25484402c654a728816460d053bd193ca1b1a5e/leshan-server-core-1.0.0-M1.jar:/Users/raliclo/.gradle/caches/modules-2/files-2.1/org.eclipse.californium/scandium/2.0.0-M2/85173c4c296b2b454ffdf1b821fd3e2af34656ed/scandium-2.0.0-M2.jar:/Users/raliclo/.gradle/caches/modules-2/files-2.1/org.eclipse.leshan/leshan-client-core/1.0.0-M1/993ad42decab3190a4620f63512e851e965f4c6f/leshan-client-core-1.0.0-M1.jar:/Users/raliclo/.gradle/caches/modules-2/files-2.1/org.scala-sbt/test-interface/1.0/a3f14d010c4cb32071f863d97291df31603b521/test-interface-1.0.jar:/Users/raliclo/.gradle/caches/modules-2/files-2.1/org.jboss.xnio/xnio-api/3.3.6.Final/a56420f5d0327ddb4eab47bdb4178ea1df480df3/xnio-api-3.3.6.Final.jar:/Users/raliclo/.gradle/caches/modules-2/files-2.1/org.jboss.xnio/xnio-nio/3.3.6.Final/49098a2d34fcfc18360049aaa4679518de165b6/xnio-nio-3.3.6.Final.jar:/Users/raliclo/.gradle/caches/modules-2/files-2.1/io.dropwizard.metrics/metrics-ganglia/3.1.3/fa94975447fd6d050c542d6e8e44f1c5b498ac06/metrics-ganglia-3.1.3.jar:/Users/raliclo/.gradle/caches/modules-2/files-2.1/info.ganglia.gmetric4j/gmetric4j/1.0.7/37a1cb0d8821cad9bd33f1ce454459fed18efa44/gmetric4j-1.0.7.jar:/Users/raliclo/.gradle/caches/modules-2/files-2.1/com.jamesmurty.utils/java-xmlbuilder/0.4/ac5962e48cdee3a0a6e1f8e00fcb594747ac5aaf/java-xmlbuilder-0.4.jar:/Users/raliclo/.gradle/caches/modules-2/files-2.1/com.amazonaws/aws-java-sdk-s3/1.11.7/dccfe3e080acb2cd3b4ebd4ee46acab41f8037a7/aws-java-sdk-s3-1.11.7.jar:/Users/raliclo/.gradle/caches/modules-2/files-2.1/org.javaswift/joss/0.9.10/45bfed4824469d6b144efa5a1325a68b2779eed6/joss-0.9.10.jar:/Users/raliclo/.gradle/caches/modules-2/files-2.1/org.alluxio/alluxio-keyvalue-common/1.4.0/14447c2ac46e19c2402b68fb7123c5932fe45788/alluxio-keyvalue-common-1.4.0.jar:/Users/raliclo/.gradle/caches/modules-2/files-2.1/org.apache.xmlbeans/xmlbeans/2.6.0/29e80d2dd51f9dcdef8f9ffaee0d4dc1c9bbfc87/xmlbeans-2.6.0.jar:/Users/raliclo/.gradle/caches/modules-2/files-2.1/org.bytedeco.javacpp-presets/hdf5-platform/1.10.0-patch1-1.3/e621453341f1a920b86fa611ac29c135fed221c8/hdf5-platform-1.10.0-patch1-1.3.jar:/Users/raliclo/.gradle/caches/modules-2/files-2.1/org.nd4j/nd4j-buffer/0.8.0/58fab3cf845eff32010e1b99bb7e5eca36971b58/nd4j-buffer-0.8.0.jar:/Users/raliclo/.gradle/caches/modules-2/files-2.1/org.nd4j/nd4j-context/0.8.0/19a56d942ed6cf6ec31da3055a368985e4fa8e69/nd4j-context-0.8.0.jar:/Users/raliclo/.gradle/caches/modules-2/files-2.1/net.ericaro/neoitertools/1.0.0/25fa0a0aaf12bc386ecdb19a6ee747b361c73a20/neoitertools-1.0.0.jar:/Users/raliclo/.gradle/caches/modules-2/files-2.1/org.nd4j/nd4j-common/0.8.0/f90e008aff5fa2460603ed9762243f6c837ded62/nd4j-common-0.8.0.jar:/Users/raliclo/.gradle/caches/modules-2/files-2.1/com.twelvemonkeys.imageio/imageio-jpeg/3.1.1/464d6537504c7855c8aa3669b2726641ee3fd00c/imageio-jpeg-3.1.1.jar:/Users/raliclo/.gradle/caches/modules-2/files-2.1/com.twelvemonkeys.imageio/imageio-tiff/3.1.1/df54331a36fba97907e9413297c51defbe24a224/imageio-tiff-3.1.1.jar:/Users/raliclo/.gradle/caches/modules-2/files-2.1/com.twelvemonkeys.imageio/imageio-psd/3.1.1/8073714c928c9343a9e6dc68b4f48ab9c51a41f0/imageio-psd-3.1.1.jar:/Users/raliclo/.gradle/caches/modules-2/files-2.1/com.twelvemonkeys.imageio/imageio-bmp/3.1.1/3b6f82168a6f76899e33a8a9f4058d0e127df30e/imageio-bmp-3.1.1.jar:/Users/raliclo/.gradle/caches/modules-2/files-2.1/org.bytedeco/javacv/1.3.1/f395969ebaee0a161444acb90f11c0132a87389f/javacv-1.3.1.jar:/Users/raliclo/.gradle/caches/modules-2/files-2.1/org.bytedeco.javacpp-presets/opencv-platform/3.1.0-1.3/f61c8d53c5e244e6cf2285125e3344932dc941e7/opencv-platform-3.1.0-1.3.jar:/Users/raliclo/.gradle/caches/modules-2/files-2.1/org.bytedeco.javacpp-presets/leptonica-platform/1.73-1.3/99ab56ba1f9248e39e8c502df2b4849b4e33b425/leptonica-platform-1.73-1.3.jar:/Users/raliclo/.gradle/caches/modules-2/files-2.1/org.bytedeco.javacpp-presets/openblas-platform/0.2.19-1.3/eab27eea89eabf1347c4263d91a7c1f9d05dc4f6/openblas-platform-0.2.19-1.3.jar:/Users/raliclo/.gradle/caches/modules-2/files-2.1/org.nd4j/nd4j-native-api/0.8.0/ce7024a2aed851c6212ad4b44e9b0ae29eff2627/nd4j-native-api-0.8.0.jar:/Users/raliclo/.gradle/caches/modules-2/files-2.1/org.apache.camel/camel-http-common/2.18.2/c62cc853c02a7a7418bb3fe8de27c93944ed2eed/camel-http-common-2.18.2.jar:/Users/raliclo/.gradle/caches/modules-2/files-2.1/org.eclipse.jetty/jetty-client/9.4.2.v20170220/f196f59d1f511493bbbd0666f79144d7c790371b/jetty-client-9.4.2.v20170220.jar:/Users/raliclo/.gradle/caches/modules-2/files-2.1/org.eclipse.jetty/jetty-jmx/9.4.2.v20170220/f4f108f9909e628d460bff591e5263523632a159/jetty-jmx-9.4.2.v20170220.jar:/Users/raliclo/.gradle/caches/modules-2/files-2.1/org.apache.camel/camel-jetty-common/2.18.2/ed48ecb6cf512ef5a0ace79c23accd978a007d20/camel-jetty-common-2.18.2.jar:/Users/raliclo/.gradle/caches/modules-2/files-2.1/xmlpull/xmlpull/1.1.3.1/2b8e230d2ab644e4ecaa94db7cdedbc40c805dfa/xmlpull-1.1.3.1.jar:/Users/raliclo/.gradle/caches/modules-2/files-2.1/xpp3/xpp3_min/1.1.4c/19d4e90b43059058f6e056f794f0ea4030d60b86/xpp3_min-1.1.4c.jar:/Users/raliclo/.gradle/caches/modules-2/files-2.1/com.esotericsoftware/minlog/1.3.0/ff07b5f1b01d2f92bb00a337f9a94873712f0827/minlog-1.3.0.jar:/Users/raliclo/.gradle/caches/modules-2/files-2.1/org.apache.ant/ant-launcher/1.8.2/6a5466384e7e2086b13d3d281dadaa059b0d0923/ant-launcher-1.8.2.jar:/Users/raliclo/.gradle/caches/modules-2/files-2.1/org.apache.spark/spark-tags_2.10/2.1.0/7a2d04f2c12271cc5316ab3e1389d9d4d9baf8e4/spark-tags_2.10-2.1.0.jar:/Users/raliclo/.gradle/caches/modules-2/files-2.1/com.twitter/chill_2.10/0.8.0/3646b3c6dec9e13d1bde44e7a5ba95f7198dfca8/chill_2.10-0.8.0.jar:/Users/raliclo/.gradle/caches/modules-2/files-2.1/org.jboss.netty/netty/3.2.0.Final/3bf21bdf3d23cd92358e756ec96fe546d9019a51/netty-3.2.0.Final.jar:/Users/raliclo/.gradle/caches/modules-2/files-2.1/org.lwjgl.lwjgl/lwjgl-platform/2.9.3/fbc2afb3e288578e9942578decb6291a490549a0/lwjgl-platform-2.9.3-natives-windows.jar:/Users/raliclo/.gradle/caches/modules-2/files-2.1/org.lwjgl.lwjgl/lwjgl-platform/2.9.3/b1eafe80093381c56415731e1d64279e6140bcd0/lwjgl-platform-2.9.3-natives-linux.jar:/Users/raliclo/.gradle/caches/modules-2/files-2.1/org.lwjgl.lwjgl/lwjgl-platform/2.9.3/6686cf6ddaa20b4290aa6599a09bc0d17369be05/lwjgl-platform-2.9.3-natives-osx.jar:/Users/raliclo/.gradle/caches/modules-2/files-2.1/net.java.jinput/jinput/2.0.5/39c7796b469a600f72380316f6b1f11db6c2c7c4/jinput-2.0.5.jar:/Users/raliclo/.gradle/caches/modules-2/files-2.1/com.mysema.commons/mysema-commons-lang/0.2.4/d09c8489d54251a6c22fbce804bdd4a070557317/mysema-commons-lang-0.2.4.jar:/Users/raliclo/.gradle/caches/modules-2/files-2.1/com.infradna.tool/bridge-method-annotation/1.13/18cdce50cde6f54ee5390d0907384f72183ff0fe/bridge-method-annotation-1.13.jar:/Users/raliclo/.gradle/caches/modules-2/files-2.1/org.arquillian.cube/arquillian-cube-api/1.0.0.Alpha18/230f4174312ef0e07ee8aff5d372fb5e044e571c/arquillian-cube-api-1.0.0.Alpha18.jar:/Users/raliclo/.gradle/caches/modules-2/files-2.1/org.jboss.arquillian.core/arquillian-core-spi/1.1.12.Final/73f22a87c9d7315c99174965bd4a97674fde4dcb/arquillian-core-spi-1.1.12.Final.jar:/Users/raliclo/.gradle/caches/modules-2/files-2.1/org.arquillian.extension/arquillian-recorder-reporter-api/1.1.5.Final/300714ac1284f5ac6d44bf75bda60fa7639e7ed6/arquillian-recorder-reporter-api-1.1.5.Final.jar:/Users/raliclo/.gradle/caches/modules-2/files-2.1/org.jboss.arquillian.test/arquillian-test-spi/1.1.12.Final/d69c79c410e30788588ce5d9d7cbadac49346617/arquillian-test-spi-1.1.12.Final.jar:/Users/raliclo/.gradle/caches/modules-2/files-2.1/org.jboss.shrinkwrap.resolver/shrinkwrap-resolver-api/2.1.0/d7c60a84858d9293171284b071611a2c3d10ff84/shrinkwrap-resolver-api-2.1.0.jar:/Users/raliclo/.gradle/caches/modules-2/files-2.1/org.jboss.shrinkwrap.resolver/shrinkwrap-resolver-spi/2.1.0/d5b0eecc03e582e0b32aef0c5352536d7b3193a/shrinkwrap-resolver-spi-2.1.0.jar:/Users/raliclo/.gradle/caches/modules-2/files-2.1/org.jboss.shrinkwrap.resolver/shrinkwrap-resolver-api-maven/2.1.0/b3da450e93443cd446082f3e40c9f25e38d49bf7/shrinkwrap-resolver-api-maven-2.1.0.jar:/Users/raliclo/.gradle/caches/modules-2/files-2.1/org.jboss.shrinkwrap.resolver/shrinkwrap-resolver-spi-maven/2.1.0/37c931b6ce00cae0d8e2230381aab6e4f5979c32/shrinkwrap-resolver-spi-maven-2.1.0.jar:/Users/raliclo/.gradle/caches/modules-2/files-2.1/org.jboss.shrinkwrap.resolver/shrinkwrap-resolver-api-maven-archive/2.1.0/24d6c1bc6d2664a9d2a1dedad32a06c834f2a04e/shrinkwrap-resolver-api-maven-archive-2.1.0.jar:/Users/raliclo/.gradle/caches/modules-2/files-2.1/org.jboss.shrinkwrap.resolver/shrinkwrap-resolver-impl-maven/2.1.0/a3b5f52aa088f7a5a4981b368a8affff76207bcf/shrinkwrap-resolver-impl-maven-2.1.0.jar:/Users/raliclo/.gradle/caches/modules-2/files-2.1/org.jboss.shrinkwrap.resolver/shrinkwrap-resolver-impl-maven-archive/2.1.0/f021d8c7ce80b835cb19fd299b32b1f5cb7b8d1c/shrinkwrap-resolver-impl-maven-archive-2.1.0.jar:/Users/raliclo/.gradle/caches/modules-2/files-2.1/info.cukes/cucumber-html/0.2.3/624a0c986088e32910336dd77aee5191c04a8201/cucumber-html-0.2.3.jar:/Users/raliclo/.gradle/caches/modules-2/files-2.1/info.cukes/cucumber-jvm-deps/1.0.5/69ed0efe4b81f05da3c0bdc7281cbdc43f5ceb26/cucumber-jvm-deps-1.0.5.jar:/Users/raliclo/.gradle/caches/modules-2/files-2.1/info.cukes/gherkin/2.12.2/17138631fa20fd0e44a13e50d6b7be59cee1a94/gherkin-2.12.2.jar:/Users/raliclo/.gradle/caches/modules-2/files-2.1/com.opera/operalaunchers/1.1/8f09d3dc6dcce5580666ae6e0556a7dbb6b1a563/operalaunchers-1.1.jar:/Users/raliclo/.gradle/caches/modules-2/files-2.1/commons-jxpath/commons-jxpath/1.3/c22d7d0f0f40eb7059a23cfa61773a416768b137/commons-jxpath-1.3.jar:/Users/raliclo/.gradle/caches/modules-2/files-2.1/org.ini4j/ini4j/0.5.2/16561cb11c221b5928119e10d7636c95ee5c960d/ini4j-0.5.2.jar:/Users/raliclo/.gradle/caches/modules-2/files-2.1/commons-validator/commons-validator/1.5.0/26b98c21975c5caf6bf34bacdeb7183be7a65970/commons-validator-1.5.0.jar:/Users/raliclo/.gradle/caches/modules-2/files-2.1/org.parboiled/parboiled-core/1.1.7/a60ff9a54cbeb30ec44c89e16ac4c35913cbad5a/parboiled-core-1.1.7.jar:/Users/raliclo/.gradle/caches/modules-2/files-2.1/org.ow2.asm/asm-util/5.0.3/1512e5571325854b05fb1efce1db75fcced54389/asm-util-5.0.3.jar:/Users/raliclo/.gradle/caches/modules-2/files-2.1/com.google.jsinterop/jsinterop-annotations/1.0.1/e9135c43d12b30a6d02706e97ce256a90d68dc9d/jsinterop-annotations-1.0.1.jar:/Users/raliclo/.gradle/caches/modules-2/files-2.1/com.google.jsinterop/jsinterop-annotations/1.0.1/90645da74a2fc6e8fd8ba81b34899aef0d553d89/jsinterop-annotations-1.0.1-sources.jar:/Users/raliclo/.gradle/caches/modules-2/files-2.1/org.eclipse.jetty.websocket/websocket-common/9.4.2.v20170220/7b672cf9c77fcc492750ccc5ba7df00082334664/websocket-common-9.4.2.v20170220.jar:/Users/raliclo/.gradle/caches/modules-2/files-2.1/org.apache.lucene/lucene-sandbox/5.5.2/30a91f120706ba66732d5a974b56c6971b3c8a16/lucene-sandbox-5.5.2.jar:/Users/raliclo/.gradle/caches/modules-2/files-2.1/org.apache.lucene/lucene-misc/5.5.2/37bbe5a2fb429499dfbe75d750d1778881fff45d/lucene-misc-5.5.2.jar:/Users/raliclo/.gradle/caches/modules-2/files-2.1/org.apache.lucene/lucene-grouping/5.5.2/a3f81fff01e1f2c2a4835d3d04e301fd2521caec/lucene-grouping-5.5.2.jar:/Users/raliclo/.gradle/caches/modules-2/files-2.1/org.apache.lucene/lucene-spatial3d/5.5.2/67d004c1a58aa9f365b5c1da1cf2c690c290b77/lucene-spatial3d-5.5.2.jar:/Users/raliclo/.gradle/caches/modules-2/files-2.1/com.spatial4j/spatial4j/0.5/6e16edaf6b1ba76db7f08c2f3723fce3b358ecc3/spatial4j-0.5.jar:/Users/raliclo/.gradle/caches/modules-2/files-2.1/com.github.jnr/jffi/1.2.10/d58fdb2283456bc3f049bfbef40b592fa1aaa975/jffi-1.2.10.jar:/Users/raliclo/.gradle/caches/modules-2/files-2.1/com.github.jnr/jffi/1.2.10/7de1bb566847c2ed71d91ca063a8af604f250ade/jffi-1.2.10-native.jar:/Users/raliclo/.gradle/caches/modules-2/files-2.1/org.ow2.asm/asm-commons/5.0.3/a7111830132c7f87d08fe48cb0ca07630f8cb91c/asm-commons-5.0.3.jar:/Users/raliclo/.gradle/caches/modules-2/files-2.1/com.github.jnr/jnr-x86asm/1.0.2/6936bbd6c5b235665d87bd450f5e13b52d4b48/jnr-x86asm-1.0.2.jar:/Users/raliclo/.gradle/caches/modules-2/files-2.1/com.github.jnr/jnr-constants/0.9.0/6894684e17a84cd500836e82b5e6c674b4d4dda6/jnr-constants-0.9.0.jar:/Users/raliclo/.gradle/caches/modules-2/files-2.1/javax.batch/javax.batch-api/1.0/65392d027a6eb369fd9fcd1b75cae150e25ac03c/javax.batch-api-1.0.jar:/Users/raliclo/.gradle/caches/modules-2/files-2.1/com.googlecode.json-simple/json-simple/1.1.1/c9ad4a0850ab676c5c64461a05ca524cdfff59f1/json-simple-1.1.1.jar:/Users/raliclo/.gradle/caches/modules-2/files-2.1/org.apache.directory.server/apacheds-interceptors-admin/2.0.0-M15/34d022acd75bb3547f0f22f4cd9c4d1c7218c1fa/apacheds-interceptors-admin-2.0.0-M15.jar:/Users/raliclo/.gradle/caches/modules-2/files-2.1/org.apache.directory.server/apacheds-interceptors-authn/2.0.0-M15/17c72607cf9ca34f44b3d74092df6a398a01e835/apacheds-interceptors-authn-2.0.0-M15.jar:/Users/raliclo/.gradle/caches/modules-2/files-2.1/org.apache.directory.server/apacheds-interceptors-authz/2.0.0-M15/2ce8c85c90cf5586957eae4735118bf89f22b105/apacheds-interceptors-authz-2.0.0-M15.jar:/Users/raliclo/.gradle/caches/modules-2/files-2.1/org.apache.directory.server/apacheds-interceptors-changelog/2.0.0-M15/916079624b3eae7ed69620ab51ef9bf5a9fe08d0/apacheds-interceptors-changelog-2.0.0-M15.jar:/Users/raliclo/.gradle/caches/modules-2/files-2.1/org.apache.directory.server/apacheds-interceptors-collective/2.0.0-M15/f5407e78daab47bc7d64b9977c8e9d315d0d52de/apacheds-interceptors-collective-2.0.0-M15.jar:/Users/raliclo/.gradle/caches/modules-2/files-2.1/org.apache.directory.server/apacheds-interceptors-event/2.0.0-M15/ae4cb3190736ec27dc74a5a53eaf12fde05620eb/apacheds-interceptors-event-2.0.0-M15.jar:/Users/raliclo/.gradle/caches/modules-2/files-2.1/org.apache.directory.server/apacheds-interceptors-exception/2.0.0-M15/501cd43cd3bac1034d5bbad118cdabff6d3cdc43/apacheds-interceptors-exception-2.0.0-M15.jar:/Users/raliclo/.gradle/caches/modules-2/files-2.1/org.apache.directory.server/apacheds-interceptors-journal/2.0.0-M15/db0fcdbe5b551604b89ccc7f2e1024f7f5351531/apacheds-interceptors-journal-2.0.0-M15.jar:/Users/raliclo/.gradle/caches/modules-2/files-2.1/org.apache.directory.server/apacheds-interceptors-normalization/2.0.0-M15/75a23eb65e7e0cf3a2de49bdc33dd1db058d7447/apacheds-interceptors-normalization-2.0.0-M15.jar:/Users/raliclo/.gradle/caches/modules-2/files-2.1/org.apache.directory.server/apacheds-interceptors-operational/2.0.0-M15/b9ebccb27ec2a70b9483061d430ae112032c2400/apacheds-interceptors-operational-2.0.0-M15.jar:/Users/raliclo/.gradle/caches/modules-2/files-2.1/org.apache.directory.server/apacheds-interceptors-referral/2.0.0-M15/f75d6d32aa7c1853e333684df363365c62be2590/apacheds-interceptors-referral-2.0.0-M15.jar:/Users/raliclo/.gradle/caches/modules-2/files-2.1/org.apache.directory.server/apacheds-interceptors-schema/2.0.0-M15/df15748968516ec923bff743d28255aaff7890c0/apacheds-interceptors-schema-2.0.0-M15.jar:/Users/raliclo/.gradle/caches/modules-2/files-2.1/org.apache.directory.server/apacheds-interceptors-subtree/2.0.0-M15/6049550e4299030267762f06fbb46eacd57dffbe/apacheds-interceptors-subtree-2.0.0-M15.jar:/Users/raliclo/.gradle/caches/modules-2/files-2.1/org.apache.directory.server/apacheds-interceptors-trigger/2.0.0-M15/1276f59867add17a5835d2130be2a888895ca3cc/apacheds-interceptors-trigger-2.0.0-M15.jar:/Users/raliclo/.gradle/caches/modules-2/files-2.1/org.apache.tomcat/tomcat-juli/8.5.11/fa0b261ce002175b65ebb6ae8eb4345cb7e57da3/tomcat-juli-8.5.11.jar:/Users/raliclo/.gradle/caches/modules-2/files-2.1/org.attoparser/attoparser/2.0.2.RELEASE/13d40c5bbc1fb7c021f54223f27c9feb1328cee3/attoparser-2.0.2.RELEASE.jar:/Users/raliclo/.gradle/caches/modules-2/files-2.1/org.unbescape/unbescape/1.1.4.RELEASE/1ef1371149efc31d72d35dc290cf16c1a4736a12/unbescape-1.1.4.RELEASE.jar:/Users/raliclo/.gradle/caches/modules-2/files-2.1/org.apache.kerby/kerby-asn1/1.0.0-RC2/f9c72709d34b5aa7ffc21b29887a48a16aef9a08/kerby-asn1-1.0.0-RC2.jar:/Users/raliclo/.gradle/caches/modules-2/files-2.1/org.apache.kerby/kerby-pkix/1.0.0-RC2/3213d43b9b88dbfc678b99f859853adbd5860f2e/kerby-pkix-1.0.0-RC2.jar:/Users/raliclo/.gradle/caches/modules-2/files-2.1/org.apache.kerby/kerb-common/1.0.0-RC2/c331b713e3f24986cbfea51c1537215e4001fcfd/kerb-common-1.0.0-RC2.jar:/Users/raliclo/.gradle/caches/modules-2/files-2.1/org.apache.kerby/kerb-crypto/1.0.0-RC2/67c1215417d37f8e4bc307979fc6849be7d5395/kerb-crypto-1.0.0-RC2.jar:/Users/raliclo/.gradle/caches/modules-2/files-2.1/org.apache.kerby/kerb-identity/1.0.0-RC2/d606d73af5c98cee7ba85325d423f8f634c53415/kerb-identity-1.0.0-RC2.jar:/Users/raliclo/.gradle/caches/modules-2/files-2.1/org.apache.parquet/parquet-generator/1.7.0/3fedca3e1825a8ad7d30d374ff102fdb0d439681/parquet-generator-1.7.0.jar:/Users/raliclo/.gradle/caches/modules-2/files-2.1/org.spire-math/spire-macros_2.11/0.7.4/35a96f7ddee39e99ca8051ac43a0f741eeb66803/spire-macros_2.11-0.7.4.jar:/Users/raliclo/.gradle/caches/modules-2/files-2.1/javax.transaction/jta/1.1/2ca09f0b36ca7d71b762e14ea2ff09d5eac57558/jta-1.1.jar:/Users/raliclo/.gradle/caches/modules-2/files-2.1/com.jcabi/jcabi-log/0.14/819a57348f2448f01d74f8a317dab61d6a90cac2/jcabi-log-0.14.jar:/Users/raliclo/.gradle/caches/modules-2/files-2.1/org.codehaus.groovy/groovy-console/2.4.9/72a712d81692444cc568c543182d8c2895fc8a80/groovy-console-2.4.9.jar:/Users/raliclo/.gradle/caches/modules-2/files-2.1/org.eclipse.leshan/leshan-core/1.0.0-M1/ab3e417bf0bcaf931b778171f44c54d5d0331bca/leshan-core-1.0.0-M1.jar:/Users/raliclo/.gradle/caches/modules-2/files-2.1/org.acplt/oncrpc/1.0.7/9b479265238bd2a3d647179d80994642598f2168/oncrpc-1.0.7.jar:/Users/raliclo/.gradle/caches/modules-2/files-2.1/com.amazonaws/aws-java-sdk-kms/1.11.7/e04bd69d0b0810421b831f520d3cf004aa4315a/aws-java-sdk-kms-1.11.7.jar:/Users/raliclo/.gradle/caches/modules-2/files-2.1/com.amazonaws/aws-java-sdk-core/1.11.7/c0473d797287a744ea764b094c3c43b17e72dba2/aws-java-sdk-core-1.11.7.jar:/Users/raliclo/.gradle/caches/modules-2/files-2.1/org.bytedeco.javacpp-presets/hdf5/1.10.0-patch1-1.3/ce1226e7bd51d3fd9d88865d1294aac61e119d09/hdf5-1.10.0-patch1-1.3.jar:/Users/raliclo/.gradle/caches/modules-2/files-2.1/org.bytedeco.javacpp-presets/hdf5/1.10.0-patch1-1.3/8e3c1edd8e91fd4fe6ad802e80102084a873f575/hdf5-1.10.0-patch1-1.3-linux-x86.jar:/Users/raliclo/.gradle/caches/modules-2/files-2.1/org.bytedeco.javacpp-presets/hdf5/1.10.0-patch1-1.3/9b745bd9e86f86468be56562c72a249a008c6631/hdf5-1.10.0-patch1-1.3-linux-x86_64.jar:/Users/raliclo/.gradle/caches/modules-2/files-2.1/org.bytedeco.javacpp-presets/hdf5/1.10.0-patch1-1.3/b17738459b3365df8d3431d43f47f20e8e416732/hdf5-1.10.0-patch1-1.3-linux-ppc64le.jar:/Users/raliclo/.gradle/caches/modules-2/files-2.1/org.bytedeco.javacpp-presets/hdf5/1.10.0-patch1-1.3/fe76440423817b0f60d6df3a18ebd4e0f0dcdd0b/hdf5-1.10.0-patch1-1.3-macosx-x86_64.jar:/Users/raliclo/.gradle/caches/modules-2/files-2.1/org.bytedeco.javacpp-presets/hdf5/1.10.0-patch1-1.3/76b579910f51cd628bed8f6cbb245670483b9eeb/hdf5-1.10.0-patch1-1.3-windows-x86.jar:/Users/raliclo/.gradle/caches/modules-2/files-2.1/org.bytedeco.javacpp-presets/hdf5/1.10.0-patch1-1.3/9b3d950b4f6681e36a03d12006784b54509b5195/hdf5-1.10.0-patch1-1.3-windows-x86_64.jar:/Users/raliclo/.gradle/caches/modules-2/files-2.1/com.twelvemonkeys.imageio/imageio-core/3.1.1/dbdf29da53ac89753d9abfc0f38802f6483821e/imageio-core-3.1.1.jar:/Users/raliclo/.gradle/caches/modules-2/files-2.1/com.twelvemonkeys.imageio/imageio-metadata/3.1.1/52b6b85601492e94fa8a08211c08179b1c888d91/imageio-metadata-3.1.1.jar:/Users/raliclo/.gradle/caches/modules-2/files-2.1/com.twelvemonkeys.common/common-lang/3.1.1/a9b5f8094211a8fbe5e9f469ebb266c1886d3666/common-lang-3.1.1.jar:/Users/raliclo/.gradle/caches/modules-2/files-2.1/com.twelvemonkeys.common/common-io/3.1.1/b6aec796ca2d20b145b6fa88bbe068724a258450/common-io-3.1.1.jar:/Users/raliclo/.gradle/caches/modules-2/files-2.1/com.twelvemonkeys.common/common-image/3.1.1/c86b3bc138b0caee17ce4193275636543cf28bfe/common-image-3.1.1.jar:/Users/raliclo/.gradle/caches/modules-2/files-2.1/org.bytedeco.javacpp-presets/opencv/3.1.0-1.2/5d70f33dfbf7737ff1091bd5bdd7ba0b398100a6/opencv-3.1.0-1.2-android-arm.jar:/Users/raliclo/.gradle/caches/modules-2/files-2.1/org.bytedeco.javacpp-presets/opencv/3.1.0-1.2/d8ed1f4f2da94521bb60f3a4a7bbbde18416c164/opencv-3.1.0-1.2-android-x86.jar:/Users/raliclo/.gradle/caches/modules-2/files-2.1/org.bytedeco.javacpp-presets/opencv/3.1.0-1.2/b438693b45c81aa1a55600263660015acb28c8d3/opencv-3.1.0-1.2-linux-x86.jar:/Users/raliclo/.gradle/caches/modules-2/files-2.1/org.bytedeco.javacpp-presets/opencv/3.1.0-1.2/c382d1cee1ef10b9c754aa6e67c2d3797090c60a/opencv-3.1.0-1.2-linux-x86_64.jar:/Users/raliclo/.gradle/caches/modules-2/files-2.1/org.bytedeco.javacpp-presets/opencv/3.1.0-1.2/75e2cad8304981fdaab74fdc5de3c00672fc4a57/opencv-3.1.0-1.2-linux-armhf.jar:/Users/raliclo/.gradle/caches/modules-2/files-2.1/org.bytedeco.javacpp-presets/opencv/3.1.0-1.2/593adf4c640ea7ed1b2410d7b1482803fa8c323/opencv-3.1.0-1.2-linux-ppc64le.jar:/Users/raliclo/.gradle/caches/modules-2/files-2.1/org.bytedeco.javacpp-presets/opencv/3.1.0-1.2/bb21db7eb2447b29bb661011f0a3c548849ed754/opencv-3.1.0-1.2-macosx-x86_64.jar:/Users/raliclo/.gradle/caches/modules-2/files-2.1/org.bytedeco.javacpp-presets/opencv/3.1.0-1.2/24f52235e8cd584f58c39af8e70da571e0df4e38/opencv-3.1.0-1.2-windows-x86.jar:/Users/raliclo/.gradle/caches/modules-2/files-2.1/org.bytedeco.javacpp-presets/opencv/3.1.0-1.2/5195da91a1701e67f9ca7e4d834d311c87adea13/opencv-3.1.0-1.2-windows-x86_64.jar:/Users/raliclo/.gradle/caches/modules-2/files-2.1/org.bytedeco.javacpp-presets/ffmpeg/3.2.1-1.3/2b506fefac100e50800bb1b5908d7588ab21fb45/ffmpeg-3.2.1-1.3.jar:/Users/raliclo/.gradle/caches/modules-2/files-2.1/org.bytedeco.javacpp-presets/flycapture/2.9.3.43-1.3/bb48ed01be621b6b38b91d45a96e68e7ad7bf25e/flycapture-2.9.3.43-1.3.jar:/Users/raliclo/.gradle/caches/modules-2/files-2.1/org.bytedeco.javacpp-presets/libdc1394/2.2.4-1.3/e702de628164ba633e77f3b4a4a16a0c402ce364/libdc1394-2.2.4-1.3.jar:/Users/raliclo/.gradle/caches/modules-2/files-2.1/org.bytedeco.javacpp-presets/libfreenect/0.5.3-1.3/ea7981fbc3eba3cf3d8c1b8492d1952b85d20068/libfreenect-0.5.3-1.3.jar:/Users/raliclo/.gradle/caches/modules-2/files-2.1/org.bytedeco.javacpp-presets/libfreenect2/0.2.0-1.3/afd5363d196de86fece4e138ced9d624e0eab5b2/libfreenect2-0.2.0-1.3.jar:/Users/raliclo/.gradle/caches/modules-2/files-2.1/org.bytedeco.javacpp-presets/librealsense/1.9.6-1.3/a38afba003c895652db9f29f7e014e451a73a0b4/librealsense-1.9.6-1.3.jar:/Users/raliclo/.gradle/caches/modules-2/files-2.1/org.bytedeco.javacpp-presets/videoinput/0.200-1.3/f30b2cba25b56af3a60a679775016537fda37c41/videoinput-0.200-1.3.jar:/Users/raliclo/.gradle/caches/modules-2/files-2.1/org.bytedeco.javacpp-presets/artoolkitplus/2.3.1-1.3/543bf47572afc2f02c30f125d77019b1306e82d1/artoolkitplus-2.3.1-1.3.jar:/Users/raliclo/.gradle/caches/modules-2/files-2.1/org.bytedeco.javacpp-presets/flandmark/1.07-1.3/e5cd132c846b296edc8eee43c596583adfd151de/flandmark-1.07-1.3.jar:/Users/raliclo/.gradle/caches/modules-2/files-2.1/org.bytedeco.javacpp-presets/leptonica/1.73-1.3/40c4ab433811c566104993f3a93fd70f809f33be/leptonica-1.73-1.3.jar:/Users/raliclo/.gradle/caches/modules-2/files-2.1/org.bytedeco.javacpp-presets/leptonica/1.73-1.3/b7b413f6450b7dd922af6dfdf5e54fb53b2c6ab6/leptonica-1.73-1.3-android-arm.jar:/Users/raliclo/.gradle/caches/modules-2/files-2.1/org.bytedeco.javacpp-presets/leptonica/1.73-1.3/f5aee63533a29870cc33153379e8023bc89328dc/leptonica-1.73-1.3-android-x86.jar:/Users/raliclo/.gradle/caches/modules-2/files-2.1/org.bytedeco.javacpp-presets/leptonica/1.73-1.3/91ec2406594c843b8d83a088ebef45ef5ad5c9a8/leptonica-1.73-1.3-linux-x86.jar:/Users/raliclo/.gradle/caches/modules-2/files-2.1/org.bytedeco.javacpp-presets/leptonica/1.73-1.3/68f9e1b9f18825a110477a734c38c47f7e70c55d/leptonica-1.73-1.3-linux-x86_64.jar:/Users/raliclo/.gradle/caches/modules-2/files-2.1/org.bytedeco.javacpp-presets/leptonica/1.73-1.3/d435e780eda858c19ed56cb632174ab599b19825/leptonica-1.73-1.3-linux-armhf.jar:/Users/raliclo/.gradle/caches/modules-2/files-2.1/org.bytedeco.javacpp-presets/leptonica/1.73-1.3/556c28976b41ddddbb6304f6fb86ac07d607e81e/leptonica-1.73-1.3-linux-ppc64le.jar:/Users/raliclo/.gradle/caches/modules-2/files-2.1/org.bytedeco.javacpp-presets/leptonica/1.73-1.3/a56eae1a46553c879269087e1787aec5a4675e1f/leptonica-1.73-1.3-macosx-x86_64.jar:/Users/raliclo/.gradle/caches/modules-2/files-2.1/org.bytedeco.javacpp-presets/leptonica/1.73-1.3/88bc73b49b31463ec525c13ec83c3f229b934c3c/leptonica-1.73-1.3-windows-x86.jar:/Users/raliclo/.gradle/caches/modules-2/files-2.1/org.bytedeco.javacpp-presets/leptonica/1.73-1.3/f298bbd00ae8d620507c0d4ecab5e49a7eb85e03/leptonica-1.73-1.3-windows-x86_64.jar:/Users/raliclo/.gradle/caches/modules-2/files-2.1/org.bytedeco.javacpp-presets/openblas/0.2.19-1.3/d82330716ef90c175cfe238a4b8b0509a6fa705c/openblas-0.2.19-1.3.jar:/Users/raliclo/.gradle/caches/modules-2/files-2.1/org.bytedeco.javacpp-presets/openblas/0.2.19-1.3/ef70f48568644a11e29c69981147cba2b3681c55/openblas-0.2.19-1.3-android-arm.jar:/Users/raliclo/.gradle/caches/modules-2/files-2.1/org.bytedeco.javacpp-presets/openblas/0.2.19-1.3/2189141b6c83cc8e5b342b04e8f49e22996f72f4/openblas-0.2.19-1.3-android-x86.jar:/Users/raliclo/.gradle/caches/modules-2/files-2.1/org.bytedeco.javacpp-presets/openblas/0.2.19-1.3/f4690d42b6fb6c2e51ef7c4412128bccaf58a30b/openblas-0.2.19-1.3-linux-x86.jar:/Users/raliclo/.gradle/caches/modules-2/files-2.1/org.bytedeco.javacpp-presets/openblas/0.2.19-1.3/9d1b1cceb7e113eb31b198bffcb336647191dda4/openblas-0.2.19-1.3-linux-x86_64.jar:/Users/raliclo/.gradle/caches/modules-2/files-2.1/org.bytedeco.javacpp-presets/openblas/0.2.19-1.3/dad2dde60800dfb1108f957f514a5f8de942f5d3/openblas-0.2.19-1.3-linux-armhf.jar:/Users/raliclo/.gradle/caches/modules-2/files-2.1/org.bytedeco.javacpp-presets/openblas/0.2.19-1.3/2e6e277acdbad4d037ed26ee40ac2f5db57196c9/openblas-0.2.19-1.3-linux-ppc64le.jar:/Users/raliclo/.gradle/caches/modules-2/files-2.1/org.bytedeco.javacpp-presets/openblas/0.2.19-1.3/8a405939a23f53f980d9a32678efff424c593d51/openblas-0.2.19-1.3-macosx-x86_64.jar:/Users/raliclo/.gradle/caches/modules-2/files-2.1/org.bytedeco.javacpp-presets/openblas/0.2.19-1.3/f10fed548970f6bc1f8f0692da30f6328da21b59/openblas-0.2.19-1.3-windows-x86.jar:/Users/raliclo/.gradle/caches/modules-2/files-2.1/org.bytedeco.javacpp-presets/openblas/0.2.19-1.3/5700913706162e7e306289bd06cd0508d49d6c85/openblas-0.2.19-1.3-windows-x86_64.jar:/Users/raliclo/.gradle/caches/modules-2/files-2.1/org.scalatest/scalatest_2.10/2.2.6/99aa75c306a61b6470af834cd91f64765e412bc2/scalatest_2.10-2.2.6.jar:/Users/raliclo/.gradle/caches/modules-2/files-2.1/net.java.jutils/jutils/1.0.0/e12fe1fda814bd348c1579329c86943d2cd3c6a6/jutils-1.0.0.jar:/Users/raliclo/.gradle/caches/modules-2/files-2.1/net.java.jinput/jinput-platform/2.0.5/7ff832a6eb9ab6a767f1ade2b548092d0fa64795/jinput-platform-2.0.5-natives-linux.jar:/Users/raliclo/.gradle/caches/modules-2/files-2.1/net.java.jinput/jinput-platform/2.0.5/385ee093e01f587f30ee1c8a2ee7d408fd732e16/jinput-platform-2.0.5-natives-windows.jar:/Users/raliclo/.gradle/caches/modules-2/files-2.1/net.java.jinput/jinput-platform/2.0.5/53f9c919f34d2ca9de8c51fc4e1e8282029a9232/jinput-platform-2.0.5-natives-osx.jar:/Users/raliclo/.gradle/caches/modules-2/files-2.1/org.jboss.arquillian.core/arquillian-core-api/1.1.12.Final/6e09905b4b5fc31e9b17135f734383207bcb7acf/arquillian-core-api-1.1.12.Final.jar:/Users/raliclo/.gradle/caches/modules-2/files-2.1/org.arquillian.extension/arquillian-recorder-api/1.1.5.Final/f8c3d25a65444a4a0f38eae39ffe3544d5124bb4/arquillian-recorder-api-1.1.5.Final.jar:/Users/raliclo/.gradle/caches/modules-2/files-2.1/org.arquillian.extension/arquillian-recorder-reporter-spi/1.1.5.Final/94cac80555f7c1d9d26f93e576272b8a4737fb84/arquillian-recorder-reporter-spi-1.1.5.Final.jar:/Users/raliclo/.gradle/caches/modules-2/files-2.1/org.eclipse.persistence/org.eclipse.persistence.moxy/2.5.1/2c4634eb0a35cce9ab4b76a9989a78bca501c7af/org.eclipse.persistence.moxy-2.5.1.jar:/Users/raliclo/.gradle/caches/modules-2/files-2.1/org.jboss.arquillian.test/arquillian-test-api/1.1.12.Final/57afddfbf71669ffa6c224736e4ec272ccda85dd/arquillian-test-api-1.1.12.Final.jar:/Users/raliclo/.gradle/caches/modules-2/files-2.1/org.jboss.shrinkwrap/shrinkwrap-api/1.2.1/9cfd86f88f7134c7f160ca2f7b02e410d0c3f518/shrinkwrap-api-1.2.1.jar:/Users/raliclo/.gradle/caches/modules-2/files-2.1/org.eclipse.aether/aether-api/0.9.0.M2/97662c999c6b2fbf2ee50e814a34639c1c1d22de/aether-api-0.9.0.M2.jar:/Users/raliclo/.gradle/caches/modules-2/files-2.1/org.eclipse.aether/aether-impl/0.9.0.M2/eab9a4baae8de96a24c04219236363d0ca73e8a9/aether-impl-0.9.0.M2.jar:/Users/raliclo/.gradle/caches/modules-2/files-2.1/org.eclipse.aether/aether-spi/0.9.0.M2/3647d00620a91360990c9680f29fbcc22d69c2ee/aether-spi-0.9.0.M2.jar:/Users/raliclo/.gradle/caches/modules-2/files-2.1/org.eclipse.aether/aether-util/0.9.0.M2/b957089deb654647da320ad7507b0a4b5ce23813/aether-util-0.9.0.M2.jar:/Users/raliclo/.gradle/caches/modules-2/files-2.1/org.eclipse.aether/aether-connector-wagon/0.9.0.M2/d026605975abe777baea95dc0dcbff1723c0829a/aether-connector-wagon-0.9.0.M2.jar:/Users/raliclo/.gradle/caches/modules-2/files-2.1/org.apache.maven/maven-aether-provider/3.1.1/7fd8a65d950d0e77dd39cc4ce2776ff9673ae470/maven-aether-provider-3.1.1.jar:/Users/raliclo/.gradle/caches/modules-2/files-2.1/org.apache.maven/maven-model/3.1.1/ccf79a1a63ef35de038a4226a952175c4e9f4f59/maven-model-3.1.1.jar:/Users/raliclo/.gradle/caches/modules-2/files-2.1/org.apache.maven/maven-model-builder/3.1.1/5fb53c92da84ebeff403414b667611d6bcd477cf/maven-model-builder-3.1.1.jar:/Users/raliclo/.gradle/caches/modules-2/files-2.1/org.apache.maven/maven-repository-metadata/3.1.1/ef5bccf2a7a22a326c8fe94e1d56f6f15419bedd/maven-repository-metadata-3.1.1.jar:/Users/raliclo/.gradle/caches/modules-2/files-2.1/org.apache.maven/maven-settings/3.1.1/311d38cf15ec7f5c713985862632db91b7a827af/maven-settings-3.1.1.jar:/Users/raliclo/.gradle/caches/modules-2/files-2.1/org.apache.maven/maven-settings-builder/3.1.1/e2d5e96ea4bbd4fc463dbb76d07dd8aefac05e3c/maven-settings-builder-3.1.1.jar:/Users/raliclo/.gradle/caches/modules-2/files-2.1/org.codehaus.plexus/plexus-interpolation/1.19/b260ca7a23bb0d209771db7aae35049899433fe3/plexus-interpolation-1.19.jar:/Users/raliclo/.gradle/caches/modules-2/files-2.1/org.codehaus.plexus/plexus-utils/3.0.15/519b3f1fc84d3387c61a8c8e6235daf89aea4168/plexus-utils-3.0.15.jar:/Users/raliclo/.gradle/caches/modules-2/files-2.1/org.sonatype.plexus/plexus-sec-dispatcher/1.3/dedc02034fb8fcd7615d66593228cb71709134b4/plexus-sec-dispatcher-1.3.jar:/Users/raliclo/.gradle/caches/modules-2/files-2.1/org.apache.maven.wagon/wagon-provider-api/2.6/62da5193bb8ccca0c0bcba0868d702e22f26b33a/wagon-provider-api-2.6.jar:/Users/raliclo/.gradle/caches/modules-2/files-2.1/org.apache.maven.wagon/wagon-file/2.6/b0d5a52db3b08e247dad16f76dbaa0fcb6e2874d/wagon-file-2.6.jar:/Users/raliclo/.gradle/caches/modules-2/files-2.1/org.apache.maven.wagon/wagon-http-lightweight/2.6/c83f3ee0c535f904669ff982876e6f5ad20b57e6/wagon-http-lightweight-2.6.jar:/Users/raliclo/.gradle/caches/modules-2/files-2.1/org.jboss.shrinkwrap/shrinkwrap-impl-base/1.2.1/faaa23800cec50cde5fc7a28a99c29138df6f69a/shrinkwrap-impl-base-1.2.1.jar:/Users/raliclo/.gradle/caches/modules-2/files-2.1/org.jboss.shrinkwrap.resolver/shrinkwrap-resolver-spi-maven-archive/2.1.0/edc5861bf08f524cec1aaeca83101958f4883570/shrinkwrap-resolver-spi-maven-archive-2.1.0.jar:/Users/raliclo/.gradle/caches/modules-2/files-2.1/org.eclipse.sisu/org.eclipse.sisu.plexus/0.0.0.M5/8818cc5a4d2afde2fbc87c2a78cf1ebf5719a869/org.eclipse.sisu.plexus-0.0.0.M5.jar:/Users/raliclo/.gradle/caches/modules-2/files-2.1/org.codehaus.plexus/plexus-compiler-javac/2.3/df849db7e81b9e2d207699c6557d775f5d7d049c/plexus-compiler-javac-2.3.jar:/Users/raliclo/.gradle/caches/modules-2/files-2.1/org.eclipse.jetty.websocket/websocket-api/9.4.2.v20170220/597db793fdb3103cb179130a478a481c49bcf94d/websocket-api-9.4.2.v20170220.jar:/Users/raliclo/.gradle/caches/modules-2/files-2.1/org.apache.directory.api/api-ldap-extras-trigger/1.0.0-M20/8b5aaaa3b18369060200511dc3fbb7d94f5c5bf4/api-ldap-extras-trigger-1.0.0-M20.jar:/Users/raliclo/.gradle/caches/modules-2/files-2.1/org.apache.kerby/kerby-util/1.0.0-RC2/cc5069ca67d9fe1df3d3ad8d38a50d1d2a1b459e/kerby-util-1.0.0-RC2.jar:/Users/raliclo/.gradle/caches/modules-2/files-2.1/org.codehaus.groovy/groovy-swing/2.4.9/e0ca38bc1c47f1dfcb5426d249681239335c8ce5/groovy-swing-2.4.9.jar:/Users/raliclo/.gradle/caches/modules-2/files-2.1/org.codehaus.groovy/groovy-templates/2.4.9/2197b7087a97e7066fe84c2949c86ff838d53fdc/groovy-templates-2.4.9.jar:/Users/raliclo/.gradle/caches/modules-2/files-2.1/org.jboss.arquillian.config/arquillian-config-api/1.1.11.Final/76166fce63c8555a7be27316b5b6a681404e4662/arquillian-config-api-1.1.11.Final.jar:/Users/raliclo/.gradle/caches/modules-2/files-2.1/org.arquillian.extension/arquillian-recorder-spi/1.1.5.Final/4af79429f871ce1fcf56e4044cb9ce3cc74f303/arquillian-recorder-spi-1.1.5.Final.jar:/Users/raliclo/.gradle/caches/modules-2/files-2.1/org.eclipse.persistence/org.eclipse.persistence.core/2.5.1/edd943f941862f5407a0fdc762262271721994a4/org.eclipse.persistence.core-2.5.1.jar:/Users/raliclo/.gradle/caches/modules-2/files-2.1/org.eclipse.persistence/org.eclipse.persistence.antlr/2.5.1/7c230146738b780aab36973197294b4d55aecd2e/org.eclipse.persistence.antlr-2.5.1.jar:/Users/raliclo/.gradle/caches/modules-2/files-2.1/org.codehaus.plexus/plexus-component-annotations/1.5.5/c72f2660d0cbed24246ddb55d7fdc4f7374d2078/plexus-component-annotations-1.5.5.jar:/Users/raliclo/.gradle/caches/modules-2/files-2.1/org.sonatype.plexus/plexus-cipher/1.4/50ade46f23bb38cd984b4ec560c46223432aac38/plexus-cipher-1.4.jar:/Users/raliclo/.gradle/caches/modules-2/files-2.1/org.apache.maven.wagon/wagon-http-shared/2.6/81e12a1d6cf896f1181b0d00c6e0b41be9767358/wagon-http-shared-2.6.jar:/Users/raliclo/.gradle/caches/modules-2/files-2.1/org.jboss.shrinkwrap/shrinkwrap-spi/1.2.1/fd0a88257480450ceba714e0e1258112db4916a6/shrinkwrap-spi-1.2.1.jar:/Users/raliclo/.gradle/caches/modules-2/files-2.1/javax.enterprise/cdi-api/1.0/44c453f60909dfc223552ace63e05c694215156b/cdi-api-1.0.jar:/Users/raliclo/.gradle/caches/modules-2/files-2.1/org.sonatype.sisu/sisu-guice/3.1.0/97c87d15d749c86b2be1b9809b28321a1d926c7f/sisu-guice-3.1.0-no_aop.jar:/Users/raliclo/.gradle/caches/modules-2/files-2.1/org.eclipse.sisu/org.eclipse.sisu.inject/0.0.0.M5/4f6bda3f528c60a12e70db2e7a3feee539dcc8cd/org.eclipse.sisu.inject-0.0.0.M5.jar:/Users/raliclo/.gradle/caches/modules-2/files-2.1/org.codehaus.plexus/plexus-compiler-api/2.3/a288dca07330a2faee3905498fe143c63994dd55/plexus-compiler-api-2.3.jar:/Users/raliclo/.gradle/caches/modules-2/files-2.1/org.codehaus.groovy/groovy-xml/2.4.9/ee037b5bef63725731b83d873a77dfe081528ade/groovy-xml-2.4.9.jar:/Users/raliclo/.gradle/caches/modules-2/files-2.1/org.jboss.shrinkwrap.descriptors/shrinkwrap-descriptors-api-base/2.0.0-alpha-8/7f446d32e508ee54201c93318c72eef2ffb87e24/shrinkwrap-descriptors-api-base-2.0.0-alpha-8.jar:/Users/raliclo/.gradle/caches/modules-2/files-2.1/org.eclipse.persistence/org.eclipse.persistence.asm/2.5.1/ead0368c7fc4be2af6920a4d0df813a7a490e96d/org.eclipse.persistence.asm-2.5.1.jar:/Users/raliclo/.gradle/caches/modules-2/files-2.1/javax.annotation/jsr250-api/1.0/5025422767732a1ab45d93abfea846513d742dcf/jsr250-api-1.0.jar:/Users/raliclo/.gradle/caches/modules-2/files-2.1/com.sun.jersey/jersey-core/1.19/9a0619e2c514a79b610f17cadaae619c0a08d6a6/jersey-core-1.19.jar:/Users/raliclo/.gradle/caches/modules-2/files-2.1/com.sun.jersey/jersey-json/1.19/12491ab748d2bee7be96629a749f361154e6705f/jersey-json-1.19.jar:/Users/raliclo/.gradle/caches/modules-2/files-2.1/com.sun.jersey/jersey-server/1.19/ee2ff839a65097eb12004edd909bcb4a97a2832c/jersey-server-1.19.jar:/Users/raliclo/.gradle/caches/modules-2/files-2.1/net.java.dev.jets3t/jets3t/0.9.0/792bc96ee7e57b89f472aa0cb5a31015b9f59c96/jets3t-0.9.0.jar:/Users/raliclo/.gradle/caches/modules-2/files-2.1/com.google.code.findbugs/jsr305/3.0.1/f7be08ec23c21485b9b5a1cf1654c2ec8c58168d/jsr305-3.0.1.jar:/Users/raliclo/.gradle/caches/modules-2/files-2.1/io.netty/netty/3.10.6.Final/18ed04a0e502896552854926e908509db2987a00/netty-3.10.6.Final.jar:/Users/raliclo/.gradle/caches/modules-2/files-2.1/jline/jline/2.12/ce9062c6a125e0f9ad766032573c041ae8ecc986/jline-2.12.jar:/Users/raliclo/.gradle/caches/modules-2/files-2.1/org.apache.commons/commons-math3/3.4.1/3ac44a8664228384bc68437264cf7c4cf112f579/commons-math3-3.4.1.jar:/Users/raliclo/.gradle/caches/modules-2/files-2.1/org.xerial.snappy/snappy-java/1.1.2.6/48d92871ca286a47f230feb375f0bbffa83b85f6/snappy-java-1.1.2.6.jar:/Users/raliclo/.gradle/caches/modules-2/files-2.1/commons-httpclient/commons-httpclient/3.1/964cd74171f427720480efdec40a7c7f6e58426a/commons-httpclient-3.1.jar:/Users/raliclo/.gradle/caches/modules-2/files-2.1/org.scalatest/scalatest_2.11/3.0.1/40a1842e7f0b915d87de1cb69f9c6962a65ee1fd/scalatest_2.11-3.0.1.jar:/Users/raliclo/.gradle/caches/modules-2/files-2.1/org.scalactic/scalactic_2.11/3.0.1/3c444d143879dc172fa555cea08fd0de6fa2f34f/scalactic_2.11-3.0.1.jar:/Users/raliclo/.gradle/caches/modules-2/files-2.1/com.google.protobuf/protobuf-java/2.6.1/d9521f2aecb909835746b7a5facf612af5e890e8/protobuf-java-2.6.1.jar:/Users/raliclo/.gradle/caches/modules-2/files-2.1/com.squareup.okio/okio/1.6.0/98476622f10715998eacf9240d6b479f12c66143/okio-1.6.0.jar:/Users/raliclo/.gradle/caches/modules-2/files-2.1/commons-cli/commons-cli/1.3.1/1303efbc4b181e5a58bf2e967dc156a3132b97c0/commons-cli-1.3.1.jar:/Users/raliclo/.gradle/caches/modules-2/files-2.1/org.apache.commons/commons-compress/1.8.1/a698750c16740fd5b3871425f4cb3bbaa87f529d/commons-compress-1.8.1.jar:/Users/raliclo/.gradle/caches/modules-2/files-2.1/org.codehaus.jettison/jettison/1.3.8/6ad07db4f344d965455c237907f65420ced10ae1/jettison-1.3.8.jar:/Users/raliclo/.gradle/caches/modules-2/files-2.1/org.scala-lang/scala-compiler/2.12.1/73ba7c52af8bcaae57eba191f74e2a9a946a1049/scala-compiler-2.12.1.jar:/Users/raliclo/.gradle/caches/modules-2/files-2.1/org.scala-lang/scala-library/2.12.1/dd235d04037dc6f4b6090257872dd35359a563ce/scala-library-2.12.1.jar:/Users/raliclo/.gradle/caches/modules-2/files-2.1/org.scala-lang/scala-reflect/2.12.1/f6ae9e1c0204a3e92893d9a2188b276278f2074e/scala-reflect-2.12.1.jar:/Users/raliclo/.gradle/caches/modules-2/files-2.1/com.101tec/zkclient/0.9/822482d08b9a0af9c43e8d1b6cb94e81ee3e361c/zkclient-0.9.jar:/Users/raliclo/.gradle/caches/modules-2/files-2.1/org.apache.spark/spark-catalyst_2.11/2.1.0/2909639984ae26ec9e77bbf45b7a4ccd601afebe/spark-catalyst_2.11-2.1.0.jar:/Users/raliclo/.gradle/caches/modules-2/files-2.1/org.codehaus.janino/janino/2.7.8/109852ba81725a1ca29cc9aa0688455bd7be4b0f/janino-2.7.8.jar:/Users/raliclo/.gradle/caches/modules-2/files-2.1/org.apache.spark/spark-network-common_2.11/2.1.0/e6637f380e64047c418373437254590cf7a1e0a9/spark-network-common_2.11-2.1.0.jar:/Users/raliclo/.gradle/caches/modules-2/files-2.1/org.apache.spark/spark-network-shuffle_2.11/2.1.0/41b9a8a2fbb1366cbff3f51e4aafe57014369024/spark-network-shuffle_2.11-2.1.0.jar:/Users/raliclo/.gradle/caches/modules-2/files-2.1/com.beust/jcommander/1.64/456a985ac9b12d34820e4d5de063b2c2fc43ed5a/jcommander-1.64.jar:/Users/raliclo/.gradle/caches/modules-2/files-2.1/org.objenesis/objenesis/2.4/2916b6c96b50c5b3ec4452ed99401db745aabb27/objenesis-2.4.jar:/Users/raliclo/.gradle/caches/modules-2/files-2.1/io.netty/netty-resolver/4.1.8.Final/2e116cdd5edc01b2305072b1dbbd17c0595dbfef/netty-resolver-4.1.8.Final.jar:/Users/raliclo/.gradle/caches/modules-2/files-2.1/xerces/xercesImpl/2.11.0/9bb329db1cfc4e22462c9d6b43a8432f5850e92c/xercesImpl-2.11.0.jar:/Users/raliclo/.gradle/caches/modules-2/files-2.1/org.apache.mina/mina-core/2.0.7/c878e2aa82de748474a624ec3933e4604e446dec/mina-core-2.0.7.jar:/Users/raliclo/.gradle/caches/modules-2/files-2.1/org.apache.commons/commons-math/2.2/4877b85d388275f994a5cfc7eceb73a8045d3006/commons-math-2.2.jar:/Users/raliclo/.gradle/caches/modules-2/files-2.1/net.minidev/accessors-smart/1.1/a527213f2fea112a04c9bdf0ec0264e34104cd08/accessors-smart-1.1.jar:/Users/raliclo/.gradle/caches/modules-2/files-2.1/org.apache.thrift/libthrift/0.9.3/8625e8f9b6f49b881fa5fd143172c2833df1ce47/libthrift-0.9.3.jar:/Users/raliclo/.gradle/caches/modules-2/files-2.1/tomcat/jasper-compiler/5.5.23/6d35bd7fb8c4fbc1f5401fb3678aa976d2e4c241/jasper-compiler-5.5.23.jar:/Users/raliclo/.gradle/caches/modules-2/files-2.1/javax.servlet/jsp-api/2.0/e6def06602b51b1d9be51f6c3fcdf163ecd01644/jsp-api-2.0.jar:/Users/raliclo/.gradle/caches/modules-2/files-2.1/javax.servlet/servlet-api/2.4/3fc542fe8bb8164e8d3e840fe7403bc0518053c0/servlet-api-2.4.jar:/Users/raliclo/.gradle/caches/modules-2/files-2.1/tomcat/jasper-runtime/5.5.23/96ca5528a93ab47b001476b74320c644beb89dde/jasper-runtime-5.5.23.jar:/Users/raliclo/.gradle/caches/modules-2/files-2.1/org.apache.avro/avro-ipc/1.7.7/b754e613b8fbd8c81fb6fb250e658f6c16efbffa/avro-ipc-1.7.7.jar:/Users/raliclo/.gradle/caches/modules-2/files-2.1/org.apache.avro/avro-ipc/1.7.7/1ef0eeefcd80710085a95172819c78cf2cb7f13d/avro-ipc-1.7.7-tests.jar:/Users/raliclo/.gradle/caches/modules-2/files-2.1/org.apache.velocity/velocity/1.7/2ceb567b8f3f21118ecdec129fe1271dbc09aa7a/velocity-1.7.jar:/Users/raliclo/.gradle/caches/modules-2/files-2.1/org.json4s/json4s-ast_2.11/3.5.0/73d58f722b658ba973f4057118e1b4a357506b1d/json4s-ast_2.11-3.5.0.jar:/Users/raliclo/.gradle/caches/modules-2/files-2.1/org.json4s/json4s-scalap_2.11/3.5.0/e7bc567e333535c416fdedee474670d0cb14827c/json4s-scalap_2.11-3.5.0.jar:/Users/raliclo/.gradle/caches/modules-2/files-2.1/org.glassfish.jersey.core/jersey-common/2.25.1/2438ce68d4907046095ab54aa83a6092951b4bbb/jersey-common-2.25.1.jar:/Users/raliclo/.gradle/caches/modules-2/files-2.1/org.glassfish.jersey.core/jersey-client/2.25.1/4d563b1f93352ee9fad597e9e1daf2c6159993c6/jersey-client-2.25.1.jar:/Users/raliclo/.gradle/caches/modules-2/files-2.1/org.glassfish.hk2/hk2-api/2.5.0-b32/6a576c9653832ce610b80a2f389374ef19d96171/hk2-api-2.5.0-b32.jar:/Users/raliclo/.gradle/caches/modules-2/files-2.1/org.glassfish.hk2/hk2-utils/2.5.0-b32/5108a926988c4ceda7f1e681dddfe3101454a002/hk2-utils-2.5.0-b32.jar:/Users/raliclo/.gradle/caches/modules-2/files-2.1/org.glassfish.hk2.external/aopalliance-repackaged/2.5.0-b32/6af37c3f8ec6f9e9653ec837eb508da28ce443cd/aopalliance-repackaged-2.5.0-b32.jar:/Users/raliclo/.gradle/caches/modules-2/files-2.1/org.glassfish.hk2.external/javax.inject/2.5.0-b32/b2fa50c8186a38728c35fe6a9da57ce4cc806923/javax.inject-2.5.0-b32.jar:/Users/raliclo/.gradle/caches/modules-2/files-2.1/org.glassfish.hk2/hk2-locator/2.5.0-b32/195474f8ad0a8d130e9ea949a771bcf1215fc33b/hk2-locator-2.5.0-b32.jar:/Users/raliclo/.gradle/caches/modules-2/files-2.1/net.sf.opencsv/opencsv/2.3/c23708cdb9e80a144db433e23344a788a1fd6599/opencsv-2.3.jar:/Users/raliclo/.gradle/caches/modules-2/files-2.1/commons-configuration/commons-configuration/1.10/2b36e4adfb66d966c5aef2d73deb6be716389dc9/commons-configuration-1.10.jar:/Users/raliclo/.gradle/caches/modules-2/files-2.1/org.bytedeco/javacpp/1.3.2/bdc84b145941d3da85afaefe69e03d0a9caf2797/javacpp-1.3.2.jar:/Users/raliclo/.gradle/caches/modules-2/files-2.1/org.ow2.asm/asm/6.0_ALPHA/ceaedaebaf6b74e9092959285fbc66cfbc03e43b/asm-6.0_ALPHA.jar:/Users/raliclo/.gradle/caches/modules-2/files-2.1/org.jruby/jruby-complete/1.7.4/74984d84846523bd7da49064679ed1ccf199e1db/jruby-complete-1.7.4.jar:/Users/raliclo/.gradle/caches/modules-2/files-2.1/com.thoughtworks.paranamer/paranamer/2.8/619eba74c19ccf1da8ebec97a2d7f8ba05773dd6/paranamer-2.8.jar:/Users/raliclo/.gradle/caches/modules-2/files-2.1/org.codehaus.jackson/jackson-jaxrs/1.9.2/aedf43f1d5005561e531b6bf0d067e4d20f58aba/jackson-jaxrs-1.9.2.jar:/Users/raliclo/.gradle/caches/modules-2/files-2.1/org.codehaus.jackson/jackson-xc/1.9.2/437c991a8eb2c8b69ef1dba2eba27fccb9b98448/jackson-xc-1.9.2.jar:/Users/raliclo/.gradle/caches/modules-2/files-2.1/org.codehaus.janino/commons-compiler/3.0.0/66b46772597a77c32f562e18c719c753b41ce6aa/commons-compiler-3.0.0.jar:/Users/raliclo/.gradle/caches/modules-2/files-2.1/org.scala-lang.modules/scala-xml_2.11/1.0.6/4ebd108453e6455351c0ec50d32509ae1154fdb1/scala-xml_2.11-1.0.6.jar:/Users/raliclo/.gradle/caches/modules-2/files-2.1/org.glassfish.jersey.bundles.repackaged/jersey-guava/2.25.1/a2bb4f8208e134cf2cf71dfb8824e42942f7bd06/jersey-guava-2.25.1.jar:/Users/raliclo/.gradle/caches/modules-2/files-2.1/org.junit.platform/junit-platform-launcher/1.0.0-M3/86525f5274dee56f533f938f9aeae9a3716f8c4/junit-platform-launcher-1.0.0-M3.jar:/Users/raliclo/.gradle/caches/modules-2/files-2.1/org.junit.platform/junit-platform-console/1.0.0-M3/fec4071130bcec4081b868a59fa6cad47f11733/junit-platform-console-1.0.0-M3.jar"/>
<property name="java.class.version" value="52.0"/>
<property name="java.endorsed.dirs" value="/Library/Java/JavaVirtualMachines/jdk1.8.0_121.jdk/Contents/Home/jre/lib/endorsed"/>
<property name="java.ext.dirs" value="/Users/raliclo/Library/Java/Extensions:/Library/Java/JavaVirtualMachines/jdk1.8.0_121.jdk/Contents/Home/jre/lib/ext:/Library/Java/Extensions:/Network/Library/Java/Extensions:/System/Library/Java/Extensions:/usr/lib/java"/>
<property name="java.home" value="/Library/Java/JavaVirtualMachines/jdk1.8.0_121.jdk/Contents/Home/jre"/>
<property name="java.io.tmpdir" value="/var/folders/d6/lnrxqp194zn2c1g3_02j1pdh0000gn/T/"/>
<property name="java.library.path" value="/Users/raliclo/Library/Java/Extensions:/Library/Java/Extensions:/Network/Library/Java/Extensions:/System/Library/Java/Extensions:/usr/lib/java:."/>
<property name="java.runtime.name" value="Java(TM) SE Runtime Environment"/>
<property name="java.runtime.version" value="1.8.0_121-b13"/>
<property name="java.specification.name" value="Java Platform API Specification"/>
<property name="java.specification.vendor" value="Oracle Corporation"/>
<property name="java.specification.version" value="1.8"/>
<property name="java.vendor" value="Oracle Corporation"/>
<property name="java.vendor.url" value="http://java.oracle.com/"/>
<property name="java.vendor.url.bug" value="http://bugreport.sun.com/bugreport/"/>
<property name="java.version" value="1.8.0_121"/>
<property name="java.vm.info" value="mixed mode"/>
<property name="java.vm.name" value="Java HotSpot(TM) 64-Bit Server VM"/>
<property name="java.vm.specification.name" value="Java Virtual Machine Specification"/>
<property name="java.vm.specification.vendor" value="Oracle Corporation"/>
<property name="java.vm.specification.version" value="1.8"/>
<property name="java.vm.vendor" value="Oracle Corporation"/>
<property name="java.vm.version" value="25.121-b13"/>
<property name="line.separator" value="&#xa;"/>
<property name="org.jboss.logging.provider" value="slf4j"/>
<property name="os.arch" value="x86_64"/>
<property name="os.name" value="Mac OS X"/>
<property name="os.version" value="10.12.3"/>
<property name="path.separator" value=":"/>
<property name="spring.beaninfo.ignore" value="true"/>
<property name="sun.arch.data.model" value="64"/>
<property name="sun.boot.class.path" value="/Library/Java/JavaVirtualMachines/jdk1.8.0_121.jdk/Contents/Home/jre/lib/resources.jar:/Library/Java/JavaVirtualMachines/jdk1.8.0_121.jdk/Contents/Home/jre/lib/rt.jar:/Library/Java/JavaVirtualMachines/jdk1.8.0_121.jdk/Contents/Home/jre/lib/sunrsasign.jar:/Library/Java/JavaVirtualMachines/jdk1.8.0_121.jdk/Contents/Home/jre/lib/jsse.jar:/Library/Java/JavaVirtualMachines/jdk1.8.0_121.jdk/Contents/Home/jre/lib/jce.jar:/Library/Java/JavaVirtualMachines/jdk1.8.0_121.jdk/Contents/Home/jre/lib/charsets.jar:/Library/Java/JavaVirtualMachines/jdk1.8.0_121.jdk/Contents/Home/jre/lib/jfr.jar:/Library/Java/JavaVirtualMachines/jdk1.8.0_121.jdk/Contents/Home/jre/classes"/>
<property name="sun.boot.library.path" value="/Library/Java/JavaVirtualMachines/jdk1.8.0_121.jdk/Contents/Home/jre/lib"/>
<property name="sun.cpu.endian" value="little"/>
<property name="sun.cpu.isalist" value=""/>
<property name="sun.io.unicode.encoding" value="UnicodeBig"/>
<property name="sun.java.command" value="org.junit.platform.console.ConsoleLauncher --hide-details --scan-class-path /Users/raliclo/work/bak2/HackerRanks/IDEAs/build/classes/main:/Users/raliclo/work/bak2/HackerRanks/IDEAs/build/resources/main:/Users/raliclo/work/bak2/HackerRanks/IDEAs/build/classes/test:/Users/raliclo/work/bak2/HackerRanks/IDEAs/build/resources/test -n ^.*Tests?$ --reports-dir /Users/raliclo/work/bak2/HackerRanks/IDEAs/build/test-results/junit-platform"/>
<property name="sun.java.launcher" value="SUN_STANDARD"/>
<property name="sun.jnu.encoding" value="UTF-8"/>
<property name="sun.management.compiler" value="HotSpot 64-Bit Tiered Compilers"/>
<property name="sun.os.patch.level" value="unknown"/>
<property name="user.country" value="US"/>
<property name="user.dir" value="/Users/raliclo/work/bak2/HackerRanks/IDEAs"/>
<property name="user.home" value="/Users/raliclo"/>
<property name="user.language" value="en"/>
<property name="user.name" value="raliclo"/>
<property name="user.timezone" value="America/Los_Angeles"/>
<property name="user.variant" value=""/>
</properties>
<testcase name="myFirstTest()" classname="Java8_Tests.ClassTest.Junit5_JupiterTest" time="0.016">
<system-out><![CDATA[
unique-id: [engine:junit-jupiter]/[class:Java8_Tests.ClassTest.Junit5_JupiterTest]/[method:myFirstTest()]
display-name: myFirstTest()
]]></system-out>
</testcase>
<testcase name="testRestByJunit()" classname="org.raliclo.WordCountWeb.RestAPI.SpringJunit5.Spring_WordCountSite_JunitTest" time="0.007">
<error message="Failed to load ApplicationContext" type="java.lang.IllegalStateException"><![CDATA[java.lang.IllegalStateException: Failed to load ApplicationContext
	at org.springframework.test.context.cache.DefaultCacheAwareContextLoaderDelegate.loadContext(DefaultCacheAwareContextLoaderDelegate.java:124)
	at org.springframework.test.context.support.DefaultTestContext.getApplicationContext(DefaultTestContext.java:102)
	at org.springframework.boot.test.autoconfigure.SpringBootDependencyInjectionTestExecutionListener.prepareTestInstance(SpringBootDependencyInjectionTestExecutionListener.java:47)
	at org.springframework.test.context.TestContextManager.prepareTestInstance(TestContextManager.java:243)
	at org.springframework.test.context.junit.jupiter.SpringExtension.postProcessTestInstance(SpringExtension.java:96)
	at org.junit.jupiter.engine.descriptor.ClassTestDescriptor.lambda$null$1(ClassTestDescriptor.java:196)
	at org.junit.jupiter.engine.descriptor.JupiterTestDescriptor.executeAndMaskThrowable(JupiterTestDescriptor.java:102)
	at org.junit.jupiter.engine.descriptor.ClassTestDescriptor.lambda$invokeTestInstancePostProcessors$2(ClassTestDescriptor.java:196)
	at java.util.stream.ReferencePipeline$3$1.accept(ReferencePipeline.java:193)
	at java.util.stream.ReferencePipeline$2$1.accept(ReferencePipeline.java:175)
	at java.util.ArrayList$ArrayListSpliterator.forEachRemaining(ArrayList.java:1374)
	at java.util.stream.AbstractPipeline.copyInto(AbstractPipeline.java:481)
	at java.util.stream.AbstractPipeline.wrapAndCopyInto(AbstractPipeline.java:471)
	at java.util.stream.StreamSpliterators$WrappingSpliterator.forEachRemaining(StreamSpliterators.java:312)
	at java.util.stream.Streams$ConcatSpliterator.forEachRemaining(Streams.java:743)
	at java.util.stream.ReferencePipeline$Head.forEach(ReferencePipeline.java:580)
	at org.junit.jupiter.engine.descriptor.ClassTestDescriptor.invokeTestInstancePostProcessors(ClassTestDescriptor.java:195)
	at org.junit.jupiter.engine.descriptor.ClassTestDescriptor.lambda$testInstanceProvider$0(ClassTestDescriptor.java:187)
	at org.junit.jupiter.engine.descriptor.MethodTestDescriptor.prepare(MethodTestDescriptor.java:120)
	at org.junit.jupiter.engine.descriptor.MethodTestDescriptor.prepare(MethodTestDescriptor.java:63)
	at org.junit.platform.engine.support.hierarchical.HierarchicalTestExecutor.execute(HierarchicalTestExecutor.java:59)
	at org.junit.platform.engine.support.hierarchical.HierarchicalTestExecutor.lambda$execute$0(HierarchicalTestExecutor.java:87)
	at org.junit.platform.engine.support.hierarchical.SingleTestExecutor.executeSafely(SingleTestExecutor.java:66)
	at org.junit.platform.engine.support.hierarchical.HierarchicalTestExecutor.execute(HierarchicalTestExecutor.java:76)
	at org.junit.platform.engine.support.hierarchical.HierarchicalTestExecutor.lambda$execute$0(HierarchicalTestExecutor.java:87)
	at org.junit.platform.engine.support.hierarchical.SingleTestExecutor.executeSafely(SingleTestExecutor.java:66)
	at org.junit.platform.engine.support.hierarchical.HierarchicalTestExecutor.execute(HierarchicalTestExecutor.java:76)
	at org.junit.platform.engine.support.hierarchical.HierarchicalTestExecutor.execute(HierarchicalTestExecutor.java:51)
	at org.junit.platform.engine.support.hierarchical.HierarchicalTestEngine.execute(HierarchicalTestEngine.java:43)
	at org.junit.platform.launcher.core.DefaultLauncher.execute(DefaultLauncher.java:129)
	at org.junit.platform.launcher.core.DefaultLauncher.execute(DefaultLauncher.java:85)
	at org.junit.platform.console.tasks.ExecuteTestsTask.executeTests(ExecuteTestsTask.java:62)
	at org.junit.platform.console.tasks.ExecuteTestsTask.lambda$execute$0(ExecuteTestsTask.java:54)
	at org.junit.platform.console.tasks.CustomContextClassLoaderExecutor.invoke(CustomContextClassLoaderExecutor.java:33)
	at org.junit.platform.console.tasks.ExecuteTestsTask.execute(ExecuteTestsTask.java:54)
	at org.junit.platform.console.tasks.ConsoleTaskExecutor.executeTask(ConsoleTaskExecutor.java:38)
	at org.junit.platform.console.ConsoleLauncher.execute(ConsoleLauncher.java:54)
	at org.junit.platform.console.ConsoleLauncher.main(ConsoleLauncher.java:39)
Caused by: org.springframework.context.ApplicationContextException: Unable to start web server; nested exception is org.springframework.beans.factory.BeanCreationException: Error creating bean with name 'undertowServletWebServerFactory' defined in class path resource [org/springframework/boot/autoconfigure/web/servlet/ServletWebServerFactoryAutoConfiguration$EmbeddedUndertow.class]: Bean instantiation via factory method failed; nested exception is org.springframework.beans.BeanInstantiationException: Failed to instantiate [org.springframework.boot.web.embedded.undertow.UndertowServletWebServerFactory]: Factory method 'undertowServletWebServerFactory' threw exception; nested exception is java.lang.NoClassDefFoundError: io/undertow/servlet/api/SessionPersistenceManager
	at org.springframework.boot.web.servlet.context.ServletWebServerApplicationContext.onRefresh(ServletWebServerApplicationContext.java:137)
	at org.springframework.context.support.AbstractApplicationContext.refresh(AbstractApplicationContext.java:535)
	at org.springframework.boot.web.servlet.context.ServletWebServerApplicationContext.refresh(ServletWebServerApplicationContext.java:122)
	at org.springframework.boot.SpringApplication.refresh(SpringApplication.java:809)
	at org.springframework.boot.SpringApplication.refreshContext(SpringApplication.java:404)
	at org.springframework.boot.SpringApplication.run(SpringApplication.java:347)
	at org.springframework.boot.test.context.SpringBootContextLoader.loadContext(SpringBootContextLoader.java:128)
	at org.springframework.test.context.cache.DefaultCacheAwareContextLoaderDelegate.loadContextInternal(DefaultCacheAwareContextLoaderDelegate.java:98)
	at org.springframework.test.context.cache.DefaultCacheAwareContextLoaderDelegate.loadContext(DefaultCacheAwareContextLoaderDelegate.java:116)
	... 37 more
Caused by: org.springframework.beans.factory.BeanCreationException: Error creating bean with name 'undertowServletWebServerFactory' defined in class path resource [org/springframework/boot/autoconfigure/web/servlet/ServletWebServerFactoryAutoConfiguration$EmbeddedUndertow.class]: Bean instantiation via factory method failed; nested exception is org.springframework.beans.BeanInstantiationException: Failed to instantiate [org.springframework.boot.web.embedded.undertow.UndertowServletWebServerFactory]: Factory method 'undertowServletWebServerFactory' threw exception; nested exception is java.lang.NoClassDefFoundError: io/undertow/servlet/api/SessionPersistenceManager
	at org.springframework.beans.factory.support.ConstructorResolver.instantiateUsingFactoryMethod(ConstructorResolver.java:598)
	at org.springframework.beans.factory.support.AbstractAutowireCapableBeanFactory.instantiateUsingFactoryMethod(AbstractAutowireCapableBeanFactory.java:1193)
	at org.springframework.beans.factory.support.AbstractAutowireCapableBeanFactory.createBeanInstance(AbstractAutowireCapableBeanFactory.java:1087)
	at org.springframework.beans.factory.support.AbstractAutowireCapableBeanFactory.doCreateBean(AbstractAutowireCapableBeanFactory.java:527)
	at org.springframework.beans.factory.support.AbstractAutowireCapableBeanFactory.createBean(AbstractAutowireCapableBeanFactory.java:484)
	at org.springframework.beans.factory.support.AbstractBeanFactory$1.getObject(AbstractBeanFactory.java:302)
	at org.springframework.beans.factory.support.DefaultSingletonBeanRegistry.getSingleton(DefaultSingletonBeanRegistry.java:230)
	at org.springframework.beans.factory.support.AbstractBeanFactory.doGetBean(AbstractBeanFactory.java:298)
	at org.springframework.beans.factory.support.AbstractBeanFactory.getBean(AbstractBeanFactory.java:198)
	at org.springframework.boot.web.servlet.context.ServletWebServerApplicationContext.getWebServerFactory(ServletWebServerApplicationContext.java:196)
	at org.springframework.boot.web.servlet.context.ServletWebServerApplicationContext.createWebServer(ServletWebServerApplicationContext.java:160)
	at org.springframework.boot.web.servlet.context.ServletWebServerApplicationContext.onRefresh(ServletWebServerApplicationContext.java:134)
	... 45 more
Caused by: org.springframework.beans.BeanInstantiationException: Failed to instantiate [org.springframework.boot.web.embedded.undertow.UndertowServletWebServerFactory]: Factory method 'undertowServletWebServerFactory' threw exception; nested exception is java.lang.NoClassDefFoundError: io/undertow/servlet/api/SessionPersistenceManager
	at org.springframework.beans.factory.support.SimpleInstantiationStrategy.instantiate(SimpleInstantiationStrategy.java:189)
	at org.springframework.beans.factory.support.ConstructorResolver.instantiateUsingFactoryMethod(ConstructorResolver.java:587)
	... 56 more
Caused by: java.lang.NoClassDefFoundError: io/undertow/servlet/api/SessionPersistenceManager
	at org.springframework.boot.autoconfigure.web.servlet.ServletWebServerFactoryAutoConfiguration$EmbeddedUndertow.undertowServletWebServerFactory(ServletWebServerFactoryAutoConfiguration.java:122)
	at org.springframework.boot.autoconfigure.web.servlet.ServletWebServerFactoryAutoConfiguration$EmbeddedUndertow$$EnhancerBySpringCGLIB$$5c6ad780.CGLIB$undertowServletWebServerFactory$0(<generated>)
	at org.springframework.boot.autoconfigure.web.servlet.ServletWebServerFactoryAutoConfiguration$EmbeddedUndertow$$EnhancerBySpringCGLIB$$5c6ad780$$FastClassBySpringCGLIB$$64654909.invoke(<generated>)
	at org.springframework.cglib.proxy.MethodProxy.invokeSuper(MethodProxy.java:228)
	at org.springframework.context.annotation.ConfigurationClassEnhancer$BeanMethodInterceptor.intercept(ConfigurationClassEnhancer.java:358)
	at org.springframework.boot.autoconfigure.web.servlet.ServletWebServerFactoryAutoConfiguration$EmbeddedUndertow$$EnhancerBySpringCGLIB$$5c6ad780.undertowServletWebServerFactory(<generated>)
	at sun.reflect.NativeMethodAccessorImpl.invoke0(Native Method)
	at sun.reflect.NativeMethodAccessorImpl.invoke(NativeMethodAccessorImpl.java:62)
	at sun.reflect.DelegatingMethodAccessorImpl.invoke(DelegatingMethodAccessorImpl.java:43)
	at java.lang.reflect.Method.invoke(Method.java:498)
	at org.springframework.beans.factory.support.SimpleInstantiationStrategy.instantiate(SimpleInstantiationStrategy.java:162)
	... 57 more
Caused by: java.lang.ClassNotFoundException: io.undertow.servlet.api.SessionPersistenceManager
	at java.net.URLClassLoader.findClass(URLClassLoader.java:381)
	at java.lang.ClassLoader.loadClass(ClassLoader.java:424)
	at sun.misc.Launcher$AppClassLoader.loadClass(Launcher.java:331)
	at java.lang.ClassLoader.loadClass(ClassLoader.java:357)
	... 68 more
]]></error>
<system-out><![CDATA[
unique-id: [engine:junit-jupiter]/[class:org.raliclo.WordCountWeb.RestAPI.SpringJunit5.Spring_WordCountSite_JunitTest]/[method:testRestByJunit()]
display-name: testRestByJunit()
]]></system-out>
</testcase>
<system-out><![CDATA[
unique-id: [engine:junit-jupiter]
display-name: JUnit Jupiter
]]></system-out>
</testsuite>
